2020-08-17T00:11:07.705104654Z  running: (['/opt/scylladb/scripts/scylla_dev_mode_setup', '--developer-mode', '1'],)
2020-08-17T00:11:08.186603622Z  running: (['/opt/scylladb/scripts/scylla_io_setup'],)
2020-08-17T00:11:08.591955297Z  2020-08-17 00:11:08,591 CRIT Supervisor is running as root.  Privileges were not dropped because no user is specified in the config file.  If you intend to run as root, you can set user=root in the config file to avoid this message.
2020-08-17T00:11:08.592054134Z  2020-08-17 00:11:08,591 INFO Included extra file "/etc/supervisord.conf.d/node-exporter.conf" during parsing
2020-08-17T00:11:08.592324489Z  2020-08-17 00:11:08,592 INFO Included extra file "/etc/supervisord.conf.d/rsyslog.conf" during parsing
2020-08-17T00:11:08.592455643Z  2020-08-17 00:11:08,592 INFO Included extra file "/etc/supervisord.conf.d/scylla-housekeeping.conf" during parsing
2020-08-17T00:11:08.592734250Z  2020-08-17 00:11:08,592 INFO Included extra file "/etc/supervisord.conf.d/scylla-jmx.conf" during parsing
2020-08-17T00:11:08.592823626Z  2020-08-17 00:11:08,592 INFO Included extra file "/etc/supervisord.conf.d/scylla-server.conf" during parsing
2020-08-17T00:11:08.593102582Z  2020-08-17 00:11:08,592 INFO Included extra file "/etc/supervisord.conf.d/sshd-server.conf" during parsing
2020-08-17T00:11:08.627810855Z  2020-08-17 00:11:08,627 INFO RPC interface 'supervisor' initialized
2020-08-17T00:11:08.628041438Z  2020-08-17 00:11:08,627 CRIT Server 'inet_http_server' running without any HTTP authentication checking
2020-08-17T00:11:08.628568721Z  2020-08-17 00:11:08,628 INFO supervisord started with pid 26
2020-08-17T00:11:09.645459954Z  2020-08-17 00:11:09,632 INFO spawned: 'scylla' with pid 29
2020-08-17T00:11:09.645488989Z  2020-08-17 00:11:09,638 INFO spawned: 'scylla-housekeeping' with pid 30
2020-08-17T00:11:09.648087716Z  2020-08-17 00:11:09,647 INFO spawned: 'sshd' with pid 31
2020-08-17T00:11:09.651766342Z  2020-08-17 00:11:09,650 INFO spawned: 'scylla-jmx' with pid 32
2020-08-17T00:11:09.655933038Z  2020-08-17 00:11:09,655 INFO spawned: 'rsyslog' with pid 33
2020-08-17T00:11:09.664673242Z  2020-08-17 00:11:09,664 INFO spawned: 'node-exporter' with pid 35
2020-08-17T00:11:09.697500107Z  time="2020-08-17T00:11:09Z" level=info msg="Starting node_exporter (version=0.17.0, branch=HEAD, revision=f6f6194a436b9a63d0439abc585c76b19a206b21)" source="node_exporter.go:82"
2020-08-17T00:11:09.697538028Z  time="2020-08-17T00:11:09Z" level=info msg="Build context (go=go1.11.2, user=root@322511e06ced, date=20181130-15:51:33)" source="node_exporter.go:83"
2020-08-17T00:11:09.698347207Z  time="2020-08-17T00:11:09Z" level=info msg="Enabled collectors:" source="node_exporter.go:90"
2020-08-17T00:11:09.698761670Z  time="2020-08-17T00:11:09Z" level=info msg=" - arp" source="node_exporter.go:97"
2020-08-17T00:11:09.698803199Z  time="2020-08-17T00:11:09Z" level=info msg=" - bcache" source="node_exporter.go:97"
2020-08-17T00:11:09.698816296Z  time="2020-08-17T00:11:09Z" level=info msg=" - bonding" source="node_exporter.go:97"
2020-08-17T00:11:09.698826433Z  time="2020-08-17T00:11:09Z" level=info msg=" - conntrack" source="node_exporter.go:97"
2020-08-17T00:11:09.698854055Z  time="2020-08-17T00:11:09Z" level=info msg=" - cpu" source="node_exporter.go:97"
2020-08-17T00:11:09.698865326Z  time="2020-08-17T00:11:09Z" level=info msg=" - diskstats" source="node_exporter.go:97"
2020-08-17T00:11:09.698875152Z  time="2020-08-17T00:11:09Z" level=info msg=" - edac" source="node_exporter.go:97"
2020-08-17T00:11:09.698884868Z  time="2020-08-17T00:11:09Z" level=info msg=" - entropy" source="node_exporter.go:97"
2020-08-17T00:11:09.698894518Z  time="2020-08-17T00:11:09Z" level=info msg=" - filefd" source="node_exporter.go:97"
2020-08-17T00:11:09.698904243Z  time="2020-08-17T00:11:09Z" level=info msg=" - filesystem" source="node_exporter.go:97"
2020-08-17T00:11:09.698913902Z  time="2020-08-17T00:11:09Z" level=info msg=" - hwmon" source="node_exporter.go:97"
2020-08-17T00:11:09.698923573Z  time="2020-08-17T00:11:09Z" level=info msg=" - infiniband" source="node_exporter.go:97"
2020-08-17T00:11:09.699326109Z  time="2020-08-17T00:11:09Z" level=info msg=" - interrupts" source="node_exporter.go:97"
2020-08-17T00:11:09.699368342Z  time="2020-08-17T00:11:09Z" level=info msg=" - ipvs" source="node_exporter.go:97"
2020-08-17T00:11:09.699382600Z  time="2020-08-17T00:11:09Z" level=info msg=" - loadavg" source="node_exporter.go:97"
2020-08-17T00:11:09.699393359Z  time="2020-08-17T00:11:09Z" level=info msg=" - mdadm" source="node_exporter.go:97"
2020-08-17T00:11:09.699403799Z  time="2020-08-17T00:11:09Z" level=info msg=" - meminfo" source="node_exporter.go:97"
2020-08-17T00:11:09.699414019Z  time="2020-08-17T00:11:09Z" level=info msg=" - netclass" source="node_exporter.go:97"
2020-08-17T00:11:09.699424075Z  time="2020-08-17T00:11:09Z" level=info msg=" - netdev" source="node_exporter.go:97"
2020-08-17T00:11:09.699434258Z  time="2020-08-17T00:11:09Z" level=info msg=" - netstat" source="node_exporter.go:97"
2020-08-17T00:11:09.699444290Z  time="2020-08-17T00:11:09Z" level=info msg=" - nfs" source="node_exporter.go:97"
2020-08-17T00:11:09.699454451Z  time="2020-08-17T00:11:09Z" level=info msg=" - nfsd" source="node_exporter.go:97"
2020-08-17T00:11:09.699464581Z  time="2020-08-17T00:11:09Z" level=info msg=" - sockstat" source="node_exporter.go:97"
2020-08-17T00:11:09.699474793Z  time="2020-08-17T00:11:09Z" level=info msg=" - stat" source="node_exporter.go:97"
2020-08-17T00:11:09.699484944Z  time="2020-08-17T00:11:09Z" level=info msg=" - textfile" source="node_exporter.go:97"
2020-08-17T00:11:09.699495167Z  time="2020-08-17T00:11:09Z" level=info msg=" - time" source="node_exporter.go:97"
2020-08-17T00:11:09.699505260Z  time="2020-08-17T00:11:09Z" level=info msg=" - timex" source="node_exporter.go:97"
2020-08-17T00:11:09.699855065Z  time="2020-08-17T00:11:09Z" level=info msg=" - uname" source="node_exporter.go:97"
2020-08-17T00:11:09.699872355Z  time="2020-08-17T00:11:09Z" level=info msg=" - vmstat" source="node_exporter.go:97"
2020-08-17T00:11:09.699914740Z  time="2020-08-17T00:11:09Z" level=info msg=" - xfs" source="node_exporter.go:97"
2020-08-17T00:11:09.699926910Z  time="2020-08-17T00:11:09Z" level=info msg=" - zfs" source="node_exporter.go:97"
2020-08-17T00:11:09.699936808Z  time="2020-08-17T00:11:09Z" level=info msg="Listening on :9100" source="node_exporter.go:111"
2020-08-17T00:11:09.703711871Z  Generating public/private ed25519 key pair.
2020-08-17T00:11:09.703756389Z  Your identification has been saved in /etc/ssh/ssh_host_ed25519_key.
2020-08-17T00:11:09.703769041Z  Your public key has been saved in /etc/ssh/ssh_host_ed25519_key.pub.
2020-08-17T00:11:09.703778749Z  The key fingerprint is:
2020-08-17T00:11:09.703788165Z  SHA256:gy+re/iD21R7fLalyav6MQ50eeYguTZTCWQdO8HYHRY root@6e832f33c5cb
2020-08-17T00:11:09.703797991Z  The key's randomart image is:
2020-08-17T00:11:09.703807306Z  +--[ED25519 256]--+
2020-08-17T00:11:09.703816702Z  |        o=ooEo   |
2020-08-17T00:11:09.703826142Z  |       o. ++.    |
2020-08-17T00:11:09.703835726Z  |        . o      |
2020-08-17T00:11:09.703845267Z  |       . o +     |
2020-08-17T00:11:09.703854741Z  |      . S * o    |
2020-08-17T00:11:09.703864129Z  |       + O =     |
2020-08-17T00:11:09.703873666Z  |     oo O = + .  |
2020-08-17T00:11:09.703882859Z  |    ooo+ * * =   |
2020-08-17T00:11:09.703891849Z  |    +*+..o+.*.   |
2020-08-17T00:11:09.703900966Z  +----[SHA256]-----+
2020-08-17T00:11:10.100339429Z  Scylla version 4.1.4-0.20200809.76f4bc4c6f0 with build-id e679737b8b1822cd4bcfdceb8cf5482a98689efd starting ...
2020-08-17T00:11:10.100375926Z  command used: "/usr/bin/scylla --log-to-syslog 0 --log-to-stdout 1 --default-log-level info --network-stack posix --developer-mode=1 --overprovisioned --listen-address 10.0.22.199 --rpc-address 10.0.22.199 --seed-provider-parameters seeds=10.0.22.199 --blocked-reactor-notify-ms 999999999"
2020-08-17T00:11:10.100388296Z  parsed command line options: [log-to-syslog: 0, log-to-stdout: 1, default-log-level: info, network-stack: posix, developer-mode: 1, overprovisioned, listen-address: 10.0.22.199, rpc-address: 10.0.22.199, seed-provider-parameters: seeds=10.0.22.199, blocked-reactor-notify-ms: 999999999]
2020-08-17T00:11:10.145087146Z  WARN  2020-08-17 00:11:10,144 [shard 0] seastar - Unable to set SCHED_FIFO scheduling policy for timer thread; latency impact possible. Try adding CAP_SYS_NICE
2020-08-17T00:11:10.166369113Z  INFO  2020-08-17 00:11:10,165 [shard 0] init - installing SIGHUP handler
2020-08-17T00:11:10.170870263Z  INFO  2020-08-17 00:11:10,170 [shard 0] init - Scylla version 4.1.4-0.20200809.76f4bc4c6f0 with build-id e679737b8b1822cd4bcfdceb8cf5482a98689efd starting ...
2020-08-17T00:11:10.170921494Z  
2020-08-17T00:11:10.173584414Z  INFO  2020-08-17 00:11:10,173 [shard 0] init - starting prometheus API server
2020-08-17T00:11:10.175221917Z  INFO  2020-08-17 00:11:10,174 [shard 0] init - starting tokens manager
2020-08-17T00:11:10.176546071Z  INFO  2020-08-17 00:11:10,175 [shard 0] init - starting migration manager notifier
2020-08-17T00:11:10.177079040Z  INFO  2020-08-17 00:11:10,176 [shard 0] init - creating tracing
2020-08-17T00:11:10.178068623Z  INFO  2020-08-17 00:11:10,177 [shard 0] init - creating snitch
2020-08-17T00:11:10.180674777Z  INFO  2020-08-17 00:11:10,180 [shard 0] init - determining DNS name
2020-08-17T00:11:10.181172376Z  INFO  2020-08-17 00:11:10,180 [shard 0] init - starting API server
2020-08-17T00:11:10.182779914Z  INFO  2020-08-17 00:11:10,182 [shard 0] init - Scylla API server listening on 127.0.0.1:10000 ...
2020-08-17T00:11:10.183937558Z  INFO  2020-08-17 00:11:10,183 [shard 0] init - initializing storage service
2020-08-17T00:11:10.184782432Z  INFO  2020-08-17 00:11:10,184 [shard 0] init - starting per-shard database core
2020-08-17T00:11:10.189528759Z  WARN  2020-08-17 00:11:10,189 [shard 0] init - I/O Scheduler is not properly configured! This is a non-supported setup, and performance is expected to be unpredictably bad.
2020-08-17T00:11:10.189595746Z   Reason found: none of --max-io-requests, --io-properties and --io-properties-file are set.
2020-08-17T00:11:10.189610135Z  To properly configure the I/O Scheduler, run the scylla_io_setup utility shipped with Scylla.
2020-08-17T00:11:10.189620812Z  
2020-08-17T00:11:10.190212676Z  INFO  2020-08-17 00:11:10,189 [shard 0] init - creating and verifying directories
2020-08-17T00:11:10.787395630Z  Connecting to http://localhost:10000
2020-08-17T00:11:10.787786304Z  Starting the JMX server2020-08-17 00:11:10,787 INFO success: scylla entered RUNNING state, process has stayed up for > than 1 seconds (startsecs)
2020-08-17T00:11:10.788099216Z  2020-08-17 00:11:10,787 INFO success: scylla-housekeeping entered RUNNING state, process has stayed up for > than 1 seconds (startsecs)
2020-08-17T00:11:10.788384472Z  2020-08-17 00:11:10,788 INFO success: sshd entered RUNNING state, process has stayed up for > than 1 seconds (startsecs)
2020-08-17T00:11:10.788661029Z  2020-08-17 00:11:10,788 INFO success: scylla-jmx entered RUNNING state, process has stayed up for > than 1 seconds (startsecs)
2020-08-17T00:11:10.788924221Z  2020-08-17 00:11:10,788 INFO success: rsyslog entered RUNNING state, process has stayed up for > than 1 seconds (startsecs)
2020-08-17T00:11:10.789185306Z  2020-08-17 00:11:10,789 INFO success: node-exporter entered RUNNING state, process has stayed up for > than 1 seconds (startsecs)
2020-08-17T00:11:10.789591828Z  
2020-08-17T00:11:10.972129970Z  INFO  2020-08-17 00:11:10,971 [shard 0] database - Populating Keyspace system_schema
2020-08-17T00:11:10.972172521Z  INFO  2020-08-17 00:11:10,971 [shard 0] database - Keyspace system_schema: Reading CF computed_columns id=cc7c7069-3740-33c1-92a4-c3de78dbd2c4 version=2b8c4439-de76-31e0-807f-3b7290a975d7
2020-08-17T00:11:10.972185907Z  INFO  2020-08-17 00:11:10,971 [shard 0] database - Keyspace system_schema: Reading CF view_virtual_columns id=08843b63-45dc-3be2-9798-a0418295cfaa version=c777531c-15f7-326f-8ebe-39fd0265c8c9
2020-08-17T00:11:10.972198037Z  INFO  2020-08-17 00:11:10,971 [shard 0] database - Keyspace system_schema: Reading CF dropped_columns id=5e7583b5-f3f4-3af1-9a39-b7e1d6f5f11f version=7426bc6c-4c2f-3200-8ad8-4329610ed59a
2020-08-17T00:11:10.972638984Z  INFO  2020-08-17 00:11:10,971 [shard 0] database - Keyspace system_schema: Reading CF indexes id=0feb57ac-311f-382f-ba6d-9024d305702f version=99c40462-8687-304e-abe3-2bdbef1f25aa
2020-08-17T00:11:10.972666160Z  INFO  2020-08-17 00:11:10,971 [shard 0] database - Keyspace system_schema: Reading CF functions id=96489b79-80be-3e14-a701-66a0b9159450 version=329ed804-55b3-3eee-ad61-d85317b96097
2020-08-17T00:11:10.972679503Z  INFO  2020-08-17 00:11:10,971 [shard 0] database - Keyspace system_schema: Reading CF columns id=24101c25-a2ae-3af7-87c1-b40ee1aca33f version=d33236d4-9bdd-3c09-abf0-a0bc5edc2526
2020-08-17T00:11:10.972691405Z  INFO  2020-08-17 00:11:10,971 [shard 0] database - Keyspace system_schema: Reading CF scylla_tables id=5d912ff1-f759-3665-b2c8-8042ab5103dd version=38e5e56b-155d-39b5-a0d2-8e5dcad42a26
2020-08-17T00:11:10.972702957Z  INFO  2020-08-17 00:11:10,971 [shard 0] database - Keyspace system_schema: Reading CF tables id=afddfb9d-bc1e-3068-8056-eed6c302ba09 version=b6240810-eeb7-36d5-9411-43b2d68dddab
2020-08-17T00:11:10.972714294Z  INFO  2020-08-17 00:11:10,971 [shard 0] database - Keyspace system_schema: Reading CF keyspaces id=abac5682-dea6-31c5-b535-b3d6cffd0fb6 version=e79ca8ba-6556-3f7d-925a-7f20cf57938c
2020-08-17T00:11:10.972725541Z  INFO  2020-08-17 00:11:10,971 [shard 0] database - Keyspace system_schema: Reading CF triggers id=4df70b66-6b05-3251-95a1-32b54005fd48 version=582d7071-1ef0-37c8-adc6-471a13636139
2020-08-17T00:11:10.972751984Z  INFO  2020-08-17 00:11:10,971 [shard 0] database - Keyspace system_schema: Reading CF views id=9786ac1c-dd58-3201-a7cd-ad556410c985 version=5b58bb47-96e7-3f57-accf-0bfca4dbbc6e
2020-08-17T00:11:10.972764604Z  INFO  2020-08-17 00:11:10,972 [shard 0] database - Keyspace system_schema: Reading CF types id=5a8b1ca8-6602-3f77-a045-9273d308917a version=de51b2ce-5e4d-3b7d-a75f-2204332ce8d1
2020-08-17T00:11:10.972775721Z  INFO  2020-08-17 00:11:10,972 [shard 0] database - Keyspace system_schema: Reading CF aggregates id=924c5587-2e3a-345b-b10c-12f37c1ba895 version=4b53e92c-0368-3d5c-b959-2ec1bfd1a59f
2020-08-17T00:11:11.738473959Z  JMX is enabled to receive remote connections on port: 7199
2020-08-17T00:11:12.987141411Z  Generating public/private rsa key pair.
2020-08-17T00:11:12.987183378Z  Your identification has been saved in /etc/ssh/ssh_host_rsa_key.
2020-08-17T00:11:12.987195325Z  Your public key has been saved in /etc/ssh/ssh_host_rsa_key.pub.
2020-08-17T00:11:12.987205426Z  The key fingerprint is:
2020-08-17T00:11:12.987214941Z  SHA256:in0KjC2xuTKeohnD8cBqCRG0PK78JIsB7oOc8lAGNVs root@6e832f33c5cb
2020-08-17T00:11:12.987224525Z  The key's randomart image is:
2020-08-17T00:11:12.987233962Z  +---[RSA 4096]----+
2020-08-17T00:11:12.987243383Z  |o.o E            |
2020-08-17T00:11:12.987252636Z  |.o.+             |
2020-08-17T00:11:12.987261840Z  |o+.              |
2020-08-17T00:11:12.987271202Z  |oo.              |
2020-08-17T00:11:12.987280450Z  |o=+     S        |
2020-08-17T00:11:12.987289826Z  |Oo=B o .         |
2020-08-17T00:11:12.987312466Z  |XB*o= o .        |
2020-08-17T00:11:12.987323245Z  |XX*o . o         |
2020-08-17T00:11:12.987332631Z  |OO+.  .          |
2020-08-17T00:11:12.987342138Z  +----[SHA256]-----+
2020-08-17T00:11:13.006704157Z  Could not load host key: /etc/ssh/ssh_host_ecdsa_key
2020-08-17T00:11:14.200018905Z  INFO  2020-08-17 00:11:14,199 [shard 0] database - Found temporary sstable directory: "/var/lib/scylla/data/system_schema/computed_columns-cc7c7069374033c192a4c3de78dbd2c4/0000000000000125.sstable", removing
2020-08-17T00:11:14.202014112Z  INFO  2020-08-17 00:11:14,200 [shard 0] database - Found temporary sstable directory: "/var/lib/scylla/data/system_schema/scylla_tables-5d912ff1f7593665b2c88042ab5103dd/0000000000000125.sstable", removing
2020-08-17T00:11:14.202080365Z  INFO  2020-08-17 00:11:14,201 [shard 0] database - Found temporary sstable directory: "/var/lib/scylla/data/system_schema/tables-afddfb9dbc1e30688056eed6c302ba09/0000000000000127.sstable", removing
2020-08-17T00:11:14.202141464Z  INFO  2020-08-17 00:11:14,201 [shard 0] database - Found temporary sstable directory: "/var/lib/scylla/data/system_schema/views-9786ac1cdd583201a7cdad556410c985/0000000000000067.sstable", removing
2020-08-17T00:11:14.203267774Z  INFO  2020-08-17 00:11:14,202 [shard 0] database - Found temporary sstable directory: "/var/lib/scylla/data/system_schema/aggregates-924c55872e3a345bb10c12f37c1ba895/0000000000000059.sstable", removing
2020-08-17T00:11:14.446313086Z  WARN  2020-08-17 00:11:14,445 [shard 0] sstable - Deleting components of sstable from system_schema.computed_columns of generation 125 that has a temporary TOC
2020-08-17T00:11:14.564450262Z  WARN  2020-08-17 00:11:14,563 [shard 0] sstable - Deleting components of sstable from system_schema.scylla_tables of generation 125 that has a temporary TOC
2020-08-17T00:11:14.966221192Z  WARN  2020-08-17 00:11:14,965 [shard 0] sstable - Deleting components of sstable from system_schema.views of generation 67 that has a temporary TOC
2020-08-17T00:11:14.966284427Z  WARN  2020-08-17 00:11:14,965 [shard 0] sstable - Deleting components of sstable from system_schema.tables of generation 127 that has a temporary TOC
2020-08-17T00:11:14.966296665Z  WARN  2020-08-17 00:11:14,965 [shard 0] sstable - Deleting components of sstable from system_schema.aggregates of generation 59 that has a temporary TOC
2020-08-17T00:11:15.365251486Z  Traceback (most recent call last):
2020-08-17T00:11:15.365284774Z    File "/opt/scylladb/scripts/libexec/scylla-housekeeping", line 208, in <module>
2020-08-17T00:11:15.365297131Z      args.func(args)
2020-08-17T00:11:15.365306846Z    File "/opt/scylladb/scripts/libexec/scylla-housekeeping", line 134, in check_version
2020-08-17T00:11:15.365316687Z      current_version = sanitize_version(get_api('/storage_service/scylla_release_version'))
2020-08-17T00:11:15.365326251Z    File "/opt/scylladb/scripts/libexec/scylla-housekeeping", line 93, in get_api
2020-08-17T00:11:15.365335754Z      return get_json_from_url("http://" + api_address + path)
2020-08-17T00:11:15.365345085Z    File "/opt/scylladb/scripts/libexec/scylla-housekeeping", line 88, in get_json_from_url
2020-08-17T00:11:15.365366672Z      raise RuntimeError(f'Failed to get "{path}" due to the following error: {retval}')
2020-08-17T00:11:15.365377465Z  RuntimeError: Failed to get "http://localhost:10000/storage_service/scylla_release_version" due to the following error: HTTP Error 404: Not Found
2020-08-17T00:11:15.852079639Z  INFO  2020-08-17 00:11:15,849 [shard 0] database - Populating Keyspace system
2020-08-17T00:11:15.852145725Z  INFO  2020-08-17 00:11:15,850 [shard 0] database - Keyspace system: Reading CF schema_aggregates id=a5fc57fc-9d6c-3bfd-a3fc-01ad54686fea version=d06c934f-9a69-374c-86f1-523ab26fb05c
2020-08-17T00:11:15.852167763Z  INFO  2020-08-17 00:11:15,850 [shard 0] database - Keyspace system: Reading CF schema_triggers id=0359bc71-7123-3ee1-9a4a-b9dfb11fc125 version=75e4ec4c-76da-3f59-984e-66810ba0c62b
2020-08-17T00:11:15.852187024Z  INFO  2020-08-17 00:11:15,850 [shard 0] database - Keyspace system: Reading CF compaction_history id=b4dbb7b4-dc49-3fb5-b3bf-ce6e434832ca version=25cae56a-8d75-39f3-a146-3756ab4981c7
2020-08-17T00:11:15.852205919Z  INFO  2020-08-17 00:11:15,850 [shard 0] database - Keyspace system: Reading CF compactions_in_progress id=55080ab0-5d9c-3886-90a4-acb25fe1f77b version=540263f1-40db-3869-8a38-3baadedc222d
2020-08-17T00:11:15.852224695Z  INFO  2020-08-17 00:11:15,850 [shard 0] database - Keyspace system: Reading CF range_xfers id=55d76438-4e55-3f8b-9f6e-676d4af3976d version=dd15a078-409b-350d-9bef-c5f3520832d8
2020-08-17T00:11:15.852243887Z  INFO  2020-08-17 00:11:15,850 [shard 0] database - Keyspace system: Reading CF scylla_views_builds_in_progress id=a04c7bfd-1e13-36c9-a44d-f22da352281d version=e3fb736c-6956-3990-a31d-9a482279e3fc
2020-08-17T00:11:15.852262938Z  INFO  2020-08-17 00:11:15,850 [shard 0] database - Keyspace system: Reading CF IndexInfo id=9f5c6374-d485-3229-9a0a-5094af9ad1e3 version=bbb3743b-351f-3023-b4fc-09a9be37d529
2020-08-17T00:11:15.852281300Z  INFO  2020-08-17 00:11:15,850 [shard 0] database - Keyspace system: Reading CF cdc_local id=0bcaffd4-0c83-3ead-ad13-dc1d5015b77c version=0aa4d3a2-ed95-3ecd-aba0-cd75622ad290
2020-08-17T00:11:15.854146416Z  INFO  2020-08-17 00:11:15,850 [shard 0] database - Keyspace system: Reading CF schema_columnfamilies id=45f5b360-24bc-3f83-a363-1034ea4fa697 version=7f7a5fea-07b7-304d-a6f8-f7aec72cabdb
2020-08-17T00:11:15.854169761Z  INFO  2020-08-17 00:11:15,850 [shard 0] database - Keyspace system: Reading CF batchlog id=0290003c-977e-397c-ac3e-fdfdc01d626b version=e2a2e804-49e4-3597-9f16-39fd9475835c
2020-08-17T00:11:15.854183318Z  INFO  2020-08-17 00:11:15,850 [shard 0] database - Keyspace system: Reading CF schema_functions id=d1b675fe-2b50-3ca4-8e49-c0f81989dcad version=a50959dd-2be0-3e4e-8bb5-cf40796e256a
2020-08-17T00:11:15.854208205Z  INFO  2020-08-17 00:11:15,850 [shard 0] database - Keyspace system: Reading CF peer_events id=59dfeaea-8db2-3341-91ef-109974d81484 version=7f874a05-72b8-3c21-9acb-baa164fc351a
2020-08-17T00:11:15.854220819Z  INFO  2020-08-17 00:11:15,850 [shard 0] database - Keyspace system: Reading CF local id=7ad54392-bcdd-35a6-8417-4e047860b377 version=7fa82c2e-5b67-37dd-8e5e-2079e18f1536
2020-08-17T00:11:15.854231986Z  INFO  2020-08-17 00:11:15,850 [shard 0] database - Keyspace system: Reading CF clients id=ca0f635d-8630-3609-8d93-a1fc06f2a5e5 version=51273ebf-e6f9-3cd5-b455-ea09ad29796f
2020-08-17T00:11:15.854242480Z  INFO  2020-08-17 00:11:15,850 [shard 0] database - Keyspace system: Reading CF size_estimates id=618f817b-005f-3678-b8a4-53f3930b8e86 version=6d4dbcff-f05b-3dc3-95ad-f79f7b10504d
2020-08-17T00:11:15.854266242Z  INFO  2020-08-17 00:11:15,850 [shard 0] database - Keyspace system: Reading CF large_partitions id=8a7fe624-96b0-34b1-b90e-f71bddcdd2d3 version=04fa9920-9369-3a96-be39-6dd9fdc816b6
2020-08-17T00:11:15.854277739Z  INFO  2020-08-17 00:11:15,850 [shard 0] database - Keyspace system: Reading CF schema_columns id=296e9c04-9bec-3085-827d-c17d3df2122a version=53cfbb66-ee0d-37be-97bb-b2afb3746f85
2020-08-17T00:11:15.854287968Z  INFO  2020-08-17 00:11:15,850 [shard 0] database - Keyspace system: Reading CF built_views id=4b3c50a9-ea87-3d76-9101-6dbc9c38494a version=a28aa0b3-6def-30a7-9fbe-ce78b3f3c9b9
2020-08-17T00:11:15.854298121Z  INFO  2020-08-17 00:11:15,850 [shard 0] database - Keyspace system: Reading CF peers id=37f71aca-7dc2-383b-a706-72528af04d4f version=f6f6871f-8c86-3eca-ac0b-2a2e848e395d
2020-08-17T00:11:15.854308329Z  INFO  2020-08-17 00:11:15,850 [shard 0] database - Keyspace system: Reading CF hints id=2666e205-73ef-38b3-90fe-fecf96e8f0c7 version=0b74fdd1-e96d-309e-a14e-a5bcd7ac885d
2020-08-17T00:11:15.854318347Z  INFO  2020-08-17 00:11:15,850 [shard 0] database - Keyspace system: Reading CF large_rows id=40550f66-0858-39a0-9430-f27fc08034e9 version=aee3acb0-7926-317b-848e-db7bc3721695
2020-08-17T00:11:15.854328400Z  INFO  2020-08-17 00:11:15,850 [shard 0] database - Keyspace system: Reading CF large_cells id=ead8bbc5-f146-3ae1-9f71-0b11f9a1d296 version=0d4a6937-a781-3f87-a192-b4e4a4a40acf
2020-08-17T00:11:15.854340408Z  INFO  2020-08-17 00:11:15,850 [shard 0] database - Keyspace system: Reading CF scylla_local id=2972ec7f-fb20-38dd-aac1-d876f2e3fcbd version=5f0b407d-eedf-3845-a48e-dbb9673d10e1
2020-08-17T00:11:15.854351339Z  INFO  2020-08-17 00:11:15,850 [shard 0] database - Keyspace system: Reading CF views_builds_in_progress id=b7f2c108-78cd-3c80-9cd5-d609b2bd149c version=b905cce5-1474-3085-819a-7592453e2fb9
2020-08-17T00:11:15.854361608Z  INFO  2020-08-17 00:11:15,850 [shard 0] database - Keyspace system: Reading CF schema_usertypes id=3aa75225-4f82-350b-8d5c-430fa221fa0a version=3c53e6bb-56d5-3618-a0b2-4ff5f18127d7
2020-08-17T00:11:15.854371896Z  INFO  2020-08-17 00:11:15,850 [shard 0] database - Keyspace system: Reading CF sstable_activity id=5a1ff267-ace0-3f12-8563-cfae6103c65e version=bdec57a3-b234-334b-be9c-7b1f33113995
2020-08-17T00:11:15.854381983Z  INFO  2020-08-17 00:11:15,850 [shard 0] database - Keyspace system: Reading CF truncated id=38c19fd0-fb86-3310-a4b7-0d0cc66628aa version=6da9a85c-7ae0-3917-aead-54a2f65a57a8
2020-08-17T00:11:15.854392219Z  INFO  2020-08-17 00:11:15,850 [shard 0] database - Keyspace system: Reading CF paxos id=b7b7f0c2-fd0a-3410-8c05-3ef614bb7c2d version=6dd372de-72fb-3e1b-9b8c-f97738a67fe9
2020-08-17T00:11:15.854402263Z  INFO  2020-08-17 00:11:15,851 [shard 0] database - Keyspace system: Reading CF schema_keyspaces id=b0f22357-4458-3cdb-9631-c43e59ce3676 version=84d28cef-59f9-34a9-9be5-31c684997f03
2020-08-17T00:11:25.165741589Z  INFO  2020-08-17 00:11:25,165 [shard 0] init - starting gossip
2020-08-17T00:11:25.166496144Z  WARN  2020-08-17 00:11:25,165 [shard 0] init - Using default cluster name is not recommended. Using a unique cluster name will reduce the chance of adding nodes to the wrong cluster by mistake
2020-08-17T00:11:25.167096794Z  INFO  2020-08-17 00:11:25,166 [shard 0] init - starting storage proxy
2020-08-17T00:11:25.180293567Z  INFO  2020-08-17 00:11:25,179 [shard 0] init - creating hints manager
2020-08-17T00:11:25.181085567Z  INFO  2020-08-17 00:11:25,180 [shard 1] init - creating hints manager
2020-08-17T00:11:25.181618573Z  INFO  2020-08-17 00:11:25,181 [shard 0] init - starting migration manager
2020-08-17T00:11:25.182170869Z  INFO  2020-08-17 00:11:25,181 [shard 0] init - starting query processor
2020-08-17T00:11:25.183727315Z  INFO  2020-08-17 00:11:25,183 [shard 0] init - initializing batchlog manager
2020-08-17T00:11:25.189152472Z  INFO  2020-08-17 00:11:25,188 [shard 0] legacy_schema_migrator - Moving 0 keyspaces from legacy schema tables to the new schema keyspace (system_schema)
2020-08-17T00:11:25.189622698Z  INFO  2020-08-17 00:11:25,189 [shard 0] legacy_schema_migrator - Dropping legacy schema tables
2020-08-17T00:11:43.500495270Z  INFO  2020-08-17 00:11:43,499 [shard 0] legacy_schema_migrator - Completed migration of legacy schema tables
2020-08-17T00:11:43.503031855Z  INFO  2020-08-17 00:11:43,502 [shard 0] init - loading system sstables
2020-08-17T00:12:10.827049203Z  INFO  2020-08-17 00:12:10,826 [shard 0] init - loading non-system sstables
2020-08-17T00:12:26.105872362Z  INFO  2020-08-17 00:12:26,103 [shard 0] database - Populating Keyspace dt
2020-08-17T00:12:26.105945323Z  INFO  2020-08-17 00:12:26,104 [shard 0] database - Keyspace dt: Reading CF element_twin_idx_index id=630ae8b0-d77b-11ea-9877-000000000001 version=bc3026fd-bc4e-318d-b6f4-ca0b566cb74b
2020-08-17T00:12:26.105971143Z  INFO  2020-08-17 00:12:26,105 [shard 0] database - Keyspace dt: Reading CF source_element_idx_index id=68593f10-d77b-11ea-9877-000000000001 version=33e3f927-f730-3081-88e1-6bed2962e42a
2020-08-17T00:12:26.106365807Z  INFO  2020-08-17 00:12:26,105 [shard 0] database - Keyspace dt: Reading CF source id=65ff2270-d77b-11ea-9877-000000000001 version=5f8471b7-7d19-31d4-9be5-0f153affb0bb
2020-08-17T00:12:26.107271467Z  INFO  2020-08-17 00:12:26,106 [shard 0] database - Keyspace dt: Reading CF source_data id=6af6cd50-d77b-11ea-9877-000000000001 version=b52400e3-b307-3141-b3fc-e5d63573f135
2020-08-17T00:12:26.107350695Z  INFO  2020-08-17 00:12:26,106 [shard 0] database - Keyspace dt: Reading CF element id=607549b0-d77b-11ea-9877-000000000001 version=f44a6c4b-69d8-37f2-b116-7260740acc6c
2020-08-17T00:12:26.107378815Z  INFO  2020-08-17 00:12:26,106 [shard 0] database - Keyspace dt: Reading CF twin id=5e00c740-d77b-11ea-9877-000000000001 version=6240633e-c8cc-3fea-a1e3-452eff1b9659
2020-08-17T00:12:26.107400586Z  INFO  2020-08-17 00:12:26,106 [shard 0] database - Keyspace dt: Reading CF user id=5c294820-d77b-11ea-9877-000000000001 version=02cce273-02f1-3e6a-8674-f1016e3f22d7
2020-08-17T00:12:26.107421972Z  INFO  2020-08-17 00:12:26,106 [shard 0] database - Populating Keyspace system_distributed
2020-08-17T00:12:26.107451093Z  INFO  2020-08-17 00:12:26,106 [shard 0] database - Keyspace system_distributed: Reading CF view_build_status id=5582b59f-8e4e-35e1-b913-3acada51eb04 version=e0b6e628-60e0-39a2-ada0-9b6c13bdd9bc
2020-08-17T00:12:26.107462110Z  INFO  2020-08-17 00:12:26,106 [shard 0] database - Keyspace system_distributed: Reading CF cdc_generations id=6a4df139-00b6-3d21-9efc-dade266dc3b7 version=2511b46b-df1d-39fa-9a77-f5cacf88af47
2020-08-17T00:12:26.107488762Z  INFO  2020-08-17 00:12:26,106 [shard 0] database - Keyspace system_distributed: Reading CF cdc_streams id=07405732-4620-34d6-a85e-947248dad9a4 version=b606cfa4-a37b-32bd-a624-e05cab2bed3c
2020-08-17T00:12:26.107500782Z  INFO  2020-08-17 00:12:26,106 [shard 0] database - Populating Keyspace system_auth
2020-08-17T00:12:26.107524667Z  INFO  2020-08-17 00:12:26,106 [shard 0] database - Keyspace system_auth: Reading CF roles id=5bc52802-de25-35ed-aeab-188eecebb090 version=d8f599da-7544-3f57-aa58-b229deea93e0
2020-08-17T00:12:26.107544347Z  INFO  2020-08-17 00:12:26,106 [shard 0] database - Keyspace system_auth: Reading CF role_members id=0ecdaa87-f8fb-3e60-88d1-74fb36fe5c0d version=2923b5bb-f2f8-36e8-9e73-19019900010c
2020-08-17T00:12:26.107564410Z  INFO  2020-08-17 00:12:26,106 [shard 0] database - Populating Keyspace system_traces
2020-08-17T00:12:26.107583924Z  INFO  2020-08-17 00:12:26,106 [shard 0] database - Keyspace system_traces: Reading CF sessions id=c5e99f16-8677-3914-b17e-960613512345 version=e0fc4b06-6cba-3b7b-bfb6-b42a77c370a9
2020-08-17T00:12:26.107606748Z  INFO  2020-08-17 00:12:26,106 [shard 0] database - Keyspace system_traces: Reading CF node_slow_log_time_idx id=f9706768-aa1e-3d87-9e5c-51a3927c2870 version=eaffc0bb-7b2c-3b64-8924-d8ba685120bc
2020-08-17T00:12:26.109506288Z  INFO  2020-08-17 00:12:26,106 [shard 0] database - Keyspace system_traces: Reading CF sessions_time_idx id=0ebf001c-c1d1-3693-9a63-c3d96ac53318 version=cd5d1e5f-1f42-3b9d-a8ba-3af39d59a7d5
2020-08-17T00:12:26.109529310Z  INFO  2020-08-17 00:12:26,106 [shard 0] database - Keyspace system_traces: Reading CF events id=8826e8e9-e16a-3728-8753-3bc1fc713c25 version=41a6b26e-a03b-3ae1-8a4a-b9446e7f9304
2020-08-17T00:12:26.109542492Z  INFO  2020-08-17 00:12:26,106 [shard 0] database - Keyspace system_traces: Reading CF node_slow_log id=bfcc4e62-5b63-3aa1-a1c3-6f5e47f3325c version=23e7a411-8414-340f-854d-20a3a637e438
2020-08-17T00:12:39.309297874Z  INFO  2020-08-17 00:12:39,308 [shard 0] init - starting view update generator
2020-08-17T00:12:39.309773379Z  INFO  2020-08-17 00:12:39,309 [shard 0] init - discovering staging sstables
2020-08-17T00:12:39.310450596Z  INFO  2020-08-17 00:12:39,310 [shard 0] init - setting up system keyspace
2020-08-17T00:12:39.369865280Z  INFO  2020-08-17 00:12:39,369 [shard 0] init - starting commit log
2020-08-17T00:12:39.370194252Z  INFO  2020-08-17 00:12:39,369 [shard 0] init - replaying commit log
2020-08-17T00:12:39.372767968Z  INFO  2020-08-17 00:12:39,372 [shard 0] commitlog_replayer - Replaying /var/lib/scylla/commitlog/CommitLog-1-645719193.log, /var/lib/scylla/commitlog/Recycled-CommitLog-1-645719196.log, /var/lib/scylla/commitlog/Recycled-CommitLog-1-645719202.log, /var/lib/scylla/commitlog/Recycled-CommitLog-1-645719198.log, /var/lib/scylla/commitlog/CommitLog-1-645719195.log, /var/lib/scylla/commitlog/Recycled-CommitLog-1-645719199.log, /var/lib/scylla/commitlog/CommitLog-1-18014399155201172.log, /var/lib/scylla/commitlog/Recycled-CommitLog-1-645719203.log, /var/lib/scylla/commitlog/Recycled-CommitLog-1-645719197.log, /var/lib/scylla/commitlog/Recycled-CommitLog-1-645719201.log, /var/lib/scylla/commitlog/CommitLog-1-18014399155201170.log, /var/lib/scylla/commitlog/CommitLog-1-18014399155201171.log, /var/lib/scylla/commitlog/CommitLog-1-645719194.log, /var/lib/scylla/commitlog/Recycled-CommitLog-1-645719200.log
2020-08-17T00:12:49.963824112Z  INFO  2020-08-17 00:12:49,962 [shard 0] commitlog_replayer - Log replay complete, 68751 replayed mutations (0 invalid, 0 skipped)
2020-08-17T00:12:49.963859550Z  INFO  2020-08-17 00:12:49,963 [shard 0] init - replaying commit log - flushing memtables
2020-08-17T00:13:20.924577493Z  INFO  2020-08-17 00:13:20,923 [shard 0] init - replaying commit log - removing old commitlog segments
2020-08-17T00:13:20.929657846Z  INFO  2020-08-17 00:13:20,927 [shard 0] compaction - Compacting [/var/lib/scylla/data/system/clients-ca0f635d863036098d93a1fc06f2a5e5/mc-682-big-Data.db:level=0, /var/lib/scylla/data/system/clients-ca0f635d863036098d93a1fc06f2a5e5/mc-696-big-Data.db:level=0, /var/lib/scylla/data/system/clients-ca0f635d863036098d93a1fc06f2a5e5/mc-684-big-Data.db:level=0, /var/lib/scylla/data/system/clients-ca0f635d863036098d93a1fc06f2a5e5/mc-694-big-Data.db:level=0, /var/lib/scylla/data/system/clients-ca0f635d863036098d93a1fc06f2a5e5/mc-692-big-Data.db:level=0, /var/lib/scylla/data/system/clients-ca0f635d863036098d93a1fc06f2a5e5/mc-690-big-Data.db:level=0, /var/lib/scylla/data/system/clients-ca0f635d863036098d93a1fc06f2a5e5/mc-698-big-Data.db:level=0, /var/lib/scylla/data/system/clients-ca0f635d863036098d93a1fc06f2a5e5/mc-688-big-Data.db:level=0, /var/lib/scylla/data/system/clients-ca0f635d863036098d93a1fc06f2a5e5/mc-686-big-Data.db:level=0, ]
2020-08-17T00:13:20.929719516Z  INFO  2020-08-17 00:13:20,928 [shard 0] compaction - Compacting [/var/lib/scylla/data/system/compaction_history-b4dbb7b4dc493fb5b3bfce6e434832ca/mc-80-big-Data.db:level=0, /var/lib/scylla/data/system/compaction_history-b4dbb7b4dc493fb5b3bfce6e434832ca/mc-78-big-Data.db:level=0, /var/lib/scylla/data/system/compaction_history-b4dbb7b4dc493fb5b3bfce6e434832ca/mc-76-big-Data.db:level=0, ]
2020-08-17T00:13:20.929742574Z  INFO  2020-08-17 00:13:20,928 [shard 0] compaction - Compacting [/var/lib/scylla/data/system/local-7ad54392bcdd35a684174e047860b377/mc-368-big-Data.db:level=0, /var/lib/scylla/data/system/local-7ad54392bcdd35a684174e047860b377/mc-370-big-Data.db:level=0, /var/lib/scylla/data/system/local-7ad54392bcdd35a684174e047860b377/mc-372-big-Data.db:level=0, /var/lib/scylla/data/system/local-7ad54392bcdd35a684174e047860b377/mc-366-big-Data.db:level=0, ]
2020-08-17T00:13:20.929763868Z  INFO  2020-08-17 00:13:20,928 [shard 0] compaction - Compacting [/var/lib/scylla/data/system/truncated-38c19fd0fb863310a4b70d0cc66628aa/mc-162-big-Data.db:level=0, /var/lib/scylla/data/system/truncated-38c19fd0fb863310a4b70d0cc66628aa/mc-160-big-Data.db:level=0, ]
2020-08-17T00:13:20.931675189Z  INFO  2020-08-17 00:13:20,929 [shard 1] compaction - Compacting [/var/lib/scylla/data/system/peers-37f71aca7dc2383ba70672528af04d4f/mc-11-big-Data.db:level=0, /var/lib/scylla/data/system/peers-37f71aca7dc2383ba70672528af04d4f/mc-7-big-Data.db:level=0, /var/lib/scylla/data/system/peers-37f71aca7dc2383ba70672528af04d4f/mc-9-big-Data.db:level=0, ]
2020-08-17T00:13:20.931719209Z  INFO  2020-08-17 00:13:20,930 [shard 1] compaction - Compacting [/var/lib/scylla/data/system_schema/dropped_columns-5e7583b5f3f43af19a39b7e1d6f5f11f/mc-129-big-Data.db:level=0, /var/lib/scylla/data/system_schema/dropped_columns-5e7583b5f3f43af19a39b7e1d6f5f11f/mc-127-big-Data.db:level=0, /var/lib/scylla/data/system_schema/dropped_columns-5e7583b5f3f43af19a39b7e1d6f5f11f/mc-131-big-Data.db:level=0, ]
2020-08-17T00:13:20.932036885Z  INFO  2020-08-17 00:13:20,931 [shard 1] compaction - Compacting [/var/lib/scylla/data/system_schema/functions-96489b7980be3e14a70166a0b9159450/mc-65-big-Data.db:level=0, /var/lib/scylla/data/system_schema/functions-96489b7980be3e14a70166a0b9159450/mc-61-big-Data.db:level=0, /var/lib/scylla/data/system_schema/functions-96489b7980be3e14a70166a0b9159450/mc-63-big-Data.db:level=0, ]
2020-08-17T00:13:20.934347323Z  INFO  2020-08-17 00:13:20,932 [shard 1] compaction - Compacting [/var/lib/scylla/data/system/compaction_history-b4dbb7b4dc493fb5b3bfce6e434832ca/mc-87-big-Data.db:level=0, /var/lib/scylla/data/system/compaction_history-b4dbb7b4dc493fb5b3bfce6e434832ca/mc-85-big-Data.db:level=0, /var/lib/scylla/data/system/compaction_history-b4dbb7b4dc493fb5b3bfce6e434832ca/mc-83-big-Data.db:level=0, ]
2020-08-17T00:13:20.934370389Z  INFO  2020-08-17 00:13:20,932 [shard 1] compaction - Compacting [/var/lib/scylla/data/system_schema/keyspaces-abac5682dea631c5b535b3d6cffd0fb6/mc-143-big-Data.db:level=0, /var/lib/scylla/data/system_schema/keyspaces-abac5682dea631c5b535b3d6cffd0fb6/mc-145-big-Data.db:level=0, /var/lib/scylla/data/system_schema/keyspaces-abac5682dea631c5b535b3d6cffd0fb6/mc-141-big-Data.db:level=0, ]
2020-08-17T00:13:20.934390049Z  INFO  2020-08-17 00:13:20,932 [shard 1] compaction - Compacting [/var/lib/scylla/data/system_schema/tables-afddfb9dbc1e30688056eed6c302ba09/mc-127-big-Data.db:level=0, /var/lib/scylla/data/system_schema/tables-afddfb9dbc1e30688056eed6c302ba09/mc-125-big-Data.db:level=0, ]
2020-08-17T00:13:20.934401253Z  INFO  2020-08-17 00:13:20,933 [shard 1] compaction - Compacting [/var/lib/scylla/data/dt/source_data-6af6cd50d77b11ea9877000000000001/mc-57-big-Data.db:level=0, /var/lib/scylla/data/dt/source_data-6af6cd50d77b11ea9877000000000001/mc-61-big-Data.db:level=0, /var/lib/scylla/data/dt/source_data-6af6cd50d77b11ea9877000000000001/mc-59-big-Data.db:level=0, ]
2020-08-17T00:13:20.934412712Z  INFO  2020-08-17 00:13:20,933 [shard 1] compaction - Compacting [/var/lib/scylla/data/system_schema/scylla_tables-5d912ff1f7593665b2c88042ab5103dd/mc-125-big-Data.db:level=0, /var/lib/scylla/data/system_schema/scylla_tables-5d912ff1f7593665b2c88042ab5103dd/mc-123-big-Data.db:level=0, ]
2020-08-17T00:13:20.936974697Z  INFO  2020-08-17 00:13:20,936 [shard 0] init - initializing migration manager RPC verbs
2020-08-17T00:13:20.937932557Z  INFO  2020-08-17 00:13:20,937 [shard 0] init - initializing storage proxy RPC verbs
2020-08-17T00:13:20.938299721Z  INFO  2020-08-17 00:13:20,937 [shard 0] init - starting streaming service
2020-08-17T00:13:20.938867915Z  INFO  2020-08-17 00:13:20,938 [shard 0] init - starting hinted handoff manager
2020-08-17T00:13:25.695020901Z  INFO  2020-08-17 00:13:25,693 [shard 1] compaction - Compacted 3 sstables to []. 16430 bytes to 0 (~0% of original) in 3ms = 0.00MB/s. ~384 total partitions merged to 0.
2020-08-17T00:13:28.468465001Z  INFO  2020-08-17 00:13:28,467 [shard 0] compaction - Compacted 9 sstables to []. 203811 bytes to 0 (~0% of original) in 147ms = 0.00MB/s. ~1152 total partitions merged to 0.
2020-08-17T00:13:28.471187124Z  INFO  2020-08-17 00:13:28,470 [shard 0] init - starting messaging service
2020-08-17T00:13:28.472200981Z  INFO  2020-08-17 00:13:28,471 [shard 0] repair - Setting max_repair_memory=126248550, max_repair_memory_per_range=33554432, max_repair_ranges_in_parallel=3
2020-08-17T00:13:28.472881952Z  INFO  2020-08-17 00:13:28,471 [shard 0] init - starting storage service
2020-08-17T00:13:28.473811712Z  INFO  2020-08-17 00:13:28,473 [shard 0] storage_service - Loading persisted ring state
2020-08-17T00:13:28.475663354Z  INFO  2020-08-17 00:13:28,475 [shard 0] storage_service - loaded_peer_features: peer_features size=0
2020-08-17T00:13:28.475699120Z  INFO  2020-08-17 00:13:28,475 [shard 0] storage_service - Checking remote features skipped, since this node is a new seed node which knows nothing about the cluster
2020-08-17T00:13:28.477093255Z  INFO  2020-08-17 00:13:28,476 [shard 0] storage_service - Restarting a node in NORMAL status
2020-08-17T00:13:28.753197947Z  INFO  2020-08-17 00:13:28,752 [shard 0] database - Schema version changed to 3f00f995-6495-3765-8599-4e76a2f4c6b2
2020-08-17T00:13:28.754053897Z  INFO  2020-08-17 00:13:28,753 [shard 0] storage_service - Starting up server gossip
2020-08-17T00:13:32.208802060Z  INFO  2020-08-17 00:13:32,208 [shard 1] compaction - Compacting [/var/lib/scylla/data/dt/element-607549b0d77b11ea9877000000000001/la-3-big-Data.db:level=0, ]
2020-08-17T00:13:32.211700172Z  INFO  2020-08-17 00:13:32,211 [shard 1] compaction - Compacting [/var/lib/scylla/data/system/truncated-38c19fd0fb863310a4b70d0cc66628aa/mc-87-big-Data.db:level=0, /var/lib/scylla/data/system/truncated-38c19fd0fb863310a4b70d0cc66628aa/mc-85-big-Data.db:level=0, /var/lib/scylla/data/system/truncated-38c19fd0fb863310a4b70d0cc66628aa/mc-83-big-Data.db:level=0, ]
2020-08-17T00:13:32.449043798Z  INFO  2020-08-17 00:13:32,448 [shard 1] compaction - Compacting [/var/lib/scylla/data/system_schema/view_virtual_columns-08843b6345dc3be29798a0418295cfaa/mc-73-big-Data.db:level=0, /var/lib/scylla/data/system_schema/view_virtual_columns-08843b6345dc3be29798a0418295cfaa/mc-71-big-Data.db:level=0, /var/lib/scylla/data/system_schema/view_virtual_columns-08843b6345dc3be29798a0418295cfaa/mc-69-big-Data.db:level=0, ]
2020-08-17T00:13:32.449603606Z  INFO  2020-08-17 00:13:32,449 [shard 1] compaction - Compacting [/var/lib/scylla/data/system_schema/columns-24101c25a2ae3af787c1b40ee1aca33f/mc-131-big-Data.db:level=0, /var/lib/scylla/data/system_schema/columns-24101c25a2ae3af787c1b40ee1aca33f/mc-133-big-Data.db:level=0, /var/lib/scylla/data/system_schema/columns-24101c25a2ae3af787c1b40ee1aca33f/mc-129-big-Data.db:level=0, ]
2020-08-17T00:13:33.372365947Z  INFO  2020-08-17 00:13:33,371 [shard 0] messaging_service - Starting Messaging Service on port 7000
2020-08-17T00:13:33.406357512Z  INFO  2020-08-17 00:13:33,405 [shard 0] compaction - Compacted 4 sstables to [/var/lib/scylla/data/system/local-7ad54392bcdd35a684174e047860b377/mc-374-big-Data.db:level=0, ]. 31126 bytes to 12596 (~40% of original) in 11767ms = 0.00MB/s. ~512 total partitions merged to 1.
2020-08-17T00:13:33.408094767Z  INFO  2020-08-17 00:13:33,407 [shard 0] compaction - Compacting [/var/lib/scylla/data/system/local-7ad54392bcdd35a684174e047860b377/mc-376-big-Data.db:level=0, /var/lib/scylla/data/system/local-7ad54392bcdd35a684174e047860b377/mc-374-big-Data.db:level=0, ]
2020-08-17T00:13:33.459314775Z  INFO  2020-08-17 00:13:33,458 [shard 0] compaction - Compacted 3 sstables to [/var/lib/scylla/data/system/compaction_history-b4dbb7b4dc493fb5b3bfce6e434832ca/mc-82-big-Data.db:level=0, ]. 275705 bytes to 145114 (~52% of original) in 11817ms = 0.01MB/s. ~1152 total partitions merged to 638.
2020-08-17T00:13:33.460224808Z  INFO  2020-08-17 00:13:33,459 [shard 0] compaction - Compacted 2 sstables to [/var/lib/scylla/data/system/truncated-38c19fd0fb863310a4b70d0cc66628aa/mc-164-big-Data.db:level=0, ]. 82077 bytes to 76842 (~93% of original) in 11817ms = 0.01MB/s. ~256 total partitions merged to 3.
2020-08-17T00:13:33.630497436Z  INFO  2020-08-17 00:13:33,630 [shard 1] compaction - Compacted 3 sstables to [/var/lib/scylla/data/system_schema/functions-96489b7980be3e14a70166a0b9159450/mc-67-big-Data.db:level=0, ]. 118259 bytes to 39788 (~33% of original) in 11275ms = 0.00MB/s. ~384 total partitions merged to 2.
2020-08-17T00:13:33.630569160Z  INFO  2020-08-17 00:13:33,630 [shard 1] compaction - Compacted 2 sstables to [/var/lib/scylla/data/system_schema/tables-afddfb9dbc1e30688056eed6c302ba09/mc-129-big-Data.db:level=0, ]. 112730 bytes to 68668 (~60% of original) in 11277ms = 0.01MB/s. ~256 total partitions merged to 6.
2020-08-17T00:13:33.710452736Z  INFO  2020-08-17 00:13:33,709 [shard 1] compaction - Compacted 2 sstables to [/var/lib/scylla/data/system_schema/scylla_tables-5d912ff1f7593665b2c88042ab5103dd/mc-127-big-Data.db:level=0, ]. 103801 bytes to 40719 (~39% of original) in 11276ms = 0.00MB/s. ~256 total partitions merged to 2.
2020-08-17T00:13:33.711348500Z  INFO  2020-08-17 00:13:33,710 [shard 1] compaction - Compacted 3 sstables to [/var/lib/scylla/data/system_schema/keyspaces-abac5682dea631c5b535b3d6cffd0fb6/mc-147-big-Data.db:level=0, ]. 139684 bytes to 61628 (~44% of original) in 11278ms = 0.01MB/s. ~384 total partitions merged to 6.
2020-08-17T00:13:34.000629390Z  INFO  2020-08-17 00:13:33,999 [shard 1] compaction - Compacted 3 sstables to [/var/lib/scylla/data/dt/source_data-6af6cd50d77b11ea9877000000000001/mc-63-big-Data.db:level=0, ]. 12005112 bytes to 7967940 (~66% of original) in 11515ms = 0.66MB/s. ~384 total partitions merged to 1.
2020-08-17T00:13:34.000688537Z  INFO  2020-08-17 00:13:33,999 [shard 1] compaction - Compacted 3 sstables to [/var/lib/scylla/data/system_schema/dropped_columns-5e7583b5f3f43af19a39b7e1d6f5f11f/mc-133-big-Data.db:level=0, ]. 117782 bytes to 39633 (~33% of original) in 11518ms = 0.00MB/s. ~384 total partitions merged to 2.
2020-08-17T00:13:34.033011964Z  INFO  2020-08-17 00:13:34,032 [shard 1] compaction - Compacted 3 sstables to [/var/lib/scylla/data/system/compaction_history-b4dbb7b4dc493fb5b3bfce6e434832ca/mc-89-big-Data.db:level=0, ]. 374519 bytes to 151770 (~40% of original) in 11516ms = 0.01MB/s. ~1280 total partitions merged to 724.
2020-08-17T00:13:34.269472864Z  INFO  2020-08-17 00:13:34,268 [shard 0] compaction - Compacted 2 sstables to [/var/lib/scylla/data/system/local-7ad54392bcdd35a684174e047860b377/mc-378-big-Data.db:level=0, ]. 18688 bytes to 12274 (~65% of original) in 662ms = 0.02MB/s. ~256 total partitions merged to 1.
2020-08-17T00:13:34.513655170Z  INFO  2020-08-17 00:13:34,512 [shard 1] compaction - Compacting [/var/lib/scylla/data/system_schema/triggers-4df70b666b05325195a132b54005fd48/mc-65-big-Data.db:level=0, /var/lib/scylla/data/system_schema/triggers-4df70b666b05325195a132b54005fd48/mc-61-big-Data.db:level=0, /var/lib/scylla/data/system_schema/triggers-4df70b666b05325195a132b54005fd48/mc-63-big-Data.db:level=0, ]
2020-08-17T00:13:34.517538453Z  INFO  2020-08-17 00:13:34,517 [shard 1] compaction - Compacting [/var/lib/scylla/data/system/large_cells-ead8bbc5f1463ae19f710b11f9a1d296/mc-5-big-Data.db:level=0, /var/lib/scylla/data/system/large_cells-ead8bbc5f1463ae19f710b11f9a1d296/mc-3-big-Data.db:level=0, ]
2020-08-17T00:13:34.519015740Z  INFO  2020-08-17 00:13:34,518 [shard 1] compaction - Compacting [/var/lib/scylla/data/system_schema/indexes-0feb57ac311f382fba6d9024d305702f/mc-129-big-Data.db:level=0, /var/lib/scylla/data/system_schema/indexes-0feb57ac311f382fba6d9024d305702f/mc-131-big-Data.db:level=0, /var/lib/scylla/data/system_schema/indexes-0feb57ac311f382fba6d9024d305702f/mc-127-big-Data.db:level=0, ]
2020-08-17T00:13:35.331012569Z  INFO  2020-08-17 00:13:35,329 [shard 1] compaction - Compacted 3 sstables to [/var/lib/scylla/data/system/truncated-38c19fd0fb863310a4b70d0cc66628aa/mc-89-big-Data.db:level=0, ]. 221733 bytes to 74275 (~33% of original) in 2303ms = 0.03MB/s. ~384 total partitions merged to 6.
2020-08-17T00:13:35.544443054Z  INFO  2020-08-17 00:13:35,543 [shard 1] compaction - Compacted 1 sstables to [/var/lib/scylla/data/dt/element-607549b0d77b11ea9877000000000001/mc-5-big-Data.db:level=0, ]. 5041 bytes to 5415 (~107% of original) in 2303ms = 0.00MB/s. ~128 total partitions merged to 1.
2020-08-17T00:13:35.621744520Z  INFO  2020-08-17 00:13:35,619 [shard 1] compaction - Compacted 3 sstables to [/var/lib/scylla/data/system_schema/columns-24101c25a2ae3af787c1b40ee1aca33f/mc-135-big-Data.db:level=0, ]. 165320 bytes to 72892 (~44% of original) in 2067ms = 0.03MB/s. ~384 total partitions merged to 6.
2020-08-17T00:13:35.621790275Z  INFO  2020-08-17 00:13:35,619 [shard 1] compaction - Compacted 3 sstables to [/var/lib/scylla/data/system_schema/view_virtual_columns-08843b6345dc3be29798a0418295cfaa/mc-75-big-Data.db:level=0, ]. 124874 bytes to 46764 (~37% of original) in 2068ms = 0.02MB/s. ~384 total partitions merged to 3.
2020-08-17T00:13:35.621811889Z  INFO  2020-08-17 00:13:35,619 [shard 1] compaction - Compacted 2 sstables to []. 11362 bytes to 0 (~0% of original) in 1ms = 0.00MB/s. ~256 total partitions merged to 0.
2020-08-17T00:13:35.877243944Z  INFO  2020-08-17 00:13:35,876 [shard 1] compaction - Compacting [/var/lib/scylla/data/system_schema/types-5a8b1ca866023f77a0459273d308917a/mc-63-big-Data.db:level=0, /var/lib/scylla/data/system_schema/types-5a8b1ca866023f77a0459273d308917a/mc-61-big-Data.db:level=0, /var/lib/scylla/data/system_schema/types-5a8b1ca866023f77a0459273d308917a/mc-59-big-Data.db:level=0, ]
2020-08-17T00:13:35.927929177Z  INFO  2020-08-17 00:13:35,927 [shard 1] compaction - Compacting [/var/lib/scylla/data/system_schema/views-9786ac1cdd583201a7cdad556410c985/mc-67-big-Data.db:level=0, /var/lib/scylla/data/system_schema/views-9786ac1cdd583201a7cdad556410c985/mc-65-big-Data.db:level=0, ]
2020-08-17T00:13:36.525750850Z  INFO  2020-08-17 00:13:36,525 [shard 1] compaction - Compacted 3 sstables to [/var/lib/scylla/data/system_schema/triggers-4df70b666b05325195a132b54005fd48/mc-67-big-Data.db:level=0, ]. 117461 bytes to 39522 (~33% of original) in 1362ms = 0.03MB/s. ~384 total partitions merged to 2.
2020-08-17T00:13:36.737904560Z  INFO  2020-08-17 00:13:36,737 [shard 1] compaction - Compacted 3 sstables to [/var/lib/scylla/data/system_schema/indexes-0feb57ac311f382fba6d9024d305702f/mc-133-big-Data.db:level=0, ]. 124658 bytes to 46626 (~37% of original) in 1408ms = 0.03MB/s. ~384 total partitions merged to 3.
2020-08-17T00:13:37.287218002Z  INFO  2020-08-17 00:13:37,286 [shard 1] compaction - Compacting [/var/lib/scylla/data/system_schema/aggregates-924c55872e3a345bb10c12f37c1ba895/mc-59-big-Data.db:level=0, /var/lib/scylla/data/system_schema/aggregates-924c55872e3a345bb10c12f37c1ba895/mc-57-big-Data.db:level=0, ]
2020-08-17T00:13:37.562521686Z  INFO  2020-08-17 00:13:37,560 [shard 1] compaction - Compacted 3 sstables to [/var/lib/scylla/data/system_schema/types-5a8b1ca866023f77a0459273d308917a/mc-65-big-Data.db:level=0, ]. 117644 bytes to 39583 (~33% of original) in 1409ms = 0.03MB/s. ~384 total partitions merged to 2.
2020-08-17T00:13:37.598910272Z  INFO  2020-08-17 00:13:37,598 [shard 1] compaction - Compacted 2 sstables to [/var/lib/scylla/data/system_schema/views-9786ac1cdd583201a7cdad556410c985/mc-69-big-Data.db:level=0, ]. 88726 bytes to 48224 (~54% of original) in 1362ms = 0.03MB/s. ~256 total partitions merged to 3.
2020-08-17T00:13:37.799111309Z  INFO  2020-08-17 00:13:37,798 [shard 1] compaction - Compacting [/var/lib/scylla/data/system_schema/computed_columns-cc7c7069374033c192a4c3de78dbd2c4/mc-125-big-Data.db:level=0, /var/lib/scylla/data/system_schema/computed_columns-cc7c7069374033c192a4c3de78dbd2c4/mc-123-big-Data.db:level=0, ]
2020-08-17T00:13:37.983269650Z  INFO  2020-08-17 00:13:37,982 [shard 1] compaction - Compacted 2 sstables to [/var/lib/scylla/data/system_schema/aggregates-924c55872e3a345bb10c12f37c1ba895/mc-61-big-Data.db:level=0, ]. 78749 bytes to 39531 (~50% of original) in 512ms = 0.07MB/s. ~256 total partitions merged to 2.
2020-08-17T00:13:38.354955738Z  INFO  2020-08-17 00:13:38,354 [shard 1] compaction - Compacted 2 sstables to [/var/lib/scylla/data/system_schema/computed_columns-cc7c7069374033c192a4c3de78dbd2c4/mc-127-big-Data.db:level=0, ]. 85224 bytes to 46296 (~54% of original) in 463ms = 0.10MB/s. ~256 total partitions merged to 3.
2020-08-17T00:13:45.375327888Z  INFO  2020-08-17 00:13:45,374 [shard 0] gossip - No gossip backlog; proceeding
2020-08-17T00:13:45.377851992Z  INFO  2020-08-17 00:13:45,375 [shard 0] features - Feature COMPUTED_COLUMNS is enabled
2020-08-17T00:13:45.377922206Z  INFO  2020-08-17 00:13:45,375 [shard 0] features - Feature CORRECT_COUNTER_ORDER is enabled
2020-08-17T00:13:45.377945396Z  INFO  2020-08-17 00:13:45,375 [shard 0] features - Feature CORRECT_NON_COMPOUND_RANGE_TOMBSTONES is enabled
2020-08-17T00:13:45.377965603Z  INFO  2020-08-17 00:13:45,375 [shard 0] features - Feature CORRECT_STATIC_COMPACT_IN_MC is enabled
2020-08-17T00:13:45.377985427Z  INFO  2020-08-17 00:13:45,375 [shard 0] features - Feature COUNTERS is enabled
2020-08-17T00:13:45.378032189Z  INFO  2020-08-17 00:13:45,375 [shard 0] features - Feature DIGEST_INSENSITIVE_TO_EXPIRY is enabled
2020-08-17T00:13:45.378049373Z  INFO  2020-08-17 00:13:45,375 [shard 0] features - Feature DIGEST_MULTIPARTITION_READ is enabled
2020-08-17T00:13:45.378064696Z  INFO  2020-08-17 00:13:45,375 [shard 0] features - Feature HINTED_HANDOFF_SEPARATE_CONNECTION is enabled
2020-08-17T00:13:45.378086481Z  INFO  2020-08-17 00:13:45,375 [shard 0] features - Feature INDEXES is enabled
2020-08-17T00:13:45.378096345Z  INFO  2020-08-17 00:13:45,376 [shard 0] features - Feature LARGE_PARTITIONS is enabled
2020-08-17T00:13:45.378106289Z  INFO  2020-08-17 00:13:45,376 [shard 0] features - Feature LWT is enabled
2020-08-17T00:13:45.378116094Z  INFO  2020-08-17 00:13:45,376 [shard 0] features - Feature MATERIALIZED_VIEWS is enabled
2020-08-17T00:13:45.378125921Z  INFO  2020-08-17 00:13:45,376 [shard 0] features - Feature MC_SSTABLE_FORMAT is enabled
2020-08-17T00:13:45.378282427Z  INFO  2020-08-17 00:13:45,376 [shard 0] features - Feature NONFROZEN_UDTS is enabled
2020-08-17T00:13:45.378303351Z  INFO  2020-08-17 00:13:45,376 [shard 0] features - Feature PER_TABLE_PARTITIONERS is enabled
2020-08-17T00:13:45.378362327Z  INFO  2020-08-17 00:13:45,376 [shard 0] features - Feature RANGE_TOMBSTONES is enabled
2020-08-17T00:13:45.378374898Z  INFO  2020-08-17 00:13:45,376 [shard 0] features - Feature ROLES is enabled
2020-08-17T00:13:45.378384721Z  INFO  2020-08-17 00:13:45,376 [shard 0] features - Feature ROW_LEVEL_REPAIR is enabled
2020-08-17T00:13:45.378394361Z  INFO  2020-08-17 00:13:45,376 [shard 0] features - Feature SCHEMA_TABLES_V3 is enabled
2020-08-17T00:13:45.378404071Z  INFO  2020-08-17 00:13:45,376 [shard 0] features - Feature STREAM_WITH_RPC_STREAM is enabled
2020-08-17T00:13:45.378445342Z  INFO  2020-08-17 00:13:45,376 [shard 0] features - Feature TRUNCATION_TABLE is enabled
2020-08-17T00:13:45.378466699Z  INFO  2020-08-17 00:13:45,376 [shard 0] system_keyspace - Got cluster agreement on truncation table feature. Removing legacy records.
2020-08-17T00:13:45.378490136Z  INFO  2020-08-17 00:13:45,376 [shard 0] features - Feature UNBOUNDED_RANGE_TOMBSTONES is enabled
2020-08-17T00:13:45.378510086Z  INFO  2020-08-17 00:13:45,376 [shard 0] features - Feature VIEW_VIRTUAL_COLUMNS is enabled
2020-08-17T00:13:45.378529119Z  INFO  2020-08-17 00:13:45,376 [shard 0] features - Feature WRITE_FAILURE_REPLY is enabled
2020-08-17T00:13:45.378548230Z  INFO  2020-08-17 00:13:45,376 [shard 0] features - Feature XXHASH is enabled
2020-08-17T00:13:45.378567110Z  INFO  2020-08-17 00:13:45,376 [shard 0] system_keyspace - Legacy records deleted.
2020-08-17T00:13:45.383220194Z  INFO  2020-08-17 00:13:45,378 [shard 0] init - starting system distributed keyspace
2020-08-17T00:13:45.385451106Z  INFO  2020-08-17 00:13:45,384 [shard 0] storage_service - Using saved tokens {943448605036726745, 9061580907506437136, 8957018461898327244, 8813999419995718088, 8775859223532977932, 873311388414975666, 8707696313600310498, 8675978575875245837, 855031166620283245, 8476533345381470087, 8413544620893079714, 8382283044476755854, 7804258889026263620, 778239093056833917, 7732629563319678675, 7564694057214588647, 747840302865059114, 7255484784972643852, 700944770677405149, 7009081579420542256, 7354219953741161264, 6974970471767945112, 6788034976878782500, 667581605220131528, 6496091893897576732, 6478032244021912394, 6420907855788431922, 8777890816944145805, 6381418245203458391, 6358173612251239308, 6302443190184390149, 6115776390551923703, 5906838239532612246, 5890706123786165213, 588034934972968299, 5848278814186320030, 5834675951458569055, 5796254206948921528, -6441145814158460549, 7172238068082229918, -6238625478980828395, -6199824488038647909, -572473923349256348, -5526097868254533829, -5508289632699420366, -6338043935148530859, 4738411181964629022, -5411685484465544274, 5103660925946342563, -5360532551957069796, -5246840897237646542, -8953406550820932827, -511676141100664160, -4872163430844150374, 5153854518462400651, -4829128129506020031, 6818717460470417221, -4735496583611878200, -7913213531410876291, -8612347190400988175, 3361838207769500988, -4770694758141334815, 3533570692245755170, -3014142033706378490, -6648258355715071793, 105268539462240253, 6448269612184381105, 3941245744356891698, -4925670906471950289, -6853270293933441203, -431455211546220291, -4106310081010891923, -4280461110562472301, -4231054370802445643, 4453520694484038438, -5140544052953576706, -7341700934491837716, -4177024142024341044, -2365586676906010085, -4368295386640868227, -6779834804380741154, 7103497347382660592, -471701403720839764, -2187125227394891465, -1593748153114868683, 8325613099551670589, -6017078328443447975, 408961909545308462, -3256341547923989103, 1911454556365012923, -2135119982021577211, -6104126434670973331, -1614584707908969492, -5285270377043925775, 194223785007163967, 3556932048290112968, 4378909036113166689, -2319706609635128471, 782580883702972777, -3880555618453256762, -2879534723161185431, 7469085752185829039, -8001902308657073600, -1522914538603683793, 784130423392421222, -3409621329811667263, -5136236598692180863, -2640475812391264528, 3907413558358164712, -2166731983266837511, -8529251962487546573, -5228242602708342126, -6263078841153087564, -1295419475388780424, 5311755414232655734, -4113405879925637368, 2104079815049743807, -105211415949921556, -1004253484774030395, -6093280019772326743, -1363472444035739717, 7772390126184307669, 3373616921334842984, -3428624778218969630, -4475005699924690030, -1207620414022812792, -4203952547861361192, -4895652206680369668, 5569071124009844993, -2800260328053956713, 1033733984444816800, -1761718599052329021, -6249520955674807415, -6810383749951706976, -2391018463907211455, -3729138346528579520, -3942245253345029362, -1032698423218536378, 2233495137371904435, -1970747149103226319, 2531294222158762011, 4445989245037378795, -2648919406212884980, 800062458669145892, -6586482614645135705, -8855822008500182327, -2076430708060394350, -6127879535600466936, 5017042126534426855, -6767019288334108993, -6985294397658573838, -2605645373691895986, 2542018259596577135, -2699231837109027988, -9132047842757487932, 9066588519930559993, -4601858807243735115, 1470306277250886071, 1688077838521597411, -2700796200994103492, -5656441245782528349, 3822141065635310082, -4415280594152455372, -1709100826419756065, -2732234699235264563, -3101294897153501639, 6933997554702494562, -4541237399207364623, 1251119865371637993, -3280527161887251879, -4007868363884276055, -4134923634748466107, -5595342098352848506, 533209426647054698, 285540986842976874, -4193553788022177878, -7111183380354176443, 7880345233810794046, -7190282066974323895, -7232953798633244985, -7512330892235471280, -889434854029329118, 9122882257136270100, 3909145942678699742, 2870638580126821409, -2685359252619347507, 4540975434217357056, 1912522665107890116, -1474028219808469861, -7767361191227918078, -8495384334141326469, -8024675672634848221, -8352632933072691056, -1084614158625469139, -8372022353883945178, -1171738939209168407, -8485257529464526975, -8549013321787275289, -7405825010257289618, -8694753427154041557, -9173155356561330710, -3164480873853500968, 1172299952227812636, 1535311813904826318, 156312151312654313, 2050968450175517454, 1018091569669202328, 1574734081023094222, 214428871588027420, -5095673126210616552, 2431756818088451524, -1208769590907790735, 3022913469242457337, 2609254198811139442, 5396954320704971060, 284028081363756156, -184157634332906914, 2879924223908633556, 3014475854062098037, 8280511155447462154, 3058186759042775792, 3100842289958262644, -769344519844763244, 3287699046743316011, 7743526815996532326, -7148146405116016542, 352278596429886466, 3606629961194077343, 3840184102447470012, -4623422606623793434, 3924960423780627192, 4660022660859336370, 5401470720317959250, 3979649323160207298, 4037379789709069307, 790424663468033093, 5150907166433009570, 4083460330442256183, 4262233236239091105, 4461207940793579131, 7222389702734437292, 4497639963855891379, 5935809959838255935, 525652295242460822, -9210810031089136649, 3145063885579200582, 5102381975608989830, 5104799485589097680, -467985751191813914, 5122450296475986719, 5256736089695841171, 5341717901052361821, 5441044328235651423, 5661405961885371428, -6303682351633097607, 5704999654143823990}
2020-08-17T00:13:45.404681700Z  INFO  2020-08-17 00:13:45,404 [shard 0] database - Schema version changed to e1b2d478-e5f2-30c4-b994-d93919918df3
2020-08-17T00:13:45.405161325Z  INFO  2020-08-17 00:13:45,404 [shard 0] database - Schema version changed to e1b2d478-e5f2-30c4-b994-d93919918df3
2020-08-17T00:13:45.406185662Z  INFO  2020-08-17 00:13:45,405 [shard 0] database - Schema version changed to 0e03d198-385b-3f36-8c34-c3f5846bbbac
2020-08-17T00:13:46.876819168Z  INFO  2020-08-17 00:13:46,876 [shard 0] compaction - Compacting [/var/lib/scylla/data/system/local-7ad54392bcdd35a684174e047860b377/mc-380-big-Data.db:level=0, /var/lib/scylla/data/system/local-7ad54392bcdd35a684174e047860b377/mc-378-big-Data.db:level=0, ]
2020-08-17T00:13:47.117163983Z  INFO  2020-08-17 00:13:47,116 [shard 0] storage_service - Node 10.0.22.199 state jump to normal
2020-08-17T00:13:47.117220564Z  INFO  2020-08-17 00:13:47,116 [shard 0] storage_service - Remove node 10.0.22.199 from pending replacing endpoint
2020-08-17T00:13:47.761197978Z  INFO  2020-08-17 00:13:47,760 [shard 0] storage_service - NORMAL: node is now in normal status
2020-08-17T00:13:47.761289990Z  INFO  2020-08-17 00:13:47,760 [shard 0] cdc - No generation seen during startup.
2020-08-17T00:13:47.763297537Z  INFO  2020-08-17 00:13:47,762 [shard 0] init - starting tracing
2020-08-17T00:13:47.764854531Z  INFO  2020-08-17 00:13:47,764 [shard 0] storage_service - SSTable data integrity checker is disabled.
2020-08-17T00:13:47.765801619Z  INFO  2020-08-17 00:13:47,765 [shard 0] init - starting batchlog manager
2020-08-17T00:13:47.766875143Z  INFO  2020-08-17 00:13:47,766 [shard 0] init - starting load meter
2020-08-17T00:13:47.767680179Z  INFO  2020-08-17 00:13:47,767 [shard 0] init - starting cf cache hit rate calculator
2020-08-17T00:13:47.768558624Z  INFO  2020-08-17 00:13:47,768 [shard 0] init - starting view update backlog broker
2020-08-17T00:13:47.769924284Z  INFO  2020-08-17 00:13:47,769 [shard 0] init - Waiting for gossip to settle before accepting client requests...
2020-08-17T00:13:47.810366188Z  INFO  2020-08-17 00:13:47,809 [shard 0] compaction - Compacted 2 sstables to [/var/lib/scylla/data/system/local-7ad54392bcdd35a684174e047860b377/mc-384-big-Data.db:level=0, ]. 18353 bytes to 12071 (~65% of original) in 815ms = 0.01MB/s. ~256 total partitions merged to 1.
2020-08-17T00:13:47.812066514Z  INFO  2020-08-17 00:13:47,811 [shard 0] compaction - Compacting [/var/lib/scylla/data/system/local-7ad54392bcdd35a684174e047860b377/mc-382-big-Data.db:level=0, /var/lib/scylla/data/system/local-7ad54392bcdd35a684174e047860b377/mc-384-big-Data.db:level=0, ]
2020-08-17T00:13:48.282361887Z  INFO  2020-08-17 00:13:48,281 [shard 0] compaction - Compacted 2 sstables to [/var/lib/scylla/data/system/local-7ad54392bcdd35a684174e047860b377/mc-386-big-Data.db:level=0, ]. 18170 bytes to 12075 (~66% of original) in 395ms = 0.03MB/s. ~256 total partitions merged to 1.
2020-08-17T00:13:59.773176008Z  INFO  2020-08-17 00:13:59,770 [shard 0] gossip - No gossip backlog; proceeding
2020-08-17T00:13:59.773230832Z  INFO  2020-08-17 00:13:59,771 [shard 0] init - allow replaying hints
2020-08-17T00:13:59.773253449Z  INFO  2020-08-17 00:13:59,771 [shard 0] init - Launching generate_mv_updates for non system tables
2020-08-17T00:13:59.773283581Z  INFO  2020-08-17 00:13:59,772 [shard 0] init - starting the view builder
2020-08-17T00:14:00.167807856Z  INFO  2020-08-17 00:14:00,166 [shard 0] init - starting native transport
2020-08-17T00:14:00.167851675Z  INFO  2020-08-17 00:14:00,166 [shard 0] compaction - Compacting [/var/lib/scylla/data/system/truncated-38c19fd0fb863310a4b70d0cc66628aa/mc-166-big-Data.db:level=0, /var/lib/scylla/data/system/truncated-38c19fd0fb863310a4b70d0cc66628aa/mc-164-big-Data.db:level=0, ]
2020-08-17T00:14:00.168188151Z  INFO  2020-08-17 00:14:00,167 [shard 0] storage_service - Starting listening for CQL clients on 10.0.22.199:9042 (unencrypted)
2020-08-17T00:14:00.168934750Z  INFO  2020-08-17 00:14:00,168 [shard 0] storage_service - Thrift server listening on 10.0.22.199:9160 ...
2020-08-17T00:14:00.169545392Z  INFO  2020-08-17 00:14:00,169 [shard 0] init - serving
2020-08-17T00:14:00.169597685Z  INFO  2020-08-17 00:14:00,169 [shard 0] init - Scylla version 4.1.4-0.20200809.76f4bc4c6f0 initialization completed.
2020-08-17T00:14:01.057718892Z  INFO  2020-08-17 00:14:01,056 [shard 0] compaction - Compacted 2 sstables to [/var/lib/scylla/data/system/truncated-38c19fd0fb863310a4b70d0cc66628aa/mc-168-big-Data.db:level=0, ]. 82074 bytes to 76841 (~93% of original) in 631ms = 0.12MB/s. ~256 total partitions merged to 3.
2020-08-17T00:18:33.964045556Z  INFO  2020-08-17 00:18:33,963 [shard 1] compaction - Compacting [/var/lib/scylla/data/system/clients-ca0f635d863036098d93a1fc06f2a5e5/mc-3-big-Data.db:level=0, /var/lib/scylla/data/system/clients-ca0f635d863036098d93a1fc06f2a5e5/mc-5-big-Data.db:level=0, ]
2020-08-17T00:18:34.350594610Z  INFO  2020-08-17 00:18:34,350 [shard 1] compaction - Compacted 2 sstables to [/var/lib/scylla/data/system/clients-ca0f635d863036098d93a1fc06f2a5e5/mc-7-big-Data.db:level=0, ]. 97854 bytes to 6636 (~6% of original) in 310ms = 0.02MB/s. ~256 total partitions merged to 1.
2020-08-17T00:18:55.691006840Z  INFO  2020-08-17 00:18:55,690 [shard 1] compaction - Compacting [/var/lib/scylla/data/system/clients-ca0f635d863036098d93a1fc06f2a5e5/mc-7-big-Data.db:level=0, /var/lib/scylla/data/system/clients-ca0f635d863036098d93a1fc06f2a5e5/mc-9-big-Data.db:level=0, ]
2020-08-17T00:18:56.281608872Z  INFO  2020-08-17 00:18:56,281 [shard 1] compaction - Compacted 2 sstables to [/var/lib/scylla/data/system/clients-ca0f635d863036098d93a1fc06f2a5e5/mc-11-big-Data.db:level=0, ]. 55603 bytes to 6248 (~11% of original) in 313ms = 0.02MB/s. ~256 total partitions merged to 1.
2020-08-17T00:20:02.305202235Z  INFO  2020-08-17 00:20:02,304 [shard 1] compaction - Compacting [/var/lib/scylla/data/system/clients-ca0f635d863036098d93a1fc06f2a5e5/mc-11-big-Data.db:level=0, /var/lib/scylla/data/system/clients-ca0f635d863036098d93a1fc06f2a5e5/mc-13-big-Data.db:level=0, ]
2020-08-17T00:20:02.435125656Z  INFO  2020-08-17 00:20:02,434 [shard 1] compaction - Compacted 2 sstables to []. 55308 bytes to 0 (~0% of original) in 29ms = 0.00MB/s. ~256 total partitions merged to 0.
2020-08-17T00:20:45.733706412Z  INFO  2020-08-17 00:20:45,733 [shard 1] compaction - Compacting [/var/lib/scylla/data/system/clients-ca0f635d863036098d93a1fc06f2a5e5/mc-17-big-Data.db:level=0, /var/lib/scylla/data/system/clients-ca0f635d863036098d93a1fc06f2a5e5/mc-15-big-Data.db:level=0, ]
2020-08-17T00:20:46.381416604Z  INFO  2020-08-17 00:20:46,380 [shard 1] compaction - Compacted 2 sstables to [/var/lib/scylla/data/system/clients-ca0f635d863036098d93a1fc06f2a5e5/mc-19-big-Data.db:level=0, ]. 98045 bytes to 6276 (~6% of original) in 329ms = 0.02MB/s. ~256 total partitions merged to 1.
2020-08-17T00:21:07.330923618Z  INFO  2020-08-17 00:21:07,330 [shard 1] compaction - Compacting [/var/lib/scylla/data/system/clients-ca0f635d863036098d93a1fc06f2a5e5/mc-19-big-Data.db:level=0, /var/lib/scylla/data/system/clients-ca0f635d863036098d93a1fc06f2a5e5/mc-21-big-Data.db:level=0, ]
2020-08-17T00:21:07.761339783Z  INFO  2020-08-17 00:21:07,760 [shard 1] compaction - Compacted 2 sstables to [/var/lib/scylla/data/system/clients-ca0f635d863036098d93a1fc06f2a5e5/mc-23-big-Data.db:level=0, ]. 55348 bytes to 5854 (~10% of original) in 329ms = 0.02MB/s. ~256 total partitions merged to 1.
2020-08-17T00:24:57.704262767Z  INFO  2020-08-17 00:24:57,703 [shard 1] compaction - Compacting [/var/lib/scylla/data/system/clients-ca0f635d863036098d93a1fc06f2a5e5/mc-23-big-Data.db:level=0, /var/lib/scylla/data/system/clients-ca0f635d863036098d93a1fc06f2a5e5/mc-25-big-Data.db:level=0, ]
2020-08-17T00:24:59.141378693Z  INFO  2020-08-17 00:24:59,140 [shard 1] compaction - Compacted 2 sstables to [/var/lib/scylla/data/system/clients-ca0f635d863036098d93a1fc06f2a5e5/mc-27-big-Data.db:level=0, ]. 54901 bytes to 6282 (~11% of original) in 675ms = 0.01MB/s. ~256 total partitions merged to 1.
2020-08-17T00:25:19.336164337Z  INFO  2020-08-17 00:25:19,335 [shard 1] compaction - Compacting [/var/lib/scylla/data/system/clients-ca0f635d863036098d93a1fc06f2a5e5/mc-27-big-Data.db:level=0, /var/lib/scylla/data/system/clients-ca0f635d863036098d93a1fc06f2a5e5/mc-29-big-Data.db:level=0, ]
2020-08-17T00:25:19.773118467Z  INFO  2020-08-17 00:25:19,772 [shard 1] compaction - Compacted 2 sstables to [/var/lib/scylla/data/system/clients-ca0f635d863036098d93a1fc06f2a5e5/mc-31-big-Data.db:level=0, ]. 55261 bytes to 5859 (~10% of original) in 336ms = 0.02MB/s. ~256 total partitions merged to 1.
2020-08-17T00:25:41.016365772Z  INFO  2020-08-17 00:25:41,015 [shard 1] compaction - Compacting [/var/lib/scylla/data/system/clients-ca0f635d863036098d93a1fc06f2a5e5/mc-31-big-Data.db:level=0, /var/lib/scylla/data/system/clients-ca0f635d863036098d93a1fc06f2a5e5/mc-33-big-Data.db:level=0, ]
2020-08-17T00:25:41.486568848Z  INFO  2020-08-17 00:25:41,485 [shard 1] compaction - Compacted 2 sstables to [/var/lib/scylla/data/system/clients-ca0f635d863036098d93a1fc06f2a5e5/mc-35-big-Data.db:level=0, ]. 54871 bytes to 5926 (~10% of original) in 376ms = 0.02MB/s. ~256 total partitions merged to 1.
2020-08-17T00:26:02.794390933Z  INFO  2020-08-17 00:26:02,793 [shard 1] compaction - Compacting [/var/lib/scylla/data/system/clients-ca0f635d863036098d93a1fc06f2a5e5/mc-35-big-Data.db:level=0, /var/lib/scylla/data/system/clients-ca0f635d863036098d93a1fc06f2a5e5/mc-37-big-Data.db:level=0, ]
2020-08-17T00:26:03.282156823Z  INFO  2020-08-17 00:26:03,281 [shard 1] compaction - Compacted 2 sstables to [/var/lib/scylla/data/system/clients-ca0f635d863036098d93a1fc06f2a5e5/mc-39-big-Data.db:level=0, ]. 54946 bytes to 6382 (~11% of original) in 371ms = 0.02MB/s. ~256 total partitions merged to 1.
2020-08-17T00:27:46.834902919Z  INFO  2020-08-17 00:27:46,834 [shard 1] compaction - Compacting [/var/lib/scylla/data/system/clients-ca0f635d863036098d93a1fc06f2a5e5/mc-39-big-Data.db:level=0, /var/lib/scylla/data/system/clients-ca0f635d863036098d93a1fc06f2a5e5/mc-41-big-Data.db:level=0, ]
2020-08-17T00:27:47.564599864Z  INFO  2020-08-17 00:27:47,563 [shard 1] compaction - Compacted 2 sstables to [/var/lib/scylla/data/system/clients-ca0f635d863036098d93a1fc06f2a5e5/mc-43-big-Data.db:level=0, ]. 55379 bytes to 6101 (~11% of original) in 603ms = 0.01MB/s. ~256 total partitions merged to 1.
2020-08-17T00:28:08.239750604Z  INFO  2020-08-17 00:28:08,239 [shard 1] compaction - Compacting [/var/lib/scylla/data/system/clients-ca0f635d863036098d93a1fc06f2a5e5/mc-43-big-Data.db:level=0, /var/lib/scylla/data/system/clients-ca0f635d863036098d93a1fc06f2a5e5/mc-45-big-Data.db:level=0, ]
2020-08-17T00:28:08.712957686Z  INFO  2020-08-17 00:28:08,712 [shard 1] compaction - Compacted 2 sstables to [/var/lib/scylla/data/system/clients-ca0f635d863036098d93a1fc06f2a5e5/mc-47-big-Data.db:level=0, ]. 55098 bytes to 5860 (~10% of original) in 380ms = 0.01MB/s. ~256 total partitions merged to 1.
2020-08-17T00:28:29.876634817Z  INFO  2020-08-17 00:28:29,876 [shard 1] compaction - Compacting [/var/lib/scylla/data/system/clients-ca0f635d863036098d93a1fc06f2a5e5/mc-47-big-Data.db:level=0, /var/lib/scylla/data/system/clients-ca0f635d863036098d93a1fc06f2a5e5/mc-49-big-Data.db:level=0, ]
2020-08-17T00:28:30.349609764Z  INFO  2020-08-17 00:28:30,349 [shard 1] compaction - Compacted 2 sstables to [/var/lib/scylla/data/system/clients-ca0f635d863036098d93a1fc06f2a5e5/mc-51-big-Data.db:level=0, ]. 54932 bytes to 6461 (~11% of original) in 336ms = 0.02MB/s. ~256 total partitions merged to 1.
2020-08-17T00:28:51.648617526Z  INFO  2020-08-17 00:28:51,647 [shard 1] compaction - Compacting [/var/lib/scylla/data/system/clients-ca0f635d863036098d93a1fc06f2a5e5/mc-51-big-Data.db:level=0, /var/lib/scylla/data/system/clients-ca0f635d863036098d93a1fc06f2a5e5/mc-53-big-Data.db:level=0, ]
2020-08-17T00:28:52.096335906Z  INFO  2020-08-17 00:28:52,095 [shard 1] compaction - Compacted 2 sstables to [/var/lib/scylla/data/system/clients-ca0f635d863036098d93a1fc06f2a5e5/mc-55-big-Data.db:level=0, ]. 55468 bytes to 6065 (~10% of original) in 351ms = 0.02MB/s. ~256 total partitions merged to 1.
2020-08-17T00:30:20.536340416Z  INFO  2020-08-17 00:30:20,535 [shard 1] compaction - Compacting [/var/lib/scylla/data/system/clients-ca0f635d863036098d93a1fc06f2a5e5/mc-55-big-Data.db:level=0, /var/lib/scylla/data/system/clients-ca0f635d863036098d93a1fc06f2a5e5/mc-57-big-Data.db:level=0, ]
2020-08-17T00:30:21.005806087Z  INFO  2020-08-17 00:30:21,005 [shard 1] compaction - Compacted 2 sstables to [/var/lib/scylla/data/system/clients-ca0f635d863036098d93a1fc06f2a5e5/mc-59-big-Data.db:level=0, ]. 55375 bytes to 6190 (~11% of original) in 368ms = 0.02MB/s. ~256 total partitions merged to 1.
2020-08-17T00:30:41.624833906Z  INFO  2020-08-17 00:30:41,624 [shard 1] compaction - Compacting [/var/lib/scylla/data/system/clients-ca0f635d863036098d93a1fc06f2a5e5/mc-59-big-Data.db:level=0, /var/lib/scylla/data/system/clients-ca0f635d863036098d93a1fc06f2a5e5/mc-61-big-Data.db:level=0, ]
2020-08-17T00:30:42.181801175Z  INFO  2020-08-17 00:30:42,181 [shard 1] compaction - Compacted 2 sstables to [/var/lib/scylla/data/system/clients-ca0f635d863036098d93a1fc06f2a5e5/mc-63-big-Data.db:level=0, ]. 55139 bytes to 6199 (~11% of original) in 439ms = 0.01MB/s. ~256 total partitions merged to 1.
2020-08-17T00:31:01.686327469Z  INFO  2020-08-17 00:31:01,685 [shard 1] compaction - Compacting [/var/lib/scylla/data/system/clients-ca0f635d863036098d93a1fc06f2a5e5/mc-63-big-Data.db:level=0, /var/lib/scylla/data/system/clients-ca0f635d863036098d93a1fc06f2a5e5/mc-65-big-Data.db:level=0, ]
2020-08-17T00:31:02.203537878Z  INFO  2020-08-17 00:31:02,203 [shard 1] compaction - Compacted 2 sstables to [/var/lib/scylla/data/system/clients-ca0f635d863036098d93a1fc06f2a5e5/mc-67-big-Data.db:level=0, ]. 55248 bytes to 6362 (~11% of original) in 396ms = 0.02MB/s. ~256 total partitions merged to 1.
2020-08-17T00:34:46.911357648Z  INFO  2020-08-17 00:34:46,910 [shard 1] compaction - Compacting [/var/lib/scylla/data/system/clients-ca0f635d863036098d93a1fc06f2a5e5/mc-67-big-Data.db:level=0, /var/lib/scylla/data/system/clients-ca0f635d863036098d93a1fc06f2a5e5/mc-69-big-Data.db:level=0, ]
2020-08-17T00:34:47.592861731Z  INFO  2020-08-17 00:34:47,591 [shard 1] compaction - Compacted 2 sstables to [/var/lib/scylla/data/system/clients-ca0f635d863036098d93a1fc06f2a5e5/mc-71-big-Data.db:level=0, ]. 55279 bytes to 5981 (~10% of original) in 519ms = 0.01MB/s. ~256 total partitions merged to 1.
2020-08-17T00:35:08.214288762Z  INFO  2020-08-17 00:35:08,213 [shard 1] compaction - Compacting [/var/lib/scylla/data/system/clients-ca0f635d863036098d93a1fc06f2a5e5/mc-71-big-Data.db:level=0, /var/lib/scylla/data/system/clients-ca0f635d863036098d93a1fc06f2a5e5/mc-73-big-Data.db:level=0, ]
2020-08-17T00:35:08.717602456Z  INFO  2020-08-17 00:35:08,717 [shard 1] compaction - Compacted 2 sstables to [/var/lib/scylla/data/system/clients-ca0f635d863036098d93a1fc06f2a5e5/mc-75-big-Data.db:level=0, ]. 54965 bytes to 5924 (~10% of original) in 394ms = 0.01MB/s. ~256 total partitions merged to 1.
2020-08-17T00:35:29.963992559Z  INFO  2020-08-17 00:35:29,963 [shard 1] compaction - Compacting [/var/lib/scylla/data/system/clients-ca0f635d863036098d93a1fc06f2a5e5/mc-75-big-Data.db:level=0, /var/lib/scylla/data/system/clients-ca0f635d863036098d93a1fc06f2a5e5/mc-77-big-Data.db:level=0, ]
2020-08-17T00:35:30.427464858Z  INFO  2020-08-17 00:35:30,426 [shard 1] compaction - Compacted 2 sstables to [/var/lib/scylla/data/system/clients-ca0f635d863036098d93a1fc06f2a5e5/mc-79-big-Data.db:level=0, ]. 55056 bytes to 6568 (~11% of original) in 378ms = 0.02MB/s. ~256 total partitions merged to 1.
2020-08-17T00:35:52.659011194Z  INFO  2020-08-17 00:35:52,658 [shard 1] compaction - Compacting [/var/lib/scylla/data/system/clients-ca0f635d863036098d93a1fc06f2a5e5/mc-79-big-Data.db:level=0, /var/lib/scylla/data/system/clients-ca0f635d863036098d93a1fc06f2a5e5/mc-81-big-Data.db:level=0, ]
2020-08-17T00:35:54.561852979Z  INFO  2020-08-17 00:35:54,560 [shard 1] compaction - Compacted 2 sstables to [/var/lib/scylla/data/system/clients-ca0f635d863036098d93a1fc06f2a5e5/mc-83-big-Data.db:level=0, ]. 55587 bytes to 5966 (~10% of original) in 1390ms = 0.00MB/s. ~256 total partitions merged to 1.
2020-08-17T00:37:45.991436821Z  INFO  2020-08-17 00:37:45,990 [shard 1] compaction - Compacting [/var/lib/scylla/data/system/clients-ca0f635d863036098d93a1fc06f2a5e5/mc-83-big-Data.db:level=0, /var/lib/scylla/data/system/clients-ca0f635d863036098d93a1fc06f2a5e5/mc-85-big-Data.db:level=0, ]
2020-08-17T00:37:46.964522356Z  INFO  2020-08-17 00:37:46,964 [shard 1] compaction - Compacted 2 sstables to [/var/lib/scylla/data/system/clients-ca0f635d863036098d93a1fc06f2a5e5/mc-87-big-Data.db:level=0, ]. 55149 bytes to 6728 (~12% of original) in 627ms = 0.01MB/s. ~256 total partitions merged to 1.
2020-08-17T00:38:10.103702329Z  INFO  2020-08-17 00:38:10,103 [shard 1] compaction - Compacting [/var/lib/scylla/data/system/clients-ca0f635d863036098d93a1fc06f2a5e5/mc-87-big-Data.db:level=0, /var/lib/scylla/data/system/clients-ca0f635d863036098d93a1fc06f2a5e5/mc-89-big-Data.db:level=0, ]
2020-08-17T00:38:10.223338891Z  INFO  2020-08-17 00:38:10,222 [shard 1] compaction - Compacted 2 sstables to []. 55806 bytes to 0 (~0% of original) in 20ms = 0.00MB/s. ~256 total partitions merged to 0.
2020-08-17T00:38:48.580380773Z  INFO  2020-08-17 00:38:48,579 [shard 1] compaction - Compacting [/var/lib/scylla/data/system/clients-ca0f635d863036098d93a1fc06f2a5e5/mc-93-big-Data.db:level=0, /var/lib/scylla/data/system/clients-ca0f635d863036098d93a1fc06f2a5e5/mc-91-big-Data.db:level=0, ]
2020-08-17T00:38:49.037512493Z  INFO  2020-08-17 00:38:49,036 [shard 1] compaction - Compacted 2 sstables to [/var/lib/scylla/data/system/clients-ca0f635d863036098d93a1fc06f2a5e5/mc-95-big-Data.db:level=0, ]. 97824 bytes to 6225 (~6% of original) in 354ms = 0.02MB/s. ~256 total partitions merged to 1.
