2020-08-17T04:14:38.858996661Z  [2020-08-17T04:14:38Z INFO  dt_client_bytes] Starting client. Host at mqtt-broker:1883
2020-08-17T04:14:38.859053334Z  [2020-08-17T04:14:38Z INFO  dt_client_bytes] Thread of topic 38162cb0-e585-43d7-b55d-5c240b2bfb7c/3142192f-6bae-4f12-a6f3-5464dc37e790/d0a71d84-b80f-4558-beac-8887750652e3
2020-08-17T04:14:38.859067083Z  [2020-08-17T04:14:38Z INFO  dt_client_bytes] 0::38162cb0-e585-43d7-b55d-5c240b2bfb7c/3142192f-6bae-4f12-a6f3-5464dc37e790/d0a71d84-b80f-4558-beac-8887750652e3 "0 J8GyigrJJLdqV6m6dL9REI7l6xKUTBxJIin3Kzw8rgCs2nsJXEXiCiR54WXn5T"
2020-08-17T04:14:38.869477225Z  [2020-08-17T04:14:38Z INFO  dt_client_bytes] 1::38162cb0-e585-43d7-b55d-5c240b2bfb7c/3142192f-6bae-4f12-a6f3-5464dc37e790/d0a71d84-b80f-4558-beac-8887750652e3 "1 yuJ6uG8S1sAEW4Qn3BXwBMd9VsqmRT1bJWuXcsLFmI9D2Da2e7HexwfEjLkeAY"
2020-08-17T04:14:38.880742680Z  [2020-08-17T04:14:38Z INFO  dt_client_bytes] 2::38162cb0-e585-43d7-b55d-5c240b2bfb7c/3142192f-6bae-4f12-a6f3-5464dc37e790/d0a71d84-b80f-4558-beac-8887750652e3 "2 y8wGDmgHyZcCqZVqyN34LKswQJPuqyDeVgwEZsw2XQZODZVb7vuYS3u3odslEB"
2020-08-17T04:14:38.891987326Z  [2020-08-17T04:14:38Z INFO  dt_client_bytes] 3::38162cb0-e585-43d7-b55d-5c240b2bfb7c/3142192f-6bae-4f12-a6f3-5464dc37e790/d0a71d84-b80f-4558-beac-8887750652e3 "3 KPhAb76WKNNfP4EnP7MZkbMbLV5pkhjPqEak6ONJcgcMQlgll3q8dHtA8nAQ4X"
2020-08-17T04:14:38.903200871Z  [2020-08-17T04:14:38Z INFO  dt_client_bytes] 4::38162cb0-e585-43d7-b55d-5c240b2bfb7c/3142192f-6bae-4f12-a6f3-5464dc37e790/d0a71d84-b80f-4558-beac-8887750652e3 "4 G9bTAvLv2eNrMS9KZUbswND8P1JI5EOZTh4MgkUU45y70zEnA6P9DfxHIXPLOW"
2020-08-17T04:14:38.914488965Z  [2020-08-17T04:14:38Z INFO  dt_client_bytes] 5::38162cb0-e585-43d7-b55d-5c240b2bfb7c/3142192f-6bae-4f12-a6f3-5464dc37e790/d0a71d84-b80f-4558-beac-8887750652e3 "5 yLuaEaD6fxfX9Ld1n4v6y8LaWzqSnSkUafEK8s9TVstU5XbELHrPXD77wKZuKC"
2020-08-17T04:14:38.925766960Z  [2020-08-17T04:14:38Z INFO  dt_client_bytes] 6::38162cb0-e585-43d7-b55d-5c240b2bfb7c/3142192f-6bae-4f12-a6f3-5464dc37e790/d0a71d84-b80f-4558-beac-8887750652e3 "6 iiCGIQazjuE7TC3LbG7nvQ0hW3AWlSjBqWkWn5Jm7IF04dUeeC1GQQcFv33v5r"
2020-08-17T04:14:38.936953191Z  [2020-08-17T04:14:38Z INFO  dt_client_bytes] 7::38162cb0-e585-43d7-b55d-5c240b2bfb7c/3142192f-6bae-4f12-a6f3-5464dc37e790/d0a71d84-b80f-4558-beac-8887750652e3 "7 xhMDqX0YwcmRmJDWY5QhLioXeKocuSCYKqfh4544VbwkS7HVRtNMBbH3BpXuCE"
2020-08-17T04:14:38.948039195Z  [2020-08-17T04:14:38Z INFO  dt_client_bytes] 8::38162cb0-e585-43d7-b55d-5c240b2bfb7c/3142192f-6bae-4f12-a6f3-5464dc37e790/d0a71d84-b80f-4558-beac-8887750652e3 "8 c7mZnED9Mf2fx8Ie2JvbnbzvD3uERM9BhOu8KQgpx32aPCjNb9dlmtPko5Cp1v"
2020-08-17T04:14:38.959152658Z  [2020-08-17T04:14:38Z INFO  dt_client_bytes] 9::38162cb0-e585-43d7-b55d-5c240b2bfb7c/3142192f-6bae-4f12-a6f3-5464dc37e790/d0a71d84-b80f-4558-beac-8887750652e3 "9 qd8RWpWejDkqLTtwTQ7iyNlHvlqY5AOptQom2zeYiwDpdM5NTwrOOA7QCkMH3Z"
2020-08-17T04:14:38.970087159Z  [2020-08-17T04:14:38Z INFO  dt_client_bytes] 10::38162cb0-e585-43d7-b55d-5c240b2bfb7c/3142192f-6bae-4f12-a6f3-5464dc37e790/d0a71d84-b80f-4558-beac-8887750652e3 "10 ugbDlFSW5LQ4AfhhnYwSTjbAPMJGlcR6VkDbFJnGsn0D17Z5Vv8XxIr5FKxHX"
2020-08-17T04:14:38.981225182Z  [2020-08-17T04:14:38Z INFO  dt_client_bytes] 11::38162cb0-e585-43d7-b55d-5c240b2bfb7c/3142192f-6bae-4f12-a6f3-5464dc37e790/d0a71d84-b80f-4558-beac-8887750652e3 "11 WPzlBQ2EtQ66RCGqFc4YHIKttnGSoVf9d0VsbOR2jg3tSUoawRQiMP902IZp3"
2020-08-17T04:14:38.991506487Z  [2020-08-17T04:14:38Z INFO  dt_client_bytes] 12::38162cb0-e585-43d7-b55d-5c240b2bfb7c/3142192f-6bae-4f12-a6f3-5464dc37e790/d0a71d84-b80f-4558-beac-8887750652e3 "12 ajVeEMvBMWCZpofmoLMDRjknvhRas1eHTGlrR9Iq4UhIkoAHevZXypv2TqaLj"
2020-08-17T04:14:39.002627919Z  [2020-08-17T04:14:39Z INFO  dt_client_bytes] 13::38162cb0-e585-43d7-b55d-5c240b2bfb7c/3142192f-6bae-4f12-a6f3-5464dc37e790/d0a71d84-b80f-4558-beac-8887750652e3 "13 YKwfiEcoIOGBI20srWVKMFOhLG76SG4y3yZeg9phKI4wX3NzvUfqGhh3dmsrW"
2020-08-17T04:14:39.013779260Z  [2020-08-17T04:14:39Z INFO  dt_client_bytes] 14::38162cb0-e585-43d7-b55d-5c240b2bfb7c/3142192f-6bae-4f12-a6f3-5464dc37e790/d0a71d84-b80f-4558-beac-8887750652e3 "14 U7tCmxHgUmAREkJRwF4OSvK2L545fiqfH0HdiAJxB4IKLEjFY9UcJFgnS3i4F"
2020-08-17T04:14:39.024956878Z  [2020-08-17T04:14:39Z INFO  dt_client_bytes] 15::38162cb0-e585-43d7-b55d-5c240b2bfb7c/3142192f-6bae-4f12-a6f3-5464dc37e790/d0a71d84-b80f-4558-beac-8887750652e3 "15 b7EayW1V0LmUwdLxZQg8sye4XnjJDAEpLy8XZOwBjlmqm720kEQpUg6TzdEWQ"
2020-08-17T04:14:39.036221285Z  [2020-08-17T04:14:39Z INFO  dt_client_bytes] 16::38162cb0-e585-43d7-b55d-5c240b2bfb7c/3142192f-6bae-4f12-a6f3-5464dc37e790/d0a71d84-b80f-4558-beac-8887750652e3 "16 M2aZCjqqx9RdvbyRJLRMrMmIjnNPQMDh4XLKHgbk9EJIHrQ0X2pBcUn5Z8mFl"
2020-08-17T04:14:39.047551373Z  [2020-08-17T04:14:39Z INFO  dt_client_bytes] 17::38162cb0-e585-43d7-b55d-5c240b2bfb7c/3142192f-6bae-4f12-a6f3-5464dc37e790/d0a71d84-b80f-4558-beac-8887750652e3 "17 uxks4xZB7NJo8iYGVqHaQEigUcI2WdICVYexmqHvDI4WgdDO1d8RYr61g7Njy"
2020-08-17T04:14:39.058952032Z  [2020-08-17T04:14:39Z INFO  dt_client_bytes] 18::38162cb0-e585-43d7-b55d-5c240b2bfb7c/3142192f-6bae-4f12-a6f3-5464dc37e790/d0a71d84-b80f-4558-beac-8887750652e3 "18 X1ObYLqvWPljr439ov6qzajsabzXCKV9RRdjQwG7bOHIZaxVA43RIZ6FCuKzH"
2020-08-17T04:14:39.070348752Z  [2020-08-17T04:14:39Z INFO  dt_client_bytes] 19::38162cb0-e585-43d7-b55d-5c240b2bfb7c/3142192f-6bae-4f12-a6f3-5464dc37e790/d0a71d84-b80f-4558-beac-8887750652e3 "19 3GuMEFt9Weo5fZ6lLUkiSlSJJ5R4PQsgZt7em5XnJaAcp2NIVlqQw0MD9lkkH"
2020-08-17T04:14:39.088361691Z  [2020-08-17T04:14:39Z INFO  dt_client_bytes] Publish 1
2020-08-17T04:14:39.088431346Z  [2020-08-17T04:14:39Z INFO  dt_client_bytes] 20::38162cb0-e585-43d7-b55d-5c240b2bfb7c/3142192f-6bae-4f12-a6f3-5464dc37e790/d0a71d84-b80f-4558-beac-8887750652e3 "20 Cn5rDE282AievwlMR7YZxoJD6iv3kBYI2ffo0F8abjW2sjPSWDCTN2zt0V5rh"
2020-08-17T04:14:39.089665620Z  [2020-08-17T04:14:39Z INFO  dt_client_bytes] Publish 2
2020-08-17T04:14:39.090967745Z  [2020-08-17T04:14:39Z INFO  dt_client_bytes] Publish 3
2020-08-17T04:14:39.092223400Z  [2020-08-17T04:14:39Z INFO  dt_client_bytes] Publish 4
2020-08-17T04:14:39.093544266Z  [2020-08-17T04:14:39Z INFO  dt_client_bytes] Publish 5
2020-08-17T04:14:39.094843643Z  [2020-08-17T04:14:39Z INFO  dt_client_bytes] Publish 6
2020-08-17T04:14:39.096177663Z  [2020-08-17T04:14:39Z INFO  dt_client_bytes] Publish 7
2020-08-17T04:14:39.097515879Z  [2020-08-17T04:14:39Z INFO  dt_client_bytes] Publish 8
2020-08-17T04:14:39.098979575Z  [2020-08-17T04:14:39Z INFO  dt_client_bytes] Publish 9
2020-08-17T04:14:39.099064197Z  [2020-08-17T04:14:39Z INFO  dt_client_bytes] 21::38162cb0-e585-43d7-b55d-5c240b2bfb7c/3142192f-6bae-4f12-a6f3-5464dc37e790/d0a71d84-b80f-4558-beac-8887750652e3 "21 eNhUs7XcuzffaKJ8hOL1fSouxfvFdffaXcV8Jzyl3QSK1zYsPMWH8OGhRQKSh"
2020-08-17T04:14:39.100289521Z  [2020-08-17T04:14:39Z INFO  dt_client_bytes] Publish 10
2020-08-17T04:14:39.101597439Z  [2020-08-17T04:14:39Z INFO  dt_client_bytes] Publish 11
2020-08-17T04:14:39.102803545Z  [2020-08-17T04:14:39Z INFO  dt_client_bytes] Publish 12
2020-08-17T04:14:39.104072095Z  [2020-08-17T04:14:39Z INFO  dt_client_bytes] Publish 13
2020-08-17T04:14:39.105428795Z  [2020-08-17T04:14:39Z INFO  dt_client_bytes] Publish 14
2020-08-17T04:14:39.105492458Z  [2020-08-17T04:14:39Z INFO  dt_client_bytes] Publish 15
2020-08-17T04:14:39.106684896Z  [2020-08-17T04:14:39Z INFO  dt_client_bytes] Publish 16
2020-08-17T04:14:39.108033848Z  [2020-08-17T04:14:39Z INFO  dt_client_bytes] Publish 17
2020-08-17T04:14:39.109308346Z  [2020-08-17T04:14:39Z INFO  dt_client_bytes] Publish 18
2020-08-17T04:14:39.110626501Z  [2020-08-17T04:14:39Z INFO  dt_client_bytes] Publish 19
2020-08-17T04:14:39.110689843Z  [2020-08-17T04:14:39Z INFO  dt_client_bytes] 22::38162cb0-e585-43d7-b55d-5c240b2bfb7c/3142192f-6bae-4f12-a6f3-5464dc37e790/d0a71d84-b80f-4558-beac-8887750652e3 "22 rMtOVj7KKxP3kvLeGJKhV4ddv4Bb42AMczjN9PRd92rs8ssjrdIpONOu7Vfke"
2020-08-17T04:14:39.111884106Z  [2020-08-17T04:14:39Z INFO  dt_client_bytes] Publish 20
2020-08-17T04:14:39.113230915Z  [2020-08-17T04:14:39Z INFO  dt_client_bytes] Publish 21
2020-08-17T04:14:39.114482580Z  [2020-08-17T04:14:39Z INFO  dt_client_bytes] Publish 22
2020-08-17T04:14:39.115931037Z  [2020-08-17T04:14:39Z INFO  dt_client_bytes] Publish 23
2020-08-17T04:14:39.124156389Z  [2020-08-17T04:14:39Z INFO  dt_client_bytes] 23::38162cb0-e585-43d7-b55d-5c240b2bfb7c/3142192f-6bae-4f12-a6f3-5464dc37e790/d0a71d84-b80f-4558-beac-8887750652e3 "23 FNDqMEuNyUTGqVX2HffLcCxsyMq2xtDF0jrUOnWAHD7FpQg3W5zndw1nCfDiA"
2020-08-17T04:14:39.124246034Z  [2020-08-17T04:14:39Z INFO  dt_client_bytes] Publish 24
2020-08-17T04:14:39.135064249Z  [2020-08-17T04:14:39Z INFO  dt_client_bytes] 24::38162cb0-e585-43d7-b55d-5c240b2bfb7c/3142192f-6bae-4f12-a6f3-5464dc37e790/d0a71d84-b80f-4558-beac-8887750652e3 "24 qN8YymHm4hhfDmtaJ4A60kcMIPApVLms2cBZIfHRmsoKEWWhDzrHIoFOJagAh"
2020-08-17T04:14:39.135296199Z  [2020-08-17T04:14:39Z INFO  dt_client_bytes] Publish 25
2020-08-17T04:14:39.145923609Z  [2020-08-17T04:14:39Z INFO  dt_client_bytes] 25::38162cb0-e585-43d7-b55d-5c240b2bfb7c/3142192f-6bae-4f12-a6f3-5464dc37e790/d0a71d84-b80f-4558-beac-8887750652e3 "25 Dtj4pb6qKoo3dMuFLipiAOTVCS5VYws1a7DUN8ztD5Aor2gHn7bz09F686FK9"
2020-08-17T04:14:39.145947551Z  [2020-08-17T04:14:39Z INFO  dt_client_bytes] Publish 26
2020-08-17T04:14:39.157098190Z  [2020-08-17T04:14:39Z INFO  dt_client_bytes] 26::38162cb0-e585-43d7-b55d-5c240b2bfb7c/3142192f-6bae-4f12-a6f3-5464dc37e790/d0a71d84-b80f-4558-beac-8887750652e3 "26 cmTn5OyCerZoIPrf7R81QgdsaBxdPYxf9QKjAnlUH5TG9ncjEPSZiyaKJx2Vx"
2020-08-17T04:14:39.157147678Z  [2020-08-17T04:14:39Z INFO  dt_client_bytes] Publish 27
2020-08-17T04:14:39.168090258Z  [2020-08-17T04:14:39Z INFO  dt_client_bytes] 27::38162cb0-e585-43d7-b55d-5c240b2bfb7c/3142192f-6bae-4f12-a6f3-5464dc37e790/d0a71d84-b80f-4558-beac-8887750652e3 "27 jrye6q52tOHlRZSMo5aawAci47iA0pHq3a0h8NjyCcJMlbTeGCFEB0y9TByjB"
2020-08-17T04:14:39.168179200Z  [2020-08-17T04:14:39Z INFO  dt_client_bytes] Publish 28
2020-08-17T04:14:39.179121867Z  [2020-08-17T04:14:39Z INFO  dt_client_bytes] 28::38162cb0-e585-43d7-b55d-5c240b2bfb7c/3142192f-6bae-4f12-a6f3-5464dc37e790/d0a71d84-b80f-4558-beac-8887750652e3 "28 3M5XH2MzBwxMnKnVe2j1LTBLR3qK7HpH4vnWV5HIeoLOdlgudP6igiwfEdFW0"
2020-08-17T04:14:39.179387439Z  [2020-08-17T04:14:39Z INFO  dt_client_bytes] Publish 29
2020-08-17T04:14:39.184671884Z  [2020-08-17T04:14:39Z INFO  dt_client_bytes] PubAck { pkid: 1 }
2020-08-17T04:14:39.190633521Z  [2020-08-17T04:14:39Z INFO  dt_client_bytes] 29::38162cb0-e585-43d7-b55d-5c240b2bfb7c/3142192f-6bae-4f12-a6f3-5464dc37e790/d0a71d84-b80f-4558-beac-8887750652e3 "29 eRtCr3bWeGogCi9I9ex5bdV4swwUvPoDp4vmjgyS9pnMk1TEmYXRwZuOTfMaQ"
2020-08-17T04:14:39.190715407Z  [2020-08-17T04:14:39Z INFO  dt_client_bytes] Publish 30
2020-08-17T04:14:39.202757251Z  [2020-08-17T04:14:39Z INFO  dt_client_bytes] 30::38162cb0-e585-43d7-b55d-5c240b2bfb7c/3142192f-6bae-4f12-a6f3-5464dc37e790/d0a71d84-b80f-4558-beac-8887750652e3 "30 VHRTkjnfc37XH1q54wKq3Uuxz4GsqfAuMCt2ZehIRQ25SyvvVFViWST9qepfa"
2020-08-17T04:14:39.202823608Z  [2020-08-17T04:14:39Z INFO  dt_client_bytes] Publish 31
2020-08-17T04:14:39.214486087Z  [2020-08-17T04:14:39Z INFO  dt_client_bytes] 31::38162cb0-e585-43d7-b55d-5c240b2bfb7c/3142192f-6bae-4f12-a6f3-5464dc37e790/d0a71d84-b80f-4558-beac-8887750652e3 "31 7C8IolAHu1r17qOVqeOqYF7BAy627PvWInJP3jE45KDy6iBj9zSzyFfBWzBiE"
2020-08-17T04:14:39.214528809Z  [2020-08-17T04:14:39Z INFO  dt_client_bytes] Publish 32
2020-08-17T04:14:39.226324392Z  [2020-08-17T04:14:39Z INFO  dt_client_bytes] 32::38162cb0-e585-43d7-b55d-5c240b2bfb7c/3142192f-6bae-4f12-a6f3-5464dc37e790/d0a71d84-b80f-4558-beac-8887750652e3 "32 qsyyY7y4iGfwnsztxW2C9L65VsGdDpEYqESl38VnYPE50ipd46V2xz24wCfvp"
2020-08-17T04:14:39.226394276Z  [2020-08-17T04:14:39Z INFO  dt_client_bytes] Publish 33
2020-08-17T04:14:39.232364908Z  [2020-08-17T04:14:39Z INFO  dt_client_bytes] PubAck { pkid: 2 }
2020-08-17T04:14:39.232436799Z  [2020-08-17T04:14:39Z INFO  dt_client_bytes] PubAck { pkid: 3 }
2020-08-17T04:14:39.233842600Z  [2020-08-17T04:14:39Z INFO  dt_client_bytes] PubAck { pkid: 4 }
2020-08-17T04:14:39.235325715Z  [2020-08-17T04:14:39Z INFO  dt_client_bytes] PubAck { pkid: 5 }
2020-08-17T04:14:39.236510933Z  [2020-08-17T04:14:39Z INFO  dt_client_bytes] PubAck { pkid: 6 }
2020-08-17T04:14:39.236559864Z  [2020-08-17T04:14:39Z INFO  dt_client_bytes] 33::38162cb0-e585-43d7-b55d-5c240b2bfb7c/3142192f-6bae-4f12-a6f3-5464dc37e790/d0a71d84-b80f-4558-beac-8887750652e3 "33 vQ65BM0poWKyD5SSMtwjxpGUWNaxQ5NAUajI0dLpKXq6Mzmd4WqGn0VPHnUXA"
2020-08-17T04:14:39.237616374Z  [2020-08-17T04:14:39Z INFO  dt_client_bytes] PubAck { pkid: 7 }
2020-08-17T04:14:39.238888115Z  [2020-08-17T04:14:39Z INFO  dt_client_bytes] PubAck { pkid: 8 }
2020-08-17T04:14:39.240146823Z  [2020-08-17T04:14:39Z INFO  dt_client_bytes] Publish 34
2020-08-17T04:14:39.241390045Z  [2020-08-17T04:14:39Z INFO  dt_client_bytes] PubAck { pkid: 9 }
2020-08-17T04:14:39.242628672Z  [2020-08-17T04:14:39Z INFO  dt_client_bytes] PubAck { pkid: 10 }
2020-08-17T04:14:39.243943148Z  [2020-08-17T04:14:39Z INFO  dt_client_bytes] PubAck { pkid: 11 }
2020-08-17T04:14:39.245267794Z  [2020-08-17T04:14:39Z INFO  dt_client_bytes] PubAck { pkid: 12 }
2020-08-17T04:14:39.246495323Z  [2020-08-17T04:14:39Z INFO  dt_client_bytes] PubAck { pkid: 13 }
2020-08-17T04:14:39.247875393Z  [2020-08-17T04:14:39Z INFO  dt_client_bytes] PubAck { pkid: 14 }
2020-08-17T04:14:39.247951177Z  [2020-08-17T04:14:39Z INFO  dt_client_bytes] 34::38162cb0-e585-43d7-b55d-5c240b2bfb7c/3142192f-6bae-4f12-a6f3-5464dc37e790/d0a71d84-b80f-4558-beac-8887750652e3 "34 7NfzRkgVcpXUQ9Zn1SrTSFbOiL6vyp78Nmrr6ekrzrPM5xuRv2LqW57PSAwIz"
2020-08-17T04:14:39.249148795Z  [2020-08-17T04:14:39Z INFO  dt_client_bytes] PubAck { pkid: 15 }
2020-08-17T04:14:39.250474154Z  [2020-08-17T04:14:39Z INFO  dt_client_bytes] PubAck { pkid: 16 }
2020-08-17T04:14:39.250553538Z  [2020-08-17T04:14:39Z INFO  dt_client_bytes] PubAck { pkid: 17 }
2020-08-17T04:14:39.251785232Z  [2020-08-17T04:14:39Z INFO  dt_client_bytes] PubAck { pkid: 18 }
2020-08-17T04:14:39.253099158Z  [2020-08-17T04:14:39Z INFO  dt_client_bytes] PubAck { pkid: 19 }
2020-08-17T04:14:39.254259984Z  [2020-08-17T04:14:39Z INFO  dt_client_bytes] Publish 35
2020-08-17T04:14:39.259532540Z  [2020-08-17T04:14:39Z INFO  dt_client_bytes] 35::38162cb0-e585-43d7-b55d-5c240b2bfb7c/3142192f-6bae-4f12-a6f3-5464dc37e790/d0a71d84-b80f-4558-beac-8887750652e3 "35 s4obWdhYUJiacXKrYORXXvXHqm0unGFlIFnmPM8fc86DTRolv4YSP0x81nkbq"
2020-08-17T04:14:39.259602218Z  [2020-08-17T04:14:39Z INFO  dt_client_bytes] Publish 36
2020-08-17T04:14:39.271364186Z  [2020-08-17T04:14:39Z INFO  dt_client_bytes] 36::38162cb0-e585-43d7-b55d-5c240b2bfb7c/3142192f-6bae-4f12-a6f3-5464dc37e790/d0a71d84-b80f-4558-beac-8887750652e3 "36 z7dnhfU071w11y58opyWACaaa9do0YWC6Zf1K4tHDT85BsScGh0C70qUC8imv"
2020-08-17T04:14:39.271421082Z  [2020-08-17T04:14:39Z INFO  dt_client_bytes] Publish 37
2020-08-17T04:14:39.281748915Z  [2020-08-17T04:14:39Z INFO  dt_client_bytes] 37::38162cb0-e585-43d7-b55d-5c240b2bfb7c/3142192f-6bae-4f12-a6f3-5464dc37e790/d0a71d84-b80f-4558-beac-8887750652e3 "37 BPMFE82nfgM1jH68EKTffSphngvNdNbbTClGOgikZuV1oPCvMdweqzCzc7Fib"
2020-08-17T04:14:39.281793553Z  [2020-08-17T04:14:39Z INFO  dt_client_bytes] Publish 38
2020-08-17T04:14:39.293392888Z  [2020-08-17T04:14:39Z INFO  dt_client_bytes] 38::38162cb0-e585-43d7-b55d-5c240b2bfb7c/3142192f-6bae-4f12-a6f3-5464dc37e790/d0a71d84-b80f-4558-beac-8887750652e3 "38 iQyyrNydlMgAKc5625Lq0hEQmQ0DnXsA6MTmoGr8BK8rxUk0RbQicq0YxAol9"
2020-08-17T04:14:39.293463377Z  [2020-08-17T04:14:39Z INFO  dt_client_bytes] Publish 39
2020-08-17T04:14:39.303945774Z  [2020-08-17T04:14:39Z INFO  dt_client_bytes] 39::38162cb0-e585-43d7-b55d-5c240b2bfb7c/3142192f-6bae-4f12-a6f3-5464dc37e790/d0a71d84-b80f-4558-beac-8887750652e3 "39 RG1G9PQg1B2gO08chQVgWWMd4LPZlWKetxFYq6G0JlEv7fkbfrydLgY8dt196"
2020-08-17T04:14:39.304016114Z  [2020-08-17T04:14:39Z INFO  dt_client_bytes] Publish 40
2020-08-17T04:14:39.316064520Z  [2020-08-17T04:14:39Z INFO  dt_client_bytes] 40::38162cb0-e585-43d7-b55d-5c240b2bfb7c/3142192f-6bae-4f12-a6f3-5464dc37e790/d0a71d84-b80f-4558-beac-8887750652e3 "40 SWn188VN9Zpm2Xqs5XHoescb9zizf7IbofFwNZyMOFZASNIpclSbT3gY8NORL"
2020-08-17T04:14:39.316167113Z  [2020-08-17T04:14:39Z INFO  dt_client_bytes] Publish 41
2020-08-17T04:14:39.327613037Z  [2020-08-17T04:14:39Z INFO  dt_client_bytes] 41::38162cb0-e585-43d7-b55d-5c240b2bfb7c/3142192f-6bae-4f12-a6f3-5464dc37e790/d0a71d84-b80f-4558-beac-8887750652e3 "41 X8qAaVFi70MUDGCrOqJUaj8t2rx7MceeIDt0gaK5qGpSuPj3zwsrzQ9D81ywr"
2020-08-17T04:14:39.327704197Z  [2020-08-17T04:14:39Z INFO  dt_client_bytes] Publish 42
2020-08-17T04:14:39.339583390Z  [2020-08-17T04:14:39Z INFO  dt_client_bytes] 42::38162cb0-e585-43d7-b55d-5c240b2bfb7c/3142192f-6bae-4f12-a6f3-5464dc37e790/d0a71d84-b80f-4558-beac-8887750652e3 "42 vaxRp78GFddXJx5O0tOoBsYa0kw5QQ1eR3aNskyWSyTe0b7bgAIXtYTAlVOtB"
2020-08-17T04:14:39.339628490Z  [2020-08-17T04:14:39Z INFO  dt_client_bytes] Publish 43
2020-08-17T04:14:39.350950820Z  [2020-08-17T04:14:39Z INFO  dt_client_bytes] 43::38162cb0-e585-43d7-b55d-5c240b2bfb7c/3142192f-6bae-4f12-a6f3-5464dc37e790/d0a71d84-b80f-4558-beac-8887750652e3 "43 NBuJM9KzeYDhiaD6BJPtqyJVb8a9fjM7lKwEqN37zwEwDSriSwttSlJkhKfDH"
2020-08-17T04:14:39.350975918Z  [2020-08-17T04:14:39Z INFO  dt_client_bytes] Publish 44
2020-08-17T04:14:39.362344001Z  [2020-08-17T04:14:39Z INFO  dt_client_bytes] 44::38162cb0-e585-43d7-b55d-5c240b2bfb7c/3142192f-6bae-4f12-a6f3-5464dc37e790/d0a71d84-b80f-4558-beac-8887750652e3 "44 DRqfGPxI3rSU1pnF8JZVhlfC4fzVOVEc0I74leGAQ9FNAY8aHwutcrJwDwDGb"
2020-08-17T04:14:39.362372900Z  [2020-08-17T04:14:39Z INFO  dt_client_bytes] Publish 45
2020-08-17T04:14:39.366741657Z  [2020-08-17T04:14:39Z INFO  dt_client_bytes] PubAck { pkid: 20 }
2020-08-17T04:14:39.367916873Z  [2020-08-17T04:14:39Z INFO  dt_client_bytes] PubAck { pkid: 21 }
2020-08-17T04:14:39.369097806Z  [2020-08-17T04:14:39Z INFO  dt_client_bytes] PubAck { pkid: 22 }
2020-08-17T04:14:39.370258988Z  [2020-08-17T04:14:39Z INFO  dt_client_bytes] PubAck { pkid: 23 }
2020-08-17T04:14:39.371419391Z  [2020-08-17T04:14:39Z INFO  dt_client_bytes] PubAck { pkid: 24 }
2020-08-17T04:14:39.372603163Z  [2020-08-17T04:14:39Z INFO  dt_client_bytes] PubAck { pkid: 25 }
2020-08-17T04:14:39.373892350Z  [2020-08-17T04:14:39Z INFO  dt_client_bytes] PubAck { pkid: 26 }
2020-08-17T04:14:39.373947085Z  [2020-08-17T04:14:39Z INFO  dt_client_bytes] 45::38162cb0-e585-43d7-b55d-5c240b2bfb7c/3142192f-6bae-4f12-a6f3-5464dc37e790/d0a71d84-b80f-4558-beac-8887750652e3 "45 jzmq7YM6TRP3yAEEwB3qzg1oOcYmFaSEFQkv6eVZmB600Di25SY0XFHaGO35l"
2020-08-17T04:14:39.375100423Z  [2020-08-17T04:14:39Z INFO  dt_client_bytes] Publish 46
2020-08-17T04:14:39.376387009Z  [2020-08-17T04:14:39Z INFO  dt_client_bytes] PubAck { pkid: 27 }
2020-08-17T04:14:39.376415399Z  [2020-08-17T04:14:39Z INFO  dt_client_bytes] PubAck { pkid: 28 }
2020-08-17T04:14:39.377567372Z  [2020-08-17T04:14:39Z INFO  dt_client_bytes] PubAck { pkid: 29 }
2020-08-17T04:14:39.385332088Z  [2020-08-17T04:14:39Z INFO  dt_client_bytes] 46::38162cb0-e585-43d7-b55d-5c240b2bfb7c/3142192f-6bae-4f12-a6f3-5464dc37e790/d0a71d84-b80f-4558-beac-8887750652e3 "46 d9RPz7bbzExkUmbJG7RDAYwmaJVpt54DaKyibQo5RwYBoiYoWLVtnzYtUczDK"
2020-08-17T04:14:39.385358222Z  [2020-08-17T04:14:39Z INFO  dt_client_bytes] Publish 47
2020-08-17T04:14:39.395850477Z  [2020-08-17T04:14:39Z INFO  dt_client_bytes] 47::38162cb0-e585-43d7-b55d-5c240b2bfb7c/3142192f-6bae-4f12-a6f3-5464dc37e790/d0a71d84-b80f-4558-beac-8887750652e3 "47 9lAxKm61LrRviGmaFrulr4inpps9KnHVM88vsuYIVZIOsMUAPyalCdSS40Rwv"
2020-08-17T04:14:39.395876024Z  [2020-08-17T04:14:39Z INFO  dt_client_bytes] Publish 48
2020-08-17T04:14:39.407249666Z  [2020-08-17T04:14:39Z INFO  dt_client_bytes] 48::38162cb0-e585-43d7-b55d-5c240b2bfb7c/3142192f-6bae-4f12-a6f3-5464dc37e790/d0a71d84-b80f-4558-beac-8887750652e3 "48 xI6NgLKO5VDOVfW2wxw4JIDfPJg36bQ2eeqvj4t5fRS5tfwkw1PHFCznNpkNT"
2020-08-17T04:14:39.407314022Z  [2020-08-17T04:14:39Z INFO  dt_client_bytes] Publish 49
2020-08-17T04:14:39.417788402Z  [2020-08-17T04:14:39Z INFO  dt_client_bytes] 49::38162cb0-e585-43d7-b55d-5c240b2bfb7c/3142192f-6bae-4f12-a6f3-5464dc37e790/d0a71d84-b80f-4558-beac-8887750652e3 "49 bol46phqlgkZwCGbydqGJuttK1ohM93rmbYpOj7SowFhibvaczaMnlZtzA3qu"
2020-08-17T04:14:39.417838860Z  [2020-08-17T04:14:39Z INFO  dt_client_bytes] Publish 50
2020-08-17T04:14:39.429417259Z  [2020-08-17T04:14:39Z INFO  dt_client_bytes] 50::38162cb0-e585-43d7-b55d-5c240b2bfb7c/3142192f-6bae-4f12-a6f3-5464dc37e790/d0a71d84-b80f-4558-beac-8887750652e3 "50 cL5KQO57qclphH5RtDxc7QKpOvdPmwaAkaGvKHzN7GZVxzLX0ApFtTsWq6qHQ"
2020-08-17T04:14:39.429487303Z  [2020-08-17T04:14:39Z INFO  dt_client_bytes] Publish 51
2020-08-17T04:14:39.440024007Z  [2020-08-17T04:14:39Z INFO  dt_client_bytes] 51::38162cb0-e585-43d7-b55d-5c240b2bfb7c/3142192f-6bae-4f12-a6f3-5464dc37e790/d0a71d84-b80f-4558-beac-8887750652e3 "51 WENIw83omQcelgR7Mf9X8b4pqSGJrragKYr1K5VN2qII7gnZsoNjv6HFdHyVZ"
2020-08-17T04:14:39.440093093Z  [2020-08-17T04:14:39Z INFO  dt_client_bytes] Publish 52
2020-08-17T04:14:39.451883666Z  [2020-08-17T04:14:39Z INFO  dt_client_bytes] 52::38162cb0-e585-43d7-b55d-5c240b2bfb7c/3142192f-6bae-4f12-a6f3-5464dc37e790/d0a71d84-b80f-4558-beac-8887750652e3 "52 HFGhqf9GHg6QGogNuBPSnRKhsCHmRrwi8pAvakLDw2rpo5Y4hhqmHN0lfXTAk"
2020-08-17T04:14:39.451970366Z  [2020-08-17T04:14:39Z INFO  dt_client_bytes] Publish 53
2020-08-17T04:14:39.463394925Z  [2020-08-17T04:14:39Z INFO  dt_client_bytes] 53::38162cb0-e585-43d7-b55d-5c240b2bfb7c/3142192f-6bae-4f12-a6f3-5464dc37e790/d0a71d84-b80f-4558-beac-8887750652e3 "53 BcChjHN5gWeJJXZQcpOHcxC3cl8zDXbdAXmX1Bx79HsQD67MI846RfvjT3d8E"
2020-08-17T04:14:39.463476914Z  [2020-08-17T04:14:39Z INFO  dt_client_bytes] Publish 54
2020-08-17T04:14:39.474012546Z  [2020-08-17T04:14:39Z INFO  dt_client_bytes] 54::38162cb0-e585-43d7-b55d-5c240b2bfb7c/3142192f-6bae-4f12-a6f3-5464dc37e790/d0a71d84-b80f-4558-beac-8887750652e3 "54 1BTr8YMsPj24CV7oAhFG23q40W18w7bi89lsn8y3ufTHDYhnAU7KVoHJfu6nx"
2020-08-17T04:14:39.474089614Z  [2020-08-17T04:14:39Z INFO  dt_client_bytes] Publish 55
2020-08-17T04:14:39.485744479Z  [2020-08-17T04:14:39Z INFO  dt_client_bytes] 55::38162cb0-e585-43d7-b55d-5c240b2bfb7c/3142192f-6bae-4f12-a6f3-5464dc37e790/d0a71d84-b80f-4558-beac-8887750652e3 "55 01LHQ2m6W0gODPehtEBVUIElHKVbpgtmJFFh8ybD0A18ai2utbFNhZH1kNFlQ"
2020-08-17T04:14:39.485833481Z  [2020-08-17T04:14:39Z INFO  dt_client_bytes] Publish 56
2020-08-17T04:14:39.497487923Z  [2020-08-17T04:14:39Z INFO  dt_client_bytes] 56::38162cb0-e585-43d7-b55d-5c240b2bfb7c/3142192f-6bae-4f12-a6f3-5464dc37e790/d0a71d84-b80f-4558-beac-8887750652e3 "56 iAzWFxbJeXC6Mn8Hw1AHD03fWKfS5KZfbHbtWE9V5LXHN0AgReZ5ltXckXUlJ"
2020-08-17T04:14:39.497576671Z  [2020-08-17T04:14:39Z INFO  dt_client_bytes] Publish 57
2020-08-17T04:14:39.508154823Z  [2020-08-17T04:14:39Z INFO  dt_client_bytes] 57::38162cb0-e585-43d7-b55d-5c240b2bfb7c/3142192f-6bae-4f12-a6f3-5464dc37e790/d0a71d84-b80f-4558-beac-8887750652e3 "57 eSLo5jK2AV3YyUYfhFSs28XYcGIIZBzcLiMSa0Mm6z1va9qSDg2Ca0npwbmN8"
2020-08-17T04:14:39.508316599Z  [2020-08-17T04:14:39Z INFO  dt_client_bytes] Publish 58
2020-08-17T04:14:39.511376108Z  [2020-08-17T04:14:39Z INFO  dt_client_bytes] PubAck { pkid: 30 }
2020-08-17T04:14:39.512599867Z  [2020-08-17T04:14:39Z INFO  dt_client_bytes] PubAck { pkid: 31 }
2020-08-17T04:14:39.513890417Z  [2020-08-17T04:14:39Z INFO  dt_client_bytes] PubAck { pkid: 32 }
2020-08-17T04:14:39.515160615Z  [2020-08-17T04:14:39Z INFO  dt_client_bytes] PubAck { pkid: 33 }
2020-08-17T04:14:39.516482813Z  [2020-08-17T04:14:39Z INFO  dt_client_bytes] PubAck { pkid: 34 }
2020-08-17T04:14:39.516564688Z  [2020-08-17T04:14:39Z INFO  dt_client_bytes] PubAck { pkid: 35 }
2020-08-17T04:14:39.517776544Z  [2020-08-17T04:14:39Z INFO  dt_client_bytes] PubAck { pkid: 36 }
2020-08-17T04:14:39.519035555Z  [2020-08-17T04:14:39Z INFO  dt_client_bytes] PubAck { pkid: 37 }
2020-08-17T04:14:39.519102791Z  [2020-08-17T04:14:39Z INFO  dt_client_bytes] 58::38162cb0-e585-43d7-b55d-5c240b2bfb7c/3142192f-6bae-4f12-a6f3-5464dc37e790/d0a71d84-b80f-4558-beac-8887750652e3 "58 M3hToI30Fb07D9E5CKwaRHJcgFJgSWkBNS7yrt6l6v68PchZPQGSdY4CqUY3V"
2020-08-17T04:14:39.520233558Z  [2020-08-17T04:14:39Z INFO  dt_client_bytes] PubAck { pkid: 38 }
2020-08-17T04:14:39.521500751Z  [2020-08-17T04:14:39Z INFO  dt_client_bytes] PubAck { pkid: 39 }
2020-08-17T04:14:39.522753928Z  [2020-08-17T04:14:39Z INFO  dt_client_bytes] Publish 59
2020-08-17T04:14:39.524003935Z  [2020-08-17T04:14:39Z INFO  dt_client_bytes] PubAck { pkid: 40 }
2020-08-17T04:14:39.525112792Z  [2020-08-17T04:14:39Z INFO  dt_client_bytes] PubAck { pkid: 41 }
2020-08-17T04:14:39.526428062Z  [2020-08-17T04:14:39Z INFO  dt_client_bytes] PubAck { pkid: 42 }
2020-08-17T04:14:39.530439711Z  [2020-08-17T04:14:39Z INFO  dt_client_bytes] 59::38162cb0-e585-43d7-b55d-5c240b2bfb7c/3142192f-6bae-4f12-a6f3-5464dc37e790/d0a71d84-b80f-4558-beac-8887750652e3 "59 TptEQCYIMaSRkX95uNPe9lHOqfVmDyjWYumzUYDBdOK8Hze5sD5Avjc9NU0j7"
2020-08-17T04:14:39.530463957Z  [2020-08-17T04:14:39Z INFO  dt_client_bytes] Publish 60
2020-08-17T04:14:39.542136358Z  [2020-08-17T04:14:39Z INFO  dt_client_bytes] 60::38162cb0-e585-43d7-b55d-5c240b2bfb7c/3142192f-6bae-4f12-a6f3-5464dc37e790/d0a71d84-b80f-4558-beac-8887750652e3 "60 tWhlMO4F2uCoEJ720ZHZA0geZLqPcYKUvN1nqEJKYk1Wt0vzzyv3cdmWIGGct"
2020-08-17T04:14:39.542205647Z  [2020-08-17T04:14:39Z INFO  dt_client_bytes] Publish 61
2020-08-17T04:14:39.552921635Z  [2020-08-17T04:14:39Z INFO  dt_client_bytes] 61::38162cb0-e585-43d7-b55d-5c240b2bfb7c/3142192f-6bae-4f12-a6f3-5464dc37e790/d0a71d84-b80f-4558-beac-8887750652e3 "61 SKTRSOTuesRkFz1iCEgDqAi3vJTzZDhjBi0aYhQeHnsGd6sauhnOAM4DPIjYq"
2020-08-17T04:14:39.553022450Z  [2020-08-17T04:14:39Z INFO  dt_client_bytes] Publish 62
2020-08-17T04:14:39.565020646Z  [2020-08-17T04:14:39Z INFO  dt_client_bytes] 62::38162cb0-e585-43d7-b55d-5c240b2bfb7c/3142192f-6bae-4f12-a6f3-5464dc37e790/d0a71d84-b80f-4558-beac-8887750652e3 "62 necagWRq2jPRGdc6ERsGiUXr7sMhnsU0C2M51WBNGOJAjcW7aEpCx6gmxD3FL"
2020-08-17T04:14:39.565147488Z  [2020-08-17T04:14:39Z INFO  dt_client_bytes] Publish 63
2020-08-17T04:14:39.576546798Z  [2020-08-17T04:14:39Z INFO  dt_client_bytes] 63::38162cb0-e585-43d7-b55d-5c240b2bfb7c/3142192f-6bae-4f12-a6f3-5464dc37e790/d0a71d84-b80f-4558-beac-8887750652e3 "63 oOXMsp8MPHCyVBrRp0wUnkFN17xQ4CJAD1kWivaH3UtqpEH0lLQfOh6Agbldg"
2020-08-17T04:14:39.576634853Z  [2020-08-17T04:14:39Z INFO  dt_client_bytes] Publish 64
2020-08-17T04:14:39.588111548Z  [2020-08-17T04:14:39Z INFO  dt_client_bytes] 64::38162cb0-e585-43d7-b55d-5c240b2bfb7c/3142192f-6bae-4f12-a6f3-5464dc37e790/d0a71d84-b80f-4558-beac-8887750652e3 "64 CxwoGNnYTBWY5AnUNrqxZluOy9bZCuagb86xq609EtPlYEP5xKrg5JPeoPTAG"
2020-08-17T04:14:39.588190278Z  [2020-08-17T04:14:39Z INFO  dt_client_bytes] Publish 65
2020-08-17T04:14:39.599834895Z  [2020-08-17T04:14:39Z INFO  dt_client_bytes] 65::38162cb0-e585-43d7-b55d-5c240b2bfb7c/3142192f-6bae-4f12-a6f3-5464dc37e790/d0a71d84-b80f-4558-beac-8887750652e3 "65 jDKSetTQCeSAgGGwb6p1OHIa4sKL2tiCPAXYlZAMYQtxzqNypVnzcYdXGUyaE"
2020-08-17T04:14:39.599918921Z  [2020-08-17T04:14:39Z INFO  dt_client_bytes] Publish 66
2020-08-17T04:14:39.611601945Z  [2020-08-17T04:14:39Z INFO  dt_client_bytes] 66::38162cb0-e585-43d7-b55d-5c240b2bfb7c/3142192f-6bae-4f12-a6f3-5464dc37e790/d0a71d84-b80f-4558-beac-8887750652e3 "66 Hg5nYpavKKNcSzCis7Ap8FgmbVqRBLrx28d9ToeeORGS5j5Zrnx4rNZPVvR45"
2020-08-17T04:14:39.611691532Z  [2020-08-17T04:14:39Z INFO  dt_client_bytes] Publish 67
2020-08-17T04:14:39.619266313Z  [2020-08-17T04:14:39Z INFO  dt_client_bytes] PubAck { pkid: 43 }
2020-08-17T04:14:39.620549298Z  [2020-08-17T04:14:39Z INFO  dt_client_bytes] PubAck { pkid: 44 }
2020-08-17T04:14:39.621832320Z  [2020-08-17T04:14:39Z INFO  dt_client_bytes] PubAck { pkid: 45 }
2020-08-17T04:14:39.623147771Z  [2020-08-17T04:14:39Z INFO  dt_client_bytes] PubAck { pkid: 46 }
2020-08-17T04:14:39.623245171Z  [2020-08-17T04:14:39Z INFO  dt_client_bytes] 67::38162cb0-e585-43d7-b55d-5c240b2bfb7c/3142192f-6bae-4f12-a6f3-5464dc37e790/d0a71d84-b80f-4558-beac-8887750652e3 "67 V5SX50AMfzNWp1jGl221ihyRe86kv1PzTmRGQ2zE20F6b4QHq8Rl6497NUPZF"
2020-08-17T04:14:39.624482460Z  [2020-08-17T04:14:39Z INFO  dt_client_bytes] PubAck { pkid: 47 }
2020-08-17T04:14:39.624565389Z  [2020-08-17T04:14:39Z INFO  dt_client_bytes] PubAck { pkid: 48 }
2020-08-17T04:14:39.625747900Z  [2020-08-17T04:14:39Z INFO  dt_client_bytes] PubAck { pkid: 49 }
2020-08-17T04:14:39.627010207Z  [2020-08-17T04:14:39Z INFO  dt_client_bytes] PubAck { pkid: 50 }
2020-08-17T04:14:39.628305964Z  [2020-08-17T04:14:39Z INFO  dt_client_bytes] Publish 68
2020-08-17T04:14:39.629567634Z  [2020-08-17T04:14:39Z INFO  dt_client_bytes] PubAck { pkid: 51 }
2020-08-17T04:14:39.630758582Z  [2020-08-17T04:14:39Z INFO  dt_client_bytes] PubAck { pkid: 52 }
2020-08-17T04:14:39.632022450Z  [2020-08-17T04:14:39Z INFO  dt_client_bytes] PubAck { pkid: 53 }
2020-08-17T04:14:39.633249109Z  [2020-08-17T04:14:39Z INFO  dt_client_bytes] PubAck { pkid: 54 }
2020-08-17T04:14:39.634454497Z  [2020-08-17T04:14:39Z INFO  dt_client_bytes] PubAck { pkid: 55 }
2020-08-17T04:14:39.634476935Z  [2020-08-17T04:14:39Z INFO  dt_client_bytes] 68::38162cb0-e585-43d7-b55d-5c240b2bfb7c/3142192f-6bae-4f12-a6f3-5464dc37e790/d0a71d84-b80f-4558-beac-8887750652e3 "68 7Ry3Ek2FlPsL6mDqyjPXib1aJFs922nIJf2ouVJW5gnfH5b954iVW8i4mNLEY"
2020-08-17T04:14:39.635894866Z  [2020-08-17T04:14:39Z INFO  dt_client_bytes] Publish 69
2020-08-17T04:14:39.647334867Z  [2020-08-17T04:14:39Z INFO  dt_client_bytes] 69::38162cb0-e585-43d7-b55d-5c240b2bfb7c/3142192f-6bae-4f12-a6f3-5464dc37e790/d0a71d84-b80f-4558-beac-8887750652e3 "69 E4xMvfZj9Im91twgKBaVtujRD3tDuHl9Rd2hFlqvyzRRsPo27QmcnClvzZcbq"
2020-08-17T04:14:39.647373598Z  [2020-08-17T04:14:39Z INFO  dt_client_bytes] Publish 70
2020-08-17T04:14:39.657892159Z  [2020-08-17T04:14:39Z INFO  dt_client_bytes] 70::38162cb0-e585-43d7-b55d-5c240b2bfb7c/3142192f-6bae-4f12-a6f3-5464dc37e790/d0a71d84-b80f-4558-beac-8887750652e3 "70 Vum04EzXdwrtMIqA1OHubiC6D6abwNZYLVi2ErBuk1Hytp54a6nDM4ilU2zMl"
2020-08-17T04:14:39.657968873Z  [2020-08-17T04:14:39Z INFO  dt_client_bytes] Publish 71
2020-08-17T04:14:39.669385720Z  [2020-08-17T04:14:39Z INFO  dt_client_bytes] 71::38162cb0-e585-43d7-b55d-5c240b2bfb7c/3142192f-6bae-4f12-a6f3-5464dc37e790/d0a71d84-b80f-4558-beac-8887750652e3 "71 gMbIZWJb8AvPqQTTW6hpS38O6WWAwA1NfpWmSuJcZKB9nEeI98y2ZDfu0w0Ko"
2020-08-17T04:14:39.669461979Z  [2020-08-17T04:14:39Z INFO  dt_client_bytes] Publish 72
2020-08-17T04:14:39.680066875Z  [2020-08-17T04:14:39Z INFO  dt_client_bytes] 72::38162cb0-e585-43d7-b55d-5c240b2bfb7c/3142192f-6bae-4f12-a6f3-5464dc37e790/d0a71d84-b80f-4558-beac-8887750652e3 "72 i9AXmbuMOMi0X1lpGPfbkaSI9UjEcue0u747T690SAx2OEmSBIUx7jntBxwRh"
2020-08-17T04:14:39.680144322Z  [2020-08-17T04:14:39Z INFO  dt_client_bytes] Publish 73
2020-08-17T04:14:39.691909334Z  [2020-08-17T04:14:39Z INFO  dt_client_bytes] 73::38162cb0-e585-43d7-b55d-5c240b2bfb7c/3142192f-6bae-4f12-a6f3-5464dc37e790/d0a71d84-b80f-4558-beac-8887750652e3 "73 jZJpHyKZ00jO44EeCfC9C63bWjtD4q0dj1TxTHUxksVQKHag1vuiPhHK8NasC"
2020-08-17T04:14:39.691993220Z  [2020-08-17T04:14:39Z INFO  dt_client_bytes] Publish 74
2020-08-17T04:14:39.703550471Z  [2020-08-17T04:14:39Z INFO  dt_client_bytes] 74::38162cb0-e585-43d7-b55d-5c240b2bfb7c/3142192f-6bae-4f12-a6f3-5464dc37e790/d0a71d84-b80f-4558-beac-8887750652e3 "74 l9cH9x0Kpyz1IEpcZgGwFPY1TPEYqziDENIf0IaWmBganjlXMbCQ0Kz1DdoHN"
2020-08-17T04:14:39.703675735Z  [2020-08-17T04:14:39Z INFO  dt_client_bytes] Publish 75
2020-08-17T04:14:39.715223228Z  [2020-08-17T04:14:39Z INFO  dt_client_bytes] 75::38162cb0-e585-43d7-b55d-5c240b2bfb7c/3142192f-6bae-4f12-a6f3-5464dc37e790/d0a71d84-b80f-4558-beac-8887750652e3 "75 w94BYjpgQQ9WCpQYQeAFm7mUHlxczebvXAeuouCQgWkUSIaysUVNxQATMZzJP"
2020-08-17T04:14:39.715312375Z  [2020-08-17T04:14:39Z INFO  dt_client_bytes] Publish 76
2020-08-17T04:14:39.725880173Z  [2020-08-17T04:14:39Z INFO  dt_client_bytes] 76::38162cb0-e585-43d7-b55d-5c240b2bfb7c/3142192f-6bae-4f12-a6f3-5464dc37e790/d0a71d84-b80f-4558-beac-8887750652e3 "76 mO1E4ErMoV5Wz1xbKNqLJO6vHw7ixgMtxXJIfOYRWq3PXi74HW7VBOrRTzBPc"
2020-08-17T04:14:39.725964281Z  [2020-08-17T04:14:39Z INFO  dt_client_bytes] Publish 77
2020-08-17T04:14:39.727252846Z  [2020-08-17T04:14:39Z INFO  dt_client_bytes] PubAck { pkid: 56 }
2020-08-17T04:14:39.728355374Z  [2020-08-17T04:14:39Z INFO  dt_client_bytes] PubAck { pkid: 57 }
2020-08-17T04:14:39.729535321Z  [2020-08-17T04:14:39Z INFO  dt_client_bytes] PubAck { pkid: 58 }
2020-08-17T04:14:39.730702805Z  [2020-08-17T04:14:39Z INFO  dt_client_bytes] PubAck { pkid: 59 }
2020-08-17T04:14:39.732110257Z  [2020-08-17T04:14:39Z INFO  dt_client_bytes] PubAck { pkid: 60 }
2020-08-17T04:14:39.733503343Z  [2020-08-17T04:14:39Z INFO  dt_client_bytes] PubAck { pkid: 61 }
2020-08-17T04:14:39.733592928Z  [2020-08-17T04:14:39Z INFO  dt_client_bytes] PubAck { pkid: 62 }
2020-08-17T04:14:39.734706141Z  [2020-08-17T04:14:39Z INFO  dt_client_bytes] PubAck { pkid: 63 }
2020-08-17T04:14:39.737465449Z  [2020-08-17T04:14:39Z INFO  dt_client_bytes] 77::38162cb0-e585-43d7-b55d-5c240b2bfb7c/3142192f-6bae-4f12-a6f3-5464dc37e790/d0a71d84-b80f-4558-beac-8887750652e3 "77 HEk9Ih4ScXZfAwvKeHN43cL4orZPaFMCP9d8bWqCyJgXgQc4IFMFA24sO39OZ"
2020-08-17T04:14:39.737534914Z  [2020-08-17T04:14:39Z INFO  dt_client_bytes] Publish 78
2020-08-17T04:14:39.749199739Z  [2020-08-17T04:14:39Z INFO  dt_client_bytes] 78::38162cb0-e585-43d7-b55d-5c240b2bfb7c/3142192f-6bae-4f12-a6f3-5464dc37e790/d0a71d84-b80f-4558-beac-8887750652e3 "78 vaaOP7Vt3of8Hz56cuIaXzU8siWCWlA8l7zSjrbND3HxAZ03xoOnFScApKjb6"
2020-08-17T04:14:39.749280859Z  [2020-08-17T04:14:39Z INFO  dt_client_bytes] Publish 79
2020-08-17T04:14:39.760278253Z  [2020-08-17T04:14:39Z INFO  dt_client_bytes] 79::38162cb0-e585-43d7-b55d-5c240b2bfb7c/3142192f-6bae-4f12-a6f3-5464dc37e790/d0a71d84-b80f-4558-beac-8887750652e3 "79 pA7pJ7uiv43MdgYWF7CiNwznzjuUdPtE4xKck91lXtRNBFkYoyyjz7Y86CqoT"
2020-08-17T04:14:39.760366477Z  [2020-08-17T04:14:39Z INFO  dt_client_bytes] Publish 80
2020-08-17T04:14:39.770902473Z  [2020-08-17T04:14:39Z INFO  dt_client_bytes] 80::38162cb0-e585-43d7-b55d-5c240b2bfb7c/3142192f-6bae-4f12-a6f3-5464dc37e790/d0a71d84-b80f-4558-beac-8887750652e3 "80 wFkzgypk95dbFhUM4iPMSXB4IfzzF1bnyIhkmhmD1nTDD3EzRm64Yx6ihHy23"
2020-08-17T04:14:39.770990740Z  [2020-08-17T04:14:39Z INFO  dt_client_bytes] Publish 81
2020-08-17T04:14:39.782589938Z  [2020-08-17T04:14:39Z INFO  dt_client_bytes] 81::38162cb0-e585-43d7-b55d-5c240b2bfb7c/3142192f-6bae-4f12-a6f3-5464dc37e790/d0a71d84-b80f-4558-beac-8887750652e3 "81 fAxXxVH40SyoadUoxAa6kbtMereT8m3SG3KPlgnimKBGVk4KjKkgrzfce7jTf"
2020-08-17T04:14:39.782678395Z  [2020-08-17T04:14:39Z INFO  dt_client_bytes] Publish 82
2020-08-17T04:14:39.794076346Z  [2020-08-17T04:14:39Z INFO  dt_client_bytes] 82::38162cb0-e585-43d7-b55d-5c240b2bfb7c/3142192f-6bae-4f12-a6f3-5464dc37e790/d0a71d84-b80f-4558-beac-8887750652e3 "82 eF56G4CYKgL0MVqcFhJlRyE2TTNbOi4pq3dFuEB33QCweyIctCYmgo7BGzg1i"
2020-08-17T04:14:39.794139145Z  [2020-08-17T04:14:39Z INFO  dt_client_bytes] Publish 83
2020-08-17T04:14:39.805811934Z  [2020-08-17T04:14:39Z INFO  dt_client_bytes] 83::38162cb0-e585-43d7-b55d-5c240b2bfb7c/3142192f-6bae-4f12-a6f3-5464dc37e790/d0a71d84-b80f-4558-beac-8887750652e3 "83 qcMNXGgkw3DRIJBZstZMUGUPJLplb5PsfBO9VDjJaLqWH6Ev82biz0ouKOqbe"
2020-08-17T04:14:39.805883020Z  [2020-08-17T04:14:39Z INFO  dt_client_bytes] Publish 84
2020-08-17T04:14:39.816855410Z  [2020-08-17T04:14:39Z INFO  dt_client_bytes] PubAck { pkid: 64 }
2020-08-17T04:14:39.816913492Z  [2020-08-17T04:14:39Z INFO  dt_client_bytes] 84::38162cb0-e585-43d7-b55d-5c240b2bfb7c/3142192f-6bae-4f12-a6f3-5464dc37e790/d0a71d84-b80f-4558-beac-8887750652e3 "84 PFz62D1lY2kViNsKvQ3TF7vFaioV22nzv5o4GzNzo2QPP83hnbyMRpqE72azZ"
2020-08-17T04:14:39.817979743Z  [2020-08-17T04:14:39Z INFO  dt_client_bytes] PubAck { pkid: 65 }
2020-08-17T04:14:39.819167324Z  [2020-08-17T04:14:39Z INFO  dt_client_bytes] Publish 85
2020-08-17T04:14:39.820371991Z  [2020-08-17T04:14:39Z INFO  dt_client_bytes] PubAck { pkid: 66 }
2020-08-17T04:14:39.821590836Z  [2020-08-17T04:14:39Z INFO  dt_client_bytes] PubAck { pkid: 67 }
2020-08-17T04:14:39.822790675Z  [2020-08-17T04:14:39Z INFO  dt_client_bytes] PubAck { pkid: 68 }
2020-08-17T04:14:39.824011227Z  [2020-08-17T04:14:39Z INFO  dt_client_bytes] PubAck { pkid: 69 }
2020-08-17T04:14:39.825236538Z  [2020-08-17T04:14:39Z INFO  dt_client_bytes] PubAck { pkid: 70 }
2020-08-17T04:14:39.826528211Z  [2020-08-17T04:14:39Z INFO  dt_client_bytes] PubAck { pkid: 71 }
2020-08-17T04:14:39.827832000Z  [2020-08-17T04:14:39Z INFO  dt_client_bytes] PubAck { pkid: 72 }
2020-08-17T04:14:39.827902169Z  [2020-08-17T04:14:39Z INFO  dt_client_bytes] 85::38162cb0-e585-43d7-b55d-5c240b2bfb7c/3142192f-6bae-4f12-a6f3-5464dc37e790/d0a71d84-b80f-4558-beac-8887750652e3 "85 SF5zcTfJ4in3c9Q7b8YVpiLzpJGbNmWSiI5pOGcJgd7QQLJf1Yto3hj2UU5S6"
2020-08-17T04:14:39.829140358Z  [2020-08-17T04:14:39Z INFO  dt_client_bytes] Publish 86
2020-08-17T04:14:39.840047580Z  [2020-08-17T04:14:39Z INFO  dt_client_bytes] 86::38162cb0-e585-43d7-b55d-5c240b2bfb7c/3142192f-6bae-4f12-a6f3-5464dc37e790/d0a71d84-b80f-4558-beac-8887750652e3 "86 BEiiWkUDtUJvVpxc2fQPakrgtKVO1rbaZ4VlnrCuQA1bsHIanRHmVvNrADgi5"
2020-08-17T04:14:39.840115797Z  [2020-08-17T04:14:39Z INFO  dt_client_bytes] Publish 87
2020-08-17T04:14:39.851479530Z  [2020-08-17T04:14:39Z INFO  dt_client_bytes] 87::38162cb0-e585-43d7-b55d-5c240b2bfb7c/3142192f-6bae-4f12-a6f3-5464dc37e790/d0a71d84-b80f-4558-beac-8887750652e3 "87 n9IaHy3OAxNwUDllvOXbbjMoGB1TVTB7YhiBulkic4BpkX9sMerSISR3cGUGo"
2020-08-17T04:14:39.851505251Z  [2020-08-17T04:14:39Z INFO  dt_client_bytes] Publish 88
2020-08-17T04:14:39.863035149Z  [2020-08-17T04:14:39Z INFO  dt_client_bytes] 88::38162cb0-e585-43d7-b55d-5c240b2bfb7c/3142192f-6bae-4f12-a6f3-5464dc37e790/d0a71d84-b80f-4558-beac-8887750652e3 "88 sdC1aV7dQhTJfJomucLCD2HL1F4moIBWP0x4WWeMrvrCYRkZl5lZGtlfLookV"
2020-08-17T04:14:39.863118073Z  [2020-08-17T04:14:39Z INFO  dt_client_bytes] Publish 89
2020-08-17T04:14:39.874772560Z  [2020-08-17T04:14:39Z INFO  dt_client_bytes] 89::38162cb0-e585-43d7-b55d-5c240b2bfb7c/3142192f-6bae-4f12-a6f3-5464dc37e790/d0a71d84-b80f-4558-beac-8887750652e3 "89 BDsLf8tVs60THRANy50UEyRi5dnE3prYTjokcj8WJ1O1KAX6dDCk8ePd34Aon"
2020-08-17T04:14:39.874849570Z  [2020-08-17T04:14:39Z INFO  dt_client_bytes] Publish 90
2020-08-17T04:14:39.886561266Z  [2020-08-17T04:14:39Z INFO  dt_client_bytes] 90::38162cb0-e585-43d7-b55d-5c240b2bfb7c/3142192f-6bae-4f12-a6f3-5464dc37e790/d0a71d84-b80f-4558-beac-8887750652e3 "90 24l72qkg1gPCOGkGf4MN7NbqjUdEnyku3ZyteacocpIpc3WNV4G9hNGifOL3o"
2020-08-17T04:14:39.886822407Z  [2020-08-17T04:14:39Z INFO  dt_client_bytes] Publish 91
2020-08-17T04:14:39.898278159Z  [2020-08-17T04:14:39Z INFO  dt_client_bytes] 91::38162cb0-e585-43d7-b55d-5c240b2bfb7c/3142192f-6bae-4f12-a6f3-5464dc37e790/d0a71d84-b80f-4558-beac-8887750652e3 "91 cRVInMm9HdcGBrpnggmd4ScGBvhKmvRw59tqC7Rb7FuYd9OB6JyHWzPqE0W1A"
2020-08-17T04:14:39.898329913Z  [2020-08-17T04:14:39Z INFO  dt_client_bytes] Publish 92
2020-08-17T04:14:39.909146797Z  [2020-08-17T04:14:39Z INFO  dt_client_bytes] 92::38162cb0-e585-43d7-b55d-5c240b2bfb7c/3142192f-6bae-4f12-a6f3-5464dc37e790/d0a71d84-b80f-4558-beac-8887750652e3 "92 RyOm3aYMfAA91AMNhWd8p911B2nZ2K5DFi9HbNMoKkjARAfkebgKehllj7wC1"
2020-08-17T04:14:39.909237109Z  [2020-08-17T04:14:39Z INFO  dt_client_bytes] Publish 93
2020-08-17T04:14:39.920823598Z  [2020-08-17T04:14:39Z INFO  dt_client_bytes] 93::38162cb0-e585-43d7-b55d-5c240b2bfb7c/3142192f-6bae-4f12-a6f3-5464dc37e790/d0a71d84-b80f-4558-beac-8887750652e3 "93 bH2LU8sAb8VjzE6uSv1xxJoMwZt1Y10ITf8Z6vr2iEy77E5z5v53JGHoLNpMM"
2020-08-17T04:14:39.920894826Z  [2020-08-17T04:14:39Z INFO  dt_client_bytes] Publish 94
2020-08-17T04:14:39.932452174Z  [2020-08-17T04:14:39Z INFO  dt_client_bytes] 94::38162cb0-e585-43d7-b55d-5c240b2bfb7c/3142192f-6bae-4f12-a6f3-5464dc37e790/d0a71d84-b80f-4558-beac-8887750652e3 "94 25Bz8rMN22jJY17TrXN9wfaFWbqs6hB3yzuggqfYOkm5BH3Z5MQeTwdUxfzay"
2020-08-17T04:14:39.932523095Z  [2020-08-17T04:14:39Z INFO  dt_client_bytes] Publish 95
2020-08-17T04:14:39.943180765Z  [2020-08-17T04:14:39Z INFO  dt_client_bytes] 95::38162cb0-e585-43d7-b55d-5c240b2bfb7c/3142192f-6bae-4f12-a6f3-5464dc37e790/d0a71d84-b80f-4558-beac-8887750652e3 "95 3EarYrj5XYOk91crCEoAAYOH1pc5VUUf2vp9ExCBoiKzCNCVUOM4UtB8WluMp"
2020-08-17T04:14:39.943251039Z  [2020-08-17T04:14:39Z INFO  dt_client_bytes] Publish 96
2020-08-17T04:14:39.954107621Z  [2020-08-17T04:14:39Z INFO  dt_client_bytes] 96::38162cb0-e585-43d7-b55d-5c240b2bfb7c/3142192f-6bae-4f12-a6f3-5464dc37e790/d0a71d84-b80f-4558-beac-8887750652e3 "96 wBQK0Q5Bw5R8ZshQm2DMAux83hLlCyXzltFGkiiY0HPbLmGKgmXl2ZZPneofP"
2020-08-17T04:14:39.954179468Z  [2020-08-17T04:14:39Z INFO  dt_client_bytes] Publish 97
2020-08-17T04:14:39.965827943Z  [2020-08-17T04:14:39Z INFO  dt_client_bytes] 97::38162cb0-e585-43d7-b55d-5c240b2bfb7c/3142192f-6bae-4f12-a6f3-5464dc37e790/d0a71d84-b80f-4558-beac-8887750652e3 "97 p4M2EowU7VgRaC5L58LyC9iFlcnCOfpjILHZBuztmVbTmIrnumChiYcEoUgGw"
2020-08-17T04:14:39.965917114Z  [2020-08-17T04:14:39Z INFO  dt_client_bytes] Publish 98
2020-08-17T04:14:39.968361106Z  [2020-08-17T04:14:39Z INFO  dt_client_bytes] PubAck { pkid: 73 }
2020-08-17T04:14:39.969679868Z  [2020-08-17T04:14:39Z INFO  dt_client_bytes] PubAck { pkid: 74 }
2020-08-17T04:14:39.970915611Z  [2020-08-17T04:14:39Z INFO  dt_client_bytes] PubAck { pkid: 75 }
2020-08-17T04:14:39.972201487Z  [2020-08-17T04:14:39Z INFO  dt_client_bytes] PubAck { pkid: 76 }
2020-08-17T04:14:39.973504332Z  [2020-08-17T04:14:39Z INFO  dt_client_bytes] PubAck { pkid: 77 }
2020-08-17T04:14:39.974775584Z  [2020-08-17T04:14:39Z INFO  dt_client_bytes] PubAck { pkid: 78 }
2020-08-17T04:14:39.975984286Z  [2020-08-17T04:14:39Z INFO  dt_client_bytes] PubAck { pkid: 79 }
2020-08-17T04:14:39.977445395Z  [2020-08-17T04:14:39Z INFO  dt_client_bytes] PubAck { pkid: 80 }
2020-08-17T04:14:39.977511839Z  [2020-08-17T04:14:39Z INFO  dt_client_bytes] 98::38162cb0-e585-43d7-b55d-5c240b2bfb7c/3142192f-6bae-4f12-a6f3-5464dc37e790/d0a71d84-b80f-4558-beac-8887750652e3 "98 su7Fcqt1yfCWXin4X3pDZmQnRy0IH7gwfbcFrTxGbLUJDEfr6wMXQVrM3VDmN"
2020-08-17T04:14:39.977532895Z  [2020-08-17T04:14:39Z INFO  dt_client_bytes] PubAck { pkid: 81 }
2020-08-17T04:14:39.978689257Z  [2020-08-17T04:14:39Z INFO  dt_client_bytes] PubAck { pkid: 82 }
2020-08-17T04:14:39.980050887Z  [2020-08-17T04:14:39Z INFO  dt_client_bytes] Publish 99
2020-08-17T04:14:39.989305325Z  [2020-08-17T04:14:39Z INFO  dt_client_bytes] 99::38162cb0-e585-43d7-b55d-5c240b2bfb7c/3142192f-6bae-4f12-a6f3-5464dc37e790/d0a71d84-b80f-4558-beac-8887750652e3 "99 X7hhwOx06MaXd4xYKdYWSholeVg6mJyf64adMChTzwoMJyrvU1c226LLITaol"
2020-08-17T04:14:39.989386393Z  [2020-08-17T04:14:39Z INFO  dt_client_bytes] Publish 100
2020-08-17T04:14:39.989411700Z  [2020-08-17T04:14:39Z INFO  dt_client_bytes] NotificationCounter {
2020-08-17T04:14:39.989429476Z          Pub: 100,
2020-08-17T04:14:39.989481101Z          PubAck: 82,
2020-08-17T04:14:39.989503290Z          PubRec: 0,
2020-08-17T04:14:39.989519789Z          PubRel: 0,
2020-08-17T04:14:39.989535848Z          PubComp: 0,
2020-08-17T04:14:39.989593831Z      }
2020-08-17T04:14:40.000526223Z  [2020-08-17T04:14:40Z INFO  dt_client_bytes] Thread 38162cb0-e585-43d7-b55d-5c240b2bfb7c/3142192f-6bae-4f12-a6f3-5464dc37e790/d0a71d84-b80f-4558-beac-8887750652e3 done with 100 messages.
2020-08-17T04:14:40.078959119Z  [2020-08-17T04:14:40Z INFO  dt_client_bytes] PubAck { pkid: 83 }
2020-08-17T04:14:40.079022077Z  [2020-08-17T04:14:40Z INFO  dt_client_bytes] NotificationCounter {
2020-08-17T04:14:40.079035150Z          Pub: 100,
2020-08-17T04:14:40.079045434Z          PubAck: 83,
2020-08-17T04:14:40.079055174Z          PubRec: 0,
2020-08-17T04:14:40.079064736Z          PubRel: 0,
2020-08-17T04:14:40.079096530Z          PubComp: 0,
2020-08-17T04:14:40.079109456Z      }
2020-08-17T04:14:40.080128741Z  [2020-08-17T04:14:40Z INFO  dt_client_bytes] PubAck { pkid: 84 }
2020-08-17T04:14:40.080147662Z  [2020-08-17T04:14:40Z INFO  dt_client_bytes] NotificationCounter {
2020-08-17T04:14:40.080158668Z          Pub: 100,
2020-08-17T04:14:40.080168566Z          PubAck: 84,
2020-08-17T04:14:40.080203147Z          PubRec: 0,
2020-08-17T04:14:40.080217171Z          PubRel: 0,
2020-08-17T04:14:40.080227441Z          PubComp: 0,
2020-08-17T04:14:40.080237646Z      }
2020-08-17T04:14:40.081355233Z  [2020-08-17T04:14:40Z INFO  dt_client_bytes] PubAck { pkid: 85 }
2020-08-17T04:14:40.081404115Z  [2020-08-17T04:14:40Z INFO  dt_client_bytes] NotificationCounter {
2020-08-17T04:14:40.081418655Z          Pub: 100,
2020-08-17T04:14:40.081428908Z          PubAck: 85,
2020-08-17T04:14:40.081439068Z          PubRec: 0,
2020-08-17T04:14:40.081449055Z          PubRel: 0,
2020-08-17T04:14:40.081458897Z          PubComp: 0,
2020-08-17T04:14:40.081493303Z      }
2020-08-17T04:14:40.082574224Z  [2020-08-17T04:14:40Z INFO  dt_client_bytes] PubAck { pkid: 86 }
2020-08-17T04:14:40.082622631Z  [2020-08-17T04:14:40Z INFO  dt_client_bytes] NotificationCounter {
2020-08-17T04:14:40.082663109Z          Pub: 100,
2020-08-17T04:14:40.082674261Z          PubAck: 86,
2020-08-17T04:14:40.082711379Z          PubRec: 0,
2020-08-17T04:14:40.082725176Z          PubRel: 0,
2020-08-17T04:14:40.082735210Z          PubComp: 0,
2020-08-17T04:14:40.082745143Z      }
2020-08-17T04:14:40.083795921Z  [2020-08-17T04:14:40Z INFO  dt_client_bytes] PubAck { pkid: 87 }
2020-08-17T04:14:40.083846505Z  [2020-08-17T04:14:40Z INFO  dt_client_bytes] NotificationCounter {
2020-08-17T04:14:40.083859812Z          Pub: 100,
2020-08-17T04:14:40.083870053Z          PubAck: 87,
2020-08-17T04:14:40.083879565Z          PubRec: 0,
2020-08-17T04:14:40.083889225Z          PubRel: 0,
2020-08-17T04:14:40.083898846Z          PubComp: 0,
2020-08-17T04:14:40.083934702Z      }
2020-08-17T04:14:40.084981230Z  [2020-08-17T04:14:40Z INFO  dt_client_bytes] PubAck { pkid: 88 }
2020-08-17T04:14:40.085000077Z  [2020-08-17T04:14:40Z INFO  dt_client_bytes] NotificationCounter {
2020-08-17T04:14:40.085011096Z          Pub: 100,
2020-08-17T04:14:40.085021098Z          PubAck: 88,
2020-08-17T04:14:40.085031000Z          PubRec: 0,
2020-08-17T04:14:40.085088040Z          PubRel: 0,
2020-08-17T04:14:40.085098801Z          PubComp: 0,
2020-08-17T04:14:40.085108712Z      }
2020-08-17T04:14:40.086250382Z  [2020-08-17T04:14:40Z INFO  dt_client_bytes] PubAck { pkid: 89 }
2020-08-17T04:14:40.086310538Z  [2020-08-17T04:14:40Z INFO  dt_client_bytes] NotificationCounter {
2020-08-17T04:14:40.086328659Z          Pub: 100,
2020-08-17T04:14:40.086341438Z          PubAck: 89,
2020-08-17T04:14:40.086353729Z          PubRec: 0,
2020-08-17T04:14:40.086365863Z          PubRel: 0,
2020-08-17T04:14:40.086426034Z          PubComp: 0,
2020-08-17T04:14:40.086439034Z      }
2020-08-17T04:14:40.087573499Z  [2020-08-17T04:14:40Z INFO  dt_client_bytes] PubAck { pkid: 90 }
2020-08-17T04:14:40.087639283Z  [2020-08-17T04:14:40Z INFO  dt_client_bytes] NotificationCounter {
2020-08-17T04:14:40.087656827Z          Pub: 100,
2020-08-17T04:14:40.087670117Z          PubAck: 90,
2020-08-17T04:14:40.087682723Z          PubRec: 0,
2020-08-17T04:14:40.087729254Z          PubRel: 0,
2020-08-17T04:14:40.087742972Z          PubComp: 0,
2020-08-17T04:14:40.087755866Z      }
2020-08-17T04:14:40.088793310Z  [2020-08-17T04:14:40Z INFO  dt_client_bytes] PubAck { pkid: 91 }
2020-08-17T04:14:40.088857196Z  [2020-08-17T04:14:40Z INFO  dt_client_bytes] NotificationCounter {
2020-08-17T04:14:40.088875549Z          Pub: 100,
2020-08-17T04:14:40.088915050Z          PubAck: 91,
2020-08-17T04:14:40.088959704Z          PubRec: 0,
2020-08-17T04:14:40.088973751Z          PubRel: 0,
2020-08-17T04:14:40.088985901Z          PubComp: 0,
2020-08-17T04:14:40.088997973Z      }
2020-08-17T04:14:40.188150618Z  [2020-08-17T04:14:40Z INFO  dt_client_bytes] PubAck { pkid: 92 }
2020-08-17T04:14:40.188237996Z  [2020-08-17T04:14:40Z INFO  dt_client_bytes] NotificationCounter {
2020-08-17T04:14:40.188297993Z          Pub: 100,
2020-08-17T04:14:40.188319490Z          PubAck: 92,
2020-08-17T04:14:40.188336908Z          PubRec: 0,
2020-08-17T04:14:40.188392841Z          PubRel: 0,
2020-08-17T04:14:40.188416678Z          PubComp: 0,
2020-08-17T04:14:40.188434438Z      }
2020-08-17T04:14:40.189505757Z  [2020-08-17T04:14:40Z INFO  dt_client_bytes] PubAck { pkid: 93 }
2020-08-17T04:14:40.189579431Z  [2020-08-17T04:14:40Z INFO  dt_client_bytes] NotificationCounter {
2020-08-17T04:14:40.189600288Z          Pub: 100,
2020-08-17T04:14:40.189617949Z          PubAck: 93,
2020-08-17T04:14:40.189679579Z          PubRec: 0,
2020-08-17T04:14:40.189697649Z          PubRel: 0,
2020-08-17T04:14:40.189715346Z          PubComp: 0,
2020-08-17T04:14:40.189776437Z      }
2020-08-17T04:14:40.189794420Z  [2020-08-17T04:14:40Z INFO  dt_client_bytes] PubAck { pkid: 94 }
2020-08-17T04:14:40.189812447Z  [2020-08-17T04:14:40Z INFO  dt_client_bytes] NotificationCounter {
2020-08-17T04:14:40.189874245Z          Pub: 100,
2020-08-17T04:14:40.189892185Z          PubAck: 94,
2020-08-17T04:14:40.189909569Z          PubRec: 0,
2020-08-17T04:14:40.189989730Z          PubRel: 0,
2020-08-17T04:14:40.190008183Z          PubComp: 0,
2020-08-17T04:14:40.190072070Z      }
2020-08-17T04:14:40.190954287Z  [2020-08-17T04:14:40Z INFO  dt_client_bytes] PubAck { pkid: 95 }
2020-08-17T04:14:40.191003195Z  [2020-08-17T04:14:40Z INFO  dt_client_bytes] NotificationCounter {
2020-08-17T04:14:40.191067385Z          Pub: 100,
2020-08-17T04:14:40.191087449Z          PubAck: 95,
2020-08-17T04:14:40.191105342Z          PubRec: 0,
2020-08-17T04:14:40.191161856Z          PubRel: 0,
2020-08-17T04:14:40.191182646Z          PubComp: 0,
2020-08-17T04:14:40.191199773Z      }
2020-08-17T04:14:40.192140544Z  [2020-08-17T04:14:40Z INFO  dt_client_bytes] PubAck { pkid: 96 }
2020-08-17T04:14:40.192219155Z  [2020-08-17T04:14:40Z INFO  dt_client_bytes] NotificationCounter {
2020-08-17T04:14:40.192240355Z          Pub: 100,
2020-08-17T04:14:40.192296566Z          PubAck: 96,
2020-08-17T04:14:40.192339463Z          PubRec: 0,
2020-08-17T04:14:40.192398544Z          PubRel: 0,
2020-08-17T04:14:40.192418871Z          PubComp: 0,
2020-08-17T04:14:40.192436181Z      }
2020-08-17T04:14:40.193495190Z  [2020-08-17T04:14:40Z INFO  dt_client_bytes] PubAck { pkid: 97 }
2020-08-17T04:14:40.193565178Z  [2020-08-17T04:14:40Z INFO  dt_client_bytes] NotificationCounter {
2020-08-17T04:14:40.193585791Z          Pub: 100,
2020-08-17T04:14:40.193603151Z          PubAck: 97,
2020-08-17T04:14:40.193665311Z          PubRec: 0,
2020-08-17T04:14:40.193683316Z          PubRel: 0,
2020-08-17T04:14:40.193700592Z          PubComp: 0,
2020-08-17T04:14:40.193761373Z      }
2020-08-17T04:14:40.193780073Z  [2020-08-17T04:14:40Z INFO  dt_client_bytes] PubAck { pkid: 98 }
2020-08-17T04:14:40.193798104Z  [2020-08-17T04:14:40Z INFO  dt_client_bytes] NotificationCounter {
2020-08-17T04:14:40.193858784Z          Pub: 100,
2020-08-17T04:14:40.193876991Z          PubAck: 98,
2020-08-17T04:14:40.193894114Z          PubRec: 0,
2020-08-17T04:14:40.193953775Z          PubRel: 0,
2020-08-17T04:14:40.193972409Z          PubComp: 0,
2020-08-17T04:14:40.193989962Z      }
2020-08-17T04:14:40.194722407Z  [2020-08-17T04:14:40Z INFO  dt_client_bytes] PubAck { pkid: 99 }
2020-08-17T04:14:40.194792721Z  [2020-08-17T04:14:40Z INFO  dt_client_bytes] NotificationCounter {
2020-08-17T04:14:40.194814035Z          Pub: 100,
2020-08-17T04:14:40.194831309Z          PubAck: 99,
2020-08-17T04:14:40.194889463Z          PubRec: 0,
2020-08-17T04:14:40.194908879Z          PubRel: 0,
2020-08-17T04:14:40.194926503Z          PubComp: 0,
2020-08-17T04:14:40.194982030Z      }
2020-08-17T04:14:40.195978096Z  [2020-08-17T04:14:40Z INFO  dt_client_bytes] PubAck { pkid: 100 }
2020-08-17T04:14:40.196050329Z  [2020-08-17T04:14:40Z INFO  dt_client_bytes] NotificationCounter {
2020-08-17T04:14:40.196071316Z          Pub: 100,
2020-08-17T04:14:40.196088043Z          PubAck: 100,
2020-08-17T04:14:40.196151221Z          PubRec: 0,
2020-08-17T04:14:40.196169854Z          PubRel: 0,
2020-08-17T04:14:40.196186994Z          PubComp: 0,
2020-08-17T04:14:40.196247599Z      }
2020-08-17T04:15:08.860622697Z  [2020-08-17T04:15:08Z INFO  dt_client_bytes] NotificationCounter {
2020-08-17T04:15:08.860747154Z          Pub: 100,
2020-08-17T04:15:08.860770900Z          PubAck: 100,
2020-08-17T04:15:08.860789608Z          PubRec: 0,
2020-08-17T04:15:08.860807568Z          PubRel: 0,
2020-08-17T04:15:08.860825101Z          PubComp: 0,
2020-08-17T04:15:08.860873096Z      }
2020-08-17T04:15:08.944595689Z  [2020-08-17T04:15:08Z INFO  dt_client_bytes] NotificationCounter {
2020-08-17T04:15:08.944664353Z          Pub: 100,
2020-08-17T04:15:08.944687020Z          PubAck: 100,
2020-08-17T04:15:08.944704650Z          PubRec: 0,
2020-08-17T04:15:08.944721774Z          PubRel: 0,
2020-08-17T04:15:08.944738540Z          PubComp: 0,
2020-08-17T04:15:08.944759405Z      }
2020-08-17T04:15:38.861547158Z  [2020-08-17T04:15:38Z INFO  dt_client_bytes] NotificationCounter {
2020-08-17T04:15:38.861626029Z          Pub: 100,
2020-08-17T04:15:38.861647714Z          PubAck: 100,
2020-08-17T04:15:38.861665937Z          PubRec: 0,
2020-08-17T04:15:38.861684017Z          PubRel: 0,
2020-08-17T04:15:38.861701418Z          PubComp: 0,
2020-08-17T04:15:38.861718845Z      }
2020-08-17T04:15:38.958791728Z  [2020-08-17T04:15:38Z INFO  dt_client_bytes] NotificationCounter {
2020-08-17T04:15:38.958839209Z          Pub: 100,
2020-08-17T04:15:38.958860011Z          PubAck: 100,
2020-08-17T04:15:38.958878821Z          PubRec: 0,
2020-08-17T04:15:38.958896681Z          PubRel: 0,
2020-08-17T04:15:38.958914469Z          PubComp: 0,
2020-08-17T04:15:38.958932442Z      }
2020-08-17T04:16:08.862677297Z  [2020-08-17T04:16:08Z INFO  dt_client_bytes] NotificationCounter {
2020-08-17T04:16:08.862847551Z          Pub: 100,
2020-08-17T04:16:08.862871151Z          PubAck: 100,
2020-08-17T04:16:08.862889629Z          PubRec: 0,
2020-08-17T04:16:08.862907589Z          PubRel: 0,
2020-08-17T04:16:08.862925066Z          PubComp: 0,
2020-08-17T04:16:08.862942239Z      }
2020-08-17T04:16:08.963900775Z  [2020-08-17T04:16:08Z INFO  dt_client_bytes] NotificationCounter {
2020-08-17T04:16:08.963947936Z          Pub: 100,
2020-08-17T04:16:08.963988764Z          PubAck: 100,
2020-08-17T04:16:08.964009350Z          PubRec: 0,
2020-08-17T04:16:08.964036908Z          PubRel: 0,
2020-08-17T04:16:08.964055805Z          PubComp: 0,
2020-08-17T04:16:08.964073871Z      }
2020-08-17T04:16:38.863815967Z  [2020-08-17T04:16:38Z INFO  dt_client_bytes] NotificationCounter {
2020-08-17T04:16:38.863894505Z          Pub: 100,
2020-08-17T04:16:38.863916466Z          PubAck: 100,
2020-08-17T04:16:38.863935050Z          PubRec: 0,
2020-08-17T04:16:38.863953187Z          PubRel: 0,
2020-08-17T04:16:38.863970713Z          PubComp: 0,
2020-08-17T04:16:38.863988538Z      }
2020-08-17T04:16:38.963555664Z  [2020-08-17T04:16:38Z INFO  dt_client_bytes] NotificationCounter {
2020-08-17T04:16:38.963689463Z          Pub: 100,
2020-08-17T04:16:38.963714123Z          PubAck: 100,
2020-08-17T04:16:38.963731914Z          PubRec: 0,
2020-08-17T04:16:38.963748761Z          PubRel: 0,
2020-08-17T04:16:38.963765377Z          PubComp: 0,
2020-08-17T04:16:38.963782449Z      }
