2020-08-17T16:26:34.826222757Z  [2020-08-17T16:26:34Z INFO  dt_client_bytes] Starting client. Host at mqtt-broker:1883
2020-08-17T16:26:34.826259617Z  [2020-08-17T16:26:34Z INFO  dt_client_bytes] Thread of topic 38162cb0-e585-43d7-b55d-5c240b2bfb7c/3142192f-6bae-4f12-a6f3-5464dc37e790/d0a71d84-b80f-4558-beac-8887750652e3
2020-08-17T16:26:34.826273587Z  [2020-08-17T16:26:34Z INFO  dt_client_bytes] 0::38162cb0-e585-43d7-b55d-5c240b2bfb7c/3142192f-6bae-4f12-a6f3-5464dc37e790/d0a71d84-b80f-4558-beac-8887750652e3 "0 6p37C3AG7WjF6tYtLtkJQ8fD3gyEwGYW6RSVLnhPJU4XZEFkhUbdofyZQGpG8f"
2020-08-17T16:26:34.835211148Z  [2020-08-17T16:26:34Z INFO  dt_client_bytes] 1::38162cb0-e585-43d7-b55d-5c240b2bfb7c/3142192f-6bae-4f12-a6f3-5464dc37e790/d0a71d84-b80f-4558-beac-8887750652e3 "1 rDQG6f6kwsLq2YC9gJKX6TmwbvNTHiVBe01Uofdvu1nm10h48hh4dGekSfRpAk"
2020-08-17T16:26:34.842403374Z  [2020-08-17T16:26:34Z INFO  dt_client_bytes] 2::38162cb0-e585-43d7-b55d-5c240b2bfb7c/3142192f-6bae-4f12-a6f3-5464dc37e790/d0a71d84-b80f-4558-beac-8887750652e3 "2 oCBQ5lSNpIHWWHjO4eRjJHMfpAucc4Wa6MO4BDdQgCd6AlvzldriKXK2EE9mZe"
2020-08-17T16:26:34.852660627Z  [2020-08-17T16:26:34Z INFO  dt_client_bytes] 3::38162cb0-e585-43d7-b55d-5c240b2bfb7c/3142192f-6bae-4f12-a6f3-5464dc37e790/d0a71d84-b80f-4558-beac-8887750652e3 "3 PjLHsdNRJFGSRd1KT8WKIrvLTWuw6JkF5EEB8ybnRbn06mttqX6epF6TpA6p5u"
2020-08-17T16:26:34.864008260Z  [2020-08-17T16:26:34Z INFO  dt_client_bytes] 4::38162cb0-e585-43d7-b55d-5c240b2bfb7c/3142192f-6bae-4f12-a6f3-5464dc37e790/d0a71d84-b80f-4558-beac-8887750652e3 "4 c1piXQ3jLE7bRgmgskIChFJAhtWq6mBHo3jEWgFBjghqw3HAjCjas22hLDTKDo"
2020-08-17T16:26:34.875177744Z  [2020-08-17T16:26:34Z INFO  dt_client_bytes] 5::38162cb0-e585-43d7-b55d-5c240b2bfb7c/3142192f-6bae-4f12-a6f3-5464dc37e790/d0a71d84-b80f-4558-beac-8887750652e3 "5 5hFOS08f0Mi3gq4OO5GLFnC5SvDLldNiZvUWiNrDC5eerZTasS7lJRJ6Dve90S"
2020-08-17T16:26:34.886492916Z  [2020-08-17T16:26:34Z INFO  dt_client_bytes] 6::38162cb0-e585-43d7-b55d-5c240b2bfb7c/3142192f-6bae-4f12-a6f3-5464dc37e790/d0a71d84-b80f-4558-beac-8887750652e3 "6 rTYeVI2IPpLYdUX0u8JiQi4agW3eAtazPuDnY5UrjQNo9CNyj4d3vUdWuJAc7u"
2020-08-17T16:26:34.897668360Z  [2020-08-17T16:26:34Z INFO  dt_client_bytes] 7::38162cb0-e585-43d7-b55d-5c240b2bfb7c/3142192f-6bae-4f12-a6f3-5464dc37e790/d0a71d84-b80f-4558-beac-8887750652e3 "7 WmfWMWQEV42Mhz1umLevJ0nXeNWu4uC2x5YaM1I1nnFBsh6gNBEJMYdnD8nhM8"
2020-08-17T16:26:34.908765374Z  [2020-08-17T16:26:34Z INFO  dt_client_bytes] 8::38162cb0-e585-43d7-b55d-5c240b2bfb7c/3142192f-6bae-4f12-a6f3-5464dc37e790/d0a71d84-b80f-4558-beac-8887750652e3 "8 mZP8XVJAwt7bMlSgAGTNO6ms0CqREJ8KayojLvFqFEHb1mcbqAAC8wtIqcay1A"
2020-08-17T16:26:34.919897128Z  [2020-08-17T16:26:34Z INFO  dt_client_bytes] 9::38162cb0-e585-43d7-b55d-5c240b2bfb7c/3142192f-6bae-4f12-a6f3-5464dc37e790/d0a71d84-b80f-4558-beac-8887750652e3 "9 H7c6AbJF5PwnZ1mN3GtdtkmwgBigPF2jiTPnPM7OCcNpghh7FKGmKODXn7lGAe"
2020-08-17T16:26:34.930830981Z  [2020-08-17T16:26:34Z INFO  dt_client_bytes] 10::38162cb0-e585-43d7-b55d-5c240b2bfb7c/3142192f-6bae-4f12-a6f3-5464dc37e790/d0a71d84-b80f-4558-beac-8887750652e3 "10 eWqWPXzxgsR2C9SRrgJDtdGvINTSA5LzWX62ef2Tuheghx76QA34AUtAjHkWh"
2020-08-17T16:26:34.941822054Z  [2020-08-17T16:26:34Z INFO  dt_client_bytes] 11::38162cb0-e585-43d7-b55d-5c240b2bfb7c/3142192f-6bae-4f12-a6f3-5464dc37e790/d0a71d84-b80f-4558-beac-8887750652e3 "11 Q129nbM7qfdSIZTVGG2I0UDNI2lxr7IB9ENVLGcpq0OGLan2PUwXLqF9uVYNp"
2020-08-17T16:26:34.953039895Z  [2020-08-17T16:26:34Z INFO  dt_client_bytes] 12::38162cb0-e585-43d7-b55d-5c240b2bfb7c/3142192f-6bae-4f12-a6f3-5464dc37e790/d0a71d84-b80f-4558-beac-8887750652e3 "12 a2H7BficxLSupC7fYKH3VUVii6WviaSX8pf0CnqExKsdn5KOjaQOyMALLXnAr"
2020-08-17T16:26:34.964199631Z  [2020-08-17T16:26:34Z INFO  dt_client_bytes] 13::38162cb0-e585-43d7-b55d-5c240b2bfb7c/3142192f-6bae-4f12-a6f3-5464dc37e790/d0a71d84-b80f-4558-beac-8887750652e3 "13 HqUP9QRjrc8Dn9mXpc2zCHduOqVT76Z8J83HAnLcm9EN9AlhrkiXtW5Goj4dw"
2020-08-17T16:26:34.975350055Z  [2020-08-17T16:26:34Z INFO  dt_client_bytes] 14::38162cb0-e585-43d7-b55d-5c240b2bfb7c/3142192f-6bae-4f12-a6f3-5464dc37e790/d0a71d84-b80f-4558-beac-8887750652e3 "14 lV5nohz4AvpQo1uovzoIgNcplLAHeATZS6V3ffo2F3mGPSFXAG8CwnmJdC4BW"
2020-08-17T16:26:34.986503990Z  [2020-08-17T16:26:34Z INFO  dt_client_bytes] 15::38162cb0-e585-43d7-b55d-5c240b2bfb7c/3142192f-6bae-4f12-a6f3-5464dc37e790/d0a71d84-b80f-4558-beac-8887750652e3 "15 Sbqrqghh9V1th7ZdbIFvjbSPfQBHUiFnBlEsCzbeergKg8XUd2hKNhv5TZhIj"
2020-08-17T16:26:34.997664742Z  [2020-08-17T16:26:34Z INFO  dt_client_bytes] 16::38162cb0-e585-43d7-b55d-5c240b2bfb7c/3142192f-6bae-4f12-a6f3-5464dc37e790/d0a71d84-b80f-4558-beac-8887750652e3 "16 C0z7IwwehBfPHhSvWp3h1XgjLgVv6Z3AKu7pepqE4POhtVaAtrXsta646KMUh"
2020-08-17T16:26:35.008882781Z  [2020-08-17T16:26:35Z INFO  dt_client_bytes] 17::38162cb0-e585-43d7-b55d-5c240b2bfb7c/3142192f-6bae-4f12-a6f3-5464dc37e790/d0a71d84-b80f-4558-beac-8887750652e3 "17 V41OILryetoWMXbzy4HsRj6mwWeX3NtvlOZjU3fbMpS3PqQAHcm2a5t41AsM3"
2020-08-17T16:26:35.014020826Z  [2020-08-17T16:26:35Z INFO  dt_client_bytes] Publish 1
2020-08-17T16:26:35.015223867Z  [2020-08-17T16:26:35Z INFO  dt_client_bytes] Publish 2
2020-08-17T16:26:35.016368999Z  [2020-08-17T16:26:35Z INFO  dt_client_bytes] Publish 3
2020-08-17T16:26:35.017539749Z  [2020-08-17T16:26:35Z INFO  dt_client_bytes] Publish 4
2020-08-17T16:26:35.018719624Z  [2020-08-17T16:26:35Z INFO  dt_client_bytes] Publish 5
2020-08-17T16:26:35.019912712Z  [2020-08-17T16:26:35Z INFO  dt_client_bytes] Publish 6
2020-08-17T16:26:35.019969153Z  [2020-08-17T16:26:35Z INFO  dt_client_bytes] 18::38162cb0-e585-43d7-b55d-5c240b2bfb7c/3142192f-6bae-4f12-a6f3-5464dc37e790/d0a71d84-b80f-4558-beac-8887750652e3 "18 Hhg0AmjB3gIHsgRmoLTIans3SEq6pMsmPOYHq7hnhhF60b3ypTNiIZmDqInKL"
2020-08-17T16:26:35.021107227Z  [2020-08-17T16:26:35Z INFO  dt_client_bytes] Publish 7
2020-08-17T16:26:35.022265406Z  [2020-08-17T16:26:35Z INFO  dt_client_bytes] Publish 8
2020-08-17T16:26:35.023576132Z  [2020-08-17T16:26:35Z INFO  dt_client_bytes] Publish 9
2020-08-17T16:26:35.024708695Z  [2020-08-17T16:26:35Z INFO  dt_client_bytes] Publish 10
2020-08-17T16:26:35.025905863Z  [2020-08-17T16:26:35Z INFO  dt_client_bytes] Publish 11
2020-08-17T16:26:35.027062835Z  [2020-08-17T16:26:35Z INFO  dt_client_bytes] Publish 12
2020-08-17T16:26:35.028321079Z  [2020-08-17T16:26:35Z INFO  dt_client_bytes] Publish 13
2020-08-17T16:26:35.029496559Z  [2020-08-17T16:26:35Z INFO  dt_client_bytes] Publish 14
2020-08-17T16:26:35.030687457Z  [2020-08-17T16:26:35Z INFO  dt_client_bytes] Publish 15
2020-08-17T16:26:35.030744441Z  [2020-08-17T16:26:35Z INFO  dt_client_bytes] 19::38162cb0-e585-43d7-b55d-5c240b2bfb7c/3142192f-6bae-4f12-a6f3-5464dc37e790/d0a71d84-b80f-4558-beac-8887750652e3 "19 455E78vxgoBhV6nemO8dcWhzbZHafkLf1pPdQWEGRwPXVBP1c6MLVzTpV7BsX"
2020-08-17T16:26:35.031838632Z  [2020-08-17T16:26:35Z INFO  dt_client_bytes] Publish 16
2020-08-17T16:26:35.033121931Z  [2020-08-17T16:26:35Z INFO  dt_client_bytes] Publish 17
2020-08-17T16:26:35.034338312Z  [2020-08-17T16:26:35Z INFO  dt_client_bytes] Publish 18
2020-08-17T16:26:35.036034484Z  [2020-08-17T16:26:35Z INFO  dt_client_bytes] Publish 19
2020-08-17T16:26:35.036730032Z  [2020-08-17T16:26:35Z INFO  dt_client_bytes] Publish 20
2020-08-17T16:26:35.043918527Z  [2020-08-17T16:26:35Z INFO  dt_client_bytes] 20::38162cb0-e585-43d7-b55d-5c240b2bfb7c/3142192f-6bae-4f12-a6f3-5464dc37e790/d0a71d84-b80f-4558-beac-8887750652e3 "20 atxwoFiRdTnuZtyVJHXgLtnYblFciCRkGU0GVDSV1Df2kMXDXB2As5t0bM3cR"
2020-08-17T16:26:35.043940443Z  [2020-08-17T16:26:35Z INFO  dt_client_bytes] Publish 21
2020-08-17T16:26:35.055252602Z  [2020-08-17T16:26:35Z INFO  dt_client_bytes] 21::38162cb0-e585-43d7-b55d-5c240b2bfb7c/3142192f-6bae-4f12-a6f3-5464dc37e790/d0a71d84-b80f-4558-beac-8887750652e3 "21 f1gYmxbj1da8qbwnqAFuRInxugA7csnBcTgQRIjeOhYbk98e88UxnXBChyOHf"
2020-08-17T16:26:35.055277016Z  [2020-08-17T16:26:35Z INFO  dt_client_bytes] Publish 22
2020-08-17T16:26:35.066633797Z  [2020-08-17T16:26:35Z INFO  dt_client_bytes] 22::38162cb0-e585-43d7-b55d-5c240b2bfb7c/3142192f-6bae-4f12-a6f3-5464dc37e790/d0a71d84-b80f-4558-beac-8887750652e3 "22 jLMcpa4VHsqav8aBFzliBLIVE5a0JYWZ7svnl4X7BRLd4cQoCCAnjqyhyGtLl"
2020-08-17T16:26:35.066657326Z  [2020-08-17T16:26:35Z INFO  dt_client_bytes] Publish 23
2020-08-17T16:26:35.078170449Z  [2020-08-17T16:26:35Z INFO  dt_client_bytes] 23::38162cb0-e585-43d7-b55d-5c240b2bfb7c/3142192f-6bae-4f12-a6f3-5464dc37e790/d0a71d84-b80f-4558-beac-8887750652e3 "23 Cnw9kP3PYnsQ3DmOEbVRuMTD6vY1fHylGxVP9V0uNRcT7MvmwtRjLVVZ9ydWR"
2020-08-17T16:26:35.078193569Z  [2020-08-17T16:26:35Z INFO  dt_client_bytes] Publish 24
2020-08-17T16:26:35.089748384Z  [2020-08-17T16:26:35Z INFO  dt_client_bytes] 24::38162cb0-e585-43d7-b55d-5c240b2bfb7c/3142192f-6bae-4f12-a6f3-5464dc37e790/d0a71d84-b80f-4558-beac-8887750652e3 "24 yqrRVdrp2zY5GGRY3NjdRCyofx2pFgdffNnxFhCP5XmrmiGwfyJpv5c9Uuo4g"
2020-08-17T16:26:35.089782832Z  [2020-08-17T16:26:35Z INFO  dt_client_bytes] Publish 25
2020-08-17T16:26:35.103847217Z  [2020-08-17T16:26:35Z INFO  dt_client_bytes] 25::38162cb0-e585-43d7-b55d-5c240b2bfb7c/3142192f-6bae-4f12-a6f3-5464dc37e790/d0a71d84-b80f-4558-beac-8887750652e3 "25 SKciAxcBd4eyBdai0248CSSi00EaQFFSu3KLMkfhBxRFYRvi2dpvdOrFsHrjk"
2020-08-17T16:26:35.103873391Z  [2020-08-17T16:26:35Z INFO  dt_client_bytes] Publish 26
2020-08-17T16:26:35.121536673Z  [2020-08-17T16:26:35Z INFO  dt_client_bytes] 26::38162cb0-e585-43d7-b55d-5c240b2bfb7c/3142192f-6bae-4f12-a6f3-5464dc37e790/d0a71d84-b80f-4558-beac-8887750652e3 "26 k4ra7AJvrNZjcQhsTB3ldlJN3Aj3ReT7OJTrXCF4eVdwV1ivv3YvkZIVeU5Ls"
2020-08-17T16:26:35.123990913Z  [2020-08-17T16:26:35Z INFO  dt_client_bytes] Publish 27
2020-08-17T16:26:35.124012392Z  [2020-08-17T16:26:35Z INFO  dt_client_bytes] PubAck { pkid: 1 }
2020-08-17T16:26:35.124168796Z  [2020-08-17T16:26:35Z INFO  dt_client_bytes] 27::38162cb0-e585-43d7-b55d-5c240b2bfb7c/3142192f-6bae-4f12-a6f3-5464dc37e790/d0a71d84-b80f-4558-beac-8887750652e3 "27 AfKvQyXXU1hQlG3WhgAyBr4cd251pAxNQTUq7vIufJVi1bbVWmzlsTzrBEIO5"
2020-08-17T16:26:35.124188558Z  [2020-08-17T16:26:35Z INFO  dt_client_bytes] Publish 28
2020-08-17T16:26:35.151323528Z  [2020-08-17T16:26:35Z INFO  dt_client_bytes] 28::38162cb0-e585-43d7-b55d-5c240b2bfb7c/3142192f-6bae-4f12-a6f3-5464dc37e790/d0a71d84-b80f-4558-beac-8887750652e3 "28 aSdqKZXy1T0596cZvxkSn5IroCxeeEM5PmmE6u8qCLtRanOPjUGohgNwiiRIv"
2020-08-17T16:26:35.151344766Z  [2020-08-17T16:26:35Z INFO  dt_client_bytes] Publish 29
2020-08-17T16:26:35.151378448Z  [2020-08-17T16:26:35Z INFO  dt_client_bytes] 29::38162cb0-e585-43d7-b55d-5c240b2bfb7c/3142192f-6bae-4f12-a6f3-5464dc37e790/d0a71d84-b80f-4558-beac-8887750652e3 "29 uObn7jJpPtp8mQQydPmFsEeqz2GSCvochkLKkyWusIa1Rw6MV2Eb7NNtVjxuJ"
2020-08-17T16:26:35.151392336Z  [2020-08-17T16:26:35Z INFO  dt_client_bytes] Publish 30
2020-08-17T16:26:35.156629421Z  [2020-08-17T16:26:35Z INFO  dt_client_bytes] 30::38162cb0-e585-43d7-b55d-5c240b2bfb7c/3142192f-6bae-4f12-a6f3-5464dc37e790/d0a71d84-b80f-4558-beac-8887750652e3 "30 zZRbXbnmxgZaujW3vakXCMDbqwjXufLp5UUc8dZe4Ws8004G6PFNcAyaRKeyx"
2020-08-17T16:26:35.156679528Z  [2020-08-17T16:26:35Z INFO  dt_client_bytes] Publish 31
2020-08-17T16:26:35.174624362Z  [2020-08-17T16:26:35Z INFO  dt_client_bytes] 31::38162cb0-e585-43d7-b55d-5c240b2bfb7c/3142192f-6bae-4f12-a6f3-5464dc37e790/d0a71d84-b80f-4558-beac-8887750652e3 "31 ObJE6PxuvPgte4XAhkVYQb1hTfuusw2KJ6BCcmeCpzhR87ROHvwOLrNr5KTT9"
2020-08-17T16:26:35.174647107Z  [2020-08-17T16:26:35Z INFO  dt_client_bytes] Publish 32
2020-08-17T16:26:35.179395313Z  [2020-08-17T16:26:35Z INFO  dt_client_bytes] 32::38162cb0-e585-43d7-b55d-5c240b2bfb7c/3142192f-6bae-4f12-a6f3-5464dc37e790/d0a71d84-b80f-4558-beac-8887750652e3 "32 BosWvpTjkteuQSUBSEqQPAbJdXJgmbFg97vakQzmI7Nn0vbAviLKG6EEozxoX"
2020-08-17T16:26:35.179555112Z  [2020-08-17T16:26:35Z INFO  dt_client_bytes] Publish 33
2020-08-17T16:26:35.189901918Z  [2020-08-17T16:26:35Z INFO  dt_client_bytes] 33::38162cb0-e585-43d7-b55d-5c240b2bfb7c/3142192f-6bae-4f12-a6f3-5464dc37e790/d0a71d84-b80f-4558-beac-8887750652e3 "33 9BdqPAHIJJVrmTS2Y5M6AUV4g4z1NQT4UEKbQMxUVFvXTRcGzAQ216hv7y2FB"
2020-08-17T16:26:35.189955062Z  [2020-08-17T16:26:35Z INFO  dt_client_bytes] Publish 34
2020-08-17T16:26:35.201698901Z  [2020-08-17T16:26:35Z INFO  dt_client_bytes] 34::38162cb0-e585-43d7-b55d-5c240b2bfb7c/3142192f-6bae-4f12-a6f3-5464dc37e790/d0a71d84-b80f-4558-beac-8887750652e3 "34 FDl2UwYH793mb0YdfEAQ8Wg5NHmn0QnnrETS72piZN1XdFUzCC1DFUM4nk4IJ"
2020-08-17T16:26:35.201738006Z  [2020-08-17T16:26:35Z INFO  dt_client_bytes] Publish 35
2020-08-17T16:26:35.210822694Z  [2020-08-17T16:26:35Z INFO  dt_client_bytes] PubAck { pkid: 2 }
2020-08-17T16:26:35.212250781Z  [2020-08-17T16:26:35Z INFO  dt_client_bytes] PubAck { pkid: 3 }
2020-08-17T16:26:35.212314597Z  [2020-08-17T16:26:35Z INFO  dt_client_bytes] 35::38162cb0-e585-43d7-b55d-5c240b2bfb7c/3142192f-6bae-4f12-a6f3-5464dc37e790/d0a71d84-b80f-4558-beac-8887750652e3 "35 Ac1L68fI7psZIu4sCRy98Fcqw1xUeXpWQoyoyCyA2mj3ML11hCuKq25hMLARp"
2020-08-17T16:26:35.217118326Z  [2020-08-17T16:26:35Z INFO  dt_client_bytes] PubAck { pkid: 4 }
2020-08-17T16:26:35.217183097Z  [2020-08-17T16:26:35Z INFO  dt_client_bytes] PubAck { pkid: 5 }
2020-08-17T16:26:35.217204430Z  [2020-08-17T16:26:35Z INFO  dt_client_bytes] Publish 36
2020-08-17T16:26:35.217222195Z  [2020-08-17T16:26:35Z INFO  dt_client_bytes] PubAck { pkid: 6 }
2020-08-17T16:26:35.224467045Z  [2020-08-17T16:26:35Z INFO  dt_client_bytes] PubAck { pkid: 7 }
2020-08-17T16:26:35.224490299Z  [2020-08-17T16:26:35Z INFO  dt_client_bytes] PubAck { pkid: 8 }
2020-08-17T16:26:35.224500867Z  [2020-08-17T16:26:35Z INFO  dt_client_bytes] PubAck { pkid: 9 }
2020-08-17T16:26:35.224510494Z  [2020-08-17T16:26:35Z INFO  dt_client_bytes] PubAck { pkid: 10 }
2020-08-17T16:26:35.224519838Z  [2020-08-17T16:26:35Z INFO  dt_client_bytes] PubAck { pkid: 11 }
2020-08-17T16:26:35.224551159Z  [2020-08-17T16:26:35Z INFO  dt_client_bytes] 36::38162cb0-e585-43d7-b55d-5c240b2bfb7c/3142192f-6bae-4f12-a6f3-5464dc37e790/d0a71d84-b80f-4558-beac-8887750652e3 "36 2dpLtHQrWEwF8dtdxoHlYogFQVSA0ad2h4SC13bnGB3ysTdxpLA8ic2gfpBGM"
2020-08-17T16:26:35.224564561Z  [2020-08-17T16:26:35Z INFO  dt_client_bytes] PubAck { pkid: 12 }
2020-08-17T16:26:35.224574295Z  [2020-08-17T16:26:35Z INFO  dt_client_bytes] PubAck { pkid: 13 }
2020-08-17T16:26:35.228307586Z  [2020-08-17T16:26:35Z INFO  dt_client_bytes] Publish 37
2020-08-17T16:26:35.228328056Z  [2020-08-17T16:26:35Z INFO  dt_client_bytes] PubAck { pkid: 14 }
2020-08-17T16:26:35.228362541Z  [2020-08-17T16:26:35Z INFO  dt_client_bytes] PubAck { pkid: 15 }
2020-08-17T16:26:35.229067121Z  [2020-08-17T16:26:35Z INFO  dt_client_bytes] PubAck { pkid: 16 }
2020-08-17T16:26:35.231338936Z  [2020-08-17T16:26:35Z INFO  dt_client_bytes] PubAck { pkid: 17 }
2020-08-17T16:26:35.231389291Z  [2020-08-17T16:26:35Z INFO  dt_client_bytes] PubAck { pkid: 18 }
2020-08-17T16:26:35.232911485Z  [2020-08-17T16:26:35Z INFO  dt_client_bytes] PubAck { pkid: 19 }
2020-08-17T16:26:35.244342007Z  [2020-08-17T16:26:35Z INFO  dt_client_bytes] PubAck { pkid: 20 }
2020-08-17T16:26:35.244387844Z  [2020-08-17T16:26:35Z INFO  dt_client_bytes] 37::38162cb0-e585-43d7-b55d-5c240b2bfb7c/3142192f-6bae-4f12-a6f3-5464dc37e790/d0a71d84-b80f-4558-beac-8887750652e3 "37 ih4G8XQveeup8h3pxDdYMCjdISuDWzHG7IUBRd20ADHYFxr5Mh45M91vq0DCX"
2020-08-17T16:26:35.244402230Z  [2020-08-17T16:26:35Z INFO  dt_client_bytes] Publish 38
2020-08-17T16:26:35.244411745Z  [2020-08-17T16:26:35Z INFO  dt_client_bytes] PubAck { pkid: 21 }
2020-08-17T16:26:35.244420785Z  [2020-08-17T16:26:35Z INFO  dt_client_bytes] PubAck { pkid: 22 }
2020-08-17T16:26:35.244429754Z  [2020-08-17T16:26:35Z INFO  dt_client_bytes] PubAck { pkid: 23 }
2020-08-17T16:26:35.245739124Z  [2020-08-17T16:26:35Z INFO  dt_client_bytes] PubAck { pkid: 24 }
2020-08-17T16:26:35.245756778Z  [2020-08-17T16:26:35Z INFO  dt_client_bytes] 38::38162cb0-e585-43d7-b55d-5c240b2bfb7c/3142192f-6bae-4f12-a6f3-5464dc37e790/d0a71d84-b80f-4558-beac-8887750652e3 "38 hewylYW0wLLZ1gxjOvSWTaCdJ6RcNHgyZmRLZUZixQv2svvaA2uNa2YoDtkn4"
2020-08-17T16:26:35.247150089Z  [2020-08-17T16:26:35Z INFO  dt_client_bytes] Publish 39
2020-08-17T16:26:35.260844263Z  [2020-08-17T16:26:35Z INFO  dt_client_bytes] 39::38162cb0-e585-43d7-b55d-5c240b2bfb7c/3142192f-6bae-4f12-a6f3-5464dc37e790/d0a71d84-b80f-4558-beac-8887750652e3 "39 cjPwguLWTtqbCAarq1QunBmEjLgodgACNx6FyKFSaKikUCinJeOhfrHr9ZdMC"
2020-08-17T16:26:35.261096581Z  [2020-08-17T16:26:35Z INFO  dt_client_bytes] Publish 40
2020-08-17T16:26:35.272578507Z  [2020-08-17T16:26:35Z INFO  dt_client_bytes] 40::38162cb0-e585-43d7-b55d-5c240b2bfb7c/3142192f-6bae-4f12-a6f3-5464dc37e790/d0a71d84-b80f-4558-beac-8887750652e3 "40 ZBuzpMNSXRfMIDVo1Ma60WGVVNSzPlL1xt2SA8WH9z8lm1gAxse2clOuDaVxy"
2020-08-17T16:26:35.272806501Z  [2020-08-17T16:26:35Z INFO  dt_client_bytes] Publish 41
2020-08-17T16:26:35.284264890Z  [2020-08-17T16:26:35Z INFO  dt_client_bytes] 41::38162cb0-e585-43d7-b55d-5c240b2bfb7c/3142192f-6bae-4f12-a6f3-5464dc37e790/d0a71d84-b80f-4558-beac-8887750652e3 "41 loW1JWDLD7TNBoDYiMRrspgEHYvxoTPjQtmzSpFbflIkW8mgX3ADD4bOMSEvy"
2020-08-17T16:26:35.284475622Z  [2020-08-17T16:26:35Z INFO  dt_client_bytes] Publish 42
2020-08-17T16:26:35.298269007Z  [2020-08-17T16:26:35Z INFO  dt_client_bytes] 42::38162cb0-e585-43d7-b55d-5c240b2bfb7c/3142192f-6bae-4f12-a6f3-5464dc37e790/d0a71d84-b80f-4558-beac-8887750652e3 "42 RiynURPchirdiKExWPC8F53BcyYGf0nWa1IxMnc91I87wUGlZVjuM2vPyXoGx"
2020-08-17T16:26:35.298291590Z  [2020-08-17T16:26:35Z INFO  dt_client_bytes] Publish 43
2020-08-17T16:26:35.321787422Z  [2020-08-17T16:26:35Z INFO  dt_client_bytes] PubAck { pkid: 25 }
2020-08-17T16:26:35.321813375Z  [2020-08-17T16:26:35Z INFO  dt_client_bytes] PubAck { pkid: 26 }
2020-08-17T16:26:35.321823721Z  [2020-08-17T16:26:35Z INFO  dt_client_bytes] 43::38162cb0-e585-43d7-b55d-5c240b2bfb7c/3142192f-6bae-4f12-a6f3-5464dc37e790/d0a71d84-b80f-4558-beac-8887750652e3 "43 sCm9CNjxueq6iYkgYq53UL9HgWVnX11QfJAT6hGiV5FSAmYk0JlOTwuo4aTJV"
2020-08-17T16:26:35.321833865Z  [2020-08-17T16:26:35Z INFO  dt_client_bytes] PubAck { pkid: 27 }
2020-08-17T16:26:35.321842879Z  [2020-08-17T16:26:35Z INFO  dt_client_bytes] PubAck { pkid: 28 }
2020-08-17T16:26:35.321874493Z  [2020-08-17T16:26:35Z INFO  dt_client_bytes] PubAck { pkid: 29 }
2020-08-17T16:26:35.321886509Z  [2020-08-17T16:26:35Z INFO  dt_client_bytes] PubAck { pkid: 30 }
2020-08-17T16:26:35.321895521Z  [2020-08-17T16:26:35Z INFO  dt_client_bytes] PubAck { pkid: 31 }
2020-08-17T16:26:35.321904318Z  [2020-08-17T16:26:35Z INFO  dt_client_bytes] PubAck { pkid: 32 }
2020-08-17T16:26:35.321913041Z  [2020-08-17T16:26:35Z INFO  dt_client_bytes] PubAck { pkid: 33 }
2020-08-17T16:26:35.321921916Z  [2020-08-17T16:26:35Z INFO  dt_client_bytes] PubAck { pkid: 34 }
2020-08-17T16:26:35.321930715Z  [2020-08-17T16:26:35Z INFO  dt_client_bytes] Publish 44
2020-08-17T16:26:35.321958586Z  [2020-08-17T16:26:35Z INFO  dt_client_bytes] 44::38162cb0-e585-43d7-b55d-5c240b2bfb7c/3142192f-6bae-4f12-a6f3-5464dc37e790/d0a71d84-b80f-4558-beac-8887750652e3 "44 NWOQ75BEkTer7jCCP62nyXPNGX9r9We7Z0LcaRA2Q3aPVn1zCFe9zCwWwBbUc"
2020-08-17T16:26:35.321971009Z  [2020-08-17T16:26:35Z INFO  dt_client_bytes] Publish 45
2020-08-17T16:26:35.334223179Z  [2020-08-17T16:26:35Z INFO  dt_client_bytes] 45::38162cb0-e585-43d7-b55d-5c240b2bfb7c/3142192f-6bae-4f12-a6f3-5464dc37e790/d0a71d84-b80f-4558-beac-8887750652e3 "45 qCR1mXUwINtytuDE6Jklvi4S2HIn9eD1jUJb5EWsIXcO4xumqMQP1siJILG5M"
2020-08-17T16:26:35.337231064Z  [2020-08-17T16:26:35Z INFO  dt_client_bytes] Publish 46
2020-08-17T16:26:35.345362095Z  [2020-08-17T16:26:35Z INFO  dt_client_bytes] 46::38162cb0-e585-43d7-b55d-5c240b2bfb7c/3142192f-6bae-4f12-a6f3-5464dc37e790/d0a71d84-b80f-4558-beac-8887750652e3 "46 jblm4DMmruqvVyXAej7I5uatNVZiIZ36fqiMAesB8qJCvA04trr07IIH7WMlJ"
2020-08-17T16:26:35.345397398Z  [2020-08-17T16:26:35Z INFO  dt_client_bytes] Publish 47
2020-08-17T16:26:35.356008985Z  [2020-08-17T16:26:35Z INFO  dt_client_bytes] 47::38162cb0-e585-43d7-b55d-5c240b2bfb7c/3142192f-6bae-4f12-a6f3-5464dc37e790/d0a71d84-b80f-4558-beac-8887750652e3 "47 Ns1xX1xfqQQz9jRCYBjzQZDH13WIBKwoYn9TF7166YUoDfxPZOT12wYGUtkKU"
2020-08-17T16:26:35.356030996Z  [2020-08-17T16:26:35Z INFO  dt_client_bytes] Publish 48
2020-08-17T16:26:35.372277315Z  [2020-08-17T16:26:35Z INFO  dt_client_bytes] 48::38162cb0-e585-43d7-b55d-5c240b2bfb7c/3142192f-6bae-4f12-a6f3-5464dc37e790/d0a71d84-b80f-4558-beac-8887750652e3 "48 vEALF2CZh1JezzqG4yMfu7cHrAGONGdMlrrbvhphiT5beSzJNdTnUHgA5FXMg"
2020-08-17T16:26:35.372306537Z  [2020-08-17T16:26:35Z INFO  dt_client_bytes] Publish 49
2020-08-17T16:26:35.383217157Z  [2020-08-17T16:26:35Z INFO  dt_client_bytes] 49::38162cb0-e585-43d7-b55d-5c240b2bfb7c/3142192f-6bae-4f12-a6f3-5464dc37e790/d0a71d84-b80f-4558-beac-8887750652e3 "49 1YK1Q5jJv9kJDnKztH3BS2yWMyTgSvS2MYFZph2pLiaHzVBHWNEy6PxmGpr24"
2020-08-17T16:26:35.383239383Z  [2020-08-17T16:26:35Z INFO  dt_client_bytes] Publish 50
2020-08-17T16:26:35.390660698Z  [2020-08-17T16:26:35Z INFO  dt_client_bytes] PubAck { pkid: 35 }
2020-08-17T16:26:35.394388083Z  [2020-08-17T16:26:35Z INFO  dt_client_bytes] 50::38162cb0-e585-43d7-b55d-5c240b2bfb7c/3142192f-6bae-4f12-a6f3-5464dc37e790/d0a71d84-b80f-4558-beac-8887750652e3 "50 0QhUJfWNcwFslYywhzinkFLLrfkJv3cLXvfvb1D16dmbpHFVVlcOPN7GlWyNj"
2020-08-17T16:26:35.394409188Z  [2020-08-17T16:26:35Z INFO  dt_client_bytes] Publish 51
2020-08-17T16:26:35.405072202Z  [2020-08-17T16:26:35Z INFO  dt_client_bytes] 51::38162cb0-e585-43d7-b55d-5c240b2bfb7c/3142192f-6bae-4f12-a6f3-5464dc37e790/d0a71d84-b80f-4558-beac-8887750652e3 "51 0gspSVYMfY784A6h1PM68FPy8nlNzkACd69cRBZykgNnA3cICszhehPtBaGHL"
2020-08-17T16:26:35.405092471Z  [2020-08-17T16:26:35Z INFO  dt_client_bytes] Publish 52
2020-08-17T16:26:35.416577765Z  [2020-08-17T16:26:35Z INFO  dt_client_bytes] 52::38162cb0-e585-43d7-b55d-5c240b2bfb7c/3142192f-6bae-4f12-a6f3-5464dc37e790/d0a71d84-b80f-4558-beac-8887750652e3 "52 h8zHMqgnvrn7ZD326VuyQyvF9uVW6MEqBWrnM7kkw7w5unqtCCxqKdGMAuciq"
2020-08-17T16:26:35.416614914Z  [2020-08-17T16:26:35Z INFO  dt_client_bytes] Publish 53
2020-08-17T16:26:35.428037824Z  [2020-08-17T16:26:35Z INFO  dt_client_bytes] 53::38162cb0-e585-43d7-b55d-5c240b2bfb7c/3142192f-6bae-4f12-a6f3-5464dc37e790/d0a71d84-b80f-4558-beac-8887750652e3 "53 klkzB1q0eY4kB0lvuLnT3FqMKEMf09njSbCyQN8uXPqUjTBmzL8bMnFCAe70U"
2020-08-17T16:26:35.428061128Z  [2020-08-17T16:26:35Z INFO  dt_client_bytes] Publish 54
2020-08-17T16:26:35.439612865Z  [2020-08-17T16:26:35Z INFO  dt_client_bytes] 54::38162cb0-e585-43d7-b55d-5c240b2bfb7c/3142192f-6bae-4f12-a6f3-5464dc37e790/d0a71d84-b80f-4558-beac-8887750652e3 "54 ZGecK8w05D0qyNABVgLvjU9UlZhCyUZvgDJc4747aALVG2NiTwtGd1qhFkUWx"
2020-08-17T16:26:35.439669219Z  [2020-08-17T16:26:35Z INFO  dt_client_bytes] Publish 55
2020-08-17T16:26:35.451204731Z  [2020-08-17T16:26:35Z INFO  dt_client_bytes] 55::38162cb0-e585-43d7-b55d-5c240b2bfb7c/3142192f-6bae-4f12-a6f3-5464dc37e790/d0a71d84-b80f-4558-beac-8887750652e3 "55 3Fs2AIv2f8BW98GT4vQnWjAHa4vqx0dfvpQ9Ku6LiIkoiE70Du8IiyQnfIBeB"
2020-08-17T16:26:35.451285542Z  [2020-08-17T16:26:35Z INFO  dt_client_bytes] Publish 56
2020-08-17T16:26:35.462075321Z  [2020-08-17T16:26:35Z INFO  dt_client_bytes] 56::38162cb0-e585-43d7-b55d-5c240b2bfb7c/3142192f-6bae-4f12-a6f3-5464dc37e790/d0a71d84-b80f-4558-beac-8887750652e3 "56 gxkYN7mivowITSotgUjj4s5RxiW97oB3v8w0MSmCLKzyOCLeBvtxJFz3E9lOG"
2020-08-17T16:26:35.462110421Z  [2020-08-17T16:26:35Z INFO  dt_client_bytes] Publish 57
2020-08-17T16:26:35.474704740Z  [2020-08-17T16:26:35Z INFO  dt_client_bytes] 57::38162cb0-e585-43d7-b55d-5c240b2bfb7c/3142192f-6bae-4f12-a6f3-5464dc37e790/d0a71d84-b80f-4558-beac-8887750652e3 "57 KyLzgr1SlpUDv1feoAncvv7prK2YtAQpr8k9Pan9CrscOBvrAxcCs4SBvdSlC"
2020-08-17T16:26:35.474735756Z  [2020-08-17T16:26:35Z INFO  dt_client_bytes] Publish 58
2020-08-17T16:26:35.484107319Z  [2020-08-17T16:26:35Z INFO  dt_client_bytes] 58::38162cb0-e585-43d7-b55d-5c240b2bfb7c/3142192f-6bae-4f12-a6f3-5464dc37e790/d0a71d84-b80f-4558-beac-8887750652e3 "58 5JpYD55cZV4izsG0Sk9KyedazyrdpbsujqbGaPCcM756Jm6PKNZfjbULWZNiT"
2020-08-17T16:26:35.484148101Z  [2020-08-17T16:26:35Z INFO  dt_client_bytes] Publish 59
2020-08-17T16:26:35.495790267Z  [2020-08-17T16:26:35Z INFO  dt_client_bytes] 59::38162cb0-e585-43d7-b55d-5c240b2bfb7c/3142192f-6bae-4f12-a6f3-5464dc37e790/d0a71d84-b80f-4558-beac-8887750652e3 "59 wutYcGHRAUQ5CJ3UtANsrVOiP1MUt0M7GdjgFggVybP12sNlwlsqvrpJvIVFC"
2020-08-17T16:26:35.495869063Z  [2020-08-17T16:26:35Z INFO  dt_client_bytes] Publish 60
2020-08-17T16:26:35.499783955Z  [2020-08-17T16:26:35Z INFO  dt_client_bytes] PubAck { pkid: 36 }
2020-08-17T16:26:35.501406594Z  [2020-08-17T16:26:35Z INFO  dt_client_bytes] PubAck { pkid: 37 }
2020-08-17T16:26:35.502310267Z  [2020-08-17T16:26:35Z INFO  dt_client_bytes] PubAck { pkid: 38 }
2020-08-17T16:26:35.505098627Z  [2020-08-17T16:26:35Z INFO  dt_client_bytes] PubAck { pkid: 39 }
2020-08-17T16:26:35.505177187Z  [2020-08-17T16:26:35Z INFO  dt_client_bytes] PubAck { pkid: 40 }
2020-08-17T16:26:35.505196352Z  [2020-08-17T16:26:35Z INFO  dt_client_bytes] PubAck { pkid: 41 }
2020-08-17T16:26:35.506097895Z  [2020-08-17T16:26:35Z INFO  dt_client_bytes] PubAck { pkid: 42 }
2020-08-17T16:26:35.507361678Z  [2020-08-17T16:26:35Z INFO  dt_client_bytes] PubAck { pkid: 43 }
2020-08-17T16:26:35.507383336Z  [2020-08-17T16:26:35Z INFO  dt_client_bytes] 60::38162cb0-e585-43d7-b55d-5c240b2bfb7c/3142192f-6bae-4f12-a6f3-5464dc37e790/d0a71d84-b80f-4558-beac-8887750652e3 "60 K56b9HnW1S5Wtcb4KXNqC3ynWWpDkYRhtCuwXtULbiz4RqdQ1cGyUEygGjn9d"
2020-08-17T16:26:35.508560875Z  [2020-08-17T16:26:35Z INFO  dt_client_bytes] Publish 61
2020-08-17T16:26:35.519289506Z  [2020-08-17T16:26:35Z INFO  dt_client_bytes] 61::38162cb0-e585-43d7-b55d-5c240b2bfb7c/3142192f-6bae-4f12-a6f3-5464dc37e790/d0a71d84-b80f-4558-beac-8887750652e3 "61 Bfl80ihLF0rxb5KfnZ81OFx6m98XUHfQeRb1HmVQlR6jAKaPcKihVnSemUWj9"
2020-08-17T16:26:35.519320423Z  [2020-08-17T16:26:35Z INFO  dt_client_bytes] Publish 62
2020-08-17T16:26:35.529279524Z  [2020-08-17T16:26:35Z INFO  dt_client_bytes] 62::38162cb0-e585-43d7-b55d-5c240b2bfb7c/3142192f-6bae-4f12-a6f3-5464dc37e790/d0a71d84-b80f-4558-beac-8887750652e3 "62 bhjUIBx3iGAT3qFz3aOF14tYhuxkYQEZTbxvN9zR84e2hn1OZR6ZEMP2SG0lJ"
2020-08-17T16:26:35.529371446Z  [2020-08-17T16:26:35Z INFO  dt_client_bytes] Publish 63
2020-08-17T16:26:35.540889216Z  [2020-08-17T16:26:35Z INFO  dt_client_bytes] 63::38162cb0-e585-43d7-b55d-5c240b2bfb7c/3142192f-6bae-4f12-a6f3-5464dc37e790/d0a71d84-b80f-4558-beac-8887750652e3 "63 lF3FpUZbriUX4L4ToYbfePIg76nR3lF097Xl8tm79Hc1FdwormN1zPkzsaK3i"
2020-08-17T16:26:35.540974597Z  [2020-08-17T16:26:35Z INFO  dt_client_bytes] Publish 64
2020-08-17T16:26:35.552437897Z  [2020-08-17T16:26:35Z INFO  dt_client_bytes] 64::38162cb0-e585-43d7-b55d-5c240b2bfb7c/3142192f-6bae-4f12-a6f3-5464dc37e790/d0a71d84-b80f-4558-beac-8887750652e3 "64 1BZwu4PsoaPGzwusSkrWzShyQcorkBJwPp6f9SK6qlwm350sWugN3DVVLM727"
2020-08-17T16:26:35.552493088Z  [2020-08-17T16:26:35Z INFO  dt_client_bytes] Publish 65
2020-08-17T16:26:35.563290789Z  [2020-08-17T16:26:35Z INFO  dt_client_bytes] 65::38162cb0-e585-43d7-b55d-5c240b2bfb7c/3142192f-6bae-4f12-a6f3-5464dc37e790/d0a71d84-b80f-4558-beac-8887750652e3 "65 aVheOe1JrblXKf3lAkKHiRvTtJaooiY1Aj1ePOEdatpGfGiJW3OILywAVE5Hf"
2020-08-17T16:26:35.563342403Z  [2020-08-17T16:26:35Z INFO  dt_client_bytes] Publish 66
2020-08-17T16:26:35.574935407Z  [2020-08-17T16:26:35Z INFO  dt_client_bytes] 66::38162cb0-e585-43d7-b55d-5c240b2bfb7c/3142192f-6bae-4f12-a6f3-5464dc37e790/d0a71d84-b80f-4558-beac-8887750652e3 "66 UQQWsOUQP5zAPlGspRSHNLbge7YRYseeQ1WUmuU6XuqvI6qeYKDRcCrETVyf7"
2020-08-17T16:26:35.575025474Z  [2020-08-17T16:26:35Z INFO  dt_client_bytes] Publish 67
2020-08-17T16:26:35.586975156Z  [2020-08-17T16:26:35Z INFO  dt_client_bytes] 67::38162cb0-e585-43d7-b55d-5c240b2bfb7c/3142192f-6bae-4f12-a6f3-5464dc37e790/d0a71d84-b80f-4558-beac-8887750652e3 "67 VbZ65gR3UcimVP72JJSKVco0lZEAyGa0qgfjXIfvoD5SLbwxto6qAZGJASiNF"
2020-08-17T16:26:35.587065751Z  [2020-08-17T16:26:35Z INFO  dt_client_bytes] Publish 68
2020-08-17T16:26:35.598684948Z  [2020-08-17T16:26:35Z INFO  dt_client_bytes] 68::38162cb0-e585-43d7-b55d-5c240b2bfb7c/3142192f-6bae-4f12-a6f3-5464dc37e790/d0a71d84-b80f-4558-beac-8887750652e3 "68 dy27ZSOS11Y2V4Jc4o9YeJx6XqnfdfWFT5q3tWMjHiBeGJXVvrQKUIBuINKTL"
2020-08-17T16:26:35.599542925Z  [2020-08-17T16:26:35Z INFO  dt_client_bytes] Publish 69
2020-08-17T16:26:35.601025340Z  [2020-08-17T16:26:35Z INFO  dt_client_bytes] PubAck { pkid: 44 }
2020-08-17T16:26:35.602249935Z  [2020-08-17T16:26:35Z INFO  dt_client_bytes] PubAck { pkid: 45 }
2020-08-17T16:26:35.603578111Z  [2020-08-17T16:26:35Z INFO  dt_client_bytes] PubAck { pkid: 46 }
2020-08-17T16:26:35.604800041Z  [2020-08-17T16:26:35Z INFO  dt_client_bytes] PubAck { pkid: 47 }
2020-08-17T16:26:35.606142901Z  [2020-08-17T16:26:35Z INFO  dt_client_bytes] PubAck { pkid: 48 }
2020-08-17T16:26:35.607613693Z  [2020-08-17T16:26:35Z INFO  dt_client_bytes] PubAck { pkid: 49 }
2020-08-17T16:26:35.608991291Z  [2020-08-17T16:26:35Z INFO  dt_client_bytes] PubAck { pkid: 50 }
2020-08-17T16:26:35.609009666Z  [2020-08-17T16:26:35Z INFO  dt_client_bytes] 69::38162cb0-e585-43d7-b55d-5c240b2bfb7c/3142192f-6bae-4f12-a6f3-5464dc37e790/d0a71d84-b80f-4558-beac-8887750652e3 "69 DtNb9k72uMMhlxgQGoSfKCOWqGE8qDEMqKUi2MGG15xVUcb4OC6bzcr4AN4iW"
2020-08-17T16:26:35.610218640Z  [2020-08-17T16:26:35Z INFO  dt_client_bytes] PubAck { pkid: 51 }
2020-08-17T16:26:35.611418377Z  [2020-08-17T16:26:35Z INFO  dt_client_bytes] PubAck { pkid: 52 }
2020-08-17T16:26:35.612594132Z  [2020-08-17T16:26:35Z INFO  dt_client_bytes] PubAck { pkid: 53 }
2020-08-17T16:26:35.613822993Z  [2020-08-17T16:26:35Z INFO  dt_client_bytes] Publish 70
2020-08-17T16:26:35.616754466Z  [2020-08-17T16:26:35Z INFO  dt_client_bytes] PubAck { pkid: 54 }
2020-08-17T16:26:35.616812194Z  [2020-08-17T16:26:35Z INFO  dt_client_bytes] PubAck { pkid: 55 }
2020-08-17T16:26:35.617326026Z  [2020-08-17T16:26:35Z INFO  dt_client_bytes] PubAck { pkid: 56 }
2020-08-17T16:26:35.618440573Z  [2020-08-17T16:26:35Z INFO  dt_client_bytes] PubAck { pkid: 57 }
2020-08-17T16:26:35.620260917Z  [2020-08-17T16:26:35Z INFO  dt_client_bytes] 70::38162cb0-e585-43d7-b55d-5c240b2bfb7c/3142192f-6bae-4f12-a6f3-5464dc37e790/d0a71d84-b80f-4558-beac-8887750652e3 "70 TX8I7Dt6Rxqc63rNp5gR3Gix11tyEzA4M5gOgoYkY6AZiBk6VBICDtvL2XOPs"
2020-08-17T16:26:35.620281176Z  [2020-08-17T16:26:35Z INFO  dt_client_bytes] Publish 71
2020-08-17T16:26:35.630926208Z  [2020-08-17T16:26:35Z INFO  dt_client_bytes] 71::38162cb0-e585-43d7-b55d-5c240b2bfb7c/3142192f-6bae-4f12-a6f3-5464dc37e790/d0a71d84-b80f-4558-beac-8887750652e3 "71 IJuAo8g9WhY2aMRx4DtLDo8FMOo8ti1BcudJD4eZitKjux0IlOjxaklOS5khV"
2020-08-17T16:26:35.631032370Z  [2020-08-17T16:26:35Z INFO  dt_client_bytes] Publish 72
2020-08-17T16:26:35.641971017Z  [2020-08-17T16:26:35Z INFO  dt_client_bytes] 72::38162cb0-e585-43d7-b55d-5c240b2bfb7c/3142192f-6bae-4f12-a6f3-5464dc37e790/d0a71d84-b80f-4558-beac-8887750652e3 "72 ZlKvgQI0751n02BucL9e2Ymxg6oloZNmypOy2qWQXqvH3im6eg2Q7RaoeMCzJ"
2020-08-17T16:26:35.642313081Z  [2020-08-17T16:26:35Z INFO  dt_client_bytes] Publish 73
2020-08-17T16:26:35.653008607Z  [2020-08-17T16:26:35Z INFO  dt_client_bytes] 73::38162cb0-e585-43d7-b55d-5c240b2bfb7c/3142192f-6bae-4f12-a6f3-5464dc37e790/d0a71d84-b80f-4558-beac-8887750652e3 "73 gA4EDERXoANsNiEd5w08LkDdKB9FXD9Qrgh7sEy9zjK3eujmS9PGWvvcDoShD"
2020-08-17T16:26:35.653292779Z  [2020-08-17T16:26:35Z INFO  dt_client_bytes] Publish 74
2020-08-17T16:26:35.663880157Z  [2020-08-17T16:26:35Z INFO  dt_client_bytes] 74::38162cb0-e585-43d7-b55d-5c240b2bfb7c/3142192f-6bae-4f12-a6f3-5464dc37e790/d0a71d84-b80f-4558-beac-8887750652e3 "74 wqUaPdc10jHpZdMCBUimP8KWm1PyZdu6b1uuqCu5rUC9V3OMB0efmGGsQk5cZ"
2020-08-17T16:26:35.663939495Z  [2020-08-17T16:26:35Z INFO  dt_client_bytes] Publish 75
2020-08-17T16:26:35.675779131Z  [2020-08-17T16:26:35Z INFO  dt_client_bytes] 75::38162cb0-e585-43d7-b55d-5c240b2bfb7c/3142192f-6bae-4f12-a6f3-5464dc37e790/d0a71d84-b80f-4558-beac-8887750652e3 "75 OEuFnsX6ilMuKrXTyfPRYf4GIJ5hH9ejj3XOuHQZ8wWT3IuTCkAE44YAsBc3I"
2020-08-17T16:26:35.675844847Z  [2020-08-17T16:26:35Z INFO  dt_client_bytes] Publish 76
2020-08-17T16:26:35.688140849Z  [2020-08-17T16:26:35Z INFO  dt_client_bytes] 76::38162cb0-e585-43d7-b55d-5c240b2bfb7c/3142192f-6bae-4f12-a6f3-5464dc37e790/d0a71d84-b80f-4558-beac-8887750652e3 "76 zO8n5WdH9dWYqsMz6j2NPszj8C7wDfzHDdbe0mq6lo3FoEr0wWhvARVkn8AOX"
2020-08-17T16:26:35.688175820Z  [2020-08-17T16:26:35Z INFO  dt_client_bytes] Publish 77
2020-08-17T16:26:35.698391122Z  [2020-08-17T16:26:35Z INFO  dt_client_bytes] PubAck { pkid: 58 }
2020-08-17T16:26:35.699559857Z  [2020-08-17T16:26:35Z INFO  dt_client_bytes] 77::38162cb0-e585-43d7-b55d-5c240b2bfb7c/3142192f-6bae-4f12-a6f3-5464dc37e790/d0a71d84-b80f-4558-beac-8887750652e3 "77 oLrFA0XdgenJkQvYlL3XwRxxlZSW3YzApAfnoWvy22qgsIVkvyQDK3kqwWZq9"
2020-08-17T16:26:35.699658835Z  [2020-08-17T16:26:35Z INFO  dt_client_bytes] PubAck { pkid: 59 }
2020-08-17T16:26:35.701489596Z  [2020-08-17T16:26:35Z INFO  dt_client_bytes] PubAck { pkid: 60 }
2020-08-17T16:26:35.701923690Z  [2020-08-17T16:26:35Z INFO  dt_client_bytes] PubAck { pkid: 61 }
2020-08-17T16:26:35.703815362Z  [2020-08-17T16:26:35Z INFO  dt_client_bytes] PubAck { pkid: 62 }
2020-08-17T16:26:35.703851316Z  [2020-08-17T16:26:35Z INFO  dt_client_bytes] PubAck { pkid: 63 }
2020-08-17T16:26:35.704830223Z  [2020-08-17T16:26:35Z INFO  dt_client_bytes] PubAck { pkid: 64 }
2020-08-17T16:26:35.706404802Z  [2020-08-17T16:26:35Z INFO  dt_client_bytes] PubAck { pkid: 65 }
2020-08-17T16:26:35.707133104Z  [2020-08-17T16:26:35Z INFO  dt_client_bytes] PubAck { pkid: 66 }
2020-08-17T16:26:35.708256124Z  [2020-08-17T16:26:35Z INFO  dt_client_bytes] PubAck { pkid: 67 }
2020-08-17T16:26:35.709486347Z  [2020-08-17T16:26:35Z INFO  dt_client_bytes] Publish 78
2020-08-17T16:26:35.709504447Z  [2020-08-17T16:26:35Z INFO  dt_client_bytes] 78::38162cb0-e585-43d7-b55d-5c240b2bfb7c/3142192f-6bae-4f12-a6f3-5464dc37e790/d0a71d84-b80f-4558-beac-8887750652e3 "78 qHnqdQdTT8PZogc0BR2kQ8wGKWDDsdbWhiCTAhZBYvA6xdm5m5XRyyaEfjLoM"
2020-08-17T16:26:35.710701406Z  [2020-08-17T16:26:35Z INFO  dt_client_bytes] Publish 79
2020-08-17T16:26:35.721796788Z  [2020-08-17T16:26:35Z INFO  dt_client_bytes] 79::38162cb0-e585-43d7-b55d-5c240b2bfb7c/3142192f-6bae-4f12-a6f3-5464dc37e790/d0a71d84-b80f-4558-beac-8887750652e3 "79 BbtHqfCgLfxz0pFv4D4fOr73WXnD65pIgbpKK4MJKDuONgx8Dbmdczhqz4U8f"
2020-08-17T16:26:35.721866009Z  [2020-08-17T16:26:35Z INFO  dt_client_bytes] Publish 80
2020-08-17T16:26:35.733424790Z  [2020-08-17T16:26:35Z INFO  dt_client_bytes] 80::38162cb0-e585-43d7-b55d-5c240b2bfb7c/3142192f-6bae-4f12-a6f3-5464dc37e790/d0a71d84-b80f-4558-beac-8887750652e3 "80 t9gPuMp8RMbMoIn1hXfuhZsj9s726o3mAu7pp7wjFZy0gkiKwmXgfvyMBRzS7"
2020-08-17T16:26:35.733561891Z  [2020-08-17T16:26:35Z INFO  dt_client_bytes] Publish 81
2020-08-17T16:26:35.744369599Z  [2020-08-17T16:26:35Z INFO  dt_client_bytes] 81::38162cb0-e585-43d7-b55d-5c240b2bfb7c/3142192f-6bae-4f12-a6f3-5464dc37e790/d0a71d84-b80f-4558-beac-8887750652e3 "81 K5TbXQRI9qfq1itnEIlotrgOEO9CzmzOxSQi4OpsyXUpBBIcdKGUc4unzWMsP"
2020-08-17T16:26:35.744452690Z  [2020-08-17T16:26:35Z INFO  dt_client_bytes] Publish 82
2020-08-17T16:26:35.755296370Z  [2020-08-17T16:26:35Z INFO  dt_client_bytes] 82::38162cb0-e585-43d7-b55d-5c240b2bfb7c/3142192f-6bae-4f12-a6f3-5464dc37e790/d0a71d84-b80f-4558-beac-8887750652e3 "82 Wg6flsTOUTu1tjsnixCH3Qo4fdM4vJ6LA2kBJzGdH7VG5R5NLLZckSm5w7Jbf"
2020-08-17T16:26:35.755347691Z  [2020-08-17T16:26:35Z INFO  dt_client_bytes] Publish 83
2020-08-17T16:26:35.766151700Z  [2020-08-17T16:26:35Z INFO  dt_client_bytes] 83::38162cb0-e585-43d7-b55d-5c240b2bfb7c/3142192f-6bae-4f12-a6f3-5464dc37e790/d0a71d84-b80f-4558-beac-8887750652e3 "83 KMNVqO2vSo35zr3RLLQqeTV8POCgKloYMFCY2AV9yhd3xRK0X1SSkI17lKXUs"
2020-08-17T16:26:35.766218734Z  [2020-08-17T16:26:35Z INFO  dt_client_bytes] Publish 84
2020-08-17T16:26:35.776910783Z  [2020-08-17T16:26:35Z INFO  dt_client_bytes] 84::38162cb0-e585-43d7-b55d-5c240b2bfb7c/3142192f-6bae-4f12-a6f3-5464dc37e790/d0a71d84-b80f-4558-beac-8887750652e3 "84 yF5DbqYNVyr4LPzXruoKABA9orGMXeZjuBVmS8wTzmTBwbsEyBZVQOtW26oN7"
2020-08-17T16:26:35.776933193Z  [2020-08-17T16:26:35Z INFO  dt_client_bytes] Publish 85
2020-08-17T16:26:35.786033962Z  [2020-08-17T16:26:35Z INFO  dt_client_bytes] PubAck { pkid: 68 }
2020-08-17T16:26:35.786930918Z  [2020-08-17T16:26:35Z INFO  dt_client_bytes] PubAck { pkid: 69 }
2020-08-17T16:26:35.788225853Z  [2020-08-17T16:26:35Z INFO  dt_client_bytes] 85::38162cb0-e585-43d7-b55d-5c240b2bfb7c/3142192f-6bae-4f12-a6f3-5464dc37e790/d0a71d84-b80f-4558-beac-8887750652e3 "85 VuuoB7a4ZFQy7v3ynYcUwrJa2zSrTRBR68u5I2EHtfxenFS2SlvfHPgnVSlAt"
2020-08-17T16:26:35.788281669Z  [2020-08-17T16:26:35Z INFO  dt_client_bytes] Publish 86
2020-08-17T16:26:35.799932721Z  [2020-08-17T16:26:35Z INFO  dt_client_bytes] 86::38162cb0-e585-43d7-b55d-5c240b2bfb7c/3142192f-6bae-4f12-a6f3-5464dc37e790/d0a71d84-b80f-4558-beac-8887750652e3 "86 cahjwbUZb1Dbrbpjdhff6wY8bywrAqTyqnWo1IEdgjZBSn45LmHXBgh6SDrWP"
2020-08-17T16:26:35.800010523Z  [2020-08-17T16:26:35Z INFO  dt_client_bytes] Publish 87
2020-08-17T16:26:35.811746283Z  [2020-08-17T16:26:35Z INFO  dt_client_bytes] 87::38162cb0-e585-43d7-b55d-5c240b2bfb7c/3142192f-6bae-4f12-a6f3-5464dc37e790/d0a71d84-b80f-4558-beac-8887750652e3 "87 4sZxseGgaIj20RYX4Sw9OJ6omhWGnyHbD9DYQuejVj2kyf3NV5YgMXj81oyEd"
2020-08-17T16:26:35.811835496Z  [2020-08-17T16:26:35Z INFO  dt_client_bytes] Publish 88
2020-08-17T16:26:35.822269602Z  [2020-08-17T16:26:35Z INFO  dt_client_bytes] 88::38162cb0-e585-43d7-b55d-5c240b2bfb7c/3142192f-6bae-4f12-a6f3-5464dc37e790/d0a71d84-b80f-4558-beac-8887750652e3 "88 sGkpRCWHIeYQD4hymqZcbLJiEM0o54meli50mao5MCFCPJFhCS9Qoyi7CsUia"
2020-08-17T16:26:35.822358778Z  [2020-08-17T16:26:35Z INFO  dt_client_bytes] Publish 89
2020-08-17T16:26:35.833715930Z  [2020-08-17T16:26:35Z INFO  dt_client_bytes] 89::38162cb0-e585-43d7-b55d-5c240b2bfb7c/3142192f-6bae-4f12-a6f3-5464dc37e790/d0a71d84-b80f-4558-beac-8887750652e3 "89 BkXui5itYX36mDKeQbo410Uj4HaiTmbs59zZGk6RKdguEDB22zT0BAorWwjsU"
2020-08-17T16:26:35.833737819Z  [2020-08-17T16:26:35Z INFO  dt_client_bytes] Publish 90
2020-08-17T16:26:35.845822011Z  [2020-08-17T16:26:35Z INFO  dt_client_bytes] 90::38162cb0-e585-43d7-b55d-5c240b2bfb7c/3142192f-6bae-4f12-a6f3-5464dc37e790/d0a71d84-b80f-4558-beac-8887750652e3 "90 Y44OUjKOz5aoHkRruRbNT4xxxkDftg1pPMVQZKSKUAKzK4E5yWEJlHbgUBEf2"
2020-08-17T16:26:35.845885903Z  [2020-08-17T16:26:35Z INFO  dt_client_bytes] Publish 91
2020-08-17T16:26:35.857712555Z  [2020-08-17T16:26:35Z INFO  dt_client_bytes] 91::38162cb0-e585-43d7-b55d-5c240b2bfb7c/3142192f-6bae-4f12-a6f3-5464dc37e790/d0a71d84-b80f-4558-beac-8887750652e3 "91 j01khT1wTwIO5LFuwEwJqxrZgE7A9qZEWJfn0BsXYkzWOtM5dhxCtMfdbARv2"
2020-08-17T16:26:35.857759550Z  [2020-08-17T16:26:35Z INFO  dt_client_bytes] Publish 92
2020-08-17T16:26:35.869004316Z  [2020-08-17T16:26:35Z INFO  dt_client_bytes] 92::38162cb0-e585-43d7-b55d-5c240b2bfb7c/3142192f-6bae-4f12-a6f3-5464dc37e790/d0a71d84-b80f-4558-beac-8887750652e3 "92 KRKPaVEWdTZkgFFzJJme5gExYYZ41TMIzvpVBrUpUjj2peWdCSGwWI9Z55ZnY"
2020-08-17T16:26:35.869030303Z  [2020-08-17T16:26:35Z INFO  dt_client_bytes] Publish 93
2020-08-17T16:26:35.880358601Z  [2020-08-17T16:26:35Z INFO  dt_client_bytes] 93::38162cb0-e585-43d7-b55d-5c240b2bfb7c/3142192f-6bae-4f12-a6f3-5464dc37e790/d0a71d84-b80f-4558-beac-8887750652e3 "93 JEVBK2HCshXtrMV5IT1UYlZXwgXFwO0AFVH5YaOR1oQypRVFsgPy5TS4MUjVs"
2020-08-17T16:26:35.880383129Z  [2020-08-17T16:26:35Z INFO  dt_client_bytes] Publish 94
2020-08-17T16:26:35.884877634Z  [2020-08-17T16:26:35Z INFO  dt_client_bytes] PubAck { pkid: 70 }
2020-08-17T16:26:35.886642766Z  [2020-08-17T16:26:35Z INFO  dt_client_bytes] PubAck { pkid: 71 }
2020-08-17T16:26:35.888265149Z  [2020-08-17T16:26:35Z INFO  dt_client_bytes] PubAck { pkid: 72 }
2020-08-17T16:26:35.888764535Z  [2020-08-17T16:26:35Z INFO  dt_client_bytes] PubAck { pkid: 73 }
2020-08-17T16:26:35.890803649Z  [2020-08-17T16:26:35Z INFO  dt_client_bytes] PubAck { pkid: 74 }
2020-08-17T16:26:35.891844938Z  [2020-08-17T16:26:35Z INFO  dt_client_bytes] PubAck { pkid: 75 }
2020-08-17T16:26:35.891877065Z  [2020-08-17T16:26:35Z INFO  dt_client_bytes] 94::38162cb0-e585-43d7-b55d-5c240b2bfb7c/3142192f-6bae-4f12-a6f3-5464dc37e790/d0a71d84-b80f-4558-beac-8887750652e3 "94 usmaBpCmZMTVmekXQE5bM2eijz1MXR7eVvCtcTTfxEJmsSRVTzfvZG5eppkcK"
2020-08-17T16:26:35.893115102Z  [2020-08-17T16:26:35Z INFO  dt_client_bytes] PubAck { pkid: 76 }
2020-08-17T16:26:35.894436376Z  [2020-08-17T16:26:35Z INFO  dt_client_bytes] PubAck { pkid: 77 }
2020-08-17T16:26:35.895786009Z  [2020-08-17T16:26:35Z INFO  dt_client_bytes] Publish 95
2020-08-17T16:26:35.896882576Z  [2020-08-17T16:26:35Z INFO  dt_client_bytes] PubAck { pkid: 78 }
2020-08-17T16:26:35.898131883Z  [2020-08-17T16:26:35Z INFO  dt_client_bytes] PubAck { pkid: 79 }
2020-08-17T16:26:35.899345456Z  [2020-08-17T16:26:35Z INFO  dt_client_bytes] PubAck { pkid: 80 }
2020-08-17T16:26:35.900498117Z  [2020-08-17T16:26:35Z INFO  dt_client_bytes] PubAck { pkid: 81 }
2020-08-17T16:26:35.901675606Z  [2020-08-17T16:26:35Z INFO  dt_client_bytes] PubAck { pkid: 82 }
2020-08-17T16:26:35.903052492Z  [2020-08-17T16:26:35Z INFO  dt_client_bytes] PubAck { pkid: 83 }
2020-08-17T16:26:35.903072161Z  [2020-08-17T16:26:35Z INFO  dt_client_bytes] 95::38162cb0-e585-43d7-b55d-5c240b2bfb7c/3142192f-6bae-4f12-a6f3-5464dc37e790/d0a71d84-b80f-4558-beac-8887750652e3 "95 x7OZApZrd6andyXxTgTU5DGQZCS3GPu0IaTHGiIMcgiT5k3nZ0VSWGmkpL0Uy"
2020-08-17T16:26:35.903988953Z  [2020-08-17T16:26:35Z INFO  dt_client_bytes] Publish 96
2020-08-17T16:26:35.905186288Z  [2020-08-17T16:26:35Z INFO  dt_client_bytes] PubAck { pkid: 84 }
2020-08-17T16:26:35.914918127Z  [2020-08-17T16:26:35Z INFO  dt_client_bytes] 96::38162cb0-e585-43d7-b55d-5c240b2bfb7c/3142192f-6bae-4f12-a6f3-5464dc37e790/d0a71d84-b80f-4558-beac-8887750652e3 "96 wFDDU8lswdnXCIv1A7x8cDUEWXgQbQqDGs2Pt766eymixgyUPVSflX1JMVqvU"
2020-08-17T16:26:35.914973182Z  [2020-08-17T16:26:35Z INFO  dt_client_bytes] Publish 97
2020-08-17T16:26:35.926779862Z  [2020-08-17T16:26:35Z INFO  dt_client_bytes] 97::38162cb0-e585-43d7-b55d-5c240b2bfb7c/3142192f-6bae-4f12-a6f3-5464dc37e790/d0a71d84-b80f-4558-beac-8887750652e3 "97 HRTi7rWs8gbzkZAqdJcNjiJDcnGv9QA5VWTAwXVSUYa6YHDyH8sxovwR3VCCg"
2020-08-17T16:26:35.926813778Z  [2020-08-17T16:26:35Z INFO  dt_client_bytes] Publish 98
2020-08-17T16:26:35.937336924Z  [2020-08-17T16:26:35Z INFO  dt_client_bytes] 98::38162cb0-e585-43d7-b55d-5c240b2bfb7c/3142192f-6bae-4f12-a6f3-5464dc37e790/d0a71d84-b80f-4558-beac-8887750652e3 "98 hT33kNMdKbBD8f6FpOOrlCBRJP6UAOiiG0OQRGDm9vxQRmXqFRCvy0o2jOXhT"
2020-08-17T16:26:35.937360630Z  [2020-08-17T16:26:35Z INFO  dt_client_bytes] Publish 99
2020-08-17T16:26:35.948656935Z  [2020-08-17T16:26:35Z INFO  dt_client_bytes] 99::38162cb0-e585-43d7-b55d-5c240b2bfb7c/3142192f-6bae-4f12-a6f3-5464dc37e790/d0a71d84-b80f-4558-beac-8887750652e3 "99 MOa9J4n5tibVtDQAQrpgSTRKivBjpV7dSv1ZxDUq5r1zyxiv9VxH7UUZhF69A"
2020-08-17T16:26:35.948735478Z  [2020-08-17T16:26:35Z INFO  dt_client_bytes] Publish 100
2020-08-17T16:26:35.948754595Z  [2020-08-17T16:26:35Z INFO  dt_client_bytes] NotificationCounter {
2020-08-17T16:26:35.948805282Z          Pub: 100,
2020-08-17T16:26:35.948823591Z          PubAck: 84,
2020-08-17T16:26:35.948838258Z          PubRec: 0,
2020-08-17T16:26:35.948852843Z          PubRel: 0,
2020-08-17T16:26:35.948900932Z          PubComp: 0,
2020-08-17T16:26:35.948918262Z      }
2020-08-17T16:26:35.958969945Z  [2020-08-17T16:26:35Z INFO  dt_client_bytes] Thread 38162cb0-e585-43d7-b55d-5c240b2bfb7c/3142192f-6bae-4f12-a6f3-5464dc37e790/d0a71d84-b80f-4558-beac-8887750652e3 done with 100 messages.
2020-08-17T16:26:35.978117121Z  [2020-08-17T16:26:35Z INFO  dt_client_bytes] PubAck { pkid: 85 }
2020-08-17T16:26:35.978167167Z  [2020-08-17T16:26:35Z INFO  dt_client_bytes] NotificationCounter {
2020-08-17T16:26:35.978223031Z          Pub: 100,
2020-08-17T16:26:35.978240882Z          PubAck: 85,
2020-08-17T16:26:35.978255776Z          PubRec: 0,
2020-08-17T16:26:35.978270470Z          PubRel: 0,
2020-08-17T16:26:35.978324376Z          PubComp: 0,
2020-08-17T16:26:35.978340501Z      }
2020-08-17T16:26:35.979333582Z  [2020-08-17T16:26:35Z INFO  dt_client_bytes] PubAck { pkid: 86 }
2020-08-17T16:26:35.979393919Z  [2020-08-17T16:26:35Z INFO  dt_client_bytes] NotificationCounter {
2020-08-17T16:26:35.979413739Z          Pub: 100,
2020-08-17T16:26:35.979428794Z          PubAck: 86,
2020-08-17T16:26:35.979488122Z          PubRec: 0,
2020-08-17T16:26:35.979508130Z          PubRel: 0,
2020-08-17T16:26:35.979523070Z          PubComp: 0,
2020-08-17T16:26:35.979537943Z      }
2020-08-17T16:26:36.071432477Z  [2020-08-17T16:26:36Z INFO  dt_client_bytes] PubAck { pkid: 87 }
2020-08-17T16:26:36.071466742Z  [2020-08-17T16:26:36Z INFO  dt_client_bytes] NotificationCounter {
2020-08-17T16:26:36.071477402Z          Pub: 100,
2020-08-17T16:26:36.071486865Z          PubAck: 87,
2020-08-17T16:26:36.071518201Z          PubRec: 0,
2020-08-17T16:26:36.071531075Z          PubRel: 0,
2020-08-17T16:26:36.071540621Z          PubComp: 0,
2020-08-17T16:26:36.071563057Z      }
2020-08-17T16:26:36.071573268Z  [2020-08-17T16:26:36Z INFO  dt_client_bytes] PubAck { pkid: 88 }
2020-08-17T16:26:36.071604854Z  [2020-08-17T16:26:36Z INFO  dt_client_bytes] NotificationCounter {
2020-08-17T16:26:36.071617688Z          Pub: 100,
2020-08-17T16:26:36.071627366Z          PubAck: 88,
2020-08-17T16:26:36.071636664Z          PubRec: 0,
2020-08-17T16:26:36.071645843Z          PubRel: 0,
2020-08-17T16:26:36.071655063Z          PubComp: 0,
2020-08-17T16:26:36.071664346Z      }
2020-08-17T16:26:36.072196741Z  [2020-08-17T16:26:36Z INFO  dt_client_bytes] PubAck { pkid: 89 }
2020-08-17T16:26:36.072214510Z  [2020-08-17T16:26:36Z INFO  dt_client_bytes] NotificationCounter {
2020-08-17T16:26:36.072224876Z          Pub: 100,
2020-08-17T16:26:36.072234472Z          PubAck: 89,
2020-08-17T16:26:36.072243604Z          PubRec: 0,
2020-08-17T16:26:36.072276002Z          PubRel: 0,
2020-08-17T16:26:36.072287565Z          PubComp: 0,
2020-08-17T16:26:36.072296997Z      }
2020-08-17T16:26:36.073382166Z  [2020-08-17T16:26:36Z INFO  dt_client_bytes] PubAck { pkid: 90 }
2020-08-17T16:26:36.073405547Z  [2020-08-17T16:26:36Z INFO  dt_client_bytes] NotificationCounter {
2020-08-17T16:26:36.073416968Z          Pub: 100,
2020-08-17T16:26:36.073426820Z          PubAck: 90,
2020-08-17T16:26:36.073464201Z          PubRec: 0,
2020-08-17T16:26:36.073474628Z          PubRel: 0,
2020-08-17T16:26:36.073484214Z          PubComp: 0,
2020-08-17T16:26:36.073493954Z      }
2020-08-17T16:26:36.074561125Z  [2020-08-17T16:26:36Z INFO  dt_client_bytes] PubAck { pkid: 91 }
2020-08-17T16:26:36.074584672Z  [2020-08-17T16:26:36Z INFO  dt_client_bytes] NotificationCounter {
2020-08-17T16:26:36.074598036Z          Pub: 100,
2020-08-17T16:26:36.074607816Z          PubAck: 91,
2020-08-17T16:26:36.074646144Z          PubRec: 0,
2020-08-17T16:26:36.074656023Z          PubRel: 0,
2020-08-17T16:26:36.074665598Z          PubComp: 0,
2020-08-17T16:26:36.074675143Z      }
2020-08-17T16:26:36.075770213Z  [2020-08-17T16:26:36Z INFO  dt_client_bytes] PubAck { pkid: 92 }
2020-08-17T16:26:36.075812048Z  [2020-08-17T16:26:36Z INFO  dt_client_bytes] NotificationCounter {
2020-08-17T16:26:36.075823329Z          Pub: 100,
2020-08-17T16:26:36.075832987Z          PubAck: 92,
2020-08-17T16:26:36.075879753Z          PubRec: 0,
2020-08-17T16:26:36.075889968Z          PubRel: 0,
2020-08-17T16:26:36.075898787Z          PubComp: 0,
2020-08-17T16:26:36.075907795Z      }
2020-08-17T16:26:36.077097888Z  [2020-08-17T16:26:36Z INFO  dt_client_bytes] PubAck { pkid: 93 }
2020-08-17T16:26:36.077168368Z  [2020-08-17T16:26:36Z INFO  dt_client_bytes] NotificationCounter {
2020-08-17T16:26:36.077188526Z          Pub: 100,
2020-08-17T16:26:36.077204052Z          PubAck: 93,
2020-08-17T16:26:36.077258407Z          PubRec: 0,
2020-08-17T16:26:36.077274634Z          PubRel: 0,
2020-08-17T16:26:36.077289467Z          PubComp: 0,
2020-08-17T16:26:36.077336798Z      }
2020-08-17T16:26:36.078264746Z  [2020-08-17T16:26:36Z INFO  dt_client_bytes] PubAck { pkid: 94 }
2020-08-17T16:26:36.078320972Z  [2020-08-17T16:26:36Z INFO  dt_client_bytes] NotificationCounter {
2020-08-17T16:26:36.078335958Z          Pub: 100,
2020-08-17T16:26:36.078349168Z          PubAck: 94,
2020-08-17T16:26:36.078362268Z          PubRec: 0,
2020-08-17T16:26:36.078408909Z          PubRel: 0,
2020-08-17T16:26:36.078422449Z          PubComp: 0,
2020-08-17T16:26:36.078435682Z      }
2020-08-17T16:26:36.210773876Z  [2020-08-17T16:26:36Z INFO  dt_client_bytes] PubAck { pkid: 95 }
2020-08-17T16:26:36.210859398Z  [2020-08-17T16:26:36Z INFO  dt_client_bytes] NotificationCounter {
2020-08-17T16:26:36.210881579Z          Pub: 100,
2020-08-17T16:26:36.210897672Z          PubAck: 95,
2020-08-17T16:26:36.210949486Z          PubRec: 0,
2020-08-17T16:26:36.210968676Z          PubRel: 0,
2020-08-17T16:26:36.210984657Z          PubComp: 0,
2020-08-17T16:26:36.211000439Z      }
2020-08-17T16:26:36.211936689Z  [2020-08-17T16:26:36Z INFO  dt_client_bytes] PubAck { pkid: 96 }
2020-08-17T16:26:36.211969321Z  [2020-08-17T16:26:36Z INFO  dt_client_bytes] NotificationCounter {
2020-08-17T16:26:36.212033522Z          Pub: 100,
2020-08-17T16:26:36.212050661Z          PubAck: 96,
2020-08-17T16:26:36.212066827Z          PubRec: 0,
2020-08-17T16:26:36.212120155Z          PubRel: 0,
2020-08-17T16:26:36.212138134Z          PubComp: 0,
2020-08-17T16:26:36.212153988Z      }
2020-08-17T16:26:36.213157670Z  [2020-08-17T16:26:36Z INFO  dt_client_bytes] PubAck { pkid: 97 }
2020-08-17T16:26:36.213188079Z  [2020-08-17T16:26:36Z INFO  dt_client_bytes] NotificationCounter {
2020-08-17T16:26:36.213245757Z          Pub: 100,
2020-08-17T16:26:36.213264594Z          PubAck: 97,
2020-08-17T16:26:36.213280376Z          PubRec: 0,
2020-08-17T16:26:36.213331268Z          PubRel: 0,
2020-08-17T16:26:36.213353326Z          PubComp: 0,
2020-08-17T16:26:36.213369788Z      }
2020-08-17T16:26:36.214714308Z  [2020-08-17T16:26:36Z INFO  dt_client_bytes] PubAck { pkid: 98 }
2020-08-17T16:26:36.214804903Z  [2020-08-17T16:26:36Z INFO  dt_client_bytes] NotificationCounter {
2020-08-17T16:26:36.214828741Z          Pub: 100,
2020-08-17T16:26:36.214843603Z          PubAck: 98,
2020-08-17T16:26:36.214857928Z          PubRec: 0,
2020-08-17T16:26:36.214902998Z          PubRel: 0,
2020-08-17T16:26:36.214919097Z          PubComp: 0,
2020-08-17T16:26:36.214933113Z      }
2020-08-17T16:26:36.215698656Z  [2020-08-17T16:26:36Z INFO  dt_client_bytes] PubAck { pkid: 99 }
2020-08-17T16:26:36.215762932Z  [2020-08-17T16:26:36Z INFO  dt_client_bytes] NotificationCounter {
2020-08-17T16:26:36.215779897Z          Pub: 100,
2020-08-17T16:26:36.215793684Z          PubAck: 99,
2020-08-17T16:26:36.215807108Z          PubRec: 0,
2020-08-17T16:26:36.215854020Z          PubRel: 0,
2020-08-17T16:26:36.215870309Z          PubComp: 0,
2020-08-17T16:26:36.215884093Z      }
2020-08-17T16:26:36.217371461Z  [2020-08-17T16:26:36Z INFO  dt_client_bytes] PubAck { pkid: 100 }
2020-08-17T16:26:36.217406236Z  [2020-08-17T16:26:36Z INFO  dt_client_bytes] NotificationCounter {
2020-08-17T16:26:36.217457937Z          Pub: 100,
2020-08-17T16:26:36.217474791Z          PubAck: 100,
2020-08-17T16:26:36.217488952Z          PubRec: 0,
2020-08-17T16:26:36.217502722Z          PubRel: 0,
2020-08-17T16:26:36.217548176Z          PubComp: 0,
2020-08-17T16:26:36.217564461Z      }
2020-08-17T16:27:04.821792250Z  [2020-08-17T16:27:04Z INFO  dt_client_bytes] NotificationCounter {
2020-08-17T16:27:04.821861472Z          Pub: 100,
2020-08-17T16:27:04.821881707Z          PubAck: 100,
2020-08-17T16:27:04.821899540Z          PubRec: 0,
2020-08-17T16:27:04.821916791Z          PubRel: 0,
2020-08-17T16:27:04.821933915Z          PubComp: 0,
2020-08-17T16:27:04.821951112Z      }
2020-08-17T16:27:04.924634556Z  [2020-08-17T16:27:04Z INFO  dt_client_bytes] NotificationCounter {
2020-08-17T16:27:04.924703017Z          Pub: 100,
2020-08-17T16:27:04.924725162Z          PubAck: 100,
2020-08-17T16:27:04.924741680Z          PubRec: 0,
2020-08-17T16:27:04.924758091Z          PubRel: 0,
2020-08-17T16:27:04.924773545Z          PubComp: 0,
2020-08-17T16:27:04.924789143Z      }
2020-08-17T16:27:34.822547888Z  [2020-08-17T16:27:34Z INFO  dt_client_bytes] NotificationCounter {
2020-08-17T16:27:34.822666273Z          Pub: 100,
2020-08-17T16:27:34.822733677Z          PubAck: 100,
2020-08-17T16:27:34.822753455Z          PubRec: 0,
2020-08-17T16:27:34.822808639Z          PubRel: 0,
2020-08-17T16:27:34.822831117Z          PubComp: 0,
2020-08-17T16:27:34.822920320Z      }
2020-08-17T16:27:34.931025115Z  [2020-08-17T16:27:34Z INFO  dt_client_bytes] NotificationCounter {
2020-08-17T16:27:34.931145192Z          Pub: 100,
2020-08-17T16:27:34.931216951Z          PubAck: 100,
2020-08-17T16:27:34.931235328Z          PubRec: 0,
2020-08-17T16:27:34.931290560Z          PubRel: 0,
2020-08-17T16:27:34.931313833Z          PubComp: 0,
2020-08-17T16:27:34.931331934Z      }
2020-08-17T16:28:04.823819037Z  [2020-08-17T16:28:04Z INFO  dt_client_bytes] NotificationCounter {
2020-08-17T16:28:04.823930020Z          Pub: 100,
2020-08-17T16:28:04.823994805Z          PubAck: 100,
2020-08-17T16:28:04.824015459Z          PubRec: 0,
2020-08-17T16:28:04.824032902Z          PubRel: 0,
2020-08-17T16:28:04.824088265Z          PubComp: 0,
2020-08-17T16:28:04.824108448Z      }
2020-08-17T16:28:04.916233709Z  [2020-08-17T16:28:04Z INFO  dt_client_bytes] NotificationCounter {
2020-08-17T16:28:04.916325301Z          Pub: 100,
2020-08-17T16:28:04.916348625Z          PubAck: 100,
2020-08-17T16:28:04.916366545Z          PubRec: 0,
2020-08-17T16:28:04.916430234Z          PubRel: 0,
2020-08-17T16:28:04.916448692Z          PubComp: 0,
2020-08-17T16:28:04.916504283Z      }
2020-08-17T16:28:34.824122002Z  [2020-08-17T16:28:34Z INFO  dt_client_bytes] NotificationCounter {
2020-08-17T16:28:34.824240622Z          Pub: 100,
2020-08-17T16:28:34.824309378Z          PubAck: 100,
2020-08-17T16:28:34.824329452Z          PubRec: 0,
2020-08-17T16:28:34.824386927Z          PubRel: 0,
2020-08-17T16:28:34.824408614Z          PubComp: 0,
2020-08-17T16:28:34.824426948Z      }
2020-08-17T16:28:34.933627212Z  [2020-08-17T16:28:34Z INFO  dt_client_bytes] NotificationCounter {
2020-08-17T16:28:34.933719021Z          Pub: 100,
2020-08-17T16:28:34.933743382Z          PubAck: 100,
2020-08-17T16:28:34.933801614Z          PubRec: 0,
2020-08-17T16:28:34.933825511Z          PubRel: 0,
2020-08-17T16:28:34.933848668Z          PubComp: 0,
2020-08-17T16:28:34.933905853Z      }
2020-08-17T16:29:04.826187449Z  [2020-08-17T16:29:04Z INFO  dt_client_bytes] NotificationCounter {
2020-08-17T16:29:04.826351004Z          Pub: 100,
2020-08-17T16:29:04.826379168Z          PubAck: 100,
2020-08-17T16:29:04.826398565Z          PubRec: 0,
2020-08-17T16:29:04.826455456Z          PubRel: 0,
2020-08-17T16:29:04.826476323Z          PubComp: 0,
2020-08-17T16:29:04.826494498Z      }
2020-08-17T16:29:04.928654452Z  [2020-08-17T16:29:04Z INFO  dt_client_bytes] NotificationCounter {
2020-08-17T16:29:04.928747200Z          Pub: 100,
2020-08-17T16:29:04.928770504Z          PubAck: 100,
2020-08-17T16:29:04.928826246Z          PubRec: 0,
2020-08-17T16:29:04.928849259Z          PubRel: 0,
2020-08-17T16:29:04.928867044Z          PubComp: 0,
2020-08-17T16:29:04.928921609Z      }
