2020-08-17T16:26:33.814798506Z  [2020-08-17T16:26:33Z INFO  dt_client_bytes] Starting client. Host at mqtt-broker:1883
2020-08-17T16:26:33.814853356Z  [2020-08-17T16:26:33Z INFO  dt_client_bytes] Thread of topic 38162cb0-e585-43d7-b55d-5c240b2bfb7c/3142192f-6bae-4f12-a6f3-5464dc37e790/d0a71d84-b80f-4558-beac-8887750652e3
2020-08-17T16:26:33.814868286Z  [2020-08-17T16:26:33Z INFO  dt_client_bytes] 0::38162cb0-e585-43d7-b55d-5c240b2bfb7c/3142192f-6bae-4f12-a6f3-5464dc37e790/d0a71d84-b80f-4558-beac-8887750652e3 "0 zihMQHxWCfEPHbcGcwozhV8YhETQGbNO3EV0LCr2wylc27BFr1Hp3ZTqndvubf"
2020-08-17T16:26:33.822631993Z  [2020-08-17T16:26:33Z INFO  dt_client_bytes] 1::38162cb0-e585-43d7-b55d-5c240b2bfb7c/3142192f-6bae-4f12-a6f3-5464dc37e790/d0a71d84-b80f-4558-beac-8887750652e3 "1 QLA0NetFImH0U47TprOkQBqxwCNRfNUYrv5s3ATTLJgakSy0kXxBYgpNYhvXOP"
2020-08-17T16:26:33.847517671Z  [2020-08-17T16:26:33Z INFO  dt_client_bytes] 2::38162cb0-e585-43d7-b55d-5c240b2bfb7c/3142192f-6bae-4f12-a6f3-5464dc37e790/d0a71d84-b80f-4558-beac-8887750652e3 "2 hkwmGps65bbzovg7qj11O8CzFt0TA9PmP436ksKqeJhg0sIGhkQu0qDNByElnc"
2020-08-17T16:26:33.847562847Z  [2020-08-17T16:26:33Z INFO  dt_client_bytes] 3::38162cb0-e585-43d7-b55d-5c240b2bfb7c/3142192f-6bae-4f12-a6f3-5464dc37e790/d0a71d84-b80f-4558-beac-8887750652e3 "3 tsgIdsETo8Gk3tobdXIsTvTQmOI0YuqcHlA48XKWQ5mwLmc5sgv22nIcRCjli9"
2020-08-17T16:26:33.882648374Z  [2020-08-17T16:26:33Z INFO  dt_client_bytes] 4::38162cb0-e585-43d7-b55d-5c240b2bfb7c/3142192f-6bae-4f12-a6f3-5464dc37e790/d0a71d84-b80f-4558-beac-8887750652e3 "4 BmGTDghcP7NR3R4qIH0SZo5249AY97FaTVSPaqaUSdPHogJu8MxkZRLE3JdVK9"
2020-08-17T16:26:33.889092951Z  [2020-08-17T16:26:33Z INFO  dt_client_bytes] 5::38162cb0-e585-43d7-b55d-5c240b2bfb7c/3142192f-6bae-4f12-a6f3-5464dc37e790/d0a71d84-b80f-4558-beac-8887750652e3 "5 mZKqmbx4lUQ4lPdpKYA0lld3J41PxkCTTWTKbNF8aL8d9YqD4DJIs0mr3b31Lf"
2020-08-17T16:26:33.889124783Z  [2020-08-17T16:26:33Z INFO  dt_client_bytes] 6::38162cb0-e585-43d7-b55d-5c240b2bfb7c/3142192f-6bae-4f12-a6f3-5464dc37e790/d0a71d84-b80f-4558-beac-8887750652e3 "6 jCi9DxM1iKeuYGg0GxC6qykSkFUIFnny1IvXbZjlsBGGDnTEWPei8OiD5CXEWp"
2020-08-17T16:26:33.895570279Z  [2020-08-17T16:26:33Z INFO  dt_client_bytes] 7::38162cb0-e585-43d7-b55d-5c240b2bfb7c/3142192f-6bae-4f12-a6f3-5464dc37e790/d0a71d84-b80f-4558-beac-8887750652e3 "7 gJ6VZOsUyeNL0GPYAXKk1zKmn4baNNyDAovkiyHgHLvVzKl2uhZxYbnIHJTMRZ"
2020-08-17T16:26:33.902901076Z  [2020-08-17T16:26:33Z INFO  dt_client_bytes] 8::38162cb0-e585-43d7-b55d-5c240b2bfb7c/3142192f-6bae-4f12-a6f3-5464dc37e790/d0a71d84-b80f-4558-beac-8887750652e3 "8 pFkw6zyZiH1vQxHnEGuArKTXYFrUF1LjBJY6QGNypjqr5CBEWsokDZfWVeNuSa"
2020-08-17T16:26:33.912995080Z  [2020-08-17T16:26:33Z INFO  dt_client_bytes] 9::38162cb0-e585-43d7-b55d-5c240b2bfb7c/3142192f-6bae-4f12-a6f3-5464dc37e790/d0a71d84-b80f-4558-beac-8887750652e3 "9 dN1VlEYJuGRPcclwvwRhmaII6Enuct9gXuvVRH3dNbTuWdd304qJSY00SCX5wu"
2020-08-17T16:26:33.925134560Z  [2020-08-17T16:26:33Z INFO  dt_client_bytes] 10::38162cb0-e585-43d7-b55d-5c240b2bfb7c/3142192f-6bae-4f12-a6f3-5464dc37e790/d0a71d84-b80f-4558-beac-8887750652e3 "10 zRPu8UiaHt0B6XnjXT9LhBMxKc3CK6nf4RXh2XFbpfOVedZlo7mad1mcUtxfc"
2020-08-17T16:26:33.947537619Z  [2020-08-17T16:26:33Z INFO  dt_client_bytes] 11::38162cb0-e585-43d7-b55d-5c240b2bfb7c/3142192f-6bae-4f12-a6f3-5464dc37e790/d0a71d84-b80f-4558-beac-8887750652e3 "11 rD2XT1avq6QD7whRHIaRvmKq7giCa6M7tJEk10iJfWtAGJY0vxmnvH2Rwpz7C"
2020-08-17T16:26:33.947577258Z  [2020-08-17T16:26:33Z INFO  dt_client_bytes] 12::38162cb0-e585-43d7-b55d-5c240b2bfb7c/3142192f-6bae-4f12-a6f3-5464dc37e790/d0a71d84-b80f-4558-beac-8887750652e3 "12 mY8ENkrHLk5O0WrfoXCWUc1sevxk7vwqvfKyyoEkHWoSbUJe27D3dsEBGKoyf"
2020-08-17T16:26:33.963542967Z  [2020-08-17T16:26:33Z INFO  dt_client_bytes] 13::38162cb0-e585-43d7-b55d-5c240b2bfb7c/3142192f-6bae-4f12-a6f3-5464dc37e790/d0a71d84-b80f-4558-beac-8887750652e3 "13 YwP7pNyj1LZxneWwS4VpsIfOqoIIEEqgXNtmwKITUni8iZs7u9JLQYyUwgJ7T"
2020-08-17T16:26:33.976100166Z  [2020-08-17T16:26:33Z INFO  dt_client_bytes] 14::38162cb0-e585-43d7-b55d-5c240b2bfb7c/3142192f-6bae-4f12-a6f3-5464dc37e790/d0a71d84-b80f-4558-beac-8887750652e3 "14 MrIMyyi95Cjft7oUg50ZacatkVasIgrixRxNSarf0ZKi3Rd1VOxGz3L11QuDE"
2020-08-17T16:26:33.983556319Z  [2020-08-17T16:26:33Z INFO  dt_client_bytes] 15::38162cb0-e585-43d7-b55d-5c240b2bfb7c/3142192f-6bae-4f12-a6f3-5464dc37e790/d0a71d84-b80f-4558-beac-8887750652e3 "15 N6ydK35k2iW1NVT3Jr2sRPnrPkzwrY3L80Mp7TrJnV3QYDEknm29lFpT6QWvm"
2020-08-17T16:26:33.991761802Z  [2020-08-17T16:26:33Z INFO  dt_client_bytes] 16::38162cb0-e585-43d7-b55d-5c240b2bfb7c/3142192f-6bae-4f12-a6f3-5464dc37e790/d0a71d84-b80f-4558-beac-8887750652e3 "16 BNrzdVZFQxyiFPX6PHPjD3k1vPqk8JRSuvDqfGsA5rJYo40lbNNewd7FR4ZQB"
2020-08-17T16:26:34.016603166Z  [2020-08-17T16:26:34Z INFO  dt_client_bytes] 17::38162cb0-e585-43d7-b55d-5c240b2bfb7c/3142192f-6bae-4f12-a6f3-5464dc37e790/d0a71d84-b80f-4558-beac-8887750652e3 "17 xCxAfldB7scJpfVKBLgGZJ12kqokDPUIG7lT91nxlEuKUNDbj3m6pXYBIMcjT"
2020-08-17T16:26:34.016631866Z  [2020-08-17T16:26:34Z INFO  dt_client_bytes] Publish 1
2020-08-17T16:26:34.024946707Z  [2020-08-17T16:26:34Z INFO  dt_client_bytes] Publish 2
2020-08-17T16:26:34.024960350Z  [2020-08-17T16:26:34Z INFO  dt_client_bytes] 18::38162cb0-e585-43d7-b55d-5c240b2bfb7c/3142192f-6bae-4f12-a6f3-5464dc37e790/d0a71d84-b80f-4558-beac-8887750652e3 "18 rvwS8hrOWyWAhm6rOL0THfJk264kZysUoFTyecsanV5sZ6CL7Ko1guq8KhTVW"
2020-08-17T16:26:34.024971415Z  [2020-08-17T16:26:34Z INFO  dt_client_bytes] Publish 3
2020-08-17T16:26:34.024980975Z  [2020-08-17T16:26:34Z INFO  dt_client_bytes] Publish 4
2020-08-17T16:26:34.024990519Z  [2020-08-17T16:26:34Z INFO  dt_client_bytes] Publish 5
2020-08-17T16:26:34.025000070Z  [2020-08-17T16:26:34Z INFO  dt_client_bytes] Publish 6
2020-08-17T16:26:34.025009459Z  [2020-08-17T16:26:34Z INFO  dt_client_bytes] Publish 7
2020-08-17T16:26:34.025018830Z  [2020-08-17T16:26:34Z INFO  dt_client_bytes] Publish 8
2020-08-17T16:26:34.025028266Z  [2020-08-17T16:26:34Z INFO  dt_client_bytes] Publish 9
2020-08-17T16:26:34.025037810Z  [2020-08-17T16:26:34Z INFO  dt_client_bytes] Publish 10
2020-08-17T16:26:34.025047137Z  [2020-08-17T16:26:34Z INFO  dt_client_bytes] Publish 11
2020-08-17T16:26:34.025056553Z  [2020-08-17T16:26:34Z INFO  dt_client_bytes] Publish 12
2020-08-17T16:26:34.025066046Z  [2020-08-17T16:26:34Z INFO  dt_client_bytes] 19::38162cb0-e585-43d7-b55d-5c240b2bfb7c/3142192f-6bae-4f12-a6f3-5464dc37e790/d0a71d84-b80f-4558-beac-8887750652e3 "19 5VyhzUEiMsy12Txfv7qR5b1MC3cPLojmvtdgQ6ils7uk8m9mz1tyFb5iCAkux"
2020-08-17T16:26:34.025076434Z  [2020-08-17T16:26:34Z INFO  dt_client_bytes] Publish 13
2020-08-17T16:26:34.027496637Z  [2020-08-17T16:26:34Z INFO  dt_client_bytes] Publish 14
2020-08-17T16:26:34.027517764Z  [2020-08-17T16:26:34Z INFO  dt_client_bytes] Publish 15
2020-08-17T16:26:34.027544800Z  [2020-08-17T16:26:34Z INFO  dt_client_bytes] Publish 16
2020-08-17T16:26:34.029327039Z  [2020-08-17T16:26:34Z INFO  dt_client_bytes] Publish 17
2020-08-17T16:26:34.031861384Z  [2020-08-17T16:26:34Z INFO  dt_client_bytes] Publish 18
2020-08-17T16:26:34.031894143Z  [2020-08-17T16:26:34Z INFO  dt_client_bytes] Publish 19
2020-08-17T16:26:34.035608753Z  [2020-08-17T16:26:34Z INFO  dt_client_bytes] Publish 20
2020-08-17T16:26:34.035630399Z  [2020-08-17T16:26:34Z INFO  dt_client_bytes] 20::38162cb0-e585-43d7-b55d-5c240b2bfb7c/3142192f-6bae-4f12-a6f3-5464dc37e790/d0a71d84-b80f-4558-beac-8887750652e3 "20 WWo3gtOdLhDbjvX3ngMwaGwcS5pKDfqDNoq7oAKKVQOVsb9cwKyx46AJlhpkK"
2020-08-17T16:26:34.035717412Z  [2020-08-17T16:26:34Z INFO  dt_client_bytes] Publish 21
2020-08-17T16:26:34.046101073Z  [2020-08-17T16:26:34Z INFO  dt_client_bytes] 21::38162cb0-e585-43d7-b55d-5c240b2bfb7c/3142192f-6bae-4f12-a6f3-5464dc37e790/d0a71d84-b80f-4558-beac-8887750652e3 "21 YcESRHxWX6iTkPYOiZlj6wT8b0fEBx4C2YLdBPDxTKWcV1kI94lQKpoklL6o9"
2020-08-17T16:26:34.046129180Z  [2020-08-17T16:26:34Z INFO  dt_client_bytes] Publish 22
2020-08-17T16:26:34.057453898Z  [2020-08-17T16:26:34Z INFO  dt_client_bytes] 22::38162cb0-e585-43d7-b55d-5c240b2bfb7c/3142192f-6bae-4f12-a6f3-5464dc37e790/d0a71d84-b80f-4558-beac-8887750652e3 "22 oYQKk1Qs8Irpkje56b2zeJSZG6etDE8YNDOozD8WY3lr8QRXIdsqpDGVe366V"
2020-08-17T16:26:34.057478989Z  [2020-08-17T16:26:34Z INFO  dt_client_bytes] Publish 23
2020-08-17T16:26:34.070767080Z  [2020-08-17T16:26:34Z INFO  dt_client_bytes] 23::38162cb0-e585-43d7-b55d-5c240b2bfb7c/3142192f-6bae-4f12-a6f3-5464dc37e790/d0a71d84-b80f-4558-beac-8887750652e3 "23 bk7N31oEol8Gm4d1QPxYFit12lgmpnjaV3lhsxZ9AsXvDaj4a2y5TRrVR3aTO"
2020-08-17T16:26:34.070797135Z  [2020-08-17T16:26:34Z INFO  dt_client_bytes] Publish 24
2020-08-17T16:26:34.083527995Z  [2020-08-17T16:26:34Z INFO  dt_client_bytes] 24::38162cb0-e585-43d7-b55d-5c240b2bfb7c/3142192f-6bae-4f12-a6f3-5464dc37e790/d0a71d84-b80f-4558-beac-8887750652e3 "24 PQSKUtGPpbfBN3M7DBSUPJ9h50jrNlcpPVhia5GzCnHrGM7mnPP7TR7QFxZce"
2020-08-17T16:26:34.083568755Z  [2020-08-17T16:26:34Z INFO  dt_client_bytes] Publish 25
2020-08-17T16:26:34.094319480Z  [2020-08-17T16:26:34Z INFO  dt_client_bytes] 25::38162cb0-e585-43d7-b55d-5c240b2bfb7c/3142192f-6bae-4f12-a6f3-5464dc37e790/d0a71d84-b80f-4558-beac-8887750652e3 "25 ZBde8O1VyDxaItMQ0dppsnBl8NKlP12wSYCu3A0hmEArSaVwaDC205qGBMuPs"
2020-08-17T16:26:34.094349711Z  [2020-08-17T16:26:34Z INFO  dt_client_bytes] Publish 26
2020-08-17T16:26:34.102664917Z  [2020-08-17T16:26:34Z INFO  dt_client_bytes] 26::38162cb0-e585-43d7-b55d-5c240b2bfb7c/3142192f-6bae-4f12-a6f3-5464dc37e790/d0a71d84-b80f-4558-beac-8887750652e3 "26 W87yjvqW2HxE6KFuibLuTtuZH8Yw5EQktaJUKAx7hmf5azLj2UJJYWE7qjGEL"
2020-08-17T16:26:34.102717645Z  [2020-08-17T16:26:34Z INFO  dt_client_bytes] Publish 27
2020-08-17T16:26:34.119595335Z  [2020-08-17T16:26:34Z INFO  dt_client_bytes] PubAck { pkid: 1 }
2020-08-17T16:26:34.119640899Z  [2020-08-17T16:26:34Z INFO  dt_client_bytes] 27::38162cb0-e585-43d7-b55d-5c240b2bfb7c/3142192f-6bae-4f12-a6f3-5464dc37e790/d0a71d84-b80f-4558-beac-8887750652e3 "27 9SSQkilnniEeq4XqPkg4i9WJlPiCk0WLvn2I2OccnDGUDld2FX34ffY61L06q"
2020-08-17T16:26:34.119652890Z  [2020-08-17T16:26:34Z INFO  dt_client_bytes] Publish 28
2020-08-17T16:26:34.127556827Z  [2020-08-17T16:26:34Z INFO  dt_client_bytes] 28::38162cb0-e585-43d7-b55d-5c240b2bfb7c/3142192f-6bae-4f12-a6f3-5464dc37e790/d0a71d84-b80f-4558-beac-8887750652e3 "28 1SPwl41PrvxamrCzGPvT7K3A1buafc3p5a3uQ9gKpRXVueCfpix1kGAttg9N2"
2020-08-17T16:26:34.127591968Z  [2020-08-17T16:26:34Z INFO  dt_client_bytes] Publish 29
2020-08-17T16:26:34.138638949Z  [2020-08-17T16:26:34Z INFO  dt_client_bytes] 29::38162cb0-e585-43d7-b55d-5c240b2bfb7c/3142192f-6bae-4f12-a6f3-5464dc37e790/d0a71d84-b80f-4558-beac-8887750652e3 "29 FpoDtupFf17WPdp0qQZUf5HSsRLbCTac9N2xDtiKy8F5hl8u2m3c9akKhYEPw"
2020-08-17T16:26:34.138682789Z  [2020-08-17T16:26:34Z INFO  dt_client_bytes] Publish 30
2020-08-17T16:26:34.148228903Z  [2020-08-17T16:26:34Z INFO  dt_client_bytes] 30::38162cb0-e585-43d7-b55d-5c240b2bfb7c/3142192f-6bae-4f12-a6f3-5464dc37e790/d0a71d84-b80f-4558-beac-8887750652e3 "30 P5g7CGeEzYkOWhPq9mfzIjHacHpMXM0zKGA81yJxwgIVpVdeeGXVkeDF8HHlG"
2020-08-17T16:26:34.148284123Z  [2020-08-17T16:26:34Z INFO  dt_client_bytes] Publish 31
2020-08-17T16:26:34.163542163Z  [2020-08-17T16:26:34Z INFO  dt_client_bytes] 31::38162cb0-e585-43d7-b55d-5c240b2bfb7c/3142192f-6bae-4f12-a6f3-5464dc37e790/d0a71d84-b80f-4558-beac-8887750652e3 "31 HxXfmvDANxqTejkdQIPUTyyQApIYK38aA0l3yWWCOky7u2WMzTC3dgdQQf9rg"
2020-08-17T16:26:34.163573400Z  [2020-08-17T16:26:34Z INFO  dt_client_bytes] Publish 32
2020-08-17T16:26:34.173896500Z  [2020-08-17T16:26:34Z INFO  dt_client_bytes] 32::38162cb0-e585-43d7-b55d-5c240b2bfb7c/3142192f-6bae-4f12-a6f3-5464dc37e790/d0a71d84-b80f-4558-beac-8887750652e3 "32 6msaOiCSkFghQVQ6EueZq5EaIc0LBk2r8Z1xhFLLzbQC83mzCfVwb6xbH6Uww"
2020-08-17T16:26:34.173932496Z  [2020-08-17T16:26:34Z INFO  dt_client_bytes] Publish 33
2020-08-17T16:26:34.182080168Z  [2020-08-17T16:26:34Z INFO  dt_client_bytes] 33::38162cb0-e585-43d7-b55d-5c240b2bfb7c/3142192f-6bae-4f12-a6f3-5464dc37e790/d0a71d84-b80f-4558-beac-8887750652e3 "33 3ovYpYRzo252BakWl2djXvAk77BynDyP7thNiBCxCIk9BYLcxQli7T9Y4TWUz"
2020-08-17T16:26:34.182118282Z  [2020-08-17T16:26:34Z INFO  dt_client_bytes] Publish 34
2020-08-17T16:26:34.199544530Z  [2020-08-17T16:26:34Z INFO  dt_client_bytes] 34::38162cb0-e585-43d7-b55d-5c240b2bfb7c/3142192f-6bae-4f12-a6f3-5464dc37e790/d0a71d84-b80f-4558-beac-8887750652e3 "34 uAwFxYvr7V80jAwnvFgs3ePUVm8y61wCM9plq2S746djrtGlJaJSqWcSsVGX2"
2020-08-17T16:26:34.199582280Z  [2020-08-17T16:26:34Z INFO  dt_client_bytes] Publish 35
2020-08-17T16:26:34.208528920Z  [2020-08-17T16:26:34Z INFO  dt_client_bytes] 35::38162cb0-e585-43d7-b55d-5c240b2bfb7c/3142192f-6bae-4f12-a6f3-5464dc37e790/d0a71d84-b80f-4558-beac-8887750652e3 "35 A4aYYDZncZWHKGXCk2gAZjEht0GaT5naKmKCei4iSLvseiJ433MIlJrbNe9sy"
2020-08-17T16:26:34.208551641Z  [2020-08-17T16:26:34Z INFO  dt_client_bytes] Publish 36
2020-08-17T16:26:34.224263537Z  [2020-08-17T16:26:34Z INFO  dt_client_bytes] 36::38162cb0-e585-43d7-b55d-5c240b2bfb7c/3142192f-6bae-4f12-a6f3-5464dc37e790/d0a71d84-b80f-4558-beac-8887750652e3 "36 nxOUAkYt6aZg1VRir9ADDOTjmJLTWjY5BX2W2pWh47snFDpBvauNGvwZmizMh"
2020-08-17T16:26:34.224291889Z  [2020-08-17T16:26:34Z INFO  dt_client_bytes] Publish 37
2020-08-17T16:26:34.224302863Z  [2020-08-17T16:26:34Z INFO  dt_client_bytes] PubAck { pkid: 2 }
2020-08-17T16:26:34.226947362Z  [2020-08-17T16:26:34Z INFO  dt_client_bytes] PubAck { pkid: 3 }
2020-08-17T16:26:34.227010978Z  [2020-08-17T16:26:34Z INFO  dt_client_bytes] PubAck { pkid: 4 }
2020-08-17T16:26:34.227024549Z  [2020-08-17T16:26:34Z INFO  dt_client_bytes] PubAck { pkid: 5 }
2020-08-17T16:26:34.227034584Z  [2020-08-17T16:26:34Z INFO  dt_client_bytes] 37::38162cb0-e585-43d7-b55d-5c240b2bfb7c/3142192f-6bae-4f12-a6f3-5464dc37e790/d0a71d84-b80f-4558-beac-8887750652e3 "37 tlwvR3bB9sr2fwz4KkJ3mGJdJTAIWAAqKf1kNXUQyQPly1bD5BWOiM4hD5Ouz"
2020-08-17T16:26:34.231425715Z  [2020-08-17T16:26:34Z INFO  dt_client_bytes] Publish 38
2020-08-17T16:26:34.232567758Z  [2020-08-17T16:26:34Z INFO  dt_client_bytes] PubAck { pkid: 6 }
2020-08-17T16:26:34.232583365Z  [2020-08-17T16:26:34Z INFO  dt_client_bytes] PubAck { pkid: 7 }
2020-08-17T16:26:34.235988534Z  [2020-08-17T16:26:34Z INFO  dt_client_bytes] PubAck { pkid: 8 }
2020-08-17T16:26:34.236009175Z  [2020-08-17T16:26:34Z INFO  dt_client_bytes] PubAck { pkid: 9 }
2020-08-17T16:26:34.236019995Z  [2020-08-17T16:26:34Z INFO  dt_client_bytes] PubAck { pkid: 10 }
2020-08-17T16:26:34.236030063Z  [2020-08-17T16:26:34Z INFO  dt_client_bytes] PubAck { pkid: 11 }
2020-08-17T16:26:34.239544645Z  [2020-08-17T16:26:34Z INFO  dt_client_bytes] PubAck { pkid: 12 }
2020-08-17T16:26:34.239566097Z  [2020-08-17T16:26:34Z INFO  dt_client_bytes] PubAck { pkid: 13 }
2020-08-17T16:26:34.239576907Z  [2020-08-17T16:26:34Z INFO  dt_client_bytes] PubAck { pkid: 14 }
2020-08-17T16:26:34.239586811Z  [2020-08-17T16:26:34Z INFO  dt_client_bytes] 38::38162cb0-e585-43d7-b55d-5c240b2bfb7c/3142192f-6bae-4f12-a6f3-5464dc37e790/d0a71d84-b80f-4558-beac-8887750652e3 "38 J7xe4M1dl1ncDUdBpqa6VIqzTt6VkpOYWSQ4uPjOms4UYXzo8OMrhxH1FpIf1"
2020-08-17T16:26:34.243006496Z  [2020-08-17T16:26:34Z INFO  dt_client_bytes] PubAck { pkid: 15 }
2020-08-17T16:26:34.243026509Z  [2020-08-17T16:26:34Z INFO  dt_client_bytes] PubAck { pkid: 16 }
2020-08-17T16:26:34.243037527Z  [2020-08-17T16:26:34Z INFO  dt_client_bytes] PubAck { pkid: 17 }
2020-08-17T16:26:34.243047649Z  [2020-08-17T16:26:34Z INFO  dt_client_bytes] PubAck { pkid: 18 }
2020-08-17T16:26:34.247605310Z  [2020-08-17T16:26:34Z INFO  dt_client_bytes] PubAck { pkid: 19 }
2020-08-17T16:26:34.247627009Z  [2020-08-17T16:26:34Z INFO  dt_client_bytes] PubAck { pkid: 20 }
2020-08-17T16:26:34.247638278Z  [2020-08-17T16:26:34Z INFO  dt_client_bytes] Publish 39
2020-08-17T16:26:34.251060683Z  [2020-08-17T16:26:34Z INFO  dt_client_bytes] PubAck { pkid: 21 }
2020-08-17T16:26:34.251080994Z  [2020-08-17T16:26:34Z INFO  dt_client_bytes] PubAck { pkid: 22 }
2020-08-17T16:26:34.251107215Z  [2020-08-17T16:26:34Z INFO  dt_client_bytes] PubAck { pkid: 23 }
2020-08-17T16:26:34.251117608Z  [2020-08-17T16:26:34Z INFO  dt_client_bytes] 39::38162cb0-e585-43d7-b55d-5c240b2bfb7c/3142192f-6bae-4f12-a6f3-5464dc37e790/d0a71d84-b80f-4558-beac-8887750652e3 "39 8FLc9VEAzDQNPX3Nb4VjMpTDSSrOEi95Mj1Sd39UAdP0qbn80nHK1nmnMLz5V"
2020-08-17T16:26:34.251128258Z  [2020-08-17T16:26:34Z INFO  dt_client_bytes] PubAck { pkid: 24 }
2020-08-17T16:26:34.252173304Z  [2020-08-17T16:26:34Z INFO  dt_client_bytes] Publish 40
2020-08-17T16:26:34.263534058Z  [2020-08-17T16:26:34Z INFO  dt_client_bytes] 40::38162cb0-e585-43d7-b55d-5c240b2bfb7c/3142192f-6bae-4f12-a6f3-5464dc37e790/d0a71d84-b80f-4558-beac-8887750652e3 "40 W6kji6a3wy7iUYe8Q7Sb5evpMvdbaDrWwc8vSTQ9u1cNRrX239ti27oQ5tjea"
2020-08-17T16:26:34.263559454Z  [2020-08-17T16:26:34Z INFO  dt_client_bytes] Publish 41
2020-08-17T16:26:34.279498102Z  [2020-08-17T16:26:34Z INFO  dt_client_bytes] 41::38162cb0-e585-43d7-b55d-5c240b2bfb7c/3142192f-6bae-4f12-a6f3-5464dc37e790/d0a71d84-b80f-4558-beac-8887750652e3 "41 YdWPh3amzS1pODzc0IbRPOYVTxwjtsA2vPnh5kf7b0DV8XTspEEDNSM50AtD6"
2020-08-17T16:26:34.279523716Z  [2020-08-17T16:26:34Z INFO  dt_client_bytes] Publish 42
2020-08-17T16:26:34.291498742Z  [2020-08-17T16:26:34Z INFO  dt_client_bytes] 42::38162cb0-e585-43d7-b55d-5c240b2bfb7c/3142192f-6bae-4f12-a6f3-5464dc37e790/d0a71d84-b80f-4558-beac-8887750652e3 "42 5jf9AhajZZ5zQWtOC2u9R4k2EkwysQcFK3pIdHNvDhgFF1W40ImwZDSw4q6zt"
2020-08-17T16:26:34.291522722Z  [2020-08-17T16:26:34Z INFO  dt_client_bytes] Publish 43
2020-08-17T16:26:34.314400717Z  [2020-08-17T16:26:34Z INFO  dt_client_bytes] 43::38162cb0-e585-43d7-b55d-5c240b2bfb7c/3142192f-6bae-4f12-a6f3-5464dc37e790/d0a71d84-b80f-4558-beac-8887750652e3 "43 DGSFP9LYqiOCrUfqFk2LkFiubfmOH5GBiWLN0xDKPVVuaww9yH7OukJ3CkHYH"
2020-08-17T16:26:34.314427005Z  [2020-08-17T16:26:34Z INFO  dt_client_bytes] Publish 44
2020-08-17T16:26:34.314451838Z  [2020-08-17T16:26:34Z INFO  dt_client_bytes] 44::38162cb0-e585-43d7-b55d-5c240b2bfb7c/3142192f-6bae-4f12-a6f3-5464dc37e790/d0a71d84-b80f-4558-beac-8887750652e3 "44 aFz7q3jQNz4L1tdGmv5gccK3KqJGpfezfZ4DLrPy75zoR31P5MKxBREOuVlMk"
2020-08-17T16:26:34.314463881Z  [2020-08-17T16:26:34Z INFO  dt_client_bytes] Publish 45
2020-08-17T16:26:34.320370098Z  [2020-08-17T16:26:34Z INFO  dt_client_bytes] 45::38162cb0-e585-43d7-b55d-5c240b2bfb7c/3142192f-6bae-4f12-a6f3-5464dc37e790/d0a71d84-b80f-4558-beac-8887750652e3 "45 o52Y9zs8eTqhiRqOLmXGg29NnbuLWaTnkjvDtyy69UToJ5MaE9sEFtqhyXFCz"
2020-08-17T16:26:34.320393479Z  [2020-08-17T16:26:34Z INFO  dt_client_bytes] Publish 46
2020-08-17T16:26:34.322872367Z  [2020-08-17T16:26:34Z INFO  dt_client_bytes] PubAck { pkid: 25 }
2020-08-17T16:26:34.324813878Z  [2020-08-17T16:26:34Z INFO  dt_client_bytes] PubAck { pkid: 26 }
2020-08-17T16:26:34.324835067Z  [2020-08-17T16:26:34Z INFO  dt_client_bytes] PubAck { pkid: 27 }
2020-08-17T16:26:34.326810780Z  [2020-08-17T16:26:34Z INFO  dt_client_bytes] PubAck { pkid: 28 }
2020-08-17T16:26:34.326830426Z  [2020-08-17T16:26:34Z INFO  dt_client_bytes] PubAck { pkid: 29 }
2020-08-17T16:26:34.328784510Z  [2020-08-17T16:26:34Z INFO  dt_client_bytes] PubAck { pkid: 30 }
2020-08-17T16:26:34.328805040Z  [2020-08-17T16:26:34Z INFO  dt_client_bytes] PubAck { pkid: 31 }
2020-08-17T16:26:34.330512427Z  [2020-08-17T16:26:34Z INFO  dt_client_bytes] PubAck { pkid: 32 }
2020-08-17T16:26:34.330532557Z  [2020-08-17T16:26:34Z INFO  dt_client_bytes] 46::38162cb0-e585-43d7-b55d-5c240b2bfb7c/3142192f-6bae-4f12-a6f3-5464dc37e790/d0a71d84-b80f-4558-beac-8887750652e3 "46 CciRn9pB6eb3ejaOdbKazz7TPKcSZwKgzoR9KjmnVJaRdtXUZzsRs20HhLlCT"
2020-08-17T16:26:34.330544118Z  [2020-08-17T16:26:34Z INFO  dt_client_bytes] Publish 47
2020-08-17T16:26:34.331040215Z  [2020-08-17T16:26:34Z INFO  dt_client_bytes] PubAck { pkid: 33 }
2020-08-17T16:26:34.333174951Z  [2020-08-17T16:26:34Z INFO  dt_client_bytes] PubAck { pkid: 34 }
2020-08-17T16:26:34.345563789Z  [2020-08-17T16:26:34Z INFO  dt_client_bytes] 47::38162cb0-e585-43d7-b55d-5c240b2bfb7c/3142192f-6bae-4f12-a6f3-5464dc37e790/d0a71d84-b80f-4558-beac-8887750652e3 "47 phUbA6w9zteiA2XFOhgp0h1176pBivn3EEoqErTHYw6MM0nHqnlsNdzglFOE3"
2020-08-17T16:26:34.345587626Z  [2020-08-17T16:26:34Z INFO  dt_client_bytes] Publish 48
2020-08-17T16:26:34.363500732Z  [2020-08-17T16:26:34Z INFO  dt_client_bytes] 48::38162cb0-e585-43d7-b55d-5c240b2bfb7c/3142192f-6bae-4f12-a6f3-5464dc37e790/d0a71d84-b80f-4558-beac-8887750652e3 "48 n3WdyCkbQ0CfclyksTW6a581VoxfIiEaitCWZJrUrBcNSGaC5rrCuwJHGYGju"
2020-08-17T16:26:34.363532609Z  [2020-08-17T16:26:34Z INFO  dt_client_bytes] Publish 49
2020-08-17T16:26:34.371500244Z  [2020-08-17T16:26:34Z INFO  dt_client_bytes] 49::38162cb0-e585-43d7-b55d-5c240b2bfb7c/3142192f-6bae-4f12-a6f3-5464dc37e790/d0a71d84-b80f-4558-beac-8887750652e3 "49 eoDcceYKJFpMVb0IDPvQta6W7V9bMk6xOa1JGFcJX9e8b6FDmXZLhESN7NvIE"
2020-08-17T16:26:34.371522447Z  [2020-08-17T16:26:34Z INFO  dt_client_bytes] Publish 50
2020-08-17T16:26:34.376135891Z  [2020-08-17T16:26:34Z INFO  dt_client_bytes] 50::38162cb0-e585-43d7-b55d-5c240b2bfb7c/3142192f-6bae-4f12-a6f3-5464dc37e790/d0a71d84-b80f-4558-beac-8887750652e3 "50 T7I2E5QdH46d6su8zW0xvqKnukzhEQphCTFCFBOfqFKKzCO5odB5VPYClg0d3"
2020-08-17T16:26:34.376158363Z  [2020-08-17T16:26:34Z INFO  dt_client_bytes] Publish 51
2020-08-17T16:26:34.391431790Z  [2020-08-17T16:26:34Z INFO  dt_client_bytes] 51::38162cb0-e585-43d7-b55d-5c240b2bfb7c/3142192f-6bae-4f12-a6f3-5464dc37e790/d0a71d84-b80f-4558-beac-8887750652e3 "51 UvNqFwUVUxcd0uDgZguQuEiiqKidrC8l8RlnvdKYMWl0bsIgOP5ej0djdDSLC"
2020-08-17T16:26:34.391518483Z  [2020-08-17T16:26:34Z INFO  dt_client_bytes] Publish 52
2020-08-17T16:26:34.399847167Z  [2020-08-17T16:26:34Z INFO  dt_client_bytes] 52::38162cb0-e585-43d7-b55d-5c240b2bfb7c/3142192f-6bae-4f12-a6f3-5464dc37e790/d0a71d84-b80f-4558-beac-8887750652e3 "52 bJPL594INraiMB5TVCzL6telv0hejwrwYby5MozGXOkTLJHcWXIgS2jcyBNzT"
2020-08-17T16:26:34.399870248Z  [2020-08-17T16:26:34Z INFO  dt_client_bytes] Publish 53
2020-08-17T16:26:34.412582763Z  [2020-08-17T16:26:34Z INFO  dt_client_bytes] 53::38162cb0-e585-43d7-b55d-5c240b2bfb7c/3142192f-6bae-4f12-a6f3-5464dc37e790/d0a71d84-b80f-4558-beac-8887750652e3 "53 7aaLTXC0VKRq8O38uurU1MnnHLl40aFoLyULtI4pqY59L4LlBgnBzrq2zHSJ3"
2020-08-17T16:26:34.412610456Z  [2020-08-17T16:26:34Z INFO  dt_client_bytes] Publish 54
2020-08-17T16:26:34.423056560Z  [2020-08-17T16:26:34Z INFO  dt_client_bytes] PubAck { pkid: 35 }
2020-08-17T16:26:34.423109452Z  [2020-08-17T16:26:34Z INFO  dt_client_bytes] 54::38162cb0-e585-43d7-b55d-5c240b2bfb7c/3142192f-6bae-4f12-a6f3-5464dc37e790/d0a71d84-b80f-4558-beac-8887750652e3 "54 cTjS6HhYUjV9FUZDBwe3j1uouN55EJ00b3pZYe2kKJlebOIPb0K3Q6kehko7f"
2020-08-17T16:26:34.423246155Z  [2020-08-17T16:26:34Z INFO  dt_client_bytes] PubAck { pkid: 36 }
2020-08-17T16:26:34.425311375Z  [2020-08-17T16:26:34Z INFO  dt_client_bytes] Publish 55
2020-08-17T16:26:34.425332463Z  [2020-08-17T16:26:34Z INFO  dt_client_bytes] PubAck { pkid: 37 }
2020-08-17T16:26:34.445276557Z  [2020-08-17T16:26:34Z INFO  dt_client_bytes] 55::38162cb0-e585-43d7-b55d-5c240b2bfb7c/3142192f-6bae-4f12-a6f3-5464dc37e790/d0a71d84-b80f-4558-beac-8887750652e3 "55 oajoRacputaytTPTUHUvS4JqssTUcNqZWY3yDtrH0RmDSrKnZKXdLuohNrMms"
2020-08-17T16:26:34.445317085Z  [2020-08-17T16:26:34Z INFO  dt_client_bytes] Publish 56
2020-08-17T16:26:34.445329406Z  [2020-08-17T16:26:34Z INFO  dt_client_bytes] 56::38162cb0-e585-43d7-b55d-5c240b2bfb7c/3142192f-6bae-4f12-a6f3-5464dc37e790/d0a71d84-b80f-4558-beac-8887750652e3 "56 0XSVKYWk9NXUkW7qZdy8U1L37MVIhXmAPvUvQesW2X4e9SyKtACgw53UEY1TR"
2020-08-17T16:26:34.445340130Z  [2020-08-17T16:26:34Z INFO  dt_client_bytes] Publish 57
2020-08-17T16:26:34.455537465Z  [2020-08-17T16:26:34Z INFO  dt_client_bytes] 57::38162cb0-e585-43d7-b55d-5c240b2bfb7c/3142192f-6bae-4f12-a6f3-5464dc37e790/d0a71d84-b80f-4558-beac-8887750652e3 "57 hwDghr99OBvGun3FNWxgYAlq16AkEmTzduSCIyH2KGZOOXVqsgZzNjWKnR38n"
2020-08-17T16:26:34.455592673Z  [2020-08-17T16:26:34Z INFO  dt_client_bytes] Publish 58
2020-08-17T16:26:34.467039012Z  [2020-08-17T16:26:34Z INFO  dt_client_bytes] 58::38162cb0-e585-43d7-b55d-5c240b2bfb7c/3142192f-6bae-4f12-a6f3-5464dc37e790/d0a71d84-b80f-4558-beac-8887750652e3 "58 ZwmiqfEIvcNLcoE2NzuwNwpb7v0CEfmISVMJfqcyYHK3HXIYgag7IR3nUAXrt"
2020-08-17T16:26:34.467115448Z  [2020-08-17T16:26:34Z INFO  dt_client_bytes] Publish 59
2020-08-17T16:26:34.478477269Z  [2020-08-17T16:26:34Z INFO  dt_client_bytes] 59::38162cb0-e585-43d7-b55d-5c240b2bfb7c/3142192f-6bae-4f12-a6f3-5464dc37e790/d0a71d84-b80f-4558-beac-8887750652e3 "59 RQ5JlFmj4UnI0lXhixnfZAOWiiUNUkpEtegoQUj42iemXVVCNy3F5WlvFa3Ga"
2020-08-17T16:26:34.478538416Z  [2020-08-17T16:26:34Z INFO  dt_client_bytes] Publish 60
2020-08-17T16:26:34.489961215Z  [2020-08-17T16:26:34Z INFO  dt_client_bytes] 60::38162cb0-e585-43d7-b55d-5c240b2bfb7c/3142192f-6bae-4f12-a6f3-5464dc37e790/d0a71d84-b80f-4558-beac-8887750652e3 "60 1pkryjedlFyDGJEdaYxC8DL0gYX186pvV2HYpjiPKE8hdIUK1CICn22gZoh22"
2020-08-17T16:26:34.490035471Z  [2020-08-17T16:26:34Z INFO  dt_client_bytes] Publish 61
2020-08-17T16:26:34.501350993Z  [2020-08-17T16:26:34Z INFO  dt_client_bytes] 61::38162cb0-e585-43d7-b55d-5c240b2bfb7c/3142192f-6bae-4f12-a6f3-5464dc37e790/d0a71d84-b80f-4558-beac-8887750652e3 "61 diR3xW4OT8W5803DycycDWmrI9p2pnM4I3Eh7tooETT4OeIp1veJF1Zn4KAzM"
2020-08-17T16:26:34.501411138Z  [2020-08-17T16:26:34Z INFO  dt_client_bytes] Publish 62
2020-08-17T16:26:34.512867556Z  [2020-08-17T16:26:34Z INFO  dt_client_bytes] 62::38162cb0-e585-43d7-b55d-5c240b2bfb7c/3142192f-6bae-4f12-a6f3-5464dc37e790/d0a71d84-b80f-4558-beac-8887750652e3 "62 cSne4DbQs21FA5yUaSJPmIevy1WzVF0oBCgbKrEEet602YJCXcEGU9evV3xAi"
2020-08-17T16:26:34.512928766Z  [2020-08-17T16:26:34Z INFO  dt_client_bytes] Publish 63
2020-08-17T16:26:34.523310775Z  [2020-08-17T16:26:34Z INFO  dt_client_bytes] 63::38162cb0-e585-43d7-b55d-5c240b2bfb7c/3142192f-6bae-4f12-a6f3-5464dc37e790/d0a71d84-b80f-4558-beac-8887750652e3 "63 cVMlDuKIYMyqfo9aCpD7Tte6r7LezqV8Arfxr3OS6Ovm1SOmAN8ePIJ1DpifQ"
2020-08-17T16:26:34.523377187Z  [2020-08-17T16:26:34Z INFO  dt_client_bytes] Publish 64
2020-08-17T16:26:34.535097067Z  [2020-08-17T16:26:34Z INFO  dt_client_bytes] 64::38162cb0-e585-43d7-b55d-5c240b2bfb7c/3142192f-6bae-4f12-a6f3-5464dc37e790/d0a71d84-b80f-4558-beac-8887750652e3 "64 3InaMbgrNXW0ZU5JtPppJE79Y1h7og2WHheP5TiMWIZs3jo2n93eoqC0lPeJd"
2020-08-17T16:26:34.535183702Z  [2020-08-17T16:26:34Z INFO  dt_client_bytes] Publish 65
2020-08-17T16:26:34.536217097Z  [2020-08-17T16:26:34Z INFO  dt_client_bytes] PubAck { pkid: 38 }
2020-08-17T16:26:34.537366836Z  [2020-08-17T16:26:34Z INFO  dt_client_bytes] PubAck { pkid: 39 }
2020-08-17T16:26:34.538509687Z  [2020-08-17T16:26:34Z INFO  dt_client_bytes] PubAck { pkid: 40 }
2020-08-17T16:26:34.539647888Z  [2020-08-17T16:26:34Z INFO  dt_client_bytes] PubAck { pkid: 41 }
2020-08-17T16:26:34.540783444Z  [2020-08-17T16:26:34Z INFO  dt_client_bytes] PubAck { pkid: 42 }
2020-08-17T16:26:34.541926207Z  [2020-08-17T16:26:34Z INFO  dt_client_bytes] PubAck { pkid: 43 }
2020-08-17T16:26:34.543059081Z  [2020-08-17T16:26:34Z INFO  dt_client_bytes] PubAck { pkid: 44 }
2020-08-17T16:26:34.544216627Z  [2020-08-17T16:26:34Z INFO  dt_client_bytes] PubAck { pkid: 45 }
2020-08-17T16:26:34.545417797Z  [2020-08-17T16:26:34Z INFO  dt_client_bytes] PubAck { pkid: 46 }
2020-08-17T16:26:34.545483801Z  [2020-08-17T16:26:34Z INFO  dt_client_bytes] 65::38162cb0-e585-43d7-b55d-5c240b2bfb7c/3142192f-6bae-4f12-a6f3-5464dc37e790/d0a71d84-b80f-4558-beac-8887750652e3 "65 FOVymZSinWLkc7QHiQklNfNc8Vb602JaQCEcbvfAjG3xpZe2dcYYVdr9kpIK8"
2020-08-17T16:26:34.546527836Z  [2020-08-17T16:26:34Z INFO  dt_client_bytes] PubAck { pkid: 47 }
2020-08-17T16:26:34.547677364Z  [2020-08-17T16:26:34Z INFO  dt_client_bytes] PubAck { pkid: 48 }
2020-08-17T16:26:34.548837267Z  [2020-08-17T16:26:34Z INFO  dt_client_bytes] PubAck { pkid: 49 }
2020-08-17T16:26:34.549996784Z  [2020-08-17T16:26:34Z INFO  dt_client_bytes] PubAck { pkid: 50 }
2020-08-17T16:26:34.551148562Z  [2020-08-17T16:26:34Z INFO  dt_client_bytes] PubAck { pkid: 51 }
2020-08-17T16:26:34.552271548Z  [2020-08-17T16:26:34Z INFO  dt_client_bytes] PubAck { pkid: 52 }
2020-08-17T16:26:34.553395395Z  [2020-08-17T16:26:34Z INFO  dt_client_bytes] PubAck { pkid: 53 }
2020-08-17T16:26:34.554553602Z  [2020-08-17T16:26:34Z INFO  dt_client_bytes] Publish 66
2020-08-17T16:26:34.557428003Z  [2020-08-17T16:26:34Z INFO  dt_client_bytes] 66::38162cb0-e585-43d7-b55d-5c240b2bfb7c/3142192f-6bae-4f12-a6f3-5464dc37e790/d0a71d84-b80f-4558-beac-8887750652e3 "66 i6xw0e1ZcFSqbpG8HKbjrfqiPQTG928fzg6FuFjFg89LjyrSuRY47qFyUwipS"
2020-08-17T16:26:34.557449167Z  [2020-08-17T16:26:34Z INFO  dt_client_bytes] Publish 67
2020-08-17T16:26:34.569384639Z  [2020-08-17T16:26:34Z INFO  dt_client_bytes] 67::38162cb0-e585-43d7-b55d-5c240b2bfb7c/3142192f-6bae-4f12-a6f3-5464dc37e790/d0a71d84-b80f-4558-beac-8887750652e3 "67 hblVkAjKrceN3UKbBxAOynp2UW9xMiDF6pdJ58Eu4670pu9FS2Htwu1hAO6OO"
2020-08-17T16:26:34.569445839Z  [2020-08-17T16:26:34Z INFO  dt_client_bytes] Publish 68
2020-08-17T16:26:34.586019677Z  [2020-08-17T16:26:34Z INFO  dt_client_bytes] 68::38162cb0-e585-43d7-b55d-5c240b2bfb7c/3142192f-6bae-4f12-a6f3-5464dc37e790/d0a71d84-b80f-4558-beac-8887750652e3 "68 w4A0cfE8r33x60CjHp0QlxJifHcY5kIRm46RRFhSoo4Ribm9YGVWK5ax2UXzJ"
2020-08-17T16:26:34.586078962Z  [2020-08-17T16:26:34Z INFO  dt_client_bytes] Publish 69
2020-08-17T16:26:34.594223536Z  [2020-08-17T16:26:34Z INFO  dt_client_bytes] 69::38162cb0-e585-43d7-b55d-5c240b2bfb7c/3142192f-6bae-4f12-a6f3-5464dc37e790/d0a71d84-b80f-4558-beac-8887750652e3 "69 gEmkS1M8ZHv8rohfbfMIp05lNAcSAmyrmyOG23lMTVqDBBGFUhooeynmHDBRj"
2020-08-17T16:26:34.594259778Z  [2020-08-17T16:26:34Z INFO  dt_client_bytes] Publish 70
2020-08-17T16:26:34.604988127Z  [2020-08-17T16:26:34Z INFO  dt_client_bytes] 70::38162cb0-e585-43d7-b55d-5c240b2bfb7c/3142192f-6bae-4f12-a6f3-5464dc37e790/d0a71d84-b80f-4558-beac-8887750652e3 "70 NWtxzBi683u7KXC22H4ICKhgHvnfLR2Kwl2R4RHm3jOVs7PrtdlAirJVOp0Wu"
2020-08-17T16:26:34.605027620Z  [2020-08-17T16:26:34Z INFO  dt_client_bytes] Publish 71
2020-08-17T16:26:34.616267714Z  [2020-08-17T16:26:34Z INFO  dt_client_bytes] 71::38162cb0-e585-43d7-b55d-5c240b2bfb7c/3142192f-6bae-4f12-a6f3-5464dc37e790/d0a71d84-b80f-4558-beac-8887750652e3 "71 LhDokRCjVtUaJUkX0Sza1XNYkLSgRCQLOSnzc54lGaEQ30oln1DiNpqMre4P8"
2020-08-17T16:26:34.616326507Z  [2020-08-17T16:26:34Z INFO  dt_client_bytes] Publish 72
2020-08-17T16:26:34.623362077Z  [2020-08-17T16:26:34Z INFO  dt_client_bytes] PubAck { pkid: 54 }
2020-08-17T16:26:34.624510626Z  [2020-08-17T16:26:34Z INFO  dt_client_bytes] PubAck { pkid: 55 }
2020-08-17T16:26:34.625647048Z  [2020-08-17T16:26:34Z INFO  dt_client_bytes] PubAck { pkid: 56 }
2020-08-17T16:26:34.626974818Z  [2020-08-17T16:26:34Z INFO  dt_client_bytes] PubAck { pkid: 57 }
2020-08-17T16:26:34.626994859Z  [2020-08-17T16:26:34Z INFO  dt_client_bytes] 72::38162cb0-e585-43d7-b55d-5c240b2bfb7c/3142192f-6bae-4f12-a6f3-5464dc37e790/d0a71d84-b80f-4558-beac-8887750652e3 "72 VAbcrYIr3arRBOgGTrJKEz20aEl3OQFySKlPfqhy5S4ltnAaaDdSWMjKolaF8"
2020-08-17T16:26:34.627980282Z  [2020-08-17T16:26:34Z INFO  dt_client_bytes] PubAck { pkid: 58 }
2020-08-17T16:26:34.629077969Z  [2020-08-17T16:26:34Z INFO  dt_client_bytes] PubAck { pkid: 59 }
2020-08-17T16:26:34.630237705Z  [2020-08-17T16:26:34Z INFO  dt_client_bytes] PubAck { pkid: 60 }
2020-08-17T16:26:34.631705231Z  [2020-08-17T16:26:34Z INFO  dt_client_bytes] PubAck { pkid: 61 }
2020-08-17T16:26:34.632682080Z  [2020-08-17T16:26:34Z INFO  dt_client_bytes] PubAck { pkid: 62 }
2020-08-17T16:26:34.633687028Z  [2020-08-17T16:26:34Z INFO  dt_client_bytes] Publish 73
2020-08-17T16:26:34.638868563Z  [2020-08-17T16:26:34Z INFO  dt_client_bytes] 73::38162cb0-e585-43d7-b55d-5c240b2bfb7c/3142192f-6bae-4f12-a6f3-5464dc37e790/d0a71d84-b80f-4558-beac-8887750652e3 "73 Xt0Gk9iU056xIrJwZs64rGjDmBOGFW0uBabrIncnZ6YQpiwkPRHoJxi7QyIt4"
2020-08-17T16:26:34.638890722Z  [2020-08-17T16:26:34Z INFO  dt_client_bytes] Publish 74
2020-08-17T16:26:34.649857695Z  [2020-08-17T16:26:34Z INFO  dt_client_bytes] 74::38162cb0-e585-43d7-b55d-5c240b2bfb7c/3142192f-6bae-4f12-a6f3-5464dc37e790/d0a71d84-b80f-4558-beac-8887750652e3 "74 LxQBoddPndXwSkPlLlxYnYgNBpOMNzivNjgM7VWuoOUFrv1kEJe1RlUtni3vC"
2020-08-17T16:26:34.649881863Z  [2020-08-17T16:26:34Z INFO  dt_client_bytes] Publish 75
2020-08-17T16:26:34.662867329Z  [2020-08-17T16:26:34Z INFO  dt_client_bytes] 75::38162cb0-e585-43d7-b55d-5c240b2bfb7c/3142192f-6bae-4f12-a6f3-5464dc37e790/d0a71d84-b80f-4558-beac-8887750652e3 "75 gffV5O5igyU8zZI65jhYt1Sk8kPqv2ChKLnRKV7q3O1qQ8ca5Q9xcTeCLMrdE"
2020-08-17T16:26:34.662892120Z  [2020-08-17T16:26:34Z INFO  dt_client_bytes] Publish 76
2020-08-17T16:26:34.674903695Z  [2020-08-17T16:26:34Z INFO  dt_client_bytes] 76::38162cb0-e585-43d7-b55d-5c240b2bfb7c/3142192f-6bae-4f12-a6f3-5464dc37e790/d0a71d84-b80f-4558-beac-8887750652e3 "76 DCigH5gFLspC80jSD2qdiWHCHCkrX45SbLPkFlZLeGN2Dq0GWLksVwxk8jgtn"
2020-08-17T16:26:34.674927386Z  [2020-08-17T16:26:34Z INFO  dt_client_bytes] Publish 77
2020-08-17T16:26:34.683037010Z  [2020-08-17T16:26:34Z INFO  dt_client_bytes] 77::38162cb0-e585-43d7-b55d-5c240b2bfb7c/3142192f-6bae-4f12-a6f3-5464dc37e790/d0a71d84-b80f-4558-beac-8887750652e3 "77 dpxmkRxgG1anLeaINCCBfHg5TyMqixPFzgCRVPzTskmVxhRxMbU2QDc5rB0O6"
2020-08-17T16:26:34.683059815Z  [2020-08-17T16:26:34Z INFO  dt_client_bytes] Publish 78
2020-08-17T16:26:34.694453647Z  [2020-08-17T16:26:34Z INFO  dt_client_bytes] 78::38162cb0-e585-43d7-b55d-5c240b2bfb7c/3142192f-6bae-4f12-a6f3-5464dc37e790/d0a71d84-b80f-4558-beac-8887750652e3 "78 XqiuJ1O8QmkyCVwfa2t9eAimqL2l1IuQZtkQkpSHOAi3WcXFWAz3ld4ZUqVI0"
2020-08-17T16:26:34.694474205Z  [2020-08-17T16:26:34Z INFO  dt_client_bytes] Publish 79
2020-08-17T16:26:34.711680805Z  [2020-08-17T16:26:34Z INFO  dt_client_bytes] 79::38162cb0-e585-43d7-b55d-5c240b2bfb7c/3142192f-6bae-4f12-a6f3-5464dc37e790/d0a71d84-b80f-4558-beac-8887750652e3 "79 zCltHxPxwvWAUAekYDZO3BUkapQdPT0TNiuVHStEfz3Dr8vpbPoUBLpzmRfPN"
2020-08-17T16:26:34.711710263Z  [2020-08-17T16:26:34Z INFO  dt_client_bytes] Publish 80
2020-08-17T16:26:34.719224347Z  [2020-08-17T16:26:34Z INFO  dt_client_bytes] 80::38162cb0-e585-43d7-b55d-5c240b2bfb7c/3142192f-6bae-4f12-a6f3-5464dc37e790/d0a71d84-b80f-4558-beac-8887750652e3 "80 LouoDlcDp19uek8eC6T8WRxablG4db8mHLPrixbfAvl2tKyLyFFexECsp1RKj"
2020-08-17T16:26:34.719276012Z  [2020-08-17T16:26:34Z INFO  dt_client_bytes] Publish 81
2020-08-17T16:26:34.729615254Z  [2020-08-17T16:26:34Z INFO  dt_client_bytes] PubAck { pkid: 63 }
2020-08-17T16:26:34.729637815Z  [2020-08-17T16:26:34Z INFO  dt_client_bytes] PubAck { pkid: 64 }
2020-08-17T16:26:34.729663442Z  [2020-08-17T16:26:34Z INFO  dt_client_bytes] 81::38162cb0-e585-43d7-b55d-5c240b2bfb7c/3142192f-6bae-4f12-a6f3-5464dc37e790/d0a71d84-b80f-4558-beac-8887750652e3 "81 CmmYbTywRx3ppUyl1VaN69LvIfMWLCJNkDW1Pl0SsNTdbPuZl4QaWMSxj8yyF"
2020-08-17T16:26:34.731050837Z  [2020-08-17T16:26:34Z INFO  dt_client_bytes] PubAck { pkid: 65 }
2020-08-17T16:26:34.731080056Z  [2020-08-17T16:26:34Z INFO  dt_client_bytes] Publish 82
2020-08-17T16:26:34.743610797Z  [2020-08-17T16:26:34Z INFO  dt_client_bytes] 82::38162cb0-e585-43d7-b55d-5c240b2bfb7c/3142192f-6bae-4f12-a6f3-5464dc37e790/d0a71d84-b80f-4558-beac-8887750652e3 "82 laoBs4QALWNeZP8ELfEJD2iOPtsgyINyKoR9u4xkKIXzy28HJ8pMIDXTINvxw"
2020-08-17T16:26:34.743633730Z  [2020-08-17T16:26:34Z INFO  dt_client_bytes] Publish 83
2020-08-17T16:26:34.755053788Z  [2020-08-17T16:26:34Z INFO  dt_client_bytes] 83::38162cb0-e585-43d7-b55d-5c240b2bfb7c/3142192f-6bae-4f12-a6f3-5464dc37e790/d0a71d84-b80f-4558-beac-8887750652e3 "83 XFunW2zAHULraWylx3dRZUz5rhpkLoqkXzUwC4wiwJpYZOccsEhjvIbTKRwKY"
2020-08-17T16:26:34.755076904Z  [2020-08-17T16:26:34Z INFO  dt_client_bytes] Publish 84
2020-08-17T16:26:34.782332798Z  [2020-08-17T16:26:34Z INFO  dt_client_bytes] 84::38162cb0-e585-43d7-b55d-5c240b2bfb7c/3142192f-6bae-4f12-a6f3-5464dc37e790/d0a71d84-b80f-4558-beac-8887750652e3 "84 NLzD6AHEvnTvRbOK8YuW0mAmVECeEmLt1jRb5DRqVQnoG70GYN6hb4ojyRtpr"
2020-08-17T16:26:34.782380114Z  [2020-08-17T16:26:34Z INFO  dt_client_bytes] Publish 85
2020-08-17T16:26:34.782392124Z  [2020-08-17T16:26:34Z INFO  dt_client_bytes] 85::38162cb0-e585-43d7-b55d-5c240b2bfb7c/3142192f-6bae-4f12-a6f3-5464dc37e790/d0a71d84-b80f-4558-beac-8887750652e3 "85 Rvtx9ieJeIJ8UTq6f9PCYKKml3phtkWLlzy21aMpj06eQtAgWMDm7TQjIIaaJ"
2020-08-17T16:26:34.782402677Z  [2020-08-17T16:26:34Z INFO  dt_client_bytes] Publish 86
2020-08-17T16:26:34.793957979Z  [2020-08-17T16:26:34Z INFO  dt_client_bytes] 86::38162cb0-e585-43d7-b55d-5c240b2bfb7c/3142192f-6bae-4f12-a6f3-5464dc37e790/d0a71d84-b80f-4558-beac-8887750652e3 "86 atmNNmwRD2CqqGCt6Xr5fUqak8mc3T3MLVutBHhC3yCrEoHBBSwMYIlQej3ly"
2020-08-17T16:26:34.793992390Z  [2020-08-17T16:26:34Z INFO  dt_client_bytes] Publish 87
2020-08-17T16:26:34.801200264Z  [2020-08-17T16:26:34Z INFO  dt_client_bytes] 87::38162cb0-e585-43d7-b55d-5c240b2bfb7c/3142192f-6bae-4f12-a6f3-5464dc37e790/d0a71d84-b80f-4558-beac-8887750652e3 "87 sWhRyWiJvhzLqi4B8Fgc0Tvl50seR2UM3M0Ruj17hH8QHeGXd8jgnfNYGIX6I"
2020-08-17T16:26:34.801223447Z  [2020-08-17T16:26:34Z INFO  dt_client_bytes] Publish 88
2020-08-17T16:26:34.815563034Z  [2020-08-17T16:26:34Z INFO  dt_client_bytes] 88::38162cb0-e585-43d7-b55d-5c240b2bfb7c/3142192f-6bae-4f12-a6f3-5464dc37e790/d0a71d84-b80f-4558-beac-8887750652e3 "88 lrOdr5mbJVaOyFWtGmPtY3kfwJm8JZtTTYFaE9K1FeyokANZFQgm4t1vtECer"
2020-08-17T16:26:34.815607411Z  [2020-08-17T16:26:34Z INFO  dt_client_bytes] Publish 89
2020-08-17T16:26:34.826674013Z  [2020-08-17T16:26:34Z INFO  dt_client_bytes] PubAck { pkid: 66 }
2020-08-17T16:26:34.826693916Z  [2020-08-17T16:26:34Z INFO  dt_client_bytes] PubAck { pkid: 67 }
2020-08-17T16:26:34.826846580Z  [2020-08-17T16:26:34Z INFO  dt_client_bytes] 89::38162cb0-e585-43d7-b55d-5c240b2bfb7c/3142192f-6bae-4f12-a6f3-5464dc37e790/d0a71d84-b80f-4558-beac-8887750652e3 "89 zAv7AZ6JMbT81ENJcyySr8nzF9TJSE3Y6p9jtsbz83tGMC6CVgSuQj9dBBeBK"
2020-08-17T16:26:34.826864852Z  [2020-08-17T16:26:34Z INFO  dt_client_bytes] PubAck { pkid: 68 }
2020-08-17T16:26:34.827370742Z  [2020-08-17T16:26:34Z INFO  dt_client_bytes] PubAck { pkid: 69 }
2020-08-17T16:26:34.828072359Z  [2020-08-17T16:26:34Z INFO  dt_client_bytes] Publish 90
2020-08-17T16:26:34.829239163Z  [2020-08-17T16:26:34Z INFO  dt_client_bytes] PubAck { pkid: 70 }
2020-08-17T16:26:34.830405635Z  [2020-08-17T16:26:34Z INFO  dt_client_bytes] PubAck { pkid: 71 }
2020-08-17T16:26:34.835300932Z  [2020-08-17T16:26:34Z INFO  dt_client_bytes] PubAck { pkid: 72 }
2020-08-17T16:26:34.835319332Z  [2020-08-17T16:26:34Z INFO  dt_client_bytes] PubAck { pkid: 73 }
2020-08-17T16:26:34.835330323Z  [2020-08-17T16:26:34Z INFO  dt_client_bytes] PubAck { pkid: 74 }
2020-08-17T16:26:34.835340477Z  [2020-08-17T16:26:34Z INFO  dt_client_bytes] PubAck { pkid: 75 }
2020-08-17T16:26:34.835350434Z  [2020-08-17T16:26:34Z INFO  dt_client_bytes] PubAck { pkid: 76 }
2020-08-17T16:26:34.835377281Z  [2020-08-17T16:26:34Z INFO  dt_client_bytes] 90::38162cb0-e585-43d7-b55d-5c240b2bfb7c/3142192f-6bae-4f12-a6f3-5464dc37e790/d0a71d84-b80f-4558-beac-8887750652e3 "90 GV3hr6pg7cjVXxvB7vi9ULXMvnvcX8UZghsX0Uh31ZIwRtD15T5MPARp2zld3"
2020-08-17T16:26:34.836077628Z  [2020-08-17T16:26:34Z INFO  dt_client_bytes] PubAck { pkid: 77 }
2020-08-17T16:26:34.837212067Z  [2020-08-17T16:26:34Z INFO  dt_client_bytes] PubAck { pkid: 78 }
2020-08-17T16:26:34.838409626Z  [2020-08-17T16:26:34Z INFO  dt_client_bytes] Publish 91
2020-08-17T16:26:34.839599619Z  [2020-08-17T16:26:34Z INFO  dt_client_bytes] PubAck { pkid: 79 }
2020-08-17T16:26:34.846490389Z  [2020-08-17T16:26:34Z INFO  dt_client_bytes] 91::38162cb0-e585-43d7-b55d-5c240b2bfb7c/3142192f-6bae-4f12-a6f3-5464dc37e790/d0a71d84-b80f-4558-beac-8887750652e3 "91 gF036Z2rCNtj6UqCSMiW6R1Wp9nEyxPPnOB43hQ05qQQU2JAq5MqDFsaEPfS7"
2020-08-17T16:26:34.846549568Z  [2020-08-17T16:26:34Z INFO  dt_client_bytes] Publish 92
2020-08-17T16:26:34.858005667Z  [2020-08-17T16:26:34Z INFO  dt_client_bytes] 92::38162cb0-e585-43d7-b55d-5c240b2bfb7c/3142192f-6bae-4f12-a6f3-5464dc37e790/d0a71d84-b80f-4558-beac-8887750652e3 "92 GRLY3A8wXyLm6mhhT67q9Tm4vqLLUJmTxot4HCNWROL2hbBTJUeJfsvoTrgIW"
2020-08-17T16:26:34.858067422Z  [2020-08-17T16:26:34Z INFO  dt_client_bytes] Publish 93
2020-08-17T16:26:34.869502733Z  [2020-08-17T16:26:34Z INFO  dt_client_bytes] 93::38162cb0-e585-43d7-b55d-5c240b2bfb7c/3142192f-6bae-4f12-a6f3-5464dc37e790/d0a71d84-b80f-4558-beac-8887750652e3 "93 mzMx5byeqyuSiyxjO4bngktLqLsPBfC5WbDE6bcdeS3sjdIVqaHPZL8JfmjmA"
2020-08-17T16:26:34.869568871Z  [2020-08-17T16:26:34Z INFO  dt_client_bytes] Publish 94
2020-08-17T16:26:34.881030479Z  [2020-08-17T16:26:34Z INFO  dt_client_bytes] 94::38162cb0-e585-43d7-b55d-5c240b2bfb7c/3142192f-6bae-4f12-a6f3-5464dc37e790/d0a71d84-b80f-4558-beac-8887750652e3 "94 m4LzZoauu3TZV1EZTkfVdZJmzTuwhFehWgr1pYxFa5emnGGDT0swUPHQCyn4M"
2020-08-17T16:26:34.881094977Z  [2020-08-17T16:26:34Z INFO  dt_client_bytes] Publish 95
2020-08-17T16:26:34.893887539Z  [2020-08-17T16:26:34Z INFO  dt_client_bytes] 95::38162cb0-e585-43d7-b55d-5c240b2bfb7c/3142192f-6bae-4f12-a6f3-5464dc37e790/d0a71d84-b80f-4558-beac-8887750652e3 "95 zdpmiCOaOLjDC08j4GoVRdEbRTP0bPBAUx9t9c9Z95V1NQF6r9nhmLKchVwO4"
2020-08-17T16:26:34.893913033Z  [2020-08-17T16:26:34Z INFO  dt_client_bytes] Publish 96
2020-08-17T16:26:34.904106716Z  [2020-08-17T16:26:34Z INFO  dt_client_bytes] 96::38162cb0-e585-43d7-b55d-5c240b2bfb7c/3142192f-6bae-4f12-a6f3-5464dc37e790/d0a71d84-b80f-4558-beac-8887750652e3 "96 Br4gljYPulNnAXEewAKUCAKusTyZsFxy2tLEgJZjoU9ugmYqdCmSb2Sl5Jllj"
2020-08-17T16:26:34.904168437Z  [2020-08-17T16:26:34Z INFO  dt_client_bytes] Publish 97
2020-08-17T16:26:34.915438883Z  [2020-08-17T16:26:34Z INFO  dt_client_bytes] 97::38162cb0-e585-43d7-b55d-5c240b2bfb7c/3142192f-6bae-4f12-a6f3-5464dc37e790/d0a71d84-b80f-4558-beac-8887750652e3 "97 uPr5ScrzaPvamMvSK0Dqnjm5dDQHCR7tKGnLsh3c2NCJHaOeFOkUSkMGzEaXm"
2020-08-17T16:26:34.915463553Z  [2020-08-17T16:26:34Z INFO  dt_client_bytes] Publish 98
2020-08-17T16:26:34.926788583Z  [2020-08-17T16:26:34Z INFO  dt_client_bytes] 98::38162cb0-e585-43d7-b55d-5c240b2bfb7c/3142192f-6bae-4f12-a6f3-5464dc37e790/d0a71d84-b80f-4558-beac-8887750652e3 "98 xoJBCcAE0StE9mfIvtFfoh8byRgABqDCPJPKg53NDxHTBB9fBWzcPKyDT3yaA"
2020-08-17T16:26:34.926852527Z  [2020-08-17T16:26:34Z INFO  dt_client_bytes] Publish 99
2020-08-17T16:26:34.930764195Z  [2020-08-17T16:26:34Z INFO  dt_client_bytes] PubAck { pkid: 80 }
2020-08-17T16:26:34.931812807Z  [2020-08-17T16:26:34Z INFO  dt_client_bytes] PubAck { pkid: 81 }
2020-08-17T16:26:34.937207419Z  [2020-08-17T16:26:34Z INFO  dt_client_bytes] 99::38162cb0-e585-43d7-b55d-5c240b2bfb7c/3142192f-6bae-4f12-a6f3-5464dc37e790/d0a71d84-b80f-4558-beac-8887750652e3 "99 B5oOcLuclEUTHbn1qbKgqYbsDQPdo80053W8pqeKMFsbZyuK154BgLgAuemhM"
2020-08-17T16:26:34.937263115Z  [2020-08-17T16:26:34Z INFO  dt_client_bytes] Publish 100
2020-08-17T16:26:34.937278364Z  [2020-08-17T16:26:34Z INFO  dt_client_bytes] NotificationCounter {
2020-08-17T16:26:34.937288619Z          Pub: 100,
2020-08-17T16:26:34.937298164Z          PubAck: 81,
2020-08-17T16:26:34.937308094Z          PubRec: 0,
2020-08-17T16:26:34.937317453Z          PubRel: 0,
2020-08-17T16:26:34.937338830Z          PubComp: 0,
2020-08-17T16:26:34.937350563Z      }
2020-08-17T16:26:34.948469653Z  [2020-08-17T16:26:34Z INFO  dt_client_bytes] Thread 38162cb0-e585-43d7-b55d-5c240b2bfb7c/3142192f-6bae-4f12-a6f3-5464dc37e790/d0a71d84-b80f-4558-beac-8887750652e3 done with 100 messages.
2020-08-17T16:26:35.036102201Z  [2020-08-17T16:26:35Z INFO  dt_client_bytes] PubAck { pkid: 82 }
2020-08-17T16:26:35.036120926Z  [2020-08-17T16:26:35Z INFO  dt_client_bytes] NotificationCounter {
2020-08-17T16:26:35.036131179Z          Pub: 100,
2020-08-17T16:26:35.036140436Z          PubAck: 82,
2020-08-17T16:26:35.036149708Z          PubRec: 0,
2020-08-17T16:26:35.036158908Z          PubRel: 0,
2020-08-17T16:26:35.036168068Z          PubComp: 0,
2020-08-17T16:26:35.036177257Z      }
2020-08-17T16:26:35.036903278Z  [2020-08-17T16:26:35Z INFO  dt_client_bytes] PubAck { pkid: 83 }
2020-08-17T16:26:35.036921373Z  [2020-08-17T16:26:35Z INFO  dt_client_bytes] NotificationCounter {
2020-08-17T16:26:35.036945773Z          Pub: 100,
2020-08-17T16:26:35.036956259Z          PubAck: 83,
2020-08-17T16:26:35.036965549Z          PubRec: 0,
2020-08-17T16:26:35.036975042Z          PubRel: 0,
2020-08-17T16:26:35.036984293Z          PubComp: 0,
2020-08-17T16:26:35.036993461Z      }
2020-08-17T16:26:35.038108656Z  [2020-08-17T16:26:35Z INFO  dt_client_bytes] PubAck { pkid: 84 }
2020-08-17T16:26:35.038139083Z  [2020-08-17T16:26:35Z INFO  dt_client_bytes] NotificationCounter {
2020-08-17T16:26:35.038150123Z          Pub: 100,
2020-08-17T16:26:35.038160026Z          PubAck: 84,
2020-08-17T16:26:35.038183244Z          PubRec: 0,
2020-08-17T16:26:35.038195292Z          PubRel: 0,
2020-08-17T16:26:35.038205348Z          PubComp: 0,
2020-08-17T16:26:35.038215265Z      }
2020-08-17T16:26:35.038225069Z  [2020-08-17T16:26:35Z INFO  dt_client_bytes] PubAck { pkid: 85 }
2020-08-17T16:26:35.038234909Z  [2020-08-17T16:26:35Z INFO  dt_client_bytes] NotificationCounter {
2020-08-17T16:26:35.038244822Z          Pub: 100,
2020-08-17T16:26:35.038264545Z          PubAck: 85,
2020-08-17T16:26:35.038275107Z          PubRec: 0,
2020-08-17T16:26:35.038284743Z          PubRel: 0,
2020-08-17T16:26:35.038294359Z          PubComp: 0,
2020-08-17T16:26:35.038304061Z      }
2020-08-17T16:26:35.038967928Z  [2020-08-17T16:26:35Z INFO  dt_client_bytes] PubAck { pkid: 86 }
2020-08-17T16:26:35.038986689Z  [2020-08-17T16:26:35Z INFO  dt_client_bytes] NotificationCounter {
2020-08-17T16:26:35.039032234Z          Pub: 100,
2020-08-17T16:26:35.039043287Z          PubAck: 86,
2020-08-17T16:26:35.039052707Z          PubRec: 0,
2020-08-17T16:26:35.039062052Z          PubRel: 0,
2020-08-17T16:26:35.039082240Z          PubComp: 0,
2020-08-17T16:26:35.039153222Z      }
2020-08-17T16:26:35.040129283Z  [2020-08-17T16:26:35Z INFO  dt_client_bytes] PubAck { pkid: 87 }
2020-08-17T16:26:35.040194560Z  [2020-08-17T16:26:35Z INFO  dt_client_bytes] NotificationCounter {
2020-08-17T16:26:35.040207634Z          Pub: 100,
2020-08-17T16:26:35.040217621Z          PubAck: 87,
2020-08-17T16:26:35.040227894Z          PubRec: 0,
2020-08-17T16:26:35.040237660Z          PubRel: 0,
2020-08-17T16:26:35.040247246Z          PubComp: 0,
2020-08-17T16:26:35.040269004Z      }
2020-08-17T16:26:35.041265843Z  [2020-08-17T16:26:35Z INFO  dt_client_bytes] PubAck { pkid: 88 }
2020-08-17T16:26:35.041284643Z  [2020-08-17T16:26:35Z INFO  dt_client_bytes] NotificationCounter {
2020-08-17T16:26:35.041328823Z          Pub: 100,
2020-08-17T16:26:35.041339825Z          PubAck: 88,
2020-08-17T16:26:35.041349232Z          PubRec: 0,
2020-08-17T16:26:35.041358474Z          PubRel: 0,
2020-08-17T16:26:35.041367732Z          PubComp: 0,
2020-08-17T16:26:35.041376922Z      }
2020-08-17T16:26:35.043994426Z  [2020-08-17T16:26:35Z INFO  dt_client_bytes] PubAck { pkid: 89 }
2020-08-17T16:26:35.044010271Z  [2020-08-17T16:26:35Z INFO  dt_client_bytes] NotificationCounter {
2020-08-17T16:26:35.044020221Z          Pub: 100,
2020-08-17T16:26:35.044029560Z          PubAck: 89,
2020-08-17T16:26:35.044038763Z          PubRec: 0,
2020-08-17T16:26:35.044048039Z          PubRel: 0,
2020-08-17T16:26:35.044057142Z          PubComp: 0,
2020-08-17T16:26:35.044066362Z      }
2020-08-17T16:26:35.044075481Z  [2020-08-17T16:26:35Z INFO  dt_client_bytes] PubAck { pkid: 90 }
2020-08-17T16:26:35.044084912Z  [2020-08-17T16:26:35Z INFO  dt_client_bytes] NotificationCounter {
2020-08-17T16:26:35.044094458Z          Pub: 100,
2020-08-17T16:26:35.044103695Z          PubAck: 90,
2020-08-17T16:26:35.044122166Z          PubRec: 0,
2020-08-17T16:26:35.044132270Z          PubRel: 0,
2020-08-17T16:26:35.044141363Z          PubComp: 0,
2020-08-17T16:26:35.044150421Z      }
2020-08-17T16:26:35.044913510Z  [2020-08-17T16:26:35Z INFO  dt_client_bytes] PubAck { pkid: 91 }
2020-08-17T16:26:35.044932838Z  [2020-08-17T16:26:35Z INFO  dt_client_bytes] NotificationCounter {
2020-08-17T16:26:35.044943130Z          Pub: 100,
2020-08-17T16:26:35.044966136Z          PubAck: 91,
2020-08-17T16:26:35.044979524Z          PubRec: 0,
2020-08-17T16:26:35.044989286Z          PubRel: 0,
2020-08-17T16:26:35.044998734Z          PubComp: 0,
2020-08-17T16:26:35.045007944Z      }
2020-08-17T16:26:35.045958188Z  [2020-08-17T16:26:35Z INFO  dt_client_bytes] PubAck { pkid: 92 }
2020-08-17T16:26:35.045976767Z  [2020-08-17T16:26:35Z INFO  dt_client_bytes] NotificationCounter {
2020-08-17T16:26:35.046033053Z          Pub: 100,
2020-08-17T16:26:35.046044573Z          PubAck: 92,
2020-08-17T16:26:35.046054042Z          PubRec: 0,
2020-08-17T16:26:35.046074492Z          PubRel: 0,
2020-08-17T16:26:35.046084180Z          PubComp: 0,
2020-08-17T16:26:35.046093799Z      }
2020-08-17T16:26:35.047119808Z  [2020-08-17T16:26:35Z INFO  dt_client_bytes] PubAck { pkid: 93 }
2020-08-17T16:26:35.047169573Z  [2020-08-17T16:26:35Z INFO  dt_client_bytes] NotificationCounter {
2020-08-17T16:26:35.047182211Z          Pub: 100,
2020-08-17T16:26:35.047191700Z          PubAck: 93,
2020-08-17T16:26:35.047200967Z          PubRec: 0,
2020-08-17T16:26:35.047210062Z          PubRel: 0,
2020-08-17T16:26:35.047219239Z          PubComp: 0,
2020-08-17T16:26:35.047240460Z      }
2020-08-17T16:26:35.048355474Z  [2020-08-17T16:26:35Z INFO  dt_client_bytes] PubAck { pkid: 94 }
2020-08-17T16:26:35.048375535Z  [2020-08-17T16:26:35Z INFO  dt_client_bytes] NotificationCounter {
2020-08-17T16:26:35.048386150Z          Pub: 100,
2020-08-17T16:26:35.048395844Z          PubAck: 94,
2020-08-17T16:26:35.048418560Z          PubRec: 0,
2020-08-17T16:26:35.048431180Z          PubRel: 0,
2020-08-17T16:26:35.048440877Z          PubComp: 0,
2020-08-17T16:26:35.048450671Z      }
2020-08-17T16:26:35.049460391Z  [2020-08-17T16:26:35Z INFO  dt_client_bytes] PubAck { pkid: 95 }
2020-08-17T16:26:35.049481138Z  [2020-08-17T16:26:35Z INFO  dt_client_bytes] NotificationCounter {
2020-08-17T16:26:35.049491684Z          Pub: 100,
2020-08-17T16:26:35.049501496Z          PubAck: 95,
2020-08-17T16:26:35.049511212Z          PubRec: 0,
2020-08-17T16:26:35.049520669Z          PubRel: 0,
2020-08-17T16:26:35.049550670Z          PubComp: 0,
2020-08-17T16:26:35.049562007Z      }
2020-08-17T16:26:35.050645278Z  [2020-08-17T16:26:35Z INFO  dt_client_bytes] PubAck { pkid: 96 }
2020-08-17T16:26:35.050696301Z  [2020-08-17T16:26:35Z INFO  dt_client_bytes] NotificationCounter {
2020-08-17T16:26:35.050710007Z          Pub: 100,
2020-08-17T16:26:35.050719724Z          PubAck: 96,
2020-08-17T16:26:35.050729160Z          PubRec: 0,
2020-08-17T16:26:35.050738489Z          PubRel: 0,
2020-08-17T16:26:35.050747599Z          PubComp: 0,
2020-08-17T16:26:35.050768898Z      }
2020-08-17T16:26:35.150763029Z  [2020-08-17T16:26:35Z INFO  dt_client_bytes] PubAck { pkid: 97 }
2020-08-17T16:26:35.150794499Z  [2020-08-17T16:26:35Z INFO  dt_client_bytes] NotificationCounter {
2020-08-17T16:26:35.150806466Z          Pub: 100,
2020-08-17T16:26:35.150816919Z          PubAck: 97,
2020-08-17T16:26:35.150855936Z          PubRec: 0,
2020-08-17T16:26:35.150866742Z          PubRel: 0,
2020-08-17T16:26:35.150877222Z          PubComp: 0,
2020-08-17T16:26:35.150887842Z      }
2020-08-17T16:26:35.150931989Z  [2020-08-17T16:26:35Z INFO  dt_client_bytes] PubAck { pkid: 98 }
2020-08-17T16:26:35.150945136Z  [2020-08-17T16:26:35Z INFO  dt_client_bytes] NotificationCounter {
2020-08-17T16:26:35.150955778Z          Pub: 100,
2020-08-17T16:26:35.150965984Z          PubAck: 98,
2020-08-17T16:26:35.150976113Z          PubRec: 0,
2020-08-17T16:26:35.150986504Z          PubRel: 0,
2020-08-17T16:26:35.151019793Z          PubComp: 0,
2020-08-17T16:26:35.151032039Z      }
2020-08-17T16:26:35.151042100Z  [2020-08-17T16:26:35Z INFO  dt_client_bytes] PubAck { pkid: 99 }
2020-08-17T16:26:35.151052721Z  [2020-08-17T16:26:35Z INFO  dt_client_bytes] NotificationCounter {
2020-08-17T16:26:35.151063226Z          Pub: 100,
2020-08-17T16:26:35.151073447Z          PubAck: 99,
2020-08-17T16:26:35.151123842Z          PubRec: 0,
2020-08-17T16:26:35.151136405Z          PubRel: 0,
2020-08-17T16:26:35.151146944Z          PubComp: 0,
2020-08-17T16:26:35.151157306Z      }
2020-08-17T16:26:35.289965102Z  [2020-08-17T16:26:35Z INFO  dt_client_bytes] PubAck { pkid: 100 }
2020-08-17T16:26:35.290128436Z  [2020-08-17T16:26:35Z INFO  dt_client_bytes] NotificationCounter {
2020-08-17T16:26:35.290156211Z          Pub: 100,
2020-08-17T16:26:35.290165637Z          PubAck: 100,
2020-08-17T16:26:35.290174255Z          PubRec: 0,
2020-08-17T16:26:35.290182831Z          PubRel: 0,
2020-08-17T16:26:35.290212496Z          PubComp: 0,
2020-08-17T16:26:35.290234443Z      }
2020-08-17T16:27:03.813021425Z  [2020-08-17T16:27:03Z INFO  dt_client_bytes] NotificationCounter {
2020-08-17T16:27:03.813082784Z          Pub: 100,
2020-08-17T16:27:03.813102754Z          PubAck: 100,
2020-08-17T16:27:03.813120052Z          PubRec: 0,
2020-08-17T16:27:03.813137725Z          PubRel: 0,
2020-08-17T16:27:03.813155020Z          PubComp: 0,
2020-08-17T16:27:03.813172023Z      }
2020-08-17T16:27:03.914360278Z  [2020-08-17T16:27:03Z INFO  dt_client_bytes] NotificationCounter {
2020-08-17T16:27:03.914428104Z          Pub: 100,
2020-08-17T16:27:03.914450327Z          PubAck: 100,
2020-08-17T16:27:03.914467978Z          PubRec: 0,
2020-08-17T16:27:03.914485455Z          PubRel: 0,
2020-08-17T16:27:03.914503286Z          PubComp: 0,
2020-08-17T16:27:03.914520296Z      }
2020-08-17T16:27:33.814176451Z  [2020-08-17T16:27:33Z INFO  dt_client_bytes] NotificationCounter {
2020-08-17T16:27:33.814290315Z          Pub: 100,
2020-08-17T16:27:33.814359660Z          PubAck: 100,
2020-08-17T16:27:33.814379908Z          PubRec: 0,
2020-08-17T16:27:33.814435966Z          PubRel: 0,
2020-08-17T16:27:33.814459160Z          PubComp: 0,
2020-08-17T16:27:33.814477962Z      }
2020-08-17T16:27:33.910002736Z  [2020-08-17T16:27:33Z INFO  dt_client_bytes] NotificationCounter {
2020-08-17T16:27:33.910093305Z          Pub: 100,
2020-08-17T16:27:33.910117089Z          PubAck: 100,
2020-08-17T16:27:33.910178308Z          PubRec: 0,
2020-08-17T16:27:33.910201714Z          PubRel: 0,
2020-08-17T16:27:33.910220002Z          PubComp: 0,
2020-08-17T16:27:33.910275604Z      }
2020-08-17T16:28:03.814483767Z  [2020-08-17T16:28:03Z INFO  dt_client_bytes] NotificationCounter {
2020-08-17T16:28:03.814591134Z          Pub: 100,
2020-08-17T16:28:03.814653379Z          PubAck: 100,
2020-08-17T16:28:03.814675026Z          PubRec: 0,
2020-08-17T16:28:03.814693220Z          PubRel: 0,
2020-08-17T16:28:03.814750185Z          PubComp: 0,
2020-08-17T16:28:03.814771278Z      }
2020-08-17T16:28:03.920586154Z  [2020-08-17T16:28:03Z INFO  dt_client_bytes] NotificationCounter {
2020-08-17T16:28:03.920676243Z          Pub: 100,
2020-08-17T16:28:03.920699177Z          PubAck: 100,
2020-08-17T16:28:03.920717608Z          PubRec: 0,
2020-08-17T16:28:03.920781140Z          PubRel: 0,
2020-08-17T16:28:03.920800421Z          PubComp: 0,
2020-08-17T16:28:03.920855372Z      }
2020-08-17T16:28:33.816400114Z  [2020-08-17T16:28:33Z INFO  dt_client_bytes] NotificationCounter {
2020-08-17T16:28:33.816579286Z          Pub: 100,
2020-08-17T16:28:33.816603113Z          PubAck: 100,
2020-08-17T16:28:33.816620718Z          PubRec: 0,
2020-08-17T16:28:33.816679143Z          PubRel: 0,
2020-08-17T16:28:33.816698340Z          PubComp: 0,
2020-08-17T16:28:33.816715827Z      }
2020-08-17T16:28:33.916734302Z  [2020-08-17T16:28:33Z INFO  dt_client_bytes] NotificationCounter {
2020-08-17T16:28:33.916822349Z          Pub: 100,
2020-08-17T16:28:33.916844523Z          PubAck: 100,
2020-08-17T16:28:33.916862294Z          PubRec: 0,
2020-08-17T16:28:33.916921708Z          PubRel: 0,
2020-08-17T16:28:33.916940658Z          PubComp: 0,
2020-08-17T16:28:33.916958016Z      }
2020-08-17T16:29:03.818032024Z  [2020-08-17T16:29:03Z INFO  dt_client_bytes] NotificationCounter {
2020-08-17T16:29:03.818145334Z          Pub: 100,
2020-08-17T16:29:03.818213922Z          PubAck: 100,
2020-08-17T16:29:03.818234662Z          PubRec: 0,
2020-08-17T16:29:03.818292164Z          PubRel: 0,
2020-08-17T16:29:03.818316001Z          PubComp: 0,
2020-08-17T16:29:03.818334732Z      }
2020-08-17T16:29:03.914232703Z  [2020-08-17T16:29:03Z INFO  dt_client_bytes] NotificationCounter {
2020-08-17T16:29:03.914323061Z          Pub: 100,
2020-08-17T16:29:03.914347196Z          PubAck: 100,
2020-08-17T16:29:03.914404803Z          PubRec: 0,
2020-08-17T16:29:03.914427715Z          PubRel: 0,
2020-08-17T16:29:03.914446181Z          PubComp: 0,
2020-08-17T16:29:03.914506611Z      }
