2020-08-17T16:26:32.681792737Z  [2020-08-17T16:26:32Z INFO  dt_client_bytes] Starting client. Host at mqtt-broker:1883
2020-08-17T16:26:32.681849865Z  [2020-08-17T16:26:32Z INFO  dt_client_bytes] Thread of topic 38162cb0-e585-43d7-b55d-5c240b2bfb7c/3142192f-6bae-4f12-a6f3-5464dc37e790/d0a71d84-b80f-4558-beac-8887750652e3
2020-08-17T16:26:32.681874864Z  [2020-08-17T16:26:32Z INFO  dt_client_bytes] 0::38162cb0-e585-43d7-b55d-5c240b2bfb7c/3142192f-6bae-4f12-a6f3-5464dc37e790/d0a71d84-b80f-4558-beac-8887750652e3 "0 My3Cs7AwLBTnwZ5RNc2emL40TrMawzxXi1HECBxW5L2JB3ub00CDwwHF0iKphm"
2020-08-17T16:26:32.691725935Z  [2020-08-17T16:26:32Z INFO  dt_client_bytes] 1::38162cb0-e585-43d7-b55d-5c240b2bfb7c/3142192f-6bae-4f12-a6f3-5464dc37e790/d0a71d84-b80f-4558-beac-8887750652e3 "1 suQ3lv59QHGajmHRN8QIydX4UXRDHLES8iK5Uq7ni11WPylYw8XxN9ZYpmqoOj"
2020-08-17T16:26:32.703040778Z  [2020-08-17T16:26:32Z INFO  dt_client_bytes] 2::38162cb0-e585-43d7-b55d-5c240b2bfb7c/3142192f-6bae-4f12-a6f3-5464dc37e790/d0a71d84-b80f-4558-beac-8887750652e3 "2 LkwuV09Ai1WBXrt8KfuEEGLY3FnKKpoUBNDqjuDu587lmxQBB9gVZqZtE2y4iD"
2020-08-17T16:26:32.714012580Z  [2020-08-17T16:26:32Z INFO  dt_client_bytes] 3::38162cb0-e585-43d7-b55d-5c240b2bfb7c/3142192f-6bae-4f12-a6f3-5464dc37e790/d0a71d84-b80f-4558-beac-8887750652e3 "3 IzM1oFErY4EZu8RJ6mWDEMktQ1dHhgaIz2iOcWyYSfEnR3QZWrWAmUbUbpeCAS"
2020-08-17T16:26:32.725275877Z  [2020-08-17T16:26:32Z INFO  dt_client_bytes] 4::38162cb0-e585-43d7-b55d-5c240b2bfb7c/3142192f-6bae-4f12-a6f3-5464dc37e790/d0a71d84-b80f-4558-beac-8887750652e3 "4 djO1GL2VxfmnTlVNOeyneQR3J9MX6JPEc1HJeN2dxmRDeLLbDeh6lCv2ZDZfia"
2020-08-17T16:26:32.736427901Z  [2020-08-17T16:26:32Z INFO  dt_client_bytes] 5::38162cb0-e585-43d7-b55d-5c240b2bfb7c/3142192f-6bae-4f12-a6f3-5464dc37e790/d0a71d84-b80f-4558-beac-8887750652e3 "5 Tv61uJYE02s15ZmM7Sq1nlVoq12Mo27dOAbUAwkkqQtQQUapH08TFUdpVKEpor"
2020-08-17T16:26:32.747613997Z  [2020-08-17T16:26:32Z INFO  dt_client_bytes] 6::38162cb0-e585-43d7-b55d-5c240b2bfb7c/3142192f-6bae-4f12-a6f3-5464dc37e790/d0a71d84-b80f-4558-beac-8887750652e3 "6 eRTfMsU4xMw0V2uJVLWAQLWtp05N3Qz1R5rmtcZKG4S4ei8RLaqklgnBEympYM"
2020-08-17T16:26:32.758773426Z  [2020-08-17T16:26:32Z INFO  dt_client_bytes] 7::38162cb0-e585-43d7-b55d-5c240b2bfb7c/3142192f-6bae-4f12-a6f3-5464dc37e790/d0a71d84-b80f-4558-beac-8887750652e3 "7 FFSLSJZLazsPcoUNeRJpLFzJYr5BnbLufd9bwdzGD2lLH6MnJwpWK7vCiesgdd"
2020-08-17T16:26:32.770060985Z  [2020-08-17T16:26:32Z INFO  dt_client_bytes] 8::38162cb0-e585-43d7-b55d-5c240b2bfb7c/3142192f-6bae-4f12-a6f3-5464dc37e790/d0a71d84-b80f-4558-beac-8887750652e3 "8 buyGyrF6SMEGcHVGLoVpxO1pFgDRr5EQCQC5UO8s4rBSb4xxCFWMpwOUczOAIg"
2020-08-17T16:26:32.781281779Z  [2020-08-17T16:26:32Z INFO  dt_client_bytes] 9::38162cb0-e585-43d7-b55d-5c240b2bfb7c/3142192f-6bae-4f12-a6f3-5464dc37e790/d0a71d84-b80f-4558-beac-8887750652e3 "9 thVJlBlYF7y8EH27l3PHs6qUno2O31LBrIo3VfwzAw3xNXIr3ES0UnSwSYYU7X"
2020-08-17T16:26:32.792646102Z  [2020-08-17T16:26:32Z INFO  dt_client_bytes] 10::38162cb0-e585-43d7-b55d-5c240b2bfb7c/3142192f-6bae-4f12-a6f3-5464dc37e790/d0a71d84-b80f-4558-beac-8887750652e3 "10 QTrdxxFfM3PT8vOKH7FpS1hZ4kinLt3aFnlh9jpCEg6Jcz86OCzAcdOKnrrCo"
2020-08-17T16:26:32.804300913Z  [2020-08-17T16:26:32Z INFO  dt_client_bytes] 11::38162cb0-e585-43d7-b55d-5c240b2bfb7c/3142192f-6bae-4f12-a6f3-5464dc37e790/d0a71d84-b80f-4558-beac-8887750652e3 "11 eqmoLW7Gvwhz2trAwNzRDJr6DXia2aRTdH0kIKLs5OGV0Q4saVy42ewfhS3ij"
2020-08-17T16:26:32.815079037Z  [2020-08-17T16:26:32Z INFO  dt_client_bytes] 12::38162cb0-e585-43d7-b55d-5c240b2bfb7c/3142192f-6bae-4f12-a6f3-5464dc37e790/d0a71d84-b80f-4558-beac-8887750652e3 "12 PwkWHYN7M7nMdzvQqpkpFW9rhLmhqrt3scg3hJuurjd7eexTG977bekXEdpKU"
2020-08-17T16:26:32.826370588Z  [2020-08-17T16:26:32Z INFO  dt_client_bytes] 13::38162cb0-e585-43d7-b55d-5c240b2bfb7c/3142192f-6bae-4f12-a6f3-5464dc37e790/d0a71d84-b80f-4558-beac-8887750652e3 "13 nVziNddk0WIeYKMMoZSNseIfTqO0cwpRzysn7iiuSNnujeKEGgoThWILrcanv"
2020-08-17T16:26:32.837488071Z  [2020-08-17T16:26:32Z INFO  dt_client_bytes] 14::38162cb0-e585-43d7-b55d-5c240b2bfb7c/3142192f-6bae-4f12-a6f3-5464dc37e790/d0a71d84-b80f-4558-beac-8887750652e3 "14 KzaHx1MoRyK84EaJDaXllHSsNkzdDaMBs8qBgp36RNm7IHOMEmIyXsmcoA5F7"
2020-08-17T16:26:32.848678576Z  [2020-08-17T16:26:32Z INFO  dt_client_bytes] 15::38162cb0-e585-43d7-b55d-5c240b2bfb7c/3142192f-6bae-4f12-a6f3-5464dc37e790/d0a71d84-b80f-4558-beac-8887750652e3 "15 MfsN08Az1r1VJKcLYMVQ0XzaWlP0eLSIiw0IsUJS1tueNTE9igqjo7P09w5Xw"
2020-08-17T16:26:32.862353268Z  [2020-08-17T16:26:32Z INFO  dt_client_bytes] 16::38162cb0-e585-43d7-b55d-5c240b2bfb7c/3142192f-6bae-4f12-a6f3-5464dc37e790/d0a71d84-b80f-4558-beac-8887750652e3 "16 ZcCmD2f1UZ9FSLEOatwgOrgewEncDsDaW6Oyxpga1a1nWK4uFnVnGZajjxGsy"
2020-08-17T16:26:32.879547023Z  [2020-08-17T16:26:32Z INFO  dt_client_bytes] 17::38162cb0-e585-43d7-b55d-5c240b2bfb7c/3142192f-6bae-4f12-a6f3-5464dc37e790/d0a71d84-b80f-4558-beac-8887750652e3 "17 TXE2VM0ImQxwcw4Zd4pkeEdrotCalutdqpO4ZwN0llXWMWH9Du9dZRzd6Nbav"
2020-08-17T16:26:32.882861917Z  [2020-08-17T16:26:32Z INFO  dt_client_bytes] 18::38162cb0-e585-43d7-b55d-5c240b2bfb7c/3142192f-6bae-4f12-a6f3-5464dc37e790/d0a71d84-b80f-4558-beac-8887750652e3 "18 kQUVHoHZCC3vnhH9pNEpertXkAhBOXR32Fd5ambItbFV17LtYK6nDSmQzs0GD"
2020-08-17T16:26:32.890816510Z  [2020-08-17T16:26:32Z INFO  dt_client_bytes] Publish 1
2020-08-17T16:26:32.890838995Z  [2020-08-17T16:26:32Z INFO  dt_client_bytes] Publish 2
2020-08-17T16:26:32.890849953Z  [2020-08-17T16:26:32Z INFO  dt_client_bytes] Publish 3
2020-08-17T16:26:32.894099194Z  [2020-08-17T16:26:32Z INFO  dt_client_bytes] Publish 4
2020-08-17T16:26:32.894120993Z  [2020-08-17T16:26:32Z INFO  dt_client_bytes] Publish 5
2020-08-17T16:26:32.894131846Z  [2020-08-17T16:26:32Z INFO  dt_client_bytes] 19::38162cb0-e585-43d7-b55d-5c240b2bfb7c/3142192f-6bae-4f12-a6f3-5464dc37e790/d0a71d84-b80f-4558-beac-8887750652e3 "19 YNb54rwSAWFNiDkOP0nu7b9cjWCo6zV1dIhUJQGkXjoxUD7ZwQ4grM15uSoWJ"
2020-08-17T16:26:32.894142965Z  [2020-08-17T16:26:32Z INFO  dt_client_bytes] Publish 6
2020-08-17T16:26:32.896081511Z  [2020-08-17T16:26:32Z INFO  dt_client_bytes] Publish 7
2020-08-17T16:26:32.897998519Z  [2020-08-17T16:26:32Z INFO  dt_client_bytes] Publish 8
2020-08-17T16:26:32.898018127Z  [2020-08-17T16:26:32Z INFO  dt_client_bytes] Publish 9
2020-08-17T16:26:32.898028610Z  [2020-08-17T16:26:32Z INFO  dt_client_bytes] Publish 10
2020-08-17T16:26:32.911338238Z  [2020-08-17T16:26:32Z INFO  dt_client_bytes] Publish 11
2020-08-17T16:26:32.911362031Z  [2020-08-17T16:26:32Z INFO  dt_client_bytes] Publish 12
2020-08-17T16:26:32.911388332Z  [2020-08-17T16:26:32Z INFO  dt_client_bytes] Publish 13
2020-08-17T16:26:32.911399430Z  [2020-08-17T16:26:32Z INFO  dt_client_bytes] Publish 14
2020-08-17T16:26:32.911409286Z  [2020-08-17T16:26:32Z INFO  dt_client_bytes] Publish 15
2020-08-17T16:26:32.911429660Z  [2020-08-17T16:26:32Z INFO  dt_client_bytes] 20::38162cb0-e585-43d7-b55d-5c240b2bfb7c/3142192f-6bae-4f12-a6f3-5464dc37e790/d0a71d84-b80f-4558-beac-8887750652e3 "20 5iwNOl3114FeovcwZyqXBBAuDW4jJ0vtmw6pe342qyEcpiGuJoEjLLSSGhueR"
2020-08-17T16:26:32.912702896Z  [2020-08-17T16:26:32Z INFO  dt_client_bytes] Publish 16
2020-08-17T16:26:32.912719285Z  [2020-08-17T16:26:32Z INFO  dt_client_bytes] Publish 17
2020-08-17T16:26:32.912729229Z  [2020-08-17T16:26:32Z INFO  dt_client_bytes] Publish 18
2020-08-17T16:26:32.912738769Z  [2020-08-17T16:26:32Z INFO  dt_client_bytes] Publish 19
2020-08-17T16:26:32.912748323Z  [2020-08-17T16:26:32Z INFO  dt_client_bytes] Publish 20
2020-08-17T16:26:32.912772764Z  [2020-08-17T16:26:32Z INFO  dt_client_bytes] Publish 21
2020-08-17T16:26:32.944867022Z  [2020-08-17T16:26:32Z INFO  dt_client_bytes] 21::38162cb0-e585-43d7-b55d-5c240b2bfb7c/3142192f-6bae-4f12-a6f3-5464dc37e790/d0a71d84-b80f-4558-beac-8887750652e3 "21 yQYP5fjC8nlPoIQPIukhG3KRldJQm9yDehSWENCxNhrMMG7I0chvNdNAOIAGR"
2020-08-17T16:26:32.944909126Z  [2020-08-17T16:26:32Z INFO  dt_client_bytes] Publish 22
2020-08-17T16:26:32.951068611Z  [2020-08-17T16:26:32Z INFO  dt_client_bytes] Publish 23
2020-08-17T16:26:32.951091681Z  [2020-08-17T16:26:32Z INFO  dt_client_bytes] 22::38162cb0-e585-43d7-b55d-5c240b2bfb7c/3142192f-6bae-4f12-a6f3-5464dc37e790/d0a71d84-b80f-4558-beac-8887750652e3 "22 KVmZZ3Ou4mJvwj9W2tLhK7cnOBy0wEFbNUaVdM4vuJq4cYawHnMrpQihP0Pg0"
2020-08-17T16:26:32.951117255Z  [2020-08-17T16:26:32Z INFO  dt_client_bytes] 23::38162cb0-e585-43d7-b55d-5c240b2bfb7c/3142192f-6bae-4f12-a6f3-5464dc37e790/d0a71d84-b80f-4558-beac-8887750652e3 "23 ei2W96j9gtYFMJ9qtOf7SFtJVfOATnFy5VHuwGDD8XsxuXJ9DJMWLftpRHHuN"
2020-08-17T16:26:32.951131267Z  [2020-08-17T16:26:32Z INFO  dt_client_bytes] Publish 24
2020-08-17T16:26:32.966300972Z  [2020-08-17T16:26:32Z INFO  dt_client_bytes] 24::38162cb0-e585-43d7-b55d-5c240b2bfb7c/3142192f-6bae-4f12-a6f3-5464dc37e790/d0a71d84-b80f-4558-beac-8887750652e3 "24 UWeRhR8KtDqOnBi2UzI6fGelOTEvX1ZIa5ixuvX0uMKrvEOOtLYfwIgKPZnwc"
2020-08-17T16:26:32.966324510Z  [2020-08-17T16:26:32Z INFO  dt_client_bytes] Publish 25
2020-08-17T16:26:32.971510125Z  [2020-08-17T16:26:32Z INFO  dt_client_bytes] 25::38162cb0-e585-43d7-b55d-5c240b2bfb7c/3142192f-6bae-4f12-a6f3-5464dc37e790/d0a71d84-b80f-4558-beac-8887750652e3 "25 B9xqJpMPRxW2SQRpLfLFkKG1uItCHojFWtioFO8Ov5hRaYa6z9V2Qtkz9mopq"
2020-08-17T16:26:32.971532301Z  [2020-08-17T16:26:32Z INFO  dt_client_bytes] Publish 26
2020-08-17T16:26:32.984384389Z  [2020-08-17T16:26:32Z INFO  dt_client_bytes] 26::38162cb0-e585-43d7-b55d-5c240b2bfb7c/3142192f-6bae-4f12-a6f3-5464dc37e790/d0a71d84-b80f-4558-beac-8887750652e3 "26 GxeydiUewo9lwcDcAAKQwudZDApM6FIg1XCCOKKwgpGKKGOMo7aMZ1Sxlj4BB"
2020-08-17T16:26:32.984409787Z  [2020-08-17T16:26:32Z INFO  dt_client_bytes] Publish 27
2020-08-17T16:26:33.000415955Z  [2020-08-17T16:26:32Z INFO  dt_client_bytes] 27::38162cb0-e585-43d7-b55d-5c240b2bfb7c/3142192f-6bae-4f12-a6f3-5464dc37e790/d0a71d84-b80f-4558-beac-8887750652e3 "27 ipeYRZjZMmzUrIzcC7cKoYmonVTBdrBMHoiMyHKi3kXrh4UEVOKEbRzWcPkQQ"
2020-08-17T16:26:33.000441559Z  [2020-08-17T16:26:32Z INFO  dt_client_bytes] Publish 28
2020-08-17T16:26:33.004813501Z  [2020-08-17T16:26:33Z INFO  dt_client_bytes] 28::38162cb0-e585-43d7-b55d-5c240b2bfb7c/3142192f-6bae-4f12-a6f3-5464dc37e790/d0a71d84-b80f-4558-beac-8887750652e3 "28 gTDEX16l6FBGtZe0RlIUp1UaxFHS9Xg0Mv4GeV2vGsWbfIiSiu0HXmTkp8N2R"
2020-08-17T16:26:33.004861163Z  [2020-08-17T16:26:33Z INFO  dt_client_bytes] Publish 29
2020-08-17T16:26:33.004874209Z  [2020-08-17T16:26:33Z INFO  dt_client_bytes] PubAck { pkid: 1 }
2020-08-17T16:26:33.019602260Z  [2020-08-17T16:26:33Z INFO  dt_client_bytes] 29::38162cb0-e585-43d7-b55d-5c240b2bfb7c/3142192f-6bae-4f12-a6f3-5464dc37e790/d0a71d84-b80f-4558-beac-8887750652e3 "29 1tVTPNJBmd6gCtSf9JTcIzLYlXUyASUdtdT5ge0WtwrOSw8TtViEWplMjBFjX"
2020-08-17T16:26:33.019627906Z  [2020-08-17T16:26:33Z INFO  dt_client_bytes] Publish 30
2020-08-17T16:26:33.027577924Z  [2020-08-17T16:26:33Z INFO  dt_client_bytes] 30::38162cb0-e585-43d7-b55d-5c240b2bfb7c/3142192f-6bae-4f12-a6f3-5464dc37e790/d0a71d84-b80f-4558-beac-8887750652e3 "30 kQP2EdoPT4XKxy8ZTcfoHh4BJNco0sE94oS7PKHkEOo6n0U1n95HC4wlG8IDB"
2020-08-17T16:26:33.027602004Z  [2020-08-17T16:26:33Z INFO  dt_client_bytes] Publish 31
2020-08-17T16:26:33.043583085Z  [2020-08-17T16:26:33Z INFO  dt_client_bytes] 31::38162cb0-e585-43d7-b55d-5c240b2bfb7c/3142192f-6bae-4f12-a6f3-5464dc37e790/d0a71d84-b80f-4558-beac-8887750652e3 "31 lqljF5ryxkNSU9MQkevOZg3KrF302L8cEE3I7yMxTdhHJiZerpasbDycdkcUf"
2020-08-17T16:26:33.043608482Z  [2020-08-17T16:26:33Z INFO  dt_client_bytes] Publish 32
2020-08-17T16:26:33.050045724Z  [2020-08-17T16:26:33Z INFO  dt_client_bytes] 32::38162cb0-e585-43d7-b55d-5c240b2bfb7c/3142192f-6bae-4f12-a6f3-5464dc37e790/d0a71d84-b80f-4558-beac-8887750652e3 "32 p2FuuG70sHNooHoJpOdLPARHqlFyx7pUY9e1GSKturdS1cwIefrBYjMf0idgc"
2020-08-17T16:26:33.050068469Z  [2020-08-17T16:26:33Z INFO  dt_client_bytes] Publish 33
2020-08-17T16:26:33.055821476Z  [2020-08-17T16:26:33Z INFO  dt_client_bytes] PubAck { pkid: 2 }
2020-08-17T16:26:33.055843598Z  [2020-08-17T16:26:33Z INFO  dt_client_bytes] PubAck { pkid: 3 }
2020-08-17T16:26:33.059512320Z  [2020-08-17T16:26:33Z INFO  dt_client_bytes] PubAck { pkid: 4 }
2020-08-17T16:26:33.059534014Z  [2020-08-17T16:26:33Z INFO  dt_client_bytes] PubAck { pkid: 5 }
2020-08-17T16:26:33.059561854Z  [2020-08-17T16:26:33Z INFO  dt_client_bytes] PubAck { pkid: 6 }
2020-08-17T16:26:33.059573738Z  [2020-08-17T16:26:33Z INFO  dt_client_bytes] PubAck { pkid: 7 }
2020-08-17T16:26:33.059583567Z  [2020-08-17T16:26:33Z INFO  dt_client_bytes] 33::38162cb0-e585-43d7-b55d-5c240b2bfb7c/3142192f-6bae-4f12-a6f3-5464dc37e790/d0a71d84-b80f-4558-beac-8887750652e3 "33 tcqeHSklh0U0bvljC1WSodwDU5TgYjtauPc5Nk01jFYSIPU8ahH9lDjuzQuiH"
2020-08-17T16:26:33.068637255Z  [2020-08-17T16:26:33Z INFO  dt_client_bytes] PubAck { pkid: 8 }
2020-08-17T16:26:33.068661025Z  [2020-08-17T16:26:33Z INFO  dt_client_bytes] PubAck { pkid: 9 }
2020-08-17T16:26:33.068687977Z  [2020-08-17T16:26:33Z INFO  dt_client_bytes] PubAck { pkid: 10 }
2020-08-17T16:26:33.068700113Z  [2020-08-17T16:26:33Z INFO  dt_client_bytes] PubAck { pkid: 11 }
2020-08-17T16:26:33.068710521Z  [2020-08-17T16:26:33Z INFO  dt_client_bytes] PubAck { pkid: 12 }
2020-08-17T16:26:33.068720598Z  [2020-08-17T16:26:33Z INFO  dt_client_bytes] Publish 34
2020-08-17T16:26:33.068743085Z  [2020-08-17T16:26:33Z INFO  dt_client_bytes] PubAck { pkid: 13 }
2020-08-17T16:26:33.068754246Z  [2020-08-17T16:26:33Z INFO  dt_client_bytes] PubAck { pkid: 14 }
2020-08-17T16:26:33.068764116Z  [2020-08-17T16:26:33Z INFO  dt_client_bytes] PubAck { pkid: 15 }
2020-08-17T16:26:33.071865286Z  [2020-08-17T16:26:33Z INFO  dt_client_bytes] PubAck { pkid: 16 }
2020-08-17T16:26:33.071888177Z  [2020-08-17T16:26:33Z INFO  dt_client_bytes] PubAck { pkid: 17 }
2020-08-17T16:26:33.071900233Z  [2020-08-17T16:26:33Z INFO  dt_client_bytes] 34::38162cb0-e585-43d7-b55d-5c240b2bfb7c/3142192f-6bae-4f12-a6f3-5464dc37e790/d0a71d84-b80f-4558-beac-8887750652e3 "34 fvwWuTu0Xwh1t9fhpmERbqOhzwrWW6sLfVYrSF5rKbFNWaIW3Bz7r4ofRR5iS"
2020-08-17T16:26:33.071911691Z  [2020-08-17T16:26:33Z INFO  dt_client_bytes] PubAck { pkid: 18 }
2020-08-17T16:26:33.079071062Z  [2020-08-17T16:26:33Z INFO  dt_client_bytes] PubAck { pkid: 19 }
2020-08-17T16:26:33.079114854Z  [2020-08-17T16:26:33Z INFO  dt_client_bytes] Publish 35
2020-08-17T16:26:33.079129475Z  [2020-08-17T16:26:33Z INFO  dt_client_bytes] PubAck { pkid: 20 }
2020-08-17T16:26:33.091558996Z  [2020-08-17T16:26:33Z INFO  dt_client_bytes] 35::38162cb0-e585-43d7-b55d-5c240b2bfb7c/3142192f-6bae-4f12-a6f3-5464dc37e790/d0a71d84-b80f-4558-beac-8887750652e3 "35 H942FxeaYR85J5SgGBdQsm8lcb8sufKIMpPYCK2pB2oPYXdFIA7uOmjEtoY22"
2020-08-17T16:26:33.091583105Z  [2020-08-17T16:26:33Z INFO  dt_client_bytes] Publish 36
2020-08-17T16:26:33.098737356Z  [2020-08-17T16:26:33Z INFO  dt_client_bytes] 36::38162cb0-e585-43d7-b55d-5c240b2bfb7c/3142192f-6bae-4f12-a6f3-5464dc37e790/d0a71d84-b80f-4558-beac-8887750652e3 "36 Psye3CpufSryzDQ1rA6D4YiNz6C6AxbIGAw68brjRHp1jd3FMUA0JGjRSssun"
2020-08-17T16:26:33.098760541Z  [2020-08-17T16:26:33Z INFO  dt_client_bytes] Publish 37
2020-08-17T16:26:33.115900010Z  [2020-08-17T16:26:33Z INFO  dt_client_bytes] 37::38162cb0-e585-43d7-b55d-5c240b2bfb7c/3142192f-6bae-4f12-a6f3-5464dc37e790/d0a71d84-b80f-4558-beac-8887750652e3 "37 FAuR6MKWmoTK6sfgW5rwLF7jQjEw0mnP3Rem3RTEnQjQQQRnp9fKGHXy7n8OZ"
2020-08-17T16:26:33.115926780Z  [2020-08-17T16:26:33Z INFO  dt_client_bytes] Publish 38
2020-08-17T16:26:33.127837111Z  [2020-08-17T16:26:33Z INFO  dt_client_bytes] 38::38162cb0-e585-43d7-b55d-5c240b2bfb7c/3142192f-6bae-4f12-a6f3-5464dc37e790/d0a71d84-b80f-4558-beac-8887750652e3 "38 hPlkPjEB4LPxpWzwItu3GXVaUbhxi3klqeHRupIPlPwAQJ6s3bASykuGspqRv"
2020-08-17T16:26:33.127887665Z  [2020-08-17T16:26:33Z INFO  dt_client_bytes] Publish 39
2020-08-17T16:26:33.139966712Z  [2020-08-17T16:26:33Z INFO  dt_client_bytes] 39::38162cb0-e585-43d7-b55d-5c240b2bfb7c/3142192f-6bae-4f12-a6f3-5464dc37e790/d0a71d84-b80f-4558-beac-8887750652e3 "39 tii4b4yNunxlwsE2eNORoLrrnzQgZzoT1t1NmEoAIZR44LnnqXiq5xdstE9qV"
2020-08-17T16:26:33.140011662Z  [2020-08-17T16:26:33Z INFO  dt_client_bytes] Publish 40
2020-08-17T16:26:33.143182645Z  [2020-08-17T16:26:33Z INFO  dt_client_bytes] 40::38162cb0-e585-43d7-b55d-5c240b2bfb7c/3142192f-6bae-4f12-a6f3-5464dc37e790/d0a71d84-b80f-4558-beac-8887750652e3 "40 OnlL8FgxImHW5jboZZirh1hwCRw6plKEKcIdvAaPPRG8pDY3KU3hTpXwlnbdo"
2020-08-17T16:26:33.143207385Z  [2020-08-17T16:26:33Z INFO  dt_client_bytes] Publish 41
2020-08-17T16:26:33.157479062Z  [2020-08-17T16:26:33Z INFO  dt_client_bytes] 41::38162cb0-e585-43d7-b55d-5c240b2bfb7c/3142192f-6bae-4f12-a6f3-5464dc37e790/d0a71d84-b80f-4558-beac-8887750652e3 "41 LLc3KgOJjGh3dWiiQqsBkQHzu3absBxtjpVLhN5osG3VdqhhlLuw3J37x8ozo"
2020-08-17T16:26:33.157516585Z  [2020-08-17T16:26:33Z INFO  dt_client_bytes] Publish 42
2020-08-17T16:26:33.164191486Z  [2020-08-17T16:26:33Z INFO  dt_client_bytes] PubAck { pkid: 21 }
2020-08-17T16:26:33.164213362Z  [2020-08-17T16:26:33Z INFO  dt_client_bytes] PubAck { pkid: 22 }
2020-08-17T16:26:33.164224362Z  [2020-08-17T16:26:33Z INFO  dt_client_bytes] PubAck { pkid: 23 }
2020-08-17T16:26:33.164466480Z  [2020-08-17T16:26:33Z INFO  dt_client_bytes] PubAck { pkid: 24 }
2020-08-17T16:26:33.164481383Z  [2020-08-17T16:26:33Z INFO  dt_client_bytes] PubAck { pkid: 25 }
2020-08-17T16:26:33.164491836Z  [2020-08-17T16:26:33Z INFO  dt_client_bytes] 42::38162cb0-e585-43d7-b55d-5c240b2bfb7c/3142192f-6bae-4f12-a6f3-5464dc37e790/d0a71d84-b80f-4558-beac-8887750652e3 "42 ZNZZ7ks7pIfkQz0LcVykYDAbNrKQZWEgV8NrD5LE88FvqoxBYdWiXnRabxthp"
2020-08-17T16:26:33.164503319Z  [2020-08-17T16:26:33Z INFO  dt_client_bytes] PubAck { pkid: 26 }
2020-08-17T16:26:33.167544295Z  [2020-08-17T16:26:33Z INFO  dt_client_bytes] PubAck { pkid: 27 }
2020-08-17T16:26:33.167565505Z  [2020-08-17T16:26:33Z INFO  dt_client_bytes] PubAck { pkid: 28 }
2020-08-17T16:26:33.167576070Z  [2020-08-17T16:26:33Z INFO  dt_client_bytes] Publish 43
2020-08-17T16:26:33.175417318Z  [2020-08-17T16:26:33Z INFO  dt_client_bytes] 43::38162cb0-e585-43d7-b55d-5c240b2bfb7c/3142192f-6bae-4f12-a6f3-5464dc37e790/d0a71d84-b80f-4558-beac-8887750652e3 "43 ZJOugTLEx9JgfjlYPBDcYEFJz0qTHCPGLyE0hfN5Fcnmi6QAyFAhtgTELoMFe"
2020-08-17T16:26:33.175444264Z  [2020-08-17T16:26:33Z INFO  dt_client_bytes] Publish 44
2020-08-17T16:26:33.193103501Z  [2020-08-17T16:26:33Z INFO  dt_client_bytes] 44::38162cb0-e585-43d7-b55d-5c240b2bfb7c/3142192f-6bae-4f12-a6f3-5464dc37e790/d0a71d84-b80f-4558-beac-8887750652e3 "44 a6Dk1fRrziEYp7J6x5pGnhlZhQrXkLGojln3A7a6SUyoJNex3p9S9vhcKLpEx"
2020-08-17T16:26:33.193129761Z  [2020-08-17T16:26:33Z INFO  dt_client_bytes] Publish 45
2020-08-17T16:26:33.200751549Z  [2020-08-17T16:26:33Z INFO  dt_client_bytes] 45::38162cb0-e585-43d7-b55d-5c240b2bfb7c/3142192f-6bae-4f12-a6f3-5464dc37e790/d0a71d84-b80f-4558-beac-8887750652e3 "45 eUf2eqZTQeyH4cPhdH6ZtYYrLd2N6AxsQhqx2BzyME19jT1gmAtPFQ8jd0mJD"
2020-08-17T16:26:33.200774552Z  [2020-08-17T16:26:33Z INFO  dt_client_bytes] Publish 46
2020-08-17T16:26:33.213474875Z  [2020-08-17T16:26:33Z INFO  dt_client_bytes] 46::38162cb0-e585-43d7-b55d-5c240b2bfb7c/3142192f-6bae-4f12-a6f3-5464dc37e790/d0a71d84-b80f-4558-beac-8887750652e3 "46 J9DrbYkCOxHog64Z4oinQpx2QbyUzU7Oqh1NxJezQPTVAjyXRNcyybrZWbZdc"
2020-08-17T16:26:33.213498732Z  [2020-08-17T16:26:33Z INFO  dt_client_bytes] Publish 47
2020-08-17T16:26:33.222635535Z  [2020-08-17T16:26:33Z INFO  dt_client_bytes] 47::38162cb0-e585-43d7-b55d-5c240b2bfb7c/3142192f-6bae-4f12-a6f3-5464dc37e790/d0a71d84-b80f-4558-beac-8887750652e3 "47 YkcaW1q8wZvYhwz9zVn9LPG2YnAZjmEbY9ZuBX212Wxs8Ix0QggAJQqSgUqGS"
2020-08-17T16:26:33.222660540Z  [2020-08-17T16:26:33Z INFO  dt_client_bytes] Publish 48
2020-08-17T16:26:33.233466483Z  [2020-08-17T16:26:33Z INFO  dt_client_bytes] 48::38162cb0-e585-43d7-b55d-5c240b2bfb7c/3142192f-6bae-4f12-a6f3-5464dc37e790/d0a71d84-b80f-4558-beac-8887750652e3 "48 JDBBoJHX2NNgZKgmUwGZvSEvN1w340USuwIaB2UyoF7MNYUqrQ9WzfhiHOlDc"
2020-08-17T16:26:33.233521450Z  [2020-08-17T16:26:33Z INFO  dt_client_bytes] Publish 49
2020-08-17T16:26:33.254591142Z  [2020-08-17T16:26:33Z INFO  dt_client_bytes] 49::38162cb0-e585-43d7-b55d-5c240b2bfb7c/3142192f-6bae-4f12-a6f3-5464dc37e790/d0a71d84-b80f-4558-beac-8887750652e3 "49 Eo3JOeHi5uJHnkD9E4s399WUUpQBcliGhtK6sEm56ktkkJ58i8obtknJGlvlJ"
2020-08-17T16:26:33.254619505Z  [2020-08-17T16:26:33Z INFO  dt_client_bytes] Publish 50
2020-08-17T16:26:33.254630847Z  [2020-08-17T16:26:33Z INFO  dt_client_bytes] 50::38162cb0-e585-43d7-b55d-5c240b2bfb7c/3142192f-6bae-4f12-a6f3-5464dc37e790/d0a71d84-b80f-4558-beac-8887750652e3 "50 8hK6tEKJYj8kdceKOLlz5SFELqfpvNTDvNWluXJBuVvbTeNElzD2rfFbfeCXP"
2020-08-17T16:26:33.254641895Z  [2020-08-17T16:26:33Z INFO  dt_client_bytes] Publish 51
2020-08-17T16:26:33.263272196Z  [2020-08-17T16:26:33Z INFO  dt_client_bytes] PubAck { pkid: 29 }
2020-08-17T16:26:33.263294707Z  [2020-08-17T16:26:33Z INFO  dt_client_bytes] PubAck { pkid: 30 }
2020-08-17T16:26:33.263305569Z  [2020-08-17T16:26:33Z INFO  dt_client_bytes] PubAck { pkid: 31 }
2020-08-17T16:26:33.265934296Z  [2020-08-17T16:26:33Z INFO  dt_client_bytes] PubAck { pkid: 32 }
2020-08-17T16:26:33.265956837Z  [2020-08-17T16:26:33Z INFO  dt_client_bytes] PubAck { pkid: 33 }
2020-08-17T16:26:33.265984594Z  [2020-08-17T16:26:33Z INFO  dt_client_bytes] 51::38162cb0-e585-43d7-b55d-5c240b2bfb7c/3142192f-6bae-4f12-a6f3-5464dc37e790/d0a71d84-b80f-4558-beac-8887750652e3 "51 sFFbs0OxNfTcS6mdcujKrtD5sYU3YK0qaFYkDFuAY7nVbfyPMfqeNJz9BzskL"
2020-08-17T16:26:33.265996715Z  [2020-08-17T16:26:33Z INFO  dt_client_bytes] PubAck { pkid: 34 }
2020-08-17T16:26:33.271856932Z  [2020-08-17T16:26:33Z INFO  dt_client_bytes] Publish 52
2020-08-17T16:26:33.271879213Z  [2020-08-17T16:26:33Z INFO  dt_client_bytes] PubAck { pkid: 35 }
2020-08-17T16:26:33.280398098Z  [2020-08-17T16:26:33Z INFO  dt_client_bytes] 52::38162cb0-e585-43d7-b55d-5c240b2bfb7c/3142192f-6bae-4f12-a6f3-5464dc37e790/d0a71d84-b80f-4558-beac-8887750652e3 "52 frn4JMwMym9BXeOcd9CUHONodpVXPOOXw621uyyPcOFvvBAWcMB1FlCzRgiQ8"
2020-08-17T16:26:33.280423083Z  [2020-08-17T16:26:33Z INFO  dt_client_bytes] Publish 53
2020-08-17T16:26:33.294342644Z  [2020-08-17T16:26:33Z INFO  dt_client_bytes] 53::38162cb0-e585-43d7-b55d-5c240b2bfb7c/3142192f-6bae-4f12-a6f3-5464dc37e790/d0a71d84-b80f-4558-beac-8887750652e3 "53 QgeIFFl9XPN64mk9krICKWP6OmjgjaBOmTwqbBgpJKk4DKy1jHRjHf1e4rWSD"
2020-08-17T16:26:33.294383431Z  [2020-08-17T16:26:33Z INFO  dt_client_bytes] Publish 54
2020-08-17T16:26:33.310871567Z  [2020-08-17T16:26:33Z INFO  dt_client_bytes] 54::38162cb0-e585-43d7-b55d-5c240b2bfb7c/3142192f-6bae-4f12-a6f3-5464dc37e790/d0a71d84-b80f-4558-beac-8887750652e3 "54 Z9d97OblWpVafBTVCgk47f4kuEAdyUt3spaYIOmARPdopbxcMUzrn7Hrhv8o1"
2020-08-17T16:26:33.310895983Z  [2020-08-17T16:26:33Z INFO  dt_client_bytes] Publish 55
2020-08-17T16:26:33.317274504Z  [2020-08-17T16:26:33Z INFO  dt_client_bytes] 55::38162cb0-e585-43d7-b55d-5c240b2bfb7c/3142192f-6bae-4f12-a6f3-5464dc37e790/d0a71d84-b80f-4558-beac-8887750652e3 "55 MKmZBFThsjRyU8uGlZRSatCEu1QvHJY2ZLBTApelWSF3khwVDMcCa5YIacN0j"
2020-08-17T16:26:33.317330114Z  [2020-08-17T16:26:33Z INFO  dt_client_bytes] Publish 56
2020-08-17T16:26:33.326255812Z  [2020-08-17T16:26:33Z INFO  dt_client_bytes] 56::38162cb0-e585-43d7-b55d-5c240b2bfb7c/3142192f-6bae-4f12-a6f3-5464dc37e790/d0a71d84-b80f-4558-beac-8887750652e3 "56 D9TWr8GugVcYJ7Pj0NI8YqusfV7wsvdYcr6Ms9gjhNhR4ooVO38Xv3Eau2yN9"
2020-08-17T16:26:33.326280516Z  [2020-08-17T16:26:33Z INFO  dt_client_bytes] Publish 57
2020-08-17T16:26:33.333774884Z  [2020-08-17T16:26:33Z INFO  dt_client_bytes] 57::38162cb0-e585-43d7-b55d-5c240b2bfb7c/3142192f-6bae-4f12-a6f3-5464dc37e790/d0a71d84-b80f-4558-beac-8887750652e3 "57 wICsnIUKokPi2WtKwsFn8sDKRaLerxBMpmDVZu4m27IrOr9ObvasEx4lxN3Ef"
2020-08-17T16:26:33.333801519Z  [2020-08-17T16:26:33Z INFO  dt_client_bytes] Publish 58
2020-08-17T16:26:33.345901223Z  [2020-08-17T16:26:33Z INFO  dt_client_bytes] 58::38162cb0-e585-43d7-b55d-5c240b2bfb7c/3142192f-6bae-4f12-a6f3-5464dc37e790/d0a71d84-b80f-4558-beac-8887750652e3 "58 gXl3viEpxPBeGxxdUm1htbHpK3byxoiYePhy5bFvWfBexZHfOHQgC3Gv2jFVa"
2020-08-17T16:26:33.345925858Z  [2020-08-17T16:26:33Z INFO  dt_client_bytes] Publish 59
2020-08-17T16:26:33.355517474Z  [2020-08-17T16:26:33Z INFO  dt_client_bytes] 59::38162cb0-e585-43d7-b55d-5c240b2bfb7c/3142192f-6bae-4f12-a6f3-5464dc37e790/d0a71d84-b80f-4558-beac-8887750652e3 "59 MuBA0UESwe6GWZrqIkWCNkieKq22nkrPPB3GwERkT9h6oDhN4sR1SoD5EPzW1"
2020-08-17T16:26:33.355546604Z  [2020-08-17T16:26:33Z INFO  dt_client_bytes] Publish 60
2020-08-17T16:26:33.378935235Z  [2020-08-17T16:26:33Z INFO  dt_client_bytes] 60::38162cb0-e585-43d7-b55d-5c240b2bfb7c/3142192f-6bae-4f12-a6f3-5464dc37e790/d0a71d84-b80f-4558-beac-8887750652e3 "60 hNHrwuMvY07L60JVFxVxz4PJfCdJUIZA6NoYzVp7ddJFQTXg3Xwx0k9GBBnNh"
2020-08-17T16:26:33.378960162Z  [2020-08-17T16:26:33Z INFO  dt_client_bytes] Publish 61
2020-08-17T16:26:33.378971382Z  [2020-08-17T16:26:33Z INFO  dt_client_bytes] PubAck { pkid: 36 }
2020-08-17T16:26:33.378981392Z  [2020-08-17T16:26:33Z INFO  dt_client_bytes] PubAck { pkid: 37 }
2020-08-17T16:26:33.378991200Z  [2020-08-17T16:26:33Z INFO  dt_client_bytes] PubAck { pkid: 38 }
2020-08-17T16:26:33.379001054Z  [2020-08-17T16:26:33Z INFO  dt_client_bytes] PubAck { pkid: 39 }
2020-08-17T16:26:33.379010577Z  [2020-08-17T16:26:33Z INFO  dt_client_bytes] PubAck { pkid: 40 }
2020-08-17T16:26:33.379020020Z  [2020-08-17T16:26:33Z INFO  dt_client_bytes] PubAck { pkid: 41 }
2020-08-17T16:26:33.379029683Z  [2020-08-17T16:26:33Z INFO  dt_client_bytes] PubAck { pkid: 42 }
2020-08-17T16:26:33.379039286Z  [2020-08-17T16:26:33Z INFO  dt_client_bytes] PubAck { pkid: 43 }
2020-08-17T16:26:33.379048933Z  [2020-08-17T16:26:33Z INFO  dt_client_bytes] PubAck { pkid: 44 }
2020-08-17T16:26:33.379059186Z  [2020-08-17T16:26:33Z INFO  dt_client_bytes] 61::38162cb0-e585-43d7-b55d-5c240b2bfb7c/3142192f-6bae-4f12-a6f3-5464dc37e790/d0a71d84-b80f-4558-beac-8887750652e3 "61 TxCw8TQ4Kal7zHTPlgkwQjqISJTpGrqULMOtPGAfnQj1woAgdFbbg5Qd5chPM"
2020-08-17T16:26:33.379070056Z  [2020-08-17T16:26:33Z INFO  dt_client_bytes] PubAck { pkid: 45 }
2020-08-17T16:26:33.380077348Z  [2020-08-17T16:26:33Z INFO  dt_client_bytes] Publish 62
2020-08-17T16:26:33.382412600Z  [2020-08-17T16:26:33Z INFO  dt_client_bytes] PubAck { pkid: 46 }
2020-08-17T16:26:33.382433324Z  [2020-08-17T16:26:33Z INFO  dt_client_bytes] PubAck { pkid: 47 }
2020-08-17T16:26:33.386904760Z  [2020-08-17T16:26:33Z INFO  dt_client_bytes] PubAck { pkid: 48 }
2020-08-17T16:26:33.386926764Z  [2020-08-17T16:26:33Z INFO  dt_client_bytes] PubAck { pkid: 49 }
2020-08-17T16:26:33.390666628Z  [2020-08-17T16:26:33Z INFO  dt_client_bytes] 62::38162cb0-e585-43d7-b55d-5c240b2bfb7c/3142192f-6bae-4f12-a6f3-5464dc37e790/d0a71d84-b80f-4558-beac-8887750652e3 "62 uqtueXB7gcMBPPXHNwyMNRyBhaR5uYX7uy2BzR06lwrxjwN7oiuuLACDe3TwG"
2020-08-17T16:26:33.390689583Z  [2020-08-17T16:26:33Z INFO  dt_client_bytes] Publish 63
2020-08-17T16:26:33.403510739Z  [2020-08-17T16:26:33Z INFO  dt_client_bytes] 63::38162cb0-e585-43d7-b55d-5c240b2bfb7c/3142192f-6bae-4f12-a6f3-5464dc37e790/d0a71d84-b80f-4558-beac-8887750652e3 "63 4kz3nX1x05ODXJMzQaQWkZR7D7i3NdoLtkNZ3iUSkWfGO2BGDGSpkozVQ4FGr"
2020-08-17T16:26:33.403535853Z  [2020-08-17T16:26:33Z INFO  dt_client_bytes] Publish 64
2020-08-17T16:26:33.411956663Z  [2020-08-17T16:26:33Z INFO  dt_client_bytes] 64::38162cb0-e585-43d7-b55d-5c240b2bfb7c/3142192f-6bae-4f12-a6f3-5464dc37e790/d0a71d84-b80f-4558-beac-8887750652e3 "64 bXFZ5kFnmm6rolrNduPbzjdv1FmD9gP4o8rH9sypJ8e69gaR4mBdeGeJPyVf4"
2020-08-17T16:26:33.411979896Z  [2020-08-17T16:26:33Z INFO  dt_client_bytes] Publish 65
2020-08-17T16:26:33.433260766Z  [2020-08-17T16:26:33Z INFO  dt_client_bytes] 65::38162cb0-e585-43d7-b55d-5c240b2bfb7c/3142192f-6bae-4f12-a6f3-5464dc37e790/d0a71d84-b80f-4558-beac-8887750652e3 "65 mELnlEj7VWSTbhLITfgq1B5GInqM7VxOL8TQ2lG77XDOUXg7i41TYndadSGJZ"
2020-08-17T16:26:33.433295141Z  [2020-08-17T16:26:33Z INFO  dt_client_bytes] Publish 66
2020-08-17T16:26:33.438373076Z  [2020-08-17T16:26:33Z INFO  dt_client_bytes] 66::38162cb0-e585-43d7-b55d-5c240b2bfb7c/3142192f-6bae-4f12-a6f3-5464dc37e790/d0a71d84-b80f-4558-beac-8887750652e3 "66 yhd8trjUpxx9xqsbHZSQNplpcv9WvfqBQAY7iaBkBTR1wxdKflj8e6DORqQe7"
2020-08-17T16:26:33.438394870Z  [2020-08-17T16:26:33Z INFO  dt_client_bytes] Publish 67
2020-08-17T16:26:33.453022933Z  [2020-08-17T16:26:33Z INFO  dt_client_bytes] 67::38162cb0-e585-43d7-b55d-5c240b2bfb7c/3142192f-6bae-4f12-a6f3-5464dc37e790/d0a71d84-b80f-4558-beac-8887750652e3 "67 keHLgF3NRGsMxNKWJGdUvVPpfbkqd3LnXicmuzBl4HAhKC1xLIAY3IIfU3ejb"
2020-08-17T16:26:33.453052657Z  [2020-08-17T16:26:33Z INFO  dt_client_bytes] Publish 68
2020-08-17T16:26:33.463159345Z  [2020-08-17T16:26:33Z INFO  dt_client_bytes] 68::38162cb0-e585-43d7-b55d-5c240b2bfb7c/3142192f-6bae-4f12-a6f3-5464dc37e790/d0a71d84-b80f-4558-beac-8887750652e3 "68 lbLmPvEDun6db7MynzWbTyaoI4UpOY66zMK2Tt7LpFoeO7IHHVfaJvNzt5pdt"
2020-08-17T16:26:33.463183415Z  [2020-08-17T16:26:33Z INFO  dt_client_bytes] Publish 69
2020-08-17T16:26:33.477076488Z  [2020-08-17T16:26:33Z INFO  dt_client_bytes] PubAck { pkid: 50 }
2020-08-17T16:26:33.477099473Z  [2020-08-17T16:26:33Z INFO  dt_client_bytes] PubAck { pkid: 51 }
2020-08-17T16:26:33.477110718Z  [2020-08-17T16:26:33Z INFO  dt_client_bytes] PubAck { pkid: 52 }
2020-08-17T16:26:33.477120919Z  [2020-08-17T16:26:33Z INFO  dt_client_bytes] 69::38162cb0-e585-43d7-b55d-5c240b2bfb7c/3142192f-6bae-4f12-a6f3-5464dc37e790/d0a71d84-b80f-4558-beac-8887750652e3 "69 D6J3Xbgn0SzGEoabEVPPoqu8CLf6IAkM2iUWmMXuirIjiU6fG56Hoy65GLpsk"
2020-08-17T16:26:33.481633598Z  [2020-08-17T16:26:33Z INFO  dt_client_bytes] PubAck { pkid: 53 }
2020-08-17T16:26:33.481655423Z  [2020-08-17T16:26:33Z INFO  dt_client_bytes] Publish 70
2020-08-17T16:26:33.481666719Z  [2020-08-17T16:26:33Z INFO  dt_client_bytes] PubAck { pkid: 54 }
2020-08-17T16:26:33.487058737Z  [2020-08-17T16:26:33Z INFO  dt_client_bytes] PubAck { pkid: 55 }
2020-08-17T16:26:33.487081716Z  [2020-08-17T16:26:33Z INFO  dt_client_bytes] PubAck { pkid: 56 }
2020-08-17T16:26:33.487104986Z  [2020-08-17T16:26:33Z INFO  dt_client_bytes] PubAck { pkid: 57 }
2020-08-17T16:26:33.487118576Z  [2020-08-17T16:26:33Z INFO  dt_client_bytes] PubAck { pkid: 58 }
2020-08-17T16:26:33.487128346Z  [2020-08-17T16:26:33Z INFO  dt_client_bytes] 70::38162cb0-e585-43d7-b55d-5c240b2bfb7c/3142192f-6bae-4f12-a6f3-5464dc37e790/d0a71d84-b80f-4558-beac-8887750652e3 "70 l3AJCcR8wSzYCo4IIe94cSe2s7WesfnvSw6YH6NpIvIeu9zrDXsExCVUY0Gnn"
2020-08-17T16:26:33.487138848Z  [2020-08-17T16:26:33Z INFO  dt_client_bytes] Publish 71
2020-08-17T16:26:33.503275086Z  [2020-08-17T16:26:33Z INFO  dt_client_bytes] 71::38162cb0-e585-43d7-b55d-5c240b2bfb7c/3142192f-6bae-4f12-a6f3-5464dc37e790/d0a71d84-b80f-4558-beac-8887750652e3 "71 4qR0DqfrwdQ8MXxpWkRnwlI7P05GL9YkPxuQ4fiupWc4YKgh5fBeEKNX2US5Q"
2020-08-17T16:26:33.503313691Z  [2020-08-17T16:26:33Z INFO  dt_client_bytes] Publish 72
2020-08-17T16:26:33.515126651Z  [2020-08-17T16:26:33Z INFO  dt_client_bytes] 72::38162cb0-e585-43d7-b55d-5c240b2bfb7c/3142192f-6bae-4f12-a6f3-5464dc37e790/d0a71d84-b80f-4558-beac-8887750652e3 "72 Y3gBD8KjnRgoYjaN6ydkpWsbtoZ5ac5ddi3i97UU4RW7ncMacTXRU3d3g54r7"
2020-08-17T16:26:33.515161691Z  [2020-08-17T16:26:33Z INFO  dt_client_bytes] Publish 73
2020-08-17T16:26:33.530691681Z  [2020-08-17T16:26:33Z INFO  dt_client_bytes] 73::38162cb0-e585-43d7-b55d-5c240b2bfb7c/3142192f-6bae-4f12-a6f3-5464dc37e790/d0a71d84-b80f-4558-beac-8887750652e3 "73 0dJ9W6PhG89AbYRyExM7vgokb7NLYdrY3qbJv4mcCaRf5AF6gzo9jxsCI9EKh"
2020-08-17T16:26:33.530722530Z  [2020-08-17T16:26:33Z INFO  dt_client_bytes] Publish 74
2020-08-17T16:26:33.535897652Z  [2020-08-17T16:26:33Z INFO  dt_client_bytes] 74::38162cb0-e585-43d7-b55d-5c240b2bfb7c/3142192f-6bae-4f12-a6f3-5464dc37e790/d0a71d84-b80f-4558-beac-8887750652e3 "74 I2zeZGjPegalpoh1iRJHdr6yKwrBhRNI0RytStwI5WWuu9uf5ddnmBe3OQBi3"
2020-08-17T16:26:33.535925338Z  [2020-08-17T16:26:33Z INFO  dt_client_bytes] Publish 75
2020-08-17T16:26:33.548175085Z  [2020-08-17T16:26:33Z INFO  dt_client_bytes] 75::38162cb0-e585-43d7-b55d-5c240b2bfb7c/3142192f-6bae-4f12-a6f3-5464dc37e790/d0a71d84-b80f-4558-beac-8887750652e3 "75 xMOHh8wx7Y0CrZviXEYhq0A8hhbu5DvwaQ8eA6Lxekv7rsKU8TjY9fMiiN3mC"
2020-08-17T16:26:33.548205999Z  [2020-08-17T16:26:33Z INFO  dt_client_bytes] Publish 76
2020-08-17T16:26:33.567715184Z  [2020-08-17T16:26:33Z INFO  dt_client_bytes] 76::38162cb0-e585-43d7-b55d-5c240b2bfb7c/3142192f-6bae-4f12-a6f3-5464dc37e790/d0a71d84-b80f-4558-beac-8887750652e3 "76 DWeWSHdIkFXcEortwKPoanF8EKisWlgo1ZCCkqQkoS3UU75xVeS48R2oUHZM3"
2020-08-17T16:26:33.567749925Z  [2020-08-17T16:26:33Z INFO  dt_client_bytes] Publish 77
2020-08-17T16:26:33.567760899Z  [2020-08-17T16:26:33Z INFO  dt_client_bytes] PubAck { pkid: 59 }
2020-08-17T16:26:33.576693396Z  [2020-08-17T16:26:33Z INFO  dt_client_bytes] PubAck { pkid: 60 }
2020-08-17T16:26:33.576717051Z  [2020-08-17T16:26:33Z INFO  dt_client_bytes] 77::38162cb0-e585-43d7-b55d-5c240b2bfb7c/3142192f-6bae-4f12-a6f3-5464dc37e790/d0a71d84-b80f-4558-beac-8887750652e3 "77 rxb3o9SAuWbB851sjJRY1fdmkxJleNpQuCzadmZzXZHfgmEXHe1BU4d6iL7lE"
2020-08-17T16:26:33.576729261Z  [2020-08-17T16:26:33Z INFO  dt_client_bytes] Publish 78
2020-08-17T16:26:33.576755511Z  [2020-08-17T16:26:33Z INFO  dt_client_bytes] PubAck { pkid: 61 }
2020-08-17T16:26:33.587564113Z  [2020-08-17T16:26:33Z INFO  dt_client_bytes] 78::38162cb0-e585-43d7-b55d-5c240b2bfb7c/3142192f-6bae-4f12-a6f3-5464dc37e790/d0a71d84-b80f-4558-beac-8887750652e3 "78 ZIvH2HJCxesbmxmJAOLh5glBqCITM3w3OOPbgXujxpXNXX2pSXycQ64zvhBUa"
2020-08-17T16:26:33.587641660Z  [2020-08-17T16:26:33Z INFO  dt_client_bytes] Publish 79
2020-08-17T16:26:33.593127040Z  [2020-08-17T16:26:33Z INFO  dt_client_bytes] 79::38162cb0-e585-43d7-b55d-5c240b2bfb7c/3142192f-6bae-4f12-a6f3-5464dc37e790/d0a71d84-b80f-4558-beac-8887750652e3 "79 D0I8MN2rXFXB9Dw8MsK9FD903KlntGaAHQgHA4YbMYmYoc06skC5lX0cBN3ii"
2020-08-17T16:26:33.593255667Z  [2020-08-17T16:26:33Z INFO  dt_client_bytes] Publish 80
2020-08-17T16:26:33.615547212Z  [2020-08-17T16:26:33Z INFO  dt_client_bytes] 80::38162cb0-e585-43d7-b55d-5c240b2bfb7c/3142192f-6bae-4f12-a6f3-5464dc37e790/d0a71d84-b80f-4558-beac-8887750652e3 "80 bELEytqXS8NYDZEDv50s0HachNHFnwob3KSR0FPqmnZgVQEHTXXr0Hbpz9KKI"
2020-08-17T16:26:33.615577922Z  [2020-08-17T16:26:33Z INFO  dt_client_bytes] Publish 81
2020-08-17T16:26:33.631558237Z  [2020-08-17T16:26:33Z INFO  dt_client_bytes] 81::38162cb0-e585-43d7-b55d-5c240b2bfb7c/3142192f-6bae-4f12-a6f3-5464dc37e790/d0a71d84-b80f-4558-beac-8887750652e3 "81 cVaUm6XWaY4aya4JyXCOgB0FxVbTHVc0Zc2eebjAH2Qo25L1aeiYMlVDcC7Pl"
2020-08-17T16:26:33.631581820Z  [2020-08-17T16:26:33Z INFO  dt_client_bytes] Publish 82
2020-08-17T16:26:33.631592892Z  [2020-08-17T16:26:33Z INFO  dt_client_bytes] 82::38162cb0-e585-43d7-b55d-5c240b2bfb7c/3142192f-6bae-4f12-a6f3-5464dc37e790/d0a71d84-b80f-4558-beac-8887750652e3 "82 ipMigy9ymbnyV7T5Ot1y0hymLBsm1BsKtfwVRtGn7OQTj2oyYbdsPiWIivtBp"
2020-08-17T16:26:33.631604392Z  [2020-08-17T16:26:33Z INFO  dt_client_bytes] Publish 83
2020-08-17T16:26:33.642052547Z  [2020-08-17T16:26:33Z INFO  dt_client_bytes] 83::38162cb0-e585-43d7-b55d-5c240b2bfb7c/3142192f-6bae-4f12-a6f3-5464dc37e790/d0a71d84-b80f-4558-beac-8887750652e3 "83 thpldrLJG46pjTX1gcYXWwFa7iLHzFAiYDLKKI9VJnwE41c3Gxt1tjNrd7UiM"
2020-08-17T16:26:33.642077504Z  [2020-08-17T16:26:33Z INFO  dt_client_bytes] Publish 84
2020-08-17T16:26:33.655539451Z  [2020-08-17T16:26:33Z INFO  dt_client_bytes] 84::38162cb0-e585-43d7-b55d-5c240b2bfb7c/3142192f-6bae-4f12-a6f3-5464dc37e790/d0a71d84-b80f-4558-beac-8887750652e3 "84 ds2xeB62MfUh87OWhswd01Xbz26s6MAYoqC5REdsP3dSUhp0oEedOHspBirbe"
2020-08-17T16:26:33.655566402Z  [2020-08-17T16:26:33Z INFO  dt_client_bytes] Publish 85
2020-08-17T16:26:33.666697940Z  [2020-08-17T16:26:33Z INFO  dt_client_bytes] 85::38162cb0-e585-43d7-b55d-5c240b2bfb7c/3142192f-6bae-4f12-a6f3-5464dc37e790/d0a71d84-b80f-4558-beac-8887750652e3 "85 2nOcJf5yl6hcZzIP2ZCe0MxgbrnWd8iVkG0FQ6QRbhtwDtU2yQN8VilcGGSUf"
2020-08-17T16:26:33.666724308Z  [2020-08-17T16:26:33Z INFO  dt_client_bytes] Publish 86
2020-08-17T16:26:33.674787095Z  [2020-08-17T16:26:33Z INFO  dt_client_bytes] PubAck { pkid: 62 }
2020-08-17T16:26:33.676184180Z  [2020-08-17T16:26:33Z INFO  dt_client_bytes] PubAck { pkid: 63 }
2020-08-17T16:26:33.676204424Z  [2020-08-17T16:26:33Z INFO  dt_client_bytes] 86::38162cb0-e585-43d7-b55d-5c240b2bfb7c/3142192f-6bae-4f12-a6f3-5464dc37e790/d0a71d84-b80f-4558-beac-8887750652e3 "86 ekexnI1BRS8XOzJrFEr1ZQjBKk8lj5MMk8xl6hZLkGDLohYcpsaQE8iZ7DZX5"
2020-08-17T16:26:33.679182117Z  [2020-08-17T16:26:33Z INFO  dt_client_bytes] PubAck { pkid: 64 }
2020-08-17T16:26:33.679202305Z  [2020-08-17T16:26:33Z INFO  dt_client_bytes] PubAck { pkid: 65 }
2020-08-17T16:26:33.679213175Z  [2020-08-17T16:26:33Z INFO  dt_client_bytes] PubAck { pkid: 66 }
2020-08-17T16:26:33.679966067Z  [2020-08-17T16:26:33Z INFO  dt_client_bytes] PubAck { pkid: 67 }
2020-08-17T16:26:33.682971501Z  [2020-08-17T16:26:33Z INFO  dt_client_bytes] Publish 87
2020-08-17T16:26:33.683003699Z  [2020-08-17T16:26:33Z INFO  dt_client_bytes] PubAck { pkid: 68 }
2020-08-17T16:26:33.684107301Z  [2020-08-17T16:26:33Z INFO  dt_client_bytes] PubAck { pkid: 69 }
2020-08-17T16:26:33.686562869Z  [2020-08-17T16:26:33Z INFO  dt_client_bytes] PubAck { pkid: 70 }
2020-08-17T16:26:33.686582174Z  [2020-08-17T16:26:33Z INFO  dt_client_bytes] PubAck { pkid: 71 }
2020-08-17T16:26:33.689405695Z  [2020-08-17T16:26:33Z INFO  dt_client_bytes] PubAck { pkid: 72 }
2020-08-17T16:26:33.689428135Z  [2020-08-17T16:26:33Z INFO  dt_client_bytes] 87::38162cb0-e585-43d7-b55d-5c240b2bfb7c/3142192f-6bae-4f12-a6f3-5464dc37e790/d0a71d84-b80f-4558-beac-8887750652e3 "87 u4CD7r4XgPCmnA16ZJnI46fuCR3P9a7sBXzKd8iSGFPCqCKOxrJyHzDua6Tfd"
2020-08-17T16:26:33.689439993Z  [2020-08-17T16:26:33Z INFO  dt_client_bytes] PubAck { pkid: 73 }
2020-08-17T16:26:33.689449723Z  [2020-08-17T16:26:33Z INFO  dt_client_bytes] Publish 88
2020-08-17T16:26:33.691515410Z  [2020-08-17T16:26:33Z INFO  dt_client_bytes] PubAck { pkid: 74 }
2020-08-17T16:26:33.691536432Z  [2020-08-17T16:26:33Z INFO  dt_client_bytes] PubAck { pkid: 75 }
2020-08-17T16:26:33.693721765Z  [2020-08-17T16:26:33Z INFO  dt_client_bytes] PubAck { pkid: 76 }
2020-08-17T16:26:33.699498296Z  [2020-08-17T16:26:33Z INFO  dt_client_bytes] 88::38162cb0-e585-43d7-b55d-5c240b2bfb7c/3142192f-6bae-4f12-a6f3-5464dc37e790/d0a71d84-b80f-4558-beac-8887750652e3 "88 QMFaSoF6CdpXRP6X33YDNg9WPg1nA8KpllfZevWCcVjJ5Duu11U5UIbxitxqu"
2020-08-17T16:26:33.699520504Z  [2020-08-17T16:26:33Z INFO  dt_client_bytes] Publish 89
2020-08-17T16:26:33.711508873Z  [2020-08-17T16:26:33Z INFO  dt_client_bytes] 89::38162cb0-e585-43d7-b55d-5c240b2bfb7c/3142192f-6bae-4f12-a6f3-5464dc37e790/d0a71d84-b80f-4558-beac-8887750652e3 "89 58hJp29OnyMrqMaD5KcC3OTfgATtaCsTTgSbUdxsImUEFlBESoUDBNlpaP4k3"
2020-08-17T16:26:33.711539443Z  [2020-08-17T16:26:33Z INFO  dt_client_bytes] Publish 90
2020-08-17T16:26:33.720169780Z  [2020-08-17T16:26:33Z INFO  dt_client_bytes] 90::38162cb0-e585-43d7-b55d-5c240b2bfb7c/3142192f-6bae-4f12-a6f3-5464dc37e790/d0a71d84-b80f-4558-beac-8887750652e3 "90 4m8O0jHkyKVmntp17eUgRj9OvttfiCBjDRxJvbKbKqPqA2AV8rAWJM7IeMiXM"
2020-08-17T16:26:33.720193384Z  [2020-08-17T16:26:33Z INFO  dt_client_bytes] Publish 91
2020-08-17T16:26:33.738074904Z  [2020-08-17T16:26:33Z INFO  dt_client_bytes] 91::38162cb0-e585-43d7-b55d-5c240b2bfb7c/3142192f-6bae-4f12-a6f3-5464dc37e790/d0a71d84-b80f-4558-beac-8887750652e3 "91 rvhjEWvcKCJULAvm6hDdXY8qgTvM8dU7V0GnRJ2QwfIz897gU7hU01Ylz3x9a"
2020-08-17T16:26:33.738101813Z  [2020-08-17T16:26:33Z INFO  dt_client_bytes] Publish 92
2020-08-17T16:26:33.743647318Z  [2020-08-17T16:26:33Z INFO  dt_client_bytes] 92::38162cb0-e585-43d7-b55d-5c240b2bfb7c/3142192f-6bae-4f12-a6f3-5464dc37e790/d0a71d84-b80f-4558-beac-8887750652e3 "92 N23pLhHVelosD2W1z9j3P94wZ6Fp0LDw6HF5im21PuAUfosXK3fA7AEhYOlBB"
2020-08-17T16:26:33.743672262Z  [2020-08-17T16:26:33Z INFO  dt_client_bytes] Publish 93
2020-08-17T16:26:33.762247621Z  [2020-08-17T16:26:33Z INFO  dt_client_bytes] 93::38162cb0-e585-43d7-b55d-5c240b2bfb7c/3142192f-6bae-4f12-a6f3-5464dc37e790/d0a71d84-b80f-4558-beac-8887750652e3 "93 qVt1IWQrVXa6NNM1qcU07s2ki6k4lEgUemRx2jcfOilAJUgvjS61KgEt70zs7"
2020-08-17T16:26:33.762275378Z  [2020-08-17T16:26:33Z INFO  dt_client_bytes] Publish 94
2020-08-17T16:26:33.767536481Z  [2020-08-17T16:26:33Z INFO  dt_client_bytes] 94::38162cb0-e585-43d7-b55d-5c240b2bfb7c/3142192f-6bae-4f12-a6f3-5464dc37e790/d0a71d84-b80f-4558-beac-8887750652e3 "94 CFozHRT9Vr59W5TLMwflFJt4x1Aj1GI1406HfSyreJlonywzz7sjQQ6hBly76"
2020-08-17T16:26:33.767560601Z  [2020-08-17T16:26:33Z INFO  dt_client_bytes] Publish 95
2020-08-17T16:26:33.777763701Z  [2020-08-17T16:26:33Z INFO  dt_client_bytes] 95::38162cb0-e585-43d7-b55d-5c240b2bfb7c/3142192f-6bae-4f12-a6f3-5464dc37e790/d0a71d84-b80f-4558-beac-8887750652e3 "95 zmqRnXv9IWAIzNmhhp2gzcZZg0fSP3kzd7iB9tf0hvw2gkzfOrUbkLIyavvMO"
2020-08-17T16:26:33.777788649Z  [2020-08-17T16:26:33Z INFO  dt_client_bytes] Publish 96
2020-08-17T16:26:33.785262619Z  [2020-08-17T16:26:33Z INFO  dt_client_bytes] PubAck { pkid: 77 }
2020-08-17T16:26:33.787684760Z  [2020-08-17T16:26:33Z INFO  dt_client_bytes] PubAck { pkid: 78 }
2020-08-17T16:26:33.787707172Z  [2020-08-17T16:26:33Z INFO  dt_client_bytes] PubAck { pkid: 79 }
2020-08-17T16:26:33.787718595Z  [2020-08-17T16:26:33Z INFO  dt_client_bytes] PubAck { pkid: 80 }
2020-08-17T16:26:33.787729471Z  [2020-08-17T16:26:33Z INFO  dt_client_bytes] 96::38162cb0-e585-43d7-b55d-5c240b2bfb7c/3142192f-6bae-4f12-a6f3-5464dc37e790/d0a71d84-b80f-4558-beac-8887750652e3 "96 E7ey2dVRI84M9IDWvK7J4JkIWPRoIr6BWaIonQ2NN2xlt3PgXJBFvSfc25dmm"
2020-08-17T16:26:33.791492069Z  [2020-08-17T16:26:33Z INFO  dt_client_bytes] PubAck { pkid: 81 }
2020-08-17T16:26:33.791526086Z  [2020-08-17T16:26:33Z INFO  dt_client_bytes] PubAck { pkid: 82 }
2020-08-17T16:26:33.791538293Z  [2020-08-17T16:26:33Z INFO  dt_client_bytes] PubAck { pkid: 83 }
2020-08-17T16:26:33.793290653Z  [2020-08-17T16:26:33Z INFO  dt_client_bytes] PubAck { pkid: 84 }
2020-08-17T16:26:33.797794073Z  [2020-08-17T16:26:33Z INFO  dt_client_bytes] Publish 97
2020-08-17T16:26:33.814902647Z  [2020-08-17T16:26:33Z INFO  dt_client_bytes] 97::38162cb0-e585-43d7-b55d-5c240b2bfb7c/3142192f-6bae-4f12-a6f3-5464dc37e790/d0a71d84-b80f-4558-beac-8887750652e3 "97 JGscXEVxIrvDV5fRI2ekxxdU1rQL61u7xrw8Td1qvnywT681RyL1bejSRWvSd"
2020-08-17T16:26:33.814918422Z  [2020-08-17T16:26:33Z INFO  dt_client_bytes] Publish 98
2020-08-17T16:26:33.814936397Z  [2020-08-17T16:26:33Z INFO  dt_client_bytes] 98::38162cb0-e585-43d7-b55d-5c240b2bfb7c/3142192f-6bae-4f12-a6f3-5464dc37e790/d0a71d84-b80f-4558-beac-8887750652e3 "98 Bl7a5bPAaG3LAkR7TKi91k9wHUy4egrtk5x1fJoPewyTjUvuR7PWwBeOw3ky3"
2020-08-17T16:26:33.814948022Z  [2020-08-17T16:26:33Z INFO  dt_client_bytes] Publish 99
2020-08-17T16:26:33.822254759Z  [2020-08-17T16:26:33Z INFO  dt_client_bytes] 99::38162cb0-e585-43d7-b55d-5c240b2bfb7c/3142192f-6bae-4f12-a6f3-5464dc37e790/d0a71d84-b80f-4558-beac-8887750652e3 "99 B3DK1R7sM39gOtXAlxjtkv8kTcq5uOBTYVo4GSTb4Nl7xuGrrAYn4dFeHjmgr"
2020-08-17T16:26:33.822283261Z  [2020-08-17T16:26:33Z INFO  dt_client_bytes] Publish 100
2020-08-17T16:26:33.822294254Z  [2020-08-17T16:26:33Z INFO  dt_client_bytes] NotificationCounter {
2020-08-17T16:26:33.822304595Z          Pub: 100,
2020-08-17T16:26:33.822314258Z          PubAck: 84,
2020-08-17T16:26:33.822323721Z          PubRec: 0,
2020-08-17T16:26:33.822332981Z          PubRel: 0,
2020-08-17T16:26:33.822342458Z          PubComp: 0,
2020-08-17T16:26:33.822351996Z      }
2020-08-17T16:26:33.847598292Z  [2020-08-17T16:26:33Z INFO  dt_client_bytes] Thread 38162cb0-e585-43d7-b55d-5c240b2bfb7c/3142192f-6bae-4f12-a6f3-5464dc37e790/d0a71d84-b80f-4558-beac-8887750652e3 done with 100 messages.
2020-08-17T16:26:33.902711581Z  [2020-08-17T16:26:33Z INFO  dt_client_bytes] PubAck { pkid: 85 }
2020-08-17T16:26:33.902736165Z  [2020-08-17T16:26:33Z INFO  dt_client_bytes] NotificationCounter {
2020-08-17T16:26:33.902747436Z          Pub: 100,
2020-08-17T16:26:33.902757336Z          PubAck: 85,
2020-08-17T16:26:33.902766869Z          PubRec: 0,
2020-08-17T16:26:33.902776231Z          PubRel: 0,
2020-08-17T16:26:33.902785606Z          PubComp: 0,
2020-08-17T16:26:33.902795029Z      }
2020-08-17T16:26:33.902804673Z  [2020-08-17T16:26:33Z INFO  dt_client_bytes] PubAck { pkid: 86 }
2020-08-17T16:26:33.902814324Z  [2020-08-17T16:26:33Z INFO  dt_client_bytes] NotificationCounter {
2020-08-17T16:26:33.902824061Z          Pub: 100,
2020-08-17T16:26:33.902833384Z          PubAck: 86,
2020-08-17T16:26:33.902842850Z          PubRec: 0,
2020-08-17T16:26:33.902852248Z          PubRel: 0,
2020-08-17T16:26:33.902861514Z          PubComp: 0,
2020-08-17T16:26:33.902870901Z      }
2020-08-17T16:26:33.907518569Z  [2020-08-17T16:26:33Z INFO  dt_client_bytes] PubAck { pkid: 87 }
2020-08-17T16:26:33.907542837Z  [2020-08-17T16:26:33Z INFO  dt_client_bytes] NotificationCounter {
2020-08-17T16:26:33.907553951Z          Pub: 100,
2020-08-17T16:26:33.907564059Z          PubAck: 87,
2020-08-17T16:26:33.907573774Z          PubRec: 0,
2020-08-17T16:26:33.907583374Z          PubRel: 0,
2020-08-17T16:26:33.907592801Z          PubComp: 0,
2020-08-17T16:26:33.907629556Z      }
2020-08-17T16:26:33.907640762Z  [2020-08-17T16:26:33Z INFO  dt_client_bytes] PubAck { pkid: 88 }
2020-08-17T16:26:33.907651068Z  [2020-08-17T16:26:33Z INFO  dt_client_bytes] NotificationCounter {
2020-08-17T16:26:33.907661274Z          Pub: 100,
2020-08-17T16:26:33.907671026Z          PubAck: 88,
2020-08-17T16:26:33.907680746Z          PubRec: 0,
2020-08-17T16:26:33.907690580Z          PubRel: 0,
2020-08-17T16:26:33.907700554Z          PubComp: 0,
2020-08-17T16:26:33.907710820Z      }
2020-08-17T16:26:33.907720822Z  [2020-08-17T16:26:33Z INFO  dt_client_bytes] PubAck { pkid: 89 }
2020-08-17T16:26:33.907730995Z  [2020-08-17T16:26:33Z INFO  dt_client_bytes] NotificationCounter {
2020-08-17T16:26:33.907740992Z          Pub: 100,
2020-08-17T16:26:33.907750733Z          PubAck: 89,
2020-08-17T16:26:33.907760367Z          PubRec: 0,
2020-08-17T16:26:33.907770007Z          PubRel: 0,
2020-08-17T16:26:33.907779617Z          PubComp: 0,
2020-08-17T16:26:33.907789338Z      }
2020-08-17T16:26:33.910635199Z  [2020-08-17T16:26:33Z INFO  dt_client_bytes] PubAck { pkid: 90 }
2020-08-17T16:26:33.910654717Z  [2020-08-17T16:26:33Z INFO  dt_client_bytes] NotificationCounter {
2020-08-17T16:26:33.910665931Z          Pub: 100,
2020-08-17T16:26:33.910675550Z          PubAck: 90,
2020-08-17T16:26:33.910685030Z          PubRec: 0,
2020-08-17T16:26:33.910694542Z          PubRel: 0,
2020-08-17T16:26:33.910703807Z          PubComp: 0,
2020-08-17T16:26:33.910713323Z      }
2020-08-17T16:26:33.910722649Z  [2020-08-17T16:26:33Z INFO  dt_client_bytes] PubAck { pkid: 91 }
2020-08-17T16:26:33.910732189Z  [2020-08-17T16:26:33Z INFO  dt_client_bytes] NotificationCounter {
2020-08-17T16:26:33.910741773Z          Pub: 100,
2020-08-17T16:26:33.910751160Z          PubAck: 91,
2020-08-17T16:26:33.910760387Z          PubRec: 0,
2020-08-17T16:26:33.910769605Z          PubRel: 0,
2020-08-17T16:26:33.910781319Z          PubComp: 0,
2020-08-17T16:26:33.910791043Z      }
2020-08-17T16:26:33.910800433Z  [2020-08-17T16:26:33Z INFO  dt_client_bytes] PubAck { pkid: 92 }
2020-08-17T16:26:33.910809972Z  [2020-08-17T16:26:33Z INFO  dt_client_bytes] NotificationCounter {
2020-08-17T16:26:33.910819413Z          Pub: 100,
2020-08-17T16:26:33.910828553Z          PubAck: 92,
2020-08-17T16:26:33.910837865Z          PubRec: 0,
2020-08-17T16:26:33.910847106Z          PubRel: 0,
2020-08-17T16:26:33.910856480Z          PubComp: 0,
2020-08-17T16:26:33.910865743Z      }
2020-08-17T16:26:33.913036716Z  [2020-08-17T16:26:33Z INFO  dt_client_bytes] PubAck { pkid: 93 }
2020-08-17T16:26:33.913050782Z  [2020-08-17T16:26:33Z INFO  dt_client_bytes] NotificationCounter {
2020-08-17T16:26:33.913060870Z          Pub: 100,
2020-08-17T16:26:33.913070431Z          PubAck: 93,
2020-08-17T16:26:33.913079885Z          PubRec: 0,
2020-08-17T16:26:33.913089132Z          PubRel: 0,
2020-08-17T16:26:33.913098407Z          PubComp: 0,
2020-08-17T16:26:33.913107682Z      }
2020-08-17T16:26:34.024680879Z  [2020-08-17T16:26:34Z INFO  dt_client_bytes] PubAck { pkid: 94 }
2020-08-17T16:26:34.024704347Z  [2020-08-17T16:26:34Z INFO  dt_client_bytes] NotificationCounter {
2020-08-17T16:26:34.024716626Z          Pub: 100,
2020-08-17T16:26:34.024726667Z          PubAck: 94,
2020-08-17T16:26:34.024736291Z          PubRec: 0,
2020-08-17T16:26:34.024745927Z          PubRel: 0,
2020-08-17T16:26:34.024755423Z          PubComp: 0,
2020-08-17T16:26:34.024764652Z      }
2020-08-17T16:26:34.024774003Z  [2020-08-17T16:26:34Z INFO  dt_client_bytes] PubAck { pkid: 95 }
2020-08-17T16:26:34.024783713Z  [2020-08-17T16:26:34Z INFO  dt_client_bytes] NotificationCounter {
2020-08-17T16:26:34.024793636Z          Pub: 100,
2020-08-17T16:26:34.024803162Z          PubAck: 95,
2020-08-17T16:26:34.024812455Z          PubRec: 0,
2020-08-17T16:26:34.024821837Z          PubRel: 0,
2020-08-17T16:26:34.024831099Z          PubComp: 0,
2020-08-17T16:26:34.024840450Z      }
2020-08-17T16:26:34.024850472Z  [2020-08-17T16:26:34Z INFO  dt_client_bytes] PubAck { pkid: 96 }
2020-08-17T16:26:34.024860342Z  [2020-08-17T16:26:34Z INFO  dt_client_bytes] NotificationCounter {
2020-08-17T16:26:34.024870121Z          Pub: 100,
2020-08-17T16:26:34.024879480Z          PubAck: 96,
2020-08-17T16:26:34.024888918Z          PubRec: 0,
2020-08-17T16:26:34.024898232Z          PubRel: 0,
2020-08-17T16:26:34.024907381Z          PubComp: 0,
2020-08-17T16:26:34.024916817Z      }
2020-08-17T16:26:34.151172880Z  [2020-08-17T16:26:34Z INFO  dt_client_bytes] PubAck { pkid: 97 }
2020-08-17T16:26:34.151196619Z  [2020-08-17T16:26:34Z INFO  dt_client_bytes] NotificationCounter {
2020-08-17T16:26:34.151208032Z          Pub: 100,
2020-08-17T16:26:34.151218142Z          PubAck: 97,
2020-08-17T16:26:34.151252003Z          PubRec: 0,
2020-08-17T16:26:34.151262727Z          PubRel: 0,
2020-08-17T16:26:34.151272150Z          PubComp: 0,
2020-08-17T16:26:34.151281520Z      }
2020-08-17T16:26:34.151302359Z  [2020-08-17T16:26:34Z INFO  dt_client_bytes] PubAck { pkid: 98 }
2020-08-17T16:26:34.151328456Z  [2020-08-17T16:26:34Z INFO  dt_client_bytes] NotificationCounter {
2020-08-17T16:26:34.151340032Z          Pub: 100,
2020-08-17T16:26:34.151349765Z          PubAck: 98,
2020-08-17T16:26:34.151359335Z          PubRec: 0,
2020-08-17T16:26:34.151368830Z          PubRel: 0,
2020-08-17T16:26:34.151378280Z          PubComp: 0,
2020-08-17T16:26:34.151387769Z      }
2020-08-17T16:26:34.151397311Z  [2020-08-17T16:26:34Z INFO  dt_client_bytes] PubAck { pkid: 99 }
2020-08-17T16:26:34.151407107Z  [2020-08-17T16:26:34Z INFO  dt_client_bytes] NotificationCounter {
2020-08-17T16:26:34.151416831Z          Pub: 100,
2020-08-17T16:26:34.151426447Z          PubAck: 99,
2020-08-17T16:26:34.151435893Z          PubRec: 0,
2020-08-17T16:26:34.151456282Z          PubRel: 0,
2020-08-17T16:26:34.151537738Z          PubComp: 0,
2020-08-17T16:26:34.151548599Z      }
2020-08-17T16:26:34.155535806Z  [2020-08-17T16:26:34Z INFO  dt_client_bytes] PubAck { pkid: 100 }
2020-08-17T16:26:34.155564949Z  [2020-08-17T16:26:34Z INFO  dt_client_bytes] NotificationCounter {
2020-08-17T16:26:34.155575853Z          Pub: 100,
2020-08-17T16:26:34.155585610Z          PubAck: 100,
2020-08-17T16:26:34.155595507Z          PubRec: 0,
2020-08-17T16:26:34.155605334Z          PubRel: 0,
2020-08-17T16:26:34.155615032Z          PubComp: 0,
2020-08-17T16:26:34.155624614Z      }
2020-08-17T16:27:02.681874235Z  [2020-08-17T16:27:02Z INFO  dt_client_bytes] NotificationCounter {
2020-08-17T16:27:02.682068492Z          Pub: 100,
2020-08-17T16:27:02.682120317Z          PubAck: 100,
2020-08-17T16:27:02.682153813Z          PubRec: 0,
2020-08-17T16:27:02.682168816Z          PubRel: 0,
2020-08-17T16:27:02.682183514Z          PubComp: 0,
2020-08-17T16:27:02.682229530Z      }
2020-08-17T16:27:02.780678569Z  [2020-08-17T16:27:02Z INFO  dt_client_bytes] NotificationCounter {
2020-08-17T16:27:02.780743187Z          Pub: 100,
2020-08-17T16:27:02.780765730Z          PubAck: 100,
2020-08-17T16:27:02.780782242Z          PubRec: 0,
2020-08-17T16:27:02.780798019Z          PubRel: 0,
2020-08-17T16:27:02.780813686Z          PubComp: 0,
2020-08-17T16:27:02.780829372Z      }
2020-08-17T16:27:32.683092714Z  [2020-08-17T16:27:32Z INFO  dt_client_bytes] NotificationCounter {
2020-08-17T16:27:32.683269307Z          Pub: 100,
2020-08-17T16:27:32.683288528Z          PubAck: 100,
2020-08-17T16:27:32.683303494Z          PubRec: 0,
2020-08-17T16:27:32.683346770Z          PubRel: 0,
2020-08-17T16:27:32.683363462Z          PubComp: 0,
2020-08-17T16:27:32.683401501Z      }
2020-08-17T16:27:32.792110433Z  [2020-08-17T16:27:32Z INFO  dt_client_bytes] NotificationCounter {
2020-08-17T16:27:32.792204792Z          Pub: 100,
2020-08-17T16:27:32.792267777Z          PubAck: 100,
2020-08-17T16:27:32.792287968Z          PubRec: 0,
2020-08-17T16:27:32.792305572Z          PubRel: 0,
2020-08-17T16:27:32.792361747Z          PubComp: 0,
2020-08-17T16:27:32.792381834Z      }
2020-08-17T16:28:02.684005143Z  [2020-08-17T16:28:02Z INFO  dt_client_bytes] NotificationCounter {
2020-08-17T16:28:02.684148765Z          Pub: 100,
2020-08-17T16:28:02.684175580Z          PubAck: 100,
2020-08-17T16:28:02.684192636Z          PubRec: 0,
2020-08-17T16:28:02.684208986Z          PubRel: 0,
2020-08-17T16:28:02.684266449Z          PubComp: 0,
2020-08-17T16:28:02.684282911Z      }
2020-08-17T16:28:02.757458773Z  [2020-08-17T16:28:02Z INFO  dt_client_bytes] NotificationCounter {
2020-08-17T16:28:02.757547595Z          Pub: 100,
2020-08-17T16:28:02.757570750Z          PubAck: 100,
2020-08-17T16:28:02.757588767Z          PubRec: 0,
2020-08-17T16:28:02.757651769Z          PubRel: 0,
2020-08-17T16:28:02.757669399Z          PubComp: 0,
2020-08-17T16:28:02.757686773Z      }
2020-08-17T16:28:32.685397640Z  [2020-08-17T16:28:32Z INFO  dt_client_bytes] NotificationCounter {
2020-08-17T16:28:32.685472973Z          Pub: 100,
2020-08-17T16:28:32.685485245Z          PubAck: 100,
2020-08-17T16:28:32.685495069Z          PubRec: 0,
2020-08-17T16:28:32.685504156Z          PubRel: 0,
2020-08-17T16:28:32.685532806Z          PubComp: 0,
2020-08-17T16:28:32.685546315Z      }
2020-08-17T16:28:32.786875663Z  [2020-08-17T16:28:32Z INFO  dt_client_bytes] NotificationCounter {
2020-08-17T16:28:32.786964736Z          Pub: 100,
2020-08-17T16:28:32.787066506Z          PubAck: 100,
2020-08-17T16:28:32.787088854Z          PubRec: 0,
2020-08-17T16:28:32.787107344Z          PubRel: 0,
2020-08-17T16:28:32.787169912Z          PubComp: 0,
2020-08-17T16:28:32.787188996Z      }
2020-08-17T16:29:02.685842951Z  [2020-08-17T16:29:02Z INFO  dt_client_bytes] NotificationCounter {
2020-08-17T16:29:02.685946985Z          Pub: 100,
2020-08-17T16:29:02.686001736Z          PubAck: 100,
2020-08-17T16:29:02.686020596Z          PubRec: 0,
2020-08-17T16:29:02.686036470Z          PubRel: 0,
2020-08-17T16:29:02.686051894Z          PubComp: 0,
2020-08-17T16:29:02.686105761Z      }
2020-08-17T16:29:02.778439010Z  [2020-08-17T16:29:02Z INFO  dt_client_bytes] NotificationCounter {
2020-08-17T16:29:02.778565960Z          Pub: 100,
2020-08-17T16:29:02.778635431Z          PubAck: 100,
2020-08-17T16:29:02.778653925Z          PubRec: 0,
2020-08-17T16:29:02.778709383Z          PubRel: 0,
2020-08-17T16:29:02.778732808Z          PubComp: 0,
2020-08-17T16:29:02.778750398Z      }
