2020-08-17T16:26:35.387571348Z  [2020-08-17T16:26:35Z INFO  dt_client_bytes] Starting client. Host at mqtt-broker:1883
2020-08-17T16:26:35.390958342Z  [2020-08-17T16:26:35Z INFO  dt_client_bytes] Thread of topic 38162cb0-e585-43d7-b55d-5c240b2bfb7c/3142192f-6bae-4f12-a6f3-5464dc37e790/d0a71d84-b80f-4558-beac-8887750652e3
2020-08-17T16:26:35.390977978Z  [2020-08-17T16:26:35Z INFO  dt_client_bytes] 0::38162cb0-e585-43d7-b55d-5c240b2bfb7c/3142192f-6bae-4f12-a6f3-5464dc37e790/d0a71d84-b80f-4558-beac-8887750652e3 "0 BDWrlEoUlKzlHFgzcjBVVGlM2EpGokH10kM3MCVXfsgiiUKwk2pkdbaoFgajie"
2020-08-17T16:26:35.400624286Z  [2020-08-17T16:26:35Z INFO  dt_client_bytes] 1::38162cb0-e585-43d7-b55d-5c240b2bfb7c/3142192f-6bae-4f12-a6f3-5464dc37e790/d0a71d84-b80f-4558-beac-8887750652e3 "1 8kJIsG6CoymRx2a1PT9MIpZC1FooMCzOceUhqqZcesUW9GOyBGI1gRSpsS5aAz"
2020-08-17T16:26:35.411758371Z  [2020-08-17T16:26:35Z INFO  dt_client_bytes] 2::38162cb0-e585-43d7-b55d-5c240b2bfb7c/3142192f-6bae-4f12-a6f3-5464dc37e790/d0a71d84-b80f-4558-beac-8887750652e3 "2 ZjsAMsRD47pRwZSA1d9cdbgGpf35oIQBvbmbpQHSNfN4YPi0DZYiDciYz0kGrJ"
2020-08-17T16:26:35.422942168Z  [2020-08-17T16:26:35Z INFO  dt_client_bytes] 3::38162cb0-e585-43d7-b55d-5c240b2bfb7c/3142192f-6bae-4f12-a6f3-5464dc37e790/d0a71d84-b80f-4558-beac-8887750652e3 "3 wY6Fz2oTXyJPMStCUVRV3QAKUJ32lBlhQBnIHg0rYiSfgBmFN27k90OG3sULBi"
2020-08-17T16:26:35.434129306Z  [2020-08-17T16:26:35Z INFO  dt_client_bytes] 4::38162cb0-e585-43d7-b55d-5c240b2bfb7c/3142192f-6bae-4f12-a6f3-5464dc37e790/d0a71d84-b80f-4558-beac-8887750652e3 "4 hrmRnL5WMRZ2IW0sW2AxDLoz1S2ojgQRCJUsKCzN83fedBlGuccnDOYAW0zoxc"
2020-08-17T16:26:35.445381777Z  [2020-08-17T16:26:35Z INFO  dt_client_bytes] 5::38162cb0-e585-43d7-b55d-5c240b2bfb7c/3142192f-6bae-4f12-a6f3-5464dc37e790/d0a71d84-b80f-4558-beac-8887750652e3 "5 ULy4Yi8oEFuxyJsDdxyVNpV9RzPsQ9V0mxurGSOQmnLJXlD8yDt3rnbpBqpu9h"
2020-08-17T16:26:35.455752108Z  [2020-08-17T16:26:35Z INFO  dt_client_bytes] 6::38162cb0-e585-43d7-b55d-5c240b2bfb7c/3142192f-6bae-4f12-a6f3-5464dc37e790/d0a71d84-b80f-4558-beac-8887750652e3 "6 6ytNAMxC3nHlxTrHBAbmfD3BZt6otukEQyFyjFa36fknJo7j0oOcjhfc8tdFx8"
2020-08-17T16:26:35.466987509Z  [2020-08-17T16:26:35Z INFO  dt_client_bytes] 7::38162cb0-e585-43d7-b55d-5c240b2bfb7c/3142192f-6bae-4f12-a6f3-5464dc37e790/d0a71d84-b80f-4558-beac-8887750652e3 "7 FWRo1q9DuBasu1eC9D411LDVZid5PzYZ6JO1oN93hjZzhOG7JWpCKIsBMk0fxp"
2020-08-17T16:26:35.477978951Z  [2020-08-17T16:26:35Z INFO  dt_client_bytes] 8::38162cb0-e585-43d7-b55d-5c240b2bfb7c/3142192f-6bae-4f12-a6f3-5464dc37e790/d0a71d84-b80f-4558-beac-8887750652e3 "8 RQeU93zDbyIt3vRDCzEewmdpsvA1D5RYNQa3pHU2fCFClk92vC6HQljT5VxsCJ"
2020-08-17T16:26:35.489637593Z  [2020-08-17T16:26:35Z INFO  dt_client_bytes] 9::38162cb0-e585-43d7-b55d-5c240b2bfb7c/3142192f-6bae-4f12-a6f3-5464dc37e790/d0a71d84-b80f-4558-beac-8887750652e3 "9 ii8e8WBuc7BdDzl7B1cKvYxyW9D3WzCgVlQveNXrVJ8vkXVg6m839JkGSa5VFu"
2020-08-17T16:26:35.501358323Z  [2020-08-17T16:26:35Z INFO  dt_client_bytes] 10::38162cb0-e585-43d7-b55d-5c240b2bfb7c/3142192f-6bae-4f12-a6f3-5464dc37e790/d0a71d84-b80f-4558-beac-8887750652e3 "10 dqnNMZDJJw5jZvAarxE2dEPsDelnSalcNwWYt6BFYvMMddCdLNofPpShLzH7X"
2020-08-17T16:26:35.512214353Z  [2020-08-17T16:26:35Z INFO  dt_client_bytes] 11::38162cb0-e585-43d7-b55d-5c240b2bfb7c/3142192f-6bae-4f12-a6f3-5464dc37e790/d0a71d84-b80f-4558-beac-8887750652e3 "11 j3lLuqDwHHKnw1AiQv14vb4fwJiZmVt0iRD9nihBI4QVkMEjyqacsCk0DNXQt"
2020-08-17T16:26:35.523632356Z  [2020-08-17T16:26:35Z INFO  dt_client_bytes] 12::38162cb0-e585-43d7-b55d-5c240b2bfb7c/3142192f-6bae-4f12-a6f3-5464dc37e790/d0a71d84-b80f-4558-beac-8887750652e3 "12 QJEnZOrXKTEsBJQJJJx2hoZsmJSz5T3FVLUFXbD87wr165dlpVmepqYStAR8K"
2020-08-17T16:26:35.534822298Z  [2020-08-17T16:26:35Z INFO  dt_client_bytes] 13::38162cb0-e585-43d7-b55d-5c240b2bfb7c/3142192f-6bae-4f12-a6f3-5464dc37e790/d0a71d84-b80f-4558-beac-8887750652e3 "13 Ansz8Zt9Eh5bZSoVjYD8xRiOTP60k4nRDD7W7RLWV0tCSXoVB2cfTLEZj0aeN"
2020-08-17T16:26:35.546116682Z  [2020-08-17T16:26:35Z INFO  dt_client_bytes] 14::38162cb0-e585-43d7-b55d-5c240b2bfb7c/3142192f-6bae-4f12-a6f3-5464dc37e790/d0a71d84-b80f-4558-beac-8887750652e3 "14 nLzSug0YJ8wZdKOmnPvCMYrybZjGtd0EskDQLWwGTmqIGa8fxEo4VIn5iicch"
2020-08-17T16:26:35.557392433Z  [2020-08-17T16:26:35Z INFO  dt_client_bytes] 15::38162cb0-e585-43d7-b55d-5c240b2bfb7c/3142192f-6bae-4f12-a6f3-5464dc37e790/d0a71d84-b80f-4558-beac-8887750652e3 "15 ow5HmDnzmeYCBRrMO78R3V6uQ53nZQa0mqQXjdjKYia5tLPBWmHMSpjzZVOZg"
2020-08-17T16:26:35.568496228Z  [2020-08-17T16:26:35Z INFO  dt_client_bytes] 16::38162cb0-e585-43d7-b55d-5c240b2bfb7c/3142192f-6bae-4f12-a6f3-5464dc37e790/d0a71d84-b80f-4558-beac-8887750652e3 "16 BdlcaGLmlOZEI7xqzhrrmsIMwHCgKj2nD45SfqyNQS5L0BQU3sYiMP8dydhUl"
2020-08-17T16:26:35.579890096Z  [2020-08-17T16:26:35Z INFO  dt_client_bytes] 17::38162cb0-e585-43d7-b55d-5c240b2bfb7c/3142192f-6bae-4f12-a6f3-5464dc37e790/d0a71d84-b80f-4558-beac-8887750652e3 "17 5MbLEe3yerznHbOXEQaViNVLAcSK4BQIkBubpxXIW4Jsc40aDCIJZXUaibbb9"
2020-08-17T16:26:35.587212185Z  [2020-08-17T16:26:35Z INFO  dt_client_bytes] Publish 1
2020-08-17T16:26:35.587791369Z  [2020-08-17T16:26:35Z INFO  dt_client_bytes] Publish 2
2020-08-17T16:26:35.588933813Z  [2020-08-17T16:26:35Z INFO  dt_client_bytes] Publish 3
2020-08-17T16:26:35.590142863Z  [2020-08-17T16:26:35Z INFO  dt_client_bytes] Publish 4
2020-08-17T16:26:35.592351022Z  [2020-08-17T16:26:35Z INFO  dt_client_bytes] Publish 5
2020-08-17T16:26:35.592434208Z  [2020-08-17T16:26:35Z INFO  dt_client_bytes] 18::38162cb0-e585-43d7-b55d-5c240b2bfb7c/3142192f-6bae-4f12-a6f3-5464dc37e790/d0a71d84-b80f-4558-beac-8887750652e3 "18 NtKTjCciZOkiks4JWRLs0Hd9oqvbsauy2hK8hkCMCllwxDv2GTIn3JIlmwWUu"
2020-08-17T16:26:35.592724535Z  [2020-08-17T16:26:35Z INFO  dt_client_bytes] Publish 6
2020-08-17T16:26:35.592850970Z  [2020-08-17T16:26:35Z INFO  dt_client_bytes] Publish 7
2020-08-17T16:26:35.594160159Z  [2020-08-17T16:26:35Z INFO  dt_client_bytes] Publish 8
2020-08-17T16:26:35.595591934Z  [2020-08-17T16:26:35Z INFO  dt_client_bytes] Publish 9
2020-08-17T16:26:35.596887680Z  [2020-08-17T16:26:35Z INFO  dt_client_bytes] Publish 10
2020-08-17T16:26:35.598525957Z  [2020-08-17T16:26:35Z INFO  dt_client_bytes] Publish 11
2020-08-17T16:26:35.599594556Z  [2020-08-17T16:26:35Z INFO  dt_client_bytes] Publish 12
2020-08-17T16:26:35.600942324Z  [2020-08-17T16:26:35Z INFO  dt_client_bytes] Publish 13
2020-08-17T16:26:35.602296534Z  [2020-08-17T16:26:35Z INFO  dt_client_bytes] Publish 14
2020-08-17T16:26:35.603426248Z  [2020-08-17T16:26:35Z INFO  dt_client_bytes] Publish 15
2020-08-17T16:26:35.603487590Z  [2020-08-17T16:26:35Z INFO  dt_client_bytes] 19::38162cb0-e585-43d7-b55d-5c240b2bfb7c/3142192f-6bae-4f12-a6f3-5464dc37e790/d0a71d84-b80f-4558-beac-8887750652e3 "19 TIMjbq5YarnhnI0Qlusxs9FcIbl96wvPLQIVnLu7OHFfszTSla56bV7nm0Vsm"
2020-08-17T16:26:35.604748570Z  [2020-08-17T16:26:35Z INFO  dt_client_bytes] Publish 16
2020-08-17T16:26:35.606057922Z  [2020-08-17T16:26:35Z INFO  dt_client_bytes] Publish 17
2020-08-17T16:26:35.607354356Z  [2020-08-17T16:26:35Z INFO  dt_client_bytes] Publish 18
2020-08-17T16:26:35.608915397Z  [2020-08-17T16:26:35Z INFO  dt_client_bytes] Publish 19
2020-08-17T16:26:35.610154471Z  [2020-08-17T16:26:35Z INFO  dt_client_bytes] Publish 20
2020-08-17T16:26:35.617269808Z  [2020-08-17T16:26:35Z INFO  dt_client_bytes] 20::38162cb0-e585-43d7-b55d-5c240b2bfb7c/3142192f-6bae-4f12-a6f3-5464dc37e790/d0a71d84-b80f-4558-beac-8887750652e3 "20 0dlkgQkZ4sxfgdFmWt2AcUYIIZCfEQtrgLkafJ5DgrZ7dZYzfgwKnj9eYR0Kx"
2020-08-17T16:26:35.617288247Z  [2020-08-17T16:26:35Z INFO  dt_client_bytes] Publish 21
2020-08-17T16:26:35.628458227Z  [2020-08-17T16:26:35Z INFO  dt_client_bytes] 21::38162cb0-e585-43d7-b55d-5c240b2bfb7c/3142192f-6bae-4f12-a6f3-5464dc37e790/d0a71d84-b80f-4558-beac-8887750652e3 "21 CsPmmYc0odJ1fazCEiFkpWkyOE6WA3h1tXhlWU9vpRJe5aBy9h2ZToTMQPycT"
2020-08-17T16:26:35.628511750Z  [2020-08-17T16:26:35Z INFO  dt_client_bytes] Publish 22
2020-08-17T16:26:35.639215018Z  [2020-08-17T16:26:35Z INFO  dt_client_bytes] 22::38162cb0-e585-43d7-b55d-5c240b2bfb7c/3142192f-6bae-4f12-a6f3-5464dc37e790/d0a71d84-b80f-4558-beac-8887750652e3 "22 TkdRym4UPqnBaWLv7Mm1C1b7GXkA1rjaKYcKFMnT06YaBCvXQDgwVoQEGkGV6"
2020-08-17T16:26:35.639610515Z  [2020-08-17T16:26:35Z INFO  dt_client_bytes] Publish 23
2020-08-17T16:26:35.650465450Z  [2020-08-17T16:26:35Z INFO  dt_client_bytes] 23::38162cb0-e585-43d7-b55d-5c240b2bfb7c/3142192f-6bae-4f12-a6f3-5464dc37e790/d0a71d84-b80f-4558-beac-8887750652e3 "23 L0f0FUvBEdrNZjNhXGMXoPA7EbbQAPOH9QmFGhd1vOF9CnAsqPR122qbdOh1o"
2020-08-17T16:26:35.650751436Z  [2020-08-17T16:26:35Z INFO  dt_client_bytes] Publish 24
2020-08-17T16:26:35.662548037Z  [2020-08-17T16:26:35Z INFO  dt_client_bytes] 24::38162cb0-e585-43d7-b55d-5c240b2bfb7c/3142192f-6bae-4f12-a6f3-5464dc37e790/d0a71d84-b80f-4558-beac-8887750652e3 "24 j6o8AQHb58Ao8s5y9NRYk3NKGGjNeItnhfhjTNZr25Se9Ivg98urmlguFPedD"
2020-08-17T16:26:35.662574496Z  [2020-08-17T16:26:35Z INFO  dt_client_bytes] Publish 25
2020-08-17T16:26:35.673651304Z  [2020-08-17T16:26:35Z INFO  dt_client_bytes] 25::38162cb0-e585-43d7-b55d-5c240b2bfb7c/3142192f-6bae-4f12-a6f3-5464dc37e790/d0a71d84-b80f-4558-beac-8887750652e3 "25 MSMJl2JdpcW2xoR67sQwhGUI1BtXQWM67xqF6iikJKXnWYwGzWTVGPy03iVJB"
2020-08-17T16:26:35.673690225Z  [2020-08-17T16:26:35Z INFO  dt_client_bytes] Publish 26
2020-08-17T16:26:35.684595611Z  [2020-08-17T16:26:35Z INFO  dt_client_bytes] 26::38162cb0-e585-43d7-b55d-5c240b2bfb7c/3142192f-6bae-4f12-a6f3-5464dc37e790/d0a71d84-b80f-4558-beac-8887750652e3 "26 VHy3NXHCMHloVqG74hhzITiJb8cI6XhpBqBp4N9Z35zGQH7f5X9ycRQeeKqpV"
2020-08-17T16:26:35.684666635Z  [2020-08-17T16:26:35Z INFO  dt_client_bytes] Publish 27
2020-08-17T16:26:35.697176132Z  [2020-08-17T16:26:35Z INFO  dt_client_bytes] 27::38162cb0-e585-43d7-b55d-5c240b2bfb7c/3142192f-6bae-4f12-a6f3-5464dc37e790/d0a71d84-b80f-4558-beac-8887750652e3 "27 JuJS1Hh673nVeYAEWliM6aFfAkMPwLpce219kx929TCDaH4Nksxvl71tXMH6G"
2020-08-17T16:26:35.697221534Z  [2020-08-17T16:26:35Z INFO  dt_client_bytes] Publish 28
2020-08-17T16:26:35.700323131Z  [2020-08-17T16:26:35Z INFO  dt_client_bytes] PubAck { pkid: 1 }
2020-08-17T16:26:35.707906157Z  [2020-08-17T16:26:35Z INFO  dt_client_bytes] 28::38162cb0-e585-43d7-b55d-5c240b2bfb7c/3142192f-6bae-4f12-a6f3-5464dc37e790/d0a71d84-b80f-4558-beac-8887750652e3 "28 NmyyJA1yz6G7uEvQNVJKkMVuZ0tiffkD9ccLA7fxHh1MDlTdeikc2igm0TatR"
2020-08-17T16:26:35.707925737Z  [2020-08-17T16:26:35Z INFO  dt_client_bytes] Publish 29
2020-08-17T16:26:35.719525481Z  [2020-08-17T16:26:35Z INFO  dt_client_bytes] 29::38162cb0-e585-43d7-b55d-5c240b2bfb7c/3142192f-6bae-4f12-a6f3-5464dc37e790/d0a71d84-b80f-4558-beac-8887750652e3 "29 IiHQKRms2H65BAM7Yju4LQAtq5kSZYx0AdS3JvmqaoiUxe2Sf0jUaPGHLJfb1"
2020-08-17T16:26:35.719592748Z  [2020-08-17T16:26:35Z INFO  dt_client_bytes] Publish 30
2020-08-17T16:26:35.730285654Z  [2020-08-17T16:26:35Z INFO  dt_client_bytes] 30::38162cb0-e585-43d7-b55d-5c240b2bfb7c/3142192f-6bae-4f12-a6f3-5464dc37e790/d0a71d84-b80f-4558-beac-8887750652e3 "30 yAQgsfQngpbzGhdZufLqyW2PhsUWDUI9UrSQ57c4wZd74w2Obze6yLlK3H1Po"
2020-08-17T16:26:35.730318323Z  [2020-08-17T16:26:35Z INFO  dt_client_bytes] Publish 31
2020-08-17T16:26:35.741127867Z  [2020-08-17T16:26:35Z INFO  dt_client_bytes] 31::38162cb0-e585-43d7-b55d-5c240b2bfb7c/3142192f-6bae-4f12-a6f3-5464dc37e790/d0a71d84-b80f-4558-beac-8887750652e3 "31 Ny2koNvjz8jvtmnY2nXM3Sd13KEYwu6p8AwKemk809ek9ojffj3YLwAAPQbI8"
2020-08-17T16:26:35.741208135Z  [2020-08-17T16:26:35Z INFO  dt_client_bytes] Publish 32
2020-08-17T16:26:35.752255131Z  [2020-08-17T16:26:35Z INFO  dt_client_bytes] 32::38162cb0-e585-43d7-b55d-5c240b2bfb7c/3142192f-6bae-4f12-a6f3-5464dc37e790/d0a71d84-b80f-4558-beac-8887750652e3 "32 Shumtzz4C5veO92jOR9Mn5U4HrK5CUBhhdJLnqDfY2UAFj0GL8FQA1aBhtlmV"
2020-08-17T16:26:35.752327279Z  [2020-08-17T16:26:35Z INFO  dt_client_bytes] Publish 33
2020-08-17T16:26:35.762970734Z  [2020-08-17T16:26:35Z INFO  dt_client_bytes] 33::38162cb0-e585-43d7-b55d-5c240b2bfb7c/3142192f-6bae-4f12-a6f3-5464dc37e790/d0a71d84-b80f-4558-beac-8887750652e3 "33 aUCyWRjN4lTlTLNpWEaCAAQXNyi1ALyX67bv1bMXfNfW9DPLjkqHQclZy6VOc"
2020-08-17T16:26:35.762994889Z  [2020-08-17T16:26:35Z INFO  dt_client_bytes] Publish 34
2020-08-17T16:26:35.775935136Z  [2020-08-17T16:26:35Z INFO  dt_client_bytes] 34::38162cb0-e585-43d7-b55d-5c240b2bfb7c/3142192f-6bae-4f12-a6f3-5464dc37e790/d0a71d84-b80f-4558-beac-8887750652e3 "34 05gpT81LfiKwkv6fA0GoL23rrhiZmsBictVfU82EnBjjloXpgiaRgeMhhLg9C"
2020-08-17T16:26:35.775953172Z  [2020-08-17T16:26:35Z INFO  dt_client_bytes] Publish 35
2020-08-17T16:26:35.785934674Z  [2020-08-17T16:26:35Z INFO  dt_client_bytes] 35::38162cb0-e585-43d7-b55d-5c240b2bfb7c/3142192f-6bae-4f12-a6f3-5464dc37e790/d0a71d84-b80f-4558-beac-8887750652e3 "35 cqJxn00EswFEZxlzLH3PCkFeVMGjtodJaMFyVsfCqKClXJOl9gRqREuolnloB"
2020-08-17T16:26:35.785976451Z  [2020-08-17T16:26:35Z INFO  dt_client_bytes] Publish 36
2020-08-17T16:26:35.795950083Z  [2020-08-17T16:26:35Z INFO  dt_client_bytes] 36::38162cb0-e585-43d7-b55d-5c240b2bfb7c/3142192f-6bae-4f12-a6f3-5464dc37e790/d0a71d84-b80f-4558-beac-8887750652e3 "36 CjIOl5XYzwZ6dhiTRZAdpbqzcg17S4ufsbHP6aMYf2HJLit9AkpyYXw3Oso9H"
2020-08-17T16:26:35.795985608Z  [2020-08-17T16:26:35Z INFO  dt_client_bytes] Publish 37
2020-08-17T16:26:35.807861544Z  [2020-08-17T16:26:35Z INFO  dt_client_bytes] 37::38162cb0-e585-43d7-b55d-5c240b2bfb7c/3142192f-6bae-4f12-a6f3-5464dc37e790/d0a71d84-b80f-4558-beac-8887750652e3 "37 Zi3DWksPVDDtNpmuXsv9mLydHreKDAEiXtb6KWsMQfJdFHFDJqozj2VQmc4Yo"
2020-08-17T16:26:35.808011030Z  [2020-08-17T16:26:35Z INFO  dt_client_bytes] Publish 38
2020-08-17T16:26:35.820209551Z  [2020-08-17T16:26:35Z INFO  dt_client_bytes] 38::38162cb0-e585-43d7-b55d-5c240b2bfb7c/3142192f-6bae-4f12-a6f3-5464dc37e790/d0a71d84-b80f-4558-beac-8887750652e3 "38 SS3bFidUhuu7qth9SqiFQbR34LXCAwCttnObO8vA4GSuM2PwOWtXHboDRE3BM"
2020-08-17T16:26:35.820299452Z  [2020-08-17T16:26:35Z INFO  dt_client_bytes] Publish 39
2020-08-17T16:26:35.828084729Z  [2020-08-17T16:26:35Z INFO  dt_client_bytes] PubAck { pkid: 2 }
2020-08-17T16:26:35.829326714Z  [2020-08-17T16:26:35Z INFO  dt_client_bytes] PubAck { pkid: 3 }
2020-08-17T16:26:35.830699002Z  [2020-08-17T16:26:35Z INFO  dt_client_bytes] PubAck { pkid: 4 }
2020-08-17T16:26:35.830752433Z  [2020-08-17T16:26:35Z INFO  dt_client_bytes] PubAck { pkid: 5 }
2020-08-17T16:26:35.830764735Z  [2020-08-17T16:26:35Z INFO  dt_client_bytes] 39::38162cb0-e585-43d7-b55d-5c240b2bfb7c/3142192f-6bae-4f12-a6f3-5464dc37e790/d0a71d84-b80f-4558-beac-8887750652e3 "39 mzK6DfTv6c50qNs854Lh1JgQGbMc6mTHTtNZAMULj2nfW9V9WbbEalhIgxVfv"
2020-08-17T16:26:35.831768703Z  [2020-08-17T16:26:35Z INFO  dt_client_bytes] Publish 40
2020-08-17T16:26:35.832925598Z  [2020-08-17T16:26:35Z INFO  dt_client_bytes] PubAck { pkid: 6 }
2020-08-17T16:26:35.834116702Z  [2020-08-17T16:26:35Z INFO  dt_client_bytes] PubAck { pkid: 7 }
2020-08-17T16:26:35.835970163Z  [2020-08-17T16:26:35Z INFO  dt_client_bytes] PubAck { pkid: 8 }
2020-08-17T16:26:35.837029809Z  [2020-08-17T16:26:35Z INFO  dt_client_bytes] PubAck { pkid: 9 }
2020-08-17T16:26:35.838376154Z  [2020-08-17T16:26:35Z INFO  dt_client_bytes] PubAck { pkid: 10 }
2020-08-17T16:26:35.839934944Z  [2020-08-17T16:26:35Z INFO  dt_client_bytes] PubAck { pkid: 11 }
2020-08-17T16:26:35.841235520Z  [2020-08-17T16:26:35Z INFO  dt_client_bytes] PubAck { pkid: 12 }
2020-08-17T16:26:35.842700118Z  [2020-08-17T16:26:35Z INFO  dt_client_bytes] PubAck { pkid: 13 }
2020-08-17T16:26:35.842758647Z  [2020-08-17T16:26:35Z INFO  dt_client_bytes] 40::38162cb0-e585-43d7-b55d-5c240b2bfb7c/3142192f-6bae-4f12-a6f3-5464dc37e790/d0a71d84-b80f-4558-beac-8887750652e3 "40 9UoxKUlIvGBPybAgAjKThuKUrMI5Mdys9yMziqfJA9UxlVYT1jbJSUbuBBJq3"
2020-08-17T16:26:35.844092800Z  [2020-08-17T16:26:35Z INFO  dt_client_bytes] PubAck { pkid: 14 }
2020-08-17T16:26:35.845973138Z  [2020-08-17T16:26:35Z INFO  dt_client_bytes] Publish 41
2020-08-17T16:26:35.846824324Z  [2020-08-17T16:26:35Z INFO  dt_client_bytes] PubAck { pkid: 15 }
2020-08-17T16:26:35.847927342Z  [2020-08-17T16:26:35Z INFO  dt_client_bytes] PubAck { pkid: 16 }
2020-08-17T16:26:35.849255353Z  [2020-08-17T16:26:35Z INFO  dt_client_bytes] PubAck { pkid: 17 }
2020-08-17T16:26:35.850607929Z  [2020-08-17T16:26:35Z INFO  dt_client_bytes] PubAck { pkid: 18 }
2020-08-17T16:26:35.851926799Z  [2020-08-17T16:26:35Z INFO  dt_client_bytes] PubAck { pkid: 19 }
2020-08-17T16:26:35.853196898Z  [2020-08-17T16:26:35Z INFO  dt_client_bytes] PubAck { pkid: 20 }
2020-08-17T16:26:35.854677327Z  [2020-08-17T16:26:35Z INFO  dt_client_bytes] PubAck { pkid: 21 }
2020-08-17T16:26:35.854704092Z  [2020-08-17T16:26:35Z INFO  dt_client_bytes] 41::38162cb0-e585-43d7-b55d-5c240b2bfb7c/3142192f-6bae-4f12-a6f3-5464dc37e790/d0a71d84-b80f-4558-beac-8887750652e3 "41 XZuxu34OfcLyiwnmcP1VFEnV0XsmIeEe5ugLRG0l1BFIGdcpbuHLg3wFMLCVz"
2020-08-17T16:26:35.854751064Z  [2020-08-17T16:26:35Z INFO  dt_client_bytes] PubAck { pkid: 22 }
2020-08-17T16:26:35.855998373Z  [2020-08-17T16:26:35Z INFO  dt_client_bytes] PubAck { pkid: 23 }
2020-08-17T16:26:35.857609713Z  [2020-08-17T16:26:35Z INFO  dt_client_bytes] PubAck { pkid: 24 }
2020-08-17T16:26:35.857661786Z  [2020-08-17T16:26:35Z INFO  dt_client_bytes] Publish 42
2020-08-17T16:26:35.858689320Z  [2020-08-17T16:26:35Z INFO  dt_client_bytes] PubAck { pkid: 25 }
2020-08-17T16:26:35.860018378Z  [2020-08-17T16:26:35Z INFO  dt_client_bytes] PubAck { pkid: 26 }
2020-08-17T16:26:35.861461945Z  [2020-08-17T16:26:35Z INFO  dt_client_bytes] PubAck { pkid: 27 }
2020-08-17T16:26:35.862809183Z  [2020-08-17T16:26:35Z INFO  dt_client_bytes] PubAck { pkid: 28 }
2020-08-17T16:26:35.867795702Z  [2020-08-17T16:26:35Z INFO  dt_client_bytes] 42::38162cb0-e585-43d7-b55d-5c240b2bfb7c/3142192f-6bae-4f12-a6f3-5464dc37e790/d0a71d84-b80f-4558-beac-8887750652e3 "42 1u9Wmycs3gqm3CRkH5FprvfG2ztlgVs08psBGLPJftclpYmz1tJvT7MtnszO1"
2020-08-17T16:26:35.867820927Z  [2020-08-17T16:26:35Z INFO  dt_client_bytes] Publish 43
2020-08-17T16:26:35.879200975Z  [2020-08-17T16:26:35Z INFO  dt_client_bytes] 43::38162cb0-e585-43d7-b55d-5c240b2bfb7c/3142192f-6bae-4f12-a6f3-5464dc37e790/d0a71d84-b80f-4558-beac-8887750652e3 "43 55SJJhrPhbNIb2Ki8Cv1aiLvTam5kYOrYRkasX5LJEQGrTCqsLy23iaCNzHzv"
2020-08-17T16:26:35.879260412Z  [2020-08-17T16:26:35Z INFO  dt_client_bytes] Publish 44
2020-08-17T16:26:35.890549575Z  [2020-08-17T16:26:35Z INFO  dt_client_bytes] 44::38162cb0-e585-43d7-b55d-5c240b2bfb7c/3142192f-6bae-4f12-a6f3-5464dc37e790/d0a71d84-b80f-4558-beac-8887750652e3 "44 I0njzlcWXYhEpsTILi57Mhle4LZk0ocNrms8ZLFZ3l1JRFcKMrip8Aa1x57iZ"
2020-08-17T16:26:35.890634485Z  [2020-08-17T16:26:35Z INFO  dt_client_bytes] Publish 45
2020-08-17T16:26:35.901750774Z  [2020-08-17T16:26:35Z INFO  dt_client_bytes] 45::38162cb0-e585-43d7-b55d-5c240b2bfb7c/3142192f-6bae-4f12-a6f3-5464dc37e790/d0a71d84-b80f-4558-beac-8887750652e3 "45 er1CN48MhYPltagHccxYw1qEhbN1mdX8NE6ucKEK6ClxUjuoCBWhz6QZAjySk"
2020-08-17T16:26:35.901769719Z  [2020-08-17T16:26:35Z INFO  dt_client_bytes] Publish 46
2020-08-17T16:26:35.914315296Z  [2020-08-17T16:26:35Z INFO  dt_client_bytes] 46::38162cb0-e585-43d7-b55d-5c240b2bfb7c/3142192f-6bae-4f12-a6f3-5464dc37e790/d0a71d84-b80f-4558-beac-8887750652e3 "46 NbjPJvyNI1l5VvcptXnoNBNqwdPWDF6AIArqTeC3EbgAVHR4VU4N9uPdMX9If"
2020-08-17T16:26:35.914634790Z  [2020-08-17T16:26:35Z INFO  dt_client_bytes] Publish 47
2020-08-17T16:26:35.924304587Z  [2020-08-17T16:26:35Z INFO  dt_client_bytes] 47::38162cb0-e585-43d7-b55d-5c240b2bfb7c/3142192f-6bae-4f12-a6f3-5464dc37e790/d0a71d84-b80f-4558-beac-8887750652e3 "47 MqAqROMs8kCPmV2o4yMsdVeRiB2HKMHXHieYCIaw6qjrIzJncQONDhBlpiuVf"
2020-08-17T16:26:35.924382023Z  [2020-08-17T16:26:35Z INFO  dt_client_bytes] Publish 48
2020-08-17T16:26:35.929628341Z  [2020-08-17T16:26:35Z INFO  dt_client_bytes] PubAck { pkid: 29 }
2020-08-17T16:26:35.929714545Z  [2020-08-17T16:26:35Z INFO  dt_client_bytes] PubAck { pkid: 30 }
2020-08-17T16:26:35.930852280Z  [2020-08-17T16:26:35Z INFO  dt_client_bytes] PubAck { pkid: 31 }
2020-08-17T16:26:35.932093920Z  [2020-08-17T16:26:35Z INFO  dt_client_bytes] PubAck { pkid: 32 }
2020-08-17T16:26:35.933321791Z  [2020-08-17T16:26:35Z INFO  dt_client_bytes] PubAck { pkid: 33 }
2020-08-17T16:26:35.934604239Z  [2020-08-17T16:26:35Z INFO  dt_client_bytes] PubAck { pkid: 34 }
2020-08-17T16:26:35.934665586Z  [2020-08-17T16:26:35Z INFO  dt_client_bytes] 48::38162cb0-e585-43d7-b55d-5c240b2bfb7c/3142192f-6bae-4f12-a6f3-5464dc37e790/d0a71d84-b80f-4558-beac-8887750652e3 "48 3X1LQr2XEooEUQDlejaUMyQZafaiQaKSjZPDYx4H3yUALTIaSCKQQKrqhbI4A"
2020-08-17T16:26:35.937025394Z  [2020-08-17T16:26:35Z INFO  dt_client_bytes] PubAck { pkid: 35 }
2020-08-17T16:26:35.937058420Z  [2020-08-17T16:26:35Z INFO  dt_client_bytes] Publish 49
2020-08-17T16:26:35.946890123Z  [2020-08-17T16:26:35Z INFO  dt_client_bytes] 49::38162cb0-e585-43d7-b55d-5c240b2bfb7c/3142192f-6bae-4f12-a6f3-5464dc37e790/d0a71d84-b80f-4558-beac-8887750652e3 "49 VglgSt8ZAbWZi4LUQrTvnyey5BqFOg65jWVvuY3t1NYymiUOlD0jRN3lW7FPT"
2020-08-17T16:26:35.946969951Z  [2020-08-17T16:26:35Z INFO  dt_client_bytes] Publish 50
2020-08-17T16:26:35.959177102Z  [2020-08-17T16:26:35Z INFO  dt_client_bytes] 50::38162cb0-e585-43d7-b55d-5c240b2bfb7c/3142192f-6bae-4f12-a6f3-5464dc37e790/d0a71d84-b80f-4558-beac-8887750652e3 "50 bVg7IYJVdwnzS8xzdi7182hmCzX8OB94HNb92aUdInL0hpoXokRtInHfxsOkF"
2020-08-17T16:26:35.959210426Z  [2020-08-17T16:26:35Z INFO  dt_client_bytes] Publish 51
2020-08-17T16:26:35.970743745Z  [2020-08-17T16:26:35Z INFO  dt_client_bytes] 51::38162cb0-e585-43d7-b55d-5c240b2bfb7c/3142192f-6bae-4f12-a6f3-5464dc37e790/d0a71d84-b80f-4558-beac-8887750652e3 "51 2CtH272BYYCEsBEiueGUaIcrIpN6uCnXGa7I7zLxH36KSQQCaPX4SYj03Dw0m"
2020-08-17T16:26:35.970772517Z  [2020-08-17T16:26:35Z INFO  dt_client_bytes] Publish 52
2020-08-17T16:26:35.981231140Z  [2020-08-17T16:26:35Z INFO  dt_client_bytes] 52::38162cb0-e585-43d7-b55d-5c240b2bfb7c/3142192f-6bae-4f12-a6f3-5464dc37e790/d0a71d84-b80f-4558-beac-8887750652e3 "52 f7WNMw2ptUdaAyy1WeAy6P4MzmE1kSy73GyOIy0FRbnw9Cn2XfkniOZcX9XWF"
2020-08-17T16:26:35.981256074Z  [2020-08-17T16:26:35Z INFO  dt_client_bytes] Publish 53
2020-08-17T16:26:35.993237267Z  [2020-08-17T16:26:35Z INFO  dt_client_bytes] 53::38162cb0-e585-43d7-b55d-5c240b2bfb7c/3142192f-6bae-4f12-a6f3-5464dc37e790/d0a71d84-b80f-4558-beac-8887750652e3 "53 TEBgmXmayEXMl8S9PVfCp61q7eSZXAvDESJWcXsEPzi4Meu0gvmQ4QIKn1pCB"
2020-08-17T16:26:35.993321154Z  [2020-08-17T16:26:35Z INFO  dt_client_bytes] Publish 54
2020-08-17T16:26:36.004927304Z  [2020-08-17T16:26:36Z INFO  dt_client_bytes] 54::38162cb0-e585-43d7-b55d-5c240b2bfb7c/3142192f-6bae-4f12-a6f3-5464dc37e790/d0a71d84-b80f-4558-beac-8887750652e3 "54 T2WzDtdst3jsosTXmVjBGLFimp3HsyyWSgQNDBogMOe7blbxgGWklWYPgZ4Iu"
2020-08-17T16:26:36.005004732Z  [2020-08-17T16:26:36Z INFO  dt_client_bytes] Publish 55
2020-08-17T16:26:36.015255899Z  [2020-08-17T16:26:36Z INFO  dt_client_bytes] 55::38162cb0-e585-43d7-b55d-5c240b2bfb7c/3142192f-6bae-4f12-a6f3-5464dc37e790/d0a71d84-b80f-4558-beac-8887750652e3 "55 gBWJIofCYN7oC6DKlKJ2b5xp9whTOy1nowNhTuUm8niN0ZWkDrJYqNT2HcHAj"
2020-08-17T16:26:36.015361654Z  [2020-08-17T16:26:36Z INFO  dt_client_bytes] Publish 56
2020-08-17T16:26:36.026719273Z  [2020-08-17T16:26:36Z INFO  dt_client_bytes] 56::38162cb0-e585-43d7-b55d-5c240b2bfb7c/3142192f-6bae-4f12-a6f3-5464dc37e790/d0a71d84-b80f-4558-beac-8887750652e3 "56 s7m3ahlO3UxKvcNgU95wRZYzllsalxIkjCKwjSinQ9eSoNCbTeMYJwSYLsQOu"
2020-08-17T16:26:36.026750919Z  [2020-08-17T16:26:36Z INFO  dt_client_bytes] Publish 57
2020-08-17T16:26:36.036789536Z  [2020-08-17T16:26:36Z INFO  dt_client_bytes] 57::38162cb0-e585-43d7-b55d-5c240b2bfb7c/3142192f-6bae-4f12-a6f3-5464dc37e790/d0a71d84-b80f-4558-beac-8887750652e3 "57 VzfnxpwRjsoLqpX70SX59m1niFlxnZhAl6vyJccF31xnEwgX6BCS1JZdY4LG6"
2020-08-17T16:26:36.036814314Z  [2020-08-17T16:26:36Z INFO  dt_client_bytes] Publish 58
2020-08-17T16:26:36.040041635Z  [2020-08-17T16:26:36Z INFO  dt_client_bytes] PubAck { pkid: 36 }
2020-08-17T16:26:36.041436169Z  [2020-08-17T16:26:36Z INFO  dt_client_bytes] PubAck { pkid: 37 }
2020-08-17T16:26:36.042752763Z  [2020-08-17T16:26:36Z INFO  dt_client_bytes] PubAck { pkid: 38 }
2020-08-17T16:26:36.044051779Z  [2020-08-17T16:26:36Z INFO  dt_client_bytes] PubAck { pkid: 39 }
2020-08-17T16:26:36.045319546Z  [2020-08-17T16:26:36Z INFO  dt_client_bytes] PubAck { pkid: 40 }
2020-08-17T16:26:36.046605057Z  [2020-08-17T16:26:36Z INFO  dt_client_bytes] PubAck { pkid: 41 }
2020-08-17T16:26:36.047895047Z  [2020-08-17T16:26:36Z INFO  dt_client_bytes] PubAck { pkid: 42 }
2020-08-17T16:26:36.047971571Z  [2020-08-17T16:26:36Z INFO  dt_client_bytes] 58::38162cb0-e585-43d7-b55d-5c240b2bfb7c/3142192f-6bae-4f12-a6f3-5464dc37e790/d0a71d84-b80f-4558-beac-8887750652e3 "58 aK0waQxET5SGsn0my9OiyqugDNq1oUJ47z30M7xfbW0XSpjAE4fm7xHTnoaBO"
2020-08-17T16:26:36.049405523Z  [2020-08-17T16:26:36Z INFO  dt_client_bytes] Publish 59
2020-08-17T16:26:36.059381373Z  [2020-08-17T16:26:36Z INFO  dt_client_bytes] 59::38162cb0-e585-43d7-b55d-5c240b2bfb7c/3142192f-6bae-4f12-a6f3-5464dc37e790/d0a71d84-b80f-4558-beac-8887750652e3 "59 E1CTEjo17ea8naWiOjLRKuzWo7v1ZyHjt5Ug9jO32LtimfwffveeaqKRHETsG"
2020-08-17T16:26:36.059956150Z  [2020-08-17T16:26:36Z INFO  dt_client_bytes] Publish 60
2020-08-17T16:26:36.071265082Z  [2020-08-17T16:26:36Z INFO  dt_client_bytes] 60::38162cb0-e585-43d7-b55d-5c240b2bfb7c/3142192f-6bae-4f12-a6f3-5464dc37e790/d0a71d84-b80f-4558-beac-8887750652e3 "60 H9wzWAtp89s2ALeZDjdknZStd1vNZS9DBzfrOQVKCah7sG9qUfPBlOSSKmhks"
2020-08-17T16:26:36.071292105Z  [2020-08-17T16:26:36Z INFO  dt_client_bytes] Publish 61
2020-08-17T16:26:36.080833691Z  [2020-08-17T16:26:36Z INFO  dt_client_bytes] 61::38162cb0-e585-43d7-b55d-5c240b2bfb7c/3142192f-6bae-4f12-a6f3-5464dc37e790/d0a71d84-b80f-4558-beac-8887750652e3 "61 cNiWkVzsgcxfLOhA80txe8AvjSthdrmgDTXF8yirh5l3cFtn4m4u7TazK0v8A"
2020-08-17T16:26:36.080901084Z  [2020-08-17T16:26:36Z INFO  dt_client_bytes] Publish 62
2020-08-17T16:26:36.095521435Z  [2020-08-17T16:26:36Z INFO  dt_client_bytes] 62::38162cb0-e585-43d7-b55d-5c240b2bfb7c/3142192f-6bae-4f12-a6f3-5464dc37e790/d0a71d84-b80f-4558-beac-8887750652e3 "62 AsUtv7Yn1fOIdPO5gCgOtcbsQhIaIlaEl3w0xv7Lt6oyNKLm1I6MC5nudhUCx"
2020-08-17T16:26:36.095545899Z  [2020-08-17T16:26:36Z INFO  dt_client_bytes] Publish 63
2020-08-17T16:26:36.103111177Z  [2020-08-17T16:26:36Z INFO  dt_client_bytes] 63::38162cb0-e585-43d7-b55d-5c240b2bfb7c/3142192f-6bae-4f12-a6f3-5464dc37e790/d0a71d84-b80f-4558-beac-8887750652e3 "63 4cpoyAQdLwJ75ITqGL3VxXp4x1yYiJYoyyU83keQwo79OcYZFrtIs8lbtPgrl"
2020-08-17T16:26:36.103136433Z  [2020-08-17T16:26:36Z INFO  dt_client_bytes] Publish 64
2020-08-17T16:26:36.114423261Z  [2020-08-17T16:26:36Z INFO  dt_client_bytes] 64::38162cb0-e585-43d7-b55d-5c240b2bfb7c/3142192f-6bae-4f12-a6f3-5464dc37e790/d0a71d84-b80f-4558-beac-8887750652e3 "64 weP8vwTVgGAcZS1gqK9FXQPbBBfSzGj4XagvqyCQb12G19DqytTWl7G2txqMD"
2020-08-17T16:26:36.114490576Z  [2020-08-17T16:26:36Z INFO  dt_client_bytes] Publish 65
2020-08-17T16:26:36.120374160Z  [2020-08-17T16:26:36Z INFO  dt_client_bytes] PubAck { pkid: 43 }
2020-08-17T16:26:36.121612844Z  [2020-08-17T16:26:36Z INFO  dt_client_bytes] PubAck { pkid: 44 }
2020-08-17T16:26:36.122898230Z  [2020-08-17T16:26:36Z INFO  dt_client_bytes] PubAck { pkid: 45 }
2020-08-17T16:26:36.124061103Z  [2020-08-17T16:26:36Z INFO  dt_client_bytes] PubAck { pkid: 46 }
2020-08-17T16:26:36.125411826Z  [2020-08-17T16:26:36Z INFO  dt_client_bytes] PubAck { pkid: 47 }
2020-08-17T16:26:36.125478778Z  [2020-08-17T16:26:36Z INFO  dt_client_bytes] 65::38162cb0-e585-43d7-b55d-5c240b2bfb7c/3142192f-6bae-4f12-a6f3-5464dc37e790/d0a71d84-b80f-4558-beac-8887750652e3 "65 a0AK5IRqbToL5eU3x9VKM9MHTLfqbiuQMxuqcrjLk0Y33cOYm7H4I0ZdbxH90"
2020-08-17T16:26:36.126682108Z  [2020-08-17T16:26:36Z INFO  dt_client_bytes] Publish 66
2020-08-17T16:26:36.127905815Z  [2020-08-17T16:26:36Z INFO  dt_client_bytes] PubAck { pkid: 48 }
2020-08-17T16:26:36.129065109Z  [2020-08-17T16:26:36Z INFO  dt_client_bytes] PubAck { pkid: 49 }
2020-08-17T16:26:36.130342018Z  [2020-08-17T16:26:36Z INFO  dt_client_bytes] PubAck { pkid: 50 }
2020-08-17T16:26:36.131671934Z  [2020-08-17T16:26:36Z INFO  dt_client_bytes] PubAck { pkid: 51 }
2020-08-17T16:26:36.133565644Z  [2020-08-17T16:26:36Z INFO  dt_client_bytes] PubAck { pkid: 52 }
2020-08-17T16:26:36.134253255Z  [2020-08-17T16:26:36Z INFO  dt_client_bytes] PubAck { pkid: 53 }
2020-08-17T16:26:36.135604927Z  [2020-08-17T16:26:36Z INFO  dt_client_bytes] PubAck { pkid: 54 }
2020-08-17T16:26:36.135942544Z  [2020-08-17T16:26:36Z INFO  dt_client_bytes] PubAck { pkid: 55 }
2020-08-17T16:26:36.135971417Z  [2020-08-17T16:26:36Z INFO  dt_client_bytes] 66::38162cb0-e585-43d7-b55d-5c240b2bfb7c/3142192f-6bae-4f12-a6f3-5464dc37e790/d0a71d84-b80f-4558-beac-8887750652e3 "66 SHK5AgdzLP3TaWelmuaQYuqnfjD6t0d5MzAvxYRPwWdbepPoImyw4L9NvYcyj"
2020-08-17T16:26:36.137121828Z  [2020-08-17T16:26:36Z INFO  dt_client_bytes] Publish 67
2020-08-17T16:26:36.148095144Z  [2020-08-17T16:26:36Z INFO  dt_client_bytes] 67::38162cb0-e585-43d7-b55d-5c240b2bfb7c/3142192f-6bae-4f12-a6f3-5464dc37e790/d0a71d84-b80f-4558-beac-8887750652e3 "67 YoHsS1ihie7hDvHvffn7UAub79qT6RPv1K0w3ru5cA2nT3vjpUTJJJhH0bFLl"
2020-08-17T16:26:36.148157322Z  [2020-08-17T16:26:36Z INFO  dt_client_bytes] Publish 68
2020-08-17T16:26:36.159883813Z  [2020-08-17T16:26:36Z INFO  dt_client_bytes] 68::38162cb0-e585-43d7-b55d-5c240b2bfb7c/3142192f-6bae-4f12-a6f3-5464dc37e790/d0a71d84-b80f-4558-beac-8887750652e3 "68 MJTxlFEwLC8ix66b2v7o80tt4cvqUoil5CJ82nI1COzzGGl91kahM9FxXMPfi"
2020-08-17T16:26:36.159988312Z  [2020-08-17T16:26:36Z INFO  dt_client_bytes] Publish 69
2020-08-17T16:26:36.171636759Z  [2020-08-17T16:26:36Z INFO  dt_client_bytes] 69::38162cb0-e585-43d7-b55d-5c240b2bfb7c/3142192f-6bae-4f12-a6f3-5464dc37e790/d0a71d84-b80f-4558-beac-8887750652e3 "69 J8h6LLVVbBeTsYrNqy7DWLKwZTXdpiBtYeiO5TWluDZBYc8Lif5E5VtoWhdQe"
2020-08-17T16:26:36.171661827Z  [2020-08-17T16:26:36Z INFO  dt_client_bytes] Publish 70
2020-08-17T16:26:36.181932537Z  [2020-08-17T16:26:36Z INFO  dt_client_bytes] 70::38162cb0-e585-43d7-b55d-5c240b2bfb7c/3142192f-6bae-4f12-a6f3-5464dc37e790/d0a71d84-b80f-4558-beac-8887750652e3 "70 AxAMu1CWiFTVz4EcRPUnVWNUJM5pT2AHYQWCuaq2VD3nRKN4qSzxyNlgPxz5v"
2020-08-17T16:26:36.181997471Z  [2020-08-17T16:26:36Z INFO  dt_client_bytes] Publish 71
2020-08-17T16:26:36.193955916Z  [2020-08-17T16:26:36Z INFO  dt_client_bytes] 71::38162cb0-e585-43d7-b55d-5c240b2bfb7c/3142192f-6bae-4f12-a6f3-5464dc37e790/d0a71d84-b80f-4558-beac-8887750652e3 "71 tKhT2MmUVkXmRN5Qs0fMSFHPXImbH9FuPy3irQfp16jIh4On7GwIt9WL1c0N5"
2020-08-17T16:26:36.194040015Z  [2020-08-17T16:26:36Z INFO  dt_client_bytes] Publish 72
2020-08-17T16:26:36.204250584Z  [2020-08-17T16:26:36Z INFO  dt_client_bytes] 72::38162cb0-e585-43d7-b55d-5c240b2bfb7c/3142192f-6bae-4f12-a6f3-5464dc37e790/d0a71d84-b80f-4558-beac-8887750652e3 "72 wBMJsFMQXCp9jscoadRm9QEOpTlPISrjDr4on5PheFRUApSH3vh62oNT0npuy"
2020-08-17T16:26:36.204336511Z  [2020-08-17T16:26:36Z INFO  dt_client_bytes] Publish 73
2020-08-17T16:26:36.215023346Z  [2020-08-17T16:26:36Z INFO  dt_client_bytes] 73::38162cb0-e585-43d7-b55d-5c240b2bfb7c/3142192f-6bae-4f12-a6f3-5464dc37e790/d0a71d84-b80f-4558-beac-8887750652e3 "73 1FLzuhAelU8Jtczj3ZzL3acoHIhMJHNe1UodWAttLnVLkW9kIoBFmSdwYJbMG"
2020-08-17T16:26:36.215048731Z  [2020-08-17T16:26:36Z INFO  dt_client_bytes] Publish 74
2020-08-17T16:26:36.226636984Z  [2020-08-17T16:26:36Z INFO  dt_client_bytes] 74::38162cb0-e585-43d7-b55d-5c240b2bfb7c/3142192f-6bae-4f12-a6f3-5464dc37e790/d0a71d84-b80f-4558-beac-8887750652e3 "74 CK9PDQa3ObJgFdka5Zs8b5SgkY2WgTA9S9LG4bmPEmcEkmDXQtIL8ow8WGEzO"
2020-08-17T16:26:36.226736137Z  [2020-08-17T16:26:36Z INFO  dt_client_bytes] Publish 75
2020-08-17T16:26:36.228912522Z  [2020-08-17T16:26:36Z INFO  dt_client_bytes] PubAck { pkid: 56 }
2020-08-17T16:26:36.229790884Z  [2020-08-17T16:26:36Z INFO  dt_client_bytes] PubAck { pkid: 57 }
2020-08-17T16:26:36.231145597Z  [2020-08-17T16:26:36Z INFO  dt_client_bytes] PubAck { pkid: 58 }
2020-08-17T16:26:36.238932240Z  [2020-08-17T16:26:36Z INFO  dt_client_bytes] 75::38162cb0-e585-43d7-b55d-5c240b2bfb7c/3142192f-6bae-4f12-a6f3-5464dc37e790/d0a71d84-b80f-4558-beac-8887750652e3 "75 myT6foHX2EfqoDOfVQ5EUlYJ3iBSEgeXf8EHMQwo4HMs5xA0jhuaB0Lc77oSM"
2020-08-17T16:26:36.239010701Z  [2020-08-17T16:26:36Z INFO  dt_client_bytes] Publish 76
2020-08-17T16:26:36.250232097Z  [2020-08-17T16:26:36Z INFO  dt_client_bytes] 76::38162cb0-e585-43d7-b55d-5c240b2bfb7c/3142192f-6bae-4f12-a6f3-5464dc37e790/d0a71d84-b80f-4558-beac-8887750652e3 "76 WZVuicSV1ex0sqaoorlwCFm6xIjPxo9fJs7Tum6h3uV3Mgqxz7pq8wfrTPtmY"
2020-08-17T16:26:36.250298200Z  [2020-08-17T16:26:36Z INFO  dt_client_bytes] Publish 77
2020-08-17T16:26:36.261932595Z  [2020-08-17T16:26:36Z INFO  dt_client_bytes] 77::38162cb0-e585-43d7-b55d-5c240b2bfb7c/3142192f-6bae-4f12-a6f3-5464dc37e790/d0a71d84-b80f-4558-beac-8887750652e3 "77 qyUvf8k7NijsGeiogkGZhc5xL8ukO5pUIDCRia1ja5qT10czUKD9mivMOsfGM"
2020-08-17T16:26:36.262037256Z  [2020-08-17T16:26:36Z INFO  dt_client_bytes] Publish 78
2020-08-17T16:26:36.273562927Z  [2020-08-17T16:26:36Z INFO  dt_client_bytes] 78::38162cb0-e585-43d7-b55d-5c240b2bfb7c/3142192f-6bae-4f12-a6f3-5464dc37e790/d0a71d84-b80f-4558-beac-8887750652e3 "78 TcSMXEjtsvzY0h9hyRHIJJU2pVRXn9ifXhPjf7ZkmDFFKMDq9XYbrAiKOli74"
2020-08-17T16:26:36.273646920Z  [2020-08-17T16:26:36Z INFO  dt_client_bytes] Publish 79
2020-08-17T16:26:36.284130309Z  [2020-08-17T16:26:36Z INFO  dt_client_bytes] 79::38162cb0-e585-43d7-b55d-5c240b2bfb7c/3142192f-6bae-4f12-a6f3-5464dc37e790/d0a71d84-b80f-4558-beac-8887750652e3 "79 x1y33NZfclqCk4g9QlXgdRfwsfbpciHzDfEiw7DGeyOOtkhkrGwEoBMsRJcAQ"
2020-08-17T16:26:36.284215110Z  [2020-08-17T16:26:36Z INFO  dt_client_bytes] Publish 80
2020-08-17T16:26:36.295751615Z  [2020-08-17T16:26:36Z INFO  dt_client_bytes] 80::38162cb0-e585-43d7-b55d-5c240b2bfb7c/3142192f-6bae-4f12-a6f3-5464dc37e790/d0a71d84-b80f-4558-beac-8887750652e3 "80 q3TNuJicqoRclOC15o6RKpq7QZXU5zi7ED9IEYM6gpMd0nC3TXToQAXcvBVmN"
2020-08-17T16:26:36.295801811Z  [2020-08-17T16:26:36Z INFO  dt_client_bytes] Publish 81
2020-08-17T16:26:36.307163058Z  [2020-08-17T16:26:36Z INFO  dt_client_bytes] 81::38162cb0-e585-43d7-b55d-5c240b2bfb7c/3142192f-6bae-4f12-a6f3-5464dc37e790/d0a71d84-b80f-4558-beac-8887750652e3 "81 ch6xyvJSdYc8vwRIVKUEv3zSNHVae2btNdnBragvaGpyJzoFCu43wzD4DdrxD"
2020-08-17T16:26:36.307189532Z  [2020-08-17T16:26:36Z INFO  dt_client_bytes] Publish 82
2020-08-17T16:26:36.318804868Z  [2020-08-17T16:26:36Z INFO  dt_client_bytes] 82::38162cb0-e585-43d7-b55d-5c240b2bfb7c/3142192f-6bae-4f12-a6f3-5464dc37e790/d0a71d84-b80f-4558-beac-8887750652e3 "82 RbojlDUkbQWY9p8HZ5fctlH1wTVvMmNexhRSWGVWDaOmqe5hCbN8eAfbRC5Ew"
2020-08-17T16:26:36.318872337Z  [2020-08-17T16:26:36Z INFO  dt_client_bytes] Publish 83
2020-08-17T16:26:36.330929943Z  [2020-08-17T16:26:36Z INFO  dt_client_bytes] 83::38162cb0-e585-43d7-b55d-5c240b2bfb7c/3142192f-6bae-4f12-a6f3-5464dc37e790/d0a71d84-b80f-4558-beac-8887750652e3 "83 gyxqMqZYt0cjMsBANle0u9ZCzho2JHIHsaIhhTDHu1aoxetrcoL2Gpp922KhM"
2020-08-17T16:26:36.331026202Z  [2020-08-17T16:26:36Z INFO  dt_client_bytes] Publish 84
2020-08-17T16:26:36.340051875Z  [2020-08-17T16:26:36Z INFO  dt_client_bytes] PubAck { pkid: 59 }
2020-08-17T16:26:36.341582609Z  [2020-08-17T16:26:36Z INFO  dt_client_bytes] PubAck { pkid: 60 }
2020-08-17T16:26:36.341659789Z  [2020-08-17T16:26:36Z INFO  dt_client_bytes] 84::38162cb0-e585-43d7-b55d-5c240b2bfb7c/3142192f-6bae-4f12-a6f3-5464dc37e790/d0a71d84-b80f-4558-beac-8887750652e3 "84 c2pabZMPafXiK5pUOAOVYp9BkzviyctGT728QNl3F2eIcL3gy9W85Cd6TEmir"
2020-08-17T16:26:36.342849956Z  [2020-08-17T16:26:36Z INFO  dt_client_bytes] Publish 85
2020-08-17T16:26:36.344173711Z  [2020-08-17T16:26:36Z INFO  dt_client_bytes] PubAck { pkid: 61 }
2020-08-17T16:26:36.345507930Z  [2020-08-17T16:26:36Z INFO  dt_client_bytes] PubAck { pkid: 62 }
2020-08-17T16:26:36.346900157Z  [2020-08-17T16:26:36Z INFO  dt_client_bytes] PubAck { pkid: 63 }
2020-08-17T16:26:36.348302168Z  [2020-08-17T16:26:36Z INFO  dt_client_bytes] PubAck { pkid: 64 }
2020-08-17T16:26:36.349777159Z  [2020-08-17T16:26:36Z INFO  dt_client_bytes] PubAck { pkid: 65 }
2020-08-17T16:26:36.349847717Z  [2020-08-17T16:26:36Z INFO  dt_client_bytes] PubAck { pkid: 66 }
2020-08-17T16:26:36.350835226Z  [2020-08-17T16:26:36Z INFO  dt_client_bytes] PubAck { pkid: 67 }
2020-08-17T16:26:36.352127260Z  [2020-08-17T16:26:36Z INFO  dt_client_bytes] PubAck { pkid: 68 }
2020-08-17T16:26:36.352152011Z  [2020-08-17T16:26:36Z INFO  dt_client_bytes] 85::38162cb0-e585-43d7-b55d-5c240b2bfb7c/3142192f-6bae-4f12-a6f3-5464dc37e790/d0a71d84-b80f-4558-beac-8887750652e3 "85 OvZlCu9Wp9Sx4fLd6oEIwOZehnbsANQVbCjOaMM5dHNRHIx8bcT3okA3IDC03"
2020-08-17T16:26:36.354053304Z  [2020-08-17T16:26:36Z INFO  dt_client_bytes] Publish 86
2020-08-17T16:26:36.354107631Z  [2020-08-17T16:26:36Z INFO  dt_client_bytes] PubAck { pkid: 69 }
2020-08-17T16:26:36.354667011Z  [2020-08-17T16:26:36Z INFO  dt_client_bytes] PubAck { pkid: 70 }
2020-08-17T16:26:36.355850087Z  [2020-08-17T16:26:36Z INFO  dt_client_bytes] PubAck { pkid: 71 }
2020-08-17T16:26:36.357051073Z  [2020-08-17T16:26:36Z INFO  dt_client_bytes] PubAck { pkid: 72 }
2020-08-17T16:26:36.364486549Z  [2020-08-17T16:26:36Z INFO  dt_client_bytes] 86::38162cb0-e585-43d7-b55d-5c240b2bfb7c/3142192f-6bae-4f12-a6f3-5464dc37e790/d0a71d84-b80f-4558-beac-8887750652e3 "86 4VSgp9ziAzO4ERIxJL8SBb8beVGpzyBlxu60vp8BK9zBrpCtDsMUHpPlkAP2v"
2020-08-17T16:26:36.364543084Z  [2020-08-17T16:26:36Z INFO  dt_client_bytes] Publish 87
2020-08-17T16:26:36.374835327Z  [2020-08-17T16:26:36Z INFO  dt_client_bytes] 87::38162cb0-e585-43d7-b55d-5c240b2bfb7c/3142192f-6bae-4f12-a6f3-5464dc37e790/d0a71d84-b80f-4558-beac-8887750652e3 "87 ZjQjJAToReXYG43DNMvTxeeg7xLSTu5P6XjgRXO9PDbi8JITxj8TMdDT7DvOm"
2020-08-17T16:26:36.374859957Z  [2020-08-17T16:26:36Z INFO  dt_client_bytes] Publish 88
2020-08-17T16:26:36.386361777Z  [2020-08-17T16:26:36Z INFO  dt_client_bytes] 88::38162cb0-e585-43d7-b55d-5c240b2bfb7c/3142192f-6bae-4f12-a6f3-5464dc37e790/d0a71d84-b80f-4558-beac-8887750652e3 "88 3CEcE2Lhy8Pn9lnZwlyLHRsJDFjemndNEYjpuZW9EBy697d5JNOYBVQQy8eBc"
2020-08-17T16:26:36.386429222Z  [2020-08-17T16:26:36Z INFO  dt_client_bytes] Publish 89
2020-08-17T16:26:36.396965135Z  [2020-08-17T16:26:36Z INFO  dt_client_bytes] 89::38162cb0-e585-43d7-b55d-5c240b2bfb7c/3142192f-6bae-4f12-a6f3-5464dc37e790/d0a71d84-b80f-4558-beac-8887750652e3 "89 uivMEFoVkLu4C38CAXOvO4sbYWnaeNBUch6I2hmL9wJjcLheuCfrzQmlJy23F"
2020-08-17T16:26:36.397044502Z  [2020-08-17T16:26:36Z INFO  dt_client_bytes] Publish 90
2020-08-17T16:26:36.408671566Z  [2020-08-17T16:26:36Z INFO  dt_client_bytes] 90::38162cb0-e585-43d7-b55d-5c240b2bfb7c/3142192f-6bae-4f12-a6f3-5464dc37e790/d0a71d84-b80f-4558-beac-8887750652e3 "90 PcmJiypcZSJJg3M1fIpDAIls3XbEEttdcB9VSzmTrtkX5VdImsX6US09zqvqI"
2020-08-17T16:26:36.408755495Z  [2020-08-17T16:26:36Z INFO  dt_client_bytes] Publish 91
2020-08-17T16:26:36.418525492Z  [2020-08-17T16:26:36Z INFO  dt_client_bytes] PubAck { pkid: 73 }
2020-08-17T16:26:36.419786221Z  [2020-08-17T16:26:36Z INFO  dt_client_bytes] PubAck { pkid: 74 }
2020-08-17T16:26:36.419876033Z  [2020-08-17T16:26:36Z INFO  dt_client_bytes] 91::38162cb0-e585-43d7-b55d-5c240b2bfb7c/3142192f-6bae-4f12-a6f3-5464dc37e790/d0a71d84-b80f-4558-beac-8887750652e3 "91 syg4rf6GXTOPWRXZb6JeDQlK4RvKROj7LnL7RLA44Bj7L6hwYnnpsz5UovxI6"
2020-08-17T16:26:36.421713894Z  [2020-08-17T16:26:36Z INFO  dt_client_bytes] PubAck { pkid: 75 }
2020-08-17T16:26:36.422380947Z  [2020-08-17T16:26:36Z INFO  dt_client_bytes] PubAck { pkid: 76 }
2020-08-17T16:26:36.423674402Z  [2020-08-17T16:26:36Z INFO  dt_client_bytes] PubAck { pkid: 77 }
2020-08-17T16:26:36.423710207Z  [2020-08-17T16:26:36Z INFO  dt_client_bytes] Publish 92
2020-08-17T16:26:36.424892711Z  [2020-08-17T16:26:36Z INFO  dt_client_bytes] PubAck { pkid: 78 }
2020-08-17T16:26:36.426153502Z  [2020-08-17T16:26:36Z INFO  dt_client_bytes] PubAck { pkid: 79 }
2020-08-17T16:26:36.428024229Z  [2020-08-17T16:26:36Z INFO  dt_client_bytes] PubAck { pkid: 80 }
2020-08-17T16:26:36.428614817Z  [2020-08-17T16:26:36Z INFO  dt_client_bytes] PubAck { pkid: 81 }
2020-08-17T16:26:36.429690426Z  [2020-08-17T16:26:36Z INFO  dt_client_bytes] PubAck { pkid: 82 }
2020-08-17T16:26:36.431635167Z  [2020-08-17T16:26:36Z INFO  dt_client_bytes] 92::38162cb0-e585-43d7-b55d-5c240b2bfb7c/3142192f-6bae-4f12-a6f3-5464dc37e790/d0a71d84-b80f-4558-beac-8887750652e3 "92 LAMpcITLWGEthzfyPZ4099JjPRy5AeXMODF32yzolfOgsU4p734cBGMwHSc5X"
2020-08-17T16:26:36.431689796Z  [2020-08-17T16:26:36Z INFO  dt_client_bytes] Publish 93
2020-08-17T16:26:36.443143461Z  [2020-08-17T16:26:36Z INFO  dt_client_bytes] 93::38162cb0-e585-43d7-b55d-5c240b2bfb7c/3142192f-6bae-4f12-a6f3-5464dc37e790/d0a71d84-b80f-4558-beac-8887750652e3 "93 FLRS6pTBPMUbc9ks6ghoAJbAyWbqPz55BlML4m5YTNaaXEMTF7CIZHr2kSMxj"
2020-08-17T16:26:36.443169256Z  [2020-08-17T16:26:36Z INFO  dt_client_bytes] Publish 94
2020-08-17T16:26:36.454761740Z  [2020-08-17T16:26:36Z INFO  dt_client_bytes] 94::38162cb0-e585-43d7-b55d-5c240b2bfb7c/3142192f-6bae-4f12-a6f3-5464dc37e790/d0a71d84-b80f-4558-beac-8887750652e3 "94 Jw858Zca8qk2aQGQSq4Nd2ZW8Mwb0ogVh6dumgAZKfahPiUQe247F3h41Zmxa"
2020-08-17T16:26:36.454840018Z  [2020-08-17T16:26:36Z INFO  dt_client_bytes] Publish 95
2020-08-17T16:26:36.466532873Z  [2020-08-17T16:26:36Z INFO  dt_client_bytes] 95::38162cb0-e585-43d7-b55d-5c240b2bfb7c/3142192f-6bae-4f12-a6f3-5464dc37e790/d0a71d84-b80f-4558-beac-8887750652e3 "95 8mIU8ZKLr7LM1Yst2cOs0b1nLFBx2jX3ssnEo5UOzeRp3GqlRwbqkqLAcBaHm"
2020-08-17T16:26:36.466616960Z  [2020-08-17T16:26:36Z INFO  dt_client_bytes] Publish 96
2020-08-17T16:26:36.477281313Z  [2020-08-17T16:26:36Z INFO  dt_client_bytes] 96::38162cb0-e585-43d7-b55d-5c240b2bfb7c/3142192f-6bae-4f12-a6f3-5464dc37e790/d0a71d84-b80f-4558-beac-8887750652e3 "96 SwpeCTeIBQN0BPc88pOmoY4JBIeTjedwoeKVMzYaRDMWTnIEJE6SM0Aczsif4"
2020-08-17T16:26:36.477370391Z  [2020-08-17T16:26:36Z INFO  dt_client_bytes] Publish 97
2020-08-17T16:26:36.488091889Z  [2020-08-17T16:26:36Z INFO  dt_client_bytes] 97::38162cb0-e585-43d7-b55d-5c240b2bfb7c/3142192f-6bae-4f12-a6f3-5464dc37e790/d0a71d84-b80f-4558-beac-8887750652e3 "97 rlibpP8ufcw7WU5T2MEg0WahSRmLwyJAp9Ijok9M8ZBUPSimPULx7vCbmmcOi"
2020-08-17T16:26:36.488180994Z  [2020-08-17T16:26:36Z INFO  dt_client_bytes] Publish 98
2020-08-17T16:26:36.499656804Z  [2020-08-17T16:26:36Z INFO  dt_client_bytes] 98::38162cb0-e585-43d7-b55d-5c240b2bfb7c/3142192f-6bae-4f12-a6f3-5464dc37e790/d0a71d84-b80f-4558-beac-8887750652e3 "98 BRux8x8Wdg23dlz6Mp6RTEbd0oS4MRBx5eLvojeiauxNxEBZwJ1j7MUwQnqqw"
2020-08-17T16:26:36.499721339Z  [2020-08-17T16:26:36Z INFO  dt_client_bytes] Publish 99
2020-08-17T16:26:36.511215172Z  [2020-08-17T16:26:36Z INFO  dt_client_bytes] 99::38162cb0-e585-43d7-b55d-5c240b2bfb7c/3142192f-6bae-4f12-a6f3-5464dc37e790/d0a71d84-b80f-4558-beac-8887750652e3 "99 IniLPUUoyOKCbTTPYdIhnZd396mABcZPJ058S3fmQJznBlOxnpvNCWwDuvxyx"
2020-08-17T16:26:36.511290790Z  [2020-08-17T16:26:36Z INFO  dt_client_bytes] Publish 100
2020-08-17T16:26:36.511308628Z  [2020-08-17T16:26:36Z INFO  dt_client_bytes] NotificationCounter {
2020-08-17T16:26:36.511354282Z          Pub: 100,
2020-08-17T16:26:36.511373469Z          PubAck: 82,
2020-08-17T16:26:36.511387701Z          PubRec: 0,
2020-08-17T16:26:36.511401416Z          PubRel: 0,
2020-08-17T16:26:36.511460305Z          PubComp: 0,
2020-08-17T16:26:36.511481252Z      }
2020-08-17T16:26:36.522307169Z  [2020-08-17T16:26:36Z INFO  dt_client_bytes] PubAck { pkid: 83 }
2020-08-17T16:26:36.522333043Z  [2020-08-17T16:26:36Z INFO  dt_client_bytes] NotificationCounter {
2020-08-17T16:26:36.522342293Z          Pub: 100,
2020-08-17T16:26:36.522371909Z          PubAck: 83,
2020-08-17T16:26:36.522384053Z          PubRec: 0,
2020-08-17T16:26:36.522393096Z          PubRel: 0,
2020-08-17T16:26:36.522401924Z          PubComp: 0,
2020-08-17T16:26:36.522421750Z      }
2020-08-17T16:26:36.522430958Z  [2020-08-17T16:26:36Z INFO  dt_client_bytes] Thread 38162cb0-e585-43d7-b55d-5c240b2bfb7c/3142192f-6bae-4f12-a6f3-5464dc37e790/d0a71d84-b80f-4558-beac-8887750652e3 done with 100 messages.
2020-08-17T16:26:36.523431427Z  [2020-08-17T16:26:36Z INFO  dt_client_bytes] PubAck { pkid: 84 }
2020-08-17T16:26:36.523503210Z  [2020-08-17T16:26:36Z INFO  dt_client_bytes] NotificationCounter {
2020-08-17T16:26:36.523517431Z          Pub: 100,
2020-08-17T16:26:36.523529473Z          PubAck: 84,
2020-08-17T16:26:36.523541618Z          PubRec: 0,
2020-08-17T16:26:36.523655662Z          PubRel: 0,
2020-08-17T16:26:36.523668862Z          PubComp: 0,
2020-08-17T16:26:36.523681269Z      }
2020-08-17T16:26:36.617860458Z  [2020-08-17T16:26:36Z INFO  dt_client_bytes] PubAck { pkid: 85 }
2020-08-17T16:26:36.617939189Z  [2020-08-17T16:26:36Z INFO  dt_client_bytes] NotificationCounter {
2020-08-17T16:26:36.617959359Z          Pub: 100,
2020-08-17T16:26:36.617976029Z          PubAck: 85,
2020-08-17T16:26:36.618041433Z          PubRec: 0,
2020-08-17T16:26:36.618060703Z          PubRel: 0,
2020-08-17T16:26:36.618075774Z          PubComp: 0,
2020-08-17T16:26:36.618090631Z      }
2020-08-17T16:26:36.619784606Z  [2020-08-17T16:26:36Z INFO  dt_client_bytes] PubAck { pkid: 86 }
2020-08-17T16:26:36.619815375Z  [2020-08-17T16:26:36Z INFO  dt_client_bytes] NotificationCounter {
2020-08-17T16:26:36.620559351Z          Pub: 100,
2020-08-17T16:26:36.620582490Z          PubAck: 86,
2020-08-17T16:26:36.620598683Z          PubRec: 0,
2020-08-17T16:26:36.620933705Z          PubRel: 0,
2020-08-17T16:26:36.620963517Z          PubComp: 0,
2020-08-17T16:26:36.620980181Z      }
2020-08-17T16:26:36.621312743Z  [2020-08-17T16:26:36Z INFO  dt_client_bytes] PubAck { pkid: 87 }
2020-08-17T16:26:36.621341439Z  [2020-08-17T16:26:36Z INFO  dt_client_bytes] NotificationCounter {
2020-08-17T16:26:36.621358188Z          Pub: 100,
2020-08-17T16:26:36.621410164Z          PubAck: 87,
2020-08-17T16:26:36.621429035Z          PubRec: 0,
2020-08-17T16:26:36.621444942Z          PubRel: 0,
2020-08-17T16:26:36.621461035Z          PubComp: 0,
2020-08-17T16:26:36.621516958Z      }
2020-08-17T16:26:36.622054760Z  [2020-08-17T16:26:36Z INFO  dt_client_bytes] PubAck { pkid: 88 }
2020-08-17T16:26:36.622078017Z  [2020-08-17T16:26:36Z INFO  dt_client_bytes] NotificationCounter {
2020-08-17T16:26:36.622106211Z          Pub: 100,
2020-08-17T16:26:36.622159393Z          PubAck: 88,
2020-08-17T16:26:36.622176508Z          PubRec: 0,
2020-08-17T16:26:36.622192511Z          PubRel: 0,
2020-08-17T16:26:36.622526977Z          PubComp: 0,
2020-08-17T16:26:36.622548985Z      }
2020-08-17T16:26:36.622649831Z  [2020-08-17T16:26:36Z INFO  dt_client_bytes] PubAck { pkid: 89 }
2020-08-17T16:26:36.622674290Z  [2020-08-17T16:26:36Z INFO  dt_client_bytes] NotificationCounter {
2020-08-17T16:26:36.622729203Z          Pub: 100,
2020-08-17T16:26:36.622750950Z          PubAck: 89,
2020-08-17T16:26:36.622767321Z          PubRec: 0,
2020-08-17T16:26:36.622783318Z          PubRel: 0,
2020-08-17T16:26:36.622838407Z          PubComp: 0,
2020-08-17T16:26:36.622855949Z      }
2020-08-17T16:26:36.623831900Z  [2020-08-17T16:26:36Z INFO  dt_client_bytes] PubAck { pkid: 90 }
2020-08-17T16:26:36.623899840Z  [2020-08-17T16:26:36Z INFO  dt_client_bytes] NotificationCounter {
2020-08-17T16:26:36.623919534Z          Pub: 100,
2020-08-17T16:26:36.623935054Z          PubAck: 90,
2020-08-17T16:26:36.623985265Z          PubRec: 0,
2020-08-17T16:26:36.624005383Z          PubRel: 0,
2020-08-17T16:26:36.624021516Z          PubComp: 0,
2020-08-17T16:26:36.624036938Z      }
2020-08-17T16:26:36.624951125Z  [2020-08-17T16:26:36Z INFO  dt_client_bytes] PubAck { pkid: 91 }
2020-08-17T16:26:36.624968072Z  [2020-08-17T16:26:36Z INFO  dt_client_bytes] NotificationCounter {
2020-08-17T16:26:36.624986334Z          Pub: 100,
2020-08-17T16:26:36.624995908Z          PubAck: 91,
2020-08-17T16:26:36.625004515Z          PubRec: 0,
2020-08-17T16:26:36.625013068Z          PubRel: 0,
2020-08-17T16:26:36.625046479Z          PubComp: 0,
2020-08-17T16:26:36.625055660Z      }
2020-08-17T16:26:36.626195576Z  [2020-08-17T16:26:36Z INFO  dt_client_bytes] PubAck { pkid: 92 }
2020-08-17T16:26:36.626217501Z  [2020-08-17T16:26:36Z INFO  dt_client_bytes] NotificationCounter {
2020-08-17T16:26:36.626227906Z          Pub: 100,
2020-08-17T16:26:36.626236851Z          PubAck: 92,
2020-08-17T16:26:36.626267151Z          PubRec: 0,
2020-08-17T16:26:36.626279581Z          PubRel: 0,
2020-08-17T16:26:36.626288482Z          PubComp: 0,
2020-08-17T16:26:36.626297276Z      }
2020-08-17T16:26:36.627419753Z  [2020-08-17T16:26:36Z INFO  dt_client_bytes] PubAck { pkid: 93 }
2020-08-17T16:26:36.627468805Z  [2020-08-17T16:26:36Z INFO  dt_client_bytes] NotificationCounter {
2020-08-17T16:26:36.627483741Z          Pub: 100,
2020-08-17T16:26:36.627492762Z          PubAck: 93,
2020-08-17T16:26:36.627501155Z          PubRec: 0,
2020-08-17T16:26:36.627509596Z          PubRel: 0,
2020-08-17T16:26:36.627517882Z          PubComp: 0,
2020-08-17T16:26:36.627526195Z      }
2020-08-17T16:26:36.627558450Z  [2020-08-17T16:26:36Z INFO  dt_client_bytes] PubAck { pkid: 94 }
2020-08-17T16:26:36.627568087Z  [2020-08-17T16:26:36Z INFO  dt_client_bytes] NotificationCounter {
2020-08-17T16:26:36.627577250Z          Pub: 100,
2020-08-17T16:26:36.627585974Z          PubAck: 94,
2020-08-17T16:26:36.627594597Z          PubRec: 0,
2020-08-17T16:26:36.627603035Z          PubRel: 0,
2020-08-17T16:26:36.627611589Z          PubComp: 0,
2020-08-17T16:26:36.627642671Z      }
2020-08-17T16:26:36.628637425Z  [2020-08-17T16:26:36Z INFO  dt_client_bytes] PubAck { pkid: 95 }
2020-08-17T16:26:36.628658607Z  [2020-08-17T16:26:36Z INFO  dt_client_bytes] NotificationCounter {
2020-08-17T16:26:36.628668998Z          Pub: 100,
2020-08-17T16:26:36.628677922Z          PubAck: 95,
2020-08-17T16:26:36.628686524Z          PubRec: 0,
2020-08-17T16:26:36.628719904Z          PubRel: 0,
2020-08-17T16:26:36.628729549Z          PubComp: 0,
2020-08-17T16:26:36.628738536Z      }
2020-08-17T16:26:36.629835178Z  [2020-08-17T16:26:36Z INFO  dt_client_bytes] PubAck { pkid: 96 }
2020-08-17T16:26:36.629856612Z  [2020-08-17T16:26:36Z INFO  dt_client_bytes] NotificationCounter {
2020-08-17T16:26:36.629866985Z          Pub: 100,
2020-08-17T16:26:36.629876145Z          PubAck: 96,
2020-08-17T16:26:36.629917474Z          PubRec: 0,
2020-08-17T16:26:36.629928921Z          PubRel: 0,
2020-08-17T16:26:36.629937723Z          PubComp: 0,
2020-08-17T16:26:36.629946446Z      }
2020-08-17T16:26:36.631029509Z  [2020-08-17T16:26:36Z INFO  dt_client_bytes] PubAck { pkid: 97 }
2020-08-17T16:26:36.631050918Z  [2020-08-17T16:26:36Z INFO  dt_client_bytes] NotificationCounter {
2020-08-17T16:26:36.631061448Z          Pub: 100,
2020-08-17T16:26:36.631109826Z          PubAck: 97,
2020-08-17T16:26:36.631121341Z          PubRec: 0,
2020-08-17T16:26:36.631129992Z          PubRel: 0,
2020-08-17T16:26:36.631138468Z          PubComp: 0,
2020-08-17T16:26:36.631146989Z      }
2020-08-17T16:26:36.632212985Z  [2020-08-17T16:26:36Z INFO  dt_client_bytes] PubAck { pkid: 98 }
2020-08-17T16:26:36.632231166Z  [2020-08-17T16:26:36Z INFO  dt_client_bytes] NotificationCounter {
2020-08-17T16:26:36.632241179Z          Pub: 100,
2020-08-17T16:26:36.632250520Z          PubAck: 98,
2020-08-17T16:26:36.632259474Z          PubRec: 0,
2020-08-17T16:26:36.632268228Z          PubRel: 0,
2020-08-17T16:26:36.632302035Z          PubComp: 0,
2020-08-17T16:26:36.632311635Z      }
2020-08-17T16:26:36.748329824Z  [2020-08-17T16:26:36Z INFO  dt_client_bytes] PubAck { pkid: 99 }
2020-08-17T16:26:36.748408584Z  [2020-08-17T16:26:36Z INFO  dt_client_bytes] NotificationCounter {
2020-08-17T16:26:36.748425753Z          Pub: 100,
2020-08-17T16:26:36.748471265Z          PubAck: 99,
2020-08-17T16:26:36.748487890Z          PubRec: 0,
2020-08-17T16:26:36.748501719Z          PubRel: 0,
2020-08-17T16:26:36.748515860Z          PubComp: 0,
2020-08-17T16:26:36.748563952Z      }
2020-08-17T16:26:36.749557322Z  [2020-08-17T16:26:36Z INFO  dt_client_bytes] PubAck { pkid: 100 }
2020-08-17T16:26:36.749623489Z  [2020-08-17T16:26:36Z INFO  dt_client_bytes] NotificationCounter {
2020-08-17T16:26:36.749644014Z          Pub: 100,
2020-08-17T16:26:36.749660222Z          PubAck: 100,
2020-08-17T16:26:36.749711448Z          PubRec: 0,
2020-08-17T16:26:36.749730138Z          PubRel: 0,
2020-08-17T16:26:36.749746083Z          PubComp: 0,
2020-08-17T16:26:36.749761725Z      }
2020-08-17T16:27:05.390821624Z  [2020-08-17T16:27:05Z INFO  dt_client_bytes] NotificationCounter {
2020-08-17T16:27:05.390875117Z          Pub: 100,
2020-08-17T16:27:05.390895513Z          PubAck: 100,
2020-08-17T16:27:05.390913451Z          PubRec: 0,
2020-08-17T16:27:05.390930321Z          PubRel: 0,
2020-08-17T16:27:05.390947085Z          PubComp: 0,
2020-08-17T16:27:05.391055715Z      }
2020-08-17T16:27:05.493586387Z  [2020-08-17T16:27:05Z INFO  dt_client_bytes] NotificationCounter {
2020-08-17T16:27:05.493674421Z          Pub: 100,
2020-08-17T16:27:05.493737599Z          PubAck: 100,
2020-08-17T16:27:05.493758260Z          PubRec: 0,
2020-08-17T16:27:05.493775530Z          PubRel: 0,
2020-08-17T16:27:05.493829368Z          PubComp: 0,
2020-08-17T16:27:05.493851659Z      }
2020-08-17T16:27:35.392410873Z  [2020-08-17T16:27:35Z INFO  dt_client_bytes] NotificationCounter {
2020-08-17T16:27:35.392506589Z          Pub: 100,
2020-08-17T16:27:35.392576043Z          PubAck: 100,
2020-08-17T16:27:35.392596061Z          PubRec: 0,
2020-08-17T16:27:35.392652104Z          PubRel: 0,
2020-08-17T16:27:35.392675341Z          PubComp: 0,
2020-08-17T16:27:35.392693765Z      }
2020-08-17T16:27:35.498381426Z  [2020-08-17T16:27:35Z INFO  dt_client_bytes] NotificationCounter {
2020-08-17T16:27:35.498469498Z          Pub: 100,
2020-08-17T16:27:35.498531444Z          PubAck: 100,
2020-08-17T16:27:35.498553211Z          PubRec: 0,
2020-08-17T16:27:35.498571705Z          PubRel: 0,
2020-08-17T16:27:35.498628713Z          PubComp: 0,
2020-08-17T16:27:35.498651391Z      }
2020-08-17T16:28:05.393141854Z  [2020-08-17T16:28:05Z INFO  dt_client_bytes] NotificationCounter {
2020-08-17T16:28:05.393235440Z          Pub: 100,
2020-08-17T16:28:05.393259951Z          PubAck: 100,
2020-08-17T16:28:05.393317676Z          PubRec: 0,
2020-08-17T16:28:05.393339297Z          PubRel: 0,
2020-08-17T16:28:05.393357680Z          PubComp: 0,
2020-08-17T16:28:05.393415075Z      }
2020-08-17T16:28:05.497311610Z  [2020-08-17T16:28:05Z INFO  dt_client_bytes] NotificationCounter {
2020-08-17T16:28:05.497401756Z          Pub: 100,
2020-08-17T16:28:05.497425950Z          PubAck: 100,
2020-08-17T16:28:05.497484528Z          PubRec: 0,
2020-08-17T16:28:05.497508679Z          PubRel: 0,
2020-08-17T16:28:05.497527022Z          PubComp: 0,
2020-08-17T16:28:05.497586038Z      }
2020-08-17T16:28:35.394598404Z  [2020-08-17T16:28:35Z INFO  dt_client_bytes] NotificationCounter {
2020-08-17T16:28:35.394694490Z          Pub: 100,
2020-08-17T16:28:35.394719024Z          PubAck: 100,
2020-08-17T16:28:35.394781022Z          PubRec: 0,
2020-08-17T16:28:35.394801166Z          PubRel: 0,
2020-08-17T16:28:35.394819040Z          PubComp: 0,
2020-08-17T16:28:35.394879176Z      }
2020-08-17T16:28:35.512933758Z  [2020-08-17T16:28:35Z INFO  dt_client_bytes] NotificationCounter {
2020-08-17T16:28:35.513054570Z          Pub: 100,
2020-08-17T16:28:35.513121276Z          PubAck: 100,
2020-08-17T16:28:35.513141237Z          PubRec: 0,
2020-08-17T16:28:35.513159230Z          PubRel: 0,
2020-08-17T16:28:35.513215128Z          PubComp: 0,
2020-08-17T16:28:35.513234953Z      }
2020-08-17T16:29:05.395166701Z  [2020-08-17T16:29:05Z INFO  dt_client_bytes] NotificationCounter {
2020-08-17T16:29:05.395266797Z          Pub: 100,
2020-08-17T16:29:05.395291908Z          PubAck: 100,
2020-08-17T16:29:05.395357459Z          PubRec: 0,
2020-08-17T16:29:05.395377090Z          PubRel: 0,
2020-08-17T16:29:05.395395917Z          PubComp: 0,
2020-08-17T16:29:05.395485723Z      }
2020-08-17T16:29:05.520064639Z  [2020-08-17T16:29:05Z INFO  dt_client_bytes] NotificationCounter {
2020-08-17T16:29:05.520154989Z          Pub: 100,
2020-08-17T16:29:05.520178539Z          PubAck: 100,
2020-08-17T16:29:05.520237654Z          PubRec: 0,
2020-08-17T16:29:05.520261668Z          PubRel: 0,
2020-08-17T16:29:05.520280085Z          PubComp: 0,
2020-08-17T16:29:05.520339207Z      }
