2020-08-17T16:26:35.366766848Z  [2020-08-17T16:26:35Z INFO  dt_client_bytes] Starting client. Host at mqtt-broker:1883
2020-08-17T16:26:35.366835414Z  [2020-08-17T16:26:35Z INFO  dt_client_bytes] Thread of topic 38162cb0-e585-43d7-b55d-5c240b2bfb7c/3142192f-6bae-4f12-a6f3-5464dc37e790/d0a71d84-b80f-4558-beac-8887750652e3
2020-08-17T16:26:35.366850652Z  [2020-08-17T16:26:35Z INFO  dt_client_bytes] 0::38162cb0-e585-43d7-b55d-5c240b2bfb7c/3142192f-6bae-4f12-a6f3-5464dc37e790/d0a71d84-b80f-4558-beac-8887750652e3 "0 zqLZn44cWo7WVsADY3R0uMBOKFOhPNtTNtikGyaoEoSMn6LOmDoXSghd56WR95"
2020-08-17T16:26:35.377021803Z  [2020-08-17T16:26:35Z INFO  dt_client_bytes] 1::38162cb0-e585-43d7-b55d-5c240b2bfb7c/3142192f-6bae-4f12-a6f3-5464dc37e790/d0a71d84-b80f-4558-beac-8887750652e3 "1 4tro8tGU1goAgsTbf3bZO1C4hlJG6wWqMOwhehIGGCtSKvxj7Uh0H9zPfulSqZ"
2020-08-17T16:26:35.388120687Z  [2020-08-17T16:26:35Z INFO  dt_client_bytes] 2::38162cb0-e585-43d7-b55d-5c240b2bfb7c/3142192f-6bae-4f12-a6f3-5464dc37e790/d0a71d84-b80f-4558-beac-8887750652e3 "2 XdKdStWN0pCeUvYaVRpbgp0PaDfgT77VrQIA8UdfyfKqlJ5YsiUXc7H6zQzrVX"
2020-08-17T16:26:35.399298094Z  [2020-08-17T16:26:35Z INFO  dt_client_bytes] 3::38162cb0-e585-43d7-b55d-5c240b2bfb7c/3142192f-6bae-4f12-a6f3-5464dc37e790/d0a71d84-b80f-4558-beac-8887750652e3 "3 3mUPirkvzpm3fgxG7NLqrG9Yk7pFXtMvdAMW2n9pBh2OQ9nmIZwDx7x0jv8mdf"
2020-08-17T16:26:35.410444070Z  [2020-08-17T16:26:35Z INFO  dt_client_bytes] 4::38162cb0-e585-43d7-b55d-5c240b2bfb7c/3142192f-6bae-4f12-a6f3-5464dc37e790/d0a71d84-b80f-4558-beac-8887750652e3 "4 HkmQtJdgIgOZZTAEBfjm0H705Wr2GfR8k6pdxYhKLMN4eRMi2Wx1VpzFt1tj7W"
2020-08-17T16:26:35.421629776Z  [2020-08-17T16:26:35Z INFO  dt_client_bytes] 5::38162cb0-e585-43d7-b55d-5c240b2bfb7c/3142192f-6bae-4f12-a6f3-5464dc37e790/d0a71d84-b80f-4558-beac-8887750652e3 "5 t5EVtf6IoSHKHNuJLw857zdYjevyQS4w9yq6he5ESWdhtLpoXyAr3822hzLXrx"
2020-08-17T16:26:35.432937275Z  [2020-08-17T16:26:35Z INFO  dt_client_bytes] 6::38162cb0-e585-43d7-b55d-5c240b2bfb7c/3142192f-6bae-4f12-a6f3-5464dc37e790/d0a71d84-b80f-4558-beac-8887750652e3 "6 zcUxtNK2NZnwp1aLkdbS8SbgCmb3SaEj7E2c19c7A1X8afpFFMnGctBq7lZ2QB"
2020-08-17T16:26:35.444196734Z  [2020-08-17T16:26:35Z INFO  dt_client_bytes] 7::38162cb0-e585-43d7-b55d-5c240b2bfb7c/3142192f-6bae-4f12-a6f3-5464dc37e790/d0a71d84-b80f-4558-beac-8887750652e3 "7 QfF2aDY3scfZukIEl58zeLdMl1XTEGFxuYeDs7T0iY5HHLAV9laLHnZ2P1yvEF"
2020-08-17T16:26:35.455670666Z  [2020-08-17T16:26:35Z INFO  dt_client_bytes] 8::38162cb0-e585-43d7-b55d-5c240b2bfb7c/3142192f-6bae-4f12-a6f3-5464dc37e790/d0a71d84-b80f-4558-beac-8887750652e3 "8 KgTWNIKlcmGCRG3s5PB5sfU5bIpszDpqOrRc5ePhCJ88MMmdNMjdU8mGrry8YT"
2020-08-17T16:26:35.466896222Z  [2020-08-17T16:26:35Z INFO  dt_client_bytes] 9::38162cb0-e585-43d7-b55d-5c240b2bfb7c/3142192f-6bae-4f12-a6f3-5464dc37e790/d0a71d84-b80f-4558-beac-8887750652e3 "9 lA7NUTRDLxNHA3sxi04GCYpK7wHQIaVgw0M5PyMYJ9xEAiBnBvUKFmiB5bWdHX"
2020-08-17T16:26:35.478072658Z  [2020-08-17T16:26:35Z INFO  dt_client_bytes] 10::38162cb0-e585-43d7-b55d-5c240b2bfb7c/3142192f-6bae-4f12-a6f3-5464dc37e790/d0a71d84-b80f-4558-beac-8887750652e3 "10 fYZ6eVbgy2IjD3a4d6I4FitcWngTAeXdS42d8uSrbznpPeaD3vzPJCVrmH0Q0"
2020-08-17T16:26:35.489798300Z  [2020-08-17T16:26:35Z INFO  dt_client_bytes] 11::38162cb0-e585-43d7-b55d-5c240b2bfb7c/3142192f-6bae-4f12-a6f3-5464dc37e790/d0a71d84-b80f-4558-beac-8887750652e3 "11 29coN5jUPRR2K1wZqe1lVfFrLmm67puHgsOaXsjWR4dSMPjcYTge4hS6dc0u7"
2020-08-17T16:26:35.501555728Z  [2020-08-17T16:26:35Z INFO  dt_client_bytes] 12::38162cb0-e585-43d7-b55d-5c240b2bfb7c/3142192f-6bae-4f12-a6f3-5464dc37e790/d0a71d84-b80f-4558-beac-8887750652e3 "12 pcjmDcR9JfusksJkUExKjMRodJjXzeHTWdpTdOa5sMVLuhRWi6SnCRUOwMLTx"
2020-08-17T16:26:35.512085209Z  [2020-08-17T16:26:35Z INFO  dt_client_bytes] 13::38162cb0-e585-43d7-b55d-5c240b2bfb7c/3142192f-6bae-4f12-a6f3-5464dc37e790/d0a71d84-b80f-4558-beac-8887750652e3 "13 pIx9ABX8K3nTEW6jlTfJ99yABLH3Ud8dH6iRa37ZrFqbVbsEujdmqNF5Gxw1B"
2020-08-17T16:26:35.523423607Z  [2020-08-17T16:26:35Z INFO  dt_client_bytes] 14::38162cb0-e585-43d7-b55d-5c240b2bfb7c/3142192f-6bae-4f12-a6f3-5464dc37e790/d0a71d84-b80f-4558-beac-8887750652e3 "14 6IlcoujcSK0aJO5ZVqENyIhndRGx0bXVBojC5dhjRx77Do8yGeg45bs4dHm5Z"
2020-08-17T16:26:35.533529280Z  [2020-08-17T16:26:35Z INFO  dt_client_bytes] 15::38162cb0-e585-43d7-b55d-5c240b2bfb7c/3142192f-6bae-4f12-a6f3-5464dc37e790/d0a71d84-b80f-4558-beac-8887750652e3 "15 EXAHOmTkMO2kHveKLJiqdMRPhxU2vijknus8aptfna95i2le6PnO46vzbXq08"
2020-08-17T16:26:35.544758579Z  [2020-08-17T16:26:35Z INFO  dt_client_bytes] 16::38162cb0-e585-43d7-b55d-5c240b2bfb7c/3142192f-6bae-4f12-a6f3-5464dc37e790/d0a71d84-b80f-4558-beac-8887750652e3 "16 nfksVALrCYZ6Oy0sXG7Q3OwXLwWMXTwfNRq24033FcGRR5fdLFLImujIzgmjJ"
2020-08-17T16:26:35.556043971Z  [2020-08-17T16:26:35Z INFO  dt_client_bytes] 17::38162cb0-e585-43d7-b55d-5c240b2bfb7c/3142192f-6bae-4f12-a6f3-5464dc37e790/d0a71d84-b80f-4558-beac-8887750652e3 "17 AJBLg0sZYqYLgrztHrbjCDEfaGtSWnLezE5MW6As2HAqWsCjXS5FV6UpsIoHQ"
2020-08-17T16:26:35.567500955Z  [2020-08-17T16:26:35Z INFO  dt_client_bytes] 18::38162cb0-e585-43d7-b55d-5c240b2bfb7c/3142192f-6bae-4f12-a6f3-5464dc37e790/d0a71d84-b80f-4558-beac-8887750652e3 "18 qyqspP7WICXJRN2eT3wCP4KgTUHbqMis9BaH80goxTgMOD9PABQmbRx9SzIY2"
2020-08-17T16:26:35.578744094Z  [2020-08-17T16:26:35Z INFO  dt_client_bytes] 19::38162cb0-e585-43d7-b55d-5c240b2bfb7c/3142192f-6bae-4f12-a6f3-5464dc37e790/d0a71d84-b80f-4558-beac-8887750652e3 "19 V1L43FE7PPG51nI0OmcpBEVkHqUlSDKKOataHavTO6AEpx3H1H1WvamLSbYep"
2020-08-17T16:26:35.601074610Z  [2020-08-17T16:26:35Z INFO  dt_client_bytes] Publish 1
2020-08-17T16:26:35.601119249Z  [2020-08-17T16:26:35Z INFO  dt_client_bytes] 20::38162cb0-e585-43d7-b55d-5c240b2bfb7c/3142192f-6bae-4f12-a6f3-5464dc37e790/d0a71d84-b80f-4558-beac-8887750652e3 "20 j4TbxyXa5Dql00QphL9YEfhFsfD8TH0dQy6z7SblimgFnDSy6p1VslVSNtX5L"
2020-08-17T16:26:35.602139874Z  [2020-08-17T16:26:35Z INFO  dt_client_bytes] Publish 2
2020-08-17T16:26:35.602959797Z  [2020-08-17T16:26:35Z INFO  dt_client_bytes] Publish 3
2020-08-17T16:26:35.604159516Z  [2020-08-17T16:26:35Z INFO  dt_client_bytes] Publish 4
2020-08-17T16:26:35.605350240Z  [2020-08-17T16:26:35Z INFO  dt_client_bytes] Publish 5
2020-08-17T16:26:35.606457386Z  [2020-08-17T16:26:35Z INFO  dt_client_bytes] Publish 6
2020-08-17T16:26:35.607700677Z  [2020-08-17T16:26:35Z INFO  dt_client_bytes] Publish 7
2020-08-17T16:26:35.609050240Z  [2020-08-17T16:26:35Z INFO  dt_client_bytes] Publish 8
2020-08-17T16:26:35.610269415Z  [2020-08-17T16:26:35Z INFO  dt_client_bytes] Publish 9
2020-08-17T16:26:35.611500128Z  [2020-08-17T16:26:35Z INFO  dt_client_bytes] Publish 10
2020-08-17T16:26:35.611517122Z  [2020-08-17T16:26:35Z INFO  dt_client_bytes] 21::38162cb0-e585-43d7-b55d-5c240b2bfb7c/3142192f-6bae-4f12-a6f3-5464dc37e790/d0a71d84-b80f-4558-beac-8887750652e3 "21 Adc61u31hgnvNpNhv5cL2gcnUQmHLGFvteMIouYXBgsupelwUSoanZrXrP7o3"
2020-08-17T16:26:35.612667366Z  [2020-08-17T16:26:35Z INFO  dt_client_bytes] Publish 11
2020-08-17T16:26:35.613893613Z  [2020-08-17T16:26:35Z INFO  dt_client_bytes] Publish 12
2020-08-17T16:26:35.616852026Z  [2020-08-17T16:26:35Z INFO  dt_client_bytes] Publish 13
2020-08-17T16:26:35.617009117Z  [2020-08-17T16:26:35Z INFO  dt_client_bytes] Publish 14
2020-08-17T16:26:35.617050776Z  [2020-08-17T16:26:35Z INFO  dt_client_bytes] Publish 15
2020-08-17T16:26:35.618364669Z  [2020-08-17T16:26:35Z INFO  dt_client_bytes] Publish 16
2020-08-17T16:26:35.619748985Z  [2020-08-17T16:26:35Z INFO  dt_client_bytes] Publish 17
2020-08-17T16:26:35.620664983Z  [2020-08-17T16:26:35Z INFO  dt_client_bytes] Publish 18
2020-08-17T16:26:35.622100909Z  [2020-08-17T16:26:35Z INFO  dt_client_bytes] Publish 19
2020-08-17T16:26:35.622417183Z  [2020-08-17T16:26:35Z INFO  dt_client_bytes] Publish 20
2020-08-17T16:26:35.622439122Z  [2020-08-17T16:26:35Z INFO  dt_client_bytes] 22::38162cb0-e585-43d7-b55d-5c240b2bfb7c/3142192f-6bae-4f12-a6f3-5464dc37e790/d0a71d84-b80f-4558-beac-8887750652e3 "22 Am13VxRkhm0kPSY5OaGTlClJB3prpCiUmnDsPuIWNSnf7oXe5tq2f7mTIQ9mK"
2020-08-17T16:26:35.623888711Z  [2020-08-17T16:26:35Z INFO  dt_client_bytes] Publish 21
2020-08-17T16:26:35.625251486Z  [2020-08-17T16:26:35Z INFO  dt_client_bytes] Publish 22
2020-08-17T16:26:35.626538604Z  [2020-08-17T16:26:35Z INFO  dt_client_bytes] Publish 23
2020-08-17T16:26:35.636004126Z  [2020-08-17T16:26:35Z INFO  dt_client_bytes] 23::38162cb0-e585-43d7-b55d-5c240b2bfb7c/3142192f-6bae-4f12-a6f3-5464dc37e790/d0a71d84-b80f-4558-beac-8887750652e3 "23 EtmjWwJRbwtVim4rYzj55YgceBC1iTA9s1BtkAl4qvpYgExwL5CQdDBlaqLFj"
2020-08-17T16:26:35.636351998Z  [2020-08-17T16:26:35Z INFO  dt_client_bytes] Publish 24
2020-08-17T16:26:35.648129855Z  [2020-08-17T16:26:35Z INFO  dt_client_bytes] 24::38162cb0-e585-43d7-b55d-5c240b2bfb7c/3142192f-6bae-4f12-a6f3-5464dc37e790/d0a71d84-b80f-4558-beac-8887750652e3 "24 YXcLxjJg0dxpThd01ZszO2Uzg9FjpVKZ9uFpjzZjpntXlBGlgsq3bK6XPvZRJ"
2020-08-17T16:26:35.648181055Z  [2020-08-17T16:26:35Z INFO  dt_client_bytes] Publish 25
2020-08-17T16:26:35.658661881Z  [2020-08-17T16:26:35Z INFO  dt_client_bytes] 25::38162cb0-e585-43d7-b55d-5c240b2bfb7c/3142192f-6bae-4f12-a6f3-5464dc37e790/d0a71d84-b80f-4558-beac-8887750652e3 "25 smhphljxH2tvdlKgssjmcKevIUquTy5IjtBGQsXIvsIQadm6RQh6uJr7MY6lE"
2020-08-17T16:26:35.658713287Z  [2020-08-17T16:26:35Z INFO  dt_client_bytes] Publish 26
2020-08-17T16:26:35.670372756Z  [2020-08-17T16:26:35Z INFO  dt_client_bytes] 26::38162cb0-e585-43d7-b55d-5c240b2bfb7c/3142192f-6bae-4f12-a6f3-5464dc37e790/d0a71d84-b80f-4558-beac-8887750652e3 "26 B6YXaHzNaOgXDHhv11wWY6Q2gwPbvCJffAYF3yCha80rDZLV2jhZCAcoPH6Rz"
2020-08-17T16:26:35.670727180Z  [2020-08-17T16:26:35Z INFO  dt_client_bytes] Publish 27
2020-08-17T16:26:35.682557325Z  [2020-08-17T16:26:35Z INFO  dt_client_bytes] 27::38162cb0-e585-43d7-b55d-5c240b2bfb7c/3142192f-6bae-4f12-a6f3-5464dc37e790/d0a71d84-b80f-4558-beac-8887750652e3 "27 XXqZEvu7VW77tjtFBShTaUCQid4efm3NrqeAwfEWn7OpbcusdVjbswOaZhLJt"
2020-08-17T16:26:35.682623672Z  [2020-08-17T16:26:35Z INFO  dt_client_bytes] Publish 28
2020-08-17T16:26:35.694708150Z  [2020-08-17T16:26:35Z INFO  dt_client_bytes] 28::38162cb0-e585-43d7-b55d-5c240b2bfb7c/3142192f-6bae-4f12-a6f3-5464dc37e790/d0a71d84-b80f-4558-beac-8887750652e3 "28 z7HWqP0Nv6uzpdmkvvgf9hx2HXAUfngKk0sKml5WEFVjRNFO7tyTzqpYI4ZO6"
2020-08-17T16:26:35.694861812Z  [2020-08-17T16:26:35Z INFO  dt_client_bytes] Publish 29
2020-08-17T16:26:35.698768043Z  [2020-08-17T16:26:35Z INFO  dt_client_bytes] PubAck { pkid: 1 }
2020-08-17T16:26:35.706490996Z  [2020-08-17T16:26:35Z INFO  dt_client_bytes] 29::38162cb0-e585-43d7-b55d-5c240b2bfb7c/3142192f-6bae-4f12-a6f3-5464dc37e790/d0a71d84-b80f-4558-beac-8887750652e3 "29 DhmWIiSkoUPCwrcmjE2Jr0VTIQ2ldGqUS84xcFuaeHSX9KAXzNb6Y7T3509vv"
2020-08-17T16:26:35.706508895Z  [2020-08-17T16:26:35Z INFO  dt_client_bytes] Publish 30
2020-08-17T16:26:35.718045581Z  [2020-08-17T16:26:35Z INFO  dt_client_bytes] 30::38162cb0-e585-43d7-b55d-5c240b2bfb7c/3142192f-6bae-4f12-a6f3-5464dc37e790/d0a71d84-b80f-4558-beac-8887750652e3 "30 5kW3mxuvpjVNDdKZso7CHQtg5alJ9qql4axDdQBQvSoDVAT3Ktqh4C9O9dmSK"
2020-08-17T16:26:35.718114873Z  [2020-08-17T16:26:35Z INFO  dt_client_bytes] Publish 31
2020-08-17T16:26:35.728875775Z  [2020-08-17T16:26:35Z INFO  dt_client_bytes] 31::38162cb0-e585-43d7-b55d-5c240b2bfb7c/3142192f-6bae-4f12-a6f3-5464dc37e790/d0a71d84-b80f-4558-beac-8887750652e3 "31 GYevZWns5SiVz0INlXPJtpwvNkbjkhpnV0iYdXbtArmzQVyyT4xwS5rcBQl8V"
2020-08-17T16:26:35.728953314Z  [2020-08-17T16:26:35Z INFO  dt_client_bytes] Publish 32
2020-08-17T16:26:35.740002613Z  [2020-08-17T16:26:35Z INFO  dt_client_bytes] 32::38162cb0-e585-43d7-b55d-5c240b2bfb7c/3142192f-6bae-4f12-a6f3-5464dc37e790/d0a71d84-b80f-4558-beac-8887750652e3 "32 IgxblMkjOEycedOU3V2YGlELTAgkHXd5pP4Rr8p0r3FUiI6J26prRwOec27kt"
2020-08-17T16:26:35.740092712Z  [2020-08-17T16:26:35Z INFO  dt_client_bytes] Publish 33
2020-08-17T16:26:35.751218166Z  [2020-08-17T16:26:35Z INFO  dt_client_bytes] 33::38162cb0-e585-43d7-b55d-5c240b2bfb7c/3142192f-6bae-4f12-a6f3-5464dc37e790/d0a71d84-b80f-4558-beac-8887750652e3 "33 blkiUsguN7dcg0nq4q0uSg7QQQCea4qhaHRICFB9oNOBiaEGxPohwVvBsCZsw"
2020-08-17T16:26:35.751307788Z  [2020-08-17T16:26:35Z INFO  dt_client_bytes] Publish 34
2020-08-17T16:26:35.762507193Z  [2020-08-17T16:26:35Z INFO  dt_client_bytes] 34::38162cb0-e585-43d7-b55d-5c240b2bfb7c/3142192f-6bae-4f12-a6f3-5464dc37e790/d0a71d84-b80f-4558-beac-8887750652e3 "34 6qXxuaigc6rLhHuULP6ezTztJNC6PFzBTcgtQCGD6bDhxH2ypxRFYIeXVF4Fu"
2020-08-17T16:26:35.762555572Z  [2020-08-17T16:26:35Z INFO  dt_client_bytes] Publish 35
2020-08-17T16:26:35.775842183Z  [2020-08-17T16:26:35Z INFO  dt_client_bytes] 35::38162cb0-e585-43d7-b55d-5c240b2bfb7c/3142192f-6bae-4f12-a6f3-5464dc37e790/d0a71d84-b80f-4558-beac-8887750652e3 "35 guc3D0qEdCIkcqeiqFmDPpVmteVFzgmBEDfp4rskb4ygZAWh9GOH224T3Qyre"
2020-08-17T16:26:35.775866560Z  [2020-08-17T16:26:35Z INFO  dt_client_bytes] Publish 36
2020-08-17T16:26:35.786079636Z  [2020-08-17T16:26:35Z INFO  dt_client_bytes] 36::38162cb0-e585-43d7-b55d-5c240b2bfb7c/3142192f-6bae-4f12-a6f3-5464dc37e790/d0a71d84-b80f-4558-beac-8887750652e3 "36 t5uw2eoJCGHvA4hklURLefx4OHfIMNfVZX1Q6mnRYBB5qWLcaE9IVrumBmoS3"
2020-08-17T16:26:35.786112265Z  [2020-08-17T16:26:35Z INFO  dt_client_bytes] Publish 37
2020-08-17T16:26:35.797415403Z  [2020-08-17T16:26:35Z INFO  dt_client_bytes] 37::38162cb0-e585-43d7-b55d-5c240b2bfb7c/3142192f-6bae-4f12-a6f3-5464dc37e790/d0a71d84-b80f-4558-beac-8887750652e3 "37 0f5JtnjkVlL0dEABo3GbTCKRuh4tFYxVI8XTiDaxaDfNCKxkpK4GsB6qSGOMs"
2020-08-17T16:26:35.797513620Z  [2020-08-17T16:26:35Z INFO  dt_client_bytes] Publish 38
2020-08-17T16:26:35.809184909Z  [2020-08-17T16:26:35Z INFO  dt_client_bytes] 38::38162cb0-e585-43d7-b55d-5c240b2bfb7c/3142192f-6bae-4f12-a6f3-5464dc37e790/d0a71d84-b80f-4558-beac-8887750652e3 "38 7oeGRbVgPiDgPuyMpJIPh71uSI7rpWnJ8MB1nH2DaZ8o55qjINjuyYnlxqnlR"
2020-08-17T16:26:35.809265803Z  [2020-08-17T16:26:35Z INFO  dt_client_bytes] Publish 39
2020-08-17T16:26:35.820491647Z  [2020-08-17T16:26:35Z INFO  dt_client_bytes] 39::38162cb0-e585-43d7-b55d-5c240b2bfb7c/3142192f-6bae-4f12-a6f3-5464dc37e790/d0a71d84-b80f-4558-beac-8887750652e3 "39 WQUPZXivMyrkGaGS6UYz2MgUzDCvDlyx25Be5QUXg9FXxkl2gCWZvoSvvDXgV"
2020-08-17T16:26:35.820574400Z  [2020-08-17T16:26:35Z INFO  dt_client_bytes] Publish 40
2020-08-17T16:26:35.830825136Z  [2020-08-17T16:26:35Z INFO  dt_client_bytes] 40::38162cb0-e585-43d7-b55d-5c240b2bfb7c/3142192f-6bae-4f12-a6f3-5464dc37e790/d0a71d84-b80f-4558-beac-8887750652e3 "40 wPdmdSYi0wiDH8L59h3v6raXuXpAL48TWycLzLL8YLYjLmSoyLBH1tiHa0KG4"
2020-08-17T16:26:35.830842738Z  [2020-08-17T16:26:35Z INFO  dt_client_bytes] Publish 41
2020-08-17T16:26:35.836135151Z  [2020-08-17T16:26:35Z INFO  dt_client_bytes] PubAck { pkid: 2 }
2020-08-17T16:26:35.837070197Z  [2020-08-17T16:26:35Z INFO  dt_client_bytes] PubAck { pkid: 3 }
2020-08-17T16:26:35.838469054Z  [2020-08-17T16:26:35Z INFO  dt_client_bytes] PubAck { pkid: 4 }
2020-08-17T16:26:35.840098543Z  [2020-08-17T16:26:35Z INFO  dt_client_bytes] PubAck { pkid: 5 }
2020-08-17T16:26:35.841329171Z  [2020-08-17T16:26:35Z INFO  dt_client_bytes] PubAck { pkid: 6 }
2020-08-17T16:26:35.842843829Z  [2020-08-17T16:26:35Z INFO  dt_client_bytes] PubAck { pkid: 7 }
2020-08-17T16:26:35.842863643Z  [2020-08-17T16:26:35Z INFO  dt_client_bytes] 41::38162cb0-e585-43d7-b55d-5c240b2bfb7c/3142192f-6bae-4f12-a6f3-5464dc37e790/d0a71d84-b80f-4558-beac-8887750652e3 "41 Nm4rUpZExkJgimagx12tSKWdvtYc7Gbyo2GGKZMXWOAVSV5m8ffdLo8YUmQrM"
2020-08-17T16:26:35.844189470Z  [2020-08-17T16:26:35Z INFO  dt_client_bytes] Publish 42
2020-08-17T16:26:35.846026375Z  [2020-08-17T16:26:35Z INFO  dt_client_bytes] PubAck { pkid: 8 }
2020-08-17T16:26:35.846044312Z  [2020-08-17T16:26:35Z INFO  dt_client_bytes] PubAck { pkid: 9 }
2020-08-17T16:26:35.846909246Z  [2020-08-17T16:26:35Z INFO  dt_client_bytes] PubAck { pkid: 10 }
2020-08-17T16:26:35.848015002Z  [2020-08-17T16:26:35Z INFO  dt_client_bytes] PubAck { pkid: 11 }
2020-08-17T16:26:35.849349754Z  [2020-08-17T16:26:35Z INFO  dt_client_bytes] PubAck { pkid: 12 }
2020-08-17T16:26:35.850702498Z  [2020-08-17T16:26:35Z INFO  dt_client_bytes] PubAck { pkid: 13 }
2020-08-17T16:26:35.852009451Z  [2020-08-17T16:26:35Z INFO  dt_client_bytes] PubAck { pkid: 14 }
2020-08-17T16:26:35.853296050Z  [2020-08-17T16:26:35Z INFO  dt_client_bytes] PubAck { pkid: 15 }
2020-08-17T16:26:35.854796648Z  [2020-08-17T16:26:35Z INFO  dt_client_bytes] PubAck { pkid: 16 }
2020-08-17T16:26:35.854841077Z  [2020-08-17T16:26:35Z INFO  dt_client_bytes] 42::38162cb0-e585-43d7-b55d-5c240b2bfb7c/3142192f-6bae-4f12-a6f3-5464dc37e790/d0a71d84-b80f-4558-beac-8887750652e3 "42 7a1vGdqqiO9g6PGfO1X7Rfgj51NM0cxDyhll74cIjuNdnHgIKEDR7gWBbfOLe"
2020-08-17T16:26:35.856086207Z  [2020-08-17T16:26:35Z INFO  dt_client_bytes] PubAck { pkid: 17 }
2020-08-17T16:26:35.857828417Z  [2020-08-17T16:26:35Z INFO  dt_client_bytes] PubAck { pkid: 18 }
2020-08-17T16:26:35.857846833Z  [2020-08-17T16:26:35Z INFO  dt_client_bytes] Publish 43
2020-08-17T16:26:35.858764908Z  [2020-08-17T16:26:35Z INFO  dt_client_bytes] PubAck { pkid: 19 }
2020-08-17T16:26:35.860107208Z  [2020-08-17T16:26:35Z INFO  dt_client_bytes] PubAck { pkid: 20 }
2020-08-17T16:26:35.861561053Z  [2020-08-17T16:26:35Z INFO  dt_client_bytes] PubAck { pkid: 21 }
2020-08-17T16:26:35.861611790Z  [2020-08-17T16:26:35Z INFO  dt_client_bytes] PubAck { pkid: 22 }
2020-08-17T16:26:35.862904411Z  [2020-08-17T16:26:35Z INFO  dt_client_bytes] PubAck { pkid: 23 }
2020-08-17T16:26:35.863971591Z  [2020-08-17T16:26:35Z INFO  dt_client_bytes] PubAck { pkid: 24 }
2020-08-17T16:26:35.865295776Z  [2020-08-17T16:26:35Z INFO  dt_client_bytes] PubAck { pkid: 25 }
2020-08-17T16:26:35.865355987Z  [2020-08-17T16:26:35Z INFO  dt_client_bytes] PubAck { pkid: 26 }
2020-08-17T16:26:35.865374284Z  [2020-08-17T16:26:35Z INFO  dt_client_bytes] 43::38162cb0-e585-43d7-b55d-5c240b2bfb7c/3142192f-6bae-4f12-a6f3-5464dc37e790/d0a71d84-b80f-4558-beac-8887750652e3 "43 coLb8fvEoLyBr56UbxRSS1gR58mPCrhxO1gGwhcZIiZSfRvH7QKLVwicHvU3h"
2020-08-17T16:26:35.867900980Z  [2020-08-17T16:26:35Z INFO  dt_client_bytes] PubAck { pkid: 27 }
2020-08-17T16:26:35.867946290Z  [2020-08-17T16:26:35Z INFO  dt_client_bytes] PubAck { pkid: 28 }
2020-08-17T16:26:35.869157621Z  [2020-08-17T16:26:35Z INFO  dt_client_bytes] PubAck { pkid: 29 }
2020-08-17T16:26:35.870061793Z  [2020-08-17T16:26:35Z INFO  dt_client_bytes] Publish 44
2020-08-17T16:26:35.877493322Z  [2020-08-17T16:26:35Z INFO  dt_client_bytes] 44::38162cb0-e585-43d7-b55d-5c240b2bfb7c/3142192f-6bae-4f12-a6f3-5464dc37e790/d0a71d84-b80f-4558-beac-8887750652e3 "44 H2WumgIpMRbcdbluqUmNzvHT4fEumuJeht44zJpbXJw09xIjSscR6gYcoh9bf"
2020-08-17T16:26:35.877551106Z  [2020-08-17T16:26:35Z INFO  dt_client_bytes] Publish 45
2020-08-17T16:26:35.889316288Z  [2020-08-17T16:26:35Z INFO  dt_client_bytes] 45::38162cb0-e585-43d7-b55d-5c240b2bfb7c/3142192f-6bae-4f12-a6f3-5464dc37e790/d0a71d84-b80f-4558-beac-8887750652e3 "45 glRpnDOKpfS7SoYM8ClBNq8wtveAeEiJdx6yTYA6FN2dzcj5OzENNxmpmwSR8"
2020-08-17T16:26:35.889517800Z  [2020-08-17T16:26:35Z INFO  dt_client_bytes] Publish 46
2020-08-17T16:26:35.901835001Z  [2020-08-17T16:26:35Z INFO  dt_client_bytes] 46::38162cb0-e585-43d7-b55d-5c240b2bfb7c/3142192f-6bae-4f12-a6f3-5464dc37e790/d0a71d84-b80f-4558-beac-8887750652e3 "46 nzRvKmyQFRTHF46ggplp4BWZGhn2rj9N17Tr1133wUxbn81SGeddWOPwtH8AD"
2020-08-17T16:26:35.901852949Z  [2020-08-17T16:26:35Z INFO  dt_client_bytes] Publish 47
2020-08-17T16:26:35.914784132Z  [2020-08-17T16:26:35Z INFO  dt_client_bytes] 47::38162cb0-e585-43d7-b55d-5c240b2bfb7c/3142192f-6bae-4f12-a6f3-5464dc37e790/d0a71d84-b80f-4558-beac-8887750652e3 "47 xBNuBBcmN6t7TdaHEII0WVYdzlt6eRS0GnxJbbhF0KHHc2udXUFkhHyKck9TL"
2020-08-17T16:26:35.914810362Z  [2020-08-17T16:26:35Z INFO  dt_client_bytes] Publish 48
2020-08-17T16:26:35.919365697Z  [2020-08-17T16:26:35Z INFO  dt_client_bytes] PubAck { pkid: 30 }
2020-08-17T16:26:35.920655125Z  [2020-08-17T16:26:35Z INFO  dt_client_bytes] PubAck { pkid: 31 }
2020-08-17T16:26:35.921944748Z  [2020-08-17T16:26:35Z INFO  dt_client_bytes] PubAck { pkid: 32 }
2020-08-17T16:26:35.923208053Z  [2020-08-17T16:26:35Z INFO  dt_client_bytes] PubAck { pkid: 33 }
2020-08-17T16:26:35.924471280Z  [2020-08-17T16:26:35Z INFO  dt_client_bytes] PubAck { pkid: 34 }
2020-08-17T16:26:35.924497016Z  [2020-08-17T16:26:35Z INFO  dt_client_bytes] 48::38162cb0-e585-43d7-b55d-5c240b2bfb7c/3142192f-6bae-4f12-a6f3-5464dc37e790/d0a71d84-b80f-4558-beac-8887750652e3 "48 90BOATOspmYj3CDrTTMP5MWYp6etrJxUiysBD5Au0aSK8fy5gdjrsv7BusGOv"
2020-08-17T16:26:35.925552123Z  [2020-08-17T16:26:35Z INFO  dt_client_bytes] PubAck { pkid: 35 }
2020-08-17T16:26:35.926968204Z  [2020-08-17T16:26:35Z INFO  dt_client_bytes] PubAck { pkid: 36 }
2020-08-17T16:26:35.928128975Z  [2020-08-17T16:26:35Z INFO  dt_client_bytes] Publish 49
2020-08-17T16:26:35.937143442Z  [2020-08-17T16:26:35Z INFO  dt_client_bytes] 49::38162cb0-e585-43d7-b55d-5c240b2bfb7c/3142192f-6bae-4f12-a6f3-5464dc37e790/d0a71d84-b80f-4558-beac-8887750652e3 "49 bMsVaKt4hQhN1VplEWQZI2dNbHzqv1MCSlNCrIaKY95kR15BjtXxuCgwygo4G"
2020-08-17T16:26:35.937165678Z  [2020-08-17T16:26:35Z INFO  dt_client_bytes] Publish 50
2020-08-17T16:26:35.949010298Z  [2020-08-17T16:26:35Z INFO  dt_client_bytes] 50::38162cb0-e585-43d7-b55d-5c240b2bfb7c/3142192f-6bae-4f12-a6f3-5464dc37e790/d0a71d84-b80f-4558-beac-8887750652e3 "50 IINtwZcvd39VYhVAf50ImLSQ9NZMXLQPevWuCcYXQLIMOyEqSyNVMVFtiiLaa"
2020-08-17T16:26:35.949036953Z  [2020-08-17T16:26:35Z INFO  dt_client_bytes] Publish 51
2020-08-17T16:26:35.960146990Z  [2020-08-17T16:26:35Z INFO  dt_client_bytes] 51::38162cb0-e585-43d7-b55d-5c240b2bfb7c/3142192f-6bae-4f12-a6f3-5464dc37e790/d0a71d84-b80f-4558-beac-8887750652e3 "51 UVUVA5B8Ox3jm1MOMtt9q9msU20R1CnWHhLDH6hcFxlLIbVbo7OpPhI0K0U2A"
2020-08-17T16:26:35.960218769Z  [2020-08-17T16:26:35Z INFO  dt_client_bytes] Publish 52
2020-08-17T16:26:35.970849840Z  [2020-08-17T16:26:35Z INFO  dt_client_bytes] 52::38162cb0-e585-43d7-b55d-5c240b2bfb7c/3142192f-6bae-4f12-a6f3-5464dc37e790/d0a71d84-b80f-4558-beac-8887750652e3 "52 gNZgBduSdlvApV5DKRg6BxMmPWrbI9VHOAROj35EhCwA8zFVW3u1Y2IP0acwi"
2020-08-17T16:26:35.970893878Z  [2020-08-17T16:26:35Z INFO  dt_client_bytes] Publish 53
2020-08-17T16:26:35.982299429Z  [2020-08-17T16:26:35Z INFO  dt_client_bytes] 53::38162cb0-e585-43d7-b55d-5c240b2bfb7c/3142192f-6bae-4f12-a6f3-5464dc37e790/d0a71d84-b80f-4558-beac-8887750652e3 "53 0jsVNgthov5VkJ3pfM13JfxliHlJf2cT2nv57FPtzRwS07hAAd8L3PNex1ZHP"
2020-08-17T16:26:35.982322970Z  [2020-08-17T16:26:35Z INFO  dt_client_bytes] Publish 54
2020-08-17T16:26:35.993424610Z  [2020-08-17T16:26:35Z INFO  dt_client_bytes] 54::38162cb0-e585-43d7-b55d-5c240b2bfb7c/3142192f-6bae-4f12-a6f3-5464dc37e790/d0a71d84-b80f-4558-beac-8887750652e3 "54 QaOY9EjOfbeaS3IX1YqfJXB7vY8k0wJkvynRHdPr59QxbcsFTsRgdEMhwnidL"
2020-08-17T16:26:35.993493033Z  [2020-08-17T16:26:35Z INFO  dt_client_bytes] Publish 55
2020-08-17T16:26:36.004558248Z  [2020-08-17T16:26:36Z INFO  dt_client_bytes] 55::38162cb0-e585-43d7-b55d-5c240b2bfb7c/3142192f-6bae-4f12-a6f3-5464dc37e790/d0a71d84-b80f-4558-beac-8887750652e3 "55 w5p6sP1s0C8xY1GFePMRzuRqAygUPBtXt5W29vjUSdy1rzyGmXQVTsSHvEXaC"
2020-08-17T16:26:36.004711535Z  [2020-08-17T16:26:36Z INFO  dt_client_bytes] Publish 56
2020-08-17T16:26:36.015807185Z  [2020-08-17T16:26:36Z INFO  dt_client_bytes] PubAck { pkid: 37 }
2020-08-17T16:26:36.015967471Z  [2020-08-17T16:26:36Z INFO  dt_client_bytes] 56::38162cb0-e585-43d7-b55d-5c240b2bfb7c/3142192f-6bae-4f12-a6f3-5464dc37e790/d0a71d84-b80f-4558-beac-8887750652e3 "56 ABwGsQY93jygiICMIgJgmFCSStp6rmo8djKqbaP0EN1lqLuuru0Ir6CD10Zrx"
2020-08-17T16:26:36.015989681Z  [2020-08-17T16:26:36Z INFO  dt_client_bytes] PubAck { pkid: 38 }
2020-08-17T16:26:36.017050944Z  [2020-08-17T16:26:36Z INFO  dt_client_bytes] PubAck { pkid: 39 }
2020-08-17T16:26:36.018457898Z  [2020-08-17T16:26:36Z INFO  dt_client_bytes] PubAck { pkid: 40 }
2020-08-17T16:26:36.019793268Z  [2020-08-17T16:26:36Z INFO  dt_client_bytes] Publish 57
2020-08-17T16:26:36.021075504Z  [2020-08-17T16:26:36Z INFO  dt_client_bytes] PubAck { pkid: 41 }
2020-08-17T16:26:36.026468840Z  [2020-08-17T16:26:36Z INFO  dt_client_bytes] 57::38162cb0-e585-43d7-b55d-5c240b2bfb7c/3142192f-6bae-4f12-a6f3-5464dc37e790/d0a71d84-b80f-4558-beac-8887750652e3 "57 OpNMWnrXz9RoTLuWuyuJNZN1syhduhT3oZnNPVN9CY9uvR4CGE4NpkmUYjH88"
2020-08-17T16:26:36.026557478Z  [2020-08-17T16:26:36Z INFO  dt_client_bytes] Publish 58
2020-08-17T16:26:36.037413584Z  [2020-08-17T16:26:36Z INFO  dt_client_bytes] 58::38162cb0-e585-43d7-b55d-5c240b2bfb7c/3142192f-6bae-4f12-a6f3-5464dc37e790/d0a71d84-b80f-4558-beac-8887750652e3 "58 jNG5aR6ypmAOJ5LuZ6PPQIGJuVWZcESPjiogNzVcG6xf3So5Mi6vBumqhKNTT"
2020-08-17T16:26:36.037433251Z  [2020-08-17T16:26:36Z INFO  dt_client_bytes] Publish 59
2020-08-17T16:26:36.049519516Z  [2020-08-17T16:26:36Z INFO  dt_client_bytes] 59::38162cb0-e585-43d7-b55d-5c240b2bfb7c/3142192f-6bae-4f12-a6f3-5464dc37e790/d0a71d84-b80f-4558-beac-8887750652e3 "59 IAYTnd3l2oktCdw3zO5dDqbSkBq4xWVvtaqBnbrAdb6zchPiyYmCYp10qvfGL"
2020-08-17T16:26:36.049577800Z  [2020-08-17T16:26:36Z INFO  dt_client_bytes] Publish 60
2020-08-17T16:26:36.060047929Z  [2020-08-17T16:26:36Z INFO  dt_client_bytes] 60::38162cb0-e585-43d7-b55d-5c240b2bfb7c/3142192f-6bae-4f12-a6f3-5464dc37e790/d0a71d84-b80f-4558-beac-8887750652e3 "60 K7eHbuMIK4rZPmi1huYbZj9S4GXcVXGufTAVRkksIZuKwKO52Lv3F7pceChIL"
2020-08-17T16:26:36.060083002Z  [2020-08-17T16:26:36Z INFO  dt_client_bytes] Publish 61
2020-08-17T16:26:36.071357512Z  [2020-08-17T16:26:36Z INFO  dt_client_bytes] 61::38162cb0-e585-43d7-b55d-5c240b2bfb7c/3142192f-6bae-4f12-a6f3-5464dc37e790/d0a71d84-b80f-4558-beac-8887750652e3 "61 Kj462mNACITPYXSKYRhSCu64FLGbR9S18bwBoHZe0bg8i5j7EWLdc2BlCBxa2"
2020-08-17T16:26:36.071374697Z  [2020-08-17T16:26:36Z INFO  dt_client_bytes] Publish 62
2020-08-17T16:26:36.082273328Z  [2020-08-17T16:26:36Z INFO  dt_client_bytes] 62::38162cb0-e585-43d7-b55d-5c240b2bfb7c/3142192f-6bae-4f12-a6f3-5464dc37e790/d0a71d84-b80f-4558-beac-8887750652e3 "62 d2GHigb4uCueWJn0dK8BnpvFOZWGM3HbDIGpHPLwepWuXi77wsvWezTdeMJGR"
2020-08-17T16:26:36.082309875Z  [2020-08-17T16:26:36Z INFO  dt_client_bytes] Publish 63
2020-08-17T16:26:36.095336041Z  [2020-08-17T16:26:36Z INFO  dt_client_bytes] 63::38162cb0-e585-43d7-b55d-5c240b2bfb7c/3142192f-6bae-4f12-a6f3-5464dc37e790/d0a71d84-b80f-4558-beac-8887750652e3 "63 1ciZ2syWzUPXQdRMh2d5mowTw5XFvYCS5Iz3tQ8jZSpE3IGAkY0qIDa50sLAh"
2020-08-17T16:26:36.095416171Z  [2020-08-17T16:26:36Z INFO  dt_client_bytes] Publish 64
2020-08-17T16:26:36.104358814Z  [2020-08-17T16:26:36Z INFO  dt_client_bytes] 64::38162cb0-e585-43d7-b55d-5c240b2bfb7c/3142192f-6bae-4f12-a6f3-5464dc37e790/d0a71d84-b80f-4558-beac-8887750652e3 "64 6aJEiMK8PyauniMzeMyoXZLmF4Yms0M4dSr6TbmROnQH5rxYSEW9sYakxBhnB"
2020-08-17T16:26:36.104378894Z  [2020-08-17T16:26:36Z INFO  dt_client_bytes] Publish 65
2020-08-17T16:26:36.115931442Z  [2020-08-17T16:26:36Z INFO  dt_client_bytes] 65::38162cb0-e585-43d7-b55d-5c240b2bfb7c/3142192f-6bae-4f12-a6f3-5464dc37e790/d0a71d84-b80f-4558-beac-8887750652e3 "65 4u134jt4U5urxZfN5WsyUyRnXTN43CF5nhqHuKsB7lieTD6Pm75PlmCQIORSb"
2020-08-17T16:26:36.115999180Z  [2020-08-17T16:26:36Z INFO  dt_client_bytes] Publish 66
2020-08-17T16:26:36.128054407Z  [2020-08-17T16:26:36Z INFO  dt_client_bytes] 66::38162cb0-e585-43d7-b55d-5c240b2bfb7c/3142192f-6bae-4f12-a6f3-5464dc37e790/d0a71d84-b80f-4558-beac-8887750652e3 "66 qszjsNwfSmaMcVjKRRY89msvPLBhJ9pkH7dIgKtHKM7sKVOThLVF0fShNRG1d"
2020-08-17T16:26:36.128083913Z  [2020-08-17T16:26:36Z INFO  dt_client_bytes] Publish 67
2020-08-17T16:26:36.133685848Z  [2020-08-17T16:26:36Z INFO  dt_client_bytes] PubAck { pkid: 42 }
2020-08-17T16:26:36.134823135Z  [2020-08-17T16:26:36Z INFO  dt_client_bytes] PubAck { pkid: 43 }
2020-08-17T16:26:36.136075388Z  [2020-08-17T16:26:36Z INFO  dt_client_bytes] PubAck { pkid: 44 }
2020-08-17T16:26:36.137280227Z  [2020-08-17T16:26:36Z INFO  dt_client_bytes] PubAck { pkid: 45 }
2020-08-17T16:26:36.138493892Z  [2020-08-17T16:26:36Z INFO  dt_client_bytes] PubAck { pkid: 46 }
2020-08-17T16:26:36.138562181Z  [2020-08-17T16:26:36Z INFO  dt_client_bytes] 67::38162cb0-e585-43d7-b55d-5c240b2bfb7c/3142192f-6bae-4f12-a6f3-5464dc37e790/d0a71d84-b80f-4558-beac-8887750652e3 "67 Dlz6sidxZSFcPiD5wUcmiHwpnrziQBoziVrawwwnfA89GcCFJulHlZZwRessQ"
2020-08-17T16:26:36.139837704Z  [2020-08-17T16:26:36Z INFO  dt_client_bytes] Publish 68
2020-08-17T16:26:36.141114814Z  [2020-08-17T16:26:36Z INFO  dt_client_bytes] PubAck { pkid: 47 }
2020-08-17T16:26:36.142392440Z  [2020-08-17T16:26:36Z INFO  dt_client_bytes] PubAck { pkid: 48 }
2020-08-17T16:26:36.143718791Z  [2020-08-17T16:26:36Z INFO  dt_client_bytes] PubAck { pkid: 49 }
2020-08-17T16:26:36.144942921Z  [2020-08-17T16:26:36Z INFO  dt_client_bytes] PubAck { pkid: 50 }
2020-08-17T16:26:36.146086677Z  [2020-08-17T16:26:36Z INFO  dt_client_bytes] PubAck { pkid: 51 }
2020-08-17T16:26:36.148209996Z  [2020-08-17T16:26:36Z INFO  dt_client_bytes] PubAck { pkid: 52 }
2020-08-17T16:26:36.148490386Z  [2020-08-17T16:26:36Z INFO  dt_client_bytes] PubAck { pkid: 53 }
2020-08-17T16:26:36.149717612Z  [2020-08-17T16:26:36Z INFO  dt_client_bytes] PubAck { pkid: 54 }
2020-08-17T16:26:36.149768628Z  [2020-08-17T16:26:36Z INFO  dt_client_bytes] 68::38162cb0-e585-43d7-b55d-5c240b2bfb7c/3142192f-6bae-4f12-a6f3-5464dc37e790/d0a71d84-b80f-4558-beac-8887750652e3 "68 TxdfiZu4ZlqRh6tT1GisrZnQnb5JFXKtV2VZdEs2gFiaDlmRUsiAglc5LWi4K"
2020-08-17T16:26:36.150962408Z  [2020-08-17T16:26:36Z INFO  dt_client_bytes] Publish 69
2020-08-17T16:26:36.152179748Z  [2020-08-17T16:26:36Z INFO  dt_client_bytes] PubAck { pkid: 55 }
2020-08-17T16:26:36.161166693Z  [2020-08-17T16:26:36Z INFO  dt_client_bytes] 69::38162cb0-e585-43d7-b55d-5c240b2bfb7c/3142192f-6bae-4f12-a6f3-5464dc37e790/d0a71d84-b80f-4558-beac-8887750652e3 "69 1lryqDkRd3rgxfySbIK83osOkKhdUVOopwLGpZkYG147SItonZzOW6HcWYMKY"
2020-08-17T16:26:36.161234610Z  [2020-08-17T16:26:36Z INFO  dt_client_bytes] Publish 70
2020-08-17T16:26:36.171724525Z  [2020-08-17T16:26:36Z INFO  dt_client_bytes] 70::38162cb0-e585-43d7-b55d-5c240b2bfb7c/3142192f-6bae-4f12-a6f3-5464dc37e790/d0a71d84-b80f-4558-beac-8887750652e3 "70 JSfSxOX9f2gYMLFmJfwSRM0zP3oS7SeQMSQ04FCgcXs56VxQxE4At8Xc9xMat"
2020-08-17T16:26:36.171740853Z  [2020-08-17T16:26:36Z INFO  dt_client_bytes] Publish 71
2020-08-17T16:26:36.183269076Z  [2020-08-17T16:26:36Z INFO  dt_client_bytes] 71::38162cb0-e585-43d7-b55d-5c240b2bfb7c/3142192f-6bae-4f12-a6f3-5464dc37e790/d0a71d84-b80f-4558-beac-8887750652e3 "71 GXZ0milrJp05Dn32IYMtaWMcRZGXWifIYkuaGcwXRkb71gx5npFCi5VrTClu2"
2020-08-17T16:26:36.183338126Z  [2020-08-17T16:26:36Z INFO  dt_client_bytes] Publish 72
2020-08-17T16:26:36.194154758Z  [2020-08-17T16:26:36Z INFO  dt_client_bytes] 72::38162cb0-e585-43d7-b55d-5c240b2bfb7c/3142192f-6bae-4f12-a6f3-5464dc37e790/d0a71d84-b80f-4558-beac-8887750652e3 "72 VQhafywoLwaEWTlK28rPzkKHaNpwpFE2OgFeuM3ZiXSstIMffPd4FKgADfcPh"
2020-08-17T16:26:36.194180065Z  [2020-08-17T16:26:36Z INFO  dt_client_bytes] Publish 73
2020-08-17T16:26:36.205783284Z  [2020-08-17T16:26:36Z INFO  dt_client_bytes] 73::38162cb0-e585-43d7-b55d-5c240b2bfb7c/3142192f-6bae-4f12-a6f3-5464dc37e790/d0a71d84-b80f-4558-beac-8887750652e3 "73 TPF6rfviwWgEtt4fg8qtAdiF8hTs7Ld0PZH91tDSLU4P09W3URYl00pAclS7o"
2020-08-17T16:26:36.205868267Z  [2020-08-17T16:26:36Z INFO  dt_client_bytes] Publish 74
2020-08-17T16:26:36.217657940Z  [2020-08-17T16:26:36Z INFO  dt_client_bytes] 74::38162cb0-e585-43d7-b55d-5c240b2bfb7c/3142192f-6bae-4f12-a6f3-5464dc37e790/d0a71d84-b80f-4558-beac-8887750652e3 "74 axca0xDA9CDl1c2T2Ivrz8iCBmp8rwkXsIssC60NqpV7Co1wKZeUJqt3ECmJi"
2020-08-17T16:26:36.217683820Z  [2020-08-17T16:26:36Z INFO  dt_client_bytes] Publish 75
2020-08-17T16:26:36.229017741Z  [2020-08-17T16:26:36Z INFO  dt_client_bytes] 75::38162cb0-e585-43d7-b55d-5c240b2bfb7c/3142192f-6bae-4f12-a6f3-5464dc37e790/d0a71d84-b80f-4558-beac-8887750652e3 "75 bgLvCSill8BiUHBbfD5vS029UmwYVi6F7dWmnK1MPYvr18GkuSf1vPkAY4VeC"
2020-08-17T16:26:36.229076139Z  [2020-08-17T16:26:36Z INFO  dt_client_bytes] Publish 76
2020-08-17T16:26:36.233301665Z  [2020-08-17T16:26:36Z INFO  dt_client_bytes] PubAck { pkid: 56 }
2020-08-17T16:26:36.234543038Z  [2020-08-17T16:26:36Z INFO  dt_client_bytes] PubAck { pkid: 57 }
2020-08-17T16:26:36.235795049Z  [2020-08-17T16:26:36Z INFO  dt_client_bytes] PubAck { pkid: 58 }
2020-08-17T16:26:36.237051494Z  [2020-08-17T16:26:36Z INFO  dt_client_bytes] PubAck { pkid: 59 }
2020-08-17T16:26:36.239337974Z  [2020-08-17T16:26:36Z INFO  dt_client_bytes] PubAck { pkid: 60 }
2020-08-17T16:26:36.239394057Z  [2020-08-17T16:26:36Z INFO  dt_client_bytes] PubAck { pkid: 61 }
2020-08-17T16:26:36.239405719Z  [2020-08-17T16:26:36Z INFO  dt_client_bytes] 76::38162cb0-e585-43d7-b55d-5c240b2bfb7c/3142192f-6bae-4f12-a6f3-5464dc37e790/d0a71d84-b80f-4558-beac-8887750652e3 "76 gHA4DYZK3fyAKsn5WJ5AJaEY1e3KNIAaL28BoCtzQ0wYvPgOxvmlbbWkzWW03"
2020-08-17T16:26:36.240567792Z  [2020-08-17T16:26:36Z INFO  dt_client_bytes] PubAck { pkid: 62 }
2020-08-17T16:26:36.241736064Z  [2020-08-17T16:26:36Z INFO  dt_client_bytes] PubAck { pkid: 63 }
2020-08-17T16:26:36.242909290Z  [2020-08-17T16:26:36Z INFO  dt_client_bytes] Publish 77
2020-08-17T16:26:36.251818484Z  [2020-08-17T16:26:36Z INFO  dt_client_bytes] 77::38162cb0-e585-43d7-b55d-5c240b2bfb7c/3142192f-6bae-4f12-a6f3-5464dc37e790/d0a71d84-b80f-4558-beac-8887750652e3 "77 BuFUa7j105Aj6RrSrvA5QuJmL3imoUQ5A0zRP3bH8lSpcluFhtDtTpISEWKLs"
2020-08-17T16:26:36.251883649Z  [2020-08-17T16:26:36Z INFO  dt_client_bytes] Publish 78
2020-08-17T16:26:36.263632658Z  [2020-08-17T16:26:36Z INFO  dt_client_bytes] 78::38162cb0-e585-43d7-b55d-5c240b2bfb7c/3142192f-6bae-4f12-a6f3-5464dc37e790/d0a71d84-b80f-4558-beac-8887750652e3 "78 d7zyxsEciYefvIv6temsYi7WNzeNnUYaLnZDEi0T3AQnxquytkgvVE7Dra4NO"
2020-08-17T16:26:36.263713016Z  [2020-08-17T16:26:36Z INFO  dt_client_bytes] Publish 79
2020-08-17T16:26:36.275233114Z  [2020-08-17T16:26:36Z INFO  dt_client_bytes] 79::38162cb0-e585-43d7-b55d-5c240b2bfb7c/3142192f-6bae-4f12-a6f3-5464dc37e790/d0a71d84-b80f-4558-beac-8887750652e3 "79 wVshxF9NzZojvXA3A1bANnJbazDl7xwg1uD1f37qRtnzMQCtZK4LxoQoAGSmP"
2020-08-17T16:26:36.275305950Z  [2020-08-17T16:26:36Z INFO  dt_client_bytes] Publish 80
2020-08-17T16:26:36.285826827Z  [2020-08-17T16:26:36Z INFO  dt_client_bytes] 80::38162cb0-e585-43d7-b55d-5c240b2bfb7c/3142192f-6bae-4f12-a6f3-5464dc37e790/d0a71d84-b80f-4558-beac-8887750652e3 "80 Vo70jw3o9TTJZsjdcvOkyQWW5KcsaBGGpGaIUxli7QKR8WK6PGTGYNRyDQxDo"
2020-08-17T16:26:36.285910909Z  [2020-08-17T16:26:36Z INFO  dt_client_bytes] Publish 81
2020-08-17T16:26:36.297229633Z  [2020-08-17T16:26:36Z INFO  dt_client_bytes] 81::38162cb0-e585-43d7-b55d-5c240b2bfb7c/3142192f-6bae-4f12-a6f3-5464dc37e790/d0a71d84-b80f-4558-beac-8887750652e3 "81 1wvFACkKQ4avUg73ADc4yQrsTW61aK7VxXHNIqfFU8cJDcAFZVvWKEGBsDmzM"
2020-08-17T16:26:36.297254506Z  [2020-08-17T16:26:36Z INFO  dt_client_bytes] Publish 82
2020-08-17T16:26:36.308736180Z  [2020-08-17T16:26:36Z INFO  dt_client_bytes] 82::38162cb0-e585-43d7-b55d-5c240b2bfb7c/3142192f-6bae-4f12-a6f3-5464dc37e790/d0a71d84-b80f-4558-beac-8887750652e3 "82 4hHZyvyqcpkQIWyVGkdBQRR13qvwIveeUW5Vpjxy1uwzHrN32Oh7lM4nTWZIb"
2020-08-17T16:26:36.308796407Z  [2020-08-17T16:26:36Z INFO  dt_client_bytes] Publish 83
2020-08-17T16:26:36.320355739Z  [2020-08-17T16:26:36Z INFO  dt_client_bytes] 83::38162cb0-e585-43d7-b55d-5c240b2bfb7c/3142192f-6bae-4f12-a6f3-5464dc37e790/d0a71d84-b80f-4558-beac-8887750652e3 "83 Knko2Rye4ukcWFbUxqus9xA3F1ywKyHjTOLKj0h8Yeoc6ruML1d8OhFxLZ9RB"
2020-08-17T16:26:36.320422248Z  [2020-08-17T16:26:36Z INFO  dt_client_bytes] Publish 84
2020-08-17T16:26:36.331204282Z  [2020-08-17T16:26:36Z INFO  dt_client_bytes] 84::38162cb0-e585-43d7-b55d-5c240b2bfb7c/3142192f-6bae-4f12-a6f3-5464dc37e790/d0a71d84-b80f-4558-beac-8887750652e3 "84 a4WWHjg9VjPQw0HeWUnQrHtX4kR3mCJYslpKbk4gJxZxscwWbIsWCer4kaEFa"
2020-08-17T16:26:36.331235547Z  [2020-08-17T16:26:36Z INFO  dt_client_bytes] Publish 85
2020-08-17T16:26:36.337533839Z  [2020-08-17T16:26:36Z INFO  dt_client_bytes] PubAck { pkid: 64 }
2020-08-17T16:26:36.338872213Z  [2020-08-17T16:26:36Z INFO  dt_client_bytes] PubAck { pkid: 65 }
2020-08-17T16:26:36.340227274Z  [2020-08-17T16:26:36Z INFO  dt_client_bytes] PubAck { pkid: 66 }
2020-08-17T16:26:36.341771851Z  [2020-08-17T16:26:36Z INFO  dt_client_bytes] PubAck { pkid: 67 }
2020-08-17T16:26:36.341799961Z  [2020-08-17T16:26:36Z INFO  dt_client_bytes] PubAck { pkid: 68 }
2020-08-17T16:26:36.341859045Z  [2020-08-17T16:26:36Z INFO  dt_client_bytes] 85::38162cb0-e585-43d7-b55d-5c240b2bfb7c/3142192f-6bae-4f12-a6f3-5464dc37e790/d0a71d84-b80f-4558-beac-8887750652e3 "85 mq2iwjQrkS6XgXOw3d75VBDnIkf8nlNOuuXYLOR0nrSQXH8mD79MUgVQp4PCn"
2020-08-17T16:26:36.343032080Z  [2020-08-17T16:26:36Z INFO  dt_client_bytes] PubAck { pkid: 69 }
2020-08-17T16:26:36.344332802Z  [2020-08-17T16:26:36Z INFO  dt_client_bytes] Publish 86
2020-08-17T16:26:36.345664836Z  [2020-08-17T16:26:36Z INFO  dt_client_bytes] PubAck { pkid: 70 }
2020-08-17T16:26:36.347056583Z  [2020-08-17T16:26:36Z INFO  dt_client_bytes] PubAck { pkid: 71 }
2020-08-17T16:26:36.348478937Z  [2020-08-17T16:26:36Z INFO  dt_client_bytes] PubAck { pkid: 72 }
2020-08-17T16:26:36.349954311Z  [2020-08-17T16:26:36Z INFO  dt_client_bytes] PubAck { pkid: 73 }
2020-08-17T16:26:36.350900009Z  [2020-08-17T16:26:36Z INFO  dt_client_bytes] PubAck { pkid: 74 }
2020-08-17T16:26:36.354173702Z  [2020-08-17T16:26:36Z INFO  dt_client_bytes] 86::38162cb0-e585-43d7-b55d-5c240b2bfb7c/3142192f-6bae-4f12-a6f3-5464dc37e790/d0a71d84-b80f-4558-beac-8887750652e3 "86 TkwOH4QScMfO9SVPKjARgPqeEhaOqtwSqHxoxWxStDem6MBJBU2d7e6FFNB4f"
2020-08-17T16:26:36.354192509Z  [2020-08-17T16:26:36Z INFO  dt_client_bytes] Publish 87
2020-08-17T16:26:36.364607226Z  [2020-08-17T16:26:36Z INFO  dt_client_bytes] 87::38162cb0-e585-43d7-b55d-5c240b2bfb7c/3142192f-6bae-4f12-a6f3-5464dc37e790/d0a71d84-b80f-4558-beac-8887750652e3 "87 Vs3WD6ikOu8CMA5bbWQQeVYy1TuBv0ptvneoMpqSc7Gg7QQUq3lyc9X2Lxds0"
2020-08-17T16:26:36.364625281Z  [2020-08-17T16:26:36Z INFO  dt_client_bytes] Publish 88
2020-08-17T16:26:36.375927895Z  [2020-08-17T16:26:36Z INFO  dt_client_bytes] 88::38162cb0-e585-43d7-b55d-5c240b2bfb7c/3142192f-6bae-4f12-a6f3-5464dc37e790/d0a71d84-b80f-4558-beac-8887750652e3 "88 KI7KvGfKPbXajarhweg3d5Xg8lyBFYDmTgVViI0mRwEh5vI0TX4ll5C7hGVzU"
2020-08-17T16:26:36.375963363Z  [2020-08-17T16:26:36Z INFO  dt_client_bytes] Publish 89
2020-08-17T16:26:36.387555746Z  [2020-08-17T16:26:36Z INFO  dt_client_bytes] 89::38162cb0-e585-43d7-b55d-5c240b2bfb7c/3142192f-6bae-4f12-a6f3-5464dc37e790/d0a71d84-b80f-4558-beac-8887750652e3 "89 X8xzNeY4gXALwq4cZcSu5KQw7MXcHxzNu0YEaKRMdYUY2mrcu8VKBSOpAzJtQ"
2020-08-17T16:26:36.387616007Z  [2020-08-17T16:26:36Z INFO  dt_client_bytes] Publish 90
2020-08-17T16:26:36.399414101Z  [2020-08-17T16:26:36Z INFO  dt_client_bytes] 90::38162cb0-e585-43d7-b55d-5c240b2bfb7c/3142192f-6bae-4f12-a6f3-5464dc37e790/d0a71d84-b80f-4558-beac-8887750652e3 "90 QuogX2zJza2QDzL6BkyYaCMCibv1e1tEn20mSwALDNZ35IYXdUgk8DhxJoIV5"
2020-08-17T16:26:36.399501827Z  [2020-08-17T16:26:36Z INFO  dt_client_bytes] Publish 91
2020-08-17T16:26:36.411253957Z  [2020-08-17T16:26:36Z INFO  dt_client_bytes] 91::38162cb0-e585-43d7-b55d-5c240b2bfb7c/3142192f-6bae-4f12-a6f3-5464dc37e790/d0a71d84-b80f-4558-beac-8887750652e3 "91 STpsFpt4PHp6VI7xgt7o0aEhmeSDqTYwvFvKtHIvwMawP7wiigJTyUT0mHKTU"
2020-08-17T16:26:36.411366562Z  [2020-08-17T16:26:36Z INFO  dt_client_bytes] Publish 92
2020-08-17T16:26:36.422181707Z  [2020-08-17T16:26:36Z INFO  dt_client_bytes] 92::38162cb0-e585-43d7-b55d-5c240b2bfb7c/3142192f-6bae-4f12-a6f3-5464dc37e790/d0a71d84-b80f-4558-beac-8887750652e3 "92 qFMpMYnQX5NiF2i6h6zXcH4KIq6EcL5Ww1XegBlVa7NnC9Y5umlYmeqyIRlr3"
2020-08-17T16:26:36.422221198Z  [2020-08-17T16:26:36Z INFO  dt_client_bytes] Publish 93
2020-08-17T16:26:36.428199941Z  [2020-08-17T16:26:36Z INFO  dt_client_bytes] PubAck { pkid: 75 }
2020-08-17T16:26:36.429064464Z  [2020-08-17T16:26:36Z INFO  dt_client_bytes] PubAck { pkid: 76 }
2020-08-17T16:26:36.430227349Z  [2020-08-17T16:26:36Z INFO  dt_client_bytes] PubAck { pkid: 77 }
2020-08-17T16:26:36.431733541Z  [2020-08-17T16:26:36Z INFO  dt_client_bytes] PubAck { pkid: 78 }
2020-08-17T16:26:36.432701957Z  [2020-08-17T16:26:36Z INFO  dt_client_bytes] PubAck { pkid: 79 }
2020-08-17T16:26:36.432742594Z  [2020-08-17T16:26:36Z INFO  dt_client_bytes] 93::38162cb0-e585-43d7-b55d-5c240b2bfb7c/3142192f-6bae-4f12-a6f3-5464dc37e790/d0a71d84-b80f-4558-beac-8887750652e3 "93 hLDDl9tGrb4ubqCSoyF9Eelq0uSJwjDd9I7DLBXwOilOzmPMDegJn3xbn4xHd"
2020-08-17T16:26:36.433872389Z  [2020-08-17T16:26:36Z INFO  dt_client_bytes] Publish 94
2020-08-17T16:26:36.435095664Z  [2020-08-17T16:26:36Z INFO  dt_client_bytes] PubAck { pkid: 80 }
2020-08-17T16:26:36.436290617Z  [2020-08-17T16:26:36Z INFO  dt_client_bytes] PubAck { pkid: 81 }
2020-08-17T16:26:36.437493849Z  [2020-08-17T16:26:36Z INFO  dt_client_bytes] PubAck { pkid: 82 }
2020-08-17T16:26:36.438727751Z  [2020-08-17T16:26:36Z INFO  dt_client_bytes] PubAck { pkid: 83 }
2020-08-17T16:26:36.444513134Z  [2020-08-17T16:26:36Z INFO  dt_client_bytes] 94::38162cb0-e585-43d7-b55d-5c240b2bfb7c/3142192f-6bae-4f12-a6f3-5464dc37e790/d0a71d84-b80f-4558-beac-8887750652e3 "94 uThHOBqO8GZxCqlv6SIL13LDYm8MUqDDAqqWEQWbW52PIUSpLFz7DWS8ekeId"
2020-08-17T16:26:36.444548385Z  [2020-08-17T16:26:36Z INFO  dt_client_bytes] Publish 95
2020-08-17T16:26:36.456309299Z  [2020-08-17T16:26:36Z INFO  dt_client_bytes] 95::38162cb0-e585-43d7-b55d-5c240b2bfb7c/3142192f-6bae-4f12-a6f3-5464dc37e790/d0a71d84-b80f-4558-beac-8887750652e3 "95 jvEtjUMtCfG9prGWzDhGI7d8GDI5pqZsnkBISbSPAs1QPnKFR9t92EXX65F4S"
2020-08-17T16:26:36.456373762Z  [2020-08-17T16:26:36Z INFO  dt_client_bytes] Publish 96
2020-08-17T16:26:36.468101564Z  [2020-08-17T16:26:36Z INFO  dt_client_bytes] 96::38162cb0-e585-43d7-b55d-5c240b2bfb7c/3142192f-6bae-4f12-a6f3-5464dc37e790/d0a71d84-b80f-4558-beac-8887750652e3 "96 Mv4sLLrPf0A8l1JaYFPz8rljF8mFM6iembFlussMJ5Kh2fIKyDT40tkzxICNV"
2020-08-17T16:26:36.468185289Z  [2020-08-17T16:26:36Z INFO  dt_client_bytes] Publish 97
2020-08-17T16:26:36.478876366Z  [2020-08-17T16:26:36Z INFO  dt_client_bytes] 97::38162cb0-e585-43d7-b55d-5c240b2bfb7c/3142192f-6bae-4f12-a6f3-5464dc37e790/d0a71d84-b80f-4558-beac-8887750652e3 "97 YCQBh05UDlLgoX6UTtL8El54zhk6KXpYV8lApYFZJjCYGwivwyt7IX5NFyIQk"
2020-08-17T16:26:36.478965287Z  [2020-08-17T16:26:36Z INFO  dt_client_bytes] Publish 98
2020-08-17T16:26:36.490585973Z  [2020-08-17T16:26:36Z INFO  dt_client_bytes] 98::38162cb0-e585-43d7-b55d-5c240b2bfb7c/3142192f-6bae-4f12-a6f3-5464dc37e790/d0a71d84-b80f-4558-beac-8887750652e3 "98 4vqNP7FT4PT8endhS2hEx5ceIk7SqAzFK0L0XAsE8Q2br9myL3RXQ9DjeXvFr"
2020-08-17T16:26:36.490743092Z  [2020-08-17T16:26:36Z INFO  dt_client_bytes] Publish 99
2020-08-17T16:26:36.502109687Z  [2020-08-17T16:26:36Z INFO  dt_client_bytes] 99::38162cb0-e585-43d7-b55d-5c240b2bfb7c/3142192f-6bae-4f12-a6f3-5464dc37e790/d0a71d84-b80f-4558-beac-8887750652e3 "99 Sbqkc2PoZRoplTMUbFN6QRDv90RkUZiGTV7pgcQqlNLCfCNEHNwRHWZ47dGFD"
2020-08-17T16:26:36.502160050Z  [2020-08-17T16:26:36Z INFO  dt_client_bytes] Publish 100
2020-08-17T16:26:36.502173504Z  [2020-08-17T16:26:36Z INFO  dt_client_bytes] NotificationCounter {
2020-08-17T16:26:36.502184176Z          Pub: 100,
2020-08-17T16:26:36.502194072Z          PubAck: 83,
2020-08-17T16:26:36.502203973Z          PubRec: 0,
2020-08-17T16:26:36.502236047Z          PubRel: 0,
2020-08-17T16:26:36.502247833Z          PubComp: 0,
2020-08-17T16:26:36.502257780Z      }
2020-08-17T16:26:36.512346022Z  [2020-08-17T16:26:36Z INFO  dt_client_bytes] Thread 38162cb0-e585-43d7-b55d-5c240b2bfb7c/3142192f-6bae-4f12-a6f3-5464dc37e790/d0a71d84-b80f-4558-beac-8887750652e3 done with 100 messages.
2020-08-17T16:26:36.521670881Z  [2020-08-17T16:26:36Z INFO  dt_client_bytes] PubAck { pkid: 84 }
2020-08-17T16:26:36.522133860Z  [2020-08-17T16:26:36Z INFO  dt_client_bytes] NotificationCounter {
2020-08-17T16:26:36.522195875Z          Pub: 100,
2020-08-17T16:26:36.522207480Z          PubAck: 84,
2020-08-17T16:26:36.522217044Z          PubRec: 0,
2020-08-17T16:26:36.522226022Z          PubRel: 0,
2020-08-17T16:26:36.522234881Z          PubComp: 0,
2020-08-17T16:26:36.522243942Z      }
2020-08-17T16:26:36.522687542Z  [2020-08-17T16:26:36Z INFO  dt_client_bytes] PubAck { pkid: 85 }
2020-08-17T16:26:36.522702947Z  [2020-08-17T16:26:36Z INFO  dt_client_bytes] NotificationCounter {
2020-08-17T16:26:36.522712546Z          Pub: 100,
2020-08-17T16:26:36.522721250Z          PubAck: 85,
2020-08-17T16:26:36.522740538Z          PubRec: 0,
2020-08-17T16:26:36.522749451Z          PubRel: 0,
2020-08-17T16:26:36.522783775Z          PubComp: 0,
2020-08-17T16:26:36.522794015Z      }
2020-08-17T16:26:36.612368457Z  [2020-08-17T16:26:36Z INFO  dt_client_bytes] PubAck { pkid: 86 }
2020-08-17T16:26:36.612433803Z  [2020-08-17T16:26:36Z INFO  dt_client_bytes] NotificationCounter {
2020-08-17T16:26:36.612450409Z          Pub: 100,
2020-08-17T16:26:36.612462703Z          PubAck: 86,
2020-08-17T16:26:36.612474802Z          PubRec: 0,
2020-08-17T16:26:36.612514448Z          PubRel: 0,
2020-08-17T16:26:36.612531097Z          PubComp: 0,
2020-08-17T16:26:36.612543640Z      }
2020-08-17T16:26:36.613672784Z  [2020-08-17T16:26:36Z INFO  dt_client_bytes] PubAck { pkid: 87 }
2020-08-17T16:26:36.613767183Z  [2020-08-17T16:26:36Z INFO  dt_client_bytes] NotificationCounter {
2020-08-17T16:26:36.613823358Z          Pub: 100,
2020-08-17T16:26:36.613843095Z          PubAck: 87,
2020-08-17T16:26:36.613858530Z          PubRec: 0,
2020-08-17T16:26:36.613873890Z          PubRel: 0,
2020-08-17T16:26:36.613921525Z          PubComp: 0,
2020-08-17T16:26:36.613938507Z      }
2020-08-17T16:26:36.614969870Z  [2020-08-17T16:26:36Z INFO  dt_client_bytes] PubAck { pkid: 88 }
2020-08-17T16:26:36.615049626Z  [2020-08-17T16:26:36Z INFO  dt_client_bytes] NotificationCounter {
2020-08-17T16:26:36.615135675Z          Pub: 100,
2020-08-17T16:26:36.615160435Z          PubAck: 88,
2020-08-17T16:26:36.615177134Z          PubRec: 0,
2020-08-17T16:26:36.615228796Z          PubRel: 0,
2020-08-17T16:26:36.615250657Z          PubComp: 0,
2020-08-17T16:26:36.615267434Z      }
2020-08-17T16:26:36.616195038Z  [2020-08-17T16:26:36Z INFO  dt_client_bytes] PubAck { pkid: 89 }
2020-08-17T16:26:36.616264790Z  [2020-08-17T16:26:36Z INFO  dt_client_bytes] NotificationCounter {
2020-08-17T16:26:36.616284969Z          Pub: 100,
2020-08-17T16:26:36.616301127Z          PubAck: 89,
2020-08-17T16:26:36.616351852Z          PubRec: 0,
2020-08-17T16:26:36.616369962Z          PubRel: 0,
2020-08-17T16:26:36.616385887Z          PubComp: 0,
2020-08-17T16:26:36.616401437Z      }
2020-08-17T16:26:36.618181390Z  [2020-08-17T16:26:36Z INFO  dt_client_bytes] PubAck { pkid: 90 }
2020-08-17T16:26:36.618233273Z  [2020-08-17T16:26:36Z INFO  dt_client_bytes] NotificationCounter {
2020-08-17T16:26:36.618250935Z          Pub: 100,
2020-08-17T16:26:36.618588591Z          PubAck: 90,
2020-08-17T16:26:36.618609314Z          PubRec: 0,
2020-08-17T16:26:36.618909054Z          PubRel: 0,
2020-08-17T16:26:36.618988893Z          PubComp: 0,
2020-08-17T16:26:36.619006559Z      }
2020-08-17T16:26:36.619176257Z  [2020-08-17T16:26:36Z INFO  dt_client_bytes] PubAck { pkid: 91 }
2020-08-17T16:26:36.619203017Z  [2020-08-17T16:26:36Z INFO  dt_client_bytes] NotificationCounter {
2020-08-17T16:26:36.619257133Z          Pub: 100,
2020-08-17T16:26:36.619277602Z          PubAck: 91,
2020-08-17T16:26:36.619293552Z          PubRec: 0,
2020-08-17T16:26:36.619309277Z          PubRel: 0,
2020-08-17T16:26:36.619361692Z          PubComp: 0,
2020-08-17T16:26:36.619379852Z      }
2020-08-17T16:26:36.620291525Z  [2020-08-17T16:26:36Z INFO  dt_client_bytes] PubAck { pkid: 92 }
2020-08-17T16:26:36.620320562Z  [2020-08-17T16:26:36Z INFO  dt_client_bytes] NotificationCounter {
2020-08-17T16:26:36.620384483Z          Pub: 100,
2020-08-17T16:26:36.620403387Z          PubAck: 92,
2020-08-17T16:26:36.620418811Z          PubRec: 0,
2020-08-17T16:26:36.620434609Z          PubRel: 0,
2020-08-17T16:26:36.620450193Z          PubComp: 0,
2020-08-17T16:26:36.620468697Z      }
2020-08-17T16:26:36.621617341Z  [2020-08-17T16:26:36Z INFO  dt_client_bytes] PubAck { pkid: 93 }
2020-08-17T16:26:36.621642303Z  [2020-08-17T16:26:36Z INFO  dt_client_bytes] NotificationCounter {
2020-08-17T16:26:36.621696926Z          Pub: 100,
2020-08-17T16:26:36.621718697Z          PubAck: 93,
2020-08-17T16:26:36.621735080Z          PubRec: 0,
2020-08-17T16:26:36.621750787Z          PubRel: 0,
2020-08-17T16:26:36.621799108Z          PubComp: 0,
2020-08-17T16:26:36.621816311Z      }
2020-08-17T16:26:36.756846407Z  [2020-08-17T16:26:36Z INFO  dt_client_bytes] PubAck { pkid: 94 }
2020-08-17T16:26:36.756931046Z  [2020-08-17T16:26:36Z INFO  dt_client_bytes] NotificationCounter {
2020-08-17T16:26:36.756950534Z          Pub: 100,
2020-08-17T16:26:36.757008142Z          PubAck: 94,
2020-08-17T16:26:36.757025059Z          PubRec: 0,
2020-08-17T16:26:36.757041254Z          PubRel: 0,
2020-08-17T16:26:36.757091975Z          PubComp: 0,
2020-08-17T16:26:36.757110519Z      }
2020-08-17T16:26:36.758073502Z  [2020-08-17T16:26:36Z INFO  dt_client_bytes] PubAck { pkid: 95 }
2020-08-17T16:26:36.758109671Z  [2020-08-17T16:26:36Z INFO  dt_client_bytes] NotificationCounter {
2020-08-17T16:26:36.758181136Z          Pub: 100,
2020-08-17T16:26:36.758198616Z          PubAck: 95,
2020-08-17T16:26:36.758214807Z          PubRec: 0,
2020-08-17T16:26:36.758266017Z          PubRel: 0,
2020-08-17T16:26:36.758284412Z          PubComp: 0,
2020-08-17T16:26:36.758300564Z      }
2020-08-17T16:26:36.759317891Z  [2020-08-17T16:26:36Z INFO  dt_client_bytes] PubAck { pkid: 96 }
2020-08-17T16:26:36.759382599Z  [2020-08-17T16:26:36Z INFO  dt_client_bytes] NotificationCounter {
2020-08-17T16:26:36.759405746Z          Pub: 100,
2020-08-17T16:26:36.759422842Z          PubAck: 96,
2020-08-17T16:26:36.759485242Z          PubRec: 0,
2020-08-17T16:26:36.759509659Z          PubRel: 0,
2020-08-17T16:26:36.759525891Z          PubComp: 0,
2020-08-17T16:26:36.759541656Z      }
2020-08-17T16:26:36.760592866Z  [2020-08-17T16:26:36Z INFO  dt_client_bytes] PubAck { pkid: 97 }
2020-08-17T16:26:36.760662123Z  [2020-08-17T16:26:36Z INFO  dt_client_bytes] NotificationCounter {
2020-08-17T16:26:36.760755033Z          Pub: 100,
2020-08-17T16:26:36.760777258Z          PubAck: 97,
2020-08-17T16:26:36.760794731Z          PubRec: 0,
2020-08-17T16:26:36.760848472Z          PubRel: 0,
2020-08-17T16:26:36.760868319Z          PubComp: 0,
2020-08-17T16:26:36.760885855Z      }
2020-08-17T16:26:36.761834401Z  [2020-08-17T16:26:36Z INFO  dt_client_bytes] PubAck { pkid: 98 }
2020-08-17T16:26:36.761905115Z  [2020-08-17T16:26:36Z INFO  dt_client_bytes] NotificationCounter {
2020-08-17T16:26:36.761926681Z          Pub: 100,
2020-08-17T16:26:36.761944519Z          PubAck: 98,
2020-08-17T16:26:36.762013116Z          PubRec: 0,
2020-08-17T16:26:36.762031128Z          PubRel: 0,
2020-08-17T16:26:36.762046890Z          PubComp: 0,
2020-08-17T16:26:36.762109604Z      }
2020-08-17T16:26:36.763132303Z  [2020-08-17T16:26:36Z INFO  dt_client_bytes] PubAck { pkid: 99 }
2020-08-17T16:26:36.763166557Z  [2020-08-17T16:26:36Z INFO  dt_client_bytes] NotificationCounter {
2020-08-17T16:26:36.763226528Z          Pub: 100,
2020-08-17T16:26:36.763250148Z          PubAck: 99,
2020-08-17T16:26:36.763268168Z          PubRec: 0,
2020-08-17T16:26:36.763323522Z          PubRel: 0,
2020-08-17T16:26:36.763346576Z          PubComp: 0,
2020-08-17T16:26:36.763364603Z      }
2020-08-17T16:26:36.764322754Z  [2020-08-17T16:26:36Z INFO  dt_client_bytes] PubAck { pkid: 100 }
2020-08-17T16:26:36.764394933Z  [2020-08-17T16:26:36Z INFO  dt_client_bytes] NotificationCounter {
2020-08-17T16:26:36.764415586Z          Pub: 100,
2020-08-17T16:26:36.764432613Z          PubAck: 100,
2020-08-17T16:26:36.764493996Z          PubRec: 0,
2020-08-17T16:26:36.764512814Z          PubRel: 0,
2020-08-17T16:26:36.764530294Z          PubComp: 0,
2020-08-17T16:26:36.764590324Z      }
2020-08-17T16:27:05.366909121Z  [2020-08-17T16:27:05Z INFO  dt_client_bytes] NotificationCounter {
2020-08-17T16:27:05.366997005Z          Pub: 100,
2020-08-17T16:27:05.367016100Z          PubAck: 100,
2020-08-17T16:27:05.367032840Z          PubRec: 0,
2020-08-17T16:27:05.367048638Z          PubRel: 0,
2020-08-17T16:27:05.367064327Z          PubComp: 0,
2020-08-17T16:27:05.367080082Z      }
2020-08-17T16:27:05.471400545Z  [2020-08-17T16:27:05Z INFO  dt_client_bytes] NotificationCounter {
2020-08-17T16:27:05.471502955Z          Pub: 100,
2020-08-17T16:27:05.471528019Z          PubAck: 100,
2020-08-17T16:27:05.471584740Z          PubRec: 0,
2020-08-17T16:27:05.471605171Z          PubRel: 0,
2020-08-17T16:27:05.471622705Z          PubComp: 0,
2020-08-17T16:27:05.471700387Z      }
2020-08-17T16:27:35.368163126Z  [2020-08-17T16:27:35Z INFO  dt_client_bytes] NotificationCounter {
2020-08-17T16:27:35.368281283Z          Pub: 100,
2020-08-17T16:27:35.368348282Z          PubAck: 100,
2020-08-17T16:27:35.368368072Z          PubRec: 0,
2020-08-17T16:27:35.368424531Z          PubRel: 0,
2020-08-17T16:27:35.368446891Z          PubComp: 0,
2020-08-17T16:27:35.368465872Z      }
2020-08-17T16:27:35.475259050Z  [2020-08-17T16:27:35Z INFO  dt_client_bytes] NotificationCounter {
2020-08-17T16:27:35.475349706Z          Pub: 100,
2020-08-17T16:27:35.475406821Z          PubAck: 100,
2020-08-17T16:27:35.475428172Z          PubRec: 0,
2020-08-17T16:27:35.475510558Z          PubRel: 0,
2020-08-17T16:27:35.475532882Z          PubComp: 0,
2020-08-17T16:27:35.475551362Z      }
2020-08-17T16:28:05.369435036Z  [2020-08-17T16:28:05Z INFO  dt_client_bytes] NotificationCounter {
2020-08-17T16:28:05.369549093Z          Pub: 100,
2020-08-17T16:28:05.369636605Z          PubAck: 100,
2020-08-17T16:28:05.369656296Z          PubRec: 0,
2020-08-17T16:28:05.369714874Z          PubRel: 0,
2020-08-17T16:28:05.369736752Z          PubComp: 0,
2020-08-17T16:28:05.369754855Z      }
2020-08-17T16:28:05.459523623Z  [2020-08-17T16:28:05Z INFO  dt_client_bytes] NotificationCounter {
2020-08-17T16:28:05.459618286Z          Pub: 100,
2020-08-17T16:28:05.459642384Z          PubAck: 100,
2020-08-17T16:28:05.459704465Z          PubRec: 0,
2020-08-17T16:28:05.459744069Z          PubRel: 0,
2020-08-17T16:28:05.459811338Z          PubComp: 0,
2020-08-17T16:28:05.459830818Z      }
2020-08-17T16:28:35.370243583Z  [2020-08-17T16:28:35Z INFO  dt_client_bytes] NotificationCounter {
2020-08-17T16:28:35.370345182Z          Pub: 100,
2020-08-17T16:28:35.370407984Z          PubAck: 100,
2020-08-17T16:28:35.370432778Z          PubRec: 0,
2020-08-17T16:28:35.370451646Z          PubRel: 0,
2020-08-17T16:28:35.370505994Z          PubComp: 0,
2020-08-17T16:28:35.370529371Z      }
2020-08-17T16:28:35.487786527Z  [2020-08-17T16:28:35Z INFO  dt_client_bytes] NotificationCounter {
2020-08-17T16:28:35.487883989Z          Pub: 100,
2020-08-17T16:28:35.487907114Z          PubAck: 100,
2020-08-17T16:28:35.487966528Z          PubRec: 0,
2020-08-17T16:28:35.487987093Z          PubRel: 0,
2020-08-17T16:28:35.488005206Z          PubComp: 0,
2020-08-17T16:28:35.488060282Z      }
2020-08-17T16:29:05.371071322Z  [2020-08-17T16:29:05Z INFO  dt_client_bytes] NotificationCounter {
2020-08-17T16:29:05.371217329Z          Pub: 100,
2020-08-17T16:29:05.371288644Z          PubAck: 100,
2020-08-17T16:29:05.371308248Z          PubRec: 0,
2020-08-17T16:29:05.371325232Z          PubRel: 0,
2020-08-17T16:29:05.371387518Z          PubComp: 0,
2020-08-17T16:29:05.371405774Z      }
2020-08-17T16:29:05.480129881Z  [2020-08-17T16:29:05Z INFO  dt_client_bytes] NotificationCounter {
2020-08-17T16:29:05.480217217Z          Pub: 100,
2020-08-17T16:29:05.480239821Z          PubAck: 100,
2020-08-17T16:29:05.480257491Z          PubRec: 0,
2020-08-17T16:29:05.480318906Z          PubRel: 0,
2020-08-17T16:29:05.480336887Z          PubComp: 0,
2020-08-17T16:29:05.480354027Z      }
