2020-08-17T01:49:56.109663590Z  running: (['/opt/scylladb/scripts/scylla_dev_mode_setup', '--developer-mode', '1'],)
2020-08-17T01:49:56.597053823Z  running: (['/opt/scylladb/scripts/scylla_io_setup'],)
2020-08-17T01:49:57.010692345Z  2020-08-17 01:49:57,010 CRIT Supervisor is running as root.  Privileges were not dropped because no user is specified in the config file.  If you intend to run as root, you can set user=root in the config file to avoid this message.
2020-08-17T01:49:57.010992552Z  2020-08-17 01:49:57,010 INFO Included extra file "/etc/supervisord.conf.d/node-exporter.conf" during parsing
2020-08-17T01:49:57.011309014Z  2020-08-17 01:49:57,011 INFO Included extra file "/etc/supervisord.conf.d/rsyslog.conf" during parsing
2020-08-17T01:49:57.011590354Z  2020-08-17 01:49:57,011 INFO Included extra file "/etc/supervisord.conf.d/scylla-housekeeping.conf" during parsing
2020-08-17T01:49:57.011867647Z  2020-08-17 01:49:57,011 INFO Included extra file "/etc/supervisord.conf.d/scylla-jmx.conf" during parsing
2020-08-17T01:49:57.012156498Z  2020-08-17 01:49:57,011 INFO Included extra file "/etc/supervisord.conf.d/scylla-server.conf" during parsing
2020-08-17T01:49:57.012430083Z  2020-08-17 01:49:57,012 INFO Included extra file "/etc/supervisord.conf.d/sshd-server.conf" during parsing
2020-08-17T01:49:57.049749942Z  2020-08-17 01:49:57,049 INFO RPC interface 'supervisor' initialized
2020-08-17T01:49:57.050167158Z  2020-08-17 01:49:57,049 CRIT Server 'inet_http_server' running without any HTTP authentication checking
2020-08-17T01:49:57.050638640Z  2020-08-17 01:49:57,050 INFO supervisord started with pid 25
2020-08-17T01:49:58.066214293Z  2020-08-17 01:49:58,054 INFO spawned: 'scylla' with pid 28
2020-08-17T01:49:58.066266660Z  2020-08-17 01:49:58,059 INFO spawned: 'scylla-housekeeping' with pid 29
2020-08-17T01:49:58.068570277Z  2020-08-17 01:49:58,068 INFO spawned: 'sshd' with pid 30
2020-08-17T01:49:58.071119867Z  2020-08-17 01:49:58,070 INFO spawned: 'scylla-jmx' with pid 31
2020-08-17T01:49:58.073822918Z  2020-08-17 01:49:58,073 INFO spawned: 'rsyslog' with pid 33
2020-08-17T01:49:58.083395103Z  2020-08-17 01:49:58,083 INFO spawned: 'node-exporter' with pid 34
2020-08-17T01:49:58.108280845Z  Generating public/private ed25519 key pair.
2020-08-17T01:49:58.108311208Z  Your identification has been saved in /etc/ssh/ssh_host_ed25519_key.
2020-08-17T01:49:58.108345525Z  Your public key has been saved in /etc/ssh/ssh_host_ed25519_key.pub.
2020-08-17T01:49:58.108356359Z  The key fingerprint is:
2020-08-17T01:49:58.108366039Z  SHA256:eBukFY1XjaDEbHIo4ViWryHou2Sc4MUDhdSyt0k1FiI root@b9eeebe3c7b0
2020-08-17T01:49:58.108375728Z  The key's randomart image is:
2020-08-17T01:49:58.108385328Z  +--[ED25519 256]--+
2020-08-17T01:49:58.108394806Z  |.Eoo++.+oo.o.o   |
2020-08-17T01:49:58.108404339Z  | oo*++o.*oo . .  |
2020-08-17T01:49:58.108413984Z  | o+ +o.++.       |
2020-08-17T01:49:58.108423529Z  |..+o. .=         |
2020-08-17T01:49:58.108433011Z  |o o=ooo S        |
2020-08-17T01:49:58.108454028Z  |+.ooo  . o       |
2020-08-17T01:49:58.108464761Z  | *.     .        |
2020-08-17T01:49:58.108473999Z  |o.               |
2020-08-17T01:49:58.108483069Z  | ..              |
2020-08-17T01:49:58.108492371Z  +----[SHA256]-----+
2020-08-17T01:49:58.134101370Z  time="2020-08-17T01:49:58Z" level=info msg="Starting node_exporter (version=0.17.0, branch=HEAD, revision=f6f6194a436b9a63d0439abc585c76b19a206b21)" source="node_exporter.go:82"
2020-08-17T01:49:58.134163215Z  time="2020-08-17T01:49:58Z" level=info msg="Build context (go=go1.11.2, user=root@322511e06ced, date=20181130-15:51:33)" source="node_exporter.go:83"
2020-08-17T01:49:58.134837712Z  time="2020-08-17T01:49:58Z" level=info msg="Enabled collectors:" source="node_exporter.go:90"
2020-08-17T01:49:58.134861740Z  time="2020-08-17T01:49:58Z" level=info msg=" - arp" source="node_exporter.go:97"
2020-08-17T01:49:58.135178674Z  time="2020-08-17T01:49:58Z" level=info msg=" - bcache" source="node_exporter.go:97"
2020-08-17T01:49:58.135221851Z  time="2020-08-17T01:49:58Z" level=info msg=" - bonding" source="node_exporter.go:97"
2020-08-17T01:49:58.135235011Z  time="2020-08-17T01:49:58Z" level=info msg=" - conntrack" source="node_exporter.go:97"
2020-08-17T01:49:58.135245070Z  time="2020-08-17T01:49:58Z" level=info msg=" - cpu" source="node_exporter.go:97"
2020-08-17T01:49:58.135255085Z  time="2020-08-17T01:49:58Z" level=info msg=" - diskstats" source="node_exporter.go:97"
2020-08-17T01:49:58.135265438Z  time="2020-08-17T01:49:58Z" level=info msg=" - edac" source="node_exporter.go:97"
2020-08-17T01:49:58.135275190Z  time="2020-08-17T01:49:58Z" level=info msg=" - entropy" source="node_exporter.go:97"
2020-08-17T01:49:58.135284742Z  time="2020-08-17T01:49:58Z" level=info msg=" - filefd" source="node_exporter.go:97"
2020-08-17T01:49:58.135294433Z  time="2020-08-17T01:49:58Z" level=info msg=" - filesystem" source="node_exporter.go:97"
2020-08-17T01:49:58.135635353Z  time="2020-08-17T01:49:58Z" level=info msg=" - hwmon" source="node_exporter.go:97"
2020-08-17T01:49:58.135653036Z  time="2020-08-17T01:49:58Z" level=info msg=" - infiniband" source="node_exporter.go:97"
2020-08-17T01:49:58.135663471Z  time="2020-08-17T01:49:58Z" level=info msg=" - interrupts" source="node_exporter.go:97"
2020-08-17T01:49:58.135673356Z  time="2020-08-17T01:49:58Z" level=info msg=" - ipvs" source="node_exporter.go:97"
2020-08-17T01:49:58.135683370Z  time="2020-08-17T01:49:58Z" level=info msg=" - loadavg" source="node_exporter.go:97"
2020-08-17T01:49:58.135693209Z  time="2020-08-17T01:49:58Z" level=info msg=" - mdadm" source="node_exporter.go:97"
2020-08-17T01:49:58.135702934Z  time="2020-08-17T01:49:58Z" level=info msg=" - meminfo" source="node_exporter.go:97"
2020-08-17T01:49:58.135712764Z  time="2020-08-17T01:49:58Z" level=info msg=" - netclass" source="node_exporter.go:97"
2020-08-17T01:49:58.135722403Z  time="2020-08-17T01:49:58Z" level=info msg=" - netdev" source="node_exporter.go:97"
2020-08-17T01:49:58.135745297Z  time="2020-08-17T01:49:58Z" level=info msg=" - netstat" source="node_exporter.go:97"
2020-08-17T01:49:58.135755793Z  time="2020-08-17T01:49:58Z" level=info msg=" - nfs" source="node_exporter.go:97"
2020-08-17T01:49:58.135765374Z  time="2020-08-17T01:49:58Z" level=info msg=" - nfsd" source="node_exporter.go:97"
2020-08-17T01:49:58.135774953Z  time="2020-08-17T01:49:58Z" level=info msg=" - sockstat" source="node_exporter.go:97"
2020-08-17T01:49:58.135784481Z  time="2020-08-17T01:49:58Z" level=info msg=" - stat" source="node_exporter.go:97"
2020-08-17T01:49:58.135794133Z  time="2020-08-17T01:49:58Z" level=info msg=" - textfile" source="node_exporter.go:97"
2020-08-17T01:49:58.135803771Z  time="2020-08-17T01:49:58Z" level=info msg=" - time" source="node_exporter.go:97"
2020-08-17T01:49:58.135813229Z  time="2020-08-17T01:49:58Z" level=info msg=" - timex" source="node_exporter.go:97"
2020-08-17T01:49:58.135822717Z  time="2020-08-17T01:49:58Z" level=info msg=" - uname" source="node_exporter.go:97"
2020-08-17T01:49:58.135985357Z  time="2020-08-17T01:49:58Z" level=info msg=" - vmstat" source="node_exporter.go:97"
2020-08-17T01:49:58.136050763Z  time="2020-08-17T01:49:58Z" level=info msg=" - xfs" source="node_exporter.go:97"
2020-08-17T01:49:58.136066819Z  time="2020-08-17T01:49:58Z" level=info msg=" - zfs" source="node_exporter.go:97"
2020-08-17T01:49:58.136077415Z  time="2020-08-17T01:49:58Z" level=info msg="Listening on :9100" source="node_exporter.go:111"
2020-08-17T01:49:58.470533218Z  Scylla version 4.1.4-0.20200809.76f4bc4c6f0 with build-id e679737b8b1822cd4bcfdceb8cf5482a98689efd starting ...
2020-08-17T01:49:58.470575873Z  command used: "/usr/bin/scylla --log-to-syslog 0 --log-to-stdout 1 --default-log-level info --network-stack posix --developer-mode=1 --overprovisioned --listen-address 10.0.23.48 --rpc-address 10.0.23.48 --seed-provider-parameters seeds=10.0.23.48 --blocked-reactor-notify-ms 999999999"
2020-08-17T01:49:58.470588410Z  parsed command line options: [log-to-syslog: 0, log-to-stdout: 1, default-log-level: info, network-stack: posix, developer-mode: 1, overprovisioned, listen-address: 10.0.23.48, rpc-address: 10.0.23.48, seed-provider-parameters: seeds=10.0.23.48, blocked-reactor-notify-ms: 999999999]
2020-08-17T01:49:58.494590336Z  WARN  2020-08-17 01:49:58,494 [shard 0] seastar - Unable to set SCHED_FIFO scheduling policy for timer thread; latency impact possible. Try adding CAP_SYS_NICE
2020-08-17T01:49:58.517819845Z  INFO  2020-08-17 01:49:58,516 [shard 0] init - installing SIGHUP handler
2020-08-17T01:49:58.522407092Z  INFO  2020-08-17 01:49:58,520 [shard 0] init - Scylla version 4.1.4-0.20200809.76f4bc4c6f0 with build-id e679737b8b1822cd4bcfdceb8cf5482a98689efd starting ...
2020-08-17T01:49:58.522435196Z  
2020-08-17T01:49:58.522446051Z  INFO  2020-08-17 01:49:58,520 [shard 0] init - starting prometheus API server
2020-08-17T01:49:58.523117454Z  INFO  2020-08-17 01:49:58,522 [shard 0] init - starting tokens manager
2020-08-17T01:49:58.523498720Z  INFO  2020-08-17 01:49:58,523 [shard 0] init - starting migration manager notifier
2020-08-17T01:49:58.523543460Z  INFO  2020-08-17 01:49:58,523 [shard 0] init - creating tracing
2020-08-17T01:49:58.523921891Z  INFO  2020-08-17 01:49:58,523 [shard 0] init - creating snitch
2020-08-17T01:49:58.524333861Z  INFO  2020-08-17 01:49:58,524 [shard 0] init - determining DNS name
2020-08-17T01:49:58.524351479Z  INFO  2020-08-17 01:49:58,524 [shard 0] init - starting API server
2020-08-17T01:49:58.526238692Z  INFO  2020-08-17 01:49:58,525 [shard 0] init - Scylla API server listening on 127.0.0.1:10000 ...
2020-08-17T01:49:58.526644113Z  INFO  2020-08-17 01:49:58,526 [shard 0] init - initializing storage service
2020-08-17T01:49:58.526984928Z  INFO  2020-08-17 01:49:58,526 [shard 0] init - starting per-shard database core
2020-08-17T01:49:58.530954132Z  WARN  2020-08-17 01:49:58,530 [shard 0] init - I/O Scheduler is not properly configured! This is a non-supported setup, and performance is expected to be unpredictably bad.
2020-08-17T01:49:58.530976893Z   Reason found: none of --max-io-requests, --io-properties and --io-properties-file are set.
2020-08-17T01:49:58.530988582Z  To properly configure the I/O Scheduler, run the scylla_io_setup utility shipped with Scylla.
2020-08-17T01:49:58.530999112Z  
2020-08-17T01:49:58.531351821Z  INFO  2020-08-17 01:49:58,531 [shard 0] init - creating and verifying directories
2020-08-17T01:49:58.884992891Z  INFO  2020-08-17 01:49:58,884 [shard 0] database - Populating Keyspace system_schema
2020-08-17T01:49:58.885034008Z  INFO  2020-08-17 01:49:58,884 [shard 0] database - Keyspace system_schema: Reading CF computed_columns id=cc7c7069-3740-33c1-92a4-c3de78dbd2c4 version=2b8c4439-de76-31e0-807f-3b7290a975d7
2020-08-17T01:49:58.885046753Z  INFO  2020-08-17 01:49:58,884 [shard 0] database - Keyspace system_schema: Reading CF view_virtual_columns id=08843b63-45dc-3be2-9798-a0418295cfaa version=c777531c-15f7-326f-8ebe-39fd0265c8c9
2020-08-17T01:49:58.885057835Z  INFO  2020-08-17 01:49:58,884 [shard 0] database - Keyspace system_schema: Reading CF dropped_columns id=5e7583b5-f3f4-3af1-9a39-b7e1d6f5f11f version=7426bc6c-4c2f-3200-8ad8-4329610ed59a
2020-08-17T01:49:58.885069268Z  INFO  2020-08-17 01:49:58,884 [shard 0] database - Keyspace system_schema: Reading CF indexes id=0feb57ac-311f-382f-ba6d-9024d305702f version=99c40462-8687-304e-abe3-2bdbef1f25aa
2020-08-17T01:49:58.885514060Z  INFO  2020-08-17 01:49:58,884 [shard 0] database - Keyspace system_schema: Reading CF functions id=96489b79-80be-3e14-a701-66a0b9159450 version=329ed804-55b3-3eee-ad61-d85317b96097
2020-08-17T01:49:58.885555284Z  INFO  2020-08-17 01:49:58,884 [shard 0] database - Keyspace system_schema: Reading CF columns id=24101c25-a2ae-3af7-87c1-b40ee1aca33f version=d33236d4-9bdd-3c09-abf0-a0bc5edc2526
2020-08-17T01:49:58.885569856Z  INFO  2020-08-17 01:49:58,884 [shard 0] database - Keyspace system_schema: Reading CF scylla_tables id=5d912ff1-f759-3665-b2c8-8042ab5103dd version=38e5e56b-155d-39b5-a0d2-8e5dcad42a26
2020-08-17T01:49:58.885580226Z  INFO  2020-08-17 01:49:58,884 [shard 0] database - Keyspace system_schema: Reading CF tables id=afddfb9d-bc1e-3068-8056-eed6c302ba09 version=b6240810-eeb7-36d5-9411-43b2d68dddab
2020-08-17T01:49:58.885590342Z  INFO  2020-08-17 01:49:58,884 [shard 0] database - Keyspace system_schema: Reading CF keyspaces id=abac5682-dea6-31c5-b535-b3d6cffd0fb6 version=e79ca8ba-6556-3f7d-925a-7f20cf57938c
2020-08-17T01:49:58.885616238Z  INFO  2020-08-17 01:49:58,884 [shard 0] database - Keyspace system_schema: Reading CF triggers id=4df70b66-6b05-3251-95a1-32b54005fd48 version=582d7071-1ef0-37c8-adc6-471a13636139
2020-08-17T01:49:58.885627640Z  INFO  2020-08-17 01:49:58,884 [shard 0] database - Keyspace system_schema: Reading CF views id=9786ac1c-dd58-3201-a7cd-ad556410c985 version=5b58bb47-96e7-3f57-accf-0bfca4dbbc6e
2020-08-17T01:49:58.885637872Z  INFO  2020-08-17 01:49:58,884 [shard 0] database - Keyspace system_schema: Reading CF types id=5a8b1ca8-6602-3f77-a045-9273d308917a version=de51b2ce-5e4d-3b7d-a75f-2204332ce8d1
2020-08-17T01:49:58.885647972Z  INFO  2020-08-17 01:49:58,884 [shard 0] database - Keyspace system_schema: Reading CF aggregates id=924c5587-2e3a-345b-b10c-12f37c1ba895 version=4b53e92c-0368-3d5c-b959-2ec1bfd1a59f
2020-08-17T01:49:59.139698912Z  Connecting to http://localhost:100002020-08-17 01:49:59,139 INFO success: scylla entered RUNNING state, process has stayed up for > than 1 seconds (startsecs)
2020-08-17T01:49:59.139952392Z  2020-08-17 01:49:59,139 INFO success: scylla-housekeeping entered RUNNING state, process has stayed up for > than 1 seconds (startsecs)
2020-08-17T01:49:59.140222441Z  2020-08-17 01:49:59,140 INFO success: sshd entered RUNNING state, process has stayed up for > than 1 seconds (startsecs)
2020-08-17T01:49:59.140501021Z  2020-08-17 01:49:59,140 INFO success: scylla-jmx entered RUNNING state, process has stayed up for > than 1 seconds (startsecs)
2020-08-17T01:49:59.140741381Z  2020-08-17 01:49:59,140 INFO success: rsyslog entered RUNNING state, process has stayed up for > than 1 seconds (startsecs)
2020-08-17T01:49:59.140980005Z  2020-08-17 01:49:59,140 INFO success: node-exporter entered RUNNING state, process has stayed up for > than 1 seconds (startsecs)
2020-08-17T01:49:59.144344990Z  
2020-08-17T01:49:59.144392197Z  Starting the JMX server
2020-08-17T01:49:59.905150353Z  JMX is enabled to receive remote connections on port: 7199
2020-08-17T01:50:02.160895561Z  INFO  2020-08-17 01:50:02,160 [shard 0] database - Populating Keyspace system
2020-08-17T01:50:02.160927296Z  INFO  2020-08-17 01:50:02,160 [shard 0] database - Keyspace system: Reading CF schema_aggregates id=a5fc57fc-9d6c-3bfd-a3fc-01ad54686fea version=d06c934f-9a69-374c-86f1-523ab26fb05c
2020-08-17T01:50:02.160940012Z  INFO  2020-08-17 01:50:02,160 [shard 0] database - Keyspace system: Reading CF schema_triggers id=0359bc71-7123-3ee1-9a4a-b9dfb11fc125 version=75e4ec4c-76da-3f59-984e-66810ba0c62b
2020-08-17T01:50:02.160951101Z  INFO  2020-08-17 01:50:02,160 [shard 0] database - Keyspace system: Reading CF compaction_history id=b4dbb7b4-dc49-3fb5-b3bf-ce6e434832ca version=25cae56a-8d75-39f3-a146-3756ab4981c7
2020-08-17T01:50:02.160962124Z  INFO  2020-08-17 01:50:02,160 [shard 0] database - Keyspace system: Reading CF compactions_in_progress id=55080ab0-5d9c-3886-90a4-acb25fe1f77b version=540263f1-40db-3869-8a38-3baadedc222d
2020-08-17T01:50:02.161514947Z  INFO  2020-08-17 01:50:02,160 [shard 0] database - Keyspace system: Reading CF range_xfers id=55d76438-4e55-3f8b-9f6e-676d4af3976d version=dd15a078-409b-350d-9bef-c5f3520832d8
2020-08-17T01:50:02.161552234Z  INFO  2020-08-17 01:50:02,160 [shard 0] database - Keyspace system: Reading CF scylla_views_builds_in_progress id=a04c7bfd-1e13-36c9-a44d-f22da352281d version=e3fb736c-6956-3990-a31d-9a482279e3fc
2020-08-17T01:50:02.161565760Z  INFO  2020-08-17 01:50:02,160 [shard 0] database - Keyspace system: Reading CF IndexInfo id=9f5c6374-d485-3229-9a0a-5094af9ad1e3 version=bbb3743b-351f-3023-b4fc-09a9be37d529
2020-08-17T01:50:02.161605978Z  INFO  2020-08-17 01:50:02,160 [shard 0] database - Keyspace system: Reading CF cdc_local id=0bcaffd4-0c83-3ead-ad13-dc1d5015b77c version=0aa4d3a2-ed95-3ecd-aba0-cd75622ad290
2020-08-17T01:50:02.161617323Z  INFO  2020-08-17 01:50:02,160 [shard 0] database - Keyspace system: Reading CF schema_columnfamilies id=45f5b360-24bc-3f83-a363-1034ea4fa697 version=7f7a5fea-07b7-304d-a6f8-f7aec72cabdb
2020-08-17T01:50:02.161628609Z  INFO  2020-08-17 01:50:02,160 [shard 0] database - Keyspace system: Reading CF batchlog id=0290003c-977e-397c-ac3e-fdfdc01d626b version=e2a2e804-49e4-3597-9f16-39fd9475835c
2020-08-17T01:50:02.161639557Z  INFO  2020-08-17 01:50:02,160 [shard 0] database - Keyspace system: Reading CF schema_functions id=d1b675fe-2b50-3ca4-8e49-c0f81989dcad version=a50959dd-2be0-3e4e-8bb5-cf40796e256a
2020-08-17T01:50:02.161650310Z  INFO  2020-08-17 01:50:02,161 [shard 0] database - Keyspace system: Reading CF peer_events id=59dfeaea-8db2-3341-91ef-109974d81484 version=7f874a05-72b8-3c21-9acb-baa164fc351a
2020-08-17T01:50:02.161683407Z  INFO  2020-08-17 01:50:02,161 [shard 0] database - Keyspace system: Reading CF local id=7ad54392-bcdd-35a6-8417-4e047860b377 version=7fa82c2e-5b67-37dd-8e5e-2079e18f1536
2020-08-17T01:50:02.161695712Z  INFO  2020-08-17 01:50:02,161 [shard 0] database - Keyspace system: Reading CF clients id=ca0f635d-8630-3609-8d93-a1fc06f2a5e5 version=51273ebf-e6f9-3cd5-b455-ea09ad29796f
2020-08-17T01:50:02.161717154Z  INFO  2020-08-17 01:50:02,161 [shard 0] database - Keyspace system: Reading CF size_estimates id=618f817b-005f-3678-b8a4-53f3930b8e86 version=6d4dbcff-f05b-3dc3-95ad-f79f7b10504d
2020-08-17T01:50:02.161729397Z  INFO  2020-08-17 01:50:02,161 [shard 0] database - Keyspace system: Reading CF large_partitions id=8a7fe624-96b0-34b1-b90e-f71bddcdd2d3 version=04fa9920-9369-3a96-be39-6dd9fdc816b6
2020-08-17T01:50:02.161740284Z  INFO  2020-08-17 01:50:02,161 [shard 0] database - Keyspace system: Reading CF schema_columns id=296e9c04-9bec-3085-827d-c17d3df2122a version=53cfbb66-ee0d-37be-97bb-b2afb3746f85
2020-08-17T01:50:02.161771290Z  INFO  2020-08-17 01:50:02,161 [shard 0] database - Keyspace system: Reading CF built_views id=4b3c50a9-ea87-3d76-9101-6dbc9c38494a version=a28aa0b3-6def-30a7-9fbe-ce78b3f3c9b9
2020-08-17T01:50:02.161785742Z  INFO  2020-08-17 01:50:02,161 [shard 0] database - Keyspace system: Reading CF peers id=37f71aca-7dc2-383b-a706-72528af04d4f version=f6f6871f-8c86-3eca-ac0b-2a2e848e395d
2020-08-17T01:50:02.161796229Z  INFO  2020-08-17 01:50:02,161 [shard 0] database - Keyspace system: Reading CF hints id=2666e205-73ef-38b3-90fe-fecf96e8f0c7 version=0b74fdd1-e96d-309e-a14e-a5bcd7ac885d
2020-08-17T01:50:02.161806485Z  INFO  2020-08-17 01:50:02,161 [shard 0] database - Keyspace system: Reading CF large_rows id=40550f66-0858-39a0-9430-f27fc08034e9 version=aee3acb0-7926-317b-848e-db7bc3721695
2020-08-17T01:50:02.161816699Z  INFO  2020-08-17 01:50:02,161 [shard 0] database - Keyspace system: Reading CF large_cells id=ead8bbc5-f146-3ae1-9f71-0b11f9a1d296 version=0d4a6937-a781-3f87-a192-b4e4a4a40acf
2020-08-17T01:50:02.161834261Z  INFO  2020-08-17 01:50:02,161 [shard 0] database - Keyspace system: Reading CF scylla_local id=2972ec7f-fb20-38dd-aac1-d876f2e3fcbd version=5f0b407d-eedf-3845-a48e-dbb9673d10e1
2020-08-17T01:50:02.162453819Z  INFO  2020-08-17 01:50:02,161 [shard 0] database - Keyspace system: Reading CF views_builds_in_progress id=b7f2c108-78cd-3c80-9cd5-d609b2bd149c version=b905cce5-1474-3085-819a-7592453e2fb9
2020-08-17T01:50:02.162482096Z  INFO  2020-08-17 01:50:02,161 [shard 0] database - Keyspace system: Reading CF schema_usertypes id=3aa75225-4f82-350b-8d5c-430fa221fa0a version=3c53e6bb-56d5-3618-a0b2-4ff5f18127d7
2020-08-17T01:50:02.162494551Z  INFO  2020-08-17 01:50:02,161 [shard 0] database - Keyspace system: Reading CF sstable_activity id=5a1ff267-ace0-3f12-8563-cfae6103c65e version=bdec57a3-b234-334b-be9c-7b1f33113995
2020-08-17T01:50:02.162506023Z  INFO  2020-08-17 01:50:02,161 [shard 0] database - Keyspace system: Reading CF truncated id=38c19fd0-fb86-3310-a4b7-0d0cc66628aa version=6da9a85c-7ae0-3917-aead-54a2f65a57a8
2020-08-17T01:50:02.162517140Z  INFO  2020-08-17 01:50:02,161 [shard 0] database - Keyspace system: Reading CF paxos id=b7b7f0c2-fd0a-3410-8c05-3ef614bb7c2d version=6dd372de-72fb-3e1b-9b8c-f97738a67fe9
2020-08-17T01:50:02.162528168Z  INFO  2020-08-17 01:50:02,161 [shard 0] database - Keyspace system: Reading CF schema_keyspaces id=b0f22357-4458-3cdb-9631-c43e59ce3676 version=84d28cef-59f9-34a9-9be5-31c684997f03
2020-08-17T01:50:02.717332050Z  Generating public/private rsa key pair.
2020-08-17T01:50:02.717394980Z  Your identification has been saved in /etc/ssh/ssh_host_rsa_key.
2020-08-17T01:50:02.717406677Z  Your public key has been saved in /etc/ssh/ssh_host_rsa_key.pub.
2020-08-17T01:50:02.717416727Z  The key fingerprint is:
2020-08-17T01:50:02.717426255Z  SHA256:907q4YzP24tDVp4Zp1SpZVcADesSD9L37vcON8e2KTs root@b9eeebe3c7b0
2020-08-17T01:50:02.717459687Z  The key's randomart image is:
2020-08-17T01:50:02.717469782Z  +---[RSA 4096]----+
2020-08-17T01:50:02.717479225Z  |            o+.oo|
2020-08-17T01:50:02.717488673Z  |         .   .* .|
2020-08-17T01:50:02.717497996Z  |        . + o= . |
2020-08-17T01:50:02.717507173Z  |         . *=..  |
2020-08-17T01:50:02.717535691Z  |        S o+o*.  |
2020-08-17T01:50:02.717547597Z  |         .oo=. . |
2020-08-17T01:50:02.717556901Z  |         o. o o.=|
2020-08-17T01:50:02.717565907Z  |         =.B E +*|
2020-08-17T01:50:02.717575135Z  |        .oXo+o==+|
2020-08-17T01:50:02.717584321Z  +----[SHA256]-----+
2020-08-17T01:50:02.730449120Z  Could not load host key: /etc/ssh/ssh_host_ecdsa_key
2020-08-17T01:50:03.758543955Z  Traceback (most recent call last):
2020-08-17T01:50:03.758606205Z    File "/opt/scylladb/scripts/libexec/scylla-housekeeping", line 208, in <module>
2020-08-17T01:50:03.758619197Z      args.func(args)
2020-08-17T01:50:03.758640846Z    File "/opt/scylladb/scripts/libexec/scylla-housekeeping", line 134, in check_version
2020-08-17T01:50:03.758676938Z      current_version = sanitize_version(get_api('/storage_service/scylla_release_version'))
2020-08-17T01:50:03.758687009Z    File "/opt/scylladb/scripts/libexec/scylla-housekeeping", line 93, in get_api
2020-08-17T01:50:03.758697073Z      return get_json_from_url("http://" + api_address + path)
2020-08-17T01:50:03.758706889Z    File "/opt/scylladb/scripts/libexec/scylla-housekeeping", line 88, in get_json_from_url
2020-08-17T01:50:03.758716571Z      raise RuntimeError(f'Failed to get "{path}" due to the following error: {retval}')
2020-08-17T01:50:03.758726311Z  RuntimeError: Failed to get "http://localhost:10000/storage_service/scylla_release_version" due to the following error: HTTP Error 404: Not Found
2020-08-17T01:50:11.090546748Z  INFO  2020-08-17 01:50:11,089 [shard 0] init - starting gossip
2020-08-17T01:50:11.090832687Z  WARN  2020-08-17 01:50:11,090 [shard 0] init - Using default cluster name is not recommended. Using a unique cluster name will reduce the chance of adding nodes to the wrong cluster by mistake
2020-08-17T01:50:11.091390776Z  INFO  2020-08-17 01:50:11,091 [shard 0] init - starting storage proxy
2020-08-17T01:50:11.100565493Z  INFO  2020-08-17 01:50:11,100 [shard 0] init - creating hints manager
2020-08-17T01:50:11.101449034Z  INFO  2020-08-17 01:50:11,101 [shard 1] init - creating hints manager
2020-08-17T01:50:11.101809906Z  INFO  2020-08-17 01:50:11,101 [shard 0] init - starting migration manager
2020-08-17T01:50:11.102311997Z  INFO  2020-08-17 01:50:11,102 [shard 0] init - starting query processor
2020-08-17T01:50:11.103781480Z  INFO  2020-08-17 01:50:11,103 [shard 0] init - initializing batchlog manager
2020-08-17T01:50:11.107518321Z  INFO  2020-08-17 01:50:11,107 [shard 0] legacy_schema_migrator - Moving 0 keyspaces from legacy schema tables to the new schema keyspace (system_schema)
2020-08-17T01:50:11.108106292Z  INFO  2020-08-17 01:50:11,107 [shard 0] legacy_schema_migrator - Dropping legacy schema tables
2020-08-17T01:50:24.372994478Z  INFO  2020-08-17 01:50:24,372 [shard 0] legacy_schema_migrator - Completed migration of legacy schema tables
2020-08-17T01:50:24.376045119Z  INFO  2020-08-17 01:50:24,375 [shard 0] init - loading system sstables
2020-08-17T01:50:51.066922353Z  INFO  2020-08-17 01:50:51,065 [shard 0] init - loading non-system sstables
2020-08-17T01:51:04.768556959Z  INFO  2020-08-17 01:51:04,767 [shard 0] database - Populating Keyspace dt
2020-08-17T01:51:04.769402065Z  INFO  2020-08-17 01:51:04,769 [shard 0] database - Keyspace dt: Reading CF source_element_idx_index id=68593f10-d77b-11ea-9877-000000000001 version=33e3f927-f730-3081-88e1-6bed2962e42a
2020-08-17T01:51:04.770069974Z  INFO  2020-08-17 01:51:04,769 [shard 0] database - Keyspace dt: Reading CF element_twin_idx_index id=630ae8b0-d77b-11ea-9877-000000000001 version=bc3026fd-bc4e-318d-b6f4-ca0b566cb74b
2020-08-17T01:51:04.770714739Z  INFO  2020-08-17 01:51:04,770 [shard 0] database - Keyspace dt: Reading CF source id=65ff2270-d77b-11ea-9877-000000000001 version=5f8471b7-7d19-31d4-9be5-0f153affb0bb
2020-08-17T01:51:04.771376798Z  INFO  2020-08-17 01:51:04,771 [shard 0] database - Keyspace dt: Reading CF source_data id=6af6cd50-d77b-11ea-9877-000000000001 version=b52400e3-b307-3141-b3fc-e5d63573f135
2020-08-17T01:51:04.771975764Z  INFO  2020-08-17 01:51:04,771 [shard 0] database - Keyspace dt: Reading CF element id=607549b0-d77b-11ea-9877-000000000001 version=f44a6c4b-69d8-37f2-b116-7260740acc6c
2020-08-17T01:51:04.772638953Z  INFO  2020-08-17 01:51:04,772 [shard 0] database - Keyspace dt: Reading CF twin id=5e00c740-d77b-11ea-9877-000000000001 version=6240633e-c8cc-3fea-a1e3-452eff1b9659
2020-08-17T01:51:04.773196559Z  INFO  2020-08-17 01:51:04,772 [shard 0] database - Keyspace dt: Reading CF user id=5c294820-d77b-11ea-9877-000000000001 version=02cce273-02f1-3e6a-8674-f1016e3f22d7
2020-08-17T01:51:04.773810081Z  INFO  2020-08-17 01:51:04,773 [shard 0] database - Populating Keyspace system_distributed
2020-08-17T01:51:04.774401101Z  INFO  2020-08-17 01:51:04,774 [shard 0] database - Keyspace system_distributed: Reading CF view_build_status id=5582b59f-8e4e-35e1-b913-3acada51eb04 version=e0b6e628-60e0-39a2-ada0-9b6c13bdd9bc
2020-08-17T01:51:04.776352769Z  INFO  2020-08-17 01:51:04,774 [shard 0] database - Keyspace system_distributed: Reading CF cdc_generations id=6a4df139-00b6-3d21-9efc-dade266dc3b7 version=2511b46b-df1d-39fa-9a77-f5cacf88af47
2020-08-17T01:51:04.776371849Z  INFO  2020-08-17 01:51:04,774 [shard 0] database - Keyspace system_distributed: Reading CF cdc_streams id=07405732-4620-34d6-a85e-947248dad9a4 version=b606cfa4-a37b-32bd-a624-e05cab2bed3c
2020-08-17T01:51:04.776382652Z  INFO  2020-08-17 01:51:04,774 [shard 0] database - Populating Keyspace system_auth
2020-08-17T01:51:04.776401142Z  INFO  2020-08-17 01:51:04,774 [shard 0] database - Keyspace system_auth: Reading CF roles id=5bc52802-de25-35ed-aeab-188eecebb090 version=d8f599da-7544-3f57-aa58-b229deea93e0
2020-08-17T01:51:04.776411744Z  INFO  2020-08-17 01:51:04,774 [shard 0] database - Keyspace system_auth: Reading CF role_members id=0ecdaa87-f8fb-3e60-88d1-74fb36fe5c0d version=2923b5bb-f2f8-36e8-9e73-19019900010c
2020-08-17T01:51:04.776421646Z  INFO  2020-08-17 01:51:04,774 [shard 0] database - Populating Keyspace system_traces
2020-08-17T01:51:04.776431156Z  INFO  2020-08-17 01:51:04,774 [shard 0] database - Keyspace system_traces: Reading CF sessions id=c5e99f16-8677-3914-b17e-960613512345 version=e0fc4b06-6cba-3b7b-bfb6-b42a77c370a9
2020-08-17T01:51:04.776441308Z  INFO  2020-08-17 01:51:04,774 [shard 0] database - Keyspace system_traces: Reading CF node_slow_log_time_idx id=f9706768-aa1e-3d87-9e5c-51a3927c2870 version=eaffc0bb-7b2c-3b64-8924-d8ba685120bc
2020-08-17T01:51:04.776451255Z  INFO  2020-08-17 01:51:04,775 [shard 0] database - Keyspace system_traces: Reading CF sessions_time_idx id=0ebf001c-c1d1-3693-9a63-c3d96ac53318 version=cd5d1e5f-1f42-3b9d-a8ba-3af39d59a7d5
2020-08-17T01:51:04.776461157Z  INFO  2020-08-17 01:51:04,775 [shard 0] database - Keyspace system_traces: Reading CF events id=8826e8e9-e16a-3728-8753-3bc1fc713c25 version=41a6b26e-a03b-3ae1-8a4a-b9446e7f9304
2020-08-17T01:51:04.776471065Z  INFO  2020-08-17 01:51:04,775 [shard 0] database - Keyspace system_traces: Reading CF node_slow_log id=bfcc4e62-5b63-3aa1-a1c3-6f5e47f3325c version=23e7a411-8414-340f-854d-20a3a637e438
2020-08-17T01:51:11.660829249Z  INFO  2020-08-17 01:51:11,660 [shard 0] init - starting view update generator
2020-08-17T01:51:11.661468968Z  INFO  2020-08-17 01:51:11,661 [shard 0] init - discovering staging sstables
2020-08-17T01:51:11.662145962Z  INFO  2020-08-17 01:51:11,661 [shard 0] init - setting up system keyspace
2020-08-17T01:51:11.676613522Z  INFO  2020-08-17 01:51:11,676 [shard 0] init - starting commit log
2020-08-17T01:51:11.677448415Z  INFO  2020-08-17 01:51:11,677 [shard 0] compaction - Compacting [/var/lib/scylla/data/system/compaction_history-b4dbb7b4dc493fb5b3bfce6e434832ca/mc-84-big-Data.db:level=0, /var/lib/scylla/data/system/compaction_history-b4dbb7b4dc493fb5b3bfce6e434832ca/mc-82-big-Data.db:level=0, ]
2020-08-17T01:51:11.677996611Z  INFO  2020-08-17 01:51:11,677 [shard 0] compaction - Compacting [/var/lib/scylla/data/system/local-7ad54392bcdd35a684174e047860b377/mc-388-big-Data.db:level=0, /var/lib/scylla/data/system/local-7ad54392bcdd35a684174e047860b377/mc-390-big-Data.db:level=0, /var/lib/scylla/data/system/local-7ad54392bcdd35a684174e047860b377/mc-386-big-Data.db:level=0, ]
2020-08-17T01:51:11.678020396Z  INFO  2020-08-17 01:51:11,677 [shard 0] compaction - Compacting [/var/lib/scylla/data/system/truncated-38c19fd0fb863310a4b70d0cc66628aa/mc-170-big-Data.db:level=0, /var/lib/scylla/data/system/truncated-38c19fd0fb863310a4b70d0cc66628aa/mc-168-big-Data.db:level=0, ]
2020-08-17T01:51:11.678687744Z  INFO  2020-08-17 01:51:11,678 [shard 1] compaction - Compacting [/var/lib/scylla/data/system/peers-37f71aca7dc2383ba70672528af04d4f/mc-15-big-Data.db:level=0, /var/lib/scylla/data/system/peers-37f71aca7dc2383ba70672528af04d4f/mc-13-big-Data.db:level=0, ]
2020-08-17T01:51:11.679274432Z  INFO  2020-08-17 01:51:11,679 [shard 1] compaction - Compacting [/var/lib/scylla/data/system/clients-ca0f635d863036098d93a1fc06f2a5e5/mc-163-big-Data.db:level=0, /var/lib/scylla/data/system/clients-ca0f635d863036098d93a1fc06f2a5e5/mc-165-big-Data.db:level=0, ]
2020-08-17T01:51:11.679819183Z  INFO  2020-08-17 01:51:11,679 [shard 1] compaction - Compacting [/var/lib/scylla/data/system/compaction_history-b4dbb7b4dc493fb5b3bfce6e434832ca/mc-91-big-Data.db:level=0, /var/lib/scylla/data/system/compaction_history-b4dbb7b4dc493fb5b3bfce6e434832ca/mc-89-big-Data.db:level=0, ]
2020-08-17T01:51:11.680383661Z  INFO  2020-08-17 01:51:11,680 [shard 1] compaction - Compacting [/var/lib/scylla/data/dt/source_data-6af6cd50d77b11ea9877000000000001/mc-65-big-Data.db:level=0, /var/lib/scylla/data/dt/source_data-6af6cd50d77b11ea9877000000000001/mc-63-big-Data.db:level=0, ]
2020-08-17T01:51:11.681924470Z  INFO  2020-08-17 01:51:11,681 [shard 0] init - initializing migration manager RPC verbs
2020-08-17T01:51:11.682484982Z  INFO  2020-08-17 01:51:11,682 [shard 0] init - initializing storage proxy RPC verbs
2020-08-17T01:51:11.683142915Z  INFO  2020-08-17 01:51:11,682 [shard 0] init - starting streaming service
2020-08-17T01:51:11.684010622Z  INFO  2020-08-17 01:51:11,683 [shard 0] init - starting hinted handoff manager
2020-08-17T01:51:11.686445426Z  INFO  2020-08-17 01:51:11,686 [shard 0] init - starting messaging service
2020-08-17T01:51:11.687024215Z  INFO  2020-08-17 01:51:11,686 [shard 0] repair - Setting max_repair_memory=126248550, max_repair_memory_per_range=33554432, max_repair_ranges_in_parallel=3
2020-08-17T01:51:11.687681416Z  INFO  2020-08-17 01:51:11,687 [shard 0] init - starting storage service
2020-08-17T01:51:11.688765667Z  INFO  2020-08-17 01:51:11,688 [shard 0] storage_service - Loading persisted ring state
2020-08-17T01:51:11.690304653Z  INFO  2020-08-17 01:51:11,690 [shard 0] storage_service - loaded_peer_features: peer_features size=0
2020-08-17T01:51:11.690662355Z  INFO  2020-08-17 01:51:11,690 [shard 0] storage_service - Checking remote features skipped, since this node is a new seed node which knows nothing about the cluster
2020-08-17T01:51:11.691437201Z  INFO  2020-08-17 01:51:11,691 [shard 0] storage_service - Restarting a node in NORMAL status
2020-08-17T01:51:11.739806615Z  INFO  2020-08-17 01:51:11,739 [shard 1] compaction - Compacting [/var/lib/scylla/data/system/truncated-38c19fd0fb863310a4b70d0cc66628aa/mc-91-big-Data.db:level=0, /var/lib/scylla/data/system/truncated-38c19fd0fb863310a4b70d0cc66628aa/mc-89-big-Data.db:level=0, ]
2020-08-17T01:51:11.762889740Z  INFO  2020-08-17 01:51:11,762 [shard 0] database - Schema version changed to 3f00f995-6495-3765-8599-4e76a2f4c6b2
2020-08-17T01:51:11.763666733Z  INFO  2020-08-17 01:51:11,762 [shard 0] storage_service - Starting up server gossip
2020-08-17T01:51:14.145605598Z  WARN  2020-08-17 01:51:14,144 [shard 1] large_data - Writing a partition with too many rows [dt/source_data:d0a71d84-b80f-4558-beac-8887750652e3] (110550 rows)
2020-08-17T01:51:14.548071130Z  INFO  2020-08-17 01:51:14,546 [shard 1] compaction - Compacted 2 sstables to []. 10954 bytes to 0 (~0% of original) in 2ms = 0.00MB/s. ~256 total partitions merged to 0.
2020-08-17T01:51:14.864959115Z  INFO  2020-08-17 01:51:14,864 [shard 1] compaction - Compacted 2 sstables to []. 11913 bytes to 0 (~0% of original) in 60ms = 0.00MB/s. ~256 total partitions merged to 0.
2020-08-17T01:51:18.730044427Z  INFO  2020-08-17 01:51:18,729 [shard 0] messaging_service - Starting Messaging Service on port 7000
2020-08-17T01:51:20.528519881Z  INFO  2020-08-17 01:51:20,528 [shard 1] compaction - Compacted 2 sstables to [/var/lib/scylla/data/system/truncated-38c19fd0fb863310a4b70d0cc66628aa/mc-93-big-Data.db:level=0, ]. 148082 bytes to 74120 (~50% of original) in 6689ms = 0.01MB/s. ~256 total partitions merged to 6.
2020-08-17T01:51:20.528951764Z  INFO  2020-08-17 01:51:20,528 [shard 1] compaction - Compacted 2 sstables to [/var/lib/scylla/data/system/compaction_history-b4dbb7b4dc493fb5b3bfce6e434832ca/mc-93-big-Data.db:level=0, ]. 248094 bytes to 153719 (~61% of original) in 6749ms = 0.02MB/s. ~896 total partitions merged to 760.
2020-08-17T01:51:20.870242572Z  INFO  2020-08-17 01:51:20,869 [shard 1] compaction - Compacted 2 sstables to [/var/lib/scylla/data/dt/source_data-6af6cd50d77b11ea9877000000000001/mc-67-big-Data.db:level=0, ]. 9880499 bytes to 9875190 (~99% of original) in 6751ms = 1.40MB/s. ~256 total partitions merged to 1.
2020-08-17T01:51:21.228529150Z  INFO  2020-08-17 01:51:21,226 [shard 0] compaction - Compacted 2 sstables to [/var/lib/scylla/data/system/compaction_history-b4dbb7b4dc493fb5b3bfce6e434832ca/mc-86-big-Data.db:level=0, ]. 236972 bytes to 146649 (~61% of original) in 7053ms = 0.02MB/s. ~768 total partitions merged to 667.
2020-08-17T01:51:21.478256023Z  INFO  2020-08-17 01:51:21,476 [shard 0] compaction - Compacted 3 sstables to [/var/lib/scylla/data/system/local-7ad54392bcdd35a684174e047860b377/mc-392-big-Data.db:level=0, ]. 24440 bytes to 12443 (~50% of original) in 7053ms = 0.00MB/s. ~384 total partitions merged to 1.
2020-08-17T01:51:21.479081396Z  INFO  2020-08-17 01:51:21,478 [shard 0] compaction - Compacting [/var/lib/scylla/data/system/local-7ad54392bcdd35a684174e047860b377/mc-394-big-Data.db:level=0, /var/lib/scylla/data/system/local-7ad54392bcdd35a684174e047860b377/mc-392-big-Data.db:level=0, ]
2020-08-17T01:51:21.479947432Z  INFO  2020-08-17 01:51:21,479 [shard 0] compaction - Compacted 2 sstables to [/var/lib/scylla/data/system/truncated-38c19fd0fb863310a4b70d0cc66628aa/mc-172-big-Data.db:level=0, ]. 82079 bytes to 76842 (~93% of original) in 7260ms = 0.01MB/s. ~256 total partitions merged to 3.
2020-08-17T01:51:24.502215271Z  INFO  2020-08-17 01:51:24,500 [shard 0] compaction - Compacted 2 sstables to [/var/lib/scylla/data/system/local-7ad54392bcdd35a684174e047860b377/mc-396-big-Data.db:level=0, ]. 19049 bytes to 12278 (~64% of original) in 2100ms = 0.01MB/s. ~256 total partitions merged to 1.
2020-08-17T01:51:30.733260920Z  INFO  2020-08-17 01:51:30,732 [shard 0] gossip - No gossip backlog; proceeding
2020-08-17T01:51:30.735257135Z  INFO  2020-08-17 01:51:30,733 [shard 0] features - Feature COMPUTED_COLUMNS is enabled
2020-08-17T01:51:30.735293573Z  INFO  2020-08-17 01:51:30,733 [shard 0] features - Feature CORRECT_COUNTER_ORDER is enabled
2020-08-17T01:51:30.735310741Z  INFO  2020-08-17 01:51:30,733 [shard 0] features - Feature CORRECT_NON_COMPOUND_RANGE_TOMBSTONES is enabled
2020-08-17T01:51:30.735325996Z  INFO  2020-08-17 01:51:30,733 [shard 0] features - Feature CORRECT_STATIC_COMPACT_IN_MC is enabled
2020-08-17T01:51:30.735340882Z  INFO  2020-08-17 01:51:30,733 [shard 0] features - Feature COUNTERS is enabled
2020-08-17T01:51:30.735355309Z  INFO  2020-08-17 01:51:30,733 [shard 0] features - Feature DIGEST_INSENSITIVE_TO_EXPIRY is enabled
2020-08-17T01:51:30.735369506Z  INFO  2020-08-17 01:51:30,733 [shard 0] features - Feature DIGEST_MULTIPARTITION_READ is enabled
2020-08-17T01:51:30.735403357Z  INFO  2020-08-17 01:51:30,733 [shard 0] features - Feature HINTED_HANDOFF_SEPARATE_CONNECTION is enabled
2020-08-17T01:51:30.735419633Z  INFO  2020-08-17 01:51:30,733 [shard 0] features - Feature INDEXES is enabled
2020-08-17T01:51:30.735433543Z  INFO  2020-08-17 01:51:30,733 [shard 0] features - Feature LARGE_PARTITIONS is enabled
2020-08-17T01:51:30.735447241Z  INFO  2020-08-17 01:51:30,733 [shard 0] features - Feature LWT is enabled
2020-08-17T01:51:30.735460927Z  INFO  2020-08-17 01:51:30,733 [shard 0] features - Feature MATERIALIZED_VIEWS is enabled
2020-08-17T01:51:30.735474631Z  INFO  2020-08-17 01:51:30,733 [shard 0] features - Feature MC_SSTABLE_FORMAT is enabled
2020-08-17T01:51:30.735488643Z  INFO  2020-08-17 01:51:30,733 [shard 0] features - Feature NONFROZEN_UDTS is enabled
2020-08-17T01:51:30.735502677Z  INFO  2020-08-17 01:51:30,733 [shard 0] features - Feature PER_TABLE_PARTITIONERS is enabled
2020-08-17T01:51:30.735516712Z  INFO  2020-08-17 01:51:30,733 [shard 0] features - Feature RANGE_TOMBSTONES is enabled
2020-08-17T01:51:30.735530662Z  INFO  2020-08-17 01:51:30,733 [shard 0] features - Feature ROLES is enabled
2020-08-17T01:51:30.735544464Z  INFO  2020-08-17 01:51:30,733 [shard 0] features - Feature ROW_LEVEL_REPAIR is enabled
2020-08-17T01:51:30.735558214Z  INFO  2020-08-17 01:51:30,733 [shard 0] features - Feature SCHEMA_TABLES_V3 is enabled
2020-08-17T01:51:30.735592157Z  INFO  2020-08-17 01:51:30,733 [shard 0] features - Feature STREAM_WITH_RPC_STREAM is enabled
2020-08-17T01:51:30.735607874Z  INFO  2020-08-17 01:51:30,733 [shard 0] features - Feature TRUNCATION_TABLE is enabled
2020-08-17T01:51:30.735621912Z  INFO  2020-08-17 01:51:30,733 [shard 0] system_keyspace - Got cluster agreement on truncation table feature. Removing legacy records.
2020-08-17T01:51:30.735639069Z  INFO  2020-08-17 01:51:30,733 [shard 0] features - Feature UNBOUNDED_RANGE_TOMBSTONES is enabled
2020-08-17T01:51:30.735653578Z  INFO  2020-08-17 01:51:30,733 [shard 0] features - Feature VIEW_VIRTUAL_COLUMNS is enabled
2020-08-17T01:51:30.735667426Z  INFO  2020-08-17 01:51:30,733 [shard 0] features - Feature WRITE_FAILURE_REPLY is enabled
2020-08-17T01:51:30.735681158Z  INFO  2020-08-17 01:51:30,733 [shard 0] features - Feature XXHASH is enabled
2020-08-17T01:51:30.735694920Z  INFO  2020-08-17 01:51:30,734 [shard 0] system_keyspace - Legacy records deleted.
2020-08-17T01:51:30.736364141Z  INFO  2020-08-17 01:51:30,735 [shard 0] init - starting system distributed keyspace
2020-08-17T01:51:30.739718679Z  INFO  2020-08-17 01:51:30,739 [shard 0] storage_service - Using saved tokens {943448605036726745, 9061580907506437136, 8957018461898327244, 8813999419995718088, 8775859223532977932, 873311388414975666, 8707696313600310498, 8675978575875245837, 855031166620283245, 8476533345381470087, 8413544620893079714, 8382283044476755854, 7804258889026263620, 778239093056833917, 7732629563319678675, 7564694057214588647, 747840302865059114, 7255484784972643852, 700944770677405149, 7009081579420542256, 7354219953741161264, 6974970471767945112, 6788034976878782500, 667581605220131528, 6496091893897576732, 6478032244021912394, 6420907855788431922, 8777890816944145805, 6381418245203458391, 6358173612251239308, 6302443190184390149, 6115776390551923703, 5906838239532612246, 5890706123786165213, 588034934972968299, 5848278814186320030, 5834675951458569055, 5796254206948921528, -6441145814158460549, 7172238068082229918, -6238625478980828395, -6199824488038647909, -572473923349256348, -5526097868254533829, -5508289632699420366, -6338043935148530859, 4738411181964629022, -5411685484465544274, 5103660925946342563, -5360532551957069796, -5246840897237646542, -8953406550820932827, -511676141100664160, -4872163430844150374, 5153854518462400651, -4829128129506020031, 6818717460470417221, -4735496583611878200, -7913213531410876291, -8612347190400988175, 3361838207769500988, -4770694758141334815, 3533570692245755170, -3014142033706378490, -6648258355715071793, 105268539462240253, 6448269612184381105, 3941245744356891698, -4925670906471950289, -6853270293933441203, -431455211546220291, -4106310081010891923, -4280461110562472301, -4231054370802445643, 4453520694484038438, -5140544052953576706, -7341700934491837716, -4177024142024341044, -2365586676906010085, -4368295386640868227, -6779834804380741154, 7103497347382660592, -471701403720839764, -2187125227394891465, -1593748153114868683, 8325613099551670589, -6017078328443447975, 408961909545308462, -3256341547923989103, 1911454556365012923, -2135119982021577211, -6104126434670973331, -1614584707908969492, -5285270377043925775, 194223785007163967, 3556932048290112968, 4378909036113166689, -2319706609635128471, 782580883702972777, -3880555618453256762, -2879534723161185431, 7469085752185829039, -8001902308657073600, -1522914538603683793, 784130423392421222, -3409621329811667263, -5136236598692180863, -2640475812391264528, 3907413558358164712, -2166731983266837511, -8529251962487546573, -5228242602708342126, -6263078841153087564, -1295419475388780424, 5311755414232655734, -4113405879925637368, 2104079815049743807, -105211415949921556, -1004253484774030395, -6093280019772326743, -1363472444035739717, 7772390126184307669, 3373616921334842984, -3428624778218969630, -4475005699924690030, -1207620414022812792, -4203952547861361192, -4895652206680369668, 5569071124009844993, -2800260328053956713, 1033733984444816800, -1761718599052329021, -6249520955674807415, -6810383749951706976, -2391018463907211455, -3729138346528579520, -3942245253345029362, -1032698423218536378, 2233495137371904435, -1970747149103226319, 2531294222158762011, 4445989245037378795, -2648919406212884980, 800062458669145892, -6586482614645135705, -8855822008500182327, -2076430708060394350, -6127879535600466936, 5017042126534426855, -6767019288334108993, -6985294397658573838, -2605645373691895986, 2542018259596577135, -2699231837109027988, -9132047842757487932, 9066588519930559993, -4601858807243735115, 1470306277250886071, 1688077838521597411, -2700796200994103492, -5656441245782528349, 3822141065635310082, -4415280594152455372, -1709100826419756065, -2732234699235264563, -3101294897153501639, 6933997554702494562, -4541237399207364623, 1251119865371637993, -3280527161887251879, -4007868363884276055, -4134923634748466107, -5595342098352848506, 533209426647054698, 285540986842976874, -4193553788022177878, -7111183380354176443, 7880345233810794046, -7190282066974323895, -7232953798633244985, -7512330892235471280, -889434854029329118, 9122882257136270100, 3909145942678699742, 2870638580126821409, -2685359252619347507, 4540975434217357056, 1912522665107890116, -1474028219808469861, -7767361191227918078, -8495384334141326469, -8024675672634848221, -8352632933072691056, -1084614158625469139, -8372022353883945178, -1171738939209168407, -8485257529464526975, -8549013321787275289, -7405825010257289618, -8694753427154041557, -9173155356561330710, -3164480873853500968, 1172299952227812636, 1535311813904826318, 156312151312654313, 2050968450175517454, 1018091569669202328, 1574734081023094222, 214428871588027420, -5095673126210616552, 2431756818088451524, -1208769590907790735, 3022913469242457337, 2609254198811139442, 5396954320704971060, 284028081363756156, -184157634332906914, 2879924223908633556, 3014475854062098037, 8280511155447462154, 3058186759042775792, 3100842289958262644, -769344519844763244, 3287699046743316011, 7743526815996532326, -7148146405116016542, 352278596429886466, 3606629961194077343, 3840184102447470012, -4623422606623793434, 3924960423780627192, 4660022660859336370, 5401470720317959250, 3979649323160207298, 4037379789709069307, 790424663468033093, 5150907166433009570, 4083460330442256183, 4262233236239091105, 4461207940793579131, 7222389702734437292, 4497639963855891379, 5935809959838255935, 525652295242460822, -9210810031089136649, 3145063885579200582, 5102381975608989830, 5104799485589097680, -467985751191813914, 5122450296475986719, 5256736089695841171, 5341717901052361821, 5441044328235651423, 5661405961885371428, -6303682351633097607, 5704999654143823990}
2020-08-17T01:51:30.761077132Z  INFO  2020-08-17 01:51:30,760 [shard 0] database - Schema version changed to e1b2d478-e5f2-30c4-b994-d93919918df3
2020-08-17T01:51:30.761118182Z  INFO  2020-08-17 01:51:30,760 [shard 0] database - Schema version changed to e1b2d478-e5f2-30c4-b994-d93919918df3
2020-08-17T01:51:30.761691508Z  INFO  2020-08-17 01:51:30,761 [shard 0] database - Schema version changed to 0e03d198-385b-3f36-8c34-c3f5846bbbac
2020-08-17T01:51:33.748131160Z  INFO  2020-08-17 01:51:33,747 [shard 0] compaction - Compacting [/var/lib/scylla/data/system/local-7ad54392bcdd35a684174e047860b377/mc-398-big-Data.db:level=0, /var/lib/scylla/data/system/local-7ad54392bcdd35a684174e047860b377/mc-396-big-Data.db:level=0, ]
2020-08-17T01:51:33.754357364Z  INFO  2020-08-17 01:51:33,753 [shard 0] storage_service - Node 10.0.23.48 state jump to normal
2020-08-17T01:51:33.755032481Z  INFO  2020-08-17 01:51:33,754 [shard 0] storage_service - Remove node 10.0.23.48 from pending replacing endpoint
2020-08-17T01:51:37.937153922Z  INFO  2020-08-17 01:51:37,936 [shard 0] storage_service - NORMAL: node is now in normal status
2020-08-17T01:51:37.937523765Z  INFO  2020-08-17 01:51:37,937 [shard 0] cdc - No generation seen during startup.
2020-08-17T01:51:37.938339052Z  INFO  2020-08-17 01:51:37,938 [shard 0] init - starting tracing
2020-08-17T01:51:37.938721733Z  INFO  2020-08-17 01:51:37,938 [shard 0] storage_service - SSTable data integrity checker is disabled.
2020-08-17T01:51:37.939051653Z  INFO  2020-08-17 01:51:37,938 [shard 0] init - starting batchlog manager
2020-08-17T01:51:37.939070359Z  INFO  2020-08-17 01:51:37,938 [shard 0] init - starting load meter
2020-08-17T01:51:37.939080541Z  INFO  2020-08-17 01:51:37,938 [shard 0] init - starting cf cache hit rate calculator
2020-08-17T01:51:37.939386211Z  INFO  2020-08-17 01:51:37,938 [shard 0] init - starting view update backlog broker
2020-08-17T01:51:37.939773925Z  INFO  2020-08-17 01:51:37,939 [shard 0] init - Waiting for gossip to settle before accepting client requests...
2020-08-17T01:51:38.703253191Z  INFO  2020-08-17 01:51:38,702 [shard 0] compaction - Compacted 2 sstables to [/var/lib/scylla/data/system/local-7ad54392bcdd35a684174e047860b377/mc-402-big-Data.db:level=0, ]. 18357 bytes to 12069 (~65% of original) in 3997ms = 0.00MB/s. ~256 total partitions merged to 1.
2020-08-17T01:51:38.704503263Z  INFO  2020-08-17 01:51:38,704 [shard 0] compaction - Compacting [/var/lib/scylla/data/system/local-7ad54392bcdd35a684174e047860b377/mc-400-big-Data.db:level=0, /var/lib/scylla/data/system/local-7ad54392bcdd35a684174e047860b377/mc-402-big-Data.db:level=0, ]
2020-08-17T01:51:42.146628980Z  INFO  2020-08-17 01:51:42,145 [shard 0] compaction - Compacted 2 sstables to [/var/lib/scylla/data/system/local-7ad54392bcdd35a684174e047860b377/mc-404-big-Data.db:level=0, ]. 18168 bytes to 12074 (~66% of original) in 2115ms = 0.01MB/s. ~256 total partitions merged to 1.
2020-08-17T01:51:49.941475453Z  INFO  2020-08-17 01:51:49,939 [shard 0] gossip - No gossip backlog; proceeding
2020-08-17T01:51:49.941557479Z  INFO  2020-08-17 01:51:49,940 [shard 0] init - allow replaying hints
2020-08-17T01:51:49.941582393Z  INFO  2020-08-17 01:51:49,940 [shard 0] init - Launching generate_mv_updates for non system tables
2020-08-17T01:51:49.941603580Z  INFO  2020-08-17 01:51:49,940 [shard 0] init - starting the view builder
2020-08-17T01:51:52.189158756Z  INFO  2020-08-17 01:51:52,188 [shard 0] init - starting native transport
2020-08-17T01:51:52.189209506Z  INFO  2020-08-17 01:51:52,188 [shard 0] compaction - Compacting [/var/lib/scylla/data/system/truncated-38c19fd0fb863310a4b70d0cc66628aa/mc-174-big-Data.db:level=0, /var/lib/scylla/data/system/truncated-38c19fd0fb863310a4b70d0cc66628aa/mc-172-big-Data.db:level=0, ]
2020-08-17T01:51:52.190447246Z  INFO  2020-08-17 01:51:52,190 [shard 0] storage_service - Starting listening for CQL clients on 10.0.23.48:9042 (unencrypted)
2020-08-17T01:51:52.191422879Z  INFO  2020-08-17 01:51:52,191 [shard 0] storage_service - Thrift server listening on 10.0.23.48:9160 ...
2020-08-17T01:51:52.192061737Z  INFO  2020-08-17 01:51:52,191 [shard 0] init - serving
2020-08-17T01:51:52.192103319Z  INFO  2020-08-17 01:51:52,191 [shard 0] init - Scylla version 4.1.4-0.20200809.76f4bc4c6f0 initialization completed.
2020-08-17T01:51:55.413301311Z  INFO  2020-08-17 01:51:55,412 [shard 0] compaction - Compacted 2 sstables to [/var/lib/scylla/data/system/truncated-38c19fd0fb863310a4b70d0cc66628aa/mc-176-big-Data.db:level=0, ]. 82075 bytes to 76842 (~93% of original) in 2175ms = 0.03MB/s. ~256 total partitions merged to 3.
2020-08-17T01:54:28.566545393Z  INFO  2020-08-17 01:54:28,566 [shard 0] compaction - Compacting [/var/lib/scylla/data/system/clients-ca0f635d863036098d93a1fc06f2a5e5/mc-2-big-Data.db:level=0, /var/lib/scylla/data/system/clients-ca0f635d863036098d93a1fc06f2a5e5/mc-4-big-Data.db:level=0, ]
2020-08-17T01:54:29.091580424Z  INFO  2020-08-17 01:54:29,090 [shard 0] compaction - Compacted 2 sstables to [/var/lib/scylla/data/system/clients-ca0f635d863036098d93a1fc06f2a5e5/mc-6-big-Data.db:level=0, ]. 101928 bytes to 6200 (~6% of original) in 414ms = 0.01MB/s. ~256 total partitions merged to 1.
2020-08-17T01:54:47.673067952Z  INFO  2020-08-17 01:54:47,672 [shard 0] compaction - Compacting [/var/lib/scylla/data/system/clients-ca0f635d863036098d93a1fc06f2a5e5/mc-6-big-Data.db:level=0, /var/lib/scylla/data/system/clients-ca0f635d863036098d93a1fc06f2a5e5/mc-8-big-Data.db:level=0, ]
2020-08-17T01:54:48.297803897Z  INFO  2020-08-17 01:54:48,297 [shard 0] compaction - Compacted 2 sstables to [/var/lib/scylla/data/system/clients-ca0f635d863036098d93a1fc06f2a5e5/mc-10-big-Data.db:level=0, ]. 57150 bytes to 6150 (~10% of original) in 505ms = 0.01MB/s. ~256 total partitions merged to 1.
2020-08-17T01:57:50.780504910Z  INFO  2020-08-17 01:57:50,779 [shard 0] compaction - Compacting [/var/lib/scylla/data/system/clients-ca0f635d863036098d93a1fc06f2a5e5/mc-10-big-Data.db:level=0, /var/lib/scylla/data/system/clients-ca0f635d863036098d93a1fc06f2a5e5/mc-12-big-Data.db:level=0, ]
2020-08-17T01:57:51.259577248Z  INFO  2020-08-17 01:57:51,259 [shard 0] compaction - Compacted 2 sstables to [/var/lib/scylla/data/system/clients-ca0f635d863036098d93a1fc06f2a5e5/mc-14-big-Data.db:level=0, ]. 57171 bytes to 6445 (~11% of original) in 371ms = 0.02MB/s. ~256 total partitions merged to 1.
2020-08-17T01:58:09.475388220Z  INFO  2020-08-17 01:58:09,474 [shard 0] compaction - Compacting [/var/lib/scylla/data/system/clients-ca0f635d863036098d93a1fc06f2a5e5/mc-14-big-Data.db:level=0, /var/lib/scylla/data/system/clients-ca0f635d863036098d93a1fc06f2a5e5/mc-16-big-Data.db:level=0, ]
2020-08-17T01:58:09.947085638Z  INFO  2020-08-17 01:58:09,946 [shard 0] compaction - Compacted 2 sstables to [/var/lib/scylla/data/system/clients-ca0f635d863036098d93a1fc06f2a5e5/mc-18-big-Data.db:level=0, ]. 57258 bytes to 6159 (~10% of original) in 371ms = 0.02MB/s. ~256 total partitions merged to 1.
2020-08-17T01:58:28.559059917Z  INFO  2020-08-17 01:58:28,558 [shard 0] compaction - Compacting [/var/lib/scylla/data/system/clients-ca0f635d863036098d93a1fc06f2a5e5/mc-18-big-Data.db:level=0, /var/lib/scylla/data/system/clients-ca0f635d863036098d93a1fc06f2a5e5/mc-20-big-Data.db:level=0, ]
2020-08-17T01:58:29.099287360Z  INFO  2020-08-17 01:58:29,098 [shard 0] compaction - Compacted 2 sstables to [/var/lib/scylla/data/system/clients-ca0f635d863036098d93a1fc06f2a5e5/mc-22-big-Data.db:level=0, ]. 57119 bytes to 6036 (~10% of original) in 431ms = 0.01MB/s. ~256 total partitions merged to 1.
2020-08-17T01:58:47.568828415Z  INFO  2020-08-17 01:58:47,567 [shard 0] compaction - Compacting [/var/lib/scylla/data/system/clients-ca0f635d863036098d93a1fc06f2a5e5/mc-22-big-Data.db:level=0, /var/lib/scylla/data/system/clients-ca0f635d863036098d93a1fc06f2a5e5/mc-24-big-Data.db:level=0, ]
2020-08-17T01:58:48.098329171Z  INFO  2020-08-17 01:58:48,097 [shard 0] compaction - Compacted 2 sstables to [/var/lib/scylla/data/system/clients-ca0f635d863036098d93a1fc06f2a5e5/mc-26-big-Data.db:level=0, ]. 56953 bytes to 6062 (~10% of original) in 433ms = 0.01MB/s. ~256 total partitions merged to 1.
2020-08-17T02:00:54.436741641Z  INFO  2020-08-17 02:00:54,435 [shard 0] compaction - Compacting [/var/lib/scylla/data/system/clients-ca0f635d863036098d93a1fc06f2a5e5/mc-26-big-Data.db:level=0, /var/lib/scylla/data/system/clients-ca0f635d863036098d93a1fc06f2a5e5/mc-28-big-Data.db:level=0, ]
2020-08-17T02:00:54.948001645Z  INFO  2020-08-17 02:00:54,947 [shard 0] compaction - Compacted 2 sstables to [/var/lib/scylla/data/system/clients-ca0f635d863036098d93a1fc06f2a5e5/mc-30-big-Data.db:level=0, ]. 56277 bytes to 5982 (~10% of original) in 386ms = 0.01MB/s. ~256 total partitions merged to 1.
2020-08-17T02:01:12.723524883Z  INFO  2020-08-17 02:01:12,723 [shard 0] compaction - Compacting [/var/lib/scylla/data/system/clients-ca0f635d863036098d93a1fc06f2a5e5/mc-30-big-Data.db:level=0, /var/lib/scylla/data/system/clients-ca0f635d863036098d93a1fc06f2a5e5/mc-32-big-Data.db:level=0, ]
2020-08-17T02:01:13.154579676Z  INFO  2020-08-17 02:01:13,154 [shard 0] compaction - Compacted 2 sstables to [/var/lib/scylla/data/system/clients-ca0f635d863036098d93a1fc06f2a5e5/mc-34-big-Data.db:level=0, ]. 56861 bytes to 6399 (~11% of original) in 330ms = 0.02MB/s. ~256 total partitions merged to 1.
2020-08-17T02:01:31.585782361Z  INFO  2020-08-17 02:01:31,585 [shard 0] compaction - Compacting [/var/lib/scylla/data/system/clients-ca0f635d863036098d93a1fc06f2a5e5/mc-34-big-Data.db:level=0, /var/lib/scylla/data/system/clients-ca0f635d863036098d93a1fc06f2a5e5/mc-36-big-Data.db:level=0, ]
2020-08-17T02:01:32.056125147Z  INFO  2020-08-17 02:01:32,055 [shard 0] compaction - Compacted 2 sstables to [/var/lib/scylla/data/system/clients-ca0f635d863036098d93a1fc06f2a5e5/mc-38-big-Data.db:level=0, ]. 57355 bytes to 6337 (~11% of original) in 334ms = 0.02MB/s. ~256 total partitions merged to 1.
2020-08-17T02:08:22.111801055Z  INFO  2020-08-17 02:08:22,110 [shard 0] compaction - Compacting [/var/lib/scylla/data/system/clients-ca0f635d863036098d93a1fc06f2a5e5/mc-38-big-Data.db:level=0, /var/lib/scylla/data/system/clients-ca0f635d863036098d93a1fc06f2a5e5/mc-40-big-Data.db:level=0, ]
2020-08-17T02:08:22.245604601Z  INFO  2020-08-17 02:08:22,245 [shard 0] compaction - Compacted 2 sstables to []. 57869 bytes to 0 (~0% of original) in 36ms = 0.00MB/s. ~256 total partitions merged to 0.
2020-08-17T02:09:00.078301964Z  INFO  2020-08-17 02:09:00,077 [shard 0] compaction - Compacting [/var/lib/scylla/data/system/clients-ca0f635d863036098d93a1fc06f2a5e5/mc-42-big-Data.db:level=0, /var/lib/scylla/data/system/clients-ca0f635d863036098d93a1fc06f2a5e5/mc-44-big-Data.db:level=0, ]
2020-08-17T02:09:00.501768493Z  INFO  2020-08-17 02:09:00,501 [shard 0] compaction - Compacted 2 sstables to [/var/lib/scylla/data/system/clients-ca0f635d863036098d93a1fc06f2a5e5/mc-46-big-Data.db:level=0, ]. 101837 bytes to 5995 (~5% of original) in 329ms = 0.02MB/s. ~256 total partitions merged to 1.
2020-08-17T02:09:18.904399723Z  INFO  2020-08-17 02:09:18,903 [shard 0] compaction - Compacting [/var/lib/scylla/data/system/clients-ca0f635d863036098d93a1fc06f2a5e5/mc-46-big-Data.db:level=0, /var/lib/scylla/data/system/clients-ca0f635d863036098d93a1fc06f2a5e5/mc-48-big-Data.db:level=0, ]
2020-08-17T02:09:19.360011178Z  INFO  2020-08-17 02:09:19,359 [shard 0] compaction - Compacted 2 sstables to [/var/lib/scylla/data/system/clients-ca0f635d863036098d93a1fc06f2a5e5/mc-50-big-Data.db:level=0, ]. 56857 bytes to 6773 (~11% of original) in 332ms = 0.02MB/s. ~256 total partitions merged to 1.
2020-08-17T02:11:36.859922976Z  INFO  2020-08-17 02:11:36,859 [shard 0] compaction - Compacting [/var/lib/scylla/data/system/clients-ca0f635d863036098d93a1fc06f2a5e5/mc-50-big-Data.db:level=0, /var/lib/scylla/data/system/clients-ca0f635d863036098d93a1fc06f2a5e5/mc-52-big-Data.db:level=0, ]
2020-08-17T02:11:37.664803094Z  INFO  2020-08-17 02:11:37,664 [shard 0] compaction - Compacted 2 sstables to [/var/lib/scylla/data/system/clients-ca0f635d863036098d93a1fc06f2a5e5/mc-54-big-Data.db:level=0, ]. 57817 bytes to 6351 (~10% of original) in 636ms = 0.01MB/s. ~256 total partitions merged to 1.
2020-08-17T02:11:55.558255084Z  INFO  2020-08-17 02:11:55,557 [shard 0] compaction - Compacting [/var/lib/scylla/data/system/clients-ca0f635d863036098d93a1fc06f2a5e5/mc-54-big-Data.db:level=0, /var/lib/scylla/data/system/clients-ca0f635d863036098d93a1fc06f2a5e5/mc-56-big-Data.db:level=0, ]
2020-08-17T02:11:56.063498801Z  INFO  2020-08-17 02:11:56,063 [shard 0] compaction - Compacted 2 sstables to [/var/lib/scylla/data/system/clients-ca0f635d863036098d93a1fc06f2a5e5/mc-58-big-Data.db:level=0, ]. 57366 bytes to 6277 (~10% of original) in 373ms = 0.02MB/s. ~256 total partitions merged to 1.
2020-08-17T02:12:14.459520705Z  INFO  2020-08-17 02:12:14,459 [shard 0] compaction - Compacting [/var/lib/scylla/data/system/clients-ca0f635d863036098d93a1fc06f2a5e5/mc-58-big-Data.db:level=0, /var/lib/scylla/data/system/clients-ca0f635d863036098d93a1fc06f2a5e5/mc-60-big-Data.db:level=0, ]
2020-08-17T02:12:14.876371950Z  INFO  2020-08-17 02:12:14,875 [shard 0] compaction - Compacted 2 sstables to [/var/lib/scylla/data/system/clients-ca0f635d863036098d93a1fc06f2a5e5/mc-62-big-Data.db:level=0, ]. 57125 bytes to 5919 (~10% of original) in 314ms = 0.02MB/s. ~256 total partitions merged to 1.
2020-08-17T02:14:04.591452520Z  INFO  2020-08-17 02:14:04,590 [shard 0] compaction - Compacting [/var/lib/scylla/data/system/clients-ca0f635d863036098d93a1fc06f2a5e5/mc-62-big-Data.db:level=0, /var/lib/scylla/data/system/clients-ca0f635d863036098d93a1fc06f2a5e5/mc-64-big-Data.db:level=0, ]
2020-08-17T02:14:04.986441330Z  INFO  2020-08-17 02:14:04,985 [shard 0] compaction - Compacted 2 sstables to [/var/lib/scylla/data/system/clients-ca0f635d863036098d93a1fc06f2a5e5/mc-66-big-Data.db:level=0, ]. 56895 bytes to 6203 (~10% of original) in 294ms = 0.02MB/s. ~256 total partitions merged to 1.
2020-08-17T02:14:28.192684367Z  INFO  2020-08-17 02:14:28,192 [shard 0] compaction - Compacting [/var/lib/scylla/data/system/clients-ca0f635d863036098d93a1fc06f2a5e5/mc-66-big-Data.db:level=0, /var/lib/scylla/data/system/clients-ca0f635d863036098d93a1fc06f2a5e5/mc-68-big-Data.db:level=0, ]
2020-08-17T02:14:28.664677670Z  INFO  2020-08-17 02:14:28,664 [shard 0] compaction - Compacted 2 sstables to [/var/lib/scylla/data/system/clients-ca0f635d863036098d93a1fc06f2a5e5/mc-70-big-Data.db:level=0, ]. 57302 bytes to 6031 (~10% of original) in 377ms = 0.02MB/s. ~256 total partitions merged to 1.
2020-08-17T02:14:50.008685047Z  INFO  2020-08-17 02:14:50,008 [shard 0] compaction - Compacting [/var/lib/scylla/data/system/clients-ca0f635d863036098d93a1fc06f2a5e5/mc-70-big-Data.db:level=0, /var/lib/scylla/data/system/clients-ca0f635d863036098d93a1fc06f2a5e5/mc-72-big-Data.db:level=0, ]
2020-08-17T02:14:50.398789287Z  INFO  2020-08-17 02:14:50,398 [shard 0] compaction - Compacted 2 sstables to [/var/lib/scylla/data/system/clients-ca0f635d863036098d93a1fc06f2a5e5/mc-74-big-Data.db:level=0, ]. 57178 bytes to 6017 (~10% of original) in 306ms = 0.02MB/s. ~256 total partitions merged to 1.
2020-08-17T02:15:12.756857690Z  INFO  2020-08-17 02:15:12,756 [shard 0] compaction - Compacting [/var/lib/scylla/data/system/clients-ca0f635d863036098d93a1fc06f2a5e5/mc-74-big-Data.db:level=0, /var/lib/scylla/data/system/clients-ca0f635d863036098d93a1fc06f2a5e5/mc-76-big-Data.db:level=0, ]
2020-08-17T02:15:13.200272180Z  INFO  2020-08-17 02:15:13,199 [shard 0] compaction - Compacted 2 sstables to [/var/lib/scylla/data/system/clients-ca0f635d863036098d93a1fc06f2a5e5/mc-78-big-Data.db:level=0, ]. 57164 bytes to 6520 (~11% of original) in 362ms = 0.02MB/s. ~256 total partitions merged to 1.
2020-08-17T02:16:31.302836796Z  INFO  2020-08-17 02:16:31,302 [shard 0] compaction - Compacting [/var/lib/scylla/data/system/clients-ca0f635d863036098d93a1fc06f2a5e5/mc-78-big-Data.db:level=0, /var/lib/scylla/data/system/clients-ca0f635d863036098d93a1fc06f2a5e5/mc-80-big-Data.db:level=0, ]
2020-08-17T02:16:32.342788308Z  INFO  2020-08-17 02:16:32,342 [shard 0] compaction - Compacted 2 sstables to [/var/lib/scylla/data/system/clients-ca0f635d863036098d93a1fc06f2a5e5/mc-82-big-Data.db:level=0, ]. 57599 bytes to 5926 (~10% of original) in 775ms = 0.01MB/s. ~256 total partitions merged to 1.
2020-08-17T02:16:53.724095821Z  INFO  2020-08-17 02:16:53,723 [shard 0] compaction - Compacting [/var/lib/scylla/data/system/clients-ca0f635d863036098d93a1fc06f2a5e5/mc-82-big-Data.db:level=0, /var/lib/scylla/data/system/clients-ca0f635d863036098d93a1fc06f2a5e5/mc-84-big-Data.db:level=0, ]
2020-08-17T02:16:54.113612407Z  INFO  2020-08-17 02:16:54,112 [shard 0] compaction - Compacted 2 sstables to [/var/lib/scylla/data/system/clients-ca0f635d863036098d93a1fc06f2a5e5/mc-86-big-Data.db:level=0, ]. 56927 bytes to 6430 (~11% of original) in 298ms = 0.02MB/s. ~256 total partitions merged to 1.
2020-08-17T02:17:16.444205162Z  INFO  2020-08-17 02:17:16,443 [shard 0] compaction - Compacting [/var/lib/scylla/data/system/clients-ca0f635d863036098d93a1fc06f2a5e5/mc-86-big-Data.db:level=0, /var/lib/scylla/data/system/clients-ca0f635d863036098d93a1fc06f2a5e5/mc-88-big-Data.db:level=0, ]
2020-08-17T02:17:17.401701200Z  INFO  2020-08-17 02:17:17,398 [shard 0] compaction - Compacted 2 sstables to [/var/lib/scylla/data/system/clients-ca0f635d863036098d93a1fc06f2a5e5/mc-90-big-Data.db:level=0, ]. 57535 bytes to 6094 (~10% of original) in 576ms = 0.01MB/s. ~256 total partitions merged to 1.
2020-08-17T02:17:39.186704292Z  INFO  2020-08-17 02:17:39,186 [shard 0] compaction - Compacting [/var/lib/scylla/data/system/clients-ca0f635d863036098d93a1fc06f2a5e5/mc-90-big-Data.db:level=0, /var/lib/scylla/data/system/clients-ca0f635d863036098d93a1fc06f2a5e5/mc-92-big-Data.db:level=0, ]
2020-08-17T02:17:39.739549124Z  INFO  2020-08-17 02:17:39,738 [shard 0] compaction - Compacted 2 sstables to [/var/lib/scylla/data/system/clients-ca0f635d863036098d93a1fc06f2a5e5/mc-94-big-Data.db:level=0, ]. 57139 bytes to 6019 (~10% of original) in 400ms = 0.01MB/s. ~256 total partitions merged to 1.
2020-08-17T02:23:07.632221475Z  INFO  2020-08-17 02:23:07,631 [shard 0] compaction - Compacting [/var/lib/scylla/data/system/clients-ca0f635d863036098d93a1fc06f2a5e5/mc-94-big-Data.db:level=0, /var/lib/scylla/data/system/clients-ca0f635d863036098d93a1fc06f2a5e5/mc-96-big-Data.db:level=0, ]
2020-08-17T02:23:08.186694132Z  INFO  2020-08-17 02:23:08,186 [shard 0] compaction - Compacted 2 sstables to [/var/lib/scylla/data/system/clients-ca0f635d863036098d93a1fc06f2a5e5/mc-98-big-Data.db:level=0, ]. 59232 bytes to 6031 (~10% of original) in 444ms = 0.01MB/s. ~256 total partitions merged to 1.
2020-08-17T02:23:52.745723104Z  INFO  2020-08-17 02:23:52,745 [shard 0] compaction - Compacting [/var/lib/scylla/data/system/clients-ca0f635d863036098d93a1fc06f2a5e5/mc-98-big-Data.db:level=0, /var/lib/scylla/data/system/clients-ca0f635d863036098d93a1fc06f2a5e5/mc-100-big-Data.db:level=0, ]
2020-08-17T02:23:53.245096407Z  INFO  2020-08-17 02:23:53,244 [shard 0] compaction - Compacted 2 sstables to [/var/lib/scylla/data/system/clients-ca0f635d863036098d93a1fc06f2a5e5/mc-102-big-Data.db:level=0, ]. 57935 bytes to 6423 (~11% of original) in 409ms = 0.01MB/s. ~256 total partitions merged to 1.
2020-08-17T02:24:37.624314963Z  INFO  2020-08-17 02:24:37,623 [shard 0] compaction - Compacting [/var/lib/scylla/data/system/clients-ca0f635d863036098d93a1fc06f2a5e5/mc-102-big-Data.db:level=0, /var/lib/scylla/data/system/clients-ca0f635d863036098d93a1fc06f2a5e5/mc-104-big-Data.db:level=0, ]
2020-08-17T02:24:37.764487252Z  INFO  2020-08-17 02:24:37,763 [shard 0] compaction - Compacted 2 sstables to []. 58224 bytes to 0 (~0% of original) in 17ms = 0.00MB/s. ~256 total partitions merged to 0.
2020-08-17T02:29:53.792941787Z  INFO  2020-08-17 02:29:53,792 [shard 0] compaction - Compacting [/var/lib/scylla/data/system/clients-ca0f635d863036098d93a1fc06f2a5e5/mc-108-big-Data.db:level=0, /var/lib/scylla/data/system/clients-ca0f635d863036098d93a1fc06f2a5e5/mc-106-big-Data.db:level=0, ]
2020-08-17T02:29:54.195837428Z  INFO  2020-08-17 02:29:54,195 [shard 0] compaction - Compacted 2 sstables to [/var/lib/scylla/data/system/clients-ca0f635d863036098d93a1fc06f2a5e5/mc-110-big-Data.db:level=0, ]. 104993 bytes to 6212 (~5% of original) in 318ms = 0.02MB/s. ~256 total partitions merged to 1.
2020-08-17T02:31:23.536214970Z  INFO  2020-08-17 02:31:23,535 [shard 0] compaction - Compacting [/var/lib/scylla/data/system/clients-ca0f635d863036098d93a1fc06f2a5e5/mc-110-big-Data.db:level=0, /var/lib/scylla/data/system/clients-ca0f635d863036098d93a1fc06f2a5e5/mc-112-big-Data.db:level=0, ]
2020-08-17T02:31:23.977097285Z  INFO  2020-08-17 02:31:23,976 [shard 0] compaction - Compacted 2 sstables to [/var/lib/scylla/data/system/clients-ca0f635d863036098d93a1fc06f2a5e5/mc-114-big-Data.db:level=0, ]. 59106 bytes to 6153 (~10% of original) in 351ms = 0.02MB/s. ~256 total partitions merged to 1.
2020-08-17T02:32:53.397325352Z  INFO  2020-08-17 02:32:53,396 [shard 0] compaction - Compacting [/var/lib/scylla/data/system/clients-ca0f635d863036098d93a1fc06f2a5e5/mc-114-big-Data.db:level=0, /var/lib/scylla/data/system/clients-ca0f635d863036098d93a1fc06f2a5e5/mc-116-big-Data.db:level=0, ]
2020-08-17T02:32:53.818969905Z  INFO  2020-08-17 02:32:53,818 [shard 0] compaction - Compacted 2 sstables to [/var/lib/scylla/data/system/clients-ca0f635d863036098d93a1fc06f2a5e5/mc-118-big-Data.db:level=0, ]. 59143 bytes to 6063 (~10% of original) in 328ms = 0.02MB/s. ~256 total partitions merged to 1.
