2020-08-16T02:50:16.796233025Z 0 eeu0KiTlmQ4UPAiYl3xXuYvHa0cJe8DPTLnL3zUm4VGe9WBNpJDi9ku3BWnlQe
2020-08-16T02:50:16.816902303Z 1 rdjxeIw1absWJeUyVFpwU9SolW6MENQ30RnQPMKq2SL07V6hv4EStBK36eDuGi
2020-08-16T02:50:16.838085433Z 2 P70Mdqw5h3tZMOdYd7uC3AReX4lvQfk6cKNHRrXxXcRfsLMJTtRaklg0PGIznK
2020-08-16T02:50:16.859430634Z 3 EN5bBuDUfT49UcdpdYhyzLq9pYdO029K7Ac6HrrX3ESYChbxx54yXIzqb6Pji5
2020-08-16T02:50:16.880771383Z 4 frGE3QKj4Is2c7SvxTPNisuS3nejxWMafoOkSLlKHOlZcY7rXPkl8UFrMbsDH6
2020-08-16T02:50:16.901887871Z 5 elezLuEU4gqntPlYWSPpzcelmY9T6a7m34FCLY67mkyRmFJm8lfJ24sRVsnZYu
2020-08-16T02:50:16.922794447Z 6 b6dVRTsue6ASSdMPfptWZ4UdERmKqUWgbW86h2JaBxdDOtZrqRJ7f4eWR0QycN
2020-08-16T02:50:16.944101147Z 7 i3fkqMt59lAZIuC3HtLyrlTxgaKU5m7noIyroRYLPCrovFf6IbOzV9KJBgMA3d
2020-08-16T02:50:16.965676717Z 8 9v0IDX6epIeD0P3Cy8bYoRzVFNsaRPl8letONNs7xeFy3scetakxMTynpbUnjg
2020-08-16T02:50:16.987316387Z 9 iNUQXqU2tYzkSvGXnQur52eyHneh7wJutPEMZvZb99EbqG1e6OEbbl6UuX7uyw
2020-08-16T02:50:17.008013399Z 10 X4MZBK2cKhlhd6BHWxf4hgnw2rJ5igmpFMeF0k2XWHODxb3BbEv6YMNIS6h1n
2020-08-16T02:50:17.029598442Z 11 H0aavOub5VPm4yFHzyntknwlX0nGuJUbMpQVIZ14UJ8TgkpeRSdfJsu4Ostwc
2020-08-16T02:50:17.051088943Z 12 yu204TWKLsTreE5s5LmnT8deXKB9tek9i5oXjdz84np3C4VRrIUtEayIxZtIw
2020-08-16T02:50:17.073079534Z 13 VjCK24iaVIMOjPUJRzmnfuH0RSTbJRAEToXR0h1PH6DuE18CcdDsonPMgEY5q
2020-08-16T02:50:17.094547277Z 14 mqhlsaQIrt7KUxLwKCeR0QnldiaFMEo4FO4bqlGg27oS1PUObZg3OBUhQv7YF
2020-08-16T02:50:17.116238094Z 15 xdqtztKqJmtH7XVZNCdv9uxYMbwPlR4Szxd9e6zgj2WdVJkQy0tBgqcpwTLWY
2020-08-16T02:50:17.136829169Z 16 mFoTIp9fBl0Iny8fR2oBp3KUzQByYnRxzyijJhPId3iSfMzR20SepjUldJhIb
2020-08-16T02:50:17.158428917Z 17 MSJE8vz6Tont7nYzue1r9q807Y5AM8lNKBdOWBQktD0gVW41nqFslXbke1Ej8
2020-08-16T02:50:17.178939046Z 18 sIdlfCXOmDi8B9FpEkC0jfLDUJEvsTYBZ554ZU0GZyL7CcWqKoQ6LxUAdUWbk
2020-08-16T02:50:17.200885388Z 19 ep9bkUaR36RhbzuvMJhsxFzCL6SYGSzAyiKjL5xmvUm5MiuSVrVpMPjuXLrTe
2020-08-16T02:50:17.222613083Z 20 VJ0QnYilMqjaSs915J2XhbEgD6InjgmHUcgJlW7sRoeb5ZLhrXNXHIxKe9wOz
2020-08-16T02:50:17.243811560Z 21 StObKMLEOHpyyNYCNAleqSjsu0Wl7RET245Gp1B5rzjSjBzvQvppUED3PfpmM
2020-08-16T02:50:17.265559866Z 22 GeTIJmAEXxrllD9BGF3h7WkQ5TqpZghPIPpg9qaNAuPldAu1iaMz1h2qvoYUi
2020-08-16T02:50:17.286161035Z 23 JLkt2QVnNftv3yaqfv3nSzcZ4AOo9FLqB9PLMv6CrKbxCPqweXQgwG9XIIWFs
2020-08-16T02:50:17.307276518Z 24 GfMqjcUPSiqspK00zbMW3XWZOTIfaujkwNgxMs9tJnJFVgiB6bytEUT4TmryN
2020-08-16T02:50:17.328570501Z 25 5zXkwvYFvYtGTjwYx9Vr0GrcwcOVzq4d5VedYlMwOQhe0KT4RQI4CoeQyxCl1
2020-08-16T02:50:17.349323011Z 26 ILoSDhaxVZHJQl72rRm3GtSTAY1B7KxPgj96l9JJDwyGZ9jofZFo7lRfWh3zP
2020-08-16T02:50:17.371037631Z 27 liwlYLWb7DgksXDa0pvhY5OfitTNNhxYWF5JgKubyTdZRQXVr1dpLUWfqiSAm
2020-08-16T02:50:17.392642649Z 28 N7wbO4FBoAjpGlDkiQeSQnbMn7FqZUPkg8w33cbtFuvhvFN5yjS3G6O81rSw3
2020-08-16T02:50:17.413841563Z 29 J3zqzLkrDNzyNj6iKYH8malxuQ0DweFcuGOcvvNB6KB6HvKsaedjHqW3sF4iY
2020-08-16T02:50:17.435565116Z 30 klXIiT0zh93dWMTnuHYuK4OpSMEkh8Em7lpL7IA96VogPrMPNaCjH6Pb3Zy53
2020-08-16T02:50:17.457124421Z 31 AZgkxnquhkOnKBE5sTam4aZ7qcOq6ps552GPFqGb3Cv8zNTmhjXZ1bRy3dqq2
2020-08-16T02:50:17.478735304Z 32 ddu0CTUkhhwhhMO5BtGX07f2AIpn0xYidptrpS9e1ztZL0adh5lw3PHarQbEs
2020-08-16T02:50:17.500469660Z 33 wLtdwIjDUV2Ai0DColKO4nXC5BfirMywa6SeiVZcRg2ct5f3hJCUJNheg2vxp
2020-08-16T02:50:17.522344395Z 34 C5KBikqZenylrbwZiUMBrGrTSA5PT83iK2pducGzRd2aJqLTYJKi2drXfyhpo
2020-08-16T02:50:17.544127950Z 35 iuBc1CPHUG669dx3nxIxKoxBvzodu6GUbvg7L9uoYXHGjMgZA6ymvcly1W6aq
2020-08-16T02:50:17.566064882Z 36 jZbM4IRRTq5zY9wUnsgJwcJRlqG2MBZOdTjZK6t11GLsLoSBFgrWmSAizqBh2
2020-08-16T02:50:17.588112912Z 37 eQNeVATFhVmzE1KlfbjppWzoQLeSG21H4nEHqW5kr3idM5wZI0IwbR7kRqfXQ
2020-08-16T02:50:17.609754736Z 38 rUzAPHXzEHvrIlFS1icver1GwOMYmIMZfGFfn65qdlrctdBJNfLyzzYoaRcLP
2020-08-16T02:50:17.631683463Z 39 EfAx9Tx96MTwheI2iQlfAk787GPzJTfJUm8IzHUZWZmCC2Zb19efib8gU8tkA
2020-08-16T02:50:17.653874487Z 40 7HWgoDtFaBNK5WHMi5IpDkwGwMsKWLOeDKdfLeGN200a5AGzvLOWkvYfPmg6Q
2020-08-16T02:50:17.675215208Z 41 7H7BNNWzNj4090XnmjhD8v8Zm1w41AqzSFh3XrchUifUcJMp3KnfeySytRscf
2020-08-16T02:50:17.697282625Z 42 j1GGfgmstNTnaLA1AWEuFJWjL6deRoXD83TvAcCFODGhhL8uxIr1mruF5txyS
2020-08-16T02:50:17.718925898Z 43 pKoG29tIYIwChoGj98ynHdNdytwsuuItFC4M9KIddbrhDCg2PGMagtlg8IzWC
2020-08-16T02:50:17.740039167Z 44 vNcKYBm26uOIcJgd7faeqzcDw53ugg5w5ZvC7mLbB23E8OPV2yxJVALebItj0
2020-08-16T02:50:17.761428249Z 45 xEmCkKNIbGQxhq8h4MYhCwVpOoZcMERBVXpWZJGg7jDI2pPREM6rKgbdvKfjh
2020-08-16T02:50:17.782083375Z 46 Hbs6tjNapizR7twAoOWkbm0ZC6Uawqj5xwAB9WQ0nkaDzkJqHxaApPh8kjhD5
2020-08-16T02:50:17.802983182Z 47 6jnWGpbyJuMBBdBK7McStzKdcBKRECgRq87AQt4rttHmPNDftEK7A4PhfrjQf
2020-08-16T02:50:17.824612061Z 48 bdcUANL5BIPfmjdw3FERgHE0kHL3ChvBJTY29oPjm4Pj7C4YwgLzvUNadLR6B
2020-08-16T02:50:17.846069732Z 49 8i4IIS48HxwL8wghAK9maJIlLCt5epdPHpRTxwqQkSHGSUpKPSvDF3ZDKwxzj
2020-08-16T02:50:17.867243918Z 50 0rcAMbL2GGtTjj6w8a8Rm8NpkHaftcZLi1fITvLgkmjs5T1q0XOOoHwYitsKX
2020-08-16T02:50:17.888510652Z 51 Eo9FlEbzcDEXGszQJgMl0OyIKi7ky0fthtyyFzsAD4rpsGJshcSc7B8L58Kpq
2020-08-16T02:50:17.909221013Z 52 oPJoWRk88EoQAilFqkUDhHhZbNSqzh0OWZlVU9pYq3ATptm9Z4N9N4uDOc8Nf
2020-08-16T02:50:17.930808726Z 53 WvuzVmgd5T5zKxdswqLRbX2puzy7vFnGRR3sMZnHvzkDoSryzeCohF6rb3oue
2020-08-16T02:50:17.953034018Z 54 SGNigZfZT3up7ehVgO9dYIaicfs81AFj68hoZHwadnOdCTTtHcIobQs0QZya3
2020-08-16T02:50:17.974482297Z 55 hI8Kd407jfoFrv1OTuRYoGpR9TR8qIKwYx1yvkHK3QnYKza4s3UNTkePuxRWF
2020-08-16T02:50:17.995032667Z 56 5OUS2XUlBU78zR9W3OcHUePPGVilbp0Bn1I5N2uEq2SBEbQyHShzKbThoTGEw
2020-08-16T02:50:18.016509319Z 57 ZMuJdVOJPJCuGMxmMgin2HjVzhvbVSmAo4B6OMgQXeh4rZKTMaLkpWGW2cBqL
2020-08-16T02:50:18.037101820Z 58 GKQAvn5wxCb2izepnRTVvTJtNLD889DCJgt5NS0tOCVgDUnylMxLdsihsT4qv
2020-08-16T02:50:18.058787419Z 59 glUjbcBFlYRt1uvuRYOSSI2zMs7wijA0Ur6M2tf9LZFHDlSgoRJhotWF7B6VU
2020-08-16T02:50:18.080981003Z 60 yxaKC8z8JEXijOGSNoQobTdHT1PKn0MHsEPA0CXB8PYF3xEKJs41eFe9hGUWJ
2020-08-16T02:50:18.102716452Z 61 zQImDIxPlgh9FlzVuQF3xBoNdIfFMbd5j6TLu1FErmT4FGM56mKgT8d8szF4W
2020-08-16T02:50:18.123003235Z 62 a6ykwgdlhkesOPLnylGOuBBXkV9JKoXyFlFSC3zn54u3pxDzNaI8Pp5Po54tx
2020-08-16T02:50:18.145036943Z 63 DzkG7lUhlj0ngKhjyqLhMBejApTNMJ6n5P79IJrFiYnNANal2jQrXaY4UVpjg
2020-08-16T02:50:18.166527941Z 64 zwoGJJ4gOE01mOMaiMZvXnAhSi5C0TUY5IkNhABrHquHGn99ewMkyJpw03P01
2020-08-16T02:50:18.186873834Z 65 wbBqbAHntdbPw7nSFSNdBE4N5eXTh7DrwR7kI3OuBLB2yq5d7A2vfs5Fhc6SW
2020-08-16T02:50:18.208660010Z 66 88t1ttvTRbP1Htkyz5wKa0mgEU7jhCHEDzbdAqk4EbQLvD6ONQ9rnpBwiSSAj
2020-08-16T02:50:18.231039959Z 67 IvCX8lj3ilAlvmIj6KbePGCms9eDoFDIn96uydqjBAGMSanqB7I4HQMohfZHw
2020-08-16T02:50:18.252521243Z 68 bVTRUIW3aa3kl4AwFbo0s8O7hApoaoXyiuWbBAAArkqDIYrai1nfaFNzAToAD
2020-08-16T02:50:18.273369033Z 69 xsTMAXM2q0fleRlo7hYwE1vzoPAyfJ0IuqiqQjEl0RrxifX9l0oTmssSXXtdD
2020-08-16T02:50:18.295236906Z 70 0CXffYkji2pIR7fZ98KtT8YbP93ELnfpwZiGCXT0NtzD65uJSk5y3nl8CqBHq
2020-08-16T02:50:18.316894452Z 71 2DeBSSzIPNPhyl5ch10PW0jdl81qHMN7TiSGGBUrptaUwsHxAcGUnnNyIFCoQ
2020-08-16T02:50:18.338618711Z 72 0zfVO548zSEPDLCQr65TYK5IaiKZYqMKZIHYcMEZqfExLlEDANRlCZJcNnDod
2020-08-16T02:50:18.360137766Z 73 zMlu4aeAEL256mTOHkG8JgicA1DH6ls6l9UkSOjqzIIX39rFy2dT7CJhhHF19
2020-08-16T02:50:18.381905591Z 74 w2rT0XygVOLBCD80ouxg0HZIS6aNRKFf6Psi27tPllssKkEQUEvznjW1b4W3Z
2020-08-16T02:50:18.403783294Z 75 BGYinJ2slp7blXGtGK07xsGJVow650BLxCGgXKnsSoDKFZ2dAZ8LDeqAtmIg9
2020-08-16T02:50:18.432500668Z 76 2uKOVKhbcqeWoConU4Jrgwj28ZWSP7PjAct3Q4QSreRPbB8dlaUvkQtbk7wob
2020-08-16T02:50:18.446312733Z 77 vEecWQLbIz89J9NZBXlr4Oh4GV28EPaMp0cPQoDbkDaYDHHpfLL0IJ9vOFbR9
2020-08-16T02:50:18.466948817Z 78 2EYC1h5AunChLbZnDd0lbjFWdRZKFiSLR3VKlwinugqVIPRUEBVD1QFVDFN5f
2020-08-16T02:50:18.488470351Z 79 dFemiU4HLhHA5LUJCmdSmEEwQ4ELgqa3rwXurU3Ebx5y9L3j4TropOiK792d4
2020-08-16T02:50:18.509868571Z 80 zKf5XDzFEFuXLtBg9wfAfYP6DMDNxQURYW7mzwBc47StalHMIFV5aKubCaKjk
2020-08-16T02:50:18.531521048Z 81 Fz5nF2nCjxmhhfBedNGGSDcsHCWMlykixDaf7PWwcJz8uHtHvzOZXzHN77x9g
2020-08-16T02:50:18.553082260Z 82 kBlWYZZoMqsUiqgiMQW2PgTp4AnNhZxdKQVEfUv9VD7BulWYt88tW7Pmti7wl
2020-08-16T02:50:18.574032093Z 83 TmmcZEbGD24LpmfQgT0rPI9XMs8q7jBxWEI4EpNy7S29JirDmu3ydKhSGgnTV
2020-08-16T02:50:18.596327184Z 84 Tlvkv5KiVUwn2em1EhFHezGTEFPdnAXAr3wOv5RzCPX6hX8ndvjO46yZiKLKF
2020-08-16T02:50:18.617977788Z 85 nq7R1HmhYRC6sPDoFXUUeQUtDZ52P0Zj5p7psEOBZswdSEDtozKdzNNc0zLqK
2020-08-16T02:50:18.639736089Z 86 GDw6TQ4KYcP4SdOPP6dDS0K06n46LrKk4i1hTb82QMyf8BSVyoMxaKQ90g5vK
2020-08-16T02:50:18.660301460Z 87 EgZEtVBvtN2DcxH7qpep5lQajychcWk66QvLB7fUfDqIHMzGbcFnDE3qjTYkL
2020-08-16T02:50:18.681736898Z 88 vqPU5A06Sp23Gxji4UMVBQ1TIoLqVM7AUE0v2PMJKQv8pwG0g0imazF4ryjQH
2020-08-16T02:50:18.703340456Z 89 wS6RpeoqpvoBU8GeONnK5IaZj40et6czp75bSldfXENPtDvNitKPjx8clypND
2020-08-16T02:50:18.724250953Z 90 sM2bgdKS0akqMto2yzNaPwD1G8towgffXLKFbptooxNjfRk5xZ4Ls79gbH0Jg
2020-08-16T02:50:18.745660181Z 91 M58jGWgIlEB0YpPj3PQuEhs2xxN6qZC79w3mlFwsAVuh8nCHwSPbPSUElj6Ru
2020-08-16T02:50:18.767299568Z 92 nNqSQ3wclvv4b8MqPOJBxsnshGbnX4E1H4Y08zNFcTYgEHZdmFT9tQYFx1Ybv
2020-08-16T02:50:18.789045673Z 93 0DDjZw88FdZpBxg8sTTz1e97w2STFF5WGkccmkxpf7t5W00M03SSQYDtiyDRr
2020-08-16T02:50:18.810777043Z 94 FqRFJFf33xPiyZMhuXw1lyB6HlZOnXDVgKn67sICmdpCVgSt0hs75SzLvYabu
2020-08-16T02:50:18.832559851Z 95 IjjCaNSge2nnwJylSWqCPLKLYiK3q3IpSbR3NwAU8soWEYcY6EHlYNMZcUAwR
2020-08-16T02:50:18.853595294Z 96 B60FHoOp2RZLJ1UsQauGaoiUvRpFcxSluROBkBLf5yoJ0YDGgjib4kcAuEwwk
2020-08-16T02:50:18.874912912Z 97 30Coxmxpy1aLsviXVlF0LbxFjiBDRF1Vm5R9QJShsFxAgFjPFqJi3NRxZ9vwY
2020-08-16T02:50:18.896320277Z 98 Ivh4Nn1z1PjDz1OswEv3bGFOJguZelGhRwh5pU1EK2KF5dbkFktfCle3eMfly
2020-08-16T02:50:18.917861988Z 99 0P1n86kUWrGIEBL3ZYCgv3CybhWJJ3geIbebGpOKBbM9N5I7sKDikw2Rvik2w
2020-08-16T02:50:18.939701320Z 100 IAJVMBdVKGtS5r7hup0y67LB4XXqOCju3jxIA6bPRy5ZGGEADtGg2sfRah9H
2020-08-16T02:50:18.960138063Z 101 Aj55gNNbfd0OrioH09C9G8fedTXhra0FUAgIvO0aXrYnAwrQW02weFDseixo
2020-08-16T02:50:18.981149931Z 102 aLdZAAVQnvyVbJrPPPDDPBbURXZhpWpVwBv0eKa0Wp7XxpHhIwoBBvqeNeiA
2020-08-16T02:50:19.002888667Z 103 r8bYW8HQfAQaHDSgHymkoObuL7OQ57BWm5gOl9pV1SKNVazCf4WKUv7xruy9
2020-08-16T02:50:19.024513834Z 104 6CTefFlcHseEiwgHsanBX8aqm4wlZzGUNLZXrxR1dE2h2Lfl1Aa03YzO995h
2020-08-16T02:50:19.046275065Z 105 lf9AJJYjdTPSQA9ldjbklmjcIFCqgCMzGjEaGQc7c5R9zjp5RSM1SjkDdxKf
2020-08-16T02:50:19.067870139Z 106 pVcJcQW4HqmoOReOTPoqgv8mxWVTNpOvZTa9m3zksodL1lKxix4QDux3OuWF
2020-08-16T02:50:19.089190048Z 107 iLMf2RyfnpDKtimqXDl2u0UdMl4h055eBNPnBfGDGpg4fwEV3vyz1LGRjKfC
2020-08-16T02:50:19.111054969Z 108 qp4NXMMn2K39d68wcQZkCS9rmWrs1QLTdVSlfGuqzWQpeHTZDHTCQsqvOQo8
2020-08-16T02:50:19.132705814Z 109 3udhNQs3xhwhVG2CzoKpndZpV1V4DiHVHDDAqFn9jD1izAjkmnD7Q0jjYtIg
2020-08-16T02:50:19.154932781Z 110 nEMGTqt4y9q59T2sRI5QEX6tBjXTzp9O1j2At9kLORiPxabgbheyNsfKpzpq
2020-08-16T02:50:19.176752884Z 111 b2TQrFMluxSbL3d0lXdK8NKvtCMUJcyTPyU20fPRR6tSPxS9Bek74BUZDuLS
2020-08-16T02:50:19.197991633Z 112 lEbfhO3JYVvP1fUmc78ccTtFjJJkp7DD5QSW4rYy5ejdtFHG4NgKx5ZKIhPG
2020-08-16T02:50:19.219016053Z 113 ta5CpRJe0CY0JXCgXVSHMboY3nPzCVnp2m09syGNM6ESkxMfstIJKyGtpcMY
2020-08-16T02:50:19.240742543Z 114 1G6qRsiVU9ZgJBp9A6zma97dfvaE119LladY2n1qWAOc0dKTIaSuXh8WWC8v
2020-08-16T02:50:19.262983783Z 115 S81E5Sfy05Lyst0a0p3MWTMRjG6odJyZICLr9ERmt4zXcjQ1dH0TeQOGlsxH
2020-08-16T02:50:19.284724880Z 116 Z5rnsWXOgevJ6GJVMAZ3s3yOUDTtfQdoJxyMbcqMGAcUY7cmPwhBV0qDnpM3
2020-08-16T02:50:19.306363133Z 117 j87F12TOI8CusYN3ZMmvNLg7YapjKMRr3BQGy441EzIWFropcBduTMIod0nW
2020-08-16T02:50:19.327229788Z 118 alcu0FlDNDek3Gtj9R96vfa0jcrovPeNTZiMQoEW1DVvWyDvlMNCLlPPyS8S
2020-08-16T02:50:19.348732075Z 119 qAYbWApyqRndfOWiV8yvOXRD1hSTHjxuFhMzb51CasGPV0OuRLQi6JViLZ6C
2020-08-16T02:50:19.369997460Z 120 OKDHFlTXqfokdLAA9YL4gsGtuU1AQiWvAXEv0wm9CqEeEld0H17yD1jsseW3
2020-08-16T02:50:19.391184677Z 121 0IyBwEbEAWLvGHtHoFmKhRiCI1RC7G5HU4y1p2sKt8N6wwzjAhEV6NPGPGjg
2020-08-16T02:50:19.412857633Z 122 DDxlsa33ognpufiBtpWBFMFdgddph7uXa30fivhWNCScjPzQZxUv61LbuXJF
2020-08-16T02:50:19.434540462Z 123 w18ai1yQRiIfV9s9vXQfQHwWBF2518stsZGB4wkVmucTyW3PAlyl0qjCclaN
2020-08-16T02:50:19.456788369Z 124 8xvfgxRW71ZIFS9CDI0SK9w6cNLsCruox37enxK0Elie312AcHkC8wPWZaH3
2020-08-16T02:50:19.478447108Z 125 9gG95dhpRdbb5Nq66YEYjTgQtBPXwtf8dIgPk3GEw6DLcSIgU2ZYJG6PlAZr
2020-08-16T02:50:19.499401176Z 126 qv40olp7kMi9u5utVpY4XKWVPMOHTndzLnd2CFENInmut0TwPkAUNV0QXKqE
2020-08-16T02:50:19.520189570Z 127 frE3c56c3zWUhIm9gbqjdCiNzHJTpvGlmVmFnwL98FyAphbBuRVUyr0BaXSp
2020-08-16T02:50:19.541594341Z 128 kdt86ktBUyOowB65l3Qvr3UqMFsujociPSRxEuOm9voJF6ZoTl4Gw9U5A7Rh
2020-08-16T02:50:19.562499758Z 129 DUnfLHdmTJrayzA6lb57eTXNpQ3jgptUJBXD7NDdIiPFyUlXFjK0sTAVOlij
2020-08-16T02:50:19.583040041Z 130 E8lZiMIBFCgJeHccB36HryNh5ipme0c36B4QJcZ94YC2cUQMoQsCMhUiCbNs
2020-08-16T02:50:19.604552198Z 131 QgpYOQgdohh1VRjFhnAySKrmRqKQXEMXsHY93RSZyF2OUrTCiSXBL2G9wfuy
2020-08-16T02:50:19.626055260Z 132 LNibrqnwPlOGv45QsedKANx3tZ3jspMRcFZSjYD0jpSSgoZpctAM3AjHyl0K
2020-08-16T02:50:19.647795606Z 133 285b04Yvfs9l9o3Tr8PwceBGvGqAiI2pk0mjCPL4aJSQBjKdjFPneLBaSOvL
2020-08-16T02:50:19.669344668Z 134 HNvMyDVW4SjH8LopL5QNzEwKG8P3lPg7ajBk1diJrbTyVpqtLEUCmMt8qaMe
2020-08-16T02:50:19.690534521Z 135 Q2R3g8qXABEsrKftI5tzI2C5KjTE6TaePjBiyOJBLDCBcjDVNj1G4OuLOgzp
2020-08-16T02:50:19.711326307Z 136 kbA8zmk7dDKxEK2ZoAQA07OCyvOICLKnWcInHlib2gu6tz1t1Z5RXoXRVdHl
2020-08-16T02:50:19.732264512Z 137 Os28b3GPdYDSKE2BbvKYRwVpiFxmZRNozD6XCpIyYsNhSKdItqlEgOGq3gTn
2020-08-16T02:50:19.753242743Z 138 trRoItIasgcIznWw9Uo8ond9PdfEDJzefyiHHKDLYitBviOWA8nDQxIW057K
2020-08-16T02:50:19.774923023Z 139 Uy8BhKa5GubAF9JZQencWbbfYps4ssOgu8uTfjytAdzWmDjLP71ILV5g7sIS
2020-08-16T02:50:19.796000608Z 140 ivph02Qns3Y9QGbczCS4cRv6dMKbExa2HZL2KRctmKYU1wZI0hJtFXcdqCfK
2020-08-16T02:50:19.817816581Z 141 geiexEj8PHSlZ21QuPSHZ7ZEdT1yNp5P4PCb4HQi3UapnWEVBEArRLaJsy1p
2020-08-16T02:50:19.839304547Z 142 9tGRoKalS5YWevYHCd3JDTFN573LY96aobPIGCyatpmbYJRneJiw8GlIJXGz
2020-08-16T02:50:19.861164310Z 143 seLE88nrLRKhnuYW159Bc2KCsxMkcj3UFVb4OgRpH0PqwAiHQ8qtsnetQ2UT
2020-08-16T02:50:19.882694498Z 144 8VtVwLcZWGFK2l5qFGWqNjhsFsLmolxNpLcd525yyIaKDYLD9oKWOmkKZKW1
2020-08-16T02:50:19.904140362Z 145 sZWOaGFsyN94Q6PK8oZZI41Jen0I3kzftBvG42UQK0WvOCvnH6rCyABpnTJQ
2020-08-16T02:50:19.925931905Z 146 TGJ3PVLlOQCkAtJULcYYeJwr9M0H1BGD0I7Z26oRLMmI559eOYZMSiwuAKBJ
2020-08-16T02:50:19.947858181Z 147 Tnh3T82csTMK0TTHwVR6iPtQa47HoOjekGdiZwuXpL0bv3SVY1BLlRwLyWva
2020-08-16T02:50:19.969960735Z 148 V67iUQpBuTuZcv9KWZroOyIAlW1ar7goZxUGUroRh0VhT7kvMCKfQt3RdEpO
2020-08-16T02:50:19.992052498Z 149 yzpyLpDpTXc4DZ1oX7EyzqKqmh80I1xqNfkXysRdVxEt00Yc38gDuuFnYtHA
2020-08-16T02:50:20.012345743Z 150 9vWVfUVfpboBg5AEUc4wOCS0yKAcxVaOsmOImYW23j9lsG6Q52VfhszdIvpg
2020-08-16T02:50:20.032926045Z 151 43d193jz6G90dVt0FA3j6f7aqIOgJTFuELx0AtbzvyAoQgRP8ddSuMp01bKF
2020-08-16T02:50:20.054780305Z 152 5x9jQUvv85tAzqVNee4wyjhs8qRsUQmk6OLVdkLFJnT7GZ0srmohKZrO2J65
2020-08-16T02:50:20.076604324Z 153 7U2KyOsEAI8yuKTIsh3hOgPlOFW4ysycQZXViL0OLWHdhyPlBAQbUHqWnqRb
2020-08-16T02:50:20.097932091Z 154 ceR2ZbgPToKVCv5H0g2yy0DHiBKOEpjJufOWEnF7bIgWalvlu6cdvrqWmhs0
2020-08-16T02:50:20.120158715Z 155 UCm9dwMXYKax26H2mdLaDl9f7VMjJZ2vBB5f3c7VUE9mmWD8Zu9G0M6lx0jE
2020-08-16T02:50:20.142075779Z 156 UkKk0Qb3Khfpn46xi2hXeQfF5QpMe4AXTj2aeOiRFipFIBL7Wj8szXAsg0rm
2020-08-16T02:50:20.163277732Z 157 Cc6XicV2LfGHhkH01QAJZXDuNIbF76Yvi3lRYlGl3Y0pcIsEycLwGnhratXl
2020-08-16T02:50:20.184799353Z 158 C7HLQDDZRGYcBcgseiYsOIksUMYG20t119fLTJplsSyk69vr8brt1lewHxoe
2020-08-16T02:50:20.206655566Z 159 4YNb3hcMmyzknWQZ6OuEAlXmrrPuv5r3BvmRuJp4SN26si5QU8ktJAgmpeaY
2020-08-16T02:50:20.227790907Z 160 NTJnVKfo3cWTzWlCwbWejenva1eFWiWm1bqsMXSRCOVdxRuxLC7Mxpe3ZMaB
2020-08-16T02:50:20.249480024Z 161 7b5qQhsvXJuuq7NT0naTx5EgAGXlIekS3FjykvSjxyeukA6ara1y9KBCOVs8
2020-08-16T02:50:20.270458374Z 162 jdhBD6kSPtPPdmQDuxgGDZif33iPTELB75vGxrscmd85B4IvgqahQkdo7OsJ
2020-08-16T02:50:20.292083124Z 163 12tmEB6sXs8fww57PCKOJU3KFmbYGZVFTIxpIaTomkadVuJwCfP0sDSvzwQ3
2020-08-16T02:50:20.313723749Z 164 eywkGte9VSspj596BcWluVUnR49hUV9LdWq1zSRJf6xr89IC0f3YPJihlDWt
2020-08-16T02:50:20.335516150Z 165 bHYh0EGdBHQQX26nHGoQYKxXN8lletwAt72EvDnMutAosbhrMTE9oVSoYKk3
2020-08-16T02:50:20.356229139Z 166 4CBfHFncoSEJkihZZsBQJ4D4iON7SJvraY9QVZOWn48bJEh1QGOnVc7kxjiF
2020-08-16T02:50:20.377980622Z 167 cuUSR4KkuKm7HooiZ8OxtCHnZiYLeCT2OBhmqE6ZVReFTpKhFMM8ewsvzRKM
2020-08-16T02:50:20.399271530Z 168 bjNTIiQgK0t0sj7yUTSMPEsLpROJIsh5QKLSE3VRTeptnQYeXMwTX5MkjCnV
2020-08-16T02:50:20.420983141Z 169 uUurbK1KjEoMVmQ4S0hYfzkgF4WItAq55J1xQ9eG5SolqxlUOQILHm3776yM
2020-08-16T02:50:20.442478142Z 170 EAOF8IXOIxqorMf7YUbvLFziWv7KRiNN0Ss7HD4armDXK3pBZ4jaS2wOlK3g
2020-08-16T02:50:20.463211893Z 171 CkHlcNQaq9E6tMbEEHcXgdgDanbvlBftsmobkGw8SzzIpU1IOf3CtxFlM7Mn
2020-08-16T02:50:20.484791527Z 172 X8OmtbZSHfeEhj8IALcFaHfJIErfqhz4iTkmVcVwaH52SwFp6NusG8qKHshd
2020-08-16T02:50:20.506224003Z 173 osAiSGOq81UKgj5rjxIyl3Ct7dPDnUHzLR1ohm6Nie3VcqOhsnAWdn4x5Dsv
2020-08-16T02:50:20.528120183Z 174 mWsJMmZcjN00yhz33HvPFxFTylJBOU0LcnLLLbZpjiJYktoqdIFKet6nZXOr
2020-08-16T02:50:20.549799082Z 175 mD1t6Y7PguZ0QoZWsFw2LTGckk6Y5qAlY3eiEfWx6bqnS3ga9QkzFtbtFNAO
2020-08-16T02:50:20.571331689Z 176 0M1cWtbutmFroW45fGXSorMrGTP1wjBICNYag5DrEPg3627Tz9J3u9Vx9vVW
2020-08-16T02:50:20.592361130Z 177 AI7vHwI2kfrdZnyL6sd5bY2A83w4ShPjOXqG66fEfMLZNyw9jrkbF0kwNZ5s
2020-08-16T02:50:20.613904344Z 178 8eY0I2WudVvKSXo6jA4LPYmztlfj0tYQJT5e6Jxae2QJ07Bo4sFm2xJ1iTM3
2020-08-16T02:50:20.635686829Z 179 ADUS7AgqToXufrYvi1ucyzCowX5I9plZz8D0PnRyGOU7ekBcRhs09kOD5Cbt
2020-08-16T02:50:20.656887239Z 180 3w9bBIecEHngt4RnRg6sR43txzV0q5iUKVwNu5quWJGw2g3ZL83aXv4JrVF7
2020-08-16T02:50:20.678606008Z 181 Qy85fKc7scnO6ZRqrJmdtSzwy353hhIy1hNGByF3Ib0ANY3UPAJPnOu9Ildb
2020-08-16T02:50:20.698999259Z 182 hbg4cs9duyI0l6bTHHncLKdEx1XhtArmctlXaqtfJuYPVNcWKdBT1RmaeFQe
2020-08-16T02:50:20.720628677Z 183 FoAiggpHjJa6gdgt4j1SYpwKHdSvwTWsjSHKHJqVfMBf6TuAznkI4kl2LiCi
2020-08-16T02:50:20.741109009Z 184 IRDXuSkS95kuWh8DwrAtvlES7nm7Tijro02icwqTFjv9KIm12kAoTEkYdyIv
2020-08-16T02:50:20.762613837Z 185 2yEhPDbUUK0hwTaV9NY03eS3L3U9TEbGQxC3HSlayvusqqlNLN8b77ifS6ej
2020-08-16T02:50:20.784806228Z 186 M5HFDPthqQKjcCN8TLHFCrC1fJl2SZG0yWexhG02bStPgCtGNACkxoSivdbm
2020-08-16T02:50:20.806506772Z 187 TiTIeuCVgwHHzYsgACBESn9mQXZgdtOwSecN63EYConFjQktaCRfebbNtIm6
2020-08-16T02:50:20.827021966Z 188 mDgS6lxXWTvVTF0wfQdqFmY08R1I2n7K0a6ok1hPPK8XbEWBPLvNz58G7wBn
2020-08-16T02:50:20.848863902Z 189 ENEffFeFF2cDf3SxTQgSIxRbRvlvkO2l7o2PpevOC7M9i5LBe0ed69TJtwNg
2020-08-16T02:50:20.870526551Z 190 Q8jgNefJz0WjHeoX8Kr6npYrRLblrlimHyMkUFbv1JjFfRXtDxtvQ7mxz13p
2020-08-16T02:50:20.891420038Z 191 pFHJa5R8IpBrjJnC7MzgUrRO2FSA0yBcKqDCV5pB6H9fgC4VY3E9y8ySBooD
2020-08-16T02:50:20.912550417Z 192 tsyaVGiERJyU9b68aB1GjQCfedjas3WnclaKmgUgt2xBcyIm1mapiGFoBIVY
2020-08-16T02:50:20.933303846Z 193 gDLRLXfzH840bDBmSVEQh4XY2LoviPMRJLUeCuuDK0bT89At8hbJiRoq8ETr
2020-08-16T02:50:20.954975313Z 194 4tLdKxrmitrWbi6GwtBrLH4DYoCeUvaVXWDQbm2E0DjmzP8v8OCKCiOLvyaH
2020-08-16T02:50:20.976333304Z 195 9sMaJqgS1HUTwQLde2Z9OAy2f4btowZq5fZXq7vWVvlWsPW8ZqEkri4vnZhA
2020-08-16T02:50:20.996971092Z 196 75kqcNRBB3IE1kUAvyEo2vRU7F8VPDEk57vCw0hFuUs1GcpGBLSO4Jhjw0xh
2020-08-16T02:50:21.018728574Z 197 4HiTJ05HsHhVRcJtQGRamtLBnqSl10kOj4O1Ci8Q7sC3psyUyL2mVsiuqkSm
2020-08-16T02:50:21.040342381Z 198 3uPJQ5QvZn5dfEmi6K1rdDIIdbOlVMUQHEQd686zc3I8w8h16rTcZ8cqRnd5
2020-08-16T02:50:21.060976957Z 199 J4Zag5V3zxaPuqYvZeKWeFrztwbjZ7hG5DYtDNVE5ugrcadl7XlL4jntrfEH
2020-08-16T02:50:21.082739237Z 200 yPBbHSG2YgwvEXBVo35Pmt0kuLsk7Xq9tJC6AxTCO91hZTnT2SvrHpktY054
2020-08-16T02:50:21.104257736Z 201 447UiGJ9PhIlksp1dHTXi6Xu59VuecF91rWc9Ot7rzdeB77Ofb0uxJq7AMov
2020-08-16T02:50:21.125787948Z 202 jZkPFRSIfH5b2kttl8BclSmNK2RwQi3mTyFcwattNepVYqQ3V5hdmUMohkAD
2020-08-16T02:50:21.147301234Z 203 kJkK4Vdp8l5eOAsDQszajXuJnnAv6dFYWzxyiffJjbUyxloSq0RIZi2ERdEi
2020-08-16T02:50:21.168891040Z 204 uPGznyv1NBO4aVvqIIB92sTBUWHuipbIAcwbbITeYswRpxgxHf0JVHrnoLFN
2020-08-16T02:50:21.190637605Z 205 B2SPqQOKUQ9omNNM8cOcVXUI8DCYi8YxpNtrUaUP2jluBtz9oV31Sgg86DIw
2020-08-16T02:50:21.211328382Z 206 W5MvwSCF7vXtQAjdVpwq4fEP2sX3zCAgPKoZSeE3lAQqvXfVPa8ISizWcm0z
2020-08-16T02:50:21.233026431Z 207 aZNRb8xLUGy93m9OwQ0EmKji67NOQR4ZhO0JxvuIp3y3jxxHyvH259BYJQ0v
2020-08-16T02:50:21.254491303Z 208 rTRODF9cds1XGe8Dk8U2dsl7WsC0a62fRK7cV0NkuhoAzunb6jRj377iHDN8
2020-08-16T02:50:21.274878670Z 209 GpjL61WkcOwSUtDNOUmjBfeCx26fKZklPUPe8Fz0fYYsenK7fUQc0qzTGRG7
2020-08-16T02:50:21.296671677Z 210 3sZjKn7DhPUKBBtVr80J9WibyfXRZaLmYLMTIFMLmc1tbym9norRWmMjo4Cz
2020-08-16T02:50:21.317889293Z 211 YfxBxos9bbQcHvNLssy0O8IPuxBshluPwTPWeAbOM4qn1auG8vu3jBQXd4CV
2020-08-16T02:50:21.339624877Z 212 fF8RW9FgaRM8qGYgSCaEPIQ9coJxMplobvGTJQ3pDm8MoCRyeoXvFq0S7jsN
2020-08-16T02:50:21.360085350Z 213 TW9C1WLPD1Nt8lIQBzPTVtsXgoZZIjXhDZkawHKMtADJVVs28UQZrDfc8Sh1
2020-08-16T02:50:21.381535103Z 214 78aDwyAIEMC85Rk6NeWrZ1VVxRhHiRhnRio6Lmeiekzc2Y427m4b4rL6tPkx
2020-08-16T02:50:21.401902406Z 215 c22pJJnWF8bafIrr5JZX7TFbKoCklSSUDLIdwlvA3JJeGTEVXEibtoLPIsZy
2020-08-16T02:50:21.423503780Z 216 A51seV5QJqRwzLm74FO51XpRKHFiYh0uJHItcn6rGCYcQgqWeGHlCdbcEiLa
2020-08-16T02:50:21.444163259Z 217 GYgshnmHMbGCtd7b5VfPhOWo21XsGrYNQtem2eeWFC8wngUwhSqifYWLVMMO
2020-08-16T02:50:21.465402351Z 218 465nQCtj71EtajgHVRIzO1nXHWYVOoxlevIAQH7uNjNEppZhK8SFlicxbH7Q
2020-08-16T02:50:21.486404564Z 219 L1F8QlMvxKBYbV0yuaO6HhpDrMOjovPntpxwR1WAVx2FrZ3DHkZPS3HEUN67
2020-08-16T02:50:21.507182305Z 220 tUpm7Dq3SSK6QoxdVCA6egTVC0zVvPMNe7hJfVtWcLpMPhEYSD4NxjQ93h8B
2020-08-16T02:50:21.529209971Z 221 SoRPkHtSlZPkJONZ2SlphNpBbNIZa7GQhKK1aoc0nJV0QzQmmwPa3wSrLtre
2020-08-16T02:50:21.550363002Z 222 Gi6jjOAfXg9Ejnkgtr1aHCJe87MQtaDVv5x6Fs8f9LqhB5t8b8h3Sgf0rjKC
2020-08-16T02:50:21.571074957Z 223 Imob4AglN1ey7f3NSYLilDrNofHixDUWC7BrGCoMgkLlV9H8J1DLl0jBnKMk
2020-08-16T02:50:21.592887707Z 224 gFWs3XeY8wWfmDt11fBrylsSwYpOwwgfoj54wN0xHNAoN2BlIMj5ybfEGUUT
2020-08-16T02:50:21.612892203Z 225 jZ1CS9j7K2xv7gXbQDROVYUXkiYn7aElkgEPxm4pPijSMqOfbknvKg72D6ae
2020-08-16T02:50:21.634413548Z 226 5yi2pdnfPrbGg6JQG2I2ZUw1lxpnx366I0OUryJBaqMjlb2uqbCjEnSBnLJF
2020-08-16T02:50:21.655166636Z 227 xEI02w1ZtnAfcDgTPQCHLHlQGl2BGioLQK9HkF7IpE1cAleLRMs6evjk0LKD
2020-08-16T02:50:21.676792150Z 228 r9uiUGMX9vDaS6RFi7BFLJ9HbJNY4ElLivV5gis2wFAXlMPNHiebPXWCRxdj
2020-08-16T02:50:21.698917714Z 229 npWr4uV3RlKcRRyglA4BreMMPN7q0YKEMOEoS2veXkB3AMfr8AQ9ChEdnKzL
2020-08-16T02:50:21.720633280Z 230 ZHXE9QKSLmDFpZFpjiFz1ofxMHhj6FGfUmdtttXXANoTlo6kP1ELDAaprbdy
2020-08-16T02:50:21.741143695Z 231 UEnC2j6iSTAnzeEvGEZWC7oIymxGqbEjZx9zL9CM5U32ofJrhCbc1lSIDWQA
2020-08-16T02:50:21.762591468Z 232 abI80EU4HNR2SB9nh5HbfCQw2gTM0jPuEDVTE1p9x2Hai6zzkKONeuLGTrZ8
2020-08-16T02:50:21.784296780Z 233 JenunJyDPtvsc5Gr6McF3FOGO1ZhshrYaZzYYPP5WKPFG1H95wX5RGc36RQj
2020-08-16T02:50:21.805489954Z 234 yIiRHVi5wROXq2KArl3HNI8MGgS40ROUUxHnTp7T2ul8lR8P96vQUl4sz3Mv
2020-08-16T02:50:21.826062840Z 235 5G2siu9IBYlixuHLc7nO5se51i32eNFEjnFsNLTm51fF4gbUu3VXelCOb7SF
2020-08-16T02:50:21.847756364Z 236 zAKc3Sa4vNoHUKNKWByd5vBMnTNCqu3XJiKJzhrqouBodkCx931O4PYZ23AZ
2020-08-16T02:50:21.869303665Z 237 tE5Eab7WX5QJB5QUmrk8bzBqNNP2JHyD93B2UiPxPgIGQklkHfP6ZvLBgqma
2020-08-16T02:50:21.889751637Z 238 VdRog6w5MyfiW0DH1JsYxIiS6hoAUOVwl2peFqv9JsVZMQKWBnf6w64135vM
2020-08-16T02:50:21.911690625Z 239 CbeLYLNTXboO3y5hYk76MeNQo4E7WSTZGxGRUZMoo6g9RGTT9aL47xvWnmgN
2020-08-16T02:50:21.933760475Z 240 c5N5vyGBjjsbYSgmoiRM32E36TvNKjx2nDuBYgnwvyNUb83H0uEHTcsw4THg
2020-08-16T02:50:21.955132676Z 241 zTsmT22UfazNVWQXtCePHNu9aEZybhUm254TocOQeXD6SD8yJ6Kk60GxXUzx
2020-08-16T02:50:21.976679456Z 242 gZtO7InBmrhxX3JcznoqUVWd5UFYENBYN92pVpYuv4uXBYG7frXjqqb8KgTh
2020-08-16T02:50:21.999131883Z 243 jdS2BXMMvF71ynBBteVMWFQlMtdGt8Pg2I51zz3OYJeh9dSCyp7YGIxUa74j
2020-08-16T02:50:22.020927689Z 244 FqzVC3OoCL236nIQQ7EGQS8n2qgfWBhla1lssHbHH5atHaw5FsMKbgSLD9kG
2020-08-16T02:50:22.042495368Z 245 P2DXnBFCG1UzuApfTHvqRsfG2tFBzrzT83UDFBWyiVIxeY9f5fJMhWHN987R
2020-08-16T02:50:22.063877035Z 246 oIklYOblacQMs4IjGsFC0WsCe7NGjHj2gtQTIr0fFX5S6EKTtvuNVD0oFS6w
2020-08-16T02:50:22.085704820Z 247 N0DZtNt6gkdYo1Ga2AyszpUxrm78jn6swMNc2NF8JtFwbmSb5yUedT8Flg5I
2020-08-16T02:50:22.105797895Z 248 wsfMjMgq4f58PffFEeT0wbUdIeW5qcJdOTXITeijuRlJmdFt4W4ASrzxeCN8
2020-08-16T02:50:22.127228734Z 249 HsI0V4E8xJ2cz4RR7P1mRUsimTwAFiVRKBTVvXLduwpmToEB38UMt5bytexg
2020-08-16T02:50:22.149173835Z 250 45hK7xvLVx3bNazarbGGUbf7Wzr9QME6oK1LhlIlgSWMyI99RPQVoXwVwZh3
2020-08-16T02:50:22.170043257Z 251 cLntFWq94L207JAucfABFzsDEjLjwoq5XXQNZTBPdBnDxt4rzAfKXT5rBdV4
2020-08-16T02:50:22.191516283Z 252 DlpvxtejOA22VL1rhbfXgGfPYSe0gDjUB0EW4q7PapcU9G5dfXZwgP5Rp8p5
2020-08-16T02:50:22.212176302Z 253 xjaRnErT7phXJbi1L0RTkGh54vnW4aU3VQAJmL2KrQRfUrHtvvf2Iawbrfr6
2020-08-16T02:50:22.233220551Z 254 0XXk0yMFlgyk9RgbsmQIZdk41wl2SFjyxnFX5K0VyIVgyBLEqCIFhbDFmXLn
2020-08-16T02:50:22.254130118Z 255 rHeeRnQl0x6FUfxH3dc1nEneMvq77sngCbTkpXeRBafMOPINVTaUfddsxzCO
2020-08-16T02:50:22.275849953Z 256 uKqcGVbv1Mk5BwDo8RbDgecZw9sQS6Rapdl5dT4q13Jbxn7C4FTImCKXHB9b
2020-08-16T02:50:22.297700756Z 257 bmwWhiee5V6zOvB84gfOZ7xcu7G5A2q5f7pc1QdEEx8GELDVNBuQy1vdVusK
2020-08-16T02:50:22.318825207Z 258 FvBFBw9hdicn7t6P4twxN6iXVqmTBn4p0Mf5WT1mwXvWUmHAq74gLPYUg9Av
2020-08-16T02:50:22.340433412Z 259 M4MmfvMzG6iKORnIJBcNSsQNJNbjFEVzWrw8zHO0Mdq7mDfK6QnIi39EzFC8
2020-08-16T02:50:22.361997658Z 260 M7pnrXynmHyCgwFlJr9IAu5MbopMPHP5hKZAgkTq4YPX6bkeRhRgTVXt9PAP
2020-08-16T02:50:22.383635806Z 261 1kfuikEqIJ3nWIuN1bPGC91689ApzsDMhyzYdj86hR2PzvAZk2Gv5gnr8BV1
2020-08-16T02:50:22.405226927Z 262 gG4mfzHHLnxSSyH4v4V3AqpiJgRBJFIkCzqOLGx3e73YjmFfB1pUwIUFo9Tn
2020-08-16T02:50:22.426959596Z 263 avpmzSZHElwkP4nwdHggJkckWwENrZq0S3ME4tWYmulenLSrmeEi5cjbD2rO
2020-08-16T02:50:22.449098144Z 264 6HD63iBW1KnYH7tr38hxr5x6xGnJ3P4e4dzzj59ERts87FeqrjHaXJ1lqJyX
2020-08-16T02:50:22.470829739Z 265 I55AUY9jCTVZgaDBF5FgEQ6lUZz50n5Mtee18g1alqOIM92f6FkEa70WJ4TM
2020-08-16T02:50:22.492354989Z 266 T2OnUxlE4uAXDdsuxA0PtRCO5gGkTmwigBzMGEPgrcH0rKzc2iS0xSeW2yjd
2020-08-16T02:50:22.513207692Z 267 cxXYZWvaarKZ6pkWKzqmjXUYJ5fO4D4lvvxbafTKypEfHVHA8tCbPpO8ohRv
2020-08-16T02:50:22.534640267Z 268 3aQeQoz4p3ruSkP4mANmba4lGYCXElLCrsKW27gOSx1YDYYwpF41exUqW70j
2020-08-16T02:50:22.556250324Z 269 GmrmCcMag5LJIaQhjTLyKoLtrmQdfAHlnglW4uCNDsiNG3P6Oc8rxVZVP2O3
2020-08-16T02:50:22.578007297Z 270 oJLNcs5Z7LrPUWWyYxSjv4PhgGxQqolRyUdxw808awN5bqatsHudzQl66l7K
2020-08-16T02:50:22.599520763Z 271 wx3TATT5mByFRA1bAJ10Ymvao2KYcDLd7wW1KlwtngN9mBl4IGpnZC8iP1s0
2020-08-16T02:50:22.620582354Z 272 S6wEjTLvz7nSBg6CVMMTVCy8M79mw7k4FC12vdVDju4rebepgWgtJDCTpVym
2020-08-16T02:50:22.641212468Z 273 9mHaQQwdr2sPYSsMhv7B0jPV27lBljrPlXleADUVGShSW5LDHDX6FrFVzm9c
2020-08-16T02:50:22.662945329Z 274 LUomVjULefKbtbGTcHRJD710CqmAt2EHEeSOq5FAOK3VvqWo4rJzE9dyT3c2
2020-08-16T02:50:22.684636370Z 275 bkQ68CeFOlv3AMXiOQDxCLNhjIVsTTqV4FaV0egfE4JnhCJj4TrE8RWwItTj
2020-08-16T02:50:22.706286877Z 276 Gkw4TSfPFz7ZHqXiBCHoa4g9145WdMMfO4t71DBEYXjbqlmnTIcINTwpByGD
2020-08-16T02:50:22.727985400Z 277 KXdBmdpCeuEVyNyf7DBesaeMRX8BtPPHbu8nbdvNEjpum71YYoSDZbSBMuCD
2020-08-16T02:50:22.749536636Z 278 HUn6JU4GVilbzIu9vfGlJ9aJroEE23pu0qYuI92v4Um0b7jLvmTluawFyhgm
2020-08-16T02:50:22.771779507Z 279 R1KuYcb5L9VPP4LbComO5jJPP03rhKYQ4AvgyHtufpXrZdR70wOxBcmQMTRZ
2020-08-16T02:50:22.793530876Z 280 RjYKHhpZI5iOUc98j2Yx8hViU5k42wRU8qGldlRPZCHhXkuKjIXNspOHcV62
2020-08-16T02:50:22.814177489Z 281 W2EgFuOheE2ZnRWJLYKVUhzGKdalsqNDubw6mRluErPjTWHX1ild2LeaLbXX
2020-08-16T02:50:22.835646782Z 282 titiXLzz0Pe2JKC9fOcj3Lj3exaQgwrV7ODoUhMYWOgGSoxjgCRGBI6N88IZ
2020-08-16T02:50:22.857326929Z 283 CCq5JfKyC6JxlUEKcgAsMrQ8HEvaEvs4St0FR3y96jyqiIKythivQdcwIKSg
2020-08-16T02:50:22.878931603Z 284 Ch7LlSCKLpY7Q2z6vsv7XDC2po2VWFaBiPgWVeOdn2Ined4nHZVWHrqI2nRY
2020-08-16T02:50:22.900643526Z 285 YB3smgw5Sgfm8uC9vGw3zkT4mm6rWXBSOwjrKH5J0AZBGyar0DH1V90KTqDM
2020-08-16T02:50:22.921126124Z 286 XRojNvZ2yABzzmP2L9lEYVBhgomu5juW8Y5pn49kkxwsBjxW9aXp4Pk6bdPv
2020-08-16T02:50:22.942404662Z 287 On9S8AFCvP2HjFhdg4GWCkLguwoPmVZWXgvIOLmewFJOUkwQN2XgBRpiCZMF
2020-08-16T02:50:22.962806733Z 288 yb6jeDs91lIBdiarH1S3DIZhkNxzqQtxW8cwF2dl8dxJ788nJ9wXNbZxBC7b
2020-08-16T02:50:22.984506899Z 289 bI5urMOUjtr8nwOLjpqKBogzKny0fXu7KS7IMvjsqka8buNVd798hsZgB7tK
2020-08-16T02:50:23.005534377Z 290 4Uvk6Lbg4diKsXdvCt8ZGZWdFhrNVJkUt8qelJceox6xrmGUgmVOxYmtbYJf
2020-08-16T02:50:23.026579206Z 291 J7ilnfRIFxd5VoogZBGHzVJgY3hZVw5ae2cywk0xnPm2cYh4FCmmoncVVP2W
2020-08-16T02:50:23.046887407Z 292 ywks0rR7BmWLRO1VwUoolccQdcf3dIoxvtWPCGhZMdVpAs2waI7dMBLYFL82
2020-08-16T02:50:23.068207441Z 293 vHjQS4z4XIkBUh1tsyKp8wEdJOYBvyxAYWyPANJQw5Tg2pKAldf3sVNtEkdh
2020-08-16T02:50:23.089997913Z 294 RGIzX9AzYftdLJNiNmxo29xSWmicCjowuGnlfL1FO6tiCsaBfqg3x3oQ98Sl
2020-08-16T02:50:23.111720564Z 295 F4T2gYO9QlrHt1oQzNuxQXfyzEbpTz2kxjDvY7GqwoL0vYzgF4vG8kOpdqkK
2020-08-16T02:50:23.133514408Z 296 zVGq8gdvbtArfIIkvc89OAYHHKuWiMjtUTaqytIbWz3ojoFjUd15p0CZiHgw
2020-08-16T02:50:23.154533963Z 297 wULsTjSEdzUgb1kCHVSqXssbzkxN9v9zTaRKb6C8jJundjoghzxNfDoMwjiz
2020-08-16T02:50:23.174936479Z 298 HlBBJJbO3OvxiFbXeIeSOeyRxSa8Fsv9KnZfe7le2Oi0nsYZaDSdutw5TpZB
2020-08-16T02:50:23.196617094Z 299 cQYXOTxv9xtH4HIx4CeSmqufVp8fPqPHCmvfXgQA2gjX69L8sJ1SYXlEn6vF
2020-08-16T02:50:23.217733542Z 300 Tvgz9nXCWavwXPzrAVJzkPTmpOZorGmE1w7d8mbj3vJc4AqHiNRSUvxcEhND
2020-08-16T02:50:23.238409762Z 301 dxJAvV8zTYmZdVkl3lOtn1dZ0xCrsvmzuyCy7hXtfjT5uMUJ9LRR3ttZhyWf
2020-08-16T02:50:23.259716888Z 302 v4DeyH4HkrYYYXvym4n9N3nysH0kvL6V7INxss23gyvovTMyUstwmi6fV3t2
2020-08-16T02:50:23.281503966Z 303 nmjJelwhMd8OjNDjqh42TCWgp7EJ5aX03d65iL17vgtFF6rRWfAhWYJSnqld
2020-08-16T02:50:23.302292289Z 304 AmIg09bLU3rnsIlzyqwffHmTcBpzUOoyROJv0XbIuvR8H94KBRCqdushlLM2
2020-08-16T02:50:23.323715512Z 305 B3mo9SLUDr4QNKo882Ityxnr8ahBadpp4xMvvJtNPGuMPY2YtkbkcVwxPbWD
2020-08-16T02:50:23.345105518Z 306 MVFQTl4p6dDchX2aL06Rmuo3cGwJZi04DhVC8TNymKhGMQBnS44MnbER4EsL
2020-08-16T02:50:23.366770120Z 307 8kwB7y7izlA06IfNfCsdOurmgZUqJvGk9IPmH7PPHXfwNknS4TNFEwhz2wN3
2020-08-16T02:50:23.388237433Z 308 plyUGeJhMjixyCAYvYcr7NnRDPIKMDOsZRYfegYBOcqajqsKFgCmrUhOK1Q0
2020-08-16T02:50:23.409830894Z 309 Xw8DjJfWF1xp8x0sY1OeAhJRW69ZTsrBLmo1IycSASNJST1IrqY73zd3vXiX
2020-08-16T02:50:23.431595590Z 310 Hj5F6uoayM0nvXTghZtTUxPlxNBI0VGqmDLPtlw4cLGhupMe1HRfYlabj0Dj
2020-08-16T02:50:23.452299931Z 311 ufdydUXBPwH3KWmm1tq6prmdU3B8p7KDCTjOs65dWgiZieA5bUaDMnUcoPM3
2020-08-16T02:50:23.473508831Z 312 QkzhjxITWxJ2Un86OPGKfk5LeZdjZYfOcE64PPnOuwhhqnv9nYOU81FogTFu
2020-08-16T02:50:23.494310656Z 313 QsctwWXurNvUQoAXvF1LY5425Kj18X2TGP0vyPyorKvGlQ1hUqHo3lUKDTFu
2020-08-16T02:50:23.516288024Z 314 Wnj3iQ8F3fLVE7XsECjiNulZUIa7WsB4XX6aBMnYqGwb0cwlps6j1kJzNp7b
2020-08-16T02:50:23.537724511Z 315 iD0F1HP2l2WqhHhuD5a4DkwnhKcZ2EgBli3zKeUdt0m697mpUxosDy87F87J
2020-08-16T02:50:23.559344633Z 316 okjsr8rY7VF7xX0SKCU5jOfsn285MFPzuYI2cVqonpQM1WNunxfD8C7PQJTs
2020-08-16T02:50:23.581076606Z 317 UxpSoRUy1sUNBfv2K0l3qBoa5CpwJCnUO3Eqh1TGTKif9qgZzBYc2rcubadG
2020-08-16T02:50:23.602649611Z 318 8dTEk7P679ShTppgkNLLKCzvYUPqXoxMGuuLl4MreaDbHW3kTapswXAoBrhF
2020-08-16T02:50:23.624301766Z 319 7p7pITKig8qOflMAEuaRNNQEJj4g8Rm98BnYAfzJsFLPzf0z7HzxvRGkKEJL
2020-08-16T02:50:23.644990372Z 320 zeSuzPoNJPVzQKaFfzqXEcd7rn43Aelx667QNZ9puqvQQdMbSiwzDpO7Mqyp
2020-08-16T02:50:23.667153814Z 321 VceokJnZL3PZYweeLLrQw2d4EwOodJdD5DuZ4do5WMUXj0KLOrA6PI68Hn6F
2020-08-16T02:50:23.688880001Z 322 3MJgv4X73eb8Hn2IXzFrXydPzwXI6cEVblzzDHJe34pm5SNMTVCYUnN94ip8
2020-08-16T02:50:23.710682514Z 323 JrZXRxzAnlYcjPQUvuc9QHoeklwzMCn13ZCA27sdpUELFhvZ7e6G0btVv9Nv
2020-08-16T02:50:23.731373569Z 324 2jiR0LsbYvXzzSyI4n6Fg6vD5bnq9UpYmHef2ioWmSf0qhxmYj7IVT1iwPCS
2020-08-16T02:50:23.751787480Z 325 jZDpeyCNByJ8X3BefZsCP5u8Rm9bXjyu7nadbzg4W9uvkyLZeAv34rUOSjcy
2020-08-16T02:50:23.773592588Z 326 jUhZOMBnGQqrQMmQtfHD7GkSHzc6Zl5Qw1UT6rzc7Z7wpS5wmI85K8r8go2U
2020-08-16T02:50:23.795214913Z 327 eYd7fMhCJVmZfNeAEzOEdPHAojwesc7AAcyxeP4W7TXRGy7RYDdtj6rME4fE
2020-08-16T02:50:23.816875454Z 328 Rj4ApFuwesoPebfz7vt7eNQEuhOuFKtpOvUj7QcaAjX1iQNvPaSz7Ou5Pjm2
2020-08-16T02:50:23.838907298Z 329 eCqqCZOKiTDqRhxOzVWIQvs1GddNXeQ3WxDy4kw6oB815iTM40596FvFhlvw
2020-08-16T02:50:23.860630420Z 330 K1rSUttzm0qxXgf0I7hVzWUbWOJbQ0sF79Z0CWImCB6Ah0rl5upMhzKSC5GD
2020-08-16T02:50:23.881024955Z 331 vVvYVOUjM1g6St4xWUUChpC9vYb4niXZ5ZwafCa0dogVXeNXC3C6mYsB04Qb
2020-08-16T02:50:23.902344186Z 332 F4lHgq29eJuq8vsAJyVyBvGplYf0Kolwmf0rdVORR7NBPDE68mN1nn7DeoE2
2020-08-16T02:50:23.924064504Z 333 gzQZMK4ZkO6I7VASBSnHUormy0m3P07t5BlH8kse9ndkMU0PmZzmxa75bcRo
2020-08-16T02:50:23.946110737Z 334 jgOZt3wd2431jfaRVPOaJcH91vtVUw834DuF1t5U3O7gL37JzSa5cWE6sioi
2020-08-16T02:50:23.967703576Z 335 RLMDcCTZg4zkD5WkjQp9qjtbiko19GX6wQCL3ZLQhbrmXnmIEXIIfqDEeaoL
2020-08-16T02:50:23.989495750Z 336 hcxYBwOAuxv79Mlwa8Ox870AsWHPfSgLU2KsC0sTkor6Zy2GYHzCKN7q69Ij
2020-08-16T02:50:24.010922359Z 337 1GTN6yw65AsgiHegX6FM2m458T9nWiMyzbRnJxd8fCIsl0nAcpRa14EFdJJ9
2020-08-16T02:50:24.032449981Z 338 3gU3BlvYlcafkIlYterUD8neSB5eRvE2aNyozUB8f5FkUSd0Biq3F2XHtobC
2020-08-16T02:50:24.054088564Z 339 BaAHFuwbW1aXZXYx5QGKlecWxOIDZoFxumzGQFPB820OpFe3dHy6ne68w5uL
2020-08-16T02:50:24.075964345Z 340 KuA2DL2StskJloAjkaDD05WwADXooBLp0gELzF4fpbcG6krEJCJaha83rNMG
2020-08-16T02:50:24.097847618Z 341 VWtO4feGO5LOnvzie6Ebh5YJU8XBcMqyhnFImehaSDXrrNaJ8sufZDRhTMtt
2020-08-16T02:50:24.119850875Z 342 1bUZRGZUkXfAyA4WjteR73VCQBRz7zrVWwn7xGPvzQJSVoa1n2TGCA5ubINy
2020-08-16T02:50:24.141638522Z 343 blQCCjMBHHrzUI9LeZvSzKBpxrylQ8DY8k53tGHkrruNEFswWxOHULMTtQsa
2020-08-16T02:50:24.162508652Z 344 EK4Y2Ge0knfCIEIV9xyDLC5jUbMTWpX0ie1K37PPRoN2LdPzs8UmrNPvwcRf
2020-08-16T02:50:24.182988329Z 345 Vo9h2ElKJHYWv4uXkVaW4VNzvZi7fyG8W2gqXO0aCvheUzAp9PKzJJTVSldH
2020-08-16T02:50:24.203858306Z 346 iJZ5t33VS6K4mdcVrCHVgunBQvsKeQQcl2YERPzHXprPO9yFuaqQWYx7DVJn
2020-08-16T02:50:24.225951651Z 347 r9Dx6iRz0Qpl3E1Btz7emk2CbZewYmlwfftcHUmikChG8DwgIfTBLzpBTziE
2020-08-16T02:50:24.247357422Z 348 5WLI4WDaAirRHkKg3WMQhvsjbqr2rijade0Z8L9SOgeLzgDwm1tgFgK8BQ2a
2020-08-16T02:50:24.268022128Z 349 CIjBeivIhQJqIPwVBMsgpx37RItw24hm0r2KzIF4whK6sXM1Uhsx54kZjBWR
2020-08-16T02:50:24.290039876Z 350 8QwoyOELR4dcd8TWq7nBCYFkonH4dt7wZnLAKeuoio1E2HVohBPeHxtnqPJV
2020-08-16T02:50:24.311781637Z 351 nukB0KkykrHlVX5LorbHphY6GiWEw66np3TpbZbNt0PyyJ88dOnePNHCRvsH
2020-08-16T02:50:24.333529959Z 352 UBjq37obheTBdKKAVu6UNDNnfiyiDc77FeqkRNlwZTcfX3gBy7qDXbkT1BoY
2020-08-16T02:50:24.355133273Z 353 97p3lMAFKrQfVabYcpLfk70fzKm3G0tQ2GkCqOEPtY5VJfokPivSuacOtyDh
2020-08-16T02:50:24.376837846Z 354 xCZW2j12DvsrzXk8DXxyNJpMS24joow3bVv2OAf8fCP7b9DTQufFGUiFIUJ6
2020-08-16T02:50:24.398418273Z 355 stk1sMEosDrLkF6yudyFRpTLE4cT6YyJ34Z41qE04Dw9WCRn91BzOpHBUglA
2020-08-16T02:50:24.419159920Z 356 2OAUkuVIIesL62MEAYHbP8nxOp9U4kFdoGWMSqGSD6FnTHOexSxUTb7LLmW6
2020-08-16T02:50:24.441131652Z 357 k3heqtkNbf6XKXPnlyBoC6Y5KwoOu7XlIiJhe10z1ufdzkY3aM7rqq7wHLts
2020-08-16T02:50:24.462802632Z 358 20sC2QV2t73GPB7a4k8ioiYfkLkxlAVVQvUOT9e2soer8Yv0vjdPLKtfCaSv
2020-08-16T02:50:24.484656155Z 359 qNa7TSPfenwenwNtpoUnbC3MouFXv8JOccurByAbjUBI7hyBrlfNkQmEdrcE
2020-08-16T02:50:24.505755916Z 360 vU3OSusCa2I9ioHHQRN0iY7jdMZgo7iKQCpuKdR7iUFdk3bwIvXQi9Pvw5Z3
2020-08-16T02:50:24.526420677Z 361 ifh55NeDqEPxOgy1UCIDyDatIHFN4SJEuJCN1iaE2lZb1wrHsY59qhHGNysl
2020-08-16T02:50:24.547504212Z 362 x5pYwiT2EjHGxMkGsRrkZKeqv3xlCzopm6fIFEUZ0TEvQiIuYzIzaDRn3DBA
2020-08-16T02:50:24.567893564Z 363 haUSIMOk58oO7yxlgr9yBmfA0FdVRSUvdbJSxy9sKt7vElrGVjM4QpBsy5gm
2020-08-16T02:50:24.589652165Z 364 7uI9E0Tbik4YUVTNZI2qYzdwowWqKPXphhr6wj1HpTDzDpkA0rd2CLSy4lbA
2020-08-16T02:50:24.610635415Z 365 rFgjuslrVtaNWIuFVgGgUCDiDZSBMlrjtbQ1lubi7hj8QOLgZMsyrbizJa0J
2020-08-16T02:50:24.630950660Z 366 ROXY2AtvSYxnFzk7ectaKNlYUub2XZGonKM866VYg4qKqabre0WPSVMMU6aY
2020-08-16T02:50:24.652721098Z 367 TL0tbec1Tdz93tsZ76RiDNSXDO2kJ4zZEubeoDzDLoSc9DwPXTPXbz4qhnLG
2020-08-16T02:50:24.673755586Z 368 3HHuF5zsdC3FAy74bdNhfZj1b6OtcyVyTNKAg17TJPbPQu6FWJxYKdDiBYMH
2020-08-16T02:50:24.695839371Z 369 ZCoj49ajf9Bt4RTwB9cjAXVq9zadP1UmY07oAJRdoEOpnOvIP5G1WePn9jpk
2020-08-16T02:50:24.717598610Z 370 ckxb5Il7MC0y567f0UmSCHqK7WDzoUT1cBVKVAQUNu846x3RF7W0kGocCJ3V
2020-08-16T02:50:24.738750494Z 371 uxbl0sda1M29dUCWzYjdhofdXosynTN6k5aI3FolaGJQ5Gb1D9p3Q91U04Re
2020-08-16T02:50:24.760156195Z 372 PZhV5wY8UR1LsXrLHEZFkuHdno2xOsWcJg11ENtdgeuAQHS8yjTYXsQpfTfF
2020-08-16T02:50:24.781009026Z 373 A1k7Sz9H0AMjRPbda5LjtNkO1Cr156yFkEaJHNRP0kDfjW542hlX2Aw2K9zs
2020-08-16T02:50:24.802253197Z 374 1ozgYV58xcVosK9sjGKVxSOacRCU99QGqQp0xWjkDbu90i2x8Xb38uu3QS5M
2020-08-16T02:50:24.824002517Z 375 XnJY07q20DXXdayysjMDTUSoVVfG8G6DtE1ij7X1SmiS9uTit3mH7EyU3yBl
2020-08-16T02:50:24.845901613Z 376 lwnOUVlVlWIToz3pdXDVMB4eG5eIvezuRI5MmrVAKLCfA0IjBDz059sqOsno
2020-08-16T02:50:24.867876468Z 377 R9V3KVS4aZImEavCxvRFoLlXTUzlBLdL4o0e9wnnfZPmDxpWhx9q75f23VWG
2020-08-16T02:50:24.889509963Z 378 k22tl8fA6BV2JG9cIr56AeCG298vbssoBWhPrcgs2tjuuiJgEd3KMscf4oGX
2020-08-16T02:50:24.910332816Z 379 8DoSzuwfrALAN0DGg1rAleFzF6KhJ5yIeDMa6o1qJgUh8WqglvuClA4fAEn8
2020-08-16T02:50:24.931238965Z 380 lXC18YuW78mhdIXb0xT6byYPT8WtxGTro4I06yo5PaWfcu4dE55f0zToNL1A
2020-08-16T02:50:24.953028067Z 381 jshIFSYWxFP6EnRNmndHBBdOleBK6ShnoYsA6m8JcY2DWhyDGYvB9i1gZHMx
2020-08-16T02:50:24.974439313Z 382 y8kslCGC9Xgkr09BOYezi04Y1E4RlKVMPJZK48xVLnUDg4U3tQQu3LtzgKji
2020-08-16T02:50:24.995189024Z 383 65zGkkYe3lx3UwgNIWojAwl1PC7AgcKqSig40nmGEJkSbeb0aNOUXP8vplEB
2020-08-16T02:50:25.016952357Z 384 UlrEq8YQ46dTBPsg4IcP0EphxjnHzxHv4n8ztoAerZ0ChQ1E4uQfT4DRWsrc
2020-08-16T02:50:25.038163909Z 385 HZ79aUZzWN2pR7ebSwc0O1Hbeps9wdrjpqcQWZ2Dn8xrSKeA8eQfXVjTAdpO
2020-08-16T02:50:25.059964683Z 386 HwFCXQDbiH6MrCD0IxJLcQke9ZPctHWGVJU6jVmWVmdJtNTRFlylA78PGhuM
2020-08-16T02:50:25.081814737Z 387 BSaArCe2Nk67my0rVPwtYZ9ctvq8x9EqT2saAHqoR9LEBDNyawPYMD9R9VpU
2020-08-16T02:50:25.103427891Z 388 knb1bEkkeFY8teI10mZ4hhr2mbz6XXflm1yj6Xq5CYnrqYn0J7LdMzTfTGBX
2020-08-16T02:50:25.124820989Z 389 5FmsyxGMq3a8nuimnyZUEqqsl6ipAXXrj4ZfJuKSECxRqEJW65L8C8oylKZP
2020-08-16T02:50:25.146481212Z 390 qnzEfEhTa0szyAZ6jvjXmi9joEioMKnzGHJblfvREoQdkFmCdhh1K5q7BjoT
2020-08-16T02:50:25.167731652Z 391 6FF2WFuNAezddFLzogB8TKaNLqzznaAXuler8YCNeLIzxATNeb31hJWrnhSw
2020-08-16T02:50:25.188344013Z 392 pDDV4xZQN6zZbRwiRpJm1kGZPv38K0hUdsKjquZacYtNHjgl64aZieIKmgyb
2020-08-16T02:50:25.209989599Z 393 mNmDeD6dfRzSotxRnXjtMQV2mCTjfkEHENan4LNnyARNTUYWj2TtU9hxvoQI
2020-08-16T02:50:25.231402509Z 394 OOuflE6fqii7RtIbHJNs5HJy7Z4wHuLNdaeEPSIEhSoLfVBNoyWZO6a35bIz
2020-08-16T02:50:25.252340009Z 395 BEv5AQkbgV6pYlkrdZoaBNGaWfo5DZgXjAGtwI3KPRWEcAb3Ig6BSFjYnTht
2020-08-16T02:50:25.273640898Z 396 jfGceZ35tbo5brYcShD2ZHYbkApcDSEzB4pJyCYhFCsboqOr0wlFxOjVm7Ow
2020-08-16T02:50:25.294918626Z 397 X7VaRJcGCQ4dAZ9ZbAR4Kcmzmugh9tlyBIQtnvTjOuJJIIOjHHxy1hKNkEFg
2020-08-16T02:50:25.316837109Z 398 PYKRl2v1bnFCSRlgQefnQGXsCca51amsbkQNM5SSDdiW9QddLsWwmznZjZ1j
2020-08-16T02:50:25.338068344Z 399 zHsmplSGsKJLDagW70KYI0KJFS1sKs76wGqHmFCMZdNGGEQCjtHfo9q29haG
2020-08-16T02:50:25.359826532Z 400 rnwFybhJ79wDEyMPC6WWuxn5aab4Dj1FGNOyefk6yIOaZx7MR25JfOZfR5NI
2020-08-16T02:50:25.381816057Z 401 J3UZVjfUVZZgfBYioijMrZejgsaneT3SG7XybXCQ66rr6Gjt0j5pRo64puDv
2020-08-16T02:50:25.403782282Z 402 iukP7tdjypiuCd2p3EfQ8FSw5piVEw14fd4ZKODDUK4NdjmrtK7ohe3aj6sB
2020-08-16T02:50:25.425349082Z 403 67ac9FeSIWv4G9WMxsu5U3cbPN6e6wb7HyPBjtWPzDtzvMRWZ8GOfoH6eV3L
2020-08-16T02:50:25.445573032Z 404 PHgjXhr9vdM9Vk1VPQ1QQbmxIjADuJS9CiBL3LJkneSvHSuRhrMsscxacQSG
2020-08-16T02:50:25.467924392Z 405 UDFH9FopCC9GPYOj4gyCf07aCYnGko2o4bAYmGeUZIffowFVpDtUodfeIqEN
2020-08-16T02:50:25.489329747Z 406 7mOZvILHumkigyDXfaTx47JIg78WbOmdYUYb8e5CpbI6PS4z2FeStsyW64Wa
2020-08-16T02:50:25.510755111Z 407 kONi4LeC6ErIcQCvxiyL5oCMsU4DbDKwC6yFnEK7OXAmNbyAQb7PMc9zYINn
2020-08-16T02:50:25.532348905Z 408 s6Ix9uEi6t2mf6l01QZS8eDeHy9VR3rJ1dV8FGyesuu3xybZlBglJQQ1WrIj
2020-08-16T02:50:25.553919295Z 409 lARWoqFUmE6E7ODyaUlftFyKKaqcXwGLmJizptJLtqtUzKvRwD2MOVZmBXVO
2020-08-16T02:50:25.575483178Z 410 trAcMra7oIy8XmxeUjHUCzn42BJmVIAxkwn5dwqgwH0NQMBLDYLgKr2ncxWe
2020-08-16T02:50:25.597086818Z 411 KuQyTkuLcsC5Ot4ZDABklZF7IAytcv4KMuxMt9BxOWLXISGdwOhY6nTQRyo2
2020-08-16T02:50:25.618539270Z 412 Uaupd7OjVI21rdAp1yI3ffJcJsmhmTDsBFadQiEiZKwiPZ0CAIqEhEFMawIX
2020-08-16T02:50:25.641067882Z 413 wXGXq6Wjv24ACO02LCBKDyCSWJvtsppWMDBWwSVPXulpbJ532WcXu7dXcIYR
2020-08-16T02:50:25.662556749Z 414 SwP3cppU0aQTp1ZwJZGVKj4qb80lohILeXZbqB2Vcy6t2ey2ldihZENLXBmG
2020-08-16T02:50:25.685007887Z 415 K0b6d3XP42RGtTemjJKX9ny7lzYMRCH1QUYlcwRicAZbEBevpyKpGrYz3P7x
2020-08-16T02:50:25.706939952Z 416 YYi88l91fCU2gaG8chqLCmkvb15PeY40snykFVryCL3hVMOMCQsYx8f6S2AG
2020-08-16T02:50:25.728604784Z 417 Oot97tJQZ8QxvIQW8DQwIkgkAdyAwsSv2s3OvVqSnCLp7rYYR9dxiyyjVsLf
2020-08-16T02:50:25.749317638Z 418 7LR8A07T3aZDJ0wTCiPa0jxvFNXpjTwFMx0t3SjwQAsmFkyCstNb3CVTXC6J
2020-08-16T02:50:25.769873961Z 419 VorQI77uMYfe0FaRiFpZFitnRSZwFm17qZD7Ge3ahO9bzqfTUNRr73Al0btP
2020-08-16T02:50:25.791505870Z 420 Wzn9Q5koHzQWNQdoB4olepo2f13LghUYFIOoxWAia8TKLanM7zVyEwOQfYDT
2020-08-16T02:50:25.812725980Z 421 kgLvrCnQPV22ZyL7SjwYa62fs4XmbA1Hwf6qCmEbspW47JmEB6KZwIeCAoIj
2020-08-16T02:50:25.834395741Z 422 FfGnkTOfqgxuTATKwllmP6IYXo309dKAe2iTBmdW2zLvqK751494g9qqxAEu
2020-08-16T02:50:25.855055665Z 423 cMDm6gNQcXFERIsEbJCD1VYVR2P5NFUyG01aala71IvJcAEMXro0bozQkGm4
2020-08-16T02:50:25.876712520Z 424 pokyXdEu2qJPbrHsvCw06Ne6IH6UXXKaYuK51zrsZ1LN8gnZMyFY8RGviluE
2020-08-16T02:50:25.898432719Z 425 Qt3N42XnmaJfGWk673HYZODJliCqqqkX69Dn9NtpHEjL1GRjgDfym6JQZ7O7
2020-08-16T02:50:25.919525849Z 426 Kc3vIiF20lMcEZKERwWiLK8HbQFleQaDTzqlXdCR6TtOqnP7v7o0IUl0SFEJ
2020-08-16T02:50:25.940269638Z 427 4YUGgDjgIOPk3w9LKshJNbNjhqcDnLOEaUAnU5WbRU4ViHHARd7CmA2coRBH
2020-08-16T02:50:25.961169408Z 428 M8TKhcAUBEgPPQc1O424xhUqF2wVvrtIFLQSrQzp9qS59bt6gMA4eqSv5olw
2020-08-16T02:50:25.982532409Z 429 bwpQoBTUM5FFWdQIT2nADPSyEiNUrQFrgjQI4svJtrF1xKFyJJDDZWYReG4A
2020-08-16T02:50:26.003132599Z 430 7HNQH7JmyYlmg3WcFJHLXXMiCchZJGVMcBMLkAXNF6L69j68tywh6VYkROaT
2020-08-16T02:50:26.025053994Z 431 WGMv1f4HApKeeNeGEvCrBpi3zye1Xm3IdATWsFJ76YXJSWTDUevAf0tvn4eC
2020-08-16T02:50:26.046631954Z 432 NU80FyA6dyDJrjiHHaJo4GEjVLxRoFcP6JIUIsG8ggWLaHCakoQC0x91eFAm
2020-08-16T02:50:26.068177042Z 433 7XhZOssOvCyVzyvLzMi6peOIubfHs1hXE9nLeHYYF7m3H9vIAH53AQer2Amy
2020-08-16T02:50:26.090078325Z 434 gLnmR9tYuZMCgNll6na4ahmuixz9HD7zj4xlpLTMiSmZ7VmR1zI7bJvj1UsT
2020-08-16T02:50:26.111315615Z 435 wXLJm6TqspUaMU9RMxHwmXj9Y83EEDopBsWNmb4bZVLJO41gOLLVgBXZFNkH
2020-08-16T02:50:26.132947690Z 436 B8b35E2qZQAaX6aXQtOKql5G6dWHlmoUEQGeerR1ehhfgaMHeATOriscSSDS
2020-08-16T02:50:26.154893092Z 437 UV4Ac0NmruzqbRu0i6iJ6ZWw9AECMVHVLnzM4mJt0E53ex1HHym2nQBDbjb4
2020-08-16T02:50:26.176326405Z 438 x0KIeDCRZB7Uwl5vz8Txb2hxccDnuT492oELmcoSHI53FvzRrP3b5YbKrcUD
2020-08-16T02:50:26.198061952Z 439 robBngbc8Si2INzV05j1wWorOPbMkyMrXiwOanYGlyGVjdqHh3udQoYZHZnC
2020-08-16T02:50:26.219858714Z 440 zalDYmen170HdEupsI1d1Rctj4jfJu1MjwLNPmpaXJIS3PVhFgf9LstTQy89
2020-08-16T02:50:26.241577790Z 441 VdsAPEFkBq10OnmSpwKhtWVXBrgUvP8KtS1j7NcY2rzWhnLcivNBdneVgRl4
2020-08-16T02:50:26.262295852Z 442 ttUPK7nVqX6MGmU0ApUWcHdpyxSZjfkzND9bM64C1cVNDL4x3gSuhnKnnMgQ
2020-08-16T02:50:26.283148339Z 443 RJ5rrHBhBf8j2TZdjHq22Aw9RICgPhBTrOtFNnmAk440Izcj03gOHEFhLqS2
2020-08-16T02:50:26.304753309Z 444 Eo2Ly4KV3ImeCKoiveRqk88ZB1yMYUyG8SlWjcrYu8X43Oa6J8gvtBcT8HGB
2020-08-16T02:50:26.326205345Z 445 HepOpnQZw6k0uIeL4xvaU8smOLuquuhVab9SJRtsL0ZQTk2wI4MRNKcrQZee
2020-08-16T02:50:26.348093387Z 446 uZbG8bowcT148DjU29SjGtoG3vOyBF42QiaJABSNJLD6UFylNejoivJiWcrU
2020-08-16T02:50:26.369918205Z 447 vAKiDC4ofx9jYIWqC6MdXeVokoHmOHWgQWUcRmdggyvMLFAW9lOEnynzqk4y
2020-08-16T02:50:26.391419731Z 448 Wz6cAWM5ZVb6JMdmLjmlSlCp5kqM2mBFilZYAWgLrqmrNHbr9WiZdsIumJzT
2020-08-16T02:50:26.412246374Z 449 26oLVKYfTHie0vyvb1bCvGQCVPm6LnVi4HCFIP40e04e0xIrHRAMIbjSKOnr
2020-08-16T02:50:26.434032939Z 450 U10pFy5XRLbeb7Ut7F0IbqhPPfC0USkRPAM54Jc6jDtz8vuMTWZHTlxpTq3V
2020-08-16T02:50:26.455857502Z 451 Sucida1lpDhJ6Z5GblpljjOua0avcBr9e89MD0o7cKFeRMbvT5SE4DMMr8PI
2020-08-16T02:50:26.477620891Z 452 hBAHKcFol5pBPUl8bsZmhHKTDfbvceagrHYwjUc7a0VNPGeAmaU3Xeyhu60B
2020-08-16T02:50:26.500115322Z 453 UoBJSqquHCS2bbuEOt2eWstN16W9RShxZcvwECMQN22IUtzu1KaURd4fRVoc
2020-08-16T02:50:26.521892479Z 454 bVS763zyOrarelTHRjU5uu2oMjVox7bO9vYFldeZnzwygswL9yrMsjzpfPG3
2020-08-16T02:50:26.543141726Z 455 7gM7W32Zx6BXt3F4BCxs7nw9ddXyuU2EHYNOvweKaCaJ2hBETTRn18Ox5E0q
2020-08-16T02:50:26.564821736Z 456 pKsXj31DGWb3UZqJ6RJxIVh34UOz9D7dMPaNk3dZCBEFtJk5bRu0R29twLfL
2020-08-16T02:50:26.586728220Z 457 LMabfb1fmeWPV4wdJwMSMp9wehmYwZOtnT0ncaGluEymlkLhUC6TlCqNMePm
2020-08-16T02:50:26.607496288Z 458 ymg6XA273d1AXuKTPxXhyxCkJAIfYpPI7uXtiGcTHGIJiZ6Spy3wMF9qSmUO
2020-08-16T02:50:26.627972896Z 459 tcLQQF68MpKvgJwyiiTxx1ajzwpRKxet66kHx4H2Mfjt94atFy7RpHIFTOB2
2020-08-16T02:50:26.649684680Z 460 3z7ZNwxwWCH0Zt5s9Jb6MYLrPLofeY0JJu3a58uTtfFigraEz99z706fYgfH
2020-08-16T02:50:26.670633758Z 461 BFGpw0OGwwtytSJEOTaqreZJKsR0r12Qvxd2N2DQhAE8Dx3zR45bZlfr9sqd
2020-08-16T02:50:26.691802430Z 462 gNKyELXtVH4BHw1kmmvRkziwg76mYzsPpfVdSnbxYXbWKhoPP5LPO7eGYmU3
2020-08-16T02:50:26.713486403Z 463 MPoulzlmouahWc4Trlahi9leaFAa1NS9RnDtctH31vllCiON7K6NoBeIJytu
2020-08-16T02:50:26.734456650Z 464 z8RXAW71vsU7svAn9qa9xKXM0XukbB3VNgmEL70nv8n2aKsqDhOvKUZKGfxa
2020-08-16T02:50:26.755811153Z 465 2Niq092lTRs1tCI6TpI4yeGPEUuMBU0rBV59auwco5RBDDyHUEzBhS03yGOh
2020-08-16T02:50:26.777504806Z 466 wdVbxKVKDDUFU8XOc00ThERFdnb9ytbklvDL5rk1Btl7JrQkV8fCnCazZrJe
2020-08-16T02:50:26.798932660Z 467 96av4fmcZxdmaYecZRCe2LpGZKJw6ovh7acIBnPirnsWUOccKUmeDvhdcNXK
2020-08-16T02:50:26.820323770Z 468 ggzpwbiplbdB3E9h8YCsiojAMWPeDSNk6RDbKAJGldkPW0NnAXLCqFXJ4V29
2020-08-16T02:50:26.841169184Z 469 akEFik7C3Xprk8YG8wGo6r2Cn2YDHAZc3Qjfp1tmkTFjDY6KOOkX18KUQKsN
2020-08-16T02:50:26.863044088Z 470 9gVWm8XgCY5WsnPCoZ6ZyTzJHNXaJaPDEO8s3tGZg6bkxPG6QrMQMko1eXLN
2020-08-16T02:50:26.884708997Z 471 6ECugYLxmBnZlCmGgwf2xTxwnoI197tJ3Ftxo6urksAt453dBQrtsnbSuEMS
2020-08-16T02:50:26.906229797Z 472 MIum3hHv3NTN6pTGMW6knfloNdZf30qhxqGOga8dAgbIAoo7Qr3hhtEjCvno
2020-08-16T02:50:26.927182683Z 473 A9rbPHwUhr3HYywbbBZ6x2QjoPvoi3n164SMGqVh7U0ZbjM18tItUoubgXmU
2020-08-16T02:50:26.948886086Z 474 ejZSUfQOeUN0IqtamEkxBWoI7UhYuenHuTE24nSa8q22U7fK0xdAd15A3Qk0
2020-08-16T02:50:26.970113610Z 475 5tlBelgLMd78crfgI2tOmtxNel2SQeflipn5O3KTA89tQ1fYBFKrW3c1Yaub
2020-08-16T02:50:26.990917820Z 476 q1IDhXQdm2zqwF32sAXUw2HDwggQl3DG16FfabXbGGNBAgqRda253GyzZIlN
2020-08-16T02:50:27.012614811Z 477 Q5uHQMzF7Gx2xTZOfFQkVzjHVFSRw0SptZeyifAJL4bd9xvoz79HBjCUnN6z
2020-08-16T02:50:27.033749293Z 478 dUjKI6MiOgYv8Vcg4iEyiWKA8pVHkUH4mevamFzBpauSAV5rtpT2Y1DU4gsT
2020-08-16T02:50:27.055332754Z 479 UxUTpIGMd15CLIAzff01zX31po4HehjoWsREKhIO6Ow1hXg50IodjEkBUB5Q
2020-08-16T02:50:27.076034991Z 480 vNFJVzDK463UzCgCLQoi3h9a4GdoxobMTB5PHJfEcfXZYALnvnlC2QZ7J7ZT
2020-08-16T02:50:27.097176503Z 481 IUcBOgPA5vr2eFm4yuiQRFcpz6xzUdaOyZHbaKhFoJc0iwnOILvEvJedOHvz
2020-08-16T02:50:27.118995126Z 482 BuHLKg7l9jxvXoDYyhdlUyrgCxnMknwhCgmElVIw5G9eyF2FJr3cf0jkBIPf
2020-08-16T02:50:27.139984269Z 483 crbousW1JLw75v627AmagJg09stlQU0icFRtWizDyduNhoKPLuhtfPfBOkRJ
2020-08-16T02:50:27.161501689Z 484 pd9wTjzGCQQhCFblpZVpgj3orDUOMCC68TfFDUroukCheJ1zZ3msIFAPZ7v1
2020-08-16T02:50:27.182154392Z 485 QTVSbqWt4c8XnLc3rYDGQsQFAR0UgEeLv8T6LXJQnkkj2HGAAQUVRUrm33ZP
2020-08-16T02:50:27.203200034Z 486 gKt7S7160ZigwMXZDYt776rR1vVl3Zyyg5J1vjPuZ0s8VnwsWb4AoxUKUSNQ
2020-08-16T02:50:27.224486465Z 487 YIaDKBFfehB5l8GC4dDJBfpiPE8LMB6hM9dSIsbeyT1OUO0H1t01EiYYixtk
2020-08-16T02:50:27.245451589Z 488 vDov904p5EdbuWHtxbhavRwEAv7SZ8nApxQTwLtXxUHtZ1SYc2j7edBzzVUm
2020-08-16T02:50:27.265872911Z 489 DsHfIKQN1dJyRdNFmOcOzL6oDtN5JjBW8jkA50Bu4dcXgp9UL94VwXmu8KM3
2020-08-16T02:50:27.287698332Z 490 i5RxB0RUzF4JCGEjOePe7kC09fnqlDJIoEKBIw20V4uHFOY9WiroL2KFSCa4
2020-08-16T02:50:27.308312930Z 491 IIQ5FZhJHNonicsi69ZFNnhXJ1a7f2lLGoioRnPh8bFH56vEk84EdpK6oxfZ
2020-08-16T02:50:27.329854486Z 492 ttmeedB4YpLHtnIFGcZL1SjNBaVPyCB7y1jye5mVcM7dDCQxEe4r8p0uvaEp
2020-08-16T02:50:27.352089162Z 493 hFBPFdF7IqwM9KSe9AnEO8zooD4rBWwm22sfnqfeqkxRXY8mA07ChLp1kjN0
2020-08-16T02:50:27.374032661Z 494 hKCUgWP4nVRQj6uhVqc1OdXXKLjaNPz9SnP3dznAeUIt2YIjBm8R7kkNT25f
2020-08-16T02:50:27.395292356Z 495 2x0qKQCFwZS1hhcAuQgw4lGkpTIUZsuv3sNO6xJZb80QNjpQTfLHPv3sBO5M
2020-08-16T02:50:27.416835834Z 496 1eVMuGA24T7Hz7w7P6gcEytgpBjwt59jZx9e3sGyefGBGjSlEGsz5H0OeBuV
2020-08-16T02:50:27.438852253Z 497 aSInRGeaOFBaZP8G3h6ZfP1ArrPClLJwaBi607Ym4aIG2IUdkAjJVWMHacAw
2020-08-16T02:50:27.460107431Z 498 QVWmt8TpEFhIrGtQoIbg3jMwjXo1EFpK7HXBBIZV48CRtAUKSBvSMustQhcD
2020-08-16T02:50:27.481620898Z 499 vGtXdY06w0rGq76jpQZXFh7lIPdnCG9Zn1VGZGJsnCPxjNjtSxhXxsxeTYNA
2020-08-16T02:50:27.502411203Z 500 Siej1mbLJWeuiqGCObhF9p8dUXIl543AwY3deFNix8t8T5bualWhRKVFKBLF
2020-08-16T02:50:27.523330872Z 501 UkkBspn290jkbW4gT0MZrkaCl0lM9XLgGBuZe1IguW3ijjSP8MVJlM89DU8W
2020-08-16T02:50:27.544992093Z 502 j7HUL50Z1FROx5J6Rw7jjT05gec5D1CXm21XMYXfUAhPLkvgvuynahjfXmM1
2020-08-16T02:50:27.566988161Z 503 dTOerfLNxumCfzNtzel92uHWFFITdgPkbsWgvokxgy5jM9SxuBv5jAlcj6TG
2020-08-16T02:50:27.588253323Z 504 eIFjHFOb49OtZOaBuB2LwKczLbTe1IzWY4ziqxHFPScGLjZOEqRofwhH6NWE
2020-08-16T02:50:27.609875577Z 505 w4wzVSXkzHdzxcffhtE67HGHkkTWvtPt7wn534Rzv62oeoj0MxUquJr0UcmW
2020-08-16T02:50:27.631657311Z 506 jEzXSZ4rYLN8f74qVlBVIIri2wEwJz6rxBgqdgDF1iBy60X5uKuBlvmKFgTX
2020-08-16T02:50:27.652405162Z 507 rUygV8PbkadHODnO24dkUyt0dtWfEXehuyoLPwaXjB7jve1K80xlMAweiZ6F
2020-08-16T02:50:27.673184584Z 508 yq0RgVACuM0evC52Wbbl7a6Ig2mcjhaN2Nsjd8iOuV7Fd9WUfwfTT5NpmUeH
2020-08-16T02:50:27.694406018Z 509 KDNNI2p9ZWHr38kBtW4nFjIJcgFBFQutFRdz433FuVjOqRhrbuBUnHJzo76Q
2020-08-16T02:50:27.715110583Z 510 nL4tJ3Z1yEoCzlrkpVdcZMfIVa9LmRDNJ2OAbiNR0yEMVEtbODTGMEGPDqtT
2020-08-16T02:50:27.736925957Z 511 FE2plSosTRVAbuQpDQsyW2OGe4qXZgNzO0gW9TebeH8yADNKM7SPq4KNclOI
2020-08-16T02:50:27.759255802Z 512 YHQCym2oDJl9JhXwLjt0ADlCEnhtVT2bMJUpEFPPESN95ZTsGcrSmpFieC6s
2020-08-16T02:50:27.780892339Z 513 nLAv6yJITOZgUPhGPZtM6bIGDcKOVj3WKucSMugNqeAokBNppKZAukQWupdJ
2020-08-16T02:50:27.802642719Z 514 KNRAfzZIkNVvATNY2AS0edRobs8hzHW4pRIJbbJeJs2fmN41bKeRRkdmBBVr
2020-08-16T02:50:27.823055080Z 515 2iq3KNMon0ZVqfsQwP9MtHHWs9DPJ92VzYMmDCWMvRezLHT1VLCKN6u9DGVI
2020-08-16T02:50:27.844816714Z 516 1TcijfjEIjPrGQ9Ij339sXaSGJP9Au9PkMuBcYDlaYyCBfeaIdJzRESjGSXo
2020-08-16T02:50:27.866535950Z 517 tmUnROiwsHOH1yohSH8mi5saGwFxIon7dcFefAgCMjEiE0Ev2te1sYRBAJjB
2020-08-16T02:50:27.887260764Z 518 8XlvfKxtLe7qqAwy8voK9v69qjd89NZlIzHfxbFlzSZT6oJsYaNq9BT0D7ix
2020-08-16T02:50:27.908710156Z 519 sLPHbxlHGbMyU8047mb7O580p95XSQwOodXv0bilyLzrxJgn9csVnyyzgdgm
2020-08-16T02:50:27.930658934Z 520 3SB2u7T7jUs1MJD8nOwXxaFKVQrbYxHHyaDjWtIrCkh9QKX8CviQN39rBBjc
2020-08-16T02:50:27.951372376Z 521 ZOpwFaI1JjPjxjFRdefTp9RGETowX7fKsJHXdw2wU980DI8puoidjOz4aBMN
2020-08-16T02:50:27.973177073Z 522 XxxLyRXzkmj2YVAraEdq1uSlZNmoMDWGmQXNYYArDtIIcvATGm44hThu8pu1
2020-08-16T02:50:27.995094864Z 523 B6iy3MaXS7KBt83xZpjcnRQVy5VwnwpU3CvzVfhhaBTNetw63jkhY8VUpqBp
2020-08-16T02:50:28.016812608Z 524 zkOI7946auZF1uz1u9w5FRf2ho776qq10sOmbsh6cdHRYCY8pWOy8JqQTZrs
2020-08-16T02:50:28.038715533Z 525 cge8mzGKsVFo8wFioUabSCg6Yfj0zX7rhZUIuMsTbU2OU5gvJfWkONYyfwg1
2020-08-16T02:50:28.059707986Z 526 9QmeVhhj1D1YXb7J1N8IheRLs0Kc4TqvERZBD2rKxdAwdFjz3Ghybz40lgTL
2020-08-16T02:50:28.080389621Z 527 o1fsyHHQkiblVYEIErAnaSVRBy5hlgxXQTTMJk5IKECAKeCxq3bmZzU2Qgms
2020-08-16T02:50:28.101138539Z 528 RX2A4IDsvh6ueabUeVsIoOF3hNF9nffZ7jg6IThidjbVuBJfspz4Bp1buImw
2020-08-16T02:50:28.122388340Z 529 bNfE9KmpZCLk1TD8ftOMIieN5kS2oi9t4OrG6dqOp5mGlL17CuYMem1Kfkm3
2020-08-16T02:50:28.142976477Z 530 tM2aNoSodn32f2BR8664f0F6ievA0lZJhLtH4rUBbtGVgvCbJgXg8pSIKeK6
2020-08-16T02:50:28.164751183Z 531 L74hMgtq7J6kTxDq0Abq7iaWclBE3gPa0IKj8d1LaSJqFgXVddsqFxHdtEfG
2020-08-16T02:50:28.186538831Z 532 okuxn5S8OChfmhc0FkdJXt2HfSJA0GevrD1QjYFd5pgxoqLHXhhxy6vNhxhD
2020-08-16T02:50:28.208161907Z 533 n3jJGHEm6uYezujUfvUrGLOnbaeN6LeDknBmutWbBHMq4QuuMNhCtD9ukBCJ
2020-08-16T02:50:28.229934615Z 534 cJGLzT7zd5NAWiyzpwEJkFZjjNalLqVtrlR09pHLDh6N9u4DFezvxPZnBhT2
2020-08-16T02:50:28.251977493Z 535 N7kJ6mJprU37TGdExZSJrLlrzYXahu9sIx5mDx7nALjlXUpi3HCUGjfadJzr
2020-08-16T02:50:28.273614879Z 536 dGdrdXnJfNyMfPXJNNe12RVpRhONSd1QDRIfGplih0FdzseeHkujUbPI8KwV
2020-08-16T02:50:28.295229935Z 537 9oZj492doQCsuPTA1Hvugz6FOP4eYjNyLHMAccorVcjukJ0RX3NisavkKvYH
2020-08-16T02:50:28.316941611Z 538 P9LG2E5gufsHjOOZPe1NAbDq6twhJMxNMzs0VKvlo2eLJlrBYPZ5TUpTpsAF
2020-08-16T02:50:28.338999198Z 539 6pgyXG5yRRUh23MhDuVSG26qlQ9pyziFZe2D9H6zqJfY3qZc3RxJkbrvcU7U
2020-08-16T02:50:28.361150804Z 540 Idzd4lVh9IqDDJJ5piVWu4voITYwg2FyBQFwi1dXpYSXUx6DAKMbjckSkGSP
2020-08-16T02:50:28.383078927Z 541 1AxCQM3QZpc7oIWJvtN0D1NJwI209hoSqouTtzNEcYMcsSRuZVxPfG3xk4ET
2020-08-16T02:50:28.404495826Z 542 JGy6PwYCBLjwaFKUKMwnXRcfomflFaS8MCMKIjJ3QnXOYTGokEasrvzuhiff
2020-08-16T02:50:28.426103298Z 543 gPO77GyBXZ2CfLQDnTW50zVfcLZtZGn83FstogdVnWKA7Ao2NE0N1DNKEcQo
2020-08-16T02:50:28.448116349Z 544 4fH7NMTLeByx3qKJmdhJR8KRN1NT6ylfGsYj4VoSMwGwvVuYlMNenuvj3QBb
2020-08-16T02:50:28.469562767Z 545 A0bj0B6HJ3TNEy34L1B4vB0kP7gLBjNBxtjYYIiLd1HGDAhxN9SG3Vd8DIJa
2020-08-16T02:50:28.491630612Z 546 xFI0V8pMeX5IR6YYNaYMTvCURNRTrPxI6dL68dM2Wi9sYAMtK1S5r90Ym4yc
2020-08-16T02:50:28.512290524Z 547 v7hIHTcJ5YN7fzUrnJXUHcApk0YFNP4lSdZ06VpbqZErLg8WUDsOqNzG6R6y
2020-08-16T02:50:28.533555059Z 548 deBbg35QOR2mjvpSkEHltYvPGuYaVU0UFlyZr6fOhrXc7cRQY46RhZd44UdI
2020-08-16T02:50:28.554331670Z 549 kCx5MMy3XW2hbqosHPB2STioR6NrPLmmVGlO2AJdmldLRmyGivuNpIkQwczH
2020-08-16T02:50:28.575271506Z 550 liDjIKiQSs0eWtymtZh0ZbLooBxXZZPVFKhjXXO5LLu3yR3vIgp6ZV4CH8zt
2020-08-16T02:50:28.596992418Z 551 UziVHlBRh4dfMP3JAAmxVkWa0BcnOsHwvY9NZtrV7FPBXfl1TwItlCPoiEvC
2020-08-16T02:50:28.618071055Z 552 rEgxfyc3QVWwflnqef2EJQHZbc6QEsmqzDc7v9fpenv1GLyziMRDsoSyl26X
2020-08-16T02:50:28.639908077Z 553 kjRGNX2LNEsYRWr3H4sgdR9AejicqX3QckKN0lrI1rMn8GtGOnYIDy3yHWS9
2020-08-16T02:50:28.662196077Z 554 3zDPFfA819ozYe8fc72DsFhQwr6JPMniMl6zzvRTkbjkBcvaHizf9rDx7Cpi
2020-08-16T02:50:28.683671309Z 555 Uh7Wl28DBVDtYkVZ9GreEvg6S6E1U2sV4IxUvAkucQ2w9UUA5FISmFDrGhGa
2020-08-16T02:50:28.705456190Z 556 RrkahmnFFl7A3Sr9L340BxtgtVoEskVpb3PR0dhURF7VdUBGVzcArE9ImcmB
2020-08-16T02:50:28.726530539Z 557 AijVdjiuszOkiE3kqSv65caD8Eph11e349rSlN9UwmfpQbAq0vtEkl2Fenis
2020-08-16T02:50:28.747287414Z 558 PXOclRCXOTD0E5AgdehsWLQsxfUv9ml6vjenyu9qheMQYyalT7JaEGSQmdHa
2020-08-16T02:50:28.768116220Z 559 AM66qh2j3Z5LEBxPUsY7yjjM1ljeLtCXZycFZDwNCToZBvKTkNqiqVBM8WHp
2020-08-16T02:50:28.789172973Z 560 L3EcZQjQcGGouSFaLpoyqCRKpKCwMKRCaGYPZSpnXEpjYeitGkM0P4PgOSIP
2020-08-16T02:50:28.810841264Z 561 nEy9pnQsGJQ6TZ2KVrRik0gaoLanJn1OcDzuYJpmPpYYKdSZAJiy3XGrWMbJ
2020-08-16T02:50:28.832417342Z 562 r0qTMNWbPiI5xO1vHBBUM5BZupZBSpKxDX5vQZrzvkeEMgqnIGfIx0ZtIrg3
2020-08-16T02:50:28.852955991Z 563 80UoY1wZhJncuabIIhWbvPyxvNrI8rhLK4Oj10gFZg5RtX3edR98sZKkfMzU
2020-08-16T02:50:28.874713643Z 564 F3nWhSFrZmtKRxUM5OEMCeJQ5Kaps7uNEIateUQRglS73pRGZnJdOk8gFQzv
2020-08-16T02:50:28.896373473Z 565 ZuZ6fvcrsknl2EWDJJzzv8jH85o42bnGykCsJirA6mgsKp6iaMJl99NGsQVg
2020-08-16T02:50:28.917412972Z 566 bt8E6Du1ZKjqRam33EXjV6Xh5tT3FlAdRT3BX2rqAyvA26x941qGFOsVdFsy
2020-08-16T02:50:28.938158441Z 567 ChJ8ALMhvZRycWPYq5ixXMxfvdECyQDSTpqzSKnbzXimkOSLVWV7dUMtetxn
2020-08-16T02:50:28.960115603Z 568 0P9fzmQYc4fh6JZKw7sUbbT8kQjp3QjpDeeCxe3HOCDqZJHwi1sJ9Xcdw1p8
2020-08-16T02:50:28.981703724Z 569 Eb2BSsPtBqxOpxcMcnB2kiRBsASVJilQnHKHieUF2xrLa3RljI27rGU2YP6m
2020-08-16T02:50:29.002283677Z 570 z8KDsjjopQcgASpy4PnChCzxGzP1ZmlTocidxrAOraBebuba9TqsYFmCPjaV
2020-08-16T02:50:29.023505002Z 571 TLXPoIqJovsUiURZLRwtxNSw6lfBDM7TunTCnX1o3H1zjGo0TZOWrbwU1qal
2020-08-16T02:50:29.044956279Z 572 jq3XrB9DoDUF43TnjuQvmWyVYVnBy5Xxi8PvVYo0ZdUdDoQ68jrlvMJQQug5
2020-08-16T02:50:29.066366952Z 573 QuEIQUqFOOYQO34TQdemPWtf5m2yDSih2WFW3CadlIt7Y45xqtSXJKRaLdwa
2020-08-16T02:50:29.087024297Z 574 HQZnDXxyVv92Rq7UPXjBn25T0r9kCINtra5En507jjLEMqbu22Rnz7XFW4u6
2020-08-16T02:50:29.108756168Z 575 lrlX4AtohsZqSVD3WnqxyftdlpBdVnNNQrZqBnwMRhH5seWBNRkaVyWjklQF
2020-08-16T02:50:29.130183593Z 576 bmsW6tm9wj9YxTC2UtLARYQA1poLH0SlpCVaWcNv3xBahv5PksUQSKXKFmAy
2020-08-16T02:50:29.151308552Z 577 pcu4e1qOpS4HO1YBqrJd6rG5LmIKSiXfQuZd0iMqPu2vBoNx4qeNnfd3LWDQ
2020-08-16T02:50:29.172323152Z 578 Mx34xQTMk0mZ49xJ2JKhFm9nnA49FnvSex9rZhtznNbMPyvflkfGrHpVYgB3
2020-08-16T02:50:29.193711060Z 579 x3uJG4lhVIuyVrYPNJzsV1lMMMnDjLJa27WJcIadFbJ1jMekUSM6KawQTYUS
2020-08-16T02:50:29.215428420Z 580 nGHTOgMlOaFjBLnEa0nF6aDtjMFdUlSB8pd8EsdFEnWhOGpfZfApMUeJJ7W3
2020-08-16T02:50:29.236108874Z 581 FvPSqFVfrSCx4QiEsqQCykViOscyrqUjKTe8AOreM9aNB1ySKqoPLBrPW3YR
2020-08-16T02:50:29.257914767Z 582 ilOcKZxrpDcEh1Om6Q9nEbRoWqGT3Mtd1Tz6SjLv45xW3POb0MYdVVDTI5ID
2020-08-16T02:50:29.279882442Z 583 HN4kdS1pWHDzYQpU3cw7bm5RalMeVd5ouTHgD0u42Jlhep3J3RMmEQ3UWxpM
2020-08-16T02:50:29.300785173Z 584 qdsZNKlnRB6whUS61YXLce78GIHSZ7vHxqPSvQXLf5kCaT0nSZvbVtc6yYnh
2020-08-16T02:50:29.322459634Z 585 g9r3ue4VFmW4WHjQ0GURfAcX87mI05LmogtcalQNuiHpf1mJtNjazWyaGFWv
2020-08-16T02:50:29.343861083Z 586 TRULjsx7AuxzsuaGC20bEH0lqf5HLbGjCl7Jo1rmhDr1E7JHYhxOiqnq9MfP
2020-08-16T02:50:29.366091303Z 587 rZqnn3YUSSwYzOW1cRiR7FVfa6vl61rgq9wNLvY3byxMolQenootGljl01Ji
2020-08-16T02:50:29.388157167Z 588 5uJzWlDeyyqLB1eyZL6xtEfzXqaqw09JoF9Chs50MLurjkUvQ1oqmPsJ8q0x
2020-08-16T02:50:29.409161284Z 589 SvI9NmI0Ep37YmNvQ8onzoIJeHTXJ8MYLyAXpRFrczOjea1NxQIhT0H9j92r
2020-08-16T02:50:29.430737366Z 590 93QlkOvgMfkc50mPLHE8kbPQ5N6PrlVbQxTF8CzjZbQBD1odXaEtP07suTCH
2020-08-16T02:50:29.452442415Z 591 Ybx0CBNexZkQR4IzVns6X7QQq8CM800XveVfWdS9T6iiLGC3joA0rh8gVZau
2020-08-16T02:50:29.473347162Z 592 39Xa7O822iz42XgBVz3rigmK6MuhZHl5ofjrzRKhF1dxy4bhnkwslCrIRTY4
2020-08-16T02:50:29.493777248Z 593 RYvxN2oqQQGi8o4I8Aj56t8mOyt6oD6tWYdeR67WE8RqRBHdHAZURDnk01MO
2020-08-16T02:50:29.515075479Z 594 79rHDEGSpwRIhm2lBzDQxNRbiKTbWov00cwyQHHBPTpwgKjTPsG7YiAlV0io
2020-08-16T02:50:29.536619566Z 595 87apDOo83lhNjpSbv0dDPfGHbeAdeICvQ1WkrrfouTZ5zm1HEgPlRr5ywAJH
2020-08-16T02:50:29.557930300Z 596 sCPVp6ZlSK9Eosf5MKT0B2c54GhP4YycFu1H5eWuFBkwHMruggwQT6qS5zHs
2020-08-16T02:50:29.579762865Z 597 mDMQml2209J8hF8wjxpgAwKpivj4eYKyfcPR06XzXAXOifqY2LI3S9YYhjML
2020-08-16T02:50:29.601809260Z 598 ff7c38DLfDmIpQ6ME2zfQBMUPHUjYbmz8dOzwBbRFsbYgH4mhV7BYOvIs48B
2020-08-16T02:50:29.623648419Z 599 HKNld9EXLtYrXjS0GGxdrdt7saIzsO02WZkPaqIg9W9Ef2fy2S1eTGOtDjME
2020-08-16T02:50:29.644169047Z 600 BEvjv70NWCrf2GqiGn0t0orsbWMEP9p6HToPQKUQAnLhxE3fgyBnn7uRHVYo
2020-08-16T02:50:29.664959001Z 601 xLVqLefFa6ZxHn3H4Ze0ExIlYOb8BY8quNEPuSbnOMHASf9l5sScEsy4Ttgw
2020-08-16T02:50:29.686252651Z 602 t2CNdOxCBe83Rv8PQtXBJ4QIFG1bvmaCv1jhsYvlf75uefJ8Pz8nLYcYWAGR
2020-08-16T02:50:29.708041453Z 603 ZafUS5pOQaLzO08w4YIDvKxPfWB0Pc5Eg22rFCzliOynAEvf2TsvGUGb1Wig
2020-08-16T02:50:29.730022135Z 604 yVbgIBXYmezrX3R37fqK1ElNRTCwG172XJG3820UMgxcDvhCVDHRwbCDwGyj
2020-08-16T02:50:29.751584099Z 605 ZYB9RBPrb4kQWtwfe6PRUUvq8exQzVxtZv8E316IviwQd9IyXSWKugfGv2yJ
2020-08-16T02:50:29.772224919Z 606 vzik0Z4J4SEre7hvrSZWwir7uMtM0zqGl8Jcb0YVtr8v2sqFX83us6jbx6MJ
2020-08-16T02:50:29.793164768Z 607 a95rjSI75yUOwrqu5lkaJ6yK3P8odhNf7Ec1DGXSU8mTbX6s9jgdsnCIm3XN
2020-08-16T02:50:29.814558748Z 608 WlevR6lIGaW2PbwEuPCoydVWhZ5Y42X1T9Odq2Lv3Al5bNpAQEenDyQtIZia
2020-08-16T02:50:29.834951804Z 609 lZJgxWSRW85NTRQ5XHv1Tt2sJNCe4YTnqm7zqsRvOZB2ebwheOPvMFxTc1us
2020-08-16T02:50:29.856970983Z 610 Lrbrp3h17I9AJ9w14ehgRGosmkpVRxJGCaojPQuVqskb9Lk6OjwKWaVzJ0d7
2020-08-16T02:50:29.878642240Z 611 nrdQEUzBb9BOtcRBzviT6cR3e2YEfxd7894Dfc9lQw3EZtLecyCN2BOAUmBE
2020-08-16T02:50:29.899662624Z 612 XdOfmUoK9ODfaDDADwcpnTVE3AFzWYmgBgBgOFOnKzhXqnITfSDlQ8qkTiJk
2020-08-16T02:50:29.920446140Z 613 WpkYY66kMYCWxCz9gsaCkMaNgPgBituQe4dUNflVGZQdlB9BH2YTO1oXi3bi
2020-08-16T02:50:29.941165278Z 614 P2jFkk9UjizRmqQAm2u2eQeYFE2xX5hhYmXwQqVLZBnso6QIxYvduao6gBSb
2020-08-16T02:50:29.963053926Z 615 h3a04alUvQfEj9G1a0gbfVpbNliQ7Tkr2KMF8Dcpowm8x0nGau25T9pIUdOP
2020-08-16T02:50:29.984732268Z 616 2HRg9EXvcV9zseRmdT9v3FUPlBCjAcM6Ah1jreyDID1Rr7enPWlm8qimjMmf
2020-08-16T02:50:30.006761410Z 617 5jDG8J84PFk3jtMvje3Yn4UKehz4Y7cmuySJXMyM92TZElUdj8EaXwNP5EwH
2020-08-16T02:50:30.028884019Z 618 CgzyI9FzXnRmDkG5QxMnqKuOziGwE5XxH8DZJ8D0c7ngObyZPH7Mvv3vHhud
2020-08-16T02:50:30.050384075Z 619 B425wdKsDJL88oKWcfWz361WhgfqCf2Bv4eAznUdfYN1Ze83SMJUljxowJQR
2020-08-16T02:50:30.071507654Z 620 pVsVacn5XZHdlwFZMj6wDjyIzoHwLdTTpeU77Gz9Uj3eHJSsyNWwWHHZguU5
2020-08-16T02:50:30.092277891Z 621 VAxXVGU1N2QV5TLZ9tPaiojtAxnTmrEpzp5NmO0x4VjfMZvWrftffUSfjKGs
2020-08-16T02:50:30.113175656Z 622 z8peY76ewyiGn3SO7cjL95hDBhhJWboZmOhq5fGYwTI7PuEoJkxYaemJ5xRm
2020-08-16T02:50:30.134531035Z 623 0p7VoZhrpc52YYwlQin0fcBs3lxvuazao1OcwFfVyfYWgRl1Gdv3noz9lgpg
2020-08-16T02:50:30.155274091Z 624 0jWWpKA2lcNlzdC1s0Mq6YKqPD4KG6Z4c0dxBChw910iiMacdDXHgnJ88vm4
2020-08-16T02:50:30.176643603Z 625 S9q4EoZRjHFFX68SIgA4qKFxGrZhu33S7tyL2YweqDWQqAF5J4SyUVzxQw7n
2020-08-16T02:50:30.196816127Z 626 A7T4XdU1bO19MBNoD1TA962uoN4hTUsCwXlKZ1nUD1zeN83Y1NcFxCDKZAtQ
2020-08-16T02:50:30.218886736Z 627 tF7nYYHf6EDlf3YcgQAJuPdBkCpEn1pHIeDj6kH5jszbVgCnDWxx7iAtNiEU
2020-08-16T02:50:30.239975675Z 628 XZiotuRoH5RHKpxrEfaee8c4FwzvKKNCuQz5nqOpB1irg22sqITxAtWC1it7
2020-08-16T02:50:30.261556957Z 629 uZFwQ1C2lChvIjjezR3cE4cZKccEdYQ0ZhFfpJEfQ4KZiW2knRpyEUM0ZbtG
2020-08-16T02:50:30.282193986Z 630 OQg43LXm9OQdONw83EtwNHd6EVPOdZUlR8b6AVrBlpXuSWfbbMQySJqiKL7i
2020-08-16T02:50:30.303187741Z 631 GIsmlDnuwrTmTV2zhCAzf9u8kTEhRNHos7GYJFn7LObuXoA8P7gcEBnsKjL8
2020-08-16T02:50:30.324773018Z 632 O5wQKWKHg97Bk6pTrR0VqaU4GOxJrHvuu1C3n8D3ZBiWm2RoKP81IApYvO3f
2020-08-16T02:50:30.346492532Z 633 gLzQbbBM81SdZGgsdGCuzqTaCrQhKtOmaNKLTxrxGMgFnbF2MV7uKW4zDxZm
2020-08-16T02:50:30.367543589Z 634 bkTr9e4IXyit28c2AJQlUe0N1cqaSxlDKKoscOdKpU6rDzxuQX5j8QvG1q6A
2020-08-16T02:50:30.388237549Z 635 MAidgHbw3P40z886Myd3mqqiErDCHiUW4GH0sdxRppBcPZR1LzRWxqZ23V5B
2020-08-16T02:50:30.409688767Z 636 yboZgQLPLmiKMExbSAa0Ggc9s5Bvg5WExeHq3l2UVVmZugFU2n19Ls9iPFZt
2020-08-16T02:50:30.431551537Z 637 yxWFJNxF8xlYOlJXgL836pRZLh3PoTNI4AgxpnWSgcw0E31uyY40na1xNIn5
2020-08-16T02:50:30.452781148Z 638 hlcgcwX14YLsDibJ6RfnbJT1AgsHaraKh1r9wzWmbbvTtGFbCwb49GGgnyfJ
2020-08-16T02:50:30.474303388Z 639 BSMFq2TOFL0xFuLOsWEx1izGbgKtfBWORnQLw4UzowT0Wl67skvlCvx0L4Zb
2020-08-16T02:50:30.494875485Z 640 q5ayzF5cS0qj0EIfwDvuE0uKtO3LshMfkl9WADbuKsAElQ5EVdPHRVUKS71x
2020-08-16T02:50:30.516658870Z 641 q0RSdgZFPKhVZRnChVXJYpGP5eGG85y0JA5qCDiVeGWVZ34Zfx0ocI0Pv7lX
2020-08-16T02:50:30.538264343Z 642 McCTsTUbyG8CU9Kc0xdT2eWgxI0Wu8U6R7fUdPVjmt1LXYUEeb6PXifpSTML
2020-08-16T02:50:30.558783060Z 643 tWT1GLbUqo7Wbj8EtfJz4wNLGz60AINFSOveQcgQRhNgfZgCUQoo1YnKxjsM
2020-08-16T02:50:30.580706864Z 644 Kh901itKKiJETWY44htwtPZ63RFP3CodTrn5uStMhWLEw2NkRtlH9R6IpSnw
2020-08-16T02:50:30.602176569Z 645 h9LGUKvAoE9LXDqCsckjQmBLfekrntLC9I4BY5AexEdOXijhO6R7pZW7y6em
2020-08-16T02:50:30.623907538Z 646 QtvR4hcAi7ZAIfTGuNI4xn66zm7JxlDn2MIKtmITp0PdW1tQ2exN3JeW2F43
2020-08-16T02:50:30.645250621Z 647 o4ABlZJGioVxtT4gcEIIAxJJHw2NoisWbV762xQHfJePIhx145TWdSDKEC0P
2020-08-16T02:50:30.666700606Z 648 cSixOV5BJsqLUWED1myBNFXIZUKFfo0LUHpGWK2VW1mooytp6qN2lxQ7gdx2
2020-08-16T02:50:30.688335097Z 649 YNC03RwSQKV0FWinJkyGl71TjjPpY0GeQc1ulpuCIF8Xbjt2sO1bi6COOC7M
2020-08-16T02:50:30.708821616Z 650 XpxWj8hvpJxLMZ2wx0uxlLpWbC6AFrcJipa39Ogkv8pV1DiEkpJdW1zwT5FF
2020-08-16T02:50:30.730282276Z 651 0k9LkyNBRwamzc7bQq1SvfiHXCaKVy7kKNHSdK201q6PiHfViRYKdKiAJItn
2020-08-16T02:50:30.751216443Z 652 WwWPyZqBFI2a8NmSxnbZksYgdnJ2ZaCp4ej2xEUGpJQPi671jpmpPQE7NeYy
2020-08-16T02:50:30.772711236Z 653 u36B97trs2RPrZb0wKrSJNkqzOUy0PhLjL3LpXTFMg6ua1jmq26M4tQaLElI
2020-08-16T02:50:30.794406539Z 654 6djHqv0NPLOJbpCtWW4CK13Jbb9RvsiHJycCUYuMj3qJvdJ6cneprPNMk6zR
2020-08-16T02:50:30.815197584Z 655 IgtoGtYuEYeH0qvVPYVQ6toyntcwlSqbqY4EA20fsViUIPpY26ZcdyJN2Ejf
2020-08-16T02:50:30.837308400Z 656 Da1t2OLJ28QqMgUYNjIndZRGaXT3QZPoHjadU8kp6uNhvvNSOvo2WtiNpIUG
2020-08-16T02:50:30.858721251Z 657 6AuUbxQ5DPTKwPRUT8vrQt2XxCYZ47Dpb6VafTP4dx2ckj6P3xpKdweACzp5
2020-08-16T02:50:30.880562469Z 658 fUrsyD3VYNiCdGOBxFwhj8W2SJ2vDB9vk0Z2fQw31RNZySEZtXvETaFvjAPC
2020-08-16T02:50:30.900982473Z 659 rmLeQz3X7SySyVMwzVOy0q9wJt8PWJ3mjTx8u04JUDPohWgLZJgZPnDdIIud
2020-08-16T02:50:30.922190605Z 660 dKcaBULNWcVo20juRVToq0kvuPpev7Fxt6mmwv3sg3eT5E7LN88PQrEFqT28
2020-08-16T02:50:30.943025963Z 661 DfbTDM34ZDCgZBYz1KLtkfHCmCaWzroyfYYkbyvmvnwQKOu5BvwAg91EXuJ0
2020-08-16T02:50:30.964697917Z 662 OOTFUyYb3PUzttao69G2NYubQBniB8zt0x83dmrtNkBmMaMGBzRc9F3s0emL
2020-08-16T02:50:30.985521329Z 663 v3ElIfdBIqWtxCsI00EXtyoyluNKf7ywR9KVxkWn6ACm6UcGQcmC3g69EyFh
2020-08-16T02:50:31.006557543Z 664 baeOKld9Qh5vN7B2eilOvwa7BZWmFsrCbSZISGyrf1vqGKa7YylbexfbI8UQ
2020-08-16T02:50:31.027226759Z 665 ff95zfk5JmZbNpayemvLXJWuw0QCaVBTgVMf402OSPZBqy7ZSQDhus91JB8l
2020-08-16T02:50:31.048658272Z 666 TGQWUyNKwxTjJqjqPwjxUTpkXAtVaBLZzwuY70zSBhJGzElenE84rdT5qeaE
2020-08-16T02:50:31.070573565Z 667 I6zrJFR5eL1y3xct8CyN8qAtp10CobBVFL7BbyXnKyRqfSTlSREryOQbthfx
2020-08-16T02:50:31.091025298Z 668 73wROjpJH4LIdJVzC4HHTednOPgaszJ3sT1jA6Y31xN37ZowemAm5IO4lpDh
2020-08-16T02:50:31.112279349Z 669 KPmnyto9ATpj9C31qPnPBF6f2LVO8SO11H4k0bpBrv2tUb1Ox716JvzUW6gG
2020-08-16T02:50:31.132873752Z 670 D6FAa8u5j9IlYkWRQ8i144QldzJPURm57pz0jSg2XQREYLsseqghYeFg6feg
2020-08-16T02:50:31.154571196Z 671 jRscM1LEBuK4zHZH0BZHAxjOQcOnliez3prmv0tKHDRtCjQZBxd6CUEfxPc5
2020-08-16T02:50:31.175431265Z 672 hatcXgUSaOFTNpVL6VKeSjqQPMuyIVFo7IedsmshIXMpVtxZPk6QkPwmNt8N
2020-08-16T02:50:31.195835132Z 673 XbIHjazHY6KxtTam74HCMZUIp6IkBqnHTeWyeFd88refYHsmwn1jsAEEvSM2
2020-08-16T02:50:31.217375891Z 674 N1bRPAvcgm8nVD6B30NmpJltVyStY2cyOkpUgtH53qXIfl6TlKQRKSVHOOUy
2020-08-16T02:50:31.238171013Z 675 AbNBm0FPe2dzwbVFnlDLQXR4pUjUEXmNoWDxxFLDQAZpfNjBGm4FgiZAWZbM
2020-08-16T02:50:31.259917533Z 676 phpShyr9I2yFYICbD2qPe0Y0jnkvWgvEyGg3TYh3l7BRUtrJtl6raBnLJrtP
2020-08-16T02:50:31.281640542Z 677 wv2l0leB0hYlef35wsfIpL3T77P5xn3VPnCAHTIwCSLxImeYgVXtFbqh12pj
2020-08-16T02:50:31.302622429Z 678 U0Zujsty3fzoEzZD45SzdLXn0bFYMG0N0maQXE8VmAXU37zrbihRLGZbbqTh
2020-08-16T02:50:31.323091021Z 679 jXbYxAGQiwA6vxfHJzirsPpw3xKaZSBdcj59eSgOYXVcvyyCFO0T2qfWkldU
2020-08-16T02:50:31.344513236Z 680 j7keHfB4rx0CtyGpHQiHwSFRGyhHDBbNX5tyKWOI91TQY5J0WDdGPbqVSImc
2020-08-16T02:50:31.366891713Z 681 N0MOT3J9rNr2atRtdpse7iegt5WS4u2OmrVmaty5XFf7ffCKQEl5stVQskIo
2020-08-16T02:50:31.388554982Z 682 5YXfGCZPd9OqftXPDHGkqhoutRLGsXGkCULX4gVHSgBKNAnOE7ORu5HbnQYH
2020-08-16T02:50:31.409803001Z 683 5YrAUdUMFxPalJII3Vrza14xGN8WuqcSObOD9rbSZR4NXVLLZHk6VqoH5nE5
2020-08-16T02:50:31.430405236Z 684 Lnimv9lauZheolaWKjOKUt5ah1N9UNKYJf6JocCzKx8kZkPNhseN8FaHuNtH
2020-08-16T02:50:31.451112484Z 685 G2Wws4JLv5Y9CssAC6BJpfHapZMK1YKhsgOjGJI8xKTvnpukR2Gt0yU9uhpw
2020-08-16T02:50:31.472816262Z 686 ZLy6Qnnl5NlRP8kL3QaluvYKPc1m4rmr43nGLusI9HGGU1Ppn5tZNkMjF2uB
2020-08-16T02:50:31.494235428Z 687 ajw4cJAlMqCY96zesXrg34Bs06YfQfKlC2dWWavRPHm4ZZ3UVNNwhwO3C2Sz
2020-08-16T02:50:31.515802463Z 688 GjiBljCBndJ6aYuPMwHvlYYXqFXCEHdirb3JI4wPt7aEUWv1Qcj5BzLNWuZs
2020-08-16T02:50:31.537271279Z 689 nT9BRBLaXfHHSlwVynyCbYiZNtgkKOOjGVz0btonAVww2xYUmnKOqeotNCK5
2020-08-16T02:50:31.558709734Z 690 DlNtYTWZQecwSRA3Q30Cm2kR5EIhrUAjmduaWTmrYTrIHNVKC816Kjcicaeg
2020-08-16T02:50:31.580676808Z 691 yXxUfhqCSlSAMFMczpjJjwycaY450D6roOldn4UOlwhLF7y5lMmzBi2FlOrr
2020-08-16T02:50:31.603012704Z 692 oqd5xj23pUf7l0oQtoaDYq47M0x9exgp0KUoIEP7id2DnQRCKkO7UGaptOdK
2020-08-16T02:50:31.624881144Z 693 UZWR7fimSURvdJjilzD2im14zbBbpNgqWgLm6GI7Z6R6mITcqTi8ZhsZg5in
2020-08-16T02:50:31.646647681Z 694 GUdu4j186kCQNStFLU0oNHigGbz0yU9wAEZh7iTk4venicn7GHl6EeEPCygx
2020-08-16T02:50:31.667838344Z 695 73tFHurymj7kXn0FQwPhH6LKrVbxGl4UjFE2L1eZSzl9OASMBxGOxP7k62J7
2020-08-16T02:50:31.689625510Z 696 WgxXiQ579YH6Cgifp2Am4PYsVxEXQfBrZOFYSJ1MdRaylLrW6VRdUDn2Qm48
2020-08-16T02:50:31.710391236Z 697 s44USzTZD4wUtGA8vEXDHG04AzipANll78pGH7ySql1NORj9XmWaEPBTpQAW
2020-08-16T02:50:31.731036758Z 698 5jACG6yRZVuYXkKyPBwVgSQipAZ2Q2XXNpy9vdBgZrcVTnUbTRySLrEE2RIG
2020-08-16T02:50:31.752784152Z 699 emsgDfGKqMkh5ZPBg3NOWYSq7dK8X0z0emuDdGVDgLcnoFYgP124J5ltE9BE
2020-08-16T02:50:31.774373903Z 700 kWgxB5UY1E4D9uiEd969FW06y2Hde6B2FSSPMx4mtVgTS1ACxS7FwqCz2F3t
2020-08-16T02:50:31.795015807Z 701 qPeXDXUZrjdZCDfuTn5FkeWnwG6Xb5YDf07Cyt2RcQXPenzD3BIH2kyR8PLH
2020-08-16T02:50:31.816641595Z 702 qV0RwwQcdmGFLQcGC1vK2Sqb07yfYsMUtWXfkXMk0IK2aTeBjSeR1J5g5njJ
2020-08-16T02:50:31.839205796Z 703 CKSSJwu9ysvUegAXbyPSkeYtplnAfOjFmnm5JH1yuwJrTFpneFUiekmBVmG0
2020-08-16T02:50:31.860918299Z 704 tQFGQladKFbMbmFxtiUgVaAbmZW7YIEKgvdJqxWomqfaxtoCdIdH8a6MYfip
2020-08-16T02:50:31.882591948Z 705 C9yi1QOMKbKJHcYkSUJ6l2Ri7mU1MksJg9ETaxLSSHURW2X5SU3KOxlxZ4SU
2020-08-16T02:50:31.903573702Z 706 uoIdPEbYAK067TDzI7ieKVP0DI7DZT1EAfzX3BlfEMrTsKbNYnp1O5HYAmH2
2020-08-16T02:50:31.924038614Z 707 mpZK7z49iFqDsCHf1uTJz5ZNweSNc6m7jt14fEzsf4vSVkbTOURYsE9xDC4h
2020-08-16T02:50:31.945616364Z 708 6xAQjQQ3mdwfA3EKaUGUhTLziYK3I3KTqtIb5AYdHQ59ash2ZlOn2WrTN74h
2020-08-16T02:50:31.966787093Z 709 ogBc5G2LR8xAcDSsN2jP0H56GqzIkQVt4dt3M4szNlyN1jWWncqOBkTpok2h
2020-08-16T02:50:31.988280466Z 710 JybzAbxi0x2amRDHB8PBbIEpjdg9KaFgto07Z8Qyf6JjmbrdhyMZvxMrAuEc
2020-08-16T02:50:32.009716386Z 711 6oIXPtvdAvKd7cNShGdJxardWsj75Yy56DEI1GEDmU3NWQk9T39Xk5IzMSOk
2020-08-16T02:50:32.031389328Z 712 MyZVw8cii8G9ZyuwmvmM1q9ytXl9lrHvL1hk7whcmXKFYfUOQqBB8o4vLItL
2020-08-16T02:50:32.052208413Z 713 TSimIlrJtc5G5HJ6LoOMhG5UYZpMrB51iscLSpTcAM8eKBDI6MJSl8dkVgNS
2020-08-16T02:50:32.073653168Z 714 t8CLg1IjWboNjeL0oaRFOlkALEKRnAgW7E9vHwek8YNmeWWmORzeQokAmk1g
2020-08-16T02:50:32.095269233Z 715 4AB67PNoGyfc8G0RYuE4hQoui1c3At9IuwD62HWyhu5baVb5fmAYYIBFiF7m
2020-08-16T02:50:32.117065390Z 716 jgenM8SAQ03ll79MaCK2AYEhWUDcN21zb0CHQp5AjemUeYjsOZuWjEs3uloa
2020-08-16T02:50:32.138533128Z 717 kvDT71QqdMZG9UxFrTQw7IGG0Z6kiCp246kC0yetwB3f42sPavdQb6Ufu4Un
2020-08-16T02:50:32.160790088Z 718 3HPnmaMA1GLk6fx0gnsRgYINd17mcCJKpMxphBnpxUOseymhDzuVjmISHDTh
2020-08-16T02:50:32.182952698Z 719 huxMkouKSmFyA4sz6s0jXvcLWRxYUhjkkqxzHHjhfoA7uBmycrLMVGSd0jBO
2020-08-16T02:50:32.204516722Z 720 qmDXwgODCilP866WDGVfsRCsCwct01Xy4k21b8u7TCIXxKZz0xdBniAUJfL8
2020-08-16T02:50:32.225348474Z 721 h9ypvgr9PtCnS0qjx6BNsp0a8k7syE7PDvIrPAZlkJC7tvC9TScLWn8plBwe
2020-08-16T02:50:32.246945885Z 722 VrbA3X2W3txf4SXjskrpjNTo3cdDtP2Ggc9tlIsYacSkB236jknmUeoxdWyy
2020-08-16T02:50:32.268492343Z 723 91D9XLk5zXqH5QW1N3W7uLNNLiqhddACDYnDuXUccZgeCTe5DszQweZE7Kza
2020-08-16T02:50:32.289237335Z 724 toUmq64PuriiVi3lYOhVlYc3G5VOJhP3uNSN9rIHLAvVN5f4XphltJI7pwxY
2020-08-16T02:50:32.310268126Z 725 ni8H8NeerD1LYCp53Sn4ukiMZ6VVVMl3w0fahUJuMe5l53Xcq6triT0Fk849
2020-08-16T02:50:32.331716971Z 726 Plo1TIPGXFAstVhGx4mNm7I5tsF27DDFIm0YmiOJAyahNTJ4yUE5dgCjOwIR
2020-08-16T02:50:32.353833749Z 727 EgpEx9eKa7YIO81XMgjVaoQqYqWkDR2xAQVqevEE1SXU5AuHmYBa55gd7etn
2020-08-16T02:50:32.375695366Z 728 LeBkYLuJr9etfibghIpvUPZrcXjmxm8EVX8htGkAfOt7w1kpiKG0v4i0tnEa
2020-08-16T02:50:32.396343149Z 729 GKkpRfYKYWcBAqj4kVuFxMR5je94R069BuGi37vsDfpjyyfymhLTUnswgLo9
2020-08-16T02:50:32.416969485Z 730 WLzHaw94uOG5L2cUaOiTkgh0hesc1UN0HFBAdRtoyXeUURmzX5NzaVR8B4b4
2020-08-16T02:50:32.438229337Z 731 Xnv0sjGTLakwNrT67JunAmvC957SOdJ9v6alReSwUofeBp41O5ivbfvfGIj3
2020-08-16T02:50:32.459857408Z 732 iVqwv2XhO8Rh80OEaf2kGWk9tcHAUUtZ6cBNTAYj5Eoyn0iUYVdPB5rDryBy
2020-08-16T02:50:32.481562215Z 733 rRZrIIo88nA4R1bmQUTrDmVGt3wnfX4G790uvcebDHMtOxATUMRo3xzV10eQ
2020-08-16T02:50:32.502440685Z 734 LFsmf2GUwkyKuxvsWM9GO2Y3CUHoBVqSzsjns1z8cYnXY4YiXtwPYaQuFULY
2020-08-16T02:50:32.524170288Z 735 5B9qHQv7NGBSJPkEtVzBSWTTEkPLl8BOK2dc3JlSSSFsIXdlUHP98oLKkbL0
2020-08-16T02:50:32.546159744Z 736 RQbayl6ApIxqRZqRIqPfREPRlApkJVrnwSBV15PKh6HEjBeUWtbfftrzUuQz
2020-08-16T02:50:32.567072091Z 737 fTGa9UClb7axtaXe79AgFMLFKpyxkXqS5aiNiVtfwe0Ew7xp547hWnU5SLlt
2020-08-16T02:50:32.588807262Z 738 FplxFN2EfSoSv8ABZc8Csso4bYliX1utULeXA1uwqnRwi9uxt8EvT0KT45ZE
2020-08-16T02:50:32.610754628Z 739 nKdmqcQXyF1TUVgk5zyW6uFNg3kWMXZOq1LQR26J3cEhVR3nABMEcuU92CBH
2020-08-16T02:50:32.632281160Z 740 btmC44h3k1xn2UPTDc90itQfx3DJi45PV7nEXNBLOMBMUQkhZNERUYUJbWoQ
2020-08-16T02:50:32.653349789Z 741 sNvbIqGinKkgDbcmm73mqRByV74XjbOGYA37YMSrgf8slemxIBMK2dXe3iAB
2020-08-16T02:50:32.674399815Z 742 vhSoZXBRKr8nNryE21FqkuXAelxD1uc3cZmg0Vk7oGC18M0EePxJGVMV7WvL
2020-08-16T02:50:32.694917014Z 743 2klkGdvXNBjMkWeskl9c0wNyV6NRufye5z8qBGbigOVrJnzOWsRwisIBI2fO
2020-08-16T02:50:32.716131390Z 744 41HRCcJgoZvgrRAOGuuxEUSu3LQlXHJktF8ckuJRebyB8bi3rpnHur6KpRMO
2020-08-16T02:50:32.738027527Z 745 HXYHBVu9KUaPo7BwVxWCTYjvt1pynBQuxuC2vY91CHj1pRZ8Q8pNE5hmLEsH
2020-08-16T02:50:32.759042129Z 746 9PMS68HOYnbWX89RDlIvTUAnTkIymalEHC1ht9wzgaCHePwUc8V2W25xyu6k
2020-08-16T02:50:32.781124936Z 747 D6FVn154J4gxL47AP4ZUQdlI3RQosUDVMg1UHuypPgMnUVE5QVw4bhrh3ChW
2020-08-16T02:50:32.802949145Z 748 1DqO3qzuShf1mHEhEVvRh2kYCF8G42N4rFMUoAXycAXyc0WqZB8da7L8lMaP
2020-08-16T02:50:32.824572097Z 749 DFkRSN7YcPj72af9iUdl15hbz7YNq1BgVaA8gPHGCU0nk1PHfhoWeeK4lgdy
2020-08-16T02:50:32.845543957Z 750 d7pagN4mnHUFUONXKjmIr2chXEpqz0cgrfFTdmBDJ6cCzZX83E5FKnnK73wa
2020-08-16T02:50:32.867695429Z 751 wdgaXOxZbVn9SrbiIdCEKLpyXxgWI5wcAQCzJT6uOz9y2wCmOr4r5NWmjU9E
2020-08-16T02:50:32.888246464Z 752 0xlGuQ3yYW4QiUkEVXz7JHtGqv5WpEIcyFLKyO7fWhcDyXQNlB0wfq1s2cKg
2020-08-16T02:50:32.909300012Z 753 rA9c2ga12Z6TrbEJMWmqxU6NEDy5vsAq10rPnombYgniTyVuhFHBckpEACXj
2020-08-16T02:50:32.930100283Z 754 dBNcu5OhoxppNSeq7OQ22twi5hwYaqNeNNLY8B8yQhi5AZvw9ZYAPwGz7fEJ
2020-08-16T02:50:32.951904400Z 755 op88WqGJ6Py2cIgN5IbdjWnvVCIPKoUFwayZm2zP4jryOOBgobIcmPNLtkFc
2020-08-16T02:50:32.973443297Z 756 VqxNDxoW81k7jL5Pj2lYJ3aAwWpxU9pZX8Ked1j59GGAcfGsRCRWMb5tbuhK
2020-08-16T02:50:32.994504098Z 757 mscszDf9jOzgPgAKqYQa5QL8u09P7IJYmnHIxm4bOQQgGwe3Vh363J70bfdi
2020-08-16T02:50:33.016279198Z 758 8Tumd9xOyCajH5b9WPqdXniir58mCVXsZdGxWu9LTsLASiUIlRrPnYM1eNJw
2020-08-16T02:50:33.036602613Z 759 SVkSY2eVqjgJOM75XLOePFT1GEF3QtYEysNItf96489BPVFFyGu441dwT9wJ
2020-08-16T02:50:33.057123778Z 760 kWJgpoBX1eYvwZWwVbnakHNa6hPPMxslfhM7LUUvpTgt1rUqlT8LMR1Oittx
2020-08-16T02:50:33.078526869Z 761 WrffiJwSS6qXSSFwyzUVN9pcfw6siDrTKTj2XCOm7I4WcniHYqXFPCbfyYso
2020-08-16T02:50:33.099357808Z 762 2MfqyljvFHqtjp5opheCHsxWR08GCh6xKjFMl4MY5jHzMS3kigiXMAkmhMNl
2020-08-16T02:50:33.120276791Z 763 90DssTKZ6IolunmzMOcMkmAKgUjuZnm3h3LBgPzaL65CU9HuRluL3OMJbADX
2020-08-16T02:50:33.141415490Z 764 iq0mqtOSWr1Jv7lHht3CsZ8X8MMipHy9YbElIr8uGEx73H6bLne7gfA6mT7J
2020-08-16T02:50:33.162372670Z 765 Ka4SZ7dRHvurnP9KemLlrM2QtmuRFRx2OpV6nJKPCzSohVLj15m8Os9m3j6i
2020-08-16T02:50:33.183267217Z 766 iO4RL2XeaBlaNOgKi9H16kpYMdOxWZCjlYIgsd4x8T1uak8OzgkGmEsUYIb3
2020-08-16T02:50:33.204861118Z 767 MbOc1OEURLEyKFIdJRlJ4Jx1NGkfZ97jbcp1yAVKPPlTTRwk1jJRj1xXZiul
2020-08-16T02:50:33.226276072Z 768 0eSMV6GKPLXGt0CYbhQcmF0WZf7ylJIYq4IjBr0eSegm4gffPCx7rfdq5HfW
2020-08-16T02:50:33.247159429Z 769 l8qH0FrUrrvdolyzFLLUfKTWshZWIdgq1gPINZCZarY8YQK6xfrwRwPzFZkX
2020-08-16T02:50:33.268624023Z 770 ocPgg5LYBqIEEsqfsfXMKY31KbBQbPw9FGNP3W0CROYblW0fPhqNI61C85tV
2020-08-16T02:50:33.290955609Z 771 ORWmDco1z7nOn590OGUdFkpjR1IofHU1QcSap85cgIh2ZcTFxo0SUJqWUGbR
2020-08-16T02:50:33.312850661Z 772 xacf0xmsPv0rVrUK3TYGxk3tXK1lgml5vjK6ATT62Zo6FbP5GUUA7Z7TI0S0
2020-08-16T02:50:33.334525615Z 773 Go0qFxC1ZvudBJnCJy2h5poQYb505NFbtyQ9185QzmjYIEmNNwMhDcMcWcN7
2020-08-16T02:50:33.355541879Z 774 HchMGx1UrhHn00HtIH2DloluT8lKMYDBrvsyK8y0VNSfQQicDON8zLKqnq6c
2020-08-16T02:50:33.376403547Z 775 n4BLz06V7xgwDcq6J1HgXd95GgFjWj6mooHeHyAn0PYJx8uwR5dQsWWiCSR5
2020-08-16T02:50:33.398100757Z 776 CXvaek1vPgVk2snbR7Oh8Y4n1ZUqawIIzT689P0oLGYCFTq3Rd1Bv4GfnpuA
2020-08-16T02:50:33.419734923Z 777 LqgVzWcxz27BWks3iHThbS7LkVMsqsVWNSyGbBUvvlUXRyoBW0mSwqsE0fqV
2020-08-16T02:50:33.441619927Z 778 dOvvaMNO2c2rdZjhjPdMT2JSDssUNz2HQTRljsMc8RSfPcekapqxt0lttwXL
2020-08-16T02:50:33.462497247Z 779 HdbGNqxZZv5USfx8aChf3N5aoUJJZQCrKary7wPBy0SoNrTzV4vdfJsmjqfx
2020-08-16T02:50:33.483895134Z 780 pqLMRNUd8tU02lqL9gcdvxohU8kPz7g0re1MP0vFEvT7B2gmBGZi5KvuJKBd
2020-08-16T02:50:33.505694746Z 781 BzlDf9GR6Z30VgZUcYL5Wb6TORN47JBzYyT9hbESLqL16MTIW6fTRrcySEIU
2020-08-16T02:50:33.527427629Z 782 tcXaPpiI8phIte2Q8mcunkYzZV5JAQxwkSFyOA8PORVpIoC2zmegxrzspScs
2020-08-16T02:50:33.547973873Z 783 MYGdjgfbsQfMyRA0QiYmDDonTq7cvYveNYJ2WmgRcBJcHgOIzQwZ6teIbO8c
2020-08-16T02:50:33.569927622Z 784 pRnXdiGsXTffpYO5roiBa2loXwYeApkTeLsdMhLsLFJcrq0d7AgJdNR7ScMl
2020-08-16T02:50:33.592046574Z 785 iuzBul81ebd4203HxokucCuwIq0xFIAf7cKTmHMBMB3OnsVEwdDJnR7s7Hry
2020-08-16T02:50:33.612558050Z 786 M7v8DJEXWJCj3uolSMP9u01ushTbKzcgKMzBGZ5W92SSeiSFgopR1QwWQkdK
2020-08-16T02:50:33.633257153Z 787 Fz0hqITzk3ys6ZaIWCkS6GXCPrVgLKXTnGA0buwrbSXDF1408murGwLIuj9L
2020-08-16T02:50:33.654922784Z 788 PvAMtIYhiQxifsIBfTY9tIZK7fyQ7bhnvo6eFWXPidPptTI6jc6KaarIq6aZ
2020-08-16T02:50:33.677054322Z 789 rfA9AOyrvAGffHzp4ieSNt3CiY4RE1vFIMX8qMiO8t62qvC3RZmMWQwgusS5
2020-08-16T02:50:33.698612698Z 790 85rt7tbr3iwjC9dRjT6thABlS8PsPvmSFXPZSIyBj9nB1fS94EctlREne4Gu
2020-08-16T02:50:33.720417681Z 791 9eZE7o3CCnDsCUgXwJigfXoV5NUYX8eA6COE9cN8j9HwaB0MBIYwFgnfIAYH
2020-08-16T02:50:33.741118428Z 792 hDAUZbN2ItAqkN3UM9xpH6algb9w8oq4AKd98hu0Rruu7rhVfegO8ZpQvXsb
2020-08-16T02:50:33.762871972Z 793 VEaFtMC3oEO1SSaYSYKInM2xRdzmmJQmVKL36wvFO04QZJkTBGen7phshbuQ
2020-08-16T02:50:33.784264061Z 794 9F4KJONXYJWNlkA4O9S1NqmusJiOjaQsMf4Ztiiea0wFLeM4cvBl807P1dzm
2020-08-16T02:50:33.805918019Z 795 XAQ6hRp2DCCBjVKyZyKsIj3LPhFL3FCGGemA4SiJhcIrzaVo1zVItBgFn6jm
2020-08-16T02:50:33.827965754Z 796 D23WcpWeFfShjA25OJNWRoq66UowMqWVir6L8Osmf5AoOwkcYVYzK1g8NPLn
2020-08-16T02:50:33.849775040Z 797 wjhvi9jf7oKYpgWv01B8Tvsl81apcDmSLtGXs3QRDLRanonehs3sWI9ZEmo1
2020-08-16T02:50:33.871559245Z 798 Ibvzm4Q6yj8N1Fq77HOfwYSreKIH2uBiAhMapdFqTUJRhE4IuL3yQld7awB3
2020-08-16T02:50:33.892426972Z 799 2ZFSYPB0ky4b9KAl2h6rOFQwTg9VYGyqdWX5NY7s1J4UCR78srI47VmgWQoh
2020-08-16T02:50:33.912889500Z 800 YN9VyZVpSjapJephf7LWmPCGhoME2w3KcE3mlUYJPlVU5FXt0tnVEW3B4nxh
2020-08-16T02:50:33.934314526Z 801 GXk3QmAV6764ZW7XZHicqlW09AWA1xz18OnQGiXiJ01WOsXcJsq6Nvr4BlWn
2020-08-16T02:50:33.955265465Z 802 bgZ2tNJWNc6F0MwHS8okBr9TSgTF4ypf6NkX68bH0VRbjG0XkmTjN3CatP6o
2020-08-16T02:50:33.976982019Z 803 uUiPLVC18wy1AlFNTF0T3rx4isHkHJPJnkBPWfP3VBxLs51tEbuUBB7o0Aj0
2020-08-16T02:50:33.998725361Z 804 aVDhKrk5WOpwunsK6aBURW7Uok6zpy1F5ZDosF2Q2zfPSbaRgDWoIQ2uwQ6G
2020-08-16T02:50:34.020629828Z 805 DVcHioKijHpn813YRbDg1M1HVIfmFFlpkQMubNoLtSqv5pMxZlcuR92IrLq0
2020-08-16T02:50:34.041484384Z 806 mmw1nsLZUJFpO7jLrW5s9lHwVl6SskaxUIKyNboDEtvm6UXCq8cyTd3OmYCj
2020-08-16T02:50:34.062921642Z 807 HrE0t92XupICqwG0ILUMdUfpImhZOuNpy7BFS2xEokTv3G1ADEF6WfkZkKEH
2020-08-16T02:50:34.084836941Z 808 3sdswlBcKG388WFpJE9pxkVuHJFNj6kuXrtJcZbh7Ng62u2vgfVL3LSIRLiF
2020-08-16T02:50:34.106570845Z 809 tfHYzm6lTYn8bJ4biPY1rQ4U514BZiwl2phJxAWMDDbbWdOec4OTEz8XMCuS
2020-08-16T02:50:34.127671960Z 810 vvxzkV9QzWswtn5wyY1m8FVnwWUGhtlR9LpZXXVgWZVo0Ejx1YMO1R8KMpZp
2020-08-16T02:50:34.148168647Z 811 hs5hMAti30hsUn92YsUYU9hJZEL4JhpwAEP3mOrLKTaVGWxVDfS5ehmbICN2
2020-08-16T02:50:34.169516214Z 812 RhGIgphMVkMc4vU66BDVKLoIbXPXlsTQLSU3jqnmXJ4qHuecH5oItpMMaNGZ
2020-08-16T02:50:34.190284828Z 813 ruWV4S4kj5aEC0rqrQNXfdjeeZ2aA7YITrj64Q3yFouxY6J1q1k2dNeE6wMt
2020-08-16T02:50:34.212062820Z 814 aTkw9gglBSDE3UMz0LM0g7gF68mCKlNkuOZv9qLbMCi3i2KTXdBg0a8MSC8t
2020-08-16T02:50:34.233254728Z 815 ZvOHpfxzMI7bL50LfH0Q0gRYpZ0TpuMmipzQFtz52vzf3y70MiuRN3U9XDaN
2020-08-16T02:50:34.255034441Z 816 ZQb3ZeVvj3Zo3BnUDBeJFgDxjKHuhVRydmYg2DABQxM0RB4mDhmmgdrkLI6e
2020-08-16T02:50:34.275803175Z 817 3dAPtaYEL7oOV8BtqX2dUt9TJLSLc0MUDswbC1EugkTtqoRojAnVx73IECPM
2020-08-16T02:50:34.297235693Z 818 F6i98QrTIvxrdO9d0Tkndwe1EnR5fmG2UHkoY13a8eDpq4AXy8FVZrTI9FCR
2020-08-16T02:50:34.319015215Z 819 R0fG1sjkAryMzt7sOc71pTSqLOFyUwZkv1z81i4Q6A5LzketPx2Q1zYGIOEZ
2020-08-16T02:50:34.340858835Z 820 2Cndb89UNlQ667KCrCIS8XvFVtz3L4d7JBzmNnQi06vO8LzqXTT15i9sN3Wz
2020-08-16T02:50:34.362506493Z 821 y9W89qBqIVZ0lZuG7ZZuqdiKRL0aVleP9l1xGaHbHDk3lnNtOYMZjdSnM5E2
2020-08-16T02:50:34.383112009Z 822 4Fv9bSFxk14aYdmI8bcqEzqCilpDvXmuZghabyuZL7ypqBO0NABgXu4N35vd
2020-08-16T02:50:34.404409317Z 823 KynKMMTAxvEjjkjdpLtMIXd4tdatU7PjTRVAYqQ5BERKrt8GiaUEXTeXa3N9
2020-08-16T02:50:34.424849551Z 824 eIzEudlwRyAzelbJRaUhbEU4veYMklHVnkm01LZeQkHQYAzg4qXsdsWkJBlt
2020-08-16T02:50:34.446452970Z 825 eMNJJU4fsYLUOj15OOyWGj3oSOFkNrMs6U2x970TwQHOlMxR8LdC3v4lcNUc
2020-08-16T02:50:34.467565924Z 826 2HYLUIoM5wAGaReNjiG3OBNoML3Au2og3WFheM15cfSMYUChXzXDK7g6iW9x
2020-08-16T02:50:34.488765833Z 827 0FsiL0kYA4QbNBvnbJKaK6pfb7p7yXuGAOIrdLIs9Ax0Vb2Uyi378mrvOzuY
2020-08-16T02:50:34.510247228Z 828 544p6rnjH50z2K4O5GpvHBDR6VLmhzFJGlIR5D1YrvLTmdVSQBdEhHkQFndU
2020-08-16T02:50:34.531261564Z 829 rgFLmR9HIvJ2Zcj7V0ytwfEHgvjVPs3mtWBfrGzgIcXSdTE4u8A0mMaAtMxd
2020-08-16T02:50:34.552976056Z 830 vZO8JRFxChH7aIsgRvz4uw7Lgj1VYKOrec9OcahT2k3pAESufgqH6PqHDhEK
2020-08-16T02:50:34.574471109Z 831 lgaoVzQDBqwi0V7UmsxVUK9saMtWuUmJIbjqmuec2Y0WGNhPzmOdlbrQw49G
2020-08-16T02:50:34.595747246Z 832 ZiWNpQ2vbYmxhIS9lKpUbpLa7bMeHwpJxzXLyOMpstjZxO6ihGap83RVawgo
2020-08-16T02:50:34.617572781Z 833 rLXA3V63AEKXMwNeo0sLwV5KWsqkpS5WEP5rZ4pNAdNCT6jfEyywyl5ceCRD
2020-08-16T02:50:34.639095569Z 834 fl0yALPNCA0QDK1mNLo8KJasm7irUIB0jCM1HRvHkYdafDek9Qc5Hjb7AWBY
2020-08-16T02:50:34.660822896Z 835 Spe4Cd8cTg6ANxyHOenbZB6v7bldBvU6fWKQMcR26EopcXWQhvJCQacy6Yw6
2020-08-16T02:50:34.682319971Z 836 2u0wGAOVw443NMK2J8zuMax0KN4ysmZuOb5rvaQLJSwLy8WssS7gX5racqE3
2020-08-16T02:50:34.704127830Z 837 uSO7jeniCzDpN0C8pMm8Jj0zsmdVezuWrKvYhvhblesC0o4bXpac2hjSOBid
2020-08-16T02:50:34.725911475Z 838 EyCcpWCfu9frLSBodcrzbDIlTPIKMWbgUEJeDobmuEZL7DJJN7oFUI1JBg3V
2020-08-16T02:50:34.747184147Z 839 Ufu06haq38QArknbmCdzfL0LeV21TgO7PbmDVxGQs6Yu1Fch0mwNlT5Llssd
2020-08-16T02:50:34.768919477Z 840 hVhGLDLP1X4IOQzZ7JRxotaGB6511DS9CQEq44GECJim0ghDV74fvq9YBilC
2020-08-16T02:50:34.790567203Z 841 75JYSdFnh4rb49Sp6YBJ8scdWAETKTZDyWyTruxmmXtHPGa1i2jOk3SRZzjU
2020-08-16T02:50:34.813095282Z 842 L7y9Dw6whJW6KypXpuBHghxjFZ2FlBuaYyRxnH7gKlRaE2jhs899v6a5ffty
2020-08-16T02:50:34.834418910Z 843 KCrxGwIxnj6OUKwIKGBX7wqivRoUVlRzN3GoftJZccfQJJQXAmBlPrMszxYt
2020-08-16T02:50:34.855325193Z 844 F3zzMlL4LD7HJT2SaxEsB1TSIeDF3VuPrpz4G7RKDBqEpjBFZoweuF0VItmI
2020-08-16T02:50:34.877012301Z 845 FAmIm1q8IJo4TJz5BYiMKTlrCQ6EWkXtXIZEobz8fF7Bx5ySkRQCEXXkfLPm
2020-08-16T02:50:34.898255482Z 846 kINsuaRriCistfEvVseRNET6VYAbjIaETgwx1nVVOHIY2AVwTEBcq11NKv4M
2020-08-16T02:50:34.920060166Z 847 8dpMx1wdIdW9K3m4tGZeO1dxuo2shRN55pR5zhygD9iZJBBilFyiq9qqJpNV
2020-08-16T02:50:34.941767206Z 848 ebRn4jxwTvELCDB7CpuIwwIbTyoIkjdPqpykWckvY9QSYr8p3mKMIOps35LH
2020-08-16T02:50:34.963941701Z 849 R3TPxJuvq4kox8WwxyEemIDPeWR6s51ueRQfr2rodvVB2QSi65GYaFbSfpFH
2020-08-16T02:50:34.985865178Z 850 xseLqCCypfQ0WDbgAxuFhGoqwLakiJWAKAsGl5sWNpXKDmJbpXMyShUmOz7C
2020-08-16T02:50:35.007276220Z 851 zW7ciETEotjmKCpzSFkdfFKzUO54jjfa4pL0ilMbMSEHgzILwU7yIXk5uU7D
2020-08-16T02:50:35.028809435Z 852 W8jjnG9tdp9BdJtMkTq59D8Op0pRpazUHXnf0JN74emCR7O8XiaGFZM0Ymdn
2020-08-16T02:50:35.051036052Z 853 qutZ6nAXyL1Zyohk3ayy9uqPk6O5uGs4AUPBc8NPDU7Cq83wxwr7ij0MKvWo
2020-08-16T02:50:35.072438716Z 854 eAK8Y2LCafkWKlHam9AQuwsT16aBOQGYRLkbRUuifgYx6lmv1maL3ht9Y4Of
2020-08-16T02:50:35.092998752Z 855 k9ewVz2p9zYvZnXRArshwIIMuBggJkiMb6tPHpYQtw2wuZCySDY5GoQQNuvd
2020-08-16T02:50:35.114867715Z 856 18Im8GmoH9xEyC4uM83eo6lyVI1SGyJiJC7zSAc40uwj9oHgstSNclbtGhH1
2020-08-16T02:50:35.136628181Z 857 7YLt8g8waSyrW3wzXLzeynl7x3cD5SqvXQLoztp54DypTQiS14GAb3gKxBUk
2020-08-16T02:50:35.157118406Z 858 8vnxLK4SshF7H2jstzs1yiIq3Tj0MQ9j5k8BDoR0cLvcHRLQbnHhDGeWRFis
2020-08-16T02:50:35.178613590Z 859 jza1f7qd3zUrpzN8KymouEC6h2S5DdsDDtwNAzETesOb1GgkwZZ1q0ANdukl
2020-08-16T02:50:35.199322736Z 860 BNZDSRyTZ2rkuiw5xbzum1TPTNvEVPXHHa2VsvIdiphhljT8C2OVPmyRilbZ
2020-08-16T02:50:35.220739880Z 861 ZAfsls9Ou2jKmUEaEzsa4unwhOoUT5uBFDQj4yIIamCrgTI9epOXIw1UxI3n
2020-08-16T02:50:35.242549586Z 862 dEcqIJoDWMAvodKmNOJBkTAYxazctQjFDEfYKdcB36Ztu3E5zmrCFNiG8vbi
2020-08-16T02:50:35.263026774Z 863 pqWCeMtQQypIamRJMl8Kmre3oWkL5oTICWtiDpmNExyKvefPpAxUP1JZC3NI
2020-08-16T02:50:35.284744370Z 864 4LJmLllbp9MK64t4aWHIqyImakHYEnCTTGi9Qm4ReGdZg8jued99gW8C5aeW
2020-08-16T02:50:35.306403957Z 865 9SHxSCa6mr2tnFFEv1L2T7dqYGDaBbXRqyPalLt32cYxvtOSrmJ9GqlriPBp
2020-08-16T02:50:35.327841876Z 866 1TQpDY7c7wTIs8NfPA6rzGN6xLSKLu2MFGHjMKl8jMW4N7BAMxmdg70iGhMO
2020-08-16T02:50:35.349524505Z 867 FRyGkzYpe3wreufGMjGUA4TOf5HmUWfeRONubmzo7QAbvK8UWZsdMo6WKeAB
2020-08-16T02:50:35.369763225Z 868 oDgRkRAWsx5wlI1Nqzn8NASASCPC9KiNaAyPRpxK70rNgF67OePsRFa97GdG
2020-08-16T02:50:35.391905515Z 869 khIKUXEqr4XqBlkUOJyf0pM1wZiJYFPpdRCEFRDkFvabXeVeaB5jmuURjF27
2020-08-16T02:50:35.413435313Z 870 yLCbURGASf18T3S1MafaoNmSDoCAg6xOLNMrF3welmE73ykjMsAbClme1aXO
2020-08-16T02:50:35.434928068Z 871 av8AjHSmRhh46LFflGkPwg952cErM8fwuPDEwsSAh5r9Gn5ftdMoVZbJZ60A
2020-08-16T02:50:35.456649163Z 872 0FCKzG3rMY1NxYo3qp08lD7G5DUDYlu1VblKiPWfCZdFSE4XYPMalZHtVzvQ
2020-08-16T02:50:35.477110165Z 873 rATT4yJEIX59aeaUTs0IHPf8DyHr8g0TdvWVQ2EssZOjAEllpYRvX0i58hP4
2020-08-16T02:50:35.499144579Z 874 upHUPXq9UdrFAuycH1gPEJYchL0rXdRiwfayrjKPTb92XwlbHvSYmKV41wz9
2020-08-16T02:50:35.520820692Z 875 KlgmQIspghSGACIOK6hKfC8ZVVV3HqyhCwWhYdM69sf6bBlK5p1sOf9fXeWk
2020-08-16T02:50:35.542231190Z 876 SR0bDGSoTbU2HaOP6LX6CNtNy7BMJ1Dd7c185hYkGvdcDC0tQMA3c1bwPCeA
2020-08-16T02:50:35.563147279Z 877 fDM5mrGavbRKHwT5VCsgpSmGZSvGA7hwGoqbKDNldgVqZqzPhGICzSb4bTLm
2020-08-16T02:50:35.584522091Z 878 joNXFQxlKoI6XnzT9h1havpaTnEVRqkBO4sa6hkFB8u234VyzrP2IRKm8JZH
2020-08-16T02:50:35.606297216Z 879 LNjfjC0kXmuLHicyd8kAwUK7irIa4StrSYqfwEhUk9buW0dR1Q3FGk9JadHs
2020-08-16T02:50:35.627902754Z 880 K9OZEozQN6McQP9e4g1mRBf8VQeESpZwvUcR7ikBahbrKwMU3jrjdpZGGgpq
2020-08-16T02:50:35.649635615Z 881 EJeAyHezSzeXB5Mpzbats2eknltVFgHpq13JyVrkwjauCSF86BtoK7mQQgzx
2020-08-16T02:50:35.671043428Z 882 1l9TjIgRHsWLUMuXm5rqBZo1js8WWtmDKF6QMR8ck00TRilufLzXCHOCOidL
2020-08-16T02:50:35.692987852Z 883 FdSiBT7xvg9hTwLpjeNLJZsFMut0ojBrn1OqG0XwQJb60oLI70Ng72cnX2XG
2020-08-16T02:50:35.714626707Z 884 275aruSdJXNCnejPdb05SyXg7GWEsj1QVb4tp50zGtC6roisZDxhJwtgJSj7
2020-08-16T02:50:35.735109074Z 885 4V6LFxeq6Q8V5BvfgSaVoFEY9yP96xPamN7FVF4yigDimhROUCQKVSCFx201
2020-08-16T02:50:35.756575780Z 886 i7UH2qAzlWpts7S6R7vEFIvy6CopAQzESPVheEZ0rzgkjFBKtPx1Tinkduhc
2020-08-16T02:50:35.777141047Z 887 OATcyz2vDTVxtXj1qqEqpu0GGQDLpBVvu3vdGBjIMmRTYY29UqydyugSdlwR
2020-08-16T02:50:35.798907093Z 888 SDG8jqyl3fiTENCZX4Pz1JlAfwQnUM44x0toxVEHGdtc4yyp1sDjY5DCSBnz
2020-08-16T02:50:35.820658341Z 889 ZA6iWQwQkq2BsfKX7JvBZni2D4IGdYLN1Yu7hM4CDMr4M0K64H6pV0xWh6Zx
2020-08-16T02:50:35.842428217Z 890 wOyTuWYThq75JgrxvdTbyR7KvJTR3YQiZMpJTbp7zbfxEDTRRUaFiUH7f8bG
2020-08-16T02:50:35.863130196Z 891 d50VF0MnphY1sMkJN9M3TixXfgzbfEi2mFxgPWBxYD97Wf4KB384dNdKqXO0
2020-08-16T02:50:35.884403583Z 892 7ByQzNk8daiJK7FtIiTEUJtuYK0bSgHyySWE7TwRj0YYj2GRJv56lyu70ARP
2020-08-16T02:50:35.905160241Z 893 rhs43PWMC7OhwT6s583tfSf2eaBhRUIi6UrtvjIB8MGG8KqomUqpk4DUV90T
2020-08-16T02:50:35.926285219Z 894 C0suEYNlutnTXNJNFlAP1heUSvYaVBeFcJhCVmvpVkQY8ZNHfqPPHmEdECuL
2020-08-16T02:50:35.948021283Z 895 KGOfSGkbUGfc0m1eY2Ythin4NKL4yj5F3SYzvPFASm2GLtyXOH76vHAtBVeF
2020-08-16T02:50:35.969711616Z 896 TSyZLRcEKmTEk5zPXBm5wxGpGYeaISvScsfe4XaHQdepBnSpixWGlEPrqpHF
2020-08-16T02:50:35.991122815Z 897 yBfMLaYJgZ2gZVZ1rpnHhY9rka7jQEr66AWPNf1nRMvcOMgR57molIeGbnqr
2020-08-16T02:50:36.012424677Z 898 d1UNYalSGVocuxtSjU7i5Cd62tAzHgq0drmRRUe6Qc3RPdS9UIkLMsOYFQ1O
2020-08-16T02:50:36.033136274Z 899 TPhhbsQoiF8qGDVvlSPUaRdo6GuC2IMkdt4OSdO3v2a1Ey1prnxxsRk39nim
2020-08-16T02:50:36.055047242Z 900 pt1nfBPJj6jATuNbGsz5L9n7nTlSJvxco7J1Svn24wEna1CpBn5UQR7MWio7
2020-08-16T02:50:36.076391531Z 901 aA7nAaHqSQmxSnQHQvwBxOEb4tGJ8U8zfcdNIY0t62MlibwhyAcSb5xAehfw
2020-08-16T02:50:36.096948413Z 902 6VbYAMvuUsOoKIxrCOXptTQzWSlhfHWq1j6frV6dwITzcei973qlJQSWiAvi
2020-08-16T02:50:36.118629397Z 903 CD7Rw7DTTNVTEzYRIhU1YY4cjYckItztl4iPc9pnKlqdQBPHb2rfZ6774amH
2020-08-16T02:50:36.139138594Z 904 9lMj5zuM8j3wLKjtKquPQBAmQDgReygUtxQB2TGEjosv1qjEXfpAVGyC4eOi
2020-08-16T02:50:36.160197623Z 905 wyP2pYJKyZYL7gRSi4oKJRmalCIZegLJVtyazswDA6YDpRk0gjz1zYOGJSwK
2020-08-16T02:50:36.181311961Z 906 szTzhUxIuMQic5U09XGRHu9SY4XnOFIgqB8P3eALrGo5bTw1gEkswqfxd15V
2020-08-16T02:50:36.202827263Z 907 Ic4NXwTFLBLm1xLjBqnxSfU1UJPBtxvXAJ0ow3bT8sp9ejWrgCOGsDIvdFRE
2020-08-16T02:50:36.224257949Z 908 tJw4nWarrZ4RdXZSh4i3hUTm7Cg7tnAHDTYYH36VVwxSB0CO1wb0Fw7LbSVN
2020-08-16T02:50:36.246065227Z 909 BkfxFQKcb0BOTTqkDBofhWZFHWSNEofmhVHtBtyOK92CP8Q0Jdt8JYRpgcWK
2020-08-16T02:50:36.267813797Z 910 ToUvjZsBRvf37rTQT6jeKtrHWpKwZKPm0aIQaZtCX7U0Cy81rblvWLxrGcs7
2020-08-16T02:50:36.289458793Z 911 DQGnYbg2iCGpp7l9JbDiKO22ruvL45rPuK4VIs6w67gvDrz8eJ8DbopBGOa7
2020-08-16T02:50:36.310077226Z 912 JjHKLqCVyJDc4PVdBhSR9OKtXfptg7urr6g8w0ZraQPZ7WzYKOjHZ4VwUc7g
2020-08-16T02:50:36.331373862Z 913 upc6rWsW4rcxUhelhVN85OiNsQcaQHu2pTGlxHjmfWAItNqIHsDjGoS4s0MK
2020-08-16T02:50:36.352093758Z 914 XRc4CHWXztzlXC8ZuQfM3VSVid5jyUqU5lO6EylMVVIvmtXinjtfrfe7i2Xw
2020-08-16T02:50:36.373860641Z 915 oVxUiYZecijHOt9UfZduzhbAcL6f4EIHlvWXhsh38WNQktVUhqlkzglVGAri
2020-08-16T02:50:36.396266279Z 916 i5ERMYJTauPcSdd50hUpL6tbtEYXplLEcsvSWowpVxDYITtdLDvAqnuQWQam
2020-08-16T02:50:36.418199348Z 917 QZflTUVxDttjtbWhiMM1PXMbAHLTPuMseFxs8Z0Vx6jo0gSyJjYR4n3elHRo
2020-08-16T02:50:36.439533429Z 918 cO0ZnUoFsVzxRIt8bVT7k2MidkBAvG68oOV7ov2OQ41iN0Atw4YAGQlqINln
2020-08-16T02:50:36.461207164Z 919 exVW0lHOq62cDVW4KOr8dc1gCpOUsLvFjlShBvFPOSj8BI7wvYtlstmRaS21
2020-08-16T02:50:36.482363363Z 920 C2ZrpmPLj25x1JPlPk7QjTEQIaLmpASowA3u5McfsZaAj5TRLl9aYOvn9AZU
2020-08-16T02:50:36.504117215Z 921 ALrf9mN4u5VyyFmL9nk378tTDvBb58dR9MULht8nj3EvPSeVembHZIDnIMrN
2020-08-16T02:50:36.525361139Z 922 iknRZMe1i8jjjXe3x1sJEAN6Y9L1M60MC75tebwY9JpNjTfvhDzjFtwFp4qu
2020-08-16T02:50:36.546069694Z 923 HKczwn3ztZJDmF7h4YZyeXyoIq3pee19gx0o0h3WqpkS6FcvtnMFTwvLpgs7
2020-08-16T02:50:36.567958447Z 924 JBrnp1Ln6SJYeMi5y2wNl39Pxgwi28ZOd7Nn8Gt8XzgSEtOWHCY2tDBoVARu
2020-08-16T02:50:36.589066266Z 925 nELBbS4O6pMwGCSG7EqfDKJCXnXRo2ouEEaHAm7Czh5Klt8uJ46B8EoCiyRf
2020-08-16T02:50:36.610793707Z 926 7w9dFyiVl8TPg1Mwjr7L6BRTZShUiBafA1vaMGXM8xfNotNkTTSod01OweHv
2020-08-16T02:50:36.632508908Z 927 jgjiDAUUrggbHmRZ0YQRRh03hs2AlOS14V1tURoGg7XiBJLQ07GUuapIea3D
2020-08-16T02:50:36.653939271Z 928 3FzDiUu36lQ54Dh5Qz9Nybab8lfJK07XS5xUkGct0PtmcxNSdeL3svCds7p9
2020-08-16T02:50:36.675700979Z 929 xfRx9Wqj6O1QoxzOSIfyEXFRuZnYH3c2pxyrPjGw3LSw14QwGUlRu4DnjPeG
2020-08-16T02:50:36.696297376Z 930 Zr8PYxyeqj1y2o5bz8ed8NbM2GE6QQVcokwfEhgRtK42ppneTPVcuBl09eSd
2020-08-16T02:50:36.718251555Z 931 MpKsueP6O3fj4C0XcqaK7y7YxKhStNzT1WRsC4JvreI36dIi1FHOfo88NyaU
2020-08-16T02:50:36.740052518Z 932 y1Zd5N9IwNzMjbdr66hMFHVjScQp3pUnAEaXPPODMfUpWF4Y9n8yaoitjiUb
2020-08-16T02:50:36.761824914Z 933 u4v09Jo6GaoemQ7Dz8avRjzI0Unfd5VvpbULCUWFLTK9dqs9evBZkmP4ZXgb
2020-08-16T02:50:36.783359334Z 934 9fcdSOv8ofs4gIDWj5ckuEir0TyAOQcTcYbVbL5Unlo73aMB4urbLrzaVVBj
2020-08-16T02:50:36.804780503Z 935 OkhMcoxSOL9jTjYKhOOYUU0bP6scUBmJcuicYDl23XLOfOK64MsuZXbjpu3b
2020-08-16T02:50:36.826260169Z 936 WxZvsXk4peWQnGHeMuFRqXcJo8s4Js4z2F4hCGTXsphQzxB3L5ngyYbnfrUL
2020-08-16T02:50:36.847160532Z 937 DwKzgA97zEscoAgLupHd9Y6sjMwzlxs7f5Ibp7zNn7o32rKUc8DVoH6QJmqO
2020-08-16T02:50:36.868545557Z 938 EW9g8oHMgffx1jBnAwRUdOtLl3RbdrmfBzSZSYxwfZZeBogB0renTfsbhmhy
2020-08-16T02:50:36.890734197Z 939 nO4ew87PHEmdLRnYYCUeUoPntcKWKwnJrZDXK3WCUIgGDyCYZ7eLNFfHIYeG
2020-08-16T02:50:36.912438546Z 940 QpjAN8TzwWoLXVjemQIU2vq9414qdGWL8KTCgAiQGpxGNVmFvnurypyNku6I
2020-08-16T02:50:36.933172994Z 941 ONH720BmTU8jHjH4PpKmIBSWAUv5nNIYKuaXYEXkgW4d1Mol3N2uPfNIKyPl
2020-08-16T02:50:36.955082865Z 942 asry6YuE4X8waS7QvCnqjQHR6nOAwVjsymI3apP7XjUoLcAdwSZoWait8TfI
2020-08-16T02:50:36.976808381Z 943 HSASy9Cpj9SzUF4C4rYNkzwSz8c7wshIMfnRvgimJHasBYPkezw2LgXeFug8
2020-08-16T02:50:36.998612725Z 944 OTA3EaKGLLZk38aYJrELeKhJl6weHht9IlLzwgM29GFt2jrMcwwuw58kZXUv
2020-08-16T02:50:37.019074374Z 945 KB30gKzmJFsvJ8TnPIpRONvYSHjO0wuNroziIyhdDt8uHNAcTvWTxZNLkJYy
2020-08-16T02:50:37.040228311Z 946 jNLlKaZ7SK7fXH9UBWYSvIhp08Sy7lL5mmHbO8RC1pTKpE4mOoTs51FtPYQD
2020-08-16T02:50:37.061356448Z 947 PbKtxRqe9ZJ8EVOWPsSgvV1GMe2rWMgiQzjMurf1YtfDS9U95UkYeKLgolVa
2020-08-16T02:50:37.082802403Z 948 tuw6Lqgitkd5zTkjavYQu9jWZYIgPkf1zeCScl43uvpT60HHWqWoacAP8z8J
2020-08-16T02:50:37.104313807Z 949 HGiaYtorj1ovo9sk8jZKSMo57EBIF36iXdyyyu0J6Qpwe9GXNviTrXiUgS5d
2020-08-16T02:50:37.125967524Z 950 U9sut4quVxpiPK9A3t806Eb9359RUNBBoarcLf7qQxlOgT5pKJrv1IKDv05x
2020-08-16T02:50:37.147967628Z 951 4I30M093hyXZ9emX86P2nHBPLcU2XeddJRcusHrsAAABLXt9hrGhWCNUTo1d
2020-08-16T02:50:37.170081542Z 952 PvToMO9fTRUW9PH9SxepYFuxzDnHBelxhO52qbTL3IV5ThjJdiA37pUFwpKV
2020-08-16T02:50:37.192179711Z 953 OyTqkUtzmc3ajybKzsPij9x7IoLsr9ZmRFsxdwmg7V8hjJVPuQdLfXmuhrDp
2020-08-16T02:50:37.213666656Z 954 oG1NqaG6GYsEmAyWXDvwtfEhpsRAs1GKQrE5ftjueR9wXE7FtYkjTxMRB9v0
2020-08-16T02:50:37.234169968Z 955 t3pG165FjlLVWNZfqtJpHj47asoIdyIr3Bm3XjlvRqDdm1oKDWcgkwoVDdTb
2020-08-16T02:50:37.255727826Z 956 QkDjrNKqX8sqv8NvqSs0D9jORUabFpMaoLOzf6NzUIu8n4KcUuGbmAZK1paH
2020-08-16T02:50:37.277926741Z 957 0Zpe37BdmBQNU7QV9UCFFo2G0GwQCzD4ETI2YdqrKEMB8JJfop5vCMdeQyJb
2020-08-16T02:50:37.299384682Z 958 eGwfcnH0YyaT59HjUK6STj6tx8tBTRtHrDnJ1Nh1TI366LBdgIKBOmdHWIzL
2020-08-16T02:50:37.320660035Z 959 G5n2ZBKjzGMTK4dFd9hA5x5y3Rr847ipQ5Y1vuhooulN2wVb4DpyFTngWoan
2020-08-16T02:50:37.342627915Z 960 8W4B0o3ECoIjBzqaaJskuHAsZ12DUqMoHMuAliDGI519kyxDf937jKV0ldSp
2020-08-16T02:50:37.363108186Z 961 fwtxYIf5DLs2occZUFXZb2XCkKHASIR2W8GASxrYWkp0Jw4ZPBxCz5Gzbpwr
2020-08-16T02:50:37.384316458Z 962 mqm9DJnoiXXcrmSyZNVwhmYfXBQ1cVtNkr19YNV3PusxtmFPsQt25zKoksrw
2020-08-16T02:50:37.404948814Z 963 IH4yohIlHQQsipXFabhrRsL6pWgrhwBmEdPQnWfDW9Fonk8h09UWoS9enhDq
2020-08-16T02:50:37.426319713Z 964 Had16Ge6mgdgzwQQ928FG22upznqTyyB0W7bAnUTPc0wzGfmJnejfzizhOIg
2020-08-16T02:50:37.447738677Z 965 lp84zmJSYIaMqU125NkK6yAwZ0G8uxEOa7lLh32p4n1NiqiAv5tD84rc9QEN
2020-08-16T02:50:37.469637641Z 966 qMjYLvXUvttza3zcV8I71nKiEeTTFYzkNbfEBSDsOlvhoW3iKF2NyJfodLOb
2020-08-16T02:50:37.491159327Z 967 7viJwbl6sIlRzEVdUyvBxWxDyrwgPxRBZ1hx2kx4tKiF7c2w57SH3WFMwJmR
2020-08-16T02:50:37.512961571Z 968 mUHjxa2zP2sg3OFrt1eV6dTEGs0royaKsNEAdhe5VaTmmnKs9D0Ki3ZbpVnm
2020-08-16T02:50:37.534745614Z 969 ZcC7B9EEIfvYFLvlDTQOgvjRUsIJEp45B87kSmUmUGTRTSP6BYdBqDh8AkFc
2020-08-16T02:50:37.556260845Z 970 Jva4077CVVC6SAGBpgdMzVv2hP7KJOBzPqp5byRYe0s2A2Q1jDKBW4OzEsa1
2020-08-16T02:50:37.577987268Z 971 qr2ZrO7gr3P7S4KJF1lliyI690olMzBovjCB5F9nQGSKHu3HVQTyAtwDrgjv
2020-08-16T02:50:37.599964758Z 972 6Jy0Wa5UmoUtpohbNezkQWEbGggBiJciLlpFKaq5zU7yFs5ZEHNu6huROJ9N
2020-08-16T02:50:37.621053162Z 973 1UkZdkjKIrNJC4Eli2XJ2uHlTu8GLu0ptaDrJz9N7eF7Wk04748Y04l8yuZh
2020-08-16T02:50:37.642849022Z 974 q5menigMkGPkcNiMCZjmvr1oFjqpA6TVpMaZmovxATq14K7C3EBMDnx3ND8c
2020-08-16T02:50:37.664592632Z 975 b7fKjTdWfDwD8bCMnkrLY4XjL8y2OnfSs55C1AvHI9glbhuISqTApRShuax8
2020-08-16T02:50:37.686251691Z 976 kxqgj0nCBMe2JPSXIQEN601Z69HfrPI3UZzfA3repnWnWoQ3qsBcjbkAf8uQ
2020-08-16T02:50:37.707935331Z 977 dEzzI8LlrnnKDJ2HM9qKb1BqXmyGeKUI1gqLQoQ9w6kFgHKEBACMM2CuJGOI
2020-08-16T02:50:37.729367353Z 978 ID6o6baqZk7W6Cpec1eGtiFjCASJDTBD6okVVAhwSS4LrORQKmXDYWwgvX0K
2020-08-16T02:50:37.749934700Z 979 HALHmYDrhiUtE3BwXD1Aru8Gh9WdbGdIpyZTugN0iAN7pEDYdyE8ssI1Cff2
2020-08-16T02:50:37.771893026Z 980 osaMNc0UFBZwbiLewjvP7UvZIHpR2Jbs63wSoy6mJIgayJwXImEc7d0u4HCO
2020-08-16T02:50:37.794143389Z 981 WX01KdMJPjXzARYUDhrD5hY0DST0ztitvqjnGYwhCCUZ3HNlI8mv28wsNGXd
2020-08-16T02:50:37.815523286Z 982 44aQZvdT1IzyTzfxV9wYg08L192v9emx1BAJGQ7MwlRGZbzE9CM3XwmkQtpv
2020-08-16T02:50:37.836114362Z 983 MaTx0Pe7HrYrhcrupYV3CB2jvSzKLEpVwNAdn1wX5wqXm11rRPp32t3FiMTy
2020-08-16T02:50:37.857478467Z 984 A6R3NY7doZoPbPg8QKMTxHTRKBguvTunSH25VU8GUzQS2cym21wcvAWGSZDI
2020-08-16T02:50:37.877880083Z 985 ShHNQNPioTzShx8PjEcjbPMHVZCDBtC3WmY44bGLtaRpxn2ScoTGxx9Dv3C6
2020-08-16T02:50:37.899705083Z 986 bFzFvfkZOJcxOPQ4OSXmpbKlJFhlExttFeiSznq2jrMFoEUyKxDmrG9oAOJq
2020-08-16T02:50:37.920642489Z 987 JFseNhIUkBeU214fmbUkGLlCT1A5nG7LbOT8jYfKpMXqbS20d6Ww2spGI5g1
2020-08-16T02:50:37.940929651Z 988 KXWCdbllw8tz0nPwEeIeAcKNw8M0j1qixSDmqNOTndgeylLiOgPmewsPr0GA
2020-08-16T02:50:37.962783602Z 989 KEobFQUxdKcDW2e8jEHhLMjYN1KSXYZwL633nurzz89PWzIDCEOFFvUoqB4E
2020-08-16T02:50:37.984357327Z 990 cNiwM2o7nOnHTmGxlgqlaBl9AJd7GfcFCr3kHl7KnaapNN8g5MlsEJNUVX8R
2020-08-16T02:50:38.006070115Z 991 DlhBHVaikE2eYksIuQEM8aacMpqcO6f40c3D6KThNUru7ibUDuLhcmF6JK3L
2020-08-16T02:50:38.027826455Z 992 BkB1rQttsoSlPk0CzN0YFxOK9I9KRlxMPEUzSDt0ulfjF1u3vjm4dwEKLWgm
2020-08-16T02:50:38.049088530Z 993 d9u44M8GVOBzE0BERync1mN5RwilT36OjtcFXeWgmwvexeWjRAHlLpkLeZ2e
2020-08-16T02:50:38.070586540Z 994 BupqxEfel60KGa7ockbCQ2gykUhsz0osbhOTu7sT2wuTSGgvwrnwDKEMXDBV
2020-08-16T02:50:38.092127096Z 995 HrMS0jihl6zJP8RHZrjxniHLc72IgGpJguL83x7yfpVs9Y8icrs5DDZW2H5M
2020-08-16T02:50:38.113900525Z 996 zs8E07pvfrlwUi9cpvJpawIMpgvvjxV1ZduV3OlU3XOAv4nTLqadFq7Av5g0
2020-08-16T02:50:38.136124711Z 997 u3jDevbkYJYNWumSOwBhUA6FSSPK2ojUMntP3pmF1RQcYIEzdru4NVWJ2Ubf
2020-08-16T02:50:38.157572252Z 998 Raun1R4zKckc9tzgSFd86yTRTHyFWGQecEyyocf6ulN655kl6xWEOrQWTB40
2020-08-16T02:50:38.179170208Z 999 T0yhChPCHl9tu1t7ZHHXbMufGawyMeiyV41DBH9EZNZeTvJQ7rXGZsu0GKiU
