2020-08-16T07:16:14.588454418Z 0 KTJk7np9aBFes5RR0A9FX717ZKPy1h
2020-08-16T07:16:14.669995190Z 1 bcss1WDKvLiX0Ts4H9fdeF1mprSRC4
2020-08-16T07:16:14.751548064Z 2 8dasijzHrlPP2SHox0qMApA8kXOTcL
2020-08-16T07:16:14.832498710Z 3 fQeuv0XKitNOjbNopo9RP4uT3AtVSC
2020-08-16T07:16:14.913822970Z 4 ILcTqFZffMeHCvfSAhubItXkzDLpFG
2020-08-16T07:16:14.995882709Z 5 0X4AmV2ZH1oHAzYnUNlyVs1CLxSGuB
2020-08-16T07:16:15.077823648Z 6 ciH3ukHVcZqqPLnErwHautjWUEhvdN
2020-08-16T07:16:15.159609706Z 7 P9ysY7CwW3F20ILvy2iZGTEAPxfwle
2020-08-16T07:16:15.240537424Z 8 3wvTE1BS1RIDWwpffAt34I10f2WRi6
2020-08-16T07:16:15.321883763Z 9 GyCCTs8V8eWATVx40Ungcyf7X1ZAyU
2020-08-16T07:16:15.403728329Z 10 9IbWDdNBifAyIUCiMjRLpmMLSSuDP
2020-08-16T07:16:15.485268978Z 11 ITgYwDI1iHyT8189uTkb3hcjGTBDP
2020-08-16T07:16:15.566512539Z 12 EKyA2bvf7LKGb1z1Uxjil6U65u6D9
2020-08-16T07:16:15.647161389Z 13 aFp7MNIRBUpqQHDVEHW9AUCBcgZem
2020-08-16T07:16:15.728634857Z 14 v86BCOTlQwDPWH0T4V0qDUdZwhf1B
2020-08-16T07:16:15.809389525Z 15 P2HWr7Y18KaDOjK7fPy09JUDO956J
2020-08-16T07:16:15.890352936Z 16 M7npTibsPef5ZB0VrOVDTvOr8fwbW
2020-08-16T07:16:15.971640762Z 17 b3RM7wk3XNyd6NwvRifGkqvWVM4wr
2020-08-16T07:16:16.052201103Z 18 FsB20JnkdLtVYTJEPHBq3jlpBB5HJ
2020-08-16T07:16:16.133287319Z 19 w2IcRN9vMVqWjsY5O6c8YL8p6zQP5
2020-08-16T07:16:16.214536108Z 20 HzIYXfGHDNeKz8KRtSMA231A2GsG3
2020-08-16T07:16:16.295529640Z 21 3g38AlBVva0bsM24KnSCxG3L5y7hd
2020-08-16T07:16:16.376973169Z 22 v9UoLyFLy1sZArR22D3yE0Hsynxdo
2020-08-16T07:16:16.458004596Z 23 mQwsjJT2Qh845TqYpTJFkFsVOGR9L
2020-08-16T07:16:16.539853562Z 24 th2ceuiUnD9rqWHUwV5W84Pc6tuwR
2020-08-16T07:16:16.621894185Z 25 LCLBAOn0quItxHa50Mhtn9Qu097Nk
2020-08-16T07:16:16.703904492Z 26 LeIUUvinZNrhNRhFNqyLEAsq9e05g
2020-08-16T07:16:16.785488021Z 27 MUxz6zgufaQWfaArh7X6cgfZeciEF
2020-08-16T07:16:16.866380416Z 28 6lRYrshl5zCDqLnD9ShM2oxgwTI5T
2020-08-16T07:16:16.947665892Z 29 M5rRcC2ZUt8PeTWMHJ7omZCetBVis
2020-08-16T07:16:17.028773553Z 30 Ay89Oxc5i2PvHS8RxqlaXdeSKV0r4
2020-08-16T07:16:17.110737041Z 31 GmrArqTzWz2iRxBO5oA9pDp1UUH7S
2020-08-16T07:16:17.191323549Z 32 niCowviLdUwnC9coi2n0MHuTQSmNW
2020-08-16T07:16:17.273073817Z 33 eabhsnRVk57j3GWRUQDcb2Yutubj2
2020-08-16T07:16:17.354591957Z 34 efsCPXtRBMZTLyyFOH5clhXoN3SKj
2020-08-16T07:16:17.436191657Z 35 eRrOpAytSIu4gsng0lctY83EkDR2n
2020-08-16T07:16:17.517757690Z 36 t8ZDivzzynodp4mA2FZyjmGkq7rE0
2020-08-16T07:16:17.599315900Z 37 blcPFT52MNE9MXI7LUe3pnIkQIBeT
2020-08-16T07:16:17.680032123Z 38 6nNUvB0GnH7dZUePg9n1MmXdDemJ6
2020-08-16T07:16:17.761746948Z 39 15JPH87NTYbZAO1Q1aZBVsfowvfL8
2020-08-16T07:16:17.842137077Z 40 VMXohyo3GOyDm6wEpHwLxNOOlYsVO
2020-08-16T07:16:17.923985291Z 41 rgBllAyU5Wg5teGRSwk2liDqLZ9Me
2020-08-16T07:16:18.005002037Z 42 EJ5tSGlgcbEy9IT2dlmIVJSBrYd0c
2020-08-16T07:16:18.086857085Z 43 wC1N4xwQaqqM186RuhVwtOLmilwZS
2020-08-16T07:16:18.168734418Z 44 G49pHECwVYORu5avORMfGwWqbOdge
2020-08-16T07:16:18.250945664Z 45 8rESGmTvBeKtNfFb6GGqPf8AzHRPq
2020-08-16T07:16:18.332203799Z 46 2GcUMuz3zbCE1c8qR7i6tx9k1kf9l
2020-08-16T07:16:18.413556910Z 47 NrY5fGYrOKec7VeHNEUFPKYLTfO2f
2020-08-16T07:16:18.494906957Z 48 hW8gAjFJ8DtNKssOLBoj72imZnqmW
2020-08-16T07:16:18.576194670Z 49 a25hR03iGy28VXOwpyFzChuZevxhM
2020-08-16T07:16:18.657401322Z 50 y8jP40kVVooB6jAsZ3m9ppsYDsMCk
2020-08-16T07:16:18.738338060Z 51 YuP7Bgl8WD17EinFbu1lp48LrCygP
2020-08-16T07:16:18.819323743Z 52 9hIxcFuv40GgZTiClOa1hOwyg1bhZ
2020-08-16T07:16:18.900306521Z 53 GsxprmY0UkivqSkSQ7v63w9Z7hKnY
2020-08-16T07:16:18.981342208Z 54 qPn96xlI3xTl1EruO4HuBJHEC2XoT
2020-08-16T07:16:19.062151691Z 55 A9Hk9ee9FzTk7Z4wXyXX3XxMkRFH6
2020-08-16T07:16:19.143323514Z 56 GYlD4W7BJ6w4D8i4Om2t98s6aD0iM
2020-08-16T07:16:19.224835106Z 57 E6a8yQ99BIhUKtmVAJFawe6JeI3vU
2020-08-16T07:16:19.306704878Z 58 fSpNqOyBHJR6cPMWzlMOniIsxcI3E
2020-08-16T07:16:19.387386403Z 59 WPblqbwH9AH4lhOT2VKSONOjlyNQO
2020-08-16T07:16:19.468232638Z 60 Fr64cMuTlY5inDqd56RUtOa6jc7tt
2020-08-16T07:16:19.549679206Z 61 afceb0gR96IcbZRwk6Y8pq84pHfVk
2020-08-16T07:16:19.630044776Z 62 G9U1KUhBKu5ziCvdnFInHzn31m7YT
2020-08-16T07:16:19.712087828Z 63 cMr8OccxjscSDT4JtmiMCuuiG5ciB
2020-08-16T07:16:19.793737132Z 64 YKM1OcDmgfgDqGHiGcBBORgBAs4Ko
2020-08-16T07:16:19.875581022Z 65 jljKiKdXe5cujKZ29y5g7m0j9vU0m
2020-08-16T07:16:19.956300572Z 66 A1b5GAeeO3c2kPxNPmvo0Bk00vCI8
2020-08-16T07:16:20.037051673Z 67 jzk9LKyEWJMGikraQSNbp8QaAxA9H
2020-08-16T07:16:20.118782064Z 68 tEcGAfGeM246Y8nJLNK7EczEL4yFW
2020-08-16T07:16:20.201031854Z 69 8bGT7LLVlwLb1F1T6aH7iZsggd3Wb
2020-08-16T07:16:20.282536717Z 70 pGgHv6BlBtmbk2iG1MtS1w31feiqN
2020-08-16T07:16:20.363175898Z 71 RSQ5RootEeG9CHGAF18Py7SSbZSdc
2020-08-16T07:16:20.444861125Z 72 g9VOaxS3F5DkEZglEThR8o32kgSiz
2020-08-16T07:16:20.526258245Z 73 a3FUOQnZ5MqaolR4662iMpmZyUYUI
2020-08-16T07:16:20.607614246Z 74 w3N36CTh3vi4RU4redX9ylRpLvyCY
2020-08-16T07:16:20.690029519Z 75 D61wYtn6pbOBf19XEr6sigcb2cNja
2020-08-16T07:16:20.771799845Z 76 hsZPbuM518NDrCPXTPxLAMpc5C65d
2020-08-16T07:16:20.853861472Z 77 jGJALm3thmb87QdnC9FHPwwTLhlzn
2020-08-16T07:16:20.935566108Z 78 5u5m28E2Bp4ksQbWdwRSOF5tcEo3A
2020-08-16T07:16:21.016246415Z 79 iZ5nW1GLNvMZmxRaBF8GwzlrGVStM
2020-08-16T07:16:21.097091656Z 80 lxZK8Yg9PBiohaOEnyCvzOUsyy3EN
2020-08-16T07:16:21.178314858Z 81 HpwmjYLh1cy8epeI0jZiNpuKPFJ2h
2020-08-16T07:16:21.259856297Z 82 QMd3F3hOykNCP0sy4awvV0Mbtpxcx
2020-08-16T07:16:21.341891391Z 83 g6J2y9XHHKCx1faRDOakskGZQ4BFR
2020-08-16T07:16:21.423578061Z 84 5xVmRWiOSuyKuLkYpZVjTFwMnBfKl
2020-08-16T07:16:21.503911238Z 85 3ZGXi18we8Cmm5LSNo182gnJMPnD6
2020-08-16T07:16:21.585637275Z 86 fd8rKujErrqYH4ZdO5s2sjhPn3fl8
2020-08-16T07:16:21.666213171Z 87 ejZC09eR4S4ev3rAV8v6NQt6cc0Q9
2020-08-16T07:16:21.747723195Z 88 e36JUlpPivuBFkH4GxI8N5fvgm55Y
2020-08-16T07:16:21.828438120Z 89 6q4Wkg4BTrrAWLTmk4BNYgo8ENNh4
2020-08-16T07:16:21.909225724Z 90 3Dy7TEUomSrQ2y1TGskXTG9XVlZ0m
2020-08-16T07:16:21.990265963Z 91 Ky2QPpudysrGdD15pB9eRvNlLHEkG
2020-08-16T07:16:22.070767182Z 92 rure7YuozlUMvyrLfLJwZ8udtUGmg
2020-08-16T07:16:22.152310407Z 93 VCAWyzdmWwGWF89CHXB4ab4AW3wWC
2020-08-16T07:16:22.234031053Z 94 VTi9PfwZrIuR69en9AQxFdcR8CDnM
2020-08-16T07:16:22.315325940Z 95 uKD5UsUpUIRPuRCyspsX91If3FFJY
2020-08-16T07:16:22.396627974Z 96 0tqFu0ExLU58CH97Bl8g1rVF28ukI
2020-08-16T07:16:22.477401601Z 97 2pmz9cdamy14S90QWTuXFWd8oWOC0
2020-08-16T07:16:22.558972359Z 98 6iFSvC5o6jHCmmifxXLHhvnCDnTma
2020-08-16T07:16:22.640652964Z 99 b8vwL5r3g2EJ3h59tSCdcOsu0DvOk
2020-08-16T07:16:22.722656099Z 100 TkAGOcl5fXImGqK4G11qqQr7ERmA
2020-08-16T07:16:22.804847931Z 101 alxxSKSOxAY3Q67mrcCFzuCe6fRF
2020-08-16T07:16:22.886704557Z 102 Uf4KF60jfj796OnjCiYT8f0wQ1Oj
2020-08-16T07:16:22.968874579Z 103 afk5l1KAXqf1x9I8KMaxcZi0DU4b
2020-08-16T07:16:23.050610061Z 104 wEU7Bf6lzA5FxZ07awvTObYzOfHY
2020-08-16T07:16:23.131592739Z 105 xaYRnYDOiJswVOFmZu2QwLykbfH9
2020-08-16T07:16:23.212204919Z 106 kGu76fyImJ6Xl5ak4kUpb4ww8ZXP
2020-08-16T07:16:23.293197472Z 107 FmmmmOrHtBl3rcra25A8Tvod5hU1
2020-08-16T07:16:23.374321583Z 108 PRyF3Vh4wDUpBlVtRA6KckysFW85
2020-08-16T07:16:23.455258578Z 109 Uti0SoBI3oBh7Nkrnx7JpMkSkYbx
2020-08-16T07:16:23.536365312Z 110 XqbZXt6loE6vLsOCtdY5LfS4wOcN
2020-08-16T07:16:23.617588403Z 111 FRYYvV7UU1RfHniFXT90ScUGrCXM
2020-08-16T07:16:23.698777655Z 112 mLHKleBOVzaEYUqDiaBIcvjG9pKp
2020-08-16T07:16:23.780549311Z 113 Iaal6q0fodg1gleI5OlMzU16C2Lj
2020-08-16T07:16:23.861336077Z 114 457inoG4xvLlGRK8twsDWy66rOh0
2020-08-16T07:16:23.942451795Z 115 0E7znqJigZ47WQ2ZZunnmDLJx32W
2020-08-16T07:16:24.023715994Z 116 UljG2fl1WQkWzy2QFTQ1rvvJsHSj
2020-08-16T07:16:24.104174551Z 117 GQEr7ma0HL6Iown63rY7tJhxmtgr
2020-08-16T07:16:24.185508205Z 118 tqsdDrm2tIOSe6yBbEOWqM0XhsHc
2020-08-16T07:16:24.266339146Z 119 oPLo3SfypAVwxJltqx9JtSZS7jQQ
2020-08-16T07:16:24.347779265Z 120 eN8yfdHHXdJAVu9E2rEAyCKT9GXX
2020-08-16T07:16:24.429204355Z 121 zMu4S5pGLYntPusLHDqJIfvfjJpq
2020-08-16T07:16:24.510032741Z 122 q5mKjiZ9JTPGJesUGNBmWu0npizu
2020-08-16T07:16:24.590793836Z 123 BXWaTBFc32UP7cHaqhHOkdp6AYzO
2020-08-16T07:16:24.671749758Z 124 5AGjzODMUs9YuW4QSY480lXXqEiX
2020-08-16T07:16:24.753565226Z 125 N4ZaM4X4RAwEDwb5yyisjHLvD01r
2020-08-16T07:16:24.835476554Z 126 TTgc6hqVxnqjckkHHNmztr7VHQAn
2020-08-16T07:16:24.917577415Z 127 oZZhLrtwzlPr4Aj5vPaP8ObN0heN
2020-08-16T07:16:24.999891402Z 128 Eunzm0phz5lZegUcj31JR7QiSOka
2020-08-16T07:16:25.081654105Z 129 P4SWin9jhfWvizFTvLnA3Bkjdk6V
2020-08-16T07:16:25.163064370Z 130 9p6H9r98JObbilLaezots1e4ct6K
2020-08-16T07:16:25.244485703Z 131 nKYh72HezEDQ4M4WU4kTKFMy4jZ8
2020-08-16T07:16:25.325553102Z 132 PjuJeOEWO0dUydAdY6qUFtMOg48b
2020-08-16T07:16:25.406706134Z 133 BLFyANlan66QxeFX5QuMX5BGEacK
2020-08-16T07:16:25.488739328Z 134 Z5YzsrofFjkzdLnzMsCwx9q4rqMI
2020-08-16T07:16:25.570963424Z 135 8cgJqjgNsnXz17TpnTEyXLuEYE7n
2020-08-16T07:16:25.652481675Z 136 ECxmNhdYC3MZzVJCVIFXNtxWkod6
2020-08-16T07:16:25.733241341Z 137 XdBW6VGLEG9wVPAniPGCuzFZTU0i
2020-08-16T07:16:25.814942332Z 138 61AerkofWB5k6EH10yK1QbcnXFCm
2020-08-16T07:16:25.896812149Z 139 KyO8GQcLjBU51rrVKaifc0zFrZtH
2020-08-16T07:16:25.979024996Z 140 EFkJSvyRzHBTklDVh5iEGkMeQaDm
2020-08-16T07:16:26.061063755Z 141 LjXmQeQXPrPlAMKJZKHBMyDyERlF
2020-08-16T07:16:26.142162012Z 142 JlDywu3E8fmMTd3pZxMggu1dXpQE
2020-08-16T07:16:26.223099881Z 143 PZmpYUB442LBpdUyWGxu0vVTXzFF
2020-08-16T07:16:26.304065888Z 144 RF89Iwm7G3KjuxZewgSEVI8Ncnh9
2020-08-16T07:16:26.385493786Z 145 HxuWwIdwxcpCOIXKA6zjMRPaRDn9
2020-08-16T07:16:26.465995771Z 146 TLzRKvZQWbD7PuqxMrfj29fthfxL
2020-08-16T07:16:26.547551502Z 147 knAxfOVZJBZv0aZ3UteJpsrtViHD
2020-08-16T07:16:26.627767224Z 148 dlceZbz66lgQZGjUfjg6b06BolrS
2020-08-16T07:16:26.709927943Z 149 56BpaSTwdvw4RJSEygpqSWiZp935
2020-08-16T07:16:26.791185243Z 150 UvhJKN0vCY0dVrmKDtrPm2oSPeX6
2020-08-16T07:16:26.872401463Z 151 2LCx0Sgxj4QuEaAFPjDqLcSkKlfm
2020-08-16T07:16:26.954046024Z 152 jVqOYKz2sOpgycIvLR7S8U8GHLBE
2020-08-16T07:16:27.035947566Z 153 DGkRPnwY8jWWVCIdawPaYRoHf8uS
2020-08-16T07:16:27.117442319Z 154 2tevGSwu0SiSP2ZGD7w6dqlOTgUg
2020-08-16T07:16:27.197824557Z 155 SgC4SeE73BzuGZTvdMcNrkODbRPQ
2020-08-16T07:16:27.279053843Z 156 eRyKSqfSkJSIUsWxcaQLdcMb3Gxj
2020-08-16T07:16:27.360191901Z 157 je5mOShTpaw15H69vGw3qBhx2blS
2020-08-16T07:16:27.440927280Z 158 rc66xz4qOfKucZP2VFlYL7p1GMKo
2020-08-16T07:16:27.522387625Z 159 VC4lFVtx0eKry5ViT4VSmItE1n8N
2020-08-16T07:16:27.603996940Z 160 lnDZzerNaBsxDi3dmJPHgNL4KCCq
2020-08-16T07:16:27.685024737Z 161 E7DOClz4YBvYTTEGT1YbUXPaMwzI
2020-08-16T07:16:27.766533478Z 162 2EMFTVBoQRQaBzZ6ugfTXcxHZSVo
2020-08-16T07:16:27.847658693Z 163 anhwnXwQlO6WjnoJ5xVYH8HSlr4t
2020-08-16T07:16:27.928318234Z 164 CDoArNWmVIMZp3ZlIafylLXOgOaj
2020-08-16T07:16:28.009908123Z 165 gtBKwn4nJL6r5KI3deUgZ8RIjP0T
2020-08-16T07:16:28.091893229Z 166 TmKOPJOwBiLibEOAwBkPMZ2Q3mI0
2020-08-16T07:16:28.173285915Z 167 b5DreJK4wbZoycTBqDw7jZ2yeJ70
2020-08-16T07:16:28.254334835Z 168 Nr0u3XMAk7rU8wlIcP8Ssv8pJNO3
2020-08-16T07:16:28.334850035Z 169 BDJYV78aPEls6mkz3G3z5RRpO3xb
2020-08-16T07:16:28.416100272Z 170 an3fvWmlnszSN0HFnAcE8T6RziuU
2020-08-16T07:16:28.497235267Z 171 0Dyc9hKcTB9lfmUJriHkYOeeyCVU
2020-08-16T07:16:28.578402468Z 172 TgGAt93LEe5GtTDxAOoKz1BnyxBf
2020-08-16T07:16:28.659938188Z 173 cWQMIFfD0p4v7NRypJ2uinOg1UAq
2020-08-16T07:16:28.740111007Z 174 OgKwrNJAPDorTDyblPkYR09Z3eF9
2020-08-16T07:16:28.821342685Z 175 pbn1qSNvAVoqBcoHopdONTeayG5r
2020-08-16T07:16:28.902690036Z 176 XeIORB5WXmXgmhOHhSJRRY6QpgQ2
2020-08-16T07:16:28.984040686Z 177 9j1EuaMIrdPQLyFudWLDSCYvcDDK
2020-08-16T07:16:29.065227066Z 178 uxIM3WwU6RK4M36ABAECQwxPVf0q
2020-08-16T07:16:29.146187001Z 179 A4Z4JfbGNuA0aEgFh0voi7XynGlf
2020-08-16T07:16:29.227713230Z 180 swKJ6aOaw41VdC2neb1iSS4FtzKQ
2020-08-16T07:16:29.309333478Z 181 gsmGh9D6FT7OwZ9YrcHVgFejVtL0
2020-08-16T07:16:29.389740848Z 182 B3HhG7A5L4hYYGmwihJktpmnJWaK
2020-08-16T07:16:29.471030629Z 183 Fhu3e5KIy3elhnC3v9BMktYWDlqr
2020-08-16T07:16:29.552639945Z 184 hPEQZAGtTItrr9H9lzUaANgerf8g
2020-08-16T07:16:29.634856856Z 185 5DRoMk6uXk1wwaPmhOYTogVZxwET
2020-08-16T07:16:29.716600899Z 186 vUIuSA6lUXtbR39iorYh5IHDdk6h
2020-08-16T07:16:29.798752402Z 187 FVc11MSuAtifBqH98TAhkq2DKoSL
2020-08-16T07:16:29.880455602Z 188 nHXIKIFIq23GJx9IrxQfltMLbTFq
2020-08-16T07:16:29.961497159Z 189 EqCDESybEpjP4Ol3N9u2QsSMzuLg
2020-08-16T07:16:30.042174595Z 190 4gfcDqSAlQ55PdeNCmK4VacT7nTD
2020-08-16T07:16:30.123918238Z 191 Jd32Ook7A6NTuwygBR6pwxSxs3xY
2020-08-16T07:16:30.205909768Z 192 LrnzR4bawq6H4LZVU3gg6WQKbheE
2020-08-16T07:16:30.287221415Z 193 nCZkyEbFTzQPQTa7xESIklxYcPoz
2020-08-16T07:16:30.368950586Z 194 Q7Lthvzuk9k0jYuahsCNaVNjay0B
2020-08-16T07:16:30.450599120Z 195 PFH0DHGxCnLJJkgFW32HiYeB4Xpf
2020-08-16T07:16:30.532320381Z 196 JABc6z4PpwdUalG9M0rcudxP3OYi
2020-08-16T07:16:30.613539955Z 197 EHUcbyRNXWPgwC2orqm1xPj4yMJO
2020-08-16T07:16:30.694520463Z 198 OyKCd2IWF1WbOgU0k09RVzLOnrbn
2020-08-16T07:16:30.775682231Z 199 PZeoF40EaUldl9vrMqLjhWOq50gF
2020-08-16T07:16:30.856102231Z 200 AYk8EByW5CSfeWji3kDoUlYB4J0G
2020-08-16T07:16:30.937778597Z 201 pl0RMSMpMI70hhOUShqAzgDpETDg
2020-08-16T07:16:31.019964474Z 202 kD5TKIcrvufqr9Y7KorNRtEgcgHg
2020-08-16T07:16:31.100865071Z 203 eJvBzhADqe2LjMFDSJP4bWWKst4L
2020-08-16T07:16:31.183051527Z 204 Wco3BzppLZXCnHQ1LXoFg2S3KFDL
2020-08-16T07:16:31.264127117Z 205 emENlM8Ldd2DjVFfQU8KrE0oXXMK
2020-08-16T07:16:31.344978042Z 206 GNffNSmr6f0JllmymNxKB04FKEee
2020-08-16T07:16:31.426665741Z 207 3y2wplDWQ9sdKrrNMMamyZjFbFJy
2020-08-16T07:16:31.507908564Z 208 lUBWIriRAOtHl2nFnlA41ZWAqb6N
2020-08-16T07:16:31.589618094Z 209 xehMAG8zscK1m9mR1El8EnpEPclr
2020-08-16T07:16:31.672754974Z 210 wRzCy11L6nphWaEksxwpUsBiDy9u
2020-08-16T07:16:31.753336321Z 211 cMh9idYkSSoVtr7eQZJXPo4ORJnR
2020-08-16T07:16:31.834614453Z 212 oftZ4TYrtuPlqWQeirNgGP4f9CLj
2020-08-16T07:16:31.916785389Z 213 cr6eKBVWrJdDTHfqLu8gLJGxZL7m
2020-08-16T07:16:31.998730602Z 214 1XDHdoAqFEEyNsMOaDIcuuA4wsUo
2020-08-16T07:16:32.080343899Z 215 6zYQesWSjU1LTfXnwKBWzhlQPAqm
2020-08-16T07:16:32.160880983Z 216 CxM2JHzRTOjb3D8kB5DkzI8s36rR
2020-08-16T07:16:32.242785111Z 217 u6KHGzW02zZvH6hHhsZUmyh3f0Ez
2020-08-16T07:16:32.324824087Z 218 B1ERb1IQ4ekZC2PJGzPz4pXfbatk
2020-08-16T07:16:32.406392321Z 219 eFWRUDVApPciN6WW7lLr4qklD5Fl
2020-08-16T07:16:32.487256050Z 220 AGb3GfLdsOTT5gu95u96TVLJGluW
2020-08-16T07:16:32.568961962Z 221 aynFd8QXRMBlXJVI6O46jD7x0l5y
2020-08-16T07:16:32.650357197Z 222 vpOQGYSnE8ExXGoUVwV6ctvutjv5
2020-08-16T07:16:32.730942375Z 223 Zb3AG66f54n291e1gfHJ5H3wEuJq
2020-08-16T07:16:32.812562906Z 224 gM2iR2TvcB72dwR74Jzm0VapK5oJ
2020-08-16T07:16:32.893784179Z 225 fZHTImATx7CNP4iU6CPzO9McyiQ6
2020-08-16T07:16:32.974086667Z 226 e3gKjlrNySi9CF4vW9bb6IhWHd5B
2020-08-16T07:16:33.055700854Z 227 6uDBE4konbL8soLlLTERcc8T4Eur
2020-08-16T07:16:33.138034807Z 228 nZNHShu0svbuZZyelSWhzcdWzdOp
2020-08-16T07:16:33.219033231Z 229 P87SedWd8GpyA9W2qero9ZPgRJTB
2020-08-16T07:16:33.300163702Z 230 6sraIiwOJPc3wQ4qW89rYQO2TkuG
2020-08-16T07:16:33.381510166Z 231 Uf5Bp3P9240kknHjYs9ieadCkSHN
2020-08-16T07:16:33.462634408Z 232 rrK6wUoeVncUEQKFid1hK1wOiOxW
2020-08-16T07:16:33.543305652Z 233 ML9koNtohWKLWaf8fDLBGO6mFvKi
2020-08-16T07:16:33.624170208Z 234 syDhvm1Qxt0niMVdAronsxXohjZK
2020-08-16T07:16:33.705864233Z 235 X2DuOC2JWqrrPLqtz4kAqrYaVXCW
2020-08-16T07:16:33.787670965Z 236 HZ0htyN3p0WF0gaiyuLU9bnz64Gs
2020-08-16T07:16:33.868214501Z 237 sfAVra4BNt3xPAd7owXLu9Th6IZt
2020-08-16T07:16:33.949107632Z 238 mav5FnYMEk872GrXq2AihP3K8DV2
2020-08-16T07:16:34.030614545Z 239 MbPYycRr69AQtycDNpyasptwL7Xj
2020-08-16T07:16:34.111988220Z 240 kt8qpBC4qerrQfMiYrA6nDCCjek5
2020-08-16T07:16:34.193558430Z 241 HsyNxWbDeb3ShJIaoorFCHdiKTIv
2020-08-16T07:16:34.274698782Z 242 rceMT7joAJZUCGc72Y8Kqqsa3j5s
2020-08-16T07:16:34.355965629Z 243 49Uz2pEuDcPqyIylpNDGJaCMwOWf
2020-08-16T07:16:34.437420856Z 244 c7FGmEobW57rUWTFwhWd1ybYOCmA
2020-08-16T07:16:34.518122100Z 245 m9n1VMGiwIWWeQfhzH2L8URvyQpT
2020-08-16T07:16:34.599035449Z 246 4RqdMCW6vtLPyRMSQ0RmIinhvKWQ
2020-08-16T07:16:34.680578200Z 247 tA62RRGt2of8GFo36ZyUgGm2c8k6
2020-08-16T07:16:34.761717085Z 248 4iKC9GSJ4JrwbVIrJSpjJbey9Sr9
2020-08-16T07:16:34.843777566Z 249 hQtuRET9dPb0eRX5VMPSYBY6VNIA
2020-08-16T07:16:34.925501282Z 250 TUJgBh2GXfu3hIl1ywQD7L0kTFwY
2020-08-16T07:16:35.006876655Z 251 esjuynOW9wVcVHymypE44wYNtNeh
2020-08-16T07:16:35.088294319Z 252 Mg7CsYgTc8Vqw4rtRLtvOnkzxszC
2020-08-16T07:16:35.168902051Z 253 TuHyaRy0gPysCQTHqbkMarHiRaFP
2020-08-16T07:16:35.250130039Z 254 FUr0RZSZ0xraM4Jp0JVCGbNj5swf
2020-08-16T07:16:35.331754565Z 255 lTBI07mUnQH5OaYj4jD3rzqpUKM8
2020-08-16T07:16:35.413606055Z 256 GAHYAz8Es8uUFnCHbM7ENO2vuxH7
2020-08-16T07:16:35.495829735Z 257 PFs2Ee7w0B4Duk8PSsYBR6sMHNH8
2020-08-16T07:16:35.575985937Z 258 a7N9VQt0kFx7zLFxWnq0pE7Fj7OI
2020-08-16T07:16:35.658053281Z 259 rRNuvA3WcKDqvq6lzTxpUsm5Odgb
2020-08-16T07:16:35.739497714Z 260 YddMcYkJwY0sMdRSo35I7lv5OIwA
2020-08-16T07:16:35.820907656Z 261 ENtHtLsfFjjC02vbHdHtprGPhNZu
2020-08-16T07:16:35.902145863Z 262 ImJgznUWS6kZ4JvnrbmkxgRpFVOr
2020-08-16T07:16:35.983233926Z 263 jShbaGEGQpE18o0EISspaQH96Ie4
2020-08-16T07:16:36.064588618Z 264 IVrBqIUolysdrpXyvqf6mGfTsN0L
2020-08-16T07:16:36.145621729Z 265 x08gr5N2ZInHvKni2dN88krY0nry
2020-08-16T07:16:36.226854418Z 266 dYcmNk0nos4PhK9hiBLz6Sf5Kbu5
2020-08-16T07:16:36.309330378Z 267 8dJmIS8b2QXCZIZvpdGLek9aEcXf
2020-08-16T07:16:36.390643592Z 268 fD0n0H36PmE9QNIa4NYmfpmUe0Bq
2020-08-16T07:16:36.472808460Z 269 BPmiYYLVPchoVRnja2aIlkAkDLzt
2020-08-16T07:16:36.554879999Z 270 pOS4Bk67j9NDS1ZkBQGeo1rFlLuc
2020-08-16T07:16:36.636320873Z 271 iyIuFc7GcaPrtioBdwkypK1Q5NZy
2020-08-16T07:16:36.717553316Z 272 k5ZcJe9A7gFbGIVozbiynsZT1TdT
2020-08-16T07:16:36.798310314Z 273 Ze0QMx37KoaIvhPszjTpwCuimv4Y
2020-08-16T07:16:36.879299181Z 274 JNLu58pWAmWpbFiHNm0Up5vKpgAu
2020-08-16T07:16:36.960167304Z 275 SaHtQVCgDnvxlMxvjhRGY4lUmcPn
2020-08-16T07:16:37.041779008Z 276 D6lRtu7Np5NhADS9HNvoxNeUdnPL
2020-08-16T07:16:37.123146756Z 277 bpUy5uNqjBo1oIVn9i51m55rHFCE
2020-08-16T07:16:37.204788622Z 278 cRLXNP3alSucpCFQjeXRFl4pNCwb
2020-08-16T07:16:37.285943552Z 279 vFlMYg9ABDSUY0LnDMUBEioJbvAV
2020-08-16T07:16:37.367600366Z 280 kjEAbpXl3LPsMGKoDNv2CJjLVmgY
2020-08-16T07:16:37.448148062Z 281 gaNUpSt1Y6j59kCqBEzZ9KfRxICJ
2020-08-16T07:16:37.529260756Z 282 q2SeTOeTnBzbtyM0Y8XAIdKtnu64
2020-08-16T07:16:37.610592720Z 283 d8HhhKlq3V7FVetYU8RfTAkZCfrL
2020-08-16T07:16:37.691703691Z 284 Z5xwB1sNykPN8xSq2gXX4YQYCb4L
2020-08-16T07:16:37.772503849Z 285 yXyGcuEQ0DaErG5ofLtN7UtoCb64
2020-08-16T07:16:37.853682042Z 286 dwFoY0OdQ5ZiFxJe6avm5MdhzdBi
2020-08-16T07:16:37.934669187Z 287 M3nyABdwSvig344D8w4mQKVqXPvM
2020-08-16T07:16:38.015744969Z 288 77mEHCcaLPAMdlCcQE145xbTLE66
2020-08-16T07:16:38.097868067Z 289 vBzzOECm6YPkIOlFDfsoM8A63PzK
2020-08-16T07:16:38.179941266Z 290 yCY2jMeeybpUjXGnke5hBZ0r2Cb8
2020-08-16T07:16:38.261779557Z 291 eeXwqrD0q7iQ3RWazntqS5hqTZCo
2020-08-16T07:16:38.343733538Z 292 LfEnTD4L4gTV8r7B48rsrPVXDgJH
2020-08-16T07:16:38.425553010Z 293 D8WhjuIxTo68aEuMYvx0aoxgsMDr
2020-08-16T07:16:38.506614964Z 294 VTbt5qJ8LcsOoXR4UnMmTRG4k1TR
2020-08-16T07:16:38.587995173Z 295 ZBZeVbHTByf8rwPm23YuCCgAA36A
2020-08-16T07:16:38.669587577Z 296 ZrQn8pVJVaGPsGsRnAfU6Hnt9uDu
2020-08-16T07:16:38.750094858Z 297 exRbHrzFdbPGj8recjzAZjXgUSuO
2020-08-16T07:16:38.831154500Z 298 Xi2O9nZY5uYytGzXKTMwwgUq0lPi
2020-08-16T07:16:38.912530257Z 299 UXibwFTRIAL3taLjWtmnK9D9nbhu
2020-08-16T07:16:38.993236733Z 300 3j3cK0cFzrPgxhnmhqDJoYeLyezz
2020-08-16T07:16:39.074997963Z 301 MqshZOHrZsHgoynNUty4UqOjJEKC
2020-08-16T07:16:39.156088042Z 302 37UlDi1gZLyJBGbUJl6Lu5PqjK1E
2020-08-16T07:16:39.237285681Z 303 fuRbojXNMumzC3RbxBRdkj4AC4Xu
2020-08-16T07:16:39.318815390Z 304 Qbr6J3RjD1D7QI2fpS87uMYucLF1
2020-08-16T07:16:39.400530122Z 305 gz4AHc8egcX8BElfX5OHmUOlJCdm
2020-08-16T07:16:39.481587191Z 306 g9Xt9BNIfdRZtn1zRFxOROaIIVHj
2020-08-16T07:16:39.562453198Z 307 WqjNC6lfL5T8nbuAdE2Oil2GawVi
2020-08-16T07:16:39.643221097Z 308 q1FLpmZbWIpJvYIizW9ERSgHlfR2
2020-08-16T07:16:39.724545613Z 309 7nrgAYhjbrum9e6blBKAlFhfbjMa
2020-08-16T07:16:39.805393917Z 310 mnjj1NmAsfAU4tskFMbyO2wb9jPN
2020-08-16T07:16:39.886131163Z 311 Qm34lGYUVubyQzszIJFOOma95CWU
2020-08-16T07:16:39.967351740Z 312 4x4IWzp37IAz6trsPCWOSjlMID4d
2020-08-16T07:16:40.048896603Z 313 FuBPm46GxzwlAcFH5aBVkmII7F7a
2020-08-16T07:16:40.130505155Z 314 M8n7DQV9Gkw5YbEGDeogcLuUCa0z
2020-08-16T07:16:40.211355047Z 315 ufkKoKoZ7HVokYgC3fMHvbyb7Xd3
2020-08-16T07:16:40.292071377Z 316 AevWFVuya4NNfYlTKeopx7AiyEpR
2020-08-16T07:16:40.374077655Z 317 gYeN8L40cknZqfYzaS1qBM3mGEtH
2020-08-16T07:16:40.455967812Z 318 g0SFTomz9EVOO56c7JXgiYtWLyba
2020-08-16T07:16:40.537672704Z 319 21pPiBYedVH0fE8sGpt3d19PSbOC
2020-08-16T07:16:40.618900774Z 320 AEaYjUBS1D5PlHxhWydPMDCI6wN2
2020-08-16T07:16:40.700566911Z 321 DS8z3hR3sRHh3ebHLWjpvW4tHxXo
2020-08-16T07:16:40.781658852Z 322 fSjfNbENzv5hhfYi5rwDDMlEyiQ4
2020-08-16T07:16:40.862475592Z 323 phm9aq2nsOabaPDUOUgcuiXqk1S1
2020-08-16T07:16:40.943504928Z 324 BqpIw84ZMbVR60xBwN914EXaoHOQ
2020-08-16T07:16:41.024622025Z 325 ulswbPPGk4iWb7Lj3SP6dmP1e7UB
2020-08-16T07:16:41.105535107Z 326 RVSruO3lE9R86PB9kHB6XpW4THeI
2020-08-16T07:16:41.186252790Z 327 iXMr2Gbd02Wdotmv8mJxiiXmZHxB
2020-08-16T07:16:41.267678074Z 328 k9FXeLXgMYNjUCAg2q2jNcL2tPMS
2020-08-16T07:16:41.349569677Z 329 v21u1XXQbWFrNTOHcWNgUX2tKtZm
2020-08-16T07:16:41.430658173Z 330 FKv3grZcB0CzXptPGNmRAS3bKNNA
2020-08-16T07:16:41.511241310Z 331 EhP7P6ie09CVTmIVlmRXsNtSH2Rm
2020-08-16T07:16:41.592890026Z 332 XZeIpDebLwcwcLj5TU882XINmmW8
2020-08-16T07:16:41.673514598Z 333 wj3bHF0hzDWBMpucyy6v7p38mt2q
2020-08-16T07:16:41.754499651Z 334 YLkGunFQZS47jfgZKC01j1tHuVov
2020-08-16T07:16:41.835242039Z 335 JryJbGcjEInCmdF026kjQIowEFLV
2020-08-16T07:16:41.916082720Z 336 x4jeZws4xyLRLx9PhY7GmXi8kJdr
2020-08-16T07:16:41.997705996Z 337 ondb307P36pCxsWJlFrZdlOoAKLI
2020-08-16T07:16:42.078931042Z 338 iwkFtETPrdBODfBRy0qGDKkgo7KE
2020-08-16T07:16:42.160370084Z 339 HZflQXrsoJeg2ahOJcXVau7lP98T
2020-08-16T07:16:42.241369119Z 340 X0pxS0bezb9OVfEgeHvApraAx2hW
2020-08-16T07:16:42.322628635Z 341 8WBGRtqpCZOgzwtY0xjWnXfr0zDP
2020-08-16T07:16:42.404071212Z 342 fwu2tek3rDCYnTDaOrAzaxq5U37D
2020-08-16T07:16:42.485092587Z 343 7zbANLps67n1vdHthQXM7dzZH2Td
2020-08-16T07:16:42.566944941Z 344 0SfU5HNvDccZqQYO3nlBDZgCeqXx
2020-08-16T07:16:42.648532107Z 345 7i0pgsc6hO4C1aXXDDBfW9fJC7qC
2020-08-16T07:16:42.729324467Z 346 XIPYqtWZeE4xjgH1H0G9q7FwTSc3
2020-08-16T07:16:42.810569902Z 347 u0YwOqUzeWfQ2paFNnkKiMwSnzRc
2020-08-16T07:16:42.891865969Z 348 aGwKg9ZmrM00eIBt1aV0H8OYQMnn
2020-08-16T07:16:42.973321762Z 349 sRKzCNmPWYPds5VuZ8ZdVXozcCXy
2020-08-16T07:16:43.054802637Z 350 I554HMrjiVUCvBG38171Y8pJc4oO
2020-08-16T07:16:43.136318661Z 351 XKJerB91eFpGilqehKrNYDxZYEf8
2020-08-16T07:16:43.217817102Z 352 KhRCxKShaNkRUGTjiX2BmIFgdvbX
2020-08-16T07:16:43.299691581Z 353 VtN6ONsWDhdaZcHS8YaR6yAbnRNZ
2020-08-16T07:16:43.381554114Z 354 ZNSGPJLhHnhe4mxI1v8ozEWUA1GF
2020-08-16T07:16:43.462606426Z 355 Yq9sS9ONZYXUxFtjvyylsxDxi8sb
2020-08-16T07:16:43.543253312Z 356 vjAYNrbllJRUPtcKGh2SC6PgopQ5
2020-08-16T07:16:43.624513166Z 357 hxQgKnXKiB4VZuOXZYbCD90wlnfQ
2020-08-16T07:16:43.705628941Z 358 z0HBZxLnvHpTBQJiPvYV1xSLFxjj
2020-08-16T07:16:43.786328650Z 359 mHJGP8gnMIxxKbTHDRftNn4N76yk
2020-08-16T07:16:43.867857905Z 360 9W3ArSySVMO5jek83LoP8s8BeZHa
2020-08-16T07:16:43.950087855Z 361 Y7PVDNC848JhCZzneU17ck9WgYP9
2020-08-16T07:16:44.032727220Z 362 TYN3QB1EfLZwEDSA5vfEFRlF3ga5
2020-08-16T07:16:44.112666806Z 363 6qwz5IKigTZXjDW9AJ7PC9KBt75j
2020-08-16T07:16:44.194525785Z 364 BkTtN4sQd9AN6HpfKXPNzcZTq2f4
2020-08-16T07:16:44.275659096Z 365 Sw7H44Fwj8QuwWQg6sK4f9jsUwpR
2020-08-16T07:16:44.357433229Z 366 Hz6D0Y2HinuMuV9mvo6cwNwfsa3i
2020-08-16T07:16:44.438406794Z 367 wC49NeBd39MdFTIHWmmdCQEkiGQe
2020-08-16T07:16:44.519139154Z 368 qwgJ3dZIW6LuMlGB6WoTdcoNLxi5
2020-08-16T07:16:44.600878663Z 369 HNjCv8LMPlwm8AxLnRFm5Qh5vFrW
2020-08-16T07:16:44.682407866Z 370 BrvuDclumf2R8H9AqxnQ6xBads8j
2020-08-16T07:16:44.763215892Z 371 rAcmkBxdu3RK4DqQfUmI5HjztnZk
2020-08-16T07:16:44.844312729Z 372 ORTfQLtr6u9c7XXItbuiQdx5u6yE
2020-08-16T07:16:44.924953718Z 373 4pP7qNIp6nxTR0gpNoPaBBtr2T9m
2020-08-16T07:16:45.006331796Z 374 RO8TuPUKNLab0t6rEtzyC8RyNy0n
2020-08-16T07:16:45.086943815Z 375 8Hl5qgwTzxXDmi3AWntSxlhoDWCn
2020-08-16T07:16:45.168710010Z 376 CNzS2lD3TsMScsVx27rIS6tcYntY
2020-08-16T07:16:45.250497063Z 377 cegOWmAL510LvnN4s2J4n16KgUtA
2020-08-16T07:16:45.331282745Z 378 E77h0DX1XKWEfMrUt0vJsgcFp8TZ
2020-08-16T07:16:45.412018862Z 379 7bvlREER9z5wcgtnbEUtgSCaPTW8
2020-08-16T07:16:45.493089373Z 380 dVq7mfAiMW7uy6NdHTyUITWRBxFk
2020-08-16T07:16:45.574870182Z 381 vM6SlC2BEP9ubqdATAXh89dyA17g
2020-08-16T07:16:45.656718772Z 382 EP8fpHaOghB4sZD9IO67aUkwFPTp
2020-08-16T07:16:45.738830268Z 383 q4cNpbWzcWKxlBTRfIXVwBaCpWAz
2020-08-16T07:16:45.820579149Z 384 A79FSWsInwTj8bQ7MhQzHfGopXBo
2020-08-16T07:16:45.901314538Z 385 vMWaCrcaxR7AyNKHfK4uWIpGCYEZ
2020-08-16T07:16:45.982165319Z 386 5P8vuK3EopiaOZtaE3lsiLMAQvPj
2020-08-16T07:16:46.063272677Z 387 JioPX8wOjHNX83EnGO32y3vbbFnj
2020-08-16T07:16:46.144178080Z 388 IF2IRHi1ljSm3orPotVoEGtjbB0y
2020-08-16T07:16:46.224943989Z 389 ShceGi2L8cgpJ9X11HWTnMAArPVL
2020-08-16T07:16:46.306437811Z 390 YrRr7NJaDcU1GM8ql4yyQV02FaWv
2020-08-16T07:16:46.387655159Z 391 sqFUKlBLPELBORdCjbq3EnkI2aC4
2020-08-16T07:16:46.468557507Z 392 P7ZX3E8baePU875Xs6Iv76wDZGIl
2020-08-16T07:16:46.549516288Z 393 k9lUJuDx0F61Ls4RUaMHNrMeuDdV
2020-08-16T07:16:46.630753823Z 394 E0exmBE7fKKTOEzkUXNhWR50Cj10
2020-08-16T07:16:46.712949640Z 395 Oz5evQgcLKTP5dK4wJhLUYHWD2Hu
2020-08-16T07:16:46.795013940Z 396 3AX5UbALHG3GmfQI7lqmOrewIBba
2020-08-16T07:16:46.876989096Z 397 3WehNsBArp5UQLuWyQvVxvHXd3fR
2020-08-16T07:16:46.958899852Z 398 v49mhzrU9Vz5qb02s0SanVpEby0u
2020-08-16T07:16:47.040390929Z 399 euRJV9xkTwz8PvDZbutgel9PVJ4q
2020-08-16T07:16:47.120942491Z 400 ELDvTgdGbUQsLZYBaV1ERsDD1uIn
2020-08-16T07:16:47.202001476Z 401 xJIfec1db90oeghSkrefxDVD1Sfl
2020-08-16T07:16:47.283363209Z 402 9oLv6qSkwE4EhFs77ft0dfQ3Ed87
2020-08-16T07:16:47.364813365Z 403 CLz7MVOqPdvh9FO5SH4CAjrRoHer
2020-08-16T07:16:47.446824395Z 404 mhGFTCOphTvpXpLqAInRdK7xYlf7
2020-08-16T07:16:47.528865088Z 405 sGqZTWwoTA2vyDCUNPiuetxKo0XC
2020-08-16T07:16:47.611042565Z 406 AopbbM9RLIiyuxJajG5Znc4OriqR
2020-08-16T07:16:47.692610001Z 407 r5zRgvUrzitCGY6lzLajDXbpumQ2
2020-08-16T07:16:47.773497100Z 408 qKgCJsg0bfMGKyG9GlZNG6VztRsR
2020-08-16T07:16:47.854172277Z 409 ESZsjLMgWOiHGigCz6RsaOBQD38j
2020-08-16T07:16:47.935328083Z 410 B5UDZHAz0kbXMbiIOr2xcMjxL5eZ
2020-08-16T07:16:48.016174725Z 411 BvyursiY58o9HC00q8SS35VnYIzI
2020-08-16T07:16:48.097370417Z 412 82Tu5cDhUcayyc0blr65hAkgZiLt
2020-08-16T07:16:48.178089437Z 413 t7I9zQxOZ6bqHXDmAYU8plpRAlnl
2020-08-16T07:16:48.259494807Z 414 ehQEHtKtRG7y5PWunozguA2ZsPHc
2020-08-16T07:16:48.341670154Z 415 g6POcamye2NDXgJdU4I0ltu0KsRn
2020-08-16T07:16:48.422731617Z 416 jAtzAlTJqbqML5es0IpHlCA7N8Dt
2020-08-16T07:16:48.504415097Z 417 YLQACABuFSbiupURPi5gKobpnJE1
2020-08-16T07:16:48.585147003Z 418 gFVvZEQBAf7BCV1V7WmJXdAOGJZ8
2020-08-16T07:16:48.666836654Z 419 kgHnjZ0FimOwTjITIACPGfTopxRb
2020-08-16T07:16:48.748677808Z 420 wEuIJwaIDMpTD0Sn1RaTKjHJOy6o
2020-08-16T07:16:48.830574190Z 421 S8DB285sZcVckYj2JyGL5xkMS5VS
2020-08-16T07:16:48.911416977Z 422 xnstXNc6d4HUZW99LCO3iiY4obg3
2020-08-16T07:16:48.992733740Z 423 4ioD5n2w7tGO6RRQY3yVbiloFZ6J
2020-08-16T07:16:49.074353709Z 424 ks8QQ59GTR858lNuxzTJjeqVBdV1
2020-08-16T07:16:49.154937612Z 425 YBT0TP1dEJUjz4vYYaVPIGypHbI4
2020-08-16T07:16:49.236375252Z 426 bv8HzsF298NeWAY9OQPQW9DaEV1h
2020-08-16T07:16:49.317848891Z 427 SKAihjkhg3RCx744tIqIgGNYfkNv
2020-08-16T07:16:49.399096299Z 428 OwRwozdIsbrwXZB2uvg62fCqJaMZ
2020-08-16T07:16:49.480023371Z 429 41eRKa2zRA6lb5v9LNrbmZTDX74I
2020-08-16T07:16:49.561495151Z 430 wAv4VvghWieeLiH6WPlTgr9u3jZs
2020-08-16T07:16:49.642648114Z 431 1Nw7QDXxC7wZvl6J3bSRqkcs4R1s
2020-08-16T07:16:49.724148485Z 432 hAfKY6PNFZJDoehr4zqbSl7WrHs4
2020-08-16T07:16:49.805317193Z 433 BOrRzSSdvYYZyMkOzuydILqtIDsD
2020-08-16T07:16:49.886751053Z 434 6lyz8aqQKh5Lz9Ojv49UQQRtwZbM
2020-08-16T07:16:49.968441628Z 435 RUwbSU22OARNgkQASJsubB0B5HKe
2020-08-16T07:16:50.049314350Z 436 9KW5Kqm34carKkD6c6SKzVErbbAE
2020-08-16T07:16:50.130697650Z 437 yxrZCK77jodcJkXESKcKXS4NijUd
2020-08-16T07:16:50.211742978Z 438 MMENCDBJI3PC25r723oib0Yokq96
2020-08-16T07:16:50.293915751Z 439 JmtJtM9JLC48jucqdAUoitbzNrTF
2020-08-16T07:16:50.375980092Z 440 PExFaXXIOp4CBphPS2Jw6Hr0YJpU
2020-08-16T07:16:50.457166261Z 441 V7Etf7FDkW4fHhwyk4ZUfPNJR3Cv
2020-08-16T07:16:50.538997319Z 442 byd8mNORKCaiSrshLKr7cL5AvShv
2020-08-16T07:16:50.620113576Z 443 D6BCRLqWgnbFXXr2wBImFyER0JYQ
2020-08-16T07:16:50.701762472Z 444 bsBqHeY4EG786e1QQByIs26EtfyC
2020-08-16T07:16:50.782988141Z 445 X3oQlg08fQPOiT0rUi87LZvR5DVd
2020-08-16T07:16:50.864591904Z 446 S4k8LqMZfNeZ6gKm0BXU8LmLrCEr
2020-08-16T07:16:50.946587042Z 447 CR1r06My1z1QqA3m9oQgCiIGNw0A
2020-08-16T07:16:51.028004957Z 448 tRi1q5yYKSQryWsbnig1aPBAvbsM
2020-08-16T07:16:51.109877017Z 449 cek2KhjyVcithY1CT9Hmu2GWCmvf
2020-08-16T07:16:51.191144118Z 450 3ieCOQv1qjqrMqXnVc0QkSbDBMgO
2020-08-16T07:16:51.271943718Z 451 sqLl4MNCiV2gDCZWfVRWmnE6716V
2020-08-16T07:16:51.353482223Z 452 AbzJfj3GKnK5e1AyBr9hacvzaJ2q
2020-08-16T07:16:51.434874421Z 453 xya1tYyxeKyqeoRdGZXpbydVyr5u
2020-08-16T07:16:51.516288304Z 454 QmIkW1B5ZDFYcX984KFpYrKXxJEf
2020-08-16T07:16:51.597454983Z 455 7qTmv2aBLwPPGjvQ1ct40ZeazNX4
2020-08-16T07:16:51.678791026Z 456 zWbfmvhQKvfmyN12F2FcxgwlImGo
2020-08-16T07:16:51.760450150Z 457 RMlMuOV6ya3BEwy17gPufTxirMBW
2020-08-16T07:16:51.841298163Z 458 1CGOUcuZXCss2JNNyArGE7SleMmO
2020-08-16T07:16:51.922192219Z 459 iT1oSe9xdjgo0l0yhGZonHUf68dW
2020-08-16T07:16:52.003728403Z 460 M8w8ksyFUhb0oD8SqIzfpZUgBA2S
2020-08-16T07:16:52.085546538Z 461 UU8KX7WblgwfNVgBHiZwCB7u92zq
2020-08-16T07:16:52.166139583Z 462 OresmjuYWm4VZlkwk7mNGJq5KljM
2020-08-16T07:16:52.247213503Z 463 bZMT3uz1DDZ0RYZrHlvu23zjW4yw
2020-08-16T07:16:52.328537205Z 464 EUt3sjthMmpoFKjPICsIbXLXAPlZ
2020-08-16T07:16:52.409889984Z 465 mcbjRtZmo3IIOiplCjPuhPp6EyBC
2020-08-16T07:16:52.491058083Z 466 HonmFPcSBvonFOd2j6HDyY0ru0Ce
2020-08-16T07:16:52.572482403Z 467 LIvAfIMO1rKaHrfYhbGZcJRJunYd
2020-08-16T07:16:52.653484644Z 468 kGdhQkJAbIIybZPookMqtG0sVtj7
2020-08-16T07:16:52.734382426Z 469 DueZILkcVSCUYMt1pCOsx49vVOx4
2020-08-16T07:16:52.816122154Z 470 3aLnciTLeOv1aBJy5rJKxPy9EkMz
2020-08-16T07:16:52.897693234Z 471 JaXAvvMhI9CSb6BWR1yCTP9kRZLF
2020-08-16T07:16:52.978742416Z 472 Gv9NuOOqLyqob48LFafyBZKYhavx
2020-08-16T07:16:53.060081172Z 473 fuHPivS1yi5pCcqzzj7iIM49mDg5
2020-08-16T07:16:53.141710180Z 474 nF6fpaRb0ImZIDro3WrT7Uhp6i3G
2020-08-16T07:16:53.222698141Z 475 uen4NB3MQ7qas4tqgBG4WPn3lwjt
2020-08-16T07:16:53.304292594Z 476 5LXauWyODsJerQUch4IGVYB1DdSy
2020-08-16T07:16:53.385374510Z 477 4PQOStWgzPr5G1CoTxRfGyfstDLf
2020-08-16T07:16:53.466591119Z 478 tmmigS6cEOE0maa4QUI2ROZTfUOL
2020-08-16T07:16:53.547583472Z 479 O80ryvg909Z9kGm9RzRkKK7eAciG
2020-08-16T07:16:53.628115565Z 480 IlUhjbu1uFnnKkkbVK59Mwrb4AOv
2020-08-16T07:16:53.710005864Z 481 xJ2twa8RTzDO10Frg0nbfKp2QUyX
2020-08-16T07:16:53.791356990Z 482 R4I1lA3vDhW2AlUoH2NtiFY8LWVY
2020-08-16T07:16:53.872977006Z 483 pH0siJ3iJm6TFwZuhKrlIWCUUukH
2020-08-16T07:16:53.954313666Z 484 0pAkJH41VlFehTPAhvrnsNEYTd0Q
2020-08-16T07:16:54.035042052Z 485 1eXw8IcUNS0cllU0dZcqclewRAzu
2020-08-16T07:16:54.116201322Z 486 OzQLCoFUivoQJ5U8JlAFbnBnpodY
2020-08-16T07:16:54.197202924Z 487 DzYG8ZPq5RtXHvujaqYbH5KmqypL
2020-08-16T07:16:54.278158878Z 488 HlLcVmfLKTGLLxV3jMFTlI4S47jg
2020-08-16T07:16:54.359134815Z 489 GSdREzqCg6P98u02zY120Ipm7bEP
2020-08-16T07:16:54.440916921Z 490 Y5egELrDLFLtSvo6pQXXemxdohl4
2020-08-16T07:16:54.522705514Z 491 IubEaly0Vr8BeqQFr1V4fc52eXEl
2020-08-16T07:16:54.604500103Z 492 4wfYHSUuFIfTGzkS30dEeQtk35uV
2020-08-16T07:16:54.685860238Z 493 1cqn0hsJUHYwbMdW2EaUtyB6FIA8
2020-08-16T07:16:54.767926999Z 494 Bn0UgssqoJglhVyRALfOC150tptg
2020-08-16T07:16:54.849998519Z 495 0QEtYxhduabKkd7iorz5NINxcR4W
2020-08-16T07:16:54.931666843Z 496 Q7dMADC5dwpjObjdRDhqCEejxcPf
2020-08-16T07:16:55.013437590Z 497 vieihvFp6vHtcustZ2ltWNjpHwdT
2020-08-16T07:16:55.094122913Z 498 TPBR4l37MF9jD1gsQGTvWvKCvWdp
2020-08-16T07:16:55.175061997Z 499 7CTDYc8GOlaADBNbEiPZFWedny3s
2020-08-16T07:16:55.255952496Z 500 FGmtyWHkHarWoPFcbzpLcZRIlEsV
2020-08-16T07:16:55.337720176Z 501 QL0itHimX9NceSoKXM1uj0c4vaGp
2020-08-16T07:16:55.419546248Z 502 6BhWPyMe97yOVEFVUQUkK1rPJK48
2020-08-16T07:16:55.500663492Z 503 lSrsy4O6ciHRkKpBwWXvKiFS7wXz
2020-08-16T07:16:55.582817976Z 504 zEFBMHIzvcHYxF1zgW22jE15pCQa
2020-08-16T07:16:55.664774290Z 505 TrDDM44GNQgbaNwzBOFP58Vn8NrR
2020-08-16T07:16:55.746522801Z 506 kEafWQTRV6Xb8vorObHApRE8GCRe
2020-08-16T07:16:55.827817805Z 507 yIO4Wa7kUZtgSi3Sw7Z93brgGhkH
2020-08-16T07:16:55.909434397Z 508 jTZA26H2ZrKhNhNpusux64pfUoEr
2020-08-16T07:16:55.990273232Z 509 rZyLg0EPmzAAGV2WdZJgddtGo49D
2020-08-16T07:16:56.071192460Z 510 9ZkqjOFKcGdTFizEJ5KAuQwzsDtw
2020-08-16T07:16:56.152771994Z 511 RSq5Veq9jKxv5bHWmghiiwReFTAp
2020-08-16T07:16:56.234161520Z 512 fGYr91AmFPkeVFcjQGI5NOwWJaZL
2020-08-16T07:16:56.315589081Z 513 1Mfi0i859AI1KKhXoPKiDHgaU1yb
2020-08-16T07:16:56.396488789Z 514 NqdUekBiOLyJBVqYKioBm5P2BAeK
2020-08-16T07:16:56.477470639Z 515 pa1EGzhrYEe2m7XuC924uPDBweyF
2020-08-16T07:16:56.558881811Z 516 fFOGI1FN0iXYfKDvJlhhHdPtaLPa
2020-08-16T07:16:56.640805326Z 517 vqFOlrYYVnJLQDmvyY8okt4FBS6f
2020-08-16T07:16:56.722492218Z 518 ZyzRTLF9yH6U0gMknn29woUMit6c
2020-08-16T07:16:56.803857814Z 519 k3wCZlsYUx0urBtTMTb4jOmYBxbU
2020-08-16T07:16:56.885093025Z 520 8tHdErA3S73YFdGt5ZNzqsyh1R2r
2020-08-16T07:16:56.966501576Z 521 4C6TwP9TQyeuGojg4QqBZuoEUfQR
2020-08-16T07:16:57.047389804Z 522 DzX5gHdWwTSpYwOaSQqc2iJquCxp
2020-08-16T07:16:57.127946002Z 523 6CxFTjZqrEuKaklkNsfUMtfEcZQ6
2020-08-16T07:16:57.209185103Z 524 BfTmhITIwuK0WxdUwIt1oZxanaB6
2020-08-16T07:16:57.289860611Z 525 i7dcz247eNnIdVWbJAOS89xW3wtA
2020-08-16T07:16:57.371503447Z 526 o1z5DAb4T7N4xquZ0VpCahBb1ckF
2020-08-16T07:16:57.452756120Z 527 0FTo94gKDJgvuj5NPAB8w1NoAn2q
2020-08-16T07:16:57.534439504Z 528 B2olPsi17wwXV0WNFp7lCWNbocRM
2020-08-16T07:16:57.615364639Z 529 BnpLzDpuPyWdv55jCK2exd1kdmQ4
2020-08-16T07:16:57.696277575Z 530 ifK9F38R757aBWc8gg9BEMmsB9LZ
2020-08-16T07:16:57.777069758Z 531 E3WazN4BZh8IJVWX5wPOMzcyhUdb
2020-08-16T07:16:57.858254858Z 532 O8KmP9jk56MypaIEep7QtKn61nVq
2020-08-16T07:16:57.939327885Z 533 ENVqbnHPDXlkwZV34AjwDJ9qibzj
2020-08-16T07:16:58.020937934Z 534 iqkipFXkKjlpzJBIJDEHxWbRj3L7
2020-08-16T07:16:58.102919843Z 535 vKBFW3LKaI0JMhAINmC1zRK1sT2x
2020-08-16T07:16:58.184489092Z 536 44sPAEf7A9TzogzfhWSXhZvWlY2b
2020-08-16T07:16:58.265828312Z 537 WPXqUtwSSXtDgz0Zn2pAwD7qZYnQ
2020-08-16T07:16:58.347552256Z 538 KVZD5RM4uto25zmxHMfz2KuNCbND
2020-08-16T07:16:58.428316965Z 539 IfyzmvlqmCvSCVLHl4xQf9Ml3zvo
2020-08-16T07:16:58.509850850Z 540 W89qfTqGis6rLPr6z3ml3kJ0oApJ
2020-08-16T07:16:58.591930946Z 541 qfbNdQdrSOPhoIusBnzFrjaRlw0z
2020-08-16T07:16:58.672360318Z 542 4tn66NDPGLm3aFXXwe5tyywQXrY5
2020-08-16T07:16:58.753381953Z 543 ckuIVdQIn2iwG7C1BJaiWzB6Pcq4
2020-08-16T07:16:58.834869680Z 544 tmpxj25Ged7fQA7VkTJ0IManPqxw
2020-08-16T07:16:58.916664771Z 545 TuBAF3mpqgvFwzM7iIVKF3Q0m6CJ
2020-08-16T07:16:58.998060677Z 546 fMe4gh3bPrZdmQRRqTXeyZrObFJx
2020-08-16T07:16:59.079328552Z 547 61b7XAVSh2w7OqEFqMLlRv1zq6zK
2020-08-16T07:16:59.160604677Z 548 kZ60Pw6zuAzGxzmWCUxFVwvimEao
2020-08-16T07:16:59.241163241Z 549 P4hjBnSMqQj8IbFK499DDpcaW9vO
2020-08-16T07:16:59.322529986Z 550 eIAWvpHWxh4fnJMrD28vWdRAn5JJ
2020-08-16T07:16:59.403278655Z 551 V05icHMMrG4O9vRY1MCWcNw84cwk
2020-08-16T07:16:59.483784579Z 552 WTl9Q2ITc4nkJyJKgyIYBsJu0iKm
2020-08-16T07:16:59.565779730Z 553 7ViDOpyuLxydgujqUd2OyMvmZlTU
2020-08-16T07:16:59.647139174Z 554 drvKMGgMccNoqzuoABw8bU7NUWj1
2020-08-16T07:16:59.728611490Z 555 w7uLdN4BHEkuMHUT2VklmFWzBGId
2020-08-16T07:16:59.809339610Z 556 NM3Cqy8hwTFQXrnL2TFvlkOpHrXq
2020-08-16T07:16:59.890007315Z 557 5HwPmNyiBc7Fr3R9Z9PgUaR7IiEv
2020-08-16T07:16:59.971189045Z 558 ctQ7WQOpesnoL0RQq1jB1TPqZBjT
2020-08-16T07:17:00.052216373Z 559 6I4I8ss6sXjI8ClxT0ETvgY3hVxP
2020-08-16T07:17:00.133485994Z 560 DdLUsykAmbfy1ebOEfldC2owjI7c
2020-08-16T07:17:00.214254189Z 561 ENy0T4Da2nu9SBAzT45bDCvcYzdk
2020-08-16T07:17:00.294910431Z 562 Icxcg04OUVKDZRGRG89VgUH4CzzZ
2020-08-16T07:17:00.376164000Z 563 hXTi94kc5uR2Vz5fo3sVt4Qqqa1j
2020-08-16T07:17:00.457781595Z 564 rOB9fsQOv5brW88XZIE0I2MkLcQM
2020-08-16T07:17:00.539089130Z 565 Vjkt0dNEtle6iRIqyF1I7ocDuDKK
2020-08-16T07:17:00.620250511Z 566 Cve8ErI6rjEPbSo6dKY7OGGBwHsR
2020-08-16T07:17:00.701485714Z 567 pJ4rV6jT7Yt9IG2THygijt6JF514
2020-08-16T07:17:00.782397913Z 568 W7sgecu0mNXgQqQVZmgh6wOwS9Yd
2020-08-16T07:17:00.863796214Z 569 rcr7codIvZqBrM8Lhdy5QKk77Hjd
2020-08-16T07:17:00.945605312Z 570 FQbb2ZjRUJDqHrfANMesHesfQENn
2020-08-16T07:17:01.026701793Z 571 9S0HvpwU02bE956Yi65zOclTBfP8
2020-08-16T07:17:01.107193740Z 572 HtkCIqRcsiEtn70LIJVvPcjt2wjv
2020-08-16T07:17:01.188726303Z 573 k6xplpJd4DclPPVkZOFYCci9bXRM
2020-08-16T07:17:01.270491458Z 574 PpNY1HedRrYr6nzjMusF1CmnJnsp
2020-08-16T07:17:01.351773938Z 575 HvyBBi9IZXji102KrPqk1lSiC4xS
2020-08-16T07:17:01.433101395Z 576 mPASmKtZnbe1E84EXQhx3ROp7TYV
2020-08-16T07:17:01.514337791Z 577 8ZFFrMu6giEahJ8lWFKJpGZYeqPA
2020-08-16T07:17:01.595349592Z 578 vaD1TjixVvcHrh9pi3e8HYLuY8bJ
2020-08-16T07:17:01.676590076Z 579 e3WSKfA74L2ihhzdP4cPYo459jlF
2020-08-16T07:17:01.757118419Z 580 SK5Jx26xG5kT5EKpcH5S18Z7h4hI
2020-08-16T07:17:01.837953126Z 581 qfLhdZyVvXyir7ZWbD2Bgsp97DiQ
2020-08-16T07:17:01.919391934Z 582 qAPoLlRYlhb5Ccmbheej2447noTo
2020-08-16T07:17:02.000831298Z 583 gwKDPyeuk8wEkFKLkJWAGLvjdRB1
2020-08-16T07:17:02.082094829Z 584 Qf4UK4CqNi4748QnyHdZd3fJjHR3
2020-08-16T07:17:02.163704319Z 585 Gj9oFgiiPVNlqIrlmfFBCkHFj6zL
2020-08-16T07:17:02.245028632Z 586 Uz86ZRGBle5PvaWgds9ZJZc6YN44
2020-08-16T07:17:02.326292287Z 587 XR88fcvkXvJwaSNUHlDeSN89EfzT
2020-08-16T07:17:02.407359653Z 588 Qmzx7VdYno56RuYMN2cpQ6qfpr4o
2020-08-16T07:17:02.488689939Z 589 YzCuSmYugnCNaPrraIXPIb48fwB0
2020-08-16T07:17:02.570202194Z 590 ltHQwQ6b3zjXxZCXt88yjiACstfO
2020-08-16T07:17:02.651646427Z 591 Mb54C7nniRj5zY7cmeFJH1Y2J66v
2020-08-16T07:17:02.731989520Z 592 4mXHbIs4koHBz1uSAlw5wwunHRrE
2020-08-16T07:17:02.813479889Z 593 k8Wfct9k9tXyerbDDkrasHlMTz3F
2020-08-16T07:17:02.894542881Z 594 v5JGDM9iiuWZWa7BGYkY2QapN9nx
2020-08-16T07:17:02.975997754Z 595 U4ZeBz6ro1C8pluQce5l4Z5unbPm
2020-08-16T07:17:03.057654454Z 596 pkuPKoLdHhleMTVORueBrMNrcjNs
2020-08-16T07:17:03.138680249Z 597 5s6IdHWOncApGur7YczYw34lm4bC
2020-08-16T07:17:03.220134437Z 598 Pukv7I7YqApSooa4W9gBpLtS5UYe
2020-08-16T07:17:03.301359389Z 599 HaCZBjQuA3xXZhMbKQgIoUCyS1kn
2020-08-16T07:17:03.382373888Z 600 jEryqN6fq3YdW0sowih65qxfI0Kn
2020-08-16T07:17:03.462959483Z 601 h34Boqe0Ktoz1kmBrzG5DmHX9KeR
2020-08-16T07:17:03.544902512Z 602 F7jyopRcarLeVArvcJUEOIhQa52g
2020-08-16T07:17:03.626141698Z 603 PBKShVrGfsTdiUJomyPLwSOw9hmb
2020-08-16T07:17:03.707539875Z 604 8d8kNxHplmOGbabjFg1MS0ELRf6g
2020-08-16T07:17:03.788555790Z 605 kSuAAsch6YcRjNAjD6mKCOKdd1JP
2020-08-16T07:17:03.868966067Z 606 rzJ7mDYcAE7JHhDP0K3sZR137yfs
2020-08-16T07:17:03.950474380Z 607 Frmjv6SScQjQThjT3Df4SLAuBWRh
2020-08-16T07:17:04.031302931Z 608 KDDx5Bp7GhRG6K6U7lfkfQsTEoTV
2020-08-16T07:17:04.112179050Z 609 VDLTmYcgDZrBDiIy8WN3l2rfdoCt
2020-08-16T07:17:04.193644542Z 610 rdfO10TQtSX4TgShErs5mLm9Y6fw
2020-08-16T07:17:04.274132133Z 611 sgVnNF2aTVEru2FbLokWYJajhjWk
2020-08-16T07:17:04.355567755Z 612 XzrVZH3zRFeq7gHDu0dl1UNYyIPJ
2020-08-16T07:17:04.436957684Z 613 8Wn4NJFeV0VNs7SdIZ8NPXahcGYP
2020-08-16T07:17:04.519033547Z 614 a1WqIEcWGIyBAzx19Fw8D2EEPByO
2020-08-16T07:17:04.601008508Z 615 CDrydADjPexApaSwWZAsxTW26b5d
2020-08-16T07:17:04.683097665Z 616 cuoDfdaoq7MXH1CK7Y4uzRkHvOBP
2020-08-16T07:17:04.764677682Z 617 72xGD73mEU6xMQSlUkrjFRj4CDYQ
2020-08-16T07:17:04.844706891Z 618 ilB0LITC2FUsHdSXAtj7Dxz0Qo9H
2020-08-16T07:17:04.925782967Z 619 t58BHwcxmirzCb6PM9F9CBeA1Mzq
2020-08-16T07:17:05.006916292Z 620 rZ49P5TqHfJCn4NGiQA2lldqiOnT
2020-08-16T07:17:05.088029661Z 621 pLpO9j70SiQ3SAUVqhjLImqLDlOk
2020-08-16T07:17:05.168701760Z 622 QwZtPBaNJr7Y05pBSW7924kgba43
2020-08-16T07:17:05.250151467Z 623 Oa7xFoMe5RafySRzg6BiR2M4Xn5D
2020-08-16T07:17:05.331304507Z 624 h76gWIbuF378WHITaH1t7tfCWn5F
2020-08-16T07:17:05.411873569Z 625 YxY0WJJXG3Bxkr5szWb33xiOL7no
2020-08-16T07:17:05.493281788Z 626 qyO3FTS5i1n2tdlvrDr8HB1nDuZ0
2020-08-16T07:17:05.574358666Z 627 dytTBzcklQqhxodcnvORR9QJ3u67
2020-08-16T07:17:05.655901644Z 628 Vl318J7ZMPtj4lKTyF0GwGgzu4IP
2020-08-16T07:17:05.737370420Z 629 48PwHKyZjtdW5wDHESimGfE2vhCj
2020-08-16T07:17:05.818868272Z 630 6lbFvujfs9IZYP4dQZRTwOZ9QmVl
2020-08-16T07:17:05.900734539Z 631 Cleca8ZZDYqB9ZsPEe4TXIOpb54P
2020-08-16T07:17:05.982572001Z 632 swlIM4WV3rkK79ufb1GGo3bNdYj3
2020-08-16T07:17:06.063824999Z 633 w6SWpGlZot1Xcow9yC0oHmC28lb6
2020-08-16T07:17:06.145343448Z 634 DDHd5G57R6l0RrNzN5pbli3bPij0
2020-08-16T07:17:06.226115920Z 635 Fm3SSdfy8dbLhwL5A556AuamNJf5
2020-08-16T07:17:06.307254863Z 636 wjJsvTiTlduOHCSXEtJCjqXmfuAG
2020-08-16T07:17:06.388158541Z 637 4BeqOqFPwC1RxjtmYvjkPVN1aAIi
2020-08-16T07:17:06.469670540Z 638 xQyXpO2uH3D9gG45bmuWy3kbODHx
2020-08-16T07:17:06.550427377Z 639 YZkVnHdeMGTxrDiXXx0IAUGu3JIV
2020-08-16T07:17:06.631369248Z 640 fFNUNVgYBW4plz8e6ac8ZUJtFSdZ
2020-08-16T07:17:06.712276450Z 641 So1nv30O4Av4SjBFrw28UDvwPffG
2020-08-16T07:17:06.793574980Z 642 bu672Kipv426ix1Zd141QaMOPt4M
2020-08-16T07:17:06.874215330Z 643 dTH2ODxSuaBqNs6UeHOrGTYzRdXn
2020-08-16T07:17:06.955686442Z 644 6rhvr9hIYLcGId4lVTu5qzgorUcr
2020-08-16T07:17:07.036807949Z 645 WSDQnxWusu2wK29X5YXQmrZl6tiF
2020-08-16T07:17:07.118502788Z 646 z684rLzRVx7F0yl4LVB5r7WFP1KB
2020-08-16T07:17:07.199521007Z 647 SzGWboHqoI99JpWRUHIQkJ7AItUl
2020-08-16T07:17:07.281064837Z 648 vA2vgFRrMX38zAm3Q7W4I0e0WNgy
2020-08-16T07:17:07.362730341Z 649 pLPHmWKifmGT1wUWEi9bPyPGr05L
2020-08-16T07:17:07.444014036Z 650 oMz01SFdBamiQ7TfJ7RHlrCPX7Lw
2020-08-16T07:17:07.524964619Z 651 lDq4DIBwO92X9fFBX5LIdzjZRdhi
2020-08-16T07:17:07.606033226Z 652 qnZYWIRGpQZtopSENOKiPwWsuo14
2020-08-16T07:17:07.687432854Z 653 HEDGj7hpbgww7GHySU3gG7SDx2kD
2020-08-16T07:17:07.768433231Z 654 P4PM0DVZeXjUA5NQZIVxqfMRD099
2020-08-16T07:17:07.849137852Z 655 UDLnQAO9xQlQaRzjPcK5DJLFskpt
2020-08-16T07:17:07.930959010Z 656 RdboBPQd9me3pw80wpdfejF70J4T
2020-08-16T07:17:08.012838487Z 657 NAtZSTN9qLIVmYEyY84mQhoxoV9e
2020-08-16T07:17:08.094770289Z 658 aSUvjmvrIBNjLiJYG7b5I4QuXN5H
2020-08-16T07:17:08.176646181Z 659 SeTnpzLLopDLsjkgugRGxPHgM4iO
2020-08-16T07:17:08.257861838Z 660 XI3WFcW54R4jId92HKZ8w6kDNzeQ
2020-08-16T07:17:08.339306463Z 661 Sf7xfHU8UqNZRkBXHG8upMwel7Gu
2020-08-16T07:17:08.420392819Z 662 edz9JNyR1wn9A7hwucr6VrOoLihR
2020-08-16T07:17:08.501585609Z 663 3djguzV7luN4EI88tM4nV3m1APOr
2020-08-16T07:17:08.582782794Z 664 08igOQO3KjE6A6Dijs0hCvGuW6fY
2020-08-16T07:17:08.664100475Z 665 OXnZnPIn6qNuTRLklnqdW2gVCG1M
2020-08-16T07:17:08.746049298Z 666 IFfzc1HDoBWbwXZvSTbBH7vkWwDH
2020-08-16T07:17:08.827248750Z 667 IfhmwVmuXEHTcOlLchJwEOrieXwp
2020-08-16T07:17:08.908510768Z 668 KnT0IkDB2mo8KyNBJGxvbIEeqJC7
2020-08-16T07:17:08.989563379Z 669 9i8xzxEwr3gs8xLj7Pj8jsMQxtmi
2020-08-16T07:17:09.070631206Z 670 WKEVIfYtxxkY9UhsHjcBlQUddkfB
2020-08-16T07:17:09.151368472Z 671 D0HsqDW1NNffBU8f9JGdJibTkDN1
2020-08-16T07:17:09.232529027Z 672 yfP0ncPnaKPmkF5bMvz0pFRS2TSX
2020-08-16T07:17:09.313841600Z 673 4428oCPQx7fNm9u5pm7XHeQYFS5m
2020-08-16T07:17:09.395235689Z 674 MaozyXwEiRoLKUV7ZA4pT51ItEfZ
2020-08-16T07:17:09.476174064Z 675 MSFVj0GJOc5qqSjXnElqAke0UJAr
2020-08-16T07:17:09.557915332Z 676 LM6JI71iH4lBwCrH9r1EdBADDA3R
2020-08-16T07:17:09.639887265Z 677 FqSDjtPxgT5kBu0SCkPFrrVqTPze
2020-08-16T07:17:09.722001406Z 678 iHRw35LCSWgzUdhbbxwoDaWMfyct
2020-08-16T07:17:09.803183433Z 679 jn6ITyztflhtEVO5McBNHviZD5VA
2020-08-16T07:17:09.884329417Z 680 ZxYcTc9ffHkMJw0Ybvy6oqzDnKFV
2020-08-16T07:17:09.966055381Z 681 c9n42cNU5XGXMlOfCIoyfYIor1wT
2020-08-16T07:17:10.047499320Z 682 BFU87kIk7wAgtvQ6byKoN05aXnan
2020-08-16T07:17:10.128396441Z 683 WR0qsMEtHqU7YHQ6RdsMcQvPVXmR
2020-08-16T07:17:10.209579966Z 684 hHpwROMV43Hcd1T2JVDx9VVGki82
2020-08-16T07:17:10.290828753Z 685 dYhkdoxpSWcNIARoemtoz8v2BLXs
2020-08-16T07:17:10.372948619Z 686 R2pA2UpJvw1RFBG2b91mL0BnYUjH
2020-08-16T07:17:10.453937684Z 687 4GA89XLGukQffVnm5XSiKAlThCv5
2020-08-16T07:17:10.535715777Z 688 CtTlMEpbM7R4ZQwXXwgy96uymEA9
2020-08-16T07:17:10.617702067Z 689 qvLksIsl0UONIgmaEsKP9BXfBpO5
2020-08-16T07:17:10.699088199Z 690 Gbn4Rs4D5UUsH77EnhUF4gDMJhB5
2020-08-16T07:17:10.780212358Z 691 0bIOQP15j3D1tiWLCNPF8ltxyY8j
2020-08-16T07:17:10.860962170Z 692 BNl9Cl9s1VMWSXBidfSL6i45BMsm
2020-08-16T07:17:10.942529875Z 693 b0fi1RYmEO12BuvWbWmkgALlhbMB
2020-08-16T07:17:11.023881010Z 694 awgq8bwpYrtSmIizBUecuDrXqjTr
2020-08-16T07:17:11.105364921Z 695 80rjFkbFdnwzwOr9hWZdedhnnSOQ
2020-08-16T07:17:11.186315470Z 696 rypQBieXr73X3tzNCMxq3D4LrtDH
2020-08-16T07:17:11.267973671Z 697 AwvS6e6PMRmsl1DvU5et3Xe2DXPO
2020-08-16T07:17:11.349651062Z 698 pvelnHMVLvAxLpN6GQ9zOTPAK01A
2020-08-16T07:17:11.431904876Z 699 afX2saXZ0g3z1Whzb3jOLAi4Ficm
2020-08-16T07:17:11.514104621Z 700 TuifIO15Eumk999kwcFGM8tJjZC9
2020-08-16T07:17:11.594932296Z 701 QF7kPfffdomVbjQUFig3kAbn9G9p
2020-08-16T07:17:11.676253949Z 702 9SWsVlcEuHvEEPyQc0TvG3NTh4wA
2020-08-16T07:17:11.757691389Z 703 riBL4BglxhyBI5Zfa6RFOlAPOsbB
2020-08-16T07:17:11.839644064Z 704 blyVmM6x6VwWQUN4BPMCZlbQPURT
2020-08-16T07:17:11.920714695Z 705 NeqjEv32ozWYltn59DQnP4ugFcEY
2020-08-16T07:17:12.002534941Z 706 MBbKLRVOO5DutiJutLGh6bIYPG2E
2020-08-16T07:17:12.083383120Z 707 cGTXyeTeHpZz6Pi3i22bGujOA3yU
2020-08-16T07:17:12.164011815Z 708 dZrdslzkLxRUvyUrrvm2EPqIYrhB
2020-08-16T07:17:12.245013978Z 709 UmDeb9Ncw6sikqY1WCCp1GEIeliF
2020-08-16T07:17:12.326363268Z 710 9qMnW7oUe29q1lNQ5OB5glYWDQrY
2020-08-16T07:17:12.407564073Z 711 sIKGuRdsBMWtvYmzrr5gxiD6tpdg
2020-08-16T07:17:12.487996735Z 712 oot6zZ6t5t5NaysUENpbtx3yh8xp
2020-08-16T07:17:12.569709653Z 713 Kb6y5oTCOabchgKzNaaxBJRCk3db
2020-08-16T07:17:12.651520967Z 714 Zqu8yYB5FqBLBB11UKtJHlFIzPXn
2020-08-16T07:17:12.731897252Z 715 gA3eJ3n7IenSsZkob0V1KKmvehAk
2020-08-16T07:17:12.813373270Z 716 OGLB53PuAjVKDApw33gJkiXnLJay
2020-08-16T07:17:12.894685281Z 717 YT5HWv1cLpIbXevmZojolqKwxZ5P
2020-08-16T07:17:12.975374916Z 718 e99c1A8JRhp4mTdtdF1axOEd5vtX
2020-08-16T07:17:13.056554415Z 719 ww14IogZ1nSm30XTf6QMJIYpQeej
2020-08-16T07:17:13.137175199Z 720 i8YNtMMbbVwB5RBEFq7yDSJdzqn5
2020-08-16T07:17:13.218207102Z 721 kiDzXulXRK6RM6d7FRmwVEbhu3Z2
2020-08-16T07:17:13.299558651Z 722 6soXOm2h1V6UniKgBbILJ7y9rkYx
2020-08-16T07:17:13.380966546Z 723 cpWte2yeT5hhu0X51XQtzf334n16
2020-08-16T07:17:13.462189737Z 724 0HdplUlvZkiMgKHFXTFhKI0cMFH9
2020-08-16T07:17:13.542938900Z 725 BIqsdKVUSrLXhsVaqVXjqR15EOsH
2020-08-16T07:17:13.624774652Z 726 0ShYQo9xdMJXwGVRUHaqj0Ot08rs
2020-08-16T07:17:13.706596639Z 727 ugxIeqFDrD7XCk4v93ZIskTqOuSO
2020-08-16T07:17:13.787205762Z 728 M2bPZDsyoiaO6SO5XsRj7ssfZpuc
2020-08-16T07:17:13.868210144Z 729 fFbPLxdN1SsA67Qi4ChmyjhT6yIK
2020-08-16T07:17:13.949877899Z 730 xhAILHQWmBDJjc4RVcrapb7G4NDp
2020-08-16T07:17:14.031147757Z 731 3iLLwXI1vEgK5n7vNGvlUEXsaxHA
2020-08-16T07:17:14.111683194Z 732 EhMc6WCoOco91XRjsgNMOf83Jpxy
2020-08-16T07:17:14.193132733Z 733 9EC1PtUwcyd7YxMlcUHOLd9GUdex
2020-08-16T07:17:14.274563659Z 734 AgXR16SXsRv7jGYLSOAmDTOVurGz
2020-08-16T07:17:14.354967264Z 735 MAlmfhff12PKiVotE9AkwiwUBO1Z
2020-08-16T07:17:14.436141405Z 736 tVeNSYLIt8ZCOlY3NKbQSJLj1q6L
2020-08-16T07:17:14.517885812Z 737 klCf223t6nLvQ0rdi5c8Nl0oGL1k
2020-08-16T07:17:14.599846807Z 738 DNqou5rw1bTNeBcYrHgmIF5L7amR
2020-08-16T07:17:14.682017631Z 739 SNkAXJTGg0peYmXqYkA40OBE7oTw
2020-08-16T07:17:14.763312116Z 740 zKQCJCTKg08Zb6hi1e71MsZBfCTS
2020-08-16T07:17:14.844978346Z 741 MyepfzMu5xgZtdHi2PYcL65xAQOv
2020-08-16T07:17:14.926748264Z 742 h8Rd6qgXcUTENGuFIlcG67dfUZGI
2020-08-16T07:17:15.008155135Z 743 QkR1eCHjmB0NA8fvEXNDthEuUi2W
2020-08-16T07:17:15.088963444Z 744 r1aqDOn5aj8cwr3N90rGT7mBM3JK
2020-08-16T07:17:15.170352357Z 745 KqFBRdlThDFggWMw5D7e6SxYsCjH
2020-08-16T07:17:15.252090252Z 746 sDvVPSdVEVfD1Y7pnh7D80Q4RRsC
2020-08-16T07:17:15.333679410Z 747 uP0XIMqEuyvpMHPPQ9CDX4jaKEGw
2020-08-16T07:17:15.414974096Z 748 hlUVAkXBVmLCRUBKc5JrVyL0zKBs
2020-08-16T07:17:15.496628166Z 749 NC8JOLLZrIv9Uw0pIw3L50Qc0g6v
2020-08-16T07:17:15.577184606Z 750 LSdCb4pIfxzbrk0bTdPomWcR07Rv
2020-08-16T07:17:15.658841827Z 751 FdQeymvHfLVltJqx2wJT4AXJCeQV
2020-08-16T07:17:15.740851335Z 752 yOk1lGGvgJL5mbxFJ2PTfkrMNF5h
2020-08-16T07:17:15.821992546Z 753 BUQ8ti0nlnELBBNnqsHySTYnC9T9
2020-08-16T07:17:15.903232006Z 754 h8VkNpnGRUH8afdac6HhNKJIskvI
2020-08-16T07:17:15.984820141Z 755 xB4c6YXj9dqap7u3r7r1BhBtIIzn
2020-08-16T07:17:16.066633245Z 756 txbHqREaqFYD5ZA3GOSphsu4IfaG
2020-08-16T07:17:16.147681632Z 757 f1N5Bm5BQWhUTyilbM8nLLDkMXH5
2020-08-16T07:17:16.229352007Z 758 9WiXo46VFfkdgGz9UMFJRcLHaNA3
2020-08-16T07:17:16.310336210Z 759 kHKB7XVHoniYXtPcj3nsRFQY15dr
2020-08-16T07:17:16.391642183Z 760 eHuVIkyZhEc3IA9oCnMFiogLODOB
2020-08-16T07:17:16.473428432Z 761 Hn5hVQVtBzxQX1shtazODWJm1TTh
2020-08-16T07:17:16.554775351Z 762 y3fHxDivctBWCaaw03lIATD6pRrR
2020-08-16T07:17:16.636492634Z 763 WjNtyo4DR0RXlVuRpLWheTpx4Lvs
2020-08-16T07:17:16.717102388Z 764 clzt6Z434MU0WvlLzxiZb69cOFNl
2020-08-16T07:17:16.798053467Z 765 2TMjLs39IREY0tMLBhx5msggL4II
2020-08-16T07:17:16.878842995Z 766 E6BCyfBidcnJSKtwgzI0zg0ARubK
2020-08-16T07:17:16.960061259Z 767 pEXljGrp8MpRdscI8JIhY6EOb2G5
2020-08-16T07:17:17.040990356Z 768 gs9Dus2TfUNJNVTnf9C7MeVcOfH6
2020-08-16T07:17:17.122376906Z 769 ObQVSQmC62RohpPRtIGfLSH30ZbO
2020-08-16T07:17:17.203105751Z 770 PQckhrjuKMFQzdXcGBEK2SNOXX5k
2020-08-16T07:17:17.284514592Z 771 aSQzhrvGt1MmLqb5bWTbu9kBnkyM
2020-08-16T07:17:17.365514457Z 772 xHjsnRc3E6uOzwAbNUXFvUGryqk9
2020-08-16T07:17:17.446265655Z 773 4BjWnSnkZJ8Iyn7x5jX9bn9p8oME
2020-08-16T07:17:17.527926307Z 774 fESUPu2lckeXnDeGCQlsQkrfsWyI
2020-08-16T07:17:17.609552231Z 775 lBqXKrBajW5XJUjKANdNMYD6kEsb
2020-08-16T07:17:17.689891675Z 776 ZthC8HzWnmrpQn1SsyF2g8v4AbCc
2020-08-16T07:17:17.771975383Z 777 5pwxjfqkk83IJdEGBBtCds5QXh1b
2020-08-16T07:17:17.853833420Z 778 2of0rFCAb0o9RLJmmkkSEmYWiNbA
2020-08-16T07:17:17.935395111Z 779 aTWu4e0ONBCXW8OWQcHkTkBwAjZC
2020-08-16T07:17:18.016096889Z 780 WgWg1pUiLYgPQvVK4fQSt19xzQ39
2020-08-16T07:17:18.097619140Z 781 6QxsSOljYGSWySHSdunRatgkISbi
2020-08-16T07:17:18.178401986Z 782 de8YEJhVIOkXwbmdV3MH5KsdaA6F
2020-08-16T07:17:18.259846071Z 783 H0hJAEpEScIlDwoRs55heGSqhAOp
2020-08-16T07:17:18.341142534Z 784 LXDcjgNSvgbVbNP1sRSrpJjO1PV8
2020-08-16T07:17:18.422888265Z 785 pi9W8f9uyglmyCBSyRBkfTlgmUlN
2020-08-16T07:17:18.504247806Z 786 piSXZiksqqq5hgrG17O1uDniKHOT
2020-08-16T07:17:18.585640527Z 787 qGRAwDmq5xc5vjiO9JlksCc64P3L
2020-08-16T07:17:18.666020950Z 788 fuV0l9mXqfHC1YHWmFiMG8PhQYJ9
2020-08-16T07:17:18.747529205Z 789 cGzWe5Adg20G2EQgXP7rhSZRULg8
2020-08-16T07:17:18.829620115Z 790 yyidnpYTVlhKgnxDha6U3QMGX7w2
2020-08-16T07:17:18.910341876Z 791 z0I34vdICgIEHOJlIEi2glCEocka
2020-08-16T07:17:18.992105686Z 792 3y3K0LhlrRlCnEjZyxjlHEGT5U1y
2020-08-16T07:17:19.073355164Z 793 C5sr8HMHMGQF8c0KoPHWZ6zrLOm1
2020-08-16T07:17:19.154208270Z 794 MAHj6Z9REkgNfDKvyOT37mAH1X02
2020-08-16T07:17:19.235475757Z 795 UPGNytQnY2v5mLdO5u0FwD435R2I
2020-08-16T07:17:19.316959301Z 796 EVumNZH2b4pwVcdQc8tiB3UnMExy
2020-08-16T07:17:19.398697222Z 797 LYip4KhJTxZtnDSfcDOVfSXAIMcQ
2020-08-16T07:17:19.479430729Z 798 G7bfaxH6zQlijPuWnnBNQ1vfEgiO
2020-08-16T07:17:19.560832800Z 799 7HFu6OsxHHDT3FQ2lYiROzunzo5l
2020-08-16T07:17:19.642672043Z 800 XEfoSO3KRWfQndqXdLevaXURFIgX
2020-08-16T07:17:19.722992358Z 801 G8sLSohOgPk0qXLe20EpTYX4w4C9
2020-08-16T07:17:19.804640142Z 802 3K12cCgEfAu7KYYujYABAQSyJzFg
2020-08-16T07:17:19.885418997Z 803 mUU5bJwvks85VXWdbFbKtRxdjNQv
2020-08-16T07:17:19.966471438Z 804 d7WMRkhhphNlpvsFjay714czXiVD
2020-08-16T07:17:20.047110776Z 805 XSUs2yDm0znrKx6plRqF5HROvDVv
2020-08-16T07:17:20.128526021Z 806 Ujv9UNygEHsVPK9jXF4aw0q121Jq
2020-08-16T07:17:20.208981053Z 807 H3yPZiQVz3e3VK4MXFWKqosn3yld
2020-08-16T07:17:20.290359031Z 808 rGK8zSlD439cMBmtfSJNNr3YClLU
2020-08-16T07:17:20.371145485Z 809 kpjDMBJJlXxU0btXvITSuAAf0Aga
2020-08-16T07:17:20.452495808Z 810 A96i0RSEYTdqzs7W3SE9vI7BDxpU
2020-08-16T07:17:20.533877475Z 811 0jbxFweV0TuCU2y7kI3thBmxTCva
2020-08-16T07:17:20.615193997Z 812 YrtDPZyfpaxs24MZFmbW8ceNzmTC
2020-08-16T07:17:20.696998077Z 813 4nMkJq2hZsdTjyI5m56gbN2t6rCB
2020-08-16T07:17:20.778550036Z 814 iH7v0pemzDNwQ0mJfYbalAFxgJuD
2020-08-16T07:17:20.859571450Z 815 yZ3wiFUwAyPxxLT6t3C7Aya3l2pT
2020-08-16T07:17:20.940830976Z 816 BZPoASvu0rvUhPKji6Y2QgZTz8jy
2020-08-16T07:17:21.022661029Z 817 CMvWtmAHhRddJSNTc1TQh6JCjaNu
2020-08-16T07:17:21.104725667Z 818 c91r5cTEfc8H53HJKS6xELh2StBL
2020-08-16T07:17:21.186206491Z 819 AkGHWbDq6yRFe3aKr3y8aBz3Zbyf
2020-08-16T07:17:21.268058548Z 820 S77ooASGFvLvhh6Hah7jFpyiI6ui
2020-08-16T07:17:21.349162596Z 821 8JIRlBMQBVvQQ83r8qfDCSTV8ASi
2020-08-16T07:17:21.430491162Z 822 4eCsJa0lSCVFRFGXX6TyNFeCqHkS
2020-08-16T07:17:21.512153924Z 823 y7QtDTNmHpWWNZvOV9AZITQgoNcp
2020-08-16T07:17:21.593584465Z 824 eDoYLRpEYL1wYdok2WejkewbcE62
2020-08-16T07:17:21.674212616Z 825 NqlOX1Bga0hDFlMSCiQQvOwx2lco
2020-08-16T07:17:21.756010849Z 826 OOgyyNp3mMkZTPWiWCtvXXLvp7Hv
2020-08-16T07:17:21.837457582Z 827 MYrJet1vooSUiLNCmd99IEfDGBXE
2020-08-16T07:17:21.918982134Z 828 knl98Ndrxg4Jqb2lqLnX9CDXK4hx
2020-08-16T07:17:22.000274543Z 829 wN22DIXhlAyIua5lRgIwuUHuQDGk
2020-08-16T07:17:22.081039279Z 830 SSjOor0Na8f7Y8XGslyrvie0dF61
2020-08-16T07:17:22.162447885Z 831 cnNoXoO4hZH1YqQ3OwyV6vwKynYG
2020-08-16T07:17:22.243843496Z 832 aLdbPN2hMoALBLCUfKHmEtY9K4MY
2020-08-16T07:17:22.325415454Z 833 2xgvhiIzDWp5u4da0YdhBYD93BQ4
2020-08-16T07:17:22.406553440Z 834 NuK6EZ9nu3XMCG0pLfh5EwOinjWt
2020-08-16T07:17:22.487934118Z 835 XfKGTlp9W9Yl4AlyIl8nMqjcBI9A
2020-08-16T07:17:22.569554841Z 836 iAaFLTvb3uVRJWObCxnDtZKIwOJF
2020-08-16T07:17:22.651102443Z 837 pN4nwEGE6ElertGmz3gm0tlPdpLF
2020-08-16T07:17:22.731748842Z 838 6QiaJyHNpwQApsEzUOtZyrMP3mBu
2020-08-16T07:17:22.812888998Z 839 ctlFBRcEZ7PzIw5Xzsmq1PjpYano
2020-08-16T07:17:22.894834004Z 840 TEo1AXVENufzriSQjOQxlywdcuzB
2020-08-16T07:17:22.976425587Z 841 2cYweEIZsEYNGJHCb8Bq1lr7tVJw
2020-08-16T07:17:23.057866076Z 842 5wi803D0zl2QH1VF5kasUOv1HXny
2020-08-16T07:17:23.139676301Z 843 JBfMGRRPBdqgRk1y6DVZXwoscplp
2020-08-16T07:17:23.220407689Z 844 jZrzuLgjjHpbXJD1zePvHurcj1ik
2020-08-16T07:17:23.301365633Z 845 LO5PxHbn4FOLdfWQ0sIY4QUYCc0u
2020-08-16T07:17:23.382875308Z 846 yW06BYY8YfRTRqRikOjYZixtTOht
2020-08-16T07:17:23.464540578Z 847 bcFhzwqiaA3QXpj4tIPu3Z8N728X
2020-08-16T07:17:23.545073955Z 848 BN5BBhqYbulLpgApMUh3MvfFdNZP
2020-08-16T07:17:23.626184895Z 849 u0KhgEKSjncHPK14fhRkIKaLV6pj
2020-08-16T07:17:23.707947144Z 850 OadKaZZrMQuBbX9SBfbQaRxmOIAy
2020-08-16T07:17:23.789875714Z 851 4kZmEXnfkUrpZDAAe5LZdy9jRslA
2020-08-16T07:17:23.871661524Z 852 maOmhvzQPO7zjbWC9IePnRuPrjlf
2020-08-16T07:17:23.952423305Z 853 BAwDoqRi2qPmadJeKJhezr15OE2V
2020-08-16T07:17:24.033616723Z 854 oKG2uDFDQlPGjWbkUnrgtCpoWce8
2020-08-16T07:17:24.114767625Z 855 Hh3eRUsJ50yA2FBGriZkQWG7z26r
2020-08-16T07:17:24.196457910Z 856 VuWqOM3dpH2tyPb3qP5LEAQvUO5N
2020-08-16T07:17:24.277727125Z 857 ouALIGbIXJrS7lt9KN6xkm4p6ZtB
2020-08-16T07:17:24.358875550Z 858 DpZ1LIW4bJQHO42r6zh4wstldFn1
2020-08-16T07:17:24.440439588Z 859 bUrVmp5I17NFB7X1n4WmkVDPOhva
2020-08-16T07:17:24.521655138Z 860 gUGenE3MHVpAnDirHvZUw8noAd2v
2020-08-16T07:17:24.603008799Z 861 SsK57PU8O9CHxPH0IH37OfU8rm8m
2020-08-16T07:17:24.684332866Z 862 iyQlvlWoz4VYfHCdakeKYGeYMxYn
2020-08-16T07:17:24.765742406Z 863 2a37ufl56g0Nd6R2m1dMTu1Idda7
2020-08-16T07:17:24.847062657Z 864 PfpMJFqYCYByAFHssmHwV4fwREff
2020-08-16T07:17:24.928616631Z 865 DR6XC6v4sOJswlwDjSKlCeewhixZ
2020-08-16T07:17:25.009149841Z 866 UeHmPVlg1WR8JPL6pDfUvONzp9qx
2020-08-16T07:17:25.090032606Z 867 BUgkRlDqlzCFLw9sFwhSsizUFtU3
2020-08-16T07:17:25.171760699Z 868 N65Da2N1Mi7Cd5BVpG8sQ9uJY37V
2020-08-16T07:17:25.252920253Z 869 rEP5b9CJFlEKb8vrYdNAKQO04OZp
2020-08-16T07:17:25.334888843Z 870 NEn1W77Uon06iMspcxyu5xSjsaa4
2020-08-16T07:17:25.416901885Z 871 KyB7cyvQmAyLXPajM7jqu8g2pWHu
2020-08-16T07:17:25.498596557Z 872 VkZd7R8fn7pA7TaDsL5agjGG6Hgr
2020-08-16T07:17:25.579758750Z 873 J9xRQuA9yqK4nFwG722uJvvMME8Z
2020-08-16T07:17:25.661577674Z 874 41dRyyOLFjemaz9pGvAQ5ohwyPAB
2020-08-16T07:17:25.742308970Z 875 HPMrEjUxn3mkDDCl4uR0ZzNAwJKs
2020-08-16T07:17:25.823022505Z 876 32G2NKPjXxkkZPXKT5zo5k08QuDn
2020-08-16T07:17:25.903609111Z 877 EpGrFCCXIkNJYzyXVuBCuGJmGegc
2020-08-16T07:17:25.986122308Z 878 TUWbJ6zmKv72rVyAZRSaFo9HMLNH
2020-08-16T07:17:26.068084430Z 879 dLYvB7NXYW49W6ilHwhg46yLA84L
2020-08-16T07:17:26.149626385Z 880 1Yj0Hm5na5BCKm7oKVSwXRsqe7ZA
2020-08-16T07:17:26.230692860Z 881 Jd0FmER44Itj9VuuRinIImN1sMTn
2020-08-16T07:17:26.312486695Z 882 LflkcIobQcIuZZzyRdonDc8BarG0
2020-08-16T07:17:26.393048497Z 883 NgHK6edVtobLCNGrcpv3HwAM7IYb
2020-08-16T07:17:26.474614612Z 884 Ejp1ZxqfnX8N2mVzUupjLALx96DW
2020-08-16T07:17:26.555489060Z 885 NkddQsTKY3CJU6Nj5gEGhNm5cjRt
2020-08-16T07:17:26.637065114Z 886 kdsmq0g2XEgeUhK3aOx2ZnUWnmrx
2020-08-16T07:17:26.718698870Z 887 App61kFPryBNBfxRrybZsu8MTunF
2020-08-16T07:17:26.800116798Z 888 T95IwjA7mbaHDleDENgZTmNmYE4Z
2020-08-16T07:17:26.881472344Z 889 HRvtE2VtHPoPJkRnaKnj2ImGTayv
2020-08-16T07:17:26.962201201Z 890 SzY2UuyuolyajONW4r4T5iJ4BiX9
2020-08-16T07:17:27.043396584Z 891 kcbegksUeQAURUmVEjwg0MJhHlTR
2020-08-16T07:17:27.124809774Z 892 tiQ7p7e5Mf70nI54zUXYGZzehGks
2020-08-16T07:17:27.206378219Z 893 0vhByXsNF3FEXsUblWJ1umVDjUUL
2020-08-16T07:17:27.287170713Z 894 9JAsjN9s9Ps9M8kcvU6cawNFQkCp
2020-08-16T07:17:27.367807065Z 895 avw1qTfuYMbv6yWMd9BC64aOugR5
2020-08-16T07:17:27.449187238Z 896 tvWztN3BUXRhAmc270PJhQo5Ebtq
2020-08-16T07:17:27.530208389Z 897 N8fbcWQeAahl28R9PX9AZPNdR1QN
2020-08-16T07:17:27.611875251Z 898 tdc9axxGOyNqxrR7zwHSSCKS9DwR
2020-08-16T07:17:27.693618283Z 899 vgcXgtj7IHojbovR5lqgxMb9Uzkw
2020-08-16T07:17:27.775244222Z 900 sdqFBvm0jOQowyIUtAN4O3xJgbIM
2020-08-16T07:17:27.856817353Z 901 h3cVea1smow5ZZKMOg7TrU6yKZ6J
2020-08-16T07:17:27.938309161Z 902 XDJp6dCAu9d2RuPzGdkRzRJvn7aw
2020-08-16T07:17:28.019202609Z 903 4FRObawWtrymUDobqhZhRp6k3zFv
2020-08-16T07:17:28.100151085Z 904 A3v6KQP8yN7L6Bdis5bkDudo8KrG
2020-08-16T07:17:28.181785179Z 905 YIox5yW8puLkSADHrtJ6Cz88SBSM
2020-08-16T07:17:28.264038038Z 906 NPIVTiEzZKXDzZbO0JLjBsOfTAJi
2020-08-16T07:17:28.346007975Z 907 SCI5wTg3UyuP6FzOhrmHQeIUusY3
2020-08-16T07:17:28.427927571Z 908 NyMVGCt4ZS5ekBD4R2sid5lMUa87
2020-08-16T07:17:28.509177783Z 909 ORezTlEDTfex1qxbhCyc8k9qQENR
2020-08-16T07:17:28.590441282Z 910 MZbyu6o49vX0zsrl4iP4vLo9DNcG
2020-08-16T07:17:28.671749751Z 911 NCR3sBJ1Bulbjd0nuERvsJ7fw6PE
2020-08-16T07:17:28.752843521Z 912 EUAxOh4mbBqe34IRN9hCzqedXRnd
2020-08-16T07:17:28.834671926Z 913 HRas1jgyn57OEcOjmS7UxCEwrhXy
2020-08-16T07:17:28.914899975Z 914 nzTf4T0bF31tOcsCmkf7HV1sDB6X
2020-08-16T07:17:28.996186453Z 915 uwSoYapClXJ12Q9ckrFBKrxRRERi
2020-08-16T07:17:29.077374057Z 916 5CByo4WJnwh1TFnfCGyIYLuDbh8N
2020-08-16T07:17:29.158422648Z 917 hDPBDo2OItrBZGedwb8rCNWllPXl
2020-08-16T07:17:29.239287932Z 918 YpNgiNtAoAZ6X7szO9sw35T2xrNl
2020-08-16T07:17:29.319962381Z 919 kxet7M3EnpxV2TVL4dwxD2LJ584r
2020-08-16T07:17:29.401894104Z 920 1LV23aRWaFxOOWhzK7rT2PK4iTJP
2020-08-16T07:17:29.483355620Z 921 3N8mz2Cs2HAkhUSW3GIZJnuAVTra
2020-08-16T07:17:29.564940405Z 922 Yt3fYfdlrlD0nHLheR4O6I4grx0C
2020-08-16T07:17:29.646059544Z 923 UoVVHhLC6u16OEitKE2s2NhTcwz3
2020-08-16T07:17:29.727793926Z 924 S6MTCKJcUpoXJcFw87PZz8QXHCGj
2020-08-16T07:17:29.809724642Z 925 TIFmOHA6tL2HxNXR4YQBnQbOy2kF
2020-08-16T07:17:29.890533730Z 926 ETFATVcgb12WztDQKDnsfGOn72m9
2020-08-16T07:17:29.971559845Z 927 qlJ3uECSLl6DVuzGX4A37pvNEGRH
2020-08-16T07:17:30.053084046Z 928 PcCl5RCH0Mz5XJN6MN4EgNM15cIt
2020-08-16T07:17:30.134419002Z 929 DKMVov4oGQeEfKpgB9um7zNon8g6
2020-08-16T07:17:30.215545843Z 930 TDkOs7DQ4Ra02FMrV0dwxDoiehzW
2020-08-16T07:17:30.296826840Z 931 DbWKqySpNvKXVvPzGHQ1m1ei82we
2020-08-16T07:17:30.378401321Z 932 HvQMIDaMm4WNLkVeSxr0bxim5vsX
2020-08-16T07:17:30.459289006Z 933 1Yy85KiU9FcxFkKuYdrMQKQJ8xmr
2020-08-16T07:17:30.540146547Z 934 P8QUy68MCFkSbJEBhNEoSeXvdosI
2020-08-16T07:17:30.621864158Z 935 gwWxCC0Iev583AUqRYkw6H7jpogS
2020-08-16T07:17:30.703549751Z 936 VZSSlMdW9MGkTrWar6K4qiT7NyBD
2020-08-16T07:17:30.784707275Z 937 apAoda0oENuWzu9l7KMemkkUDhFE
2020-08-16T07:17:30.866617635Z 938 pCPzExs0y2MdFNvHva1n5ND2gTr4
2020-08-16T07:17:30.948508797Z 939 xMQexxxpHEegVmvDW5Bj4buph2Lj
2020-08-16T07:17:31.029079739Z 940 GIah2b9f24kgKkjXVWwNHsWqgUbo
2020-08-16T07:17:31.110470378Z 941 k8mCcLz7PJkRMJhVO8aRkxdm9QAf
2020-08-16T07:17:31.191406279Z 942 VFLIm1p2hFaVtplDCi8Gz3aZrdWB
2020-08-16T07:17:31.272384494Z 943 jlhtQBICKougj35MVsFdA29w6PAO
2020-08-16T07:17:31.353335804Z 944 2WFzP4zuPjV9CNPOP9ggai4X9aWc
2020-08-16T07:17:31.434344205Z 945 g8ZSAlxBEQukvDSawVx2Whsn9ri9
2020-08-16T07:17:31.515511337Z 946 hz2IjwpSvmGifiKt5Y2tDGqRBhl5
2020-08-16T07:17:31.596629833Z 947 pbJJGShGmZYPsiJbMwYIm6TpcduY
2020-08-16T07:17:31.678760750Z 948 tSJurPTX3DgNLyp7yNjJcNq8JdxU
2020-08-16T07:17:31.760847931Z 949 YnVS7Jrh6IU5fD2JUkHcReiud2rF
2020-08-16T07:17:31.842623989Z 950 o3VBZLZb8GwTk2xUjH1sTAzsMcB9
2020-08-16T07:17:31.924266824Z 951 0L4EASdOhJOXhFFUPvacUH3KUYI7
2020-08-16T07:17:32.005149773Z 952 HhpiUmkaM0JVf2BRWUp5nHO9p4Rz
2020-08-16T07:17:32.086153952Z 953 J5Rbds6taqYMc4hppUMQfne7ryRC
2020-08-16T07:17:32.167065962Z 954 86TimARs4rz7kUu3Z1Xvgja902WR
2020-08-16T07:17:32.248153161Z 955 Q16x6oRTJvM93BJyV8DNHAn1VSz8
2020-08-16T07:17:32.329166712Z 956 bURUcky3ujmFBg1FM3KkVasUK6iT
2020-08-16T07:17:32.410514476Z 957 FkeHuTNvTrFfTZAMKyFl6Bn0fo4x
2020-08-16T07:17:32.491178678Z 958 v2GvkdeD6V6e4217z8be7MgbE7sa
2020-08-16T07:17:32.572043392Z 959 WoLWwQwEb7eIr2XRKyVjbI7xVqRE
2020-08-16T07:17:32.653640558Z 960 d1CMFaLvwEHk19RhNGFHv2Od9lNd
2020-08-16T07:17:32.734100502Z 961 MHOaAE6UBLLHBMgAIF46vA1PWEXc
2020-08-16T07:17:32.815684467Z 962 alwMnqq535MCdoEGIzwp16fbPP4M
2020-08-16T07:17:32.896126328Z 963 q9InX1Wlp9FaYxps6YsbDPrCTNqk
2020-08-16T07:17:32.977972498Z 964 9r2pBmwpxwhPXqQZH3LvLykWclEU
2020-08-16T07:17:33.059543473Z 965 3i4WCEze1nKQMIcZaecA1srQrqgn
2020-08-16T07:17:33.141721007Z 966 xMFPbTHOju3dnP6bzhCQecpmOeYp
2020-08-16T07:17:33.223753978Z 967 2ySzBEiMt0BZS9MieV41ZyFm2BGe
2020-08-16T07:17:33.305947405Z 968 xlNjEfG8kfEwxfdLU29scErsry3c
2020-08-16T07:17:33.387044313Z 969 MGTHM47ryywd9FvEsOqBlmlNfIyd
2020-08-16T07:17:33.468404208Z 970 u7kmSXVClJcvCm5Nd2Qu5RS4EjfM
2020-08-16T07:17:33.549110477Z 971 8hGj65dUKtbWnXRyjKkUdcFxSrHs
2020-08-16T07:17:33.630297860Z 972 oyRePHSWzy6ki48KHvaepb5xJkI4
2020-08-16T07:17:33.711415874Z 973 kZQnlcESgsxKvK0Hrzo45Lje5OlZ
2020-08-16T07:17:33.792980700Z 974 1zedruuTlg1vYESjezF0iV5N3YHZ
2020-08-16T07:17:33.874510062Z 975 1skaQCPvQKAPvNu2Qm4kyxCaRYy1
2020-08-16T07:17:33.955558708Z 976 k5unobfNENzhyOOdGC7ADTFwitJC
2020-08-16T07:17:34.036088513Z 977 a6JRJuEYenVpZSOPRN9zl7zJAuna
2020-08-16T07:17:34.118012190Z 978 fMjaYVXBiszeN0riA7B1V8ulAwS0
2020-08-16T07:17:34.199215465Z 979 SiUoAo36yTCoqWZhzJsamPQOMgQk
2020-08-16T07:17:34.280644770Z 980 fAy3D2rmcOlyGvobMZ2KOkvZ9mis
2020-08-16T07:17:34.360914891Z 981 rx61MrRHEOZu4g76fxte0A0MhLfd
2020-08-16T07:17:34.442844253Z 982 S9Ihrd4o07m0Ye4IvWtvOrY9Zsk7
2020-08-16T07:17:34.524769453Z 983 v6hFcMI7y27G0uq6cOC7vJPCsZzO
2020-08-16T07:17:34.606394317Z 984 sYWfqj3IgN0AISaKNhKa4xm6O7ml
2020-08-16T07:17:34.687681348Z 985 eIlvjz5kJu2r9csXt41MZvblbydL
2020-08-16T07:17:34.768608434Z 986 uti8ylXdDYUPZPrX3nBwFSdbKasq
2020-08-16T07:17:34.849495006Z 987 dHkGAI1U6VhhJ0badvCLpg4PAcwA
2020-08-16T07:17:34.930718694Z 988 PvSbUsRoOXy7PIPCe2ypcURP1aHy
2020-08-16T07:17:35.012693970Z 989 baD4hRzSbIFXaiPK1O5l94xxtWdd
2020-08-16T07:17:35.094704163Z 990 Zr7c7kMexHMacVRxEyWcyNCYZ9xr
2020-08-16T07:17:35.176172771Z 991 n77NEdYmj0UISAFKlgtofPlinRee
2020-08-16T07:17:35.257589567Z 992 HqpMJapqWCqstDGygZQ0utiTUHCF
2020-08-16T07:17:35.338310413Z 993 vTztlJN0kNB3aUCubzFTVFaQMzSG
2020-08-16T07:17:35.419897626Z 994 csL1p08xnhsN69RdItjN82fsPnhH
2020-08-16T07:17:35.501751754Z 995 78N897zfmuToHbh7wrYshoN6eRDe
2020-08-16T07:17:35.583719519Z 996 tBZbopWcFnuX3f1fpkJor20XPMhC
2020-08-16T07:17:35.665082768Z 997 CPAFEayc2C8KAOcLbiW5o0g8bwBS
2020-08-16T07:17:35.746561596Z 998 Duk8IKLeUT70KeD3X1r03Sw8Kijb
2020-08-16T07:17:35.827991059Z 999 08STwmWgFFG0tOgjHaq8esr5oQjQ
