2020-08-16T07:16:14.588454418Z,2020-08-16T07:16:14.721794023Z,0 KTJk7np9aBFes5RR0A9FX717ZKPy1h
2020-08-16T07:16:14.669995190Z,2020-08-16T07:16:14.807435459Z,1 bcss1WDKvLiX0Ts4H9fdeF1mprSRC4
2020-08-16T07:16:14.751548064Z,2020-08-16T07:16:14.876433481Z,2 8dasijzHrlPP2SHox0qMApA8kXOTcL
2020-08-16T07:16:14.832498710Z,2020-08-16T07:16:14.943010288Z,3 fQeuv0XKitNOjbNopo9RP4uT3AtVSC
2020-08-16T07:16:14.913822970Z,2020-08-16T07:16:15.005949825Z,4 ILcTqFZffMeHCvfSAhubItXkzDLpFG
2020-08-16T07:16:14.995882709Z,2020-08-16T07:16:15.079050119Z,5 0X4AmV2ZH1oHAzYnUNlyVs1CLxSGuB
2020-08-16T07:16:15.077823648Z,2020-08-16T07:16:15.152267401Z,6 ciH3ukHVcZqqPLnErwHautjWUEhvdN
2020-08-16T07:16:15.159609706Z,2020-08-16T07:16:15.225433551Z,7 P9ysY7CwW3F20ILvy2iZGTEAPxfwle
2020-08-16T07:16:15.240537424Z,2020-08-16T07:16:15.296409654Z,8 3wvTE1BS1RIDWwpffAt34I10f2WRi6
2020-08-16T07:16:15.321883763Z,2020-08-16T07:16:15.370564317Z,9 GyCCTs8V8eWATVx40Ungcyf7X1ZAyU
2020-08-16T07:16:15.403728329Z,2020-08-16T07:16:15.440495280Z,10 9IbWDdNBifAyIUCiMjRLpmMLSSuDP
2020-08-16T07:16:15.485268978Z,2020-08-16T07:16:15.513809308Z,11 ITgYwDI1iHyT8189uTkb3hcjGTBDP
2020-08-16T07:16:15.566512539Z,2020-08-16T07:16:15.593269479Z,12 EKyA2bvf7LKGb1z1Uxjil6U65u6D9
2020-08-16T07:16:15.647161389Z,2020-08-16T07:16:15.664776193Z,13 aFp7MNIRBUpqQHDVEHW9AUCBcgZem
2020-08-16T07:16:15.728634857Z,2020-08-16T07:16:15.744768873Z,14 v86BCOTlQwDPWH0T4V0qDUdZwhf1B
2020-08-16T07:16:15.809389525Z,2020-08-16T07:16:15.832288002Z,15 P2HWr7Y18KaDOjK7fPy09JUDO956J
2020-08-16T07:16:15.890352936Z,2020-08-16T07:16:15.920883800Z,16 M7npTibsPef5ZB0VrOVDTvOr8fwbW
2020-08-16T07:16:15.971640762Z,2020-08-16T07:16:15.989759893Z,17 b3RM7wk3XNyd6NwvRifGkqvWVM4wr
2020-08-16T07:16:16.052201103Z,2020-08-16T07:16:16.084447292Z,18 FsB20JnkdLtVYTJEPHBq3jlpBB5HJ
2020-08-16T07:16:16.133287319Z,2020-08-16T07:16:16.160732049Z,19 w2IcRN9vMVqWjsY5O6c8YL8p6zQP5
2020-08-16T07:16:16.214536108Z,2020-08-16T07:16:16.237113985Z,20 HzIYXfGHDNeKz8KRtSMA231A2GsG3
2020-08-16T07:16:16.295529640Z,2020-08-16T07:16:16.320785214Z,21 3g38AlBVva0bsM24KnSCxG3L5y7hd
2020-08-16T07:16:16.376973169Z,2020-08-16T07:16:16.399732693Z,22 v9UoLyFLy1sZArR22D3yE0Hsynxdo
2020-08-16T07:16:16.458004596Z,2020-08-16T07:16:16.481148587Z,23 mQwsjJT2Qh845TqYpTJFkFsVOGR9L
2020-08-16T07:16:16.539853562Z,2020-08-16T07:16:16.571642869Z,24 th2ceuiUnD9rqWHUwV5W84Pc6tuwR
2020-08-16T07:16:16.621894185Z,2020-08-16T07:16:16.645089211Z,25 LCLBAOn0quItxHa50Mhtn9Qu097Nk
2020-08-16T07:16:16.703904492Z,2020-08-16T07:16:16.727844361Z,26 LeIUUvinZNrhNRhFNqyLEAsq9e05g
2020-08-16T07:16:16.785488021Z,2020-08-16T07:16:16.813123988Z,27 MUxz6zgufaQWfaArh7X6cgfZeciEF
2020-08-16T07:16:16.866380416Z,2020-08-16T07:16:16.899062920Z,28 6lRYrshl5zCDqLnD9ShM2oxgwTI5T
2020-08-16T07:16:16.947665892Z,2020-08-16T07:16:16.970833565Z,29 M5rRcC2ZUt8PeTWMHJ7omZCetBVis
2020-08-16T07:16:17.028773553Z,2020-08-16T07:16:17.046642754Z,30 Ay89Oxc5i2PvHS8RxqlaXdeSKV0r4
2020-08-16T07:16:17.110737041Z,2020-08-16T07:16:17.153353958Z,31 GmrArqTzWz2iRxBO5oA9pDp1UUH7S
2020-08-16T07:16:17.191323549Z,2020-08-16T07:16:17.225235135Z,32 niCowviLdUwnC9coi2n0MHuTQSmNW
2020-08-16T07:16:17.273073817Z,2020-08-16T07:16:17.308049336Z,33 eabhsnRVk57j3GWRUQDcb2Yutubj2
2020-08-16T07:16:17.354591957Z,2020-08-16T07:16:17.396000989Z,34 efsCPXtRBMZTLyyFOH5clhXoN3SKj
2020-08-16T07:16:17.436191657Z,2020-08-16T07:16:17.468632778Z,35 eRrOpAytSIu4gsng0lctY83EkDR2n
2020-08-16T07:16:17.517757690Z,2020-08-16T07:16:17.547326670Z,36 t8ZDivzzynodp4mA2FZyjmGkq7rE0
2020-08-16T07:16:17.599315900Z,2020-08-16T07:16:17.631927950Z,37 blcPFT52MNE9MXI7LUe3pnIkQIBeT
2020-08-16T07:16:17.680032123Z,2020-08-16T07:16:17.703918970Z,38 6nNUvB0GnH7dZUePg9n1MmXdDemJ6
2020-08-16T07:16:17.761746948Z,2020-08-16T07:16:17.787632601Z,39 15JPH87NTYbZAO1Q1aZBVsfowvfL8
2020-08-16T07:16:17.842137077Z,2020-08-16T07:16:17.880043819Z,40 VMXohyo3GOyDm6wEpHwLxNOOlYsVO
2020-08-16T07:16:17.923985291Z,2020-08-16T07:16:17.957535875Z,41 rgBllAyU5Wg5teGRSwk2liDqLZ9Me
2020-08-16T07:16:18.005002037Z,2020-08-16T07:16:18.032203208Z,42 EJ5tSGlgcbEy9IT2dlmIVJSBrYd0c
2020-08-16T07:16:18.086857085Z,2020-08-16T07:16:18.119202219Z,43 wC1N4xwQaqqM186RuhVwtOLmilwZS
2020-08-16T07:16:18.168734418Z,2020-08-16T07:16:18.187495625Z,44 G49pHECwVYORu5avORMfGwWqbOdge
2020-08-16T07:16:18.250945664Z,2020-08-16T07:16:18.291986435Z,45 8rESGmTvBeKtNfFb6GGqPf8AzHRPq
2020-08-16T07:16:18.332203799Z,2020-08-16T07:16:18.363186291Z,46 2GcUMuz3zbCE1c8qR7i6tx9k1kf9l
2020-08-16T07:16:18.413556910Z,2020-08-16T07:16:18.440087688Z,47 NrY5fGYrOKec7VeHNEUFPKYLTfO2f
2020-08-16T07:16:18.494906957Z,2020-08-16T07:16:18.512444520Z,48 hW8gAjFJ8DtNKssOLBoj72imZnqmW
2020-08-16T07:16:18.576194670Z,2020-08-16T07:16:18.602011938Z,49 a25hR03iGy28VXOwpyFzChuZevxhM
2020-08-16T07:16:18.657401322Z,2020-08-16T07:16:18.696375549Z,50 y8jP40kVVooB6jAsZ3m9ppsYDsMCk
2020-08-16T07:16:18.738338060Z,2020-08-16T07:16:18.769185403Z,51 YuP7Bgl8WD17EinFbu1lp48LrCygP
2020-08-16T07:16:18.819323743Z,2020-08-16T07:16:18.852516356Z,52 9hIxcFuv40GgZTiClOa1hOwyg1bhZ
2020-08-16T07:16:18.900306521Z,2020-08-16T07:16:18.929996502Z,53 GsxprmY0UkivqSkSQ7v63w9Z7hKnY
2020-08-16T07:16:18.981342208Z,2020-08-16T07:16:19.007905966Z,54 qPn96xlI3xTl1EruO4HuBJHEC2XoT
2020-08-16T07:16:19.062151691Z,2020-08-16T07:16:19.086797767Z,55 A9Hk9ee9FzTk7Z4wXyXX3XxMkRFH6
2020-08-16T07:16:19.143323514Z,2020-08-16T07:16:19.167125118Z,56 GYlD4W7BJ6w4D8i4Om2t98s6aD0iM
2020-08-16T07:16:19.224835106Z,2020-08-16T07:16:19.242620420Z,57 E6a8yQ99BIhUKtmVAJFawe6JeI3vU
2020-08-16T07:16:19.306704878Z,2020-08-16T07:16:19.352901676Z,58 fSpNqOyBHJR6cPMWzlMOniIsxcI3E
2020-08-16T07:16:19.387386403Z,2020-08-16T07:16:19.426200648Z,59 WPblqbwH9AH4lhOT2VKSONOjlyNQO
2020-08-16T07:16:19.468232638Z,2020-08-16T07:16:19.503483843Z,60 Fr64cMuTlY5inDqd56RUtOa6jc7tt
2020-08-16T07:16:19.549679206Z,2020-08-16T07:16:19.573717394Z,61 afceb0gR96IcbZRwk6Y8pq84pHfVk
2020-08-16T07:16:19.630044776Z,2020-08-16T07:16:19.656455668Z,62 G9U1KUhBKu5ziCvdnFInHzn31m7YT
2020-08-16T07:16:19.712087828Z,2020-08-16T07:16:19.736572712Z,63 cMr8OccxjscSDT4JtmiMCuuiG5ciB
2020-08-16T07:16:19.793737132Z,2020-08-16T07:16:19.822711681Z,64 YKM1OcDmgfgDqGHiGcBBORgBAs4Ko
2020-08-16T07:16:19.875581022Z,2020-08-16T07:16:19.899223703Z,65 jljKiKdXe5cujKZ29y5g7m0j9vU0m
2020-08-16T07:16:19.956300572Z,2020-08-16T07:16:19.979306461Z,66 A1b5GAeeO3c2kPxNPmvo0Bk00vCI8
2020-08-16T07:16:20.037051673Z,2020-08-16T07:16:20.071188339Z,67 jzk9LKyEWJMGikraQSNbp8QaAxA9H
2020-08-16T07:16:20.118782064Z,2020-08-16T07:16:20.218641055Z,68 tEcGAfGeM246Y8nJLNK7EczEL4yFW
2020-08-16T07:16:20.201031854Z,2020-08-16T07:16:20.281749058Z,69 8bGT7LLVlwLb1F1T6aH7iZsggd3Wb
2020-08-16T07:16:20.282536717Z,2020-08-16T07:16:20.348027469Z,70 pGgHv6BlBtmbk2iG1MtS1w31feiqN
2020-08-16T07:16:20.363175898Z,2020-08-16T07:16:20.418961651Z,71 RSQ5RootEeG9CHGAF18Py7SSbZSdc
2020-08-16T07:16:20.444861125Z,2020-08-16T07:16:20.490697413Z,72 g9VOaxS3F5DkEZglEThR8o32kgSiz
2020-08-16T07:16:20.526258245Z,2020-08-16T07:16:20.561575327Z,73 a3FUOQnZ5MqaolR4662iMpmZyUYUI
2020-08-16T07:16:20.607614246Z,2020-08-16T07:16:20.635143386Z,74 w3N36CTh3vi4RU4redX9ylRpLvyCY
2020-08-16T07:16:20.690029519Z,2020-08-16T07:16:20.711213147Z,75 D61wYtn6pbOBf19XEr6sigcb2cNja
2020-08-16T07:16:20.771799845Z,2020-08-16T07:16:20.811974450Z,76 hsZPbuM518NDrCPXTPxLAMpc5C65d
2020-08-16T07:16:20.853861472Z,2020-08-16T07:16:20.881524064Z,77 jGJALm3thmb87QdnC9FHPwwTLhlzn
2020-08-16T07:16:20.935566108Z,2020-08-16T07:16:20.973875115Z,78 5u5m28E2Bp4ksQbWdwRSOF5tcEo3A
2020-08-16T07:16:21.016246415Z,2020-08-16T07:16:21.056754771Z,79 iZ5nW1GLNvMZmxRaBF8GwzlrGVStM
2020-08-16T07:16:21.097091656Z,2020-08-16T07:16:21.130020127Z,80 lxZK8Yg9PBiohaOEnyCvzOUsyy3EN
2020-08-16T07:16:21.178314858Z,2020-08-16T07:16:21.199652003Z,81 HpwmjYLh1cy8epeI0jZiNpuKPFJ2h
2020-08-16T07:16:21.259856297Z,2020-08-16T07:16:21.292006658Z,82 QMd3F3hOykNCP0sy4awvV0Mbtpxcx
2020-08-16T07:16:21.341891391Z,2020-08-16T07:16:21.371520593Z,83 g6J2y9XHHKCx1faRDOakskGZQ4BFR
2020-08-16T07:16:21.423578061Z,2020-08-16T07:16:21.452638949Z,84 5xVmRWiOSuyKuLkYpZVjTFwMnBfKl
2020-08-16T07:16:21.503911238Z,2020-08-16T07:16:21.544260748Z,85 3ZGXi18we8Cmm5LSNo182gnJMPnD6
2020-08-16T07:16:21.585637275Z,2020-08-16T07:16:21.617833246Z,86 fd8rKujErrqYH4ZdO5s2sjhPn3fl8
2020-08-16T07:16:21.666213171Z,2020-08-16T07:16:21.698746034Z,87 ejZC09eR4S4ev3rAV8v6NQt6cc0Q9
2020-08-16T07:16:21.747723195Z,2020-08-16T07:16:21.785405656Z,88 e36JUlpPivuBFkH4GxI8N5fvgm55Y
2020-08-16T07:16:21.828438120Z,2020-08-16T07:16:21.869511200Z,89 6q4Wkg4BTrrAWLTmk4BNYgo8ENNh4
2020-08-16T07:16:21.909225724Z,2020-08-16T07:16:21.943925771Z,90 3Dy7TEUomSrQ2y1TGskXTG9XVlZ0m
2020-08-16T07:16:21.990265963Z,2020-08-16T07:16:22.015683856Z,91 Ky2QPpudysrGdD15pB9eRvNlLHEkG
2020-08-16T07:16:22.070767182Z,2020-08-16T07:16:22.124347687Z,92 rure7YuozlUMvyrLfLJwZ8udtUGmg
2020-08-16T07:16:22.152310407Z,2020-08-16T07:16:22.195351118Z,93 VCAWyzdmWwGWF89CHXB4ab4AW3wWC
2020-08-16T07:16:22.234031053Z,2020-08-16T07:16:22.268974940Z,94 VTi9PfwZrIuR69en9AQxFdcR8CDnM
2020-08-16T07:16:22.315325940Z,2020-08-16T07:16:22.341788062Z,95 uKD5UsUpUIRPuRCyspsX91If3FFJY
2020-08-16T07:16:22.396627974Z,2020-08-16T07:16:22.432987399Z,96 0tqFu0ExLU58CH97Bl8g1rVF28ukI
2020-08-16T07:16:22.477401601Z,2020-08-16T07:16:22.503807794Z,97 2pmz9cdamy14S90QWTuXFWd8oWOC0
2020-08-16T07:16:22.558972359Z,2020-08-16T07:16:22.601746166Z,98 6iFSvC5o6jHCmmifxXLHhvnCDnTma
2020-08-16T07:16:22.640652964Z,2020-08-16T07:16:22.688536765Z,99 b8vwL5r3g2EJ3h59tSCdcOsu0DvOk
2020-08-16T07:16:22.722656099Z,2020-08-16T07:16:22.761216896Z,100 TkAGOcl5fXImGqK4G11qqQr7ERmA
2020-08-16T07:16:22.804847931Z,2020-08-16T07:16:22.834835913Z,101 alxxSKSOxAY3Q67mrcCFzuCe6fRF
2020-08-16T07:16:22.886704557Z,2020-08-16T07:16:22.907665267Z,102 Uf4KF60jfj796OnjCiYT8f0wQ1Oj
2020-08-16T07:16:22.968874579Z,2020-08-16T07:16:23.007363938Z,103 afk5l1KAXqf1x9I8KMaxcZi0DU4b
2020-08-16T07:16:23.050610061Z,2020-08-16T07:16:23.077184765Z,104 wEU7Bf6lzA5FxZ07awvTObYzOfHY
2020-08-16T07:16:23.131592739Z,2020-08-16T07:16:23.158204897Z,105 xaYRnYDOiJswVOFmZu2QwLykbfH9
2020-08-16T07:16:23.212204919Z,2020-08-16T07:16:23.245826997Z,106 kGu76fyImJ6Xl5ak4kUpb4ww8ZXP
2020-08-16T07:16:23.293197472Z,2020-08-16T07:16:23.317408089Z,107 FmmmmOrHtBl3rcra25A8Tvod5hU1
2020-08-16T07:16:23.374321583Z,2020-08-16T07:16:23.408316051Z,108 PRyF3Vh4wDUpBlVtRA6KckysFW85
2020-08-16T07:16:23.455258578Z,2020-08-16T07:16:23.479976744Z,109 Uti0SoBI3oBh7Nkrnx7JpMkSkYbx
2020-08-16T07:16:23.536365312Z,2020-08-16T07:16:23.550717809Z,110 XqbZXt6loE6vLsOCtdY5LfS4wOcN
2020-08-16T07:16:23.617588403Z,2020-08-16T07:16:23.641570667Z,111 FRYYvV7UU1RfHniFXT90ScUGrCXM
2020-08-16T07:16:23.698777655Z,2020-08-16T07:16:23.758914986Z,112 mLHKleBOVzaEYUqDiaBIcvjG9pKp
2020-08-16T07:16:23.780549311Z,2020-08-16T07:16:23.831813261Z,113 Iaal6q0fodg1gleI5OlMzU16C2Lj
2020-08-16T07:16:23.861336077Z,2020-08-16T07:16:23.903701458Z,114 457inoG4xvLlGRK8twsDWy66rOh0
2020-08-16T07:16:23.942451795Z,2020-08-16T07:16:23.972690237Z,115 0E7znqJigZ47WQ2ZZunnmDLJx32W
2020-08-16T07:16:24.023715994Z,2020-08-16T07:16:24.054787658Z,116 UljG2fl1WQkWzy2QFTQ1rvvJsHSj
2020-08-16T07:16:24.104174551Z,2020-08-16T07:16:24.143367021Z,117 GQEr7ma0HL6Iown63rY7tJhxmtgr
2020-08-16T07:16:24.185508205Z,2020-08-16T07:16:24.226228768Z,118 tqsdDrm2tIOSe6yBbEOWqM0XhsHc
2020-08-16T07:16:24.266339146Z,2020-08-16T07:16:24.299266693Z,119 oPLo3SfypAVwxJltqx9JtSZS7jQQ
2020-08-16T07:16:24.347779265Z,2020-08-16T07:16:24.375825840Z,120 eN8yfdHHXdJAVu9E2rEAyCKT9GXX
2020-08-16T07:16:24.429204355Z,2020-08-16T07:16:24.456719862Z,121 zMu4S5pGLYntPusLHDqJIfvfjJpq
2020-08-16T07:16:24.510032741Z,2020-08-16T07:16:24.554864228Z,122 q5mKjiZ9JTPGJesUGNBmWu0npizu
2020-08-16T07:16:24.590793836Z,2020-08-16T07:16:24.623864160Z,123 BXWaTBFc32UP7cHaqhHOkdp6AYzO
2020-08-16T07:16:24.671749758Z,2020-08-16T07:16:24.719240212Z,124 5AGjzODMUs9YuW4QSY480lXXqEiX
2020-08-16T07:16:24.753565226Z,2020-08-16T07:16:24.791130189Z,125 N4ZaM4X4RAwEDwb5yyisjHLvD01r
2020-08-16T07:16:24.835476554Z,2020-08-16T07:16:24.861289558Z,126 TTgc6hqVxnqjckkHHNmztr7VHQAn
2020-08-16T07:16:24.917577415Z,2020-08-16T07:16:24.938897036Z,127 oZZhLrtwzlPr4Aj5vPaP8ObN0heN
2020-08-16T07:16:24.999891402Z,2020-08-16T07:16:25.043590463Z,128 Eunzm0phz5lZegUcj31JR7QiSOka
2020-08-16T07:16:25.081654105Z,2020-08-16T07:16:25.115516392Z,129 P4SWin9jhfWvizFTvLnA3Bkjdk6V
2020-08-16T07:16:25.163064370Z,2020-08-16T07:16:25.189311538Z,130 9p6H9r98JObbilLaezots1e4ct6K
2020-08-16T07:16:25.244485703Z,2020-08-16T07:16:25.261956780Z,131 nKYh72HezEDQ4M4WU4kTKFMy4jZ8
2020-08-16T07:16:25.325553102Z,2020-08-16T07:16:25.363573164Z,132 PjuJeOEWO0dUydAdY6qUFtMOg48b
2020-08-16T07:16:25.406706134Z,2020-08-16T07:16:25.434744647Z,133 BLFyANlan66QxeFX5QuMX5BGEacK
2020-08-16T07:16:25.488739328Z,2020-08-16T07:16:25.526552694Z,134 Z5YzsrofFjkzdLnzMsCwx9q4rqMI
2020-08-16T07:16:25.570963424Z,2020-08-16T07:16:25.595648658Z,135 8cgJqjgNsnXz17TpnTEyXLuEYE7n
2020-08-16T07:16:25.652481675Z,2020-08-16T07:16:25.769785387Z,136 ECxmNhdYC3MZzVJCVIFXNtxWkod6
2020-08-16T07:16:25.733241341Z,2020-08-16T07:16:25.843097762Z,137 XdBW6VGLEG9wVPAniPGCuzFZTU0i
2020-08-16T07:16:25.814942332Z,2020-08-16T07:16:25.913666174Z,138 61AerkofWB5k6EH10yK1QbcnXFCm
2020-08-16T07:16:25.896812149Z,2020-08-16T07:16:25.983282124Z,139 KyO8GQcLjBU51rrVKaifc0zFrZtH
2020-08-16T07:16:25.979024996Z,2020-08-16T07:16:26.052656878Z,140 EFkJSvyRzHBTklDVh5iEGkMeQaDm
2020-08-16T07:16:26.061063755Z,2020-08-16T07:16:26.124483665Z,141 LjXmQeQXPrPlAMKJZKHBMyDyERlF
2020-08-16T07:16:26.142162012Z,2020-08-16T07:16:26.193578156Z,142 JlDywu3E8fmMTd3pZxMggu1dXpQE
2020-08-16T07:16:26.223099881Z,2020-08-16T07:16:26.264700613Z,143 PZmpYUB442LBpdUyWGxu0vVTXzFF
2020-08-16T07:16:26.304065888Z,2020-08-16T07:16:26.335433106Z,144 RF89Iwm7G3KjuxZewgSEVI8Ncnh9
2020-08-16T07:16:26.385493786Z,2020-08-16T07:16:26.417283642Z,145 HxuWwIdwxcpCOIXKA6zjMRPaRDn9
2020-08-16T07:16:26.465995771Z,2020-08-16T07:16:26.509919615Z,146 TLzRKvZQWbD7PuqxMrfj29fthfxL
2020-08-16T07:16:26.547551502Z,2020-08-16T07:16:26.594327360Z,147 knAxfOVZJBZv0aZ3UteJpsrtViHD
2020-08-16T07:16:26.627767224Z,2020-08-16T07:16:26.664770261Z,148 dlceZbz66lgQZGjUfjg6b06BolrS
2020-08-16T07:16:26.709927943Z,2020-08-16T07:16:26.749697006Z,149 56BpaSTwdvw4RJSEygpqSWiZp935
2020-08-16T07:16:26.791185243Z,2020-08-16T07:16:26.824247286Z,150 UvhJKN0vCY0dVrmKDtrPm2oSPeX6
2020-08-16T07:16:26.872401463Z,2020-08-16T07:16:26.902802261Z,151 2LCx0Sgxj4QuEaAFPjDqLcSkKlfm
2020-08-16T07:16:26.954046024Z,2020-08-16T07:16:27.000163622Z,152 jVqOYKz2sOpgycIvLR7S8U8GHLBE
2020-08-16T07:16:27.035947566Z,2020-08-16T07:16:27.072040561Z,153 DGkRPnwY8jWWVCIdawPaYRoHf8uS
2020-08-16T07:16:27.117442319Z,2020-08-16T07:16:27.159160064Z,154 2tevGSwu0SiSP2ZGD7w6dqlOTgUg
2020-08-16T07:16:27.197824557Z,2020-08-16T07:16:27.232340233Z,155 SgC4SeE73BzuGZTvdMcNrkODbRPQ
2020-08-16T07:16:27.279053843Z,2020-08-16T07:16:27.303430325Z,156 eRyKSqfSkJSIUsWxcaQLdcMb3Gxj
2020-08-16T07:16:27.360191901Z,2020-08-16T07:16:27.393698482Z,157 je5mOShTpaw15H69vGw3qBhx2blS
2020-08-16T07:16:27.440927280Z,2020-08-16T07:16:27.488579361Z,158 rc66xz4qOfKucZP2VFlYL7p1GMKo
2020-08-16T07:16:27.522387625Z,2020-08-16T07:16:27.561686521Z,159 VC4lFVtx0eKry5ViT4VSmItE1n8N
2020-08-16T07:16:27.603996940Z,2020-08-16T07:16:27.634805965Z,160 lnDZzerNaBsxDi3dmJPHgNL4KCCq
2020-08-16T07:16:27.685024737Z,2020-08-16T07:16:27.719324460Z,161 E7DOClz4YBvYTTEGT1YbUXPaMwzI
2020-08-16T07:16:27.766533478Z,2020-08-16T07:16:27.803403668Z,162 2EMFTVBoQRQaBzZ6ugfTXcxHZSVo
2020-08-16T07:16:27.847658693Z,2020-08-16T07:16:27.880474412Z,163 anhwnXwQlO6WjnoJ5xVYH8HSlr4t
2020-08-16T07:16:27.928318234Z,2020-08-16T07:16:27.963857039Z,164 CDoArNWmVIMZp3ZlIafylLXOgOaj
2020-08-16T07:16:28.009908123Z,2020-08-16T07:16:28.037298212Z,165 gtBKwn4nJL6r5KI3deUgZ8RIjP0T
2020-08-16T07:16:28.091893229Z,2020-08-16T07:16:28.119970176Z,166 TmKOPJOwBiLibEOAwBkPMZ2Q3mI0
2020-08-16T07:16:28.173285915Z,2020-08-16T07:16:28.197874649Z,167 b5DreJK4wbZoycTBqDw7jZ2yeJ70
2020-08-16T07:16:28.254334835Z,2020-08-16T07:16:28.301039183Z,168 Nr0u3XMAk7rU8wlIcP8Ssv8pJNO3
2020-08-16T07:16:28.334850035Z,2020-08-16T07:16:28.372261909Z,169 BDJYV78aPEls6mkz3G3z5RRpO3xb
2020-08-16T07:16:28.416100272Z,2020-08-16T07:16:28.443490029Z,170 an3fvWmlnszSN0HFnAcE8T6RziuU
2020-08-16T07:16:28.497235267Z,2020-08-16T07:16:28.522812098Z,171 0Dyc9hKcTB9lfmUJriHkYOeeyCVU
2020-08-16T07:16:28.578402468Z,2020-08-16T07:16:28.610310298Z,172 TgGAt93LEe5GtTDxAOoKz1BnyxBf
2020-08-16T07:16:28.659938188Z,2020-08-16T07:16:28.696632659Z,173 cWQMIFfD0p4v7NRypJ2uinOg1UAq
2020-08-16T07:16:28.740111007Z,2020-08-16T07:16:28.768029481Z,174 OgKwrNJAPDorTDyblPkYR09Z3eF9
2020-08-16T07:16:28.821342685Z,2020-08-16T07:16:28.852622238Z,175 pbn1qSNvAVoqBcoHopdONTeayG5r
2020-08-16T07:16:28.902690036Z,2020-08-16T07:16:28.950023964Z,176 XeIORB5WXmXgmhOHhSJRRY6QpgQ2
2020-08-16T07:16:28.984040686Z,2020-08-16T07:16:29.021497381Z,177 9j1EuaMIrdPQLyFudWLDSCYvcDDK
2020-08-16T07:16:29.065227066Z,2020-08-16T07:16:29.091845507Z,178 uxIM3WwU6RK4M36ABAECQwxPVf0q
2020-08-16T07:16:29.146187001Z,2020-08-16T07:16:29.176378446Z,179 A4Z4JfbGNuA0aEgFh0voi7XynGlf
2020-08-16T07:16:29.227713230Z,2020-08-16T07:16:29.287712787Z,180 swKJ6aOaw41VdC2neb1iSS4FtzKQ
2020-08-16T07:16:29.309333478Z,2020-08-16T07:16:29.359210256Z,181 gsmGh9D6FT7OwZ9YrcHVgFejVtL0
2020-08-16T07:16:29.389740848Z,2020-08-16T07:16:29.442412333Z,182 B3HhG7A5L4hYYGmwihJktpmnJWaK
2020-08-16T07:16:29.471030629Z,2020-08-16T07:16:29.514901665Z,183 Fhu3e5KIy3elhnC3v9BMktYWDlqr
2020-08-16T07:16:29.552639945Z,2020-08-16T07:16:29.586999787Z,184 hPEQZAGtTItrr9H9lzUaANgerf8g
2020-08-16T07:16:29.634856856Z,2020-08-16T07:16:29.680523199Z,185 5DRoMk6uXk1wwaPmhOYTogVZxwET
2020-08-16T07:16:29.716600899Z,2020-08-16T07:16:29.751268815Z,186 vUIuSA6lUXtbR39iorYh5IHDdk6h
2020-08-16T07:16:29.798752402Z,2020-08-16T07:16:29.823489023Z,187 FVc11MSuAtifBqH98TAhkq2DKoSL
2020-08-16T07:16:29.880455602Z,2020-08-16T07:16:29.893425296Z,188 nHXIKIFIq23GJx9IrxQfltMLbTFq
2020-08-16T07:16:29.961497159Z,2020-08-16T07:16:30.003969588Z,189 EqCDESybEpjP4Ol3N9u2QsSMzuLg
2020-08-16T07:16:30.042174595Z,2020-08-16T07:16:30.076015356Z,190 4gfcDqSAlQ55PdeNCmK4VacT7nTD
2020-08-16T07:16:30.123918238Z,2020-08-16T07:16:30.155806017Z,191 Jd32Ook7A6NTuwygBR6pwxSxs3xY
2020-08-16T07:16:30.205909768Z,2020-08-16T07:16:30.224401611Z,192 LrnzR4bawq6H4LZVU3gg6WQKbheE
2020-08-16T07:16:30.287221415Z,2020-08-16T07:16:30.304540770Z,193 nCZkyEbFTzQPQTa7xESIklxYcPoz
2020-08-16T07:16:30.368950586Z,2020-08-16T07:16:30.387887868Z,194 Q7Lthvzuk9k0jYuahsCNaVNjay0B
2020-08-16T07:16:30.450599120Z,2020-08-16T07:16:30.494374664Z,195 PFH0DHGxCnLJJkgFW32HiYeB4Xpf
2020-08-16T07:16:30.532320381Z,2020-08-16T07:16:30.566240847Z,196 JABc6z4PpwdUalG9M0rcudxP3OYi
2020-08-16T07:16:30.613539955Z,2020-08-16T07:16:30.648791671Z,197 EHUcbyRNXWPgwC2orqm1xPj4yMJO
2020-08-16T07:16:30.694520463Z,2020-08-16T07:16:30.724204321Z,198 OyKCd2IWF1WbOgU0k09RVzLOnrbn
2020-08-16T07:16:30.775682231Z,2020-08-16T07:16:30.814978852Z,199 PZeoF40EaUldl9vrMqLjhWOq50gF
2020-08-16T07:16:30.856102231Z,2020-08-16T07:16:30.884625123Z,200 AYk8EByW5CSfeWji3kDoUlYB4J0G
2020-08-16T07:16:30.937778597Z,2020-08-16T07:16:30.972761147Z,201 pl0RMSMpMI70hhOUShqAzgDpETDg
2020-08-16T07:16:31.019964474Z,2020-08-16T07:16:31.052037095Z,202 kD5TKIcrvufqr9Y7KorNRtEgcgHg
2020-08-16T07:16:31.100865071Z,2020-08-16T07:16:31.122505035Z,203 eJvBzhADqe2LjMFDSJP4bWWKst4L
2020-08-16T07:16:31.183051527Z,2020-08-16T07:16:31.295957133Z,204 Wco3BzppLZXCnHQ1LXoFg2S3KFDL
2020-08-16T07:16:31.264127117Z,2020-08-16T07:16:31.367064179Z,205 emENlM8Ldd2DjVFfQU8KrE0oXXMK
2020-08-16T07:16:31.344978042Z,2020-08-16T07:16:31.438360772Z,206 GNffNSmr6f0JllmymNxKB04FKEee
2020-08-16T07:16:31.426665741Z,2020-08-16T07:16:31.507976480Z,207 3y2wplDWQ9sdKrrNMMamyZjFbFJy
2020-08-16T07:16:31.507908564Z,2020-08-16T07:16:31.579670460Z,208 lUBWIriRAOtHl2nFnlA41ZWAqb6N
2020-08-16T07:16:31.589618094Z,2020-08-16T07:16:31.652294505Z,209 xehMAG8zscK1m9mR1El8EnpEPclr
2020-08-16T07:16:31.672754974Z,2020-08-16T07:16:31.723316247Z,210 wRzCy11L6nphWaEksxwpUsBiDy9u
2020-08-16T07:16:31.753336321Z,2020-08-16T07:16:31.797468293Z,211 cMh9idYkSSoVtr7eQZJXPo4ORJnR
2020-08-16T07:16:31.834614453Z,2020-08-16T07:16:31.867622601Z,212 oftZ4TYrtuPlqWQeirNgGP4f9CLj
2020-08-16T07:16:31.916785389Z,2020-08-16T07:16:31.941248445Z,213 cr6eKBVWrJdDTHfqLu8gLJGxZL7m
2020-08-16T07:16:31.998730602Z,2020-08-16T07:16:32.021074830Z,214 1XDHdoAqFEEyNsMOaDIcuuA4wsUo
2020-08-16T07:16:32.080343899Z,2020-08-16T07:16:32.122910825Z,215 6zYQesWSjU1LTfXnwKBWzhlQPAqm
2020-08-16T07:16:32.160880983Z,2020-08-16T07:16:32.193080937Z,216 CxM2JHzRTOjb3D8kB5DkzI8s36rR
2020-08-16T07:16:32.242785111Z,2020-08-16T07:16:32.265289237Z,217 u6KHGzW02zZvH6hHhsZUmyh3f0Ez
2020-08-16T07:16:32.324824087Z,2020-08-16T07:16:32.337669149Z,218 B1ERb1IQ4ekZC2PJGzPz4pXfbatk
2020-08-16T07:16:32.406392321Z,2020-08-16T07:16:32.444059936Z,219 eFWRUDVApPciN6WW7lLr4qklD5Fl
2020-08-16T07:16:32.487256050Z,2020-08-16T07:16:32.515628611Z,220 AGb3GfLdsOTT5gu95u96TVLJGluW
2020-08-16T07:16:32.568961962Z,2020-08-16T07:16:32.612281075Z,221 aynFd8QXRMBlXJVI6O46jD7x0l5y
2020-08-16T07:16:32.650357197Z,2020-08-16T07:16:32.683501048Z,222 vpOQGYSnE8ExXGoUVwV6ctvutjv5
2020-08-16T07:16:32.730942375Z,2020-08-16T07:16:32.755262824Z,223 Zb3AG66f54n291e1gfHJ5H3wEuJq
2020-08-16T07:16:32.812562906Z,2020-08-16T07:16:32.834202128Z,224 gM2iR2TvcB72dwR74Jzm0VapK5oJ
2020-08-16T07:16:32.893784179Z,2020-08-16T07:16:32.926059568Z,225 fZHTImATx7CNP4iU6CPzO9McyiQ6
2020-08-16T07:16:32.974086667Z,2020-08-16T07:16:32.996804380Z,226 e3gKjlrNySi9CF4vW9bb6IhWHd5B
2020-08-16T07:16:33.055700854Z,2020-08-16T07:16:33.075125359Z,227 6uDBE4konbL8soLlLTERcc8T4Eur
2020-08-16T07:16:33.138034807Z,2020-08-16T07:16:33.163967700Z,228 nZNHShu0svbuZZyelSWhzcdWzdOp
2020-08-16T07:16:33.219033231Z,2020-08-16T07:16:33.239298125Z,229 P87SedWd8GpyA9W2qero9ZPgRJTB
2020-08-16T07:16:33.300163702Z,2020-08-16T07:16:33.333618668Z,230 6sraIiwOJPc3wQ4qW89rYQO2TkuG
2020-08-16T07:16:33.381510166Z,2020-08-16T07:16:33.406715922Z,231 Uf5Bp3P9240kknHjYs9ieadCkSHN
2020-08-16T07:16:33.462634408Z,2020-08-16T07:16:33.492099998Z,232 rrK6wUoeVncUEQKFid1hK1wOiOxW
2020-08-16T07:16:33.543305652Z,2020-08-16T07:16:33.587482744Z,233 ML9koNtohWKLWaf8fDLBGO6mFvKi
2020-08-16T07:16:33.624170208Z,2020-08-16T07:16:33.666065898Z,234 syDhvm1Qxt0niMVdAronsxXohjZK
2020-08-16T07:16:33.705864233Z,2020-08-16T07:16:33.735488221Z,235 X2DuOC2JWqrrPLqtz4kAqrYaVXCW
2020-08-16T07:16:33.787670965Z,2020-08-16T07:16:33.825070331Z,236 HZ0htyN3p0WF0gaiyuLU9bnz64Gs
2020-08-16T07:16:33.868214501Z,2020-08-16T07:16:33.896425359Z,237 sfAVra4BNt3xPAd7owXLu9Th6IZt
2020-08-16T07:16:33.949107632Z,2020-08-16T07:16:33.976549378Z,238 mav5FnYMEk872GrXq2AihP3K8DV2
2020-08-16T07:16:34.030614545Z,2020-08-16T07:16:34.066370300Z,239 MbPYycRr69AQtycDNpyasptwL7Xj
2020-08-16T07:16:34.111988220Z,2020-08-16T07:16:34.142215348Z,240 kt8qpBC4qerrQfMiYrA6nDCCjek5
2020-08-16T07:16:34.193558430Z,2020-08-16T07:16:34.216281080Z,241 HsyNxWbDeb3ShJIaoorFCHdiKTIv
2020-08-16T07:16:34.274698782Z,2020-08-16T07:16:34.302635301Z,242 rceMT7joAJZUCGc72Y8Kqqsa3j5s
2020-08-16T07:16:34.355965629Z,2020-08-16T07:16:34.394902577Z,243 49Uz2pEuDcPqyIylpNDGJaCMwOWf
2020-08-16T07:16:34.437420856Z,2020-08-16T07:16:34.480797480Z,244 c7FGmEobW57rUWTFwhWd1ybYOCmA
2020-08-16T07:16:34.518122100Z,2020-08-16T07:16:34.550770681Z,245 m9n1VMGiwIWWeQfhzH2L8URvyQpT
2020-08-16T07:16:34.599035449Z,2020-08-16T07:16:34.622243115Z,246 4RqdMCW6vtLPyRMSQ0RmIinhvKWQ
2020-08-16T07:16:34.680578200Z,2020-08-16T07:16:34.709777050Z,247 tA62RRGt2of8GFo36ZyUgGm2c8k6
2020-08-16T07:16:34.761717085Z,2020-08-16T07:16:34.792466097Z,248 4iKC9GSJ4JrwbVIrJSpjJbey9Sr9
2020-08-16T07:16:34.843777566Z,2020-08-16T07:16:34.862045771Z,249 hQtuRET9dPb0eRX5VMPSYBY6VNIA
2020-08-16T07:16:34.925501282Z,2020-08-16T07:16:34.963806014Z,250 TUJgBh2GXfu3hIl1ywQD7L0kTFwY
2020-08-16T07:16:35.006876655Z,2020-08-16T07:16:35.041047552Z,251 esjuynOW9wVcVHymypE44wYNtNeh
2020-08-16T07:16:35.088294319Z,2020-08-16T07:16:35.103555788Z,252 Mg7CsYgTc8Vqw4rtRLtvOnkzxszC
2020-08-16T07:16:35.168902051Z,2020-08-16T07:16:35.190695605Z,253 TuHyaRy0gPysCQTHqbkMarHiRaFP
2020-08-16T07:16:35.250130039Z,2020-08-16T07:16:35.275339466Z,254 FUr0RZSZ0xraM4Jp0JVCGbNj5swf
2020-08-16T07:16:35.331754565Z,2020-08-16T07:16:35.366781450Z,255 lTBI07mUnQH5OaYj4jD3rzqpUKM8
2020-08-16T07:16:35.413606055Z,2020-08-16T07:16:35.441142558Z,256 GAHYAz8Es8uUFnCHbM7ENO2vuxH7
2020-08-16T07:16:35.495829735Z,2020-08-16T07:16:35.510014199Z,257 PFs2Ee7w0B4Duk8PSsYBR6sMHNH8
2020-08-16T07:16:35.575985937Z,2020-08-16T07:16:35.599162005Z,258 a7N9VQt0kFx7zLFxWnq0pE7Fj7OI
2020-08-16T07:16:35.658053281Z,2020-08-16T07:16:35.772269350Z,259 rRNuvA3WcKDqvq6lzTxpUsm5Odgb
2020-08-16T07:16:35.739497714Z,2020-08-16T07:16:35.843181088Z,260 YddMcYkJwY0sMdRSo35I7lv5OIwA
2020-08-16T07:16:35.820907656Z,2020-08-16T07:16:35.916739367Z,261 ENtHtLsfFjjC02vbHdHtprGPhNZu
2020-08-16T07:16:35.902145863Z,2020-08-16T07:16:35.991018280Z,262 ImJgznUWS6kZ4JvnrbmkxgRpFVOr
2020-08-16T07:16:35.983233926Z,2020-08-16T07:16:36.063431316Z,263 jShbaGEGQpE18o0EISspaQH96Ie4
2020-08-16T07:16:36.064588618Z,2020-08-16T07:16:36.136931834Z,264 IVrBqIUolysdrpXyvqf6mGfTsN0L
2020-08-16T07:16:36.145621729Z,2020-08-16T07:16:36.209154156Z,265 x08gr5N2ZInHvKni2dN88krY0nry
2020-08-16T07:16:36.226854418Z,2020-08-16T07:16:36.281424959Z,266 dYcmNk0nos4PhK9hiBLz6Sf5Kbu5
2020-08-16T07:16:36.309330378Z,2020-08-16T07:16:36.354620193Z,267 8dJmIS8b2QXCZIZvpdGLek9aEcXf
2020-08-16T07:16:36.390643592Z,2020-08-16T07:16:36.425056565Z,268 fD0n0H36PmE9QNIa4NYmfpmUe0Bq
2020-08-16T07:16:36.472808460Z,2020-08-16T07:16:36.499477566Z,269 BPmiYYLVPchoVRnja2aIlkAkDLzt
2020-08-16T07:16:36.554879999Z,2020-08-16T07:16:36.591597359Z,270 pOS4Bk67j9NDS1ZkBQGeo1rFlLuc
2020-08-16T07:16:36.636320873Z,2020-08-16T07:16:36.662084829Z,271 iyIuFc7GcaPrtioBdwkypK1Q5NZy
2020-08-16T07:16:36.717553316Z,2020-08-16T07:16:36.830689657Z,272 k5ZcJe9A7gFbGIVozbiynsZT1TdT
2020-08-16T07:16:36.798310314Z,2020-08-16T07:16:36.901959510Z,273 Ze0QMx37KoaIvhPszjTpwCuimv4Y
2020-08-16T07:16:36.879299181Z,2020-08-16T07:16:36.973540234Z,274 JNLu58pWAmWpbFiHNm0Up5vKpgAu
2020-08-16T07:16:36.960167304Z,2020-08-16T07:16:37.044202899Z,275 SaHtQVCgDnvxlMxvjhRGY4lUmcPn
2020-08-16T07:16:37.041779008Z,2020-08-16T07:16:37.115641764Z,276 D6lRtu7Np5NhADS9HNvoxNeUdnPL
2020-08-16T07:16:37.123146756Z,2020-08-16T07:16:37.185953355Z,277 bpUy5uNqjBo1oIVn9i51m55rHFCE
2020-08-16T07:16:37.204788622Z,2020-08-16T07:16:37.255587073Z,278 cRLXNP3alSucpCFQjeXRFl4pNCwb
2020-08-16T07:16:37.285943552Z,2020-08-16T07:16:37.324639204Z,279 vFlMYg9ABDSUY0LnDMUBEioJbvAV
2020-08-16T07:16:37.367600366Z,2020-08-16T07:16:37.395913339Z,280 kjEAbpXl3LPsMGKoDNv2CJjLVmgY
2020-08-16T07:16:37.448148062Z,2020-08-16T07:16:37.482217791Z,281 gaNUpSt1Y6j59kCqBEzZ9KfRxICJ
2020-08-16T07:16:37.529260756Z,2020-08-16T07:16:37.570754763Z,282 q2SeTOeTnBzbtyM0Y8XAIdKtnu64
2020-08-16T07:16:37.610592720Z,2020-08-16T07:16:37.642042615Z,283 d8HhhKlq3V7FVetYU8RfTAkZCfrL
2020-08-16T07:16:37.691703691Z,2020-08-16T07:16:37.718652787Z,284 Z5xwB1sNykPN8xSq2gXX4YQYCb4L
2020-08-16T07:16:37.772503849Z,2020-08-16T07:16:37.791158526Z,285 yXyGcuEQ0DaErG5ofLtN7UtoCb64
2020-08-16T07:16:37.853682042Z,2020-08-16T07:16:37.884663333Z,286 dwFoY0OdQ5ZiFxJe6avm5MdhzdBi
2020-08-16T07:16:37.934669187Z,2020-08-16T07:16:37.980071742Z,287 M3nyABdwSvig344D8w4mQKVqXPvM
2020-08-16T07:16:38.015744969Z,2020-08-16T07:16:38.051838513Z,288 77mEHCcaLPAMdlCcQE145xbTLE66
2020-08-16T07:16:38.097868067Z,2020-08-16T07:16:38.142273509Z,289 vBzzOECm6YPkIOlFDfsoM8A63PzK
2020-08-16T07:16:38.179941266Z,2020-08-16T07:16:38.225766650Z,290 yCY2jMeeybpUjXGnke5hBZ0r2Cb8
2020-08-16T07:16:38.261779557Z,2020-08-16T07:16:38.297716245Z,291 eeXwqrD0q7iQ3RWazntqS5hqTZCo
2020-08-16T07:16:38.343733538Z,2020-08-16T07:16:38.382952781Z,292 LfEnTD4L4gTV8r7B48rsrPVXDgJH
2020-08-16T07:16:38.425553010Z,2020-08-16T07:16:38.456236011Z,293 D8WhjuIxTo68aEuMYvx0aoxgsMDr
2020-08-16T07:16:38.506614964Z,2020-08-16T07:16:38.536801411Z,294 VTbt5qJ8LcsOoXR4UnMmTRG4k1TR
2020-08-16T07:16:38.587995173Z,2020-08-16T07:16:38.622629056Z,295 ZBZeVbHTByf8rwPm23YuCCgAA36A
2020-08-16T07:16:38.669587577Z,2020-08-16T07:16:38.694412747Z,296 ZrQn8pVJVaGPsGsRnAfU6Hnt9uDu
2020-08-16T07:16:38.750094858Z,2020-08-16T07:16:38.787945870Z,297 exRbHrzFdbPGj8recjzAZjXgUSuO
2020-08-16T07:16:38.831154500Z,2020-08-16T07:16:38.859061568Z,298 Xi2O9nZY5uYytGzXKTMwwgUq0lPi
2020-08-16T07:16:38.912530257Z,2020-08-16T07:16:38.959329526Z,299 UXibwFTRIAL3taLjWtmnK9D9nbhu
2020-08-16T07:16:38.993236733Z,2020-08-16T07:16:39.028662696Z,300 3j3cK0cFzrPgxhnmhqDJoYeLyezz
2020-08-16T07:16:39.074997963Z,2020-08-16T07:16:39.104472159Z,301 MqshZOHrZsHgoynNUty4UqOjJEKC
2020-08-16T07:16:39.156088042Z,2020-08-16T07:16:39.188795185Z,302 37UlDi1gZLyJBGbUJl6Lu5PqjK1E
2020-08-16T07:16:39.237285681Z,2020-08-16T07:16:39.274579936Z,303 fuRbojXNMumzC3RbxBRdkj4AC4Xu
2020-08-16T07:16:39.318815390Z,2020-08-16T07:16:39.347211277Z,304 Qbr6J3RjD1D7QI2fpS87uMYucLF1
2020-08-16T07:16:39.400530122Z,2020-08-16T07:16:39.420329533Z,305 gz4AHc8egcX8BElfX5OHmUOlJCdm
2020-08-16T07:16:39.481587191Z,2020-08-16T07:16:39.515267928Z,306 g9Xt9BNIfdRZtn1zRFxOROaIIVHj
2020-08-16T07:16:39.562453198Z,2020-08-16T07:16:39.599541610Z,307 WqjNC6lfL5T8nbuAdE2Oil2GawVi
2020-08-16T07:16:39.643221097Z,2020-08-16T07:16:39.682193405Z,308 q1FLpmZbWIpJvYIizW9ERSgHlfR2
2020-08-16T07:16:39.724545613Z,2020-08-16T07:16:39.757948457Z,309 7nrgAYhjbrum9e6blBKAlFhfbjMa
2020-08-16T07:16:39.805393917Z,2020-08-16T07:16:39.831239490Z,310 mnjj1NmAsfAU4tskFMbyO2wb9jPN
2020-08-16T07:16:39.886131163Z,2020-08-16T07:16:39.915440207Z,311 Qm34lGYUVubyQzszIJFOOma95CWU
2020-08-16T07:16:39.967351740Z,2020-08-16T07:16:40.001203901Z,312 4x4IWzp37IAz6trsPCWOSjlMID4d
2020-08-16T07:16:40.048896603Z,2020-08-16T07:16:40.074387982Z,313 FuBPm46GxzwlAcFH5aBVkmII7F7a
2020-08-16T07:16:40.130505155Z,2020-08-16T07:16:40.178582765Z,314 M8n7DQV9Gkw5YbEGDeogcLuUCa0z
2020-08-16T07:16:40.211355047Z,2020-08-16T07:16:40.248715639Z,315 ufkKoKoZ7HVokYgC3fMHvbyb7Xd3
2020-08-16T07:16:40.292071377Z,2020-08-16T07:16:40.318726271Z,316 AevWFVuya4NNfYlTKeopx7AiyEpR
2020-08-16T07:16:40.374077655Z,2020-08-16T07:16:40.397206317Z,317 gYeN8L40cknZqfYzaS1qBM3mGEtH
2020-08-16T07:16:40.455967812Z,2020-08-16T07:16:40.489687335Z,318 g0SFTomz9EVOO56c7JXgiYtWLyba
2020-08-16T07:16:40.537672704Z,2020-08-16T07:16:40.576694462Z,319 21pPiBYedVH0fE8sGpt3d19PSbOC
2020-08-16T07:16:40.618900774Z,2020-08-16T07:16:40.656678092Z,320 AEaYjUBS1D5PlHxhWydPMDCI6wN2
2020-08-16T07:16:40.700566911Z,2020-08-16T07:16:40.723834702Z,321 DS8z3hR3sRHh3ebHLWjpvW4tHxXo
2020-08-16T07:16:40.781658852Z,2020-08-16T07:16:40.808083272Z,322 fSjfNbENzv5hhfYi5rwDDMlEyiQ4
2020-08-16T07:16:40.862475592Z,2020-08-16T07:16:40.900523954Z,323 phm9aq2nsOabaPDUOUgcuiXqk1S1
2020-08-16T07:16:40.943504928Z,2020-08-16T07:16:40.968860629Z,324 BqpIw84ZMbVR60xBwN914EXaoHOQ
2020-08-16T07:16:41.024622025Z,2020-08-16T07:16:41.066599267Z,325 ulswbPPGk4iWb7Lj3SP6dmP1e7UB
2020-08-16T07:16:41.105535107Z,2020-08-16T07:16:41.136961138Z,326 RVSruO3lE9R86PB9kHB6XpW4THeI
2020-08-16T07:16:41.186252790Z,2020-08-16T07:16:41.219166166Z,327 iXMr2Gbd02Wdotmv8mJxiiXmZHxB
2020-08-16T07:16:41.267678074Z,2020-08-16T07:16:41.295850205Z,328 k9FXeLXgMYNjUCAg2q2jNcL2tPMS
2020-08-16T07:16:41.349569677Z,2020-08-16T07:16:41.366682883Z,329 v21u1XXQbWFrNTOHcWNgUX2tKtZm
2020-08-16T07:16:41.430658173Z,2020-08-16T07:16:41.442505821Z,330 FKv3grZcB0CzXptPGNmRAS3bKNNA
2020-08-16T07:16:41.511241310Z,2020-08-16T07:16:41.535698959Z,331 EhP7P6ie09CVTmIVlmRXsNtSH2Rm
2020-08-16T07:16:41.592890026Z,2020-08-16T07:16:41.631354892Z,332 XZeIpDebLwcwcLj5TU882XINmmW8
2020-08-16T07:16:41.673514598Z,2020-08-16T07:16:41.707868195Z,333 wj3bHF0hzDWBMpucyy6v7p38mt2q
2020-08-16T07:16:41.754499651Z,2020-08-16T07:16:41.778883359Z,334 YLkGunFQZS47jfgZKC01j1tHuVov
2020-08-16T07:16:41.835242039Z,2020-08-16T07:16:41.867056683Z,335 JryJbGcjEInCmdF026kjQIowEFLV
2020-08-16T07:16:41.916082720Z,2020-08-16T07:16:41.945933688Z,336 x4jeZws4xyLRLx9PhY7GmXi8kJdr
2020-08-16T07:16:41.997705996Z,2020-08-16T07:16:42.012043517Z,337 ondb307P36pCxsWJlFrZdlOoAKLI
2020-08-16T07:16:42.078931042Z,2020-08-16T07:16:42.088761965Z,338 iwkFtETPrdBODfBRy0qGDKkgo7KE
2020-08-16T07:16:42.160370084Z,2020-08-16T07:16:42.192774519Z,339 HZflQXrsoJeg2ahOJcXVau7lP98T
2020-08-16T07:16:42.241369119Z,2020-08-16T07:16:42.343244471Z,340 X0pxS0bezb9OVfEgeHvApraAx2hW
2020-08-16T07:16:42.322628635Z,2020-08-16T07:16:42.412681517Z,341 8WBGRtqpCZOgzwtY0xjWnXfr0zDP
2020-08-16T07:16:42.404071212Z,2020-08-16T07:16:42.483807808Z,342 fwu2tek3rDCYnTDaOrAzaxq5U37D
2020-08-16T07:16:42.485092587Z,2020-08-16T07:16:42.557160023Z,343 7zbANLps67n1vdHthQXM7dzZH2Td
2020-08-16T07:16:42.566944941Z,2020-08-16T07:16:42.628003375Z,344 0SfU5HNvDccZqQYO3nlBDZgCeqXx
2020-08-16T07:16:42.648532107Z,2020-08-16T07:16:42.697414005Z,345 7i0pgsc6hO4C1aXXDDBfW9fJC7qC
2020-08-16T07:16:42.729324467Z,2020-08-16T07:16:42.767672836Z,346 XIPYqtWZeE4xjgH1H0G9q7FwTSc3
2020-08-16T07:16:42.810569902Z,2020-08-16T07:16:42.842306053Z,347 u0YwOqUzeWfQ2paFNnkKiMwSnzRc
2020-08-16T07:16:42.891865969Z,2020-08-16T07:16:42.922936537Z,348 aGwKg9ZmrM00eIBt1aV0H8OYQMnn
2020-08-16T07:16:42.973321762Z,2020-08-16T07:16:43.008011235Z,349 sRKzCNmPWYPds5VuZ8ZdVXozcCXy
2020-08-16T07:16:43.054802637Z,2020-08-16T07:16:43.080590714Z,350 I554HMrjiVUCvBG38171Y8pJc4oO
2020-08-16T07:16:43.136318661Z,2020-08-16T07:16:43.170875158Z,351 XKJerB91eFpGilqehKrNYDxZYEf8
2020-08-16T07:16:43.217817102Z,2020-08-16T07:16:43.243030555Z,352 KhRCxKShaNkRUGTjiX2BmIFgdvbX
2020-08-16T07:16:43.299691581Z,2020-08-16T07:16:43.324066555Z,353 VtN6ONsWDhdaZcHS8YaR6yAbnRNZ
2020-08-16T07:16:43.381554114Z,2020-08-16T07:16:43.392444278Z,354 ZNSGPJLhHnhe4mxI1v8ozEWUA1GF
2020-08-16T07:16:43.462606426Z,2020-08-16T07:16:43.506921529Z,355 Yq9sS9ONZYXUxFtjvyylsxDxi8sb
2020-08-16T07:16:43.543253312Z,2020-08-16T07:16:43.581036970Z,356 vjAYNrbllJRUPtcKGh2SC6PgopQ5
2020-08-16T07:16:43.624513166Z,2020-08-16T07:16:43.655862003Z,357 hxQgKnXKiB4VZuOXZYbCD90wlnfQ
2020-08-16T07:16:43.705628941Z,2020-08-16T07:16:43.726074353Z,358 z0HBZxLnvHpTBQJiPvYV1xSLFxjj
2020-08-16T07:16:43.786328650Z,2020-08-16T07:16:43.817726706Z,359 mHJGP8gnMIxxKbTHDRftNn4N76yk
2020-08-16T07:16:43.867857905Z,2020-08-16T07:16:43.895858258Z,360 9W3ArSySVMO5jek83LoP8s8BeZHa
2020-08-16T07:16:43.950087855Z,2020-08-16T07:16:43.974083813Z,361 Y7PVDNC848JhCZzneU17ck9WgYP9
2020-08-16T07:16:44.032727220Z,2020-08-16T07:16:44.072678832Z,362 TYN3QB1EfLZwEDSA5vfEFRlF3ga5
2020-08-16T07:16:44.112666806Z,2020-08-16T07:16:44.143876452Z,363 6qwz5IKigTZXjDW9AJ7PC9KBt75j
2020-08-16T07:16:44.194525785Z,2020-08-16T07:16:44.224519638Z,364 BkTtN4sQd9AN6HpfKXPNzcZTq2f4
2020-08-16T07:16:44.275659096Z,2020-08-16T07:16:44.303691379Z,365 Sw7H44Fwj8QuwWQg6sK4f9jsUwpR
2020-08-16T07:16:44.357433229Z,2020-08-16T07:16:44.372396143Z,366 Hz6D0Y2HinuMuV9mvo6cwNwfsa3i
2020-08-16T07:16:44.438406794Z,2020-08-16T07:16:44.471963121Z,367 wC49NeBd39MdFTIHWmmdCQEkiGQe
2020-08-16T07:16:44.519139154Z,2020-08-16T07:16:44.549666947Z,368 qwgJ3dZIW6LuMlGB6WoTdcoNLxi5
2020-08-16T07:16:44.600878663Z,2020-08-16T07:16:44.707527469Z,369 HNjCv8LMPlwm8AxLnRFm5Qh5vFrW
2020-08-16T07:16:44.682407866Z,2020-08-16T07:16:44.778955397Z,370 BrvuDclumf2R8H9AqxnQ6xBads8j
2020-08-16T07:16:44.763215892Z,2020-08-16T07:16:44.850926687Z,371 rAcmkBxdu3RK4DqQfUmI5HjztnZk
2020-08-16T07:16:44.844312729Z,2020-08-16T07:16:44.919654691Z,372 ORTfQLtr6u9c7XXItbuiQdx5u6yE
2020-08-16T07:16:44.924953718Z,2020-08-16T07:16:44.990872133Z,373 4pP7qNIp6nxTR0gpNoPaBBtr2T9m
2020-08-16T07:16:45.006331796Z,2020-08-16T07:16:45.062106401Z,374 RO8TuPUKNLab0t6rEtzyC8RyNy0n
2020-08-16T07:16:45.086943815Z,2020-08-16T07:16:45.131985445Z,375 8Hl5qgwTzxXDmi3AWntSxlhoDWCn
2020-08-16T07:16:45.168710010Z,2020-08-16T07:16:45.200580324Z,376 CNzS2lD3TsMScsVx27rIS6tcYntY
2020-08-16T07:16:45.250497063Z,2020-08-16T07:16:45.299846925Z,377 cegOWmAL510LvnN4s2J4n16KgUtA
2020-08-16T07:16:45.331282745Z,2020-08-16T07:16:45.376941364Z,378 E77h0DX1XKWEfMrUt0vJsgcFp8TZ
2020-08-16T07:16:45.412018862Z,2020-08-16T07:16:45.461147812Z,379 7bvlREER9z5wcgtnbEUtgSCaPTW8
2020-08-16T07:16:45.493089373Z,2020-08-16T07:16:45.530888111Z,380 dVq7mfAiMW7uy6NdHTyUITWRBxFk
2020-08-16T07:16:45.574870182Z,2020-08-16T07:16:45.604946825Z,381 vM6SlC2BEP9ubqdATAXh89dyA17g
2020-08-16T07:16:45.656718772Z,2020-08-16T07:16:45.675987621Z,382 EP8fpHaOghB4sZD9IO67aUkwFPTp
2020-08-16T07:16:45.738830268Z,2020-08-16T07:16:45.762818685Z,383 q4cNpbWzcWKxlBTRfIXVwBaCpWAz
2020-08-16T07:16:45.820579149Z,2020-08-16T07:16:45.865644382Z,384 A79FSWsInwTj8bQ7MhQzHfGopXBo
2020-08-16T07:16:45.901314538Z,2020-08-16T07:16:45.935019152Z,385 vMWaCrcaxR7AyNKHfK4uWIpGCYEZ
2020-08-16T07:16:45.982165319Z,2020-08-16T07:16:46.021035745Z,386 5P8vuK3EopiaOZtaE3lsiLMAQvPj
2020-08-16T07:16:46.063272677Z,2020-08-16T07:16:46.097946616Z,387 JioPX8wOjHNX83EnGO32y3vbbFnj
2020-08-16T07:16:46.144178080Z,2020-08-16T07:16:46.180760636Z,388 IF2IRHi1ljSm3orPotVoEGtjbB0y
2020-08-16T07:16:46.224943989Z,2020-08-16T07:16:46.255453067Z,389 ShceGi2L8cgpJ9X11HWTnMAArPVL
2020-08-16T07:16:46.306437811Z,2020-08-16T07:16:46.345627294Z,390 YrRr7NJaDcU1GM8ql4yyQV02FaWv
2020-08-16T07:16:46.387655159Z,2020-08-16T07:16:46.419628252Z,391 sqFUKlBLPELBORdCjbq3EnkI2aC4
2020-08-16T07:16:46.468557507Z,2020-08-16T07:16:46.491229527Z,392 P7ZX3E8baePU875Xs6Iv76wDZGIl
2020-08-16T07:16:46.549516288Z,2020-08-16T07:16:46.576268001Z,393 k9lUJuDx0F61Ls4RUaMHNrMeuDdV
2020-08-16T07:16:46.630753823Z,2020-08-16T07:16:46.668677517Z,394 E0exmBE7fKKTOEzkUXNhWR50Cj10
2020-08-16T07:16:46.712949640Z,2020-08-16T07:16:46.740052602Z,395 Oz5evQgcLKTP5dK4wJhLUYHWD2Hu
2020-08-16T07:16:46.795013940Z,2020-08-16T07:16:46.822320091Z,396 3AX5UbALHG3GmfQI7lqmOrewIBba
2020-08-16T07:16:46.876989096Z,2020-08-16T07:16:46.911670285Z,397 3WehNsBArp5UQLuWyQvVxvHXd3fR
2020-08-16T07:16:46.958899852Z,2020-08-16T07:16:46.981236380Z,398 v49mhzrU9Vz5qb02s0SanVpEby0u
2020-08-16T07:16:47.040390929Z,2020-08-16T07:16:47.072981643Z,399 euRJV9xkTwz8PvDZbutgel9PVJ4q
2020-08-16T07:16:47.120942491Z,2020-08-16T07:16:47.144120802Z,400 ELDvTgdGbUQsLZYBaV1ERsDD1uIn
2020-08-16T07:16:47.202001476Z,2020-08-16T07:16:47.219902296Z,401 xJIfec1db90oeghSkrefxDVD1Sfl
2020-08-16T07:16:47.283363209Z,2020-08-16T07:16:47.308034626Z,402 9oLv6qSkwE4EhFs77ft0dfQ3Ed87
2020-08-16T07:16:47.364813365Z,2020-08-16T07:16:47.384969764Z,403 CLz7MVOqPdvh9FO5SH4CAjrRoHer
2020-08-16T07:16:47.446824395Z,2020-08-16T07:16:47.484210406Z,404 mhGFTCOphTvpXpLqAInRdK7xYlf7
2020-08-16T07:16:47.528865088Z,2020-08-16T07:16:47.560845982Z,405 sGqZTWwoTA2vyDCUNPiuetxKo0XC
2020-08-16T07:16:47.611042565Z,2020-08-16T07:16:47.633000881Z,406 AopbbM9RLIiyuxJajG5Znc4OriqR
2020-08-16T07:16:47.692610001Z,2020-08-16T07:16:47.726909767Z,407 r5zRgvUrzitCGY6lzLajDXbpumQ2
2020-08-16T07:16:47.773497100Z,2020-08-16T07:16:47.873427234Z,408 qKgCJsg0bfMGKyG9GlZNG6VztRsR
2020-08-16T07:16:47.854172277Z,2020-08-16T07:16:47.942730959Z,409 ESZsjLMgWOiHGigCz6RsaOBQD38j
2020-08-16T07:16:47.935328083Z,2020-08-16T07:16:48.013184914Z,410 B5UDZHAz0kbXMbiIOr2xcMjxL5eZ
2020-08-16T07:16:48.016174725Z,2020-08-16T07:16:48.085021096Z,411 BvyursiY58o9HC00q8SS35VnYIzI
2020-08-16T07:16:48.097370417Z,2020-08-16T07:16:48.156093143Z,412 82Tu5cDhUcayyc0blr65hAkgZiLt
2020-08-16T07:16:48.178089437Z,2020-08-16T07:16:48.226368611Z,413 t7I9zQxOZ6bqHXDmAYU8plpRAlnl
2020-08-16T07:16:48.259494807Z,2020-08-16T07:16:48.298683815Z,414 ehQEHtKtRG7y5PWunozguA2ZsPHc
2020-08-16T07:16:48.341670154Z,2020-08-16T07:16:48.380045562Z,415 g6POcamye2NDXgJdU4I0ltu0KsRn
2020-08-16T07:16:48.422731617Z,2020-08-16T07:16:48.451516623Z,416 jAtzAlTJqbqML5es0IpHlCA7N8Dt
2020-08-16T07:16:48.504415097Z,2020-08-16T07:16:48.548462984Z,417 YLQACABuFSbiupURPi5gKobpnJE1
2020-08-16T07:16:48.585147003Z,2020-08-16T07:16:48.629021862Z,418 gFVvZEQBAf7BCV1V7WmJXdAOGJZ8
2020-08-16T07:16:48.666836654Z,2020-08-16T07:16:48.699769047Z,419 kgHnjZ0FimOwTjITIACPGfTopxRb
2020-08-16T07:16:48.748677808Z,2020-08-16T07:16:48.770164240Z,420 wEuIJwaIDMpTD0Sn1RaTKjHJOy6o
2020-08-16T07:16:48.830574190Z,2020-08-16T07:16:48.852772864Z,421 S8DB285sZcVckYj2JyGL5xkMS5VS
2020-08-16T07:16:48.911416977Z,2020-08-16T07:16:48.944391022Z,422 xnstXNc6d4HUZW99LCO3iiY4obg3
2020-08-16T07:16:48.992733740Z,2020-08-16T07:16:49.013601239Z,423 4ioD5n2w7tGO6RRQY3yVbiloFZ6J
2020-08-16T07:16:49.074353709Z,2020-08-16T07:16:49.128095920Z,424 ks8QQ59GTR858lNuxzTJjeqVBdV1
2020-08-16T07:16:49.154937612Z,2020-08-16T07:16:49.200406346Z,425 YBT0TP1dEJUjz4vYYaVPIGypHbI4
2020-08-16T07:16:49.236375252Z,2020-08-16T07:16:49.270651221Z,426 bv8HzsF298NeWAY9OQPQW9DaEV1h
2020-08-16T07:16:49.317848891Z,2020-08-16T07:16:49.340289371Z,427 SKAihjkhg3RCx744tIqIgGNYfkNv
2020-08-16T07:16:49.399096299Z,2020-08-16T07:16:49.433600527Z,428 OwRwozdIsbrwXZB2uvg62fCqJaMZ
2020-08-16T07:16:49.480023371Z,2020-08-16T07:16:49.527301984Z,429 41eRKa2zRA6lb5v9LNrbmZTDX74I
2020-08-16T07:16:49.561495151Z,2020-08-16T07:16:49.597044951Z,430 wAv4VvghWieeLiH6WPlTgr9u3jZs
2020-08-16T07:16:49.642648114Z,2020-08-16T07:16:49.667747265Z,431 1Nw7QDXxC7wZvl6J3bSRqkcs4R1s
2020-08-16T07:16:49.724148485Z,2020-08-16T07:16:49.745902423Z,432 hAfKY6PNFZJDoehr4zqbSl7WrHs4
2020-08-16T07:16:49.805317193Z,2020-08-16T07:16:49.837332783Z,433 BOrRzSSdvYYZyMkOzuydILqtIDsD
2020-08-16T07:16:49.886751053Z,2020-08-16T07:16:49.921479764Z,434 6lyz8aqQKh5Lz9Ojv49UQQRtwZbM
2020-08-16T07:16:49.968441628Z,2020-08-16T07:16:50.003616012Z,435 RUwbSU22OARNgkQASJsubB0B5HKe
2020-08-16T07:16:50.049314350Z,2020-08-16T07:16:50.088064098Z,436 9KW5Kqm34carKkD6c6SKzVErbbAE
2020-08-16T07:16:50.130697650Z,2020-08-16T07:16:50.159469238Z,437 yxrZCK77jodcJkXESKcKXS4NijUd
2020-08-16T07:16:50.211742978Z,2020-08-16T07:16:50.245073961Z,438 MMENCDBJI3PC25r723oib0Yokq96
2020-08-16T07:16:50.293915751Z,2020-08-16T07:16:50.313824092Z,439 JmtJtM9JLC48jucqdAUoitbzNrTF
2020-08-16T07:16:50.375980092Z,2020-08-16T07:16:50.407114516Z,440 PExFaXXIOp4CBphPS2Jw6Hr0YJpU
2020-08-16T07:16:50.457166261Z,2020-08-16T07:16:50.475801463Z,441 V7Etf7FDkW4fHhwyk4ZUfPNJR3Cv
2020-08-16T07:16:50.538997319Z,2020-08-16T07:16:50.568880114Z,442 byd8mNORKCaiSrshLKr7cL5AvShv
2020-08-16T07:16:50.620113576Z,2020-08-16T07:16:50.648139605Z,443 D6BCRLqWgnbFXXr2wBImFyER0JYQ
2020-08-16T07:16:50.701762472Z,2020-08-16T07:16:50.722661101Z,444 bsBqHeY4EG786e1QQByIs26EtfyC
2020-08-16T07:16:50.782988141Z,2020-08-16T07:16:50.831894366Z,445 X3oQlg08fQPOiT0rUi87LZvR5DVd
2020-08-16T07:16:50.864591904Z,2020-08-16T07:16:50.912368536Z,446 S4k8LqMZfNeZ6gKm0BXU8LmLrCEr
2020-08-16T07:16:50.946587042Z,2020-08-16T07:16:50.983269762Z,447 CR1r06My1z1QqA3m9oQgCiIGNw0A
2020-08-16T07:16:51.028004957Z,2020-08-16T07:16:51.052854527Z,448 tRi1q5yYKSQryWsbnig1aPBAvbsM
2020-08-16T07:16:51.109877017Z,2020-08-16T07:16:51.139379087Z,449 cek2KhjyVcithY1CT9Hmu2GWCmvf
2020-08-16T07:16:51.191144118Z,2020-08-16T07:16:51.225263960Z,450 3ieCOQv1qjqrMqXnVc0QkSbDBMgO
2020-08-16T07:16:51.271943718Z,2020-08-16T07:16:51.295198685Z,451 sqLl4MNCiV2gDCZWfVRWmnE6716V
2020-08-16T07:16:51.353482223Z,2020-08-16T07:16:51.387970230Z,452 AbzJfj3GKnK5e1AyBr9hacvzaJ2q
2020-08-16T07:16:51.434874421Z,2020-08-16T07:16:51.473916168Z,453 xya1tYyxeKyqeoRdGZXpbydVyr5u
2020-08-16T07:16:51.516288304Z,2020-08-16T07:16:51.565182285Z,454 QmIkW1B5ZDFYcX984KFpYrKXxJEf
2020-08-16T07:16:51.597454983Z,2020-08-16T07:16:51.633298753Z,455 7qTmv2aBLwPPGjvQ1ct40ZeazNX4
2020-08-16T07:16:51.678791026Z,2020-08-16T07:16:51.705195850Z,456 zWbfmvhQKvfmyN12F2FcxgwlImGo
2020-08-16T07:16:51.760450150Z,2020-08-16T07:16:51.788500204Z,457 RMlMuOV6ya3BEwy17gPufTxirMBW
2020-08-16T07:16:51.841298163Z,2020-08-16T07:16:51.864974012Z,458 1CGOUcuZXCss2JNNyArGE7SleMmO
2020-08-16T07:16:51.922192219Z,2020-08-16T07:16:51.947293098Z,459 iT1oSe9xdjgo0l0yhGZonHUf68dW
2020-08-16T07:16:52.003728403Z,2020-08-16T07:16:52.036503985Z,460 M8w8ksyFUhb0oD8SqIzfpZUgBA2S
2020-08-16T07:16:52.085546538Z,2020-08-16T07:16:52.106092689Z,461 UU8KX7WblgwfNVgBHiZwCB7u92zq
2020-08-16T07:16:52.166139583Z,2020-08-16T07:16:52.193665535Z,462 OresmjuYWm4VZlkwk7mNGJq5KljM
2020-08-16T07:16:52.247213503Z,2020-08-16T07:16:52.267652577Z,463 bZMT3uz1DDZ0RYZrHlvu23zjW4yw
2020-08-16T07:16:52.328537205Z,2020-08-16T07:16:52.350547807Z,464 EUt3sjthMmpoFKjPICsIbXLXAPlZ
2020-08-16T07:16:52.409889984Z,2020-08-16T07:16:52.452499666Z,465 mcbjRtZmo3IIOiplCjPuhPp6EyBC
2020-08-16T07:16:52.491058083Z,2020-08-16T07:16:52.534816769Z,466 HonmFPcSBvonFOd2j6HDyY0ru0Ce
2020-08-16T07:16:52.572482403Z,2020-08-16T07:16:52.607176311Z,467 LIvAfIMO1rKaHrfYhbGZcJRJunYd
2020-08-16T07:16:52.653484644Z,2020-08-16T07:16:52.679945684Z,468 kGdhQkJAbIIybZPookMqtG0sVtj7
2020-08-16T07:16:52.734382426Z,2020-08-16T07:16:52.752195463Z,469 DueZILkcVSCUYMt1pCOsx49vVOx4
2020-08-16T07:16:52.816122154Z,2020-08-16T07:16:52.834067787Z,470 3aLnciTLeOv1aBJy5rJKxPy9EkMz
2020-08-16T07:16:52.897693234Z,2020-08-16T07:16:52.922174414Z,471 JaXAvvMhI9CSb6BWR1yCTP9kRZLF
2020-08-16T07:16:52.978742416Z,2020-08-16T07:16:52.999191245Z,472 Gv9NuOOqLyqob48LFafyBZKYhavx
2020-08-16T07:16:53.060081172Z,2020-08-16T07:16:53.091287739Z,473 fuHPivS1yi5pCcqzzj7iIM49mDg5
2020-08-16T07:16:53.141710180Z,2020-08-16T07:16:53.188947179Z,474 nF6fpaRb0ImZIDro3WrT7Uhp6i3G
2020-08-16T07:16:53.222698141Z,2020-08-16T07:16:53.259958653Z,475 uen4NB3MQ7qas4tqgBG4WPn3lwjt
2020-08-16T07:16:53.304292594Z,2020-08-16T07:16:53.416951994Z,476 5LXauWyODsJerQUch4IGVYB1DdSy
2020-08-16T07:16:53.385374510Z,2020-08-16T07:16:53.487865764Z,477 4PQOStWgzPr5G1CoTxRfGyfstDLf
2020-08-16T07:16:53.466591119Z,2020-08-16T07:16:53.558921238Z,478 tmmigS6cEOE0maa4QUI2ROZTfUOL
2020-08-16T07:16:53.547583472Z,2020-08-16T07:16:53.633311151Z,479 O80ryvg909Z9kGm9RzRkKK7eAciG
2020-08-16T07:16:53.628115565Z,2020-08-16T07:16:53.702239874Z,480 IlUhjbu1uFnnKkkbVK59Mwrb4AOv
2020-08-16T07:16:53.710005864Z,2020-08-16T07:16:53.772941733Z,481 xJ2twa8RTzDO10Frg0nbfKp2QUyX
2020-08-16T07:16:53.791356990Z,2020-08-16T07:16:53.844759535Z,482 R4I1lA3vDhW2AlUoH2NtiFY8LWVY
2020-08-16T07:16:53.872977006Z,2020-08-16T07:16:53.916524380Z,483 pH0siJ3iJm6TFwZuhKrlIWCUUukH
2020-08-16T07:16:53.954313666Z,2020-08-16T07:16:53.988835201Z,484 0pAkJH41VlFehTPAhvrnsNEYTd0Q
2020-08-16T07:16:54.035042052Z,2020-08-16T07:16:54.068445939Z,485 1eXw8IcUNS0cllU0dZcqclewRAzu
2020-08-16T07:16:54.116201322Z,2020-08-16T07:16:54.141102474Z,486 OzQLCoFUivoQJ5U8JlAFbnBnpodY
2020-08-16T07:16:54.197202924Z,2020-08-16T07:16:54.219176713Z,487 DzYG8ZPq5RtXHvujaqYbH5KmqypL
2020-08-16T07:16:54.278158878Z,2020-08-16T07:16:54.300982475Z,488 HlLcVmfLKTGLLxV3jMFTlI4S47jg
2020-08-16T07:16:54.359134815Z,2020-08-16T07:16:54.400329819Z,489 GSdREzqCg6P98u02zY120Ipm7bEP
2020-08-16T07:16:54.440916921Z,2020-08-16T07:16:54.468502160Z,490 Y5egELrDLFLtSvo6pQXXemxdohl4
2020-08-16T07:16:54.522705514Z,2020-08-16T07:16:54.554322298Z,491 IubEaly0Vr8BeqQFr1V4fc52eXEl
2020-08-16T07:16:54.604500103Z,2020-08-16T07:16:54.644354294Z,492 4wfYHSUuFIfTGzkS30dEeQtk35uV
2020-08-16T07:16:54.685860238Z,2020-08-16T07:16:54.722165266Z,493 1cqn0hsJUHYwbMdW2EaUtyB6FIA8
2020-08-16T07:16:54.767926999Z,2020-08-16T07:16:54.799051799Z,494 Bn0UgssqoJglhVyRALfOC150tptg
2020-08-16T07:16:54.849998519Z,2020-08-16T07:16:54.890556395Z,495 0QEtYxhduabKkd7iorz5NINxcR4W
2020-08-16T07:16:54.931666843Z,2020-08-16T07:16:54.962674301Z,496 Q7dMADC5dwpjObjdRDhqCEejxcPf
2020-08-16T07:16:55.013437590Z,2020-08-16T07:16:55.046030825Z,497 vieihvFp6vHtcustZ2ltWNjpHwdT
2020-08-16T07:16:55.094122913Z,2020-08-16T07:16:55.118398514Z,498 TPBR4l37MF9jD1gsQGTvWvKCvWdp
2020-08-16T07:16:55.175061997Z,2020-08-16T07:16:55.215995447Z,499 7CTDYc8GOlaADBNbEiPZFWedny3s
2020-08-16T07:16:55.255952496Z,2020-08-16T07:16:55.286541609Z,500 FGmtyWHkHarWoPFcbzpLcZRIlEsV
2020-08-16T07:16:55.337720176Z,2020-08-16T07:16:55.367389748Z,501 QL0itHimX9NceSoKXM1uj0c4vaGp
2020-08-16T07:16:55.419546248Z,2020-08-16T07:16:55.457076555Z,502 6BhWPyMe97yOVEFVUQUkK1rPJK48
2020-08-16T07:16:55.500663492Z,2020-08-16T07:16:55.533397043Z,503 lSrsy4O6ciHRkKpBwWXvKiFS7wXz
2020-08-16T07:16:55.582817976Z,2020-08-16T07:16:55.607958169Z,504 zEFBMHIzvcHYxF1zgW22jE15pCQa
2020-08-16T07:16:55.664774290Z,2020-08-16T07:16:55.700855845Z,505 TrDDM44GNQgbaNwzBOFP58Vn8NrR
2020-08-16T07:16:55.746522801Z,2020-08-16T07:16:55.770003885Z,506 kEafWQTRV6Xb8vorObHApRE8GCRe
2020-08-16T07:16:55.827817805Z,2020-08-16T07:16:55.839775206Z,507 yIO4Wa7kUZtgSi3Sw7Z93brgGhkH
2020-08-16T07:16:55.909434397Z,2020-08-16T07:16:55.916251520Z,508 jTZA26H2ZrKhNhNpusux64pfUoEr
2020-08-16T07:16:55.990273232Z,2020-08-16T07:16:56.015129561Z,509 rZyLg0EPmzAAGV2WdZJgddtGo49D
2020-08-16T07:16:56.071192460Z,2020-08-16T07:16:56.107707337Z,510 9ZkqjOFKcGdTFizEJ5KAuQwzsDtw
2020-08-16T07:16:56.152771994Z,2020-08-16T07:16:56.201074966Z,511 RSq5Veq9jKxv5bHWmghiiwReFTAp
2020-08-16T07:16:56.234161520Z,2020-08-16T07:16:56.275659811Z,512 fGYr91AmFPkeVFcjQGI5NOwWJaZL
2020-08-16T07:16:56.315589081Z,2020-08-16T07:16:56.354104395Z,513 1Mfi0i859AI1KKhXoPKiDHgaU1yb
2020-08-16T07:16:56.396488789Z,2020-08-16T07:16:56.438466020Z,514 NqdUekBiOLyJBVqYKioBm5P2BAeK
2020-08-16T07:16:56.477470639Z,2020-08-16T07:16:56.504457945Z,515 pa1EGzhrYEe2m7XuC924uPDBweyF
2020-08-16T07:16:56.558881811Z,2020-08-16T07:16:56.598982191Z,516 fFOGI1FN0iXYfKDvJlhhHdPtaLPa
2020-08-16T07:16:56.640805326Z,2020-08-16T07:16:56.669198920Z,517 vqFOlrYYVnJLQDmvyY8okt4FBS6f
2020-08-16T07:16:56.722492218Z,2020-08-16T07:16:56.755285302Z,518 ZyzRTLF9yH6U0gMknn29woUMit6c
2020-08-16T07:16:56.803857814Z,2020-08-16T07:16:56.829246722Z,519 k3wCZlsYUx0urBtTMTb4jOmYBxbU
2020-08-16T07:16:56.885093025Z,2020-08-16T07:16:56.918473372Z,520 8tHdErA3S73YFdGt5ZNzqsyh1R2r
2020-08-16T07:16:56.966501576Z,2020-08-16T07:16:57.006331450Z,521 4C6TwP9TQyeuGojg4QqBZuoEUfQR
2020-08-16T07:16:57.047389804Z,2020-08-16T07:16:57.079080825Z,522 DzX5gHdWwTSpYwOaSQqc2iJquCxp
2020-08-16T07:16:57.127946002Z,2020-08-16T07:16:57.155861972Z,523 6CxFTjZqrEuKaklkNsfUMtfEcZQ6
2020-08-16T07:16:57.209185103Z,2020-08-16T07:16:57.254539510Z,524 BfTmhITIwuK0WxdUwIt1oZxanaB6
2020-08-16T07:16:57.289860611Z,2020-08-16T07:16:57.326526050Z,525 i7dcz247eNnIdVWbJAOS89xW3wtA
2020-08-16T07:16:57.371503447Z,2020-08-16T07:16:57.406763822Z,526 o1z5DAb4T7N4xquZ0VpCahBb1ckF
2020-08-16T07:16:57.452756120Z,2020-08-16T07:16:57.476428669Z,527 0FTo94gKDJgvuj5NPAB8w1NoAn2q
2020-08-16T07:16:57.534439504Z,2020-08-16T07:16:57.562017635Z,528 B2olPsi17wwXV0WNFp7lCWNbocRM
2020-08-16T07:16:57.615364639Z,2020-08-16T07:16:57.650601619Z,529 BnpLzDpuPyWdv55jCK2exd1kdmQ4
2020-08-16T07:16:57.696277575Z,2020-08-16T07:16:57.722425000Z,530 ifK9F38R757aBWc8gg9BEMmsB9LZ
2020-08-16T07:16:57.777069758Z,2020-08-16T07:16:57.804384258Z,531 E3WazN4BZh8IJVWX5wPOMzcyhUdb
2020-08-16T07:16:57.858254858Z,2020-08-16T07:16:57.882482940Z,532 O8KmP9jk56MypaIEep7QtKn61nVq
2020-08-16T07:16:57.939327885Z,2020-08-16T07:16:57.969961622Z,533 ENVqbnHPDXlkwZV34AjwDJ9qibzj
2020-08-16T07:16:58.020937934Z,2020-08-16T07:16:58.059373450Z,534 iqkipFXkKjlpzJBIJDEHxWbRj3L7
2020-08-16T07:16:58.102919843Z,2020-08-16T07:16:58.129136776Z,535 vKBFW3LKaI0JMhAINmC1zRK1sT2x
2020-08-16T07:16:58.184489092Z,2020-08-16T07:16:58.212653039Z,536 44sPAEf7A9TzogzfhWSXhZvWlY2b
2020-08-16T07:16:58.265828312Z,2020-08-16T07:16:58.303213485Z,537 WPXqUtwSSXtDgz0Zn2pAwD7qZYnQ
2020-08-16T07:16:58.347552256Z,2020-08-16T07:16:58.376630391Z,538 KVZD5RM4uto25zmxHMfz2KuNCbND
2020-08-16T07:16:58.428316965Z,2020-08-16T07:16:58.449025126Z,539 IfyzmvlqmCvSCVLHl4xQf9Ml3zvo
2020-08-16T07:16:58.509850850Z,2020-08-16T07:16:58.539456581Z,540 W89qfTqGis6rLPr6z3ml3kJ0oApJ
2020-08-16T07:16:58.591930946Z,2020-08-16T07:16:58.610926269Z,541 qfbNdQdrSOPhoIusBnzFrjaRlw0z
2020-08-16T07:16:58.672360318Z,2020-08-16T07:16:58.732885662Z,542 4tn66NDPGLm3aFXXwe5tyywQXrY5
2020-08-16T07:16:58.753381953Z,2020-08-16T07:16:58.804187756Z,543 ckuIVdQIn2iwG7C1BJaiWzB6Pcq4
2020-08-16T07:16:58.834869680Z,2020-08-16T07:16:58.949974433Z,544 tmpxj25Ged7fQA7VkTJ0IManPqxw
2020-08-16T07:16:58.916664771Z,2020-08-16T07:16:59.020034024Z,545 TuBAF3mpqgvFwzM7iIVKF3Q0m6CJ
2020-08-16T07:16:58.998060677Z,2020-08-16T07:16:59.088595986Z,546 fMe4gh3bPrZdmQRRqTXeyZrObFJx
2020-08-16T07:16:59.079328552Z,2020-08-16T07:16:59.161359193Z,547 61b7XAVSh2w7OqEFqMLlRv1zq6zK
2020-08-16T07:16:59.160604677Z,2020-08-16T07:16:59.233555833Z,548 kZ60Pw6zuAzGxzmWCUxFVwvimEao
2020-08-16T07:16:59.241163241Z,2020-08-16T07:16:59.304681986Z,549 P4hjBnSMqQj8IbFK499DDpcaW9vO
2020-08-16T07:16:59.322529986Z,2020-08-16T07:16:59.377109577Z,550 eIAWvpHWxh4fnJMrD28vWdRAn5JJ
2020-08-16T07:16:59.403278655Z,2020-08-16T07:16:59.449640114Z,551 V05icHMMrG4O9vRY1MCWcNw84cwk
2020-08-16T07:16:59.483784579Z,2020-08-16T07:16:59.523355236Z,552 WTl9Q2ITc4nkJyJKgyIYBsJu0iKm
2020-08-16T07:16:59.565779730Z,2020-08-16T07:16:59.593046080Z,553 7ViDOpyuLxydgujqUd2OyMvmZlTU
2020-08-16T07:16:59.647139174Z,2020-08-16T07:16:59.679969535Z,554 drvKMGgMccNoqzuoABw8bU7NUWj1
2020-08-16T07:16:59.728611490Z,2020-08-16T07:16:59.765924164Z,555 w7uLdN4BHEkuMHUT2VklmFWzBGId
2020-08-16T07:16:59.809339610Z,2020-08-16T07:16:59.839209079Z,556 NM3Cqy8hwTFQXrnL2TFvlkOpHrXq
2020-08-16T07:16:59.890007315Z,2020-08-16T07:16:59.909295259Z,557 5HwPmNyiBc7Fr3R9Z9PgUaR7IiEv
2020-08-16T07:16:59.971189045Z,2020-08-16T07:17:00.002073851Z,558 ctQ7WQOpesnoL0RQq1jB1TPqZBjT
2020-08-16T07:17:00.052216373Z,2020-08-16T07:17:00.093891970Z,559 6I4I8ss6sXjI8ClxT0ETvgY3hVxP
2020-08-16T07:17:00.133485994Z,2020-08-16T07:17:00.165932480Z,560 DdLUsykAmbfy1ebOEfldC2owjI7c
2020-08-16T07:17:00.214254189Z,2020-08-16T07:17:00.270344309Z,561 ENy0T4Da2nu9SBAzT45bDCvcYzdk
2020-08-16T07:17:00.294910431Z,2020-08-16T07:17:00.338934895Z,562 Icxcg04OUVKDZRGRG89VgUH4CzzZ
2020-08-16T07:17:00.376164000Z,2020-08-16T07:17:00.408855889Z,563 hXTi94kc5uR2Vz5fo3sVt4Qqqa1j
2020-08-16T07:17:00.457781595Z,2020-08-16T07:17:00.491163359Z,564 rOB9fsQOv5brW88XZIE0I2MkLcQM
2020-08-16T07:17:00.539089130Z,2020-08-16T07:17:00.569368371Z,565 Vjkt0dNEtle6iRIqyF1I7ocDuDKK
2020-08-16T07:17:00.620250511Z,2020-08-16T07:17:00.653981049Z,566 Cve8ErI6rjEPbSo6dKY7OGGBwHsR
2020-08-16T07:17:00.701485714Z,2020-08-16T07:17:00.733089896Z,567 pJ4rV6jT7Yt9IG2THygijt6JF514
2020-08-16T07:17:00.782397913Z,2020-08-16T07:17:00.804758784Z,568 W7sgecu0mNXgQqQVZmgh6wOwS9Yd
2020-08-16T07:17:00.863796214Z,2020-08-16T07:17:00.890646840Z,569 rcr7codIvZqBrM8Lhdy5QKk77Hjd
2020-08-16T07:17:00.945605312Z,2020-08-16T07:17:00.976940493Z,570 FQbb2ZjRUJDqHrfANMesHesfQENn
2020-08-16T07:17:01.026701793Z,2020-08-16T07:17:01.062032553Z,571 9S0HvpwU02bE956Yi65zOclTBfP8
2020-08-16T07:17:01.107193740Z,2020-08-16T07:17:01.138851614Z,572 HtkCIqRcsiEtn70LIJVvPcjt2wjv
2020-08-16T07:17:01.188726303Z,2020-08-16T07:17:01.231057648Z,573 k6xplpJd4DclPPVkZOFYCci9bXRM
2020-08-16T07:17:01.270491458Z,2020-08-16T07:17:01.299034466Z,574 PpNY1HedRrYr6nzjMusF1CmnJnsp
2020-08-16T07:17:01.351773938Z,2020-08-16T07:17:01.368619045Z,575 HvyBBi9IZXji102KrPqk1lSiC4xS
2020-08-16T07:17:01.433101395Z,2020-08-16T07:17:01.471075151Z,576 mPASmKtZnbe1E84EXQhx3ROp7TYV
2020-08-16T07:17:01.514337791Z,2020-08-16T07:17:01.538822585Z,577 8ZFFrMu6giEahJ8lWFKJpGZYeqPA
2020-08-16T07:17:01.595349592Z,2020-08-16T07:17:01.621875608Z,578 vaD1TjixVvcHrh9pi3e8HYLuY8bJ
2020-08-16T07:17:01.676590076Z,2020-08-16T07:17:01.696638698Z,579 e3WSKfA74L2ihhzdP4cPYo459jlF
2020-08-16T07:17:01.757118419Z,2020-08-16T07:17:01.782237378Z,580 SK5Jx26xG5kT5EKpcH5S18Z7h4hI
2020-08-16T07:17:01.837953126Z,2020-08-16T07:17:01.873999680Z,581 qfLhdZyVvXyir7ZWbD2Bgsp97DiQ
2020-08-16T07:17:01.919391934Z,2020-08-16T07:17:01.943752935Z,582 qAPoLlRYlhb5Ccmbheej2447noTo
2020-08-16T07:17:02.000831298Z,2020-08-16T07:17:02.016862634Z,583 gwKDPyeuk8wEkFKLkJWAGLvjdRB1
2020-08-16T07:17:02.082094829Z,2020-08-16T07:17:02.097008679Z,584 Qf4UK4CqNi4748QnyHdZd3fJjHR3
2020-08-16T07:17:02.163704319Z,2020-08-16T07:17:02.193508327Z,585 Gj9oFgiiPVNlqIrlmfFBCkHFj6zL
2020-08-16T07:17:02.245028632Z,2020-08-16T07:17:02.282439476Z,586 Uz86ZRGBle5PvaWgds9ZJZc6YN44
2020-08-16T07:17:02.326292287Z,2020-08-16T07:17:02.353953755Z,587 XR88fcvkXvJwaSNUHlDeSN89EfzT
2020-08-16T07:17:02.407359653Z,2020-08-16T07:17:02.439558394Z,588 Qmzx7VdYno56RuYMN2cpQ6qfpr4o
2020-08-16T07:17:02.488689939Z,2020-08-16T07:17:02.523363837Z,589 YzCuSmYugnCNaPrraIXPIb48fwB0
2020-08-16T07:17:02.570202194Z,2020-08-16T07:17:02.594910651Z,590 ltHQwQ6b3zjXxZCXt88yjiACstfO
2020-08-16T07:17:02.651646427Z,2020-08-16T07:17:02.689422052Z,591 Mb54C7nniRj5zY7cmeFJH1Y2J66v
2020-08-16T07:17:02.731989520Z,2020-08-16T07:17:02.759423833Z,592 4mXHbIs4koHBz1uSAlw5wwunHRrE
2020-08-16T07:17:02.813479889Z,2020-08-16T07:17:02.843593746Z,593 k8Wfct9k9tXyerbDDkrasHlMTz3F
2020-08-16T07:17:02.894542881Z,2020-08-16T07:17:02.913194962Z,594 v5JGDM9iiuWZWa7BGYkY2QapN9nx
2020-08-16T07:17:02.975997754Z,2020-08-16T07:17:03.010387973Z,595 U4ZeBz6ro1C8pluQce5l4Z5unbPm
2020-08-16T07:17:03.057654454Z,2020-08-16T07:17:03.078396261Z,596 pkuPKoLdHhleMTVORueBrMNrcjNs
2020-08-16T07:17:03.138680249Z,2020-08-16T07:17:03.159888253Z,597 5s6IdHWOncApGur7YczYw34lm4bC
2020-08-16T07:17:03.220134437Z,2020-08-16T07:17:03.247707954Z,598 Pukv7I7YqApSooa4W9gBpLtS5UYe
2020-08-16T07:17:03.301359389Z,2020-08-16T07:17:03.334341683Z,599 HaCZBjQuA3xXZhMbKQgIoUCyS1kn
2020-08-16T07:17:03.382373888Z,2020-08-16T07:17:03.421843407Z,600 jEryqN6fq3YdW0sowih65qxfI0Kn
2020-08-16T07:17:03.462959483Z,2020-08-16T07:17:03.521223505Z,601 h34Boqe0Ktoz1kmBrzG5DmHX9KeR
2020-08-16T07:17:03.544902512Z,2020-08-16T07:17:03.591430676Z,602 F7jyopRcarLeVArvcJUEOIhQa52g
2020-08-16T07:17:03.626141698Z,2020-08-16T07:17:03.665354979Z,603 PBKShVrGfsTdiUJomyPLwSOw9hmb
2020-08-16T07:17:03.707539875Z,2020-08-16T07:17:03.739868805Z,604 8d8kNxHplmOGbabjFg1MS0ELRf6g
2020-08-16T07:17:03.788555790Z,2020-08-16T07:17:03.811823514Z,605 kSuAAsch6YcRjNAjD6mKCOKdd1JP
2020-08-16T07:17:03.868966067Z,2020-08-16T07:17:03.899145412Z,606 rzJ7mDYcAE7JHhDP0K3sZR137yfs
2020-08-16T07:17:03.950474380Z,2020-08-16T07:17:03.971917906Z,607 Frmjv6SScQjQThjT3Df4SLAuBWRh
2020-08-16T07:17:04.031302931Z,2020-08-16T07:17:04.072376298Z,608 KDDx5Bp7GhRG6K6U7lfkfQsTEoTV
2020-08-16T07:17:04.112179050Z,2020-08-16T07:17:04.141938069Z,609 VDLTmYcgDZrBDiIy8WN3l2rfdoCt
2020-08-16T07:17:04.193644542Z,2020-08-16T07:17:04.213154760Z,610 rdfO10TQtSX4TgShErs5mLm9Y6fw
2020-08-16T07:17:04.274132133Z,2020-08-16T07:17:04.308245192Z,611 sgVnNF2aTVEru2FbLokWYJajhjWk
2020-08-16T07:17:04.355567755Z,2020-08-16T07:17:04.474885738Z,612 XzrVZH3zRFeq7gHDu0dl1UNYyIPJ
2020-08-16T07:17:04.436957684Z,2020-08-16T07:17:04.534276737Z,613 8Wn4NJFeV0VNs7SdIZ8NPXahcGYP
2020-08-16T07:17:04.519033547Z,2020-08-16T07:17:04.606433538Z,614 a1WqIEcWGIyBAzx19Fw8D2EEPByO
2020-08-16T07:17:04.601008508Z,2020-08-16T07:17:04.678357671Z,615 CDrydADjPexApaSwWZAsxTW26b5d
2020-08-16T07:17:04.683097665Z,2020-08-16T07:17:04.750964566Z,616 cuoDfdaoq7MXH1CK7Y4uzRkHvOBP
2020-08-16T07:17:04.764677682Z,2020-08-16T07:17:04.822949444Z,617 72xGD73mEU6xMQSlUkrjFRj4CDYQ
2020-08-16T07:17:04.844706891Z,2020-08-16T07:17:04.895259680Z,618 ilB0LITC2FUsHdSXAtj7Dxz0Qo9H
2020-08-16T07:17:04.925782967Z,2020-08-16T07:17:04.967842968Z,619 t58BHwcxmirzCb6PM9F9CBeA1Mzq
2020-08-16T07:17:05.006916292Z,2020-08-16T07:17:05.049321127Z,620 rZ49P5TqHfJCn4NGiQA2lldqiOnT
2020-08-16T07:17:05.088029661Z,2020-08-16T07:17:05.127515913Z,621 pLpO9j70SiQ3SAUVqhjLImqLDlOk
2020-08-16T07:17:05.168701760Z,2020-08-16T07:17:05.202930152Z,622 QwZtPBaNJr7Y05pBSW7924kgba43
2020-08-16T07:17:05.250151467Z,2020-08-16T07:17:05.276610458Z,623 Oa7xFoMe5RafySRzg6BiR2M4Xn5D
2020-08-16T07:17:05.331304507Z,2020-08-16T07:17:05.369731761Z,624 h76gWIbuF378WHITaH1t7tfCWn5F
2020-08-16T07:17:05.411873569Z,2020-08-16T07:17:05.438814488Z,625 YxY0WJJXG3Bxkr5szWb33xiOL7no
2020-08-16T07:17:05.493281788Z,2020-08-16T07:17:05.510349374Z,626 qyO3FTS5i1n2tdlvrDr8HB1nDuZ0
2020-08-16T07:17:05.574358666Z,2020-08-16T07:17:05.590173796Z,627 dytTBzcklQqhxodcnvORR9QJ3u67
2020-08-16T07:17:05.655901644Z,2020-08-16T07:17:05.774458347Z,628 Vl318J7ZMPtj4lKTyF0GwGgzu4IP
2020-08-16T07:17:05.737370420Z,2020-08-16T07:17:05.847550855Z,629 48PwHKyZjtdW5wDHESimGfE2vhCj
2020-08-16T07:17:05.818868272Z,2020-08-16T07:17:05.919074837Z,630 6lbFvujfs9IZYP4dQZRTwOZ9QmVl
2020-08-16T07:17:05.900734539Z,2020-08-16T07:17:05.993292276Z,631 Cleca8ZZDYqB9ZsPEe4TXIOpb54P
2020-08-16T07:17:05.982572001Z,2020-08-16T07:17:06.068336244Z,632 swlIM4WV3rkK79ufb1GGo3bNdYj3
2020-08-16T07:17:06.063824999Z,2020-08-16T07:17:06.140981389Z,633 w6SWpGlZot1Xcow9yC0oHmC28lb6
2020-08-16T07:17:06.145343448Z,2020-08-16T07:17:06.211599609Z,634 DDHd5G57R6l0RrNzN5pbli3bPij0
2020-08-16T07:17:06.226115920Z,2020-08-16T07:17:06.280560304Z,635 Fm3SSdfy8dbLhwL5A556AuamNJf5
2020-08-16T07:17:06.307254863Z,2020-08-16T07:17:06.349527057Z,636 wjJsvTiTlduOHCSXEtJCjqXmfuAG
2020-08-16T07:17:06.388158541Z,2020-08-16T07:17:06.414348520Z,637 4BeqOqFPwC1RxjtmYvjkPVN1aAIi
2020-08-16T07:17:06.469670540Z,2020-08-16T07:17:06.496577999Z,638 xQyXpO2uH3D9gG45bmuWy3kbODHx
2020-08-16T07:17:06.550427377Z,2020-08-16T07:17:06.577934337Z,639 YZkVnHdeMGTxrDiXXx0IAUGu3JIV
2020-08-16T07:17:06.631369248Z,2020-08-16T07:17:06.655126953Z,640 fFNUNVgYBW4plz8e6ac8ZUJtFSdZ
2020-08-16T07:17:06.712276450Z,2020-08-16T07:17:06.745333906Z,641 So1nv30O4Av4SjBFrw28UDvwPffG
2020-08-16T07:17:06.793574980Z,2020-08-16T07:17:06.819526341Z,642 bu672Kipv426ix1Zd141QaMOPt4M
2020-08-16T07:17:06.874215330Z,2020-08-16T07:17:06.898031802Z,643 dTH2ODxSuaBqNs6UeHOrGTYzRdXn
2020-08-16T07:17:06.955686442Z,2020-08-16T07:17:06.996390095Z,644 6rhvr9hIYLcGId4lVTu5qzgorUcr
2020-08-16T07:17:07.036807949Z,2020-08-16T07:17:07.067405723Z,645 WSDQnxWusu2wK29X5YXQmrZl6tiF
2020-08-16T07:17:07.118502788Z,2020-08-16T07:17:07.140998863Z,646 z684rLzRVx7F0yl4LVB5r7WFP1KB
2020-08-16T07:17:07.199521007Z,2020-08-16T07:17:07.240852821Z,647 SzGWboHqoI99JpWRUHIQkJ7AItUl
2020-08-16T07:17:07.281064837Z,2020-08-16T07:17:07.314045789Z,648 vA2vgFRrMX38zAm3Q7W4I0e0WNgy
2020-08-16T07:17:07.362730341Z,2020-08-16T07:17:07.404832932Z,649 pLPHmWKifmGT1wUWEi9bPyPGr05L
2020-08-16T07:17:07.444014036Z,2020-08-16T07:17:07.477244887Z,650 oMz01SFdBamiQ7TfJ7RHlrCPX7Lw
2020-08-16T07:17:07.524964619Z,2020-08-16T07:17:07.566955016Z,651 lDq4DIBwO92X9fFBX5LIdzjZRdhi
2020-08-16T07:17:07.606033226Z,2020-08-16T07:17:07.639978609Z,652 qnZYWIRGpQZtopSENOKiPwWsuo14
2020-08-16T07:17:07.687432854Z,2020-08-16T07:17:07.710315105Z,653 HEDGj7hpbgww7GHySU3gG7SDx2kD
2020-08-16T07:17:07.768433231Z,2020-08-16T07:17:07.797959055Z,654 P4PM0DVZeXjUA5NQZIVxqfMRD099
2020-08-16T07:17:07.849137852Z,2020-08-16T07:17:07.868887682Z,655 UDLnQAO9xQlQaRzjPcK5DJLFskpt
2020-08-16T07:17:07.930959010Z,2020-08-16T07:17:07.967085288Z,656 RdboBPQd9me3pw80wpdfejF70J4T
2020-08-16T07:17:08.012838487Z,2020-08-16T07:17:08.038919362Z,657 NAtZSTN9qLIVmYEyY84mQhoxoV9e
2020-08-16T07:17:08.094770289Z,2020-08-16T07:17:08.133044518Z,658 aSUvjmvrIBNjLiJYG7b5I4QuXN5H
2020-08-16T07:17:08.176646181Z,2020-08-16T07:17:08.214795410Z,659 SeTnpzLLopDLsjkgugRGxPHgM4iO
2020-08-16T07:17:08.257861838Z,2020-08-16T07:17:08.305092642Z,660 XI3WFcW54R4jId92HKZ8w6kDNzeQ
2020-08-16T07:17:08.339306463Z,2020-08-16T07:17:08.376691120Z,661 Sf7xfHU8UqNZRkBXHG8upMwel7Gu
2020-08-16T07:17:08.420392819Z,2020-08-16T07:17:08.445982642Z,662 edz9JNyR1wn9A7hwucr6VrOoLihR
2020-08-16T07:17:08.501585609Z,2020-08-16T07:17:08.525916989Z,663 3djguzV7luN4EI88tM4nV3m1APOr
2020-08-16T07:17:08.582782794Z,2020-08-16T07:17:08.613057673Z,664 08igOQO3KjE6A6Dijs0hCvGuW6fY
2020-08-16T07:17:08.664100475Z,2020-08-16T07:17:08.685124024Z,665 OXnZnPIn6qNuTRLklnqdW2gVCG1M
2020-08-16T07:17:08.746049298Z,2020-08-16T07:17:08.756731438Z,666 IFfzc1HDoBWbwXZvSTbBH7vkWwDH
2020-08-16T07:17:08.827248750Z,2020-08-16T07:17:08.872622733Z,667 IfhmwVmuXEHTcOlLchJwEOrieXwp
2020-08-16T07:17:08.908510768Z,2020-08-16T07:17:08.951798790Z,668 KnT0IkDB2mo8KyNBJGxvbIEeqJC7
2020-08-16T07:17:08.989563379Z,2020-08-16T07:17:09.033092523Z,669 9i8xzxEwr3gs8xLj7Pj8jsMQxtmi
2020-08-16T07:17:09.070631206Z,2020-08-16T07:17:09.117080446Z,670 WKEVIfYtxxkY9UhsHjcBlQUddkfB
2020-08-16T07:17:09.151368472Z,2020-08-16T07:17:09.187261093Z,671 D0HsqDW1NNffBU8f9JGdJibTkDN1
2020-08-16T07:17:09.232529027Z,2020-08-16T07:17:09.258741136Z,672 yfP0ncPnaKPmkF5bMvz0pFRS2TSX
2020-08-16T07:17:09.313841600Z,2020-08-16T07:17:09.351599099Z,673 4428oCPQx7fNm9u5pm7XHeQYFS5m
2020-08-16T07:17:09.395235689Z,2020-08-16T07:17:09.423757474Z,674 MaozyXwEiRoLKUV7ZA4pT51ItEfZ
2020-08-16T07:17:09.476174064Z,2020-08-16T07:17:09.498915742Z,675 MSFVj0GJOc5qqSjXnElqAke0UJAr
2020-08-16T07:17:09.557915332Z,2020-08-16T07:17:09.586158790Z,676 LM6JI71iH4lBwCrH9r1EdBADDA3R
2020-08-16T07:17:09.639887265Z,2020-08-16T07:17:09.664308007Z,677 FqSDjtPxgT5kBu0SCkPFrrVqTPze
2020-08-16T07:17:09.722001406Z,2020-08-16T07:17:09.759975242Z,678 iHRw35LCSWgzUdhbbxwoDaWMfyct
2020-08-16T07:17:09.803183433Z,2020-08-16T07:17:09.832003927Z,679 jn6ITyztflhtEVO5McBNHviZD5VA
2020-08-16T07:17:09.884329417Z,2020-08-16T07:17:09.998962285Z,680 ZxYcTc9ffHkMJw0Ybvy6oqzDnKFV
2020-08-16T07:17:09.966055381Z,2020-08-16T07:17:10.070257782Z,681 c9n42cNU5XGXMlOfCIoyfYIor1wT
2020-08-16T07:17:10.047499320Z,2020-08-16T07:17:10.142001055Z,682 BFU87kIk7wAgtvQ6byKoN05aXnan
2020-08-16T07:17:10.128396441Z,2020-08-16T07:17:10.215520053Z,683 WR0qsMEtHqU7YHQ6RdsMcQvPVXmR
2020-08-16T07:17:10.209579966Z,2020-08-16T07:17:10.282695113Z,684 hHpwROMV43Hcd1T2JVDx9VVGki82
2020-08-16T07:17:10.290828753Z,2020-08-16T07:17:10.352824252Z,685 dYhkdoxpSWcNIARoemtoz8v2BLXs
2020-08-16T07:17:10.372948619Z,2020-08-16T07:17:10.426996973Z,686 R2pA2UpJvw1RFBG2b91mL0BnYUjH
2020-08-16T07:17:10.453937684Z,2020-08-16T07:17:10.496683300Z,687 4GA89XLGukQffVnm5XSiKAlThCv5
2020-08-16T07:17:10.535715777Z,2020-08-16T07:17:10.567951849Z,688 CtTlMEpbM7R4ZQwXXwgy96uymEA9
2020-08-16T07:17:10.617702067Z,2020-08-16T07:17:10.656336769Z,689 qvLksIsl0UONIgmaEsKP9BXfBpO5
2020-08-16T07:17:10.699088199Z,2020-08-16T07:17:10.742619994Z,690 Gbn4Rs4D5UUsH77EnhUF4gDMJhB5
2020-08-16T07:17:10.780212358Z,2020-08-16T07:17:10.814986633Z,691 0bIOQP15j3D1tiWLCNPF8ltxyY8j
2020-08-16T07:17:10.860962170Z,2020-08-16T07:17:10.902203113Z,692 BNl9Cl9s1VMWSXBidfSL6i45BMsm
2020-08-16T07:17:10.942529875Z,2020-08-16T07:17:10.975197579Z,693 b0fi1RYmEO12BuvWbWmkgALlhbMB
2020-08-16T07:17:11.023881010Z,2020-08-16T07:17:11.047331351Z,694 awgq8bwpYrtSmIizBUecuDrXqjTr
2020-08-16T07:17:11.105364921Z,2020-08-16T07:17:11.124899619Z,695 80rjFkbFdnwzwOr9hWZdedhnnSOQ
2020-08-16T07:17:11.186315470Z,2020-08-16T07:17:11.203278905Z,696 rypQBieXr73X3tzNCMxq3D4LrtDH
2020-08-16T07:17:11.267973671Z,2020-08-16T07:17:11.295906155Z,697 AwvS6e6PMRmsl1DvU5et3Xe2DXPO
2020-08-16T07:17:11.349651062Z,2020-08-16T07:17:11.383866005Z,698 pvelnHMVLvAxLpN6GQ9zOTPAK01A
2020-08-16T07:17:11.431904876Z,2020-08-16T07:17:11.455418991Z,699 afX2saXZ0g3z1Whzb3jOLAi4Ficm
2020-08-16T07:17:11.514104621Z,2020-08-16T07:17:11.537093962Z,700 TuifIO15Eumk999kwcFGM8tJjZC9
2020-08-16T07:17:11.594932296Z,2020-08-16T07:17:11.622931915Z,701 QF7kPfffdomVbjQUFig3kAbn9G9p
2020-08-16T07:17:11.676253949Z,2020-08-16T07:17:11.704361678Z,702 9SWsVlcEuHvEEPyQc0TvG3NTh4wA
2020-08-16T07:17:11.757691389Z,2020-08-16T07:17:11.772835248Z,703 riBL4BglxhyBI5Zfa6RFOlAPOsbB
2020-08-16T07:17:11.839644064Z,2020-08-16T07:17:11.856767500Z,704 blyVmM6x6VwWQUN4BPMCZlbQPURT
2020-08-16T07:17:11.920714695Z,2020-08-16T07:17:11.963038103Z,705 NeqjEv32ozWYltn59DQnP4ugFcEY
2020-08-16T07:17:12.002534941Z,2020-08-16T07:17:12.030490315Z,706 MBbKLRVOO5DutiJutLGh6bIYPG2E
2020-08-16T07:17:12.083383120Z,2020-08-16T07:17:12.138022448Z,707 cGTXyeTeHpZz6Pi3i22bGujOA3yU
2020-08-16T07:17:12.164011815Z,2020-08-16T07:17:12.210364618Z,708 dZrdslzkLxRUvyUrrvm2EPqIYrhB
2020-08-16T07:17:12.245013978Z,2020-08-16T07:17:12.280603591Z,709 UmDeb9Ncw6sikqY1WCCp1GEIeliF
2020-08-16T07:17:12.326363268Z,2020-08-16T07:17:12.354302392Z,710 9qMnW7oUe29q1lNQ5OB5glYWDQrY
2020-08-16T07:17:12.407564073Z,2020-08-16T07:17:12.425513548Z,711 sIKGuRdsBMWtvYmzrr5gxiD6tpdg
2020-08-16T07:17:12.487996735Z,2020-08-16T07:17:12.513737618Z,712 oot6zZ6t5t5NaysUENpbtx3yh8xp
2020-08-16T07:17:12.569709653Z,2020-08-16T07:17:12.597648813Z,713 Kb6y5oTCOabchgKzNaaxBJRCk3db
2020-08-16T07:17:12.651520967Z,2020-08-16T07:17:12.672162274Z,714 Zqu8yYB5FqBLBB11UKtJHlFIzPXn
2020-08-16T07:17:12.731897252Z,2020-08-16T07:17:12.773328252Z,715 gA3eJ3n7IenSsZkob0V1KKmvehAk
2020-08-16T07:17:12.813373270Z,2020-08-16T07:17:12.856904823Z,716 OGLB53PuAjVKDApw33gJkiXnLJay
2020-08-16T07:17:12.894685281Z,2020-08-16T07:17:12.929016757Z,717 YT5HWv1cLpIbXevmZojolqKwxZ5P
2020-08-16T07:17:12.975374916Z,2020-08-16T07:17:13.009716562Z,718 e99c1A8JRhp4mTdtdF1axOEd5vtX
2020-08-16T07:17:13.056554415Z,2020-08-16T07:17:13.084369591Z,719 ww14IogZ1nSm30XTf6QMJIYpQeej
2020-08-16T07:17:13.137175199Z,2020-08-16T07:17:13.183546034Z,720 i8YNtMMbbVwB5RBEFq7yDSJdzqn5
2020-08-16T07:17:13.218207102Z,2020-08-16T07:17:13.255368475Z,721 kiDzXulXRK6RM6d7FRmwVEbhu3Z2
2020-08-16T07:17:13.299558651Z,2020-08-16T07:17:13.326168359Z,722 6soXOm2h1V6UniKgBbILJ7y9rkYx
2020-08-16T07:17:13.380966546Z,2020-08-16T07:17:13.427893910Z,723 cpWte2yeT5hhu0X51XQtzf334n16
2020-08-16T07:17:13.462189737Z,2020-08-16T07:17:13.497896425Z,724 0HdplUlvZkiMgKHFXTFhKI0cMFH9
2020-08-16T07:17:13.542938900Z,2020-08-16T07:17:13.568768731Z,725 BIqsdKVUSrLXhsVaqVXjqR15EOsH
2020-08-16T07:17:13.624774652Z,2020-08-16T07:17:13.649599404Z,726 0ShYQo9xdMJXwGVRUHaqj0Ot08rs
2020-08-16T07:17:13.706596639Z,2020-08-16T07:17:13.745844299Z,727 ugxIeqFDrD7XCk4v93ZIskTqOuSO
2020-08-16T07:17:13.787205762Z,2020-08-16T07:17:13.819285694Z,728 M2bPZDsyoiaO6SO5XsRj7ssfZpuc
2020-08-16T07:17:13.868210144Z,2020-08-16T07:17:13.890823557Z,729 fFbPLxdN1SsA67Qi4ChmyjhT6yIK
2020-08-16T07:17:13.949877899Z,2020-08-16T07:17:13.970995374Z,730 xhAILHQWmBDJjc4RVcrapb7G4NDp
2020-08-16T07:17:14.031147757Z,2020-08-16T07:17:14.080720537Z,731 3iLLwXI1vEgK5n7vNGvlUEXsaxHA
2020-08-16T07:17:14.111683194Z,2020-08-16T07:17:14.150711957Z,732 EhMc6WCoOco91XRjsgNMOf83Jpxy
2020-08-16T07:17:14.193132733Z,2020-08-16T07:17:14.221017519Z,733 9EC1PtUwcyd7YxMlcUHOLd9GUdex
2020-08-16T07:17:14.274563659Z,2020-08-16T07:17:14.293965070Z,734 AgXR16SXsRv7jGYLSOAmDTOVurGz
2020-08-16T07:17:14.354967264Z,2020-08-16T07:17:14.388585436Z,735 MAlmfhff12PKiVotE9AkwiwUBO1Z
2020-08-16T07:17:14.436141405Z,2020-08-16T07:17:14.466346893Z,736 tVeNSYLIt8ZCOlY3NKbQSJLj1q6L
2020-08-16T07:17:14.517885812Z,2020-08-16T07:17:14.551315653Z,737 klCf223t6nLvQ0rdi5c8Nl0oGL1k
2020-08-16T07:17:14.599846807Z,2020-08-16T07:17:14.708833597Z,738 DNqou5rw1bTNeBcYrHgmIF5L7amR
2020-08-16T07:17:14.682017631Z,2020-08-16T07:17:14.782676043Z,739 SNkAXJTGg0peYmXqYkA40OBE7oTw
2020-08-16T07:17:14.763312116Z,2020-08-16T07:17:14.879223943Z,740 zKQCJCTKg08Zb6hi1e71MsZBfCTS
2020-08-16T07:17:14.844978346Z,2020-08-16T07:17:14.967014419Z,741 MyepfzMu5xgZtdHi2PYcL65xAQOv
2020-08-16T07:17:14.926748264Z,2020-08-16T07:17:15.035440395Z,742 h8Rd6qgXcUTENGuFIlcG67dfUZGI
2020-08-16T07:17:15.008155135Z,2020-08-16T07:17:15.107090637Z,743 QkR1eCHjmB0NA8fvEXNDthEuUi2W
2020-08-16T07:17:15.088963444Z,2020-08-16T07:17:15.179743984Z,744 r1aqDOn5aj8cwr3N90rGT7mBM3JK
2020-08-16T07:17:15.170352357Z,2020-08-16T07:17:15.251851258Z,745 KqFBRdlThDFggWMw5D7e6SxYsCjH
2020-08-16T07:17:15.252090252Z,2020-08-16T07:17:15.325616040Z,746 sDvVPSdVEVfD1Y7pnh7D80Q4RRsC
2020-08-16T07:17:15.333679410Z,2020-08-16T07:17:15.395807895Z,747 uP0XIMqEuyvpMHPPQ9CDX4jaKEGw
2020-08-16T07:17:15.414974096Z,2020-08-16T07:17:15.505116336Z,748 hlUVAkXBVmLCRUBKc5JrVyL0zKBs
2020-08-16T07:17:15.496628166Z,2020-08-16T07:17:15.573867708Z,749 NC8JOLLZrIv9Uw0pIw3L50Qc0g6v
2020-08-16T07:17:15.577184606Z,2020-08-16T07:17:15.645090529Z,750 LSdCb4pIfxzbrk0bTdPomWcR07Rv
2020-08-16T07:17:15.658841827Z,2020-08-16T07:17:15.716442775Z,751 FdQeymvHfLVltJqx2wJT4AXJCeQV
2020-08-16T07:17:15.740851335Z,2020-08-16T07:17:15.788063623Z,752 yOk1lGGvgJL5mbxFJ2PTfkrMNF5h
2020-08-16T07:17:15.821992546Z,2020-08-16T07:17:15.859144669Z,753 BUQ8ti0nlnELBBNnqsHySTYnC9T9
2020-08-16T07:17:15.903232006Z,2020-08-16T07:17:15.934014276Z,754 h8VkNpnGRUH8afdac6HhNKJIskvI
2020-08-16T07:17:15.984820141Z,2020-08-16T07:17:16.012134604Z,755 xB4c6YXj9dqap7u3r7r1BhBtIIzn
2020-08-16T07:17:16.066633245Z,2020-08-16T07:17:16.114824105Z,756 txbHqREaqFYD5ZA3GOSphsu4IfaG
2020-08-16T07:17:16.147681632Z,2020-08-16T07:17:16.186984966Z,757 f1N5Bm5BQWhUTyilbM8nLLDkMXH5
2020-08-16T07:17:16.229352007Z,2020-08-16T07:17:16.258880120Z,758 9WiXo46VFfkdgGz9UMFJRcLHaNA3
2020-08-16T07:17:16.310336210Z,2020-08-16T07:17:16.353273485Z,759 kHKB7XVHoniYXtPcj3nsRFQY15dr
2020-08-16T07:17:16.391642183Z,2020-08-16T07:17:16.446663208Z,760 eHuVIkyZhEc3IA9oCnMFiogLODOB
2020-08-16T07:17:16.473428432Z,2020-08-16T07:17:16.515739672Z,761 Hn5hVQVtBzxQX1shtazODWJm1TTh
2020-08-16T07:17:16.554775351Z,2020-08-16T07:17:16.589511007Z,762 y3fHxDivctBWCaaw03lIATD6pRrR
2020-08-16T07:17:16.636492634Z,2020-08-16T07:17:16.666427679Z,763 WjNtyo4DR0RXlVuRpLWheTpx4Lvs
2020-08-16T07:17:16.717102388Z,2020-08-16T07:17:16.739552564Z,764 clzt6Z434MU0WvlLzxiZb69cOFNl
2020-08-16T07:17:16.798053467Z,2020-08-16T07:17:16.835920546Z,765 2TMjLs39IREY0tMLBhx5msggL4II
2020-08-16T07:17:16.878842995Z,2020-08-16T07:17:16.908177366Z,766 E6BCyfBidcnJSKtwgzI0zg0ARubK
2020-08-16T07:17:16.960061259Z,2020-08-16T07:17:17.003262097Z,767 pEXljGrp8MpRdscI8JIhY6EOb2G5
2020-08-16T07:17:17.040990356Z,2020-08-16T07:17:17.074314991Z,768 gs9Dus2TfUNJNVTnf9C7MeVcOfH6
2020-08-16T07:17:17.122376906Z,2020-08-16T07:17:17.142936887Z,769 ObQVSQmC62RohpPRtIGfLSH30ZbO
2020-08-16T07:17:17.203105751Z,2020-08-16T07:17:17.235409794Z,770 PQckhrjuKMFQzdXcGBEK2SNOXX5k
2020-08-16T07:17:17.284514592Z,2020-08-16T07:17:17.306958055Z,771 aSQzhrvGt1MmLqb5bWTbu9kBnkyM
2020-08-16T07:17:17.365514457Z,2020-08-16T07:17:17.411067911Z,772 xHjsnRc3E6uOzwAbNUXFvUGryqk9
2020-08-16T07:17:17.446265655Z,2020-08-16T07:17:17.480990556Z,773 4BjWnSnkZJ8Iyn7x5jX9bn9p8oME
2020-08-16T07:17:17.527926307Z,2020-08-16T07:17:17.561234211Z,774 fESUPu2lckeXnDeGCQlsQkrfsWyI
2020-08-16T07:17:17.609552231Z,2020-08-16T07:17:17.645236679Z,775 lBqXKrBajW5XJUjKANdNMYD6kEsb
2020-08-16T07:17:17.689891675Z,2020-08-16T07:17:17.713756648Z,776 ZthC8HzWnmrpQn1SsyF2g8v4AbCc
2020-08-16T07:17:17.771975383Z,2020-08-16T07:17:17.792880473Z,777 5pwxjfqkk83IJdEGBBtCds5QXh1b
2020-08-16T07:17:17.853833420Z,2020-08-16T07:17:17.898612917Z,778 2of0rFCAb0o9RLJmmkkSEmYWiNbA
2020-08-16T07:17:17.935395111Z,2020-08-16T07:17:17.969730754Z,779 aTWu4e0ONBCXW8OWQcHkTkBwAjZC
2020-08-16T07:17:18.016096889Z,2020-08-16T07:17:18.041185871Z,780 WgWg1pUiLYgPQvVK4fQSt19xzQ39
2020-08-16T07:17:18.097619140Z,2020-08-16T07:17:18.115566676Z,781 6QxsSOljYGSWySHSdunRatgkISbi
2020-08-16T07:17:18.178401986Z,2020-08-16T07:17:18.208428995Z,782 de8YEJhVIOkXwbmdV3MH5KsdaA6F
2020-08-16T07:17:18.259846071Z,2020-08-16T07:17:18.306300662Z,783 H0hJAEpEScIlDwoRs55heGSqhAOp
2020-08-16T07:17:18.341142534Z,2020-08-16T07:17:18.383145136Z,784 LXDcjgNSvgbVbNP1sRSrpJjO1PV8
2020-08-16T07:17:18.422888265Z,2020-08-16T07:17:18.454614875Z,785 pi9W8f9uyglmyCBSyRBkfTlgmUlN
2020-08-16T07:17:18.504247806Z,2020-08-16T07:17:18.539240228Z,786 piSXZiksqqq5hgrG17O1uDniKHOT
2020-08-16T07:17:18.585640527Z,2020-08-16T07:17:18.610544957Z,787 qGRAwDmq5xc5vjiO9JlksCc64P3L
2020-08-16T07:17:18.666020950Z,2020-08-16T07:17:18.716288124Z,788 fuV0l9mXqfHC1YHWmFiMG8PhQYJ9
2020-08-16T07:17:18.747529205Z,2020-08-16T07:17:18.788404619Z,789 cGzWe5Adg20G2EQgXP7rhSZRULg8
2020-08-16T07:17:18.829620115Z,2020-08-16T07:17:18.859132870Z,790 yyidnpYTVlhKgnxDha6U3QMGX7w2
2020-08-16T07:17:18.910341876Z,2020-08-16T07:17:18.950075152Z,791 z0I34vdICgIEHOJlIEi2glCEocka
2020-08-16T07:17:18.992105686Z,2020-08-16T07:17:19.023722162Z,792 3y3K0LhlrRlCnEjZyxjlHEGT5U1y
2020-08-16T07:17:19.073355164Z,2020-08-16T07:17:19.111220088Z,793 C5sr8HMHMGQF8c0KoPHWZ6zrLOm1
2020-08-16T07:17:19.154208270Z,2020-08-16T07:17:19.191662309Z,794 MAHj6Z9REkgNfDKvyOT37mAH1X02
2020-08-16T07:17:19.235475757Z,2020-08-16T07:17:19.270281074Z,795 UPGNytQnY2v5mLdO5u0FwD435R2I
2020-08-16T07:17:19.316959301Z,2020-08-16T07:17:19.339814411Z,796 EVumNZH2b4pwVcdQc8tiB3UnMExy
2020-08-16T07:17:19.398697222Z,2020-08-16T07:17:19.420931804Z,797 LYip4KhJTxZtnDSfcDOVfSXAIMcQ
2020-08-16T07:17:19.479430729Z,2020-08-16T07:17:19.505693527Z,798 G7bfaxH6zQlijPuWnnBNQ1vfEgiO
2020-08-16T07:17:19.560832800Z,2020-08-16T07:17:19.598988401Z,799 7HFu6OsxHHDT3FQ2lYiROzunzo5l
2020-08-16T07:17:19.642672043Z,2020-08-16T07:17:19.676245642Z,800 XEfoSO3KRWfQndqXdLevaXURFIgX
2020-08-16T07:17:19.722992358Z,2020-08-16T07:17:19.745814458Z,801 G8sLSohOgPk0qXLe20EpTYX4w4C9
2020-08-16T07:17:19.804640142Z,2020-08-16T07:17:19.836247025Z,802 3K12cCgEfAu7KYYujYABAQSyJzFg
2020-08-16T07:17:19.885418997Z,2020-08-16T07:17:19.906538329Z,803 mUU5bJwvks85VXWdbFbKtRxdjNQv
2020-08-16T07:17:19.966471438Z,2020-08-16T07:17:19.995847701Z,804 d7WMRkhhphNlpvsFjay714czXiVD
2020-08-16T07:17:20.047110776Z,2020-08-16T07:17:20.065004720Z,805 XSUs2yDm0znrKx6plRqF5HROvDVv
2020-08-16T07:17:20.128526021Z,2020-08-16T07:17:20.163386678Z,806 Ujv9UNygEHsVPK9jXF4aw0q121Jq
2020-08-16T07:17:20.208981053Z,2020-08-16T07:17:20.232986854Z,807 H3yPZiQVz3e3VK4MXFWKqosn3yld
2020-08-16T07:17:20.290359031Z,2020-08-16T07:17:20.323291455Z,808 rGK8zSlD439cMBmtfSJNNr3YClLU
2020-08-16T07:17:20.371145485Z,2020-08-16T07:17:20.393169218Z,809 kpjDMBJJlXxU0btXvITSuAAf0Aga
2020-08-16T07:17:20.452495808Z,2020-08-16T07:17:20.468160530Z,810 A96i0RSEYTdqzs7W3SE9vI7BDxpU
2020-08-16T07:17:20.533877475Z,2020-08-16T07:17:20.563114031Z,811 0jbxFweV0TuCU2y7kI3thBmxTCva
2020-08-16T07:17:20.615193997Z,2020-08-16T07:17:20.652108167Z,812 YrtDPZyfpaxs24MZFmbW8ceNzmTC
2020-08-16T07:17:20.696998077Z,2020-08-16T07:17:20.723751156Z,813 4nMkJq2hZsdTjyI5m56gbN2t6rCB
2020-08-16T07:17:20.778550036Z,2020-08-16T07:17:20.796341780Z,814 iH7v0pemzDNwQ0mJfYbalAFxgJuD
2020-08-16T07:17:20.859571450Z,2020-08-16T07:17:20.892322432Z,815 yZ3wiFUwAyPxxLT6t3C7Aya3l2pT
2020-08-16T07:17:20.940830976Z,2020-08-16T07:17:21.043728331Z,816 BZPoASvu0rvUhPKji6Y2QgZTz8jy
2020-08-16T07:17:21.022661029Z,2020-08-16T07:17:21.113495226Z,817 CMvWtmAHhRddJSNTc1TQh6JCjaNu
2020-08-16T07:17:21.104725667Z,2020-08-16T07:17:21.183524020Z,818 c91r5cTEfc8H53HJKS6xELh2StBL
2020-08-16T07:17:21.186206491Z,2020-08-16T07:17:21.255313696Z,819 AkGHWbDq6yRFe3aKr3y8aBz3Zbyf
2020-08-16T07:17:21.268058548Z,2020-08-16T07:17:21.324699375Z,820 S77ooASGFvLvhh6Hah7jFpyiI6ui
2020-08-16T07:17:21.349162596Z,2020-08-16T07:17:21.398392105Z,821 8JIRlBMQBVvQQ83r8qfDCSTV8ASi
2020-08-16T07:17:21.430491162Z,2020-08-16T07:17:21.481314064Z,822 4eCsJa0lSCVFRFGXX6TyNFeCqHkS
2020-08-16T07:17:21.512153924Z,2020-08-16T07:17:21.552289034Z,823 y7QtDTNmHpWWNZvOV9AZITQgoNcp
2020-08-16T07:17:21.593584465Z,2020-08-16T07:17:21.623891038Z,824 eDoYLRpEYL1wYdok2WejkewbcE62
2020-08-16T07:17:21.674212616Z,2020-08-16T07:17:21.700249533Z,825 NqlOX1Bga0hDFlMSCiQQvOwx2lco
2020-08-16T07:17:21.756010849Z,2020-08-16T07:17:21.782794826Z,826 OOgyyNp3mMkZTPWiWCtvXXLvp7Hv
2020-08-16T07:17:21.837457582Z,2020-08-16T07:17:21.871459307Z,827 MYrJet1vooSUiLNCmd99IEfDGBXE
2020-08-16T07:17:21.918982134Z,2020-08-16T07:17:21.941860721Z,828 knl98Ndrxg4Jqb2lqLnX9CDXK4hx
2020-08-16T07:17:22.000274543Z,2020-08-16T07:17:22.033024497Z,829 wN22DIXhlAyIua5lRgIwuUHuQDGk
2020-08-16T07:17:22.081039279Z,2020-08-16T07:17:22.108292407Z,830 SSjOor0Na8f7Y8XGslyrvie0dF61
2020-08-16T07:17:22.162447885Z,2020-08-16T07:17:22.183020809Z,831 cnNoXoO4hZH1YqQ3OwyV6vwKynYG
2020-08-16T07:17:22.243843496Z,2020-08-16T07:17:22.262033314Z,832 aLdbPN2hMoALBLCUfKHmEtY9K4MY
2020-08-16T07:17:22.325415454Z,2020-08-16T07:17:22.335406612Z,833 2xgvhiIzDWp5u4da0YdhBYD93BQ4
2020-08-16T07:17:22.406553440Z,2020-08-16T07:17:22.437432181Z,834 NuK6EZ9nu3XMCG0pLfh5EwOinjWt
2020-08-16T07:17:22.487934118Z,2020-08-16T07:17:22.528199692Z,835 XfKGTlp9W9Yl4AlyIl8nMqjcBI9A
2020-08-16T07:17:22.569554841Z,2020-08-16T07:17:22.596508454Z,836 iAaFLTvb3uVRJWObCxnDtZKIwOJF
2020-08-16T07:17:22.651102443Z,2020-08-16T07:17:22.704012972Z,837 pN4nwEGE6ElertGmz3gm0tlPdpLF
2020-08-16T07:17:22.731748842Z,2020-08-16T07:17:22.772507272Z,838 6QiaJyHNpwQApsEzUOtZyrMP3mBu
2020-08-16T07:17:22.812888998Z,2020-08-16T07:17:22.838551780Z,839 ctlFBRcEZ7PzIw5Xzsmq1PjpYano
2020-08-16T07:17:22.894834004Z,2020-08-16T07:17:22.927921701Z,840 TEo1AXVENufzriSQjOQxlywdcuzB
2020-08-16T07:17:22.976425587Z,2020-08-16T07:17:23.002323564Z,841 2cYweEIZsEYNGJHCb8Bq1lr7tVJw
2020-08-16T07:17:23.057866076Z,2020-08-16T07:17:23.085859329Z,842 5wi803D0zl2QH1VF5kasUOv1HXny
2020-08-16T07:17:23.139676301Z,2020-08-16T07:17:23.173121216Z,843 JBfMGRRPBdqgRk1y6DVZXwoscplp
2020-08-16T07:17:23.220407689Z,2020-08-16T07:17:23.261352821Z,844 jZrzuLgjjHpbXJD1zePvHurcj1ik
2020-08-16T07:17:23.301365633Z,2020-08-16T07:17:23.334049490Z,845 LO5PxHbn4FOLdfWQ0sIY4QUYCc0u
2020-08-16T07:17:23.382875308Z,2020-08-16T07:17:23.426725541Z,846 yW06BYY8YfRTRqRikOjYZixtTOht
2020-08-16T07:17:23.464540578Z,2020-08-16T07:17:23.498508399Z,847 bcFhzwqiaA3QXpj4tIPu3Z8N728X
2020-08-16T07:17:23.545073955Z,2020-08-16T07:17:23.580253437Z,848 BN5BBhqYbulLpgApMUh3MvfFdNZP
2020-08-16T07:17:23.626184895Z,2020-08-16T07:17:23.650996091Z,849 u0KhgEKSjncHPK14fhRkIKaLV6pj
2020-08-16T07:17:23.707947144Z,2020-08-16T07:17:23.728918728Z,850 OadKaZZrMQuBbX9SBfbQaRxmOIAy
2020-08-16T07:17:23.789875714Z,2020-08-16T07:17:23.827387840Z,851 4kZmEXnfkUrpZDAAe5LZdy9jRslA
2020-08-16T07:17:23.871661524Z,2020-08-16T07:17:23.896473986Z,852 maOmhvzQPO7zjbWC9IePnRuPrjlf
2020-08-16T07:17:23.952423305Z,2020-08-16T07:17:23.983166694Z,853 BAwDoqRi2qPmadJeKJhezr15OE2V
2020-08-16T07:17:24.033616723Z,2020-08-16T07:17:24.062095933Z,854 oKG2uDFDQlPGjWbkUnrgtCpoWce8
2020-08-16T07:17:24.114767625Z,2020-08-16T07:17:24.146160024Z,855 Hh3eRUsJ50yA2FBGriZkQWG7z26r
2020-08-16T07:17:24.196457910Z,2020-08-16T07:17:24.216243811Z,856 VuWqOM3dpH2tyPb3qP5LEAQvUO5N
2020-08-16T07:17:24.277727125Z,2020-08-16T07:17:24.290837062Z,857 ouALIGbIXJrS7lt9KN6xkm4p6ZtB
2020-08-16T07:17:24.358875550Z,2020-08-16T07:17:24.382051253Z,858 DpZ1LIW4bJQHO42r6zh4wstldFn1
2020-08-16T07:17:24.440439588Z,2020-08-16T07:17:24.466094007Z,859 bUrVmp5I17NFB7X1n4WmkVDPOhva
2020-08-16T07:17:24.521655138Z,2020-08-16T07:17:24.536686862Z,860 gUGenE3MHVpAnDirHvZUw8noAd2v
2020-08-16T07:17:24.603008799Z,2020-08-16T07:17:24.628483698Z,861 SsK57PU8O9CHxPH0IH37OfU8rm8m
2020-08-16T07:17:24.684332866Z,2020-08-16T07:17:24.721639520Z,862 iyQlvlWoz4VYfHCdakeKYGeYMxYn
2020-08-16T07:17:24.765742406Z,2020-08-16T07:17:24.790173225Z,863 2a37ufl56g0Nd6R2m1dMTu1Idda7
2020-08-16T07:17:24.847062657Z,2020-08-16T07:17:24.876277219Z,864 PfpMJFqYCYByAFHssmHwV4fwREff
2020-08-16T07:17:24.928616631Z,2020-08-16T07:17:24.946668428Z,865 DR6XC6v4sOJswlwDjSKlCeewhixZ
2020-08-16T07:17:25.009149841Z,2020-08-16T07:17:25.043718145Z,866 UeHmPVlg1WR8JPL6pDfUvONzp9qx
2020-08-16T07:17:25.090032606Z,2020-08-16T07:17:25.125552018Z,867 BUgkRlDqlzCFLw9sFwhSsizUFtU3
2020-08-16T07:17:25.171760699Z,2020-08-16T07:17:25.223369157Z,868 N65Da2N1Mi7Cd5BVpG8sQ9uJY37V
2020-08-16T07:17:25.252920253Z,2020-08-16T07:17:25.296361094Z,869 rEP5b9CJFlEKb8vrYdNAKQO04OZp
2020-08-16T07:17:25.334888843Z,2020-08-16T07:17:25.366409386Z,870 NEn1W77Uon06iMspcxyu5xSjsaa4
2020-08-16T07:17:25.416901885Z,2020-08-16T07:17:25.437955634Z,871 KyB7cyvQmAyLXPajM7jqu8g2pWHu
2020-08-16T07:17:25.498596557Z,2020-08-16T07:17:25.530419522Z,872 VkZd7R8fn7pA7TaDsL5agjGG6Hgr
2020-08-16T07:17:25.579758750Z,2020-08-16T07:17:25.610226024Z,873 J9xRQuA9yqK4nFwG722uJvvMME8Z
2020-08-16T07:17:25.661577674Z,2020-08-16T07:17:25.696767299Z,874 41dRyyOLFjemaz9pGvAQ5ohwyPAB
2020-08-16T07:17:25.742308970Z,2020-08-16T07:17:25.786091618Z,875 HPMrEjUxn3mkDDCl4uR0ZzNAwJKs
2020-08-16T07:17:25.823022505Z,2020-08-16T07:17:25.864888206Z,876 32G2NKPjXxkkZPXKT5zo5k08QuDn
2020-08-16T07:17:25.903609111Z,2020-08-16T07:17:25.936815774Z,877 EpGrFCCXIkNJYzyXVuBCuGJmGegc
2020-08-16T07:17:25.986122308Z,2020-08-16T07:17:26.009057183Z,878 TUWbJ6zmKv72rVyAZRSaFo9HMLNH
2020-08-16T07:17:26.068084430Z,2020-08-16T07:17:26.086751120Z,879 dLYvB7NXYW49W6ilHwhg46yLA84L
2020-08-16T07:17:26.149626385Z,2020-08-16T07:17:26.173783339Z,880 1Yj0Hm5na5BCKm7oKVSwXRsqe7ZA
2020-08-16T07:17:26.230692860Z,2020-08-16T07:17:26.271057532Z,881 Jd0FmER44Itj9VuuRinIImN1sMTn
2020-08-16T07:17:26.312486695Z,2020-08-16T07:17:26.343319246Z,882 LflkcIobQcIuZZzyRdonDc8BarG0
2020-08-16T07:17:26.393048497Z,2020-08-16T07:17:26.413447834Z,883 NgHK6edVtobLCNGrcpv3HwAM7IYb
2020-08-16T07:17:26.474614612Z,2020-08-16T07:17:26.583836998Z,884 Ejp1ZxqfnX8N2mVzUupjLALx96DW
2020-08-16T07:17:26.555489060Z,2020-08-16T07:17:26.653223433Z,885 NkddQsTKY3CJU6Nj5gEGhNm5cjRt
2020-08-16T07:17:26.637065114Z,2020-08-16T07:17:26.721132004Z,886 kdsmq0g2XEgeUhK3aOx2ZnUWnmrx
2020-08-16T07:17:26.718698870Z,2020-08-16T07:17:26.792599414Z,887 App61kFPryBNBfxRrybZsu8MTunF
2020-08-16T07:17:26.800116798Z,2020-08-16T07:17:26.865542242Z,888 T95IwjA7mbaHDleDENgZTmNmYE4Z
2020-08-16T07:17:26.881472344Z,2020-08-16T07:17:26.936840076Z,889 HRvtE2VtHPoPJkRnaKnj2ImGTayv
2020-08-16T07:17:26.962201201Z,2020-08-16T07:17:27.013646892Z,890 SzY2UuyuolyajONW4r4T5iJ4BiX9
2020-08-16T07:17:27.043396584Z,2020-08-16T07:17:27.085045435Z,891 kcbegksUeQAURUmVEjwg0MJhHlTR
2020-08-16T07:17:27.124809774Z,2020-08-16T07:17:27.157443609Z,892 tiQ7p7e5Mf70nI54zUXYGZzehGks
2020-08-16T07:17:27.206378219Z,2020-08-16T07:17:27.233752770Z,893 0vhByXsNF3FEXsUblWJ1umVDjUUL
2020-08-16T07:17:27.287170713Z,2020-08-16T07:17:27.332099741Z,894 9JAsjN9s9Ps9M8kcvU6cawNFQkCp
2020-08-16T07:17:27.367807065Z,2020-08-16T07:17:27.403722425Z,895 avw1qTfuYMbv6yWMd9BC64aOugR5
2020-08-16T07:17:27.449187238Z,2020-08-16T07:17:27.489026225Z,896 tvWztN3BUXRhAmc270PJhQo5Ebtq
2020-08-16T07:17:27.530208389Z,2020-08-16T07:17:27.560545344Z,897 N8fbcWQeAahl28R9PX9AZPNdR1QN
2020-08-16T07:17:27.611875251Z,2020-08-16T07:17:27.636774966Z,898 tdc9axxGOyNqxrR7zwHSSCKS9DwR
2020-08-16T07:17:27.693618283Z,2020-08-16T07:17:27.748109442Z,899 vgcXgtj7IHojbovR5lqgxMb9Uzkw
2020-08-16T07:17:27.775244222Z,2020-08-16T07:17:27.819378901Z,900 sdqFBvm0jOQowyIUtAN4O3xJgbIM
2020-08-16T07:17:27.856817353Z,2020-08-16T07:17:27.892654944Z,901 h3cVea1smow5ZZKMOg7TrU6yKZ6J
2020-08-16T07:17:27.938309161Z,2020-08-16T07:17:27.983069944Z,902 XDJp6dCAu9d2RuPzGdkRzRJvn7aw
2020-08-16T07:17:28.019202609Z,2020-08-16T07:17:28.052262166Z,903 4FRObawWtrymUDobqhZhRp6k3zFv
2020-08-16T07:17:28.100151085Z,2020-08-16T07:17:28.140217089Z,904 A3v6KQP8yN7L6Bdis5bkDudo8KrG
2020-08-16T07:17:28.181785179Z,2020-08-16T07:17:28.212962332Z,905 YIox5yW8puLkSADHrtJ6Cz88SBSM
2020-08-16T07:17:28.264038038Z,2020-08-16T07:17:28.289752206Z,906 NPIVTiEzZKXDzZbO0JLjBsOfTAJi
2020-08-16T07:17:28.346007975Z,2020-08-16T07:17:28.372287428Z,907 SCI5wTg3UyuP6FzOhrmHQeIUusY3
2020-08-16T07:17:28.427927571Z,2020-08-16T07:17:28.459067820Z,908 NyMVGCt4ZS5ekBD4R2sid5lMUa87
2020-08-16T07:17:28.509177783Z,2020-08-16T07:17:28.537621048Z,909 ORezTlEDTfex1qxbhCyc8k9qQENR
2020-08-16T07:17:28.590441282Z,2020-08-16T07:17:28.615865167Z,910 MZbyu6o49vX0zsrl4iP4vLo9DNcG
2020-08-16T07:17:28.671749751Z,2020-08-16T07:17:28.698868330Z,911 NCR3sBJ1Bulbjd0nuERvsJ7fw6PE
2020-08-16T07:17:28.752843521Z,2020-08-16T07:17:28.782972426Z,912 EUAxOh4mbBqe34IRN9hCzqedXRnd
2020-08-16T07:17:28.834671926Z,2020-08-16T07:17:28.856092736Z,913 HRas1jgyn57OEcOjmS7UxCEwrhXy
2020-08-16T07:17:28.914899975Z,2020-08-16T07:17:28.948140191Z,914 nzTf4T0bF31tOcsCmkf7HV1sDB6X
2020-08-16T07:17:28.996186453Z,2020-08-16T07:17:29.022674800Z,915 uwSoYapClXJ12Q9ckrFBKrxRRERi
2020-08-16T07:17:29.077374057Z,2020-08-16T07:17:29.106097093Z,916 5CByo4WJnwh1TFnfCGyIYLuDbh8N
2020-08-16T07:17:29.158422648Z,2020-08-16T07:17:29.183333015Z,917 hDPBDo2OItrBZGedwb8rCNWllPXl
2020-08-16T07:17:29.239287932Z,2020-08-16T07:17:29.286663919Z,918 YpNgiNtAoAZ6X7szO9sw35T2xrNl
2020-08-16T07:17:29.319962381Z,2020-08-16T07:17:29.359287383Z,919 kxet7M3EnpxV2TVL4dwxD2LJ584r
2020-08-16T07:17:29.401894104Z,2020-08-16T07:17:29.427759862Z,920 1LV23aRWaFxOOWhzK7rT2PK4iTJP
2020-08-16T07:17:29.483355620Z,2020-08-16T07:17:29.515128462Z,921 3N8mz2Cs2HAkhUSW3GIZJnuAVTra
2020-08-16T07:17:29.564940405Z,2020-08-16T07:17:29.586685912Z,922 Yt3fYfdlrlD0nHLheR4O6I4grx0C
2020-08-16T07:17:29.646059544Z,2020-08-16T07:17:29.670165238Z,923 UoVVHhLC6u16OEitKE2s2NhTcwz3
2020-08-16T07:17:29.727793926Z,2020-08-16T07:17:29.749584587Z,924 S6MTCKJcUpoXJcFw87PZz8QXHCGj
2020-08-16T07:17:29.809724642Z,2020-08-16T07:17:29.837550466Z,925 TIFmOHA6tL2HxNXR4YQBnQbOy2kF
2020-08-16T07:17:29.890533730Z,2020-08-16T07:17:29.910945472Z,926 ETFATVcgb12WztDQKDnsfGOn72m9
2020-08-16T07:17:29.971559845Z,2020-08-16T07:17:29.998059738Z,927 qlJ3uECSLl6DVuzGX4A37pvNEGRH
2020-08-16T07:17:30.053084046Z,2020-08-16T07:17:30.074813545Z,928 PcCl5RCH0Mz5XJN6MN4EgNM15cIt
2020-08-16T07:17:30.134419002Z,2020-08-16T07:17:30.157662390Z,929 DKMVov4oGQeEfKpgB9um7zNon8g6
2020-08-16T07:17:30.215545843Z,2020-08-16T07:17:30.241438178Z,930 TDkOs7DQ4Ra02FMrV0dwxDoiehzW
2020-08-16T07:17:30.296826840Z,2020-08-16T07:17:30.319458275Z,931 DbWKqySpNvKXVvPzGHQ1m1ei82we
2020-08-16T07:17:30.378401321Z,2020-08-16T07:17:30.434207118Z,932 HvQMIDaMm4WNLkVeSxr0bxim5vsX
2020-08-16T07:17:30.459289006Z,2020-08-16T07:17:30.504908054Z,933 1Yy85KiU9FcxFkKuYdrMQKQJ8xmr
2020-08-16T07:17:30.540146547Z,2020-08-16T07:17:30.575002003Z,934 P8QUy68MCFkSbJEBhNEoSeXvdosI
2020-08-16T07:17:30.621864158Z,2020-08-16T07:17:30.649743487Z,935 gwWxCC0Iev583AUqRYkw6H7jpogS
2020-08-16T07:17:30.703549751Z,2020-08-16T07:17:30.722914757Z,936 VZSSlMdW9MGkTrWar6K4qiT7NyBD
2020-08-16T07:17:30.784707275Z,2020-08-16T07:17:30.833039592Z,937 apAoda0oENuWzu9l7KMemkkUDhFE
2020-08-16T07:17:30.866617635Z,2020-08-16T07:17:30.903114031Z,938 pCPzExs0y2MdFNvHva1n5ND2gTr4
2020-08-16T07:17:30.948508797Z,2020-08-16T07:17:30.972728383Z,939 xMQexxxpHEegVmvDW5Bj4buph2Lj
2020-08-16T07:17:31.029079739Z,2020-08-16T07:17:31.065637634Z,940 GIah2b9f24kgKkjXVWwNHsWqgUbo
2020-08-16T07:17:31.110470378Z,2020-08-16T07:17:31.136515815Z,941 k8mCcLz7PJkRMJhVO8aRkxdm9QAf
2020-08-16T07:17:31.191406279Z,2020-08-16T07:17:31.225077490Z,942 VFLIm1p2hFaVtplDCi8Gz3aZrdWB
2020-08-16T07:17:31.272384494Z,2020-08-16T07:17:31.296916669Z,943 jlhtQBICKougj35MVsFdA29w6PAO
2020-08-16T07:17:31.353335804Z,2020-08-16T07:17:31.384555017Z,944 2WFzP4zuPjV9CNPOP9ggai4X9aWc
2020-08-16T07:17:31.434344205Z,2020-08-16T07:17:31.461269991Z,945 g8ZSAlxBEQukvDSawVx2Whsn9ri9
2020-08-16T07:17:31.515511337Z,2020-08-16T07:17:31.541280823Z,946 hz2IjwpSvmGifiKt5Y2tDGqRBhl5
2020-08-16T07:17:31.596629833Z,2020-08-16T07:17:31.623792108Z,947 pbJJGShGmZYPsiJbMwYIm6TpcduY
2020-08-16T07:17:31.678760750Z,2020-08-16T07:17:31.697582351Z,948 tSJurPTX3DgNLyp7yNjJcNq8JdxU
2020-08-16T07:17:31.760847931Z,2020-08-16T07:17:31.799618845Z,949 YnVS7Jrh6IU5fD2JUkHcReiud2rF
2020-08-16T07:17:31.842623989Z,2020-08-16T07:17:31.870771265Z,950 o3VBZLZb8GwTk2xUjH1sTAzsMcB9
2020-08-16T07:17:31.924266824Z,2020-08-16T07:17:31.950764623Z,951 0L4EASdOhJOXhFFUPvacUH3KUYI7
2020-08-16T07:17:32.005149773Z,2020-08-16T07:17:32.108519261Z,952 HhpiUmkaM0JVf2BRWUp5nHO9p4Rz
2020-08-16T07:17:32.086153952Z,2020-08-16T07:17:32.177558925Z,953 J5Rbds6taqYMc4hppUMQfne7ryRC
2020-08-16T07:17:32.167065962Z,2020-08-16T07:17:32.256635037Z,954 86TimARs4rz7kUu3Z1Xvgja902WR
2020-08-16T07:17:32.248153161Z,2020-08-16T07:17:32.327954262Z,955 Q16x6oRTJvM93BJyV8DNHAn1VSz8
2020-08-16T07:17:32.329166712Z,2020-08-16T07:17:32.398784014Z,956 bURUcky3ujmFBg1FM3KkVasUK6iT
2020-08-16T07:17:32.410514476Z,2020-08-16T07:17:32.468166840Z,957 FkeHuTNvTrFfTZAMKyFl6Bn0fo4x
2020-08-16T07:17:32.491178678Z,2020-08-16T07:17:32.536468972Z,958 v2GvkdeD6V6e4217z8be7MgbE7sa
2020-08-16T07:17:32.572043392Z,2020-08-16T07:17:32.600079300Z,959 WoLWwQwEb7eIr2XRKyVjbI7xVqRE
2020-08-16T07:17:32.653640558Z,2020-08-16T07:17:32.682688941Z,960 d1CMFaLvwEHk19RhNGFHv2Od9lNd
2020-08-16T07:17:32.734100502Z,2020-08-16T07:17:32.750065883Z,961 MHOaAE6UBLLHBMgAIF46vA1PWEXc
2020-08-16T07:17:32.815684467Z,2020-08-16T07:17:32.840641281Z,962 alwMnqq535MCdoEGIzwp16fbPP4M
2020-08-16T07:17:32.896126328Z,2020-08-16T07:17:32.928800642Z,963 q9InX1Wlp9FaYxps6YsbDPrCTNqk
2020-08-16T07:17:32.977972498Z,2020-08-16T07:17:33.005498175Z,964 9r2pBmwpxwhPXqQZH3LvLykWclEU
2020-08-16T07:17:33.059543473Z,2020-08-16T07:17:33.085562028Z,965 3i4WCEze1nKQMIcZaecA1srQrqgn
2020-08-16T07:17:33.141721007Z,2020-08-16T07:17:33.161299108Z,966 xMFPbTHOju3dnP6bzhCQecpmOeYp
2020-08-16T07:17:33.223753978Z,2020-08-16T07:17:33.247633887Z,967 2ySzBEiMt0BZS9MieV41ZyFm2BGe
2020-08-16T07:17:33.305947405Z,2020-08-16T07:17:33.324500433Z,968 xlNjEfG8kfEwxfdLU29scErsry3c
2020-08-16T07:17:33.387044313Z,2020-08-16T07:17:33.410999212Z,969 MGTHM47ryywd9FvEsOqBlmlNfIyd
2020-08-16T07:17:33.468404208Z,2020-08-16T07:17:33.509572724Z,970 u7kmSXVClJcvCm5Nd2Qu5RS4EjfM
2020-08-16T07:17:33.549110477Z,2020-08-16T07:17:33.583274980Z,971 8hGj65dUKtbWnXRyjKkUdcFxSrHs
2020-08-16T07:17:33.630297860Z,2020-08-16T07:17:33.660008132Z,972 oyRePHSWzy6ki48KHvaepb5xJkI4
2020-08-16T07:17:33.711415874Z,2020-08-16T07:17:33.743382857Z,973 kZQnlcESgsxKvK0Hrzo45Lje5OlZ
2020-08-16T07:17:33.792980700Z,2020-08-16T07:17:33.837303006Z,974 1zedruuTlg1vYESjezF0iV5N3YHZ
2020-08-16T07:17:33.874510062Z,2020-08-16T07:17:33.909320862Z,975 1skaQCPvQKAPvNu2Qm4kyxCaRYy1
2020-08-16T07:17:33.955558708Z,2020-08-16T07:17:33.979844065Z,976 k5unobfNENzhyOOdGC7ADTFwitJC
2020-08-16T07:17:34.036088513Z,2020-08-16T07:17:34.052246408Z,977 a6JRJuEYenVpZSOPRN9zl7zJAuna
2020-08-16T07:17:34.118012190Z,2020-08-16T07:17:34.147638344Z,978 fMjaYVXBiszeN0riA7B1V8ulAwS0
2020-08-16T07:17:34.199215465Z,2020-08-16T07:17:34.220008955Z,979 SiUoAo36yTCoqWZhzJsamPQOMgQk
2020-08-16T07:17:34.280644770Z,2020-08-16T07:17:34.312332974Z,980 fAy3D2rmcOlyGvobMZ2KOkvZ9mis
2020-08-16T07:17:34.360914891Z,2020-08-16T07:17:34.383694319Z,981 rx61MrRHEOZu4g76fxte0A0MhLfd
2020-08-16T07:17:34.442844253Z,2020-08-16T07:17:34.461585655Z,982 S9Ihrd4o07m0Ye4IvWtvOrY9Zsk7
2020-08-16T07:17:34.524769453Z,2020-08-16T07:17:34.554000772Z,983 v6hFcMI7y27G0uq6cOC7vJPCsZzO
2020-08-16T07:17:34.606394317Z,2020-08-16T07:17:34.633629181Z,984 sYWfqj3IgN0AISaKNhKa4xm6O7ml
2020-08-16T07:17:34.687681348Z,2020-08-16T07:17:34.727039134Z,985 eIlvjz5kJu2r9csXt41MZvblbydL
2020-08-16T07:17:34.768608434Z,2020-08-16T07:17:34.798859697Z,986 uti8ylXdDYUPZPrX3nBwFSdbKasq
2020-08-16T07:17:34.849495006Z,2020-08-16T07:17:34.878402774Z,987 dHkGAI1U6VhhJ0badvCLpg4PAcwA
2020-08-16T07:17:34.930718694Z,2020-08-16T07:17:34.960663504Z,988 PvSbUsRoOXy7PIPCe2ypcURP1aHy
2020-08-16T07:17:35.012693970Z,2020-08-16T07:17:35.047180823Z,989 baD4hRzSbIFXaiPK1O5l94xxtWdd
2020-08-16T07:17:35.094704163Z,2020-08-16T07:17:35.126668305Z,990 Zr7c7kMexHMacVRxEyWcyNCYZ9xr
2020-08-16T07:17:35.176172771Z,2020-08-16T07:17:35.200952290Z,991 n77NEdYmj0UISAFKlgtofPlinRee
2020-08-16T07:17:35.257589567Z,2020-08-16T07:17:35.269930213Z,992 HqpMJapqWCqstDGygZQ0utiTUHCF
2020-08-16T07:17:35.338310413Z,2020-08-16T07:17:35.372175901Z,993 vTztlJN0kNB3aUCubzFTVFaQMzSG
2020-08-16T07:17:35.419897626Z,2020-08-16T07:17:35.443399676Z,994 csL1p08xnhsN69RdItjN82fsPnhH
2020-08-16T07:17:35.501751754Z,2020-08-16T07:17:35.537655787Z,995 78N897zfmuToHbh7wrYshoN6eRDe
2020-08-16T07:17:35.583719519Z,2020-08-16T07:17:35.631927374Z,996 tBZbopWcFnuX3f1fpkJor20XPMhC
2020-08-16T07:17:35.665082768Z,2020-08-16T07:17:35.702822320Z,997 CPAFEayc2C8KAOcLbiW5o0g8bwBS
2020-08-16T07:17:35.746561596Z,2020-08-16T07:17:35.824420510Z,998 Duk8IKLeUT70KeD3X1r03Sw8Kijb
2020-08-16T07:17:35.827991059Z,2020-08-16T07:17:35.949014653Z,999 08STwmWgFFG0tOgjHaq8esr5oQjQ
