2020-08-16T03:06:14.799263660Z 0 m2Zis9FSBo4dE2pI7wIcNUeIvtAdkTBgObwBEPSRqUN76RLNjkKIvX5f4sj07r
2020-08-16T03:06:14.880627216Z 1 QMDHRRlU1adLPi1dRCALLwPpLhpvilJs5UvHbhqethxVEn8Dcux2HpvDtwOJvb
2020-08-16T03:06:14.962203465Z 2 ftyuOvt2GDL6WhVMBiYLSI1LYBHrLihjk9ljsroRR32hLhzQFFrxuslucLbn18
2020-08-16T03:06:15.042966356Z 3 ndGPk6yAVD3UoBK2SVcHxcUAJXdm1JLfoWqGhjqszUtctmtog52rmItx0pGBMy
2020-08-16T03:06:15.124563391Z 4 KF7lqerTKg8QHhbaQkQb0zre4XovCkqu2gpw4Slk7XZcdMCbj355QMeuFhLck7
2020-08-16T03:06:15.206891813Z 5 kHKkJzFR8CVzYEeH8SnZgQ8E7BgR1svOgmTXvRw2MqfgwxduwZcCuDlEdGrWFx
2020-08-16T03:06:15.287960361Z 6 00BgbK3OFwKa74xzbyM7OaAoKgDgpFMMsXaAlsGZNv1oPfLGJExIk9WXDZU0Qh
2020-08-16T03:06:15.369134802Z 7 yRFANfSvYiWxeJI9YoCHCo1yOY001zc867j1SI8dCEuDR93CBTpu4XdC8E8nzA
2020-08-16T03:06:15.451000336Z 8 AjJji4pRcFGTT1ooQVDKCQkN1lwDQ2V7oibgTcr0aRdDUvE9cfdxZJhhHrOlnA
2020-08-16T03:06:15.532163870Z 9 pJJP0rX6CNdkfzVMjR3aKlDYxtMSfJ20ugNzwujWEsZVxsGdEknNCbE7U4aN9r
2020-08-16T03:06:15.612891260Z 10 ctO4NNvyoYS1xKqrLCOm4lrHDQ4dpOHXcMYQMq1fkxj7wzua0qQRpW8iekFp3
2020-08-16T03:06:15.694886892Z 11 ok3LBlOe9zUh1CsnK7tok5QcfuOenYL4JJY2sNfbs6UG7CQexws2dyDxF3nWd
2020-08-16T03:06:15.776620595Z 12 xKz5u1cbZ2p3gIxsgCj7splKrbIaImjoxE0W08tqHlM7rCYN7Bv8HgVF3Zxft
2020-08-16T03:06:15.858090456Z 13 bVf9jvLgwHk2ajbqZcNHbxhzgG7EOLVPI2FMwvMmn0qSaTzxaBny455WEP2JA
2020-08-16T03:06:15.939289953Z 14 2CTsncmb7Qq5Z6bWfX1vCnLQWYajbA1MX6EME9YgTNByh0uEIooXXY73bCN3T
2020-08-16T03:06:16.020974129Z 15 CQmAgKeHEUyyucIdb6U7YPTC3PvO8r5os6gLOs5SAorvyFXdJtbRkglVbsHE8
2020-08-16T03:06:16.102635044Z 16 8xB5WJh74FJSNEsgj8hpxAPzkliZcVWFTN23xMcUtkznwb3ht5Wm0MiY3GB8X
2020-08-16T03:06:16.182854439Z 17 OuUjxbAaslLQtZXDWOVb9mVQZlWpQApknldtN7JagtyY8fclES4CAVJiGd5AJ
2020-08-16T03:06:16.264806643Z 18 CbAsqgvfDKfDzOYnvFWrGKCckWOhH1Pn7WSx4ADBs3AUNELLS0BGBNJDjcD2W
2020-08-16T03:06:16.346111445Z 19 xqldxuUHQVl45BwRv2TYtZ40jJUQRvOTpRCBwgYTmqkJXDo6LkztATQIGNrZI
2020-08-16T03:06:16.428067187Z 20 ZyLdpuEblm6e7JBYDYXGmsxeHdt7oI0nm37Tcj2jl3lRgAJUxRU7tFDpeAe0k
2020-08-16T03:06:16.509656171Z 21 xYrUJykct5nqowByyHnqLd5CKLWJ1nB7QSPxv8DxJQWxG3dzJSXq6X9XvnqNU
2020-08-16T03:06:16.590818444Z 22 TeRHGycQtlSVsftibyPmpLu54PJ3EXkZUFDzyTWMqt7S1oZy2Y5fUv1tEbDdG
2020-08-16T03:06:16.672658872Z 23 7uRiglmgu8iQMO3gJ9h7AqCjcjj7n71iSE9eDiEefSuPCBVGEBN8Fyar98Dmj
2020-08-16T03:06:16.753656450Z 24 ru89ocKHV0A4hD4Y6d70UDtMRdYqgM6bmTOQOUewrgw1ypF3XOVh29h9jOXl5
2020-08-16T03:06:16.834371217Z 25 BJjFWDiV6BVAXwxwXJa2onE6QceuCw0eqnq0725cOPp8whW8LaGA3cTmB2TCy
2020-08-16T03:06:16.915056070Z 26 1NHkmaWDEqcFYyj0QXNYXsdBTn0cBcqZmE2i03kso5ET4Xfevf8xf4UjmtI8N
2020-08-16T03:06:16.996101609Z 27 284aVcIrkASljqdYdT5TRJtKXCCyayzURN6Ppc1BiFeOI5IfJCAKpbO2pV8lp
2020-08-16T03:06:17.077818125Z 28 XPgx82f0w8NLZJ2W79Iek5Neqh85nvfp5PoQZzb6e2LLTQK5wGw16RWwGT1Qq
2020-08-16T03:06:17.159215556Z 29 5kNdcGZ6Ix2untAiEWY0i8R1Orwlh4FIUxknJvzop1MY1aPL7Db6ngiX0TmRv
2020-08-16T03:06:17.241045118Z 30 nI08250qkjWF2ujprFDMxjhLBRNovGCBPg03QCJgkKHGgFNobH6H6SwmqEMzE
2020-08-16T03:06:17.322591533Z 31 CROJy6xo3HWkw2RUEmOfJ2UUVgVRNhF1uxHXhEEqNJmcQGYRiKPbcPngBDFL2
2020-08-16T03:06:17.404276569Z 32 GV5RdPb7ZvLrAmG3jqPCsLapp07i9L9lvmDHqtoTOrbOzboo4nGiGbblNLJpV
2020-08-16T03:06:17.485637035Z 33 gszkLbejbCtDZMmhSOByMjKVKrsjOIsQ8x7ENjXhzbKXOU4omP1UN9NyqoYHw
2020-08-16T03:06:17.566160809Z 34 5To1uqIVySrfKD0u5VqsJiuspjeINHrSgC7xQBqjFBp5lTcnl449hfspAy5j3
2020-08-16T03:06:17.648060391Z 35 t0Q7Q1sYdhcol7ZCInI87ztS7f8DPqpoGDfAiy0Vbm0HxU7d3DTxsg3gUSSmU
2020-08-16T03:06:17.730240984Z 36 vh0FOCxaiRVMYujv6LAa0mM3ovxPf1KkeV4uv96d3fSgDB3VNbuvghs9iWS9i
2020-08-16T03:06:17.811267803Z 37 wnvifo71NZ0yAKCEkZ70K2tSCfoQwnnFqn2nl3ZQSgeMh0FiZPwVfsLp5vuAa
2020-08-16T03:06:17.892446512Z 38 IFf6it7OlDdgqLW2ipNSD1pKxq6eFM77aT8LuTzuYb6zpQmPbyBmf3AwE1Ym9
2020-08-16T03:06:17.972787487Z 39 38peIrIT9XdJI2oh16eOOlKBW6PcD0L39zSnGi5FynooqkQZfkeOqQrNV7b2K
2020-08-16T03:06:18.054495957Z 40 PYDw5mwEbJjOdocSmchz2sLC94e9pOkXmUQvjSrXYgwkU7Cl6T54NoYu2SdJZ
2020-08-16T03:06:18.135243895Z 41 RpWH8t1faDGlSFn1IDhVCtYp2ttOhxSdmLgZYLY2Nc70vg5OQTUwAKtl7Z8oh
2020-08-16T03:06:18.216412999Z 42 vywdRtZhepleeJcvfm1bIDOf1H0aCX0wpKkCdHrgrUDYil64UWnrcAr4aiad4
2020-08-16T03:06:18.297951570Z 43 OpmofyExoZ2YCOebci8kIrQNeKGRvjl50nIOiuSsk6RQJvC6KI4WIa6pGal8P
2020-08-16T03:06:18.379198283Z 44 c6TbPaWMhsaXsJWEMisMd17M7xV2wnDkz3t5s3dyZPxDmDrpnHEGUtwD50jb2
2020-08-16T03:06:18.460558107Z 45 Zfh1xJA6FnRHiiC6CA50WeKlCzIepZmG0WqAxIpyczz3rRtz4WAEH2fNXlFD7
2020-08-16T03:06:18.542421684Z 46 bnzqS4gGlB3AotDd5leTxXlwUKwfTdthk9OBwuhQZtnZiRVemTsDeYRU5ZOvP
2020-08-16T03:06:18.623901254Z 47 viIwz8mJBQyTXkwUPRCCP9JLzyGETzHtF1gnFb2P1BN624ZFETpNbLAbmOALA
2020-08-16T03:06:18.704776111Z 48 zTvrTGXeU43ani7t7R5qWoWv1ACNOG96mVR5O4t4bCC370qK9HYeJ131dvF76
2020-08-16T03:06:18.787174827Z 49 qX6tWaKSmoEh6No0lCwiN2GMZQd7KHpTNh8211xpzmkhCidKW3EZrpx4Jcbix
2020-08-16T03:06:18.868659736Z 50 WpUo6ExTB9wHfM3d0uh7xO9zTdNLGuOkdh3J76vuiJCQ3DqHAKT8LWga0IixL
2020-08-16T03:06:18.949087144Z 51 Yza5GGSOWTTNjU29RLLs2Sv1G1DwwFqKnHMNp2yl6kID8g0XE7AOLPpxZG6Mw
2020-08-16T03:06:19.030380110Z 52 nKoWfJDtD32Sh0TKWqd3iPbZvwtxnWCNraOlafPhH6tK105MvHXHsUaicITuF
2020-08-16T03:06:19.111183368Z 53 BPHnGKJie4p2ESKgvF6EwUaQwY81K9XSkssm97oMKTjrZwzrMzu3onpuSg4xI
2020-08-16T03:06:19.192882839Z 54 qU7i21WRgF8xuuX3Gtf7dvHO6KQlNC8bpPprenujNXu4EJYEnp2xXzUr9U57D
2020-08-16T03:06:19.274484023Z 55 59Hn9biknnsSWBVMNnItJLkGEOZ9JVarH4pg91nSVWvGKHDCkjTcumuBHG2uB
2020-08-16T03:06:19.355591744Z 56 sX0na9ItyZSSs4yUcqfKyNWsB9N35PzhnZnjbPssryTN9M5s55xKtjr0BRmyN
2020-08-16T03:06:19.435960710Z 57 1N3qutZYcoatWSDv64EV4XTVdS4RSQGScJwkvRSfXvRUU4sNF8EoY9uzlROzM
2020-08-16T03:06:19.517093798Z 58 w4ZsBxGyi6ZpOUFusnPRI9UzPpuza1KCrilnBg9tUQXEmLWg9zmizvHApVAGd
2020-08-16T03:06:19.598382775Z 59 dsgvNYxdoQOdSpmyfbn5GC5iSmX76A7dP2U1OwfqehJUIMifNAmlfodLsFQxx
2020-08-16T03:06:19.679080984Z 60 WpkV4cMqa4QiigcDfOofUlTBLHddCE8eHoFAaArfonWeXlUixGQ66ITDIfMHn
2020-08-16T03:06:19.760406425Z 61 G5PyKOt9FFytbicPgcCr39S2xFulumPahDbnYKEuR0VCj9lfWU5VlpBda6zGc
2020-08-16T03:06:19.841684577Z 62 mG3NZkjLpEVAqZ201EPfkBFnVpDCFzjGB1pN78ku9UyAtzY0ZC2WE0RVHuLF7
2020-08-16T03:06:19.922979729Z 63 1MgK21nTt1FyVFhSoJbINg80WDcXdkY0jx0muMyJ791yhZ8hVUcCz1P5CBi8E
2020-08-16T03:06:20.004300016Z 64 sFkBqJlfQwWx4yWvZDktoEAQuZ8HRvOALvZjRXcmR1U5YvV1yBZRMkG1zjrLe
2020-08-16T03:06:20.085234365Z 65 39MHcfGrFjtia5SSmCmrnuVTn3dRHzlb6UEFl7atjiY7zQcpHGZxQP3Vv9YTv
2020-08-16T03:06:20.166125870Z 66 ChlbrJ5lHMf9ucIWhykucGbfolBEwzBasxapF6UXezvuLfA5uwreCBxmEhypU
2020-08-16T03:06:20.247905453Z 67 oYY5fJxD48HXKOrZWq1YBwb5A7Y3v5dW5vHwEKHa1WfcXlxQPyxBeoZY6c0AU
2020-08-16T03:06:20.329458854Z 68 JWI0qGyzZIDBA5JRKHq37NmiExZl7QcKdyV0UaoQrbsjh4bJJSYpGDOv2wZ2g
2020-08-16T03:06:20.410102134Z 69 YaiRoZcySlqtzpLWiHzsi2Kfwp8n7WSTIsYKWFktSdBsewd6ctpL6pgdVbMok
2020-08-16T03:06:20.491555808Z 70 uHHQiCogE2QusXtXiUw8JIaIag2dKV4vDbhoTzMYzAevMnO1EG7LECn87yj2W
2020-08-16T03:06:20.572137386Z 71 SLBF7bd2iiBMjJ1NAHOQGvKM9JR6CnB5zm34Tf7UXsBKVfIj7noSNCQUVzJWp
2020-08-16T03:06:20.653775634Z 72 A7HmtuYNp4FIBXPooTK5JFGUp95i1SWKIdesOQJhi1yIrLDl7TPFJy9AIY6xK
2020-08-16T03:06:20.735851784Z 73 4xdIPoDymRMF4PaiZTM1rufzi1PCetYmP9Z8ORI12oZPCvPvKDgAFvNjcoYZd
2020-08-16T03:06:20.817770526Z 74 Kfk5u8FtTPtqSbpjy2L7d6wBq9XfOXXRxIoJOwR1gr0nqkiiGxrKJ3o2l0pBz
2020-08-16T03:06:20.899998497Z 75 Ri3KxP1zxgH5VM2RePIjvIdfMZ7ICZB1zn4HzoB2bqEjOzG5wsjYbL53wxktG
2020-08-16T03:06:20.981587231Z 76 ZnPtulmVzfXu3fjyZ1nLT8QvraJxpf8hOojWII0RIPlfImmNSpKaUBFPF1mOT
2020-08-16T03:06:21.074064617Z 77 UphUSNZjVYh0t2g4DrhBLx6AIX43KHgmJZeJ9tyV3zy8kuOAiuUzItPQqIaz2
2020-08-16T03:06:21.144814289Z 78 FMGxuEWm5bWs4VmOTwxEX8THdqxYmbcSXcEYNfRy1LXdbMnu0wQif5ee58HC0
2020-08-16T03:06:21.226850479Z 79 YkRIsyXbqALp6E9jHBrMZ7I1Aa3oAlPwrAU09pvrk8JirhQOXpg4tsDAHH8sl
2020-08-16T03:06:21.308330695Z 80 ZjpEYqfrCjxZJwRqyqKLNk0BDczGaGIbMsb9dLl032cX4SeUPTGkGLCR0Cc75
2020-08-16T03:06:21.389952584Z 81 pbImwW7qZXeZhX8Uo6krwddRLbKCAUfOao3NRmPv9reJKvJZxbK5qLRJEo50A
2020-08-16T03:06:21.472148203Z 82 hlmG1XEUIM61vZgFcrQECGHEVR7wAyzS6XwmrEU9ZXWkoffjimQRkaQVNVDSp
2020-08-16T03:06:21.553645863Z 83 JuptkVdf7cDyH8wiD9dFNlUxdgxporPspQ2aBr8nDZSGMctLkFQMKz99BpUYw
2020-08-16T03:06:21.636110732Z 84 gooP1Uh81ghCiZpUqNoWRzJNJZDsPu2buxYzcbNTb1NYQSqjPfgPlLdPNuEn9
2020-08-16T03:06:21.718182084Z 85 lxBOnxmEwnwRpOmQP4Z40X1Txicxog9AtfaqUdHJIL93H6ujz2lKGhFVntCHc
2020-08-16T03:06:21.799881413Z 86 1r2ZuF785pEa179jptVehlo6bSEqIFLHT7sJsQNWqVWDvKKiwC2bjKXbRS6c7
2020-08-16T03:06:21.881439156Z 87 Qh0EkQYH60C8eip1p5VpetwXk68LfS03jkJf51lIdIuAEeml80q0wtbJfe7KJ
2020-08-16T03:06:21.962271386Z 88 aSqKUKOU19cwFS7ZWMuuWUIrJL0lfrNTMPGzw7nLznO7w4NUELSvFOZFBLmfy
2020-08-16T03:06:22.043709563Z 89 Cs8WwM1m1fDY9dDOluPHz2Owa8a4hRBrzTfrzlw26y7Ta3GNSqiIQ0f8jTT3k
2020-08-16T03:06:22.125416361Z 90 CI6Rg2kMpjox5PifMYt5VHupcyQmWMuNkP5TgLpFRa3JYUPemBxAGcWaEvaSr
2020-08-16T03:06:22.206074968Z 91 KApMZZcfmi6InCBKp2HmpID353RC4tPLTwiLdTsL57zf1LOhmOn0VbXAMbEks
2020-08-16T03:06:22.287923172Z 92 vtyKUUAGrvHrw5hm11sjW9OV3AfZQ0J7DGY1gfihpbshetEYsY6F49PehXT8c
2020-08-16T03:06:22.369103959Z 93 KU5FwKt217TVulJGLrLxx23cQLi7Sd3QNnOH873hj022oGmcH5WAtVCLsHv5V
2020-08-16T03:06:22.450738136Z 94 zhrADRVOkI6QMuItoKb9jF9u8bGLXQ8mJQVKko2HLIC4Zu3NoI0hqDSzTuvpH
2020-08-16T03:06:22.531980839Z 95 46wjKoj2faP1aIpkwGNkhwdef8LUvflT1VmWX4QYOR38DLFIEkbhYhhONM4Q4
2020-08-16T03:06:22.613206471Z 96 OQmyu5mIYqnRKOkAf3l5LFBmh37lpHLewDkVSgXziLYsWLrLuGrXgjjn2p62S
2020-08-16T03:06:22.693942290Z 97 1Lj5b0xtiBP9zZV8toRn9Nv4Udp1Yq4FNyYPVYmYw9qD99uMtJTxgECBIswDM
2020-08-16T03:06:22.776092207Z 98 S0uOAAxkJRrdg3J3pXFCmWatMdSNCtlcMrZPdcdVJMKYmUrhVDg7PhaSxy4Ot
2020-08-16T03:06:22.857594245Z 99 f0Ef42neurGCELGsKxsnI9gev3E43o6oWvqWnJGt2prygjbRHevdydo3lhBJE
2020-08-16T03:06:22.938924644Z 100 BVktIkrJfjqx7FAoYYYT3KF68ECkzXjaLS7QfsrjdfEuFjVx8Exf258TklUE
2020-08-16T03:06:23.020894533Z 101 QWOHH50sqNEYyZKd9g5S6crZNGJ6bUYW0EhkxUvlNpanuV3VO5fzsGX3dL7v
2020-08-16T03:06:23.102613904Z 102 V90DWc7RI93FzFOxvZLETlqEmU8Dqu4YomOB08YXQp7zBWSM8YQcjqsNsL8A
2020-08-16T03:06:23.183767685Z 103 NqDw6zOBfU91I2Mxvdd0M5n5n04dyt94RSDzm28ATs98qZXldU71GTjG5sda
2020-08-16T03:06:23.263961476Z 104 bSC2eX85v2GwCwoGHtnG87rJrFqfjYzjEPvZ3jKxND7vGHhn66ljjmhpMNzI
2020-08-16T03:06:23.345257416Z 105 ohoTJY901kl0uFvNeoaSpKTacaxJoEL6hsCs0YhLdWNZEB8BBybCcjoOthj3
2020-08-16T03:06:23.426570228Z 106 obEaA5eplB9tv28Ol1qZbUwSgT6lVRFvwRi8hYl7HyA7E5aq1aEuetCunGj5
2020-08-16T03:06:23.507198239Z 107 JCuK1YQsrgE1SykKQXWC0sB6B1hA6avOfQudkavsXbJEhZuBOXf0oBZBWcou
2020-08-16T03:06:23.588199865Z 108 ZGtDnTBCcqMvXAttL6Fd4TqwcskSU7FuZI4oORFAMbRtqMR0fKY7trPfNT3L
2020-08-16T03:06:23.669988341Z 109 FKOvb7bJr48KBpgwXNtO6YgSvThITbx6tnEoSD6dn5WLkPiu5b4eIL6jAQqd
2020-08-16T03:06:23.751782860Z 110 gTDN5pGvlqcfNemMBjJLUxI6664CcYq7PeMKUAsOouOjWRvnDUmzVwdrADnW
2020-08-16T03:06:23.832818219Z 111 JWEo5uUh1XV2Ko9j4OcDImzs9ycYqOUcGPOeSOc52NCkItwUtJtaYGMdUmk5
2020-08-16T03:06:23.914663524Z 112 AqKcfkl6xmH0Q8yQHuAAvCCTjv4JdrGkxxdU3l8xxSjHaRoXkLviEDuEnOy0
2020-08-16T03:06:23.996214757Z 113 NIK46yALsCE8rdsXquAejKy07aR3hgM3HhtycWmqU3H32T7RnKkJgZoRmnWx
2020-08-16T03:06:24.077248901Z 114 uVhILIUjBXvDWZL9031OOMJci9ZL2AQoc5ApFcjYb4XTO90RiSZgT6XJvdSh
2020-08-16T03:06:24.159028542Z 115 cY75MEAIitwx1Z22qoRjqrJwrDQdhRNsIuBPA72QQT2Q06uwnNt7pI4psMou
2020-08-16T03:06:24.240904845Z 116 XKHgNLAGhb79KGsaBrQ6cca1v17o06tx8iTfET0oZU64uYYI63hw22GtuENX
2020-08-16T03:06:24.322793454Z 117 theza3Ocfoe0RJFGvDUqctx2F2pHwMuxRTZ3JsYCrp2Gk1ynVkwXWmXbxkqF
2020-08-16T03:06:24.403910482Z 118 AVexf2M5KbxOitr6MqZBkyJbvJydMI72X9fEabIJNkKjD8Ke2p8m9yDEVtf9
2020-08-16T03:06:24.485321641Z 119 MV3KtXlT6q7utIsbFrcwasTXBH7jVWXqVtGB7VL3F4FG5libRdDC1WNvtwbs
2020-08-16T03:06:24.565960908Z 120 jx3cPDjBWly58gFThVkXnWaErrn0TB9r6q0se1t4zfp8CFTOBh2ijmpFrVgB
2020-08-16T03:06:24.647154900Z 121 WBz4EIe8aXXKCq3gB7Hv0T36LAHzGIychK5RTUBXxUHnRQQKpqLAClWMvCTs
2020-08-16T03:06:24.728292408Z 122 cYywT7I7UmH3VYmqVxPdR1Ce6S774W5FME0OEheKTGa8hjEfNoLgDbZNnoUm
2020-08-16T03:06:24.809868814Z 123 vsn0aCXbhYTrMP82f7BjMeOcDzwgnWNrMS9ElrHf5mtkNMS92GJIHf6cbprv
2020-08-16T03:06:24.892085378Z 124 kTUjY7pnRtwTdheM8GOa2d6XajeLAQUn9Rr9sFClse5kXcEv7TNFd8Wy3NCG
2020-08-16T03:06:24.973667366Z 125 EXVDzceDzCHWTa3ioW6XBBgEEjYpmN0nNqFPSanpRFhmbWe9Xv4czOVMWbYo
2020-08-16T03:06:25.054534400Z 126 CW3euUR8xpZmjeSiOiHZjn7sxbOJbL7IfUiULYF4o6HJTys31mQUXXvbOBdO
2020-08-16T03:06:25.135876472Z 127 497RrNRVkCUwzosYMKuIB5QUhuS3oZDPgGx0sXkQzA7JbhiEfP7vPUz0W43K
2020-08-16T03:06:25.217538518Z 128 N4zCa1gPX36VsPyDOmUWFBmzgQSooSTelYveyEBOwAOCP5J5zINHZiLXR6jx
2020-08-16T03:06:25.298805182Z 129 jfLd1PcgWna4OPKqgs9VsuJCjrV9jHiaVMGRwOvcsWe2fgp1k46CduwMACe5
2020-08-16T03:06:25.381014156Z 130 dBbw8f9FRIRWsVSTIralAuLSMlH7MyM0J4fLQQj0GcQRg4MJYfGEZV4Dk2Sl
2020-08-16T03:06:25.462529524Z 131 0KG7DdPXbAa3peZQSLIDll4thWAZMn21R8kcGTgERUkY5xssQm57YmJslJVG
2020-08-16T03:06:25.543431308Z 132 YBKC2qOqm6TZvlmQin9EDu52RsYyJDRa8AAWWkq0aJCSeDrnIwAuqphiyAzl
2020-08-16T03:06:25.624540292Z 133 YcHFTs1MgfP1QcZz3PMRXnks2T6heGb3wPiG1NwfHYKUyFMEIdFQmVbHnPD6
2020-08-16T03:06:25.705262140Z 134 TjDb79wNf11hH22iUfphgyjsiLBapFRf242yj49wA75acTZqPCiTMWpTKuGx
2020-08-16T03:06:25.786418280Z 135 XvWWmSZXoEPkCUTI7DzfP7ULlkbD9CkvtCTovd85syuvv9FvZb10JrxE1PkL
2020-08-16T03:06:25.867605732Z 136 mRRpgaC0IbvYKXBZRwTDacSOhuPNlasDHGOUoKdAH3t8VuBEXFNVw0w3PwvY
2020-08-16T03:06:25.949887038Z 137 AmW63sblXF3B5voGlgrJd9sPyUIrADKlLp6q5Ag3rV46Vbpzkpx3nsAlT4Oa
2020-08-16T03:06:26.031428912Z 138 hO3JVTsuGi4Fbxo0vDXwS5sYtsIGbdDFOc4OhYAX87lixNcaSg3LMwkBZjmU
2020-08-16T03:06:26.112249142Z 139 Gzbdjs9aEdZB55wjO3sYoC4sPuR6JbcfMZ0v5flSOEXHFtEskDqhjCMyq3sn
2020-08-16T03:06:26.193411031Z 140 i6TTEBYtY4vW6gyHBrrJJIyaHqaP9e6QeYz9cMbQXUHoQGgLBISVHVBcF1Qa
2020-08-16T03:06:26.274823806Z 141 TiQff1J8rPp9l3OVIhdToZHWHWfaxVa2oTShb44HYqKwvwWCf4nzuifqudeZ
2020-08-16T03:06:26.356987585Z 142 CDjqRtwocMcPoszkFwbxd3ADVQJDXi3y6OakGjmdkV8i3lWUKTFnRBJWVgfT
2020-08-16T03:06:26.439055763Z 143 0g3kWz94Wh4eXcmPmkvOOxfWAUkhvINFMHiBlknHGYkbJkzqoFm7MMxwSauE
2020-08-16T03:06:26.520253308Z 144 HDqyPWQnSZeEDz5EZfglS8wIaBojmvJ3nKpVzb44EeH7TFvTEDuTMGKPVS4Z
2020-08-16T03:06:26.601935587Z 145 Rlw1jd1hzAfUd2IwQLNZJk2vRdwLHYzlcRPRd8Jj1Pwlg1OePAGPq0g43fRT
2020-08-16T03:06:26.682886702Z 146 HyuvZhce38Nbv5lk4LO8z4JRoub2NHau4mD9tTDlTbgXUYRlTuQ74jHifrUu
2020-08-16T03:06:26.764208078Z 147 s7NoKyP5XVumEDZ2CPGYPP0p6ShXSZh11zUMmNyOrQQzHHaUGwMKbaQl0w53
2020-08-16T03:06:26.845772212Z 148 uTbAV3mOJw1srhUXEhVcRHIV8W8ljxhprG8u5K2F7BzyJ7mDjyVyS2LSpYNH
2020-08-16T03:06:26.927130092Z 149 G8qfoW9bZ5WTzVhWWSMrXe4umIwVSz2jaRWPDkT3tcQGEywSBq9igU9T9ps0
2020-08-16T03:06:27.008959292Z 150 3mNwXLNFF5dXuv54VaeStI3XZd1aEUIyMVf47fhgV8ThJkLfs5ExniZxaf8P
2020-08-16T03:06:27.091206319Z 151 5HFoNN7moJACaLiaHutfbQx8ursiURnTfe2BdOc1c8ycJDqM9tNoJIBQoAEW
2020-08-16T03:06:27.172806945Z 152 tOqFd71uj02tPc4PDUzo5vaL5WZgPbTKOTg8zPzPpYq1RGfBDcmT1EnELf7E
2020-08-16T03:06:27.253761022Z 153 3GtsIh9rNQI61h2XFD09UoyxKD38AwZa92KYOtNGPRbwI8ue0nVR2SSUjzZR
2020-08-16T03:06:27.335288902Z 154 gNfLM2Qm6JZ2Uk9geKhfwvM6S9JLftuc1bIBjamEC6VRREZ9Qhr5erogeyk2
2020-08-16T03:06:27.416144313Z 155 LAcJRkzBotznDOElf4CwIwfb5x9KsdwKGhfCMMX8hNjsp5IMdffQHaWVFXYR
2020-08-16T03:06:27.498192135Z 156 JMMkG4TJnSpmm7RQWJPLAMRbF8FUfzjEiMYYeWq9Rje8AUfFP9qMnCRfpRGh
2020-08-16T03:06:27.580124292Z 157 qxnp1RFEmTXzKOoUp90a76q3pbD6GIW2iyXXNlJzmQa7dUyuaL5zULAWlQky
2020-08-16T03:06:27.661512834Z 158 OZJT3Z7wNQS1kuJLXYgyPNYGvH2bEDBcoQ8h6FbNZoPT71dpcbqKJ9kXfW1K
2020-08-16T03:06:27.742773694Z 159 Rg6AWE81sBYYLsaez2vnAESMkUYFI5UOaZt2LKhrwVL7eyyzKU28u3wh8F4x
2020-08-16T03:06:27.824073500Z 160 lFfZNYBel9pm8TF3slbZhSFz0r3QfRpLHb9if1ch5quHDMHDvQS1Hw1RuKXU
2020-08-16T03:06:27.905376646Z 161 nCZihgzVRHhne96ZpWkK4QHB0Tl2haZO0bZYBKmRmkCfM2m4QOWLrBbTUZPt
2020-08-16T03:06:27.986157609Z 162 EOZ4UpwoJ7QhVX4GEo7HWUbshfnjmsw1J9oE3NmBlOqSh6CS68oMuQueTNA4
2020-08-16T03:06:28.067336861Z 163 orU1vycHbeL3APCypmk9Ybii7nIlonV0UB3J8VtY0rbcSUwEzHDCxpFyx12e
2020-08-16T03:06:28.148717080Z 164 yMCkUFCDmhTn7kxjyKYdvrnkRKA758Ub3N48EkiljTaHOAewEmsdQE2gdCp5
2020-08-16T03:06:28.229336273Z 165 JfvuBwrqYd7Sizp1w7SCh1miP3ecOqaXUSedulBjTWNPGLsSE5zf4SdgwItv
2020-08-16T03:06:28.310227988Z 166 qWSIWps98q626Ls5QweYffi3mDy3D07pfBWzuBXSpylVAKJwnq9dwSSF4p0W
2020-08-16T03:06:28.391261973Z 167 Io3hywVZyyZMTrxJt7us0iN0SE4H8ZxcJX5GWgxsf3ZQRqDRbcqHjBGxCz2B
2020-08-16T03:06:28.472677134Z 168 3JMZhAqYAlWsoCA5tfc9clRlYvgRGbBMU5YXaJD2wMVXu1LoqahpmCGWg2cY
2020-08-16T03:06:28.554987418Z 169 qEe9IpVNgzD1aTK5aiSGRvsHoaQVzuXE80dgqavqVnnJmnB7d8PHxOK4DHMb
2020-08-16T03:06:28.636505438Z 170 alPGpgEKheo6sulol5QcAtsfjUed22eNJv5cQxy7c45YDOIjO8Pt0IzuR2km
2020-08-16T03:06:28.717962507Z 171 MIVgRZPbj1f0ACyw40Xkwe5QwDXjTHwIcwPC5jJhy0KYrqeWl3xM4sH27Yx8
2020-08-16T03:06:28.799978581Z 172 Zk4w4Ijs2oF9pr7Id3bdTkvkxoZULeZ6q1ShfrZ3e8sEUTY2ot69a7QSmyWm
2020-08-16T03:06:28.881367954Z 173 VflYtDAbcvKUYoTLWhxOqxh1NmqALNROk6DUgm3qPAutmPwjrbJf8epMSMWh
2020-08-16T03:06:28.962496226Z 174 K3HuYdZdSbiflWCadr6zRqHfD1WMravFqhEjIodD0o5ROjRHQ7uYnbhi17V6
2020-08-16T03:06:29.043586495Z 175 UAAx91VfqJ2J5aHj2AiXdYkMUKWyFkPZ1uBo00BwzGyc4ARd1iF2nZWjLTve
2020-08-16T03:06:29.124697468Z 176 zHAEcMI5WfhNO1Q96r5thYRqDiVc7NGpV14wpZFAzvFYgqIYIpvhyIeyB7SV
2020-08-16T03:06:29.205637008Z 177 DTF9vnrRSvyb8kdtHK42HE5W9xbcD34YR6KFN2VeJbGq6rp8k1OGVVzNfISi
2020-08-16T03:06:29.286962579Z 178 qI2XhDNdnGSxVAQs9jJJQ94QJlGQUXc2QpecNwReyUxyyloAiD9uPwIkz4bY
2020-08-16T03:06:29.368997096Z 179 gSYZ8yITajZQtTFoeQAoewwk5ixW16h7WgKubM3lmsHX96TIyDJvwZ0OMY1I
2020-08-16T03:06:29.450201009Z 180 22kHRWSgkZThXXJbRXXbxMfT51hQIcGRg8i8FJfoda3GRl0KC6K7Zre0mZ2S
2020-08-16T03:06:29.531386177Z 181 snEZoracgITpNmbEnxLFKebcOtGK0GVATQzCy0z4SVSo2Ud9QKBKjFWy7iQf
2020-08-16T03:06:29.612527855Z 182 sEh49vUu3vuqxZFNDGHW5VHOTDDLlabv8GfB1s0LmCP199hZKdmsYYgTv55h
2020-08-16T03:06:29.693318386Z 183 n3saeM6TqJKPoTnj0VPE2ty8VSz5vzKiDYL3SXEvTA5kfKr9ENFk5OCgGfzd
2020-08-16T03:06:29.774210091Z 184 yyspJ8IDuaXMtXYSpFbh85uYmXtDcOzGDXO3HpL5hk2rZ3ug9iXMMcXplfgi
2020-08-16T03:06:29.856079523Z 185 aeHvC9AVjebAIanaVVdna2sIZ254N4G9YkU0eGklaMG6fhKjk68meeFFDWbG
2020-08-16T03:06:29.938000157Z 186 nsSzxIujNsK0IDeXIoqjL8RB0fRwI9hOPCGZaPyP79a5LPvDNbj6hGvZ81zh
2020-08-16T03:06:30.019832765Z 187 rZYVuZayWNAK8qQJSC3owwxn2yF9u1WUklFEMDVV3aTMjXRkETMAVJNmgZbN
2020-08-16T03:06:30.101105543Z 188 Yz9dJ4786O4oExCMqkublepUgHjcQcsO4QBdxKfDfrdnRtY8dnEXGajFf164
2020-08-16T03:06:30.182769252Z 189 M1G1gmeuM4eg9XA9V6iTd6GjFJ5NQSw1dVWd5Y9nbiWGUIRPHDMc1a58gVSw
2020-08-16T03:06:30.264398884Z 190 EHCDdJcxTqgC2ZRCI7PrfLwFgbE5Fdm0DDUtvow2pDoz7YJsqKThQuHo3N9c
2020-08-16T03:06:30.345797851Z 191 93lfXhTH2CWb57UbcOvfZcD5DXk18FDveyEvyOpsJb9WBDcHYCg01Cqba2XF
2020-08-16T03:06:30.427807676Z 192 mR63XA96ZYIRlkOgORTOxbOdkyAScW8SpgldDNCUQLBZrcBRXpSuoEZDXKJN
2020-08-16T03:06:30.509514913Z 193 WW0MrCUrhl4num6C359B1vfNQ7c4DYrtQztA4Mgt0ffuCpXktAgGCOjqGtmH
2020-08-16T03:06:30.590292960Z 194 gut1uXq88GUCIJWCiuYJxHzTE8llNGxBuyowDPzJzi7YHeJPqmpqHsiZavZU
2020-08-16T03:06:30.671228528Z 195 5m1NmNFkfg3QqSiKJ4MZ7Sr7rxFOy5DNm8bu9IRbd7vzQHGCSuYc2gN0mrng
2020-08-16T03:06:30.752775852Z 196 YQbJKNDQeDVNvDbbwygxrJbj1ao4e15DRApbyEBJNVJqrSeeJvhsXT0jd3IF
2020-08-16T03:06:30.834051785Z 197 F469Z5hiKZ0eINkfCEybnvRdvsqQRyXG3MbaBTppwQy6eyDseQUhgTm53dxs
2020-08-16T03:06:30.914069099Z 198 IMukxRskhxckxuBx7w9MpTGEaggdlElDar9iVGY9GtfstlXIU54MLL8hl8do
2020-08-16T03:06:30.995189871Z 199 KczuNXkLh9IJlmZ87S2u4lmFSCRBYFDxiHMHemUWaQhV0qojGnU99QZaE2Tc
2020-08-16T03:06:31.076623499Z 200 b8DfMsuu8cqx70aKKVasmtyHaN5MIBQkQimDnsbFHaOJv5pJlzhhGr8zoAnU
2020-08-16T03:06:31.157455112Z 201 3KjI9YXuoh5fCtCPVrMvKVEgvsI6nasi70LAn76uoMQGv7hWKqFUkSdAO5b6
2020-08-16T03:06:31.238792771Z 202 OUxxa7yiCea74Ris5tRdWsMx7vbqDA1eEk62ARv79h7TseEnYO5jR3dFCFI3
2020-08-16T03:06:31.320245775Z 203 F2y8fprx0t87gF01HgSmoXwIWwVIGZ4hs90XXVDeD4yyefqsJ2gh2eI4jrOm
2020-08-16T03:06:31.401950231Z 204 tdbykiLGU5mqEsiOh8AAhGKWUoftP9kefZT3uL8zzjjNJaHKXy4h4AfTs8A5
2020-08-16T03:06:31.484015367Z 205 MSli4fmjiS7axOleGJRJXKHRtqbAYg9OI0A4DlaRPGuo5N8GTkSC51vKcjPP
2020-08-16T03:06:31.565955579Z 206 RjZ1e7Zq5ijoKmDSzxrS7UhQxxNYBEexV3H6dwCNM9tYjUMo7awylT59z8b3
2020-08-16T03:06:31.647361102Z 207 a0SC7ZmkONKxDINslrCha2N4EyOv5GGdhBMRvI6UiLatIivBvD1SOia2wdDb
2020-08-16T03:06:31.728298989Z 208 4mBUVBFrKGv4IL98hnt3PBNHbyhYvvZzf5S0igZsObuuQQYpRwRkjTYEaSbG
2020-08-16T03:06:31.808956883Z 209 XhTMzibJfIAV9nuS2fwm7WZJMJcB0TLYpgBF59SCWBtS7P9bGY2eQQgtJLVO
2020-08-16T03:06:31.890358742Z 210 44Pc5kuzBYAJCqZpWGf91ul2K2Nk0Jhr6bf7sNzBWUU5UQ97XHH4Iqo63YWV
2020-08-16T03:06:31.971199830Z 211 AnEXF6n3u3XZOX5NBvKSv4FHg2TBRqn1wy9k5ne8vI6cb5bxWHNJA3ThCnPV
2020-08-16T03:06:32.052675209Z 212 hRWBWvq7MbeTsIjomwAPtEBF038AqSvjvGnzfmintgU0JUgrdORvt7ICEqfS
2020-08-16T03:06:32.133700855Z 213 YTIFH77lpsR5jz0ABInoX8FLFGS8elmknv40UIa4x1AZFXVNjV4PYS0dK3HP
2020-08-16T03:06:32.215316389Z 214 kMfEDNBVfOv6Nf5imPnaczqIFQEY5j9BEO912LB3llxNfBoA6IbxcIDEHnDI
2020-08-16T03:06:32.297029365Z 215 c9oJ8S0RTLll5qKpeNnzZB4C82Fd4AyDOfCJTHH1N0rGFdrVRemajghBrxCx
2020-08-16T03:06:32.378072857Z 216 NLtz2guiiO0v4ULEt8DkkApZrqBpRLnelwUDy2A1tMVRrcjdefg6if4Z6aIi
2020-08-16T03:06:32.459334490Z 217 PU10ykWPKTEAfVgUzJgwxXFR7wbmDtMGj8PzxcRmj6pgjtCdIzLgR0G8JdpN
2020-08-16T03:06:32.540620646Z 218 kR9dgwNOeaIkvhZHu4JiEhzPdri5g4WXYTcDelTmj6lVPQmp7FyrRvxsJlVo
2020-08-16T03:06:32.621513431Z 219 NEBnfyT1WjzB7WhHddOLZfgddirrvtsKWj9xC7DZGTMkpI9tCSZDZNgbHCtN
2020-08-16T03:06:32.702510816Z 220 CxJmuEe2TFerMmKEZZ7KNSYb0NhQZ9uSykij6l4HzyOZbgsAr1de0l4n0rG2
2020-08-16T03:06:32.784232653Z 221 pJwVFRxEHV7l94v18l9kVncilhzMSdkdkvdtsOXoOKYh5XlXZO8iDe3FvxgI
2020-08-16T03:06:32.866150391Z 222 x8HnQgRlQ8lMcyZneln7cVAfhyv8O8jGm6BTTFAqGzmSRZWjjgNZN1T2BUwn
2020-08-16T03:06:32.947386425Z 223 sHaQ5hUWGxfwOkqCSJVFg4FqHQgN4ghLtA8fRDXLnjMErUE3eWXOwsUtzfSv
2020-08-16T03:06:33.028205214Z 224 MUFlSdsXaCPBiIib8uVp6pQC7Uxk6ZcqdTetuPGALcuDHVsFxCqoeTBkGJpH
2020-08-16T03:06:33.110086768Z 225 E7wD8qaz5JKdIG5m6doppk7kvJ8GgkxHLVkI3GbOTvMqaSndMq3dyOD4h9bv
2020-08-16T03:06:33.192461418Z 226 cu7zj3t2xkmsSROAZoib1J3Q6gutsKaTNFX7jY2clFrZqZ9UbNECyVxK81Pj
2020-08-16T03:06:33.273410129Z 227 ElRDwzu6RyJTkYauto3VwthGeTOMAKNXCCzPTDVm4fc7fp39D9Z1Tc6AQfZA
2020-08-16T03:06:33.354302234Z 228 SR7g8OEoF7hAmK70EnD5CLF2La8R5zZEBkglawrLEZCH67CRgp7Dtp0vPHmq
2020-08-16T03:06:33.435169198Z 229 wq7uIFDlKVhVMOe2V3dutNDKpEMdEvIwFOvigMtnkVFgT3f23YzrvGnnY2fk
2020-08-16T03:06:33.516046752Z 230 wbYM8DXdUtXGNQjZfqbRfrZAKHxyq2kZ1Jbw6rFvktkLQv4eU55h5jGujU25
2020-08-16T03:06:33.597651195Z 231 OLH2uSkbpc8cG8P47Nz2aeOaO3gGMIfjNh3npdeMYo49nAOk3hBUkzbl8auU
2020-08-16T03:06:33.678666652Z 232 H1Q5aO0GSd38pG4lQnkqktaPL5UUkA0RGGcE8qWWvJshj64KylazBQirFnP6
2020-08-16T03:06:33.760575675Z 233 GWlJrMoyaUdHyVrm5Y6SUdoQXcPDGAwN1kKLklS8Cu0RVXU1QufXYl2FWJth
2020-08-16T03:06:33.841903557Z 234 XSRw3oSPdSiqR5nZqHKamGHkSKqmukkOUnHbw8oXXxGSKygY51htgWqmkoPd
2020-08-16T03:06:33.923343142Z 235 mbAVWuCc3AQJL2xLyiPWsAarOQubRga1tqQr7uvOxeHO3KyYibTfC1Qulrb4
2020-08-16T03:06:34.004425121Z 236 GFshhkQ2qec1nqbepDgnrCc0G4B4ALORQlyMQHhTWcINxcweBV8kjPiZXOmp
2020-08-16T03:06:34.085670878Z 237 5Uh1DasA1L9L8hKIvEuLkKmLzQ7JJxUmgj1G0FcWEr4bRWDDLDCtjptD4NA1
2020-08-16T03:06:34.167538662Z 238 MSYEw2jmWnndcwxz6kBzBzYSQPIzBtz3eSiSf2WXrsEiHKRZdhILWmjNGNav
2020-08-16T03:06:34.249056719Z 239 Byz3KYnHpILRv2VQjheKGmj5VRRWRoGwaiKfh9LftIUfLYnhtNIUh75eL1Rh
2020-08-16T03:06:34.330295601Z 240 yj0ogZepfBm7Rq92KrTd9YZ07CY0l7gdsWyBjs1BgRgVFxNEar0yWUWueTlk
2020-08-16T03:06:34.412144243Z 241 tWj28rSkDoVrrY9mFxk6PjGbn4ce1Oqa24ry4tjnu48cvkF7ziYHlXTC2cGZ
2020-08-16T03:06:34.494024427Z 242 bj5Gv7UiTBUrweGVOpWJclgzSnxoH3CM5o8tAFIDYwEQvXBZs3K1EStkAo6G
2020-08-16T03:06:34.576284067Z 243 glFGvHtXj8f7eNmMPA012coP7ROpWbecS1E9M1ZBwnPuqQUFZbroNj1kDaH2
2020-08-16T03:06:34.657651320Z 244 blfCe8x3FeIS9BMXp7CQPZOxHipR83uMno6OsMcEAaXfHU9915ut8Qp2F4Hj
2020-08-16T03:06:34.739613163Z 245 MbbHN8aMFzQP4KvxwPscdfIYGu3pVlGfXh1Frp7J1dXkQYWN0385Mi4mFlk1
2020-08-16T03:06:34.821599750Z 246 eXP07rbIb4aYhPji28C1QZgROTxOMyTAdwb0Av29U968xIKQ7W9RL5NLeq3w
2020-08-16T03:06:34.902601201Z 247 DEW6GPSlNFI6ZkSgkdK7Au5kpZWHZbinQXGQZsNhuu8WRd42zmiTm7cC0hmt
2020-08-16T03:06:34.983812592Z 248 KKdagjGDadWEgDzsHzRxXXoEqd4qS0iWnBuor4kpCHmenvXF1iVGOA0w4PJW
2020-08-16T03:06:35.064326431Z 249 3yg1t9GIRmZN0qjqvMhyPPm8JlkMIulU7aabXkPvWCpwOmbb2T6oFytRFnHx
2020-08-16T03:06:35.145871256Z 250 cPVpnrlApDD3PQY5Ufq6e1FoOBjSw6MiCSTe7w52cluvl52uVsFaxKlbBweC
2020-08-16T03:06:35.227627971Z 251 wthMm1URFjEJW5suE4bgaIYApE0ytEnRvtssqAw8OqHS0SqAE6FXUShBWxjZ
2020-08-16T03:06:35.309306581Z 252 NmPcibv0GfbILDkVg0AzQ9TL0G3EfHKicRLJadKsPzA7TW0CyX1BuOUCX0JR
2020-08-16T03:06:35.390658292Z 253 G6l3nlyiwFLHjKMJTZSlw8whS0IfzbfUnzPvcysMUBIVqbhxs5BCjy1qFwyI
2020-08-16T03:06:35.471089750Z 254 n8UZfLgqARavIUeirWn3HJjB2xgNQDIW8KTE3ocDKEHHUhTzRc9ROENS79DV
2020-08-16T03:06:35.552962466Z 255 dspjxop6poo5xhAIYVk0r6MggajqnceAdLdUXRq7ZtEiAIsyaFts7DFqVAqI
2020-08-16T03:06:35.634188988Z 256 5QoTUmc6fBkef5JFu6XuNgOVi1nT5ruHpv7vGJ8d4cTiYa8CnWOhbLhaWR0H
2020-08-16T03:06:35.716189862Z 257 mH2t8DpGLEwByu8RPLarBj2XIPf4uGZzDHRSwYgTL7osz4VC5SirABRkhLWF
2020-08-16T03:06:35.797762624Z 258 we9pSHIzshYzVgsQd3lNrxdOipBVkUE7klfWVF1qvvSLZdaZC6Oqi6Sns7OS
2020-08-16T03:06:35.879661534Z 259 Ebpidzbzl9CxKTR9ydE9gFuMHdVDuAyGMKNzC5kWlCeoirKHbXWk2dkWK6TG
2020-08-16T03:06:35.960770279Z 260 jJ5IPFttYzRoXf27AURcCmGoZyGt36yZbX4fYQ62AO0MWJ0UiPfdbqXhndQx
2020-08-16T03:06:36.042033055Z 261 MxOOccDznXiCQo7po20WBVHKhsAffjdCMe3tzDI014883vD2mmM9IvkMeZsN
2020-08-16T03:06:36.123610965Z 262 tASTWYxFlBFNUsuFC0nDwLQiCDe20kZ7UDI1u6CjTWUD09EgCeu1pT1oReNp
2020-08-16T03:06:36.204344482Z 263 HjekGLqqIMSQshsN1O81GkDtGsIDxRLPtxhtXp1hlKTui9o6RAERHxlKsvqh
2020-08-16T03:06:36.285392909Z 264 c8FB9H0Ov8ePw0ApYvHIeI4sUt9L8Aesnw8jdhoccqNp66IrMxi8c6rxwj08
2020-08-16T03:06:36.366019313Z 265 le1zax9BFpTMeIRpvSKeTyjG6gu6cqnbGNtzzD2RvkItJeUwn1DrUd3GDMyK
2020-08-16T03:06:36.447865152Z 266 3xgQyXPNh6nmW05ZkQ01kSyQsg1sXH9dtAoAgoO67IjbDayvi2FsIWH4KbDT
2020-08-16T03:06:36.529752638Z 267 MElXIeVhRVf2rz3h6jjoTdRLDcXaAC89ip4louJGE2ZWnFdtkhuRWG3eheNr
2020-08-16T03:06:36.612332875Z 268 2eJmgBPRKgT0fHrFCJLEleYLbbbl2GtiE2T2rv2dDGQ2QX7MQG5JY2nCxrex
2020-08-16T03:06:36.693681672Z 269 Ho1qrlPRykPm0HptGCMYa9xqysCzYs5ftrHESlwfMIyfPu58gEjA0Ac5tY2R
2020-08-16T03:06:36.775101310Z 270 bKUYelb7hbULvtb4l1eU3kqXVc0kOTFbJSfuEKnoPEpeGdvS1VLzDT5E7znF
2020-08-16T03:06:36.857003685Z 271 bWoWIBK4ThKBJlkMkbs9l7ZzKnT5kFA30u34pgbIg6A27xb9qdaEKMQtuVpC
2020-08-16T03:06:36.938316828Z 272 hwr3ZNX0vtV88qWvKNneO9BeuRpWFFqnDhNojs9MyucuFst5bFg4FM2nomDS
2020-08-16T03:06:37.020024364Z 273 OuoSY3svwbJmA4yfkrvXiduByOzVEW8yFUnJU5PrbJCXXB8mbhIqji5qMKYV
2020-08-16T03:06:37.101149848Z 274 WMJKcQloSdplGak88L7uBJrWhHLJ3MTS9sPe7SzAf4CeyrARKld9sO8583X9
2020-08-16T03:06:37.182690990Z 275 2Tv3wlwzbAEd8jh6aURye40IrpPkIrROKou6pztJxcOwPklFommiON7yzmTU
2020-08-16T03:06:37.264019154Z 276 MoGaqNaPO23f35TI96VsZOaMyuYpcTylPe8ClYAlTvN5Fc0KwLvzADMzh63O
2020-08-16T03:06:37.345801302Z 277 YrO5nJCopR5p1DRbfU14WYUzHaSauYS7H9V7LxhsZLmRPp94sRzMHzIuGID8
2020-08-16T03:06:37.427373078Z 278 SGfdp6tfA6h6avPgdFS4nlZ0MDYAalnmXnUCIoLYddM9W3oiyMebFWdsKiP7
2020-08-16T03:06:37.508316204Z 279 lGwPenQ9v1iB01hUIU9xSgJFeObpFV2zbaYVCdwnz9pV7bj7o034YlWxt84Q
2020-08-16T03:06:37.589476636Z 280 agaRoIeVFsAuPSw9yw6aVSCi2yOCTxsfS4TypN4R7nA0VnPhLJrjD4Ic6ixy
2020-08-16T03:06:37.671079509Z 281 dTYbuj8A74xHI7KY0j2ERS6kZxtDjT3d7qt7kiXzC4GTmzzhqCMz8gw5SrvZ
2020-08-16T03:06:37.752900668Z 282 MXbjTyNXEgrcywREYpDQ3KQkUnUMz5pAcvNcZm8TBgefqhceVv9EbmXJ36ZF
2020-08-16T03:06:37.834217683Z 283 n2DiYnI60jsnFabYCIYNNG380sgPifY1ABvvqkKR1YamV2WJgbBHzQ5H0O0W
2020-08-16T03:06:37.914861265Z 284 AfFHefAv4emcWE0CNARaFG6G8QLnU2rGtMKOuzp8LxQbIKVlTlGViujVJFjt
2020-08-16T03:06:37.996605171Z 285 nBJfaMzzVYre9HR6Tj5AScfB6fBdDEX2VgaKT4TyOPVyKsQnqytND8X8AqqM
2020-08-16T03:06:38.077927972Z 286 IJxkvh0h14jLbsEtH5bp1R1sIF5UsA6hTxnQYrPqhs7920PtNWYUtF61r2vr
2020-08-16T03:06:38.159353408Z 287 4zPG7XVbcn59a98HChDZMARxYgf5LkK8xBUJUrtOEVh07QO1jkOmNJ4zvRxK
2020-08-16T03:06:38.240935798Z 288 xxf41qttOoHOgnlXzenfUY7o7DhXvGquIA06ChJ9FSqMTlvUzcqUiVeaxhQE
2020-08-16T03:06:38.322349308Z 289 vjnAWndZ6gnYKdRcmQUMd6eJlc5OwaxIk9zHGUofMgdrrNotEIomIeelXPoX
2020-08-16T03:06:38.403722988Z 290 30FB72z3o7TzFk6UlnQ27KRSUHLcflVlTTAJYCi4yva2w8fsKd94LwfNEpR0
2020-08-16T03:06:38.484238127Z 291 mZ4IJme0ll8BhkxKMqzfjegSNdw1hctC0egFPbqdrq25jFYsr2Fn73RZ4oM9
2020-08-16T03:06:38.565428204Z 292 33RFyLkXjLrjiu9VruoWmqKXNOmvlR9etGc1PiHsvko6K3rspSUo1BnweijF
2020-08-16T03:06:38.647099190Z 293 PFfKlczRkok7PzAALATTsXqphxFgZ1cLIe5nY2hd5lzXM1KiiVdgitJXzsnB
2020-08-16T03:06:38.728496481Z 294 LljMep01cvgrXT06u0IkmrDFxA8MF5x2tn9KqkdhcbaNjugcLw0VHNxx53ST
2020-08-16T03:06:38.809001967Z 295 Fpt5OZX3J9fITJLHg7yHyZgAOAyyZlHc0Gyi24i5edOAxeN0kWrF1l5Jn7Ey
2020-08-16T03:06:38.890462301Z 296 bjp3bw5H3hA4FuEhIaYcGTL2amtWEJRycH72kDVTUyK5gvXvJkYqxz4glnMo
2020-08-16T03:06:38.971913227Z 297 bpwCjvRumHDPGzNNJsXBeGmLNsSakGo007sP8Y95zXvwo5Zte3ek3uo9mnM2
2020-08-16T03:06:39.054074729Z 298 9TeVVXFZ3Az0mdXCOmZpJ3PUBoz9ERwit5UmkQVLXnBsZfgovOg6TyHaTdif
2020-08-16T03:06:39.135843804Z 299 IjYo5fMG91QDsQv1bjsaCD6R24QBxVRqyAG6ICDpKw5lfBanGazMcGigDraU
2020-08-16T03:06:39.216752757Z 300 p9c8qXDAyZEmTF8MbHfOhf1mn1y7mUqrSRpPSz6JvXiQR1ozilfb8DUesdkX
2020-08-16T03:06:39.297429544Z 301 k7Bi9miOoRIY1d8eZ8AynZLBMlK3BSbMthoRH39SJh4Z1OglQw1bjvWZNw8c
2020-08-16T03:06:39.378104519Z 302 UXW8krYptnhmRddJvIBeGXAu12KzsB4Ih0j8lAqt4OstvZJVrC1YmqOM2ViR
2020-08-16T03:06:39.459541256Z 303 zOXzPbpdSI6htOcsBO6dpRh7yrBhDIH6wvsIu7eAC98sqG4On0MvdBvtJHBW
2020-08-16T03:06:39.540740667Z 304 GiOFLia78zwfYywTUubOuYcOhc15mPWsTevyUNGwnE0SXHANLEYjMkFFGzMf
2020-08-16T03:06:39.621234624Z 305 JSouCCPdo58yBqJFDPmgJhqqQ8nCTy02Ncar3Jnt8PUPKsKx7Akl4BhcWuNQ
2020-08-16T03:06:39.702742133Z 306 g29UjQAVwumxygvDfAl7eBPN6ELFJWvZwgybEtv0TMST2gBh2tLqns5EeEUn
2020-08-16T03:06:39.783979025Z 307 9XMB51OsoFv6uL31bAzuarksZUxUZyCYeeofOVtGJg5sg4WcVQDm7Yxd5NYg
2020-08-16T03:06:39.865425930Z 308 XiNZnILrUZ0PWZjluufTruCmx2z38qN9Ah9pwcZK7deCKuVFl0hOVdg1ogJI
2020-08-16T03:06:39.947134620Z 309 vlDgD0w1UDizhER2cuCqoo4oFQlmkT8l0LLb5p4KXRlAt6OrIUgf7OJcpL5t
2020-08-16T03:06:40.028509371Z 310 zFKTGywEsUmaJyRxgbpnY4y3xaaqaAE6kiCAEQWG9gDXQfxrr6uGAjj7kr38
2020-08-16T03:06:40.109458083Z 311 hj4PlaQ3IC3eMDG8iS3xg3GO54zx0ElhA6uyjUGSdstOWbMbUkBjyQFFWZK2
2020-08-16T03:06:40.190970682Z 312 if2F8chrZiKyO9nH9SPmy698oBqpDsCZsxK0so6obotkUlRxpJY2klG6WNUA
2020-08-16T03:06:40.272793788Z 313 jhs6WatU8GMisGPtdoAuWsVa07KQ5sauz5SigxDDwWyjnzZ77DIyEERkQAGd
2020-08-16T03:06:40.353932295Z 314 0UDXn0mcPYtRV4nUcbTNS9wbTIPlbzgf9WR3KaoFtdZuTchthb4x5iRATbg9
2020-08-16T03:06:40.435879180Z 315 LqlIz6K9EZ51SCQt9dstTLJiTqzfgdWGqHLCFV4sBeYP5fEJJtSrUpYq4W4L
2020-08-16T03:06:40.517321253Z 316 ltkWI8BEJ273AQTOhDiqBR6S94lVJHatPfpARd46iHHINsLkyHfu3YyS3TXJ
2020-08-16T03:06:40.597927413Z 317 7lPzBvJyKlADJD6u0n5fAQ0P0P2peVilFbTraRIw6SwRMtiiYw54TF7aTVYJ
2020-08-16T03:06:40.679729222Z 318 0ZHTnStQ16cPyNiIARFzx8pL2ejy5eTCQrAzYHJrerUD7UDZONrKvYGuQMW3
2020-08-16T03:06:40.761034484Z 319 OL9MccJuaju3kfU8rgqlfT0hj2UgDtvbrnv5vvdlps1C6yJRnGNSAyRye5pS
2020-08-16T03:06:40.842937091Z 320 njf5BtOPhnRgMRAqJ2xKcr5US1yndtkETIQEkIuvHr6aC8wKqcSVVzkVr4hx
2020-08-16T03:06:40.924823283Z 321 RMbRORw7ZS7OsCfcn6kdfVbY2EUQel8CJs1v6RdNAJAZnxhuZ5YydxxPgER7
2020-08-16T03:06:41.006087718Z 322 ZtiaIgFDTpdvAThCalRldgIg8jzJvajGOjk3A3uSKWAoA0krgw7IxcucEzIp
2020-08-16T03:06:41.087149452Z 323 Vo58G32n6yIaJQtLpkl2f23qfaQCbKBbBheEXnc5lGqMyN3XoCvfw5PlMpqh
2020-08-16T03:06:41.168818223Z 324 PBVq56Y34zs353iPduPBOO0GMOevtzc4YApEVn94N5AZjAQEAopL3piHyDPz
2020-08-16T03:06:41.250211685Z 325 SpDzcLkbBiRHUp80iSYmvJHFGLjyYXQh02GFLnO89jBmwaCxinDbYYKFZg46
2020-08-16T03:06:41.332058097Z 326 fHDxnZp46dr2dQbfsPwbxoA21u30A3fCWMG8YRSt4wHFqTbYTbl6ii2A8DRf
2020-08-16T03:06:41.413485855Z 327 MHNeIojud554ea5MPbhvkmmoV1CagzW2ySMTR7vesflcls0AWJ3UtIMv9RgZ
2020-08-16T03:06:41.495211686Z 328 ZPWhACIIYg4Nx49N8Q545S7bygIlaroC9i9btcDwfPxqTjKUxK6xPlbUyl8O
2020-08-16T03:06:41.575784986Z 329 8gPOzn4A2jaBtXFbDLR9CI3JMuByk5j9mWoGyqAXkhG2Pg67LNa4Lx7rbD68
2020-08-16T03:06:41.657559873Z 330 o3i8EKFFh5g7fkj53U1yZSYr5a4MRXQK9XddUabhgvESz77NZkGW386DOKvL
2020-08-16T03:06:41.738901903Z 331 NBnu09J1khDk1HY7XUaZengj0wVrO7tbVNAEG4GQMigei4bnWbakkjoElTnl
2020-08-16T03:06:41.820715283Z 332 LssWb8Ge4P2KuuUKQZLvOcheLrvMvKgSSVrQBdb7TQJRz5xPr8WgHOqSNQao
2020-08-16T03:06:41.901528285Z 333 cWywBl1EMaE7MX7E4qQ1eLal2LERgijKSPBKMpNcEt2GrHd7xKN4IAetdvmM
2020-08-16T03:06:41.982173173Z 334 Z2pUTSv7A2HwNF1LxxDLmqX6ZBDM9oWFQ15fl9faYP5GWUKhg1FRN7shh06a
2020-08-16T03:06:42.063883526Z 335 w4A2Q5mcNJqNtAy3zbjlUBgIRGaeLtVn2YU7VEIH6tsqwOy0ERynPwIp78wH
2020-08-16T03:06:42.144525784Z 336 KrZBkGM7EM6gh5qUqUMfXpnn7JrmgznHqs9qGguyALttCoZVSHvOzNgeQdQf
2020-08-16T03:06:42.225993390Z 337 T6tcLdm50J4ArfINB33gjUjkMnMSM5APRRUsl90a9ytyfJjta81uhhojfEoz
2020-08-16T03:06:42.307419189Z 338 T3hIAWxVhWdQupEysetb2PkBuXwHswPm3CSZ9As2JrV9ouZk9EUZG20hNW2G
2020-08-16T03:06:42.388629868Z 339 8N7U6JddfMpa1UPrm9vRNspO5VOgKila234Ok9YBOoKY3gz3ZL1XkaTnPqZK
2020-08-16T03:06:42.469800226Z 340 rgIkfBl9lKl0tRFQ259iZDti1Rn0TDwXGjWhzk8QSQkYHdowbkGirgFXSsTo
2020-08-16T03:06:42.551683604Z 341 TREXXGLEmLe8igdMyqjzQyH9Y1wBAUt1c9lv0Vpeb3X3JmUn1bE5ycIEA7Qd
2020-08-16T03:06:42.632781894Z 342 ifZ8bzotfImlBR5KLGBWnVNf8bnGdVAXFn7JcvwKBu4rsN5d7wmNjVnoiyja
2020-08-16T03:06:42.713490571Z 343 kDpTsnESmmTtrj46tsOF46OaLtEO3lioL94T9bm3C6NMCuWNzeFywDMLclqM
2020-08-16T03:06:42.794416354Z 344 IAp0KjGLq3YkwNakF2tQp7HkSfAcSgeB8rCNhSPTs2BcTKCeVJl0g76CYsPu
2020-08-16T03:06:42.875359108Z 345 QA9THllHbpdVj70vor5lh7YQLzlRfFz5zGfGNkRhiNunmRzbDGfJrrJNNt7D
2020-08-16T03:06:42.956863686Z 346 G1BcL0kl76UI84w2VL5xwg6e2EnLC6mCFJ52rNCwVhrMptVdayLCfMt9t2kF
2020-08-16T03:06:43.038986360Z 347 6ncuseanwdZflaGUA6JkMeMLeCznCKLeYs39junG276wTkDOoBuBT9SHy33o
2020-08-16T03:06:43.120392372Z 348 LDxpABObgq9V6RVnQrFTu6MIcgXtAzyjVPkmLdxiJXCdHdrScl0R0IY07nDy
2020-08-16T03:06:43.201856449Z 349 E8yE9iB0PAo3ozJCQJgqd3xy8D2dUtxaYaypOxPeuTNz04BLPNThCbdtsDMc
2020-08-16T03:06:43.282841284Z 350 frwVklacURHSIrehs9hxiUcZRBah3rTwOA5eqygZImg34VkkTBf7vmU36ZUo
2020-08-16T03:06:43.364872950Z 351 qTsgtepyqlhiSKstzZSheTMGYkhBr3QAPjbEXwg7M9QkoPwfFY5RkJOfhU3f
2020-08-16T03:06:43.446482760Z 352 AmkD13ML3AIO4b2O7icy7bBnDV1YXdjjKMgHZ93fQI2T7SzYgawC1CiRfY0d
2020-08-16T03:06:43.527578806Z 353 a6Ie4mOT23nhue41jBmcmZbtZo8FBCbGL9F1hxC1AspjbtR0ie0xbfkeyT87
2020-08-16T03:06:43.608287104Z 354 kjo4gphbfoB9Y7n9nY2rwJieDiB4Cth13NN2XaRZ6FztK2tqOlyTrD5aE4fZ
2020-08-16T03:06:43.690215119Z 355 LSUNZI2Ywyb3LdjvqswIiQORcNs1die42WF8mgXX1yIkFnjWte5xW8CqDDeU
2020-08-16T03:06:43.772081344Z 356 z1FHLXLBIzSj7ANUqMIohX2DQMSzM8cko9kWJlIVPiYTEMWYU3ZinNyWT4P2
2020-08-16T03:06:43.854098989Z 357 B7spAVijkHSuoJqR0JiE7awFeZJR12sqAadZC6yznZ8JUzQJdZyp8WIEnQDP
2020-08-16T03:06:43.936111567Z 358 bTTRbPfqoyxg1KVszkYdUixfzImASeRGcMsQwZ3JsgK9pAXhkCzovdBs1m05
2020-08-16T03:06:44.017521335Z 359 R3fUyuFjBvrKbKX3gSi2SYhfWhYODrgWz1kvBR5P7r8nFhqqUSeajFUNc299
2020-08-16T03:06:44.098271799Z 360 QmOF06208b4ji9pyFRP5DxvKBopvHcVGA5sIi1cA76v89mRV5dIOjxT7nRQt
2020-08-16T03:06:44.179041963Z 361 WUWAGiMLBAXeeyRbIhir9At3RFpnmvGrG4XsmOaQ1p21nuSCzF3IRM38mp3Z
2020-08-16T03:06:44.260675171Z 362 mfVsixTUGmFTuBjuczaHtnhlnq7FSR80CB2crokZhAzeqfQNBn9U3Ta0mijF
2020-08-16T03:06:44.341804247Z 363 jcWb7MIp3Gm8EmM8dtV1FSZgrtSCavbruXIUP9li9nz7UJ86dVsyt1TaxQwF
2020-08-16T03:06:44.424035785Z 364 3ybvN401nXmCDm2XFH7IFcs1Ca0n5Vu1sEIMXulgtBTx0AglQPGWyrGCiIlJ
2020-08-16T03:06:44.506043602Z 365 i654U5ZIXw63Y70UjOQcTtJ3NkoXldcAin1z6wRAW4TNm17RE3wEWdFYSpop
2020-08-16T03:06:44.587930072Z 366 J0SvUh5mPs2ZrkGvjoAOjGVhkGU7H9vst7H8fDMUBd2F42o4CHMs3dQwl2aG
2020-08-16T03:06:44.669573252Z 367 vjWXIxKQYJ64NiuMfAcd3sFG4g3VGCXnLpDDMrsGD2hc3E8byP617Al3cWqP
2020-08-16T03:06:44.750071629Z 368 UsklbJRXRgVRPocdOXzgg9BbUTiGAqgbCZwjz2zww2jIy5o6TenC0PhBFMXV
2020-08-16T03:06:44.831340052Z 369 JOa37QIjjO1Ym6p36Dd2qtfh3MHLE9pZRf3Ay5TCv81qd8ryTWh50li0WrTb
2020-08-16T03:06:44.912906126Z 370 JljWW9GgHewM50cEgKxg1XpgAmfhv8ckoFbI6VsnyQnpcycqwPLWGzdJTf4C
2020-08-16T03:06:44.994088902Z 371 J24hV3hqTfzmDAvxLfXNQmP8qk8ZejYL2H2HIqqfYyB8XgoEulnMxDbNybMP
2020-08-16T03:06:45.076230939Z 372 jJkk97O125WZUJIzeNC0IPOx9XQR37pqpXEYm1tKhAkGeg13oJuzTGjmPGux
2020-08-16T03:06:45.157622923Z 373 1bVKQtXVsMJuFbp2s6vZKxQlRanPoaHmjM7vJNFBQ2QGBvmrGClPTnWLZZWw
2020-08-16T03:06:45.239826328Z 374 NXd4XLDrk4ansAEKU4w4tRT5BJPLObxhQyLAroD7uairchro5GervfC6S27o
2020-08-16T03:06:45.321216972Z 375 EuMtTZrvHMX3fpbhSr92D5E2e5IlGe1Q6F2tkmqIFWd6UuZm1tkUlgocdCt7
2020-08-16T03:06:45.403009801Z 376 4duPFgFCiVKRqpEzbtGfhVZgIYJ5VQ2QPBtSqYNsswI99duHBU5XN8xsGqcu
2020-08-16T03:06:45.484674013Z 377 cnVjKK1BekmA5taMsEero2eGvhHSnu9zlO5wbKesVifWJehIo2DuhQ3PK0ud
2020-08-16T03:06:45.565155367Z 378 M82lbJqR2zKv5tGqfxNnftuw3fkyKPePWXWWt5AuHpCxwoyX55qU0BQTPEpY
2020-08-16T03:06:45.646007339Z 379 jwy6YqcHtZppQGChMUcvU06Pz0TBEGJgayUBuCkmfdDHOvTawODIuy6QoTg8
2020-08-16T03:06:45.727608419Z 380 7zCJXSqLEOglpzGa4uR9uJuvCH3tKXHep7ZDhHFq8uEBBHdlJTImo2I86R6t
2020-08-16T03:06:45.808984952Z 381 OoySEmYMSjvvoGjhZWNhM8O0tLtz7k254FFknyeJl9wVjalz9AJEiXXvvNUc
2020-08-16T03:06:45.890922200Z 382 T1zQH5YLQdtkSFvm7hVJsOsJT2TCuVAXlHv16VrqxBQtEm54Cgof64P18MZT
2020-08-16T03:06:45.972517701Z 383 PS8dagbSjhwFqYrQZY8yRs82CX8Rds4N6fsVUqK8XyAEWbHKUqu1yMWV1dRi
2020-08-16T03:06:46.054186232Z 384 FPsmMiIqPmv5pAQzesGfB0g1vbyjZ6IFmasNPQlx1ueRTy0Jd7vVYEbKbLel
2020-08-16T03:06:46.135271772Z 385 AQ2HsTiuBAUz69velu06wzScgFnfqFu99gSiu9e3MzMehDTfaM3H2ZOBl1N6
2020-08-16T03:06:46.216313953Z 386 aMTpefRLql4DC1LKuCw4UNDHvSLBrGM9UjNTWC8CU6nXecfITWkCD1Zd464M
2020-08-16T03:06:46.297302043Z 387 Rhmgz30PHyhVF2u8WOf0hnk8NRHYljhZbzNsEXqyj2hXmOSDh7MeVBmwOHUx
2020-08-16T03:06:46.378626180Z 388 JLGsBA4qsY5yo82wL60GuJPFs7YWZfNLVviAYfEJJiMntEJn2kLVW3wWhsEJ
2020-08-16T03:06:46.460141230Z 389 vJ5NgevP8GvbjGRrxmsIm91AtVVRqgCi8KqA1cyBhqsch9IyKCpnkebLJiCb
2020-08-16T03:06:46.541762176Z 390 1B6k4sRL3KwwQSiB97CzUrWSSw2smzI0qoYn6WXMMLqoP7YanARvV3cOchbZ
2020-08-16T03:06:46.622819608Z 391 yY7PGDbrYJAMH4DNizrXgTAGg4uVPsXrRgUIpTzFF4ildnJpeUBTgf7bmt8n
2020-08-16T03:06:46.704890945Z 392 c0oHrLNw0U7vg4pFSErn77vJqAjh9kUxUo3qXIJuLKYcjxA32qXBvOjVADAa
2020-08-16T03:06:46.786757530Z 393 GRZKSwTuRAK9Zb4r0X0FGrlg5IL1fSCtBn51t4vhnyfQjPX1M8BUQiXWM02p
2020-08-16T03:06:46.868334815Z 394 Crx0jiZhkIhwSWUSBLm5PTzCMyinZXi11Z0bcFidKejiBrdK4dkTTBfbGEtg
2020-08-16T03:06:46.949205081Z 395 hLXjxctRUu63GvLkhw7UkaWsCukqXSJccMiK09qNqptxTd1y19ZAneuWbzBR
2020-08-16T03:06:47.030793302Z 396 yxrK8AdVdTiQB13eOV3UpiXisZV4fZG5OEdZ3lCtDcgG9JVrdIwl3oqY6CDo
2020-08-16T03:06:47.112933021Z 397 MDNXOx1aPtnEpaQFeLweEtWYWn1J4pEQ4hAHCKP5oJ8mp6f9VZDSDL064QUH
2020-08-16T03:06:47.195188544Z 398 lcInKHlt0jSNYE0zXZOYzlwowzx9NSNpwTZ8J3Lq2tUU3QfyQfM8OmvtMP3W
2020-08-16T03:06:47.276050248Z 399 pGUpkiK66sgiC5dOFy3gTaTlID5Y9SPOlcKxFRbYfJSA4Kgx9yndPrXpNA0e
2020-08-16T03:06:47.357968064Z 400 DavsoQTm7MsZ3dMBGJuRZ8new446JINgV69GjBbdFYI8WuTbn7l909MNA00d
2020-08-16T03:06:47.439280737Z 401 uIx36FTJylIXzg4NYHbCcfj6C0F0owxU6adMmIRvVQgd3hMRCyRU0SEe1NSm
2020-08-16T03:06:47.520790944Z 402 iTqvqrYYC6cRjlT1nC5P6yLIbKdIxkFg2eVuTxjijmVtY4GMD3fWhHaUcksV
2020-08-16T03:06:47.601372357Z 403 U8qvzbGQlkP2X5ImZdDCVy7igRmgPjXMgPySgmY2HJgoxwjt39J6lKdZzVhs
2020-08-16T03:06:47.682742246Z 404 VmFYI8RAo8o3nbVq73JbU9gLrDtWw1jCpjbgF2srATdhRHbMP7LAFwkJdmi6
2020-08-16T03:06:47.763171239Z 405 dDsWKjO0ztxA1buWTTsLA8lFT4JLbsJsmVL5r6G5afhK2QAhbjz8HJ2CxLA8
2020-08-16T03:06:47.844626443Z 406 Qf2VqiiMxudmz07FQG4NNPYXGkn34K9855PkBdcNhW58zKvCktO6DjAErJbw
2020-08-16T03:06:47.925196194Z 407 qmcZNY2FAyscWXQbjkD2JmdRPtG0zPDs8FedB6pqHzNmEGZWDL4wbNv7cd8V
2020-08-16T03:06:48.006750596Z 408 YbSKKbAsi3tOitunaLZkSP6o2jFg9H4xQ4rIlEfdlT8D4RHyISp9JkpxjQot
2020-08-16T03:06:48.087807731Z 409 igCyIloCcWF9JqNzD72GeYVOvaiCQvzIwnhgyJ3C2rb7EMlg3DRQXV7uPQlm
2020-08-16T03:06:48.169006742Z 410 TqO1WY2rFUFkAoLGoYL4NG3pC2wAixZm62SJmLEjV6nUkClU3a9hwogzXPyg
2020-08-16T03:06:48.250325406Z 411 ZtJQHcYkJ2PDn4c0WsR5x8VdHCo5FAYxv7OnCrChNn8RqT1IlX2bXwMFzEYv
2020-08-16T03:06:48.331669262Z 412 tYlupp5A50bWX3NYTLAgwcL0wXoCLxBN5PApeInNUxBtByKnlJmXyj4oQpbg
2020-08-16T03:06:48.412833912Z 413 4njz0VTrWGttOJm1iE9ltk6JWP4SA4buZ4c6jYMwJ6OiDD8kpqUPfmF0XghS
2020-08-16T03:06:48.493381817Z 414 PLp0OK7hz6fKFQrXuST1kyifGC0u8wRTHhalDxzw3uQHiHe3R3kedAtCH5WX
2020-08-16T03:06:48.574013589Z 415 sHUavGfT3Zy0iiZa30FZ2mVI8046ncpRYfMuYlrj1tVlqjrvwmJt9l5998Yy
2020-08-16T03:06:48.655324127Z 416 3h5OjtWFUxZH0O1HGZfOSgqKELmS7kYIjNkKYqDrSOSzIV1JDwW6ZwG6z6Rg
2020-08-16T03:06:48.736212115Z 417 hDwJbE3QccHLG8vMg0LXQrXF4chKdaIkZ0aJtmqpbiBKQXCdumzpAAun3Lnz
2020-08-16T03:06:48.817661177Z 418 ZWtTae9UyS5Gy9JWGEp0mfY4T8nb4UrLdaOEknffmj17pbhFapdLKT7WGVbE
2020-08-16T03:06:48.899060582Z 419 j9cZ3KPkKSuaXMCHPvOxEC68PYJCOVSg9w0ZYGTuyOqbPbnhYqKKAS26E483
2020-08-16T03:06:48.980809082Z 420 jDpld0VDpEKsMuolgw2hrhErX1YULBimyIHlAfAuZBEW7L5E8YwJ11xnki5k
2020-08-16T03:06:49.061815829Z 421 m3oujy8T8dC9snseD8LbWmGJY9ixDrvSMFmpizWWNQ7ZHUd1EzpmBPhtmg4h
2020-08-16T03:06:49.143517397Z 422 zJBpJL9u2TTTLVWyp7KG00UWlrXxKeCVaXPmWSdPnssalXUXEr5rExP49KpU
2020-08-16T03:06:49.224735916Z 423 jZrCuvF1kbFiZhPG3juiRd8IIKmGLhskTopT6vwMZnQWnYYCreWe7Fg8TdzC
2020-08-16T03:06:49.305496744Z 424 6qtI5n3yOA5s8sb2IGJ3HN60gAodp4RYZX0zc3WusIRXC9peGCWJiWpOfxSk
2020-08-16T03:06:49.387128040Z 425 PyIFG7h3Sd59bxcQQjEvbHELMCFC9WU9i2j454LfgwjIbK1PnA0KDs2t2F9p
2020-08-16T03:06:49.468106140Z 426 9C0jxN3XsDnvi82DIHxG94OiRExJ9VDbx0e04trmI7yJ11MFX3JmVLLCwRsd
2020-08-16T03:06:49.549419014Z 427 ExJxuzgmu0mArRSxYreVJL1VchN96FX1DJ1MfkGdNhf3wG4770voXu6ErnYc
2020-08-16T03:06:49.630657992Z 428 GTun6Z1jcHEclxnd0jTz5lYkFiCYCHO9HMRhDcIDAK89yoc5H0LZfSp5Xgp9
2020-08-16T03:06:49.711781900Z 429 oQXsrbqwaYLZEVKI3NZASN7s7mY1sQIQTIw5g73XIrlcalfOxioK7JUDqEOY
2020-08-16T03:06:49.792621422Z 430 2Y6WScsqVRAqlFyAwauSppRjyRChR0fPyGRkGnv0qWhQ2LhtLH16SmtJj3ya
2020-08-16T03:06:49.875036988Z 431 P8QZxI3yEAH2OWAbHsHUituswiJKDsvDydeFbgvPdSuWV1bBBJxBoTp6ME3l
2020-08-16T03:06:49.956307756Z 432 1vc8dcKfZTfecDQEEgu65McKirMxtTuI0p2DSyoGXHrm62796ZWjn08dmogP
2020-08-16T03:06:50.037522467Z 433 gAppJhaAgfkY7ngdgS6qoETuqy4az4GjSpzdwcWeKh99WyksK9hV2pnZlMgw
2020-08-16T03:06:50.118392411Z 434 LRBVNLOzKHoaU2SYLhiSmoavrvpFfhCKuSqcFpxXibLY2UGs3hfqrR6ArYu4
2020-08-16T03:06:50.199232859Z 435 L9oDIcb3EBqsRjsJmSifIystfuEepyqDyqb7Aj3LjuqK2pnWaV7QTB7d0m0r
2020-08-16T03:06:50.281221186Z 436 9s6A59o8t3iXuY4dr2LfL5zEr6KfX5zG0P0U3mP1bS3fwr67EDk7z1nDYy6w
2020-08-16T03:06:50.362644485Z 437 STxU9Le7YBv68mx7mOgWlNgwkPPTDOQ9HpuGnzc5CemHVBksOolmJ16aSACq
2020-08-16T03:06:50.443136998Z 438 bREXdmG8sMzCGu8E2qTAiGrxpUx4VSgmUV4prbx0lNA6iQaoGdATnBT2WBCR
2020-08-16T03:06:50.524029480Z 439 0Ji3WWKmNoGE8Ri16AkTGutAz5a7jsNBEmCP9hp9p1KHZ2fSGhXeZtA3hESI
2020-08-16T03:06:50.605587902Z 440 HuYXO03kP0Zf5eEb86ZnbMcs9beG7DegMPeyI3ySqOR6ebHrYmxXH94tyyyh
2020-08-16T03:06:50.686055982Z 441 TCF5H5QZProXyu65amhQH5c85J40p7MUiFP7AlInAd3QxaZPO0ClDJwWIAoo
2020-08-16T03:06:50.767564841Z 442 3ZdzI0w0mhs55RQLtOIYHxEXxa8cQHWajTSHxkRsRigEm1rg2wPW0kxV2r5Y
2020-08-16T03:06:50.848450131Z 443 KYlKhhKcWw72fx4N3TOTvfglzd5Kqkr9g4WmQO6lXXY9MCF2biJw8wn0dhDb
2020-08-16T03:06:50.930038197Z 444 5t0eNIo5if07UeUXT2eaCPvSEDLi5Qnaz0u1YcRN72KffLGw1Vy62QaM3CUV
2020-08-16T03:06:51.011612093Z 445 lMT6Auywdd8VEIFiM27gKynrWnOKHJOZIJwRk0qSvEOcyOkES9CuvvXt2zPk
2020-08-16T03:06:51.092450813Z 446 j8ls70i9GToWwyw5khojAKjAom7yBUiNVdKK7UvsyzICr2ZNSI7292BaeSMb
2020-08-16T03:06:51.173945236Z 447 MlIPqWGOfabDOO8Ebt6cTwyJcXhw86Jn8ZRC24f164ReIOWwqDD0bNmLP84F
2020-08-16T03:06:51.256137905Z 448 pN8LlKF1EQzF08qMfZDLmqxLaNFcfm67W0JkNIcicODDlOioVU1gyQBUaKPT
2020-08-16T03:06:51.337330270Z 449 XBMtA7ZWVLy5dsziRk7j3v73pDk63ocZVASDYwhY9x8mXDirm7HmEHrshHRJ
2020-08-16T03:06:51.418925274Z 450 xNlEZwkCAatND9ax1ytypv0yRE5JjNx18gS5UrtMIu10waWGDGBlpyUbNxH5
2020-08-16T03:06:51.500757690Z 451 76mMR5rYqWeyTStFWIZKfiMlTuT8gEjlEAzss6KSRR59YTQQCBrGkoexnU7B
2020-08-16T03:06:51.581521083Z 452 X6R0uhhrGHqPB47Zsx74yp1Z4s03041AhOjwX6kwTh0VLGWoAMjCJYNKjU0y
2020-08-16T03:06:51.662368786Z 453 CK9AmYYfvyytyQxHOxF4kBLIxINFIpHXV1jpKoIhPZuqssJSgkRHhIpAqa0m
2020-08-16T03:06:51.743229287Z 454 mnhFxFwo2UQtHCfV99REjb8aRyWBY6KXbfLdXfg0tXhA4t0EN3oqA1U2foSC
2020-08-16T03:06:51.824938394Z 455 70oxGXbASRXWWRBKlclLkd6R2D36HhsxYC68JWHgOa9QMBFtILadYoWZa4J4
2020-08-16T03:06:51.906538513Z 456 JPBHhz9MPMy8RmZsk54FPyPEg5phA1OERSANLHYohaZr3rfqqi8QQGOQEiX6
2020-08-16T03:06:51.987324786Z 457 riBmCEafQaT8arddobE7HxNzbJoLwMZLHZ9THKlvO6lsLnej9h9U4GwPaY9a
2020-08-16T03:06:52.068134168Z 458 f6jXlNG13y2ly8YLebmL1tx1sM7m1Ft30CQRMSfh6Yprpluv3QL6Mn9qdcFu
2020-08-16T03:06:52.149206264Z 459 KXlOIOBof4CkskZfACVDunn5qJcgqB8qEQfqxuUlTZESsjQGdg2zFzKsBgKQ
2020-08-16T03:06:52.230258083Z 460 vedn9mJPAyB9zjQhW3yGeQogV4MajQ7h8m9vfnvoDoiNbqU4sznNkMpyxKUB
2020-08-16T03:06:52.311507647Z 461 lpnJlYiLAhC8Dyi4LNY0F62PXzUyP5pqOirfRxtS1sKHq3FOQFo2RmVFSlYw
2020-08-16T03:06:52.392350887Z 462 AQidR01AuSPfKjYOtgRAoOL1KcbNHN9yOqyD4LerUV1XTuPxQpxMf3VZkq9E
2020-08-16T03:06:52.473370122Z 463 maNztwfH2BlILrOLf983jfnGFgtAJaRzoo5C2PaMjcZrlvikpVMzirK5qCw1
2020-08-16T03:06:52.554786377Z 464 qSyJXeJ67wsPncszbK3aR8P9VouKRkAzTYYJrphCPHexcgqnHPbIGNbBdOnQ
2020-08-16T03:06:52.635689692Z 465 kSHfQ3ZK15fBLN4lftJtpA9jN7RCggXRsxQjrfmH5XoApML7I8pyTMSQPKe2
2020-08-16T03:06:52.716747837Z 466 XNReunJG84rlN7qVGI1Xu8XfU93W87D7LDaqM8tPWFu51ScwI0fcEE1Dc6MI
2020-08-16T03:06:52.797240970Z 467 uwpPGLethXpjo8fTzrqu35D6ta4xTMstrttPPZA86MFsqAyw2yuwQdOedM23
2020-08-16T03:06:52.878672011Z 468 0aZadPhCfwrVK4dLOiE5EVcSIYk23O6hVaNXsxbG4OwFJmY2zvl9e0g1x60B
2020-08-16T03:06:52.959941300Z 469 uMrwf66Ch4U6ndH1xOv4FwrB4kwQeugKw8iZHu4UREwyYNChE27HC2rMjCOO
2020-08-16T03:06:53.041002435Z 470 ZLCRewd6OxY3khJvRmIasBdmFSM9AzH5LFbIaSb21jKE5pkedWbLoB8jOjKc
2020-08-16T03:06:53.122156697Z 471 IvUzRftCUQg2h9oEaEqaHFVSyG8ptNt0Mp5hIDPG8LyVVpTUut1evhBQqJXT
2020-08-16T03:06:53.203378962Z 472 OjyHYgXfc78RRVqKy5dF1xTWfIB7b40oEcRe7TBliSqPj9v2thAAqU7QwlPt
2020-08-16T03:06:53.284921510Z 473 uLg2JlOxRWKPyaCEJb6OMxbwOBIm4IQtMmpHjUUB3O4ImyCFLPgEl7Rkbe34
2020-08-16T03:06:53.366396593Z 474 P83mGwOtMaUGsHoo1zwluc8Qmki2eSpH5M4L5m4VHQduRIegKMWJjSeoFKEb
2020-08-16T03:06:53.448244464Z 475 wPxChMykXSc5qhwqbX0BrN3AlCBMRHrYjtCa2ISwLQWQWRxPDgVtUYbfbpMT
2020-08-16T03:06:53.530040559Z 476 x3OV89MAUEUjwjv8XDVg0UzsERmDFutOevtQPsn1wxyJqyr7Voys7RIjJYpO
2020-08-16T03:06:53.611997723Z 477 0Y5MlZ1DKqcwJ3qfvUsQbGNnjKIIiUCPmiakqi8I5zjvXL5g3hRHwF4gtV9r
2020-08-16T03:06:53.693019408Z 478 fPu01BnZhxKJMwIc17RVfgRuK1fpQu3IfZxgT8eDrU1COKVW7j2zVSHUFMqt
2020-08-16T03:06:53.774494354Z 479 fvra6ZrAXLHvQhSdmGFBzbC0819HK5PkrDgMJ75sTFVyAhuKvGXxBOu8RfWs
2020-08-16T03:06:53.855394038Z 480 MKxdIap3XMzQOUFP9QbtDAOdWiXmMiZhOJPbxtFduO1qe2RjCzqqIJqTqRQc
2020-08-16T03:06:53.936537699Z 481 pzJXgM8volSeobYJU1POXLx7zboMJbDAtO6SOkC1MWH8fxKpzy5YyF8htFhM
2020-08-16T03:06:54.018093938Z 482 VjetWSfLbWbfiXAwIokCgJg7CcvNWmJTfyd0ykiaxG0VYcOC4vuHewvFNEGK
2020-08-16T03:06:54.099618521Z 483 n75tH1SenKFKeGjkoxCrRBHuLhuibw3e15aU6sGrjZjNCBULCtTk73zjTaIO
2020-08-16T03:06:54.180374878Z 484 VkwFPei83YM51CVBt7Kw6fPH7WqBK4nTpVAQP5GVFPSbGgdzDGEqvcPBkRLU
2020-08-16T03:06:54.261068175Z 485 NDsgemKQPtBXHlAkHMJQppxrbgzcMOyr7vyQ8Ef1cUkpBH0tuh47P1p3hmHI
2020-08-16T03:06:54.341977942Z 486 t0oG6wMazhX9tJM0oJkSnuHaXPwJd0wQQWF64mIIH1V72Ke1dBK7oZyWT6sR
2020-08-16T03:06:54.423989827Z 487 wV7Eik9aWHykPeeeg0josQ1198Im7T7LXu3BUYigr5mnInanolM7C7NR72mb
2020-08-16T03:06:54.505533843Z 488 CZWX9vwDJoKla2pFH1tf33JiiEMjn6N8z6IiaNq3vAg1yuZuYjyEkJQ1ZeHn
2020-08-16T03:06:54.586233371Z 489 wOVRyuvXjzUIDWhLvRGJ4fZV1q8AoNaBlUG1KRczQxIuFrKYMC6kdacxP3uK
2020-08-16T03:06:54.667997601Z 490 Ztb9OMuSgfKU6x7uiKReQnQq6mxVTZ5c8omJqcmFFJwoz5hmI6LzPUIOcJH4
2020-08-16T03:06:54.749970959Z 491 0xKmfuyamRwoG9gWfZjX8figFxSveciBoHlLlXjcOig3XmySTlEbEs4RFo34
2020-08-16T03:06:54.831211165Z 492 auj0Uc5n5q4IsHPv0XHp4Rfw0dD1wHErav8srZExjPzMyLeAfV20AndvtQyr
2020-08-16T03:06:54.912653527Z 493 0s5oRF6vGIUc3hF5AdspDtIPIMx9UINHa4vPl6o1LtaSJ4ulUh54nHfE7W7x
2020-08-16T03:06:54.993830563Z 494 MQPSFrgGV7Yffd9fUD5J6YVLG8caTNtlnFJvRSQxODc9E6yM5hyqV0NBVHr8
2020-08-16T03:06:55.075345882Z 495 2WaiidOQxxYtYYgY2jwUQRHS01fJXeplRZ5DiAY9PX027VVDW4o0R7DkDhIH
2020-08-16T03:06:55.156259085Z 496 u5LNWd9y08GajXeQk8WmQCzvx1FQoQEFnT4TVsGoYVQ89CUCVuUNW3q1bTJU
2020-08-16T03:06:55.237362781Z 497 CnGflF2x11mm273jSsWltZwYa4wgWRusKNyVyfEisQXkKt1liDG3t3vEB2yi
2020-08-16T03:06:55.318880535Z 498 iShauI789JvqDSkSy9bbp1KOCufKib5x5ijBiYrH1AQvZIhCwjrNbMNaxiuS
2020-08-16T03:06:55.399244499Z 499 ZkvRVRqhlA0t8f68bfWD3YjklXaF2uWQenJZxbmet8l0uocJVkHVLdLMrkGe
2020-08-16T03:06:55.480576107Z 500 J5rAutAWrjLuw0NYzRxs1gloXplbniFSqvN3uNOeICGhfYG8Y3wvwoxPfsAb
2020-08-16T03:06:55.561648810Z 501 LN4eBEre9qLncXQoP5u9fErvYvA4gHH8KjM8bzKvvNZtoTT8kEuv9ZmdekCk
2020-08-16T03:06:55.642303711Z 502 l8QQWmYO4TGKr0OFJle87mSPR6qsrULKZ5hnIU6WTf6ZsYX2UAG1bJSv11vP
2020-08-16T03:06:55.723680365Z 503 jVmu5Fg1NQvDmqHkJ2jf0orXKJfmCS5MDftINUU1K4mKpGSd4uLKAwxRiipV
2020-08-16T03:06:55.804618123Z 504 xrGALo4w20rDMSLhslYabNBB7MNPsOCKlaFYETNeI7CkJeGLq53mhtDW5y7b
2020-08-16T03:06:55.885354560Z 505 EwJ1hduoXR2gJ6G5N6MGKkml3CR28v8bGjQ8JzcZGfLt9Vk4Eg5YWtPJOJvq
2020-08-16T03:06:55.967010787Z 506 n6T9m7RrRJrtq34YvJKCIF42jxKks3A8vD4GtAXyjVAoyLR8eT8r3y742kN2
2020-08-16T03:06:56.048451328Z 507 uDdhQ0pwWplEBWnk9GCJez4WHdqHUJp9SzMQR95s11Mj3PNB9vH5ASVCyYxg
2020-08-16T03:06:56.129722286Z 508 xbHCTuiyI6AY8KYw2tOYm1ZsbcW91wP5G71uV7na5jT9vpEIsidvBXUvv4h2
2020-08-16T03:06:56.212023072Z 509 66oOwRe6aaUTzT1hrgRnCH20ktpwDgxapiNtjgptk5EewrL2EXyqd6Y832PD
2020-08-16T03:06:56.293999909Z 510 TlVmtyuTwXyi4sGHh0rJ35kaf6M6uVSBT5Plc286GgwnPqvXs6QAcjbwefVR
2020-08-16T03:06:56.375997238Z 511 ppNqWWAPpsvGqehb7WqsFBE9MIv7TbKdPJ6PCfWTzJUJZ5RjkyGfzq6pJVr2
2020-08-16T03:06:56.457084043Z 512 0heJHAXHqe8hkWseLbXrlczw8BpJu6o1NonLLTAQ69c0t6LyhJkhidxgg9VV
2020-08-16T03:06:56.538660084Z 513 SsbJbSqqtJfcgaAajQSOXpbTtofRxSjNuS1vPy6jlpLSsjx8g53yFxZWHAa7
2020-08-16T03:06:56.619831245Z 514 EDix3Gw3Pek4LNhr3aMpkPAOaUeFopBQNRkT23ZEr0KX1vxydMs9E9BPeNId
2020-08-16T03:06:56.701845639Z 515 RFFTTQscfXyNkRL1SENPc8clwXy32aR7DTdesmB3UoIEv9Xvnx2n4ybMwP76
2020-08-16T03:06:56.784188010Z 516 0CkMnIbdoWE2uO2KQn5KH0GikNcv4rBc465bryjc981hpyPk3FpOxXQNYTqa
2020-08-16T03:06:56.865046831Z 517 UEPQs5YtYQMqDm3wXeymV2x4BXTuwm4KTrThAq24fquQjZzO9NsnWcpfozVB
2020-08-16T03:06:56.946965978Z 518 i03ZIgIKSszDVAqN1PY836oIxOSLjGpX2FBpA4cxNeIOjnKPOyMQgGWNaiXT
2020-08-16T03:06:57.029122997Z 519 aNzUwN3jFBZ5Nh6HayelKCYVc89mFJBAwM1tvqM0WD5wyGiXYYYu5IimrqZo
2020-08-16T03:06:57.110300001Z 520 aPbQeh9nHEbi7tQGlE0gkgHIxPcaiexAijpNxt0SPDXSoqYIAYFgN0Lc9Yjz
2020-08-16T03:06:57.192094943Z 521 wGCZ5P4VcU45ikurhyDHdWHUS8yTmYcKGJLI4uy3Wvq5OtIGMUpAtDSfEziS
2020-08-16T03:06:57.274026516Z 522 uefAnzkVuoCXoJi8Kx2ZY7nNnU75c6B7rhmnYYiEZbLkm4r1Khsjr0YB12rL
2020-08-16T03:06:57.356392634Z 523 AiXgeYooFxnCksC1Scsx3ZKNUJ3ain5oGG6YJkyEY9OnfEAXPFrNmyFMGQKv
2020-08-16T03:06:57.437794456Z 524 aGjHhiSnGSVdhXRODna3UVKrbpUVNaBpIOqiO2B2TPPfSa1JZnBTCxoiB8NO
2020-08-16T03:06:57.518655067Z 525 JlpE6QMGRAppJ0UeRS1KQOCK8cHMjwaGj4jaPONJJ2KH3fGa0fY6vwX2C9SK
2020-08-16T03:06:57.599514523Z 526 85lmt1MITNUV9z9dZ7BznNO7tNcJzTWWkzpGin37M4VNFHGadMEYY1mUXLx2
2020-08-16T03:06:57.680898083Z 527 R10Nql9aUxlYNoFwSGdukuoDODQqAlRtvw5P2SRWfXoeEsnc8lgaLDIlgQP0
2020-08-16T03:06:57.762262444Z 528 Smd0ZVJoVLZs902ZnO0b8IVOa2RUUh71DvlNdJ8Muz5Cc2OTtORaFe56d3q4
2020-08-16T03:06:57.843704956Z 529 qeKdQkMHAiGElnw8gZZeXb1xpifmeVwdPyAFuQ5mPyLypVP8EIoQSLeubilZ
2020-08-16T03:06:57.923846774Z 530 ANpk8PYGS7CFQvAFNye6eYuarAEF8IVS8XXaxJhmja6rhXLA2JiSqPhHVlE2
2020-08-16T03:06:58.005886965Z 531 Nj5SPfwn2TjhTQbeX1j56zYF3P5mbuwQ2WpB0PzvhjqOhiWhiBMPDKARFMTb
2020-08-16T03:06:58.087723545Z 532 sqEB4BkUsLrVBFzSWSFBfabEPELw8ubPj6ZshznvVQXC2Z8UL90TQuVRZyxr
2020-08-16T03:06:58.168328912Z 533 fjofMUke2KtMDfj8M9FxgeoVPnhlei8V3FEWhrnuMyZAgqserHjDOYhOoDru
2020-08-16T03:06:58.250079843Z 534 baDTJif8JI7p2w6WFpQismqNKSdH54ekN6NoCWueE9PrW36rxTWysFHyfB6J
2020-08-16T03:06:58.331227496Z 535 cSBUZrFoCFYXNNMglVC1VapwWrXKKtGxXRAh9wsT6vG8nMetNuYsTGuW7N2Q
2020-08-16T03:06:58.412093929Z 536 gvKAMR8Tn9t7yT9X2YdqlVwGYj14wk065qQAq3mTXLWn8dklLpOx7dNoyQvc
2020-08-16T03:06:58.493654687Z 537 GJrBBJTe1ZaaB4lRJoPEgup61ifA3EpIJgrYZNWZT1cN5ksGR5MgCIG573Ml
2020-08-16T03:06:58.574944320Z 538 AQSg0ShEB2Ph4QTY410hfG8rIdcWLmrDRWv33FDp1eJilKHCkeOC5ceQ8U2I
2020-08-16T03:06:58.656201160Z 539 pJOWKtvV0jU3svgj3lie8CjtMLcrRHu7zkGbyRRcOqQoEHaW1be26s5IHQXU
2020-08-16T03:06:58.737313087Z 540 l9E4JaTZ0iOOmsZp7Ty5df7pSCxqAy1zwKaeSse2w26KUsggaYxou36Rfsr3
2020-08-16T03:06:58.818074428Z 541 G64gvxWpwekCsirEBSbN9KZOnBqkFaWEsZhAdPqrRXUhToISN9gwZ29nmHlH
2020-08-16T03:06:58.900040844Z 542 2Yyr7KkT05ylRQl3CDrGdDocs3h7oYlle25taIou8pvaospLryFHgTI2GL06
2020-08-16T03:06:58.981435800Z 543 xGEXUZ3mpgglaQR1b609R3Zl32opI8x5BWat6MJrwZNHivMMH20VcV0u5t1v
2020-08-16T03:06:59.062717970Z 544 321v5NunvUJKRefl2CoIH9YTWNhRkEWWjwImqYAcRLq3bqAUgXJJ2JlST6J6
2020-08-16T03:06:59.143577372Z 545 swqDveOUU9eiQ9M9yOH5MPp3JYx8DTmaG4VRku0ymwh66WZeOEIKhvzS7rWW
2020-08-16T03:06:59.224805091Z 546 crh709ynqhqqz2Vla1Ec1GSl4dIAARCtra90A1Lwh5BwzAz99Eprqx9YgY8s
2020-08-16T03:06:59.306520691Z 547 r9ABODV8khIzbJs4xBs9ioMfp8KTwZ7CGoU4kNguwVtBjRsCYWcjZiG017GW
2020-08-16T03:06:59.387982227Z 548 0XGSNNFuaVHeEIi2YCyizh2e5nrL4zRfJy2in8IlX4ejmHa8zEwSRlf0xdch
2020-08-16T03:06:59.469961828Z 549 0qKt2rns88yC3Rr3WVNhMmhlPFMAEzOeQLstgOSAqfmMXK35UFLhAV0Ipbkz
2020-08-16T03:06:59.551299918Z 550 7PMtlCQDnRmxF7Kc4LOe1w7YMfLR2JEihola1YzVCwy2Plo3icx991EWwKNR
2020-08-16T03:06:59.632524072Z 551 l0RpYYGdwcfqtgfiXAf24Gdpg9ZHOfIhGXhb8OjdHa6NEFk30sQZRoBVJp1n
2020-08-16T03:06:59.713492528Z 552 yHh3DIGFOg3He30XTUOXWnhO6xKuAH90ViT3mkgdpx9UpzINqtMIZqll7ACw
2020-08-16T03:06:59.794870520Z 553 DVcZMauiLZv4gy4UgWoTsi8yfGju2WfjUobOBMbsOCQXJUpcHjo61CesZLDJ
2020-08-16T03:06:59.876771350Z 554 dgUhfEAsTe8iYGZ4ncGzCJKVE2vF5uovEPes1Z6EmmwOZYzJ7o0fyYFzsL3I
2020-08-16T03:06:59.958678456Z 555 M9xScM9RvTylBo2a31XtyfcrRoQqd6xjDMbktaJKyfEZp0K2Wa2wXYlKD09z
2020-08-16T03:07:00.040745029Z 556 nMiAjJMz4dncecJxODHpGlRFtcaU771C3pnwiyKccmXbpSoe1VnvCeHczkTF
2020-08-16T03:07:00.123027125Z 557 ZnOEX9njWHO96dzHY3lcEEAgHx1kkW7ubrXoeiVJ3asxksJlXaazUeeyktoW
2020-08-16T03:07:00.204277395Z 558 QXZbWpYEzjrHGqOgdzDwl3boi4OaEce6W0zboZuDgO0sGO7zP59PHkw7WwaI
2020-08-16T03:07:00.285502436Z 559 NcNpHYYotBC1RXzxubxfqAYzMwYJTTrleVuH0IGvoU03A7Hf3OY0EWTGmlXa
2020-08-16T03:07:00.367039806Z 560 TuIN1S8vAGpK6KdNRFbxlCcu5FjK9yc0yiaBycrj4jjxShqIrFvxGJlm0cLA
2020-08-16T03:07:00.449023529Z 561 ov2a6zi0iurAbgS2gzVY6klUpd0r3JOQzqpz86FbzrVYq8gFcyeyXOPPHECf
2020-08-16T03:07:00.530134763Z 562 zBRvEgyvUJbx6c5n1ntESHlW0BGxjihWIDLrbhxiWRSWYDN2Oe4cvxgRjnTA
2020-08-16T03:07:00.611627128Z 563 Pznsep2fzYlIDij2jX6HQ2HRxJo6mhrhgjsDainlkwGqC4UVgOmG6JXhSYBS
2020-08-16T03:07:00.692253696Z 564 Dq3JwTU83giY6QQUbYl03NsmeJ2kmaHssOdJ1fIeFYxmxwC2BxMzjmPMpImm
2020-08-16T03:07:00.773179892Z 565 u2fLRPjnfCLdagwgnbX4EjdcubWT4kUW3CQpRJOJ5n0KN70evvqfnftc9fys
2020-08-16T03:07:00.854150242Z 566 YRvi6vQ0N6MXuG9yV0wH84IoQEyi8susKweMYE3zgvgya1GHzIQoLi5HNvVB
2020-08-16T03:07:00.936059228Z 567 4JdTIGioucLEGNo6fZlRvoN1rkJ3IJWy3x86hyC74Lo4hb7iva84nc7W93rz
2020-08-16T03:07:01.017960945Z 568 7wwbBXNIlctPtLNmyGtfka56Ws7ruV95aLLqGRLdGCqirBipzJl4jYhx4yax
2020-08-16T03:07:01.099652756Z 569 XnivBB5cZUjQbAFz1FlkVMNjPlLu58OmFObrGZosjx9TgzNLn9lfDahWzgOg
2020-08-16T03:07:01.180477323Z 570 ef2LehZagDsJ4CvTCoS7QuVWr7kbTy5U8EzQK1Mq3ZiuYc0OgZCYrocWvAzh
2020-08-16T03:07:01.261197488Z 571 sYPuEMEZT4h7m50FrgaR6lbBW3PI43kuFg7Bc6zf4KhkHWwwAXcqSmhvF2Ua
2020-08-16T03:07:01.342582447Z 572 2QbtNXKnvubQgNaeB7dAJhYDumomXAOCDG68hFbVmCMF9eTrbXrBLXsZU3Gh
2020-08-16T03:07:01.423194168Z 573 O8wF46R0LQFCxGNDCxrshkGdMnB2DU3mNsXG3t7jZPmuNMPKTgovQc2QejcW
2020-08-16T03:07:01.505128621Z 574 Igg3rXE55fcpsJ1zNjACuBSjpMVXAs7apCfZwegabOcBttGaCqWNrNMfXW9k
2020-08-16T03:07:01.586040895Z 575 oJE2mWLtRndCluaow9pfZ9Hun1BBQtMOLkMFx2ZVD1sQomi3LxI5gDMoQVj4
2020-08-16T03:07:01.667924822Z 576 LB5liAQ7M1Eghs90mH8TEGCuRGzy1mQO7QpOCYgcoPfrYJ7PAe42md5MHtBT
2020-08-16T03:07:01.749756207Z 577 Se1hUHU6k4xend59gm5DgOlh8iEcKqrwXdZas2i2Q688a2rFdHr7173mFcWb
2020-08-16T03:07:01.831161344Z 578 6D7JNumV248Tz0NqIsZBKbCvLfUFtmeWpNruNXnMGFoPw9gQYXl75TNpR3f8
2020-08-16T03:07:01.913098541Z 579 D68fYrpDlcKpIJkbENFf3ysx5vDK437DNJsB5edQLivTDajnTlmFYiUHtkaB
2020-08-16T03:07:01.995149178Z 580 JTPgWqrlQAdprwZtjbiegOqHiuUzpoXPLAClJ3VP3xKYlbE5Tii4ezv99akp
2020-08-16T03:07:02.077096646Z 581 wHbLyL2vLDIxyTpX18PzLCmg7H8bfAosi6bI2oRvHNn4g3FSUEYaDItTopyx
2020-08-16T03:07:02.158346575Z 582 XbjHTFRC5D2g9oMrrqNw2Zxj222pLpfoEW37lvfBYrHhuRMmtu1x53984iAl
2020-08-16T03:07:02.239085561Z 583 5sLhjdKOG8AFHIkJlludXvUAqXwusaiEr50dkAnhvz0jbmzWpCMzf4ciwee9
2020-08-16T03:07:02.320224232Z 584 1m0eRMlSOTJUD6E9GGBii2rLT7UXYBEtqNInCisV6QQLQ3aiLO58uHMq82fV
2020-08-16T03:07:02.401859239Z 585 8yFBdqRSptA1d85ciDaablfjhIflAjfFqqBmioRiXxvxIgHhJ9FOlEN5u0HT
2020-08-16T03:07:02.483546314Z 586 TAZUxVxaDlFJABqtkNTTnsh8V4LkmHNBUMvlRsKn1xvKAj8KWonlLRgYmwrg
2020-08-16T03:07:02.564942980Z 587 Wht7WFHDrP8ZKR3Q4KCuezDSp8Q1x2FVsh3jRbwBZVkClEv5fIgqIoaG0Cvf
2020-08-16T03:07:02.646439005Z 588 H0CG0LYFcXOij1GFfZdUh9lIwFHfsiR7eWPbkT1CrYy4KKjAlYis4PRdIFjb
2020-08-16T03:07:02.727510888Z 589 0GeEDXB2PWE7eqByM5v2VpyxqCIbLFGFFl32ZdF9rVM4aE7EajYfaU53wUyp
2020-08-16T03:07:02.808750957Z 590 x4fmh0x6mtj5Ib9GLTkaysu4oXsfniXGZ4WH2ckD5P55zNOuTkuaHKJSzfl4
2020-08-16T03:07:02.890283429Z 591 1N0Ej9IoDaXKbwDhe9GSZnRnkQRYrjcPZySvrMyWiZXRK0Rw5S2iCJyNDUQ3
2020-08-16T03:07:02.971045236Z 592 j3DcFa2Cc26eKnRMWmPc6rwwD6eI7D8q3C8tyIfYgxTVML5UdumO49oHkn45
2020-08-16T03:07:03.052835780Z 593 eQ27vo03e7DOox43lW6LzCiul9WMwW42xwjQPJI0J1b6fDvQAPGI8s8VE6Cu
2020-08-16T03:07:03.134643869Z 594 M8ZEEWdYq1rvAUYbUFPXNLrOTD68ZsSHQhwAZe8ANzUtbPoBUudoz2zvTk0l
2020-08-16T03:07:03.216044265Z 595 0UlzwnOorZMPXKyszABjuugbZkNAMMUJCg5RMPoK1ESmQYFpluqI3dhWpoiv
2020-08-16T03:07:03.297866501Z 596 HWafN7a8VH9UCac5AWIfcH5t9YEJzbvZvJk57VfyND45Kl5SS613vIw0PdsS
2020-08-16T03:07:03.379365003Z 597 OWt3zbXB88rEjyVX7eUumPu4b8WIVGBjL5ICvmRRRoAVPcmbqixKVeiYdlm2
2020-08-16T03:07:03.460491130Z 598 md86AfIrD9R4KqWXfqhEQsjNA4qcGIKk6HbwOkJcWE4JDkJcD9OcXcuaAAxU
2020-08-16T03:07:03.541476967Z 599 fFvWlsnecoTJKYFdkXSkttg6VEtm1Ush0dwre6PlFGmFEoLPCLsqNNcWyyQZ
2020-08-16T03:07:03.622319568Z 600 gmmDSPySXni8xIv1GINSy5XQvrtdgdkWudMMpFp1UjMgpRzmmNbSpNBUJ5Y9
2020-08-16T03:07:03.703341280Z 601 l2cMvSxi5FasTrAgUfPtQ1p0GU4yfNZADbpMIU394iRoMNjR8GAAgd0AsMl6
2020-08-16T03:07:03.784895274Z 602 4Y70yiIoHGLHz4kGNpCtxj1RJImhBHwaMLoLRIVnnuonBnonDdNCGs1XjfdM
2020-08-16T03:07:03.866852051Z 603 rkZUCeq5q7OJH0LY4SHPH5sUab8nb8WuL9wLzs7jTKwRz1i4cg5ThrRKoZjp
2020-08-16T03:07:03.948980553Z 604 7sVNttKXiIUmCpNfDcj51wgS5Ero6U3EkTb6XLoIqxcEjX4FKDhVxp6ss6ht
2020-08-16T03:07:04.030614073Z 605 Dz4Oq1zckq5tzweSEC29buekpdh3Eyq08mHiQ0HqRlIM3Jmq3dvhIAZKVQeQ
2020-08-16T03:07:04.111601203Z 606 sTW4PFpWamVPol1wixJHFYrfhYSjgROM45SUNyYCliFfkow5TglBoAONRVXC
2020-08-16T03:07:04.192288890Z 607 waEAaxPMIUU5vfn1YCkuzKMbnqyvK0LD6V1rIh7SdRX1WOLgtc806SRK5Vaj
2020-08-16T03:07:04.273375072Z 608 pRX6qabjfyd0Pb2fXE0Ed4ORvMSblbqZwYwQSYRrhZKmAOvo8HWhwruu2HU1
2020-08-16T03:07:04.354924412Z 609 tSHJPaPEo9klTiOMqX11he2kV0cc2PATL0kernsDlIsZNd21eZ1tYItfg5Ae
2020-08-16T03:07:04.436665013Z 610 kigyntAo1TXMT7QRCdT4eRIMZbLg4UOgWOq9twv7PIpRcAN8YidZmD04DAMl
2020-08-16T03:07:04.518011510Z 611 Ky8x4p89DPr0uLVYsnymy0bsO0Wg4JWf2bfvV0fXh0RKb8i91fw084UWzIE6
2020-08-16T03:07:04.599913624Z 612 7kFv9BWyTtStqrVskMGpxFDZbxfRXeYUlqmHboHxcqYvEi3zeYMGBG22IBbM
2020-08-16T03:07:04.681860717Z 613 Qd7AdqUEovUBVD4jziP55PXnWTQceVkHF9etSVYpRJ71B4VRduA9lubfBTXI
2020-08-16T03:07:04.762969081Z 614 q2LKxmqqF2R3Qf8W6IrfFnM7xlSjMIy5TM712IQUlSEDtjQtCntIs0JdLm0P
2020-08-16T03:07:04.844979965Z 615 VSmAiHgr1uGjGhqwZkHKiP5rC6fXQROn4a6UAqOXmcPnaMqJfVRtY66tV0PJ
2020-08-16T03:07:04.926017077Z 616 hEukbdRHxyM293GpPDFjvmn7MOIw0VopjPWHwdBat5k3IMzKYeVhMsApxkRB
2020-08-16T03:07:05.007098116Z 617 UkexoYNXutJM3FdwEzTKNrIyx2t0SZ0olajfp22nVBJDxQLfk6UwkZZBqU6A
2020-08-16T03:07:05.088623906Z 618 bCO5G24b8nyPa7run6vT8f3sFVqiyvpArteiaU0bbXIMQjUh9LbVSneMP6gj
2020-08-16T03:07:05.170064934Z 619 B10BzKiQSO60hfcPQjgqXBLxIh5rlYDoN4rVox7FNe6I8CaE8VfWpSaYjq3c
2020-08-16T03:07:05.251608667Z 620 nsqYuJszQ4OtCLJoBibp37IVc2N9gmPXMGAsKoP6oahJRnnPDKzKTJ6QPwKP
2020-08-16T03:07:05.332331458Z 621 eqPEww6NH98P9ZTSyjmDcmWA9cpAUWmrFbS5YXTn28wGRmsGoIWrVPj14lMB
2020-08-16T03:07:05.413933707Z 622 dOeCLNoO7yWuPBR90aC20CxuSxo2D1Fyy2EqIZdj4JSNilS2Wz5B9a2tpffj
2020-08-16T03:07:05.494358987Z 623 F79PK7As5Bnd2pnZihMY4NxnrmVKj5q3cJODZswuApLbOq3eEOgpnA1BNFcB
2020-08-16T03:07:05.575167760Z 624 8Lmeqt0ikBGm1uPJXQ7ltdaFicu4hkzmZ5C0Wp2yHBnhUEYa1MUAAZXuwfwh
2020-08-16T03:07:05.656611635Z 625 4Mjc3CFmmMuacDoaR1hC09t9T2uO86GPyLakhovPd1QATdSlA4buFo0LQuLS
2020-08-16T03:07:05.737860819Z 626 26HOfqff3P2A8VKV47a0HS99bdv5LEmtTZrF4AGGj0mrNHmEhTPIibRi9fRd
2020-08-16T03:07:05.819739353Z 627 FyHrqQrhw3mRtETklyeXXhLmeeZNdLyuNsRAi1fT6nSQkOO9KoiZAdEroYNo
2020-08-16T03:07:05.901093557Z 628 Oo5pTW2svSqsrodsrVUIz2O9oVFQZ9rTfdCOp3ZF6Ll9laO5Gc6xWSbmxxNo
2020-08-16T03:07:05.982544953Z 629 uohub4uwpXmdT8fN1q8RO6UPA3lVrtI6eDNyrsh4XaHIafW20sZJIGL1wRO3
2020-08-16T03:07:06.063403509Z 630 eJPJbyBtvioBluEiZTT50Q0TiirnPWqyZzJrYsofXEBAfmCu5VLVCn9MJkLW
2020-08-16T03:07:06.144996060Z 631 mFgzpBe2MvFfLDpBfrDUgUH79imwumLcFUarX7LFlivGQLJW5lPZHYrIYxci
2020-08-16T03:07:06.227139664Z 632 xq5vFbq1YFqYVykwB2Y4hNmPAOtQb67eCq0rbeEDo8e5okqMapIrhDDCX54t
2020-08-16T03:07:06.308877484Z 633 tcyWD5N0fXLgYaiaD6Ryav1DP4FbM0gTS346WKO9XjKuF0SyMokjpUxLJx26
2020-08-16T03:07:06.390829688Z 634 F2C4Ql686uaAMjIzRUhXbnc8WTluKGgx9sh4abJQFGulhXAgoa7z6d379UNh
2020-08-16T03:07:06.472496588Z 635 tryWer8Uld5kRgFMJJtYUAZDhcQtS0EqmIPzKT9ViqAVNriDXtWZYSrbvkTq
2020-08-16T03:07:06.553729158Z 636 ANW2I7m7lAjJQeseAilIFsqIH7wQIkr9E0yufaiDdG2HS9EiIfs9CLl1FITB
2020-08-16T03:07:06.634275403Z 637 3DifkZr0BU8JImkd6tYFeloCT5EGWhnkNqiwlt4N5FvGP3IpuTifeuQlUcoa
2020-08-16T03:07:06.715307193Z 638 KrZ1eH1tcNX9mKROr16rBmAN6Wfh5cvpqSC8svZqP0foxe0ByFHOEJXF1tlD
2020-08-16T03:07:06.796484063Z 639 5AMyS6cdELHr3f6IgcXvqrP788asjx1MFpjyAV9x6NLcVsFsUde4rMm0Ci3h
2020-08-16T03:07:06.877847702Z 640 hpGkk91zsuuNS4OqAb45tdP7zOzC73bEX9AGZLaTvpCx2jpKploWoUlJBB3l
2020-08-16T03:07:06.959691619Z 641 9eeTQXTttRVCFpn4iJi4PC3LUtCfbtJZpX7ycv4MfFJ8lpVz2Fpy1TLEbVLJ
2020-08-16T03:07:07.040845654Z 642 e9TLGHyvDFS2jgEx7shOUe5GMzzxLlqylM7DWmVX5bYrjJQOGR9vuFUjpPjI
2020-08-16T03:07:07.122911291Z 643 tkeTo9EYok99bm6gq51CDNxVzn16dlia1Rv3W4PJp8RDpCp3pxlV2enuT11T
2020-08-16T03:07:07.204645986Z 644 IkVg9EMBVOFMnP1AyHPWpCDfC54ghCxlrKmX5Skbq0xixhNv1WIKzmM1wA2o
2020-08-16T03:07:07.286084597Z 645 BCCl2hUexxJehyPF2rObXa0xDtHIqjpSG9aA669l3BocRnSr3dDzUR6MM02e
2020-08-16T03:07:07.367909424Z 646 pDdceqTdz5hFMarpQpxO2CKC203v4gJUHWTwHOXOG7sK6xNoFZvJpUnys5eN
2020-08-16T03:07:07.449151172Z 647 sroSlaky66PCXpt7f06JSwEmnmbSRxTEGMYzlFDixuScV6SwLOLdM8jCkC7O
2020-08-16T03:07:07.530642855Z 648 Bfx8iIgpYxSMD9WOVAaAjrtg0VP1ZuDoSXfXLdnnePBRg3WzwpfHhUbVuScN
2020-08-16T03:07:07.612373485Z 649 sxcGStKUeMgDiWp5J1335toJy5spk3ClWtGuPNlT4T6nC19oEBfOmEJQulLl
2020-08-16T03:07:07.694094612Z 650 AWudvfLWPIc6asZsEYG5Nzj2t7gVD8UMMgQHlPZ10OmzUMZuiZ1uva4wqrd0
2020-08-16T03:07:07.775369915Z 651 FeNc1UKZ6EkzdjFrZlSugBsZowT4fg3NKcnnwsJ45loXP9M5fwzT8QQ3NuO2
2020-08-16T03:07:07.856745452Z 652 HWxtEmdhWrpibaFfCHr3kXFgPWDMn9XHgKnDWBJoZSmlWF1p1SeXkbwH6le8
2020-08-16T03:07:07.938131733Z 653 S12VsAZmnXDXQB5UZTTsRFPiDwZFu6adIzsFIRZ8II5Bd5wIDum1sgyhApwD
2020-08-16T03:07:08.019944659Z 654 3y0xHrj7FFAO03I76MFgcpf3ULhGDJbtgfPplqycy52G0VjUNcSirh9TZRqE
2020-08-16T03:07:08.101557554Z 655 P8IXEttcNhbERvc4t3s1Av0hj9PYTSzLUlMY1M4xhuIiTAeXT0riSiRtG0ke
2020-08-16T03:07:08.182749573Z 656 SFnL3aKOUghyVvRtIoGGlAnpNSqKqmFZ8c47Q1dnRfLZoGX6QKj60GMRw7uU
2020-08-16T03:07:08.263351493Z 657 g3TUdYQlxg6CPoZKIn9vPmddoSwbx7IprPbkHy1gr5ADwmxXg488oWMFDKPs
2020-08-16T03:07:08.344216230Z 658 il6hpOZDIYHHsApTo2Vax2wWVagdGoeo5gXKXEbmNLdixFrc7clV0sJfU2AG
2020-08-16T03:07:08.425751122Z 659 MEgDWKGwmXA5vglXi5wjxTPGOyseuvEoBSDeI9O3XfZt1qkuzlxQJtyhtPEa
2020-08-16T03:07:08.507990840Z 660 nof35hqncIzedyerozVZGPybtkuoA6Zt2igCzwzTRWvIn6fGcT46xAzfKnrG
2020-08-16T03:07:08.589736973Z 661 ScJuJ6cyUMkphMRs4l1WyAEXznKmGMHIXbPZ75cl4bsOXHRfdeFbe39ANEqT
2020-08-16T03:07:08.670716446Z 662 30OEFjUdotZ5MGcoMcUnNTeGOaRgZvhoF38YJKvBMew8sznLBvh5GoWdtdvH
2020-08-16T03:07:08.751035571Z 663 4kC8hg58H3teXH0Jqx7QDECLmLqxJ3g5QFJgWpdp1AVXwLX18RkoZK2plltF
2020-08-16T03:07:08.832380698Z 664 ORAOcUX3aQVvPtekoDHY3Hp2czabtWpRVfnZ5vxjlndJh6QANbprz8IJOZRb
2020-08-16T03:07:08.913963869Z 665 O3wY7MlGANE8zWX3S7rx2tt91qR8tJRXsQfTzoqt4PPWq8UhkV4T3kVN3s5D
2020-08-16T03:07:08.995680856Z 666 5oGN8cyCxDkHt95LK6nDxBHprcw4wnqxid6b14YhOAqpRXeCGQcrk59JfzqQ
2020-08-16T03:07:09.078083912Z 667 AmDDOpUticz4juAIBEyKIGDU2Tu9ZYkTYPqTKJ5hEcVafx36z49tfYnfS8RZ
2020-08-16T03:07:09.159805371Z 668 OAc9Tf5GLD58pEu18uS59d1nVyU6khQjOAdIlBtZuPcaq3JLe0fSg70vE0jP
2020-08-16T03:07:09.241578257Z 669 IpGgRLPtByCKlSZp5zIriQXls73RmFPfwxJnAD1Q1pBZVk5bl5JlUXTlcq88
2020-08-16T03:07:09.322903826Z 670 FjpSBuwflQAjELbNzaswVNaeNMMyA0ys6Lcfpa5GeHSElWiXp1pSvVx2sHOx
2020-08-16T03:07:09.404570641Z 671 qnndOVrvSmT53h5K8WwdOPbWlZh3x5T6XgOvMheYEZV57nExq5DzRM0wUuOP
2020-08-16T03:07:09.485361657Z 672 HjVTEed9KcAT2MAT11qUPlhrLJV8xnFQ5vaTOyj31dBzs88U1M8dYhfYFuy4
2020-08-16T03:07:09.566708112Z 673 2kkLg4rxf2bsAgqKdjIhQJYzgfJHlXbNm73LsNJ3KGjJSj3ny8jj3vjh1aTD
2020-08-16T03:07:09.648989112Z 674 AFTdc95tlcl2SmPnZ1h7dq07aTso2dR1CXmdGZzYyY4miEkUPjceUCmzja4N
2020-08-16T03:07:09.730489576Z 675 PKxJdL0FZZ5cmnA6ujjsl8ANCJLEBAyJrEM2Jd76R7s4HIQZO8neZdgefQna
2020-08-16T03:07:09.811019355Z 676 j1j9G8VL1IKk0AQf2spzvkfUMhakm1a2AOzMM3DZf6mP1hrWeKX7cU81RxYF
2020-08-16T03:07:09.892729680Z 677 I3MNmbC4Okyito3cs5DQjdEYg2oEGdIqArsR6VaHDkklH05KHo67r5uj7smJ
2020-08-16T03:07:09.973461646Z 678 ZxdBBaQrgVK3KSLWjr9H489jR2OA6WxITyfgDPPGQui362sMN0diIfLtUdnk
2020-08-16T03:07:10.054940677Z 679 2jsSzhzTy52J4uptWpTI64kpqtFuLkIVnCdj3kMUVZLdhbAy1f4VBu6HAvzQ
2020-08-16T03:07:10.136661713Z 680 gdvwKLYjhEYEbBsUanyRSYH8hdK2RXyEpjbg1RGTTkTHkhJaaedsI6q85HYo
2020-08-16T03:07:10.218078290Z 681 RQDAGHiAinqZx7HcdeFnJW5jtHfwCc6tCynae2cRYLXABQZFE2WrAvJEPE1K
2020-08-16T03:07:10.300849378Z 682 PDSZi5h1Leu3xXAHVYsvCTp1fGpRsETbuBNKCtmHoXIjAOqpi1iI6joKEYAF
2020-08-16T03:07:10.380867106Z 683 gbmiXybf8f15YgLV4YxaRMcuZ6H3XFtCY8NjVB8hNsts6tl5gd17P4Mfozal
2020-08-16T03:07:10.462105141Z 684 TysbTO7euZGCOx5fSU6GCFQ0BCfCdEsTDjkPCOOPGc1jMyCtRLYhy4XG3LXt
2020-08-16T03:07:10.543216902Z 685 43HcVVDRhItkaPMvI8NZpjd3kDBTVsCU60Lp34DzRVhHncmkf4C83LwsJAJQ
2020-08-16T03:07:10.624025693Z 686 NaPQTF2ht5gXFvVmeKXxHDsOeATf06poNW26fMwiKg1nImMR5sVeEeJBZ9Zq
2020-08-16T03:07:10.705808864Z 687 eoDhZ6v2540hJx4ukVUMMYpGmkP8RyfKkRTCt4SFp2ZQdF0ZrZIzN7u9nZLK
2020-08-16T03:07:10.787566039Z 688 qvAOU4NWfO6m9aPgyBuupvtz9yXzDHftxwxpWWpp4Kmral3LZIEqHFHDVOHQ
2020-08-16T03:07:10.868186017Z 689 zUamBddXLgsSugoTysYeJJH8vrV2ACNNhW6DiSsI292LkCEVYK5zVXE8FZtr
2020-08-16T03:07:10.949380129Z 690 bxMYQ8tsjLuMdqKyx3Q0e6aUznVBWh3GvpnlRbMQElFjMKKTbP3684mkDOzT
2020-08-16T03:07:11.030853916Z 691 nbok50uYCSvlBhJZuFixgH2ZmgNHoZXP1GlJPGt269aEpf3pJs5CDsOpWgsI
2020-08-16T03:07:11.113084910Z 692 cJdqkobXnsLtX9bla2WqDxgvPTltkfB5818SPAlmbBXSYYTjDIfYmIdGJrOA
2020-08-16T03:07:11.194229898Z 693 PnxQhFeskZmLNqYupCcx0hVZEoCSU58G5HKziivJpATKh9aLk9cZyN4BiCii
2020-08-16T03:07:11.275749438Z 694 PlrFF1Ziw47mqFcSWFZu0FJedAg8AQOxScCbJWLcAzMSFFjpl2R4hnLfncM0
2020-08-16T03:07:11.356534706Z 695 1IlalAjZYQuU6EmXMUfOvDLZ8tOawzp7HZNLmY3jUOR2e8lNjvqurC9eV19C
2020-08-16T03:07:11.437042976Z 696 6xbwnL56aWsAl9MXZunM2qW40SE6wRZs02HYqmpfrBtpH8YORIMzhWcVJfzH
2020-08-16T03:07:11.518971928Z 697 oBm360x3t4adV6sf8fyoDy5Pf5vRaWaAnZvLSy39PBINddmmcezHoL19FkP7
2020-08-16T03:07:11.600345405Z 698 UoHI7B9RyJCEmJ326AtBzMBkiz1gpBRTKMmBJnhFiVlVYAlMzfH1f3i2YJOB
2020-08-16T03:07:11.681781896Z 699 NlLgtEWJG4FMrkDqBnyqO7O5bqi7pmyXH1zB8pkXjPzHUZfnVxocIHZcwW7r
2020-08-16T03:07:11.763383089Z 700 1VtAecgf0t8kyYI0fPar2aRz3sZYnEXaKveA9P02HdY5YLy9ogYPlJlhD4xk
2020-08-16T03:07:11.844548884Z 701 52h8dK12930azyYJ6CwBltRTnU6SUKFdUAA6dcU8stG05nQa8QqcPRhNg8GM
2020-08-16T03:07:11.925139626Z 702 eiFuE8MvK7nZ6LEB3g64qVKKfO9mznNyPtnJUQ9KBuIM8KmHRZubtdAUICTF
2020-08-16T03:07:12.006752610Z 703 jAQAKhcJ833UezEpLi5kVvOvfzotjwpg4sqcvRnCZb37suSw2ouVurAiip7l
2020-08-16T03:07:12.088389532Z 704 aFns2vlxYwYxBnVbwQRacUhpGAzuKmruVDFOsNHaNHacVYboNTvXo7ZvycGA
2020-08-16T03:07:12.169274378Z 705 Mfcu0ZSGxWa2hq8hTt0v3ChVc5vBnz2Eu4oBqQSTHIomPb1JEddbRWNacmEl
2020-08-16T03:07:12.250122617Z 706 zAwZp1eulEnBIsk6TpFieeN9GP2LQ1xPDLJ47fsY0J4PSm9mLZxsRDISamRO
2020-08-16T03:07:12.331657309Z 707 mFtIOJfdcfhFpThZeLEmeTcT12OkkLLNsF5VNpeKj1R8UBKKIayEUwY6Paec
2020-08-16T03:07:12.412132418Z 708 6e43w9aHkDlBflD3I6FW2PYVa8Q6g48fBIPYlRmulxwO1szgqqw3eTwH6BFq
2020-08-16T03:07:12.494039888Z 709 9x6mZ7bkJhegk8shUlYebl4e7Pff9Q20YQIGlDufVbChzjICZO3eDc9EyIzz
2020-08-16T03:07:12.574509782Z 710 5l86C5LmIGFtS5dJATC2ElxZ3gNTQkVHQrdPopDo6Yek2Q8wvjSBXEXX2NJJ
2020-08-16T03:07:12.655742604Z 711 T8axBhv9vGDxTd4ehstTyyHj2pkfY4JOMIlZRh1xPrguw0LoXdoYo1TQVRKt
2020-08-16T03:07:12.736860019Z 712 zGb9gb2z8GDWzYWPvl84ZlkrPcjg8dSaSDwOWXIf2fmCLhuWwgey0pxTAl7v
2020-08-16T03:07:12.818591721Z 713 C5c1oc8E3v0FQ5qaTU2FV4EtS1bq1FBDEgaWIENEZCBS9JQT1bmPhkqe1hJW
2020-08-16T03:07:12.900041501Z 714 aUs1QAX50d1kaemX2VTToLdf0AFiUidhUPJxyZPuGODPLhIPs7ph2GtpGea1
2020-08-16T03:07:12.981177819Z 715 hLOSkNXIvPwYO3kBuimD563LeCee3oPooacfh73BpRVaKl6PO2mClWq541yk
2020-08-16T03:07:13.062354725Z 716 mu5xbEsoPnJkERIIL2r8k7bMV0wmRzTIdxd80pI9gqF5f9bABEKdbCYMbAF8
2020-08-16T03:07:13.143715381Z 717 0E3mgKzj8NzOfgC8BIcf02MEjs8i2QX8CRCAyP5VpNpCqCKZR4tLIcSNHbNr
2020-08-16T03:07:13.224244299Z 718 U6gzFqyBjik47qacMlYscoIlq4kxyahKtuED85uyDJdZ4ONr7bGwPlEf4Sff
2020-08-16T03:07:13.305772512Z 719 fZAZ6KapWz1RSIEeTUPOzhvL4qPG9HMtbf5bYMMpXagibkGGeAKGvi1uLjv2
2020-08-16T03:07:13.387506627Z 720 2HAOnVOLjQYMALZNuICwhf9DnC5N8sZN6bIBUFiCpGezjJvVn0YN6BBLt4kN
2020-08-16T03:07:13.468899059Z 721 1qosyggTrUIZMQndY9Yd8kZyQZuSJmjmciIJJxunoikAcxar4QeedWaO4YZv
2020-08-16T03:07:13.550151873Z 722 8vZwzFuazZXACS9XIRsxJB02nOiQSdLlRRUvoHvRlYsWpujuV1dsSX343oYO
2020-08-16T03:07:13.632142881Z 723 v4o9cIvE3uVUJZ140knKX2PAz808VAUbAWE2fAkB6qmPSaC4A2aMyRMlnzpc
2020-08-16T03:07:13.713947434Z 724 DtnJc0oHJ9rq3CwnC8G7rEJm1H98ejwxK4EgkSpzcMwx95BE5Xrv6holm2e8
2020-08-16T03:07:13.795636196Z 725 iUX0hfQGGmAVr4I5WPOCO68EPEV3sEmiGEygCQuRJMvBcydKupC5BcK8f6nI
2020-08-16T03:07:13.876730991Z 726 58WdRpBe8KiW5YCdO8ehNjf5wUKE2dMdfBaxQ3mBqna9hv08vP4n7iZUuu0v
2020-08-16T03:07:13.958097282Z 727 xxGbZV5k3hZ5k5UYkLX09b7OagqTG3RRNEntSF7pIx4VfSGeMZufvCk2sP9Q
2020-08-16T03:07:14.039280927Z 728 bV9GHpmMadaWhbIMSUyDHDyjGUIAhnlbAATpCFMsLcLso8cw8CP0pLxFb6t3
2020-08-16T03:07:14.120934711Z 729 8v07EwDFBX3XEgFu3bNIhTrgFB7RqAgdTKjwjMql0hCl3n9k0JNXNt3j6H4m
2020-08-16T03:07:14.202999136Z 730 8cy4upokpM1IqyatUAT3ItxQD5T25NACpagfU9qsDBvM0p00IpLh5Dyz86C7
2020-08-16T03:07:14.284178688Z 731 qEIo1Y7qxo0xWy8AkgUFc24PsZ9Bym5dUGWB77tUA0iME5CklcC2eajPnKGc
2020-08-16T03:07:14.365145197Z 732 cKknLBVHhEQ7LNTHmYj3hHcoMaf5Q4IsK2dVrzXc13gNN1VPfShC5IPJVUao
2020-08-16T03:07:14.445897526Z 733 rRSXwWv7H1cBnceO7WJ7JO9kgXGFFdlCHzOIQoNtpT1s20CoWSIrs9xnLsU6
2020-08-16T03:07:14.526901454Z 734 8B2ri8QtD2kJYOV7ugVVAYi5lrDM0oej4pFHiZ7qi25C3XBGPGcmxjU7NUfG
2020-08-16T03:07:14.608646062Z 735 zysXaAfdeOKYWUoz8esThAlyF4aXPoHdAaXyHjxI2QcRnCYcSjcaEvRXg5B5
2020-08-16T03:07:14.689544959Z 736 pyF95KYyQ4i8OtDUthK3QQx9uyY1UGXUsmze74Pslpcx9TOxZTSq7He9frDZ
2020-08-16T03:07:14.770742819Z 737 JyzmLFoV7ywDzUrGVQLYHgrqUxHdMER3ZhnuO6tKl7Mz0awE0niRPoCbaXT2
2020-08-16T03:07:14.852938770Z 738 zCaQbxUwDIUTIBHD0EGxwvGZYFlVnwy2AtD58psnnO1CeqDEp5CGOQDOC6K9
2020-08-16T03:07:14.934049869Z 739 izpLnFjRm7Lp2QEkJLCCh4CI90n38aVSecLmTkibDxur6T9KueeYGDaRhXDx
2020-08-16T03:07:15.015967908Z 740 Ro4jBD4qp3jGFfod0SsI0MmaEPxRfe3Qk4W0YOKO5JegGfo8CLDVFROxB36w
2020-08-16T03:07:15.097943612Z 741 OiecVimD08p24fvW04woQHWxzHbmKgN9OP4OWUadNI8ZeCbpwITXMtHiPOZI
2020-08-16T03:07:15.179698502Z 742 w9G6PzCkm14WJTL22FZix4ZF2x02PYXEYn9VTZAnqhUoFaalsG4alHCnEYJT
2020-08-16T03:07:15.260370646Z 743 A5yP6McXRcWDhUBq3bpO2S0qKHqXvi1zQwitnaH8ELfjwBEoq0mj9TJe9cUG
2020-08-16T03:07:15.341713584Z 744 NVeam7MhlT57DxVHeU0wPFyPGfZ4xkG3nZLTMlM6wNCaHZ54cvvoVOThmPrZ
2020-08-16T03:07:15.422479242Z 745 ZrgAU2xNd5yiYhpF4Y01I0wFclukbdYvB5px1numve1EasKY3z1iIChyPQdV
2020-08-16T03:07:15.503341836Z 746 676bXKptRBBnaveaiSD2DwovUcAvhcfWioDHylPJx4TdiHqrOufTrTM3VEJU
2020-08-16T03:07:15.584423242Z 747 eCbbTVUuAXlw6WUWxtIMPncnguhZ8LXmt6X7c5usCwKuvIuZjiivSD4dAyAM
2020-08-16T03:07:15.665558862Z 748 NQHhIYZvXqOTtvQOvflvVeiqL76Puc98spM03sCMmjBFeJ9BlcJR6FFYfVep
2020-08-16T03:07:15.749498598Z 749 f1T56dzJhBSFoA727fewYiybK09B7XTeSuuczp5bs3XxS14XJI6M8vFt832e
2020-08-16T03:07:15.828083619Z 750 6fUdnVp6u4rtKC57zO0N4TP0o3aRfsK7HaNqfmrvgYAeZWwLXUrHplmHkkmo
2020-08-16T03:07:15.908791632Z 751 5mKOdTapEmyy2sbdjg8863caOouVjOvNEb5zeVNYXVJYe8YDcSAjfm7ps3HX
2020-08-16T03:07:15.990071924Z 752 iGTejhYZT8UpLvjzrWOSFLFXN4kEFH38m9GBsl9Re0zGhaU6UPl8lqr4wG98
2020-08-16T03:07:16.071066971Z 753 rP3SHEx6TfqD6R9Cz9wsawtqKoGeJ7dpgmTkHE6UWK61CAcIoBiV04qHV6lM
2020-08-16T03:07:16.152235410Z 754 LH9AnMrFoSDPtfJPMjXjxT7QA5h7JzVCtp7POKKQNJzejdLkjYkRwp8jLuOq
2020-08-16T03:07:16.233892963Z 755 h1xU1HlXf6ZUCAWqcFMah1Lx32HvyQLD1e9en35OUDVW8UWGYwoso1zObBo0
2020-08-16T03:07:16.315837031Z 756 af9bZg1pUICJBiACE02Zl82urirfGa4LMt6lKYO8bREd84RM9UMGGzkOTu2z
2020-08-16T03:07:16.397822501Z 757 pbeOOupIAOGqBOzO25zHdQ05iFtI8GM9isT45bpDspSXdwde6q7rqBZUNVrq
2020-08-16T03:07:16.478965204Z 758 v6tUMK1XUth1a6wxRa0TfXrDtU7L9zqh4zjo3lsPwFdKcKjauQJujRLsC4Bg
2020-08-16T03:07:16.560405566Z 759 52SthJOYbkLClhyprjF8GzGfDMY2X2e0bKix5SLPppiO14JKxi4Sd0hHx8qI
2020-08-16T03:07:16.640674697Z 760 e266Oa1ztfwQ2nRpNWpwTeMSFuD7fCXTPiWPVJugsUA95lMmgZxe6whspw2e
2020-08-16T03:07:16.722701801Z 761 AtPc72YOCQ6eEpw83eTr3xsj9XrOzs2QAx1WyOKLqpvDdqkbHPFSjDCkdyxQ
2020-08-16T03:07:16.804942290Z 762 87vQCBrixzVWHMuzaOVOX2JyOGh2EWuZXPftE5kdNpONP3DvrA4b1hTCGQgT
2020-08-16T03:07:16.886285912Z 763 2u18MM4snNucHWQk6JyDOopeAWqUyphV0OpoNus8wd4ZOnwQVWiQ22xKFxVF
2020-08-16T03:07:16.967430229Z 764 PIczwJJgKF4g4MK48RjEknLNz5igDllpxVWIqRelPmTOJkeAtUZ0vBRcx9dA
2020-08-16T03:07:17.048561501Z 765 auUzIgYQ3WMvoYwPhcdQcZpKbkA8qEnYcAADCDAeGBWi8fAiLx4vChmxyqzl
2020-08-16T03:07:17.130296903Z 766 cjKqHp2PwTPPp7yAjhN0uiVvkq1e6My4cHBo1UNHdIWESMDaMjieiTeGY0ol
2020-08-16T03:07:17.211368194Z 767 QW4V8BmoUM5CuyjB3QWMV9h9wXJ1btOJBJtbz0nhy3rAIKhL2dlKoBTp8XzI
2020-08-16T03:07:17.292319012Z 768 PYCuSIOqruDXC4Ysx36HlrLqTeCqagu0uhLocYKMRU71hUbjXZzx8POBQF0a
2020-08-16T03:07:17.373369640Z 769 BHoXLFbBUcWhRN6tiqIHE0S9CebVGUjrG9tdemXImk1Rqp8OAKcWwO9P8EBz
2020-08-16T03:07:17.454480771Z 770 wU4VnC8BFxzcGBo7ROLTphKbwg612nmicXsBeHjsTkhsGOLyjrrbYhsP0wtl
2020-08-16T03:07:17.535532851Z 771 Z8dZ4am9aETF4wFYgE6AQHJsLFalNrh4tpDDzS0JSpjW6xoUAc0duGKXH5Rw
2020-08-16T03:07:17.616306135Z 772 pKa4mv3F0FHaRcscQvw1gLTS5HNWz6FP9Kcey0wFRnrxeiyKe1raZ9bJ9U3A
2020-08-16T03:07:17.697193805Z 773 IbvUoXK2ilgrkOB3MuqHN8HfezNZ0j6xoWLTRzOpCfcO72Lu9sC15Zyz4HqD
2020-08-16T03:07:17.778776272Z 774 avXNuhR26AF0zT7z6euuBiSR0reTPXl9HJP1iJddSRegC8hXCS8ZcLxxG2jg
2020-08-16T03:07:17.860217946Z 775 4rJF9MfGvXqXTzkwG76uaXqmQZT5jVFswuZ5tbINpXlnr1Mxu9RsFIQdBbAO
2020-08-16T03:07:17.941828178Z 776 ZCkbLSZ9JWdyGmVE9ZB4HtP5CBwkh8SOwZYJoW2f4oGMECWN4Y9VTAeu8Dol
2020-08-16T03:07:18.023965640Z 777 DYJ9q8rfnkGNgMqzLDvBb6V9a3u6MAlh2Cj1vJ5H0zSJhh7BdyO8JwRNkjW6
2020-08-16T03:07:18.105743123Z 778 ER75Rksw1kiU8A9zqx8QiizLZ1z8xCabNrNvztpBFrMDLTFCVZNEetzkhAHA
2020-08-16T03:07:18.186339264Z 779 4aUBGw6z9cz9MsoWn9X6OE3BhRgaqWGcvpb171Kuy6m8KkilsVfy8PLImVW8
2020-08-16T03:07:18.267581006Z 780 AncI5PCNlgEsjSbreS2rVfHJqh4JLRbStaHWJVslCs5h7a7aTYKaPj2NoKzD
2020-08-16T03:07:18.348932173Z 781 tTcA1pruMpqD73KF1D8c7anw5Pdf47Y3yM35dRVV9Lk2HC2FROGIm1kRctsw
2020-08-16T03:07:18.430751771Z 782 2gsuXwkKjHcGiZnFmrNwtdK4NsoZVMeGUCqkFGQ7SjL8knQFwBEVYBcUOGzL
2020-08-16T03:07:18.511792783Z 783 8RkuBtPS6SXRQC93rqaU2LQ0hiEHfzwDhbUOCApHv8xBkD9MPR9VPDFhylQr
2020-08-16T03:07:18.592988653Z 784 xkRxJuAhhgvD6Ai8uxBYYHr6TEs89kJuy8Ya5ldXLrzAMWWgcxsdjLd54gik
2020-08-16T03:07:18.673861649Z 785 hoE3wvxPNTRQTdB7CaLD29uASX2gngKC5KjOKcl27DGI1IwunV6iHLnfoI5s
2020-08-16T03:07:18.755557270Z 786 yoVyGQ8GWLyTEQfZLBNY4jcgQ5OzbPDLu00oGAM7dcxNZpA9ZH4Oj8K1w3dN
2020-08-16T03:07:18.836805130Z 787 M6LAjzQvpPeb3zDobQuj0XX7s74ijxhCVDC6giQkZHiMoJ7fkP9yd6e96yUD
2020-08-16T03:07:18.918620938Z 788 CfIz3nieAMeKs92J6oZGaNfvsxFQj62olJqaHw1R480J7ryOdNNrGT0j1wBj
2020-08-16T03:07:19.000213363Z 789 SgMGKKA8fbp7DhveGGNLU2gCpcSXRFQBLkX5czXXwKSfUi6HdsJjv5xfFhiZ
2020-08-16T03:07:19.080045842Z 790 GVQFCluAzXklyQFIfJt7GfkuatwczU9hqracM1yNJdmZxilfrGHY1EhtsyoO
2020-08-16T03:07:19.161958408Z 791 5ePqEaszklMCeNKw7Va8AHKItEasfR2DzuTWQwKgeFHKiJc00wMovnIdz3Qq
2020-08-16T03:07:19.243654574Z 792 Ko03BIA6888OXNjWKhSjgi5eo46lBvwBcojMXVZD3mMeZuweGXD05byIxkDM
2020-08-16T03:07:19.325239226Z 793 45P3gSZzDMEbixdcsDQzx59paZ0kWKg9eHZ5w2Z8ZT5FOf5IW1LPaqppCguK
2020-08-16T03:07:19.406191840Z 794 7PwtQyTfqwiFdK2v9tCkHSL9KN2LLR5QoHrCn0uEt4c4zGJJ4HN8qLaY8Z3B
2020-08-16T03:07:19.487605725Z 795 6y8bsAUYv6scaSXwBLUuztJz2LY4qQDzNqqwIB1nb0EmYjKdU4n60KntMEgZ
2020-08-16T03:07:19.568582222Z 796 0RN7jfYGw7raOy63Pdgej0dCgugy0dQ5DyIAZyWE016MPxmyoIqAsppufMl6
2020-08-16T03:07:19.649810260Z 797 cz69YmwuP3iyzzKtter8wGSxtubjVjt8sihl6MCOgS6TKptWDHS4TKOml8c1
2020-08-16T03:07:19.731117324Z 798 eFcXDUUBnrrfSD8wly7CPzl4NI110Na6LHP9khLUckknVnHwjgaTQBdUnYb9
2020-08-16T03:07:19.812751422Z 799 NDcUy8rKWfOXQ8mE1d22HEG2zFsddwqoZ9ysUbrmJJnMjc2VUrUFHWXL90AH
2020-08-16T03:07:19.894410853Z 800 LK5pLJBqgg4m2TD7s0wC1qdTdp1iGXzUTJGfNZToqAW186nGljeRgWs5xqKW
2020-08-16T03:07:19.975328072Z 801 RafmrBVhPktKFVF1fqv14PK5qQE1cixdGUH0F2Hu29YJLu9WWkLJuPIhWnVk
2020-08-16T03:07:20.056724092Z 802 4ZgOPhsDEf0c76cg1PClQgFbFZYn2YVseS4J3afps7EyzED3AUqPMI3JtpzI
2020-08-16T03:07:20.138283421Z 803 8lMqICD0vmUKVFJGy6mel4p3oXvMK7rvdhjhVolLOfcC82aHrAWihmlmDkwd
2020-08-16T03:07:20.219733343Z 804 Gt14csArwvWqNuAXpYNOBlo4qESoELKSK4MSdaH13vkNjNedUgYrTqvgDnY6
2020-08-16T03:07:20.300334495Z 805 20a4dRqDbsc9yDaP7GJQ21Kt9MakQuGZS7qiUTZ0BoTOonktjCSrrQlWJ54M
2020-08-16T03:07:20.381416946Z 806 FvMKfhJovPNKemWySklZQjwSYAyUgytfBomEQl8XVs4hfIsTdmf6XleC8QVh
2020-08-16T03:07:20.462842200Z 807 ZcVmnoXGdnKfbKP1xqlTQSdttxSzYj2icwJ9ODYNbGq9bYHceVdPMRjQBfOz
2020-08-16T03:07:20.544564485Z 808 O0GwOBq2kfNWcGJCE1fQs4LTYlZ6KhyBGO8mhmImDQiDXYxmPd8j7dY5Ww7d
2020-08-16T03:07:20.625472740Z 809 nWD8QEi16Znf3XHDtBHlerE017evVqlVdp0egoPiTRBEm2arN5ReK4lerd5F
2020-08-16T03:07:20.706615759Z 810 dWDsrcNJ12E4qTMLjN9wEuudK8sA1Ierxlx2UhiHd905xZVooE55oLudE1od
2020-08-16T03:07:20.787910252Z 811 hMzQk00BckEZZcUfR16upHAvIkC5SHu7dtpL3FURe180SMRPoEcM1OJUebFn
2020-08-16T03:07:20.869685121Z 812 PSOsb5w3f2zFja1nxHaetrt0iDFrKit6V8s527vRiWozcETh4y4InOqTAQSt
2020-08-16T03:07:20.950516232Z 813 mearWg36ps9lh9tSV1Nfy6biGXKvp0BD75mmm0D6AioKaqyXdK3KIH8tHcHI
2020-08-16T03:07:21.030947548Z 814 iuiBpRW1qDfwCXrRDo6F65J09focVb3D6kIXTgcFs06k6ZRGEIESMxPq9CX7
2020-08-16T03:07:21.112636406Z 815 Fag3YY8yPBGgNHxSs3zPmX4K06uxjY1L16KivXNYeOXGa0lrjT3Y4htiVBqI
2020-08-16T03:07:21.193630260Z 816 HvW76HNIrrRzeeC9iJ1emcMM7bpocGV2YaR6MafXtJBs4paO6FT7cusiTKF1
2020-08-16T03:07:21.274650720Z 817 WVDvFGADRASkKQ6eh2sm0FId2Boyx6ku59KifZxQB8YXxQ4jMO4PAdTM08Ii
2020-08-16T03:07:21.356207615Z 818 NBrFZbkhAewyUNMdpPR061fK5XnhNFXuempZG7R94yCsdxltkg9Qzeg5jL20
2020-08-16T03:07:21.437595187Z 819 L8uxSG516IFFE8BuNKCRtmIgLvUobo6oVE06aSGFFxDih1K6w6seGjnSlr0e
2020-08-16T03:07:21.518127535Z 820 YkqOOv6ZBkvWBcJ7PP6t8D34tNxRxczIQylMk4uc8PlCNBkXZtPEf4Yx9jxz
2020-08-16T03:07:21.600070497Z 821 RKa5hrchFRiaTldEAIJvr3BNqeEcPA8yMhGVzw29QOEI9RSXFB1INOjoTc2v
2020-08-16T03:07:21.681232935Z 822 mDrFdPhJHaPS92GPc04XAWnMMIZvHT0tYlfjPJ3h9ztILHZio3zLYTD3X677
2020-08-16T03:07:21.762567528Z 823 qHFRJXDi8TzaePqiIzm1OttmMnEuCOEAsKHguaLuoIujOOjj7rvyaPQUI8Va
2020-08-16T03:07:21.844350609Z 824 ih7y3D9rIS3Xt8weJQHxpDqBkXNK1YTMBrEpp6kvEqi5dfcRntZe6AIM6QMJ
2020-08-16T03:07:21.926165924Z 825 1geTeLipCrxr2qcz6M3zUHSxsfLrvbSL0PM4DEt5MsqgTyiVxyoHVHg8gv8v
2020-08-16T03:07:22.007704173Z 826 hCnCZKdHnppbkStPKiRvrTwyDdAtANurpet4tFbJTP8QPsmeMOKMBjD5ki0d
2020-08-16T03:07:22.087999276Z 827 rZ72BmNxdV8C0M5biyh5wJR1gxZLx1lpIT91K0QfAsQtDMO1MxbmnW3TGzWc
2020-08-16T03:07:22.169976045Z 828 BCGX6gbaPD5pNWvMlCCfGsBMMmmddVimRgxZRRV2iad9sVxwFsVBGY9YfqyA
2020-08-16T03:07:22.251047874Z 829 Cy93jOe1lg6y88PfwWzjclw6kycF0dcgB094jQDPJ7drPuUDw9U0kuZYEzIN
2020-08-16T03:07:22.332119605Z 830 2PlwMDYGExrOgHRIQ3g6xfQCcnwcbCsUieDfn294W4gCPH0cCBhFq3w6VL3V
2020-08-16T03:07:22.413260438Z 831 Die7hRTnSj1VTIKmx9qq3aqCgS399VxpomBq58Ny8tNjTF2N9UlPPqmmpjmy
2020-08-16T03:07:22.494899224Z 832 PLYLhU0Cupb8SPlowZDDzkh1Dijdrllxwu03Qdn8C0chdfCH9njEydE1mhCA
2020-08-16T03:07:22.576859019Z 833 eMWOu0QFDEEFtHzVpDNZ4xIuV0jIDy3aMkVQFQi5VZs9jtOziKxHcBjyHqqI
2020-08-16T03:07:22.658603924Z 834 Trceo0ZAzWRpf4glNK55pXz6KSrJsFTjvBEhE4OjLdMuOPIzDXC5OQesyr3H
2020-08-16T03:07:22.739010340Z 835 v0XKsTQstPkCXocjTcj3TucnuCBaH5KybumQATlRFVliaMWe0c0IpKtXJF3C
2020-08-16T03:07:22.820478694Z 836 OKBO9QJdzQrKCgycw70vxN57EgO17ttHzjYluDR7AR69mTedRBcYMFZHbXh9
2020-08-16T03:07:22.901048069Z 837 sFY167BceapLUM6vRtP0YvXljDCwGL75RRP45CMLHOHJqAj7ZT6IcokfdNnw
2020-08-16T03:07:22.982601612Z 838 1sE99YzsnMbDbjgxkVnguVgTx9bvJdcNmhKvQWlZhizfPSmjsuRzgv6W3Rka
2020-08-16T03:07:23.063531573Z 839 5d7qXC83HytWfhZYMyHV0riuTyFiQuZHT3rPx0jZfw12GVrzI0HKNnsLpwaP
2020-08-16T03:07:23.145049508Z 840 K7tkOqdi3RuZWVhOVUTEiJLxfhvG1mqzo8myqOytMR3W48rfzqo9o7dZVs0w
2020-08-16T03:07:23.226904646Z 841 Jzbjp6O3GGRq3V5LXukvzm2GKmCIPhd8Gywgnh1BJvVKbEJj17AgRMdt9k5G
2020-08-16T03:07:23.308962772Z 842 jBOfR86wg5h2D6OVhLCNUAwi6yfdPA6ZJAr6bTTGSlWqXZra3z3Q6X7qK9Dr
2020-08-16T03:07:23.391111139Z 843 XO4J7ejPINX6oLjJctGhhYfXWyjdLkOVhSHg2Av8FxzYbWarJ9vEyAybtAMe
2020-08-16T03:07:23.472814294Z 844 F6oFFUCQrL6XczFrkUQNp587giAoLOXTmj6rdPp3IjjJ84ByVcMXaqDHOhmi
2020-08-16T03:07:23.554558950Z 845 L1TWRfIfxuyjOUqhZIXTge4VA6EBrvRofNAr65Y8GNseU0OPRX9fPEnJEdo2
2020-08-16T03:07:23.635184439Z 846 QeR877t3AQiLoRmUXci25ziKbS1M3CBL6B02bcAfsSCazeaBdrbEULvv28Ir
2020-08-16T03:07:23.716911971Z 847 MAYNXIb8arFYKy2bQiLciRC6jzXTD3SzvD1UJLC4gn7xvFLbPhAhgz7qLiy1
2020-08-16T03:07:23.798202724Z 848 gSJFGjOLym5JVwXABJMCyfwNMKcU5JZWIADgdSohZucf148dnW0ivAx2P7L3
2020-08-16T03:07:23.878768380Z 849 nZN6T9AnQ1t3o2SRFBLeFL3EP9lmObutq0OUESFIQyLgcupHMJDOZ1NVoT3W
2020-08-16T03:07:23.960497446Z 850 LTV8oZoSnZ5Bnp8uDE1tE5N4of8Rm61lqAOS5HCpdgaftc85iRTgJ3SuUjYK
2020-08-16T03:07:24.042070711Z 851 p2Gn5GeUheD35sSwGBUQLMMMvgM86rr50hPDamdYZE1NPtGGsUiuHVIcAWpn
2020-08-16T03:07:24.123343559Z 852 G7F1a228rmH1SrcoAvLQncriXT2X6KQPMPCMF6mFVW7GbTiQb6PxWx6D6s9h
2020-08-16T03:07:24.204739889Z 853 vZemLvUZKh3cZvAbT072qPM8ZODct8IqTim1eJewssI9zJLKH2tWg8mUJyE7
2020-08-16T03:07:24.285519279Z 854 ODshvtQOAhg4sRFyrZs9CN6kv0VVPJTGGoxeaOKtY49ZkKMKXcmACLrGm16Y
2020-08-16T03:07:24.367036492Z 855 WJuk2sCqHymV5MqjGlOPwTMvsTpriU7zEseFYhCSnv5HyeKzvHVtCfDcM8VF
2020-08-16T03:07:24.448782035Z 856 FlrEMXfxjdipYCE6bzoecTGVkNPWWZU5bPTs2Fzc00DHAZdM0Znr2dU3QgNe
2020-08-16T03:07:24.529216713Z 857 8Sjv9OWErLDOTNhI6yCPZ0GbpsNAY2TV8YkxD8Zop0mu4JDFAD7rLnj5U4kS
2020-08-16T03:07:24.611238565Z 858 1qRtWPxuZMq2YucKh3wSayNcYwMwqIK3On8fGPgPwi0mMOT0PfcyCMY4ddco
2020-08-16T03:07:24.692814200Z 859 OzpvUVtsTg3vWZjE8XZbqHDmXDa9FzM4Y8EadLVofroNwuwnZFNmG4QGtLup
2020-08-16T03:07:24.774598904Z 860 mBgVWQ8cdKczhmWgEpqDWoo81xqV5siishTUJ2P3nLekFI4BHPuvROsgD3SA
2020-08-16T03:07:24.855574638Z 861 i6iGkNddIeF9kiAEsIQrGv99lScmcUstefG716Ilkey0vm2ImpvmGF5XIYLv
2020-08-16T03:07:24.936200553Z 862 IjXafbJ49grn7Bbui7toX0x1NS2e1KyfDucIJxMb6VpSYXKnBB1HDMtrEtqk
2020-08-16T03:07:25.017186587Z 863 SiVDglffJ6lZq6zkgA7YAh3wTgbYismKBUNtVVGxDLY69wg0uK7V7k5CEPbJ
2020-08-16T03:07:25.098439295Z 864 G1YllqxI9GVpP4cEZpTDXYQ5pp8YmWszLNk7AmJOjwTWqO1KbjdWqQIiF22J
2020-08-16T03:07:25.179922760Z 865 Sr48kqay2lVS2BZuozLfH4yTdaeL4UViazblZoAfzILVWrlnzp00HiIrsY2v
2020-08-16T03:07:25.261741203Z 866 utI37899uTtkWWtjAqgpU52ITLviG7ay0MMyIm64ExiiGfaL9Y1ue9SuS7Er
2020-08-16T03:07:25.343914444Z 867 EiIQTFLMXRzJoJDtyldYy9rTR3SUHuu44pIoVG9USHEKbCpNvbeR0yzxILcP
2020-08-16T03:07:25.425618850Z 868 esaEhCbRZirC8X8JMSi5kOTD065iLPeoj16CCVkmGKdLTrLIwfkRPHNIZXTp
2020-08-16T03:07:25.506497071Z 869 EzBZoWfPuCu6eLoOX4xWzmPk6DgoFJEWSdVBGrOPqAiO2aSxmC9NUcinuOzF
2020-08-16T03:07:25.587120725Z 870 UYNYfmy4LYY8VKgGEeQ3rBSgWwasK7Sw9HJKhJmKRt695t7HSQPD3KTyyUse
2020-08-16T03:07:25.668385523Z 871 CftSSjmuaFY07p8AabHgjz34EZQBKMHe0yIH7ofQBjm8RNOyGaalo3f7PRtL
2020-08-16T03:07:25.749628156Z 872 s98cqNXd5GWUSN4VqjIUNTcYRCV8Qsf7Ml5ZUNWSDPHv913CrBx4TLEIlC4b
2020-08-16T03:07:25.831026923Z 873 DGnqwJVOMTwNa3YxXjCQakNMOR5uY0XwM6ZmP0PstMoQxO9eprQrOg2N1o8K
2020-08-16T03:07:25.912714401Z 874 Pk8NNf8i86srelNOMRoayhXxpfmOY3k7Od5XWISi7C8dnn7qHGrHt1RRc9j6
2020-08-16T03:07:25.993629771Z 875 Z2DPuNg72MJLKeYjjv6DRiSkW6DCSUh7eUSvcJnwsbiWW18jwxRP3X2KOI0l
2020-08-16T03:07:26.074638786Z 876 irkvJ5HEKY6uTWtt3VgkafJ5I198wZCXZQP4xeAiWemVTxrxe54UEyu8SOIA
2020-08-16T03:07:26.155919709Z 877 5iCNoskKSaHZ4TyyV0pU7TvMpPpNRKnT5lj4rjviQKIn2C3H5X9TOBEeu6rR
2020-08-16T03:07:26.238058917Z 878 VpwHWO1mkEZCR0XdX15fk1O0rKX1fiYgzEjyfxwP8YbesCJ3DvncAqJGpkrl
2020-08-16T03:07:26.318675407Z 879 55zuzJkhKPYdduOnqhE5aUcwsJf8jPiSJon2OfOabwG7FCq0EfvG7vSXSGUs
2020-08-16T03:07:26.400350501Z 880 KuKYEQR47Kaq3BrMlMUAqsaFWMVAM3vwv9g7gJqDypGQuxGYlS3d1PjH0rtT
2020-08-16T03:07:26.481123607Z 881 CCwAQensdn5fM7FG55Xi7Osb0wpxuYpH5xI3JEuOYigMFlvNyUJ2fFa3bISc
2020-08-16T03:07:26.562862038Z 882 jX53PrkEx9x8GB8SUn5wQ23KJjcqNgX8wXKfVQbqKRzNxnrYzFD8HiJrT5Fd
2020-08-16T03:07:26.644842201Z 883 ABiqTXkcf2DqRtqWoxCCvz8moHoGdn9yOFFjHf67TauVYRbWC97x0trvuDCX
2020-08-16T03:07:26.726325660Z 884 fy8NkoQAV4xi0wbAdXndTAsG8QTzWSZ4qVwMVN8zgMygv2z8IFNrz6vkDceX
2020-08-16T03:07:26.807930710Z 885 fndiUXLHlYqGq9PHv5XClXYD6qgBBCL5tJvHXnSfSB8MsVe1ekulVKz6IEjX
2020-08-16T03:07:26.890131818Z 886 IPKya5LiWNNEaIFlG1bclwGBp2UdgLAVy9LKdhSplhhPnhWQMzN6njlpkXyp
2020-08-16T03:07:26.971336061Z 887 lZkGAba812xLQpPA2HZxyfxRE8TeyIKebVfoCJTd9OWfN4jPvNtEpDNQJeFX
2020-08-16T03:07:27.052139886Z 888 WnpLTF6fFaeqZgS9QlbrtI5R93HlWplMDSgf2i7duX0nPdRnhvb6HaB7MzQN
2020-08-16T03:07:27.133984917Z 889 V1AbeGW0SyBkpd4jeRrsKAzPxHxn67j6HYHIvyBrK5mOCoSTZvF3fakGlxN3
2020-08-16T03:07:27.215956920Z 890 P1gLFK4JKenPySub2cavDggAHUfvTqBByRJzafGYQPEkKfFUOrrAJ7uod1ld
2020-08-16T03:07:27.297233850Z 891 oNL9utDM0J1GGgMzLYlQkKX1hj5AwZy5jjV6t0I97kqk6cw95b258T7Lp0kl
2020-08-16T03:07:27.378051720Z 892 UEk781PAzMPAAkvl13Hdx9pIdrTuit0TKdvFzKt5zgu4QtpepXLw9kTsRuTN
2020-08-16T03:07:27.459556355Z 893 qTsTr3eWWLMbGXdFBconiSepZhErcrqL5lpb7YKqEI3Us6J4Z9qiErwf7Q2T
2020-08-16T03:07:27.540692333Z 894 f1YKlSGSJ3km7uIXhzpYGxxFQDEWQlsMS8Qnf019UadICjvey1Yw6RhDuy2G
2020-08-16T03:07:27.622199183Z 895 Xhdcg2Cl3CeyYPVfH1V4zt1FLaEWyifp7KpSq8W1Ea84stLzLejkk7lVINFn
2020-08-16T03:07:27.703924679Z 896 rMrtzOwZltZygzl8g3OZjjm55dwT9hu6XxtM8k75j0NeOaxzhbYO9unr3Ar2
2020-08-16T03:07:27.785600755Z 897 HVRbRZSjCPJinKqotH2M9RMxRYU49eqGzpCpRBci98mPpSUaJBcF95vRwfDG
2020-08-16T03:07:27.866878945Z 898 QbwRGzESzjhYPEadHQFeZXb7dgI20WcNFmKfZEXKBy220pk3Qmp1iyEUByJP
2020-08-16T03:07:27.948371719Z 899 rMzNoJjIqf6YS7VXHAOcS3JTDt6hXx3cORmzyZBV9bGZMhF3F3qG7hQFuLe7
2020-08-16T03:07:28.029667327Z 900 slpNgHAxTdWMa347Z7PrIuX7SRvutHk8fMHeORNeTB1W8TxJHG5Ekr12lyR1
2020-08-16T03:07:28.109975464Z 901 lUJTUSHCww6Mx307vsU4ZpFb2j1mIeff3ORnEWJTa1mFp2Hm3n0BI0BVIGc2
2020-08-16T03:07:28.190995571Z 902 VseBJN6mVOXSB8D4B68alklkwEeFE4qXv5eFamFan9ypdU4iGre1ic6WTORo
2020-08-16T03:07:28.272503120Z 903 WjAuFRoKJtyQNYHcSAnEooxAgQ5hQeupdOuZCT965RU1d8U9akfvYb4UAYhL
2020-08-16T03:07:28.353177088Z 904 F49ZkQRtGQAK7mady7mbMafHfhcafuRlfvIUx0mjr95SBnQD0RvKzAF49AjM
2020-08-16T03:07:28.435049267Z 905 cqvS6mWMWAukp06PBat6TC7noiJzQAPqGzZn9VbvxoUhri0dhdc1RELPRwwR
2020-08-16T03:07:28.516451598Z 906 P1hZOBBy4nVJLK73Gv7fy5kGkt5OaUMKQhdIVcKoFGBL2LnuKgc1cCZzhYxk
2020-08-16T03:07:28.597193754Z 907 KBcXUWF5t5dGgOyI8eyS8ZcLL3jIfo793nbuNFQua0OcO5oOzbaCQiNk5dcp
2020-08-16T03:07:28.678761336Z 908 GpSsHe4vlCjeW61oVj90OKXOcaWxvtQLFJWkymZapaF4JBgtpOIgW9N1c49j
2020-08-16T03:07:28.761023110Z 909 YbDUJv8ryuNGlXCHhI3aF2uVjBgFeyk4WwVlLAeWdivZuHx8S5ONcd82wETD
2020-08-16T03:07:28.842842680Z 910 OuMEPI9MwzS3uAnwWmLaMJfvm9lCFHfLwUmIEGkKtlvsx8jz4NyyqSwVkdyM
2020-08-16T03:07:28.924814366Z 911 kX4Fr5OkKYCugvLG1w57GmRaFYvfgglBePLRXPvGwGgkCf2nBNM2pdJKi8lX
2020-08-16T03:07:29.006186885Z 912 UmizjGuf6RQuebSk6PVIqp45FbVMUUx85X3ZBgQueN1j8yTMeE5SYwT3dnR0
2020-08-16T03:07:29.087181011Z 913 biYBxp3WJ2a1VgNpE6G5BZwYX8a63vS81NvhFNF7m9rDHLAMbGV9kuy7eaiT
2020-08-16T03:07:29.169200078Z 914 bpHZ4eRct8pGkNyw0PPLA5g5uG984MxeLTTiugZz7O9IZBZwmseOCRfGWN0t
2020-08-16T03:07:29.250987461Z 915 PDVbzD92OfeTFjhbm91YXzBOO7dWi40JbYYtdCNEt6s4mk9Ck6USAv6E2mMX
2020-08-16T03:07:29.332647598Z 916 RFymclUfh4AfgUfyUivlSz7OMQaBTAzzR62N4kGIeAlBfZV3YzEuGJDWtStw
2020-08-16T03:07:29.414038383Z 917 SWFsXAhgWXbzG1ZOK9Vp5ZurIVKW4xe1a1YdaDV2rGUUm08myVAVwnY9Gk4E
2020-08-16T03:07:29.495177388Z 918 SOD1LqTINmKVvjW8sX7jzNcaxI1pRr3xrb9KPLoeiKNsCStnVqePhfBpoPxW
2020-08-16T03:07:29.577040207Z 919 vmMIOLABcYoqOFK0ynqHt5Z2ytrn0pSVSuoBJbo9mDTorUM25CBoU7D1Fsbv
2020-08-16T03:07:29.658993942Z 920 GxHJpCbpfvBGAuIuDi1VE9HuSYLfLilsgI25mpbPyyoNHoqDWigdpZDnBWV9
2020-08-16T03:07:29.740125003Z 921 AbFfWKkK1Lj9hvG6hAND5yZEYYycCtsFiF8H3rfcUmfKtOEpOq35zUlNHqZJ
2020-08-16T03:07:29.820577142Z 922 HwuTUGOKSHYwJ9AcH97KddVFiqMRWgresem0WWY2gdfUWFFzGGf4hXFcWYns
2020-08-16T03:07:29.902736901Z 923 DQOjjgFaCFIpSPXdMfhFXQYLBdEHBMhSIb5OgzbO5e9JyqcqzIowxhP4Ycpa
2020-08-16T03:07:29.984859206Z 924 QW1yIBvYUr7iyDlbT8ypMwsPmUbGSA1sWu2hoxszhSAvJvLrhzGOy87WVTQo
2020-08-16T03:07:30.066561274Z 925 ZOxTlEK6fwN2k2KbdWrCuyL3p7Mokb4cefKf6sFouANXbkg98PjFJYdlZnPP
2020-08-16T03:07:30.148123899Z 926 SQDSTsCVli9Y2afMD3YU0KEhIyp8INGxzz315nkVcEjYi2dQEKVhYHmrjE2Y
2020-08-16T03:07:30.229820079Z 927 xgJBaZNXQ3c29UoWsxlqjMiY0J9nHdznElWngTALnVUhBYU57ZFgI3yijlKa
2020-08-16T03:07:30.311096625Z 928 qTittQ65t3DQkmS1wVAoGwbgi02Jr5KCft6DgZAAJ5yBslMI10w9lKjw70EG
2020-08-16T03:07:30.392353120Z 929 iRPNWKLmVONzU8AvJ5nQwfwzR8hg6rnbvrcXWnewyupXAM7sPzUnA6gAZdTi
2020-08-16T03:07:30.473587484Z 930 S2W7E1zky2EaqrYn09ittRDONmtgNisQnq124yV9wJa7kq3KqplYJiG6jnMc
2020-08-16T03:07:30.554594233Z 931 KYIPoFDUfGUp31dEVBo0Vf07UISxDCa3i26pgBSMUlCdPMAC5CSiQwJbJz8Y
2020-08-16T03:07:30.635264146Z 932 dXC4d6fAZNwH5cuwtAJCekeHM75jg6Ezb11O0ggEjeaLM9kXmWX8mJQ7wYB7
2020-08-16T03:07:30.716198198Z 933 Q4LmUCRf9wY9ZwmviJLf8z3StVgrrsy0XXXVMZAJ9ooaRhq6W2ZYGPv8mMtH
2020-08-16T03:07:30.797103923Z 934 zbjbj8JKIhdRT5izjICGuhimlpBL7GVKBkyUM7uNTAieR5nM2xWP8N32RHpb
2020-08-16T03:07:30.879001717Z 935 YV6FSWPmmHtoA1amaHJZt68pKUHgy2hFCIdFyGpQbsZwbNj39vhIq7k7VkTj
2020-08-16T03:07:30.959737931Z 936 T4xsOWsNDq9oF99zq4kPAM3rLIg2Oajeh5tNZHYzPjlGc0BMoUFuJycr1LgU
2020-08-16T03:07:31.041041884Z 937 Q1dUWZXth61WDyBFnmF5BA0BNtDZBKUssWiOw8GgOgCsu9Y1OpMR2HsVGXOj
2020-08-16T03:07:31.122206569Z 938 kiI0b13g1zCNvXknwGi4BWY3Psu1YErSkLsMey4UD9xmXVARyxWbj7CnuLqE
2020-08-16T03:07:31.203870117Z 939 8UZU1qKV7eEL88IcQEvdLK8wTcl272KvWACSZbLjkNqFOKJh5WVb5kjyWvpa
2020-08-16T03:07:31.285496829Z 940 FYBl6u76D6AuiqYM65KbjhlsrUASk1wtLFv3ZsaOKb1OLcM70hYfkmhC0lmJ
2020-08-16T03:07:31.366631374Z 941 5kfxPBV6DwQOBphirYaVxRWV7BKmXYa732tqU0EApP9f3xqYht0jDDVTMCxs
2020-08-16T03:07:31.447936362Z 942 Fy0nt0AMhMygDOyfh6A21yqvHOBcxwzkLOlvJ5uquyZwHzNdeZXBUQJdym4A
2020-08-16T03:07:31.529668560Z 943 32XznAYmQfdvoiddpi4MkLZ7UI0DcojY1p2gDmafr1rQX7GyuxUHPQFyjkXP
2020-08-16T03:07:31.610273316Z 944 AhHCMER8aHdZF2iRXndwCRuR4S8eFwqy7uuGHOLNZGPqqabWwNNOlCaj9J7L
2020-08-16T03:07:31.692024206Z 945 a4Aa3XZTaiHs2ld1OyPwtHrKID7DX4cAPpWxx1irzIPKh5jCxZKFzftoFaC7
2020-08-16T03:07:31.773793287Z 946 BThSACPzlICbSIVrENhaIt3d4f9y7kSM8UOkFKs9EFejuOhLZS8LCwxMAhqy
2020-08-16T03:07:31.855910132Z 947 fNsvCi5aGBjQYjJSyQQtexYncudLoXqGBHPRaWjlXrsEA4lbGjggdFAkzJhJ
2020-08-16T03:07:31.937361884Z 948 J4ow53AEuskKe0lIQBbMPfDJ2CIpNyfBQkRcFGKvjzU7HiD6Gyupphxnv6Rh
2020-08-16T03:07:32.018323998Z 949 vgmX6xxvj3oznZcoVzoEN1icbCAEEmAcYsTTFH5FeuajrIjzIKSXWWIQfJop
2020-08-16T03:07:32.099801369Z 950 LZml2QADeieBNAV67rli8CwidQYAdPDt6GtR84vu1JJXtyTeLtgwIRsprKQj
2020-08-16T03:07:32.180478419Z 951 s5iIq2lX5Q62PmumEUraj5m4doNq1kdK5CVk9pjhN12ktPAT6KTGEpBmzd5y
2020-08-16T03:07:32.261591280Z 952 De4Wthz7STDjGtiivIxXxlUeIMc2NWxWGaiGfHYESOwxQlGzLTmYlLy8lPVI
2020-08-16T03:07:32.342243452Z 953 doGsnVwTsZNZol9GB8y7rRZZqacr0S8Sep2lhMCTRQKq3c31ZF3Hc9uvpdFb
2020-08-16T03:07:32.423077547Z 954 sE2XQCSpGdZkHpDiZZ8To8wjBur1QkljwErbQEC9GQAvKoidWzj4KIm7t2c9
2020-08-16T03:07:32.504262287Z 955 TvkXt78RAUIzOavIO4JNGtGGYKEWNbn2L8C54Xf197EK7jx3Cr9SZMaLBFog
2020-08-16T03:07:32.585110557Z 956 hXfjCxd6z7mnRBqCavlVJE14RXi5mEBia94CKQoAfou4RgoxS8KEpnXl1rPZ
2020-08-16T03:07:32.666226455Z 957 yELLieH1eBGbU7McWjSAq3AZDvMJSD4Da7izR25FPjQrL1A8cNenNe7iAeZj
2020-08-16T03:07:32.747611410Z 958 FOKsWXNvIPXXYon91kBMiNb46rkiPKuyXYMiLY9UeBWy81r4U4kDswRCCgE1
2020-08-16T03:07:32.828164322Z 959 AU2tn2fE0IXFDhJn3rfZ0lObGdwi2Xd7DFXx7bABIUlfqYnUWAPHBGQqfGEe
2020-08-16T03:07:32.909309970Z 960 OaHdBvT8ZdyZavsAEqYoHI7XibhGn6mukQEB6AAjRNtmfCcZTRNY2JxkdHKo
2020-08-16T03:07:32.990204950Z 961 3TREnBcN3G4d86idURFoUlZ4GZD961UvBrGpbNN5tvPjUIttl7FnJReP5SOf
2020-08-16T03:07:33.071917889Z 962 g8BZGofNzfhFXkMgD5t0X7eM4VxGulCCDclmAB3fSA4MyJBInxtNQaQkcmmJ
2020-08-16T03:07:33.153733017Z 963 2f5ZlVoTTpTfCPfSlkrgsvkX60nNtUBJoXmb2FkWq52feWRyQjS56exPP0QU
2020-08-16T03:07:33.234432757Z 964 9C0v8QXVUjHUBku0wme16qEPK8OalhYIwtA46gjkNJZvrrGlMkCuHJ1zIauW
2020-08-16T03:07:33.315414099Z 965 30pz0RAt6BJojUo8f8oXrIf2wBPMXS8BapxRnZwo5N4pLeAQ3kL4fyprpgrl
2020-08-16T03:07:33.396973237Z 966 bh8VB69EzQiwu42y7BbIJkWzAbd5YNDEK3g3ALUXkqPqkbF0Rla5AYbSckin
2020-08-16T03:07:33.479032860Z 967 FCUiraMW1BFB3hXCYROhTVkoR98tMQezQSX1YFUCfz0Sws6YpZwTK0WU5SeR
2020-08-16T03:07:33.560918532Z 968 rEVaVQsMacvGKFRPNULpG7ZWGXNi0rALhpI9HqkvO0gLfp0u384BEv5vk8gA
2020-08-16T03:07:33.642629171Z 969 yNSvQlF4uM97TzsTzrGrwsbYRdtLXCSU9SRFRh1hjF7Qhzbpn2Njma9aXnNd
2020-08-16T03:07:33.723716289Z 970 xhavrQeHnLgw9sa4JobtDC7dlqJS59EbXnOsWMuIJZLXThdc5tlhT7FbSHEw
2020-08-16T03:07:33.804352522Z 971 6macqDsOUuWaoYTcPb3PqmSJrAXjRzJUAEst2JL8hYjR2cln9dZ4eg0ZYWAq
2020-08-16T03:07:33.885217368Z 972 LXdXtFfCZXYY7Zg1kUWPHeoGkZOnZwc6fZldS2gxiUMiR3g7KteCdFb414zU
2020-08-16T03:07:33.966746912Z 973 CN0uY0AfGNudbNas4j17c6peY0XFK6gEgWDyTgBG1fUZluWdwtxYOv338ga5
2020-08-16T03:07:34.048481485Z 974 F4BCvX0Dnz6xDtjenPk5uYIvF0FA7UUDehNXwHxIx8XYGlywRC9uLdt4zPcl
2020-08-16T03:07:34.129072621Z 975 uy2DjNF0AzqhECmw8ZCGbfozkstYjUI8dUmVMhfWkhUDjLDSahuCNffyO1yf
2020-08-16T03:07:34.210284967Z 976 wZCVH6dWmtN7KRZkfc55zRhK4voQoOnPNJBjF37UrvBk3uw9MUUGXZUq1DCx
2020-08-16T03:07:34.292126096Z 977 vtGD61UuvVxb5GtrSpTxhHm2wzMF94vCpGPFTwy6P465k2ZXqB9hyEUHUoqR
2020-08-16T03:07:34.373984879Z 978 hYJkOQsKDvg2udbSA9bGBnp6cJQHKQVCnz0OY7ExVdkH0fDOgerYS7YFi2vs
2020-08-16T03:07:34.455166909Z 979 ON4nPgHokZHIphX3wxRJmYqJBPO17Hmud7ZdhCwz1ob0Uw948Ly6WuGLba0N
2020-08-16T03:07:34.536744099Z 980 uakiFToRDJvKfBS1SiOE6rVR3YN0LOeNVhvKcRte4q6689UOrgUq4hjH2OE7
2020-08-16T03:07:34.617758772Z 981 LNyn3uwtD0v2kobcBcaIx0B8Njxl4v5aOfdvBRCZrUQDKrCwC1tESHvgiE7A
2020-08-16T03:07:34.698526846Z 982 fuuQ9M3iPvH5Wzw2y2FVxJ0NpT7ltl4RaXimGCitsmMLMZWzUuzl30bwOJRn
2020-08-16T03:07:34.779220723Z 983 7LZpEzF0zi9ESdEczNtNkrMbJ3U2hXhByhUMAmXesEkFULPJSfpe1GDHnODD
2020-08-16T03:07:34.860794908Z 984 8Z6YpYA9ZLHC5O6lZprf08bbT9EiTDxUkfi5e0U1lqIiBrVt8QSIZuuhCvl5
2020-08-16T03:07:34.942179698Z 985 7ZmoKnIRYHvHceXm1Dd483FvS2T5WKrEEw0lNgTcCbdgi4dyoho94fImaBaz
2020-08-16T03:07:35.022735757Z 986 ZW2h0aF5ntqp8yIAMQJOzL1g0YZU7EsdrK1T4dMQkLkBlWYhbYeXFQPYp0ts
2020-08-16T03:07:35.104472612Z 987 KWG7RgcWqmGHDS94111Z9hCOAd8JvSSoQZdz330Arv0UQ6oCSNOHpwjGRYfn
2020-08-16T03:07:35.184998267Z 988 rH9zkXOiBk2uWLVdPrix37vRXbPMOZ3LtQnf0LFQMLLOwewXc9IbtmTY7bqO
2020-08-16T03:07:35.266367818Z 989 QB7zaw5LvLoybCnuqTsiPyIOT9w1HvRdc01HRYAlm73bPioRT57qG0bfkh4z
2020-08-16T03:07:35.347219720Z 990 dgSRqOtEvif6fJdsmWmsjy7cupBoUlZYDB0M0Ve1MSQ4WDVlbCYx96ZLWlea
2020-08-16T03:07:35.428538057Z 991 na0eJjiHo0zqEYBGcBFoOwMSD8x4vIVOilnjYeZkfiaBuyplYXwNotiGDRJx
2020-08-16T03:07:35.509227168Z 992 mhi9fWkuey4dGWZ8a8tM8qRXVYHyXlAnr8kLJYYh1JfA9T45bbYQDH5OQLO7
2020-08-16T03:07:35.590511171Z 993 AQ96qJghxsnxCV3QntlmFWmcWpxOg0kPBEhVS0fdzzb2ZHenWYmRY3X6QEUH
2020-08-16T03:07:35.670946161Z 994 4JEdWNDV7UfTaGyfmL4XcSjcKLNSY2XvjOhseEijjcY4ISxlWcgRcYVo1ay3
2020-08-16T03:07:35.752272032Z 995 xleK8evvM6S9bH0F4qL1S8W4Pm9PpBhFnBJsopxFWOQkHG7XombDvxVSZFw5
2020-08-16T03:07:35.833079073Z 996 K5GZbnRzxY7rRYDbBS8YGjMN6EwO7xiCZh8jgv3vmtnU0sx5UVTrTy6aJcFP
2020-08-16T03:07:35.914998067Z 997 DkWjWg24dTMiQNK25TtwvCyraOZM1JIHkJJRnfLV4wMlk4WSbLSSZQykTvfk
2020-08-16T03:07:35.996919239Z 998 mv9RiACsGzfayudoUyLYdA3gOss7D0VOP5bGgVCGGPgMbV1VI2aFyuHV3pdm
2020-08-16T03:07:36.078303272Z 999 UW2nHerSb5K7uC5PgniCKxdL2n9gufirW9eDL9VIdEYdqaCoSzTofh0RDYuy
