2020-08-16T07:03:22.781525753Z 0 AUoAkW
2020-08-16T07:03:22.862949487Z 1 ZqWoXI
2020-08-16T07:03:22.944351095Z 2 zjHJOh
2020-08-16T07:03:23.025818621Z 3 HiDPSg
2020-08-16T07:03:23.107167794Z 4 PR0She
2020-08-16T07:03:23.189031502Z 5 PhiauI
2020-08-16T07:03:23.270579322Z 6 WQWNCu
2020-08-16T07:03:23.351877235Z 7 2iEQgT
2020-08-16T07:03:23.432907151Z 8 KZ74x4
2020-08-16T07:03:23.513362541Z 9 rscczZ
2020-08-16T07:03:23.596129747Z 10 nAwWx
2020-08-16T07:03:23.676277371Z 11 IX0jT
2020-08-16T07:03:23.758346577Z 12 FpyxR
2020-08-16T07:03:23.839322723Z 13 b3BOJ
2020-08-16T07:03:23.920847968Z 14 3873W
2020-08-16T07:03:24.001551148Z 15 l8ftM
2020-08-16T07:03:24.082671003Z 16 Sdp5e
2020-08-16T07:03:24.163785336Z 17 Y5gIB
2020-08-16T07:03:24.244519420Z 18 DL8zx
2020-08-16T07:03:24.326054099Z 19 QANcM
2020-08-16T07:03:24.406890323Z 20 undvl
2020-08-16T07:03:24.487867050Z 21 kVjko
2020-08-16T07:03:24.569384086Z 22 hjUR9
2020-08-16T07:03:24.650910884Z 23 9wQqQ
2020-08-16T07:03:24.731751323Z 24 AQTVc
2020-08-16T07:03:24.812553046Z 25 Yqfng
2020-08-16T07:03:24.893610029Z 26 ZeQsM
2020-08-16T07:03:24.974052049Z 27 Vo12R
2020-08-16T07:03:25.056538270Z 28 nA9mr
2020-08-16T07:03:25.138189499Z 29 DRsZH
2020-08-16T07:03:25.220270421Z 30 Zl3aE
2020-08-16T07:03:25.301400334Z 31 YUizB
2020-08-16T07:03:25.382529466Z 32 l1mKw
2020-08-16T07:03:25.464154726Z 33 oau8T
2020-08-16T07:03:25.546050078Z 34 V5uOK
2020-08-16T07:03:25.626875345Z 35 9D9Bh
2020-08-16T07:03:25.707509957Z 36 zuOQ1
2020-08-16T07:03:25.788460576Z 37 bOsBI
2020-08-16T07:03:25.869824755Z 38 WHdRZ
2020-08-16T07:03:25.950739237Z 39 TCwO0
2020-08-16T07:03:26.032282572Z 40 3ahH9
2020-08-16T07:03:26.112906107Z 41 krOtC
2020-08-16T07:03:26.193461836Z 42 MDcP2
2020-08-16T07:03:26.274897367Z 43 NympN
2020-08-16T07:03:26.355410177Z 44 2Qz50
2020-08-16T07:03:26.437024696Z 45 wQ2bD
2020-08-16T07:03:26.517462383Z 46 I4bev
2020-08-16T07:03:26.598788272Z 47 pxjbX
2020-08-16T07:03:26.679399457Z 48 Qgd7U
2020-08-16T07:03:26.761193150Z 49 89Thq
2020-08-16T07:03:26.842721154Z 50 OmEh4
2020-08-16T07:03:26.923345025Z 51 f02qR
2020-08-16T07:03:27.004999370Z 52 lopvl
2020-08-16T07:03:27.085700977Z 53 LYipj
2020-08-16T07:03:27.167338466Z 54 fF9pf
2020-08-16T07:03:27.248903227Z 55 XiQnL
2020-08-16T07:03:27.330327076Z 56 yupAD
2020-08-16T07:03:27.412064908Z 57 IGnhZ
2020-08-16T07:03:27.493565617Z 58 QiJUP
2020-08-16T07:03:27.574691055Z 59 dXHlM
2020-08-16T07:03:27.655837266Z 60 p6iAz
2020-08-16T07:03:27.736962647Z 61 AXeHn
2020-08-16T07:03:27.817912125Z 62 W1jf8
2020-08-16T07:03:27.898436078Z 63 d24lG
2020-08-16T07:03:27.979559048Z 64 A7zIg
2020-08-16T07:03:28.061026279Z 65 CHNsZ
2020-08-16T07:03:28.142312900Z 66 ZuXHv
2020-08-16T07:03:28.224305098Z 67 EYlMP
2020-08-16T07:03:28.305854878Z 68 vlJSR
2020-08-16T07:03:28.386494463Z 69 ZZzU9
2020-08-16T07:03:28.467930519Z 70 BnJij
2020-08-16T07:03:28.548791925Z 71 iY05n
2020-08-16T07:03:28.629338846Z 72 UpO2H
2020-08-16T07:03:28.711072663Z 73 IXpj5
2020-08-16T07:03:28.792931305Z 74 9DAij
2020-08-16T07:03:28.874512916Z 75 Cxtwz
2020-08-16T07:03:28.956368887Z 76 WJPb9
2020-08-16T07:03:29.038325977Z 77 2gqbF
2020-08-16T07:03:29.119654122Z 78 UwjvQ
2020-08-16T07:03:29.201413355Z 79 gL6em
2020-08-16T07:03:29.282902378Z 80 my7Hb
2020-08-16T07:03:29.363579764Z 81 MdI77
2020-08-16T07:03:29.444328860Z 82 5FZPl
2020-08-16T07:03:29.525567201Z 83 3wUOo
2020-08-16T07:03:29.606838172Z 84 VLPxT
2020-08-16T07:03:29.688166210Z 85 W4Y2G
2020-08-16T07:03:29.769015828Z 86 KbhLM
2020-08-16T07:03:29.849674785Z 87 HnMyd
2020-08-16T07:03:29.930375814Z 88 X92Kc
2020-08-16T07:03:30.011953935Z 89 wyqbU
2020-08-16T07:03:30.092748170Z 90 TsNV7
2020-08-16T07:03:30.174379779Z 91 wLHAc
2020-08-16T07:03:30.255351862Z 92 sSa36
2020-08-16T07:03:30.336371684Z 93 XPYwW
2020-08-16T07:03:30.418090999Z 94 UBnll
2020-08-16T07:03:30.499610758Z 95 g3Yuo
2020-08-16T07:03:30.580197577Z 96 LUEQ5
2020-08-16T07:03:30.661583529Z 97 GWmDj
2020-08-16T07:03:30.742269358Z 98 L5bXL
2020-08-16T07:03:30.823623229Z 99 KuNdz
2020-08-16T07:03:30.904915003Z 100 sMqB
2020-08-16T07:03:30.986217959Z 101 bort
2020-08-16T07:03:31.068044049Z 102 Gry4
2020-08-16T07:03:31.150448240Z 103 MEkI
2020-08-16T07:03:31.232401412Z 104 M46m
2020-08-16T07:03:31.313563431Z 105 MG4j
2020-08-16T07:03:31.394529211Z 106 aChU
2020-08-16T07:03:31.475241412Z 107 d85h
2020-08-16T07:03:31.556684547Z 108 6tHy
2020-08-16T07:03:31.638369522Z 109 egAe
2020-08-16T07:03:31.720393046Z 110 erGB
2020-08-16T07:03:31.802101415Z 111 yTvi
2020-08-16T07:03:31.883824229Z 112 1p9T
2020-08-16T07:03:31.964819661Z 113 czeE
2020-08-16T07:03:32.046179207Z 114 vO1q
2020-08-16T07:03:32.128151322Z 115 KhvR
2020-08-16T07:03:32.209737964Z 116 8U64
2020-08-16T07:03:32.290949549Z 117 kTe6
2020-08-16T07:03:32.371663344Z 118 rQkW
2020-08-16T07:03:32.452593998Z 119 ipuo
2020-08-16T07:03:32.533801696Z 120 sHv1
2020-08-16T07:03:32.615191641Z 121 Fo2l
2020-08-16T07:03:32.696723428Z 122 aWip
2020-08-16T07:03:32.777561083Z 123 iiTN
2020-08-16T07:03:32.858870081Z 124 sXOy
2020-08-16T07:03:32.940242677Z 125 7IzS
2020-08-16T07:03:33.021341341Z 126 C5RE
2020-08-16T07:03:33.103297664Z 127 gOqd
2020-08-16T07:03:33.185022450Z 128 I0wZ
2020-08-16T07:03:33.266936948Z 129 dWhh
2020-08-16T07:03:33.347549071Z 130 QU2e
2020-08-16T07:03:33.428798457Z 131 kHWQ
2020-08-16T07:03:33.509814822Z 132 GDjU
2020-08-16T07:03:33.591050486Z 133 644V
2020-08-16T07:03:33.672634848Z 134 KqVC
2020-08-16T07:03:33.753957359Z 135 W7b5
2020-08-16T07:03:33.834886992Z 136 g3Od
2020-08-16T07:03:33.915430531Z 137 4ZUJ
2020-08-16T07:03:33.997188536Z 138 5ckQ
2020-08-16T07:03:34.079093321Z 139 Au6J
2020-08-16T07:03:34.161209485Z 140 6mLW
2020-08-16T07:03:34.243353216Z 141 Sizt
2020-08-16T07:03:34.324800283Z 142 aMXw
2020-08-16T07:03:34.405484300Z 143 MhPb
2020-08-16T07:03:34.487149062Z 144 DA7C
2020-08-16T07:03:34.569190294Z 145 H8KN
2020-08-16T07:03:34.650630639Z 146 3r3Y
2020-08-16T07:03:34.731712477Z 147 BTsW
2020-08-16T07:03:34.812657270Z 148 pVz6
2020-08-16T07:03:34.893860021Z 149 M0q5
2020-08-16T07:03:34.975014063Z 150 dpl0
2020-08-16T07:03:35.056693561Z 151 EB9b
2020-08-16T07:03:35.138182214Z 152 wic6
2020-08-16T07:03:35.220264355Z 153 pmI0
2020-08-16T07:03:35.301631657Z 154 1J4B
2020-08-16T07:03:35.382502033Z 155 254b
2020-08-16T07:03:35.463357721Z 156 v39P
2020-08-16T07:03:35.544954824Z 157 4XYg
2020-08-16T07:03:35.625920317Z 158 rt5b
2020-08-16T07:03:35.707261197Z 159 nALu
2020-08-16T07:03:35.788722643Z 160 Iggz
2020-08-16T07:03:35.869961803Z 161 femw
2020-08-16T07:03:35.950595599Z 162 WLLv
2020-08-16T07:03:36.032718970Z 163 kwyy
2020-08-16T07:03:36.113873510Z 164 J5dH
2020-08-16T07:03:36.195162066Z 165 LMFY
2020-08-16T07:03:36.276410103Z 166 taK5
2020-08-16T07:03:36.358183827Z 167 X45t
2020-08-16T07:03:36.439991744Z 168 VsMw
2020-08-16T07:03:36.520571131Z 169 tA8G
2020-08-16T07:03:36.601333630Z 170 WwcM
2020-08-16T07:03:36.682391424Z 171 2f2R
2020-08-16T07:03:36.764142874Z 172 SdxA
2020-08-16T07:03:36.846276841Z 173 s5to
2020-08-16T07:03:36.928237605Z 174 RB0l
2020-08-16T07:03:37.010212070Z 175 DjXG
2020-08-16T07:03:37.092257340Z 176 E2YF
2020-08-16T07:03:37.173692758Z 177 kDhG
2020-08-16T07:03:37.254607376Z 178 bkSp
2020-08-16T07:03:37.335184276Z 179 YOeM
2020-08-16T07:03:37.417505980Z 180 MElr
2020-08-16T07:03:37.499209801Z 181 T4oE
2020-08-16T07:03:37.581237566Z 182 TSDx
2020-08-16T07:03:37.663138267Z 183 YhKZ
2020-08-16T07:03:37.745068289Z 184 cQE5
2020-08-16T07:03:37.826684423Z 185 B6a1
2020-08-16T07:03:37.908085373Z 186 XzdH
2020-08-16T07:03:37.988571813Z 187 zvrW
2020-08-16T07:03:38.069791456Z 188 Lmwu
2020-08-16T07:03:38.150766369Z 189 vTnf
2020-08-16T07:03:38.231356536Z 190 yoKl
2020-08-16T07:03:38.312895949Z 191 DFCy
2020-08-16T07:03:38.393759912Z 192 Nsqn
2020-08-16T07:03:38.474678887Z 193 usQr
2020-08-16T07:03:38.556047132Z 194 45Ct
2020-08-16T07:03:38.636895342Z 195 Oufy
2020-08-16T07:03:38.718010363Z 196 yy6C
2020-08-16T07:03:38.798505341Z 197 3MfW
2020-08-16T07:03:38.880267729Z 198 qKDW
2020-08-16T07:03:38.961944319Z 199 P3i8
2020-08-16T07:03:39.042926535Z 200 MbID
2020-08-16T07:03:39.123906736Z 201 wQJC
2020-08-16T07:03:39.204451166Z 202 lT6C
2020-08-16T07:03:39.286151850Z 203 MqXB
2020-08-16T07:03:39.367914660Z 204 oVVx
2020-08-16T07:03:39.448741270Z 205 sE6o
2020-08-16T07:03:39.529463762Z 206 GyLJ
2020-08-16T07:03:39.611367608Z 207 MjtT
2020-08-16T07:03:39.692481594Z 208 41ni
2020-08-16T07:03:39.773792628Z 209 sO4Z
2020-08-16T07:03:39.855185139Z 210 FoDb
2020-08-16T07:03:39.936669425Z 211 0XEg
2020-08-16T07:03:40.017689626Z 212 oiV0
2020-08-16T07:03:40.099020385Z 213 BK1Z
2020-08-16T07:03:40.179582797Z 214 WA2W
2020-08-16T07:03:40.261197291Z 215 Di9M
2020-08-16T07:03:40.342562620Z 216 Gqtb
2020-08-16T07:03:40.424171919Z 217 GmV0
2020-08-16T07:03:40.506219404Z 218 5hJg
2020-08-16T07:03:40.587340662Z 219 OLxJ
2020-08-16T07:03:40.669087831Z 220 wrvb
2020-08-16T07:03:40.750909011Z 221 0J36
2020-08-16T07:03:40.831895216Z 222 fuGY
2020-08-16T07:03:40.912575374Z 223 J2uU
2020-08-16T07:03:40.993378255Z 224 k940
2020-08-16T07:03:41.075307386Z 225 4xIA
2020-08-16T07:03:41.156382024Z 226 X7r1
2020-08-16T07:03:41.238054034Z 227 yuqv
2020-08-16T07:03:41.319168054Z 228 HvdH
2020-08-16T07:03:41.400974825Z 229 96xN
2020-08-16T07:03:41.482642972Z 230 FwDN
2020-08-16T07:03:41.564065596Z 231 HKXu
2020-08-16T07:03:41.645802378Z 232 zncU
2020-08-16T07:03:41.727191527Z 233 CPJk
2020-08-16T07:03:41.809140023Z 234 lvm2
2020-08-16T07:03:41.891031206Z 235 U5FV
2020-08-16T07:03:41.973252434Z 236 TZYD
2020-08-16T07:03:42.054986203Z 237 VgSW
2020-08-16T07:03:42.136455159Z 238 AD3o
2020-08-16T07:03:42.217973663Z 239 2Iw5
2020-08-16T07:03:42.299916377Z 240 Kruv
2020-08-16T07:03:42.380392991Z 241 vBfB
2020-08-16T07:03:42.462155301Z 242 PCTP
2020-08-16T07:03:42.543419871Z 243 h0dG
2020-08-16T07:03:42.625228028Z 244 5vIy
2020-08-16T07:03:42.706946139Z 245 Os5e
2020-08-16T07:03:42.788098404Z 246 aQSl
2020-08-16T07:03:42.869329945Z 247 f92Q
2020-08-16T07:03:42.951137090Z 248 af2H
2020-08-16T07:03:43.032505827Z 249 zoV7
2020-08-16T07:03:43.113977384Z 250 zMfs
2020-08-16T07:03:43.194467236Z 251 0qkS
2020-08-16T07:03:43.275526204Z 252 onaH
2020-08-16T07:03:43.356352982Z 253 UIe5
2020-08-16T07:03:43.437559375Z 254 xwgP
2020-08-16T07:03:43.518087741Z 255 jtCj
2020-08-16T07:03:43.600130777Z 256 VUiH
2020-08-16T07:03:43.681701726Z 257 No88
2020-08-16T07:03:43.762959602Z 258 18BX
2020-08-16T07:03:43.844078902Z 259 P66I
2020-08-16T07:03:43.925122530Z 260 ZBVz
2020-08-16T07:03:44.006322052Z 261 cYRD
2020-08-16T07:03:44.087356340Z 262 pvQm
2020-08-16T07:03:44.168505496Z 263 p44X
2020-08-16T07:03:44.250448456Z 264 RCYU
2020-08-16T07:03:44.331860476Z 265 IJOv
2020-08-16T07:03:44.413099232Z 266 jowo
2020-08-16T07:03:44.493787483Z 267 04Pw
2020-08-16T07:03:44.574577420Z 268 6h6P
2020-08-16T07:03:44.655503598Z 269 GeB9
2020-08-16T07:03:44.736914379Z 270 AcBZ
2020-08-16T07:03:44.817640655Z 271 6yco
2020-08-16T07:03:44.898658807Z 272 UAbz
2020-08-16T07:03:44.979417378Z 273 DqHo
2020-08-16T07:03:45.060985350Z 274 YjRX
2020-08-16T07:03:45.141653849Z 275 mckV
2020-08-16T07:03:45.222833302Z 276 P02W
2020-08-16T07:03:45.303924630Z 277 OI0C
2020-08-16T07:03:45.384914242Z 278 kU80
2020-08-16T07:03:45.465579550Z 279 Skdt
2020-08-16T07:03:45.546567009Z 280 DlpG
2020-08-16T07:03:45.628440775Z 281 Kjq8
2020-08-16T07:03:45.709381817Z 282 enU8
2020-08-16T07:03:45.790913385Z 283 T9oz
2020-08-16T07:03:45.871274631Z 284 Q7fu
2020-08-16T07:03:45.953065635Z 285 kK1I
2020-08-16T07:03:46.034946008Z 286 EeQb
2020-08-16T07:03:46.115512036Z 287 L7qF
2020-08-16T07:03:46.196203615Z 288 690m
2020-08-16T07:03:46.278275766Z 289 RT9P
2020-08-16T07:03:46.360118664Z 290 qMME
2020-08-16T07:03:46.442355711Z 291 Yk66
2020-08-16T07:03:46.523592076Z 292 aHYC
2020-08-16T07:03:46.604633408Z 293 9Axl
2020-08-16T07:03:46.686334889Z 294 rk7T
2020-08-16T07:03:46.768107315Z 295 xtLl
2020-08-16T07:03:46.850066892Z 296 O44p
2020-08-16T07:03:46.932287104Z 297 gJ3o
2020-08-16T07:03:47.014136398Z 298 oR8B
2020-08-16T07:03:47.096360827Z 299 MVYh
2020-08-16T07:03:47.178093434Z 300 j5Y2
2020-08-16T07:03:47.260367913Z 301 vBqF
2020-08-16T07:03:47.342116075Z 302 KUSA
2020-08-16T07:03:47.423784255Z 303 H6iF
2020-08-16T07:03:47.504544239Z 304 Ui8I
2020-08-16T07:03:47.586375741Z 305 IVPs
2020-08-16T07:03:47.668211685Z 306 zuWa
2020-08-16T07:03:47.749650043Z 307 N93T
2020-08-16T07:03:47.830305937Z 308 xLFK
2020-08-16T07:03:47.911361883Z 309 pcP3
2020-08-16T07:03:47.992928250Z 310 uobw
2020-08-16T07:03:48.073459519Z 311 K4PQ
2020-08-16T07:03:48.154053810Z 312 HzMq
2020-08-16T07:03:48.236166180Z 313 OpwX
2020-08-16T07:03:48.317374981Z 314 U5Wx
2020-08-16T07:03:48.398764817Z 315 c2g4
2020-08-16T07:03:48.480306905Z 316 k3QM
2020-08-16T07:03:48.562143941Z 317 eVLc
2020-08-16T07:03:48.643769155Z 318 aI2I
2020-08-16T07:03:48.724295717Z 319 jn3o
2020-08-16T07:03:48.805559804Z 320 84D8
2020-08-16T07:03:48.886334135Z 321 LWZo
2020-08-16T07:03:48.968043768Z 322 VJOG
2020-08-16T07:03:49.049898980Z 323 LIOM
2020-08-16T07:03:49.130977982Z 324 8pFY
2020-08-16T07:03:49.212246101Z 325 CVJB
2020-08-16T07:03:49.294041730Z 326 kBoP
2020-08-16T07:03:49.374224031Z 327 yiLQ
2020-08-16T07:03:49.455840718Z 328 6eJL
2020-08-16T07:03:49.537085021Z 329 odXt
2020-08-16T07:03:49.618136664Z 330 SyEB
2020-08-16T07:03:49.700043504Z 331 mbTR
2020-08-16T07:03:49.781329446Z 332 kkMh
2020-08-16T07:03:49.862625736Z 333 fiZG
2020-08-16T07:03:49.944347105Z 334 4TTM
2020-08-16T07:03:50.025582759Z 335 heop
2020-08-16T07:03:50.106352747Z 336 MOCh
2020-08-16T07:03:50.188039752Z 337 MRNN
2020-08-16T07:03:50.270381225Z 338 xKQr
2020-08-16T07:03:50.351905438Z 339 ZzLW
2020-08-16T07:03:50.433458219Z 340 nmc9
2020-08-16T07:03:50.514477874Z 341 79VM
2020-08-16T07:03:50.595685054Z 342 UuaU
2020-08-16T07:03:50.686468197Z 343 OICq
2020-08-16T07:03:50.758407855Z 344 7MB0
2020-08-16T07:03:50.839578511Z 345 fmMC
2020-08-16T07:03:50.920989823Z 346 tU3G
2020-08-16T07:03:51.001792098Z 347 pLU3
2020-08-16T07:03:51.082320482Z 348 eWiX
2020-08-16T07:03:51.164202317Z 349 LPZQ
2020-08-16T07:03:51.245461668Z 350 oVaE
2020-08-16T07:03:51.326161035Z 351 gQHw
2020-08-16T07:03:51.407595601Z 352 0pgF
2020-08-16T07:03:51.488719499Z 353 a30n
2020-08-16T07:03:51.569952204Z 354 q5Dl
2020-08-16T07:03:51.651655967Z 355 DUXp
2020-08-16T07:03:51.732710980Z 356 XhR3
2020-08-16T07:03:51.813639893Z 357 wevX
2020-08-16T07:03:51.894278622Z 358 Yq5i
2020-08-16T07:03:51.976099523Z 359 L7IX
2020-08-16T07:03:52.058003263Z 360 2Psf
2020-08-16T07:03:52.139107851Z 361 1nlt
2020-08-16T07:03:52.220885400Z 362 BrYc
2020-08-16T07:03:52.301872576Z 363 Hw4f
2020-08-16T07:03:52.383231949Z 364 cIet
2020-08-16T07:03:52.464919164Z 365 ScfU
2020-08-16T07:03:52.545465275Z 366 g2pz
2020-08-16T07:03:52.626942726Z 367 kFdO
2020-08-16T07:03:52.708023602Z 368 PYDk
2020-08-16T07:03:52.789736566Z 369 utqp
2020-08-16T07:03:52.871426345Z 370 PFws
2020-08-16T07:03:52.952550011Z 371 O5td
2020-08-16T07:03:53.033750949Z 372 ZRye
2020-08-16T07:03:53.114837413Z 373 lAge
2020-08-16T07:03:53.196026284Z 374 7RIM
2020-08-16T07:03:53.277232842Z 375 Ut15
2020-08-16T07:03:53.358439315Z 376 fVqV
2020-08-16T07:03:53.440213671Z 377 JAv6
2020-08-16T07:03:53.521700062Z 378 tjBn
2020-08-16T07:03:53.602919469Z 379 JV7l
2020-08-16T07:03:53.683487638Z 380 aWdE
2020-08-16T07:03:53.765273241Z 381 y1mV
2020-08-16T07:03:53.846614868Z 382 WDAa
2020-08-16T07:03:53.927933473Z 383 e6XQ
2020-08-16T07:03:54.008806384Z 384 iPMO
2020-08-16T07:03:54.090099243Z 385 yrbs
2020-08-16T07:03:54.171561518Z 386 Hd83
2020-08-16T07:03:54.252552383Z 387 5lSf
2020-08-16T07:03:54.333779600Z 388 H1dw
2020-08-16T07:03:54.414331998Z 389 LsN0
2020-08-16T07:03:54.496300024Z 390 rpFl
2020-08-16T07:03:54.577761632Z 391 B8d0
2020-08-16T07:03:54.658715971Z 392 0yjg
2020-08-16T07:03:54.739848029Z 393 iqwH
2020-08-16T07:03:54.822330874Z 394 5dYt
2020-08-16T07:03:54.903943281Z 395 P0GM
2020-08-16T07:03:54.984772022Z 396 nagT
2020-08-16T07:03:55.065858186Z 397 RLxL
2020-08-16T07:03:55.146978292Z 398 exIB
2020-08-16T07:03:55.228553917Z 399 Giil
2020-08-16T07:03:55.309607262Z 400 pJFm
2020-08-16T07:03:55.390616295Z 401 Gi0W
2020-08-16T07:03:55.471546564Z 402 RNhY
2020-08-16T07:03:55.553442122Z 403 qxpa
2020-08-16T07:03:55.634905200Z 404 WWQn
2020-08-16T07:03:55.715886835Z 405 YwRY
2020-08-16T07:03:55.796508594Z 406 iggU
2020-08-16T07:03:55.878084455Z 407 p9Go
2020-08-16T07:03:55.959555177Z 408 vJVc
2020-08-16T07:03:56.040883411Z 409 SOjK
2020-08-16T07:03:56.121876502Z 410 aofd
2020-08-16T07:03:56.202965092Z 411 GsVo
2020-08-16T07:03:56.283831578Z 412 FVMh
2020-08-16T07:03:56.365409799Z 413 9z5l
2020-08-16T07:03:56.446971177Z 414 IzI0
2020-08-16T07:03:56.528008739Z 415 YAsL
2020-08-16T07:03:56.609067815Z 416 SxSu
2020-08-16T07:03:56.691165235Z 417 dBMO
2020-08-16T07:03:56.772935763Z 418 RktV
2020-08-16T07:03:56.853472335Z 419 STgh
2020-08-16T07:03:56.934691460Z 420 zUVB
2020-08-16T07:03:57.016170849Z 421 cRQd
2020-08-16T07:03:57.098137151Z 422 VXAO
2020-08-16T07:03:57.179588574Z 423 CcLY
2020-08-16T07:03:57.261508029Z 424 p65c
2020-08-16T07:03:57.342021289Z 425 6w1G
2020-08-16T07:03:57.424012975Z 426 dTAu
2020-08-16T07:03:57.505589092Z 427 PPMK
2020-08-16T07:03:57.587008579Z 428 JVtP
2020-08-16T07:03:57.668363235Z 429 vdil
2020-08-16T07:03:57.749738701Z 430 MYHQ
2020-08-16T07:03:57.830607245Z 431 kXOM
2020-08-16T07:03:57.911739051Z 432 uGoQ
2020-08-16T07:03:57.993307587Z 433 vAeZ
2020-08-16T07:03:58.075085681Z 434 nB4s
2020-08-16T07:03:58.157386436Z 435 LDaI
2020-08-16T07:03:58.238142659Z 436 rXg1
2020-08-16T07:03:58.320076272Z 437 U6EB
2020-08-16T07:03:58.401392203Z 438 EvpP
2020-08-16T07:03:58.482363841Z 439 6a66
2020-08-16T07:03:58.564267918Z 440 KF7v
2020-08-16T07:03:58.646022483Z 441 iRtb
2020-08-16T07:03:58.727861744Z 442 H83U
2020-08-16T07:03:58.808966437Z 443 HTX5
2020-08-16T07:03:58.889850046Z 444 Y3Wk
2020-08-16T07:03:58.970376589Z 445 qZrt
2020-08-16T07:03:59.051798323Z 446 BBQx
2020-08-16T07:03:59.132841001Z 447 OLv7
2020-08-16T07:03:59.214332440Z 448 l51X
2020-08-16T07:03:59.296099660Z 449 YgX5
2020-08-16T07:03:59.377155928Z 450 vEWw
2020-08-16T07:03:59.459222442Z 451 lpzA
2020-08-16T07:03:59.540766100Z 452 g6gt
2020-08-16T07:03:59.621807253Z 453 zKH7
2020-08-16T07:03:59.702586061Z 454 Gb1m
2020-08-16T07:03:59.783811844Z 455 FxNa
2020-08-16T07:03:59.864413420Z 456 PiZ8
2020-08-16T07:03:59.946305056Z 457 kiXz
2020-08-16T07:04:00.027914262Z 458 0Uos
2020-08-16T07:04:00.109120969Z 459 18Kj
2020-08-16T07:04:00.190585164Z 460 NzKl
2020-08-16T07:04:00.271547304Z 461 rkYL
2020-08-16T07:04:00.352782010Z 462 o976
2020-08-16T07:04:00.433200466Z 463 Kzo5
2020-08-16T07:04:00.514512534Z 464 95ll
2020-08-16T07:04:00.595697619Z 465 6QlI
2020-08-16T07:04:00.677184173Z 466 qd4x
2020-08-16T07:04:00.758773236Z 467 Rd51
2020-08-16T07:04:00.839764599Z 468 p7hN
2020-08-16T07:04:00.921146464Z 469 mzC6
2020-08-16T07:04:01.001772112Z 470 ERXa
2020-08-16T07:04:01.082474022Z 471 Vvxa
2020-08-16T07:04:01.163388118Z 472 6SBn
2020-08-16T07:04:01.244223334Z 473 vrsM
2020-08-16T07:04:01.325845434Z 474 gtBL
2020-08-16T07:04:01.406641003Z 475 ALJb
2020-08-16T07:04:01.487958727Z 476 5Exh
2020-08-16T07:04:01.568587425Z 477 3OOG
2020-08-16T07:04:01.649806173Z 478 xhik
2020-08-16T07:04:01.731007296Z 479 OGZs
2020-08-16T07:04:01.812487783Z 480 wdlA
2020-08-16T07:04:01.893312431Z 481 hjYS
2020-08-16T07:04:01.974477073Z 482 wRr3
2020-08-16T07:04:02.055609649Z 483 NmsK
2020-08-16T07:04:02.137066258Z 484 HbLl
2020-08-16T07:04:02.218404999Z 485 6Cnf
2020-08-16T07:04:02.300314823Z 486 4m5A
2020-08-16T07:04:02.382246716Z 487 9lMw
2020-08-16T07:04:02.463924531Z 488 Wqij
2020-08-16T07:04:02.544615399Z 489 pj9u
2020-08-16T07:04:02.625705216Z 490 GjPQ
2020-08-16T07:04:02.707336187Z 491 dRYD
2020-08-16T07:04:02.788649468Z 492 pO1l
2020-08-16T07:04:02.869506299Z 493 AxUr
2020-08-16T07:04:02.950878654Z 494 aXBo
2020-08-16T07:04:03.031486173Z 495 LIQ7
2020-08-16T07:04:03.112701174Z 496 OQ0W
2020-08-16T07:04:03.193255233Z 497 7o2j
2020-08-16T07:04:03.275525054Z 498 uy6e
2020-08-16T07:04:03.356228614Z 499 EJEN
2020-08-16T07:04:03.437840353Z 500 Pjdj
2020-08-16T07:04:03.518476055Z 501 qQik
2020-08-16T07:04:03.600081940Z 502 cLpX
2020-08-16T07:04:03.681566140Z 503 ZUQ7
2020-08-16T07:04:03.762386083Z 504 fKq9
2020-08-16T07:04:03.844584958Z 505 vx2X
2020-08-16T07:04:03.925717704Z 506 U1vT
2020-08-16T07:04:04.007100010Z 507 0DBU
2020-08-16T07:04:04.088458808Z 508 Vo6x
2020-08-16T07:04:04.169943728Z 509 xt66
2020-08-16T07:04:04.251043585Z 510 jxon
2020-08-16T07:04:04.332890113Z 511 uuVr
2020-08-16T07:04:04.413266411Z 512 f529
2020-08-16T07:04:04.494531027Z 513 GDds
2020-08-16T07:04:04.575157307Z 514 atNX
2020-08-16T07:04:04.657272898Z 515 XkFA
2020-08-16T07:04:04.739356725Z 516 vZ2e
2020-08-16T07:04:04.820501014Z 517 WLlS
2020-08-16T07:04:04.902123537Z 518 IMz2
2020-08-16T07:04:04.984038813Z 519 yorO
2020-08-16T07:04:05.065673915Z 520 sJot
2020-08-16T07:04:05.146866280Z 521 Q2al
2020-08-16T07:04:05.227944995Z 522 tQRr
2020-08-16T07:04:05.308747570Z 523 dT7a
2020-08-16T07:04:05.390176192Z 524 uFzi
2020-08-16T07:04:05.471954182Z 525 w04W
2020-08-16T07:04:05.552284294Z 526 yGhG
2020-08-16T07:04:05.634181880Z 527 2kmk
2020-08-16T07:04:05.715405953Z 528 VCNL
2020-08-16T07:04:05.796720699Z 529 6zIy
2020-08-16T07:04:05.877637169Z 530 NGQT
2020-08-16T07:04:05.958962787Z 531 xhcL
2020-08-16T07:04:06.040093301Z 532 nt7i
2020-08-16T07:04:06.121847659Z 533 CQc7
2020-08-16T07:04:06.204125711Z 534 0k2q
2020-08-16T07:04:06.285529419Z 535 o6LB
2020-08-16T07:04:06.367043665Z 536 NaaZ
2020-08-16T07:04:06.448305876Z 537 8raI
2020-08-16T07:04:06.530240036Z 538 sjg6
2020-08-16T07:04:06.611130049Z 539 VoBq
2020-08-16T07:04:06.693029397Z 540 j2Ud
2020-08-16T07:04:06.774437303Z 541 3diY
2020-08-16T07:04:06.855198428Z 542 ZOW3
2020-08-16T07:04:06.936782784Z 543 Nob5
2020-08-16T07:04:07.017649514Z 544 XO6S
2020-08-16T07:04:07.098970309Z 545 CAMi
2020-08-16T07:04:07.179785957Z 546 eAD6
2020-08-16T07:04:07.261684595Z 547 UnXs
2020-08-16T07:04:07.343047945Z 548 wJnf
2020-08-16T07:04:07.424363497Z 549 TkoD
2020-08-16T07:04:07.506009111Z 550 5o3x
2020-08-16T07:04:07.587201846Z 551 tGSB
2020-08-16T07:04:07.668910342Z 552 9sgA
2020-08-16T07:04:07.750337506Z 553 Q2ce
2020-08-16T07:04:07.831606137Z 554 hEBk
2020-08-16T07:04:07.912819333Z 555 GWrl
2020-08-16T07:04:07.993584367Z 556 luA2
2020-08-16T07:04:08.074265709Z 557 hRjv
2020-08-16T07:04:08.156074620Z 558 e5Bg
2020-08-16T07:04:08.238093997Z 559 iu1R
2020-08-16T07:04:08.320064780Z 560 YzP2
2020-08-16T07:04:08.402381454Z 561 36bf
2020-08-16T07:04:08.483717435Z 562 qIx4
2020-08-16T07:04:08.564947055Z 563 6l4t
2020-08-16T07:04:08.645317989Z 564 xhok
2020-08-16T07:04:08.726527328Z 565 SIr1
2020-08-16T07:04:08.808344856Z 566 6FwT
2020-08-16T07:04:08.889677403Z 567 EnJ1
2020-08-16T07:04:08.970416323Z 568 GPY2
2020-08-16T07:04:09.051940692Z 569 jcQA
2020-08-16T07:04:09.132417724Z 570 JzvS
2020-08-16T07:04:09.213909165Z 571 lwdl
2020-08-16T07:04:09.294506272Z 572 VbmO
2020-08-16T07:04:09.376003682Z 573 YNtn
2020-08-16T07:04:09.456605901Z 574 9xnc
2020-08-16T07:04:09.538395697Z 575 2wsM
2020-08-16T07:04:09.619588954Z 576 rLmi
2020-08-16T07:04:09.700686411Z 577 58p4
2020-08-16T07:04:09.781629130Z 578 3LK5
2020-08-16T07:04:09.862411012Z 579 OitS
2020-08-16T07:04:09.943897269Z 580 LNLq
2020-08-16T07:04:10.024527620Z 581 uj34
2020-08-16T07:04:10.105436531Z 582 qZ5P
2020-08-16T07:04:10.187389307Z 583 sFhU
2020-08-16T07:04:10.268266646Z 584 D4GK
2020-08-16T07:04:10.350190527Z 585 ho4J
2020-08-16T07:04:10.432189316Z 586 d9jP
2020-08-16T07:04:10.514257464Z 587 L1ue
2020-08-16T07:04:10.595942355Z 588 qomW
2020-08-16T07:04:10.676312781Z 589 VEBq
2020-08-16T07:04:10.757425488Z 590 mkGQ
2020-08-16T07:04:10.839116258Z 591 J9oW
2020-08-16T07:04:10.921345244Z 592 vgO8
2020-08-16T07:04:11.003371321Z 593 Tbyj
2020-08-16T07:04:11.084623878Z 594 DPm9
2020-08-16T07:04:11.165292527Z 595 7MTm
2020-08-16T07:04:11.246695682Z 596 10cO
2020-08-16T07:04:11.327716936Z 597 fBi3
2020-08-16T07:04:11.409301934Z 598 ZDdC
2020-08-16T07:04:11.490594270Z 599 Ms0d
2020-08-16T07:04:11.571332398Z 600 D4Dp
2020-08-16T07:04:11.652333558Z 601 3ayE
2020-08-16T07:04:11.734168975Z 602 DrWd
2020-08-16T07:04:11.815778752Z 603 YRYp
2020-08-16T07:04:11.897303793Z 604 j3Fl
2020-08-16T07:04:11.978963880Z 605 HSXu
2020-08-16T07:04:12.060781319Z 606 2DaV
2020-08-16T07:04:12.142008018Z 607 6fqK
2020-08-16T07:04:12.223722412Z 608 Cg4m
2020-08-16T07:04:12.304884643Z 609 a1Sh
2020-08-16T07:04:12.386173228Z 610 qdhG
2020-08-16T07:04:12.467511267Z 611 v4U3
2020-08-16T07:04:12.548909642Z 612 wHdV
2020-08-16T07:04:12.630198322Z 613 ANgg
2020-08-16T07:04:12.712080106Z 614 2eM2
2020-08-16T07:04:12.793765612Z 615 g6zT
2020-08-16T07:04:12.874528921Z 616 rDbI
2020-08-16T07:04:12.955974829Z 617 trvp
2020-08-16T07:04:13.036590459Z 618 veWI
2020-08-16T07:04:13.118054210Z 619 xPx5
2020-08-16T07:04:13.198789259Z 620 512N
2020-08-16T07:04:13.280244797Z 621 SuFR
2020-08-16T07:04:13.361425081Z 622 izhc
2020-08-16T07:04:13.442437545Z 623 Zh6h
2020-08-16T07:04:13.523742052Z 624 9FxX
2020-08-16T07:04:13.604639845Z 625 7zs3
2020-08-16T07:04:13.686013685Z 626 0ejf
2020-08-16T07:04:13.766994596Z 627 h0eo
2020-08-16T07:04:13.848176048Z 628 cy2f
2020-08-16T07:04:13.929963559Z 629 CZds
2020-08-16T07:04:14.011884658Z 630 UYtw
2020-08-16T07:04:14.092732350Z 631 0i5s
2020-08-16T07:04:14.173535384Z 632 WuWS
2020-08-16T07:04:14.254434257Z 633 y40z
2020-08-16T07:04:14.336003118Z 634 9dtY
2020-08-16T07:04:14.416814123Z 635 Tg6H
2020-08-16T07:04:14.497963370Z 636 3F98
2020-08-16T07:04:14.579352824Z 637 K362
2020-08-16T07:04:14.660664894Z 638 MuH0
2020-08-16T07:04:14.741418688Z 639 hDEZ
2020-08-16T07:04:14.823097540Z 640 YBmt
2020-08-16T07:04:14.904797119Z 641 9MhV
2020-08-16T07:04:14.986475705Z 642 USui
2020-08-16T07:04:15.067742970Z 643 7ukp
2020-08-16T07:04:15.149432088Z 644 5HyQ
2020-08-16T07:04:15.230542181Z 645 V1W3
2020-08-16T07:04:15.311158236Z 646 tHXJ
2020-08-16T07:04:15.393308556Z 647 QfIg
2020-08-16T07:04:15.475429564Z 648 kO3V
2020-08-16T07:04:15.557242128Z 649 HfT4
2020-08-16T07:04:15.638868009Z 650 Zqh2
2020-08-16T07:04:15.719538241Z 651 gfiQ
2020-08-16T07:04:15.801123013Z 652 7ecX
2020-08-16T07:04:15.882660773Z 653 jsKn
2020-08-16T07:04:15.963759864Z 654 6dgd
2020-08-16T07:04:16.045350587Z 655 YOaM
2020-08-16T07:04:16.126831292Z 656 Mo4p
2020-08-16T07:04:16.207560556Z 657 k5pS
2020-08-16T07:04:16.288500256Z 658 iTnQ
2020-08-16T07:04:16.370436022Z 659 uySR
2020-08-16T07:04:16.452027911Z 660 9z9B
2020-08-16T07:04:16.533218614Z 661 6663
2020-08-16T07:04:16.614484329Z 662 tpsZ
2020-08-16T07:04:16.695493576Z 663 KePI
2020-08-16T07:04:16.776864469Z 664 cAnm
2020-08-16T07:04:16.857794116Z 665 8NFa
2020-08-16T07:04:16.938629050Z 666 ycA4
2020-08-16T07:04:17.019516586Z 667 NwOv
2020-08-16T07:04:17.100612323Z 668 Zbpf
2020-08-16T07:04:17.181832328Z 669 AnWZ
2020-08-16T07:04:17.262260998Z 670 p8vZ
2020-08-16T07:04:17.343717026Z 671 MBbC
2020-08-16T07:04:17.425038817Z 672 xUTP
2020-08-16T07:04:17.506388264Z 673 m3NI
2020-08-16T07:04:17.587674183Z 674 7Ke1
2020-08-16T07:04:17.668452857Z 675 zJbg
2020-08-16T07:04:17.749391026Z 676 DEMS
2020-08-16T07:04:17.830929137Z 677 SBcM
2020-08-16T07:04:17.911989068Z 678 7sOS
2020-08-16T07:04:17.993306856Z 679 Xr4h
2020-08-16T07:04:18.075351897Z 680 nPbn
2020-08-16T07:04:18.156878174Z 681 mb2s
2020-08-16T07:04:18.237472188Z 682 6DUh
2020-08-16T07:04:18.318576518Z 683 F5J6
2020-08-16T07:04:18.399533345Z 684 43pz
2020-08-16T07:04:18.480709188Z 685 c4Se
2020-08-16T07:04:18.561737422Z 686 4yqZ
2020-08-16T07:04:18.642283939Z 687 Yg3h
2020-08-16T07:04:18.724170598Z 688 3xLH
2020-08-16T07:04:18.805906121Z 689 PoGx
2020-08-16T07:04:18.886917673Z 690 9p3r
2020-08-16T07:04:18.967757178Z 691 Eine
2020-08-16T07:04:19.048447315Z 692 eCKh
2020-08-16T07:04:19.129504560Z 693 NrvF
2020-08-16T07:04:19.210728171Z 694 zPTB
2020-08-16T07:04:19.291429774Z 695 ZuSy
2020-08-16T07:04:19.372719284Z 696 VAI3
2020-08-16T07:04:19.454306179Z 697 7XRZ
2020-08-16T07:04:19.536148155Z 698 GB9M
2020-08-16T07:04:19.617801478Z 699 4kE2
2020-08-16T07:04:19.698433975Z 700 vO8V
2020-08-16T07:04:19.779939383Z 701 4PUm
2020-08-16T07:04:19.860563559Z 702 4gTc
2020-08-16T07:04:19.941440147Z 703 L0tt
2020-08-16T07:04:20.022887038Z 704 QSZW
2020-08-16T07:04:20.103986110Z 705 lr6d
2020-08-16T07:04:20.185178281Z 706 8Ap4
2020-08-16T07:04:20.267069292Z 707 Ix7X
2020-08-16T07:04:20.348138305Z 708 DnD7
2020-08-16T07:04:20.429876425Z 709 C29K
2020-08-16T07:04:20.511230646Z 710 LdFo
2020-08-16T07:04:20.592683666Z 711 3DQq
2020-08-16T07:04:20.674193032Z 712 2aK6
2020-08-16T07:04:20.756395171Z 713 qDMF
2020-08-16T07:04:20.838029812Z 714 LaEB
2020-08-16T07:04:20.919319153Z 715 PsTt
2020-08-16T07:04:21.001423992Z 716 JS9Z
2020-08-16T07:04:21.082515011Z 717 zssn
2020-08-16T07:04:21.163527232Z 718 oqYA
2020-08-16T07:04:21.245487918Z 719 YcM1
2020-08-16T07:04:21.327193612Z 720 rEvi
2020-08-16T07:04:21.409152455Z 721 kyuK
2020-08-16T07:04:21.491293322Z 722 H7F6
2020-08-16T07:04:21.572204326Z 723 ovtB
2020-08-16T07:04:21.653162920Z 724 yC7f
2020-08-16T07:04:21.734601843Z 725 7iv7
2020-08-16T07:04:21.815718232Z 726 FTDB
2020-08-16T07:04:21.896511960Z 727 c2s3
2020-08-16T07:04:21.977785767Z 728 iCrI
2020-08-16T07:04:22.058892356Z 729 SvCI
2020-08-16T07:04:22.139757297Z 730 VnLz
2020-08-16T07:04:22.221033903Z 731 FqDS
2020-08-16T07:04:22.302692515Z 732 m6CE
2020-08-16T07:04:22.384007019Z 733 IAgX
2020-08-16T07:04:22.465934359Z 734 kMvE
2020-08-16T07:04:22.548007931Z 735 j9KP
2020-08-16T07:04:22.628557463Z 736 Fhj6
2020-08-16T07:04:22.709646639Z 737 w08z
2020-08-16T07:04:22.791181114Z 738 yJHp
2020-08-16T07:04:22.873231248Z 739 cgfW
2020-08-16T07:04:22.955177895Z 740 4ATf
2020-08-16T07:04:23.037283022Z 741 fjn0
2020-08-16T07:04:23.119189022Z 742 sNHo
2020-08-16T07:04:23.200927465Z 743 7SiI
2020-08-16T07:04:23.281715739Z 744 qXGh
2020-08-16T07:04:23.362251971Z 745 Uxxz
2020-08-16T07:04:23.444037525Z 746 x8V1
2020-08-16T07:04:23.526400030Z 747 7gnV
2020-08-16T07:04:23.608170821Z 748 qFDG
2020-08-16T07:04:23.690469159Z 749 q6QU
2020-08-16T07:04:23.772371402Z 750 9hsB
2020-08-16T07:04:23.853687730Z 751 QumF
2020-08-16T07:04:23.935084572Z 752 qadz
2020-08-16T07:04:24.016886581Z 753 OeeM
2020-08-16T07:04:24.098419594Z 754 BstF
2020-08-16T07:04:24.180109273Z 755 3qw3
2020-08-16T07:04:24.261652539Z 756 DZdB
2020-08-16T07:04:24.343336181Z 757 XBxq
2020-08-16T07:04:24.425061074Z 758 SYcJ
2020-08-16T07:04:24.505584446Z 759 Hehp
2020-08-16T07:04:24.586944136Z 760 9YQD
2020-08-16T07:04:24.668489963Z 761 xppX
2020-08-16T07:04:24.749755663Z 762 NWCi
2020-08-16T07:04:24.830755912Z 763 igiu
2020-08-16T07:04:24.911646046Z 764 Rdx5
2020-08-16T07:04:24.992586389Z 765 GpnQ
2020-08-16T07:04:25.073807184Z 766 EcgD
2020-08-16T07:04:25.154524103Z 767 Uv66
2020-08-16T07:04:25.236062125Z 768 0ao4
2020-08-16T07:04:25.318021857Z 769 mnxa
2020-08-16T07:04:25.399929229Z 770 97zg
2020-08-16T07:04:25.480204874Z 771 zIJY
2020-08-16T07:04:25.562361391Z 772 BvZx
2020-08-16T07:04:25.644262604Z 773 NghV
2020-08-16T07:04:25.725964304Z 774 qx6U
2020-08-16T07:04:25.807370158Z 775 zmOI
2020-08-16T07:04:25.888697591Z 776 DOM7
2020-08-16T07:04:25.969617791Z 777 rPbl
2020-08-16T07:04:26.051339338Z 778 40co
2020-08-16T07:04:26.133235566Z 779 4Gr6
2020-08-16T07:04:26.214898525Z 780 DDSo
2020-08-16T07:04:26.296188841Z 781 JsyR
2020-08-16T07:04:26.378100023Z 782 S5hg
2020-08-16T07:04:26.459613587Z 783 fOCV
2020-08-16T07:04:26.541086637Z 784 MCGW
2020-08-16T07:04:26.623288362Z 785 jKGn
2020-08-16T07:04:26.705030914Z 786 xqv3
2020-08-16T07:04:26.786480511Z 787 3tHs
2020-08-16T07:04:26.867957378Z 788 zwmq
2020-08-16T07:04:26.948592826Z 789 PcRA
2020-08-16T07:04:27.030103541Z 790 zsvY
2020-08-16T07:04:27.112344673Z 791 MRFw
2020-08-16T07:04:27.193765354Z 792 Q9nf
2020-08-16T07:04:27.275169514Z 793 DPxw
2020-08-16T07:04:27.357412386Z 794 pRJy
2020-08-16T07:04:27.438988777Z 795 7c91
2020-08-16T07:04:27.519883928Z 796 4bXp
2020-08-16T07:04:27.600588605Z 797 U3Oe
2020-08-16T07:04:27.681810228Z 798 8zEP
2020-08-16T07:04:27.762354540Z 799 vZaC
2020-08-16T07:04:27.843721043Z 800 foU2
2020-08-16T07:04:27.924405246Z 801 V1FU
2020-08-16T07:04:28.005911787Z 802 9geu
2020-08-16T07:04:28.087869023Z 803 oD01
2020-08-16T07:04:28.169000641Z 804 f8Kc
2020-08-16T07:04:28.249438442Z 805 NmkB
2020-08-16T07:04:28.331068647Z 806 nyOB
2020-08-16T07:04:28.413255652Z 807 GyGj
2020-08-16T07:04:28.494506840Z 808 d6Gn
2020-08-16T07:04:28.576299887Z 809 xmeV
2020-08-16T07:04:28.658275596Z 810 W2xS
2020-08-16T07:04:28.739422509Z 811 BlLD
2020-08-16T07:04:28.820519498Z 812 I7mT
2020-08-16T07:04:28.901430493Z 813 DIBz
2020-08-16T07:04:28.982695212Z 814 Yiov
2020-08-16T07:04:29.064052753Z 815 1Bz8
2020-08-16T07:04:29.145074938Z 816 1rIc
2020-08-16T07:04:29.226856965Z 817 uxFA
2020-08-16T07:04:29.307940967Z 818 dlH2
2020-08-16T07:04:29.389135773Z 819 pPCB
2020-08-16T07:04:29.470263219Z 820 4ZJi
2020-08-16T07:04:29.552291969Z 821 6FzI
2020-08-16T07:04:29.634274425Z 822 RVNb
2020-08-16T07:04:29.715675109Z 823 rp5F
2020-08-16T07:04:29.796809400Z 824 8B29
2020-08-16T07:04:29.877988434Z 825 gkcb
2020-08-16T07:04:29.959216421Z 826 q14N
2020-08-16T07:04:30.040796568Z 827 WKyK
2020-08-16T07:04:30.121719399Z 828 qgYj
2020-08-16T07:04:30.202397805Z 829 30Ev
2020-08-16T07:04:30.283598955Z 830 QrMi
2020-08-16T07:04:30.365356572Z 831 3GQ1
2020-08-16T07:04:30.446901765Z 832 e13o
2020-08-16T07:04:30.527268663Z 833 QAyB
2020-08-16T07:04:30.608856652Z 834 QZAF
2020-08-16T07:04:30.689420495Z 835 Hi3m
2020-08-16T07:04:30.770951134Z 836 dlRF
2020-08-16T07:04:30.852947446Z 837 0lDn
2020-08-16T07:04:30.933795369Z 838 mxGx
2020-08-16T07:04:31.014855206Z 839 h7oO
2020-08-16T07:04:31.095872381Z 840 kGQD
2020-08-16T07:04:31.175963867Z 841 7E3R
2020-08-16T07:04:31.258177636Z 842 InFE
2020-08-16T07:04:31.340049493Z 843 oebC
2020-08-16T07:04:31.421925648Z 844 I6gc
2020-08-16T07:04:31.503305971Z 845 u2zH
2020-08-16T07:04:31.584629007Z 846 FBmn
2020-08-16T07:04:31.665831254Z 847 HiAi
2020-08-16T07:04:31.746677689Z 848 VCHh
2020-08-16T07:04:31.827938601Z 849 nVVA
2020-08-16T07:04:31.908979169Z 850 KHd5
2020-08-16T07:04:31.991193572Z 851 ahpx
2020-08-16T07:04:32.072792541Z 852 YjxR
2020-08-16T07:04:32.154319406Z 853 5msU
2020-08-16T07:04:32.235652174Z 854 DdQ6
2020-08-16T07:04:32.316302095Z 855 KJ0h
2020-08-16T07:04:32.397649767Z 856 oguq
2020-08-16T07:04:32.478884501Z 857 vDWH
2020-08-16T07:04:32.559540443Z 858 v84o
2020-08-16T07:04:32.640884873Z 859 F8zI
2020-08-16T07:04:32.721719039Z 860 yglE
2020-08-16T07:04:32.803301266Z 861 Yx2q
2020-08-16T07:04:32.884987176Z 862 iUCl
2020-08-16T07:04:32.965875901Z 863 A1rP
2020-08-16T07:04:33.046993797Z 864 yNfe
2020-08-16T07:04:33.129409428Z 865 2N9F
2020-08-16T07:04:33.210748616Z 866 cVV9
2020-08-16T07:04:33.291804004Z 867 VJ8G
2020-08-16T07:04:33.372302836Z 868 ognx
2020-08-16T07:04:33.453902642Z 869 OwYu
2020-08-16T07:04:33.534670933Z 870 LTLI
2020-08-16T07:04:33.616351887Z 871 xmmq
2020-08-16T07:04:33.698322506Z 872 Kxyw
2020-08-16T07:04:33.779761505Z 873 XU4u
2020-08-16T07:04:33.860383677Z 874 HwKn
2020-08-16T07:04:33.942482824Z 875 QY8r
2020-08-16T07:04:34.024043090Z 876 s2Jy
2020-08-16T07:04:34.104691006Z 877 y7Xm
2020-08-16T07:04:34.185975271Z 878 55Yg
2020-08-16T07:04:34.267135975Z 879 igSS
2020-08-16T07:04:34.348964666Z 880 M0vW
2020-08-16T07:04:34.430416246Z 881 TGYM
2020-08-16T07:04:34.511859171Z 882 Nyyr
2020-08-16T07:04:34.593135526Z 883 01sq
2020-08-16T07:04:34.675307369Z 884 fWQ4
2020-08-16T07:04:34.756546647Z 885 J36L
2020-08-16T07:04:34.838199605Z 886 uAav
2020-08-16T07:04:34.919834683Z 887 LXcM
2020-08-16T07:04:35.001225204Z 888 dqux
2020-08-16T07:04:35.083127581Z 889 3pWe
2020-08-16T07:04:35.164700493Z 890 yN3K
2020-08-16T07:04:35.246166474Z 891 GBFJ
2020-08-16T07:04:35.327575690Z 892 ZeQy
2020-08-16T07:04:35.409325725Z 893 q2Zh
2020-08-16T07:04:35.490430065Z 894 SDfl
2020-08-16T07:04:35.571611034Z 895 Cqcl
2020-08-16T07:04:35.652993366Z 896 bjhf
2020-08-16T07:04:35.733907331Z 897 2UKX
2020-08-16T07:04:35.814365352Z 898 MtVk
2020-08-16T07:04:35.895358706Z 899 YOI0
2020-08-16T07:04:35.977048221Z 900 UTbL
2020-08-16T07:04:36.057583299Z 901 MTMW
2020-08-16T07:04:36.138277459Z 902 QMXV
2020-08-16T07:04:36.219668796Z 903 0hk7
2020-08-16T07:04:36.301345120Z 904 E6qD
2020-08-16T07:04:36.382822988Z 905 irXl
2020-08-16T07:04:36.463741374Z 906 EiqQ
2020-08-16T07:04:36.545197990Z 907 wdYn
2020-08-16T07:04:36.627062890Z 908 D6ut
2020-08-16T07:04:36.708959496Z 909 f705
2020-08-16T07:04:36.789844749Z 910 XrUF
2020-08-16T07:04:36.870564886Z 911 nWBx
2020-08-16T07:04:36.952476630Z 912 rjar
2020-08-16T07:04:37.034663207Z 913 KkHi
2020-08-16T07:04:37.116406822Z 914 bp0Z
2020-08-16T07:04:37.198335302Z 915 wXvq
2020-08-16T07:04:37.279928940Z 916 BB7a
2020-08-16T07:04:37.361251371Z 917 xmen
2020-08-16T07:04:37.442527978Z 918 8Id2
2020-08-16T07:04:37.523520549Z 919 cNoJ
2020-08-16T07:04:37.604441495Z 920 HEXt
2020-08-16T07:04:37.685676103Z 921 T35p
2020-08-16T07:04:37.766317148Z 922 85KT
2020-08-16T07:04:37.847965218Z 923 XZYL
2020-08-16T07:04:37.928026278Z 924 iUcJ
2020-08-16T07:04:38.010262597Z 925 iZHb
2020-08-16T07:04:38.092001655Z 926 AZT5
2020-08-16T07:04:38.173479496Z 927 rtH4
2020-08-16T07:04:38.254961461Z 928 cNnv
2020-08-16T07:04:38.336574039Z 929 L6mH
2020-08-16T07:04:38.418356208Z 930 gHIW
2020-08-16T07:04:38.500061930Z 931 V3lN
2020-08-16T07:04:38.580902553Z 932 0JvO
2020-08-16T07:04:38.661676866Z 933 fJST
2020-08-16T07:04:38.743018446Z 934 xbgr
2020-08-16T07:04:38.824282304Z 935 9jFQ
2020-08-16T07:04:38.906329346Z 936 Zqcv
2020-08-16T07:04:38.987967617Z 937 hpbq
2020-08-16T07:04:39.068664588Z 938 EG1O
2020-08-16T07:04:39.149895229Z 939 ZFsR
2020-08-16T07:04:39.231025938Z 940 vdUz
2020-08-16T07:04:39.313065067Z 941 kfkl
2020-08-16T07:04:39.395243735Z 942 N2fS
2020-08-16T07:04:39.476823930Z 943 IESB
2020-08-16T07:04:39.557400259Z 944 O9zT
2020-08-16T07:04:39.639127053Z 945 jyi3
2020-08-16T07:04:39.720881300Z 946 whCE
2020-08-16T07:04:39.802570148Z 947 XaH8
2020-08-16T07:04:39.883365159Z 948 DUeP
2020-08-16T07:04:39.964854619Z 949 tm9F
2020-08-16T07:04:40.045551468Z 950 OHk7
2020-08-16T07:04:40.126892494Z 951 Q9xi
2020-08-16T07:04:40.207739750Z 952 SEYk
2020-08-16T07:04:40.288633274Z 953 wKqh
2020-08-16T07:04:40.370352326Z 954 H8wg
2020-08-16T07:04:40.451715498Z 955 IqEn
2020-08-16T07:04:40.532424175Z 956 YLRx
2020-08-16T07:04:40.613417373Z 957 tvQc
2020-08-16T07:04:40.694295607Z 958 pUok
2020-08-16T07:04:40.775933364Z 959 J2YA
2020-08-16T07:04:40.856995753Z 960 WOmq
2020-08-16T07:04:40.938199747Z 961 AAgX
2020-08-16T07:04:41.019392429Z 962 1iG7
2020-08-16T07:04:41.100973589Z 963 FMsb
2020-08-16T07:04:41.181427095Z 964 GN98
2020-08-16T07:04:41.262848626Z 965 FJn1
2020-08-16T07:04:41.344256331Z 966 9Rh1
2020-08-16T07:04:41.425734078Z 967 0QPH
2020-08-16T07:04:41.506944789Z 968 xPj6
2020-08-16T07:04:41.588148025Z 969 3muH
2020-08-16T07:04:41.669912936Z 970 Dzxe
2020-08-16T07:04:41.750917104Z 971 RuTm
2020-08-16T07:04:41.831968494Z 972 ud6R
2020-08-16T07:04:41.913020829Z 973 Kk9l
2020-08-16T07:04:41.994742844Z 974 ggt1
2020-08-16T07:04:42.076338391Z 975 uhn6
2020-08-16T07:04:42.157589675Z 976 AWIU
2020-08-16T07:04:42.239260946Z 977 240O
2020-08-16T07:04:42.320904353Z 978 Icit
2020-08-16T07:04:42.402004447Z 979 UEkR
2020-08-16T07:04:42.483267392Z 980 FAmG
2020-08-16T07:04:42.564529433Z 981 o7Vd
2020-08-16T07:04:42.645861021Z 982 Z3Vv
2020-08-16T07:04:42.726324949Z 983 7Rhs
2020-08-16T07:04:42.808386177Z 984 xLdd
2020-08-16T07:04:42.889975982Z 985 mcV7
2020-08-16T07:04:42.971107182Z 986 vi7P
2020-08-16T07:04:43.052514252Z 987 UO1t
2020-08-16T07:04:43.133365896Z 988 kKz5
2020-08-16T07:04:43.214700040Z 989 8RMl
2020-08-16T07:04:43.295454625Z 990 MjIl
2020-08-16T07:04:43.377429916Z 991 Fktw
2020-08-16T07:04:43.458379346Z 992 j8QA
2020-08-16T07:04:43.540123159Z 993 7hZ9
2020-08-16T07:04:43.622406522Z 994 IAkl
2020-08-16T07:04:43.703562433Z 995 TvSG
2020-08-16T07:04:43.785382132Z 996 uDlu
2020-08-16T07:04:43.867199183Z 997 v1B6
2020-08-16T07:04:43.949208629Z 998 FyO9
2020-08-16T07:04:44.031214066Z 999 DgRl
