2020-08-16T07:03:22.781525753Z,2020-08-16T07:03:22.926662589Z,0 AUoAkW
2020-08-16T07:03:22.862949487Z,2020-08-16T07:03:23.011611686Z,1 ZqWoXI
2020-08-16T07:03:22.944351095Z,2020-08-16T07:03:23.089690989Z,2 zjHJOh
2020-08-16T07:03:23.025818621Z,2020-08-16T07:03:23.156229811Z,3 HiDPSg
2020-08-16T07:03:23.107167794Z,2020-08-16T07:03:23.224014988Z,4 PR0She
2020-08-16T07:03:23.189031502Z,2020-08-16T07:03:23.295221301Z,5 PhiauI
2020-08-16T07:03:23.270579322Z,2020-08-16T07:03:23.367912521Z,6 WQWNCu
2020-08-16T07:03:23.351877235Z,2020-08-16T07:03:23.441010291Z,7 2iEQgT
2020-08-16T07:03:23.432907151Z,2020-08-16T07:03:23.515030915Z,8 KZ74x4
2020-08-16T07:03:23.513362541Z,2020-08-16T07:03:23.588194137Z,9 rscczZ
2020-08-16T07:03:23.596129747Z,2020-08-16T07:03:23.657489667Z,10 nAwWx
2020-08-16T07:03:23.676277371Z,2020-08-16T07:03:23.728220426Z,11 IX0jT
2020-08-16T07:03:23.758346577Z,2020-08-16T07:03:23.799405798Z,12 FpyxR
2020-08-16T07:03:23.839322723Z,2020-08-16T07:03:23.872274262Z,13 b3BOJ
2020-08-16T07:03:23.920847968Z,2020-08-16T07:03:23.951640700Z,14 3873W
2020-08-16T07:03:24.001551148Z,2020-08-16T07:03:24.023055488Z,15 l8ftM
2020-08-16T07:03:24.082671003Z,2020-08-16T07:03:24.122893244Z,16 Sdp5e
2020-08-16T07:03:24.163785336Z,2020-08-16T07:03:24.192967753Z,17 Y5gIB
2020-08-16T07:03:24.244519420Z,2020-08-16T07:03:24.265332293Z,18 DL8zx
2020-08-16T07:03:24.326054099Z,2020-08-16T07:03:24.343672980Z,19 QANcM
2020-08-16T07:03:24.406890323Z,2020-08-16T07:03:24.436339704Z,20 undvl
2020-08-16T07:03:24.487867050Z,2020-08-16T07:03:24.507427341Z,21 kVjko
2020-08-16T07:03:24.569384086Z,2020-08-16T07:03:24.590509886Z,22 hjUR9
2020-08-16T07:03:24.650910884Z,2020-08-16T07:03:24.658971404Z,23 9wQqQ
2020-08-16T07:03:24.731751323Z,2020-08-16T07:03:24.760906214Z,24 AQTVc
2020-08-16T07:03:24.812553046Z,2020-08-16T07:03:24.847045359Z,25 Yqfng
2020-08-16T07:03:24.893610029Z,2020-08-16T07:03:24.930229888Z,26 ZeQsM
2020-08-16T07:03:24.974052049Z,2020-08-16T07:03:25.001603552Z,27 Vo12R
2020-08-16T07:03:25.056538270Z,2020-08-16T07:03:25.082193200Z,28 nA9mr
2020-08-16T07:03:25.138189499Z,2020-08-16T07:03:25.157375457Z,29 DRsZH
2020-08-16T07:03:25.220270421Z,2020-08-16T07:03:25.236808094Z,30 Zl3aE
2020-08-16T07:03:25.301400334Z,2020-08-16T07:03:25.321700707Z,31 YUizB
2020-08-16T07:03:25.382529466Z,2020-08-16T07:03:25.410328920Z,32 l1mKw
2020-08-16T07:03:25.464154726Z,2020-08-16T07:03:25.485150682Z,33 oau8T
2020-08-16T07:03:25.546050078Z,2020-08-16T07:03:25.576996192Z,34 V5uOK
2020-08-16T07:03:25.626875345Z,2020-08-16T07:03:25.659912592Z,35 9D9Bh
2020-08-16T07:03:25.707509957Z,2020-08-16T07:03:25.736281963Z,36 zuOQ1
2020-08-16T07:03:25.788460576Z,2020-08-16T07:03:25.810606572Z,37 bOsBI
2020-08-16T07:03:25.869824755Z,2020-08-16T07:03:25.903962286Z,38 WHdRZ
2020-08-16T07:03:25.950739237Z,2020-08-16T07:03:25.976669741Z,39 TCwO0
2020-08-16T07:03:26.032282572Z,2020-08-16T07:03:26.047413767Z,40 3ahH9
2020-08-16T07:03:26.112906107Z,2020-08-16T07:03:26.146416229Z,41 krOtC
2020-08-16T07:03:26.193461836Z,2020-08-16T07:03:26.231450758Z,42 MDcP2
2020-08-16T07:03:26.274897367Z,2020-08-16T07:03:26.302204967Z,43 NympN
2020-08-16T07:03:26.355410177Z,2020-08-16T07:03:26.375214633Z,44 2Qz50
2020-08-16T07:03:26.437024696Z,2020-08-16T07:03:26.468409433Z,45 wQ2bD
2020-08-16T07:03:26.517462383Z,2020-08-16T07:03:26.539668661Z,46 I4bev
2020-08-16T07:03:26.598788272Z,2020-08-16T07:03:26.626043859Z,47 pxjbX
2020-08-16T07:03:26.679399457Z,2020-08-16T07:03:26.698884262Z,48 Qgd7U
2020-08-16T07:03:26.761193150Z,2020-08-16T07:03:26.797894697Z,49 89Thq
2020-08-16T07:03:26.842721154Z,2020-08-16T07:03:26.870614210Z,50 OmEh4
2020-08-16T07:03:26.923345025Z,2020-08-16T07:03:26.946328522Z,51 f02qR
2020-08-16T07:03:27.004999370Z,2020-08-16T07:03:27.043904629Z,52 lopvl
2020-08-16T07:03:27.085700977Z,2020-08-16T07:03:27.114043085Z,53 LYipj
2020-08-16T07:03:27.167338466Z,2020-08-16T07:03:27.187327603Z,54 fF9pf
2020-08-16T07:03:27.248903227Z,2020-08-16T07:03:27.265112257Z,55 XiQnL
2020-08-16T07:03:27.330327076Z,2020-08-16T07:03:27.360723772Z,56 yupAD
2020-08-16T07:03:27.412064908Z,2020-08-16T07:03:27.430614531Z,57 IGnhZ
2020-08-16T07:03:27.493565617Z,2020-08-16T07:03:27.522336080Z,58 QiJUP
2020-08-16T07:03:27.574691055Z,2020-08-16T07:03:27.605582976Z,59 dXHlM
2020-08-16T07:03:27.655837266Z,2020-08-16T07:03:27.687267166Z,60 p6iAz
2020-08-16T07:03:27.736962647Z,2020-08-16T07:03:27.771589330Z,61 AXeHn
2020-08-16T07:03:27.817912125Z,2020-08-16T07:03:27.847833293Z,62 W1jf8
2020-08-16T07:03:27.898436078Z,2020-08-16T07:03:27.920510658Z,63 d24lG
2020-08-16T07:03:27.979559048Z,2020-08-16T07:03:28.002752124Z,64 A7zIg
2020-08-16T07:03:28.061026279Z,2020-08-16T07:03:28.092636812Z,65 CHNsZ
2020-08-16T07:03:28.142312900Z,2020-08-16T07:03:28.169280295Z,66 ZuXHv
2020-08-16T07:03:28.224305098Z,2020-08-16T07:03:28.242381453Z,67 EYlMP
2020-08-16T07:03:28.305854878Z,2020-08-16T07:03:28.317856857Z,68 vlJSR
2020-08-16T07:03:28.386494463Z,2020-08-16T07:03:28.404304815Z,69 ZZzU9
2020-08-16T07:03:28.467930519Z,2020-08-16T07:03:28.489371435Z,70 BnJij
2020-08-16T07:03:28.548791925Z,2020-08-16T07:03:28.571804718Z,71 iY05n
2020-08-16T07:03:28.629338846Z,2020-08-16T07:03:28.662347914Z,72 UpO2H
2020-08-16T07:03:28.711072663Z,2020-08-16T07:03:28.733169246Z,73 IXpj5
2020-08-16T07:03:28.792931305Z,2020-08-16T07:03:28.810759732Z,74 9DAij
2020-08-16T07:03:28.874512916Z,2020-08-16T07:03:28.899671334Z,75 Cxtwz
2020-08-16T07:03:28.956368887Z,2020-08-16T07:03:28.968516853Z,76 WJPb9
2020-08-16T07:03:29.038325977Z,2020-08-16T07:03:29.060541995Z,77 2gqbF
2020-08-16T07:03:29.119654122Z,2020-08-16T07:03:29.138491330Z,78 UwjvQ
2020-08-16T07:03:29.201413355Z,2020-08-16T07:03:29.224490498Z,79 gL6em
2020-08-16T07:03:29.282902378Z,2020-08-16T07:03:29.315793375Z,80 my7Hb
2020-08-16T07:03:29.363579764Z,2020-08-16T07:03:29.395395145Z,81 MdI77
2020-08-16T07:03:29.444328860Z,2020-08-16T07:03:29.528796191Z,82 5FZPl
2020-08-16T07:03:29.525567201Z,2020-08-16T07:03:29.597427833Z,83 3wUOo
2020-08-16T07:03:29.606838172Z,2020-08-16T07:03:29.668862212Z,84 VLPxT
2020-08-16T07:03:29.688166210Z,2020-08-16T07:03:29.739464319Z,85 W4Y2G
2020-08-16T07:03:29.769015828Z,2020-08-16T07:03:29.810520528Z,86 KbhLM
2020-08-16T07:03:29.849674785Z,2020-08-16T07:03:29.881647818Z,87 HnMyd
2020-08-16T07:03:29.930375814Z,2020-08-16T07:03:29.951197677Z,88 X92Kc
2020-08-16T07:03:30.011953935Z,2020-08-16T07:03:30.033588504Z,89 wyqbU
2020-08-16T07:03:30.092748170Z,2020-08-16T07:03:30.104218437Z,90 TsNV7
2020-08-16T07:03:30.174379779Z,2020-08-16T07:03:30.206413250Z,91 wLHAc
2020-08-16T07:03:30.255351862Z,2020-08-16T07:03:30.275101442Z,92 sSa36
2020-08-16T07:03:30.336371684Z,2020-08-16T07:03:30.364182844Z,93 XPYwW
2020-08-16T07:03:30.418090999Z,2020-08-16T07:03:30.443208727Z,94 UBnll
2020-08-16T07:03:30.499610758Z,2020-08-16T07:03:30.513613588Z,95 g3Yuo
2020-08-16T07:03:30.580197577Z,2020-08-16T07:03:30.597019765Z,96 LUEQ5
2020-08-16T07:03:30.661583529Z,2020-08-16T07:03:30.671392360Z,97 GWmDj
2020-08-16T07:03:30.742269358Z,2020-08-16T07:03:30.776411172Z,98 L5bXL
2020-08-16T07:03:30.823623229Z,2020-08-16T07:03:30.852096373Z,99 KuNdz
2020-08-16T07:03:30.904915003Z,2020-08-16T07:03:30.923808074Z,100 sMqB
2020-08-16T07:03:30.986217959Z,2020-08-16T07:03:31.022546286Z,101 bort
2020-08-16T07:03:31.068044049Z,2020-08-16T07:03:31.130596682Z,102 Gry4
2020-08-16T07:03:31.150448240Z,2020-08-16T07:03:31.203855159Z,103 MEkI
2020-08-16T07:03:31.232401412Z,2020-08-16T07:03:31.274874518Z,104 M46m
2020-08-16T07:03:31.313563431Z,2020-08-16T07:03:31.348420716Z,105 MG4j
2020-08-16T07:03:31.394529211Z,2020-08-16T07:03:31.424467313Z,106 aChU
2020-08-16T07:03:31.475241412Z,2020-08-16T07:03:31.511936483Z,107 d85h
2020-08-16T07:03:31.556684547Z,2020-08-16T07:03:31.582170497Z,108 6tHy
2020-08-16T07:03:31.638369522Z,2020-08-16T07:03:31.653347522Z,109 egAe
2020-08-16T07:03:31.720393046Z,2020-08-16T07:03:31.742656691Z,110 erGB
2020-08-16T07:03:31.802101415Z,2020-08-16T07:03:31.844123619Z,111 yTvi
2020-08-16T07:03:31.883824229Z,2020-08-16T07:03:31.915884644Z,112 1p9T
2020-08-16T07:03:31.964819661Z,2020-08-16T07:03:31.987976139Z,113 czeE
2020-08-16T07:03:32.046179207Z,2020-08-16T07:03:32.056752895Z,114 vO1q
2020-08-16T07:03:32.128151322Z,2020-08-16T07:03:32.131310366Z,115 KhvR
2020-08-16T07:03:32.209737964Z,2020-08-16T07:03:32.235955901Z,116 8U64
2020-08-16T07:03:32.290949549Z,2020-08-16T07:03:32.318985204Z,117 kTe6
2020-08-16T07:03:32.371663344Z,2020-08-16T07:03:32.407718602Z,118 rQkW
2020-08-16T07:03:32.452593998Z,2020-08-16T07:03:32.477657440Z,119 ipuo
2020-08-16T07:03:32.533801696Z,2020-08-16T07:03:32.549017919Z,120 sHv1
2020-08-16T07:03:32.615191641Z,2020-08-16T07:03:32.621825605Z,121 Fo2l
2020-08-16T07:03:32.696723428Z,2020-08-16T07:03:32.718904103Z,122 aWip
2020-08-16T07:03:32.777561083Z,2020-08-16T07:03:32.802067613Z,123 iiTN
2020-08-16T07:03:32.858870081Z,2020-08-16T07:03:32.874901813Z,124 sXOy
2020-08-16T07:03:32.940242677Z,2020-08-16T07:03:32.968969369Z,125 7IzS
2020-08-16T07:03:33.021341341Z,2020-08-16T07:03:33.042842225Z,126 C5RE
2020-08-16T07:03:33.103297664Z,2020-08-16T07:03:33.123590417Z,127 gOqd
2020-08-16T07:03:33.185022450Z,2020-08-16T07:03:33.198839364Z,128 I0wZ
2020-08-16T07:03:33.266936948Z,2020-08-16T07:03:33.295185703Z,129 dWhh
2020-08-16T07:03:33.347549071Z,2020-08-16T07:03:33.374757726Z,130 QU2e
2020-08-16T07:03:33.428798457Z,2020-08-16T07:03:33.450533774Z,131 kHWQ
2020-08-16T07:03:33.509814822Z,2020-08-16T07:03:33.545369355Z,132 GDjU
2020-08-16T07:03:33.591050486Z,2020-08-16T07:03:33.615662282Z,133 644V
2020-08-16T07:03:33.672634848Z,2020-08-16T07:03:33.686410835Z,134 KqVC
2020-08-16T07:03:33.753957359Z,2020-08-16T07:03:33.769067868Z,135 W7b5
2020-08-16T07:03:33.834886992Z,2020-08-16T07:03:33.842194687Z,136 g3Od
2020-08-16T07:03:33.915430531Z,2020-08-16T07:03:33.927332205Z,137 4ZUJ
2020-08-16T07:03:33.997188536Z,2020-08-16T07:03:34.024086791Z,138 5ckQ
2020-08-16T07:03:34.079093321Z,2020-08-16T07:03:34.100778869Z,139 Au6J
2020-08-16T07:03:34.161209485Z,2020-08-16T07:03:34.173496337Z,140 6mLW
2020-08-16T07:03:34.243353216Z,2020-08-16T07:03:34.274878907Z,141 Sizt
2020-08-16T07:03:34.324800283Z,2020-08-16T07:03:34.346164464Z,142 aMXw
2020-08-16T07:03:34.405484300Z,2020-08-16T07:03:34.418437799Z,143 MhPb
2020-08-16T07:03:34.487149062Z,2020-08-16T07:03:34.522619269Z,144 DA7C
2020-08-16T07:03:34.569190294Z,2020-08-16T07:03:34.595653480Z,145 H8KN
2020-08-16T07:03:34.650630639Z,2020-08-16T07:03:34.667151747Z,146 3r3Y
2020-08-16T07:03:34.731712477Z,2020-08-16T07:03:34.753897883Z,147 BTsW
2020-08-16T07:03:34.812657270Z,2020-08-16T07:03:34.840981029Z,148 pVz6
2020-08-16T07:03:34.893860021Z,2020-08-16T07:03:34.911826997Z,149 M0q5
2020-08-16T07:03:34.975014063Z,2020-08-16T07:03:34.997555752Z,150 dpl0
2020-08-16T07:03:35.056693561Z,2020-08-16T07:03:35.083299615Z,151 EB9b
2020-08-16T07:03:35.138182214Z,2020-08-16T07:03:35.160135258Z,152 wic6
2020-08-16T07:03:35.220264355Z,2020-08-16T07:03:35.246296280Z,153 pmI0
2020-08-16T07:03:35.301631657Z,2020-08-16T07:03:35.315728669Z,154 1J4B
2020-08-16T07:03:35.382502033Z,2020-08-16T07:03:35.418958654Z,155 254b
2020-08-16T07:03:35.463357721Z,2020-08-16T07:03:35.491687701Z,156 v39P
2020-08-16T07:03:35.544954824Z,2020-08-16T07:03:35.568718788Z,157 4XYg
2020-08-16T07:03:35.625920317Z,2020-08-16T07:03:35.654285025Z,158 rt5b
2020-08-16T07:03:35.707261197Z,2020-08-16T07:03:35.727736884Z,159 nALu
2020-08-16T07:03:35.788722643Z,2020-08-16T07:03:35.797280358Z,160 Iggz
2020-08-16T07:03:35.869961803Z,2020-08-16T07:03:35.907845891Z,161 femw
2020-08-16T07:03:35.950595599Z,2020-08-16T07:03:35.979466815Z,162 WLLv
2020-08-16T07:03:36.032718970Z,2020-08-16T07:03:36.050272751Z,163 kwyy
2020-08-16T07:03:36.113873510Z,2020-08-16T07:03:36.214535331Z,164 J5dH
2020-08-16T07:03:36.195162066Z,2020-08-16T07:03:36.282701050Z,165 LMFY
2020-08-16T07:03:36.276410103Z,2020-08-16T07:03:36.353711578Z,166 taK5
2020-08-16T07:03:36.358183827Z,2020-08-16T07:03:36.430506442Z,167 X45t
2020-08-16T07:03:36.439991744Z,2020-08-16T07:03:36.499514125Z,168 VsMw
2020-08-16T07:03:36.520571131Z,2020-08-16T07:03:36.571163525Z,169 tA8G
2020-08-16T07:03:36.601333630Z,2020-08-16T07:03:36.642327891Z,170 WwcM
2020-08-16T07:03:36.682391424Z,2020-08-16T07:03:36.713675673Z,171 2f2R
2020-08-16T07:03:36.764142874Z,2020-08-16T07:03:36.784058242Z,172 SdxA
2020-08-16T07:03:36.846276841Z,2020-08-16T07:03:36.873899882Z,173 s5to
2020-08-16T07:03:36.928237605Z,2020-08-16T07:03:36.961076635Z,174 RB0l
2020-08-16T07:03:37.010212070Z,2020-08-16T07:03:37.033084945Z,175 DjXG
2020-08-16T07:03:37.092257340Z,2020-08-16T07:03:37.125356654Z,176 E2YF
2020-08-16T07:03:37.173692758Z,2020-08-16T07:03:37.196887033Z,177 kDhG
2020-08-16T07:03:37.254607376Z,2020-08-16T07:03:37.295948092Z,178 bkSp
2020-08-16T07:03:37.335184276Z,2020-08-16T07:03:37.366099927Z,179 YOeM
2020-08-16T07:03:37.417505980Z,2020-08-16T07:03:37.438535369Z,180 MElr
2020-08-16T07:03:37.499209801Z,2020-08-16T07:03:37.514686279Z,181 T4oE
2020-08-16T07:03:37.581237566Z,2020-08-16T07:03:37.597846494Z,182 TSDx
2020-08-16T07:03:37.663138267Z,2020-08-16T07:03:37.673923864Z,183 YhKZ
2020-08-16T07:03:37.745068289Z,2020-08-16T07:03:37.767432297Z,184 cQE5
2020-08-16T07:03:37.826684423Z,2020-08-16T07:03:37.847077874Z,185 B6a1
2020-08-16T07:03:37.908085373Z,2020-08-16T07:03:37.953061947Z,186 XzdH
2020-08-16T07:03:37.988571813Z,2020-08-16T07:03:38.024801480Z,187 zvrW
2020-08-16T07:03:38.069791456Z,2020-08-16T07:03:38.093002634Z,188 Lmwu
2020-08-16T07:03:38.150766369Z,2020-08-16T07:03:38.180223263Z,189 vTnf
2020-08-16T07:03:38.231356536Z,2020-08-16T07:03:38.270240357Z,190 yoKl
2020-08-16T07:03:38.312895949Z,2020-08-16T07:03:38.339499161Z,191 DFCy
2020-08-16T07:03:38.393759912Z,2020-08-16T07:03:38.431802356Z,192 Nsqn
2020-08-16T07:03:38.474678887Z,2020-08-16T07:03:38.503238288Z,193 usQr
2020-08-16T07:03:38.556047132Z,2020-08-16T07:03:38.580042182Z,194 45Ct
2020-08-16T07:03:38.636895342Z,2020-08-16T07:03:38.649356000Z,195 Oufy
2020-08-16T07:03:38.718010363Z,2020-08-16T07:03:38.729719407Z,196 yy6C
2020-08-16T07:03:38.798505341Z,2020-08-16T07:03:38.820737606Z,197 3MfW
2020-08-16T07:03:38.880267729Z,2020-08-16T07:03:38.894972998Z,198 qKDW
2020-08-16T07:03:38.961944319Z,2020-08-16T07:03:38.966219258Z,199 P3i8
2020-08-16T07:03:39.042926535Z,2020-08-16T07:03:39.064874370Z,200 MbID
2020-08-16T07:03:39.123906736Z,2020-08-16T07:03:39.142519546Z,201 wQJC
2020-08-16T07:03:39.204451166Z,2020-08-16T07:03:39.236031220Z,202 lT6C
2020-08-16T07:03:39.286151850Z,2020-08-16T07:03:39.319959554Z,203 MqXB
2020-08-16T07:03:39.367914660Z,2020-08-16T07:03:39.391885799Z,204 oVVx
2020-08-16T07:03:39.448741270Z,2020-08-16T07:03:39.464059325Z,205 sE6o
2020-08-16T07:03:39.529463762Z,2020-08-16T07:03:39.534993986Z,206 GyLJ
2020-08-16T07:03:39.611367608Z,2020-08-16T07:03:39.631546040Z,207 MjtT
2020-08-16T07:03:39.692481594Z,2020-08-16T07:03:39.719036656Z,208 41ni
2020-08-16T07:03:39.773792628Z,2020-08-16T07:03:39.791048937Z,209 sO4Z
2020-08-16T07:03:39.855185139Z,2020-08-16T07:03:39.866575541Z,210 FoDb
2020-08-16T07:03:39.936669425Z,2020-08-16T07:03:39.955701753Z,211 0XEg
2020-08-16T07:03:40.017689626Z,2020-08-16T07:03:40.046443554Z,212 oiV0
2020-08-16T07:03:40.099020385Z,2020-08-16T07:03:40.125802304Z,213 BK1Z
2020-08-16T07:03:40.179582797Z,2020-08-16T07:03:40.200696160Z,214 WA2W
2020-08-16T07:03:40.261197291Z,2020-08-16T07:03:40.281647072Z,215 Di9M
2020-08-16T07:03:40.342562620Z,2020-08-16T07:03:40.351218923Z,216 Gqtb
2020-08-16T07:03:40.424171919Z,2020-08-16T07:03:40.440618064Z,217 GmV0
2020-08-16T07:03:40.506219404Z,2020-08-16T07:03:40.519310513Z,218 5hJg
2020-08-16T07:03:40.587340662Z,2020-08-16T07:03:40.613527597Z,219 OLxJ
2020-08-16T07:03:40.669087831Z,2020-08-16T07:03:40.693869328Z,220 wrvb
2020-08-16T07:03:40.750909011Z,2020-08-16T07:03:40.762167316Z,221 0J36
2020-08-16T07:03:40.831895216Z,2020-08-16T07:03:40.868340023Z,222 fuGY
2020-08-16T07:03:40.912575374Z,2020-08-16T07:03:40.936904262Z,223 J2uU
2020-08-16T07:03:40.993378255Z,2020-08-16T07:03:41.026192649Z,224 k940
2020-08-16T07:03:41.075307386Z,2020-08-16T07:03:41.094979581Z,225 4xIA
2020-08-16T07:03:41.156382024Z,2020-08-16T07:03:41.171966218Z,226 X7r1
2020-08-16T07:03:41.238054034Z,2020-08-16T07:03:41.263117970Z,227 yuqv
2020-08-16T07:03:41.319168054Z,2020-08-16T07:03:41.352522342Z,228 HvdH
2020-08-16T07:03:41.400974825Z,2020-08-16T07:03:41.438987492Z,229 96xN
2020-08-16T07:03:41.482642972Z,2020-08-16T07:03:41.513442748Z,230 FwDN
2020-08-16T07:03:41.564065596Z,2020-08-16T07:03:41.584234547Z,231 HKXu
2020-08-16T07:03:41.645802378Z,2020-08-16T07:03:41.661017024Z,232 zncU
2020-08-16T07:03:41.727191527Z,2020-08-16T07:03:41.761648097Z,233 CPJk
2020-08-16T07:03:41.809140023Z,2020-08-16T07:03:41.832625507Z,234 lvm2
2020-08-16T07:03:41.891031206Z,2020-08-16T07:03:41.904229966Z,235 U5FV
2020-08-16T07:03:41.973252434Z,2020-08-16T07:03:42.004644899Z,236 TZYD
2020-08-16T07:03:42.054986203Z,2020-08-16T07:03:42.075104689Z,237 VgSW
2020-08-16T07:03:42.136455159Z,2020-08-16T07:03:42.169058765Z,238 AD3o
2020-08-16T07:03:42.217973663Z,2020-08-16T07:03:42.239289249Z,239 2Iw5
2020-08-16T07:03:42.299916377Z,2020-08-16T07:03:42.337518443Z,240 Kruv
2020-08-16T07:03:42.380392991Z,2020-08-16T07:03:42.408912503Z,241 vBfB
2020-08-16T07:03:42.462155301Z,2020-08-16T07:03:42.488625588Z,242 PCTP
2020-08-16T07:03:42.543419871Z,2020-08-16T07:03:42.569252661Z,243 h0dG
2020-08-16T07:03:42.625228028Z,2020-08-16T07:03:42.642968325Z,244 5vIy
2020-08-16T07:03:42.706946139Z,2020-08-16T07:03:42.731249442Z,245 Os5e
2020-08-16T07:03:42.788098404Z,2020-08-16T07:03:42.902394407Z,246 aQSl
2020-08-16T07:03:42.869329945Z,2020-08-16T07:03:42.970483788Z,247 f92Q
2020-08-16T07:03:42.951137090Z,2020-08-16T07:03:43.046008159Z,248 af2H
2020-08-16T07:03:43.032505827Z,2020-08-16T07:03:43.116660208Z,249 zoV7
2020-08-16T07:03:43.113977384Z,2020-08-16T07:03:43.191255021Z,250 zMfs
2020-08-16T07:03:43.194467236Z,2020-08-16T07:03:43.264317913Z,251 0qkS
2020-08-16T07:03:43.275526204Z,2020-08-16T07:03:43.337118544Z,252 onaH
2020-08-16T07:03:43.356352982Z,2020-08-16T07:03:43.408303641Z,253 UIe5
2020-08-16T07:03:43.437559375Z,2020-08-16T07:03:43.480502891Z,254 xwgP
2020-08-16T07:03:43.518087741Z,2020-08-16T07:03:43.551202379Z,255 jtCj
2020-08-16T07:03:43.600130777Z,2020-08-16T07:03:43.620436820Z,256 VUiH
2020-08-16T07:03:43.681701726Z,2020-08-16T07:03:43.711294931Z,257 No88
2020-08-16T07:03:43.762959602Z,2020-08-16T07:03:43.835168830Z,258 18BX
2020-08-16T07:03:43.844078902Z,2020-08-16T07:03:43.953406137Z,259 P66I
2020-08-16T07:03:43.925122530Z,2020-08-16T07:03:44.027028300Z,260 ZBVz
2020-08-16T07:03:44.006322052Z,2020-08-16T07:03:44.098204169Z,261 cYRD
2020-08-16T07:03:44.087356340Z,2020-08-16T07:03:44.170069558Z,262 pvQm
2020-08-16T07:03:44.168505496Z,2020-08-16T07:03:44.241260016Z,263 p44X
2020-08-16T07:03:44.250448456Z,2020-08-16T07:03:44.312027528Z,264 RCYU
2020-08-16T07:03:44.331860476Z,2020-08-16T07:03:44.378805066Z,265 IJOv
2020-08-16T07:03:44.413099232Z,2020-08-16T07:03:44.451769390Z,266 jowo
2020-08-16T07:03:44.493787483Z,2020-08-16T07:03:44.524135561Z,267 04Pw
2020-08-16T07:03:44.574577420Z,2020-08-16T07:03:44.600123802Z,268 6h6P
2020-08-16T07:03:44.655503598Z,2020-08-16T07:03:44.668982707Z,269 GeB9
2020-08-16T07:03:44.736914379Z,2020-08-16T07:03:44.752577932Z,270 AcBZ
2020-08-16T07:03:44.817640655Z,2020-08-16T07:03:44.842852857Z,271 6yco
2020-08-16T07:03:44.898658807Z,2020-08-16T07:03:44.927314044Z,272 UAbz
2020-08-16T07:03:44.979417378Z,2020-08-16T07:03:44.997094205Z,273 DqHo
2020-08-16T07:03:45.060985350Z,2020-08-16T07:03:45.084636063Z,274 YjRX
2020-08-16T07:03:45.141653849Z,2020-08-16T07:03:45.161324125Z,275 mckV
2020-08-16T07:03:45.222833302Z,2020-08-16T07:03:45.238331238Z,276 P02W
2020-08-16T07:03:45.303924630Z,2020-08-16T07:03:45.315205609Z,277 OI0C
2020-08-16T07:03:45.384914242Z,2020-08-16T07:03:45.408042532Z,278 kU80
2020-08-16T07:03:45.465579550Z,2020-08-16T07:03:45.490353823Z,279 Skdt
2020-08-16T07:03:45.546567009Z,2020-08-16T07:03:45.563148130Z,280 DlpG
2020-08-16T07:03:45.628440775Z,2020-08-16T07:03:45.662561381Z,281 Kjq8
2020-08-16T07:03:45.709381817Z,2020-08-16T07:03:45.735502067Z,282 enU8
2020-08-16T07:03:45.790913385Z,2020-08-16T07:03:45.832788800Z,283 T9oz
2020-08-16T07:03:45.871274631Z,2020-08-16T07:03:45.901382914Z,284 Q7fu
2020-08-16T07:03:45.953065635Z,2020-08-16T07:03:45.991136023Z,285 kK1I
2020-08-16T07:03:46.034946008Z,2020-08-16T07:03:46.061871989Z,286 EeQb
2020-08-16T07:03:46.115512036Z,2020-08-16T07:03:46.144158072Z,287 L7qF
2020-08-16T07:03:46.196203615Z,2020-08-16T07:03:46.216661590Z,288 690m
2020-08-16T07:03:46.278275766Z,2020-08-16T07:03:46.289454406Z,289 RT9P
2020-08-16T07:03:46.360118664Z,2020-08-16T07:03:46.361419146Z,290 qMME
2020-08-16T07:03:46.442355711Z,2020-08-16T07:03:46.464695006Z,291 Yk66
2020-08-16T07:03:46.523592076Z,2020-08-16T07:03:46.535858457Z,292 aHYC
2020-08-16T07:03:46.604633408Z,2020-08-16T07:03:46.617849788Z,293 9Axl
2020-08-16T07:03:46.686334889Z,2020-08-16T07:03:46.705498687Z,294 rk7T
2020-08-16T07:03:46.768107315Z,2020-08-16T07:03:46.799502651Z,295 xtLl
2020-08-16T07:03:46.850066892Z,2020-08-16T07:03:46.870876748Z,296 O44p
2020-08-16T07:03:46.932287104Z,2020-08-16T07:03:46.949241591Z,297 gJ3o
2020-08-16T07:03:47.014136398Z,2020-08-16T07:03:47.038494765Z,298 oR8B
2020-08-16T07:03:47.096360827Z,2020-08-16T07:03:47.119431545Z,299 MVYh
2020-08-16T07:03:47.178093434Z,2020-08-16T07:03:47.193918787Z,300 j5Y2
2020-08-16T07:03:47.260367913Z,2020-08-16T07:03:47.265373139Z,301 vBqF
2020-08-16T07:03:47.342116075Z,2020-08-16T07:03:47.354345323Z,302 KUSA
2020-08-16T07:03:47.423784255Z,2020-08-16T07:03:47.436527165Z,303 H6iF
2020-08-16T07:03:47.504544239Z,2020-08-16T07:03:47.524489075Z,304 Ui8I
2020-08-16T07:03:47.586375741Z,2020-08-16T07:03:47.623967608Z,305 IVPs
2020-08-16T07:03:47.668211685Z,2020-08-16T07:03:47.705311074Z,306 zuWa
2020-08-16T07:03:47.749650043Z,2020-08-16T07:03:47.775662062Z,307 N93T
2020-08-16T07:03:47.830305937Z,2020-08-16T07:03:47.852223036Z,308 xLFK
2020-08-16T07:03:47.911361883Z,2020-08-16T07:03:47.923132821Z,309 pcP3
2020-08-16T07:03:47.992928250Z,2020-08-16T07:03:47.997070475Z,310 uobw
2020-08-16T07:03:48.073459519Z,2020-08-16T07:03:48.118671072Z,311 K4PQ
2020-08-16T07:03:48.154053810Z,2020-08-16T07:03:48.195011679Z,312 HzMq
2020-08-16T07:03:48.236166180Z,2020-08-16T07:03:48.266205379Z,313 OpwX
2020-08-16T07:03:48.317374981Z,2020-08-16T07:03:48.336974067Z,314 U5Wx
2020-08-16T07:03:48.398764817Z,2020-08-16T07:03:48.412262638Z,315 c2g4
2020-08-16T07:03:48.480306905Z,2020-08-16T07:03:48.517809262Z,316 k3QM
2020-08-16T07:03:48.562143941Z,2020-08-16T07:03:48.589646480Z,317 eVLc
2020-08-16T07:03:48.643769155Z,2020-08-16T07:03:48.659906068Z,318 aI2I
2020-08-16T07:03:48.724295717Z,2020-08-16T07:03:48.730394179Z,319 jn3o
2020-08-16T07:03:48.805559804Z,2020-08-16T07:03:48.843912406Z,320 84D8
2020-08-16T07:03:48.886334135Z,2020-08-16T07:03:48.923507882Z,321 LWZo
2020-08-16T07:03:48.968043768Z,2020-08-16T07:03:48.996059323Z,322 VJOG
2020-08-16T07:03:49.049898980Z,2020-08-16T07:03:49.077825622Z,323 LIOM
2020-08-16T07:03:49.130977982Z,2020-08-16T07:03:49.167158752Z,324 8pFY
2020-08-16T07:03:49.212246101Z,2020-08-16T07:03:49.239675885Z,325 CVJB
2020-08-16T07:03:49.294041730Z,2020-08-16T07:03:49.337165951Z,326 kBoP
2020-08-16T07:03:49.374224031Z,2020-08-16T07:03:49.406872958Z,327 yiLQ
2020-08-16T07:03:49.455840718Z,2020-08-16T07:03:49.563236606Z,328 6eJL
2020-08-16T07:03:49.537085021Z,2020-08-16T07:03:49.633286228Z,329 odXt
2020-08-16T07:03:49.618136664Z,2020-08-16T07:03:49.703222473Z,330 SyEB
2020-08-16T07:03:49.700043504Z,2020-08-16T07:03:49.775104266Z,331 mbTR
2020-08-16T07:03:49.781329446Z,2020-08-16T07:03:49.847290547Z,332 kkMh
2020-08-16T07:03:49.862625736Z,2020-08-16T07:03:49.917400573Z,333 fiZG
2020-08-16T07:03:49.944347105Z,2020-08-16T07:03:49.988885331Z,334 4TTM
2020-08-16T07:03:50.025582759Z,2020-08-16T07:03:50.061179300Z,335 heop
2020-08-16T07:03:50.106352747Z,2020-08-16T07:03:50.137271931Z,336 MOCh
2020-08-16T07:03:50.188039752Z,2020-08-16T07:03:50.207832650Z,337 MRNN
2020-08-16T07:03:50.270381225Z,2020-08-16T07:03:50.286709581Z,338 xKQr
2020-08-16T07:03:50.351905438Z,2020-08-16T07:03:50.363333428Z,339 ZzLW
2020-08-16T07:03:50.433458219Z,2020-08-16T07:03:50.451176919Z,340 nmc9
2020-08-16T07:03:50.514477874Z,2020-08-16T07:03:50.536808308Z,341 79VM
2020-08-16T07:03:50.595685054Z,2020-08-16T07:03:50.617710473Z,342 UuaU
2020-08-16T07:03:50.686468197Z,2020-08-16T07:03:50.690900842Z,343 OICq
2020-08-16T07:03:50.758407855Z,2020-08-16T07:03:50.784722097Z,344 7MB0
2020-08-16T07:03:50.839578511Z,2020-08-16T07:03:50.858056866Z,345 fmMC
2020-08-16T07:03:50.920989823Z,2020-08-16T07:03:50.934367299Z,346 tU3G
2020-08-16T07:03:51.001792098Z,2020-08-16T07:03:51.046822300Z,347 pLU3
2020-08-16T07:03:51.082320482Z,2020-08-16T07:03:51.114693183Z,348 eWiX
2020-08-16T07:03:51.164202317Z,2020-08-16T07:03:51.184204053Z,349 LPZQ
2020-08-16T07:03:51.245461668Z,2020-08-16T07:03:51.261793271Z,350 oVaE
2020-08-16T07:03:51.326161035Z,2020-08-16T07:03:51.346441874Z,351 gQHw
2020-08-16T07:03:51.407595601Z,2020-08-16T07:03:51.419719033Z,352 0pgF
2020-08-16T07:03:51.488719499Z,2020-08-16T07:03:51.522799627Z,353 a30n
2020-08-16T07:03:51.569952204Z,2020-08-16T07:03:51.590983531Z,354 q5Dl
2020-08-16T07:03:51.651655967Z,2020-08-16T07:03:51.662011753Z,355 DUXp
2020-08-16T07:03:51.732710980Z,2020-08-16T07:03:51.762993449Z,356 XhR3
2020-08-16T07:03:51.813639893Z,2020-08-16T07:03:51.831653487Z,357 wevX
2020-08-16T07:03:51.894278622Z,2020-08-16T07:03:51.923531225Z,358 Yq5i
2020-08-16T07:03:51.976099523Z,2020-08-16T07:03:51.990264631Z,359 L7IX
2020-08-16T07:03:52.058003263Z,2020-08-16T07:03:52.074396183Z,360 2Psf
2020-08-16T07:03:52.139107851Z,2020-08-16T07:03:52.178521093Z,361 1nlt
2020-08-16T07:03:52.220885400Z,2020-08-16T07:03:52.247207298Z,362 BrYc
2020-08-16T07:03:52.301872576Z,2020-08-16T07:03:52.330086172Z,363 Hw4f
2020-08-16T07:03:52.383231949Z,2020-08-16T07:03:52.401596200Z,364 cIet
2020-08-16T07:03:52.464919164Z,2020-08-16T07:03:52.487153974Z,365 ScfU
2020-08-16T07:03:52.545465275Z,2020-08-16T07:03:52.572814451Z,366 g2pz
2020-08-16T07:03:52.626942726Z,2020-08-16T07:03:52.644597355Z,367 kFdO
2020-08-16T07:03:52.708023602Z,2020-08-16T07:03:52.739250224Z,368 PYDk
2020-08-16T07:03:52.789736566Z,2020-08-16T07:03:52.851456398Z,369 utqp
2020-08-16T07:03:52.871426345Z,2020-08-16T07:03:52.921551514Z,370 PFws
2020-08-16T07:03:52.952550011Z,2020-08-16T07:03:52.990303313Z,371 O5td
2020-08-16T07:03:53.033750949Z,2020-08-16T07:03:53.062157907Z,372 ZRye
2020-08-16T07:03:53.114837413Z,2020-08-16T07:03:53.153262992Z,373 lAge
2020-08-16T07:03:53.196026284Z,2020-08-16T07:03:53.224403928Z,374 7RIM
2020-08-16T07:03:53.277232842Z,2020-08-16T07:03:53.295688768Z,375 Ut15
2020-08-16T07:03:53.358439315Z,2020-08-16T07:03:53.386302595Z,376 fVqV
2020-08-16T07:03:53.440213671Z,2020-08-16T07:03:53.455519721Z,377 JAv6
2020-08-16T07:03:53.521700062Z,2020-08-16T07:03:53.544455453Z,378 tjBn
2020-08-16T07:03:53.602919469Z,2020-08-16T07:03:53.619206113Z,379 JV7l
2020-08-16T07:03:53.683487638Z,2020-08-16T07:03:53.701936774Z,380 aWdE
2020-08-16T07:03:53.765273241Z,2020-08-16T07:03:53.799313296Z,381 y1mV
2020-08-16T07:03:53.846614868Z,2020-08-16T07:03:53.871500889Z,382 WDAa
2020-08-16T07:03:53.927933473Z,2020-08-16T07:03:53.943017808Z,383 e6XQ
2020-08-16T07:03:54.008806384Z,2020-08-16T07:03:54.024662783Z,384 iPMO
2020-08-16T07:03:54.090099243Z,2020-08-16T07:03:54.115843004Z,385 yrbs
2020-08-16T07:03:54.171561518Z,2020-08-16T07:03:54.188262673Z,386 Hd83
2020-08-16T07:03:54.252552383Z,2020-08-16T07:03:54.268828205Z,387 5lSf
2020-08-16T07:03:54.333779600Z,2020-08-16T07:03:54.349087225Z,388 H1dw
2020-08-16T07:03:54.414331998Z,2020-08-16T07:03:54.427332178Z,389 LsN0
2020-08-16T07:03:54.496300024Z,2020-08-16T07:03:54.515379456Z,390 rpFl
2020-08-16T07:03:54.577761632Z,2020-08-16T07:03:54.625520896Z,391 B8d0
2020-08-16T07:03:54.658715971Z,2020-08-16T07:03:54.697751306Z,392 0yjg
2020-08-16T07:03:54.739848029Z,2020-08-16T07:03:54.767936458Z,393 iqwH
2020-08-16T07:03:54.822330874Z,2020-08-16T07:03:54.853317327Z,394 5dYt
2020-08-16T07:03:54.903943281Z,2020-08-16T07:03:54.928719831Z,395 P0GM
2020-08-16T07:03:54.984772022Z,2020-08-16T07:03:55.014516999Z,396 nagT
2020-08-16T07:03:55.065858186Z,2020-08-16T07:03:55.091169551Z,397 RLxL
2020-08-16T07:03:55.146978292Z,2020-08-16T07:03:55.166744157Z,398 exIB
2020-08-16T07:03:55.228553917Z,2020-08-16T07:03:55.246515110Z,399 Giil
2020-08-16T07:03:55.309607262Z,2020-08-16T07:03:55.320790386Z,400 pJFm
2020-08-16T07:03:55.390616295Z,2020-08-16T07:03:55.394412116Z,401 Gi0W
2020-08-16T07:03:55.471546564Z,2020-08-16T07:03:55.482761308Z,402 RNhY
2020-08-16T07:03:55.553442122Z,2020-08-16T07:03:55.575099360Z,403 qxpa
2020-08-16T07:03:55.634905200Z,2020-08-16T07:03:55.657765585Z,404 WWQn
2020-08-16T07:03:55.715886835Z,2020-08-16T07:03:55.756290871Z,405 YwRY
2020-08-16T07:03:55.796508594Z,2020-08-16T07:03:55.827506277Z,406 iggU
2020-08-16T07:03:55.878084455Z,2020-08-16T07:03:55.897991408Z,407 p9Go
2020-08-16T07:03:55.959555177Z,2020-08-16T07:03:55.968455819Z,408 vJVc
2020-08-16T07:03:56.040883411Z,2020-08-16T07:03:56.069026208Z,409 SOjK
2020-08-16T07:03:56.121876502Z,2020-08-16T07:03:56.223682416Z,410 aofd
2020-08-16T07:03:56.202965092Z,2020-08-16T07:03:56.294098200Z,411 GsVo
2020-08-16T07:03:56.283831578Z,2020-08-16T07:03:56.363247260Z,412 FVMh
2020-08-16T07:03:56.365409799Z,2020-08-16T07:03:56.432740836Z,413 9z5l
2020-08-16T07:03:56.446971177Z,2020-08-16T07:03:56.500733301Z,414 IzI0
2020-08-16T07:03:56.528008739Z,2020-08-16T07:03:56.569577093Z,415 YAsL
2020-08-16T07:03:56.609067815Z,2020-08-16T07:03:56.640773002Z,416 SxSu
2020-08-16T07:03:56.691165235Z,2020-08-16T07:03:56.721130117Z,417 dBMO
2020-08-16T07:03:56.772935763Z,2020-08-16T07:03:56.791790661Z,418 RktV
2020-08-16T07:03:56.853472335Z,2020-08-16T07:03:56.867620076Z,419 STgh
2020-08-16T07:03:56.934691460Z,2020-08-16T07:03:56.964520970Z,420 zUVB
2020-08-16T07:03:57.016170849Z,2020-08-16T07:03:57.050926161Z,421 cRQd
2020-08-16T07:03:57.098137151Z,2020-08-16T07:03:57.122466926Z,422 VXAO
2020-08-16T07:03:57.179588574Z,2020-08-16T07:03:57.198296966Z,423 CcLY
2020-08-16T07:03:57.261508029Z,2020-08-16T07:03:57.304194313Z,424 p65c
2020-08-16T07:03:57.342021289Z,2020-08-16T07:03:57.374830237Z,425 6w1G
2020-08-16T07:03:57.424012975Z,2020-08-16T07:03:57.454018320Z,426 dTAu
2020-08-16T07:03:57.505589092Z,2020-08-16T07:03:57.525870354Z,427 PPMK
2020-08-16T07:03:57.587008579Z,2020-08-16T07:03:57.619106416Z,428 JVtP
2020-08-16T07:03:57.668363235Z,2020-08-16T07:03:57.689824144Z,429 vdil
2020-08-16T07:03:57.749738701Z,2020-08-16T07:03:57.766238260Z,430 MYHQ
2020-08-16T07:03:57.830607245Z,2020-08-16T07:03:57.859595651Z,431 kXOM
2020-08-16T07:03:57.911739051Z,2020-08-16T07:03:57.930403166Z,432 uGoQ
2020-08-16T07:03:57.993307587Z,2020-08-16T07:03:58.020060846Z,433 vAeZ
2020-08-16T07:03:58.075085681Z,2020-08-16T07:03:58.114805139Z,434 nB4s
2020-08-16T07:03:58.157386436Z,2020-08-16T07:03:58.183642861Z,435 LDaI
2020-08-16T07:03:58.238142659Z,2020-08-16T07:03:58.257098146Z,436 rXg1
2020-08-16T07:03:58.320076272Z,2020-08-16T07:03:58.328013867Z,437 U6EB
2020-08-16T07:03:58.401392203Z,2020-08-16T07:03:58.436459618Z,438 EvpP
2020-08-16T07:03:58.482363841Z,2020-08-16T07:03:58.506929088Z,439 6a66
2020-08-16T07:03:58.564267918Z,2020-08-16T07:03:58.595088743Z,440 KF7v
2020-08-16T07:03:58.646022483Z,2020-08-16T07:03:58.671149977Z,441 iRtb
2020-08-16T07:03:58.727861744Z,2020-08-16T07:03:58.751508837Z,442 H83U
2020-08-16T07:03:58.808966437Z,2020-08-16T07:03:58.837252440Z,443 HTX5
2020-08-16T07:03:58.889850046Z,2020-08-16T07:03:58.910648642Z,444 Y3Wk
2020-08-16T07:03:58.970376589Z,2020-08-16T07:03:58.984337158Z,445 qZrt
2020-08-16T07:03:59.051798323Z,2020-08-16T07:03:59.074544268Z,446 BBQx
2020-08-16T07:03:59.132841001Z,2020-08-16T07:03:59.158236886Z,447 OLv7
2020-08-16T07:03:59.214332440Z,2020-08-16T07:03:59.229224070Z,448 l51X
2020-08-16T07:03:59.296099660Z,2020-08-16T07:03:59.323082775Z,449 YgX5
2020-08-16T07:03:59.377155928Z,2020-08-16T07:03:59.396994645Z,450 vEWw
2020-08-16T07:03:59.459222442Z,2020-08-16T07:03:59.478205148Z,451 lpzA
2020-08-16T07:03:59.540766100Z,2020-08-16T07:03:59.564436866Z,452 g6gt
2020-08-16T07:03:59.621807253Z,2020-08-16T07:03:59.648827122Z,453 zKH7
2020-08-16T07:03:59.702586061Z,2020-08-16T07:03:59.721769283Z,454 Gb1m
2020-08-16T07:03:59.783811844Z,2020-08-16T07:03:59.803973787Z,455 FxNa
2020-08-16T07:03:59.864413420Z,2020-08-16T07:03:59.897855237Z,456 PiZ8
2020-08-16T07:03:59.946305056Z,2020-08-16T07:03:59.966850216Z,457 kiXz
2020-08-16T07:04:00.027914262Z,2020-08-16T07:04:00.063853721Z,458 0Uos
2020-08-16T07:04:00.109120969Z,2020-08-16T07:04:00.135417774Z,459 18Kj
2020-08-16T07:04:00.190585164Z,2020-08-16T07:04:00.212408706Z,460 NzKl
2020-08-16T07:04:00.271547304Z,2020-08-16T07:04:00.295778728Z,461 rkYL
2020-08-16T07:04:00.352782010Z,2020-08-16T07:04:00.392715757Z,462 o976
2020-08-16T07:04:00.433200466Z,2020-08-16T07:04:00.463404045Z,463 Kzo5
2020-08-16T07:04:00.514512534Z,2020-08-16T07:04:00.532745756Z,464 95ll
2020-08-16T07:04:00.595697619Z,2020-08-16T07:04:00.625886761Z,465 6QlI
2020-08-16T07:04:00.677184173Z,2020-08-16T07:04:00.697247805Z,466 qd4x
2020-08-16T07:04:00.758773236Z,2020-08-16T07:04:00.784300367Z,467 Rd51
2020-08-16T07:04:00.839764599Z,2020-08-16T07:04:00.875720065Z,468 p7hN
2020-08-16T07:04:00.921146464Z,2020-08-16T07:04:00.958708302Z,469 mzC6
2020-08-16T07:04:01.001772112Z,2020-08-16T07:04:01.036157496Z,470 ERXa
2020-08-16T07:04:01.082474022Z,2020-08-16T07:04:01.107714864Z,471 Vvxa
2020-08-16T07:04:01.163388118Z,2020-08-16T07:04:01.187748250Z,472 6SBn
2020-08-16T07:04:01.244223334Z,2020-08-16T07:04:01.271118589Z,473 vrsM
2020-08-16T07:04:01.325845434Z,2020-08-16T07:04:01.343723106Z,474 gtBL
2020-08-16T07:04:01.406641003Z,2020-08-16T07:04:01.421931778Z,475 ALJb
2020-08-16T07:04:01.487958727Z,2020-08-16T07:04:01.516900320Z,476 5Exh
2020-08-16T07:04:01.568587425Z,2020-08-16T07:04:01.590864331Z,477 3OOG
2020-08-16T07:04:01.649806173Z,2020-08-16T07:04:01.679315142Z,478 xhik
2020-08-16T07:04:01.731007296Z,2020-08-16T07:04:01.771592100Z,479 OGZs
2020-08-16T07:04:01.812487783Z,2020-08-16T07:04:01.850771784Z,480 wdlA
2020-08-16T07:04:01.893312431Z,2020-08-16T07:04:01.922876950Z,481 hjYS
2020-08-16T07:04:01.974477073Z,2020-08-16T07:04:01.990923720Z,482 wRr3
2020-08-16T07:04:02.055609649Z,2020-08-16T07:04:02.081392390Z,483 NmsK
2020-08-16T07:04:02.137066258Z,2020-08-16T07:04:02.154790377Z,484 HbLl
2020-08-16T07:04:02.218404999Z,2020-08-16T07:04:02.234646085Z,485 6Cnf
2020-08-16T07:04:02.300314823Z,2020-08-16T07:04:02.316207206Z,486 4m5A
2020-08-16T07:04:02.382246716Z,2020-08-16T07:04:02.399481181Z,487 9lMw
2020-08-16T07:04:02.463924531Z,2020-08-16T07:04:02.482800174Z,488 Wqij
2020-08-16T07:04:02.544615399Z,2020-08-16T07:04:02.571775122Z,489 pj9u
2020-08-16T07:04:02.625705216Z,2020-08-16T07:04:02.644240100Z,490 GjPQ
2020-08-16T07:04:02.707336187Z,2020-08-16T07:04:02.743010916Z,491 dRYD
2020-08-16T07:04:02.788649468Z,2020-08-16T07:04:02.880320453Z,492 pO1l
2020-08-16T07:04:02.869506299Z,2020-08-16T07:04:02.950691898Z,493 AxUr
2020-08-16T07:04:02.950878654Z,2020-08-16T07:04:03.023864258Z,494 aXBo
2020-08-16T07:04:03.031486173Z,2020-08-16T07:04:03.097474370Z,495 LIQ7
2020-08-16T07:04:03.112701174Z,2020-08-16T07:04:03.170586256Z,496 OQ0W
2020-08-16T07:04:03.193255233Z,2020-08-16T07:04:03.242884554Z,497 7o2j
2020-08-16T07:04:03.275525054Z,2020-08-16T07:04:03.317078829Z,498 uy6e
2020-08-16T07:04:03.356228614Z,2020-08-16T07:04:03.387709716Z,499 EJEN
2020-08-16T07:04:03.437840353Z,2020-08-16T07:04:03.467119239Z,500 Pjdj
2020-08-16T07:04:03.518476055Z,2020-08-16T07:04:03.545585096Z,501 qQik
2020-08-16T07:04:03.600081940Z,2020-08-16T07:04:03.621006182Z,502 cLpX
2020-08-16T07:04:03.681566140Z,2020-08-16T07:04:03.716868570Z,503 ZUQ7
2020-08-16T07:04:03.762386083Z,2020-08-16T07:04:03.788130392Z,504 fKq9
2020-08-16T07:04:03.844584958Z,2020-08-16T07:04:03.859990064Z,505 vx2X
2020-08-16T07:04:03.925717704Z,2020-08-16T07:04:03.963174845Z,506 U1vT
2020-08-16T07:04:04.007100010Z,2020-08-16T07:04:04.036407836Z,507 0DBU
2020-08-16T07:04:04.088458808Z,2020-08-16T07:04:04.109187826Z,508 Vo6x
2020-08-16T07:04:04.169943728Z,2020-08-16T07:04:04.205731484Z,509 xt66
2020-08-16T07:04:04.251043585Z,2020-08-16T07:04:04.277744938Z,510 jxon
2020-08-16T07:04:04.332890113Z,2020-08-16T07:04:04.351204642Z,511 uuVr
2020-08-16T07:04:04.413266411Z,2020-08-16T07:04:04.448066883Z,512 f529
2020-08-16T07:04:04.494531027Z,2020-08-16T07:04:04.534231648Z,513 GDds
2020-08-16T07:04:04.575157307Z,2020-08-16T07:04:04.605350439Z,514 atNX
2020-08-16T07:04:04.657272898Z,2020-08-16T07:04:04.682179855Z,515 XkFA
2020-08-16T07:04:04.739356725Z,2020-08-16T07:04:04.769541939Z,516 vZ2e
2020-08-16T07:04:04.820501014Z,2020-08-16T07:04:04.843626335Z,517 WLlS
2020-08-16T07:04:04.902123537Z,2020-08-16T07:04:04.920718330Z,518 IMz2
2020-08-16T07:04:04.984038813Z,2020-08-16T07:04:05.016210807Z,519 yorO
2020-08-16T07:04:05.065673915Z,2020-08-16T07:04:05.088369045Z,520 sJot
2020-08-16T07:04:05.146866280Z,2020-08-16T07:04:05.167488703Z,521 Q2al
2020-08-16T07:04:05.227944995Z,2020-08-16T07:04:05.246009783Z,522 tQRr
2020-08-16T07:04:05.308747570Z,2020-08-16T07:04:05.327781238Z,523 dT7a
2020-08-16T07:04:05.390176192Z,2020-08-16T07:04:05.408350892Z,524 uFzi
2020-08-16T07:04:05.471954182Z,2020-08-16T07:04:05.497603574Z,525 w04W
2020-08-16T07:04:05.552284294Z,2020-08-16T07:04:05.568618107Z,526 yGhG
2020-08-16T07:04:05.634181880Z,2020-08-16T07:04:05.672426337Z,527 2kmk
2020-08-16T07:04:05.715405953Z,2020-08-16T07:04:05.744804127Z,528 VCNL
2020-08-16T07:04:05.796720699Z,2020-08-16T07:04:05.828754890Z,529 6zIy
2020-08-16T07:04:05.877637169Z,2020-08-16T07:04:05.903098371Z,530 NGQT
2020-08-16T07:04:05.958962787Z,2020-08-16T07:04:05.975588535Z,531 xhcL
2020-08-16T07:04:06.040093301Z,2020-08-16T07:04:06.080737577Z,532 nt7i
2020-08-16T07:04:06.121847659Z,2020-08-16T07:04:06.152570803Z,533 CQc7
2020-08-16T07:04:06.204125711Z,2020-08-16T07:04:06.224787194Z,534 0k2q
2020-08-16T07:04:06.285529419Z,2020-08-16T07:04:06.316970223Z,535 o6LB
2020-08-16T07:04:06.367043665Z,2020-08-16T07:04:06.389596084Z,536 NaaZ
2020-08-16T07:04:06.448305876Z,2020-08-16T07:04:06.471884826Z,537 8raI
2020-08-16T07:04:06.530240036Z,2020-08-16T07:04:06.545173621Z,538 sjg6
2020-08-16T07:04:06.611130049Z,2020-08-16T07:04:06.637371847Z,539 VoBq
2020-08-16T07:04:06.693029397Z,2020-08-16T07:04:06.722852108Z,540 j2Ud
2020-08-16T07:04:06.774437303Z,2020-08-16T07:04:06.812773718Z,541 3diY
2020-08-16T07:04:06.855198428Z,2020-08-16T07:04:06.882855242Z,542 ZOW3
2020-08-16T07:04:06.936782784Z,2020-08-16T07:04:06.955067736Z,543 Nob5
2020-08-16T07:04:07.017649514Z,2020-08-16T07:04:07.024573974Z,544 XO6S
2020-08-16T07:04:07.098970309Z,2020-08-16T07:04:07.137975344Z,545 CAMi
2020-08-16T07:04:07.179785957Z,2020-08-16T07:04:07.210012806Z,546 eAD6
2020-08-16T07:04:07.261684595Z,2020-08-16T07:04:07.280900461Z,547 UnXs
2020-08-16T07:04:07.343047945Z,2020-08-16T07:04:07.364079741Z,548 wJnf
2020-08-16T07:04:07.424363497Z,2020-08-16T07:04:07.433218356Z,549 TkoD
2020-08-16T07:04:07.506009111Z,2020-08-16T07:04:07.538534743Z,550 5o3x
2020-08-16T07:04:07.587201846Z,2020-08-16T07:04:07.613751279Z,551 tGSB
2020-08-16T07:04:07.668910342Z,2020-08-16T07:04:07.691239650Z,552 9sgA
2020-08-16T07:04:07.750337506Z,2020-08-16T07:04:07.768600473Z,553 Q2ce
2020-08-16T07:04:07.831606137Z,2020-08-16T07:04:07.844907598Z,554 hEBk
2020-08-16T07:04:07.912819333Z,2020-08-16T07:04:07.923853859Z,555 GWrl
2020-08-16T07:04:07.993584367Z,2020-08-16T07:04:08.029511654Z,556 luA2
2020-08-16T07:04:08.074265709Z,2020-08-16T07:04:08.099365438Z,557 hRjv
2020-08-16T07:04:08.156074620Z,2020-08-16T07:04:08.173332218Z,558 e5Bg
2020-08-16T07:04:08.238093997Z,2020-08-16T07:04:08.275735150Z,559 iu1R
2020-08-16T07:04:08.320064780Z,2020-08-16T07:04:08.344638333Z,560 YzP2
2020-08-16T07:04:08.402381454Z,2020-08-16T07:04:08.419284292Z,561 36bf
2020-08-16T07:04:08.483717435Z,2020-08-16T07:04:08.500973676Z,562 qIx4
2020-08-16T07:04:08.564947055Z,2020-08-16T07:04:08.603294398Z,563 6l4t
2020-08-16T07:04:08.645317989Z,2020-08-16T07:04:08.673299609Z,564 xhok
2020-08-16T07:04:08.726527328Z,2020-08-16T07:04:08.746457671Z,565 SIr1
2020-08-16T07:04:08.808344856Z,2020-08-16T07:04:08.840424739Z,566 6FwT
2020-08-16T07:04:08.889677403Z,2020-08-16T07:04:08.918626361Z,567 EnJ1
2020-08-16T07:04:08.970416323Z,2020-08-16T07:04:08.991182324Z,568 GPY2
2020-08-16T07:04:09.051940692Z,2020-08-16T07:04:09.100450510Z,569 jcQA
2020-08-16T07:04:09.132417724Z,2020-08-16T07:04:09.171381428Z,570 JzvS
2020-08-16T07:04:09.213909165Z,2020-08-16T07:04:09.241272556Z,571 lwdl
2020-08-16T07:04:09.294506272Z,2020-08-16T07:04:09.310369253Z,572 VbmO
2020-08-16T07:04:09.376003682Z,2020-08-16T07:04:09.418869869Z,573 YNtn
2020-08-16T07:04:09.456605901Z,2020-08-16T07:04:09.546037619Z,574 9xnc
2020-08-16T07:04:09.538395697Z,2020-08-16T07:04:09.617436948Z,575 2wsM
2020-08-16T07:04:09.619588954Z,2020-08-16T07:04:09.689298103Z,576 rLmi
2020-08-16T07:04:09.700686411Z,2020-08-16T07:04:09.760131303Z,577 58p4
2020-08-16T07:04:09.781629130Z,2020-08-16T07:04:09.830077435Z,578 3LK5
2020-08-16T07:04:09.862411012Z,2020-08-16T07:04:09.899067409Z,579 OitS
2020-08-16T07:04:09.943897269Z,2020-08-16T07:04:09.972444831Z,580 LNLq
2020-08-16T07:04:10.024527620Z,2020-08-16T07:04:10.045238296Z,581 uj34
2020-08-16T07:04:10.105436531Z,2020-08-16T07:04:10.117090459Z,582 qZ5P
2020-08-16T07:04:10.187389307Z,2020-08-16T07:04:10.217850629Z,583 sFhU
2020-08-16T07:04:10.268266646Z,2020-08-16T07:04:10.302559587Z,584 D4GK
2020-08-16T07:04:10.350190527Z,2020-08-16T07:04:10.382443377Z,585 ho4J
2020-08-16T07:04:10.432189316Z,2020-08-16T07:04:10.451665423Z,586 d9jP
2020-08-16T07:04:10.514257464Z,2020-08-16T07:04:10.547819434Z,587 L1ue
2020-08-16T07:04:10.595942355Z,2020-08-16T07:04:10.616747679Z,588 qomW
2020-08-16T07:04:10.676312781Z,2020-08-16T07:04:10.695868268Z,589 VEBq
2020-08-16T07:04:10.757425488Z,2020-08-16T07:04:10.784221915Z,590 mkGQ
2020-08-16T07:04:10.839116258Z,2020-08-16T07:04:10.856246420Z,591 J9oW
2020-08-16T07:04:10.921345244Z,2020-08-16T07:04:10.925721768Z,592 vgO8
2020-08-16T07:04:11.003371321Z,2020-08-16T07:04:11.043472372Z,593 Tbyj
2020-08-16T07:04:11.084623878Z,2020-08-16T07:04:11.116327778Z,594 DPm9
2020-08-16T07:04:11.165292527Z,2020-08-16T07:04:11.187228146Z,595 7MTm
2020-08-16T07:04:11.246695682Z,2020-08-16T07:04:11.266190188Z,596 10cO
2020-08-16T07:04:11.327716936Z,2020-08-16T07:04:11.335083625Z,597 fBi3
2020-08-16T07:04:11.409301934Z,2020-08-16T07:04:11.413838720Z,598 ZDdC
2020-08-16T07:04:11.490594270Z,2020-08-16T07:04:11.485771959Z,599 Ms0d
2020-08-16T07:04:11.571332398Z,2020-08-16T07:04:11.605720962Z,600 D4Dp
2020-08-16T07:04:11.652333558Z,2020-08-16T07:04:11.674093014Z,601 3ayE
2020-08-16T07:04:11.734168975Z,2020-08-16T07:04:11.757390315Z,602 DrWd
2020-08-16T07:04:11.815778752Z,2020-08-16T07:04:11.834334634Z,603 YRYp
2020-08-16T07:04:11.897303793Z,2020-08-16T07:04:11.936577414Z,604 j3Fl
2020-08-16T07:04:11.978963880Z,2020-08-16T07:04:12.007956660Z,605 HSXu
2020-08-16T07:04:12.060781319Z,2020-08-16T07:04:12.079567720Z,606 2DaV
2020-08-16T07:04:12.142008018Z,2020-08-16T07:04:12.175880448Z,607 6fqK
2020-08-16T07:04:12.223722412Z,2020-08-16T07:04:12.247064732Z,608 Cg4m
2020-08-16T07:04:12.304884643Z,2020-08-16T07:04:12.330663847Z,609 a1Sh
2020-08-16T07:04:12.386173228Z,2020-08-16T07:04:12.415558669Z,610 qdhG
2020-08-16T07:04:12.467511267Z,2020-08-16T07:04:12.493880414Z,611 v4U3
2020-08-16T07:04:12.548909642Z,2020-08-16T07:04:12.570908588Z,612 wHdV
2020-08-16T07:04:12.630198322Z,2020-08-16T07:04:12.669222872Z,613 ANgg
2020-08-16T07:04:12.712080106Z,2020-08-16T07:04:12.737444961Z,614 2eM2
2020-08-16T07:04:12.793765612Z,2020-08-16T07:04:12.824197427Z,615 g6zT
2020-08-16T07:04:12.874528921Z,2020-08-16T07:04:12.904091575Z,616 rDbI
2020-08-16T07:04:12.955974829Z,2020-08-16T07:04:12.973110128Z,617 trvp
2020-08-16T07:04:13.036590459Z,2020-08-16T07:04:13.050891863Z,618 veWI
2020-08-16T07:04:13.118054210Z,2020-08-16T07:04:13.132191855Z,619 xPx5
2020-08-16T07:04:13.198789259Z,2020-08-16T07:04:13.216369153Z,620 512N
2020-08-16T07:04:13.280244797Z,2020-08-16T07:04:13.312797699Z,621 SuFR
2020-08-16T07:04:13.361425081Z,2020-08-16T07:04:13.384374234Z,622 izhc
2020-08-16T07:04:13.442437545Z,2020-08-16T07:04:13.457371866Z,623 Zh6h
2020-08-16T07:04:13.523742052Z,2020-08-16T07:04:13.544953888Z,624 9FxX
2020-08-16T07:04:13.604639845Z,2020-08-16T07:04:13.631059757Z,625 7zs3
2020-08-16T07:04:13.686013685Z,2020-08-16T07:04:13.706211953Z,626 0ejf
2020-08-16T07:04:13.766994596Z,2020-08-16T07:04:13.888709310Z,627 h0eo
2020-08-16T07:04:13.848176048Z,2020-08-16T07:04:13.959414602Z,628 cy2f
2020-08-16T07:04:13.929963559Z,2020-08-16T07:04:14.027398627Z,629 CZds
2020-08-16T07:04:14.011884658Z,2020-08-16T07:04:14.098399790Z,630 UYtw
2020-08-16T07:04:14.092732350Z,2020-08-16T07:04:14.169474843Z,631 0i5s
2020-08-16T07:04:14.173535384Z,2020-08-16T07:04:14.241044232Z,632 WuWS
2020-08-16T07:04:14.254434257Z,2020-08-16T07:04:14.313425591Z,633 y40z
2020-08-16T07:04:14.336003118Z,2020-08-16T07:04:14.385589144Z,634 9dtY
2020-08-16T07:04:14.416814123Z,2020-08-16T07:04:14.455982320Z,635 Tg6H
2020-08-16T07:04:14.497963370Z,2020-08-16T07:04:14.528692090Z,636 3F98
2020-08-16T07:04:14.579352824Z,2020-08-16T07:04:14.609094185Z,637 K362
2020-08-16T07:04:14.660664894Z,2020-08-16T07:04:14.686961901Z,638 MuH0
2020-08-16T07:04:14.741418688Z,2020-08-16T07:04:14.761203023Z,639 hDEZ
2020-08-16T07:04:14.823097540Z,2020-08-16T07:04:14.850043529Z,640 YBmt
2020-08-16T07:04:14.904797119Z,2020-08-16T07:04:14.923166093Z,641 9MhV
2020-08-16T07:04:14.986475705Z,2020-08-16T07:04:14.994440710Z,642 USui
2020-08-16T07:04:15.067742970Z,2020-08-16T07:04:15.098849620Z,643 7ukp
2020-08-16T07:04:15.149432088Z,2020-08-16T07:04:15.174207280Z,644 5HyQ
2020-08-16T07:04:15.230542181Z,2020-08-16T07:04:15.273611721Z,645 V1W3
2020-08-16T07:04:15.311158236Z,2020-08-16T07:04:15.346195496Z,646 tHXJ
2020-08-16T07:04:15.393308556Z,2020-08-16T07:04:15.417787457Z,647 QfIg
2020-08-16T07:04:15.475429564Z,2020-08-16T07:04:15.500298858Z,648 kO3V
2020-08-16T07:04:15.557242128Z,2020-08-16T07:04:15.584072562Z,649 HfT4
2020-08-16T07:04:15.638868009Z,2020-08-16T07:04:15.657304239Z,650 Zqh2
2020-08-16T07:04:15.719538241Z,2020-08-16T07:04:15.734763392Z,651 gfiQ
2020-08-16T07:04:15.801123013Z,2020-08-16T07:04:15.823269628Z,652 7ecX
2020-08-16T07:04:15.882660773Z,2020-08-16T07:04:15.908295643Z,653 jsKn
2020-08-16T07:04:15.963759864Z,2020-08-16T07:04:15.981609644Z,654 6dgd
2020-08-16T07:04:16.045350587Z,2020-08-16T07:04:16.081624005Z,655 YOaM
2020-08-16T07:04:16.126831292Z,2020-08-16T07:04:16.234920897Z,656 Mo4p
2020-08-16T07:04:16.207560556Z,2020-08-16T07:04:16.302696374Z,657 k5pS
2020-08-16T07:04:16.288500256Z,2020-08-16T07:04:16.374722332Z,658 iTnQ
2020-08-16T07:04:16.370436022Z,2020-08-16T07:04:16.446922022Z,659 uySR
2020-08-16T07:04:16.452027911Z,2020-08-16T07:04:16.520284690Z,660 9z9B
2020-08-16T07:04:16.533218614Z,2020-08-16T07:04:16.592616990Z,661 6663
2020-08-16T07:04:16.614484329Z,2020-08-16T07:04:16.665781891Z,662 tpsZ
2020-08-16T07:04:16.695493576Z,2020-08-16T07:04:16.740655422Z,663 KePI
2020-08-16T07:04:16.776864469Z,2020-08-16T07:04:16.813452493Z,664 cAnm
2020-08-16T07:04:16.857794116Z,2020-08-16T07:04:16.880413836Z,665 8NFa
2020-08-16T07:04:16.938629050Z,2020-08-16T07:04:16.977184791Z,666 ycA4
2020-08-16T07:04:17.019516586Z,2020-08-16T07:04:17.043721839Z,667 NwOv
2020-08-16T07:04:17.100612323Z,2020-08-16T07:04:17.123497860Z,668 Zbpf
2020-08-16T07:04:17.181832328Z,2020-08-16T07:04:17.205648422Z,669 AnWZ
2020-08-16T07:04:17.262260998Z,2020-08-16T07:04:17.275062646Z,670 p8vZ
2020-08-16T07:04:17.343717026Z,2020-08-16T07:04:17.358523625Z,671 MBbC
2020-08-16T07:04:17.425038817Z,2020-08-16T07:04:17.441768282Z,672 xUTP
2020-08-16T07:04:17.506388264Z,2020-08-16T07:04:17.526034243Z,673 m3NI
2020-08-16T07:04:17.587674183Z,2020-08-16T07:04:17.606038982Z,674 7Ke1
2020-08-16T07:04:17.668452857Z,2020-08-16T07:04:17.694433695Z,675 zJbg
2020-08-16T07:04:17.749391026Z,2020-08-16T07:04:17.767145951Z,676 DEMS
2020-08-16T07:04:17.830929137Z,2020-08-16T07:04:17.849805361Z,677 SBcM
2020-08-16T07:04:17.911989068Z,2020-08-16T07:04:17.920472020Z,678 7sOS
2020-08-16T07:04:17.993306856Z,2020-08-16T07:04:18.005752222Z,679 Xr4h
2020-08-16T07:04:18.075351897Z,2020-08-16T07:04:18.092527966Z,680 nPbn
2020-08-16T07:04:18.156878174Z,2020-08-16T07:04:18.181248267Z,681 mb2s
2020-08-16T07:04:18.237472188Z,2020-08-16T07:04:18.259628798Z,682 6DUh
2020-08-16T07:04:18.318576518Z,2020-08-16T07:04:18.349392780Z,683 F5J6
2020-08-16T07:04:18.399533345Z,2020-08-16T07:04:18.419599164Z,684 43pz
2020-08-16T07:04:18.480709188Z,2020-08-16T07:04:18.501158919Z,685 c4Se
2020-08-16T07:04:18.561737422Z,2020-08-16T07:04:18.579948484Z,686 4yqZ
2020-08-16T07:04:18.642283939Z,2020-08-16T07:04:18.665893020Z,687 Yg3h
2020-08-16T07:04:18.724170598Z,2020-08-16T07:04:18.748201651Z,688 3xLH
2020-08-16T07:04:18.805906121Z,2020-08-16T07:04:18.819568563Z,689 PoGx
2020-08-16T07:04:18.886917673Z,2020-08-16T07:04:18.916523315Z,690 9p3r
2020-08-16T07:04:18.967757178Z,2020-08-16T07:04:18.987088460Z,691 Eine
2020-08-16T07:04:19.048447315Z,2020-08-16T07:04:19.065288500Z,692 eCKh
2020-08-16T07:04:19.129504560Z,2020-08-16T07:04:19.151010761Z,693 NrvF
2020-08-16T07:04:19.210728171Z,2020-08-16T07:04:19.247959699Z,694 zPTB
2020-08-16T07:04:19.291429774Z,2020-08-16T07:04:19.318524594Z,695 ZuSy
2020-08-16T07:04:19.372719284Z,2020-08-16T07:04:19.390415687Z,696 VAI3
2020-08-16T07:04:19.454306179Z,2020-08-16T07:04:19.468081986Z,697 7XRZ
2020-08-16T07:04:19.536148155Z,2020-08-16T07:04:19.549259144Z,698 GB9M
2020-08-16T07:04:19.617801478Z,2020-08-16T07:04:19.641698519Z,699 4kE2
2020-08-16T07:04:19.698433975Z,2020-08-16T07:04:19.721600308Z,700 vO8V
2020-08-16T07:04:19.779939383Z,2020-08-16T07:04:19.808460351Z,701 4PUm
2020-08-16T07:04:19.860563559Z,2020-08-16T07:04:19.880784958Z,702 4gTc
2020-08-16T07:04:19.941440147Z,2020-08-16T07:04:19.972118854Z,703 L0tt
2020-08-16T07:04:20.022887038Z,2020-08-16T07:04:20.042184298Z,704 QSZW
2020-08-16T07:04:20.103986110Z,2020-08-16T07:04:20.140661907Z,705 lr6d
2020-08-16T07:04:20.185178281Z,2020-08-16T07:04:20.211427409Z,706 8Ap4
2020-08-16T07:04:20.267069292Z,2020-08-16T07:04:20.288811792Z,707 Ix7X
2020-08-16T07:04:20.348138305Z,2020-08-16T07:04:20.369058046Z,708 DnD7
2020-08-16T07:04:20.429876425Z,2020-08-16T07:04:20.443061736Z,709 C29K
2020-08-16T07:04:20.511230646Z,2020-08-16T07:04:20.539062513Z,710 LdFo
2020-08-16T07:04:20.592683666Z,2020-08-16T07:04:20.615288586Z,711 3DQq
2020-08-16T07:04:20.674193032Z,2020-08-16T07:04:20.695987290Z,712 2aK6
2020-08-16T07:04:20.756395171Z,2020-08-16T07:04:20.770534932Z,713 qDMF
2020-08-16T07:04:20.838029812Z,2020-08-16T07:04:20.842964827Z,714 LaEB
2020-08-16T07:04:20.919319153Z,2020-08-16T07:04:20.943112540Z,715 PsTt
2020-08-16T07:04:21.001423992Z,2020-08-16T07:04:21.016320053Z,716 JS9Z
2020-08-16T07:04:21.082515011Z,2020-08-16T07:04:21.087707219Z,717 zssn
2020-08-16T07:04:21.163527232Z,2020-08-16T07:04:21.186938533Z,718 oqYA
2020-08-16T07:04:21.245487918Z,2020-08-16T07:04:21.278055665Z,719 YcM1
2020-08-16T07:04:21.327193612Z,2020-08-16T07:04:21.355751434Z,720 rEvi
2020-08-16T07:04:21.409152455Z,2020-08-16T07:04:21.438848600Z,721 kyuK
2020-08-16T07:04:21.491293322Z,2020-08-16T07:04:21.510924674Z,722 H7F6
2020-08-16T07:04:21.572204326Z,2020-08-16T07:04:21.587270156Z,723 ovtB
2020-08-16T07:04:21.653162920Z,2020-08-16T07:04:21.676824317Z,724 yC7f
2020-08-16T07:04:21.734601843Z,2020-08-16T07:04:21.749448848Z,725 7iv7
2020-08-16T07:04:21.815718232Z,2020-08-16T07:04:21.838903264Z,726 FTDB
2020-08-16T07:04:21.896511960Z,2020-08-16T07:04:21.914531181Z,727 c2s3
2020-08-16T07:04:21.977785767Z,2020-08-16T07:04:21.990762829Z,728 iCrI
2020-08-16T07:04:22.058892356Z,2020-08-16T07:04:22.087273951Z,729 SvCI
2020-08-16T07:04:22.139757297Z,2020-08-16T07:04:22.172890553Z,730 VnLz
2020-08-16T07:04:22.221033903Z,2020-08-16T07:04:22.244637992Z,731 FqDS
2020-08-16T07:04:22.302692515Z,2020-08-16T07:04:22.313554696Z,732 m6CE
2020-08-16T07:04:22.384007019Z,2020-08-16T07:04:22.419410239Z,733 IAgX
2020-08-16T07:04:22.465934359Z,2020-08-16T07:04:22.489382485Z,734 kMvE
2020-08-16T07:04:22.548007931Z,2020-08-16T07:04:22.569927648Z,735 j9KP
2020-08-16T07:04:22.628557463Z,2020-08-16T07:04:22.642197712Z,736 Fhj6
2020-08-16T07:04:22.709646639Z,2020-08-16T07:04:22.728477853Z,737 w08z
2020-08-16T07:04:22.791181114Z,2020-08-16T07:04:22.965597412Z,738 yJHp
2020-08-16T07:04:22.873231248Z,2020-08-16T07:04:23.035382230Z,739 cgfW
2020-08-16T07:04:22.955177895Z,2020-08-16T07:04:23.106182576Z,740 4ATf
2020-08-16T07:04:23.037283022Z,2020-08-16T07:04:23.177704367Z,741 fjn0
2020-08-16T07:04:23.119189022Z,2020-08-16T07:04:23.251621967Z,742 sNHo
2020-08-16T07:04:23.200927465Z,2020-08-16T07:04:23.320806813Z,743 7SiI
2020-08-16T07:04:23.281715739Z,2020-08-16T07:04:23.392157974Z,744 qXGh
2020-08-16T07:04:23.362251971Z,2020-08-16T07:04:23.461030565Z,745 Uxxz
2020-08-16T07:04:23.444037525Z,2020-08-16T07:04:23.530919091Z,746 x8V1
2020-08-16T07:04:23.526400030Z,2020-08-16T07:04:23.602519924Z,747 7gnV
2020-08-16T07:04:23.608170821Z,2020-08-16T07:04:23.676720427Z,748 qFDG
2020-08-16T07:04:23.690469159Z,2020-08-16T07:04:23.747005921Z,749 q6QU
2020-08-16T07:04:23.772371402Z,2020-08-16T07:04:23.816070076Z,750 9hsB
2020-08-16T07:04:23.853687730Z,2020-08-16T07:04:23.887787264Z,751 QumF
2020-08-16T07:04:23.935084572Z,2020-08-16T07:04:23.964736737Z,752 qadz
2020-08-16T07:04:24.016886581Z,2020-08-16T07:04:24.044638909Z,753 OeeM
2020-08-16T07:04:24.098419594Z,2020-08-16T07:04:24.116582395Z,754 BstF
2020-08-16T07:04:24.180109273Z,2020-08-16T07:04:24.188836833Z,755 3qw3
2020-08-16T07:04:24.261652539Z,2020-08-16T07:04:24.279002520Z,756 DZdB
2020-08-16T07:04:24.343336181Z,2020-08-16T07:04:24.355432339Z,757 XBxq
2020-08-16T07:04:24.425061074Z,2020-08-16T07:04:24.434795034Z,758 SYcJ
2020-08-16T07:04:24.505584446Z,2020-08-16T07:04:24.541361205Z,759 Hehp
2020-08-16T07:04:24.586944136Z,2020-08-16T07:04:24.613414418Z,760 9YQD
2020-08-16T07:04:24.668489963Z,2020-08-16T07:04:24.696726812Z,761 xppX
2020-08-16T07:04:24.749755663Z,2020-08-16T07:04:24.769342042Z,762 NWCi
2020-08-16T07:04:24.830755912Z,2020-08-16T07:04:24.864304070Z,763 igiu
2020-08-16T07:04:24.911646046Z,2020-08-16T07:04:24.937937843Z,764 Rdx5
2020-08-16T07:04:24.992586389Z,2020-08-16T07:04:25.019628564Z,765 GpnQ
2020-08-16T07:04:25.073807184Z,2020-08-16T07:04:25.089323395Z,766 EcgD
2020-08-16T07:04:25.154524103Z,2020-08-16T07:04:25.183965333Z,767 Uv66
2020-08-16T07:04:25.236062125Z,2020-08-16T07:04:25.256036777Z,768 0ao4
2020-08-16T07:04:25.318021857Z,2020-08-16T07:04:25.341165626Z,769 mnxa
2020-08-16T07:04:25.399929229Z,2020-08-16T07:04:25.439870139Z,770 97zg
2020-08-16T07:04:25.480204874Z,2020-08-16T07:04:25.520105912Z,771 zIJY
2020-08-16T07:04:25.562361391Z,2020-08-16T07:04:25.591548544Z,772 BvZx
2020-08-16T07:04:25.644262604Z,2020-08-16T07:04:25.662976407Z,773 NghV
2020-08-16T07:04:25.725964304Z,2020-08-16T07:04:25.746916159Z,774 qx6U
2020-08-16T07:04:25.807370158Z,2020-08-16T07:04:25.823802587Z,775 zmOI
2020-08-16T07:04:25.888697591Z,2020-08-16T07:04:25.914195275Z,776 DOM7
2020-08-16T07:04:25.969617791Z,2020-08-16T07:04:25.985895092Z,777 rPbl
2020-08-16T07:04:26.051339338Z,2020-08-16T07:04:26.069633202Z,778 40co
2020-08-16T07:04:26.133235566Z,2020-08-16T07:04:26.180974164Z,779 4Gr6
2020-08-16T07:04:26.214898525Z,2020-08-16T07:04:26.258896410Z,780 DDSo
2020-08-16T07:04:26.296188841Z,2020-08-16T07:04:26.331524692Z,781 JsyR
2020-08-16T07:04:26.378100023Z,2020-08-16T07:04:26.402955420Z,782 S5hg
2020-08-16T07:04:26.459613587Z,2020-08-16T07:04:26.478297314Z,783 fOCV
2020-08-16T07:04:26.541086637Z,2020-08-16T07:04:26.566446359Z,784 MCGW
2020-08-16T07:04:26.623288362Z,2020-08-16T07:04:26.646192216Z,785 jKGn
2020-08-16T07:04:26.705030914Z,2020-08-16T07:04:26.739859425Z,786 xqv3
2020-08-16T07:04:26.786480511Z,2020-08-16T07:04:26.810953477Z,787 3tHs
2020-08-16T07:04:26.867957378Z,2020-08-16T07:04:26.890789818Z,788 zwmq
2020-08-16T07:04:26.948592826Z,2020-08-16T07:04:26.964558417Z,789 PcRA
2020-08-16T07:04:27.030103541Z,2020-08-16T07:04:27.046860700Z,790 zsvY
2020-08-16T07:04:27.112344673Z,2020-08-16T07:04:27.123228823Z,791 MRFw
2020-08-16T07:04:27.193765354Z,2020-08-16T07:04:27.209774065Z,792 Q9nf
2020-08-16T07:04:27.275169514Z,2020-08-16T07:04:27.291071934Z,793 DPxw
2020-08-16T07:04:27.357412386Z,2020-08-16T07:04:27.375231549Z,794 pRJy
2020-08-16T07:04:27.438988777Z,2020-08-16T07:04:27.453290647Z,795 7c91
2020-08-16T07:04:27.519883928Z,2020-08-16T07:04:27.545892648Z,796 4bXp
2020-08-16T07:04:27.600588605Z,2020-08-16T07:04:27.617223300Z,797 U3Oe
2020-08-16T07:04:27.681810228Z,2020-08-16T07:04:27.726565522Z,798 8zEP
2020-08-16T07:04:27.762354540Z,2020-08-16T07:04:27.797762657Z,799 vZaC
2020-08-16T07:04:27.843721043Z,2020-08-16T07:04:27.863412620Z,800 foU2
2020-08-16T07:04:27.924405246Z,2020-08-16T07:04:27.944130435Z,801 V1FU
2020-08-16T07:04:28.005911787Z,2020-08-16T07:04:28.011639540Z,802 9geu
2020-08-16T07:04:28.087869023Z,2020-08-16T07:04:28.098552836Z,803 oD01
2020-08-16T07:04:28.169000641Z,2020-08-16T07:04:28.191503207Z,804 f8Kc
2020-08-16T07:04:28.249438442Z,2020-08-16T07:04:28.274630158Z,805 NmkB
2020-08-16T07:04:28.331068647Z,2020-08-16T07:04:28.344607542Z,806 nyOB
2020-08-16T07:04:28.413255652Z,2020-08-16T07:04:28.427577595Z,807 GyGj
2020-08-16T07:04:28.494506840Z,2020-08-16T07:04:28.522690520Z,808 d6Gn
2020-08-16T07:04:28.576299887Z,2020-08-16T07:04:28.594984752Z,809 xmeV
2020-08-16T07:04:28.658275596Z,2020-08-16T07:04:28.687655423Z,810 W2xS
2020-08-16T07:04:28.739422509Z,2020-08-16T07:04:28.759063695Z,811 BlLD
2020-08-16T07:04:28.820519498Z,2020-08-16T07:04:28.850241164Z,812 I7mT
2020-08-16T07:04:28.901430493Z,2020-08-16T07:04:28.921332617Z,813 DIBz
2020-08-16T07:04:28.982695212Z,2020-08-16T07:04:28.996542480Z,814 Yiov
2020-08-16T07:04:29.064052753Z,2020-08-16T07:04:29.094494696Z,815 1Bz8
2020-08-16T07:04:29.145074938Z,2020-08-16T07:04:29.175263049Z,816 1rIc
2020-08-16T07:04:29.226856965Z,2020-08-16T07:04:29.250936809Z,817 uxFA
2020-08-16T07:04:29.307940967Z,2020-08-16T07:04:29.334201184Z,818 dlH2
2020-08-16T07:04:29.389135773Z,2020-08-16T07:04:29.411110306Z,819 pPCB
2020-08-16T07:04:29.470263219Z,2020-08-16T07:04:29.579566296Z,820 4ZJi
2020-08-16T07:04:29.552291969Z,2020-08-16T07:04:29.649078138Z,821 6FzI
2020-08-16T07:04:29.634274425Z,2020-08-16T07:04:29.719559768Z,822 RVNb
2020-08-16T07:04:29.715675109Z,2020-08-16T07:04:29.789399428Z,823 rp5F
2020-08-16T07:04:29.796809400Z,2020-08-16T07:04:29.862063761Z,824 8B29
2020-08-16T07:04:29.877988434Z,2020-08-16T07:04:29.934189055Z,825 gkcb
2020-08-16T07:04:29.959216421Z,2020-08-16T07:04:30.007972124Z,826 q14N
2020-08-16T07:04:30.040796568Z,2020-08-16T07:04:30.080083310Z,827 WKyK
2020-08-16T07:04:30.121719399Z,2020-08-16T07:04:30.150759420Z,828 qgYj
2020-08-16T07:04:30.202397805Z,2020-08-16T07:04:30.222684314Z,829 30Ev
2020-08-16T07:04:30.283598955Z,2020-08-16T07:04:30.307220441Z,830 QrMi
2020-08-16T07:04:30.365356572Z,2020-08-16T07:04:30.387756666Z,831 3GQ1
2020-08-16T07:04:30.446901765Z,2020-08-16T07:04:30.466372214Z,832 e13o
2020-08-16T07:04:30.527268663Z,2020-08-16T07:04:30.551811986Z,833 QAyB
2020-08-16T07:04:30.608856652Z,2020-08-16T07:04:30.650598745Z,834 QZAF
2020-08-16T07:04:30.689420495Z,2020-08-16T07:04:30.717710885Z,835 Hi3m
2020-08-16T07:04:30.770951134Z,2020-08-16T07:04:30.791365904Z,836 dlRF
2020-08-16T07:04:30.852947446Z,2020-08-16T07:04:30.881866001Z,837 0lDn
2020-08-16T07:04:30.933795369Z,2020-08-16T07:04:30.960300405Z,838 mxGx
2020-08-16T07:04:31.014855206Z,2020-08-16T07:04:31.031869121Z,839 h7oO
2020-08-16T07:04:31.095872381Z,2020-08-16T07:04:31.141926058Z,840 kGQD
2020-08-16T07:04:31.175963867Z,2020-08-16T07:04:31.211354084Z,841 7E3R
2020-08-16T07:04:31.258177636Z,2020-08-16T07:04:31.293948257Z,842 InFE
2020-08-16T07:04:31.340049493Z,2020-08-16T07:04:31.363519665Z,843 oebC
2020-08-16T07:04:31.421925648Z,2020-08-16T07:04:31.438806674Z,844 I6gc
2020-08-16T07:04:31.503305971Z,2020-08-16T07:04:31.522718384Z,845 u2zH
2020-08-16T07:04:31.584629007Z,2020-08-16T07:04:31.610933785Z,846 FBmn
2020-08-16T07:04:31.665831254Z,2020-08-16T07:04:31.694546601Z,847 HiAi
2020-08-16T07:04:31.746677689Z,2020-08-16T07:04:31.763526678Z,848 VCHh
2020-08-16T07:04:31.827938601Z,2020-08-16T07:04:31.859297070Z,849 nVVA
2020-08-16T07:04:31.908979169Z,2020-08-16T07:04:31.930398903Z,850 KHd5
2020-08-16T07:04:31.991193572Z,2020-08-16T07:04:32.018779048Z,851 ahpx
2020-08-16T07:04:32.072792541Z,2020-08-16T07:04:32.091502530Z,852 YjxR
2020-08-16T07:04:32.154319406Z,2020-08-16T07:04:32.168782563Z,853 5msU
2020-08-16T07:04:32.235652174Z,2020-08-16T07:04:32.253362391Z,854 DdQ6
2020-08-16T07:04:32.316302095Z,2020-08-16T07:04:32.344908929Z,855 KJ0h
2020-08-16T07:04:32.397649767Z,2020-08-16T07:04:32.416130523Z,856 oguq
2020-08-16T07:04:32.478884501Z,2020-08-16T07:04:32.491013904Z,857 vDWH
2020-08-16T07:04:32.559540443Z,2020-08-16T07:04:32.587367364Z,858 v84o
2020-08-16T07:04:32.640884873Z,2020-08-16T07:04:32.661193616Z,859 F8zI
2020-08-16T07:04:32.721719039Z,2020-08-16T07:04:32.741200891Z,860 yglE
2020-08-16T07:04:32.803301266Z,2020-08-16T07:04:32.821790023Z,861 Yx2q
2020-08-16T07:04:32.884987176Z,2020-08-16T07:04:32.903399668Z,862 iUCl
2020-08-16T07:04:32.965875901Z,2020-08-16T07:04:32.989433426Z,863 A1rP
2020-08-16T07:04:33.046993797Z,2020-08-16T07:04:33.081540536Z,864 yNfe
2020-08-16T07:04:33.129409428Z,2020-08-16T07:04:33.151752670Z,865 2N9F
2020-08-16T07:04:33.210748616Z,2020-08-16T07:04:33.230041591Z,866 cVV9
2020-08-16T07:04:33.291804004Z,2020-08-16T07:04:33.319111861Z,867 VJ8G
2020-08-16T07:04:33.372302836Z,2020-08-16T07:04:33.404349620Z,868 ognx
2020-08-16T07:04:33.453902642Z,2020-08-16T07:04:33.475458641Z,869 OwYu
2020-08-16T07:04:33.534670933Z,2020-08-16T07:04:33.549770574Z,870 LTLI
2020-08-16T07:04:33.616351887Z,2020-08-16T07:04:33.651061839Z,871 xmmq
2020-08-16T07:04:33.698322506Z,2020-08-16T07:04:33.721934940Z,872 Kxyw
2020-08-16T07:04:33.779761505Z,2020-08-16T07:04:33.793255523Z,873 XU4u
2020-08-16T07:04:33.860383677Z,2020-08-16T07:04:33.868199510Z,874 HwKn
2020-08-16T07:04:33.942482824Z,2020-08-16T07:04:33.961375070Z,875 QY8r
2020-08-16T07:04:34.024043090Z,2020-08-16T07:04:34.055530394Z,876 s2Jy
2020-08-16T07:04:34.104691006Z,2020-08-16T07:04:34.125910080Z,877 y7Xm
2020-08-16T07:04:34.185975271Z,2020-08-16T07:04:34.197759730Z,878 55Yg
2020-08-16T07:04:34.267135975Z,2020-08-16T07:04:34.287820651Z,879 igSS
2020-08-16T07:04:34.348964666Z,2020-08-16T07:04:34.359060237Z,880 M0vW
2020-08-16T07:04:34.430416246Z,2020-08-16T07:04:34.452435402Z,881 TGYM
2020-08-16T07:04:34.511859171Z,2020-08-16T07:04:34.542650733Z,882 Nyyr
2020-08-16T07:04:34.593135526Z,2020-08-16T07:04:34.613820462Z,883 01sq
2020-08-16T07:04:34.675307369Z,2020-08-16T07:04:34.696624646Z,884 fWQ4
2020-08-16T07:04:34.756546647Z,2020-08-16T07:04:34.772858195Z,885 J36L
2020-08-16T07:04:34.838199605Z,2020-08-16T07:04:34.845639972Z,886 uAav
2020-08-16T07:04:34.919834683Z,2020-08-16T07:04:34.944966011Z,887 LXcM
2020-08-16T07:04:35.001225204Z,2020-08-16T07:04:35.016365008Z,888 dqux
2020-08-16T07:04:35.083127581Z,2020-08-16T07:04:35.126189989Z,889 3pWe
2020-08-16T07:04:35.164700493Z,2020-08-16T07:04:35.195241379Z,890 yN3K
2020-08-16T07:04:35.246166474Z,2020-08-16T07:04:35.272389521Z,891 GBFJ
2020-08-16T07:04:35.327575690Z,2020-08-16T07:04:35.343730378Z,892 ZeQy
2020-08-16T07:04:35.409325725Z,2020-08-16T07:04:35.436849464Z,893 q2Zh
2020-08-16T07:04:35.490430065Z,2020-08-16T07:04:35.509397496Z,894 SDfl
2020-08-16T07:04:35.571611034Z,2020-08-16T07:04:35.581037641Z,895 Cqcl
2020-08-16T07:04:35.652993366Z,2020-08-16T07:04:35.689665237Z,896 bjhf
2020-08-16T07:04:35.733907331Z,2020-08-16T07:04:35.759562553Z,897 2UKX
2020-08-16T07:04:35.814365352Z,2020-08-16T07:04:35.830822569Z,898 MtVk
2020-08-16T07:04:35.895358706Z,2020-08-16T07:04:35.916216761Z,899 YOI0
2020-08-16T07:04:35.977048221Z,2020-08-16T07:04:36.001864156Z,900 UTbL
2020-08-16T07:04:36.057583299Z,2020-08-16T07:04:36.093402283Z,901 MTMW
2020-08-16T07:04:36.138277459Z,2020-08-16T07:04:36.235484545Z,902 QMXV
2020-08-16T07:04:36.219668796Z,2020-08-16T07:04:36.303866243Z,903 0hk7
2020-08-16T07:04:36.301345120Z,2020-08-16T07:04:36.375674085Z,904 E6qD
2020-08-16T07:04:36.382822988Z,2020-08-16T07:04:36.447921019Z,905 irXl
2020-08-16T07:04:36.463741374Z,2020-08-16T07:04:36.519879516Z,906 EiqQ
2020-08-16T07:04:36.545197990Z,2020-08-16T07:04:36.591869634Z,907 wdYn
2020-08-16T07:04:36.627062890Z,2020-08-16T07:04:36.664857716Z,908 D6ut
2020-08-16T07:04:36.708959496Z,2020-08-16T07:04:36.736452986Z,909 f705
2020-08-16T07:04:36.789844749Z,2020-08-16T07:04:36.813066309Z,910 XrUF
2020-08-16T07:04:36.870564886Z,2020-08-16T07:04:36.889202012Z,911 nWBx
2020-08-16T07:04:36.952476630Z,2020-08-16T07:04:36.980419782Z,912 rjar
2020-08-16T07:04:37.034663207Z,2020-08-16T07:04:37.048998153Z,913 KkHi
2020-08-16T07:04:37.116406822Z,2020-08-16T07:04:37.149013023Z,914 bp0Z
2020-08-16T07:04:37.198335302Z,2020-08-16T07:04:37.219451809Z,915 wXvq
2020-08-16T07:04:37.279928940Z,2020-08-16T07:04:37.309412588Z,916 BB7a
2020-08-16T07:04:37.361251371Z,2020-08-16T07:04:37.394032865Z,917 xmen
2020-08-16T07:04:37.442527978Z,2020-08-16T07:04:37.475733080Z,918 8Id2
2020-08-16T07:04:37.523520549Z,2020-08-16T07:04:37.543728557Z,919 cNoJ
2020-08-16T07:04:37.604441495Z,2020-08-16T07:04:37.621078333Z,920 HEXt
2020-08-16T07:04:37.685676103Z,2020-08-16T07:04:37.696130033Z,921 T35p
2020-08-16T07:04:37.766317148Z,2020-08-16T07:04:37.792041692Z,922 85KT
2020-08-16T07:04:37.847965218Z,2020-08-16T07:04:37.889580987Z,923 XZYL
2020-08-16T07:04:37.928026278Z,2020-08-16T07:04:37.971178984Z,924 iUcJ
2020-08-16T07:04:38.010262597Z,2020-08-16T07:04:38.055611249Z,925 iZHb
2020-08-16T07:04:38.092001655Z,2020-08-16T07:04:38.123388817Z,926 AZT5
2020-08-16T07:04:38.173479496Z,2020-08-16T07:04:38.200750948Z,927 rtH4
2020-08-16T07:04:38.254961461Z,2020-08-16T07:04:38.295219585Z,928 cNnv
2020-08-16T07:04:38.336574039Z,2020-08-16T07:04:38.361141003Z,929 L6mH
2020-08-16T07:04:38.418356208Z,2020-08-16T07:04:38.433064713Z,930 gHIW
2020-08-16T07:04:38.500061930Z,2020-08-16T07:04:38.532105205Z,931 V3lN
2020-08-16T07:04:38.580902553Z,2020-08-16T07:04:38.605412089Z,932 0JvO
2020-08-16T07:04:38.661676866Z,2020-08-16T07:04:38.680099509Z,933 fJST
2020-08-16T07:04:38.743018446Z,2020-08-16T07:04:38.764303013Z,934 xbgr
2020-08-16T07:04:38.824282304Z,2020-08-16T07:04:38.839631601Z,935 9jFQ
2020-08-16T07:04:38.906329346Z,2020-08-16T07:04:38.923617269Z,936 Zqcv
2020-08-16T07:04:38.987967617Z,2020-08-16T07:04:39.017216716Z,937 hpbq
2020-08-16T07:04:39.068664588Z,2020-08-16T07:04:39.095055597Z,938 EG1O
2020-08-16T07:04:39.149895229Z,2020-08-16T07:04:39.176889237Z,939 ZFsR
2020-08-16T07:04:39.231025938Z,2020-08-16T07:04:39.249280101Z,940 vdUz
2020-08-16T07:04:39.313065067Z,2020-08-16T07:04:39.332469220Z,941 kfkl
2020-08-16T07:04:39.395243735Z,2020-08-16T07:04:39.404704722Z,942 N2fS
2020-08-16T07:04:39.476823930Z,2020-08-16T07:04:39.504568436Z,943 IESB
2020-08-16T07:04:39.557400259Z,2020-08-16T07:04:39.573193542Z,944 O9zT
2020-08-16T07:04:39.639127053Z,2020-08-16T07:04:39.664166718Z,945 jyi3
2020-08-16T07:04:39.720881300Z,2020-08-16T07:04:39.736784427Z,946 whCE
2020-08-16T07:04:39.802570148Z,2020-08-16T07:04:39.824815384Z,947 XaH8
2020-08-16T07:04:39.883365159Z,2020-08-16T07:04:39.910181400Z,948 DUeP
2020-08-16T07:04:39.964854619Z,2020-08-16T07:04:39.982402908Z,949 tm9F
2020-08-16T07:04:40.045551468Z,2020-08-16T07:04:40.068976492Z,950 OHk7
2020-08-16T07:04:40.126892494Z,2020-08-16T07:04:40.139032239Z,951 Q9xi
2020-08-16T07:04:40.207739750Z,2020-08-16T07:04:40.230054604Z,952 SEYk
2020-08-16T07:04:40.288633274Z,2020-08-16T07:04:40.300803083Z,953 wKqh
2020-08-16T07:04:40.370352326Z,2020-08-16T07:04:40.394060788Z,954 H8wg
2020-08-16T07:04:40.451715498Z,2020-08-16T07:04:40.477130410Z,955 IqEn
2020-08-16T07:04:40.532424175Z,2020-08-16T07:04:40.552209738Z,956 YLRx
2020-08-16T07:04:40.613417373Z,2020-08-16T07:04:40.650822297Z,957 tvQc
2020-08-16T07:04:40.694295607Z,2020-08-16T07:04:40.719342216Z,958 pUok
2020-08-16T07:04:40.775933364Z,2020-08-16T07:04:40.806091086Z,959 J2YA
2020-08-16T07:04:40.856995753Z,2020-08-16T07:04:40.891742274Z,960 WOmq
2020-08-16T07:04:40.938199747Z,2020-08-16T07:04:40.970996541Z,961 AAgX
2020-08-16T07:04:41.019392429Z,2020-08-16T07:04:41.039990819Z,962 1iG7
2020-08-16T07:04:41.100973589Z,2020-08-16T07:04:41.134127055Z,963 FMsb
2020-08-16T07:04:41.181427095Z,2020-08-16T07:04:41.215716311Z,964 GN98
2020-08-16T07:04:41.262848626Z,2020-08-16T07:04:41.296296221Z,965 FJn1
2020-08-16T07:04:41.344256331Z,2020-08-16T07:04:41.367333458Z,966 9Rh1
2020-08-16T07:04:41.425734078Z,2020-08-16T07:04:41.462832813Z,967 0QPH
2020-08-16T07:04:41.506944789Z,2020-08-16T07:04:41.541028715Z,968 xPj6
2020-08-16T07:04:41.588148025Z,2020-08-16T07:04:41.612361560Z,969 3muH
2020-08-16T07:04:41.669912936Z,2020-08-16T07:04:41.688678931Z,970 Dzxe
2020-08-16T07:04:41.750917104Z,2020-08-16T07:04:41.771482935Z,971 RuTm
2020-08-16T07:04:41.831968494Z,2020-08-16T07:04:41.855223027Z,972 ud6R
2020-08-16T07:04:41.913020829Z,2020-08-16T07:04:41.923531176Z,973 Kk9l
2020-08-16T07:04:41.994742844Z,2020-08-16T07:04:42.005674548Z,974 ggt1
2020-08-16T07:04:42.076338391Z,2020-08-16T07:04:42.086356561Z,975 uhn6
2020-08-16T07:04:42.157589675Z,2020-08-16T07:04:42.170545467Z,976 AWIU
2020-08-16T07:04:42.239260946Z,2020-08-16T07:04:42.255546926Z,977 240O
2020-08-16T07:04:42.320904353Z,2020-08-16T07:04:42.334921866Z,978 Icit
2020-08-16T07:04:42.402004447Z,2020-08-16T07:04:42.407617628Z,979 UEkR
2020-08-16T07:04:42.483267392Z,2020-08-16T07:04:42.517794787Z,980 FAmG
2020-08-16T07:04:42.564529433Z,2020-08-16T07:04:42.591553990Z,981 o7Vd
2020-08-16T07:04:42.645861021Z,2020-08-16T07:04:42.679709051Z,982 Z3Vv
2020-08-16T07:04:42.726324949Z,2020-08-16T07:04:42.752067793Z,983 7Rhs
2020-08-16T07:04:42.808386177Z,2020-08-16T07:04:42.914166235Z,984 xLdd
2020-08-16T07:04:42.889975982Z,2020-08-16T07:04:42.984443710Z,985 mcV7
2020-08-16T07:04:42.971107182Z,2020-08-16T07:04:43.047862901Z,986 vi7P
2020-08-16T07:04:43.052514252Z,2020-08-16T07:04:43.114789419Z,987 UO1t
2020-08-16T07:04:43.133365896Z,2020-08-16T07:04:43.178238644Z,988 kKz5
2020-08-16T07:04:43.214700040Z,2020-08-16T07:04:43.251207023Z,989 8RMl
2020-08-16T07:04:43.295454625Z,2020-08-16T07:04:43.330659979Z,990 MjIl
2020-08-16T07:04:43.377429916Z,2020-08-16T07:04:43.399730794Z,991 Fktw
2020-08-16T07:04:43.458379346Z,2020-08-16T07:04:43.483593197Z,992 j8QA
2020-08-16T07:04:43.540123159Z,2020-08-16T07:04:43.557313559Z,993 7hZ9
2020-08-16T07:04:43.622406522Z,2020-08-16T07:04:43.648163144Z,994 IAkl
2020-08-16T07:04:43.703562433Z,2020-08-16T07:04:43.720234933Z,995 TvSG
2020-08-16T07:04:43.785382132Z,2020-08-16T07:04:43.898068946Z,996 uDlu
2020-08-16T07:04:43.867199183Z,2020-08-16T07:04:43.968827635Z,997 v1B6
2020-08-16T07:04:43.949208629Z,2020-08-16T07:04:44.040211767Z,998 FyO9
2020-08-16T07:04:44.031214066Z,2020-08-16T07:04:44.112603102Z,999 DgRl
