2020-08-16T02:37:05.612360871Z  running: (['/opt/scylladb/scripts/scylla_dev_mode_setup', '--developer-mode', '1'],)
2020-08-16T02:37:06.174682558Z  running: (['/opt/scylladb/scripts/scylla_io_setup'],)
2020-08-16T02:37:06.644710003Z  2020-08-16 02:37:06,644 CRIT Supervisor is running as root.  Privileges were not dropped because no user is specified in the config file.  If you intend to run as root, you can set user=root in the config file to avoid this message.
2020-08-16T02:37:06.644997235Z  2020-08-16 02:37:06,644 INFO Included extra file "/etc/supervisord.conf.d/node-exporter.conf" during parsing
2020-08-16T02:37:06.645259264Z  2020-08-16 02:37:06,645 INFO Included extra file "/etc/supervisord.conf.d/rsyslog.conf" during parsing
2020-08-16T02:37:06.645565232Z  2020-08-16 02:37:06,645 INFO Included extra file "/etc/supervisord.conf.d/scylla-housekeeping.conf" during parsing
2020-08-16T02:37:06.645840149Z  2020-08-16 02:37:06,645 INFO Included extra file "/etc/supervisord.conf.d/scylla-jmx.conf" during parsing
2020-08-16T02:37:06.646088599Z  2020-08-16 02:37:06,645 INFO Included extra file "/etc/supervisord.conf.d/scylla-server.conf" during parsing
2020-08-16T02:37:06.646361670Z  2020-08-16 02:37:06,646 INFO Included extra file "/etc/supervisord.conf.d/sshd-server.conf" during parsing
2020-08-16T02:37:06.685572388Z  2020-08-16 02:37:06,685 INFO RPC interface 'supervisor' initialized
2020-08-16T02:37:06.685941086Z  2020-08-16 02:37:06,685 CRIT Server 'inet_http_server' running without any HTTP authentication checking
2020-08-16T02:37:06.686430872Z  2020-08-16 02:37:06,686 INFO supervisord started with pid 25
2020-08-16T02:37:07.694415207Z  2020-08-16 02:37:07,690 INFO spawned: 'scylla' with pid 28
2020-08-16T02:37:07.700356362Z  2020-08-16 02:37:07,699 INFO spawned: 'scylla-housekeeping' with pid 29
2020-08-16T02:37:07.708549339Z  2020-08-16 02:37:07,708 INFO spawned: 'sshd' with pid 30
2020-08-16T02:37:07.720658557Z  2020-08-16 02:37:07,720 INFO spawned: 'scylla-jmx' with pid 31
2020-08-16T02:37:07.733068484Z  2020-08-16 02:37:07,732 INFO spawned: 'rsyslog' with pid 32
2020-08-16T02:37:07.748635965Z  2020-08-16 02:37:07,748 INFO spawned: 'node-exporter' with pid 33
2020-08-16T02:37:07.839703423Z  Generating public/private ed25519 key pair.
2020-08-16T02:37:07.839734819Z  Your identification has been saved in /etc/ssh/ssh_host_ed25519_key.
2020-08-16T02:37:07.839769174Z  Your public key has been saved in /etc/ssh/ssh_host_ed25519_key.pub.
2020-08-16T02:37:07.839782440Z  The key fingerprint is:
2020-08-16T02:37:07.839792232Z  SHA256:He0i9HUJg/46t8kVghj0JFcD7QIl9gQO5ZcSRY6NmpI root@9043a5664a4e
2020-08-16T02:37:07.839801871Z  The key's randomart image is:
2020-08-16T02:37:07.839811152Z  +--[ED25519 256]--+
2020-08-16T02:37:07.839820286Z  |      ..O=O==    |
2020-08-16T02:37:07.839829500Z  |       *.#.o.+ . |
2020-08-16T02:37:07.839863974Z  |        OoO.o o  |
2020-08-16T02:37:07.839873538Z  |     . + Bo=..   |
2020-08-16T02:37:07.839882994Z  |    E o S =oo .  |
2020-08-16T02:37:07.839906283Z  |     .   . ... . |
2020-08-16T02:37:07.839938794Z  |           .  .  |
2020-08-16T02:37:07.839952131Z  |          o..o   |
2020-08-16T02:37:07.839961424Z  |           o+.   |
2020-08-16T02:37:07.839970605Z  +----[SHA256]-----+
2020-08-16T02:37:07.871858091Z  time="2020-08-16T02:37:07Z" level=info msg="Starting node_exporter (version=0.17.0, branch=HEAD, revision=f6f6194a436b9a63d0439abc585c76b19a206b21)" source="node_exporter.go:82"
2020-08-16T02:37:07.872455893Z  time="2020-08-16T02:37:07Z" level=info msg="Build context (go=go1.11.2, user=root@322511e06ced, date=20181130-15:51:33)" source="node_exporter.go:83"
2020-08-16T02:37:07.873756971Z  time="2020-08-16T02:37:07Z" level=info msg="Enabled collectors:" source="node_exporter.go:90"
2020-08-16T02:37:07.874338008Z  time="2020-08-16T02:37:07Z" level=info msg=" - arp" source="node_exporter.go:97"
2020-08-16T02:37:07.874835112Z  time="2020-08-16T02:37:07Z" level=info msg=" - bcache" source="node_exporter.go:97"
2020-08-16T02:37:07.875328267Z  time="2020-08-16T02:37:07Z" level=info msg=" - bonding" source="node_exporter.go:97"
2020-08-16T02:37:07.876664403Z  time="2020-08-16T02:37:07Z" level=info msg=" - conntrack" source="node_exporter.go:97"
2020-08-16T02:37:07.876718868Z  time="2020-08-16T02:37:07Z" level=info msg=" - cpu" source="node_exporter.go:97"
2020-08-16T02:37:07.876730255Z  time="2020-08-16T02:37:07Z" level=info msg=" - diskstats" source="node_exporter.go:97"
2020-08-16T02:37:07.876740423Z  time="2020-08-16T02:37:07Z" level=info msg=" - edac" source="node_exporter.go:97"
2020-08-16T02:37:07.876750491Z  time="2020-08-16T02:37:07Z" level=info msg=" - entropy" source="node_exporter.go:97"
2020-08-16T02:37:07.876760290Z  time="2020-08-16T02:37:07Z" level=info msg=" - filefd" source="node_exporter.go:97"
2020-08-16T02:37:07.876795788Z  time="2020-08-16T02:37:07Z" level=info msg=" - filesystem" source="node_exporter.go:97"
2020-08-16T02:37:07.876806851Z  time="2020-08-16T02:37:07Z" level=info msg=" - hwmon" source="node_exporter.go:97"
2020-08-16T02:37:07.876816805Z  time="2020-08-16T02:37:07Z" level=info msg=" - infiniband" source="node_exporter.go:97"
2020-08-16T02:37:07.876826757Z  time="2020-08-16T02:37:07Z" level=info msg=" - interrupts" source="node_exporter.go:97"
2020-08-16T02:37:07.876836282Z  time="2020-08-16T02:37:07Z" level=info msg=" - ipvs" source="node_exporter.go:97"
2020-08-16T02:37:07.876846082Z  time="2020-08-16T02:37:07Z" level=info msg=" - loadavg" source="node_exporter.go:97"
2020-08-16T02:37:07.876878419Z  time="2020-08-16T02:37:07Z" level=info msg=" - mdadm" source="node_exporter.go:97"
2020-08-16T02:37:07.876889237Z  time="2020-08-16T02:37:07Z" level=info msg=" - meminfo" source="node_exporter.go:97"
2020-08-16T02:37:07.876899042Z  time="2020-08-16T02:37:07Z" level=info msg=" - netclass" source="node_exporter.go:97"
2020-08-16T02:37:07.876908605Z  time="2020-08-16T02:37:07Z" level=info msg=" - netdev" source="node_exporter.go:97"
2020-08-16T02:37:07.876929804Z  time="2020-08-16T02:37:07Z" level=info msg=" - netstat" source="node_exporter.go:97"
2020-08-16T02:37:07.876963327Z  time="2020-08-16T02:37:07Z" level=info msg=" - nfs" source="node_exporter.go:97"
2020-08-16T02:37:07.876975092Z  time="2020-08-16T02:37:07Z" level=info msg=" - nfsd" source="node_exporter.go:97"
2020-08-16T02:37:07.876984852Z  time="2020-08-16T02:37:07Z" level=info msg=" - sockstat" source="node_exporter.go:97"
2020-08-16T02:37:07.876994579Z  time="2020-08-16T02:37:07Z" level=info msg=" - stat" source="node_exporter.go:97"
2020-08-16T02:37:07.877004419Z  time="2020-08-16T02:37:07Z" level=info msg=" - textfile" source="node_exporter.go:97"
2020-08-16T02:37:07.877014009Z  time="2020-08-16T02:37:07Z" level=info msg=" - time" source="node_exporter.go:97"
2020-08-16T02:37:07.877044251Z  time="2020-08-16T02:37:07Z" level=info msg=" - timex" source="node_exporter.go:97"
2020-08-16T02:37:07.877058883Z  time="2020-08-16T02:37:07Z" level=info msg=" - uname" source="node_exporter.go:97"
2020-08-16T02:37:07.877069199Z  time="2020-08-16T02:37:07Z" level=info msg=" - vmstat" source="node_exporter.go:97"
2020-08-16T02:37:07.877079007Z  time="2020-08-16T02:37:07Z" level=info msg=" - xfs" source="node_exporter.go:97"
2020-08-16T02:37:07.877088732Z  time="2020-08-16T02:37:07Z" level=info msg=" - zfs" source="node_exporter.go:97"
2020-08-16T02:37:07.877098359Z  time="2020-08-16T02:37:07Z" level=info msg="Listening on :9100" source="node_exporter.go:111"
2020-08-16T02:37:08.760215862Z  Scylla version 4.1.4-0.20200809.76f4bc4c6f0 with build-id e679737b8b1822cd4bcfdceb8cf5482a98689efd starting ...
2020-08-16T02:37:08.760601682Z  2020-08-16 02:37:08,760 INFO success: scylla entered RUNNING state, process has stayed up for > than 1 seconds (startsecs)
2020-08-16T02:37:08.760899426Z  2020-08-16 02:37:08,760 INFO success: scylla-housekeeping entered RUNNING state, process has stayed up for > than 1 seconds (startsecs)
2020-08-16T02:37:08.761186336Z  2020-08-16 02:37:08,761 INFO success: sshd entered RUNNING state, process has stayed up for > than 1 seconds (startsecs)
2020-08-16T02:37:08.761462928Z  2020-08-16 02:37:08,761 INFO success: scylla-jmx entered RUNNING state, process has stayed up for > than 1 seconds (startsecs)
2020-08-16T02:37:08.761731657Z  2020-08-16 02:37:08,761 INFO success: rsyslog entered RUNNING state, process has stayed up for > than 1 seconds (startsecs)
2020-08-16T02:37:08.761967727Z  2020-08-16 02:37:08,761 INFO success: node-exporter entered RUNNING state, process has stayed up for > than 1 seconds (startsecs)
2020-08-16T02:37:08.763417831Z  command used: "/usr/bin/scylla --log-to-syslog 0 --log-to-stdout 1 --default-log-level info --network-stack posix --developer-mode=1 --overprovisioned --listen-address 10.0.18.11 --rpc-address 10.0.18.11 --seed-provider-parameters seeds=10.0.18.11 --blocked-reactor-notify-ms 999999999"
2020-08-16T02:37:08.763481817Z  parsed command line options: [log-to-syslog: 0, log-to-stdout: 1, default-log-level: info, network-stack: posix, developer-mode: 1, overprovisioned, listen-address: 10.0.18.11, rpc-address: 10.0.18.11, seed-provider-parameters: seeds=10.0.18.11, blocked-reactor-notify-ms: 999999999]
2020-08-16T02:37:08.785423855Z  WARN  2020-08-16 02:37:08,784 [shard 0] seastar - Unable to set SCHED_FIFO scheduling policy for timer thread; latency impact possible. Try adding CAP_SYS_NICE
2020-08-16T02:37:08.800721278Z  INFO  2020-08-16 02:37:08,800 [shard 0] init - installing SIGHUP handler
2020-08-16T02:37:08.806349453Z  INFO  2020-08-16 02:37:08,806 [shard 0] init - Scylla version 4.1.4-0.20200809.76f4bc4c6f0 with build-id e679737b8b1822cd4bcfdceb8cf5482a98689efd starting ...
2020-08-16T02:37:08.806402138Z  
2020-08-16T02:37:08.806862154Z  WARN  2020-08-16 02:37:08,806 [shard 0] init - Only 476 MiB per shard; this is below the recommended minimum of 1 GiB/shard; continuing since running in developer mode
2020-08-16T02:37:08.807577097Z  INFO  2020-08-16 02:37:08,807 [shard 0] init - starting prometheus API server
2020-08-16T02:37:08.809009429Z  INFO  2020-08-16 02:37:08,808 [shard 0] init - starting tokens manager
2020-08-16T02:37:08.809739380Z  INFO  2020-08-16 02:37:08,809 [shard 0] init - starting migration manager notifier
2020-08-16T02:37:08.810368952Z  INFO  2020-08-16 02:37:08,810 [shard 0] init - creating tracing
2020-08-16T02:37:08.810957364Z  INFO  2020-08-16 02:37:08,810 [shard 0] init - creating snitch
2020-08-16T02:37:08.811523962Z  INFO  2020-08-16 02:37:08,811 [shard 0] init - determining DNS name
2020-08-16T02:37:08.812744450Z  INFO  2020-08-16 02:37:08,812 [shard 0] init - starting API server
2020-08-16T02:37:08.814351307Z  INFO  2020-08-16 02:37:08,813 [shard 0] init - Scylla API server listening on 127.0.0.1:10000 ...
2020-08-16T02:37:08.814959609Z  INFO  2020-08-16 02:37:08,814 [shard 0] init - initializing storage service
2020-08-16T02:37:08.815823909Z  INFO  2020-08-16 02:37:08,815 [shard 0] init - starting per-shard database core
2020-08-16T02:37:08.820224525Z  WARN  2020-08-16 02:37:08,819 [shard 0] init - I/O Scheduler is not properly configured! This is a non-supported setup, and performance is expected to be unpredictably bad.
2020-08-16T02:37:08.820281429Z   Reason found: none of --max-io-requests, --io-properties and --io-properties-file are set.
2020-08-16T02:37:08.820292342Z  To properly configure the I/O Scheduler, run the scylla_io_setup utility shipped with Scylla.
2020-08-16T02:37:08.820301520Z  
2020-08-16T02:37:08.821741140Z  INFO  2020-08-16 02:37:08,821 [shard 0] init - creating and verifying directories
2020-08-16T02:37:09.257828110Z  INFO  2020-08-16 02:37:09,257 [shard 0] database - Populating Keyspace system_schema
2020-08-16T02:37:09.258396924Z  INFO  2020-08-16 02:37:09,258 [shard 0] database - Keyspace system_schema: Reading CF computed_columns id=cc7c7069-3740-33c1-92a4-c3de78dbd2c4 version=2b8c4439-de76-31e0-807f-3b7290a975d7
2020-08-16T02:37:09.259018754Z  INFO  2020-08-16 02:37:09,258 [shard 0] database - Keyspace system_schema: Reading CF view_virtual_columns id=08843b63-45dc-3be2-9798-a0418295cfaa version=c777531c-15f7-326f-8ebe-39fd0265c8c9
2020-08-16T02:37:09.259503127Z  INFO  2020-08-16 02:37:09,259 [shard 0] database - Keyspace system_schema: Reading CF dropped_columns id=5e7583b5-f3f4-3af1-9a39-b7e1d6f5f11f version=7426bc6c-4c2f-3200-8ad8-4329610ed59a
2020-08-16T02:37:09.259987736Z  INFO  2020-08-16 02:37:09,259 [shard 0] database - Keyspace system_schema: Reading CF indexes id=0feb57ac-311f-382f-ba6d-9024d305702f version=99c40462-8687-304e-abe3-2bdbef1f25aa
2020-08-16T02:37:09.260512291Z  INFO  2020-08-16 02:37:09,260 [shard 0] database - Keyspace system_schema: Reading CF functions id=96489b79-80be-3e14-a701-66a0b9159450 version=329ed804-55b3-3eee-ad61-d85317b96097
2020-08-16T02:37:09.262007817Z  INFO  2020-08-16 02:37:09,261 [shard 0] database - Keyspace system_schema: Reading CF columns id=24101c25-a2ae-3af7-87c1-b40ee1aca33f version=d33236d4-9bdd-3c09-abf0-a0bc5edc2526
2020-08-16T02:37:09.262504831Z  INFO  2020-08-16 02:37:09,262 [shard 0] database - Keyspace system_schema: Reading CF scylla_tables id=5d912ff1-f759-3665-b2c8-8042ab5103dd version=38e5e56b-155d-39b5-a0d2-8e5dcad42a26
2020-08-16T02:37:09.263105150Z  INFO  2020-08-16 02:37:09,262 [shard 0] database - Keyspace system_schema: Reading CF tables id=afddfb9d-bc1e-3068-8056-eed6c302ba09 version=b6240810-eeb7-36d5-9411-43b2d68dddab
2020-08-16T02:37:09.263153540Z  INFO  2020-08-16 02:37:09,262 [shard 0] database - Keyspace system_schema: Reading CF keyspaces id=abac5682-dea6-31c5-b535-b3d6cffd0fb6 version=e79ca8ba-6556-3f7d-925a-7f20cf57938c
2020-08-16T02:37:09.263166558Z  INFO  2020-08-16 02:37:09,262 [shard 0] database - Keyspace system_schema: Reading CF triggers id=4df70b66-6b05-3251-95a1-32b54005fd48 version=582d7071-1ef0-37c8-adc6-471a13636139
2020-08-16T02:37:09.263176435Z  INFO  2020-08-16 02:37:09,262 [shard 0] database - Keyspace system_schema: Reading CF views id=9786ac1c-dd58-3201-a7cd-ad556410c985 version=5b58bb47-96e7-3f57-accf-0bfca4dbbc6e
2020-08-16T02:37:09.263185892Z  INFO  2020-08-16 02:37:09,262 [shard 0] database - Keyspace system_schema: Reading CF types id=5a8b1ca8-6602-3f77-a045-9273d308917a version=de51b2ce-5e4d-3b7d-a75f-2204332ce8d1
2020-08-16T02:37:09.263195477Z  INFO  2020-08-16 02:37:09,262 [shard 0] database - Keyspace system_schema: Reading CF aggregates id=924c5587-2e3a-345b-b10c-12f37c1ba895 version=4b53e92c-0368-3d5c-b959-2ec1bfd1a59f
2020-08-16T02:37:10.020267774Z  Connecting to http://localhost:10000
2020-08-16T02:37:10.021434830Z  Starting the JMX server
2020-08-16T02:37:10.037914861Z  INFO  2020-08-16 02:37:10,037 [shard 0] database - Populating Keyspace system
2020-08-16T02:37:10.039010515Z  INFO  2020-08-16 02:37:10,038 [shard 0] database - Keyspace system: Reading CF schema_aggregates id=a5fc57fc-9d6c-3bfd-a3fc-01ad54686fea version=d06c934f-9a69-374c-86f1-523ab26fb05c
2020-08-16T02:37:10.039971331Z  INFO  2020-08-16 02:37:10,039 [shard 0] database - Keyspace system: Reading CF schema_triggers id=0359bc71-7123-3ee1-9a4a-b9dfb11fc125 version=75e4ec4c-76da-3f59-984e-66810ba0c62b
2020-08-16T02:37:10.040473628Z  INFO  2020-08-16 02:37:10,040 [shard 0] database - Keyspace system: Reading CF compaction_history id=b4dbb7b4-dc49-3fb5-b3bf-ce6e434832ca version=25cae56a-8d75-39f3-a146-3756ab4981c7
2020-08-16T02:37:10.040964552Z  INFO  2020-08-16 02:37:10,040 [shard 0] database - Keyspace system: Reading CF compactions_in_progress id=55080ab0-5d9c-3886-90a4-acb25fe1f77b version=540263f1-40db-3869-8a38-3baadedc222d
2020-08-16T02:37:10.041482982Z  INFO  2020-08-16 02:37:10,041 [shard 0] database - Keyspace system: Reading CF range_xfers id=55d76438-4e55-3f8b-9f6e-676d4af3976d version=dd15a078-409b-350d-9bef-c5f3520832d8
2020-08-16T02:37:10.042096548Z  INFO  2020-08-16 02:37:10,041 [shard 0] database - Keyspace system: Reading CF scylla_views_builds_in_progress id=a04c7bfd-1e13-36c9-a44d-f22da352281d version=e3fb736c-6956-3990-a31d-9a482279e3fc
2020-08-16T02:37:10.042619164Z  INFO  2020-08-16 02:37:10,042 [shard 0] database - Keyspace system: Reading CF IndexInfo id=9f5c6374-d485-3229-9a0a-5094af9ad1e3 version=bbb3743b-351f-3023-b4fc-09a9be37d529
2020-08-16T02:37:10.043072054Z  INFO  2020-08-16 02:37:10,042 [shard 0] database - Keyspace system: Reading CF cdc_local id=0bcaffd4-0c83-3ead-ad13-dc1d5015b77c version=0aa4d3a2-ed95-3ecd-aba0-cd75622ad290
2020-08-16T02:37:10.043927935Z  INFO  2020-08-16 02:37:10,043 [shard 0] database - Keyspace system: Reading CF schema_columnfamilies id=45f5b360-24bc-3f83-a363-1034ea4fa697 version=7f7a5fea-07b7-304d-a6f8-f7aec72cabdb
2020-08-16T02:37:10.043946889Z  INFO  2020-08-16 02:37:10,043 [shard 0] database - Keyspace system: Reading CF batchlog id=0290003c-977e-397c-ac3e-fdfdc01d626b version=e2a2e804-49e4-3597-9f16-39fd9475835c
2020-08-16T02:37:10.043993844Z  INFO  2020-08-16 02:37:10,043 [shard 0] database - Keyspace system: Reading CF schema_functions id=d1b675fe-2b50-3ca4-8e49-c0f81989dcad version=a50959dd-2be0-3e4e-8bb5-cf40796e256a
2020-08-16T02:37:10.044004316Z  INFO  2020-08-16 02:37:10,043 [shard 0] database - Keyspace system: Reading CF peer_events id=59dfeaea-8db2-3341-91ef-109974d81484 version=7f874a05-72b8-3c21-9acb-baa164fc351a
2020-08-16T02:37:10.044014129Z  INFO  2020-08-16 02:37:10,043 [shard 0] database - Keyspace system: Reading CF local id=7ad54392-bcdd-35a6-8417-4e047860b377 version=7fa82c2e-5b67-37dd-8e5e-2079e18f1536
2020-08-16T02:37:10.044024003Z  INFO  2020-08-16 02:37:10,043 [shard 0] database - Keyspace system: Reading CF clients id=ca0f635d-8630-3609-8d93-a1fc06f2a5e5 version=51273ebf-e6f9-3cd5-b455-ea09ad29796f
2020-08-16T02:37:10.044033652Z  INFO  2020-08-16 02:37:10,043 [shard 0] database - Keyspace system: Reading CF size_estimates id=618f817b-005f-3678-b8a4-53f3930b8e86 version=6d4dbcff-f05b-3dc3-95ad-f79f7b10504d
2020-08-16T02:37:10.044043269Z  INFO  2020-08-16 02:37:10,043 [shard 0] database - Keyspace system: Reading CF large_partitions id=8a7fe624-96b0-34b1-b90e-f71bddcdd2d3 version=04fa9920-9369-3a96-be39-6dd9fdc816b6
2020-08-16T02:37:10.044067575Z  INFO  2020-08-16 02:37:10,043 [shard 0] database - Keyspace system: Reading CF schema_columns id=296e9c04-9bec-3085-827d-c17d3df2122a version=53cfbb66-ee0d-37be-97bb-b2afb3746f85
2020-08-16T02:37:10.044077676Z  INFO  2020-08-16 02:37:10,043 [shard 0] database - Keyspace system: Reading CF built_views id=4b3c50a9-ea87-3d76-9101-6dbc9c38494a version=a28aa0b3-6def-30a7-9fbe-ce78b3f3c9b9
2020-08-16T02:37:10.044087299Z  INFO  2020-08-16 02:37:10,043 [shard 0] database - Keyspace system: Reading CF peers id=37f71aca-7dc2-383b-a706-72528af04d4f version=f6f6871f-8c86-3eca-ac0b-2a2e848e395d
2020-08-16T02:37:10.044098521Z  INFO  2020-08-16 02:37:10,043 [shard 0] database - Keyspace system: Reading CF hints id=2666e205-73ef-38b3-90fe-fecf96e8f0c7 version=0b74fdd1-e96d-309e-a14e-a5bcd7ac885d
2020-08-16T02:37:10.044108723Z  INFO  2020-08-16 02:37:10,043 [shard 0] database - Keyspace system: Reading CF large_rows id=40550f66-0858-39a0-9430-f27fc08034e9 version=aee3acb0-7926-317b-848e-db7bc3721695
2020-08-16T02:37:10.044127540Z  INFO  2020-08-16 02:37:10,043 [shard 0] database - Keyspace system: Reading CF large_cells id=ead8bbc5-f146-3ae1-9f71-0b11f9a1d296 version=0d4a6937-a781-3f87-a192-b4e4a4a40acf
2020-08-16T02:37:10.044138909Z  INFO  2020-08-16 02:37:10,043 [shard 0] database - Keyspace system: Reading CF scylla_local id=2972ec7f-fb20-38dd-aac1-d876f2e3fcbd version=5f0b407d-eedf-3845-a48e-dbb9673d10e1
2020-08-16T02:37:10.044148621Z  INFO  2020-08-16 02:37:10,043 [shard 0] database - Keyspace system: Reading CF views_builds_in_progress id=b7f2c108-78cd-3c80-9cd5-d609b2bd149c version=b905cce5-1474-3085-819a-7592453e2fb9
2020-08-16T02:37:10.044157996Z  INFO  2020-08-16 02:37:10,043 [shard 0] database - Keyspace system: Reading CF schema_usertypes id=3aa75225-4f82-350b-8d5c-430fa221fa0a version=3c53e6bb-56d5-3618-a0b2-4ff5f18127d7
2020-08-16T02:37:10.044181009Z  INFO  2020-08-16 02:37:10,043 [shard 0] database - Keyspace system: Reading CF sstable_activity id=5a1ff267-ace0-3f12-8563-cfae6103c65e version=bdec57a3-b234-334b-be9c-7b1f33113995
2020-08-16T02:37:10.044190822Z  INFO  2020-08-16 02:37:10,043 [shard 0] database - Keyspace system: Reading CF truncated id=38c19fd0-fb86-3310-a4b7-0d0cc66628aa version=6da9a85c-7ae0-3917-aead-54a2f65a57a8
2020-08-16T02:37:10.044200369Z  INFO  2020-08-16 02:37:10,043 [shard 0] database - Keyspace system: Reading CF paxos id=b7b7f0c2-fd0a-3410-8c05-3ef614bb7c2d version=6dd372de-72fb-3e1b-9b8c-f97738a67fe9
2020-08-16T02:37:10.044221363Z  INFO  2020-08-16 02:37:10,043 [shard 0] database - Keyspace system: Reading CF schema_keyspaces id=b0f22357-4458-3cdb-9631-c43e59ce3676 version=84d28cef-59f9-34a9-9be5-31c684997f03
2020-08-16T02:37:10.770461880Z  Generating public/private rsa key pair.
2020-08-16T02:37:10.770516203Z  Your identification has been saved in /etc/ssh/ssh_host_rsa_key.
2020-08-16T02:37:10.770527189Z  Your public key has been saved in /etc/ssh/ssh_host_rsa_key.pub.
2020-08-16T02:37:10.770536428Z  The key fingerprint is:
2020-08-16T02:37:10.770545246Z  SHA256:djh0pJgwMWwm2PBL0NaeNaoQq0mBImFPBW4G3FwKEqk root@9043a5664a4e
2020-08-16T02:37:10.770553981Z  The key's randomart image is:
2020-08-16T02:37:10.770562786Z  +---[RSA 4096]----+
2020-08-16T02:37:10.770595355Z  |O%o=O+    .      |
2020-08-16T02:37:10.770604135Z  |X=@o*+oo o       |
2020-08-16T02:37:10.770612573Z  |+++@ +o.o .      |
2020-08-16T02:37:10.770621155Z  |Eoo.+  . o       |
2020-08-16T02:37:10.770630215Z  |oo..    S .      |
2020-08-16T02:37:10.770638537Z  |o .    . o       |
2020-08-16T02:37:10.770646830Z  |                 |
2020-08-16T02:37:10.770677987Z  |                 |
2020-08-16T02:37:10.770687017Z  |                 |
2020-08-16T02:37:10.770695567Z  +----[SHA256]-----+
2020-08-16T02:37:10.853228626Z  Could not load host key: /etc/ssh/ssh_host_ecdsa_key
2020-08-16T02:37:10.944473700Z  INFO  2020-08-16 02:37:10,944 [shard 0] init - starting gossip
2020-08-16T02:37:10.945018101Z  WARN  2020-08-16 02:37:10,944 [shard 0] init - Using default cluster name is not recommended. Using a unique cluster name will reduce the chance of adding nodes to the wrong cluster by mistake
2020-08-16T02:37:10.945605319Z  INFO  2020-08-16 02:37:10,945 [shard 0] init - starting storage proxy
2020-08-16T02:37:10.958784022Z  INFO  2020-08-16 02:37:10,958 [shard 0] init - creating hints manager
2020-08-16T02:37:10.959423616Z  INFO  2020-08-16 02:37:10,959 [shard 0] init - starting migration manager
2020-08-16T02:37:10.959932524Z  INFO  2020-08-16 02:37:10,959 [shard 0] init - starting query processor
2020-08-16T02:37:10.961192626Z  INFO  2020-08-16 02:37:10,960 [shard 0] init - initializing batchlog manager
2020-08-16T02:37:10.975921216Z  INFO  2020-08-16 02:37:10,975 [shard 0] legacy_schema_migrator - Moving 0 keyspaces from legacy schema tables to the new schema keyspace (system_schema)
2020-08-16T02:37:10.975976277Z  INFO  2020-08-16 02:37:10,975 [shard 0] legacy_schema_migrator - Dropping legacy schema tables
2020-08-16T02:37:11.322722529Z  JMX is enabled to receive remote connections on port: 7199
2020-08-16T02:37:13.482894624Z  Traceback (most recent call last):
2020-08-16T02:37:13.482989324Z    File "/opt/scylladb/scripts/libexec/scylla-housekeeping", line 208, in <module>
2020-08-16T02:37:13.483016174Z      args.func(args)
2020-08-16T02:37:13.483076115Z    File "/opt/scylladb/scripts/libexec/scylla-housekeeping", line 134, in check_version
2020-08-16T02:37:13.483097178Z      current_version = sanitize_version(get_api('/storage_service/scylla_release_version'))
2020-08-16T02:37:13.483115261Z    File "/opt/scylladb/scripts/libexec/scylla-housekeeping", line 93, in get_api
2020-08-16T02:37:13.483172299Z      return get_json_from_url("http://" + api_address + path)
2020-08-16T02:37:13.483193346Z    File "/opt/scylladb/scripts/libexec/scylla-housekeeping", line 88, in get_json_from_url
2020-08-16T02:37:13.483211709Z      raise RuntimeError(f'Failed to get "{path}" due to the following error: {retval}')
2020-08-16T02:37:13.483267093Z  RuntimeError: Failed to get "http://localhost:10000/storage_service/scylla_release_version" due to the following error: HTTP Error 404: Not Found
2020-08-16T02:37:19.810762733Z  INFO  2020-08-16 02:37:19,809 [shard 0] legacy_schema_migrator - Completed migration of legacy schema tables
2020-08-16T02:37:19.815438523Z  INFO  2020-08-16 02:37:19,814 [shard 0] init - loading system sstables
2020-08-16T02:37:20.262967033Z  INFO  2020-08-16 02:37:20,262 [shard 0] init - loading non-system sstables
2020-08-16T02:37:21.613886769Z  INFO  2020-08-16 02:37:21,613 [shard 0] database - Populating Keyspace dt
2020-08-16T02:37:21.615028373Z  INFO  2020-08-16 02:37:21,614 [shard 0] database - Keyspace dt: Reading CF source_element_idx_index id=68593f10-d77b-11ea-9877-000000000001 version=33e3f927-f730-3081-88e1-6bed2962e42a
2020-08-16T02:37:21.615994545Z  INFO  2020-08-16 02:37:21,615 [shard 0] database - Keyspace dt: Reading CF element_twin_idx_index id=630ae8b0-d77b-11ea-9877-000000000001 version=bc3026fd-bc4e-318d-b6f4-ca0b566cb74b
2020-08-16T02:37:21.617034269Z  INFO  2020-08-16 02:37:21,616 [shard 0] database - Keyspace dt: Reading CF source id=65ff2270-d77b-11ea-9877-000000000001 version=5f8471b7-7d19-31d4-9be5-0f153affb0bb
2020-08-16T02:37:21.618084241Z  INFO  2020-08-16 02:37:21,617 [shard 0] database - Keyspace dt: Reading CF source_data id=6af6cd50-d77b-11ea-9877-000000000001 version=b52400e3-b307-3141-b3fc-e5d63573f135
2020-08-16T02:37:21.618183416Z  INFO  2020-08-16 02:37:21,617 [shard 0] database - Keyspace dt: Reading CF element id=607549b0-d77b-11ea-9877-000000000001 version=f44a6c4b-69d8-37f2-b116-7260740acc6c
2020-08-16T02:37:21.618212133Z  INFO  2020-08-16 02:37:21,617 [shard 0] database - Keyspace dt: Reading CF twin id=5e00c740-d77b-11ea-9877-000000000001 version=6240633e-c8cc-3fea-a1e3-452eff1b9659
2020-08-16T02:37:21.619677478Z  INFO  2020-08-16 02:37:21,618 [shard 0] database - Keyspace dt: Reading CF user id=5c294820-d77b-11ea-9877-000000000001 version=02cce273-02f1-3e6a-8674-f1016e3f22d7
2020-08-16T02:37:21.619714761Z  INFO  2020-08-16 02:37:21,618 [shard 0] database - Populating Keyspace system_distributed
2020-08-16T02:37:21.619779498Z  INFO  2020-08-16 02:37:21,618 [shard 0] database - Keyspace system_distributed: Reading CF view_build_status id=5582b59f-8e4e-35e1-b913-3acada51eb04 version=e0b6e628-60e0-39a2-ada0-9b6c13bdd9bc
2020-08-16T02:37:21.619801252Z  INFO  2020-08-16 02:37:21,618 [shard 0] database - Keyspace system_distributed: Reading CF cdc_generations id=6a4df139-00b6-3d21-9efc-dade266dc3b7 version=2511b46b-df1d-39fa-9a77-f5cacf88af47
2020-08-16T02:37:21.619820362Z  INFO  2020-08-16 02:37:21,618 [shard 0] database - Keyspace system_distributed: Reading CF cdc_streams id=07405732-4620-34d6-a85e-947248dad9a4 version=b606cfa4-a37b-32bd-a624-e05cab2bed3c
2020-08-16T02:37:21.619883238Z  INFO  2020-08-16 02:37:21,618 [shard 0] database - Populating Keyspace system_auth
2020-08-16T02:37:21.619901595Z  INFO  2020-08-16 02:37:21,618 [shard 0] database - Keyspace system_auth: Reading CF roles id=5bc52802-de25-35ed-aeab-188eecebb090 version=d8f599da-7544-3f57-aa58-b229deea93e0
2020-08-16T02:37:21.619956776Z  INFO  2020-08-16 02:37:21,618 [shard 0] database - Keyspace system_auth: Reading CF role_members id=0ecdaa87-f8fb-3e60-88d1-74fb36fe5c0d version=2923b5bb-f2f8-36e8-9e73-19019900010c
2020-08-16T02:37:21.619981653Z  INFO  2020-08-16 02:37:21,618 [shard 0] database - Populating Keyspace system_traces
2020-08-16T02:37:21.619999297Z  INFO  2020-08-16 02:37:21,618 [shard 0] database - Keyspace system_traces: Reading CF sessions id=c5e99f16-8677-3914-b17e-960613512345 version=e0fc4b06-6cba-3b7b-bfb6-b42a77c370a9
2020-08-16T02:37:21.620055197Z  INFO  2020-08-16 02:37:21,618 [shard 0] database - Keyspace system_traces: Reading CF node_slow_log_time_idx id=f9706768-aa1e-3d87-9e5c-51a3927c2870 version=eaffc0bb-7b2c-3b64-8924-d8ba685120bc
2020-08-16T02:37:21.620078880Z  INFO  2020-08-16 02:37:21,619 [shard 0] database - Keyspace system_traces: Reading CF sessions_time_idx id=0ebf001c-c1d1-3693-9a63-c3d96ac53318 version=cd5d1e5f-1f42-3b9d-a8ba-3af39d59a7d5
2020-08-16T02:37:21.620100394Z  INFO  2020-08-16 02:37:21,619 [shard 0] database - Keyspace system_traces: Reading CF events id=8826e8e9-e16a-3728-8753-3bc1fc713c25 version=41a6b26e-a03b-3ae1-8a4a-b9446e7f9304
2020-08-16T02:37:21.620157857Z  INFO  2020-08-16 02:37:21,619 [shard 0] database - Keyspace system_traces: Reading CF node_slow_log id=bfcc4e62-5b63-3aa1-a1c3-6f5e47f3325c version=23e7a411-8414-340f-854d-20a3a637e438
2020-08-16T02:37:21.930750796Z  INFO  2020-08-16 02:37:21,930 [shard 0] init - starting view update generator
2020-08-16T02:37:21.931325860Z  INFO  2020-08-16 02:37:21,931 [shard 0] init - discovering staging sstables
2020-08-16T02:37:21.931877245Z  INFO  2020-08-16 02:37:21,931 [shard 0] init - setting up system keyspace
2020-08-16T02:37:21.942348572Z  INFO  2020-08-16 02:37:21,942 [shard 0] init - starting commit log
2020-08-16T02:37:21.943430886Z  INFO  2020-08-16 02:37:21,943 [shard 0] compaction - Compacting [/var/lib/scylla/data/system/peers-37f71aca7dc2383ba70672528af04d4f/mc-20-big-Data.db:level=0, /var/lib/scylla/data/system/peers-37f71aca7dc2383ba70672528af04d4f/mc-19-big-Data.db:level=0, ]
2020-08-16T02:37:21.960321092Z  INFO  2020-08-16 02:37:21,959 [shard 0] compaction - Compacting [/var/lib/scylla/data/system_schema/dropped_columns-5e7583b5f3f43af19a39b7e1d6f5f11f/mc-138-big-Data.db:level=0, /var/lib/scylla/data/system_schema/dropped_columns-5e7583b5f3f43af19a39b7e1d6f5f11f/mc-137-big-Data.db:level=0, ]
2020-08-16T02:37:21.961488938Z  INFO  2020-08-16 02:37:21,961 [shard 0] init - initializing migration manager RPC verbs
2020-08-16T02:37:21.962478037Z  INFO  2020-08-16 02:37:21,961 [shard 0] init - initializing storage proxy RPC verbs
2020-08-16T02:37:21.963417027Z  INFO  2020-08-16 02:37:21,962 [shard 0] init - starting streaming service
2020-08-16T02:37:21.964891929Z  INFO  2020-08-16 02:37:21,964 [shard 0] init - starting hinted handoff manager
2020-08-16T02:37:21.966005684Z  INFO  2020-08-16 02:37:21,965 [shard 0] compaction - Compacting [/var/lib/scylla/data/system_schema/functions-96489b7980be3e14a70166a0b9159450/mc-72-big-Data.db:level=0, /var/lib/scylla/data/system_schema/functions-96489b7980be3e14a70166a0b9159450/mc-71-big-Data.db:level=0, ]
2020-08-16T02:37:21.967280676Z  INFO  2020-08-16 02:37:21,966 [shard 0] compaction - Compacting [/var/lib/scylla/data/system/compaction_history-b4dbb7b4dc493fb5b3bfce6e434832ca/mc-106-big-Data.db:level=0, /var/lib/scylla/data/system/compaction_history-b4dbb7b4dc493fb5b3bfce6e434832ca/mc-105-big-Data.db:level=0, ]
2020-08-16T02:37:21.968832188Z  INFO  2020-08-16 02:37:21,967 [shard 0] compaction - Compacting [/var/lib/scylla/data/system_schema/columns-24101c25a2ae3af787c1b40ee1aca33f/mc-140-big-Data.db:level=0, /var/lib/scylla/data/system_schema/columns-24101c25a2ae3af787c1b40ee1aca33f/mc-139-big-Data.db:level=0, ]
2020-08-16T02:37:21.968907271Z  INFO  2020-08-16 02:37:21,968 [shard 0] compaction - Compacting [/var/lib/scylla/data/system/local-7ad54392bcdd35a684174e047860b377/mc-411-big-Data.db:level=0, /var/lib/scylla/data/system/local-7ad54392bcdd35a684174e047860b377/mc-412-big-Data.db:level=0, /var/lib/scylla/data/system/local-7ad54392bcdd35a684174e047860b377/mc-410-big-Data.db:level=0, ]
2020-08-16T02:37:21.970041392Z  INFO  2020-08-16 02:37:21,969 [shard 0] compaction - Compacting [/var/lib/scylla/data/dt/source_data-6af6cd50d77b11ea9877000000000001/mc-72-big-Data.db:level=0, /var/lib/scylla/data/dt/source_data-6af6cd50d77b11ea9877000000000001/mc-71-big-Data.db:level=0, ]
2020-08-16T02:37:21.971531290Z  INFO  2020-08-16 02:37:21,970 [shard 0] compaction - Compacting [/var/lib/scylla/data/system_schema/scylla_tables-5d912ff1f7593665b2c88042ab5103dd/mc-132-big-Data.db:level=0, /var/lib/scylla/data/system_schema/scylla_tables-5d912ff1f7593665b2c88042ab5103dd/mc-131-big-Data.db:level=0, ]
2020-08-16T02:37:21.977428965Z  INFO  2020-08-16 02:37:21,977 [shard 0] init - starting messaging service
2020-08-16T02:37:21.978321783Z  INFO  2020-08-16 02:37:21,977 [shard 0] repair - Setting max_repair_memory=49912217, max_repair_memory_per_range=33554432, max_repair_ranges_in_parallel=1
2020-08-16T02:37:21.979000507Z  INFO  2020-08-16 02:37:21,978 [shard 0] init - starting storage service
2020-08-16T02:37:21.979835997Z  INFO  2020-08-16 02:37:21,979 [shard 0] storage_service - Loading persisted ring state
2020-08-16T02:37:21.981097580Z  INFO  2020-08-16 02:37:21,980 [shard 0] storage_service - loaded_peer_features: peer_features size=0
2020-08-16T02:37:21.981568413Z  INFO  2020-08-16 02:37:21,981 [shard 0] storage_service - Checking remote features skipped, since this node is a new seed node which knows nothing about the cluster
2020-08-16T02:37:21.982979692Z  INFO  2020-08-16 02:37:21,982 [shard 0] storage_service - Restarting a node in NORMAL status
2020-08-16T02:37:21.996431816Z  INFO  2020-08-16 02:37:21,996 [shard 0] database - Schema version changed to 3f00f995-6495-3765-8599-4e76a2f4c6b2
2020-08-16T02:37:21.997082138Z  INFO  2020-08-16 02:37:21,996 [shard 0] storage_service - Starting up server gossip
2020-08-16T02:37:23.220012942Z  WARN  2020-08-16 02:37:23,219 [shard 0] large_data - Writing a partition with too many rows [dt/source_data:d0a71d84-b80f-4558-beac-8887750652e3] (353175 rows)
2020-08-16T02:37:23.531480246Z  INFO  2020-08-16 02:37:23,530 [shard 0] compaction - Compacted 2 sstables to []. 10954 bytes to 0 (~0% of original) in 29ms = 0.00MB/s. ~256 total partitions merged to 0.
2020-08-16T02:37:24.795880599Z  INFO  2020-08-16 02:37:24,795 [shard 0] messaging_service - Starting Messaging Service on port 7000
2020-08-16T02:37:24.831164321Z  INFO  2020-08-16 02:37:24,830 [shard 0] compaction - Compacting [/var/lib/scylla/data/system_schema/triggers-4df70b666b05325195a132b54005fd48/mc-72-big-Data.db:level=0, /var/lib/scylla/data/system_schema/triggers-4df70b666b05325195a132b54005fd48/mc-71-big-Data.db:level=0, ]
2020-08-16T02:37:24.831698742Z  INFO  2020-08-16 02:37:24,831 [shard 0] compaction - Compacting [/var/lib/scylla/data/system_schema/tables-afddfb9dbc1e30688056eed6c302ba09/mc-134-big-Data.db:level=0, /var/lib/scylla/data/system_schema/tables-afddfb9dbc1e30688056eed6c302ba09/mc-133-big-Data.db:level=0, ]
2020-08-16T02:37:24.833084142Z  INFO  2020-08-16 02:37:24,832 [shard 0] compaction - Compacting [/var/lib/scylla/data/system/clients-ca0f635d863036098d93a1fc06f2a5e5/mc-5007-big-Data.db:level=0, /var/lib/scylla/data/system/clients-ca0f635d863036098d93a1fc06f2a5e5/mc-5008-big-Data.db:level=0, ]
2020-08-16T02:37:24.833862543Z  INFO  2020-08-16 02:37:24,833 [shard 0] compaction - Compacting [/var/lib/scylla/data/system/truncated-38c19fd0fb863310a4b70d0cc66628aa/mc-182-big-Data.db:level=0, /var/lib/scylla/data/system/truncated-38c19fd0fb863310a4b70d0cc66628aa/mc-181-big-Data.db:level=0, ]
2020-08-16T02:37:24.837564617Z  INFO  2020-08-16 02:37:24,837 [shard 0] compaction - Compacting [/var/lib/scylla/data/system_schema/view_virtual_columns-08843b6345dc3be29798a0418295cfaa/mc-80-big-Data.db:level=0, /var/lib/scylla/data/system_schema/view_virtual_columns-08843b6345dc3be29798a0418295cfaa/mc-79-big-Data.db:level=0, ]
2020-08-16T02:37:26.104840381Z  INFO  2020-08-16 02:37:26,104 [shard 0] compaction - Compacted 2 sstables to [/var/lib/scylla/data/system/compaction_history-b4dbb7b4dc493fb5b3bfce6e434832ca/mc-107-big-Data.db:level=0, ]. 344213 bytes to 337322 (~97% of original) in 2864ms = 0.11MB/s. ~4608 total partitions merged to 4476.
2020-08-16T02:37:26.106224085Z  INFO  2020-08-16 02:37:26,105 [shard 0] compaction - Compacted 2 sstables to [/var/lib/scylla/data/system_schema/columns-24101c25a2ae3af787c1b40ee1aca33f/mc-141-big-Data.db:level=0, ]. 28910 bytes to 17119 (~59% of original) in 2862ms = 0.01MB/s. ~256 total partitions merged to 6.
2020-08-16T02:37:26.107408196Z  INFO  2020-08-16 02:37:26,106 [shard 0] compaction - Compacted 2 sstables to [/var/lib/scylla/data/system_schema/scylla_tables-5d912ff1f7593665b2c88042ab5103dd/mc-133-big-Data.db:level=0, ]. 13413 bytes to 6926 (~51% of original) in 2862ms = 0.00MB/s. ~256 total partitions merged to 2.
2020-08-16T02:37:26.108416363Z  INFO  2020-08-16 02:37:26,107 [shard 0] compaction - Compacted 2 sstables to [/var/lib/scylla/data/system_schema/functions-96489b7980be3e14a70166a0b9159450/mc-73-big-Data.db:level=0, ]. 11360 bytes to 5836 (~51% of original) in 2864ms = 0.00MB/s. ~256 total partitions merged to 2.
2020-08-16T02:37:26.206732807Z  INFO  2020-08-16 02:37:26,206 [shard 0] compaction - Compacted 2 sstables to [/var/lib/scylla/data/system_schema/dropped_columns-5e7583b5f3f43af19a39b7e1d6f5f11f/mc-139-big-Data.db:level=0, ]. 11038 bytes to 5680 (~51% of original) in 2872ms = 0.00MB/s. ~256 total partitions merged to 2.
2020-08-16T02:37:26.208194137Z  INFO  2020-08-16 02:37:26,207 [shard 0] compaction - Compacted 3 sstables to [/var/lib/scylla/data/system/local-7ad54392bcdd35a684174e047860b377/mc-413-big-Data.db:level=0, ]. 24439 bytes to 12439 (~50% of original) in 2866ms = 0.00MB/s. ~384 total partitions merged to 1.
2020-08-16T02:37:26.212400931Z  INFO  2020-08-16 02:37:26,211 [shard 0] compaction - Compacting [/var/lib/scylla/data/system/local-7ad54392bcdd35a684174e047860b377/mc-414-big-Data.db:level=0, /var/lib/scylla/data/system/local-7ad54392bcdd35a684174e047860b377/mc-413-big-Data.db:level=0, ]
2020-08-16T02:37:26.213746754Z  INFO  2020-08-16 02:37:26,213 [shard 0] compaction - Compacted 2 sstables to []. 11542 bytes to 0 (~0% of original) in 3ms = 0.00MB/s. ~256 total partitions merged to 0.
2020-08-16T02:37:26.214475833Z  INFO  2020-08-16 02:37:26,214 [shard 0] compaction - Compacted 2 sstables to [/var/lib/scylla/data/dt/source_data-6af6cd50d77b11ea9877000000000001/mc-73-big-Data.db:level=0, ]. 28359651 bytes to 28354988 (~99% of original) in 2957ms = 9.14MB/s. ~256 total partitions merged to 1.
2020-08-16T02:37:27.616902757Z  INFO  2020-08-16 02:37:27,616 [shard 0] compaction - Compacting [/var/lib/scylla/data/system_schema/keyspaces-abac5682dea631c5b535b3d6cffd0fb6/mc-152-big-Data.db:level=0, /var/lib/scylla/data/system_schema/keyspaces-abac5682dea631c5b535b3d6cffd0fb6/mc-151-big-Data.db:level=0, ]
2020-08-16T02:37:27.618733619Z  INFO  2020-08-16 02:37:27,618 [shard 0] compaction - Compacting [/var/lib/scylla/data/system_schema/types-5a8b1ca866023f77a0459273d308917a/mc-70-big-Data.db:level=0, /var/lib/scylla/data/system_schema/types-5a8b1ca866023f77a0459273d308917a/mc-69-big-Data.db:level=0, ]
2020-08-16T02:37:28.791120965Z  INFO  2020-08-16 02:37:28,790 [shard 0] compaction - Compacted 2 sstables to [/var/lib/scylla/data/system/truncated-38c19fd0fb863310a4b70d0cc66628aa/mc-183-big-Data.db:level=0, ]. 11697 bytes to 6089 (~52% of original) in 2781ms = 0.00MB/s. ~256 total partitions merged to 9.
2020-08-16T02:37:28.791709838Z  INFO  2020-08-16 02:37:28,791 [shard 0] compaction - Compacted 2 sstables to [/var/lib/scylla/data/system_schema/view_virtual_columns-08843b6345dc3be29798a0418295cfaa/mc-81-big-Data.db:level=0, ]. 11269 bytes to 5925 (~52% of original) in 2778ms = 0.00MB/s. ~256 total partitions merged to 3.
2020-08-16T02:37:28.882625526Z  INFO  2020-08-16 02:37:28,882 [shard 0] compaction - Compacted 2 sstables to [/var/lib/scylla/data/system_schema/tables-afddfb9dbc1e30688056eed6c302ba09/mc-135-big-Data.db:level=0, ]. 22928 bytes to 13057 (~56% of original) in 2784ms = 0.00MB/s. ~256 total partitions merged to 6.
2020-08-16T02:37:28.883944656Z  INFO  2020-08-16 02:37:28,883 [shard 0] compaction - Compacted 2 sstables to [/var/lib/scylla/data/system_schema/triggers-4df70b666b05325195a132b54005fd48/mc-73-big-Data.db:level=0, ]. 10828 bytes to 5570 (~51% of original) in 2786ms = 0.00MB/s. ~256 total partitions merged to 2.
2020-08-16T02:37:29.365537198Z  INFO  2020-08-16 02:37:29,364 [shard 0] compaction - Compacted 2 sstables to [/var/lib/scylla/data/system/local-7ad54392bcdd35a684174e047860b377/mc-415-big-Data.db:level=0, ]. 19045 bytes to 12276 (~64% of original) in 2673ms = 0.00MB/s. ~256 total partitions merged to 1.
2020-08-16T02:37:29.711696349Z  INFO  2020-08-16 02:37:29,710 [shard 0] compaction - Compacting [/var/lib/scylla/data/system_schema/aggregates-924c55872e3a345bb10c12f37c1ba895/mc-66-big-Data.db:level=0, /var/lib/scylla/data/system_schema/aggregates-924c55872e3a345bb10c12f37c1ba895/mc-65-big-Data.db:level=0, ]
2020-08-16T02:37:29.713045817Z  INFO  2020-08-16 02:37:29,712 [shard 0] compaction - Compacting [/var/lib/scylla/data/system_schema/indexes-0feb57ac311f382fba6d9024d305702f/mc-138-big-Data.db:level=0, /var/lib/scylla/data/system_schema/indexes-0feb57ac311f382fba6d9024d305702f/mc-137-big-Data.db:level=0, ]
2020-08-16T02:37:30.176362126Z  INFO  2020-08-16 02:37:30,175 [shard 0] compaction - Compacted 2 sstables to [/var/lib/scylla/data/system_schema/types-5a8b1ca866023f77a0459273d308917a/mc-71-big-Data.db:level=0, ]. 10950 bytes to 5631 (~51% of original) in 2091ms = 0.00MB/s. ~256 total partitions merged to 2.
2020-08-16T02:37:30.238675598Z  INFO  2020-08-16 02:37:30,238 [shard 0] compaction - Compacted 2 sstables to [/var/lib/scylla/data/system_schema/keyspaces-abac5682dea631c5b535b3d6cffd0fb6/mc-153-big-Data.db:level=0, ]. 11164 bytes to 5852 (~52% of original) in 2095ms = 0.00MB/s. ~256 total partitions merged to 6.
2020-08-16T02:37:31.442474607Z  INFO  2020-08-16 02:37:31,442 [shard 0] compaction - Compacting [/var/lib/scylla/data/system_schema/views-9786ac1cdd583201a7cdad556410c985/mc-74-big-Data.db:level=0, /var/lib/scylla/data/system_schema/views-9786ac1cdd583201a7cdad556410c985/mc-73-big-Data.db:level=0, ]
2020-08-16T02:37:31.443581760Z  INFO  2020-08-16 02:37:31,443 [shard 0] compaction - Compacting [/var/lib/scylla/data/system_schema/computed_columns-cc7c7069374033c192a4c3de78dbd2c4/mc-132-big-Data.db:level=0, /var/lib/scylla/data/system_schema/computed_columns-cc7c7069374033c192a4c3de78dbd2c4/mc-131-big-Data.db:level=0, ]
2020-08-16T02:37:32.089740464Z  INFO  2020-08-16 02:37:32,089 [shard 0] compaction - Compacted 2 sstables to [/var/lib/scylla/data/system_schema/indexes-0feb57ac311f382fba6d9024d305702f/mc-139-big-Data.db:level=0, ]. 11092 bytes to 5789 (~52% of original) in 1728ms = 0.00MB/s. ~256 total partitions merged to 3.
2020-08-16T02:37:32.157870236Z  INFO  2020-08-16 02:37:32,157 [shard 0] compaction - Compacted 2 sstables to [/var/lib/scylla/data/system_schema/aggregates-924c55872e3a345bb10c12f37c1ba895/mc-67-big-Data.db:level=0, ]. 11166 bytes to 5739 (~51% of original) in 1731ms = 0.00MB/s. ~256 total partitions merged to 2.
2020-08-16T02:37:33.146696549Z  INFO  2020-08-16 02:37:33,144 [shard 0] compaction - Compacted 2 sstables to [/var/lib/scylla/data/system_schema/views-9786ac1cdd583201a7cdad556410c985/mc-75-big-Data.db:level=0, ]. 14257 bytes to 7547 (~52% of original) in 1393ms = 0.01MB/s. ~256 total partitions merged to 3.
2020-08-16T02:37:33.146769932Z  INFO  2020-08-16 02:37:33,145 [shard 0] compaction - Compacted 2 sstables to [/var/lib/scylla/data/system_schema/computed_columns-cc7c7069374033c192a4c3de78dbd2c4/mc-133-big-Data.db:level=0, ]. 10753 bytes to 5618 (~52% of original) in 1391ms = 0.00MB/s. ~256 total partitions merged to 3.
2020-08-16T02:37:36.797902445Z  INFO  2020-08-16 02:37:36,797 [shard 0] gossip - No gossip backlog; proceeding
2020-08-16T02:37:36.799556436Z  INFO  2020-08-16 02:37:36,799 [shard 0] features - Feature COMPUTED_COLUMNS is enabled
2020-08-16T02:37:36.800445556Z  INFO  2020-08-16 02:37:36,799 [shard 0] features - Feature CORRECT_COUNTER_ORDER is enabled
2020-08-16T02:37:36.801447035Z  INFO  2020-08-16 02:37:36,800 [shard 0] features - Feature CORRECT_NON_COMPOUND_RANGE_TOMBSTONES is enabled
2020-08-16T02:37:36.802430586Z  INFO  2020-08-16 02:37:36,801 [shard 0] features - Feature CORRECT_STATIC_COMPACT_IN_MC is enabled
2020-08-16T02:37:36.803627175Z  INFO  2020-08-16 02:37:36,802 [shard 0] features - Feature COUNTERS is enabled
2020-08-16T02:37:36.803666455Z  INFO  2020-08-16 02:37:36,802 [shard 0] features - Feature DIGEST_INSENSITIVE_TO_EXPIRY is enabled
2020-08-16T02:37:36.803725380Z  INFO  2020-08-16 02:37:36,802 [shard 0] features - Feature DIGEST_MULTIPARTITION_READ is enabled
2020-08-16T02:37:36.803752270Z  INFO  2020-08-16 02:37:36,803 [shard 0] features - Feature HINTED_HANDOFF_SEPARATE_CONNECTION is enabled
2020-08-16T02:37:36.803772456Z  INFO  2020-08-16 02:37:36,803 [shard 0] features - Feature INDEXES is enabled
2020-08-16T02:37:36.803829784Z  INFO  2020-08-16 02:37:36,803 [shard 0] features - Feature LARGE_PARTITIONS is enabled
2020-08-16T02:37:36.803852634Z  INFO  2020-08-16 02:37:36,803 [shard 0] features - Feature LWT is enabled
2020-08-16T02:37:36.805046639Z  INFO  2020-08-16 02:37:36,803 [shard 0] features - Feature MATERIALIZED_VIEWS is enabled
2020-08-16T02:37:36.805072366Z  INFO  2020-08-16 02:37:36,804 [shard 0] features - Feature MC_SSTABLE_FORMAT is enabled
2020-08-16T02:37:36.805122602Z  INFO  2020-08-16 02:37:36,804 [shard 0] features - Feature NONFROZEN_UDTS is enabled
2020-08-16T02:37:36.805140828Z  INFO  2020-08-16 02:37:36,804 [shard 0] features - Feature PER_TABLE_PARTITIONERS is enabled
2020-08-16T02:37:36.805154262Z  INFO  2020-08-16 02:37:36,804 [shard 0] features - Feature RANGE_TOMBSTONES is enabled
2020-08-16T02:37:36.805167677Z  INFO  2020-08-16 02:37:36,804 [shard 0] features - Feature ROLES is enabled
2020-08-16T02:37:36.805180769Z  INFO  2020-08-16 02:37:36,804 [shard 0] features - Feature ROW_LEVEL_REPAIR is enabled
2020-08-16T02:37:36.805227077Z  INFO  2020-08-16 02:37:36,804 [shard 0] features - Feature SCHEMA_TABLES_V3 is enabled
2020-08-16T02:37:36.805240748Z  INFO  2020-08-16 02:37:36,804 [shard 0] features - Feature STREAM_WITH_RPC_STREAM is enabled
2020-08-16T02:37:36.805254083Z  INFO  2020-08-16 02:37:36,804 [shard 0] features - Feature TRUNCATION_TABLE is enabled
2020-08-16T02:37:36.805313581Z  INFO  2020-08-16 02:37:36,804 [shard 0] system_keyspace - Got cluster agreement on truncation table feature. Removing legacy records.
2020-08-16T02:37:36.806470514Z  INFO  2020-08-16 02:37:36,805 [shard 0] features - Feature UNBOUNDED_RANGE_TOMBSTONES is enabled
2020-08-16T02:37:36.806498290Z  INFO  2020-08-16 02:37:36,805 [shard 0] features - Feature VIEW_VIRTUAL_COLUMNS is enabled
2020-08-16T02:37:36.806511846Z  INFO  2020-08-16 02:37:36,805 [shard 0] features - Feature WRITE_FAILURE_REPLY is enabled
2020-08-16T02:37:36.806524686Z  INFO  2020-08-16 02:37:36,805 [shard 0] features - Feature XXHASH is enabled
2020-08-16T02:37:36.807765284Z  INFO  2020-08-16 02:37:36,807 [shard 0] init - starting system distributed keyspace
2020-08-16T02:37:36.811438702Z  INFO  2020-08-16 02:37:36,811 [shard 0] system_keyspace - Legacy records deleted.
2020-08-16T02:37:36.814669327Z  INFO  2020-08-16 02:37:36,813 [shard 0] storage_service - Using saved tokens {943448605036726745, 9061580907506437136, 8957018461898327244, 8813999419995718088, 8775859223532977932, 873311388414975666, 8707696313600310498, 8675978575875245837, 855031166620283245, 8476533345381470087, 8413544620893079714, 8382283044476755854, 7804258889026263620, 778239093056833917, 7732629563319678675, 7564694057214588647, 747840302865059114, 7255484784972643852, 700944770677405149, 7009081579420542256, 7354219953741161264, 6974970471767945112, 6788034976878782500, 667581605220131528, 6496091893897576732, 6478032244021912394, 6420907855788431922, 8777890816944145805, 6381418245203458391, 6358173612251239308, 6302443190184390149, 6115776390551923703, 5906838239532612246, 5890706123786165213, 588034934972968299, 5848278814186320030, 5834675951458569055, 5796254206948921528, -6441145814158460549, 7172238068082229918, -6238625478980828395, -6199824488038647909, -572473923349256348, -5526097868254533829, -5508289632699420366, -6338043935148530859, 4738411181964629022, -5411685484465544274, 5103660925946342563, -5360532551957069796, -5246840897237646542, -8953406550820932827, -511676141100664160, -4872163430844150374, 5153854518462400651, -4829128129506020031, 6818717460470417221, -4735496583611878200, -7913213531410876291, -8612347190400988175, 3361838207769500988, -4770694758141334815, 3533570692245755170, -3014142033706378490, -6648258355715071793, 105268539462240253, 6448269612184381105, 3941245744356891698, -4925670906471950289, -6853270293933441203, -431455211546220291, -4106310081010891923, -4280461110562472301, -4231054370802445643, 4453520694484038438, -5140544052953576706, -7341700934491837716, -4177024142024341044, -2365586676906010085, -4368295386640868227, -6779834804380741154, 7103497347382660592, -471701403720839764, -2187125227394891465, -1593748153114868683, 8325613099551670589, -6017078328443447975, 408961909545308462, -3256341547923989103, 1911454556365012923, -2135119982021577211, -6104126434670973331, -1614584707908969492, -5285270377043925775, 194223785007163967, 3556932048290112968, 4378909036113166689, -2319706609635128471, 782580883702972777, -3880555618453256762, -2879534723161185431, 7469085752185829039, -8001902308657073600, -1522914538603683793, 784130423392421222, -3409621329811667263, -5136236598692180863, -2640475812391264528, 3907413558358164712, -2166731983266837511, -8529251962487546573, -5228242602708342126, -6263078841153087564, -1295419475388780424, 5311755414232655734, -4113405879925637368, 2104079815049743807, -105211415949921556, -1004253484774030395, -6093280019772326743, -1363472444035739717, 7772390126184307669, 3373616921334842984, -3428624778218969630, -4475005699924690030, -1207620414022812792, -4203952547861361192, -4895652206680369668, 5569071124009844993, -2800260328053956713, 1033733984444816800, -1761718599052329021, -6249520955674807415, -6810383749951706976, -2391018463907211455, -3729138346528579520, -3942245253345029362, -1032698423218536378, 2233495137371904435, -1970747149103226319, 2531294222158762011, 4445989245037378795, -2648919406212884980, 800062458669145892, -6586482614645135705, -8855822008500182327, -2076430708060394350, -6127879535600466936, 5017042126534426855, -6767019288334108993, -6985294397658573838, -2605645373691895986, 2542018259596577135, -2699231837109027988, -9132047842757487932, 9066588519930559993, -4601858807243735115, 1470306277250886071, 1688077838521597411, -2700796200994103492, -5656441245782528349, 3822141065635310082, -4415280594152455372, -1709100826419756065, -2732234699235264563, -3101294897153501639, 6933997554702494562, -4541237399207364623, 1251119865371637993, -3280527161887251879, -4007868363884276055, -4134923634748466107, -5595342098352848506, 533209426647054698, 285540986842976874, -4193553788022177878, -7111183380354176443, 7880345233810794046, -7190282066974323895, -7232953798633244985, -7512330892235471280, -889434854029329118, 9122882257136270100, 3909145942678699742, 2870638580126821409, -2685359252619347507, 4540975434217357056, 1912522665107890116, -1474028219808469861, -7767361191227918078, -8495384334141326469, -8024675672634848221, -8352632933072691056, -1084614158625469139, -8372022353883945178, -1171738939209168407, -8485257529464526975, -8549013321787275289, -7405825010257289618, -8694753427154041557, -9173155356561330710, -3164480873853500968, 1172299952227812636, 1535311813904826318, 156312151312654313, 2050968450175517454, 1018091569669202328, 1574734081023094222, 214428871588027420, -5095673126210616552, 2431756818088451524, -1208769590907790735, 3022913469242457337, 2609254198811139442, 5396954320704971060, 284028081363756156, -184157634332906914, 2879924223908633556, 3014475854062098037, 8280511155447462154, 3058186759042775792, 3100842289958262644, -769344519844763244, 3287699046743316011, 7743526815996532326, -7148146405116016542, 352278596429886466, 3606629961194077343, 3840184102447470012, -4623422606623793434, 3924960423780627192, 4660022660859336370, 5401470720317959250, 3979649323160207298, 4037379789709069307, 790424663468033093, 5150907166433009570, 4083460330442256183, 4262233236239091105, 4461207940793579131, 7222389702734437292, 4497639963855891379, 5935809959838255935, 525652295242460822, -9210810031089136649, 3145063885579200582, 5102381975608989830, 5104799485589097680, -467985751191813914, 5122450296475986719, 5256736089695841171, 5341717901052361821, 5441044328235651423, 5661405961885371428, -6303682351633097607, 5704999654143823990}
2020-08-16T02:37:36.831840784Z  INFO  2020-08-16 02:37:36,831 [shard 0] database - Schema version changed to 0e03d198-385b-3f36-8c34-c3f5846bbbac
2020-08-16T02:37:36.832360194Z  INFO  2020-08-16 02:37:36,832 [shard 0] database - Schema version changed to e1b2d478-e5f2-30c4-b994-d93919918df3
2020-08-16T02:37:36.833150045Z  INFO  2020-08-16 02:37:36,832 [shard 0] database - Schema version changed to e1b2d478-e5f2-30c4-b994-d93919918df3
2020-08-16T02:37:38.845329544Z  INFO  2020-08-16 02:37:38,844 [shard 0] compaction - Compacting [/var/lib/scylla/data/system/local-7ad54392bcdd35a684174e047860b377/mc-416-big-Data.db:level=0, /var/lib/scylla/data/system/local-7ad54392bcdd35a684174e047860b377/mc-415-big-Data.db:level=0, ]
2020-08-16T02:37:38.972620634Z  INFO  2020-08-16 02:37:38,972 [shard 0] storage_service - Node 10.0.18.11 state jump to normal
2020-08-16T02:37:38.973779046Z  INFO  2020-08-16 02:37:38,973 [shard 0] storage_service - Remove node 10.0.18.11 from pending replacing endpoint
2020-08-16T02:37:40.777099009Z  INFO  2020-08-16 02:37:40,776 [shard 0] storage_service - NORMAL: node is now in normal status
2020-08-16T02:37:40.777638837Z  INFO  2020-08-16 02:37:40,777 [shard 0] cdc - No generation seen during startup.
2020-08-16T02:37:40.779538924Z  INFO  2020-08-16 02:37:40,779 [shard 0] init - starting tracing
2020-08-16T02:37:40.780084818Z  INFO  2020-08-16 02:37:40,779 [shard 0] storage_service - SSTable data integrity checker is disabled.
2020-08-16T02:37:40.780516613Z  INFO  2020-08-16 02:37:40,780 [shard 0] init - starting batchlog manager
2020-08-16T02:37:40.780967032Z  INFO  2020-08-16 02:37:40,780 [shard 0] init - starting load meter
2020-08-16T02:37:40.781391914Z  INFO  2020-08-16 02:37:40,781 [shard 0] init - starting cf cache hit rate calculator
2020-08-16T02:37:40.781848764Z  INFO  2020-08-16 02:37:40,781 [shard 0] init - starting view update backlog broker
2020-08-16T02:37:40.782374273Z  INFO  2020-08-16 02:37:40,782 [shard 0] init - Waiting for gossip to settle before accepting client requests...
2020-08-16T02:37:41.545200032Z  INFO  2020-08-16 02:37:41,541 [shard 0] compaction - Compacted 2 sstables to [/var/lib/scylla/data/system/local-7ad54392bcdd35a684174e047860b377/mc-418-big-Data.db:level=0, ]. 18355 bytes to 12070 (~65% of original) in 1771ms = 0.01MB/s. ~256 total partitions merged to 1.
2020-08-16T02:37:41.545329152Z  INFO  2020-08-16 02:37:41,542 [shard 0] compaction - Compacting [/var/lib/scylla/data/system/local-7ad54392bcdd35a684174e047860b377/mc-417-big-Data.db:level=0, /var/lib/scylla/data/system/local-7ad54392bcdd35a684174e047860b377/mc-418-big-Data.db:level=0, ]
2020-08-16T02:37:42.812015188Z  INFO  2020-08-16 02:37:42,811 [shard 0] compaction - Compacted 2 sstables to [/var/lib/scylla/data/system/local-7ad54392bcdd35a684174e047860b377/mc-419-big-Data.db:level=0, ]. 18169 bytes to 12075 (~66% of original) in 946ms = 0.01MB/s. ~256 total partitions merged to 1.
2020-08-16T02:37:52.784055574Z  INFO  2020-08-16 02:37:52,783 [shard 0] gossip - No gossip backlog; proceeding
2020-08-16T02:37:52.785337575Z  INFO  2020-08-16 02:37:52,784 [shard 0] init - allow replaying hints
2020-08-16T02:37:52.786436803Z  INFO  2020-08-16 02:37:52,785 [shard 0] init - Launching generate_mv_updates for non system tables
2020-08-16T02:37:52.787612796Z  INFO  2020-08-16 02:37:52,787 [shard 0] init - starting the view builder
2020-08-16T02:37:53.151834315Z  INFO  2020-08-16 02:37:53,151 [shard 0] compaction - Compacting [/var/lib/scylla/data/system/truncated-38c19fd0fb863310a4b70d0cc66628aa/mc-184-big-Data.db:level=0, /var/lib/scylla/data/system/truncated-38c19fd0fb863310a4b70d0cc66628aa/mc-183-big-Data.db:level=0, ]
2020-08-16T02:37:53.153072977Z  INFO  2020-08-16 02:37:53,152 [shard 0] init - starting native transport
2020-08-16T02:37:53.154415051Z  INFO  2020-08-16 02:37:53,153 [shard 0] storage_service - Starting listening for CQL clients on 10.0.18.11:9042 (unencrypted)
2020-08-16T02:37:53.155809846Z  INFO  2020-08-16 02:37:53,155 [shard 0] storage_service - Thrift server listening on 10.0.18.11:9160 ...
2020-08-16T02:37:53.156955709Z  INFO  2020-08-16 02:37:53,156 [shard 0] init - serving
2020-08-16T02:37:53.157933985Z  INFO  2020-08-16 02:37:53,157 [shard 0] init - Scylla version 4.1.4-0.20200809.76f4bc4c6f0 initialization completed.
2020-08-16T02:37:53.572605632Z  INFO  2020-08-16 02:37:53,571 [shard 0] compaction - Compacted 2 sstables to [/var/lib/scylla/data/system/truncated-38c19fd0fb863310a4b70d0cc66628aa/mc-185-big-Data.db:level=0, ]. 11322 bytes to 6089 (~53% of original) in 327ms = 0.02MB/s. ~256 total partitions merged to 9.
2020-08-16T02:40:32.194307020Z  INFO  2020-08-16 02:40:32,193 [shard 0] compaction - Compacting [/var/lib/scylla/data/system/clients-ca0f635d863036098d93a1fc06f2a5e5/mc-5010-big-Data.db:level=0, /var/lib/scylla/data/system/clients-ca0f635d863036098d93a1fc06f2a5e5/mc-5009-big-Data.db:level=0, ]
2020-08-16T02:40:32.696024645Z  INFO  2020-08-16 02:40:32,695 [shard 0] compaction - Compacted 2 sstables to [/var/lib/scylla/data/system/clients-ca0f635d863036098d93a1fc06f2a5e5/mc-5011-big-Data.db:level=0, ]. 36673 bytes to 5924 (~16% of original) in 367ms = 0.02MB/s. ~256 total partitions merged to 1.
2020-08-16T02:40:38.613019497Z  INFO  2020-08-16 02:40:38,612 [shard 0] compaction - Compacting [/var/lib/scylla/data/system/clients-ca0f635d863036098d93a1fc06f2a5e5/mc-5011-big-Data.db:level=0, /var/lib/scylla/data/system/clients-ca0f635d863036098d93a1fc06f2a5e5/mc-5012-big-Data.db:level=0, ]
2020-08-16T02:40:39.067895810Z  INFO  2020-08-16 02:40:39,067 [shard 0] compaction - Compacted 2 sstables to [/var/lib/scylla/data/system/clients-ca0f635d863036098d93a1fc06f2a5e5/mc-5013-big-Data.db:level=0, ]. 24308 bytes to 6250 (~25% of original) in 361ms = 0.02MB/s. ~256 total partitions merged to 1.
2020-08-16T02:40:44.875617185Z  INFO  2020-08-16 02:40:44,875 [shard 0] compaction - Compacting [/var/lib/scylla/data/system/clients-ca0f635d863036098d93a1fc06f2a5e5/mc-5013-big-Data.db:level=0, /var/lib/scylla/data/system/clients-ca0f635d863036098d93a1fc06f2a5e5/mc-5014-big-Data.db:level=0, ]
2020-08-16T02:40:45.325448747Z  INFO  2020-08-16 02:40:45,324 [shard 0] compaction - Compacted 2 sstables to [/var/lib/scylla/data/system/clients-ca0f635d863036098d93a1fc06f2a5e5/mc-5015-big-Data.db:level=0, ]. 24565 bytes to 6421 (~26% of original) in 347ms = 0.02MB/s. ~256 total partitions merged to 1.
2020-08-16T02:40:51.356005165Z  INFO  2020-08-16 02:40:51,355 [shard 0] compaction - Compacting [/var/lib/scylla/data/system/clients-ca0f635d863036098d93a1fc06f2a5e5/mc-5015-big-Data.db:level=0, /var/lib/scylla/data/system/clients-ca0f635d863036098d93a1fc06f2a5e5/mc-5016-big-Data.db:level=0, ]
2020-08-16T02:40:51.473905060Z  INFO  2020-08-16 02:40:51,473 [shard 0] compaction - Compacted 2 sstables to []. 24733 bytes to 0 (~0% of original) in 6ms = 0.00MB/s. ~256 total partitions merged to 0.
2020-08-16T02:41:03.984081280Z  INFO  2020-08-16 02:41:03,983 [shard 0] compaction - Compacting [/var/lib/scylla/data/system/clients-ca0f635d863036098d93a1fc06f2a5e5/mc-5017-big-Data.db:level=0, /var/lib/scylla/data/system/clients-ca0f635d863036098d93a1fc06f2a5e5/mc-5018-big-Data.db:level=0, ]
2020-08-16T02:41:04.521605761Z  INFO  2020-08-16 02:41:04,520 [shard 0] compaction - Compacted 2 sstables to [/var/lib/scylla/data/system/clients-ca0f635d863036098d93a1fc06f2a5e5/mc-5019-big-Data.db:level=0, ]. 36776 bytes to 6673 (~18% of original) in 427ms = 0.01MB/s. ~256 total partitions merged to 1.
2020-08-16T02:41:10.371440178Z  INFO  2020-08-16 02:41:10,370 [shard 0] compaction - Compacting [/var/lib/scylla/data/system/clients-ca0f635d863036098d93a1fc06f2a5e5/mc-5019-big-Data.db:level=0, /var/lib/scylla/data/system/clients-ca0f635d863036098d93a1fc06f2a5e5/mc-5020-big-Data.db:level=0, ]
2020-08-16T02:41:10.648028056Z  INFO  2020-08-16 02:41:10,647 [shard 0] compaction - Compacted 2 sstables to []. 25003 bytes to 0 (~0% of original) in 5ms = 0.00MB/s. ~256 total partitions merged to 0.
2020-08-16T02:41:23.044854262Z  INFO  2020-08-16 02:41:23,044 [shard 0] compaction - Compacting [/var/lib/scylla/data/system/clients-ca0f635d863036098d93a1fc06f2a5e5/mc-5022-big-Data.db:level=0, /var/lib/scylla/data/system/clients-ca0f635d863036098d93a1fc06f2a5e5/mc-5021-big-Data.db:level=0, ]
2020-08-16T02:41:23.162580169Z  INFO  2020-08-16 02:41:23,161 [shard 0] compaction - Compacted 2 sstables to []. 36673 bytes to 0 (~0% of original) in 4ms = 0.00MB/s. ~256 total partitions merged to 0.
