2020-08-16T06:33:48.227107881Z 0 sXqQR9PDjvWdBFWTxczxnZprHKCjRpDXQ3lb7a7H6vXPpPTVYS5sDE2b1cyvHW
2020-08-16T06:33:48.235717014Z 1 QLmaLFCjFngeJsDG2VLLfuMT988fhigqSmVjKMmwyVxds7584I626VEsTTGpsT
2020-08-16T06:33:48.246952814Z 2 GwA6KiqtfUvc847ZlPPTUHVdY0J1vBngD2HDRQwY1bqsrXiTsIVaEwNVUhd2dc
2020-08-16T06:33:48.258151548Z 3 Ldifr1j81cdaXi41nQcpeospSKWbCUuJ2Jaa18oZCuiW2PxWXiR4hUt09pTTcA
2020-08-16T06:33:48.269514219Z 4 xqKI9eS5w33NGhoTnkGZAjpf3Ak4ClklV6VRndNTYX8z4MvCd31JYJhR2EBVu0
2020-08-16T06:33:48.280610204Z 5 a0oYQ6msKKNgIkLOfNftv860j4DoXbESO3Y5qYUV6qUrhxu8ctWGoh3FPDOyi8
2020-08-16T06:33:48.292336222Z 6 lykHrIWeMQRdAtmwzw1ZKTb2BsUpQC87AJoPhvScYaVhLHgHEklCxQriPY2RLO
2020-08-16T06:33:48.303300371Z 7 4ANx1r38YWHdjynCr7rMFahP8RkJcjZZZHeCrduribVNn2rARplyqfPAAifA7m
2020-08-16T06:33:48.314484355Z 8 2jFjAAr1Dr3i48phiGbH07gL3Y6hJkL5RFbAs6XsfbICZPWPFgl7qrmQgWChqt
2020-08-16T06:33:48.325684469Z 9 SawD28k5hcUTT0YsrsJYFRzToh5mQkpb3rlQazUZEm23m2qzk4hFLshAqjgFp2
2020-08-16T06:33:48.338752935Z 10 ijaKXyrQJRc3R5Cc7nyIB8SrA9hf2WTdbZXko6L52XcyXa7EXKTRWIIP6M7RT
2020-08-16T06:33:48.348004946Z 11 z56ODnhIKSSv8Z8ElTfyyDSmi5Q1PkW5ui8EVxbjYQGyCBKYSD1MNDhpgqiqB
2020-08-16T06:33:48.360490126Z 12 3jOEECstTDMYZIjbrhM4cFPZYJqAKz0JOizzs1dql5VgfOfkGr07d2YDuq9eM
2020-08-16T06:33:48.372339561Z 13 VBLsNMENqHfUw34EDu8N366GzpR5J8od9AJtbyANbjUvQbKocWOt05xxRLWoY
2020-08-16T06:33:48.384112251Z 14 112PtUDx28OiB0UB6WX5QXKJAsX1FveLsEzLTsptxYy4T264z36RJr3ntZfh0
2020-08-16T06:33:48.394470810Z 15 u7CxO4AWdUXraw9RHDPxm5HE86BKo7JO0uIBX5vhLjLiYPloviIuG07Qwxnpl
2020-08-16T06:33:48.407396177Z 16 4VTHvtbUjUBydAhCM7jJ7eu1E8kFlgEgb74L37uffmsESgiasrU67iwMmOPGA
2020-08-16T06:33:48.417860446Z 17 7MVcPy96arawizWoekc1Lzk3GyZBGyF5pwJfAm6lqAN3Wv8U9TlKHLCGINpT0
2020-08-16T06:33:48.429541422Z 18 eR1TEz082k4us0veHeq7dql5gzLmmGmS5T0JF9ZAZVm9vRFwwJC0n3Mbjj2MW
2020-08-16T06:33:48.440914086Z 19 bNgkvJgqytkZrgmh1SiOenYdFJFemaPZdrDVdJsAjshyy18NzRYeakId4Uz92
2020-08-16T06:33:48.452464443Z 20 o1yauCnkgO6kjOITwhtWCdRp8zJDSjmNwY2tONjpkbk3bTa2TCyt21mb1IQwJ
2020-08-16T06:33:48.465095772Z 21 Ca9inopji1osVCMCwvlewhZxnGsWlYhRSfQsX9TMVuw4awi1WDng4Ncf960E4
2020-08-16T06:33:48.474981731Z 22 VUkXkAE4KHzk3Tcf9VlwMomdRRfB5wr6eqV9m4lUwfIcIKg48BjpMwCryMV4B
2020-08-16T06:33:48.485824790Z 23 qUwb6xOVDGvpIsUULQrGyvcqcjQpP08IVtUHQacIVoUcxY6unyCAYUrpG1TUr
2020-08-16T06:33:48.497211166Z 24 mRemCTEy0X6L97gHZGjjD49SBquPlbT8dkrIROUWbGYakJInGihQCOfLR020S
2020-08-16T06:33:48.508627750Z 25 UdhOSzrsCxmBe1XCqLYxw1LI7UilXNiCWd8MGUUCJYPf5IiCtxvNP08y0NEun
2020-08-16T06:33:48.520102050Z 26 N1vzrRs6BrQrAckJhxbjh4r8uNWqO2aKhI3hioOYV6eUrmjxCjpofMT3D3IJA
2020-08-16T06:33:48.530610641Z 27 bP1fKg5jZ2iPQomkU5JXzxOPwDUGvfVcGeTiH4UfUaZtEeF6EZneyycnAFF4k
2020-08-16T06:33:48.542693730Z 28 qsT4f6yNGhhjaiIrenR5cp4rfn6pszNyPCWSZtJYsNlALiksBEQsA6IqoCLel
2020-08-16T06:33:48.554868269Z 29 Eu66gOq4Bcabvttv2IP1cyAZopWlfvWWLozaHOdDp4u6BxFwXoEXMq8xAzZEe
2020-08-16T06:33:48.567900369Z 30 HeyGQ0b3mLe4swWVFzu3zvkZJmt1IHj2JGVv9K0UqhDa1XXzwV4tpMq22dBoa
2020-08-16T06:33:48.578029522Z 31 30QAQsZSPMfTLB9w8yk6O6Wz2lSJttG7h3s9Gv1pGv8fRr4KlcA0pWQ60Jt72
2020-08-16T06:33:48.588833556Z 32 SFG7BH2282SX0MO0JTH3SFEefEyNmc4blp5rx6rmANvgeY8SwbyShbAMDr42l
2020-08-16T06:33:48.600469904Z 33 y2yJGq605RsKTVUv375FndbQ3BrCEZeMRvWQ8xa3fhQnjc6wgMlCyaGMrSLW6
2020-08-16T06:33:48.612461271Z 34 VQiFwa8cgKRvjNCOvVdU87eeKfMkfaDbTAKAsQgHWEC08J7kxXZaLdMKZ7VZX
2020-08-16T06:33:48.624853108Z 35 bIkxg4laNcaxr1oJ55O5SeFPddYY7pr9xG1vxsAJ6fp1n7pTzIwdOIKij30tI
2020-08-16T06:33:48.635630871Z 36 nDiKsSGsgWYlUFbYghDFeOC7cvaIWIp2mkehJeXYozyygxOniI0cklRVU0WLH
2020-08-16T06:33:48.646380071Z 37 62viI4MnAMz0xcYd855jEsGjSU3Uew3eLS3TiCRDfqXBOz2InIg2dyE7xNM3O
2020-08-16T06:33:48.656377798Z 38 qSuMWPmunOVIK95r4omDn0uJFO5tMHLMHUAl4StITIIHVwFi2bYFRuF8vd74b
2020-08-16T06:33:48.668943690Z 39 nnT9Af7lSI4vaRdFXf7ujtLwJDZ4JtsKElATs8pUS207cO4lfY3m07ork3tyk
2020-08-16T06:33:48.680790647Z 40 moI5PT0qP5X7swQKoBcgk3spS0bm26PggDDNNxWY0o1Y0lQtusKoMxC5qA1FE
2020-08-16T06:33:48.690721867Z 41 94OA1nlGrJv67I2f8xOg96M6LkM964WWeRn7YLKPVYqffIRT1Hqr2KytPL0oh
2020-08-16T06:33:48.702167768Z 42 wxaSFe1wQD6WoZkAzF1wUTELBYohRw3n0CyPPHgYd20qebRsPk8VapJHGLKa2
2020-08-16T06:33:48.712909442Z 43 RAXYvPxaXQjd4jirjwjKL8boxUQ4A8vIG0s57mEysY9czouRlrbL2kPg51L6H
2020-08-16T06:33:48.724381848Z 44 uXVmYy2Z47lGHEqclDZjYJmaBkrejHCkEhTXB2tOkkJlmTc4VJt5AgMi2irqP
2020-08-16T06:33:48.735657309Z 45 wdOO0wIAxWkXQl96JodBmuRKAIGGVIfLH9A00fpm96i8wu0Xml8gyijytaeo1
2020-08-16T06:33:48.747397804Z 46 vroMj9Bj6BSgqddPvj3IXr3CbC4CcL08vjnaIvbzusW96FnBuihA1IdlmjY4R
2020-08-16T06:33:48.759085050Z 47 JTTIjvnhnOuQyA2CdkvPwHjU53j4Sp55CWDyEJVkcGD3ibpCvmqfX9jUcIfZ5
2020-08-16T06:33:48.771160640Z 48 N5kUW5TI1uKEDfebnIiNuENKrK8wk8vkLqbPqsUx9VgBHCSrbqhPAUrlgbvjL
2020-08-16T06:33:48.783796024Z 49 jekXbb1AYNfsP7DzDcenjbXSc14ukffXu94g0a8e3do55Oa0VmVPUH8hiTNMh
2020-08-16T06:33:48.793275893Z 50 4dCSqcDQA72tyQtahoQEghXbC2ufH34JV0IUMSi3pVBUA4Pl2xgACzlyPljGw
2020-08-16T06:33:48.803813206Z 51 0brNUSc4of5dCQ5SSe0eksJMQxrAluFa7H1gtI63LUNKEtbiSfXK2QVHYIhNG
2020-08-16T06:33:48.815511930Z 52 xUTb3ZzDRcjNNQmX8nYL6y8o7rD0DLHgF4klhnFVFPuuTjKXaTqokGpMm3SVA
2020-08-16T06:33:48.827190944Z 53 DJTOIkUJJs6THdmxIVCFKU6RObxj4PCl6EOsMSd9YtoUbrrpVEwCpBjGVYBjK
2020-08-16T06:33:48.838715898Z 54 AK1v6V3TJgfyqaWLHij6kIf2VRWhp2cA72dd1BXW52t8cVsnYkScM9XnORpYm
2020-08-16T06:33:48.850782747Z 55 aRz2ogyfORSh1fCbdr30aGDHDPBe31QgGHAZUn39hi3zqEwrmAvH3t40EiW8o
2020-08-16T06:33:48.861923379Z 56 YgLvtXwXQGmUI0o9D5rkXWsx3b9A7JtBKCiTICR6a2dR2dmypYpYtD9a5ZeNB
2020-08-16T06:33:48.873528788Z 57 QkRCqi6W2lGJRtHgB5KQiTtVsUQ31mpS2cQ7gudUDLsLCmwDI2C0foW1HjZ3G
2020-08-16T06:33:48.885056323Z 58 4DiwGsdxCmSSAmt0ob9W1AxGDmpYFUkdMHGsoXq0OgBvjJDrTibfSZgeBxHtW
2020-08-16T06:33:48.896230602Z 59 LmbkcXCgxaUgZg4jZOlKK790CHGxyxPV3PP9fS5C1fDmlRpFMP8czK59lQmUW
2020-08-16T06:33:48.906588829Z 60 AsEnSdHZVkGU4xRvxkXcNAypxxQyV3bISWlqv1MFiniLU0i280tq1zRDqpzis
2020-08-16T06:33:48.918477765Z 61 3qb8JllniYpmFrxHZ80nno6K1xY7tEKcDEFf8b4FApe2GLrygudsojlA7WyhK
2020-08-16T06:33:48.930306184Z 62 EEzb1VTHhToulCxVM0YKjGdPQnndgySRfz4JIt8uPGL0Kln4IcN4fJZmPk2uG
2020-08-16T06:33:48.941671895Z 63 uDrKhfNDvTfh39EmrD0J9SgTo4NxVncueGIdRuHdUeJtI265lKsXWqnNIg85B
2020-08-16T06:33:48.951724468Z 64 pJ0GSmmIsVK2dBtzLIKkdYR77St3YeSdK6phVfrl3abd1uIv3KoYySrOxA6W0
2020-08-16T06:33:48.963342174Z 65 CEKB1zV0IUjawRG8xPdHIv2YiJC6md6CzMR7ttD6ITemYgCYGnmebaeP4NWqr
2020-08-16T06:33:48.974987406Z 66 4y2MXuhmCMbrR6jMJjZH3XCkTCQ0ap54CXgbYp9CjvxY3Gt3VC8M1GxTh7xBG
2020-08-16T06:33:48.986866812Z 67 pVn9N4zaq3U9rDnM7YrcqyVWDRHwFV48UMNAtXie6SrYl6O4S9FWNknjSPRrN
2020-08-16T06:33:48.997907249Z 68 5E8JxNgygscmbnP6B0bSvyuMzekTL9H5yc7TrUtVb32HfTLVdPIMJEm295UL3
2020-08-16T06:33:49.009517625Z 69 hqqZfMlUjhEAay1sVTNWQCfn5PUM7KPKCEkd0v7XgpsSWMVHOSWjWMORC0XOf
2020-08-16T06:33:49.020963158Z 70 vJqBKH4yNUnREu20TPgm71iEVyHKW8jnONuLHTeFJc0tOrwyzTWY9hbji04IL
2020-08-16T06:33:49.032615042Z 71 Ow7DviBwdRVNz15W1SOpv2D3Tt4ktVUwceS550SzyxyqLHWUesmJicuFto0Fr
2020-08-16T06:33:49.044082920Z 72 pFrIbvjpKVPGeI21O9xCEXJTJvgSK34Y0TOudRbScJ7c7LLowovUawJ96WrU7
2020-08-16T06:33:49.054665310Z 73 6UupbsJcXAadUZPXgt9dBr7lgoDNrh7YkLnBBDqK4VrbnFSVDhF6LGPIcVquI
2020-08-16T06:33:49.066022146Z 74 oegmMalEMGPbM73iyRlyWizdYhVkrLw5EXnX3UvS7cObetsd3XEez6RSRRi3z
2020-08-16T06:33:49.077009109Z 75 tfTcwwHnPHKhmvplGR8zRSbcVL5Etme4mjZJgmaWfTM8SLQtLjmhezwjLvOYX
2020-08-16T06:33:49.089255424Z 76 bMwvZJgb6NioAcewiYhSdkmm1YrYEKYGBFRKjx92BD0LugoPQ0XVb1N32iHT9
2020-08-16T06:33:49.100567734Z 77 nFscTIpNgwVbQxwJ2uAthb9XRNHqskJzX67JhSv36GmKJADgM4vS3Jp0zDOyj
2020-08-16T06:33:49.111393986Z 78 OqCpgtqnNnQHrJk6nTSgiMQH0TepifIlqG9qPRPLk5rMnMJUBAx41ujg6XxkH
2020-08-16T06:33:49.122093858Z 79 29zlEzzgOk5KmZQFv1Edjsurm5cRgMiLqk00zoIB9rMcVNzZWVzVtcLEbxPy9
2020-08-16T06:33:49.132726058Z 80 FAUdqe7RBEn1P6vaiqqI5HnqZKVrKPma6stFaeA9krFRDQ6YPZKhZC33FbW1M
2020-08-16T06:33:49.144220823Z 81 QVXtxas2B93WfMMnmhag9sHWzaiXKsV89shlw59ophB784UXsunIZ7lprmnaF
2020-08-16T06:33:49.154926805Z 82 ZhPdOXRlxZcSI7kNBxBWeNs4qu85DWNBiUoKvbvHDjiBsAnbSMYdWYYCow1Ab
2020-08-16T06:33:49.166192600Z 83 TNZLeihPfs4Djjm2Ux5m4wkC3EsuCFzyRQTDL9gajSg99fwM3hXGlS4yCoOwT
2020-08-16T06:33:49.177161494Z 84 LZ2JvCcdFLMDc7WQOYwWQ0OA1egdSr510oeUDHqgNwqD0O00ZkexgL7WZpwtJ
2020-08-16T06:33:49.188059270Z 85 tPTHVc9a6ZnIr27JQUhrgBUzY1ZaHsag7yKQv65kxshkKppsxzgNt4HbR3Gih
2020-08-16T06:33:49.199775412Z 86 gb3nCIm7EhNpDjU76sMK3nF5yalrIgrPNMMju0cvqXmGDbledFu5GpNd0DM7C
2020-08-16T06:33:49.211515255Z 87 nMo3MiL4eEQmFc9I6AOypPWZ0hKXWvlf4veEeBH4WE71z284tNXlVaDcLCKxe
2020-08-16T06:33:49.222882500Z 88 jIhIc9t0biZ1vpMXWjZUfnZlzjJ8IJWxU4FZjbrBPICzwRW5J5nTBo3JW5tIA
2020-08-16T06:33:49.233710181Z 89 KA9BwU6eQIBbKrKdvNAdAICglMRWwwUTLS43U7NHPgaT1T7qvIin44PjOlIFV
2020-08-16T06:33:49.245376159Z 90 KiEhBLRwrepMuBExTQgAQObnXi8Esm0Tpq3B1fyT3UkYMAa2RE1hsCJTp2HNX
2020-08-16T06:33:49.257045781Z 91 6if8rF6YJfI6rYbGyr6yp8jpWSelCeTILUpX4xodoYsxDctxU2SZQMBVJn4gD
2020-08-16T06:33:49.268723256Z 92 jHuBHzYfOEfU5HzJ5N01jkBaJkP2qts7x3J9c3G4KAf4VsswIpHc86MiwYyXQ
2020-08-16T06:33:49.280294508Z 93 3Cgzi2Yqood1uHhzLYytaa6uGj7eDkiHxo9jd0j7pF2FQy8FWrdmCWGFBwDh3
2020-08-16T06:33:49.291637367Z 94 AsSTzLaLAhDff1g6IYNk0aZpT7umw8SGSKkPiCGgwDVWy065dRDztEz3MP6iq
2020-08-16T06:33:49.303284554Z 95 VPfQ7KEUZSy4J0Sn4os8IC60czcA7o5waZBXzSqZK1K12jCDZivNEs02Tvl8O
2020-08-16T06:33:49.313899307Z 96 NBdge6aDB54WNkulJpcgxGhnXNLhxRjVE6DpoxfZcsxinaE2o0gRKOHPKgzuS
2020-08-16T06:33:49.325248113Z 97 n2gawv8P3fhDLVVUlA2fRzeCoaWBcuJ97VIVC944Dyc6xcUTUxehJLxSqqVwb
2020-08-16T06:33:49.336880088Z 98 PLvT2pOhL2R66grkUHKWGlu0IQRf2xnQKw5z0L8EISXu2rX0p0qlENXB8tfNG
2020-08-16T06:33:49.347744718Z 99 r8EhOHuh8SAgXRX1mdi76aLnnij7QQixanBKACSX8cSr5DzaE0cY6LSRNdnQu
2020-08-16T06:33:48.410929444Z 0 OSu3aVjgynB8tuy0rsVyx1g9A8RYy1sQ8nIhElpky8SasPjxa9z8VCbrhDu1KE
2020-08-16T06:33:48.420422408Z 1 WDcZ1aeD0R99vd6aLVP2EDLjYfH2tvFS85ySNm0yenhiyHyrAn2JtA1I6qJhg0
2020-08-16T06:33:48.431663767Z 2 R8xwh3czTHtl6gMnaVMuKOpn456k9CbuEaGt0nSFIyDMAmWijbbcNUmkFzGqM0
2020-08-16T06:33:48.442791367Z 3 jNKghOHH71QEfAeU8WtLQmAvrhqf3GFkjoa3YtLa28jnXNkf7TEPQHVSVNxQDs
2020-08-16T06:33:48.454093714Z 4 biY9tw0rb58RrPbPYQv6Miah2phF7eHkyAtV8Uhbii3qTS8RaKVkxuYCiEqu4J
2020-08-16T06:33:48.465526275Z 5 HH83FjDDPBqcNi4O6OhNEwcHbBga5vN5nI7CSNi2veoT1jRSS0scKjTLinmAYG
2020-08-16T06:33:48.475562875Z 6 idJJrVqCDGcOhmQF9JXB0XpMtAL4DspNoYiNRcdf31ZSvPDm0qYWo0T3T0X1pP
2020-08-16T06:33:48.487494060Z 7 GY4zYuqn7aJqQVFZWeYcLY46KiYAYOG7c2Hd2FrFOwzbku55sIfxsiDeeTgUfr
2020-08-16T06:33:48.498509097Z 8 n1NSc4PEpGFDKtrtUjMiRBziFxlcqjmOefAX81zDBBRpSH8xJic9U8Y77rmzWc
2020-08-16T06:33:48.509830273Z 9 DhOfl3mkyUVGQPmmMhtE7UoYXrP2Sx28Hq05YDLircCFvfgALTWC4zmDfGk5t3
2020-08-16T06:33:48.521186208Z 10 0UbLd4UFkLhtVPn2W0tKPOGfoQcLBrNNJ8RASdKHz0AB266TQZtloYoTahZGJ
2020-08-16T06:33:48.532348609Z 11 FJoe7hxH6wm1YG5uI3jzXBdXO9vIjI8bQ2GeMSmF4MiBt4LEJGXdmSHA7MFGX
2020-08-16T06:33:48.542808506Z 12 WYf6y5CuDZrdaXNZ8j48arBU9g5KqWW7UnRrNac5jbwelsqgkiqkFSDBUiDJm
2020-08-16T06:33:48.555061086Z 13 WqCUiHykG8vCwRePnLrLWrkba9tGQQxBdEXEfZ8NX6xYSfokVEnJfdL0q2LmB
2020-08-16T06:33:48.567742974Z 14 8ZQJFq0NtosHOlWj5OBUfY5JRdubBeanBrTEskqdmNiYIzzio4JERK2j6OIkq
2020-08-16T06:33:48.579127716Z 15 FAJz2LRT3sWwGrswSu7Q2z3roHwsChZ65aRsyuPH7MrQTrQI5nXpruX9fZkwp
2020-08-16T06:33:48.590409369Z 16 Hc6oSFz2sUwf87PXNm68EomDF1cdL0mtQPc5YzGwgJALeWOvNVJuc4eMtAEEQ
2020-08-16T06:33:48.601976940Z 17 0H170Xl354C5SW1J3tXt6F1ILg79eVm0vfxwYXSrz8AmxW8YHmBs4u9tQw6Wf
2020-08-16T06:33:48.613587223Z 18 YUCQ9iv5FPxh7zqgMzbpouKG0QEm0iE6jSIb3fM4MSkcY7zaOrRX6WSoOc5ol
2020-08-16T06:33:48.624611280Z 19 pNLJyyapDzAUp28yoEjbMXrghENhSQnrejteFSdJYgoI9NjPfOav73OgcbeP0
2020-08-16T06:33:48.635359698Z 20 RqlzJeddoKmiUdkgX9GOuqjQCGsFUYQLjxHEpbl5iQnYXnvi9hyVhlzbQjeed
2020-08-16T06:33:48.646291474Z 21 UkoXiejlbdUEBKgh2fcoxzuXM9hD0GLzFLGentYn5MeyCyU8Mnr1yqSA341pl
2020-08-16T06:33:48.658001353Z 22 24f5Gtj8G8jW0jyVfzBcYAQJIrRITApG2lfZ3Y64WbcvGDmGPpaOF0dy4WiAv
2020-08-16T06:33:48.668845116Z 23 2tWJul7Y92OSVnoPo3TCDBqq9m9E9xRKhMPxNDBmzAmqbvUCJAiceKIsXRRMt
2020-08-16T06:33:48.680667395Z 24 Cyugw10AmYXgDUoVJ23I8McCMCVSVdVhpbf2L2oTMaHxvCvGnIM1ALpyuJIrw
2020-08-16T06:33:48.692052521Z 25 fKQAA0kQtLNfLq9S5HKUwCZJY0blfnD2wbK6mmavtwuDLrnspthnTz0Gom6Ga
2020-08-16T06:33:48.703697405Z 26 QrYg3mXkCD7Tiq797IeKOhlykCpW18f9m7F5G1rrd0rQXrKMcCvCCNeZmhwDC
2020-08-16T06:33:48.715371460Z 27 oFPhwdKVyiyh9eTQmgNHjS9wRG9nm4cy2voLFjV0zP5yYNdOwhLFUwIyq4ILC
2020-08-16T06:33:48.725835130Z 28 HqN13PQfQZDTxZE74KGNZ2R5gvH6xhT59XVFBA5vkuJwL3NK42mIRuGVQJT8n
2020-08-16T06:33:48.737066512Z 29 kgBcJmXAbut1m5bAP3t6LmnZ1cLKQiF0gGt352594QgMmVviKLpoKOcqlIIX9
2020-08-16T06:33:48.748788257Z 30 loRR6oxu1aL6mvYfZRklBgu4l9Voi9OZ0CLUYCUwhPcTABgntOr8v98IdkX24
2020-08-16T06:33:48.760479541Z 31 RS5GzXKuIkX2d3QAeJTMu2vHdODzojXjVznk0Fgt0FiXIsRBPCDOpKkPZphim
2020-08-16T06:33:48.771400703Z 32 F5y6Upnq8THdvKbmEERwKJXHrysc5O3gbJGuayNEsQYnEjgurUEfJThwbujZC
2020-08-16T06:33:48.782874527Z 33 8a973uJ0HXfZv2QpcDeZwobZpCNU4e1vPbYQPLSETbSWb8c1zCT2YdjRYF400
2020-08-16T06:33:48.794119302Z 34 G3EfXtxQ9mb2OSbTBpiJRqtprJhpczFOFX32BhcshuRKScvwRN7sziQlkNWQI
2020-08-16T06:33:48.805710681Z 35 sfTHXIhWUOwduqZkVamQckfw2Bl0SNr9Y2n0z7cvqXsMswFxzjfRh3uqONbx3
2020-08-16T06:33:48.817320309Z 36 5jiNVA4bUcVNMD6z58FJ44ieQFtRSDXoXfkVuU71gjzEzDUGoTI6fqIGK24B4
2020-08-16T06:33:48.827773935Z 37 ztX60mKfBiMF5KdR91VFiN1T01LmjyK16rTLoXgPWEZKehyLjow57HpcuCKHW
2020-08-16T06:33:48.839398074Z 38 uk1GxhI5n2S8I3gx0Yy1n6XxEQBBIBbltgQiQq3DajRP5IHXRbjFIuyaHjLQs
2020-08-16T06:33:48.850461403Z 39 a62ZyHThTk2Ou0hcC3XdqM8VFyZYUFLtzXgcld9HKEYr2Cs9r9aZvGCfhynR7
2020-08-16T06:33:48.862071730Z 40 GKYFA9hEhcBjcp9eyF8okhh8Inmdf745Ga7azt2PIojbVw5WbHu8WCskzXoiI
2020-08-16T06:33:48.873303604Z 41 d7mFVtAiFHImxTenIIuMtZuCCbIYzfOQXNblUQ1BfRS9nASZerAciSx87ns8F
2020-08-16T06:33:48.884880456Z 42 MCgcswQpTwk9BlNUvcdBPwcwBZXAC4kc7QqK8BHwW0k0PR1uFFzL4rXLxNduw
2020-08-16T06:33:48.896133217Z 43 LKTPcujbCpvSKS616M8knXiBKWSq8TaK7e5qMxOggk3mLEY7HTQqfxkVA7HnZ
2020-08-16T06:33:48.907582736Z 44 Ah3sl1Gr8Yoo0aW834h5tTc3J1cf3TMvBeCj6MGNk8OdvPBDRGJuCwHxPGDC6
2020-08-16T06:33:48.919216698Z 45 TOr1XXYBhqQkjWcMOvUdOTNGZv6kGyV7IRSmjdHroAEYHiTD30H7x1TyMKU3u
2020-08-16T06:33:48.930172162Z 46 lEZqDdiewzctlXwGAu9adcS7YYZa5lDpOYPR0JzfRDRidIBqfdEFSFBKMybrr
2020-08-16T06:33:48.941572040Z 47 IGdnUOEQcvU4uDAPmHGY2yVSeVUu3piYNcYeMyEuz7XUPPrKfcF8dIaxxywB5
2020-08-16T06:33:48.953027352Z 48 hlRsyedZP1YDncAf71gcjdz5744xotuZNNDZpU9U5FTaaJXVj2pAijkbRNFrv
2020-08-16T06:33:48.964714375Z 49 AER34M9wcJLOeZESFxVe53RL4YbY7sTfhwDxzWbhPOxXN2HMre8jTqueLmxhe
2020-08-16T06:33:48.976485298Z 50 LwYUVKKmKV3Azd5Dvj4DI5eQkUCKdHsUV7Vlo9GLMHmfZ3LcpbCJuxyGdwAQ7
2020-08-16T06:33:48.987714471Z 51 6v6oE9b8yw4hZlC2HEEb0qX6yfJcEcezE94bwkT34f4AsFBWVX2FhiYqIJfGK
2020-08-16T06:33:48.999799208Z 52 xkePdP8axySivjmfDuCBmldTaR0bbAIhaFuy0nQ9MTxwcF9iIOpeTQ6cmDMoS
2020-08-16T06:33:49.011230646Z 53 TbvtVcgoiCuAStMP6lc0Ik0pMd8ZHteL5ZXkSBTYjMvWhFqhIWBSW5GTLyIe1
2020-08-16T06:33:49.022781725Z 54 OKGXCM8TAHTzSPEdKXh48Qj1uhdq3rUUO2ARV323ZGljg3NQyUcGmvtgou3To
2020-08-16T06:33:49.034330503Z 55 G2l6q2Lp1IK9u2uC0OlqatyUZtQ70nFSKwFXWQ9998kJUHU4h8XrCkpnONu45
2020-08-16T06:33:49.044732067Z 56 ivFuPR8AtxdhLJ0btNeQGVPi3LvHnOPr60hV8TqcUVpvlrtdxWCNWC7tjp0wM
2020-08-16T06:33:49.056495497Z 57 KOaoOh6osiY2enC1jiTQd5saNdK1aKSsW8UbCSoBHgLpUMb9Hz34LA3EJEVx2
2020-08-16T06:33:49.066800417Z 58 c7O3HWvZGh6zBd2XYUjjNV0MsIGUSMtbTTURmXDf3ccrJ0GETQ4Y8O13EdQET
2020-08-16T06:33:49.078208562Z 59 bdnVIoeZt18ZKyq7c9kjainPCpzbvn8GrYaP0KKYet3DBskZiN1zlaca4Oh6S
2020-08-16T06:33:49.089089260Z 60 xD58i9TJQ3HRrchj1cpTyFwOg4rGQ7NGVErRSi1dc4UxCaAJ3OuvClT6d8NnM
2020-08-16T06:33:49.100750774Z 61 CdM91264HxpT9RaMTWrbataFMI7uw08CZYwN1rbSaHs9nQ55lClSIsGjQy5Os
2020-08-16T06:33:49.112916044Z 62 tGOPn12GAuxCYUxK9j8mbZ1VqmKrELTzSKJOnaNLZtkK9awtBwCXGpO06TMPo
2020-08-16T06:33:49.123851720Z 63 DGVqNVWhkp5bsmaBSwu0McPwZAj3gicgKMkymFytQB0sQ0veAwN0LCjFviACT
2020-08-16T06:33:49.135526394Z 64 JYLCJTMSCeo6L6ll4363AmCpg51QnTfozleBJjwS1kpT5ACuAEixgJX6yLgHL
2020-08-16T06:33:49.146951471Z 65 mtP0AXJcLGyq0Zrf0upkJrsL8tBXjCw23rJ9sWU2tECnHHaDrWgfpnldXv2an
2020-08-16T06:33:49.157522007Z 66 fvuU9OB3RbtMwBtpLTKRIsbjsE9tkWUAhxCOCPvqluFD6VDhfgCHRCTOWh32k
2020-08-16T06:33:49.168813429Z 67 vtl5d6yFPN0LGf9nHz78QBxq5DRac3TixXBc0aT5YZjTDtRONehvgEZzJEsVG
2020-08-16T06:33:49.181048655Z 68 X3d8zb7AH4kdeUwDk2shJJK6S11fJKH6RhiAJ43bvhZtZuT7eFHUwLpqgBpdz
2020-08-16T06:33:49.192729437Z 69 tvnibeIrv4RzM7ZLoSnHMKVlXzMdqVAJGxC3X6tXgwiixgK0oi2vHgW9ep375
2020-08-16T06:33:49.204499048Z 70 GANdJpYTARpXsghLUEvsu6SHmkPRfzPvWNdRzL7FI2mYwYoNDH0gI4XFfyrPk
2020-08-16T06:33:49.215385439Z 71 pYsl0AlBhCrIiH1QpjF0NBEWgzXMpukvKz99LrlvWVZhISvE7bGyCzWWmxUzS
2020-08-16T06:33:49.226166550Z 72 WXjAEUxrSoH8xGUCO9TbwFLKEDWySjpaCgURcwnzhuCUv7cdgGsUyc7fdxHIj
2020-08-16T06:33:49.237815916Z 73 8LeXQMrZoQCf2aPAzu32CtJsKZDTZLRLj23Eiv5laRyqtZPl2RZqTU4jjnhzT
2020-08-16T06:33:49.249653534Z 74 dfTrQ25UoZqT2J9lHLd60c07XOasBUlClUYQIgGRf7ZCwbr7iapW8DVBpupx4
2020-08-16T06:33:49.261238244Z 75 eyGnQOjceCduFb7d64f8J9G5BdlGcJhXGcJaWYLbUGem1ueBNGzDnRd3towuW
2020-08-16T06:33:49.272621683Z 76 OXV4nqG0x8wwgOmjnkgjAgVn2Cv91yx2aTLkMqwOAxWTJzYqALqgnHOTHXmZY
2020-08-16T06:33:49.285031945Z 77 74sXZIkbAyN9XzG6J4Ni70VyMcXQk26QMRYXCin6L65XNecHDXmn6yY797rwK
2020-08-16T06:33:49.296493606Z 78 3oTlayS6qgYzF7XBiQEFEsiWLatJpZ6Bgm1Rff2TRpVgpHCceRbFuMOMw7sDJ
2020-08-16T06:33:49.308432537Z 79 AlCNi2wstnh5Jzu7J5E3TlR0lbiv4reQSIVXS72tOk4NTFYhzL6JwNcX7v58D
2020-08-16T06:33:49.318713495Z 80 RTEe3Xy38BlMpWmKqISK1u9AhoQbRD6lKztcXqCdCEwk9Vgfe5kCypWndCpWx
2020-08-16T06:33:49.330268820Z 81 4146rbJZvx5cvsPSEJNtkhkJjs8atmU0lGUo9L4kAQhOPe9QRFB006vLwvuz1
2020-08-16T06:33:49.340918275Z 82 mlo9MbXOiv6vIDEO82Sb4nnGq2mz5mOE8NQSD3sQ5Fx25pBbqCzKWvSiHDoeZ
2020-08-16T06:33:49.352512580Z 83 5FQAg09VXIm8TxrcDl6hFRmDxOlBb61o1ka8B2kB9nhN0v0bUpP4ulrnr3idQ
2020-08-16T06:33:49.364096958Z 84 u0brEpa8xpP6YLLDQrt2BP97IyAaMUxTgN0Mh4Sahr1gPDHJsTP1r5RQpczfZ
2020-08-16T06:33:49.375797912Z 85 7TiRR1veQVmVTF7ANlIZOK2UJrASHg3UPGc7v3df6v8d1urTCAkr74dTVmkFV
2020-08-16T06:33:49.387655338Z 86 n3C96IJCoBkMRMXqTn4wZYGBT1owoJRktefsNp7ctSVSnekxMpY3ErTn1RS0V
2020-08-16T06:33:49.399296439Z 87 VtluRzP7fFqvjAodRjLod48Sz11HRa6uXsS6vytb9bNB4A6cRPMw9QaRe09aS
2020-08-16T06:33:49.410099108Z 88 Ptkp0zDzZwMAtJUSlceGWgkx7C927CRx2SpTcd86HRJwcYiagOEwfwizFgiGv
2020-08-16T06:33:49.421741720Z 89 JMnSgoRbSyQS4L0j81vfpDJ748ESJme1vflsmlPH68E6YWopa75zEg67aqbnp
2020-08-16T06:33:49.433109673Z 90 WMGejiZ2uJoxGcJhwDHM6G1KsRAn2aRWMZ8mrvWJJc0B2pntHDM6cN3bQBxHj
2020-08-16T06:33:49.444801010Z 91 49CMYDjGj2qWP6Tjhe02tjiu4MNCQuAFZTHMmMykfcWJH9aJSJ1wb0RWS3EVG
2020-08-16T06:33:49.456093912Z 92 zMM42cw006nQCgt0tHiIqY58a9s283xomeNjbI2w478yQUR67iwU0Xc6GASxP
2020-08-16T06:33:49.467739042Z 93 4lp6ruWFFwp7z5IN1wvJseFllMWVnVxc8TyxH6KdmUEBugmaPaWmL2wFOiXsS
2020-08-16T06:33:49.479396217Z 94 9lXJmaMnTuk66MxCoQuCCeRLDWOfdfPs0A5rYCPjG5ygx2XTxnKECcvSIj3gm
2020-08-16T06:33:49.490110756Z 95 DPIqErPf1cGxj2qTvG8z1C5IlDysUBYUA6bIqk53sq90DvuReRi1dpWcGV9jZ
2020-08-16T06:33:49.500954238Z 96 mcCHvV3wIDoNjPcJNCJqZILlmMHYD8nR7A0E1kLoavnyXcUzzVchd2OeWIRwh
2020-08-16T06:33:49.512563138Z 97 bbxyHgDVFObiTXVCFE6JCxHqkVq7Bk9EDxZlhVShHl40xlquw4K8uRAG4MrJa
2020-08-16T06:33:49.524374200Z 98 p13n39XRn9B6uP5PYbYK4RRvzybUe6JTDTmm2JEJ3AE9L1ySWfEpIVuuPGg5m
2020-08-16T06:33:49.535118008Z 99 J2b5DFdnhVCVEYpzA6ZGnH1iKIXLdNqz7c3cN3o5ozerBZPdHjgiOP5TAt6GO
2020-08-16T06:33:47.123594425Z 0 THtn9BTVDEhPTMYjl9idgWphQT7qXzpMKj87PYZm1PHQU2x6vO3ptxzR1SprMI
2020-08-16T06:33:47.132723246Z 1 Q9MqeylxF8sM5IPtc7syvTb6BwLDfTlYlQun3wMkdmsuBuvcyMBY6B2neyrMOB
2020-08-16T06:33:47.144788911Z 2 zgXcP4nq09UkeQ9rI9Bu9ZE2kUHwknF3uXpl4Cl31Apu2iyHCpFk4oRQpOQhNa
2020-08-16T06:33:47.155848971Z 3 9TKCL8xeQ8frsBFWz5WiMg388sSpp6lhY7cXrd1RXqv1p94RjWCMmEXhZq3Q71
2020-08-16T06:33:47.167118989Z 4 s0MuwxUBapeI6sodc0IY8DGCsrG08jk8s79Qqps7zugqcdRlxsYjPeJzsafckV
2020-08-16T06:33:47.178313687Z 5 dHndbGxbVRyCxF2spUoTvtf3RiiXdrM3xDU8Yah3lwxK7l5DNPV1zmq7HH6XNH
2020-08-16T06:33:47.189281261Z 6 PDSHrwUKS2iYKkqlRbchMZ8NJCBgYzyn58WW89C0d1Lm8Rrj1yw45RHjbyxP6D
2020-08-16T06:33:47.200413097Z 7 3KMj7IlETUqqiuKjGJ1Sgm2mYIRrHZmZU6qidjjwtUIq5zavAhXGtsXNr3QWWQ
2020-08-16T06:33:47.211568825Z 8 fTU4XgVl6VF7lQQFrHmXsB2YxMKLrJEyTql3E7Se79ZvHGuWbc4jyrv8y3Umfg
2020-08-16T06:33:47.222741970Z 9 P8zh5Bz3DKccY8LKx4uEtSWLXFt4T35xNuDJKJtxiXqrNwus7bSygl7BGvy1B8
2020-08-16T06:33:47.234182528Z 10 QppibXzjhNnDt8CuEQ9MOm4mCg86tyXKM0uMwdAbDbplwJLCFFFxlwHKGu97a
2020-08-16T06:33:47.246779465Z 11 ZE229Lci7kLp5i4VnAiZgKJbGEDOi41PuxfJua2EjwRCLwSAOIgNPrr2oR7wR
2020-08-16T06:33:47.262842480Z 12 EoDYqwCkbW9KMNL2qVCrLqmiKLQhjhWn2gqRIyBOJ4zUai72wZWJHiB5N3LrY
2020-08-16T06:33:47.271095553Z 13 6nkKDKyFRxr6TAh2lGnj5tybnZ7m9dbIsbiCdD435M4AbSVVNZBPMM0ctu3Wr
2020-08-16T06:33:47.282555508Z 14 v4JAdmXb9ExGWDy6is3RCfucf5U3cb3x1y9cKERg2dH7RKZmhNVbQEBvo37se
2020-08-16T06:33:47.294044097Z 15 mcALyzgvfY5JIqGm4JEqH3Hrj7Qp4rewzL04fsmBp77LRClLg5U7DlxH15Y1h
2020-08-16T06:33:47.305497843Z 16 SDhTUGHrsJw3a0rqSeIDICtO1HiweBjGyURJp5YIVMLqRfXG2mYs4SRtAh3AD
2020-08-16T06:33:47.317799729Z 17 3XFK76wcJYBSGJALt9hXnIlXFBPIahPdfWC1RVO5RO0sITFBQffIcYEQ1QmId
2020-08-16T06:33:47.327383099Z 18 44nu7E27RiMLmW08OQAZf5jGqyEj6rqqNQkFUwEOvYvT6EvBF8jlR1HGCJqRK
2020-08-16T06:33:47.337830327Z 19 GZdRyUFHclAXQNaCmsDWsEAJJqoH9RKG6dI9WHsZYci5tDO66Wa4zBj388WAR
2020-08-16T06:33:47.351536277Z 20 TFKRnlneOnMjQpZ7RgZZOocCvMNSRWqsbVNVjxQBe7qrj3Tf7L42EM1r5bRFX
2020-08-16T06:33:47.363531282Z 21 qZHW4DcuXutoGe2Bl1A7rYyy8fLVXiY8rvpbQDyFcxwYIxGCpAeIS1Iizpt92
2020-08-16T06:33:47.375509927Z 22 WWW4WP1LmrOmKsm1guJsU7B8ZMCyeBukkvPjpydxPsb9gZb8gS7UocEH9zBOa
2020-08-16T06:33:47.383990671Z 23 OOFUWeKTOfJ4mAhlBXgoNIP8RnZHfWY685rLlYdz5V3E4JnnNkOAIpKzdevS1
2020-08-16T06:33:47.405742637Z 24 TIYiumGBHWAKKewReKPdRgKlv2vNuNCjIjwsxSV3wI6pdkzWvRWcQLziYiPc4
2020-08-16T06:33:47.423642588Z 25 ePepiWWBc3JqN5r3LjHMD5FoERBydpGJOq08NCxeKAqdAyeejdIyGeWtCKPSj
2020-08-16T06:33:47.431667113Z 26 mQdvBafL3DbKU5D7IkLPxGvHEjeOwjDhn4b4n6ux94vwrdn9XXPqWCHsU1Fhv
2020-08-16T06:33:47.444921813Z 27 MLHgwXZCIVSlJcrO9LqlLB3mw491oNuXYMoUF3DcgPu6jQHEIGfbG7sMrEh9m
2020-08-16T06:33:47.455407158Z 28 u7lmvc7BBgvLOZ8BDucn0C9GAjJ0JcDmuFcFTBDO7Qd1c1R5MCLxkXvunBWoh
2020-08-16T06:33:47.463523744Z 29 63vCrbRp2kVr74xH93jgg0ZQ3U8EWi638JZrFveikJnDwlLvgb3kcuMYIZGQa
2020-08-16T06:33:47.475528618Z 30 mM6Q2u8hqeKwQN4HdRXu71ISxx6EEZVbvGO48Cnu7fzbshPSDWCGzJQVmRP1P
2020-08-16T06:33:47.503582755Z 31 YFVfetNA0IW9fImd80SqaMT4Wz5ZX9BNofuXGdWu136WFhMRuhRVFzrKgy9k2
2020-08-16T06:33:47.503641850Z 32 wFqJMSTbJTjL437rYfQUCcp5tWPdBU1jDd0mHm8Vl4SH3FgjE5iFbvLIo68aD
2020-08-16T06:33:47.513823113Z 33 VlLKE19jfa8nyHU4p0eacb4PiD7ZJY0KObwaUxBk9Vnx6FbyDCGlYf6nmDUaM
2020-08-16T06:33:47.523058567Z 34 XREQN471cR1Jayy8uuCxF8KXTvAu1OLXnVsab9J6q0Wxe71UV5phTMk75YKZ5
2020-08-16T06:33:47.539534584Z 35 UEpO8SG6pwLnNFOoGKcAiwZkHGpc293nwVJWN6nWOXL4FSTpqmhtMX56EfLip
2020-08-16T06:33:47.548996919Z 36 0krd50VZhNCgZzFWx48avD66AQvNJKqSO3uGKOlYLmUzzzLyajYy9PFqzN78X
2020-08-16T06:33:47.593191031Z 37 B383WdfoiPaG7VPiKTtJfIEreQYuB7K3oaaGttXSXbcLjVBOLLI6Wn7stmDe8
2020-08-16T06:33:47.593277087Z 38 tizxhvu3kXKadtpFGxgk4G0CU5FkhC8EhblqTk3ssWnpgQ99KxvNFqFP0x1HW
2020-08-16T06:33:47.609582651Z 39 4JyGfV4ihND534XBrpKzS2A9amVo1YcnKhisNaHQEcSMxhDUHJVK05ukE5pwk
2020-08-16T06:33:47.609629911Z 40 rfCrhf1CZhGZS81JXIVKc3G5lxzTFG6phwX0bkQxwQueR97Qcjeeokk6OE7G3
2020-08-16T06:33:47.609653028Z 41 ULsPbapsaIWbLTPnhte3lLNXUYBHanC7I9wQhgi43wV8U0AmHISkrGzISAF4Y
2020-08-16T06:33:47.626170483Z 42 LJnK095Bvzd9jvq72PuUxfFLzU8aBF1he53dhU7ysxsUvklGc7IjgemC6ENzy
2020-08-16T06:33:47.631562388Z 43 5b5N6QL7ABl78RT8qPw7DgCvY0SYLUqerIjISiZQEWKldwQonPH6BKeqPJIr1
2020-08-16T06:33:47.639526213Z 44 ds7cobVvgdrLU3zxqtjKkbWmCK1fCBtWiMGUv0y2y4knknEFMp8AmdAdS6Zr1
2020-08-16T06:33:47.655298968Z 45 wMOavUoD5BLK4EPpJYQOipaFwQMcJD9Z2xMzCB5ugzrniips6vWahvZ78tVyJ
2020-08-16T06:33:47.663498368Z 46 WkeAIaXnBNITL7lk6KPOPrf9RizfsCBTny16qv9a6gQ5Q1U024qZ9PgkzWJwH
2020-08-16T06:33:47.678151899Z 47 Xhc44m4yXkUEPtpPuSIa6X0gstiuMFeLVSDkHzruAQjBIOPk49sPV55Rbgk4S
2020-08-16T06:33:47.682747473Z 48 jqOLVbGFXRNL0qvhuFxcnIng92ClUPY1gfdxLCpAZstC7xx3zybNcpt7FTjJb
2020-08-16T06:33:47.695154088Z 49 8fQ2rsbuswGiiA2f3HrjdeZ26waYf258bOSqHPMmwMNsz0zxgT3wGVulzE7Z0
2020-08-16T06:33:47.708854130Z 50 706VmRIc6N0x7JdQhLA6jhhDFgRrrsPred98u5aEmwgXiYHPr5NmBurRGIWmu
2020-08-16T06:33:47.719942186Z 51 XTzuJxfvgNfkPaXgsrcofpHKmUDjdHTOxn0tIYFZdXkPELZxGjukwUCBWiDFx
2020-08-16T06:33:47.730814224Z 52 lXONXqUAcEz6JgdKXtLEkb6QrZesixw8NFU88iwLECNT1Idj7zpUJgTVBwx4t
2020-08-16T06:33:47.743492650Z 53 X9DnqlBJt6F5cHRiItDTPZZO0uOK3RUJY94lkXCRC5hTSg9Z8JJqnZa6P4e5w
2020-08-16T06:33:47.753222870Z 54 UvdcvBVlEwNDl7yiWj6IwDdAsjHO7kgKElIvJ2pRbyZwp4nmXYVTuDlSmRwAE
2020-08-16T06:33:47.765273134Z 55 RPJAGjPfd9kj114Q8gfPQDGspT1eq94QNo5WN6N29amydlTJt5OGq6ox4kFho
2020-08-16T06:33:47.786925729Z 56 m0E7sVwRWd23QTsV4C5Fk91GMoAxAvfkjzSIAgzChvMNQWOEDMgVQOgMACXSQ
2020-08-16T06:33:47.787008305Z 57 1yBm1zTuJI6wIEMWOczdxuZHKHNXBe9hXnKzq3TAmS8mQGQDttrulZqfCDZDH
2020-08-16T06:33:47.798640751Z 58 x05JC8pFWZ4ihMCfHIDbHX6tx78V16tc7aQg28ZtRtD2XQpAVLH8sONaKl2NE
2020-08-16T06:33:47.810251873Z 59 UR1zAEkg4nlYoBj4Hu9ZZubZvDTImx4p8LXJXl2YGCJUUo8YJsVmlZwj0SD9X
2020-08-16T06:33:47.821727725Z 60 XxSd2dDMaPPlxi7RbDUOUeM9wqjfVP3wDJHJMzNdLFk4YkGGCFRB23eZdocrB
2020-08-16T06:33:47.833403246Z 61 vTX4OWEblQnJHIwYkuByXTBWuRg8llhHmspzsheqkZF5ovL26xB70ztUqWecP
2020-08-16T06:33:47.843932435Z 62 R6pVxbq0uEgSiyWbgaY16HoIPiqZHYVMsRZqGhBGfPAb14AKYYqgZKSTme16f
2020-08-16T06:33:47.855082082Z 63 g18Jce1ykW2qBi2DKWwwLWh7bEpybjVkXghP2dpb5SeKZLQLsn9fcoHPpuCtF
2020-08-16T06:33:47.866578772Z 64 hzbrWOLuUFdicSsJgqjeSQahPmrsOoXbUvaZTXwxPsnTrzZwVvd9asd9oVxWf
2020-08-16T06:33:47.877996647Z 65 eN943sCGMnaOP8vqB2aushX0dDI5W3LeQfsNhxfpZebIQ7NzMQvlhbAy1NRbA
2020-08-16T06:33:47.889699466Z 66 fGY3qAGbixxbwKYDmlUK0dBJ9LnJHeRcDHqZ4WqDOkvV93dM2LqvRxylKKqOX
2020-08-16T06:33:47.899846551Z 67 wy0dEe5Clg8HYf4VJt19MiRyv3qzhNw7SfJujmiOwR9jMwQeduzYWSp7kDlMv
2020-08-16T06:33:47.911524305Z 68 9j7T7gtnuYYWYWBdnnt7gllhLitloOfIa5sIBatdMJ3by0vdWnFNiKgRAgfCu
2020-08-16T06:33:47.923534921Z 69 iyGdX356r9rua0TV3DqpI7ug8O6ucEgP66lkswWBBFP9FMf1lSnKz4GJwVyml
2020-08-16T06:33:47.934961031Z 70 Z6mWOoDx62zeimqEEO2mVjDiC8GEqdmhT4RzOFLyQndXw99Y2nZ1XvDVoE8zN
2020-08-16T06:33:47.946328631Z 71 gzN0gGzz0AynJhvufL4YeJlpWEwUAhmMDdityOi917jlYJpj77dMbxlDxLNc5
2020-08-16T06:33:47.956825105Z 72 vHEkSEcH0uaurgCoALDwG0DMJaUbbDNrDiJyxJTeN1XMYVJU56N3I5PzYAiD7
2020-08-16T06:33:47.968243377Z 73 dOq58ROfbb3Z60NNzW2RQnDkLdGJi0Z9oV60MeR679Z86uOvskIxmlIkqmsoX
2020-08-16T06:33:47.979809152Z 74 OC4JdsvdLXVbKeqUYWCfuV9DXuMkatthhvcRMkEnhqsVmRIYE0wLmdQ5d0TnF
2020-08-16T06:33:47.990777853Z 75 emBYc13mzbTXlzsxLFPNyf6ZXudZ9rrwV8rVqLcjbggzKzdx4hfqQIGNIU6Z5
2020-08-16T06:33:48.002319669Z 76 wrIktfbN3kS2vIsuPCSlupkglQNmNXoFje10gHsjo80rqzQWBPZsey7TDXLEF
2020-08-16T06:33:48.013692309Z 77 6dPX3GqJfnTzHmMiUZhOlXkQAv2jDsRCcEHbsmTr5leoZdngxz29auhBCkBs9
2020-08-16T06:33:48.027542054Z 78 k17vSpPPKDltoH20cRzhNCABiYYOP8KLCPMVxigjZ4MSb8QCigXpBNrDFll7y
2020-08-16T06:33:48.036890024Z 79 Xpyuh9XmhsNr4nhD1cOLbsLTZNuTMo21ii5bxxV5MuOe1wqsUKqoDWPhi9HrW
2020-08-16T06:33:48.048583288Z 80 89vzVAHmLtAQaAXSYMN4SO4vCL7qQj0HKUSbcnzEONA4A97X9SNZaHDACOPQs
2020-08-16T06:33:48.060314256Z 81 2ZPYj9zFvwSJgMzK1NHt41qqtBweoNPV1aooXKoQkS204iARCk8qw4T6r71CR
2020-08-16T06:33:48.070718713Z 82 L24I5KQ4MTEUs8g57WRJGTrt1s0Jayv6iA5l4PpBuXn4oreY7ZXo58YfvJlzU
2020-08-16T06:33:48.082148990Z 83 3dDrHMb4SN6RApfGK7SIlC8gv0lIMj8Ui4Ec0Qri7RNhjf9qt4vSQbMv7PqHB
2020-08-16T06:33:48.095517794Z 84 NqUxVu0oASV1kMjPzjZ6l0Nyrmczq61J5HBg7kZV5Z4J2VonepADNzzMHQa9z
2020-08-16T06:33:48.109632503Z 85 spwQiSBDepo08MJ4AiO6g9bGHi8EeUzljVGlAxrEmGljOFaWwaXrjRxOehZ3w
2020-08-16T06:33:48.116051948Z 86 KJ4iAJ1GQ5AzdwwxrW7HVcH5OHKIgw8f6MbEYXWhHowMTFNvbFqvEVsrE5d1P
2020-08-16T06:33:48.135558632Z 87 cnGHnKbLpY0WPfeIU1UQfJbMMsa4Rmkx0iB1wMkDhoFvWvOn0xvGeUzoXkYJi
2020-08-16T06:33:48.139119961Z 88 6DqFambBK7jnqJuSO63hwP6lbeCSk00204ue9Pbm7L5k4O9cahNKuTXfU6z8A
2020-08-16T06:33:48.152450744Z 89 m4Z0Pip8DPCwAlSeOAAqIAJf2AZAW2pgYe2fYLKjIAvPNAMRpK0HmtHCJtXma
2020-08-16T06:33:48.165530057Z 90 FtQJwUk1HPseHf2SZ9OKWjPZgPev4Xm2ug2s5PM1eBikN5YBGF4gzX0ZTTli9
2020-08-16T06:33:48.184624098Z 91 JLHhoYVf6F3YqUMjVznL3ut9j00YsJ5xj4qCpnIUuqtDrvgc4dH7nhI13vGJO
2020-08-16T06:33:48.199252873Z 92 pZczy0XjuimvdUUeTiaWaiXI0JrbAVQiKi001qFdY4Yfc0QsfyJMPijnnCarD
2020-08-16T06:33:48.199286722Z 93 vmaSUiavpbUUGqtcONhzuM5auDc6vV9HW5hfx3MRDTYKmyKhlR7YqH63kpjCz
2020-08-16T06:33:48.210092324Z 94 4dqNSdtycToLgDlrhWHxSmVJibSQzVq00vILOI0vqqlTn3SNIyFq5RVvT5SAE
2020-08-16T06:33:48.227230459Z 95 nwOcdn0SUaSmkST2POCEuScoOO2WGTzx9jAGBZ5IcsUgDw2oYf9GuXdv4kh0W
2020-08-16T06:33:48.233607629Z 96 vbaIqwytV5LzQ7XQAAJZcPZ9Uh9LEHfHpzHVx24YSmvBuzokcqyw1bboOYyEK
2020-08-16T06:33:48.245235605Z 97 O1bn8ez8736pmWP24dsBqAlVyhbgTpfnLHwiRiwwvrg1hZcVLmh6ouX4b7Ruv
2020-08-16T06:33:48.255814548Z 98 oBFyHeBvIrN0PDLgXuCpGZfYAORXsQjDL2FTK00V94FRRIxnRS8OvLMpDT2rs
2020-08-16T06:33:48.267543443Z 99 UUd1MFM9vJ3bTjHzUpvJoGaUSjlYQcu1gOwgrpjtsjp0ANLsWTZp8Gt2C1tSA
