2020-08-16T06:33:48.410863001Z  [2020-08-16T06:33:48Z INFO  dt_client_bytes] Starting client. Host at mqtt-broker:1883
2020-08-16T06:33:48.410915461Z  [2020-08-16T06:33:48Z INFO  dt_client_bytes] Thread of topic 38162cb0-e585-43d7-b55d-5c240b2bfb7c/3142192f-6bae-4f12-a6f3-5464dc37e790/d0a71d84-b80f-4558-beac-8887750652e3
2020-08-16T06:33:48.410929444Z  [2020-08-16T06:33:48Z INFO  dt_client_bytes] 0::38162cb0-e585-43d7-b55d-5c240b2bfb7c/3142192f-6bae-4f12-a6f3-5464dc37e790/d0a71d84-b80f-4558-beac-8887750652e3 "0 OSu3aVjgynB8tuy0rsVyx1g9A8RYy1sQ8nIhElpky8SasPjxa9z8VCbrhDu1KE"
2020-08-16T06:33:48.420422408Z  [2020-08-16T06:33:48Z INFO  dt_client_bytes] 1::38162cb0-e585-43d7-b55d-5c240b2bfb7c/3142192f-6bae-4f12-a6f3-5464dc37e790/d0a71d84-b80f-4558-beac-8887750652e3 "1 WDcZ1aeD0R99vd6aLVP2EDLjYfH2tvFS85ySNm0yenhiyHyrAn2JtA1I6qJhg0"
2020-08-16T06:33:48.431663767Z  [2020-08-16T06:33:48Z INFO  dt_client_bytes] 2::38162cb0-e585-43d7-b55d-5c240b2bfb7c/3142192f-6bae-4f12-a6f3-5464dc37e790/d0a71d84-b80f-4558-beac-8887750652e3 "2 R8xwh3czTHtl6gMnaVMuKOpn456k9CbuEaGt0nSFIyDMAmWijbbcNUmkFzGqM0"
2020-08-16T06:33:48.442791367Z  [2020-08-16T06:33:48Z INFO  dt_client_bytes] 3::38162cb0-e585-43d7-b55d-5c240b2bfb7c/3142192f-6bae-4f12-a6f3-5464dc37e790/d0a71d84-b80f-4558-beac-8887750652e3 "3 jNKghOHH71QEfAeU8WtLQmAvrhqf3GFkjoa3YtLa28jnXNkf7TEPQHVSVNxQDs"
2020-08-16T06:33:48.454093714Z  [2020-08-16T06:33:48Z INFO  dt_client_bytes] 4::38162cb0-e585-43d7-b55d-5c240b2bfb7c/3142192f-6bae-4f12-a6f3-5464dc37e790/d0a71d84-b80f-4558-beac-8887750652e3 "4 biY9tw0rb58RrPbPYQv6Miah2phF7eHkyAtV8Uhbii3qTS8RaKVkxuYCiEqu4J"
2020-08-16T06:33:48.465526275Z  [2020-08-16T06:33:48Z INFO  dt_client_bytes] 5::38162cb0-e585-43d7-b55d-5c240b2bfb7c/3142192f-6bae-4f12-a6f3-5464dc37e790/d0a71d84-b80f-4558-beac-8887750652e3 "5 HH83FjDDPBqcNi4O6OhNEwcHbBga5vN5nI7CSNi2veoT1jRSS0scKjTLinmAYG"
2020-08-16T06:33:48.475562875Z  [2020-08-16T06:33:48Z INFO  dt_client_bytes] 6::38162cb0-e585-43d7-b55d-5c240b2bfb7c/3142192f-6bae-4f12-a6f3-5464dc37e790/d0a71d84-b80f-4558-beac-8887750652e3 "6 idJJrVqCDGcOhmQF9JXB0XpMtAL4DspNoYiNRcdf31ZSvPDm0qYWo0T3T0X1pP"
2020-08-16T06:33:48.487494060Z  [2020-08-16T06:33:48Z INFO  dt_client_bytes] 7::38162cb0-e585-43d7-b55d-5c240b2bfb7c/3142192f-6bae-4f12-a6f3-5464dc37e790/d0a71d84-b80f-4558-beac-8887750652e3 "7 GY4zYuqn7aJqQVFZWeYcLY46KiYAYOG7c2Hd2FrFOwzbku55sIfxsiDeeTgUfr"
2020-08-16T06:33:48.498509097Z  [2020-08-16T06:33:48Z INFO  dt_client_bytes] 8::38162cb0-e585-43d7-b55d-5c240b2bfb7c/3142192f-6bae-4f12-a6f3-5464dc37e790/d0a71d84-b80f-4558-beac-8887750652e3 "8 n1NSc4PEpGFDKtrtUjMiRBziFxlcqjmOefAX81zDBBRpSH8xJic9U8Y77rmzWc"
2020-08-16T06:33:48.509830273Z  [2020-08-16T06:33:48Z INFO  dt_client_bytes] 9::38162cb0-e585-43d7-b55d-5c240b2bfb7c/3142192f-6bae-4f12-a6f3-5464dc37e790/d0a71d84-b80f-4558-beac-8887750652e3 "9 DhOfl3mkyUVGQPmmMhtE7UoYXrP2Sx28Hq05YDLircCFvfgALTWC4zmDfGk5t3"
2020-08-16T06:33:48.521186208Z  [2020-08-16T06:33:48Z INFO  dt_client_bytes] 10::38162cb0-e585-43d7-b55d-5c240b2bfb7c/3142192f-6bae-4f12-a6f3-5464dc37e790/d0a71d84-b80f-4558-beac-8887750652e3 "10 0UbLd4UFkLhtVPn2W0tKPOGfoQcLBrNNJ8RASdKHz0AB266TQZtloYoTahZGJ"
2020-08-16T06:33:48.532348609Z  [2020-08-16T06:33:48Z INFO  dt_client_bytes] 11::38162cb0-e585-43d7-b55d-5c240b2bfb7c/3142192f-6bae-4f12-a6f3-5464dc37e790/d0a71d84-b80f-4558-beac-8887750652e3 "11 FJoe7hxH6wm1YG5uI3jzXBdXO9vIjI8bQ2GeMSmF4MiBt4LEJGXdmSHA7MFGX"
2020-08-16T06:33:48.542808506Z  [2020-08-16T06:33:48Z INFO  dt_client_bytes] 12::38162cb0-e585-43d7-b55d-5c240b2bfb7c/3142192f-6bae-4f12-a6f3-5464dc37e790/d0a71d84-b80f-4558-beac-8887750652e3 "12 WYf6y5CuDZrdaXNZ8j48arBU9g5KqWW7UnRrNac5jbwelsqgkiqkFSDBUiDJm"
2020-08-16T06:33:48.545237430Z  [2020-08-16T06:33:48Z INFO  dt_client_bytes] Publish 1
2020-08-16T06:33:48.546623680Z  [2020-08-16T06:33:48Z INFO  dt_client_bytes] Publish 2
2020-08-16T06:33:48.548033412Z  [2020-08-16T06:33:48Z INFO  dt_client_bytes] Publish 3
2020-08-16T06:33:48.549563146Z  [2020-08-16T06:33:48Z INFO  dt_client_bytes] Publish 4
2020-08-16T06:33:48.549636064Z  [2020-08-16T06:33:48Z INFO  dt_client_bytes] Publish 5
2020-08-16T06:33:48.550772744Z  [2020-08-16T06:33:48Z INFO  dt_client_bytes] Publish 6
2020-08-16T06:33:48.552068521Z  [2020-08-16T06:33:48Z INFO  dt_client_bytes] Publish 7
2020-08-16T06:33:48.553339300Z  [2020-08-16T06:33:48Z INFO  dt_client_bytes] Publish 8
2020-08-16T06:33:48.555037754Z  [2020-08-16T06:33:48Z INFO  dt_client_bytes] Publish 9
2020-08-16T06:33:48.555061086Z  [2020-08-16T06:33:48Z INFO  dt_client_bytes] 13::38162cb0-e585-43d7-b55d-5c240b2bfb7c/3142192f-6bae-4f12-a6f3-5464dc37e790/d0a71d84-b80f-4558-beac-8887750652e3 "13 WqCUiHykG8vCwRePnLrLWrkba9tGQQxBdEXEfZ8NX6xYSfokVEnJfdL0q2LmB"
2020-08-16T06:33:48.556102745Z  [2020-08-16T06:33:48Z INFO  dt_client_bytes] Publish 10
2020-08-16T06:33:48.557553215Z  [2020-08-16T06:33:48Z INFO  dt_client_bytes] Publish 11
2020-08-16T06:33:48.557584365Z  [2020-08-16T06:33:48Z INFO  dt_client_bytes] Publish 12
2020-08-16T06:33:48.558748444Z  [2020-08-16T06:33:48Z INFO  dt_client_bytes] Publish 13
2020-08-16T06:33:48.560026553Z  [2020-08-16T06:33:48Z INFO  dt_client_bytes] Publish 14
2020-08-16T06:33:48.567742974Z  [2020-08-16T06:33:48Z INFO  dt_client_bytes] 14::38162cb0-e585-43d7-b55d-5c240b2bfb7c/3142192f-6bae-4f12-a6f3-5464dc37e790/d0a71d84-b80f-4558-beac-8887750652e3 "14 8ZQJFq0NtosHOlWj5OBUfY5JRdubBeanBrTEskqdmNiYIzzio4JERK2j6OIkq"
2020-08-16T06:33:48.567810788Z  [2020-08-16T06:33:48Z INFO  dt_client_bytes] Publish 15
2020-08-16T06:33:48.579127716Z  [2020-08-16T06:33:48Z INFO  dt_client_bytes] 15::38162cb0-e585-43d7-b55d-5c240b2bfb7c/3142192f-6bae-4f12-a6f3-5464dc37e790/d0a71d84-b80f-4558-beac-8887750652e3 "15 FAJz2LRT3sWwGrswSu7Q2z3roHwsChZ65aRsyuPH7MrQTrQI5nXpruX9fZkwp"
2020-08-16T06:33:48.579180873Z  [2020-08-16T06:33:48Z INFO  dt_client_bytes] Publish 16
2020-08-16T06:33:48.590409369Z  [2020-08-16T06:33:48Z INFO  dt_client_bytes] 16::38162cb0-e585-43d7-b55d-5c240b2bfb7c/3142192f-6bae-4f12-a6f3-5464dc37e790/d0a71d84-b80f-4558-beac-8887750652e3 "16 Hc6oSFz2sUwf87PXNm68EomDF1cdL0mtQPc5YzGwgJALeWOvNVJuc4eMtAEEQ"
2020-08-16T06:33:48.590429199Z  [2020-08-16T06:33:48Z INFO  dt_client_bytes] Publish 17
2020-08-16T06:33:48.601976940Z  [2020-08-16T06:33:48Z INFO  dt_client_bytes] 17::38162cb0-e585-43d7-b55d-5c240b2bfb7c/3142192f-6bae-4f12-a6f3-5464dc37e790/d0a71d84-b80f-4558-beac-8887750652e3 "17 0H170Xl354C5SW1J3tXt6F1ILg79eVm0vfxwYXSrz8AmxW8YHmBs4u9tQw6Wf"
2020-08-16T06:33:48.602054958Z  [2020-08-16T06:33:48Z INFO  dt_client_bytes] Publish 18
2020-08-16T06:33:48.607733973Z  [2020-08-16T06:33:48Z INFO  dt_client_bytes] PubAck { pkid: 1 }
2020-08-16T06:33:48.613587223Z  [2020-08-16T06:33:48Z INFO  dt_client_bytes] 18::38162cb0-e585-43d7-b55d-5c240b2bfb7c/3142192f-6bae-4f12-a6f3-5464dc37e790/d0a71d84-b80f-4558-beac-8887750652e3 "18 YUCQ9iv5FPxh7zqgMzbpouKG0QEm0iE6jSIb3fM4MSkcY7zaOrRX6WSoOc5ol"
2020-08-16T06:33:48.613679819Z  [2020-08-16T06:33:48Z INFO  dt_client_bytes] Publish 19
2020-08-16T06:33:48.624611280Z  [2020-08-16T06:33:48Z INFO  dt_client_bytes] 19::38162cb0-e585-43d7-b55d-5c240b2bfb7c/3142192f-6bae-4f12-a6f3-5464dc37e790/d0a71d84-b80f-4558-beac-8887750652e3 "19 pNLJyyapDzAUp28yoEjbMXrghENhSQnrejteFSdJYgoI9NjPfOav73OgcbeP0"
2020-08-16T06:33:48.624700174Z  [2020-08-16T06:33:48Z INFO  dt_client_bytes] Publish 20
2020-08-16T06:33:48.635359698Z  [2020-08-16T06:33:48Z INFO  dt_client_bytes] 20::38162cb0-e585-43d7-b55d-5c240b2bfb7c/3142192f-6bae-4f12-a6f3-5464dc37e790/d0a71d84-b80f-4558-beac-8887750652e3 "20 RqlzJeddoKmiUdkgX9GOuqjQCGsFUYQLjxHEpbl5iQnYXnvi9hyVhlzbQjeed"
2020-08-16T06:33:48.635510367Z  [2020-08-16T06:33:48Z INFO  dt_client_bytes] Publish 21
2020-08-16T06:33:48.646291474Z  [2020-08-16T06:33:48Z INFO  dt_client_bytes] 21::38162cb0-e585-43d7-b55d-5c240b2bfb7c/3142192f-6bae-4f12-a6f3-5464dc37e790/d0a71d84-b80f-4558-beac-8887750652e3 "21 UkoXiejlbdUEBKgh2fcoxzuXM9hD0GLzFLGentYn5MeyCyU8Mnr1yqSA341pl"
2020-08-16T06:33:48.646319112Z  [2020-08-16T06:33:48Z INFO  dt_client_bytes] Publish 22
2020-08-16T06:33:48.658001353Z  [2020-08-16T06:33:48Z INFO  dt_client_bytes] 22::38162cb0-e585-43d7-b55d-5c240b2bfb7c/3142192f-6bae-4f12-a6f3-5464dc37e790/d0a71d84-b80f-4558-beac-8887750652e3 "22 24f5Gtj8G8jW0jyVfzBcYAQJIrRITApG2lfZ3Y64WbcvGDmGPpaOF0dy4WiAv"
2020-08-16T06:33:48.658025337Z  [2020-08-16T06:33:48Z INFO  dt_client_bytes] Publish 23
2020-08-16T06:33:48.664898125Z  [2020-08-16T06:33:48Z INFO  dt_client_bytes] PubAck { pkid: 2 }
2020-08-16T06:33:48.666205685Z  [2020-08-16T06:33:48Z INFO  dt_client_bytes] PubAck { pkid: 3 }
2020-08-16T06:33:48.667497698Z  [2020-08-16T06:33:48Z INFO  dt_client_bytes] PubAck { pkid: 4 }
2020-08-16T06:33:48.668779216Z  [2020-08-16T06:33:48Z INFO  dt_client_bytes] PubAck { pkid: 5 }
2020-08-16T06:33:48.668845116Z  [2020-08-16T06:33:48Z INFO  dt_client_bytes] 23::38162cb0-e585-43d7-b55d-5c240b2bfb7c/3142192f-6bae-4f12-a6f3-5464dc37e790/d0a71d84-b80f-4558-beac-8887750652e3 "23 2tWJul7Y92OSVnoPo3TCDBqq9m9E9xRKhMPxNDBmzAmqbvUCJAiceKIsXRRMt"
2020-08-16T06:33:48.669895960Z  [2020-08-16T06:33:48Z INFO  dt_client_bytes] PubAck { pkid: 6 }
2020-08-16T06:33:48.671100052Z  [2020-08-16T06:33:48Z INFO  dt_client_bytes] PubAck { pkid: 7 }
2020-08-16T06:33:48.672501154Z  [2020-08-16T06:33:48Z INFO  dt_client_bytes] PubAck { pkid: 8 }
2020-08-16T06:33:48.672583496Z  [2020-08-16T06:33:48Z INFO  dt_client_bytes] PubAck { pkid: 9 }
2020-08-16T06:33:48.673808321Z  [2020-08-16T06:33:48Z INFO  dt_client_bytes] PubAck { pkid: 10 }
2020-08-16T06:33:48.675069440Z  [2020-08-16T06:33:48Z INFO  dt_client_bytes] PubAck { pkid: 11 }
2020-08-16T06:33:48.676372298Z  [2020-08-16T06:33:48Z INFO  dt_client_bytes] PubAck { pkid: 12 }
2020-08-16T06:33:48.677689838Z  [2020-08-16T06:33:48Z INFO  dt_client_bytes] PubAck { pkid: 13 }
2020-08-16T06:33:48.678921379Z  [2020-08-16T06:33:48Z INFO  dt_client_bytes] PubAck { pkid: 14 }
2020-08-16T06:33:48.680595527Z  [2020-08-16T06:33:48Z INFO  dt_client_bytes] PubAck { pkid: 15 }
2020-08-16T06:33:48.680667395Z  [2020-08-16T06:33:48Z INFO  dt_client_bytes] 24::38162cb0-e585-43d7-b55d-5c240b2bfb7c/3142192f-6bae-4f12-a6f3-5464dc37e790/d0a71d84-b80f-4558-beac-8887750652e3 "24 Cyugw10AmYXgDUoVJ23I8McCMCVSVdVhpbf2L2oTMaHxvCvGnIM1ALpyuJIrw"
2020-08-16T06:33:48.680689049Z  [2020-08-16T06:33:48Z INFO  dt_client_bytes] PubAck { pkid: 16 }
2020-08-16T06:33:48.681764696Z  [2020-08-16T06:33:48Z INFO  dt_client_bytes] Publish 24
2020-08-16T06:33:48.683067498Z  [2020-08-16T06:33:48Z INFO  dt_client_bytes] Publish 25
2020-08-16T06:33:48.692052521Z  [2020-08-16T06:33:48Z INFO  dt_client_bytes] 25::38162cb0-e585-43d7-b55d-5c240b2bfb7c/3142192f-6bae-4f12-a6f3-5464dc37e790/d0a71d84-b80f-4558-beac-8887750652e3 "25 fKQAA0kQtLNfLq9S5HKUwCZJY0blfnD2wbK6mmavtwuDLrnspthnTz0Gom6Ga"
2020-08-16T06:33:48.692104727Z  [2020-08-16T06:33:48Z INFO  dt_client_bytes] Publish 26
2020-08-16T06:33:48.703697405Z  [2020-08-16T06:33:48Z INFO  dt_client_bytes] 26::38162cb0-e585-43d7-b55d-5c240b2bfb7c/3142192f-6bae-4f12-a6f3-5464dc37e790/d0a71d84-b80f-4558-beac-8887750652e3 "26 QrYg3mXkCD7Tiq797IeKOhlykCpW18f9m7F5G1rrd0rQXrKMcCvCCNeZmhwDC"
2020-08-16T06:33:48.703765437Z  [2020-08-16T06:33:48Z INFO  dt_client_bytes] Publish 27
2020-08-16T06:33:48.715371460Z  [2020-08-16T06:33:48Z INFO  dt_client_bytes] 27::38162cb0-e585-43d7-b55d-5c240b2bfb7c/3142192f-6bae-4f12-a6f3-5464dc37e790/d0a71d84-b80f-4558-beac-8887750652e3 "27 oFPhwdKVyiyh9eTQmgNHjS9wRG9nm4cy2voLFjV0zP5yYNdOwhLFUwIyq4ILC"
2020-08-16T06:33:48.715499195Z  [2020-08-16T06:33:48Z INFO  dt_client_bytes] Publish 28
2020-08-16T06:33:48.725835130Z  [2020-08-16T06:33:48Z INFO  dt_client_bytes] 28::38162cb0-e585-43d7-b55d-5c240b2bfb7c/3142192f-6bae-4f12-a6f3-5464dc37e790/d0a71d84-b80f-4558-beac-8887750652e3 "28 HqN13PQfQZDTxZE74KGNZ2R5gvH6xhT59XVFBA5vkuJwL3NK42mIRuGVQJT8n"
2020-08-16T06:33:48.725859675Z  [2020-08-16T06:33:48Z INFO  dt_client_bytes] Publish 29
2020-08-16T06:33:48.733549331Z  [2020-08-16T06:33:48Z INFO  dt_client_bytes] PubAck { pkid: 17 }
2020-08-16T06:33:48.734662494Z  [2020-08-16T06:33:48Z INFO  dt_client_bytes] PubAck { pkid: 18 }
2020-08-16T06:33:48.737066512Z  [2020-08-16T06:33:48Z INFO  dt_client_bytes] 29::38162cb0-e585-43d7-b55d-5c240b2bfb7c/3142192f-6bae-4f12-a6f3-5464dc37e790/d0a71d84-b80f-4558-beac-8887750652e3 "29 kgBcJmXAbut1m5bAP3t6LmnZ1cLKQiF0gGt352594QgMmVviKLpoKOcqlIIX9"
2020-08-16T06:33:48.737093453Z  [2020-08-16T06:33:48Z INFO  dt_client_bytes] Publish 30
2020-08-16T06:33:48.748728799Z  [2020-08-16T06:33:48Z INFO  dt_client_bytes] Publish 31
2020-08-16T06:33:48.748788257Z  [2020-08-16T06:33:48Z INFO  dt_client_bytes] 30::38162cb0-e585-43d7-b55d-5c240b2bfb7c/3142192f-6bae-4f12-a6f3-5464dc37e790/d0a71d84-b80f-4558-beac-8887750652e3 "30 loRR6oxu1aL6mvYfZRklBgu4l9Voi9OZ0CLUYCUwhPcTABgntOr8v98IdkX24"
2020-08-16T06:33:48.760479541Z  [2020-08-16T06:33:48Z INFO  dt_client_bytes] 31::38162cb0-e585-43d7-b55d-5c240b2bfb7c/3142192f-6bae-4f12-a6f3-5464dc37e790/d0a71d84-b80f-4558-beac-8887750652e3 "31 RS5GzXKuIkX2d3QAeJTMu2vHdODzojXjVznk0Fgt0FiXIsRBPCDOpKkPZphim"
2020-08-16T06:33:48.760548207Z  [2020-08-16T06:33:48Z INFO  dt_client_bytes] Publish 32
2020-08-16T06:33:48.771400703Z  [2020-08-16T06:33:48Z INFO  dt_client_bytes] 32::38162cb0-e585-43d7-b55d-5c240b2bfb7c/3142192f-6bae-4f12-a6f3-5464dc37e790/d0a71d84-b80f-4558-beac-8887750652e3 "32 F5y6Upnq8THdvKbmEERwKJXHrysc5O3gbJGuayNEsQYnEjgurUEfJThwbujZC"
2020-08-16T06:33:48.771432640Z  [2020-08-16T06:33:48Z INFO  dt_client_bytes] Publish 33
2020-08-16T06:33:48.773757208Z  [2020-08-16T06:33:48Z INFO  dt_client_bytes] PubAck { pkid: 19 }
2020-08-16T06:33:48.774838848Z  [2020-08-16T06:33:48Z INFO  dt_client_bytes] PubAck { pkid: 20 }
2020-08-16T06:33:48.776175046Z  [2020-08-16T06:33:48Z INFO  dt_client_bytes] PubAck { pkid: 21 }
2020-08-16T06:33:48.777578631Z  [2020-08-16T06:33:48Z INFO  dt_client_bytes] PubAck { pkid: 22 }
2020-08-16T06:33:48.777680509Z  [2020-08-16T06:33:48Z INFO  dt_client_bytes] PubAck { pkid: 23 }
2020-08-16T06:33:48.782874527Z  [2020-08-16T06:33:48Z INFO  dt_client_bytes] 33::38162cb0-e585-43d7-b55d-5c240b2bfb7c/3142192f-6bae-4f12-a6f3-5464dc37e790/d0a71d84-b80f-4558-beac-8887750652e3 "33 8a973uJ0HXfZv2QpcDeZwobZpCNU4e1vPbYQPLSETbSWb8c1zCT2YdjRYF400"
2020-08-16T06:33:48.783549870Z  [2020-08-16T06:33:48Z INFO  dt_client_bytes] Publish 34
2020-08-16T06:33:48.794119302Z  [2020-08-16T06:33:48Z INFO  dt_client_bytes] 34::38162cb0-e585-43d7-b55d-5c240b2bfb7c/3142192f-6bae-4f12-a6f3-5464dc37e790/d0a71d84-b80f-4558-beac-8887750652e3 "34 G3EfXtxQ9mb2OSbTBpiJRqtprJhpczFOFX32BhcshuRKScvwRN7sziQlkNWQI"
2020-08-16T06:33:48.794170236Z  [2020-08-16T06:33:48Z INFO  dt_client_bytes] Publish 35
2020-08-16T06:33:48.805710681Z  [2020-08-16T06:33:48Z INFO  dt_client_bytes] 35::38162cb0-e585-43d7-b55d-5c240b2bfb7c/3142192f-6bae-4f12-a6f3-5464dc37e790/d0a71d84-b80f-4558-beac-8887750652e3 "35 sfTHXIhWUOwduqZkVamQckfw2Bl0SNr9Y2n0z7cvqXsMswFxzjfRh3uqONbx3"
2020-08-16T06:33:48.805740729Z  [2020-08-16T06:33:48Z INFO  dt_client_bytes] Publish 36
2020-08-16T06:33:48.817320309Z  [2020-08-16T06:33:48Z INFO  dt_client_bytes] 36::38162cb0-e585-43d7-b55d-5c240b2bfb7c/3142192f-6bae-4f12-a6f3-5464dc37e790/d0a71d84-b80f-4558-beac-8887750652e3 "36 5jiNVA4bUcVNMD6z58FJ44ieQFtRSDXoXfkVuU71gjzEzDUGoTI6fqIGK24B4"
2020-08-16T06:33:48.817389719Z  [2020-08-16T06:33:48Z INFO  dt_client_bytes] Publish 37
2020-08-16T06:33:48.827773935Z  [2020-08-16T06:33:48Z INFO  dt_client_bytes] 37::38162cb0-e585-43d7-b55d-5c240b2bfb7c/3142192f-6bae-4f12-a6f3-5464dc37e790/d0a71d84-b80f-4558-beac-8887750652e3 "37 ztX60mKfBiMF5KdR91VFiN1T01LmjyK16rTLoXgPWEZKehyLjow57HpcuCKHW"
2020-08-16T06:33:48.827798625Z  [2020-08-16T06:33:48Z INFO  dt_client_bytes] Publish 38
2020-08-16T06:33:48.839398074Z  [2020-08-16T06:33:48Z INFO  dt_client_bytes] 38::38162cb0-e585-43d7-b55d-5c240b2bfb7c/3142192f-6bae-4f12-a6f3-5464dc37e790/d0a71d84-b80f-4558-beac-8887750652e3 "38 uk1GxhI5n2S8I3gx0Yy1n6XxEQBBIBbltgQiQq3DajRP5IHXRbjFIuyaHjLQs"
2020-08-16T06:33:48.839426453Z  [2020-08-16T06:33:48Z INFO  dt_client_bytes] Publish 39
2020-08-16T06:33:48.850461403Z  [2020-08-16T06:33:48Z INFO  dt_client_bytes] 39::38162cb0-e585-43d7-b55d-5c240b2bfb7c/3142192f-6bae-4f12-a6f3-5464dc37e790/d0a71d84-b80f-4558-beac-8887750652e3 "39 a62ZyHThTk2Ou0hcC3XdqM8VFyZYUFLtzXgcld9HKEYr2Cs9r9aZvGCfhynR7"
2020-08-16T06:33:48.850550024Z  [2020-08-16T06:33:48Z INFO  dt_client_bytes] Publish 40
2020-08-16T06:33:48.862071730Z  [2020-08-16T06:33:48Z INFO  dt_client_bytes] 40::38162cb0-e585-43d7-b55d-5c240b2bfb7c/3142192f-6bae-4f12-a6f3-5464dc37e790/d0a71d84-b80f-4558-beac-8887750652e3 "40 GKYFA9hEhcBjcp9eyF8okhh8Inmdf745Ga7azt2PIojbVw5WbHu8WCskzXoiI"
2020-08-16T06:33:48.862114926Z  [2020-08-16T06:33:48Z INFO  dt_client_bytes] Publish 41
2020-08-16T06:33:48.864533514Z  [2020-08-16T06:33:48Z INFO  dt_client_bytes] PubAck { pkid: 24 }
2020-08-16T06:33:48.865720679Z  [2020-08-16T06:33:48Z INFO  dt_client_bytes] PubAck { pkid: 25 }
2020-08-16T06:33:48.866878455Z  [2020-08-16T06:33:48Z INFO  dt_client_bytes] PubAck { pkid: 26 }
2020-08-16T06:33:48.868073109Z  [2020-08-16T06:33:48Z INFO  dt_client_bytes] PubAck { pkid: 27 }
2020-08-16T06:33:48.869225176Z  [2020-08-16T06:33:48Z INFO  dt_client_bytes] PubAck { pkid: 28 }
2020-08-16T06:33:48.870386760Z  [2020-08-16T06:33:48Z INFO  dt_client_bytes] PubAck { pkid: 29 }
2020-08-16T06:33:48.873303604Z  [2020-08-16T06:33:48Z INFO  dt_client_bytes] 41::38162cb0-e585-43d7-b55d-5c240b2bfb7c/3142192f-6bae-4f12-a6f3-5464dc37e790/d0a71d84-b80f-4558-beac-8887750652e3 "41 d7mFVtAiFHImxTenIIuMtZuCCbIYzfOQXNblUQ1BfRS9nASZerAciSx87ns8F"
2020-08-16T06:33:48.873391234Z  [2020-08-16T06:33:48Z INFO  dt_client_bytes] Publish 42
2020-08-16T06:33:48.884880456Z  [2020-08-16T06:33:48Z INFO  dt_client_bytes] 42::38162cb0-e585-43d7-b55d-5c240b2bfb7c/3142192f-6bae-4f12-a6f3-5464dc37e790/d0a71d84-b80f-4558-beac-8887750652e3 "42 MCgcswQpTwk9BlNUvcdBPwcwBZXAC4kc7QqK8BHwW0k0PR1uFFzL4rXLxNduw"
2020-08-16T06:33:48.884953295Z  [2020-08-16T06:33:48Z INFO  dt_client_bytes] Publish 43
2020-08-16T06:33:48.896133217Z  [2020-08-16T06:33:48Z INFO  dt_client_bytes] 43::38162cb0-e585-43d7-b55d-5c240b2bfb7c/3142192f-6bae-4f12-a6f3-5464dc37e790/d0a71d84-b80f-4558-beac-8887750652e3 "43 LKTPcujbCpvSKS616M8knXiBKWSq8TaK7e5qMxOggk3mLEY7HTQqfxkVA7HnZ"
2020-08-16T06:33:48.896187565Z  [2020-08-16T06:33:48Z INFO  dt_client_bytes] Publish 44
2020-08-16T06:33:48.907582736Z  [2020-08-16T06:33:48Z INFO  dt_client_bytes] 44::38162cb0-e585-43d7-b55d-5c240b2bfb7c/3142192f-6bae-4f12-a6f3-5464dc37e790/d0a71d84-b80f-4558-beac-8887750652e3 "44 Ah3sl1Gr8Yoo0aW834h5tTc3J1cf3TMvBeCj6MGNk8OdvPBDRGJuCwHxPGDC6"
2020-08-16T06:33:48.907640639Z  [2020-08-16T06:33:48Z INFO  dt_client_bytes] Publish 45
2020-08-16T06:33:48.908761026Z  [2020-08-16T06:33:48Z INFO  dt_client_bytes] PubAck { pkid: 30 }
2020-08-16T06:33:48.909993428Z  [2020-08-16T06:33:48Z INFO  dt_client_bytes] PubAck { pkid: 31 }
2020-08-16T06:33:48.911226081Z  [2020-08-16T06:33:48Z INFO  dt_client_bytes] PubAck { pkid: 32 }
2020-08-16T06:33:48.912427920Z  [2020-08-16T06:33:48Z INFO  dt_client_bytes] PubAck { pkid: 33 }
2020-08-16T06:33:48.919216698Z  [2020-08-16T06:33:48Z INFO  dt_client_bytes] 45::38162cb0-e585-43d7-b55d-5c240b2bfb7c/3142192f-6bae-4f12-a6f3-5464dc37e790/d0a71d84-b80f-4558-beac-8887750652e3 "45 TOr1XXYBhqQkjWcMOvUdOTNGZv6kGyV7IRSmjdHroAEYHiTD30H7x1TyMKU3u"
2020-08-16T06:33:48.919520155Z  [2020-08-16T06:33:48Z INFO  dt_client_bytes] Publish 46
2020-08-16T06:33:48.930172162Z  [2020-08-16T06:33:48Z INFO  dt_client_bytes] 46::38162cb0-e585-43d7-b55d-5c240b2bfb7c/3142192f-6bae-4f12-a6f3-5464dc37e790/d0a71d84-b80f-4558-beac-8887750652e3 "46 lEZqDdiewzctlXwGAu9adcS7YYZa5lDpOYPR0JzfRDRidIBqfdEFSFBKMybrr"
2020-08-16T06:33:48.930250639Z  [2020-08-16T06:33:48Z INFO  dt_client_bytes] Publish 47
2020-08-16T06:33:48.941572040Z  [2020-08-16T06:33:48Z INFO  dt_client_bytes] 47::38162cb0-e585-43d7-b55d-5c240b2bfb7c/3142192f-6bae-4f12-a6f3-5464dc37e790/d0a71d84-b80f-4558-beac-8887750652e3 "47 IGdnUOEQcvU4uDAPmHGY2yVSeVUu3piYNcYeMyEuz7XUPPrKfcF8dIaxxywB5"
2020-08-16T06:33:48.941597115Z  [2020-08-16T06:33:48Z INFO  dt_client_bytes] Publish 48
2020-08-16T06:33:48.953027352Z  [2020-08-16T06:33:48Z INFO  dt_client_bytes] 48::38162cb0-e585-43d7-b55d-5c240b2bfb7c/3142192f-6bae-4f12-a6f3-5464dc37e790/d0a71d84-b80f-4558-beac-8887750652e3 "48 hlRsyedZP1YDncAf71gcjdz5744xotuZNNDZpU9U5FTaaJXVj2pAijkbRNFrv"
2020-08-16T06:33:48.953051779Z  [2020-08-16T06:33:48Z INFO  dt_client_bytes] Publish 49
2020-08-16T06:33:48.964714375Z  [2020-08-16T06:33:48Z INFO  dt_client_bytes] 49::38162cb0-e585-43d7-b55d-5c240b2bfb7c/3142192f-6bae-4f12-a6f3-5464dc37e790/d0a71d84-b80f-4558-beac-8887750652e3 "49 AER34M9wcJLOeZESFxVe53RL4YbY7sTfhwDxzWbhPOxXN2HMre8jTqueLmxhe"
2020-08-16T06:33:48.964772416Z  [2020-08-16T06:33:48Z INFO  dt_client_bytes] Publish 50
2020-08-16T06:33:48.976485298Z  [2020-08-16T06:33:48Z INFO  dt_client_bytes] 50::38162cb0-e585-43d7-b55d-5c240b2bfb7c/3142192f-6bae-4f12-a6f3-5464dc37e790/d0a71d84-b80f-4558-beac-8887750652e3 "50 LwYUVKKmKV3Azd5Dvj4DI5eQkUCKdHsUV7Vlo9GLMHmfZ3LcpbCJuxyGdwAQ7"
2020-08-16T06:33:48.976528322Z  [2020-08-16T06:33:48Z INFO  dt_client_bytes] Publish 51
2020-08-16T06:33:48.987714471Z  [2020-08-16T06:33:48Z INFO  dt_client_bytes] 51::38162cb0-e585-43d7-b55d-5c240b2bfb7c/3142192f-6bae-4f12-a6f3-5464dc37e790/d0a71d84-b80f-4558-beac-8887750652e3 "51 6v6oE9b8yw4hZlC2HEEb0qX6yfJcEcezE94bwkT34f4AsFBWVX2FhiYqIJfGK"
2020-08-16T06:33:48.987875022Z  [2020-08-16T06:33:48Z INFO  dt_client_bytes] Publish 52
2020-08-16T06:33:48.999799208Z  [2020-08-16T06:33:48Z INFO  dt_client_bytes] 52::38162cb0-e585-43d7-b55d-5c240b2bfb7c/3142192f-6bae-4f12-a6f3-5464dc37e790/d0a71d84-b80f-4558-beac-8887750652e3 "52 xkePdP8axySivjmfDuCBmldTaR0bbAIhaFuy0nQ9MTxwcF9iIOpeTQ6cmDMoS"
2020-08-16T06:33:48.999860058Z  [2020-08-16T06:33:48Z INFO  dt_client_bytes] Publish 53
2020-08-16T06:33:49.006450747Z  [2020-08-16T06:33:49Z INFO  dt_client_bytes] PubAck { pkid: 34 }
2020-08-16T06:33:49.007683899Z  [2020-08-16T06:33:49Z INFO  dt_client_bytes] PubAck { pkid: 35 }
2020-08-16T06:33:49.009612064Z  [2020-08-16T06:33:49Z INFO  dt_client_bytes] PubAck { pkid: 36 }
2020-08-16T06:33:49.009987139Z  [2020-08-16T06:33:49Z INFO  dt_client_bytes] PubAck { pkid: 37 }
2020-08-16T06:33:49.011209378Z  [2020-08-16T06:33:49Z INFO  dt_client_bytes] PubAck { pkid: 38 }
2020-08-16T06:33:49.011230646Z  [2020-08-16T06:33:49Z INFO  dt_client_bytes] 53::38162cb0-e585-43d7-b55d-5c240b2bfb7c/3142192f-6bae-4f12-a6f3-5464dc37e790/d0a71d84-b80f-4558-beac-8887750652e3 "53 TbvtVcgoiCuAStMP6lc0Ik0pMd8ZHteL5ZXkSBTYjMvWhFqhIWBSW5GTLyIe1"
2020-08-16T06:33:49.012381143Z  [2020-08-16T06:33:49Z INFO  dt_client_bytes] PubAck { pkid: 39 }
2020-08-16T06:33:49.013566765Z  [2020-08-16T06:33:49Z INFO  dt_client_bytes] PubAck { pkid: 40 }
2020-08-16T06:33:49.014752581Z  [2020-08-16T06:33:49Z INFO  dt_client_bytes] PubAck { pkid: 41 }
2020-08-16T06:33:49.016040306Z  [2020-08-16T06:33:49Z INFO  dt_client_bytes] Publish 54
2020-08-16T06:33:49.022781725Z  [2020-08-16T06:33:49Z INFO  dt_client_bytes] 54::38162cb0-e585-43d7-b55d-5c240b2bfb7c/3142192f-6bae-4f12-a6f3-5464dc37e790/d0a71d84-b80f-4558-beac-8887750652e3 "54 OKGXCM8TAHTzSPEdKXh48Qj1uhdq3rUUO2ARV323ZGljg3NQyUcGmvtgou3To"
2020-08-16T06:33:49.022847200Z  [2020-08-16T06:33:49Z INFO  dt_client_bytes] Publish 55
2020-08-16T06:33:49.034330503Z  [2020-08-16T06:33:49Z INFO  dt_client_bytes] 55::38162cb0-e585-43d7-b55d-5c240b2bfb7c/3142192f-6bae-4f12-a6f3-5464dc37e790/d0a71d84-b80f-4558-beac-8887750652e3 "55 G2l6q2Lp1IK9u2uC0OlqatyUZtQ70nFSKwFXWQ9998kJUHU4h8XrCkpnONu45"
2020-08-16T06:33:49.034365080Z  [2020-08-16T06:33:49Z INFO  dt_client_bytes] Publish 56
2020-08-16T06:33:49.044732067Z  [2020-08-16T06:33:49Z INFO  dt_client_bytes] 56::38162cb0-e585-43d7-b55d-5c240b2bfb7c/3142192f-6bae-4f12-a6f3-5464dc37e790/d0a71d84-b80f-4558-beac-8887750652e3 "56 ivFuPR8AtxdhLJ0btNeQGVPi3LvHnOPr60hV8TqcUVpvlrtdxWCNWC7tjp0wM"
2020-08-16T06:33:49.044751209Z  [2020-08-16T06:33:49Z INFO  dt_client_bytes] Publish 57
2020-08-16T06:33:49.056495497Z  [2020-08-16T06:33:49Z INFO  dt_client_bytes] 57::38162cb0-e585-43d7-b55d-5c240b2bfb7c/3142192f-6bae-4f12-a6f3-5464dc37e790/d0a71d84-b80f-4558-beac-8887750652e3 "57 KOaoOh6osiY2enC1jiTQd5saNdK1aKSsW8UbCSoBHgLpUMb9Hz34LA3EJEVx2"
2020-08-16T06:33:49.056535455Z  [2020-08-16T06:33:49Z INFO  dt_client_bytes] Publish 58
2020-08-16T06:33:49.066800417Z  [2020-08-16T06:33:49Z INFO  dt_client_bytes] 58::38162cb0-e585-43d7-b55d-5c240b2bfb7c/3142192f-6bae-4f12-a6f3-5464dc37e790/d0a71d84-b80f-4558-beac-8887750652e3 "58 c7O3HWvZGh6zBd2XYUjjNV0MsIGUSMtbTTURmXDf3ccrJ0GETQ4Y8O13EdQET"
2020-08-16T06:33:49.066819708Z  [2020-08-16T06:33:49Z INFO  dt_client_bytes] Publish 59
2020-08-16T06:33:49.075611420Z  [2020-08-16T06:33:49Z INFO  dt_client_bytes] PubAck { pkid: 42 }
2020-08-16T06:33:49.076939820Z  [2020-08-16T06:33:49Z INFO  dt_client_bytes] PubAck { pkid: 43 }
2020-08-16T06:33:49.078174229Z  [2020-08-16T06:33:49Z INFO  dt_client_bytes] PubAck { pkid: 44 }
2020-08-16T06:33:49.078208562Z  [2020-08-16T06:33:49Z INFO  dt_client_bytes] 59::38162cb0-e585-43d7-b55d-5c240b2bfb7c/3142192f-6bae-4f12-a6f3-5464dc37e790/d0a71d84-b80f-4558-beac-8887750652e3 "59 bdnVIoeZt18ZKyq7c9kjainPCpzbvn8GrYaP0KKYet3DBskZiN1zlaca4Oh6S"
2020-08-16T06:33:49.079356685Z  [2020-08-16T06:33:49Z INFO  dt_client_bytes] PubAck { pkid: 45 }
2020-08-16T06:33:49.079378933Z  [2020-08-16T06:33:49Z INFO  dt_client_bytes] PubAck { pkid: 46 }
2020-08-16T06:33:49.080524419Z  [2020-08-16T06:33:49Z INFO  dt_client_bytes] PubAck { pkid: 47 }
2020-08-16T06:33:49.081746211Z  [2020-08-16T06:33:49Z INFO  dt_client_bytes] PubAck { pkid: 48 }
2020-08-16T06:33:49.082999582Z  [2020-08-16T06:33:49Z INFO  dt_client_bytes] PubAck { pkid: 49 }
2020-08-16T06:33:49.084254000Z  [2020-08-16T06:33:49Z INFO  dt_client_bytes] Publish 60
2020-08-16T06:33:49.089089260Z  [2020-08-16T06:33:49Z INFO  dt_client_bytes] 60::38162cb0-e585-43d7-b55d-5c240b2bfb7c/3142192f-6bae-4f12-a6f3-5464dc37e790/d0a71d84-b80f-4558-beac-8887750652e3 "60 xD58i9TJQ3HRrchj1cpTyFwOg4rGQ7NGVErRSi1dc4UxCaAJ3OuvClT6d8NnM"
2020-08-16T06:33:49.089153519Z  [2020-08-16T06:33:49Z INFO  dt_client_bytes] Publish 61
2020-08-16T06:33:49.100750774Z  [2020-08-16T06:33:49Z INFO  dt_client_bytes] 61::38162cb0-e585-43d7-b55d-5c240b2bfb7c/3142192f-6bae-4f12-a6f3-5464dc37e790/d0a71d84-b80f-4558-beac-8887750652e3 "61 CdM91264HxpT9RaMTWrbataFMI7uw08CZYwN1rbSaHs9nQ55lClSIsGjQy5Os"
2020-08-16T06:33:49.100778784Z  [2020-08-16T06:33:49Z INFO  dt_client_bytes] Publish 62
2020-08-16T06:33:49.111232687Z  [2020-08-16T06:33:49Z INFO  dt_client_bytes] PubAck { pkid: 50 }
2020-08-16T06:33:49.112848171Z  [2020-08-16T06:33:49Z INFO  dt_client_bytes] PubAck { pkid: 51 }
2020-08-16T06:33:49.112916044Z  [2020-08-16T06:33:49Z INFO  dt_client_bytes] 62::38162cb0-e585-43d7-b55d-5c240b2bfb7c/3142192f-6bae-4f12-a6f3-5464dc37e790/d0a71d84-b80f-4558-beac-8887750652e3 "62 tGOPn12GAuxCYUxK9j8mbZ1VqmKrELTzSKJOnaNLZtkK9awtBwCXGpO06TMPo"
2020-08-16T06:33:49.112937687Z  [2020-08-16T06:33:49Z INFO  dt_client_bytes] PubAck { pkid: 52 }
2020-08-16T06:33:49.114183990Z  [2020-08-16T06:33:49Z INFO  dt_client_bytes] Publish 63
2020-08-16T06:33:49.115656612Z  [2020-08-16T06:33:49Z INFO  dt_client_bytes] PubAck { pkid: 53 }
2020-08-16T06:33:49.123851720Z  [2020-08-16T06:33:49Z INFO  dt_client_bytes] 63::38162cb0-e585-43d7-b55d-5c240b2bfb7c/3142192f-6bae-4f12-a6f3-5464dc37e790/d0a71d84-b80f-4558-beac-8887750652e3 "63 DGVqNVWhkp5bsmaBSwu0McPwZAj3gicgKMkymFytQB0sQ0veAwN0LCjFviACT"
2020-08-16T06:33:49.123904266Z  [2020-08-16T06:33:49Z INFO  dt_client_bytes] Publish 64
2020-08-16T06:33:49.135526394Z  [2020-08-16T06:33:49Z INFO  dt_client_bytes] 64::38162cb0-e585-43d7-b55d-5c240b2bfb7c/3142192f-6bae-4f12-a6f3-5464dc37e790/d0a71d84-b80f-4558-beac-8887750652e3 "64 JYLCJTMSCeo6L6ll4363AmCpg51QnTfozleBJjwS1kpT5ACuAEixgJX6yLgHL"
2020-08-16T06:33:49.135595998Z  [2020-08-16T06:33:49Z INFO  dt_client_bytes] Publish 65
2020-08-16T06:33:49.146951471Z  [2020-08-16T06:33:49Z INFO  dt_client_bytes] 65::38162cb0-e585-43d7-b55d-5c240b2bfb7c/3142192f-6bae-4f12-a6f3-5464dc37e790/d0a71d84-b80f-4558-beac-8887750652e3 "65 mtP0AXJcLGyq0Zrf0upkJrsL8tBXjCw23rJ9sWU2tECnHHaDrWgfpnldXv2an"
2020-08-16T06:33:49.146974463Z  [2020-08-16T06:33:49Z INFO  dt_client_bytes] Publish 66
2020-08-16T06:33:49.155006853Z  [2020-08-16T06:33:49Z INFO  dt_client_bytes] PubAck { pkid: 54 }
2020-08-16T06:33:49.156213857Z  [2020-08-16T06:33:49Z INFO  dt_client_bytes] PubAck { pkid: 55 }
2020-08-16T06:33:49.157435980Z  [2020-08-16T06:33:49Z INFO  dt_client_bytes] PubAck { pkid: 56 }
2020-08-16T06:33:49.157522007Z  [2020-08-16T06:33:49Z INFO  dt_client_bytes] 66::38162cb0-e585-43d7-b55d-5c240b2bfb7c/3142192f-6bae-4f12-a6f3-5464dc37e790/d0a71d84-b80f-4558-beac-8887750652e3 "66 fvuU9OB3RbtMwBtpLTKRIsbjsE9tkWUAhxCOCPvqluFD6VDhfgCHRCTOWh32k"
2020-08-16T06:33:49.158622455Z  [2020-08-16T06:33:49Z INFO  dt_client_bytes] PubAck { pkid: 57 }
2020-08-16T06:33:49.159787108Z  [2020-08-16T06:33:49Z INFO  dt_client_bytes] PubAck { pkid: 58 }
2020-08-16T06:33:49.160960984Z  [2020-08-16T06:33:49Z INFO  dt_client_bytes] PubAck { pkid: 59 }
2020-08-16T06:33:49.162131659Z  [2020-08-16T06:33:49Z INFO  dt_client_bytes] Publish 67
2020-08-16T06:33:49.168813429Z  [2020-08-16T06:33:49Z INFO  dt_client_bytes] 67::38162cb0-e585-43d7-b55d-5c240b2bfb7c/3142192f-6bae-4f12-a6f3-5464dc37e790/d0a71d84-b80f-4558-beac-8887750652e3 "67 vtl5d6yFPN0LGf9nHz78QBxq5DRac3TixXBc0aT5YZjTDtRONehvgEZzJEsVG"
2020-08-16T06:33:49.168873309Z  [2020-08-16T06:33:49Z INFO  dt_client_bytes] Publish 68
2020-08-16T06:33:49.181048655Z  [2020-08-16T06:33:49Z INFO  dt_client_bytes] 68::38162cb0-e585-43d7-b55d-5c240b2bfb7c/3142192f-6bae-4f12-a6f3-5464dc37e790/d0a71d84-b80f-4558-beac-8887750652e3 "68 X3d8zb7AH4kdeUwDk2shJJK6S11fJKH6RhiAJ43bvhZtZuT7eFHUwLpqgBpdz"
2020-08-16T06:33:49.181118112Z  [2020-08-16T06:33:49Z INFO  dt_client_bytes] Publish 69
2020-08-16T06:33:49.192729437Z  [2020-08-16T06:33:49Z INFO  dt_client_bytes] 69::38162cb0-e585-43d7-b55d-5c240b2bfb7c/3142192f-6bae-4f12-a6f3-5464dc37e790/d0a71d84-b80f-4558-beac-8887750652e3 "69 tvnibeIrv4RzM7ZLoSnHMKVlXzMdqVAJGxC3X6tXgwiixgK0oi2vHgW9ep375"
2020-08-16T06:33:49.192807894Z  [2020-08-16T06:33:49Z INFO  dt_client_bytes] Publish 70
2020-08-16T06:33:49.204499048Z  [2020-08-16T06:33:49Z INFO  dt_client_bytes] 70::38162cb0-e585-43d7-b55d-5c240b2bfb7c/3142192f-6bae-4f12-a6f3-5464dc37e790/d0a71d84-b80f-4558-beac-8887750652e3 "70 GANdJpYTARpXsghLUEvsu6SHmkPRfzPvWNdRzL7FI2mYwYoNDH0gI4XFfyrPk"
2020-08-16T06:33:49.204587909Z  [2020-08-16T06:33:49Z INFO  dt_client_bytes] Publish 71
2020-08-16T06:33:49.213026365Z  [2020-08-16T06:33:49Z INFO  dt_client_bytes] PubAck { pkid: 60 }
2020-08-16T06:33:49.214087465Z  [2020-08-16T06:33:49Z INFO  dt_client_bytes] PubAck { pkid: 61 }
2020-08-16T06:33:49.215364469Z  [2020-08-16T06:33:49Z INFO  dt_client_bytes] PubAck { pkid: 62 }
2020-08-16T06:33:49.215385439Z  [2020-08-16T06:33:49Z INFO  dt_client_bytes] 71::38162cb0-e585-43d7-b55d-5c240b2bfb7c/3142192f-6bae-4f12-a6f3-5464dc37e790/d0a71d84-b80f-4558-beac-8887750652e3 "71 pYsl0AlBhCrIiH1QpjF0NBEWgzXMpukvKz99LrlvWVZhISvE7bGyCzWWmxUzS"
2020-08-16T06:33:49.215396435Z  [2020-08-16T06:33:49Z INFO  dt_client_bytes] Publish 72
2020-08-16T06:33:49.226166550Z  [2020-08-16T06:33:49Z INFO  dt_client_bytes] 72::38162cb0-e585-43d7-b55d-5c240b2bfb7c/3142192f-6bae-4f12-a6f3-5464dc37e790/d0a71d84-b80f-4558-beac-8887750652e3 "72 WXjAEUxrSoH8xGUCO9TbwFLKEDWySjpaCgURcwnzhuCUv7cdgGsUyc7fdxHIj"
2020-08-16T06:33:49.226235831Z  [2020-08-16T06:33:49Z INFO  dt_client_bytes] Publish 73
2020-08-16T06:33:49.237815916Z  [2020-08-16T06:33:49Z INFO  dt_client_bytes] 73::38162cb0-e585-43d7-b55d-5c240b2bfb7c/3142192f-6bae-4f12-a6f3-5464dc37e790/d0a71d84-b80f-4558-beac-8887750652e3 "73 8LeXQMrZoQCf2aPAzu32CtJsKZDTZLRLj23Eiv5laRyqtZPl2RZqTU4jjnhzT"
2020-08-16T06:33:49.237874108Z  [2020-08-16T06:33:49Z INFO  dt_client_bytes] Publish 74
2020-08-16T06:33:49.249653534Z  [2020-08-16T06:33:49Z INFO  dt_client_bytes] 74::38162cb0-e585-43d7-b55d-5c240b2bfb7c/3142192f-6bae-4f12-a6f3-5464dc37e790/d0a71d84-b80f-4558-beac-8887750652e3 "74 dfTrQ25UoZqT2J9lHLd60c07XOasBUlClUYQIgGRf7ZCwbr7iapW8DVBpupx4"
2020-08-16T06:33:49.249741798Z  [2020-08-16T06:33:49Z INFO  dt_client_bytes] Publish 75
2020-08-16T06:33:49.261238244Z  [2020-08-16T06:33:49Z INFO  dt_client_bytes] 75::38162cb0-e585-43d7-b55d-5c240b2bfb7c/3142192f-6bae-4f12-a6f3-5464dc37e790/d0a71d84-b80f-4558-beac-8887750652e3 "75 eyGnQOjceCduFb7d64f8J9G5BdlGcJhXGcJaWYLbUGem1ueBNGzDnRd3towuW"
2020-08-16T06:33:49.261316636Z  [2020-08-16T06:33:49Z INFO  dt_client_bytes] Publish 76
2020-08-16T06:33:49.269970760Z  [2020-08-16T06:33:49Z INFO  dt_client_bytes] PubAck { pkid: 63 }
2020-08-16T06:33:49.271269522Z  [2020-08-16T06:33:49Z INFO  dt_client_bytes] PubAck { pkid: 64 }
2020-08-16T06:33:49.272557992Z  [2020-08-16T06:33:49Z INFO  dt_client_bytes] PubAck { pkid: 65 }
2020-08-16T06:33:49.272621683Z  [2020-08-16T06:33:49Z INFO  dt_client_bytes] 76::38162cb0-e585-43d7-b55d-5c240b2bfb7c/3142192f-6bae-4f12-a6f3-5464dc37e790/d0a71d84-b80f-4558-beac-8887750652e3 "76 OXV4nqG0x8wwgOmjnkgjAgVn2Cv91yx2aTLkMqwOAxWTJzYqALqgnHOTHXmZY"
2020-08-16T06:33:49.273774108Z  [2020-08-16T06:33:49Z INFO  dt_client_bytes] PubAck { pkid: 66 }
2020-08-16T06:33:49.275012694Z  [2020-08-16T06:33:49Z INFO  dt_client_bytes] Publish 77
2020-08-16T06:33:49.285031945Z  [2020-08-16T06:33:49Z INFO  dt_client_bytes] 77::38162cb0-e585-43d7-b55d-5c240b2bfb7c/3142192f-6bae-4f12-a6f3-5464dc37e790/d0a71d84-b80f-4558-beac-8887750652e3 "77 74sXZIkbAyN9XzG6J4Ni70VyMcXQk26QMRYXCin6L65XNecHDXmn6yY797rwK"
2020-08-16T06:33:49.285095123Z  [2020-08-16T06:33:49Z INFO  dt_client_bytes] Publish 78
2020-08-16T06:33:49.296493606Z  [2020-08-16T06:33:49Z INFO  dt_client_bytes] 78::38162cb0-e585-43d7-b55d-5c240b2bfb7c/3142192f-6bae-4f12-a6f3-5464dc37e790/d0a71d84-b80f-4558-beac-8887750652e3 "78 3oTlayS6qgYzF7XBiQEFEsiWLatJpZ6Bgm1Rff2TRpVgpHCceRbFuMOMw7sDJ"
2020-08-16T06:33:49.296562829Z  [2020-08-16T06:33:49Z INFO  dt_client_bytes] Publish 79
2020-08-16T06:33:49.308432537Z  [2020-08-16T06:33:49Z INFO  dt_client_bytes] 79::38162cb0-e585-43d7-b55d-5c240b2bfb7c/3142192f-6bae-4f12-a6f3-5464dc37e790/d0a71d84-b80f-4558-beac-8887750652e3 "79 AlCNi2wstnh5Jzu7J5E3TlR0lbiv4reQSIVXS72tOk4NTFYhzL6JwNcX7v58D"
2020-08-16T06:33:49.308473234Z  [2020-08-16T06:33:49Z INFO  dt_client_bytes] Publish 80
2020-08-16T06:33:49.318713495Z  [2020-08-16T06:33:49Z INFO  dt_client_bytes] 80::38162cb0-e585-43d7-b55d-5c240b2bfb7c/3142192f-6bae-4f12-a6f3-5464dc37e790/d0a71d84-b80f-4558-beac-8887750652e3 "80 RTEe3Xy38BlMpWmKqISK1u9AhoQbRD6lKztcXqCdCEwk9Vgfe5kCypWndCpWx"
2020-08-16T06:33:49.318737506Z  [2020-08-16T06:33:49Z INFO  dt_client_bytes] Publish 81
2020-08-16T06:33:49.323819366Z  [2020-08-16T06:33:49Z INFO  dt_client_bytes] PubAck { pkid: 67 }
2020-08-16T06:33:49.325349989Z  [2020-08-16T06:33:49Z INFO  dt_client_bytes] PubAck { pkid: 68 }
2020-08-16T06:33:49.326332879Z  [2020-08-16T06:33:49Z INFO  dt_client_bytes] PubAck { pkid: 69 }
2020-08-16T06:33:49.327568717Z  [2020-08-16T06:33:49Z INFO  dt_client_bytes] PubAck { pkid: 70 }
2020-08-16T06:33:49.328752652Z  [2020-08-16T06:33:49Z INFO  dt_client_bytes] PubAck { pkid: 71 }
2020-08-16T06:33:49.330268820Z  [2020-08-16T06:33:49Z INFO  dt_client_bytes] 81::38162cb0-e585-43d7-b55d-5c240b2bfb7c/3142192f-6bae-4f12-a6f3-5464dc37e790/d0a71d84-b80f-4558-beac-8887750652e3 "81 4146rbJZvx5cvsPSEJNtkhkJjs8atmU0lGUo9L4kAQhOPe9QRFB006vLwvuz1"
2020-08-16T06:33:49.330336363Z  [2020-08-16T06:33:49Z INFO  dt_client_bytes] Publish 82
2020-08-16T06:33:49.340918275Z  [2020-08-16T06:33:49Z INFO  dt_client_bytes] 82::38162cb0-e585-43d7-b55d-5c240b2bfb7c/3142192f-6bae-4f12-a6f3-5464dc37e790/d0a71d84-b80f-4558-beac-8887750652e3 "82 mlo9MbXOiv6vIDEO82Sb4nnGq2mz5mOE8NQSD3sQ5Fx25pBbqCzKWvSiHDoeZ"
2020-08-16T06:33:49.341013301Z  [2020-08-16T06:33:49Z INFO  dt_client_bytes] Publish 83
2020-08-16T06:33:49.352512580Z  [2020-08-16T06:33:49Z INFO  dt_client_bytes] 83::38162cb0-e585-43d7-b55d-5c240b2bfb7c/3142192f-6bae-4f12-a6f3-5464dc37e790/d0a71d84-b80f-4558-beac-8887750652e3 "83 5FQAg09VXIm8TxrcDl6hFRmDxOlBb61o1ka8B2kB9nhN0v0bUpP4ulrnr3idQ"
2020-08-16T06:33:49.352590151Z  [2020-08-16T06:33:49Z INFO  dt_client_bytes] Publish 84
2020-08-16T06:33:49.364096958Z  [2020-08-16T06:33:49Z INFO  dt_client_bytes] 84::38162cb0-e585-43d7-b55d-5c240b2bfb7c/3142192f-6bae-4f12-a6f3-5464dc37e790/d0a71d84-b80f-4558-beac-8887750652e3 "84 u0brEpa8xpP6YLLDQrt2BP97IyAaMUxTgN0Mh4Sahr1gPDHJsTP1r5RQpczfZ"
2020-08-16T06:33:49.364181167Z  [2020-08-16T06:33:49Z INFO  dt_client_bytes] Publish 85
2020-08-16T06:33:49.375797912Z  [2020-08-16T06:33:49Z INFO  dt_client_bytes] 85::38162cb0-e585-43d7-b55d-5c240b2bfb7c/3142192f-6bae-4f12-a6f3-5464dc37e790/d0a71d84-b80f-4558-beac-8887750652e3 "85 7TiRR1veQVmVTF7ANlIZOK2UJrASHg3UPGc7v3df6v8d1urTCAkr74dTVmkFV"
2020-08-16T06:33:49.375823625Z  [2020-08-16T06:33:49Z INFO  dt_client_bytes] Publish 86
2020-08-16T06:33:49.378863420Z  [2020-08-16T06:33:49Z INFO  dt_client_bytes] PubAck { pkid: 72 }
2020-08-16T06:33:49.380094568Z  [2020-08-16T06:33:49Z INFO  dt_client_bytes] PubAck { pkid: 73 }
2020-08-16T06:33:49.381352584Z  [2020-08-16T06:33:49Z INFO  dt_client_bytes] PubAck { pkid: 74 }
2020-08-16T06:33:49.382608614Z  [2020-08-16T06:33:49Z INFO  dt_client_bytes] PubAck { pkid: 75 }
2020-08-16T06:33:49.383876235Z  [2020-08-16T06:33:49Z INFO  dt_client_bytes] PubAck { pkid: 76 }
2020-08-16T06:33:49.387655338Z  [2020-08-16T06:33:49Z INFO  dt_client_bytes] 86::38162cb0-e585-43d7-b55d-5c240b2bfb7c/3142192f-6bae-4f12-a6f3-5464dc37e790/d0a71d84-b80f-4558-beac-8887750652e3 "86 n3C96IJCoBkMRMXqTn4wZYGBT1owoJRktefsNp7ctSVSnekxMpY3ErTn1RS0V"
2020-08-16T06:33:49.387722672Z  [2020-08-16T06:33:49Z INFO  dt_client_bytes] Publish 87
2020-08-16T06:33:49.399296439Z  [2020-08-16T06:33:49Z INFO  dt_client_bytes] 87::38162cb0-e585-43d7-b55d-5c240b2bfb7c/3142192f-6bae-4f12-a6f3-5464dc37e790/d0a71d84-b80f-4558-beac-8887750652e3 "87 VtluRzP7fFqvjAodRjLod48Sz11HRa6uXsS6vytb9bNB4A6cRPMw9QaRe09aS"
2020-08-16T06:33:49.399379718Z  [2020-08-16T06:33:49Z INFO  dt_client_bytes] Publish 88
2020-08-16T06:33:49.410099108Z  [2020-08-16T06:33:49Z INFO  dt_client_bytes] 88::38162cb0-e585-43d7-b55d-5c240b2bfb7c/3142192f-6bae-4f12-a6f3-5464dc37e790/d0a71d84-b80f-4558-beac-8887750652e3 "88 Ptkp0zDzZwMAtJUSlceGWgkx7C927CRx2SpTcd86HRJwcYiagOEwfwizFgiGv"
2020-08-16T06:33:49.410181659Z  [2020-08-16T06:33:49Z INFO  dt_client_bytes] Publish 89
2020-08-16T06:33:49.421741720Z  [2020-08-16T06:33:49Z INFO  dt_client_bytes] 89::38162cb0-e585-43d7-b55d-5c240b2bfb7c/3142192f-6bae-4f12-a6f3-5464dc37e790/d0a71d84-b80f-4558-beac-8887750652e3 "89 JMnSgoRbSyQS4L0j81vfpDJ748ESJme1vflsmlPH68E6YWopa75zEg67aqbnp"
2020-08-16T06:33:49.421824450Z  [2020-08-16T06:33:49Z INFO  dt_client_bytes] Publish 90
2020-08-16T06:33:49.433109673Z  [2020-08-16T06:33:49Z INFO  dt_client_bytes] 90::38162cb0-e585-43d7-b55d-5c240b2bfb7c/3142192f-6bae-4f12-a6f3-5464dc37e790/d0a71d84-b80f-4558-beac-8887750652e3 "90 WMGejiZ2uJoxGcJhwDHM6G1KsRAn2aRWMZ8mrvWJJc0B2pntHDM6cN3bQBxHj"
2020-08-16T06:33:49.433133381Z  [2020-08-16T06:33:49Z INFO  dt_client_bytes] Publish 91
2020-08-16T06:33:49.444801010Z  [2020-08-16T06:33:49Z INFO  dt_client_bytes] 91::38162cb0-e585-43d7-b55d-5c240b2bfb7c/3142192f-6bae-4f12-a6f3-5464dc37e790/d0a71d84-b80f-4558-beac-8887750652e3 "91 49CMYDjGj2qWP6Tjhe02tjiu4MNCQuAFZTHMmMykfcWJH9aJSJ1wb0RWS3EVG"
2020-08-16T06:33:49.444884845Z  [2020-08-16T06:33:49Z INFO  dt_client_bytes] Publish 92
2020-08-16T06:33:49.446106001Z  [2020-08-16T06:33:49Z INFO  dt_client_bytes] PubAck { pkid: 77 }
2020-08-16T06:33:49.447390099Z  [2020-08-16T06:33:49Z INFO  dt_client_bytes] PubAck { pkid: 78 }
2020-08-16T06:33:49.448681781Z  [2020-08-16T06:33:49Z INFO  dt_client_bytes] PubAck { pkid: 79 }
2020-08-16T06:33:49.449961573Z  [2020-08-16T06:33:49Z INFO  dt_client_bytes] PubAck { pkid: 80 }
2020-08-16T06:33:49.451221841Z  [2020-08-16T06:33:49Z INFO  dt_client_bytes] PubAck { pkid: 81 }
2020-08-16T06:33:49.456093912Z  [2020-08-16T06:33:49Z INFO  dt_client_bytes] 92::38162cb0-e585-43d7-b55d-5c240b2bfb7c/3142192f-6bae-4f12-a6f3-5464dc37e790/d0a71d84-b80f-4558-beac-8887750652e3 "92 zMM42cw006nQCgt0tHiIqY58a9s283xomeNjbI2w478yQUR67iwU0Xc6GASxP"
2020-08-16T06:33:49.456164009Z  [2020-08-16T06:33:49Z INFO  dt_client_bytes] Publish 93
2020-08-16T06:33:49.467739042Z  [2020-08-16T06:33:49Z INFO  dt_client_bytes] 93::38162cb0-e585-43d7-b55d-5c240b2bfb7c/3142192f-6bae-4f12-a6f3-5464dc37e790/d0a71d84-b80f-4558-beac-8887750652e3 "93 4lp6ruWFFwp7z5IN1wvJseFllMWVnVxc8TyxH6KdmUEBugmaPaWmL2wFOiXsS"
2020-08-16T06:33:49.467809627Z  [2020-08-16T06:33:49Z INFO  dt_client_bytes] Publish 94
2020-08-16T06:33:49.479396217Z  [2020-08-16T06:33:49Z INFO  dt_client_bytes] 94::38162cb0-e585-43d7-b55d-5c240b2bfb7c/3142192f-6bae-4f12-a6f3-5464dc37e790/d0a71d84-b80f-4558-beac-8887750652e3 "94 9lXJmaMnTuk66MxCoQuCCeRLDWOfdfPs0A5rYCPjG5ygx2XTxnKECcvSIj3gm"
2020-08-16T06:33:49.479496024Z  [2020-08-16T06:33:49Z INFO  dt_client_bytes] Publish 95
2020-08-16T06:33:49.490110756Z  [2020-08-16T06:33:49Z INFO  dt_client_bytes] 95::38162cb0-e585-43d7-b55d-5c240b2bfb7c/3142192f-6bae-4f12-a6f3-5464dc37e790/d0a71d84-b80f-4558-beac-8887750652e3 "95 DPIqErPf1cGxj2qTvG8z1C5IlDysUBYUA6bIqk53sq90DvuReRi1dpWcGV9jZ"
2020-08-16T06:33:49.490190306Z  [2020-08-16T06:33:49Z INFO  dt_client_bytes] Publish 96
2020-08-16T06:33:49.500954238Z  [2020-08-16T06:33:49Z INFO  dt_client_bytes] 96::38162cb0-e585-43d7-b55d-5c240b2bfb7c/3142192f-6bae-4f12-a6f3-5464dc37e790/d0a71d84-b80f-4558-beac-8887750652e3 "96 mcCHvV3wIDoNjPcJNCJqZILlmMHYD8nR7A0E1kLoavnyXcUzzVchd2OeWIRwh"
2020-08-16T06:33:49.501033111Z  [2020-08-16T06:33:49Z INFO  dt_client_bytes] Publish 97
2020-08-16T06:33:49.512563138Z  [2020-08-16T06:33:49Z INFO  dt_client_bytes] 97::38162cb0-e585-43d7-b55d-5c240b2bfb7c/3142192f-6bae-4f12-a6f3-5464dc37e790/d0a71d84-b80f-4558-beac-8887750652e3 "97 bbxyHgDVFObiTXVCFE6JCxHqkVq7Bk9EDxZlhVShHl40xlquw4K8uRAG4MrJa"
2020-08-16T06:33:49.512630464Z  [2020-08-16T06:33:49Z INFO  dt_client_bytes] Publish 98
2020-08-16T06:33:49.514278166Z  [2020-08-16T06:33:49Z INFO  dt_client_bytes] PubAck { pkid: 82 }
2020-08-16T06:33:49.515565058Z  [2020-08-16T06:33:49Z INFO  dt_client_bytes] PubAck { pkid: 83 }
2020-08-16T06:33:49.516837288Z  [2020-08-16T06:33:49Z INFO  dt_client_bytes] PubAck { pkid: 84 }
2020-08-16T06:33:49.518129542Z  [2020-08-16T06:33:49Z INFO  dt_client_bytes] PubAck { pkid: 85 }
2020-08-16T06:33:49.519392654Z  [2020-08-16T06:33:49Z INFO  dt_client_bytes] PubAck { pkid: 86 }
2020-08-16T06:33:49.524374200Z  [2020-08-16T06:33:49Z INFO  dt_client_bytes] 98::38162cb0-e585-43d7-b55d-5c240b2bfb7c/3142192f-6bae-4f12-a6f3-5464dc37e790/d0a71d84-b80f-4558-beac-8887750652e3 "98 p13n39XRn9B6uP5PYbYK4RRvzybUe6JTDTmm2JEJ3AE9L1ySWfEpIVuuPGg5m"
2020-08-16T06:33:49.524458052Z  [2020-08-16T06:33:49Z INFO  dt_client_bytes] Publish 99
2020-08-16T06:33:49.535118008Z  [2020-08-16T06:33:49Z INFO  dt_client_bytes] 99::38162cb0-e585-43d7-b55d-5c240b2bfb7c/3142192f-6bae-4f12-a6f3-5464dc37e790/d0a71d84-b80f-4558-beac-8887750652e3 "99 J2b5DFdnhVCVEYpzA6ZGnH1iKIXLdNqz7c3cN3o5ozerBZPdHjgiOP5TAt6GO"
2020-08-16T06:33:49.535201882Z  [2020-08-16T06:33:49Z INFO  dt_client_bytes] Publish 100
2020-08-16T06:33:49.535221403Z  [2020-08-16T06:33:49Z INFO  dt_client_bytes] NotificationCounter {
2020-08-16T06:33:49.535294018Z          Pub: 100,
2020-08-16T06:33:49.535312448Z          PubAck: 86,
2020-08-16T06:33:49.535329979Z          PubRec: 0,
2020-08-16T06:33:49.535389966Z          PubRel: 0,
2020-08-16T06:33:49.535408607Z          PubComp: 0,
2020-08-16T06:33:49.535425834Z      }
2020-08-16T06:33:49.546518298Z  [2020-08-16T06:33:49Z INFO  dt_client_bytes] Thread 38162cb0-e585-43d7-b55d-5c240b2bfb7c/3142192f-6bae-4f12-a6f3-5464dc37e790/d0a71d84-b80f-4558-beac-8887750652e3 done with 100 messages.
2020-08-16T06:33:49.579495116Z  [2020-08-16T06:33:49Z INFO  dt_client_bytes] PubAck { pkid: 87 }
2020-08-16T06:33:49.579526899Z  [2020-08-16T06:33:49Z INFO  dt_client_bytes] NotificationCounter {
2020-08-16T06:33:49.579572995Z          Pub: 100,
2020-08-16T06:33:49.579588151Z          PubAck: 87,
2020-08-16T06:33:49.579600589Z          PubRec: 0,
2020-08-16T06:33:49.579612536Z          PubRel: 0,
2020-08-16T06:33:49.579624207Z          PubComp: 0,
2020-08-16T06:33:49.579667765Z      }
2020-08-16T06:33:49.580685622Z  [2020-08-16T06:33:49Z INFO  dt_client_bytes] PubAck { pkid: 88 }
2020-08-16T06:33:49.580744289Z  [2020-08-16T06:33:49Z INFO  dt_client_bytes] NotificationCounter {
2020-08-16T06:33:49.580760573Z          Pub: 100,
2020-08-16T06:33:49.580773221Z          PubAck: 88,
2020-08-16T06:33:49.580785390Z          PubRec: 0,
2020-08-16T06:33:49.580827079Z          PubRel: 0,
2020-08-16T06:33:49.580841273Z          PubComp: 0,
2020-08-16T06:33:49.580853612Z      }
2020-08-16T06:33:49.581913265Z  [2020-08-16T06:33:49Z INFO  dt_client_bytes] PubAck { pkid: 89 }
2020-08-16T06:33:49.581986986Z  [2020-08-16T06:33:49Z INFO  dt_client_bytes] NotificationCounter {
2020-08-16T06:33:49.582006121Z          Pub: 100,
2020-08-16T06:33:49.582019063Z          PubAck: 89,
2020-08-16T06:33:49.582080865Z          PubRec: 0,
2020-08-16T06:33:49.582096230Z          PubRel: 0,
2020-08-16T06:33:49.582108777Z          PubComp: 0,
2020-08-16T06:33:49.582120591Z      }
2020-08-16T06:33:49.583086112Z  [2020-08-16T06:33:49Z INFO  dt_client_bytes] PubAck { pkid: 90 }
2020-08-16T06:33:49.583139222Z  [2020-08-16T06:33:49Z INFO  dt_client_bytes] NotificationCounter {
2020-08-16T06:33:49.583153947Z          Pub: 100,
2020-08-16T06:33:49.583166460Z          PubAck: 90,
2020-08-16T06:33:49.583178823Z          PubRec: 0,
2020-08-16T06:33:49.583219211Z          PubRel: 0,
2020-08-16T06:33:49.583233300Z          PubComp: 0,
2020-08-16T06:33:49.583245664Z      }
2020-08-16T06:33:49.584338920Z  [2020-08-16T06:33:49Z INFO  dt_client_bytes] PubAck { pkid: 91 }
2020-08-16T06:33:49.584403537Z  [2020-08-16T06:33:49Z INFO  dt_client_bytes] NotificationCounter {
2020-08-16T06:33:49.584419610Z          Pub: 100,
2020-08-16T06:33:49.584431848Z          PubAck: 91,
2020-08-16T06:33:49.584443736Z          PubRec: 0,
2020-08-16T06:33:49.584482916Z          PubRel: 0,
2020-08-16T06:33:49.584499305Z          PubComp: 0,
2020-08-16T06:33:49.584512009Z      }
2020-08-16T06:33:49.585581789Z  [2020-08-16T06:33:49Z INFO  dt_client_bytes] PubAck { pkid: 92 }
2020-08-16T06:33:49.585641932Z  [2020-08-16T06:33:49Z INFO  dt_client_bytes] NotificationCounter {
2020-08-16T06:33:49.585659509Z          Pub: 100,
2020-08-16T06:33:49.585672067Z          PubAck: 92,
2020-08-16T06:33:49.585684288Z          PubRec: 0,
2020-08-16T06:33:49.585697145Z          PubRel: 0,
2020-08-16T06:33:49.585741746Z          PubComp: 0,
2020-08-16T06:33:49.585754752Z      }
2020-08-16T06:33:49.654012589Z  [2020-08-16T06:33:49Z INFO  dt_client_bytes] PubAck { pkid: 93 }
2020-08-16T06:33:49.654078250Z  [2020-08-16T06:33:49Z INFO  dt_client_bytes] NotificationCounter {
2020-08-16T06:33:49.654095000Z          Pub: 100,
2020-08-16T06:33:49.654107974Z          PubAck: 93,
2020-08-16T06:33:49.654149910Z          PubRec: 0,
2020-08-16T06:33:49.654167060Z          PubRel: 0,
2020-08-16T06:33:49.654180109Z          PubComp: 0,
2020-08-16T06:33:49.654192887Z      }
2020-08-16T06:33:49.655244251Z  [2020-08-16T06:33:49Z INFO  dt_client_bytes] PubAck { pkid: 94 }
2020-08-16T06:33:49.655311225Z  [2020-08-16T06:33:49Z INFO  dt_client_bytes] NotificationCounter {
2020-08-16T06:33:49.655329735Z          Pub: 100,
2020-08-16T06:33:49.655343647Z          PubAck: 94,
2020-08-16T06:33:49.655356911Z          PubRec: 0,
2020-08-16T06:33:49.655423232Z          PubRel: 0,
2020-08-16T06:33:49.655479039Z          PubComp: 0,
2020-08-16T06:33:49.655497977Z      }
2020-08-16T06:33:49.656505076Z  [2020-08-16T06:33:49Z INFO  dt_client_bytes] PubAck { pkid: 95 }
2020-08-16T06:33:49.656564855Z  [2020-08-16T06:33:49Z INFO  dt_client_bytes] NotificationCounter {
2020-08-16T06:33:49.656583307Z          Pub: 100,
2020-08-16T06:33:49.656595751Z          PubAck: 95,
2020-08-16T06:33:49.656620019Z          PubRec: 0,
2020-08-16T06:33:49.656633808Z          PubRel: 0,
2020-08-16T06:33:49.656683380Z          PubComp: 0,
2020-08-16T06:33:49.656698137Z      }
2020-08-16T06:33:49.657788091Z  [2020-08-16T06:33:49Z INFO  dt_client_bytes] PubAck { pkid: 96 }
2020-08-16T06:33:49.657866542Z  [2020-08-16T06:33:49Z INFO  dt_client_bytes] NotificationCounter {
2020-08-16T06:33:49.657887154Z          Pub: 100,
2020-08-16T06:33:49.657901585Z          PubAck: 96,
2020-08-16T06:33:49.657915402Z          PubRec: 0,
2020-08-16T06:33:49.657962504Z          PubRel: 0,
2020-08-16T06:33:49.657977918Z          PubComp: 0,
2020-08-16T06:33:49.657991456Z      }
2020-08-16T06:33:49.659046306Z  [2020-08-16T06:33:49Z INFO  dt_client_bytes] PubAck { pkid: 97 }
2020-08-16T06:33:49.659113048Z  [2020-08-16T06:33:49Z INFO  dt_client_bytes] NotificationCounter {
2020-08-16T06:33:49.659132086Z          Pub: 100,
2020-08-16T06:33:49.659146507Z          PubAck: 97,
2020-08-16T06:33:49.659273130Z          PubRec: 0,
2020-08-16T06:33:49.659299168Z          PubRel: 0,
2020-08-16T06:33:49.659312282Z          PubComp: 0,
2020-08-16T06:33:49.659324631Z      }
2020-08-16T06:33:49.660281589Z  [2020-08-16T06:33:49Z INFO  dt_client_bytes] PubAck { pkid: 98 }
2020-08-16T06:33:49.660346327Z  [2020-08-16T06:33:49Z INFO  dt_client_bytes] NotificationCounter {
2020-08-16T06:33:49.660365879Z          Pub: 100,
2020-08-16T06:33:49.660380399Z          PubAck: 98,
2020-08-16T06:33:49.660394223Z          PubRec: 0,
2020-08-16T06:33:49.660436034Z          PubRel: 0,
2020-08-16T06:33:49.660453549Z          PubComp: 0,
2020-08-16T06:33:49.660467646Z      }
2020-08-16T06:33:49.786715436Z  [2020-08-16T06:33:49Z INFO  dt_client_bytes] PubAck { pkid: 99 }
2020-08-16T06:33:49.786794598Z  [2020-08-16T06:33:49Z INFO  dt_client_bytes] NotificationCounter {
2020-08-16T06:33:49.786810101Z          Pub: 100,
2020-08-16T06:33:49.786852914Z          PubAck: 99,
2020-08-16T06:33:49.786865904Z          PubRec: 0,
2020-08-16T06:33:49.786876214Z          PubRel: 0,
2020-08-16T06:33:49.786886345Z          PubComp: 0,
2020-08-16T06:33:49.786943980Z      }
2020-08-16T06:33:49.787864440Z  [2020-08-16T06:33:49Z INFO  dt_client_bytes] PubAck { pkid: 100 }
2020-08-16T06:33:49.787914644Z  [2020-08-16T06:33:49Z INFO  dt_client_bytes] NotificationCounter {
2020-08-16T06:33:49.787928239Z          Pub: 100,
2020-08-16T06:33:49.787938827Z          PubAck: 100,
2020-08-16T06:33:49.787949570Z          PubRec: 0,
2020-08-16T06:33:49.787960087Z          PubRel: 0,
2020-08-16T06:33:49.787995301Z          PubComp: 0,
2020-08-16T06:33:49.788006875Z      }
2020-08-16T06:34:18.411337690Z  [2020-08-16T06:34:18Z INFO  dt_client_bytes] NotificationCounter {
2020-08-16T06:34:18.411425233Z          Pub: 100,
2020-08-16T06:34:18.411516939Z          PubAck: 100,
2020-08-16T06:34:18.411538866Z          PubRec: 0,
2020-08-16T06:34:18.411556396Z          PubRel: 0,
2020-08-16T06:34:18.411612952Z          PubComp: 0,
2020-08-16T06:34:18.411632196Z      }
2020-08-16T06:34:18.488497894Z  [2020-08-16T06:34:18Z INFO  dt_client_bytes] NotificationCounter {
2020-08-16T06:34:18.488585189Z          Pub: 100,
2020-08-16T06:34:18.488644729Z          PubAck: 100,
2020-08-16T06:34:18.488667209Z          PubRec: 0,
2020-08-16T06:34:18.488684753Z          PubRel: 0,
2020-08-16T06:34:18.488739026Z          PubComp: 0,
2020-08-16T06:34:18.488762225Z      }
2020-08-16T06:34:48.412382150Z  [2020-08-16T06:34:48Z INFO  dt_client_bytes] NotificationCounter {
2020-08-16T06:34:48.412490646Z          Pub: 100,
2020-08-16T06:34:48.412514913Z          PubAck: 100,
2020-08-16T06:34:48.412533656Z          PubRec: 0,
2020-08-16T06:34:48.412592792Z          PubRel: 0,
2020-08-16T06:34:48.412613006Z          PubComp: 0,
2020-08-16T06:34:48.412630846Z      }
2020-08-16T06:34:48.492719895Z  [2020-08-16T06:34:48Z INFO  dt_client_bytes] NotificationCounter {
2020-08-16T06:34:48.492807951Z          Pub: 100,
2020-08-16T06:34:48.492869113Z          PubAck: 100,
2020-08-16T06:34:48.492891783Z          PubRec: 0,
2020-08-16T06:34:48.492910253Z          PubRel: 0,
2020-08-16T06:34:48.492965844Z          PubComp: 0,
2020-08-16T06:34:48.492989253Z      }
2020-08-16T06:35:18.413566909Z  [2020-08-16T06:35:18Z INFO  dt_client_bytes] NotificationCounter {
2020-08-16T06:35:18.413666036Z          Pub: 100,
2020-08-16T06:35:18.413773309Z          PubAck: 100,
2020-08-16T06:35:18.413793496Z          PubRec: 0,
2020-08-16T06:35:18.413859408Z          PubRel: 0,
2020-08-16T06:35:18.413879562Z          PubComp: 0,
2020-08-16T06:35:18.413971386Z      }
2020-08-16T06:35:18.456894443Z  [2020-08-16T06:35:18Z INFO  dt_client_bytes] NotificationCounter {
2020-08-16T06:35:18.456981710Z          Pub: 100,
2020-08-16T06:35:18.457042033Z          PubAck: 100,
2020-08-16T06:35:18.457064686Z          PubRec: 0,
2020-08-16T06:35:18.457082306Z          PubRel: 0,
2020-08-16T06:35:18.457136993Z          PubComp: 0,
2020-08-16T06:35:18.457160693Z      }
2020-08-16T06:35:48.414468043Z  [2020-08-16T06:35:48Z INFO  dt_client_bytes] NotificationCounter {
2020-08-16T06:35:48.414559095Z          Pub: 100,
2020-08-16T06:35:48.414581015Z          PubAck: 100,
2020-08-16T06:35:48.414637632Z          PubRec: 0,
2020-08-16T06:35:48.414660749Z          PubRel: 0,
2020-08-16T06:35:48.414678571Z          PubComp: 0,
2020-08-16T06:35:48.414731978Z      }
2020-08-16T06:35:48.472833086Z  [2020-08-16T06:35:48Z INFO  dt_client_bytes] NotificationCounter {
2020-08-16T06:35:48.472920615Z          Pub: 100,
2020-08-16T06:35:48.472942782Z          PubAck: 100,
2020-08-16T06:35:48.472960149Z          PubRec: 0,
2020-08-16T06:35:48.473018312Z          PubRel: 0,
2020-08-16T06:35:48.473037479Z          PubComp: 0,
2020-08-16T06:35:48.473054712Z      }
