2020-08-16T06:33:47.123455836Z  [2020-08-16T06:33:47Z INFO  dt_client_bytes] Starting client. Host at mqtt-broker:1883
2020-08-16T06:33:47.123580833Z  [2020-08-16T06:33:47Z INFO  dt_client_bytes] Thread of topic 38162cb0-e585-43d7-b55d-5c240b2bfb7c/3142192f-6bae-4f12-a6f3-5464dc37e790/d0a71d84-b80f-4558-beac-8887750652e3
2020-08-16T06:33:47.123594425Z  [2020-08-16T06:33:47Z INFO  dt_client_bytes] 0::38162cb0-e585-43d7-b55d-5c240b2bfb7c/3142192f-6bae-4f12-a6f3-5464dc37e790/d0a71d84-b80f-4558-beac-8887750652e3 "0 THtn9BTVDEhPTMYjl9idgWphQT7qXzpMKj87PYZm1PHQU2x6vO3ptxzR1SprMI"
2020-08-16T06:33:47.132723246Z  [2020-08-16T06:33:47Z INFO  dt_client_bytes] 1::38162cb0-e585-43d7-b55d-5c240b2bfb7c/3142192f-6bae-4f12-a6f3-5464dc37e790/d0a71d84-b80f-4558-beac-8887750652e3 "1 Q9MqeylxF8sM5IPtc7syvTb6BwLDfTlYlQun3wMkdmsuBuvcyMBY6B2neyrMOB"
2020-08-16T06:33:47.144788911Z  [2020-08-16T06:33:47Z INFO  dt_client_bytes] 2::38162cb0-e585-43d7-b55d-5c240b2bfb7c/3142192f-6bae-4f12-a6f3-5464dc37e790/d0a71d84-b80f-4558-beac-8887750652e3 "2 zgXcP4nq09UkeQ9rI9Bu9ZE2kUHwknF3uXpl4Cl31Apu2iyHCpFk4oRQpOQhNa"
2020-08-16T06:33:47.155848971Z  [2020-08-16T06:33:47Z INFO  dt_client_bytes] 3::38162cb0-e585-43d7-b55d-5c240b2bfb7c/3142192f-6bae-4f12-a6f3-5464dc37e790/d0a71d84-b80f-4558-beac-8887750652e3 "3 9TKCL8xeQ8frsBFWz5WiMg388sSpp6lhY7cXrd1RXqv1p94RjWCMmEXhZq3Q71"
2020-08-16T06:33:47.167118989Z  [2020-08-16T06:33:47Z INFO  dt_client_bytes] 4::38162cb0-e585-43d7-b55d-5c240b2bfb7c/3142192f-6bae-4f12-a6f3-5464dc37e790/d0a71d84-b80f-4558-beac-8887750652e3 "4 s0MuwxUBapeI6sodc0IY8DGCsrG08jk8s79Qqps7zugqcdRlxsYjPeJzsafckV"
2020-08-16T06:33:47.178313687Z  [2020-08-16T06:33:47Z INFO  dt_client_bytes] 5::38162cb0-e585-43d7-b55d-5c240b2bfb7c/3142192f-6bae-4f12-a6f3-5464dc37e790/d0a71d84-b80f-4558-beac-8887750652e3 "5 dHndbGxbVRyCxF2spUoTvtf3RiiXdrM3xDU8Yah3lwxK7l5DNPV1zmq7HH6XNH"
2020-08-16T06:33:47.189281261Z  [2020-08-16T06:33:47Z INFO  dt_client_bytes] 6::38162cb0-e585-43d7-b55d-5c240b2bfb7c/3142192f-6bae-4f12-a6f3-5464dc37e790/d0a71d84-b80f-4558-beac-8887750652e3 "6 PDSHrwUKS2iYKkqlRbchMZ8NJCBgYzyn58WW89C0d1Lm8Rrj1yw45RHjbyxP6D"
2020-08-16T06:33:47.200413097Z  [2020-08-16T06:33:47Z INFO  dt_client_bytes] 7::38162cb0-e585-43d7-b55d-5c240b2bfb7c/3142192f-6bae-4f12-a6f3-5464dc37e790/d0a71d84-b80f-4558-beac-8887750652e3 "7 3KMj7IlETUqqiuKjGJ1Sgm2mYIRrHZmZU6qidjjwtUIq5zavAhXGtsXNr3QWWQ"
2020-08-16T06:33:47.211568825Z  [2020-08-16T06:33:47Z INFO  dt_client_bytes] 8::38162cb0-e585-43d7-b55d-5c240b2bfb7c/3142192f-6bae-4f12-a6f3-5464dc37e790/d0a71d84-b80f-4558-beac-8887750652e3 "8 fTU4XgVl6VF7lQQFrHmXsB2YxMKLrJEyTql3E7Se79ZvHGuWbc4jyrv8y3Umfg"
2020-08-16T06:33:47.222741970Z  [2020-08-16T06:33:47Z INFO  dt_client_bytes] 9::38162cb0-e585-43d7-b55d-5c240b2bfb7c/3142192f-6bae-4f12-a6f3-5464dc37e790/d0a71d84-b80f-4558-beac-8887750652e3 "9 P8zh5Bz3DKccY8LKx4uEtSWLXFt4T35xNuDJKJtxiXqrNwus7bSygl7BGvy1B8"
2020-08-16T06:33:47.234182528Z  [2020-08-16T06:33:47Z INFO  dt_client_bytes] 10::38162cb0-e585-43d7-b55d-5c240b2bfb7c/3142192f-6bae-4f12-a6f3-5464dc37e790/d0a71d84-b80f-4558-beac-8887750652e3 "10 QppibXzjhNnDt8CuEQ9MOm4mCg86tyXKM0uMwdAbDbplwJLCFFFxlwHKGu97a"
2020-08-16T06:33:47.246779465Z  [2020-08-16T06:33:47Z INFO  dt_client_bytes] 11::38162cb0-e585-43d7-b55d-5c240b2bfb7c/3142192f-6bae-4f12-a6f3-5464dc37e790/d0a71d84-b80f-4558-beac-8887750652e3 "11 ZE229Lci7kLp5i4VnAiZgKJbGEDOi41PuxfJua2EjwRCLwSAOIgNPrr2oR7wR"
2020-08-16T06:33:47.248437765Z  [2020-08-16T06:33:47Z INFO  dt_client_bytes] Publish 1
2020-08-16T06:33:47.248479510Z  [2020-08-16T06:33:47Z INFO  dt_client_bytes] Publish 2
2020-08-16T06:33:47.251252060Z  [2020-08-16T06:33:47Z INFO  dt_client_bytes] Publish 3
2020-08-16T06:33:47.251271329Z  [2020-08-16T06:33:47Z INFO  dt_client_bytes] Publish 4
2020-08-16T06:33:47.253581195Z  [2020-08-16T06:33:47Z INFO  dt_client_bytes] Publish 5
2020-08-16T06:33:47.253602142Z  [2020-08-16T06:33:47Z INFO  dt_client_bytes] Publish 6
2020-08-16T06:33:47.262782103Z  [2020-08-16T06:33:47Z INFO  dt_client_bytes] Publish 7
2020-08-16T06:33:47.262807630Z  [2020-08-16T06:33:47Z INFO  dt_client_bytes] Publish 8
2020-08-16T06:33:47.262833040Z  [2020-08-16T06:33:47Z INFO  dt_client_bytes] Publish 9
2020-08-16T06:33:47.262842480Z  [2020-08-16T06:33:47Z INFO  dt_client_bytes] 12::38162cb0-e585-43d7-b55d-5c240b2bfb7c/3142192f-6bae-4f12-a6f3-5464dc37e790/d0a71d84-b80f-4558-beac-8887750652e3 "12 EoDYqwCkbW9KMNL2qVCrLqmiKLQhjhWn2gqRIyBOJ4zUai72wZWJHiB5N3LrY"
2020-08-16T06:33:47.262852298Z  [2020-08-16T06:33:47Z INFO  dt_client_bytes] Publish 10
2020-08-16T06:33:47.262861130Z  [2020-08-16T06:33:47Z INFO  dt_client_bytes] Publish 11
2020-08-16T06:33:47.263249656Z  [2020-08-16T06:33:47Z INFO  dt_client_bytes] Publish 12
2020-08-16T06:33:47.264426093Z  [2020-08-16T06:33:47Z INFO  dt_client_bytes] Publish 13
2020-08-16T06:33:47.271095553Z  [2020-08-16T06:33:47Z INFO  dt_client_bytes] 13::38162cb0-e585-43d7-b55d-5c240b2bfb7c/3142192f-6bae-4f12-a6f3-5464dc37e790/d0a71d84-b80f-4558-beac-8887750652e3 "13 6nkKDKyFRxr6TAh2lGnj5tybnZ7m9dbIsbiCdD435M4AbSVVNZBPMM0ctu3Wr"
2020-08-16T06:33:47.271153235Z  [2020-08-16T06:33:47Z INFO  dt_client_bytes] Publish 14
2020-08-16T06:33:47.282555508Z  [2020-08-16T06:33:47Z INFO  dt_client_bytes] 14::38162cb0-e585-43d7-b55d-5c240b2bfb7c/3142192f-6bae-4f12-a6f3-5464dc37e790/d0a71d84-b80f-4558-beac-8887750652e3 "14 v4JAdmXb9ExGWDy6is3RCfucf5U3cb3x1y9cKERg2dH7RKZmhNVbQEBvo37se"
2020-08-16T06:33:47.282618337Z  [2020-08-16T06:33:47Z INFO  dt_client_bytes] Publish 15
2020-08-16T06:33:47.294044097Z  [2020-08-16T06:33:47Z INFO  dt_client_bytes] 15::38162cb0-e585-43d7-b55d-5c240b2bfb7c/3142192f-6bae-4f12-a6f3-5464dc37e790/d0a71d84-b80f-4558-beac-8887750652e3 "15 mcALyzgvfY5JIqGm4JEqH3Hrj7Qp4rewzL04fsmBp77LRClLg5U7DlxH15Y1h"
2020-08-16T06:33:47.294084527Z  [2020-08-16T06:33:47Z INFO  dt_client_bytes] Publish 16
2020-08-16T06:33:47.305497843Z  [2020-08-16T06:33:47Z INFO  dt_client_bytes] 16::38162cb0-e585-43d7-b55d-5c240b2bfb7c/3142192f-6bae-4f12-a6f3-5464dc37e790/d0a71d84-b80f-4558-beac-8887750652e3 "16 SDhTUGHrsJw3a0rqSeIDICtO1HiweBjGyURJp5YIVMLqRfXG2mYs4SRtAh3AD"
2020-08-16T06:33:47.305527913Z  [2020-08-16T06:33:47Z INFO  dt_client_bytes] Publish 17
2020-08-16T06:33:47.317799729Z  [2020-08-16T06:33:47Z INFO  dt_client_bytes] 17::38162cb0-e585-43d7-b55d-5c240b2bfb7c/3142192f-6bae-4f12-a6f3-5464dc37e790/d0a71d84-b80f-4558-beac-8887750652e3 "17 3XFK76wcJYBSGJALt9hXnIlXFBPIahPdfWC1RVO5RO0sITFBQffIcYEQ1QmId"
2020-08-16T06:33:47.317828739Z  [2020-08-16T06:33:47Z INFO  dt_client_bytes] Publish 18
2020-08-16T06:33:47.327383099Z  [2020-08-16T06:33:47Z INFO  dt_client_bytes] 18::38162cb0-e585-43d7-b55d-5c240b2bfb7c/3142192f-6bae-4f12-a6f3-5464dc37e790/d0a71d84-b80f-4558-beac-8887750652e3 "18 44nu7E27RiMLmW08OQAZf5jGqyEj6rqqNQkFUwEOvYvT6EvBF8jlR1HGCJqRK"
2020-08-16T06:33:47.327496783Z  [2020-08-16T06:33:47Z INFO  dt_client_bytes] Publish 19
2020-08-16T06:33:47.336523210Z  [2020-08-16T06:33:47Z INFO  dt_client_bytes] PubAck { pkid: 1 }
2020-08-16T06:33:47.337830327Z  [2020-08-16T06:33:47Z INFO  dt_client_bytes] 19::38162cb0-e585-43d7-b55d-5c240b2bfb7c/3142192f-6bae-4f12-a6f3-5464dc37e790/d0a71d84-b80f-4558-beac-8887750652e3 "19 GZdRyUFHclAXQNaCmsDWsEAJJqoH9RKG6dI9WHsZYci5tDO66Wa4zBj388WAR"
2020-08-16T06:33:47.337848987Z  [2020-08-16T06:33:47Z INFO  dt_client_bytes] Publish 20
2020-08-16T06:33:47.351536277Z  [2020-08-16T06:33:47Z INFO  dt_client_bytes] 20::38162cb0-e585-43d7-b55d-5c240b2bfb7c/3142192f-6bae-4f12-a6f3-5464dc37e790/d0a71d84-b80f-4558-beac-8887750652e3 "20 TFKRnlneOnMjQpZ7RgZZOocCvMNSRWqsbVNVjxQBe7qrj3Tf7L42EM1r5bRFX"
2020-08-16T06:33:47.351560659Z  [2020-08-16T06:33:47Z INFO  dt_client_bytes] Publish 21
2020-08-16T06:33:47.363531282Z  [2020-08-16T06:33:47Z INFO  dt_client_bytes] 21::38162cb0-e585-43d7-b55d-5c240b2bfb7c/3142192f-6bae-4f12-a6f3-5464dc37e790/d0a71d84-b80f-4558-beac-8887750652e3 "21 qZHW4DcuXutoGe2Bl1A7rYyy8fLVXiY8rvpbQDyFcxwYIxGCpAeIS1Iizpt92"
2020-08-16T06:33:47.363560367Z  [2020-08-16T06:33:47Z INFO  dt_client_bytes] Publish 22
2020-08-16T06:33:47.375509927Z  [2020-08-16T06:33:47Z INFO  dt_client_bytes] 22::38162cb0-e585-43d7-b55d-5c240b2bfb7c/3142192f-6bae-4f12-a6f3-5464dc37e790/d0a71d84-b80f-4558-beac-8887750652e3 "22 WWW4WP1LmrOmKsm1guJsU7B8ZMCyeBukkvPjpydxPsb9gZb8gS7UocEH9zBOa"
2020-08-16T06:33:47.375532358Z  [2020-08-16T06:33:47Z INFO  dt_client_bytes] Publish 23
2020-08-16T06:33:47.383990671Z  [2020-08-16T06:33:47Z INFO  dt_client_bytes] 23::38162cb0-e585-43d7-b55d-5c240b2bfb7c/3142192f-6bae-4f12-a6f3-5464dc37e790/d0a71d84-b80f-4558-beac-8887750652e3 "23 OOFUWeKTOfJ4mAhlBXgoNIP8RnZHfWY685rLlYdz5V3E4JnnNkOAIpKzdevS1"
2020-08-16T06:33:47.384024792Z  [2020-08-16T06:33:47Z INFO  dt_client_bytes] Publish 24
2020-08-16T06:33:47.387233558Z  [2020-08-16T06:33:47Z INFO  dt_client_bytes] PubAck { pkid: 2 }
2020-08-16T06:33:47.387252213Z  [2020-08-16T06:33:47Z INFO  dt_client_bytes] PubAck { pkid: 3 }
2020-08-16T06:33:47.389538675Z  [2020-08-16T06:33:47Z INFO  dt_client_bytes] PubAck { pkid: 4 }
2020-08-16T06:33:47.389558526Z  [2020-08-16T06:33:47Z INFO  dt_client_bytes] PubAck { pkid: 5 }
2020-08-16T06:33:47.391494140Z  [2020-08-16T06:33:47Z INFO  dt_client_bytes] PubAck { pkid: 6 }
2020-08-16T06:33:47.391513265Z  [2020-08-16T06:33:47Z INFO  dt_client_bytes] PubAck { pkid: 7 }
2020-08-16T06:33:47.397175405Z  [2020-08-16T06:33:47Z INFO  dt_client_bytes] PubAck { pkid: 8 }
2020-08-16T06:33:47.405742637Z  [2020-08-16T06:33:47Z INFO  dt_client_bytes] 24::38162cb0-e585-43d7-b55d-5c240b2bfb7c/3142192f-6bae-4f12-a6f3-5464dc37e790/d0a71d84-b80f-4558-beac-8887750652e3 "24 TIYiumGBHWAKKewReKPdRgKlv2vNuNCjIjwsxSV3wI6pdkzWvRWcQLziYiPc4"
2020-08-16T06:33:47.405767739Z  [2020-08-16T06:33:47Z INFO  dt_client_bytes] Publish 25
2020-08-16T06:33:47.423642588Z  [2020-08-16T06:33:47Z INFO  dt_client_bytes] 25::38162cb0-e585-43d7-b55d-5c240b2bfb7c/3142192f-6bae-4f12-a6f3-5464dc37e790/d0a71d84-b80f-4558-beac-8887750652e3 "25 ePepiWWBc3JqN5r3LjHMD5FoERBydpGJOq08NCxeKAqdAyeejdIyGeWtCKPSj"
2020-08-16T06:33:47.423686957Z  [2020-08-16T06:33:47Z INFO  dt_client_bytes] Publish 26
2020-08-16T06:33:47.431667113Z  [2020-08-16T06:33:47Z INFO  dt_client_bytes] 26::38162cb0-e585-43d7-b55d-5c240b2bfb7c/3142192f-6bae-4f12-a6f3-5464dc37e790/d0a71d84-b80f-4558-beac-8887750652e3 "26 mQdvBafL3DbKU5D7IkLPxGvHEjeOwjDhn4b4n6ux94vwrdn9XXPqWCHsU1Fhv"
2020-08-16T06:33:47.431689993Z  [2020-08-16T06:33:47Z INFO  dt_client_bytes] Publish 27
2020-08-16T06:33:47.444921813Z  [2020-08-16T06:33:47Z INFO  dt_client_bytes] 27::38162cb0-e585-43d7-b55d-5c240b2bfb7c/3142192f-6bae-4f12-a6f3-5464dc37e790/d0a71d84-b80f-4558-beac-8887750652e3 "27 MLHgwXZCIVSlJcrO9LqlLB3mw491oNuXYMoUF3DcgPu6jQHEIGfbG7sMrEh9m"
2020-08-16T06:33:47.444945858Z  [2020-08-16T06:33:47Z INFO  dt_client_bytes] Publish 28
2020-08-16T06:33:47.444956060Z  [2020-08-16T06:33:47Z INFO  dt_client_bytes] PubAck { pkid: 9 }
2020-08-16T06:33:47.444965010Z  [2020-08-16T06:33:47Z INFO  dt_client_bytes] PubAck { pkid: 10 }
2020-08-16T06:33:47.444973828Z  [2020-08-16T06:33:47Z INFO  dt_client_bytes] PubAck { pkid: 11 }
2020-08-16T06:33:47.444982480Z  [2020-08-16T06:33:47Z INFO  dt_client_bytes] PubAck { pkid: 12 }
2020-08-16T06:33:47.444991270Z  [2020-08-16T06:33:47Z INFO  dt_client_bytes] PubAck { pkid: 13 }
2020-08-16T06:33:47.444999982Z  [2020-08-16T06:33:47Z INFO  dt_client_bytes] PubAck { pkid: 14 }
2020-08-16T06:33:47.445008817Z  [2020-08-16T06:33:47Z INFO  dt_client_bytes] PubAck { pkid: 15 }
2020-08-16T06:33:47.445017630Z  [2020-08-16T06:33:47Z INFO  dt_client_bytes] PubAck { pkid: 16 }
2020-08-16T06:33:47.455372379Z  [2020-08-16T06:33:47Z INFO  dt_client_bytes] PubAck { pkid: 17 }
2020-08-16T06:33:47.455396329Z  [2020-08-16T06:33:47Z INFO  dt_client_bytes] PubAck { pkid: 18 }
2020-08-16T06:33:47.455407158Z  [2020-08-16T06:33:47Z INFO  dt_client_bytes] 28::38162cb0-e585-43d7-b55d-5c240b2bfb7c/3142192f-6bae-4f12-a6f3-5464dc37e790/d0a71d84-b80f-4558-beac-8887750652e3 "28 u7lmvc7BBgvLOZ8BDucn0C9GAjJ0JcDmuFcFTBDO7Qd1c1R5MCLxkXvunBWoh"
2020-08-16T06:33:47.455417136Z  [2020-08-16T06:33:47Z INFO  dt_client_bytes] PubAck { pkid: 19 }
2020-08-16T06:33:47.455425929Z  [2020-08-16T06:33:47Z INFO  dt_client_bytes] Publish 29
2020-08-16T06:33:47.463523744Z  [2020-08-16T06:33:47Z INFO  dt_client_bytes] 29::38162cb0-e585-43d7-b55d-5c240b2bfb7c/3142192f-6bae-4f12-a6f3-5464dc37e790/d0a71d84-b80f-4558-beac-8887750652e3 "29 63vCrbRp2kVr74xH93jgg0ZQ3U8EWi638JZrFveikJnDwlLvgb3kcuMYIZGQa"
2020-08-16T06:33:47.463545051Z  [2020-08-16T06:33:47Z INFO  dt_client_bytes] Publish 30
2020-08-16T06:33:47.475528618Z  [2020-08-16T06:33:47Z INFO  dt_client_bytes] 30::38162cb0-e585-43d7-b55d-5c240b2bfb7c/3142192f-6bae-4f12-a6f3-5464dc37e790/d0a71d84-b80f-4558-beac-8887750652e3 "30 mM6Q2u8hqeKwQN4HdRXu71ISxx6EEZVbvGO48Cnu7fzbshPSDWCGzJQVmRP1P"
2020-08-16T06:33:47.475553855Z  [2020-08-16T06:33:47Z INFO  dt_client_bytes] Publish 31
2020-08-16T06:33:47.503582755Z  [2020-08-16T06:33:47Z INFO  dt_client_bytes] 31::38162cb0-e585-43d7-b55d-5c240b2bfb7c/3142192f-6bae-4f12-a6f3-5464dc37e790/d0a71d84-b80f-4558-beac-8887750652e3 "31 YFVfetNA0IW9fImd80SqaMT4Wz5ZX9BNofuXGdWu136WFhMRuhRVFzrKgy9k2"
2020-08-16T06:33:47.503630740Z  [2020-08-16T06:33:47Z INFO  dt_client_bytes] Publish 32
2020-08-16T06:33:47.503641850Z  [2020-08-16T06:33:47Z INFO  dt_client_bytes] 32::38162cb0-e585-43d7-b55d-5c240b2bfb7c/3142192f-6bae-4f12-a6f3-5464dc37e790/d0a71d84-b80f-4558-beac-8887750652e3 "32 wFqJMSTbJTjL437rYfQUCcp5tWPdBU1jDd0mHm8Vl4SH3FgjE5iFbvLIo68aD"
2020-08-16T06:33:47.503651675Z  [2020-08-16T06:33:47Z INFO  dt_client_bytes] Publish 33
2020-08-16T06:33:47.513775587Z  [2020-08-16T06:33:47Z INFO  dt_client_bytes] PubAck { pkid: 20 }
2020-08-16T06:33:47.513812871Z  [2020-08-16T06:33:47Z INFO  dt_client_bytes] PubAck { pkid: 21 }
2020-08-16T06:33:47.513823113Z  [2020-08-16T06:33:47Z INFO  dt_client_bytes] 33::38162cb0-e585-43d7-b55d-5c240b2bfb7c/3142192f-6bae-4f12-a6f3-5464dc37e790/d0a71d84-b80f-4558-beac-8887750652e3 "33 VlLKE19jfa8nyHU4p0eacb4PiD7ZJY0KObwaUxBk9Vnx6FbyDCGlYf6nmDUaM"
2020-08-16T06:33:47.513833116Z  [2020-08-16T06:33:47Z INFO  dt_client_bytes] Publish 34
2020-08-16T06:33:47.518175522Z  [2020-08-16T06:33:47Z INFO  dt_client_bytes] PubAck { pkid: 22 }
2020-08-16T06:33:47.518199816Z  [2020-08-16T06:33:47Z INFO  dt_client_bytes] PubAck { pkid: 23 }
2020-08-16T06:33:47.518209686Z  [2020-08-16T06:33:47Z INFO  dt_client_bytes] PubAck { pkid: 24 }
2020-08-16T06:33:47.523058567Z  [2020-08-16T06:33:47Z INFO  dt_client_bytes] 34::38162cb0-e585-43d7-b55d-5c240b2bfb7c/3142192f-6bae-4f12-a6f3-5464dc37e790/d0a71d84-b80f-4558-beac-8887750652e3 "34 XREQN471cR1Jayy8uuCxF8KXTvAu1OLXnVsab9J6q0Wxe71UV5phTMk75YKZ5"
2020-08-16T06:33:47.523082051Z  [2020-08-16T06:33:47Z INFO  dt_client_bytes] Publish 35
2020-08-16T06:33:47.539534584Z  [2020-08-16T06:33:47Z INFO  dt_client_bytes] 35::38162cb0-e585-43d7-b55d-5c240b2bfb7c/3142192f-6bae-4f12-a6f3-5464dc37e790/d0a71d84-b80f-4558-beac-8887750652e3 "35 UEpO8SG6pwLnNFOoGKcAiwZkHGpc293nwVJWN6nWOXL4FSTpqmhtMX56EfLip"
2020-08-16T06:33:47.539574826Z  [2020-08-16T06:33:47Z INFO  dt_client_bytes] Publish 36
2020-08-16T06:33:47.548996919Z  [2020-08-16T06:33:47Z INFO  dt_client_bytes] 36::38162cb0-e585-43d7-b55d-5c240b2bfb7c/3142192f-6bae-4f12-a6f3-5464dc37e790/d0a71d84-b80f-4558-beac-8887750652e3 "36 0krd50VZhNCgZzFWx48avD66AQvNJKqSO3uGKOlYLmUzzzLyajYy9PFqzN78X"
2020-08-16T06:33:47.549025192Z  [2020-08-16T06:33:47Z INFO  dt_client_bytes] Publish 37
2020-08-16T06:33:47.593191031Z  [2020-08-16T06:33:47Z INFO  dt_client_bytes] 37::38162cb0-e585-43d7-b55d-5c240b2bfb7c/3142192f-6bae-4f12-a6f3-5464dc37e790/d0a71d84-b80f-4558-beac-8887750652e3 "37 B383WdfoiPaG7VPiKTtJfIEreQYuB7K3oaaGttXSXbcLjVBOLLI6Wn7stmDe8"
2020-08-16T06:33:47.593227077Z  [2020-08-16T06:33:47Z INFO  dt_client_bytes] Publish 38
2020-08-16T06:33:47.593238104Z  [2020-08-16T06:33:47Z INFO  dt_client_bytes] PubAck { pkid: 25 }
2020-08-16T06:33:47.593248065Z  [2020-08-16T06:33:47Z INFO  dt_client_bytes] PubAck { pkid: 26 }
2020-08-16T06:33:47.593257867Z  [2020-08-16T06:33:47Z INFO  dt_client_bytes] PubAck { pkid: 27 }
2020-08-16T06:33:47.593267449Z  [2020-08-16T06:33:47Z INFO  dt_client_bytes] PubAck { pkid: 28 }
2020-08-16T06:33:47.593277087Z  [2020-08-16T06:33:47Z INFO  dt_client_bytes] 38::38162cb0-e585-43d7-b55d-5c240b2bfb7c/3142192f-6bae-4f12-a6f3-5464dc37e790/d0a71d84-b80f-4558-beac-8887750652e3 "38 tizxhvu3kXKadtpFGxgk4G0CU5FkhC8EhblqTk3ssWnpgQ99KxvNFqFP0x1HW"
2020-08-16T06:33:47.593301146Z  [2020-08-16T06:33:47Z INFO  dt_client_bytes] Publish 39
2020-08-16T06:33:47.609582651Z  [2020-08-16T06:33:47Z INFO  dt_client_bytes] 39::38162cb0-e585-43d7-b55d-5c240b2bfb7c/3142192f-6bae-4f12-a6f3-5464dc37e790/d0a71d84-b80f-4558-beac-8887750652e3 "39 4JyGfV4ihND534XBrpKzS2A9amVo1YcnKhisNaHQEcSMxhDUHJVK05ukE5pwk"
2020-08-16T06:33:47.609617591Z  [2020-08-16T06:33:47Z INFO  dt_client_bytes] Publish 40
2020-08-16T06:33:47.609629911Z  [2020-08-16T06:33:47Z INFO  dt_client_bytes] 40::38162cb0-e585-43d7-b55d-5c240b2bfb7c/3142192f-6bae-4f12-a6f3-5464dc37e790/d0a71d84-b80f-4558-beac-8887750652e3 "40 rfCrhf1CZhGZS81JXIVKc3G5lxzTFG6phwX0bkQxwQueR97Qcjeeokk6OE7G3"
2020-08-16T06:33:47.609642110Z  [2020-08-16T06:33:47Z INFO  dt_client_bytes] Publish 41
2020-08-16T06:33:47.609653028Z  [2020-08-16T06:33:47Z INFO  dt_client_bytes] 41::38162cb0-e585-43d7-b55d-5c240b2bfb7c/3142192f-6bae-4f12-a6f3-5464dc37e790/d0a71d84-b80f-4558-beac-8887750652e3 "41 ULsPbapsaIWbLTPnhte3lLNXUYBHanC7I9wQhgi43wV8U0AmHISkrGzISAF4Y"
2020-08-16T06:33:47.609677464Z  [2020-08-16T06:33:47Z INFO  dt_client_bytes] Publish 42
2020-08-16T06:33:47.626170483Z  [2020-08-16T06:33:47Z INFO  dt_client_bytes] 42::38162cb0-e585-43d7-b55d-5c240b2bfb7c/3142192f-6bae-4f12-a6f3-5464dc37e790/d0a71d84-b80f-4558-beac-8887750652e3 "42 LJnK095Bvzd9jvq72PuUxfFLzU8aBF1he53dhU7ysxsUvklGc7IjgemC6ENzy"
2020-08-16T06:33:47.626200050Z  [2020-08-16T06:33:47Z INFO  dt_client_bytes] Publish 43
2020-08-16T06:33:47.631519581Z  [2020-08-16T06:33:47Z INFO  dt_client_bytes] PubAck { pkid: 29 }
2020-08-16T06:33:47.631541009Z  [2020-08-16T06:33:47Z INFO  dt_client_bytes] PubAck { pkid: 30 }
2020-08-16T06:33:47.631552099Z  [2020-08-16T06:33:47Z INFO  dt_client_bytes] PubAck { pkid: 31 }
2020-08-16T06:33:47.631562388Z  [2020-08-16T06:33:47Z INFO  dt_client_bytes] 43::38162cb0-e585-43d7-b55d-5c240b2bfb7c/3142192f-6bae-4f12-a6f3-5464dc37e790/d0a71d84-b80f-4558-beac-8887750652e3 "43 5b5N6QL7ABl78RT8qPw7DgCvY0SYLUqerIjISiZQEWKldwQonPH6BKeqPJIr1"
2020-08-16T06:33:47.631573458Z  [2020-08-16T06:33:47Z INFO  dt_client_bytes] PubAck { pkid: 32 }
2020-08-16T06:33:47.631583076Z  [2020-08-16T06:33:47Z INFO  dt_client_bytes] PubAck { pkid: 33 }
2020-08-16T06:33:47.631592865Z  [2020-08-16T06:33:47Z INFO  dt_client_bytes] Publish 44
2020-08-16T06:33:47.639526213Z  [2020-08-16T06:33:47Z INFO  dt_client_bytes] 44::38162cb0-e585-43d7-b55d-5c240b2bfb7c/3142192f-6bae-4f12-a6f3-5464dc37e790/d0a71d84-b80f-4558-beac-8887750652e3 "44 ds7cobVvgdrLU3zxqtjKkbWmCK1fCBtWiMGUv0y2y4knknEFMp8AmdAdS6Zr1"
2020-08-16T06:33:47.639551802Z  [2020-08-16T06:33:47Z INFO  dt_client_bytes] Publish 45
2020-08-16T06:33:47.655298968Z  [2020-08-16T06:33:47Z INFO  dt_client_bytes] 45::38162cb0-e585-43d7-b55d-5c240b2bfb7c/3142192f-6bae-4f12-a6f3-5464dc37e790/d0a71d84-b80f-4558-beac-8887750652e3 "45 wMOavUoD5BLK4EPpJYQOipaFwQMcJD9Z2xMzCB5ugzrniips6vWahvZ78tVyJ"
2020-08-16T06:33:47.655327110Z  [2020-08-16T06:33:47Z INFO  dt_client_bytes] Publish 46
2020-08-16T06:33:47.663498368Z  [2020-08-16T06:33:47Z INFO  dt_client_bytes] 46::38162cb0-e585-43d7-b55d-5c240b2bfb7c/3142192f-6bae-4f12-a6f3-5464dc37e790/d0a71d84-b80f-4558-beac-8887750652e3 "46 WkeAIaXnBNITL7lk6KPOPrf9RizfsCBTny16qv9a6gQ5Q1U024qZ9PgkzWJwH"
2020-08-16T06:33:47.663555796Z  [2020-08-16T06:33:47Z INFO  dt_client_bytes] Publish 47
2020-08-16T06:33:47.678151899Z  [2020-08-16T06:33:47Z INFO  dt_client_bytes] 47::38162cb0-e585-43d7-b55d-5c240b2bfb7c/3142192f-6bae-4f12-a6f3-5464dc37e790/d0a71d84-b80f-4558-beac-8887750652e3 "47 Xhc44m4yXkUEPtpPuSIa6X0gstiuMFeLVSDkHzruAQjBIOPk49sPV55Rbgk4S"
2020-08-16T06:33:47.678195038Z  [2020-08-16T06:33:47Z INFO  dt_client_bytes] Publish 48
2020-08-16T06:33:47.678207544Z  [2020-08-16T06:33:47Z INFO  dt_client_bytes] PubAck { pkid: 34 }
2020-08-16T06:33:47.678217965Z  [2020-08-16T06:33:47Z INFO  dt_client_bytes] PubAck { pkid: 35 }
2020-08-16T06:33:47.680088352Z  [2020-08-16T06:33:47Z INFO  dt_client_bytes] PubAck { pkid: 36 }
2020-08-16T06:33:47.680108789Z  [2020-08-16T06:33:47Z INFO  dt_client_bytes] PubAck { pkid: 37 }
2020-08-16T06:33:47.681995455Z  [2020-08-16T06:33:47Z INFO  dt_client_bytes] PubAck { pkid: 38 }
2020-08-16T06:33:47.682747473Z  [2020-08-16T06:33:47Z INFO  dt_client_bytes] 48::38162cb0-e585-43d7-b55d-5c240b2bfb7c/3142192f-6bae-4f12-a6f3-5464dc37e790/d0a71d84-b80f-4558-beac-8887750652e3 "48 jqOLVbGFXRNL0qvhuFxcnIng92ClUPY1gfdxLCpAZstC7xx3zybNcpt7FTjJb"
2020-08-16T06:33:47.682767448Z  [2020-08-16T06:33:47Z INFO  dt_client_bytes] Publish 49
2020-08-16T06:33:47.695154088Z  [2020-08-16T06:33:47Z INFO  dt_client_bytes] 49::38162cb0-e585-43d7-b55d-5c240b2bfb7c/3142192f-6bae-4f12-a6f3-5464dc37e790/d0a71d84-b80f-4558-beac-8887750652e3 "49 8fQ2rsbuswGiiA2f3HrjdeZ26waYf258bOSqHPMmwMNsz0zxgT3wGVulzE7Z0"
2020-08-16T06:33:47.695177476Z  [2020-08-16T06:33:47Z INFO  dt_client_bytes] Publish 50
2020-08-16T06:33:47.708854130Z  [2020-08-16T06:33:47Z INFO  dt_client_bytes] 50::38162cb0-e585-43d7-b55d-5c240b2bfb7c/3142192f-6bae-4f12-a6f3-5464dc37e790/d0a71d84-b80f-4558-beac-8887750652e3 "50 706VmRIc6N0x7JdQhLA6jhhDFgRrrsPred98u5aEmwgXiYHPr5NmBurRGIWmu"
2020-08-16T06:33:47.708883687Z  [2020-08-16T06:33:47Z INFO  dt_client_bytes] Publish 51
2020-08-16T06:33:47.716142667Z  [2020-08-16T06:33:47Z INFO  dt_client_bytes] PubAck { pkid: 39 }
2020-08-16T06:33:47.716164146Z  [2020-08-16T06:33:47Z INFO  dt_client_bytes] PubAck { pkid: 40 }
2020-08-16T06:33:47.717303935Z  [2020-08-16T06:33:47Z INFO  dt_client_bytes] PubAck { pkid: 41 }
2020-08-16T06:33:47.717324041Z  [2020-08-16T06:33:47Z INFO  dt_client_bytes] PubAck { pkid: 42 }
2020-08-16T06:33:47.719921363Z  [2020-08-16T06:33:47Z INFO  dt_client_bytes] PubAck { pkid: 43 }
2020-08-16T06:33:47.719942186Z  [2020-08-16T06:33:47Z INFO  dt_client_bytes] 51::38162cb0-e585-43d7-b55d-5c240b2bfb7c/3142192f-6bae-4f12-a6f3-5464dc37e790/d0a71d84-b80f-4558-beac-8887750652e3 "51 XTzuJxfvgNfkPaXgsrcofpHKmUDjdHTOxn0tIYFZdXkPELZxGjukwUCBWiDFx"
2020-08-16T06:33:47.719953996Z  [2020-08-16T06:33:47Z INFO  dt_client_bytes] Publish 52
2020-08-16T06:33:47.730814224Z  [2020-08-16T06:33:47Z INFO  dt_client_bytes] 52::38162cb0-e585-43d7-b55d-5c240b2bfb7c/3142192f-6bae-4f12-a6f3-5464dc37e790/d0a71d84-b80f-4558-beac-8887750652e3 "52 lXONXqUAcEz6JgdKXtLEkb6QrZesixw8NFU88iwLECNT1Idj7zpUJgTVBwx4t"
2020-08-16T06:33:47.730842304Z  [2020-08-16T06:33:47Z INFO  dt_client_bytes] Publish 53
2020-08-16T06:33:47.743492650Z  [2020-08-16T06:33:47Z INFO  dt_client_bytes] 53::38162cb0-e585-43d7-b55d-5c240b2bfb7c/3142192f-6bae-4f12-a6f3-5464dc37e790/d0a71d84-b80f-4558-beac-8887750652e3 "53 X9DnqlBJt6F5cHRiItDTPZZO0uOK3RUJY94lkXCRC5hTSg9Z8JJqnZa6P4e5w"
2020-08-16T06:33:47.743530693Z  [2020-08-16T06:33:47Z INFO  dt_client_bytes] Publish 54
2020-08-16T06:33:47.753222870Z  [2020-08-16T06:33:47Z INFO  dt_client_bytes] 54::38162cb0-e585-43d7-b55d-5c240b2bfb7c/3142192f-6bae-4f12-a6f3-5464dc37e790/d0a71d84-b80f-4558-beac-8887750652e3 "54 UvdcvBVlEwNDl7yiWj6IwDdAsjHO7kgKElIvJ2pRbyZwp4nmXYVTuDlSmRwAE"
2020-08-16T06:33:47.753259415Z  [2020-08-16T06:33:47Z INFO  dt_client_bytes] Publish 55
2020-08-16T06:33:47.765273134Z  [2020-08-16T06:33:47Z INFO  dt_client_bytes] 55::38162cb0-e585-43d7-b55d-5c240b2bfb7c/3142192f-6bae-4f12-a6f3-5464dc37e790/d0a71d84-b80f-4558-beac-8887750652e3 "55 RPJAGjPfd9kj114Q8gfPQDGspT1eq94QNo5WN6N29amydlTJt5OGq6ox4kFho"
2020-08-16T06:33:47.765309351Z  [2020-08-16T06:33:47Z INFO  dt_client_bytes] Publish 56
2020-08-16T06:33:47.786925729Z  [2020-08-16T06:33:47Z INFO  dt_client_bytes] 56::38162cb0-e585-43d7-b55d-5c240b2bfb7c/3142192f-6bae-4f12-a6f3-5464dc37e790/d0a71d84-b80f-4558-beac-8887750652e3 "56 m0E7sVwRWd23QTsV4C5Fk91GMoAxAvfkjzSIAgzChvMNQWOEDMgVQOgMACXSQ"
2020-08-16T06:33:47.786957986Z  [2020-08-16T06:33:47Z INFO  dt_client_bytes] Publish 57
2020-08-16T06:33:47.786969160Z  [2020-08-16T06:33:47Z INFO  dt_client_bytes] PubAck { pkid: 44 }
2020-08-16T06:33:47.786979070Z  [2020-08-16T06:33:47Z INFO  dt_client_bytes] PubAck { pkid: 45 }
2020-08-16T06:33:47.786988792Z  [2020-08-16T06:33:47Z INFO  dt_client_bytes] PubAck { pkid: 46 }
2020-08-16T06:33:47.786998525Z  [2020-08-16T06:33:47Z INFO  dt_client_bytes] PubAck { pkid: 47 }
2020-08-16T06:33:47.787008305Z  [2020-08-16T06:33:47Z INFO  dt_client_bytes] 57::38162cb0-e585-43d7-b55d-5c240b2bfb7c/3142192f-6bae-4f12-a6f3-5464dc37e790/d0a71d84-b80f-4558-beac-8887750652e3 "57 1yBm1zTuJI6wIEMWOczdxuZHKHNXBe9hXnKzq3TAmS8mQGQDttrulZqfCDZDH"
2020-08-16T06:33:47.787907500Z  [2020-08-16T06:33:47Z INFO  dt_client_bytes] PubAck { pkid: 48 }
2020-08-16T06:33:47.789058546Z  [2020-08-16T06:33:47Z INFO  dt_client_bytes] Publish 58
2020-08-16T06:33:47.798640751Z  [2020-08-16T06:33:47Z INFO  dt_client_bytes] 58::38162cb0-e585-43d7-b55d-5c240b2bfb7c/3142192f-6bae-4f12-a6f3-5464dc37e790/d0a71d84-b80f-4558-beac-8887750652e3 "58 x05JC8pFWZ4ihMCfHIDbHX6tx78V16tc7aQg28ZtRtD2XQpAVLH8sONaKl2NE"
2020-08-16T06:33:47.798701756Z  [2020-08-16T06:33:47Z INFO  dt_client_bytes] Publish 59
2020-08-16T06:33:47.810251873Z  [2020-08-16T06:33:47Z INFO  dt_client_bytes] 59::38162cb0-e585-43d7-b55d-5c240b2bfb7c/3142192f-6bae-4f12-a6f3-5464dc37e790/d0a71d84-b80f-4558-beac-8887750652e3 "59 UR1zAEkg4nlYoBj4Hu9ZZubZvDTImx4p8LXJXl2YGCJUUo8YJsVmlZwj0SD9X"
2020-08-16T06:33:47.810291373Z  [2020-08-16T06:33:47Z INFO  dt_client_bytes] Publish 60
2020-08-16T06:33:47.821727725Z  [2020-08-16T06:33:47Z INFO  dt_client_bytes] 60::38162cb0-e585-43d7-b55d-5c240b2bfb7c/3142192f-6bae-4f12-a6f3-5464dc37e790/d0a71d84-b80f-4558-beac-8887750652e3 "60 XxSd2dDMaPPlxi7RbDUOUeM9wqjfVP3wDJHJMzNdLFk4YkGGCFRB23eZdocrB"
2020-08-16T06:33:47.821769496Z  [2020-08-16T06:33:47Z INFO  dt_client_bytes] Publish 61
2020-08-16T06:33:47.833403246Z  [2020-08-16T06:33:47Z INFO  dt_client_bytes] 61::38162cb0-e585-43d7-b55d-5c240b2bfb7c/3142192f-6bae-4f12-a6f3-5464dc37e790/d0a71d84-b80f-4558-beac-8887750652e3 "61 vTX4OWEblQnJHIwYkuByXTBWuRg8llhHmspzsheqkZF5ovL26xB70ztUqWecP"
2020-08-16T06:33:47.833489283Z  [2020-08-16T06:33:47Z INFO  dt_client_bytes] Publish 62
2020-08-16T06:33:47.843932435Z  [2020-08-16T06:33:47Z INFO  dt_client_bytes] 62::38162cb0-e585-43d7-b55d-5c240b2bfb7c/3142192f-6bae-4f12-a6f3-5464dc37e790/d0a71d84-b80f-4558-beac-8887750652e3 "62 R6pVxbq0uEgSiyWbgaY16HoIPiqZHYVMsRZqGhBGfPAb14AKYYqgZKSTme16f"
2020-08-16T06:33:47.843971399Z  [2020-08-16T06:33:47Z INFO  dt_client_bytes] Publish 63
2020-08-16T06:33:47.848185676Z  [2020-08-16T06:33:47Z INFO  dt_client_bytes] PubAck { pkid: 49 }
2020-08-16T06:33:47.849281276Z  [2020-08-16T06:33:47Z INFO  dt_client_bytes] PubAck { pkid: 50 }
2020-08-16T06:33:47.850460068Z  [2020-08-16T06:33:47Z INFO  dt_client_bytes] PubAck { pkid: 51 }
2020-08-16T06:33:47.855082082Z  [2020-08-16T06:33:47Z INFO  dt_client_bytes] 63::38162cb0-e585-43d7-b55d-5c240b2bfb7c/3142192f-6bae-4f12-a6f3-5464dc37e790/d0a71d84-b80f-4558-beac-8887750652e3 "63 g18Jce1ykW2qBi2DKWwwLWh7bEpybjVkXghP2dpb5SeKZLQLsn9fcoHPpuCtF"
2020-08-16T06:33:47.855150580Z  [2020-08-16T06:33:47Z INFO  dt_client_bytes] Publish 64
2020-08-16T06:33:47.866578772Z  [2020-08-16T06:33:47Z INFO  dt_client_bytes] 64::38162cb0-e585-43d7-b55d-5c240b2bfb7c/3142192f-6bae-4f12-a6f3-5464dc37e790/d0a71d84-b80f-4558-beac-8887750652e3 "64 hzbrWOLuUFdicSsJgqjeSQahPmrsOoXbUvaZTXwxPsnTrzZwVvd9asd9oVxWf"
2020-08-16T06:33:47.866623782Z  [2020-08-16T06:33:47Z INFO  dt_client_bytes] Publish 65
2020-08-16T06:33:47.877996647Z  [2020-08-16T06:33:47Z INFO  dt_client_bytes] 65::38162cb0-e585-43d7-b55d-5c240b2bfb7c/3142192f-6bae-4f12-a6f3-5464dc37e790/d0a71d84-b80f-4558-beac-8887750652e3 "65 eN943sCGMnaOP8vqB2aushX0dDI5W3LeQfsNhxfpZebIQ7NzMQvlhbAy1NRbA"
2020-08-16T06:33:47.878060962Z  [2020-08-16T06:33:47Z INFO  dt_client_bytes] Publish 66
2020-08-16T06:33:47.889699466Z  [2020-08-16T06:33:47Z INFO  dt_client_bytes] 66::38162cb0-e585-43d7-b55d-5c240b2bfb7c/3142192f-6bae-4f12-a6f3-5464dc37e790/d0a71d84-b80f-4558-beac-8887750652e3 "66 fGY3qAGbixxbwKYDmlUK0dBJ9LnJHeRcDHqZ4WqDOkvV93dM2LqvRxylKKqOX"
2020-08-16T06:33:47.889735406Z  [2020-08-16T06:33:47Z INFO  dt_client_bytes] Publish 67
2020-08-16T06:33:47.899846551Z  [2020-08-16T06:33:47Z INFO  dt_client_bytes] 67::38162cb0-e585-43d7-b55d-5c240b2bfb7c/3142192f-6bae-4f12-a6f3-5464dc37e790/d0a71d84-b80f-4558-beac-8887750652e3 "67 wy0dEe5Clg8HYf4VJt19MiRyv3qzhNw7SfJujmiOwR9jMwQeduzYWSp7kDlMv"
2020-08-16T06:33:47.899909899Z  [2020-08-16T06:33:47Z INFO  dt_client_bytes] Publish 68
2020-08-16T06:33:47.907964941Z  [2020-08-16T06:33:47Z INFO  dt_client_bytes] PubAck { pkid: 52 }
2020-08-16T06:33:47.909088639Z  [2020-08-16T06:33:47Z INFO  dt_client_bytes] PubAck { pkid: 53 }
2020-08-16T06:33:47.910267824Z  [2020-08-16T06:33:47Z INFO  dt_client_bytes] PubAck { pkid: 54 }
2020-08-16T06:33:47.911490028Z  [2020-08-16T06:33:47Z INFO  dt_client_bytes] PubAck { pkid: 55 }
2020-08-16T06:33:47.911524305Z  [2020-08-16T06:33:47Z INFO  dt_client_bytes] 68::38162cb0-e585-43d7-b55d-5c240b2bfb7c/3142192f-6bae-4f12-a6f3-5464dc37e790/d0a71d84-b80f-4558-beac-8887750652e3 "68 9j7T7gtnuYYWYWBdnnt7gllhLitloOfIa5sIBatdMJ3by0vdWnFNiKgRAgfCu"
2020-08-16T06:33:47.912618193Z  [2020-08-16T06:33:47Z INFO  dt_client_bytes] PubAck { pkid: 56 }
2020-08-16T06:33:47.913769769Z  [2020-08-16T06:33:47Z INFO  dt_client_bytes] PubAck { pkid: 57 }
2020-08-16T06:33:47.914948959Z  [2020-08-16T06:33:47Z INFO  dt_client_bytes] Publish 69
2020-08-16T06:33:47.923534921Z  [2020-08-16T06:33:47Z INFO  dt_client_bytes] 69::38162cb0-e585-43d7-b55d-5c240b2bfb7c/3142192f-6bae-4f12-a6f3-5464dc37e790/d0a71d84-b80f-4558-beac-8887750652e3 "69 iyGdX356r9rua0TV3DqpI7ug8O6ucEgP66lkswWBBFP9FMf1lSnKz4GJwVyml"
2020-08-16T06:33:47.923593328Z  [2020-08-16T06:33:47Z INFO  dt_client_bytes] Publish 70
2020-08-16T06:33:47.934961031Z  [2020-08-16T06:33:47Z INFO  dt_client_bytes] 70::38162cb0-e585-43d7-b55d-5c240b2bfb7c/3142192f-6bae-4f12-a6f3-5464dc37e790/d0a71d84-b80f-4558-beac-8887750652e3 "70 Z6mWOoDx62zeimqEEO2mVjDiC8GEqdmhT4RzOFLyQndXw99Y2nZ1XvDVoE8zN"
2020-08-16T06:33:47.935028635Z  [2020-08-16T06:33:47Z INFO  dt_client_bytes] Publish 71
2020-08-16T06:33:47.946328631Z  [2020-08-16T06:33:47Z INFO  dt_client_bytes] 71::38162cb0-e585-43d7-b55d-5c240b2bfb7c/3142192f-6bae-4f12-a6f3-5464dc37e790/d0a71d84-b80f-4558-beac-8887750652e3 "71 gzN0gGzz0AynJhvufL4YeJlpWEwUAhmMDdityOi917jlYJpj77dMbxlDxLNc5"
2020-08-16T06:33:47.946389689Z  [2020-08-16T06:33:47Z INFO  dt_client_bytes] Publish 72
2020-08-16T06:33:47.956825105Z  [2020-08-16T06:33:47Z INFO  dt_client_bytes] 72::38162cb0-e585-43d7-b55d-5c240b2bfb7c/3142192f-6bae-4f12-a6f3-5464dc37e790/d0a71d84-b80f-4558-beac-8887750652e3 "72 vHEkSEcH0uaurgCoALDwG0DMJaUbbDNrDiJyxJTeN1XMYVJU56N3I5PzYAiD7"
2020-08-16T06:33:47.956883466Z  [2020-08-16T06:33:47Z INFO  dt_client_bytes] Publish 73
2020-08-16T06:33:47.968243377Z  [2020-08-16T06:33:47Z INFO  dt_client_bytes] 73::38162cb0-e585-43d7-b55d-5c240b2bfb7c/3142192f-6bae-4f12-a6f3-5464dc37e790/d0a71d84-b80f-4558-beac-8887750652e3 "73 dOq58ROfbb3Z60NNzW2RQnDkLdGJi0Z9oV60MeR679Z86uOvskIxmlIkqmsoX"
2020-08-16T06:33:47.968300967Z  [2020-08-16T06:33:47Z INFO  dt_client_bytes] Publish 74
2020-08-16T06:33:47.979809152Z  [2020-08-16T06:33:47Z INFO  dt_client_bytes] 74::38162cb0-e585-43d7-b55d-5c240b2bfb7c/3142192f-6bae-4f12-a6f3-5464dc37e790/d0a71d84-b80f-4558-beac-8887750652e3 "74 OC4JdsvdLXVbKeqUYWCfuV9DXuMkatthhvcRMkEnhqsVmRIYE0wLmdQ5d0TnF"
2020-08-16T06:33:47.979845436Z  [2020-08-16T06:33:47Z INFO  dt_client_bytes] Publish 75
2020-08-16T06:33:47.983619535Z  [2020-08-16T06:33:47Z INFO  dt_client_bytes] PubAck { pkid: 58 }
2020-08-16T06:33:47.984750808Z  [2020-08-16T06:33:47Z INFO  dt_client_bytes] PubAck { pkid: 59 }
2020-08-16T06:33:47.985911710Z  [2020-08-16T06:33:47Z INFO  dt_client_bytes] PubAck { pkid: 60 }
2020-08-16T06:33:47.987042225Z  [2020-08-16T06:33:47Z INFO  dt_client_bytes] PubAck { pkid: 61 }
2020-08-16T06:33:47.988187168Z  [2020-08-16T06:33:47Z INFO  dt_client_bytes] PubAck { pkid: 62 }
2020-08-16T06:33:47.989325564Z  [2020-08-16T06:33:47Z INFO  dt_client_bytes] PubAck { pkid: 63 }
2020-08-16T06:33:47.990777853Z  [2020-08-16T06:33:47Z INFO  dt_client_bytes] 75::38162cb0-e585-43d7-b55d-5c240b2bfb7c/3142192f-6bae-4f12-a6f3-5464dc37e790/d0a71d84-b80f-4558-beac-8887750652e3 "75 emBYc13mzbTXlzsxLFPNyf6ZXudZ9rrwV8rVqLcjbggzKzdx4hfqQIGNIU6Z5"
2020-08-16T06:33:47.990814090Z  [2020-08-16T06:33:47Z INFO  dt_client_bytes] Publish 76
2020-08-16T06:33:48.002319669Z  [2020-08-16T06:33:48Z INFO  dt_client_bytes] 76::38162cb0-e585-43d7-b55d-5c240b2bfb7c/3142192f-6bae-4f12-a6f3-5464dc37e790/d0a71d84-b80f-4558-beac-8887750652e3 "76 wrIktfbN3kS2vIsuPCSlupkglQNmNXoFje10gHsjo80rqzQWBPZsey7TDXLEF"
2020-08-16T06:33:48.002372588Z  [2020-08-16T06:33:48Z INFO  dt_client_bytes] Publish 77
2020-08-16T06:33:48.013692309Z  [2020-08-16T06:33:48Z INFO  dt_client_bytes] 77::38162cb0-e585-43d7-b55d-5c240b2bfb7c/3142192f-6bae-4f12-a6f3-5464dc37e790/d0a71d84-b80f-4558-beac-8887750652e3 "77 6dPX3GqJfnTzHmMiUZhOlXkQAv2jDsRCcEHbsmTr5leoZdngxz29auhBCkBs9"
2020-08-16T06:33:48.013731134Z  [2020-08-16T06:33:48Z INFO  dt_client_bytes] Publish 78
2020-08-16T06:33:48.027542054Z  [2020-08-16T06:33:48Z INFO  dt_client_bytes] 78::38162cb0-e585-43d7-b55d-5c240b2bfb7c/3142192f-6bae-4f12-a6f3-5464dc37e790/d0a71d84-b80f-4558-beac-8887750652e3 "78 k17vSpPPKDltoH20cRzhNCABiYYOP8KLCPMVxigjZ4MSb8QCigXpBNrDFll7y"
2020-08-16T06:33:48.027566646Z  [2020-08-16T06:33:48Z INFO  dt_client_bytes] Publish 79
2020-08-16T06:33:48.036890024Z  [2020-08-16T06:33:48Z INFO  dt_client_bytes] 79::38162cb0-e585-43d7-b55d-5c240b2bfb7c/3142192f-6bae-4f12-a6f3-5464dc37e790/d0a71d84-b80f-4558-beac-8887750652e3 "79 Xpyuh9XmhsNr4nhD1cOLbsLTZNuTMo21ii5bxxV5MuOe1wqsUKqoDWPhi9HrW"
2020-08-16T06:33:48.036916170Z  [2020-08-16T06:33:48Z INFO  dt_client_bytes] Publish 80
2020-08-16T06:33:48.043915467Z  [2020-08-16T06:33:48Z INFO  dt_client_bytes] PubAck { pkid: 64 }
2020-08-16T06:33:48.045043613Z  [2020-08-16T06:33:48Z INFO  dt_client_bytes] PubAck { pkid: 65 }
2020-08-16T06:33:48.046217120Z  [2020-08-16T06:33:48Z INFO  dt_client_bytes] PubAck { pkid: 66 }
2020-08-16T06:33:48.047346873Z  [2020-08-16T06:33:48Z INFO  dt_client_bytes] PubAck { pkid: 67 }
2020-08-16T06:33:48.048533520Z  [2020-08-16T06:33:48Z INFO  dt_client_bytes] PubAck { pkid: 68 }
2020-08-16T06:33:48.048583288Z  [2020-08-16T06:33:48Z INFO  dt_client_bytes] 80::38162cb0-e585-43d7-b55d-5c240b2bfb7c/3142192f-6bae-4f12-a6f3-5464dc37e790/d0a71d84-b80f-4558-beac-8887750652e3 "80 89vzVAHmLtAQaAXSYMN4SO4vCL7qQj0HKUSbcnzEONA4A97X9SNZaHDACOPQs"
2020-08-16T06:33:48.049715575Z  [2020-08-16T06:33:48Z INFO  dt_client_bytes] Publish 81
2020-08-16T06:33:48.060314256Z  [2020-08-16T06:33:48Z INFO  dt_client_bytes] 81::38162cb0-e585-43d7-b55d-5c240b2bfb7c/3142192f-6bae-4f12-a6f3-5464dc37e790/d0a71d84-b80f-4558-beac-8887750652e3 "81 2ZPYj9zFvwSJgMzK1NHt41qqtBweoNPV1aooXKoQkS204iARCk8qw4T6r71CR"
2020-08-16T06:33:48.060337351Z  [2020-08-16T06:33:48Z INFO  dt_client_bytes] Publish 82
2020-08-16T06:33:48.070718713Z  [2020-08-16T06:33:48Z INFO  dt_client_bytes] 82::38162cb0-e585-43d7-b55d-5c240b2bfb7c/3142192f-6bae-4f12-a6f3-5464dc37e790/d0a71d84-b80f-4558-beac-8887750652e3 "82 L24I5KQ4MTEUs8g57WRJGTrt1s0Jayv6iA5l4PpBuXn4oreY7ZXo58YfvJlzU"
2020-08-16T06:33:48.070744674Z  [2020-08-16T06:33:48Z INFO  dt_client_bytes] Publish 83
2020-08-16T06:33:48.082148990Z  [2020-08-16T06:33:48Z INFO  dt_client_bytes] 83::38162cb0-e585-43d7-b55d-5c240b2bfb7c/3142192f-6bae-4f12-a6f3-5464dc37e790/d0a71d84-b80f-4558-beac-8887750652e3 "83 3dDrHMb4SN6RApfGK7SIlC8gv0lIMj8Ui4Ec0Qri7RNhjf9qt4vSQbMv7PqHB"
2020-08-16T06:33:48.082189832Z  [2020-08-16T06:33:48Z INFO  dt_client_bytes] Publish 84
2020-08-16T06:33:48.095517794Z  [2020-08-16T06:33:48Z INFO  dt_client_bytes] 84::38162cb0-e585-43d7-b55d-5c240b2bfb7c/3142192f-6bae-4f12-a6f3-5464dc37e790/d0a71d84-b80f-4558-beac-8887750652e3 "84 NqUxVu0oASV1kMjPzjZ6l0Nyrmczq61J5HBg7kZV5Z4J2VonepADNzzMHQa9z"
2020-08-16T06:33:48.095561567Z  [2020-08-16T06:33:48Z INFO  dt_client_bytes] Publish 85
2020-08-16T06:33:48.109632503Z  [2020-08-16T06:33:48Z INFO  dt_client_bytes] 85::38162cb0-e585-43d7-b55d-5c240b2bfb7c/3142192f-6bae-4f12-a6f3-5464dc37e790/d0a71d84-b80f-4558-beac-8887750652e3 "85 spwQiSBDepo08MJ4AiO6g9bGHi8EeUzljVGlAxrEmGljOFaWwaXrjRxOehZ3w"
2020-08-16T06:33:48.109678665Z  [2020-08-16T06:33:48Z INFO  dt_client_bytes] Publish 86
2020-08-16T06:33:48.109690732Z  [2020-08-16T06:33:48Z INFO  dt_client_bytes] PubAck { pkid: 69 }
2020-08-16T06:33:48.109700109Z  [2020-08-16T06:33:48Z INFO  dt_client_bytes] PubAck { pkid: 70 }
2020-08-16T06:33:48.109709364Z  [2020-08-16T06:33:48Z INFO  dt_client_bytes] PubAck { pkid: 71 }
2020-08-16T06:33:48.109718474Z  [2020-08-16T06:33:48Z INFO  dt_client_bytes] PubAck { pkid: 72 }
2020-08-16T06:33:48.110205500Z  [2020-08-16T06:33:48Z INFO  dt_client_bytes] PubAck { pkid: 73 }
2020-08-16T06:33:48.111365782Z  [2020-08-16T06:33:48Z INFO  dt_client_bytes] PubAck { pkid: 74 }
2020-08-16T06:33:48.112516343Z  [2020-08-16T06:33:48Z INFO  dt_client_bytes] PubAck { pkid: 75 }
2020-08-16T06:33:48.116051948Z  [2020-08-16T06:33:48Z INFO  dt_client_bytes] 86::38162cb0-e585-43d7-b55d-5c240b2bfb7c/3142192f-6bae-4f12-a6f3-5464dc37e790/d0a71d84-b80f-4558-beac-8887750652e3 "86 KJ4iAJ1GQ5AzdwwxrW7HVcH5OHKIgw8f6MbEYXWhHowMTFNvbFqvEVsrE5d1P"
2020-08-16T06:33:48.116073929Z  [2020-08-16T06:33:48Z INFO  dt_client_bytes] Publish 87
2020-08-16T06:33:48.135558632Z  [2020-08-16T06:33:48Z INFO  dt_client_bytes] 87::38162cb0-e585-43d7-b55d-5c240b2bfb7c/3142192f-6bae-4f12-a6f3-5464dc37e790/d0a71d84-b80f-4558-beac-8887750652e3 "87 cnGHnKbLpY0WPfeIU1UQfJbMMsa4Rmkx0iB1wMkDhoFvWvOn0xvGeUzoXkYJi"
2020-08-16T06:33:48.135620728Z  [2020-08-16T06:33:48Z INFO  dt_client_bytes] Publish 88
2020-08-16T06:33:48.139119961Z  [2020-08-16T06:33:48Z INFO  dt_client_bytes] 88::38162cb0-e585-43d7-b55d-5c240b2bfb7c/3142192f-6bae-4f12-a6f3-5464dc37e790/d0a71d84-b80f-4558-beac-8887750652e3 "88 6DqFambBK7jnqJuSO63hwP6lbeCSk00204ue9Pbm7L5k4O9cahNKuTXfU6z8A"
2020-08-16T06:33:48.139174412Z  [2020-08-16T06:33:48Z INFO  dt_client_bytes] Publish 89
2020-08-16T06:33:48.152450744Z  [2020-08-16T06:33:48Z INFO  dt_client_bytes] 89::38162cb0-e585-43d7-b55d-5c240b2bfb7c/3142192f-6bae-4f12-a6f3-5464dc37e790/d0a71d84-b80f-4558-beac-8887750652e3 "89 m4Z0Pip8DPCwAlSeOAAqIAJf2AZAW2pgYe2fYLKjIAvPNAMRpK0HmtHCJtXma"
2020-08-16T06:33:48.152471925Z  [2020-08-16T06:33:48Z INFO  dt_client_bytes] Publish 90
2020-08-16T06:33:48.165507462Z  [2020-08-16T06:33:48Z INFO  dt_client_bytes] PubAck { pkid: 76 }
2020-08-16T06:33:48.165530057Z  [2020-08-16T06:33:48Z INFO  dt_client_bytes] 90::38162cb0-e585-43d7-b55d-5c240b2bfb7c/3142192f-6bae-4f12-a6f3-5464dc37e790/d0a71d84-b80f-4558-beac-8887750652e3 "90 FtQJwUk1HPseHf2SZ9OKWjPZgPev4Xm2ug2s5PM1eBikN5YBGF4gzX0ZTTli9"
2020-08-16T06:33:48.165541655Z  [2020-08-16T06:33:48Z INFO  dt_client_bytes] PubAck { pkid: 77 }
2020-08-16T06:33:48.165579337Z  [2020-08-16T06:33:48Z INFO  dt_client_bytes] PubAck { pkid: 78 }
2020-08-16T06:33:48.165746986Z  [2020-08-16T06:33:48Z INFO  dt_client_bytes] PubAck { pkid: 79 }
2020-08-16T06:33:48.167081395Z  [2020-08-16T06:33:48Z INFO  dt_client_bytes] Publish 91
2020-08-16T06:33:48.168361042Z  [2020-08-16T06:33:48Z INFO  dt_client_bytes] PubAck { pkid: 80 }
2020-08-16T06:33:48.184624098Z  [2020-08-16T06:33:48Z INFO  dt_client_bytes] 91::38162cb0-e585-43d7-b55d-5c240b2bfb7c/3142192f-6bae-4f12-a6f3-5464dc37e790/d0a71d84-b80f-4558-beac-8887750652e3 "91 JLHhoYVf6F3YqUMjVznL3ut9j00YsJ5xj4qCpnIUuqtDrvgc4dH7nhI13vGJO"
2020-08-16T06:33:48.184645023Z  [2020-08-16T06:33:48Z INFO  dt_client_bytes] Publish 92
2020-08-16T06:33:48.199252873Z  [2020-08-16T06:33:48Z INFO  dt_client_bytes] 92::38162cb0-e585-43d7-b55d-5c240b2bfb7c/3142192f-6bae-4f12-a6f3-5464dc37e790/d0a71d84-b80f-4558-beac-8887750652e3 "92 pZczy0XjuimvdUUeTiaWaiXI0JrbAVQiKi001qFdY4Yfc0QsfyJMPijnnCarD"
2020-08-16T06:33:48.199276104Z  [2020-08-16T06:33:48Z INFO  dt_client_bytes] Publish 93
2020-08-16T06:33:48.199286722Z  [2020-08-16T06:33:48Z INFO  dt_client_bytes] 93::38162cb0-e585-43d7-b55d-5c240b2bfb7c/3142192f-6bae-4f12-a6f3-5464dc37e790/d0a71d84-b80f-4558-beac-8887750652e3 "93 vmaSUiavpbUUGqtcONhzuM5auDc6vV9HW5hfx3MRDTYKmyKhlR7YqH63kpjCz"
2020-08-16T06:33:48.199296781Z  [2020-08-16T06:33:48Z INFO  dt_client_bytes] Publish 94
2020-08-16T06:33:48.210092324Z  [2020-08-16T06:33:48Z INFO  dt_client_bytes] 94::38162cb0-e585-43d7-b55d-5c240b2bfb7c/3142192f-6bae-4f12-a6f3-5464dc37e790/d0a71d84-b80f-4558-beac-8887750652e3 "94 4dqNSdtycToLgDlrhWHxSmVJibSQzVq00vILOI0vqqlTn3SNIyFq5RVvT5SAE"
2020-08-16T06:33:48.210123627Z  [2020-08-16T06:33:48Z INFO  dt_client_bytes] Publish 95
2020-08-16T06:33:48.211781379Z  [2020-08-16T06:33:48Z INFO  dt_client_bytes] PubAck { pkid: 81 }
2020-08-16T06:33:48.212915531Z  [2020-08-16T06:33:48Z INFO  dt_client_bytes] PubAck { pkid: 82 }
2020-08-16T06:33:48.214008313Z  [2020-08-16T06:33:48Z INFO  dt_client_bytes] PubAck { pkid: 83 }
2020-08-16T06:33:48.215155207Z  [2020-08-16T06:33:48Z INFO  dt_client_bytes] PubAck { pkid: 84 }
2020-08-16T06:33:48.219134561Z  [2020-08-16T06:33:48Z INFO  dt_client_bytes] PubAck { pkid: 85 }
2020-08-16T06:33:48.219155745Z  [2020-08-16T06:33:48Z INFO  dt_client_bytes] PubAck { pkid: 86 }
2020-08-16T06:33:48.227230459Z  [2020-08-16T06:33:48Z INFO  dt_client_bytes] 95::38162cb0-e585-43d7-b55d-5c240b2bfb7c/3142192f-6bae-4f12-a6f3-5464dc37e790/d0a71d84-b80f-4558-beac-8887750652e3 "95 nwOcdn0SUaSmkST2POCEuScoOO2WGTzx9jAGBZ5IcsUgDw2oYf9GuXdv4kh0W"
2020-08-16T06:33:48.227248748Z  [2020-08-16T06:33:48Z INFO  dt_client_bytes] Publish 96
2020-08-16T06:33:48.233607629Z  [2020-08-16T06:33:48Z INFO  dt_client_bytes] 96::38162cb0-e585-43d7-b55d-5c240b2bfb7c/3142192f-6bae-4f12-a6f3-5464dc37e790/d0a71d84-b80f-4558-beac-8887750652e3 "96 vbaIqwytV5LzQ7XQAAJZcPZ9Uh9LEHfHpzHVx24YSmvBuzokcqyw1bboOYyEK"
2020-08-16T06:33:48.233635080Z  [2020-08-16T06:33:48Z INFO  dt_client_bytes] Publish 97
2020-08-16T06:33:48.245235605Z  [2020-08-16T06:33:48Z INFO  dt_client_bytes] 97::38162cb0-e585-43d7-b55d-5c240b2bfb7c/3142192f-6bae-4f12-a6f3-5464dc37e790/d0a71d84-b80f-4558-beac-8887750652e3 "97 O1bn8ez8736pmWP24dsBqAlVyhbgTpfnLHwiRiwwvrg1hZcVLmh6ouX4b7Ruv"
2020-08-16T06:33:48.245302416Z  [2020-08-16T06:33:48Z INFO  dt_client_bytes] Publish 98
2020-08-16T06:33:48.255814548Z  [2020-08-16T06:33:48Z INFO  dt_client_bytes] 98::38162cb0-e585-43d7-b55d-5c240b2bfb7c/3142192f-6bae-4f12-a6f3-5464dc37e790/d0a71d84-b80f-4558-beac-8887750652e3 "98 oBFyHeBvIrN0PDLgXuCpGZfYAORXsQjDL2FTK00V94FRRIxnRS8OvLMpDT2rs"
2020-08-16T06:33:48.255846046Z  [2020-08-16T06:33:48Z INFO  dt_client_bytes] Publish 99
2020-08-16T06:33:48.267543443Z  [2020-08-16T06:33:48Z INFO  dt_client_bytes] 99::38162cb0-e585-43d7-b55d-5c240b2bfb7c/3142192f-6bae-4f12-a6f3-5464dc37e790/d0a71d84-b80f-4558-beac-8887750652e3 "99 UUd1MFM9vJ3bTjHzUpvJoGaUSjlYQcu1gOwgrpjtsjp0ANLsWTZp8Gt2C1tSA"
2020-08-16T06:33:48.267583961Z  [2020-08-16T06:33:48Z INFO  dt_client_bytes] Publish 100
2020-08-16T06:33:48.267601771Z  [2020-08-16T06:33:48Z INFO  dt_client_bytes] NotificationCounter {
2020-08-16T06:33:48.267617752Z          Pub: 100,
2020-08-16T06:33:48.267632790Z          PubAck: 86,
2020-08-16T06:33:48.267647512Z          PubRec: 0,
2020-08-16T06:33:48.267662177Z          PubRel: 0,
2020-08-16T06:33:48.267676742Z          PubComp: 0,
2020-08-16T06:33:48.267691350Z      }
2020-08-16T06:33:48.280534519Z  [2020-08-16T06:33:48Z INFO  dt_client_bytes] Thread 38162cb0-e585-43d7-b55d-5c240b2bfb7c/3142192f-6bae-4f12-a6f3-5464dc37e790/d0a71d84-b80f-4558-beac-8887750652e3 done with 100 messages.
2020-08-16T06:33:48.291043786Z  [2020-08-16T06:33:48Z INFO  dt_client_bytes] PubAck { pkid: 87 }
2020-08-16T06:33:48.291094121Z  [2020-08-16T06:33:48Z INFO  dt_client_bytes] NotificationCounter {
2020-08-16T06:33:48.291108867Z          Pub: 100,
2020-08-16T06:33:48.291118801Z          PubAck: 87,
2020-08-16T06:33:48.291128365Z          PubRec: 0,
2020-08-16T06:33:48.291137834Z          PubRel: 0,
2020-08-16T06:33:48.291147310Z          PubComp: 0,
2020-08-16T06:33:48.291157267Z      }
2020-08-16T06:33:48.292218521Z  [2020-08-16T06:33:48Z INFO  dt_client_bytes] PubAck { pkid: 88 }
2020-08-16T06:33:48.292238564Z  [2020-08-16T06:33:48Z INFO  dt_client_bytes] NotificationCounter {
2020-08-16T06:33:48.292249214Z          Pub: 100,
2020-08-16T06:33:48.292258946Z          PubAck: 88,
2020-08-16T06:33:48.292268524Z          PubRec: 0,
2020-08-16T06:33:48.292278114Z          PubRel: 0,
2020-08-16T06:33:48.292287861Z          PubComp: 0,
2020-08-16T06:33:48.292297412Z      }
2020-08-16T06:33:48.293343950Z  [2020-08-16T06:33:48Z INFO  dt_client_bytes] PubAck { pkid: 89 }
2020-08-16T06:33:48.293363506Z  [2020-08-16T06:33:48Z INFO  dt_client_bytes] NotificationCounter {
2020-08-16T06:33:48.293374394Z          Pub: 100,
2020-08-16T06:33:48.293397725Z          PubAck: 89,
2020-08-16T06:33:48.293420191Z          PubRec: 0,
2020-08-16T06:33:48.293431203Z          PubRel: 0,
2020-08-16T06:33:48.293455666Z          PubComp: 0,
2020-08-16T06:33:48.293466488Z      }
2020-08-16T06:33:48.294505802Z  [2020-08-16T06:33:48Z INFO  dt_client_bytes] PubAck { pkid: 90 }
2020-08-16T06:33:48.294524618Z  [2020-08-16T06:33:48Z INFO  dt_client_bytes] NotificationCounter {
2020-08-16T06:33:48.294535322Z          Pub: 100,
2020-08-16T06:33:48.294559111Z          PubAck: 90,
2020-08-16T06:33:48.294580990Z          PubRec: 0,
2020-08-16T06:33:48.294590666Z          PubRel: 0,
2020-08-16T06:33:48.294600273Z          PubComp: 0,
2020-08-16T06:33:48.294609766Z      }
2020-08-16T06:33:48.342661201Z  [2020-08-16T06:33:48Z INFO  dt_client_bytes] PubAck { pkid: 91 }
2020-08-16T06:33:48.342683811Z  [2020-08-16T06:33:48Z INFO  dt_client_bytes] NotificationCounter {
2020-08-16T06:33:48.342694253Z          Pub: 100,
2020-08-16T06:33:48.342703199Z          PubAck: 91,
2020-08-16T06:33:48.342712012Z          PubRec: 0,
2020-08-16T06:33:48.342720627Z          PubRel: 0,
2020-08-16T06:33:48.342729324Z          PubComp: 0,
2020-08-16T06:33:48.342737887Z      }
2020-08-16T06:33:48.342746519Z  [2020-08-16T06:33:48Z INFO  dt_client_bytes] PubAck { pkid: 92 }
2020-08-16T06:33:48.342755560Z  [2020-08-16T06:33:48Z INFO  dt_client_bytes] NotificationCounter {
2020-08-16T06:33:48.342764415Z          Pub: 100,
2020-08-16T06:33:48.342773182Z          PubAck: 92,
2020-08-16T06:33:48.342781661Z          PubRec: 0,
2020-08-16T06:33:48.342790137Z          PubRel: 0,
2020-08-16T06:33:48.342798637Z          PubComp: 0,
2020-08-16T06:33:48.342807147Z      }
2020-08-16T06:33:48.344095097Z  [2020-08-16T06:33:48Z INFO  dt_client_bytes] PubAck { pkid: 93 }
2020-08-16T06:33:48.344125804Z  [2020-08-16T06:33:48Z INFO  dt_client_bytes] NotificationCounter {
2020-08-16T06:33:48.344137939Z          Pub: 100,
2020-08-16T06:33:48.344146852Z          PubAck: 93,
2020-08-16T06:33:48.344155554Z          PubRec: 0,
2020-08-16T06:33:48.344164147Z          PubRel: 0,
2020-08-16T06:33:48.344172660Z          PubComp: 0,
2020-08-16T06:33:48.344181407Z      }
2020-08-16T06:33:48.345366262Z  [2020-08-16T06:33:48Z INFO  dt_client_bytes] PubAck { pkid: 94 }
2020-08-16T06:33:48.345509344Z  [2020-08-16T06:33:48Z INFO  dt_client_bytes] NotificationCounter {
2020-08-16T06:33:48.345524574Z          Pub: 100,
2020-08-16T06:33:48.345533768Z          PubAck: 94,
2020-08-16T06:33:48.345542504Z          PubRec: 0,
2020-08-16T06:33:48.345565418Z          PubRel: 0,
2020-08-16T06:33:48.345575541Z          PubComp: 0,
2020-08-16T06:33:48.345584255Z      }
2020-08-16T06:33:48.346833470Z  [2020-08-16T06:33:48Z INFO  dt_client_bytes] PubAck { pkid: 95 }
2020-08-16T06:33:48.346983369Z  [2020-08-16T06:33:48Z INFO  dt_client_bytes] NotificationCounter {
2020-08-16T06:33:48.346998290Z          Pub: 100,
2020-08-16T06:33:48.347007380Z          PubAck: 95,
2020-08-16T06:33:48.347016140Z          PubRec: 0,
2020-08-16T06:33:48.347024887Z          PubRel: 0,
2020-08-16T06:33:48.347033439Z          PubComp: 0,
2020-08-16T06:33:48.347066356Z      }
2020-08-16T06:33:48.459876148Z  [2020-08-16T06:33:48Z INFO  dt_client_bytes] PubAck { pkid: 96 }
2020-08-16T06:33:48.459928005Z  [2020-08-16T06:33:48Z INFO  dt_client_bytes] NotificationCounter {
2020-08-16T06:33:48.459943769Z          Pub: 100,
2020-08-16T06:33:48.459955578Z          PubAck: 96,
2020-08-16T06:33:48.459967605Z          PubRec: 0,
2020-08-16T06:33:48.459979353Z          PubRel: 0,
2020-08-16T06:33:48.459991130Z          PubComp: 0,
2020-08-16T06:33:48.460003065Z      }
2020-08-16T06:33:48.461129537Z  [2020-08-16T06:33:48Z INFO  dt_client_bytes] PubAck { pkid: 97 }
2020-08-16T06:33:48.461182316Z  [2020-08-16T06:33:48Z INFO  dt_client_bytes] NotificationCounter {
2020-08-16T06:33:48.461199668Z          Pub: 100,
2020-08-16T06:33:48.461213564Z          PubAck: 97,
2020-08-16T06:33:48.461227026Z          PubRec: 0,
2020-08-16T06:33:48.461240571Z          PubRel: 0,
2020-08-16T06:33:48.461254458Z          PubComp: 0,
2020-08-16T06:33:48.461267824Z      }
2020-08-16T06:33:48.462388572Z  [2020-08-16T06:33:48Z INFO  dt_client_bytes] PubAck { pkid: 98 }
2020-08-16T06:33:48.462442666Z  [2020-08-16T06:33:48Z INFO  dt_client_bytes] NotificationCounter {
2020-08-16T06:33:48.462460780Z          Pub: 100,
2020-08-16T06:33:48.462474696Z          PubAck: 98,
2020-08-16T06:33:48.462488584Z          PubRec: 0,
2020-08-16T06:33:48.462502166Z          PubRel: 0,
2020-08-16T06:33:48.462516126Z          PubComp: 0,
2020-08-16T06:33:48.462529606Z      }
2020-08-16T06:33:48.464139934Z  [2020-08-16T06:33:48Z INFO  dt_client_bytes] PubAck { pkid: 99 }
2020-08-16T06:33:48.464213588Z  [2020-08-16T06:33:48Z INFO  dt_client_bytes] NotificationCounter {
2020-08-16T06:33:48.464230350Z          Pub: 100,
2020-08-16T06:33:48.464243144Z          PubAck: 99,
2020-08-16T06:33:48.464255489Z          PubRec: 0,
2020-08-16T06:33:48.464298024Z          PubRel: 0,
2020-08-16T06:33:48.464307781Z          PubComp: 0,
2020-08-16T06:33:48.464882147Z      }
2020-08-16T06:33:48.465613720Z  [2020-08-16T06:33:48Z INFO  dt_client_bytes] PubAck { pkid: 100 }
2020-08-16T06:33:48.465635280Z  [2020-08-16T06:33:48Z INFO  dt_client_bytes] NotificationCounter {
2020-08-16T06:33:48.465649804Z          Pub: 100,
2020-08-16T06:33:48.465700708Z          PubAck: 100,
2020-08-16T06:33:48.465715479Z          PubRec: 0,
2020-08-16T06:33:48.465729252Z          PubRel: 0,
2020-08-16T06:33:48.465742866Z          PubComp: 0,
2020-08-16T06:33:48.465791672Z      }
2020-08-16T06:34:17.124034993Z  [2020-08-16T06:34:17Z INFO  dt_client_bytes] NotificationCounter {
2020-08-16T06:34:17.124101582Z          Pub: 100,
2020-08-16T06:34:17.124118972Z          PubAck: 100,
2020-08-16T06:34:17.124133930Z          PubRec: 0,
2020-08-16T06:34:17.124148767Z          PubRel: 0,
2020-08-16T06:34:17.124163047Z          PubComp: 0,
2020-08-16T06:34:17.124177573Z      }
2020-08-16T06:34:17.198617230Z  [2020-08-16T06:34:17Z INFO  dt_client_bytes] NotificationCounter {
2020-08-16T06:34:17.198676402Z          Pub: 100,
2020-08-16T06:34:17.198696496Z          PubAck: 100,
2020-08-16T06:34:17.198713936Z          PubRec: 0,
2020-08-16T06:34:17.198730993Z          PubRel: 0,
2020-08-16T06:34:17.198747633Z          PubComp: 0,
2020-08-16T06:34:17.198764402Z      }
2020-08-16T06:34:47.126005882Z  [2020-08-16T06:34:47Z INFO  dt_client_bytes] NotificationCounter {
2020-08-16T06:34:47.126090112Z          Pub: 100,
2020-08-16T06:34:47.126112615Z          PubAck: 100,
2020-08-16T06:34:47.126130931Z          PubRec: 0,
2020-08-16T06:34:47.126149235Z          PubRel: 0,
2020-08-16T06:34:47.126166975Z          PubComp: 0,
2020-08-16T06:34:47.126184795Z      }
2020-08-16T06:34:47.180804787Z  [2020-08-16T06:34:47Z INFO  dt_client_bytes] NotificationCounter {
2020-08-16T06:34:47.180874956Z          Pub: 100,
2020-08-16T06:34:47.180897833Z          PubAck: 100,
2020-08-16T06:34:47.180916513Z          PubRec: 0,
2020-08-16T06:34:47.180934463Z          PubRel: 0,
2020-08-16T06:34:47.180951966Z          PubComp: 0,
2020-08-16T06:34:47.180969498Z      }
2020-08-16T06:35:17.127401315Z  [2020-08-16T06:35:17Z INFO  dt_client_bytes] NotificationCounter {
2020-08-16T06:35:17.127957282Z          Pub: 100,
2020-08-16T06:35:17.127977497Z          PubAck: 100,
2020-08-16T06:35:17.127987747Z          PubRec: 0,
2020-08-16T06:35:17.127997321Z          PubRel: 0,
2020-08-16T06:35:17.128006811Z          PubComp: 0,
2020-08-16T06:35:17.128029966Z      }
2020-08-16T06:35:17.211917301Z  [2020-08-16T06:35:17Z INFO  dt_client_bytes] NotificationCounter {
2020-08-16T06:35:17.212010705Z          Pub: 100,
2020-08-16T06:35:17.212031569Z          PubAck: 100,
2020-08-16T06:35:17.212084202Z          PubRec: 0,
2020-08-16T06:35:17.212101690Z          PubRel: 0,
2020-08-16T06:35:17.212118004Z          PubComp: 0,
2020-08-16T06:35:17.212169766Z      }
2020-08-16T06:35:47.128446301Z  [2020-08-16T06:35:47Z INFO  dt_client_bytes] NotificationCounter {
2020-08-16T06:35:47.128547414Z          Pub: 100,
2020-08-16T06:35:47.128586230Z          PubAck: 100,
2020-08-16T06:35:47.128608307Z          PubRec: 0,
2020-08-16T06:35:47.128625307Z          PubRel: 0,
2020-08-16T06:35:47.128642051Z          PubComp: 0,
2020-08-16T06:35:47.128658944Z      }
2020-08-16T06:35:47.174159741Z  [2020-08-16T06:35:47Z INFO  dt_client_bytes] NotificationCounter {
2020-08-16T06:35:47.174237008Z          Pub: 100,
2020-08-16T06:35:47.174259288Z          PubAck: 100,
2020-08-16T06:35:47.174276944Z          PubRec: 0,
2020-08-16T06:35:47.174293894Z          PubRel: 0,
2020-08-16T06:35:47.174310831Z          PubComp: 0,
2020-08-16T06:35:47.174327455Z      }
