2020-08-16T06:33:48.227026202Z  [2020-08-16T06:33:48Z INFO  dt_client_bytes] Starting client. Host at mqtt-broker:1883
2020-08-16T06:33:48.227092786Z  [2020-08-16T06:33:48Z INFO  dt_client_bytes] Thread of topic 38162cb0-e585-43d7-b55d-5c240b2bfb7c/3142192f-6bae-4f12-a6f3-5464dc37e790/d0a71d84-b80f-4558-beac-8887750652e3
2020-08-16T06:33:48.227107881Z  [2020-08-16T06:33:48Z INFO  dt_client_bytes] 0::38162cb0-e585-43d7-b55d-5c240b2bfb7c/3142192f-6bae-4f12-a6f3-5464dc37e790/d0a71d84-b80f-4558-beac-8887750652e3 "0 sXqQR9PDjvWdBFWTxczxnZprHKCjRpDXQ3lb7a7H6vXPpPTVYS5sDE2b1cyvHW"
2020-08-16T06:33:48.235717014Z  [2020-08-16T06:33:48Z INFO  dt_client_bytes] 1::38162cb0-e585-43d7-b55d-5c240b2bfb7c/3142192f-6bae-4f12-a6f3-5464dc37e790/d0a71d84-b80f-4558-beac-8887750652e3 "1 QLmaLFCjFngeJsDG2VLLfuMT988fhigqSmVjKMmwyVxds7584I626VEsTTGpsT"
2020-08-16T06:33:48.246952814Z  [2020-08-16T06:33:48Z INFO  dt_client_bytes] 2::38162cb0-e585-43d7-b55d-5c240b2bfb7c/3142192f-6bae-4f12-a6f3-5464dc37e790/d0a71d84-b80f-4558-beac-8887750652e3 "2 GwA6KiqtfUvc847ZlPPTUHVdY0J1vBngD2HDRQwY1bqsrXiTsIVaEwNVUhd2dc"
2020-08-16T06:33:48.258151548Z  [2020-08-16T06:33:48Z INFO  dt_client_bytes] 3::38162cb0-e585-43d7-b55d-5c240b2bfb7c/3142192f-6bae-4f12-a6f3-5464dc37e790/d0a71d84-b80f-4558-beac-8887750652e3 "3 Ldifr1j81cdaXi41nQcpeospSKWbCUuJ2Jaa18oZCuiW2PxWXiR4hUt09pTTcA"
2020-08-16T06:33:48.269514219Z  [2020-08-16T06:33:48Z INFO  dt_client_bytes] 4::38162cb0-e585-43d7-b55d-5c240b2bfb7c/3142192f-6bae-4f12-a6f3-5464dc37e790/d0a71d84-b80f-4558-beac-8887750652e3 "4 xqKI9eS5w33NGhoTnkGZAjpf3Ak4ClklV6VRndNTYX8z4MvCd31JYJhR2EBVu0"
2020-08-16T06:33:48.280610204Z  [2020-08-16T06:33:48Z INFO  dt_client_bytes] 5::38162cb0-e585-43d7-b55d-5c240b2bfb7c/3142192f-6bae-4f12-a6f3-5464dc37e790/d0a71d84-b80f-4558-beac-8887750652e3 "5 a0oYQ6msKKNgIkLOfNftv860j4DoXbESO3Y5qYUV6qUrhxu8ctWGoh3FPDOyi8"
2020-08-16T06:33:48.292336222Z  [2020-08-16T06:33:48Z INFO  dt_client_bytes] 6::38162cb0-e585-43d7-b55d-5c240b2bfb7c/3142192f-6bae-4f12-a6f3-5464dc37e790/d0a71d84-b80f-4558-beac-8887750652e3 "6 lykHrIWeMQRdAtmwzw1ZKTb2BsUpQC87AJoPhvScYaVhLHgHEklCxQriPY2RLO"
2020-08-16T06:33:48.303300371Z  [2020-08-16T06:33:48Z INFO  dt_client_bytes] 7::38162cb0-e585-43d7-b55d-5c240b2bfb7c/3142192f-6bae-4f12-a6f3-5464dc37e790/d0a71d84-b80f-4558-beac-8887750652e3 "7 4ANx1r38YWHdjynCr7rMFahP8RkJcjZZZHeCrduribVNn2rARplyqfPAAifA7m"
2020-08-16T06:33:48.314484355Z  [2020-08-16T06:33:48Z INFO  dt_client_bytes] 8::38162cb0-e585-43d7-b55d-5c240b2bfb7c/3142192f-6bae-4f12-a6f3-5464dc37e790/d0a71d84-b80f-4558-beac-8887750652e3 "8 2jFjAAr1Dr3i48phiGbH07gL3Y6hJkL5RFbAs6XsfbICZPWPFgl7qrmQgWChqt"
2020-08-16T06:33:48.325684469Z  [2020-08-16T06:33:48Z INFO  dt_client_bytes] 9::38162cb0-e585-43d7-b55d-5c240b2bfb7c/3142192f-6bae-4f12-a6f3-5464dc37e790/d0a71d84-b80f-4558-beac-8887750652e3 "9 SawD28k5hcUTT0YsrsJYFRzToh5mQkpb3rlQazUZEm23m2qzk4hFLshAqjgFp2"
2020-08-16T06:33:48.338752935Z  [2020-08-16T06:33:48Z INFO  dt_client_bytes] 10::38162cb0-e585-43d7-b55d-5c240b2bfb7c/3142192f-6bae-4f12-a6f3-5464dc37e790/d0a71d84-b80f-4558-beac-8887750652e3 "10 ijaKXyrQJRc3R5Cc7nyIB8SrA9hf2WTdbZXko6L52XcyXa7EXKTRWIIP6M7RT"
2020-08-16T06:33:48.347819848Z  [2020-08-16T06:33:48Z INFO  dt_client_bytes] Publish 1
2020-08-16T06:33:48.348004946Z  [2020-08-16T06:33:48Z INFO  dt_client_bytes] 11::38162cb0-e585-43d7-b55d-5c240b2bfb7c/3142192f-6bae-4f12-a6f3-5464dc37e790/d0a71d84-b80f-4558-beac-8887750652e3 "11 z56ODnhIKSSv8Z8ElTfyyDSmi5Q1PkW5ui8EVxbjYQGyCBKYSD1MNDhpgqiqB"
2020-08-16T06:33:48.348250422Z  [2020-08-16T06:33:48Z INFO  dt_client_bytes] Publish 2
2020-08-16T06:33:48.349604756Z  [2020-08-16T06:33:48Z INFO  dt_client_bytes] Publish 3
2020-08-16T06:33:48.350898721Z  [2020-08-16T06:33:48Z INFO  dt_client_bytes] Publish 4
2020-08-16T06:33:48.352184616Z  [2020-08-16T06:33:48Z INFO  dt_client_bytes] Publish 5
2020-08-16T06:33:48.353468998Z  [2020-08-16T06:33:48Z INFO  dt_client_bytes] Publish 6
2020-08-16T06:33:48.354741818Z  [2020-08-16T06:33:48Z INFO  dt_client_bytes] Publish 7
2020-08-16T06:33:48.356013478Z  [2020-08-16T06:33:48Z INFO  dt_client_bytes] Publish 8
2020-08-16T06:33:48.357332259Z  [2020-08-16T06:33:48Z INFO  dt_client_bytes] Publish 9
2020-08-16T06:33:48.358653463Z  [2020-08-16T06:33:48Z INFO  dt_client_bytes] Publish 10
2020-08-16T06:33:48.360027006Z  [2020-08-16T06:33:48Z INFO  dt_client_bytes] Publish 11
2020-08-16T06:33:48.360490126Z  [2020-08-16T06:33:48Z INFO  dt_client_bytes] 12::38162cb0-e585-43d7-b55d-5c240b2bfb7c/3142192f-6bae-4f12-a6f3-5464dc37e790/d0a71d84-b80f-4558-beac-8887750652e3 "12 3jOEECstTDMYZIjbrhM4cFPZYJqAKz0JOizzs1dql5VgfOfkGr07d2YDuq9eM"
2020-08-16T06:33:48.361785470Z  [2020-08-16T06:33:48Z INFO  dt_client_bytes] Publish 12
2020-08-16T06:33:48.363078576Z  [2020-08-16T06:33:48Z INFO  dt_client_bytes] Publish 13
2020-08-16T06:33:48.372339561Z  [2020-08-16T06:33:48Z INFO  dt_client_bytes] 13::38162cb0-e585-43d7-b55d-5c240b2bfb7c/3142192f-6bae-4f12-a6f3-5464dc37e790/d0a71d84-b80f-4558-beac-8887750652e3 "13 VBLsNMENqHfUw34EDu8N366GzpR5J8od9AJtbyANbjUvQbKocWOt05xxRLWoY"
2020-08-16T06:33:48.372531725Z  [2020-08-16T06:33:48Z INFO  dt_client_bytes] Publish 14
2020-08-16T06:33:48.384112251Z  [2020-08-16T06:33:48Z INFO  dt_client_bytes] 14::38162cb0-e585-43d7-b55d-5c240b2bfb7c/3142192f-6bae-4f12-a6f3-5464dc37e790/d0a71d84-b80f-4558-beac-8887750652e3 "14 112PtUDx28OiB0UB6WX5QXKJAsX1FveLsEzLTsptxYy4T264z36RJr3ntZfh0"
2020-08-16T06:33:48.384135601Z  [2020-08-16T06:33:48Z INFO  dt_client_bytes] Publish 15
2020-08-16T06:33:48.394470810Z  [2020-08-16T06:33:48Z INFO  dt_client_bytes] 15::38162cb0-e585-43d7-b55d-5c240b2bfb7c/3142192f-6bae-4f12-a6f3-5464dc37e790/d0a71d84-b80f-4558-beac-8887750652e3 "15 u7CxO4AWdUXraw9RHDPxm5HE86BKo7JO0uIBX5vhLjLiYPloviIuG07Qwxnpl"
2020-08-16T06:33:48.394494900Z  [2020-08-16T06:33:48Z INFO  dt_client_bytes] Publish 16
2020-08-16T06:33:48.403604070Z  [2020-08-16T06:33:48Z INFO  dt_client_bytes] PubAck { pkid: 1 }
2020-08-16T06:33:48.407396177Z  [2020-08-16T06:33:48Z INFO  dt_client_bytes] 16::38162cb0-e585-43d7-b55d-5c240b2bfb7c/3142192f-6bae-4f12-a6f3-5464dc37e790/d0a71d84-b80f-4558-beac-8887750652e3 "16 4VTHvtbUjUBydAhCM7jJ7eu1E8kFlgEgb74L37uffmsESgiasrU67iwMmOPGA"
2020-08-16T06:33:48.407415953Z  [2020-08-16T06:33:48Z INFO  dt_client_bytes] Publish 17
2020-08-16T06:33:48.417860446Z  [2020-08-16T06:33:48Z INFO  dt_client_bytes] 17::38162cb0-e585-43d7-b55d-5c240b2bfb7c/3142192f-6bae-4f12-a6f3-5464dc37e790/d0a71d84-b80f-4558-beac-8887750652e3 "17 7MVcPy96arawizWoekc1Lzk3GyZBGyF5pwJfAm6lqAN3Wv8U9TlKHLCGINpT0"
2020-08-16T06:33:48.417887112Z  [2020-08-16T06:33:48Z INFO  dt_client_bytes] Publish 18
2020-08-16T06:33:48.429541422Z  [2020-08-16T06:33:48Z INFO  dt_client_bytes] 18::38162cb0-e585-43d7-b55d-5c240b2bfb7c/3142192f-6bae-4f12-a6f3-5464dc37e790/d0a71d84-b80f-4558-beac-8887750652e3 "18 eR1TEz082k4us0veHeq7dql5gzLmmGmS5T0JF9ZAZVm9vRFwwJC0n3Mbjj2MW"
2020-08-16T06:33:48.429597910Z  [2020-08-16T06:33:48Z INFO  dt_client_bytes] Publish 19
2020-08-16T06:33:48.440914086Z  [2020-08-16T06:33:48Z INFO  dt_client_bytes] 19::38162cb0-e585-43d7-b55d-5c240b2bfb7c/3142192f-6bae-4f12-a6f3-5464dc37e790/d0a71d84-b80f-4558-beac-8887750652e3 "19 bNgkvJgqytkZrgmh1SiOenYdFJFemaPZdrDVdJsAjshyy18NzRYeakId4Uz92"
2020-08-16T06:33:48.440937309Z  [2020-08-16T06:33:48Z INFO  dt_client_bytes] Publish 20
2020-08-16T06:33:48.452464443Z  [2020-08-16T06:33:48Z INFO  dt_client_bytes] 20::38162cb0-e585-43d7-b55d-5c240b2bfb7c/3142192f-6bae-4f12-a6f3-5464dc37e790/d0a71d84-b80f-4558-beac-8887750652e3 "20 o1yauCnkgO6kjOITwhtWCdRp8zJDSjmNwY2tONjpkbk3bTa2TCyt21mb1IQwJ"
2020-08-16T06:33:48.452498081Z  [2020-08-16T06:33:48Z INFO  dt_client_bytes] Publish 21
2020-08-16T06:33:48.465095772Z  [2020-08-16T06:33:48Z INFO  dt_client_bytes] 21::38162cb0-e585-43d7-b55d-5c240b2bfb7c/3142192f-6bae-4f12-a6f3-5464dc37e790/d0a71d84-b80f-4558-beac-8887750652e3 "21 Ca9inopji1osVCMCwvlewhZxnGsWlYhRSfQsX9TMVuw4awi1WDng4Ncf960E4"
2020-08-16T06:33:48.465127881Z  [2020-08-16T06:33:48Z INFO  dt_client_bytes] Publish 22
2020-08-16T06:33:48.465829518Z  [2020-08-16T06:33:48Z INFO  dt_client_bytes] PubAck { pkid: 2 }
2020-08-16T06:33:48.466336777Z  [2020-08-16T06:33:48Z INFO  dt_client_bytes] PubAck { pkid: 3 }
2020-08-16T06:33:48.466362084Z  [2020-08-16T06:33:48Z INFO  dt_client_bytes] PubAck { pkid: 4 }
2020-08-16T06:33:48.467659324Z  [2020-08-16T06:33:48Z INFO  dt_client_bytes] PubAck { pkid: 5 }
2020-08-16T06:33:48.468843321Z  [2020-08-16T06:33:48Z INFO  dt_client_bytes] PubAck { pkid: 6 }
2020-08-16T06:33:48.470106205Z  [2020-08-16T06:33:48Z INFO  dt_client_bytes] PubAck { pkid: 7 }
2020-08-16T06:33:48.471274263Z  [2020-08-16T06:33:48Z INFO  dt_client_bytes] PubAck { pkid: 8 }
2020-08-16T06:33:48.474981731Z  [2020-08-16T06:33:48Z INFO  dt_client_bytes] 22::38162cb0-e585-43d7-b55d-5c240b2bfb7c/3142192f-6bae-4f12-a6f3-5464dc37e790/d0a71d84-b80f-4558-beac-8887750652e3 "22 VUkXkAE4KHzk3Tcf9VlwMomdRRfB5wr6eqV9m4lUwfIcIKg48BjpMwCryMV4B"
2020-08-16T06:33:48.475015976Z  [2020-08-16T06:33:48Z INFO  dt_client_bytes] Publish 23
2020-08-16T06:33:48.485824790Z  [2020-08-16T06:33:48Z INFO  dt_client_bytes] 23::38162cb0-e585-43d7-b55d-5c240b2bfb7c/3142192f-6bae-4f12-a6f3-5464dc37e790/d0a71d84-b80f-4558-beac-8887750652e3 "23 qUwb6xOVDGvpIsUULQrGyvcqcjQpP08IVtUHQacIVoUcxY6unyCAYUrpG1TUr"
2020-08-16T06:33:48.485901238Z  [2020-08-16T06:33:48Z INFO  dt_client_bytes] Publish 24
2020-08-16T06:33:48.497211166Z  [2020-08-16T06:33:48Z INFO  dt_client_bytes] 24::38162cb0-e585-43d7-b55d-5c240b2bfb7c/3142192f-6bae-4f12-a6f3-5464dc37e790/d0a71d84-b80f-4558-beac-8887750652e3 "24 mRemCTEy0X6L97gHZGjjD49SBquPlbT8dkrIROUWbGYakJInGihQCOfLR020S"
2020-08-16T06:33:48.497266101Z  [2020-08-16T06:33:48Z INFO  dt_client_bytes] Publish 25
2020-08-16T06:33:48.508627750Z  [2020-08-16T06:33:48Z INFO  dt_client_bytes] 25::38162cb0-e585-43d7-b55d-5c240b2bfb7c/3142192f-6bae-4f12-a6f3-5464dc37e790/d0a71d84-b80f-4558-beac-8887750652e3 "25 UdhOSzrsCxmBe1XCqLYxw1LI7UilXNiCWd8MGUUCJYPf5IiCtxvNP08y0NEun"
2020-08-16T06:33:48.508706986Z  [2020-08-16T06:33:48Z INFO  dt_client_bytes] Publish 26
2020-08-16T06:33:48.520102050Z  [2020-08-16T06:33:48Z INFO  dt_client_bytes] 26::38162cb0-e585-43d7-b55d-5c240b2bfb7c/3142192f-6bae-4f12-a6f3-5464dc37e790/d0a71d84-b80f-4558-beac-8887750652e3 "26 N1vzrRs6BrQrAckJhxbjh4r8uNWqO2aKhI3hioOYV6eUrmjxCjpofMT3D3IJA"
2020-08-16T06:33:48.520184625Z  [2020-08-16T06:33:48Z INFO  dt_client_bytes] Publish 27
2020-08-16T06:33:48.524344725Z  [2020-08-16T06:33:48Z INFO  dt_client_bytes] PubAck { pkid: 9 }
2020-08-16T06:33:48.524377058Z  [2020-08-16T06:33:48Z INFO  dt_client_bytes] PubAck { pkid: 10 }
2020-08-16T06:33:48.525539699Z  [2020-08-16T06:33:48Z INFO  dt_client_bytes] PubAck { pkid: 11 }
2020-08-16T06:33:48.526759179Z  [2020-08-16T06:33:48Z INFO  dt_client_bytes] PubAck { pkid: 12 }
2020-08-16T06:33:48.528040966Z  [2020-08-16T06:33:48Z INFO  dt_client_bytes] PubAck { pkid: 13 }
2020-08-16T06:33:48.529325174Z  [2020-08-16T06:33:48Z INFO  dt_client_bytes] PubAck { pkid: 14 }
2020-08-16T06:33:48.529357187Z  [2020-08-16T06:33:48Z INFO  dt_client_bytes] PubAck { pkid: 15 }
2020-08-16T06:33:48.530582576Z  [2020-08-16T06:33:48Z INFO  dt_client_bytes] PubAck { pkid: 16 }
2020-08-16T06:33:48.530610641Z  [2020-08-16T06:33:48Z INFO  dt_client_bytes] 27::38162cb0-e585-43d7-b55d-5c240b2bfb7c/3142192f-6bae-4f12-a6f3-5464dc37e790/d0a71d84-b80f-4558-beac-8887750652e3 "27 bP1fKg5jZ2iPQomkU5JXzxOPwDUGvfVcGeTiH4UfUaZtEeF6EZneyycnAFF4k"
2020-08-16T06:33:48.531863913Z  [2020-08-16T06:33:48Z INFO  dt_client_bytes] Publish 28
2020-08-16T06:33:48.542693730Z  [2020-08-16T06:33:48Z INFO  dt_client_bytes] 28::38162cb0-e585-43d7-b55d-5c240b2bfb7c/3142192f-6bae-4f12-a6f3-5464dc37e790/d0a71d84-b80f-4558-beac-8887750652e3 "28 qsT4f6yNGhhjaiIrenR5cp4rfn6pszNyPCWSZtJYsNlALiksBEQsA6IqoCLel"
2020-08-16T06:33:48.542751293Z  [2020-08-16T06:33:48Z INFO  dt_client_bytes] Publish 29
2020-08-16T06:33:48.554868269Z  [2020-08-16T06:33:48Z INFO  dt_client_bytes] 29::38162cb0-e585-43d7-b55d-5c240b2bfb7c/3142192f-6bae-4f12-a6f3-5464dc37e790/d0a71d84-b80f-4558-beac-8887750652e3 "29 Eu66gOq4Bcabvttv2IP1cyAZopWlfvWWLozaHOdDp4u6BxFwXoEXMq8xAzZEe"
2020-08-16T06:33:48.554937773Z  [2020-08-16T06:33:48Z INFO  dt_client_bytes] Publish 30
2020-08-16T06:33:48.567900369Z  [2020-08-16T06:33:48Z INFO  dt_client_bytes] 30::38162cb0-e585-43d7-b55d-5c240b2bfb7c/3142192f-6bae-4f12-a6f3-5464dc37e790/d0a71d84-b80f-4558-beac-8887750652e3 "30 HeyGQ0b3mLe4swWVFzu3zvkZJmt1IHj2JGVv9K0UqhDa1XXzwV4tpMq22dBoa"
2020-08-16T06:33:48.567923924Z  [2020-08-16T06:33:48Z INFO  dt_client_bytes] Publish 31
2020-08-16T06:33:48.578029522Z  [2020-08-16T06:33:48Z INFO  dt_client_bytes] 31::38162cb0-e585-43d7-b55d-5c240b2bfb7c/3142192f-6bae-4f12-a6f3-5464dc37e790/d0a71d84-b80f-4558-beac-8887750652e3 "31 30QAQsZSPMfTLB9w8yk6O6Wz2lSJttG7h3s9Gv1pGv8fRr4KlcA0pWQ60Jt72"
2020-08-16T06:33:48.578057385Z  [2020-08-16T06:33:48Z INFO  dt_client_bytes] Publish 32
2020-08-16T06:33:48.587607086Z  [2020-08-16T06:33:48Z INFO  dt_client_bytes] PubAck { pkid: 17 }
2020-08-16T06:33:48.588771998Z  [2020-08-16T06:33:48Z INFO  dt_client_bytes] PubAck { pkid: 18 }
2020-08-16T06:33:48.588833556Z  [2020-08-16T06:33:48Z INFO  dt_client_bytes] 32::38162cb0-e585-43d7-b55d-5c240b2bfb7c/3142192f-6bae-4f12-a6f3-5464dc37e790/d0a71d84-b80f-4558-beac-8887750652e3 "32 SFG7BH2282SX0MO0JTH3SFEefEyNmc4blp5rx6rmANvgeY8SwbyShbAMDr42l"
2020-08-16T06:33:48.590014374Z  [2020-08-16T06:33:48Z INFO  dt_client_bytes] PubAck { pkid: 19 }
2020-08-16T06:33:48.591180947Z  [2020-08-16T06:33:48Z INFO  dt_client_bytes] PubAck { pkid: 20 }
2020-08-16T06:33:48.591197698Z  [2020-08-16T06:33:48Z INFO  dt_client_bytes] PubAck { pkid: 21 }
2020-08-16T06:33:48.592480912Z  [2020-08-16T06:33:48Z INFO  dt_client_bytes] PubAck { pkid: 22 }
2020-08-16T06:33:48.593783630Z  [2020-08-16T06:33:48Z INFO  dt_client_bytes] Publish 33
2020-08-16T06:33:48.600469904Z  [2020-08-16T06:33:48Z INFO  dt_client_bytes] 33::38162cb0-e585-43d7-b55d-5c240b2bfb7c/3142192f-6bae-4f12-a6f3-5464dc37e790/d0a71d84-b80f-4558-beac-8887750652e3 "33 y2yJGq605RsKTVUv375FndbQ3BrCEZeMRvWQ8xa3fhQnjc6wgMlCyaGMrSLW6"
2020-08-16T06:33:48.600536835Z  [2020-08-16T06:33:48Z INFO  dt_client_bytes] Publish 34
2020-08-16T06:33:48.612461271Z  [2020-08-16T06:33:48Z INFO  dt_client_bytes] 34::38162cb0-e585-43d7-b55d-5c240b2bfb7c/3142192f-6bae-4f12-a6f3-5464dc37e790/d0a71d84-b80f-4558-beac-8887750652e3 "34 VQiFwa8cgKRvjNCOvVdU87eeKfMkfaDbTAKAsQgHWEC08J7kxXZaLdMKZ7VZX"
2020-08-16T06:33:48.612548341Z  [2020-08-16T06:33:48Z INFO  dt_client_bytes] Publish 35
2020-08-16T06:33:48.624853108Z  [2020-08-16T06:33:48Z INFO  dt_client_bytes] 35::38162cb0-e585-43d7-b55d-5c240b2bfb7c/3142192f-6bae-4f12-a6f3-5464dc37e790/d0a71d84-b80f-4558-beac-8887750652e3 "35 bIkxg4laNcaxr1oJ55O5SeFPddYY7pr9xG1vxsAJ6fp1n7pTzIwdOIKij30tI"
2020-08-16T06:33:48.624886203Z  [2020-08-16T06:33:48Z INFO  dt_client_bytes] Publish 36
2020-08-16T06:33:48.635630871Z  [2020-08-16T06:33:48Z INFO  dt_client_bytes] 36::38162cb0-e585-43d7-b55d-5c240b2bfb7c/3142192f-6bae-4f12-a6f3-5464dc37e790/d0a71d84-b80f-4558-beac-8887750652e3 "36 nDiKsSGsgWYlUFbYghDFeOC7cvaIWIp2mkehJeXYozyygxOniI0cklRVU0WLH"
2020-08-16T06:33:48.635663348Z  [2020-08-16T06:33:48Z INFO  dt_client_bytes] Publish 37
2020-08-16T06:33:48.646380071Z  [2020-08-16T06:33:48Z INFO  dt_client_bytes] 37::38162cb0-e585-43d7-b55d-5c240b2bfb7c/3142192f-6bae-4f12-a6f3-5464dc37e790/d0a71d84-b80f-4558-beac-8887750652e3 "37 62viI4MnAMz0xcYd855jEsGjSU3Uew3eLS3TiCRDfqXBOz2InIg2dyE7xNM3O"
2020-08-16T06:33:48.646397167Z  [2020-08-16T06:33:48Z INFO  dt_client_bytes] Publish 38
2020-08-16T06:33:48.651627465Z  [2020-08-16T06:33:48Z INFO  dt_client_bytes] PubAck { pkid: 23 }
2020-08-16T06:33:48.652862976Z  [2020-08-16T06:33:48Z INFO  dt_client_bytes] PubAck { pkid: 24 }
2020-08-16T06:33:48.654029961Z  [2020-08-16T06:33:48Z INFO  dt_client_bytes] PubAck { pkid: 25 }
2020-08-16T06:33:48.655145593Z  [2020-08-16T06:33:48Z INFO  dt_client_bytes] PubAck { pkid: 26 }
2020-08-16T06:33:48.656355192Z  [2020-08-16T06:33:48Z INFO  dt_client_bytes] PubAck { pkid: 27 }
2020-08-16T06:33:48.656377798Z  [2020-08-16T06:33:48Z INFO  dt_client_bytes] 38::38162cb0-e585-43d7-b55d-5c240b2bfb7c/3142192f-6bae-4f12-a6f3-5464dc37e790/d0a71d84-b80f-4558-beac-8887750652e3 "38 qSuMWPmunOVIK95r4omDn0uJFO5tMHLMHUAl4StITIIHVwFi2bYFRuF8vd74b"
2020-08-16T06:33:48.657851472Z  [2020-08-16T06:33:48Z INFO  dt_client_bytes] Publish 39
2020-08-16T06:33:48.668943690Z  [2020-08-16T06:33:48Z INFO  dt_client_bytes] 39::38162cb0-e585-43d7-b55d-5c240b2bfb7c/3142192f-6bae-4f12-a6f3-5464dc37e790/d0a71d84-b80f-4558-beac-8887750652e3 "39 nnT9Af7lSI4vaRdFXf7ujtLwJDZ4JtsKElATs8pUS207cO4lfY3m07ork3tyk"
2020-08-16T06:33:48.668970510Z  [2020-08-16T06:33:48Z INFO  dt_client_bytes] Publish 40
2020-08-16T06:33:48.680790647Z  [2020-08-16T06:33:48Z INFO  dt_client_bytes] 40::38162cb0-e585-43d7-b55d-5c240b2bfb7c/3142192f-6bae-4f12-a6f3-5464dc37e790/d0a71d84-b80f-4558-beac-8887750652e3 "40 moI5PT0qP5X7swQKoBcgk3spS0bm26PggDDNNxWY0o1Y0lQtusKoMxC5qA1FE"
2020-08-16T06:33:48.680854320Z  [2020-08-16T06:33:48Z INFO  dt_client_bytes] Publish 41
2020-08-16T06:33:48.690721867Z  [2020-08-16T06:33:48Z INFO  dt_client_bytes] 41::38162cb0-e585-43d7-b55d-5c240b2bfb7c/3142192f-6bae-4f12-a6f3-5464dc37e790/d0a71d84-b80f-4558-beac-8887750652e3 "41 94OA1nlGrJv67I2f8xOg96M6LkM964WWeRn7YLKPVYqffIRT1Hqr2KytPL0oh"
2020-08-16T06:33:48.690782602Z  [2020-08-16T06:33:48Z INFO  dt_client_bytes] Publish 42
2020-08-16T06:33:48.702167768Z  [2020-08-16T06:33:48Z INFO  dt_client_bytes] 42::38162cb0-e585-43d7-b55d-5c240b2bfb7c/3142192f-6bae-4f12-a6f3-5464dc37e790/d0a71d84-b80f-4558-beac-8887750652e3 "42 wxaSFe1wQD6WoZkAzF1wUTELBYohRw3n0CyPPHgYd20qebRsPk8VapJHGLKa2"
2020-08-16T06:33:48.702192345Z  [2020-08-16T06:33:48Z INFO  dt_client_bytes] Publish 43
2020-08-16T06:33:48.712909442Z  [2020-08-16T06:33:48Z INFO  dt_client_bytes] 43::38162cb0-e585-43d7-b55d-5c240b2bfb7c/3142192f-6bae-4f12-a6f3-5464dc37e790/d0a71d84-b80f-4558-beac-8887750652e3 "43 RAXYvPxaXQjd4jirjwjKL8boxUQ4A8vIG0s57mEysY9czouRlrbL2kPg51L6H"
2020-08-16T06:33:48.712993838Z  [2020-08-16T06:33:48Z INFO  dt_client_bytes] Publish 44
2020-08-16T06:33:48.724381848Z  [2020-08-16T06:33:48Z INFO  dt_client_bytes] 44::38162cb0-e585-43d7-b55d-5c240b2bfb7c/3142192f-6bae-4f12-a6f3-5464dc37e790/d0a71d84-b80f-4558-beac-8887750652e3 "44 uXVmYy2Z47lGHEqclDZjYJmaBkrejHCkEhTXB2tOkkJlmTc4VJt5AgMi2irqP"
2020-08-16T06:33:48.724405625Z  [2020-08-16T06:33:48Z INFO  dt_client_bytes] Publish 45
2020-08-16T06:33:48.735637706Z  [2020-08-16T06:33:48Z INFO  dt_client_bytes] PubAck { pkid: 28 }
2020-08-16T06:33:48.735657309Z  [2020-08-16T06:33:48Z INFO  dt_client_bytes] 45::38162cb0-e585-43d7-b55d-5c240b2bfb7c/3142192f-6bae-4f12-a6f3-5464dc37e790/d0a71d84-b80f-4558-beac-8887750652e3 "45 wdOO0wIAxWkXQl96JodBmuRKAIGGVIfLH9A00fpm96i8wu0Xml8gyijytaeo1"
2020-08-16T06:33:48.736981266Z  [2020-08-16T06:33:48Z INFO  dt_client_bytes] PubAck { pkid: 29 }
2020-08-16T06:33:48.737858932Z  [2020-08-16T06:33:48Z INFO  dt_client_bytes] PubAck { pkid: 30 }
2020-08-16T06:33:48.739110551Z  [2020-08-16T06:33:48Z INFO  dt_client_bytes] PubAck { pkid: 31 }
2020-08-16T06:33:48.740347554Z  [2020-08-16T06:33:48Z INFO  dt_client_bytes] Publish 46
2020-08-16T06:33:48.741585653Z  [2020-08-16T06:33:48Z INFO  dt_client_bytes] PubAck { pkid: 32 }
2020-08-16T06:33:48.747397804Z  [2020-08-16T06:33:48Z INFO  dt_client_bytes] 46::38162cb0-e585-43d7-b55d-5c240b2bfb7c/3142192f-6bae-4f12-a6f3-5464dc37e790/d0a71d84-b80f-4558-beac-8887750652e3 "46 vroMj9Bj6BSgqddPvj3IXr3CbC4CcL08vjnaIvbzusW96FnBuihA1IdlmjY4R"
2020-08-16T06:33:48.747488375Z  [2020-08-16T06:33:48Z INFO  dt_client_bytes] Publish 47
2020-08-16T06:33:48.759085050Z  [2020-08-16T06:33:48Z INFO  dt_client_bytes] 47::38162cb0-e585-43d7-b55d-5c240b2bfb7c/3142192f-6bae-4f12-a6f3-5464dc37e790/d0a71d84-b80f-4558-beac-8887750652e3 "47 JTTIjvnhnOuQyA2CdkvPwHjU53j4Sp55CWDyEJVkcGD3ibpCvmqfX9jUcIfZ5"
2020-08-16T06:33:48.759162854Z  [2020-08-16T06:33:48Z INFO  dt_client_bytes] Publish 48
2020-08-16T06:33:48.771160640Z  [2020-08-16T06:33:48Z INFO  dt_client_bytes] 48::38162cb0-e585-43d7-b55d-5c240b2bfb7c/3142192f-6bae-4f12-a6f3-5464dc37e790/d0a71d84-b80f-4558-beac-8887750652e3 "48 N5kUW5TI1uKEDfebnIiNuENKrK8wk8vkLqbPqsUx9VgBHCSrbqhPAUrlgbvjL"
2020-08-16T06:33:48.771249415Z  [2020-08-16T06:33:48Z INFO  dt_client_bytes] Publish 49
2020-08-16T06:33:48.783796024Z  [2020-08-16T06:33:48Z INFO  dt_client_bytes] 49::38162cb0-e585-43d7-b55d-5c240b2bfb7c/3142192f-6bae-4f12-a6f3-5464dc37e790/d0a71d84-b80f-4558-beac-8887750652e3 "49 jekXbb1AYNfsP7DzDcenjbXSc14ukffXu94g0a8e3do55Oa0VmVPUH8hiTNMh"
2020-08-16T06:33:48.783826948Z  [2020-08-16T06:33:48Z INFO  dt_client_bytes] Publish 50
2020-08-16T06:33:48.783887042Z  [2020-08-16T06:33:48Z INFO  dt_client_bytes] PubAck { pkid: 33 }
2020-08-16T06:33:48.784825643Z  [2020-08-16T06:33:48Z INFO  dt_client_bytes] PubAck { pkid: 34 }
2020-08-16T06:33:48.785975161Z  [2020-08-16T06:33:48Z INFO  dt_client_bytes] PubAck { pkid: 35 }
2020-08-16T06:33:48.787175389Z  [2020-08-16T06:33:48Z INFO  dt_client_bytes] PubAck { pkid: 36 }
2020-08-16T06:33:48.788384481Z  [2020-08-16T06:33:48Z INFO  dt_client_bytes] PubAck { pkid: 37 }
2020-08-16T06:33:48.789606124Z  [2020-08-16T06:33:48Z INFO  dt_client_bytes] PubAck { pkid: 38 }
2020-08-16T06:33:48.793275893Z  [2020-08-16T06:33:48Z INFO  dt_client_bytes] 50::38162cb0-e585-43d7-b55d-5c240b2bfb7c/3142192f-6bae-4f12-a6f3-5464dc37e790/d0a71d84-b80f-4558-beac-8887750652e3 "50 4dCSqcDQA72tyQtahoQEghXbC2ufH34JV0IUMSi3pVBUA4Pl2xgACzlyPljGw"
2020-08-16T06:33:48.793337349Z  [2020-08-16T06:33:48Z INFO  dt_client_bytes] Publish 51
2020-08-16T06:33:48.803813206Z  [2020-08-16T06:33:48Z INFO  dt_client_bytes] 51::38162cb0-e585-43d7-b55d-5c240b2bfb7c/3142192f-6bae-4f12-a6f3-5464dc37e790/d0a71d84-b80f-4558-beac-8887750652e3 "51 0brNUSc4of5dCQ5SSe0eksJMQxrAluFa7H1gtI63LUNKEtbiSfXK2QVHYIhNG"
2020-08-16T06:33:48.803882862Z  [2020-08-16T06:33:48Z INFO  dt_client_bytes] Publish 52
2020-08-16T06:33:48.815511930Z  [2020-08-16T06:33:48Z INFO  dt_client_bytes] 52::38162cb0-e585-43d7-b55d-5c240b2bfb7c/3142192f-6bae-4f12-a6f3-5464dc37e790/d0a71d84-b80f-4558-beac-8887750652e3 "52 xUTb3ZzDRcjNNQmX8nYL6y8o7rD0DLHgF4klhnFVFPuuTjKXaTqokGpMm3SVA"
2020-08-16T06:33:48.815598947Z  [2020-08-16T06:33:48Z INFO  dt_client_bytes] Publish 53
2020-08-16T06:33:48.827190944Z  [2020-08-16T06:33:48Z INFO  dt_client_bytes] 53::38162cb0-e585-43d7-b55d-5c240b2bfb7c/3142192f-6bae-4f12-a6f3-5464dc37e790/d0a71d84-b80f-4558-beac-8887750652e3 "53 DJTOIkUJJs6THdmxIVCFKU6RObxj4PCl6EOsMSd9YtoUbrrpVEwCpBjGVYBjK"
2020-08-16T06:33:48.827630605Z  [2020-08-16T06:33:48Z INFO  dt_client_bytes] Publish 54
2020-08-16T06:33:48.838715898Z  [2020-08-16T06:33:48Z INFO  dt_client_bytes] 54::38162cb0-e585-43d7-b55d-5c240b2bfb7c/3142192f-6bae-4f12-a6f3-5464dc37e790/d0a71d84-b80f-4558-beac-8887750652e3 "54 AK1v6V3TJgfyqaWLHij6kIf2VRWhp2cA72dd1BXW52t8cVsnYkScM9XnORpYm"
2020-08-16T06:33:48.839281931Z  [2020-08-16T06:33:48Z INFO  dt_client_bytes] Publish 55
2020-08-16T06:33:48.850782747Z  [2020-08-16T06:33:48Z INFO  dt_client_bytes] 55::38162cb0-e585-43d7-b55d-5c240b2bfb7c/3142192f-6bae-4f12-a6f3-5464dc37e790/d0a71d84-b80f-4558-beac-8887750652e3 "55 aRz2ogyfORSh1fCbdr30aGDHDPBe31QgGHAZUn39hi3zqEwrmAvH3t40EiW8o"
2020-08-16T06:33:48.850820757Z  [2020-08-16T06:33:48Z INFO  dt_client_bytes] Publish 56
2020-08-16T06:33:48.852417175Z  [2020-08-16T06:33:48Z INFO  dt_client_bytes] PubAck { pkid: 39 }
2020-08-16T06:33:48.852502329Z  [2020-08-16T06:33:48Z INFO  dt_client_bytes] PubAck { pkid: 40 }
2020-08-16T06:33:48.853718379Z  [2020-08-16T06:33:48Z INFO  dt_client_bytes] PubAck { pkid: 41 }
2020-08-16T06:33:48.854925954Z  [2020-08-16T06:33:48Z INFO  dt_client_bytes] PubAck { pkid: 42 }
2020-08-16T06:33:48.856194107Z  [2020-08-16T06:33:48Z INFO  dt_client_bytes] PubAck { pkid: 43 }
2020-08-16T06:33:48.857443615Z  [2020-08-16T06:33:48Z INFO  dt_client_bytes] PubAck { pkid: 44 }
2020-08-16T06:33:48.858646040Z  [2020-08-16T06:33:48Z INFO  dt_client_bytes] PubAck { pkid: 45 }
2020-08-16T06:33:48.861923379Z  [2020-08-16T06:33:48Z INFO  dt_client_bytes] 56::38162cb0-e585-43d7-b55d-5c240b2bfb7c/3142192f-6bae-4f12-a6f3-5464dc37e790/d0a71d84-b80f-4558-beac-8887750652e3 "56 YgLvtXwXQGmUI0o9D5rkXWsx3b9A7JtBKCiTICR6a2dR2dmypYpYtD9a5ZeNB"
2020-08-16T06:33:48.861988550Z  [2020-08-16T06:33:48Z INFO  dt_client_bytes] Publish 57
2020-08-16T06:33:48.873528788Z  [2020-08-16T06:33:48Z INFO  dt_client_bytes] 57::38162cb0-e585-43d7-b55d-5c240b2bfb7c/3142192f-6bae-4f12-a6f3-5464dc37e790/d0a71d84-b80f-4558-beac-8887750652e3 "57 QkRCqi6W2lGJRtHgB5KQiTtVsUQ31mpS2cQ7gudUDLsLCmwDI2C0foW1HjZ3G"
2020-08-16T06:33:48.873546596Z  [2020-08-16T06:33:48Z INFO  dt_client_bytes] Publish 58
2020-08-16T06:33:48.885056323Z  [2020-08-16T06:33:48Z INFO  dt_client_bytes] 58::38162cb0-e585-43d7-b55d-5c240b2bfb7c/3142192f-6bae-4f12-a6f3-5464dc37e790/d0a71d84-b80f-4558-beac-8887750652e3 "58 4DiwGsdxCmSSAmt0ob9W1AxGDmpYFUkdMHGsoXq0OgBvjJDrTibfSZgeBxHtW"
2020-08-16T06:33:48.885081038Z  [2020-08-16T06:33:48Z INFO  dt_client_bytes] Publish 59
2020-08-16T06:33:48.896230602Z  [2020-08-16T06:33:48Z INFO  dt_client_bytes] 59::38162cb0-e585-43d7-b55d-5c240b2bfb7c/3142192f-6bae-4f12-a6f3-5464dc37e790/d0a71d84-b80f-4558-beac-8887750652e3 "59 LmbkcXCgxaUgZg4jZOlKK790CHGxyxPV3PP9fS5C1fDmlRpFMP8czK59lQmUW"
2020-08-16T06:33:48.896245184Z  [2020-08-16T06:33:48Z INFO  dt_client_bytes] Publish 60
2020-08-16T06:33:48.906588829Z  [2020-08-16T06:33:48Z INFO  dt_client_bytes] 60::38162cb0-e585-43d7-b55d-5c240b2bfb7c/3142192f-6bae-4f12-a6f3-5464dc37e790/d0a71d84-b80f-4558-beac-8887750652e3 "60 AsEnSdHZVkGU4xRvxkXcNAypxxQyV3bISWlqv1MFiniLU0i280tq1zRDqpzis"
2020-08-16T06:33:48.906654304Z  [2020-08-16T06:33:48Z INFO  dt_client_bytes] Publish 61
2020-08-16T06:33:48.915700589Z  [2020-08-16T06:33:48Z INFO  dt_client_bytes] PubAck { pkid: 46 }
2020-08-16T06:33:48.916928244Z  [2020-08-16T06:33:48Z INFO  dt_client_bytes] PubAck { pkid: 47 }
2020-08-16T06:33:48.918406803Z  [2020-08-16T06:33:48Z INFO  dt_client_bytes] PubAck { pkid: 48 }
2020-08-16T06:33:48.918477765Z  [2020-08-16T06:33:48Z INFO  dt_client_bytes] 61::38162cb0-e585-43d7-b55d-5c240b2bfb7c/3142192f-6bae-4f12-a6f3-5464dc37e790/d0a71d84-b80f-4558-beac-8887750652e3 "61 3qb8JllniYpmFrxHZ80nno6K1xY7tEKcDEFf8b4FApe2GLrygudsojlA7WyhK"
2020-08-16T06:33:48.919637362Z  [2020-08-16T06:33:48Z INFO  dt_client_bytes] Publish 62
2020-08-16T06:33:48.919661615Z  [2020-08-16T06:33:48Z INFO  dt_client_bytes] PubAck { pkid: 49 }
2020-08-16T06:33:48.920750688Z  [2020-08-16T06:33:48Z INFO  dt_client_bytes] PubAck { pkid: 50 }
2020-08-16T06:33:48.930306184Z  [2020-08-16T06:33:48Z INFO  dt_client_bytes] 62::38162cb0-e585-43d7-b55d-5c240b2bfb7c/3142192f-6bae-4f12-a6f3-5464dc37e790/d0a71d84-b80f-4558-beac-8887750652e3 "62 EEzb1VTHhToulCxVM0YKjGdPQnndgySRfz4JIt8uPGL0Kln4IcN4fJZmPk2uG"
2020-08-16T06:33:48.930323687Z  [2020-08-16T06:33:48Z INFO  dt_client_bytes] Publish 63
2020-08-16T06:33:48.941671895Z  [2020-08-16T06:33:48Z INFO  dt_client_bytes] 63::38162cb0-e585-43d7-b55d-5c240b2bfb7c/3142192f-6bae-4f12-a6f3-5464dc37e790/d0a71d84-b80f-4558-beac-8887750652e3 "63 uDrKhfNDvTfh39EmrD0J9SgTo4NxVncueGIdRuHdUeJtI265lKsXWqnNIg85B"
2020-08-16T06:33:48.941689056Z  [2020-08-16T06:33:48Z INFO  dt_client_bytes] Publish 64
2020-08-16T06:33:48.951724468Z  [2020-08-16T06:33:48Z INFO  dt_client_bytes] 64::38162cb0-e585-43d7-b55d-5c240b2bfb7c/3142192f-6bae-4f12-a6f3-5464dc37e790/d0a71d84-b80f-4558-beac-8887750652e3 "64 pJ0GSmmIsVK2dBtzLIKkdYR77St3YeSdK6phVfrl3abd1uIv3KoYySrOxA6W0"
2020-08-16T06:33:48.951764755Z  [2020-08-16T06:33:48Z INFO  dt_client_bytes] Publish 65
2020-08-16T06:33:48.963342174Z  [2020-08-16T06:33:48Z INFO  dt_client_bytes] 65::38162cb0-e585-43d7-b55d-5c240b2bfb7c/3142192f-6bae-4f12-a6f3-5464dc37e790/d0a71d84-b80f-4558-beac-8887750652e3 "65 CEKB1zV0IUjawRG8xPdHIv2YiJC6md6CzMR7ttD6ITemYgCYGnmebaeP4NWqr"
2020-08-16T06:33:48.963410999Z  [2020-08-16T06:33:48Z INFO  dt_client_bytes] Publish 66
2020-08-16T06:33:48.974987406Z  [2020-08-16T06:33:48Z INFO  dt_client_bytes] 66::38162cb0-e585-43d7-b55d-5c240b2bfb7c/3142192f-6bae-4f12-a6f3-5464dc37e790/d0a71d84-b80f-4558-beac-8887750652e3 "66 4y2MXuhmCMbrR6jMJjZH3XCkTCQ0ap54CXgbYp9CjvxY3Gt3VC8M1GxTh7xBG"
2020-08-16T06:33:48.975030744Z  [2020-08-16T06:33:48Z INFO  dt_client_bytes] Publish 67
2020-08-16T06:33:48.986866812Z  [2020-08-16T06:33:48Z INFO  dt_client_bytes] 67::38162cb0-e585-43d7-b55d-5c240b2bfb7c/3142192f-6bae-4f12-a6f3-5464dc37e790/d0a71d84-b80f-4558-beac-8887750652e3 "67 pVn9N4zaq3U9rDnM7YrcqyVWDRHwFV48UMNAtXie6SrYl6O4S9FWNknjSPRrN"
2020-08-16T06:33:48.987012963Z  [2020-08-16T06:33:48Z INFO  dt_client_bytes] Publish 68
2020-08-16T06:33:48.994015941Z  [2020-08-16T06:33:48Z INFO  dt_client_bytes] PubAck { pkid: 51 }
2020-08-16T06:33:48.995234159Z  [2020-08-16T06:33:48Z INFO  dt_client_bytes] PubAck { pkid: 52 }
2020-08-16T06:33:48.996465237Z  [2020-08-16T06:33:48Z INFO  dt_client_bytes] PubAck { pkid: 53 }
2020-08-16T06:33:48.997831748Z  [2020-08-16T06:33:48Z INFO  dt_client_bytes] PubAck { pkid: 54 }
2020-08-16T06:33:48.997907249Z  [2020-08-16T06:33:48Z INFO  dt_client_bytes] 68::38162cb0-e585-43d7-b55d-5c240b2bfb7c/3142192f-6bae-4f12-a6f3-5464dc37e790/d0a71d84-b80f-4558-beac-8887750652e3 "68 5E8JxNgygscmbnP6B0bSvyuMzekTL9H5yc7TrUtVb32HfTLVdPIMJEm295UL3"
2020-08-16T06:33:48.999647562Z  [2020-08-16T06:33:48Z INFO  dt_client_bytes] PubAck { pkid: 55 }
2020-08-16T06:33:49.000235237Z  [2020-08-16T06:33:48Z INFO  dt_client_bytes] PubAck { pkid: 56 }
2020-08-16T06:33:49.001565758Z  [2020-08-16T06:33:49Z INFO  dt_client_bytes] Publish 69
2020-08-16T06:33:49.009517625Z  [2020-08-16T06:33:49Z INFO  dt_client_bytes] 69::38162cb0-e585-43d7-b55d-5c240b2bfb7c/3142192f-6bae-4f12-a6f3-5464dc37e790/d0a71d84-b80f-4558-beac-8887750652e3 "69 hqqZfMlUjhEAay1sVTNWQCfn5PUM7KPKCEkd0v7XgpsSWMVHOSWjWMORC0XOf"
2020-08-16T06:33:49.009552301Z  [2020-08-16T06:33:49Z INFO  dt_client_bytes] Publish 70
2020-08-16T06:33:49.020963158Z  [2020-08-16T06:33:49Z INFO  dt_client_bytes] 70::38162cb0-e585-43d7-b55d-5c240b2bfb7c/3142192f-6bae-4f12-a6f3-5464dc37e790/d0a71d84-b80f-4558-beac-8887750652e3 "70 vJqBKH4yNUnREu20TPgm71iEVyHKW8jnONuLHTeFJc0tOrwyzTWY9hbji04IL"
2020-08-16T06:33:49.021028843Z  [2020-08-16T06:33:49Z INFO  dt_client_bytes] Publish 71
2020-08-16T06:33:49.032615042Z  [2020-08-16T06:33:49Z INFO  dt_client_bytes] 71::38162cb0-e585-43d7-b55d-5c240b2bfb7c/3142192f-6bae-4f12-a6f3-5464dc37e790/d0a71d84-b80f-4558-beac-8887750652e3 "71 Ow7DviBwdRVNz15W1SOpv2D3Tt4ktVUwceS550SzyxyqLHWUesmJicuFto0Fr"
2020-08-16T06:33:49.032693853Z  [2020-08-16T06:33:49Z INFO  dt_client_bytes] Publish 72
2020-08-16T06:33:49.044082920Z  [2020-08-16T06:33:49Z INFO  dt_client_bytes] 72::38162cb0-e585-43d7-b55d-5c240b2bfb7c/3142192f-6bae-4f12-a6f3-5464dc37e790/d0a71d84-b80f-4558-beac-8887750652e3 "72 pFrIbvjpKVPGeI21O9xCEXJTJvgSK34Y0TOudRbScJ7c7LLowovUawJ96WrU7"
2020-08-16T06:33:49.044107045Z  [2020-08-16T06:33:49Z INFO  dt_client_bytes] Publish 73
2020-08-16T06:33:49.054665310Z  [2020-08-16T06:33:49Z INFO  dt_client_bytes] 73::38162cb0-e585-43d7-b55d-5c240b2bfb7c/3142192f-6bae-4f12-a6f3-5464dc37e790/d0a71d84-b80f-4558-beac-8887750652e3 "73 6UupbsJcXAadUZPXgt9dBr7lgoDNrh7YkLnBBDqK4VrbnFSVDhF6LGPIcVquI"
2020-08-16T06:33:49.054733187Z  [2020-08-16T06:33:49Z INFO  dt_client_bytes] Publish 74
2020-08-16T06:33:49.062448490Z  [2020-08-16T06:33:49Z INFO  dt_client_bytes] PubAck { pkid: 57 }
2020-08-16T06:33:49.063629263Z  [2020-08-16T06:33:49Z INFO  dt_client_bytes] PubAck { pkid: 58 }
2020-08-16T06:33:49.064787777Z  [2020-08-16T06:33:49Z INFO  dt_client_bytes] PubAck { pkid: 59 }
2020-08-16T06:33:49.066004362Z  [2020-08-16T06:33:49Z INFO  dt_client_bytes] PubAck { pkid: 60 }
2020-08-16T06:33:49.066022146Z  [2020-08-16T06:33:49Z INFO  dt_client_bytes] 74::38162cb0-e585-43d7-b55d-5c240b2bfb7c/3142192f-6bae-4f12-a6f3-5464dc37e790/d0a71d84-b80f-4558-beac-8887750652e3 "74 oegmMalEMGPbM73iyRlyWizdYhVkrLw5EXnX3UvS7cObetsd3XEez6RSRRi3z"
2020-08-16T06:33:49.067207699Z  [2020-08-16T06:33:49Z INFO  dt_client_bytes] Publish 75
2020-08-16T06:33:49.067225512Z  [2020-08-16T06:33:49Z INFO  dt_client_bytes] PubAck { pkid: 61 }
2020-08-16T06:33:49.077009109Z  [2020-08-16T06:33:49Z INFO  dt_client_bytes] 75::38162cb0-e585-43d7-b55d-5c240b2bfb7c/3142192f-6bae-4f12-a6f3-5464dc37e790/d0a71d84-b80f-4558-beac-8887750652e3 "75 tfTcwwHnPHKhmvplGR8zRSbcVL5Etme4mjZJgmaWfTM8SLQtLjmhezwjLvOYX"
2020-08-16T06:33:49.077026201Z  [2020-08-16T06:33:49Z INFO  dt_client_bytes] Publish 76
2020-08-16T06:33:49.089255424Z  [2020-08-16T06:33:49Z INFO  dt_client_bytes] 76::38162cb0-e585-43d7-b55d-5c240b2bfb7c/3142192f-6bae-4f12-a6f3-5464dc37e790/d0a71d84-b80f-4558-beac-8887750652e3 "76 bMwvZJgb6NioAcewiYhSdkmm1YrYEKYGBFRKjx92BD0LugoPQ0XVb1N32iHT9"
2020-08-16T06:33:49.089293627Z  [2020-08-16T06:33:49Z INFO  dt_client_bytes] Publish 77
2020-08-16T06:33:49.100567734Z  [2020-08-16T06:33:49Z INFO  dt_client_bytes] 77::38162cb0-e585-43d7-b55d-5c240b2bfb7c/3142192f-6bae-4f12-a6f3-5464dc37e790/d0a71d84-b80f-4558-beac-8887750652e3 "77 nFscTIpNgwVbQxwJ2uAthb9XRNHqskJzX67JhSv36GmKJADgM4vS3Jp0zDOyj"
2020-08-16T06:33:49.100607586Z  [2020-08-16T06:33:49Z INFO  dt_client_bytes] Publish 78
2020-08-16T06:33:49.111393986Z  [2020-08-16T06:33:49Z INFO  dt_client_bytes] 78::38162cb0-e585-43d7-b55d-5c240b2bfb7c/3142192f-6bae-4f12-a6f3-5464dc37e790/d0a71d84-b80f-4558-beac-8887750652e3 "78 OqCpgtqnNnQHrJk6nTSgiMQH0TepifIlqG9qPRPLk5rMnMJUBAx41ujg6XxkH"
2020-08-16T06:33:49.111424562Z  [2020-08-16T06:33:49Z INFO  dt_client_bytes] Publish 79
2020-08-16T06:33:49.113032038Z  [2020-08-16T06:33:49Z INFO  dt_client_bytes] PubAck { pkid: 62 }
2020-08-16T06:33:49.114303591Z  [2020-08-16T06:33:49Z INFO  dt_client_bytes] PubAck { pkid: 63 }
2020-08-16T06:33:49.115810330Z  [2020-08-16T06:33:49Z INFO  dt_client_bytes] PubAck { pkid: 64 }
2020-08-16T06:33:49.115840652Z  [2020-08-16T06:33:49Z INFO  dt_client_bytes] PubAck { pkid: 65 }
2020-08-16T06:33:49.116840781Z  [2020-08-16T06:33:49Z INFO  dt_client_bytes] PubAck { pkid: 66 }
2020-08-16T06:33:49.118125140Z  [2020-08-16T06:33:49Z INFO  dt_client_bytes] PubAck { pkid: 67 }
2020-08-16T06:33:49.119393400Z  [2020-08-16T06:33:49Z INFO  dt_client_bytes] PubAck { pkid: 68 }
2020-08-16T06:33:49.122093858Z  [2020-08-16T06:33:49Z INFO  dt_client_bytes] 79::38162cb0-e585-43d7-b55d-5c240b2bfb7c/3142192f-6bae-4f12-a6f3-5464dc37e790/d0a71d84-b80f-4558-beac-8887750652e3 "79 29zlEzzgOk5KmZQFv1Edjsurm5cRgMiLqk00zoIB9rMcVNzZWVzVtcLEbxPy9"
2020-08-16T06:33:49.122145282Z  [2020-08-16T06:33:49Z INFO  dt_client_bytes] Publish 80
2020-08-16T06:33:49.132726058Z  [2020-08-16T06:33:49Z INFO  dt_client_bytes] 80::38162cb0-e585-43d7-b55d-5c240b2bfb7c/3142192f-6bae-4f12-a6f3-5464dc37e790/d0a71d84-b80f-4558-beac-8887750652e3 "80 FAUdqe7RBEn1P6vaiqqI5HnqZKVrKPma6stFaeA9krFRDQ6YPZKhZC33FbW1M"
2020-08-16T06:33:49.132799767Z  [2020-08-16T06:33:49Z INFO  dt_client_bytes] Publish 81
2020-08-16T06:33:49.144220823Z  [2020-08-16T06:33:49Z INFO  dt_client_bytes] 81::38162cb0-e585-43d7-b55d-5c240b2bfb7c/3142192f-6bae-4f12-a6f3-5464dc37e790/d0a71d84-b80f-4558-beac-8887750652e3 "81 QVXtxas2B93WfMMnmhag9sHWzaiXKsV89shlw59ophB784UXsunIZ7lprmnaF"
2020-08-16T06:33:49.144305286Z  [2020-08-16T06:33:49Z INFO  dt_client_bytes] Publish 82
2020-08-16T06:33:49.154926805Z  [2020-08-16T06:33:49Z INFO  dt_client_bytes] 82::38162cb0-e585-43d7-b55d-5c240b2bfb7c/3142192f-6bae-4f12-a6f3-5464dc37e790/d0a71d84-b80f-4558-beac-8887750652e3 "82 ZhPdOXRlxZcSI7kNBxBWeNs4qu85DWNBiUoKvbvHDjiBsAnbSMYdWYYCow1Ab"
2020-08-16T06:33:49.154949678Z  [2020-08-16T06:33:49Z INFO  dt_client_bytes] Publish 83
2020-08-16T06:33:49.166192600Z  [2020-08-16T06:33:49Z INFO  dt_client_bytes] 83::38162cb0-e585-43d7-b55d-5c240b2bfb7c/3142192f-6bae-4f12-a6f3-5464dc37e790/d0a71d84-b80f-4558-beac-8887750652e3 "83 TNZLeihPfs4Djjm2Ux5m4wkC3EsuCFzyRQTDL9gajSg99fwM3hXGlS4yCoOwT"
2020-08-16T06:33:49.166266114Z  [2020-08-16T06:33:49Z INFO  dt_client_bytes] Publish 84
2020-08-16T06:33:49.175757811Z  [2020-08-16T06:33:49Z INFO  dt_client_bytes] PubAck { pkid: 69 }
2020-08-16T06:33:49.177091078Z  [2020-08-16T06:33:49Z INFO  dt_client_bytes] PubAck { pkid: 70 }
2020-08-16T06:33:49.177161494Z  [2020-08-16T06:33:49Z INFO  dt_client_bytes] 84::38162cb0-e585-43d7-b55d-5c240b2bfb7c/3142192f-6bae-4f12-a6f3-5464dc37e790/d0a71d84-b80f-4558-beac-8887750652e3 "84 LZ2JvCcdFLMDc7WQOYwWQ0OA1egdSr510oeUDHqgNwqD0O00ZkexgL7WZpwtJ"
2020-08-16T06:33:49.178337941Z  [2020-08-16T06:33:49Z INFO  dt_client_bytes] PubAck { pkid: 71 }
2020-08-16T06:33:49.178411099Z  [2020-08-16T06:33:49Z INFO  dt_client_bytes] PubAck { pkid: 72 }
2020-08-16T06:33:49.179659780Z  [2020-08-16T06:33:49Z INFO  dt_client_bytes] PubAck { pkid: 73 }
2020-08-16T06:33:49.181214243Z  [2020-08-16T06:33:49Z INFO  dt_client_bytes] PubAck { pkid: 74 }
2020-08-16T06:33:49.182277085Z  [2020-08-16T06:33:49Z INFO  dt_client_bytes] Publish 85
2020-08-16T06:33:49.188059270Z  [2020-08-16T06:33:49Z INFO  dt_client_bytes] 85::38162cb0-e585-43d7-b55d-5c240b2bfb7c/3142192f-6bae-4f12-a6f3-5464dc37e790/d0a71d84-b80f-4558-beac-8887750652e3 "85 tPTHVc9a6ZnIr27JQUhrgBUzY1ZaHsag7yKQv65kxshkKppsxzgNt4HbR3Gih"
2020-08-16T06:33:49.188142805Z  [2020-08-16T06:33:49Z INFO  dt_client_bytes] Publish 86
2020-08-16T06:33:49.199775412Z  [2020-08-16T06:33:49Z INFO  dt_client_bytes] 86::38162cb0-e585-43d7-b55d-5c240b2bfb7c/3142192f-6bae-4f12-a6f3-5464dc37e790/d0a71d84-b80f-4558-beac-8887750652e3 "86 gb3nCIm7EhNpDjU76sMK3nF5yalrIgrPNMMju0cvqXmGDbledFu5GpNd0DM7C"
2020-08-16T06:33:49.199863337Z  [2020-08-16T06:33:49Z INFO  dt_client_bytes] Publish 87
2020-08-16T06:33:49.211515255Z  [2020-08-16T06:33:49Z INFO  dt_client_bytes] 87::38162cb0-e585-43d7-b55d-5c240b2bfb7c/3142192f-6bae-4f12-a6f3-5464dc37e790/d0a71d84-b80f-4558-beac-8887750652e3 "87 nMo3MiL4eEQmFc9I6AOypPWZ0hKXWvlf4veEeBH4WE71z284tNXlVaDcLCKxe"
2020-08-16T06:33:49.211599368Z  [2020-08-16T06:33:49Z INFO  dt_client_bytes] Publish 88
2020-08-16T06:33:49.219230344Z  [2020-08-16T06:33:49Z INFO  dt_client_bytes] PubAck { pkid: 75 }
2020-08-16T06:33:49.219253639Z  [2020-08-16T06:33:49Z INFO  dt_client_bytes] PubAck { pkid: 76 }
2020-08-16T06:33:49.220403571Z  [2020-08-16T06:33:49Z INFO  dt_client_bytes] PubAck { pkid: 77 }
2020-08-16T06:33:49.221592748Z  [2020-08-16T06:33:49Z INFO  dt_client_bytes] PubAck { pkid: 78 }
2020-08-16T06:33:49.222848041Z  [2020-08-16T06:33:49Z INFO  dt_client_bytes] PubAck { pkid: 79 }
2020-08-16T06:33:49.222882500Z  [2020-08-16T06:33:49Z INFO  dt_client_bytes] 88::38162cb0-e585-43d7-b55d-5c240b2bfb7c/3142192f-6bae-4f12-a6f3-5464dc37e790/d0a71d84-b80f-4558-beac-8887750652e3 "88 jIhIc9t0biZ1vpMXWjZUfnZlzjJ8IJWxU4FZjbrBPICzwRW5J5nTBo3JW5tIA"
2020-08-16T06:33:49.224085409Z  [2020-08-16T06:33:49Z INFO  dt_client_bytes] Publish 89
2020-08-16T06:33:49.233710181Z  [2020-08-16T06:33:49Z INFO  dt_client_bytes] 89::38162cb0-e585-43d7-b55d-5c240b2bfb7c/3142192f-6bae-4f12-a6f3-5464dc37e790/d0a71d84-b80f-4558-beac-8887750652e3 "89 KA9BwU6eQIBbKrKdvNAdAICglMRWwwUTLS43U7NHPgaT1T7qvIin44PjOlIFV"
2020-08-16T06:33:49.233734929Z  [2020-08-16T06:33:49Z INFO  dt_client_bytes] Publish 90
2020-08-16T06:33:49.245376159Z  [2020-08-16T06:33:49Z INFO  dt_client_bytes] 90::38162cb0-e585-43d7-b55d-5c240b2bfb7c/3142192f-6bae-4f12-a6f3-5464dc37e790/d0a71d84-b80f-4558-beac-8887750652e3 "90 KiEhBLRwrepMuBExTQgAQObnXi8Esm0Tpq3B1fyT3UkYMAa2RE1hsCJTp2HNX"
2020-08-16T06:33:49.245478180Z  [2020-08-16T06:33:49Z INFO  dt_client_bytes] Publish 91
2020-08-16T06:33:49.257045781Z  [2020-08-16T06:33:49Z INFO  dt_client_bytes] 91::38162cb0-e585-43d7-b55d-5c240b2bfb7c/3142192f-6bae-4f12-a6f3-5464dc37e790/d0a71d84-b80f-4558-beac-8887750652e3 "91 6if8rF6YJfI6rYbGyr6yp8jpWSelCeTILUpX4xodoYsxDctxU2SZQMBVJn4gD"
2020-08-16T06:33:49.257125350Z  [2020-08-16T06:33:49Z INFO  dt_client_bytes] Publish 92
2020-08-16T06:33:49.268723256Z  [2020-08-16T06:33:49Z INFO  dt_client_bytes] 92::38162cb0-e585-43d7-b55d-5c240b2bfb7c/3142192f-6bae-4f12-a6f3-5464dc37e790/d0a71d84-b80f-4558-beac-8887750652e3 "92 jHuBHzYfOEfU5HzJ5N01jkBaJkP2qts7x3J9c3G4KAf4VsswIpHc86MiwYyXQ"
2020-08-16T06:33:49.268809041Z  [2020-08-16T06:33:49Z INFO  dt_client_bytes] Publish 93
2020-08-16T06:33:49.280294508Z  [2020-08-16T06:33:49Z INFO  dt_client_bytes] 93::38162cb0-e585-43d7-b55d-5c240b2bfb7c/3142192f-6bae-4f12-a6f3-5464dc37e790/d0a71d84-b80f-4558-beac-8887750652e3 "93 3Cgzi2Yqood1uHhzLYytaa6uGj7eDkiHxo9jd0j7pF2FQy8FWrdmCWGFBwDh3"
2020-08-16T06:33:49.280320110Z  [2020-08-16T06:33:49Z INFO  dt_client_bytes] Publish 94
2020-08-16T06:33:49.285177093Z  [2020-08-16T06:33:49Z INFO  dt_client_bytes] PubAck { pkid: 80 }
2020-08-16T06:33:49.285688256Z  [2020-08-16T06:33:49Z INFO  dt_client_bytes] PubAck { pkid: 81 }
2020-08-16T06:33:49.286847069Z  [2020-08-16T06:33:49Z INFO  dt_client_bytes] PubAck { pkid: 82 }
2020-08-16T06:33:49.288016240Z  [2020-08-16T06:33:49Z INFO  dt_client_bytes] PubAck { pkid: 83 }
2020-08-16T06:33:49.289202351Z  [2020-08-16T06:33:49Z INFO  dt_client_bytes] PubAck { pkid: 84 }
2020-08-16T06:33:49.291637367Z  [2020-08-16T06:33:49Z INFO  dt_client_bytes] 94::38162cb0-e585-43d7-b55d-5c240b2bfb7c/3142192f-6bae-4f12-a6f3-5464dc37e790/d0a71d84-b80f-4558-beac-8887750652e3 "94 AsSTzLaLAhDff1g6IYNk0aZpT7umw8SGSKkPiCGgwDVWy065dRDztEz3MP6iq"
2020-08-16T06:33:49.291660842Z  [2020-08-16T06:33:49Z INFO  dt_client_bytes] Publish 95
2020-08-16T06:33:49.303284554Z  [2020-08-16T06:33:49Z INFO  dt_client_bytes] 95::38162cb0-e585-43d7-b55d-5c240b2bfb7c/3142192f-6bae-4f12-a6f3-5464dc37e790/d0a71d84-b80f-4558-beac-8887750652e3 "95 VPfQ7KEUZSy4J0Sn4os8IC60czcA7o5waZBXzSqZK1K12jCDZivNEs02Tvl8O"
2020-08-16T06:33:49.303353955Z  [2020-08-16T06:33:49Z INFO  dt_client_bytes] Publish 96
2020-08-16T06:33:49.313899307Z  [2020-08-16T06:33:49Z INFO  dt_client_bytes] 96::38162cb0-e585-43d7-b55d-5c240b2bfb7c/3142192f-6bae-4f12-a6f3-5464dc37e790/d0a71d84-b80f-4558-beac-8887750652e3 "96 NBdge6aDB54WNkulJpcgxGhnXNLhxRjVE6DpoxfZcsxinaE2o0gRKOHPKgzuS"
2020-08-16T06:33:49.313993653Z  [2020-08-16T06:33:49Z INFO  dt_client_bytes] Publish 97
2020-08-16T06:33:49.325248113Z  [2020-08-16T06:33:49Z INFO  dt_client_bytes] 97::38162cb0-e585-43d7-b55d-5c240b2bfb7c/3142192f-6bae-4f12-a6f3-5464dc37e790/d0a71d84-b80f-4558-beac-8887750652e3 "97 n2gawv8P3fhDLVVUlA2fRzeCoaWBcuJ97VIVC944Dyc6xcUTUxehJLxSqqVwb"
2020-08-16T06:33:49.325272208Z  [2020-08-16T06:33:49Z INFO  dt_client_bytes] Publish 98
2020-08-16T06:33:49.336880088Z  [2020-08-16T06:33:49Z INFO  dt_client_bytes] 98::38162cb0-e585-43d7-b55d-5c240b2bfb7c/3142192f-6bae-4f12-a6f3-5464dc37e790/d0a71d84-b80f-4558-beac-8887750652e3 "98 PLvT2pOhL2R66grkUHKWGlu0IQRf2xnQKw5z0L8EISXu2rX0p0qlENXB8tfNG"
2020-08-16T06:33:49.336958977Z  [2020-08-16T06:33:49Z INFO  dt_client_bytes] Publish 99
2020-08-16T06:33:49.343837098Z  [2020-08-16T06:33:49Z INFO  dt_client_bytes] PubAck { pkid: 85 }
2020-08-16T06:33:49.345077757Z  [2020-08-16T06:33:49Z INFO  dt_client_bytes] PubAck { pkid: 86 }
2020-08-16T06:33:49.346327965Z  [2020-08-16T06:33:49Z INFO  dt_client_bytes] PubAck { pkid: 87 }
2020-08-16T06:33:49.347669442Z  [2020-08-16T06:33:49Z INFO  dt_client_bytes] PubAck { pkid: 88 }
2020-08-16T06:33:49.347744718Z  [2020-08-16T06:33:49Z INFO  dt_client_bytes] 99::38162cb0-e585-43d7-b55d-5c240b2bfb7c/3142192f-6bae-4f12-a6f3-5464dc37e790/d0a71d84-b80f-4558-beac-8887750652e3 "99 r8EhOHuh8SAgXRX1mdi76aLnnij7QQixanBKACSX8cSr5DzaE0cY6LSRNdnQu"
2020-08-16T06:33:49.348939969Z  [2020-08-16T06:33:49Z INFO  dt_client_bytes] Publish 100
2020-08-16T06:33:49.349010161Z  [2020-08-16T06:33:49Z INFO  dt_client_bytes] NotificationCounter {
2020-08-16T06:33:49.349029882Z          Pub: 100,
2020-08-16T06:33:49.349045395Z          PubAck: 88,
2020-08-16T06:33:49.349092725Z          PubRec: 0,
2020-08-16T06:33:49.349178539Z          PubRel: 0,
2020-08-16T06:33:49.349203487Z          PubComp: 0,
2020-08-16T06:33:49.349219197Z      }
2020-08-16T06:33:49.359113872Z  [2020-08-16T06:33:49Z INFO  dt_client_bytes] Thread 38162cb0-e585-43d7-b55d-5c240b2bfb7c/3142192f-6bae-4f12-a6f3-5464dc37e790/d0a71d84-b80f-4558-beac-8887750652e3 done with 100 messages.
2020-08-16T06:33:49.411020590Z  [2020-08-16T06:33:49Z INFO  dt_client_bytes] PubAck { pkid: 89 }
2020-08-16T06:33:49.411100555Z  [2020-08-16T06:33:49Z INFO  dt_client_bytes] NotificationCounter {
2020-08-16T06:33:49.411122662Z          Pub: 100,
2020-08-16T06:33:49.411140232Z          PubAck: 89,
2020-08-16T06:33:49.411194346Z          PubRec: 0,
2020-08-16T06:33:49.411214806Z          PubRel: 0,
2020-08-16T06:33:49.411232003Z          PubComp: 0,
2020-08-16T06:33:49.411286397Z      }
2020-08-16T06:33:49.412109216Z  [2020-08-16T06:33:49Z INFO  dt_client_bytes] PubAck { pkid: 90 }
2020-08-16T06:33:49.412179641Z  [2020-08-16T06:33:49Z INFO  dt_client_bytes] NotificationCounter {
2020-08-16T06:33:49.412200527Z          Pub: 100,
2020-08-16T06:33:49.412218717Z          PubAck: 90,
2020-08-16T06:33:49.412280478Z          PubRec: 0,
2020-08-16T06:33:49.412298958Z          PubRel: 0,
2020-08-16T06:33:49.412316432Z          PubComp: 0,
2020-08-16T06:33:49.412377367Z      }
2020-08-16T06:33:49.413350831Z  [2020-08-16T06:33:49Z INFO  dt_client_bytes] PubAck { pkid: 91 }
2020-08-16T06:33:49.413521396Z  [2020-08-16T06:33:49Z INFO  dt_client_bytes] NotificationCounter {
2020-08-16T06:33:49.413551655Z          Pub: 100,
2020-08-16T06:33:49.413561105Z          PubAck: 91,
2020-08-16T06:33:49.413570262Z          PubRec: 0,
2020-08-16T06:33:49.413579342Z          PubRel: 0,
2020-08-16T06:33:49.413588417Z          PubComp: 0,
2020-08-16T06:33:49.413667968Z      }
2020-08-16T06:33:49.414601309Z  [2020-08-16T06:33:49Z INFO  dt_client_bytes] PubAck { pkid: 92 }
2020-08-16T06:33:49.414671953Z  [2020-08-16T06:33:49Z INFO  dt_client_bytes] NotificationCounter {
2020-08-16T06:33:49.414693223Z          Pub: 100,
2020-08-16T06:33:49.414711373Z          PubAck: 92,
2020-08-16T06:33:49.414773165Z          PubRec: 0,
2020-08-16T06:33:49.414791908Z          PubRel: 0,
2020-08-16T06:33:49.414809235Z          PubComp: 0,
2020-08-16T06:33:49.414868960Z      }
2020-08-16T06:33:49.415935219Z  [2020-08-16T06:33:49Z INFO  dt_client_bytes] PubAck { pkid: 93 }
2020-08-16T06:33:49.416022013Z  [2020-08-16T06:33:49Z INFO  dt_client_bytes] NotificationCounter {
2020-08-16T06:33:49.416080893Z          Pub: 100,
2020-08-16T06:33:49.416102914Z          PubAck: 93,
2020-08-16T06:33:49.416120588Z          PubRec: 0,
2020-08-16T06:33:49.416175192Z          PubRel: 0,
2020-08-16T06:33:49.416198299Z          PubComp: 0,
2020-08-16T06:33:49.416216193Z      }
2020-08-16T06:33:49.417158616Z  [2020-08-16T06:33:49Z INFO  dt_client_bytes] PubAck { pkid: 94 }
2020-08-16T06:33:49.417239201Z  [2020-08-16T06:33:49Z INFO  dt_client_bytes] NotificationCounter {
2020-08-16T06:33:49.417270958Z          Pub: 100,
2020-08-16T06:33:49.417288351Z          PubAck: 94,
2020-08-16T06:33:49.417357171Z          PubRec: 0,
2020-08-16T06:33:49.417374796Z          PubRel: 0,
2020-08-16T06:33:49.417391735Z          PubComp: 0,
2020-08-16T06:33:49.417452559Z      }
2020-08-16T06:33:49.460395375Z  [2020-08-16T06:33:49Z INFO  dt_client_bytes] PubAck { pkid: 95 }
2020-08-16T06:33:49.460463358Z  [2020-08-16T06:33:49Z INFO  dt_client_bytes] NotificationCounter {
2020-08-16T06:33:49.460480757Z          Pub: 100,
2020-08-16T06:33:49.460494195Z          PubAck: 95,
2020-08-16T06:33:49.460507019Z          PubRec: 0,
2020-08-16T06:33:49.460574546Z          PubRel: 0,
2020-08-16T06:33:49.460591194Z          PubComp: 0,
2020-08-16T06:33:49.460604450Z      }
2020-08-16T06:33:49.461646351Z  [2020-08-16T06:33:49Z INFO  dt_client_bytes] PubAck { pkid: 96 }
2020-08-16T06:33:49.461706341Z  [2020-08-16T06:33:49Z INFO  dt_client_bytes] NotificationCounter {
2020-08-16T06:33:49.461744592Z          Pub: 100,
2020-08-16T06:33:49.461760123Z          PubAck: 96,
2020-08-16T06:33:49.461809780Z          PubRec: 0,
2020-08-16T06:33:49.461825639Z          PubRel: 0,
2020-08-16T06:33:49.461842983Z          PubComp: 0,
2020-08-16T06:33:49.461856915Z      }
2020-08-16T06:33:49.462839346Z  [2020-08-16T06:33:49Z INFO  dt_client_bytes] PubAck { pkid: 97 }
2020-08-16T06:33:49.462900016Z  [2020-08-16T06:33:49Z INFO  dt_client_bytes] NotificationCounter {
2020-08-16T06:33:49.462919715Z          Pub: 100,
2020-08-16T06:33:49.462934232Z          PubAck: 97,
2020-08-16T06:33:49.462948379Z          PubRec: 0,
2020-08-16T06:33:49.462992089Z          PubRel: 0,
2020-08-16T06:33:49.463009927Z          PubComp: 0,
2020-08-16T06:33:49.463024247Z      }
2020-08-16T06:33:49.464062770Z  [2020-08-16T06:33:49Z INFO  dt_client_bytes] PubAck { pkid: 98 }
2020-08-16T06:33:49.464123512Z  [2020-08-16T06:33:49Z INFO  dt_client_bytes] NotificationCounter {
2020-08-16T06:33:49.464143230Z          Pub: 100,
2020-08-16T06:33:49.464157701Z          PubAck: 98,
2020-08-16T06:33:49.464171668Z          PubRec: 0,
2020-08-16T06:33:49.464214399Z          PubRel: 0,
2020-08-16T06:33:49.464232431Z          PubComp: 0,
2020-08-16T06:33:49.464246444Z      }
2020-08-16T06:33:49.465341968Z  [2020-08-16T06:33:49Z INFO  dt_client_bytes] PubAck { pkid: 99 }
2020-08-16T06:33:49.465409175Z  [2020-08-16T06:33:49Z INFO  dt_client_bytes] NotificationCounter {
2020-08-16T06:33:49.465428479Z          Pub: 100,
2020-08-16T06:33:49.465442935Z          PubAck: 99,
2020-08-16T06:33:49.465515216Z          PubRec: 0,
2020-08-16T06:33:49.465536510Z          PubRel: 0,
2020-08-16T06:33:49.465550750Z          PubComp: 0,
2020-08-16T06:33:49.465564500Z      }
2020-08-16T06:33:49.598462942Z  [2020-08-16T06:33:49Z INFO  dt_client_bytes] PubAck { pkid: 100 }
2020-08-16T06:33:49.598495654Z  [2020-08-16T06:33:49Z INFO  dt_client_bytes] NotificationCounter {
2020-08-16T06:33:49.598540196Z          Pub: 100,
2020-08-16T06:33:49.598557824Z          PubAck: 100,
2020-08-16T06:33:49.598570796Z          PubRec: 0,
2020-08-16T06:33:49.598583249Z          PubRel: 0,
2020-08-16T06:33:49.598595487Z          PubComp: 0,
2020-08-16T06:33:49.598635355Z      }
2020-08-16T06:34:18.226830351Z  [2020-08-16T06:34:18Z INFO  dt_client_bytes] NotificationCounter {
2020-08-16T06:34:18.226903447Z          Pub: 100,
2020-08-16T06:34:18.226923581Z          PubAck: 100,
2020-08-16T06:34:18.226941197Z          PubRec: 0,
2020-08-16T06:34:18.226990241Z          PubRel: 0,
2020-08-16T06:34:18.227009537Z          PubComp: 0,
2020-08-16T06:34:18.227026497Z      }
2020-08-16T06:34:18.282237861Z  [2020-08-16T06:34:18Z INFO  dt_client_bytes] NotificationCounter {
2020-08-16T06:34:18.282313369Z          Pub: 100,
2020-08-16T06:34:18.282324511Z          PubAck: 100,
2020-08-16T06:34:18.282333367Z          PubRec: 0,
2020-08-16T06:34:18.282342011Z          PubRel: 0,
2020-08-16T06:34:18.282350469Z          PubComp: 0,
2020-08-16T06:34:18.282359123Z      }
2020-08-16T06:34:48.228379277Z  [2020-08-16T06:34:48Z INFO  dt_client_bytes] NotificationCounter {
2020-08-16T06:34:48.228458537Z          Pub: 100,
2020-08-16T06:34:48.228479999Z          PubAck: 100,
2020-08-16T06:34:48.228498736Z          PubRec: 0,
2020-08-16T06:34:48.228517303Z          PubRel: 0,
2020-08-16T06:34:48.228535536Z          PubComp: 0,
2020-08-16T06:34:48.228553313Z      }
2020-08-16T06:34:48.292013856Z  [2020-08-16T06:34:48Z INFO  dt_client_bytes] NotificationCounter {
2020-08-16T06:34:48.292083663Z          Pub: 100,
2020-08-16T06:34:48.292107187Z          PubAck: 100,
2020-08-16T06:34:48.292125604Z          PubRec: 0,
2020-08-16T06:34:48.292143936Z          PubRel: 0,
2020-08-16T06:34:48.292161849Z          PubComp: 0,
2020-08-16T06:34:48.292180019Z      }
2020-08-16T06:35:18.229524730Z  [2020-08-16T06:35:18Z INFO  dt_client_bytes] NotificationCounter {
2020-08-16T06:35:18.229681665Z          Pub: 100,
2020-08-16T06:35:18.229785759Z          PubAck: 100,
2020-08-16T06:35:18.229813402Z          PubRec: 0,
2020-08-16T06:35:18.229833038Z          PubRel: 0,
2020-08-16T06:35:18.229893098Z          PubComp: 0,
2020-08-16T06:35:18.229915062Z      }
2020-08-16T06:35:18.290705252Z  [2020-08-16T06:35:18Z INFO  dt_client_bytes] NotificationCounter {
2020-08-16T06:35:18.290793426Z          Pub: 100,
2020-08-16T06:35:18.290817351Z          PubAck: 100,
2020-08-16T06:35:18.290875541Z          PubRec: 0,
2020-08-16T06:35:18.290899488Z          PubRel: 0,
2020-08-16T06:35:18.290918388Z          PubComp: 0,
2020-08-16T06:35:18.290977674Z      }
2020-08-16T06:35:48.230655445Z  [2020-08-16T06:35:48Z INFO  dt_client_bytes] NotificationCounter {
2020-08-16T06:35:48.230727196Z          Pub: 100,
2020-08-16T06:35:48.230748356Z          PubAck: 100,
2020-08-16T06:35:48.230767240Z          PubRec: 0,
2020-08-16T06:35:48.230786362Z          PubRel: 0,
2020-08-16T06:35:48.230804795Z          PubComp: 0,
2020-08-16T06:35:48.230855805Z      }
2020-08-16T06:35:48.292424018Z  [2020-08-16T06:35:48Z INFO  dt_client_bytes] NotificationCounter {
2020-08-16T06:35:48.292469144Z          Pub: 100,
2020-08-16T06:35:48.292489351Z          PubAck: 100,
2020-08-16T06:35:48.292507277Z          PubRec: 0,
2020-08-16T06:35:48.292528721Z          PubRel: 0,
2020-08-16T06:35:48.292545911Z          PubComp: 0,
2020-08-16T06:35:48.292562991Z      }
