2020-08-16T06:33:37.051435158Z  [2020-08-16T06:33:37Z INFO  dt_instance] Current Twin: 38162cb0-e585-43d7-b55d-5c240b2bfb7c
2020-08-16T06:33:37.051949202Z  [2020-08-16T06:33:37Z INFO  dt_instance] Connecting to broker at mqtt-broker:1883
2020-08-16T06:33:37.056512985Z  [2020-08-16T06:33:37Z INFO  dt_instance] Refreshing topics for twin 38162cb0-e585-43d7-b55d-5c240b2bfb7c - Listen to 38162cb0-e585-43d7-b55d-5c240b2bfb7c/+/+
2020-08-16T06:33:37.157920836Z  [2020-08-16T06:33:37Z INFO  dt_instance] SubAck { pkid: 1, return_codes: [Success(AtLeastOnce)] }
2020-08-16T06:33:47.310431915Z  [2020-08-16T06:33:47Z INFO  dt_instance] d0a71d84-b80f-4558-beac-8887750652e3 "0 THtn9BTVDEhPTMYjl9idgWphQT7qXzpMKj87PYZm1PHQU2x6vO3ptxzR1SprMI"
2020-08-16T06:33:47.326863102Z  [2020-08-16T06:33:47Z INFO  dt_instance] Inserted data for source d0a71d84-b80f-4558-beac-8887750652e3.
2020-08-16T06:33:47.378584591Z  [2020-08-16T06:33:47Z INFO  dt_instance] d0a71d84-b80f-4558-beac-8887750652e3 "1 Q9MqeylxF8sM5IPtc7syvTb6BwLDfTlYlQun3wMkdmsuBuvcyMBY6B2neyrMOB"
2020-08-16T06:33:47.391738835Z  [2020-08-16T06:33:47Z INFO  dt_instance] Inserted data for source d0a71d84-b80f-4558-beac-8887750652e3.
2020-08-16T06:33:47.443966952Z  [2020-08-16T06:33:47Z INFO  dt_instance] d0a71d84-b80f-4558-beac-8887750652e3 "2 zgXcP4nq09UkeQ9rI9Bu9ZE2kUHwknF3uXpl4Cl31Apu2iyHCpFk4oRQpOQhNa"
2020-08-16T06:33:47.455932681Z  [2020-08-16T06:33:47Z INFO  dt_instance] Inserted data for source d0a71d84-b80f-4558-beac-8887750652e3.
2020-08-16T06:33:47.507661918Z  [2020-08-16T06:33:47Z INFO  dt_instance] d0a71d84-b80f-4558-beac-8887750652e3 "3 9TKCL8xeQ8frsBFWz5WiMg388sSpp6lhY7cXrd1RXqv1p94RjWCMmEXhZq3Q71"
2020-08-16T06:33:47.519930499Z  [2020-08-16T06:33:47Z INFO  dt_instance] Inserted data for source d0a71d84-b80f-4558-beac-8887750652e3.
2020-08-16T06:33:47.572041455Z  [2020-08-16T06:33:47Z INFO  dt_instance] d0a71d84-b80f-4558-beac-8887750652e3 "4 s0MuwxUBapeI6sodc0IY8DGCsrG08jk8s79Qqps7zugqcdRlxsYjPeJzsafckV"
2020-08-16T06:33:47.584593487Z  [2020-08-16T06:33:47Z INFO  dt_instance] Inserted data for source d0a71d84-b80f-4558-beac-8887750652e3.
2020-08-16T06:33:47.636666517Z  [2020-08-16T06:33:47Z INFO  dt_instance] d0a71d84-b80f-4558-beac-8887750652e3 "5 dHndbGxbVRyCxF2spUoTvtf3RiiXdrM3xDU8Yah3lwxK7l5DNPV1zmq7HH6XNH"
2020-08-16T06:33:47.648835572Z  [2020-08-16T06:33:47Z INFO  dt_instance] Inserted data for source d0a71d84-b80f-4558-beac-8887750652e3.
2020-08-16T06:33:47.700976298Z  [2020-08-16T06:33:47Z INFO  dt_instance] d0a71d84-b80f-4558-beac-8887750652e3 "6 PDSHrwUKS2iYKkqlRbchMZ8NJCBgYzyn58WW89C0d1Lm8Rrj1yw45RHjbyxP6D"
2020-08-16T06:33:47.713116696Z  [2020-08-16T06:33:47Z INFO  dt_instance] Inserted data for source d0a71d84-b80f-4558-beac-8887750652e3.
2020-08-16T06:33:47.765089028Z  [2020-08-16T06:33:47Z INFO  dt_instance] d0a71d84-b80f-4558-beac-8887750652e3 "7 3KMj7IlETUqqiuKjGJ1Sgm2mYIRrHZmZU6qidjjwtUIq5zavAhXGtsXNr3QWWQ"
2020-08-16T06:33:47.777780148Z  [2020-08-16T06:33:47Z INFO  dt_instance] Inserted data for source d0a71d84-b80f-4558-beac-8887750652e3.
2020-08-16T06:33:47.830550707Z  [2020-08-16T06:33:47Z INFO  dt_instance] d0a71d84-b80f-4558-beac-8887750652e3 "8 fTU4XgVl6VF7lQQFrHmXsB2YxMKLrJEyTql3E7Se79ZvHGuWbc4jyrv8y3Umfg"
2020-08-16T06:33:47.847331264Z  [2020-08-16T06:33:47Z INFO  dt_instance] Inserted data for source d0a71d84-b80f-4558-beac-8887750652e3.
2020-08-16T06:33:47.897969290Z  [2020-08-16T06:33:47Z INFO  dt_instance] d0a71d84-b80f-4558-beac-8887750652e3 "9 P8zh5Bz3DKccY8LKx4uEtSWLXFt4T35xNuDJKJtxiXqrNwus7bSygl7BGvy1B8"
2020-08-16T06:33:47.911564478Z  [2020-08-16T06:33:47Z INFO  dt_instance] Inserted data for source d0a71d84-b80f-4558-beac-8887750652e3.
2020-08-16T06:33:47.963198677Z  [2020-08-16T06:33:47Z INFO  dt_instance] d0a71d84-b80f-4558-beac-8887750652e3 "10 QppibXzjhNnDt8CuEQ9MOm4mCg86tyXKM0uMwdAbDbplwJLCFFFxlwHKGu97a"
2020-08-16T06:33:47.973844302Z  [2020-08-16T06:33:47Z INFO  dt_instance] Inserted data for source d0a71d84-b80f-4558-beac-8887750652e3.
2020-08-16T06:33:48.027998319Z  [2020-08-16T06:33:48Z INFO  dt_instance] d0a71d84-b80f-4558-beac-8887750652e3 "11 ZE229Lci7kLp5i4VnAiZgKJbGEDOi41PuxfJua2EjwRCLwSAOIgNPrr2oR7wR"
2020-08-16T06:33:48.040886150Z  [2020-08-16T06:33:48Z INFO  dt_instance] Inserted data for source d0a71d84-b80f-4558-beac-8887750652e3.
2020-08-16T06:33:48.092770117Z  [2020-08-16T06:33:48Z INFO  dt_instance] d0a71d84-b80f-4558-beac-8887750652e3 "12 EoDYqwCkbW9KMNL2qVCrLqmiKLQhjhWn2gqRIyBOJ4zUai72wZWJHiB5N3LrY"
2020-08-16T06:33:48.105657725Z  [2020-08-16T06:33:48Z INFO  dt_instance] Inserted data for source d0a71d84-b80f-4558-beac-8887750652e3.
2020-08-16T06:33:48.158868288Z  [2020-08-16T06:33:48Z INFO  dt_instance] d0a71d84-b80f-4558-beac-8887750652e3 "13 6nkKDKyFRxr6TAh2lGnj5tybnZ7m9dbIsbiCdD435M4AbSVVNZBPMM0ctu3Wr"
2020-08-16T06:33:48.171018545Z  [2020-08-16T06:33:48Z INFO  dt_instance] Inserted data for source d0a71d84-b80f-4558-beac-8887750652e3.
2020-08-16T06:33:48.222225720Z  [2020-08-16T06:33:48Z INFO  dt_instance] d0a71d84-b80f-4558-beac-8887750652e3 "14 v4JAdmXb9ExGWDy6is3RCfucf5U3cb3x1y9cKERg2dH7RKZmhNVbQEBvo37se"
2020-08-16T06:33:48.237104517Z  [2020-08-16T06:33:48Z INFO  dt_instance] Inserted data for source d0a71d84-b80f-4558-beac-8887750652e3.
2020-08-16T06:33:48.289870080Z  [2020-08-16T06:33:48Z INFO  dt_instance] d0a71d84-b80f-4558-beac-8887750652e3 "15 mcALyzgvfY5JIqGm4JEqH3Hrj7Qp4rewzL04fsmBp77LRClLg5U7DlxH15Y1h"
2020-08-16T06:33:48.304984715Z  [2020-08-16T06:33:48Z INFO  dt_instance] Inserted data for source d0a71d84-b80f-4558-beac-8887750652e3.
2020-08-16T06:33:48.356192492Z  [2020-08-16T06:33:48Z INFO  dt_instance] d0a71d84-b80f-4558-beac-8887750652e3 "16 SDhTUGHrsJw3a0rqSeIDICtO1HiweBjGyURJp5YIVMLqRfXG2mYs4SRtAh3AD"
2020-08-16T06:33:48.369046310Z  [2020-08-16T06:33:48Z INFO  dt_instance] Inserted data for source d0a71d84-b80f-4558-beac-8887750652e3.
2020-08-16T06:33:48.421531886Z  [2020-08-16T06:33:48Z INFO  dt_instance] d0a71d84-b80f-4558-beac-8887750652e3 "17 3XFK76wcJYBSGJALt9hXnIlXFBPIahPdfWC1RVO5RO0sITFBQffIcYEQ1QmId"
2020-08-16T06:33:48.437564109Z  [2020-08-16T06:33:48Z INFO  dt_instance] Inserted data for source d0a71d84-b80f-4558-beac-8887750652e3.
2020-08-16T06:33:48.493583226Z  [2020-08-16T06:33:48Z INFO  dt_instance] d0a71d84-b80f-4558-beac-8887750652e3 "18 44nu7E27RiMLmW08OQAZf5jGqyEj6rqqNQkFUwEOvYvT6EvBF8jlR1HGCJqRK"
2020-08-16T06:33:48.508480580Z  [2020-08-16T06:33:48Z INFO  dt_instance] Inserted data for source d0a71d84-b80f-4558-beac-8887750652e3.
2020-08-16T06:33:48.565440108Z  [2020-08-16T06:33:48Z INFO  dt_instance] d0a71d84-b80f-4558-beac-8887750652e3 "19 GZdRyUFHclAXQNaCmsDWsEAJJqoH9RKG6dI9WHsZYci5tDO66Wa4zBj388WAR"
2020-08-16T06:33:48.583395997Z  [2020-08-16T06:33:48Z INFO  dt_instance] Inserted data for source d0a71d84-b80f-4558-beac-8887750652e3.
2020-08-16T06:33:48.637758710Z  [2020-08-16T06:33:48Z INFO  dt_instance] d0a71d84-b80f-4558-beac-8887750652e3 "20 TFKRnlneOnMjQpZ7RgZZOocCvMNSRWqsbVNVjxQBe7qrj3Tf7L42EM1r5bRFX"
2020-08-16T06:33:48.651184161Z  [2020-08-16T06:33:48Z INFO  dt_instance] Inserted data for source d0a71d84-b80f-4558-beac-8887750652e3.
2020-08-16T06:33:48.705475953Z  [2020-08-16T06:33:48Z INFO  dt_instance] d0a71d84-b80f-4558-beac-8887750652e3 "21 qZHW4DcuXutoGe2Bl1A7rYyy8fLVXiY8rvpbQDyFcxwYIxGCpAeIS1Iizpt92"
2020-08-16T06:33:48.723321253Z  [2020-08-16T06:33:48Z INFO  dt_instance] Inserted data for source d0a71d84-b80f-4558-beac-8887750652e3.
2020-08-16T06:33:48.776334355Z  [2020-08-16T06:33:48Z INFO  dt_instance] d0a71d84-b80f-4558-beac-8887750652e3 "22 WWW4WP1LmrOmKsm1guJsU7B8ZMCyeBukkvPjpydxPsb9gZb8gS7UocEH9zBOa"
2020-08-16T06:33:48.794646652Z  [2020-08-16T06:33:48Z INFO  dt_instance] Inserted data for source d0a71d84-b80f-4558-beac-8887750652e3.
2020-08-16T06:33:48.846976300Z  [2020-08-16T06:33:48Z INFO  dt_instance] d0a71d84-b80f-4558-beac-8887750652e3 "23 OOFUWeKTOfJ4mAhlBXgoNIP8RnZHfWY685rLlYdz5V3E4JnnNkOAIpKzdevS1"
2020-08-16T06:33:48.865566649Z  [2020-08-16T06:33:48Z INFO  dt_instance] Inserted data for source d0a71d84-b80f-4558-beac-8887750652e3.
2020-08-16T06:33:48.918589978Z  [2020-08-16T06:33:48Z INFO  dt_instance] d0a71d84-b80f-4558-beac-8887750652e3 "24 TIYiumGBHWAKKewReKPdRgKlv2vNuNCjIjwsxSV3wI6pdkzWvRWcQLziYiPc4"
2020-08-16T06:33:48.939506370Z  [2020-08-16T06:33:48Z INFO  dt_instance] Inserted data for source d0a71d84-b80f-4558-beac-8887750652e3.
2020-08-16T06:33:48.991805388Z  [2020-08-16T06:33:48Z INFO  dt_instance] d0a71d84-b80f-4558-beac-8887750652e3 "25 ePepiWWBc3JqN5r3LjHMD5FoERBydpGJOq08NCxeKAqdAyeejdIyGeWtCKPSj"
2020-08-16T06:33:49.008193767Z  [2020-08-16T06:33:49Z INFO  dt_instance] Inserted data for source d0a71d84-b80f-4558-beac-8887750652e3.
2020-08-16T06:33:49.059185570Z  [2020-08-16T06:33:49Z INFO  dt_instance] d0a71d84-b80f-4558-beac-8887750652e3 "26 mQdvBafL3DbKU5D7IkLPxGvHEjeOwjDhn4b4n6ux94vwrdn9XXPqWCHsU1Fhv"
2020-08-16T06:33:49.076954316Z  [2020-08-16T06:33:49Z INFO  dt_instance] Inserted data for source d0a71d84-b80f-4558-beac-8887750652e3.
2020-08-16T06:33:49.128962660Z  [2020-08-16T06:33:49Z INFO  dt_instance] d0a71d84-b80f-4558-beac-8887750652e3 "27 MLHgwXZCIVSlJcrO9LqlLB3mw491oNuXYMoUF3DcgPu6jQHEIGfbG7sMrEh9m"
2020-08-16T06:33:49.150000910Z  [2020-08-16T06:33:49Z INFO  dt_instance] Inserted data for source d0a71d84-b80f-4558-beac-8887750652e3.
2020-08-16T06:33:49.202008181Z  [2020-08-16T06:33:49Z INFO  dt_instance] d0a71d84-b80f-4558-beac-8887750652e3 "28 u7lmvc7BBgvLOZ8BDucn0C9GAjJ0JcDmuFcFTBDO7Qd1c1R5MCLxkXvunBWoh"
2020-08-16T06:33:49.217331114Z  [2020-08-16T06:33:49Z INFO  dt_instance] Inserted data for source d0a71d84-b80f-4558-beac-8887750652e3.
2020-08-16T06:33:49.269343417Z  [2020-08-16T06:33:49Z INFO  dt_instance] d0a71d84-b80f-4558-beac-8887750652e3 "29 63vCrbRp2kVr74xH93jgg0ZQ3U8EWi638JZrFveikJnDwlLvgb3kcuMYIZGQa"
2020-08-16T06:33:49.287910755Z  [2020-08-16T06:33:49Z INFO  dt_instance] Inserted data for source d0a71d84-b80f-4558-beac-8887750652e3.
2020-08-16T06:33:49.340247203Z  [2020-08-16T06:33:49Z INFO  dt_instance] d0a71d84-b80f-4558-beac-8887750652e3 "30 mM6Q2u8hqeKwQN4HdRXu71ISxx6EEZVbvGO48Cnu7fzbshPSDWCGzJQVmRP1P"
2020-08-16T06:33:49.358541687Z  [2020-08-16T06:33:49Z INFO  dt_instance] Inserted data for source d0a71d84-b80f-4558-beac-8887750652e3.
2020-08-16T06:33:49.410810107Z  [2020-08-16T06:33:49Z INFO  dt_instance] d0a71d84-b80f-4558-beac-8887750652e3 "31 YFVfetNA0IW9fImd80SqaMT4Wz5ZX9BNofuXGdWu136WFhMRuhRVFzrKgy9k2"
2020-08-16T06:33:49.430272896Z  [2020-08-16T06:33:49Z INFO  dt_instance] Inserted data for source d0a71d84-b80f-4558-beac-8887750652e3.
2020-08-16T06:33:49.482532213Z  [2020-08-16T06:33:49Z INFO  dt_instance] d0a71d84-b80f-4558-beac-8887750652e3 "32 wFqJMSTbJTjL437rYfQUCcp5tWPdBU1jDd0mHm8Vl4SH3FgjE5iFbvLIo68aD"
2020-08-16T06:33:49.503588370Z  [2020-08-16T06:33:49Z INFO  dt_instance] Inserted data for source d0a71d84-b80f-4558-beac-8887750652e3.
2020-08-16T06:33:49.556479016Z  [2020-08-16T06:33:49Z INFO  dt_instance] d0a71d84-b80f-4558-beac-8887750652e3 "33 VlLKE19jfa8nyHU4p0eacb4PiD7ZJY0KObwaUxBk9Vnx6FbyDCGlYf6nmDUaM"
2020-08-16T06:33:49.571885513Z  [2020-08-16T06:33:49Z INFO  dt_instance] Inserted data for source d0a71d84-b80f-4558-beac-8887750652e3.
2020-08-16T06:33:49.623570315Z  [2020-08-16T06:33:49Z INFO  dt_instance] d0a71d84-b80f-4558-beac-8887750652e3 "34 XREQN471cR1Jayy8uuCxF8KXTvAu1OLXnVsab9J6q0Wxe71UV5phTMk75YKZ5"
2020-08-16T06:33:49.642465965Z  [2020-08-16T06:33:49Z INFO  dt_instance] Inserted data for source d0a71d84-b80f-4558-beac-8887750652e3.
2020-08-16T06:33:49.694220307Z  [2020-08-16T06:33:49Z INFO  dt_instance] d0a71d84-b80f-4558-beac-8887750652e3 "35 UEpO8SG6pwLnNFOoGKcAiwZkHGpc293nwVJWN6nWOXL4FSTpqmhtMX56EfLip"
2020-08-16T06:33:49.713747280Z  [2020-08-16T06:33:49Z INFO  dt_instance] Inserted data for source d0a71d84-b80f-4558-beac-8887750652e3.
2020-08-16T06:33:49.766718539Z  [2020-08-16T06:33:49Z INFO  dt_instance] d0a71d84-b80f-4558-beac-8887750652e3 "36 0krd50VZhNCgZzFWx48avD66AQvNJKqSO3uGKOlYLmUzzzLyajYy9PFqzN78X"
2020-08-16T06:33:49.784750792Z  [2020-08-16T06:33:49Z INFO  dt_instance] Inserted data for source d0a71d84-b80f-4558-beac-8887750652e3.
2020-08-16T06:33:49.836513001Z  [2020-08-16T06:33:49Z INFO  dt_instance] d0a71d84-b80f-4558-beac-8887750652e3 "37 B383WdfoiPaG7VPiKTtJfIEreQYuB7K3oaaGttXSXbcLjVBOLLI6Wn7stmDe8"
2020-08-16T06:33:49.853841483Z  [2020-08-16T06:33:49Z INFO  dt_instance] Inserted data for source d0a71d84-b80f-4558-beac-8887750652e3.
2020-08-16T06:33:49.905221724Z  [2020-08-16T06:33:49Z INFO  dt_instance] d0a71d84-b80f-4558-beac-8887750652e3 "38 tizxhvu3kXKadtpFGxgk4G0CU5FkhC8EhblqTk3ssWnpgQ99KxvNFqFP0x1HW"
2020-08-16T06:33:49.924213478Z  [2020-08-16T06:33:49Z INFO  dt_instance] Inserted data for source d0a71d84-b80f-4558-beac-8887750652e3.
2020-08-16T06:33:49.982509978Z  [2020-08-16T06:33:49Z INFO  dt_instance] d0a71d84-b80f-4558-beac-8887750652e3 "39 4JyGfV4ihND534XBrpKzS2A9amVo1YcnKhisNaHQEcSMxhDUHJVK05ukE5pwk"
2020-08-16T06:33:49.998908465Z  [2020-08-16T06:33:49Z INFO  dt_instance] Inserted data for source d0a71d84-b80f-4558-beac-8887750652e3.
2020-08-16T06:33:50.050314503Z  [2020-08-16T06:33:50Z INFO  dt_instance] d0a71d84-b80f-4558-beac-8887750652e3 "40 rfCrhf1CZhGZS81JXIVKc3G5lxzTFG6phwX0bkQxwQueR97Qcjeeokk6OE7G3"
2020-08-16T06:33:50.069360962Z  [2020-08-16T06:33:50Z INFO  dt_instance] Inserted data for source d0a71d84-b80f-4558-beac-8887750652e3.
2020-08-16T06:33:50.121615260Z  [2020-08-16T06:33:50Z INFO  dt_instance] d0a71d84-b80f-4558-beac-8887750652e3 "41 ULsPbapsaIWbLTPnhte3lLNXUYBHanC7I9wQhgi43wV8U0AmHISkrGzISAF4Y"
2020-08-16T06:33:50.137515313Z  [2020-08-16T06:33:50Z INFO  dt_instance] Inserted data for source d0a71d84-b80f-4558-beac-8887750652e3.
2020-08-16T06:33:50.190673291Z  [2020-08-16T06:33:50Z INFO  dt_instance] d0a71d84-b80f-4558-beac-8887750652e3 "42 LJnK095Bvzd9jvq72PuUxfFLzU8aBF1he53dhU7ysxsUvklGc7IjgemC6ENzy"
2020-08-16T06:33:50.208131013Z  [2020-08-16T06:33:50Z INFO  dt_instance] Inserted data for source d0a71d84-b80f-4558-beac-8887750652e3.
2020-08-16T06:33:50.260289353Z  [2020-08-16T06:33:50Z INFO  dt_instance] d0a71d84-b80f-4558-beac-8887750652e3 "43 5b5N6QL7ABl78RT8qPw7DgCvY0SYLUqerIjISiZQEWKldwQonPH6BKeqPJIr1"
2020-08-16T06:33:50.272358376Z  [2020-08-16T06:33:50Z INFO  dt_instance] Inserted data for source d0a71d84-b80f-4558-beac-8887750652e3.
2020-08-16T06:33:50.324596898Z  [2020-08-16T06:33:50Z INFO  dt_instance] d0a71d84-b80f-4558-beac-8887750652e3 "44 ds7cobVvgdrLU3zxqtjKkbWmCK1fCBtWiMGUv0y2y4knknEFMp8AmdAdS6Zr1"
2020-08-16T06:33:50.338554631Z  [2020-08-16T06:33:50Z INFO  dt_instance] Inserted data for source d0a71d84-b80f-4558-beac-8887750652e3.
2020-08-16T06:33:50.390828713Z  [2020-08-16T06:33:50Z INFO  dt_instance] d0a71d84-b80f-4558-beac-8887750652e3 "45 wMOavUoD5BLK4EPpJYQOipaFwQMcJD9Z2xMzCB5ugzrniips6vWahvZ78tVyJ"
2020-08-16T06:33:50.403737306Z  [2020-08-16T06:33:50Z INFO  dt_instance] Inserted data for source d0a71d84-b80f-4558-beac-8887750652e3.
2020-08-16T06:33:50.455998133Z  [2020-08-16T06:33:50Z INFO  dt_instance] d0a71d84-b80f-4558-beac-8887750652e3 "46 WkeAIaXnBNITL7lk6KPOPrf9RizfsCBTny16qv9a6gQ5Q1U024qZ9PgkzWJwH"
2020-08-16T06:33:50.468533524Z  [2020-08-16T06:33:50Z INFO  dt_instance] Inserted data for source d0a71d84-b80f-4558-beac-8887750652e3.
2020-08-16T06:33:50.520527948Z  [2020-08-16T06:33:50Z INFO  dt_instance] d0a71d84-b80f-4558-beac-8887750652e3 "47 Xhc44m4yXkUEPtpPuSIa6X0gstiuMFeLVSDkHzruAQjBIOPk49sPV55Rbgk4S"
2020-08-16T06:33:50.532751470Z  [2020-08-16T06:33:50Z INFO  dt_instance] Inserted data for source d0a71d84-b80f-4558-beac-8887750652e3.
2020-08-16T06:33:50.584775083Z  [2020-08-16T06:33:50Z INFO  dt_instance] d0a71d84-b80f-4558-beac-8887750652e3 "48 jqOLVbGFXRNL0qvhuFxcnIng92ClUPY1gfdxLCpAZstC7xx3zybNcpt7FTjJb"
2020-08-16T06:33:50.600961479Z  [2020-08-16T06:33:50Z INFO  dt_instance] Inserted data for source d0a71d84-b80f-4558-beac-8887750652e3.
2020-08-16T06:33:50.655486695Z  [2020-08-16T06:33:50Z INFO  dt_instance] d0a71d84-b80f-4558-beac-8887750652e3 "49 8fQ2rsbuswGiiA2f3HrjdeZ26waYf258bOSqHPMmwMNsz0zxgT3wGVulzE7Z0"
2020-08-16T06:33:50.668541716Z  [2020-08-16T06:33:50Z INFO  dt_instance] Inserted data for source d0a71d84-b80f-4558-beac-8887750652e3.
2020-08-16T06:33:50.720771215Z  [2020-08-16T06:33:50Z INFO  dt_instance] d0a71d84-b80f-4558-beac-8887750652e3 "50 706VmRIc6N0x7JdQhLA6jhhDFgRrrsPred98u5aEmwgXiYHPr5NmBurRGIWmu"
2020-08-16T06:33:50.733250596Z  [2020-08-16T06:33:50Z INFO  dt_instance] Inserted data for source d0a71d84-b80f-4558-beac-8887750652e3.
2020-08-16T06:33:50.785687897Z  [2020-08-16T06:33:50Z INFO  dt_instance] d0a71d84-b80f-4558-beac-8887750652e3 "51 XTzuJxfvgNfkPaXgsrcofpHKmUDjdHTOxn0tIYFZdXkPELZxGjukwUCBWiDFx"
2020-08-16T06:33:50.806052128Z  [2020-08-16T06:33:50Z INFO  dt_instance] Inserted data for source d0a71d84-b80f-4558-beac-8887750652e3.
2020-08-16T06:33:50.858293750Z  [2020-08-16T06:33:50Z INFO  dt_instance] d0a71d84-b80f-4558-beac-8887750652e3 "52 lXONXqUAcEz6JgdKXtLEkb6QrZesixw8NFU88iwLECNT1Idj7zpUJgTVBwx4t"
2020-08-16T06:33:50.869776313Z  [2020-08-16T06:33:50Z INFO  dt_instance] Inserted data for source d0a71d84-b80f-4558-beac-8887750652e3.
2020-08-16T06:33:50.922356385Z  [2020-08-16T06:33:50Z INFO  dt_instance] d0a71d84-b80f-4558-beac-8887750652e3 "53 X9DnqlBJt6F5cHRiItDTPZZO0uOK3RUJY94lkXCRC5hTSg9Z8JJqnZa6P4e5w"
2020-08-16T06:33:50.942914982Z  [2020-08-16T06:33:50Z INFO  dt_instance] Inserted data for source d0a71d84-b80f-4558-beac-8887750652e3.
2020-08-16T06:33:50.994948850Z  [2020-08-16T06:33:50Z INFO  dt_instance] d0a71d84-b80f-4558-beac-8887750652e3 "54 UvdcvBVlEwNDl7yiWj6IwDdAsjHO7kgKElIvJ2pRbyZwp4nmXYVTuDlSmRwAE"
2020-08-16T06:33:51.008981429Z  [2020-08-16T06:33:51Z INFO  dt_instance] Inserted data for source d0a71d84-b80f-4558-beac-8887750652e3.
2020-08-16T06:33:51.061257116Z  [2020-08-16T06:33:51Z INFO  dt_instance] d0a71d84-b80f-4558-beac-8887750652e3 "55 RPJAGjPfd9kj114Q8gfPQDGspT1eq94QNo5WN6N29amydlTJt5OGq6ox4kFho"
2020-08-16T06:33:51.075460179Z  [2020-08-16T06:33:51Z INFO  dt_instance] Inserted data for source d0a71d84-b80f-4558-beac-8887750652e3.
2020-08-16T06:33:51.127717440Z  [2020-08-16T06:33:51Z INFO  dt_instance] d0a71d84-b80f-4558-beac-8887750652e3 "56 m0E7sVwRWd23QTsV4C5Fk91GMoAxAvfkjzSIAgzChvMNQWOEDMgVQOgMACXSQ"
2020-08-16T06:33:51.149801829Z  [2020-08-16T06:33:51Z INFO  dt_instance] Inserted data for source d0a71d84-b80f-4558-beac-8887750652e3.
2020-08-16T06:33:51.202227878Z  [2020-08-16T06:33:51Z INFO  dt_instance] d0a71d84-b80f-4558-beac-8887750652e3 "57 1yBm1zTuJI6wIEMWOczdxuZHKHNXBe9hXnKzq3TAmS8mQGQDttrulZqfCDZDH"
2020-08-16T06:33:51.217317704Z  [2020-08-16T06:33:51Z INFO  dt_instance] Inserted data for source d0a71d84-b80f-4558-beac-8887750652e3.
2020-08-16T06:33:51.269546614Z  [2020-08-16T06:33:51Z INFO  dt_instance] d0a71d84-b80f-4558-beac-8887750652e3 "58 x05JC8pFWZ4ihMCfHIDbHX6tx78V16tc7aQg28ZtRtD2XQpAVLH8sONaKl2NE"
2020-08-16T06:33:51.283667799Z  [2020-08-16T06:33:51Z INFO  dt_instance] Inserted data for source d0a71d84-b80f-4558-beac-8887750652e3.
2020-08-16T06:33:51.335972263Z  [2020-08-16T06:33:51Z INFO  dt_instance] d0a71d84-b80f-4558-beac-8887750652e3 "59 UR1zAEkg4nlYoBj4Hu9ZZubZvDTImx4p8LXJXl2YGCJUUo8YJsVmlZwj0SD9X"
2020-08-16T06:33:51.353827101Z  [2020-08-16T06:33:51Z INFO  dt_instance] Inserted data for source d0a71d84-b80f-4558-beac-8887750652e3.
2020-08-16T06:33:51.405096916Z  [2020-08-16T06:33:51Z INFO  dt_instance] d0a71d84-b80f-4558-beac-8887750652e3 "60 XxSd2dDMaPPlxi7RbDUOUeM9wqjfVP3wDJHJMzNdLFk4YkGGCFRB23eZdocrB"
2020-08-16T06:33:51.417307937Z  [2020-08-16T06:33:51Z INFO  dt_instance] Inserted data for source d0a71d84-b80f-4558-beac-8887750652e3.
2020-08-16T06:33:51.469532793Z  [2020-08-16T06:33:51Z INFO  dt_instance] d0a71d84-b80f-4558-beac-8887750652e3 "61 vTX4OWEblQnJHIwYkuByXTBWuRg8llhHmspzsheqkZF5ovL26xB70ztUqWecP"
2020-08-16T06:33:51.482738044Z  [2020-08-16T06:33:51Z INFO  dt_instance] Inserted data for source d0a71d84-b80f-4558-beac-8887750652e3.
2020-08-16T06:33:51.535137611Z  [2020-08-16T06:33:51Z INFO  dt_instance] d0a71d84-b80f-4558-beac-8887750652e3 "62 R6pVxbq0uEgSiyWbgaY16HoIPiqZHYVMsRZqGhBGfPAb14AKYYqgZKSTme16f"
2020-08-16T06:33:51.547245975Z  [2020-08-16T06:33:51Z INFO  dt_instance] Inserted data for source d0a71d84-b80f-4558-beac-8887750652e3.
2020-08-16T06:33:51.598284451Z  [2020-08-16T06:33:51Z INFO  dt_instance] d0a71d84-b80f-4558-beac-8887750652e3 "63 g18Jce1ykW2qBi2DKWwwLWh7bEpybjVkXghP2dpb5SeKZLQLsn9fcoHPpuCtF"
2020-08-16T06:33:51.610823410Z  [2020-08-16T06:33:51Z INFO  dt_instance] Inserted data for source d0a71d84-b80f-4558-beac-8887750652e3.
2020-08-16T06:33:51.662795888Z  [2020-08-16T06:33:51Z INFO  dt_instance] d0a71d84-b80f-4558-beac-8887750652e3 "64 hzbrWOLuUFdicSsJgqjeSQahPmrsOoXbUvaZTXwxPsnTrzZwVvd9asd9oVxWf"
2020-08-16T06:33:51.676176693Z  [2020-08-16T06:33:51Z INFO  dt_instance] Inserted data for source d0a71d84-b80f-4558-beac-8887750652e3.
2020-08-16T06:33:51.727516387Z  [2020-08-16T06:33:51Z INFO  dt_instance] d0a71d84-b80f-4558-beac-8887750652e3 "65 eN943sCGMnaOP8vqB2aushX0dDI5W3LeQfsNhxfpZebIQ7NzMQvlhbAy1NRbA"
2020-08-16T06:33:51.745764698Z  [2020-08-16T06:33:51Z INFO  dt_instance] Inserted data for source d0a71d84-b80f-4558-beac-8887750652e3.
2020-08-16T06:33:51.801561872Z  [2020-08-16T06:33:51Z INFO  dt_instance] d0a71d84-b80f-4558-beac-8887750652e3 "66 fGY3qAGbixxbwKYDmlUK0dBJ9LnJHeRcDHqZ4WqDOkvV93dM2LqvRxylKKqOX"
2020-08-16T06:33:51.814263168Z  [2020-08-16T06:33:51Z INFO  dt_instance] Inserted data for source d0a71d84-b80f-4558-beac-8887750652e3.
2020-08-16T06:33:51.866215874Z  [2020-08-16T06:33:51Z INFO  dt_instance] d0a71d84-b80f-4558-beac-8887750652e3 "67 wy0dEe5Clg8HYf4VJt19MiRyv3qzhNw7SfJujmiOwR9jMwQeduzYWSp7kDlMv"
2020-08-16T06:33:51.878108774Z  [2020-08-16T06:33:51Z INFO  dt_instance] Inserted data for source d0a71d84-b80f-4558-beac-8887750652e3.
2020-08-16T06:33:51.929218984Z  [2020-08-16T06:33:51Z INFO  dt_instance] d0a71d84-b80f-4558-beac-8887750652e3 "68 9j7T7gtnuYYWYWBdnnt7gllhLitloOfIa5sIBatdMJ3by0vdWnFNiKgRAgfCu"
2020-08-16T06:33:51.941472895Z  [2020-08-16T06:33:51Z INFO  dt_instance] Inserted data for source d0a71d84-b80f-4558-beac-8887750652e3.
2020-08-16T06:33:51.993382761Z  [2020-08-16T06:33:51Z INFO  dt_instance] d0a71d84-b80f-4558-beac-8887750652e3 "69 iyGdX356r9rua0TV3DqpI7ug8O6ucEgP66lkswWBBFP9FMf1lSnKz4GJwVyml"
2020-08-16T06:33:52.005569655Z  [2020-08-16T06:33:52Z INFO  dt_instance] Inserted data for source d0a71d84-b80f-4558-beac-8887750652e3.
2020-08-16T06:33:52.057429345Z  [2020-08-16T06:33:52Z INFO  dt_instance] d0a71d84-b80f-4558-beac-8887750652e3 "70 Z6mWOoDx62zeimqEEO2mVjDiC8GEqdmhT4RzOFLyQndXw99Y2nZ1XvDVoE8zN"
2020-08-16T06:33:52.069550524Z  [2020-08-16T06:33:52Z INFO  dt_instance] Inserted data for source d0a71d84-b80f-4558-beac-8887750652e3.
2020-08-16T06:33:52.122657727Z  [2020-08-16T06:33:52Z INFO  dt_instance] d0a71d84-b80f-4558-beac-8887750652e3 "71 gzN0gGzz0AynJhvufL4YeJlpWEwUAhmMDdityOi917jlYJpj77dMbxlDxLNc5"
2020-08-16T06:33:52.135149148Z  [2020-08-16T06:33:52Z INFO  dt_instance] Inserted data for source d0a71d84-b80f-4558-beac-8887750652e3.
2020-08-16T06:33:52.186044817Z  [2020-08-16T06:33:52Z INFO  dt_instance] d0a71d84-b80f-4558-beac-8887750652e3 "72 vHEkSEcH0uaurgCoALDwG0DMJaUbbDNrDiJyxJTeN1XMYVJU56N3I5PzYAiD7"
2020-08-16T06:33:52.197819936Z  [2020-08-16T06:33:52Z INFO  dt_instance] Inserted data for source d0a71d84-b80f-4558-beac-8887750652e3.
2020-08-16T06:33:52.250584055Z  [2020-08-16T06:33:52Z INFO  dt_instance] d0a71d84-b80f-4558-beac-8887750652e3 "73 dOq58ROfbb3Z60NNzW2RQnDkLdGJi0Z9oV60MeR679Z86uOvskIxmlIkqmsoX"
2020-08-16T06:33:52.272218157Z  [2020-08-16T06:33:52Z INFO  dt_instance] Inserted data for source d0a71d84-b80f-4558-beac-8887750652e3.
2020-08-16T06:33:52.321015933Z  [2020-08-16T06:33:52Z INFO  dt_instance] d0a71d84-b80f-4558-beac-8887750652e3 "74 OC4JdsvdLXVbKeqUYWCfuV9DXuMkatthhvcRMkEnhqsVmRIYE0wLmdQ5d0TnF"
2020-08-16T06:33:52.331223861Z  [2020-08-16T06:33:52Z INFO  dt_instance] Inserted data for source d0a71d84-b80f-4558-beac-8887750652e3.
2020-08-16T06:33:52.383336880Z  [2020-08-16T06:33:52Z INFO  dt_instance] d0a71d84-b80f-4558-beac-8887750652e3 "75 emBYc13mzbTXlzsxLFPNyf6ZXudZ9rrwV8rVqLcjbggzKzdx4hfqQIGNIU6Z5"
2020-08-16T06:33:52.395337335Z  [2020-08-16T06:33:52Z INFO  dt_instance] Inserted data for source d0a71d84-b80f-4558-beac-8887750652e3.
2020-08-16T06:33:52.451778233Z  [2020-08-16T06:33:52Z INFO  dt_instance] d0a71d84-b80f-4558-beac-8887750652e3 "76 wrIktfbN3kS2vIsuPCSlupkglQNmNXoFje10gHsjo80rqzQWBPZsey7TDXLEF"
2020-08-16T06:33:52.463882633Z  [2020-08-16T06:33:52Z INFO  dt_instance] Inserted data for source d0a71d84-b80f-4558-beac-8887750652e3.
2020-08-16T06:33:52.516009459Z  [2020-08-16T06:33:52Z INFO  dt_instance] d0a71d84-b80f-4558-beac-8887750652e3 "77 6dPX3GqJfnTzHmMiUZhOlXkQAv2jDsRCcEHbsmTr5leoZdngxz29auhBCkBs9"
2020-08-16T06:33:52.528038407Z  [2020-08-16T06:33:52Z INFO  dt_instance] Inserted data for source d0a71d84-b80f-4558-beac-8887750652e3.
2020-08-16T06:33:52.579869972Z  [2020-08-16T06:33:52Z INFO  dt_instance] d0a71d84-b80f-4558-beac-8887750652e3 "78 k17vSpPPKDltoH20cRzhNCABiYYOP8KLCPMVxigjZ4MSb8QCigXpBNrDFll7y"
2020-08-16T06:33:52.591436273Z  [2020-08-16T06:33:52Z INFO  dt_instance] Inserted data for source d0a71d84-b80f-4558-beac-8887750652e3.
2020-08-16T06:33:52.643507687Z  [2020-08-16T06:33:52Z INFO  dt_instance] d0a71d84-b80f-4558-beac-8887750652e3 "79 Xpyuh9XmhsNr4nhD1cOLbsLTZNuTMo21ii5bxxV5MuOe1wqsUKqoDWPhi9HrW"
2020-08-16T06:33:52.655108053Z  [2020-08-16T06:33:52Z INFO  dt_instance] Inserted data for source d0a71d84-b80f-4558-beac-8887750652e3.
2020-08-16T06:33:52.706857939Z  [2020-08-16T06:33:52Z INFO  dt_instance] d0a71d84-b80f-4558-beac-8887750652e3 "80 89vzVAHmLtAQaAXSYMN4SO4vCL7qQj0HKUSbcnzEONA4A97X9SNZaHDACOPQs"
2020-08-16T06:33:52.718368219Z  [2020-08-16T06:33:52Z INFO  dt_instance] Inserted data for source d0a71d84-b80f-4558-beac-8887750652e3.
2020-08-16T06:33:52.770270043Z  [2020-08-16T06:33:52Z INFO  dt_instance] d0a71d84-b80f-4558-beac-8887750652e3 "81 2ZPYj9zFvwSJgMzK1NHt41qqtBweoNPV1aooXKoQkS204iARCk8qw4T6r71CR"
2020-08-16T06:33:52.781676548Z  [2020-08-16T06:33:52Z INFO  dt_instance] Inserted data for source d0a71d84-b80f-4558-beac-8887750652e3.
2020-08-16T06:33:52.834902582Z  [2020-08-16T06:33:52Z INFO  dt_instance] d0a71d84-b80f-4558-beac-8887750652e3 "82 L24I5KQ4MTEUs8g57WRJGTrt1s0Jayv6iA5l4PpBuXn4oreY7ZXo58YfvJlzU"
2020-08-16T06:33:52.847322719Z  [2020-08-16T06:33:52Z INFO  dt_instance] Inserted data for source d0a71d84-b80f-4558-beac-8887750652e3.
2020-08-16T06:33:52.899158300Z  [2020-08-16T06:33:52Z INFO  dt_instance] d0a71d84-b80f-4558-beac-8887750652e3 "83 3dDrHMb4SN6RApfGK7SIlC8gv0lIMj8Ui4Ec0Qri7RNhjf9qt4vSQbMv7PqHB"
2020-08-16T06:33:52.910822199Z  [2020-08-16T06:33:52Z INFO  dt_instance] Inserted data for source d0a71d84-b80f-4558-beac-8887750652e3.
2020-08-16T06:33:52.962644472Z  [2020-08-16T06:33:52Z INFO  dt_instance] d0a71d84-b80f-4558-beac-8887750652e3 "84 NqUxVu0oASV1kMjPzjZ6l0Nyrmczq61J5HBg7kZV5Z4J2VonepADNzzMHQa9z"
2020-08-16T06:33:52.974818386Z  [2020-08-16T06:33:52Z INFO  dt_instance] Inserted data for source d0a71d84-b80f-4558-beac-8887750652e3.
2020-08-16T06:33:53.026658400Z  [2020-08-16T06:33:53Z INFO  dt_instance] d0a71d84-b80f-4558-beac-8887750652e3 "85 spwQiSBDepo08MJ4AiO6g9bGHi8EeUzljVGlAxrEmGljOFaWwaXrjRxOehZ3w"
2020-08-16T06:33:53.038293986Z  [2020-08-16T06:33:53Z INFO  dt_instance] Inserted data for source d0a71d84-b80f-4558-beac-8887750652e3.
2020-08-16T06:33:53.093374662Z  [2020-08-16T06:33:53Z INFO  dt_instance] d0a71d84-b80f-4558-beac-8887750652e3 "86 KJ4iAJ1GQ5AzdwwxrW7HVcH5OHKIgw8f6MbEYXWhHowMTFNvbFqvEVsrE5d1P"
2020-08-16T06:33:53.104799914Z  [2020-08-16T06:33:53Z INFO  dt_instance] Inserted data for source d0a71d84-b80f-4558-beac-8887750652e3.
2020-08-16T06:33:53.156886901Z  [2020-08-16T06:33:53Z INFO  dt_instance] d0a71d84-b80f-4558-beac-8887750652e3 "87 cnGHnKbLpY0WPfeIU1UQfJbMMsa4Rmkx0iB1wMkDhoFvWvOn0xvGeUzoXkYJi"
2020-08-16T06:33:53.169072528Z  [2020-08-16T06:33:53Z INFO  dt_instance] Inserted data for source d0a71d84-b80f-4558-beac-8887750652e3.
2020-08-16T06:33:53.220928987Z  [2020-08-16T06:33:53Z INFO  dt_instance] d0a71d84-b80f-4558-beac-8887750652e3 "88 6DqFambBK7jnqJuSO63hwP6lbeCSk00204ue9Pbm7L5k4O9cahNKuTXfU6z8A"
2020-08-16T06:33:53.233344729Z  [2020-08-16T06:33:53Z INFO  dt_instance] Inserted data for source d0a71d84-b80f-4558-beac-8887750652e3.
2020-08-16T06:33:53.285217083Z  [2020-08-16T06:33:53Z INFO  dt_instance] d0a71d84-b80f-4558-beac-8887750652e3 "89 m4Z0Pip8DPCwAlSeOAAqIAJf2AZAW2pgYe2fYLKjIAvPNAMRpK0HmtHCJtXma"
2020-08-16T06:33:53.298086804Z  [2020-08-16T06:33:53Z INFO  dt_instance] Inserted data for source d0a71d84-b80f-4558-beac-8887750652e3.
2020-08-16T06:33:53.349233567Z  [2020-08-16T06:33:53Z INFO  dt_instance] d0a71d84-b80f-4558-beac-8887750652e3 "90 FtQJwUk1HPseHf2SZ9OKWjPZgPev4Xm2ug2s5PM1eBikN5YBGF4gzX0ZTTli9"
2020-08-16T06:33:53.361884615Z  [2020-08-16T06:33:53Z INFO  dt_instance] Inserted data for source d0a71d84-b80f-4558-beac-8887750652e3.
2020-08-16T06:33:53.413084479Z  [2020-08-16T06:33:53Z INFO  dt_instance] d0a71d84-b80f-4558-beac-8887750652e3 "91 JLHhoYVf6F3YqUMjVznL3ut9j00YsJ5xj4qCpnIUuqtDrvgc4dH7nhI13vGJO"
2020-08-16T06:33:53.425534568Z  [2020-08-16T06:33:53Z INFO  dt_instance] Inserted data for source d0a71d84-b80f-4558-beac-8887750652e3.
2020-08-16T06:33:53.477415619Z  [2020-08-16T06:33:53Z INFO  dt_instance] d0a71d84-b80f-4558-beac-8887750652e3 "92 pZczy0XjuimvdUUeTiaWaiXI0JrbAVQiKi001qFdY4Yfc0QsfyJMPijnnCarD"
2020-08-16T06:33:53.489404919Z  [2020-08-16T06:33:53Z INFO  dt_instance] Inserted data for source d0a71d84-b80f-4558-beac-8887750652e3.
2020-08-16T06:33:53.541625195Z  [2020-08-16T06:33:53Z INFO  dt_instance] d0a71d84-b80f-4558-beac-8887750652e3 "93 vmaSUiavpbUUGqtcONhzuM5auDc6vV9HW5hfx3MRDTYKmyKhlR7YqH63kpjCz"
2020-08-16T06:33:53.554277411Z  [2020-08-16T06:33:53Z INFO  dt_instance] Inserted data for source d0a71d84-b80f-4558-beac-8887750652e3.
2020-08-16T06:33:53.606320882Z  [2020-08-16T06:33:53Z INFO  dt_instance] d0a71d84-b80f-4558-beac-8887750652e3 "94 4dqNSdtycToLgDlrhWHxSmVJibSQzVq00vILOI0vqqlTn3SNIyFq5RVvT5SAE"
2020-08-16T06:33:53.619049831Z  [2020-08-16T06:33:53Z INFO  dt_instance] Inserted data for source d0a71d84-b80f-4558-beac-8887750652e3.
2020-08-16T06:33:53.670974366Z  [2020-08-16T06:33:53Z INFO  dt_instance] d0a71d84-b80f-4558-beac-8887750652e3 "95 nwOcdn0SUaSmkST2POCEuScoOO2WGTzx9jAGBZ5IcsUgDw2oYf9GuXdv4kh0W"
2020-08-16T06:33:53.683115247Z  [2020-08-16T06:33:53Z INFO  dt_instance] Inserted data for source d0a71d84-b80f-4558-beac-8887750652e3.
2020-08-16T06:33:53.739519552Z  [2020-08-16T06:33:53Z INFO  dt_instance] d0a71d84-b80f-4558-beac-8887750652e3 "96 vbaIqwytV5LzQ7XQAAJZcPZ9Uh9LEHfHpzHVx24YSmvBuzokcqyw1bboOYyEK"
2020-08-16T06:33:53.751433418Z  [2020-08-16T06:33:53Z INFO  dt_instance] Inserted data for source d0a71d84-b80f-4558-beac-8887750652e3.
2020-08-16T06:33:53.803356981Z  [2020-08-16T06:33:53Z INFO  dt_instance] d0a71d84-b80f-4558-beac-8887750652e3 "97 O1bn8ez8736pmWP24dsBqAlVyhbgTpfnLHwiRiwwvrg1hZcVLmh6ouX4b7Ruv"
2020-08-16T06:33:53.815805396Z  [2020-08-16T06:33:53Z INFO  dt_instance] Inserted data for source d0a71d84-b80f-4558-beac-8887750652e3.
2020-08-16T06:33:53.867806452Z  [2020-08-16T06:33:53Z INFO  dt_instance] d0a71d84-b80f-4558-beac-8887750652e3 "98 oBFyHeBvIrN0PDLgXuCpGZfYAORXsQjDL2FTK00V94FRRIxnRS8OvLMpDT2rs"
2020-08-16T06:33:53.880503420Z  [2020-08-16T06:33:53Z INFO  dt_instance] Inserted data for source d0a71d84-b80f-4558-beac-8887750652e3.
2020-08-16T06:33:53.932762165Z  [2020-08-16T06:33:53Z INFO  dt_instance] d0a71d84-b80f-4558-beac-8887750652e3 "99 UUd1MFM9vJ3bTjHzUpvJoGaUSjlYQcu1gOwgrpjtsjp0ANLsWTZp8Gt2C1tSA"
2020-08-16T06:33:53.945602700Z  [2020-08-16T06:33:53Z INFO  dt_instance] Inserted data for source d0a71d84-b80f-4558-beac-8887750652e3.
2020-08-16T06:33:53.997401959Z  [2020-08-16T06:33:53Z INFO  dt_instance] d0a71d84-b80f-4558-beac-8887750652e3 "0 sXqQR9PDjvWdBFWTxczxnZprHKCjRpDXQ3lb7a7H6vXPpPTVYS5sDE2b1cyvHW"
2020-08-16T06:33:54.010542968Z  [2020-08-16T06:33:54Z INFO  dt_instance] Inserted data for source d0a71d84-b80f-4558-beac-8887750652e3.
2020-08-16T06:33:54.062420676Z  [2020-08-16T06:33:54Z INFO  dt_instance] d0a71d84-b80f-4558-beac-8887750652e3 "1 QLmaLFCjFngeJsDG2VLLfuMT988fhigqSmVjKMmwyVxds7584I626VEsTTGpsT"
2020-08-16T06:33:54.074926305Z  [2020-08-16T06:33:54Z INFO  dt_instance] Inserted data for source d0a71d84-b80f-4558-beac-8887750652e3.
2020-08-16T06:33:54.126737839Z  [2020-08-16T06:33:54Z INFO  dt_instance] d0a71d84-b80f-4558-beac-8887750652e3 "2 GwA6KiqtfUvc847ZlPPTUHVdY0J1vBngD2HDRQwY1bqsrXiTsIVaEwNVUhd2dc"
2020-08-16T06:33:54.139108285Z  [2020-08-16T06:33:54Z INFO  dt_instance] Inserted data for source d0a71d84-b80f-4558-beac-8887750652e3.
2020-08-16T06:33:54.191044411Z  [2020-08-16T06:33:54Z INFO  dt_instance] d0a71d84-b80f-4558-beac-8887750652e3 "3 Ldifr1j81cdaXi41nQcpeospSKWbCUuJ2Jaa18oZCuiW2PxWXiR4hUt09pTTcA"
2020-08-16T06:33:54.203189903Z  [2020-08-16T06:33:54Z INFO  dt_instance] Inserted data for source d0a71d84-b80f-4558-beac-8887750652e3.
2020-08-16T06:33:54.254964860Z  [2020-08-16T06:33:54Z INFO  dt_instance] d0a71d84-b80f-4558-beac-8887750652e3 "4 xqKI9eS5w33NGhoTnkGZAjpf3Ak4ClklV6VRndNTYX8z4MvCd31JYJhR2EBVu0"
2020-08-16T06:33:54.266955797Z  [2020-08-16T06:33:54Z INFO  dt_instance] Inserted data for source d0a71d84-b80f-4558-beac-8887750652e3.
2020-08-16T06:33:54.318857414Z  [2020-08-16T06:33:54Z INFO  dt_instance] d0a71d84-b80f-4558-beac-8887750652e3 "5 a0oYQ6msKKNgIkLOfNftv860j4DoXbESO3Y5qYUV6qUrhxu8ctWGoh3FPDOyi8"
2020-08-16T06:33:54.331610991Z  [2020-08-16T06:33:54Z INFO  dt_instance] Inserted data for source d0a71d84-b80f-4558-beac-8887750652e3.
2020-08-16T06:33:54.383516341Z  [2020-08-16T06:33:54Z INFO  dt_instance] d0a71d84-b80f-4558-beac-8887750652e3 "6 lykHrIWeMQRdAtmwzw1ZKTb2BsUpQC87AJoPhvScYaVhLHgHEklCxQriPY2RLO"
2020-08-16T06:33:54.399048636Z  [2020-08-16T06:33:54Z INFO  dt_instance] Inserted data for source d0a71d84-b80f-4558-beac-8887750652e3.
2020-08-16T06:33:54.450790647Z  [2020-08-16T06:33:54Z INFO  dt_instance] d0a71d84-b80f-4558-beac-8887750652e3 "7 4ANx1r38YWHdjynCr7rMFahP8RkJcjZZZHeCrduribVNn2rARplyqfPAAifA7m"
2020-08-16T06:33:54.462156530Z  [2020-08-16T06:33:54Z INFO  dt_instance] Inserted data for source d0a71d84-b80f-4558-beac-8887750652e3.
2020-08-16T06:33:54.513974785Z  [2020-08-16T06:33:54Z INFO  dt_instance] d0a71d84-b80f-4558-beac-8887750652e3 "8 2jFjAAr1Dr3i48phiGbH07gL3Y6hJkL5RFbAs6XsfbICZPWPFgl7qrmQgWChqt"
2020-08-16T06:33:54.525416171Z  [2020-08-16T06:33:54Z INFO  dt_instance] Inserted data for source d0a71d84-b80f-4558-beac-8887750652e3.
2020-08-16T06:33:54.577252095Z  [2020-08-16T06:33:54Z INFO  dt_instance] d0a71d84-b80f-4558-beac-8887750652e3 "9 SawD28k5hcUTT0YsrsJYFRzToh5mQkpb3rlQazUZEm23m2qzk4hFLshAqjgFp2"
2020-08-16T06:33:54.589528494Z  [2020-08-16T06:33:54Z INFO  dt_instance] Inserted data for source d0a71d84-b80f-4558-beac-8887750652e3.
2020-08-16T06:33:54.641331988Z  [2020-08-16T06:33:54Z INFO  dt_instance] d0a71d84-b80f-4558-beac-8887750652e3 "10 ijaKXyrQJRc3R5Cc7nyIB8SrA9hf2WTdbZXko6L52XcyXa7EXKTRWIIP6M7RT"
2020-08-16T06:33:54.653962686Z  [2020-08-16T06:33:54Z INFO  dt_instance] Inserted data for source d0a71d84-b80f-4558-beac-8887750652e3.
2020-08-16T06:33:54.706298449Z  [2020-08-16T06:33:54Z INFO  dt_instance] d0a71d84-b80f-4558-beac-8887750652e3 "11 z56ODnhIKSSv8Z8ElTfyyDSmi5Q1PkW5ui8EVxbjYQGyCBKYSD1MNDhpgqiqB"
2020-08-16T06:33:54.718700282Z  [2020-08-16T06:33:54Z INFO  dt_instance] Inserted data for source d0a71d84-b80f-4558-beac-8887750652e3.
2020-08-16T06:33:54.775079941Z  [2020-08-16T06:33:54Z INFO  dt_instance] d0a71d84-b80f-4558-beac-8887750652e3 "12 3jOEECstTDMYZIjbrhM4cFPZYJqAKz0JOizzs1dql5VgfOfkGr07d2YDuq9eM"
2020-08-16T06:33:54.787636670Z  [2020-08-16T06:33:54Z INFO  dt_instance] Inserted data for source d0a71d84-b80f-4558-beac-8887750652e3.
2020-08-16T06:33:54.839442067Z  [2020-08-16T06:33:54Z INFO  dt_instance] d0a71d84-b80f-4558-beac-8887750652e3 "13 VBLsNMENqHfUw34EDu8N366GzpR5J8od9AJtbyANbjUvQbKocWOt05xxRLWoY"
2020-08-16T06:33:54.851347758Z  [2020-08-16T06:33:54Z INFO  dt_instance] Inserted data for source d0a71d84-b80f-4558-beac-8887750652e3.
2020-08-16T06:33:54.903201650Z  [2020-08-16T06:33:54Z INFO  dt_instance] d0a71d84-b80f-4558-beac-8887750652e3 "14 112PtUDx28OiB0UB6WX5QXKJAsX1FveLsEzLTsptxYy4T264z36RJr3ntZfh0"
2020-08-16T06:33:54.915231778Z  [2020-08-16T06:33:54Z INFO  dt_instance] Inserted data for source d0a71d84-b80f-4558-beac-8887750652e3.
2020-08-16T06:33:54.966988042Z  [2020-08-16T06:33:54Z INFO  dt_instance] d0a71d84-b80f-4558-beac-8887750652e3 "15 u7CxO4AWdUXraw9RHDPxm5HE86BKo7JO0uIBX5vhLjLiYPloviIuG07Qwxnpl"
2020-08-16T06:33:54.979192962Z  [2020-08-16T06:33:54Z INFO  dt_instance] Inserted data for source d0a71d84-b80f-4558-beac-8887750652e3.
2020-08-16T06:33:55.031009103Z  [2020-08-16T06:33:55Z INFO  dt_instance] d0a71d84-b80f-4558-beac-8887750652e3 "16 4VTHvtbUjUBydAhCM7jJ7eu1E8kFlgEgb74L37uffmsESgiasrU67iwMmOPGA"
2020-08-16T06:33:55.042946551Z  [2020-08-16T06:33:55Z INFO  dt_instance] Inserted data for source d0a71d84-b80f-4558-beac-8887750652e3.
2020-08-16T06:33:55.094752680Z  [2020-08-16T06:33:55Z INFO  dt_instance] d0a71d84-b80f-4558-beac-8887750652e3 "17 7MVcPy96arawizWoekc1Lzk3GyZBGyF5pwJfAm6lqAN3Wv8U9TlKHLCGINpT0"
2020-08-16T06:33:55.106641670Z  [2020-08-16T06:33:55Z INFO  dt_instance] Inserted data for source d0a71d84-b80f-4558-beac-8887750652e3.
2020-08-16T06:33:55.158728683Z  [2020-08-16T06:33:55Z INFO  dt_instance] d0a71d84-b80f-4558-beac-8887750652e3 "18 eR1TEz082k4us0veHeq7dql5gzLmmGmS5T0JF9ZAZVm9vRFwwJC0n3Mbjj2MW"
2020-08-16T06:33:55.171549080Z  [2020-08-16T06:33:55Z INFO  dt_instance] Inserted data for source d0a71d84-b80f-4558-beac-8887750652e3.
2020-08-16T06:33:55.223536098Z  [2020-08-16T06:33:55Z INFO  dt_instance] d0a71d84-b80f-4558-beac-8887750652e3 "19 bNgkvJgqytkZrgmh1SiOenYdFJFemaPZdrDVdJsAjshyy18NzRYeakId4Uz92"
2020-08-16T06:33:55.235735052Z  [2020-08-16T06:33:55Z INFO  dt_instance] Inserted data for source d0a71d84-b80f-4558-beac-8887750652e3.
2020-08-16T06:33:55.287847822Z  [2020-08-16T06:33:55Z INFO  dt_instance] d0a71d84-b80f-4558-beac-8887750652e3 "20 o1yauCnkgO6kjOITwhtWCdRp8zJDSjmNwY2tONjpkbk3bTa2TCyt21mb1IQwJ"
2020-08-16T06:33:55.306410122Z  [2020-08-16T06:33:55Z INFO  dt_instance] Inserted data for source d0a71d84-b80f-4558-beac-8887750652e3.
2020-08-16T06:33:55.358636774Z  [2020-08-16T06:33:55Z INFO  dt_instance] d0a71d84-b80f-4558-beac-8887750652e3 "21 Ca9inopji1osVCMCwvlewhZxnGsWlYhRSfQsX9TMVuw4awi1WDng4Ncf960E4"
2020-08-16T06:33:55.371600347Z  [2020-08-16T06:33:55Z INFO  dt_instance] Inserted data for source d0a71d84-b80f-4558-beac-8887750652e3.
2020-08-16T06:33:55.429349245Z  [2020-08-16T06:33:55Z INFO  dt_instance] d0a71d84-b80f-4558-beac-8887750652e3 "22 VUkXkAE4KHzk3Tcf9VlwMomdRRfB5wr6eqV9m4lUwfIcIKg48BjpMwCryMV4B"
2020-08-16T06:33:55.445809345Z  [2020-08-16T06:33:55Z INFO  dt_instance] Inserted data for source d0a71d84-b80f-4558-beac-8887750652e3.
2020-08-16T06:33:55.498795824Z  [2020-08-16T06:33:55Z INFO  dt_instance] d0a71d84-b80f-4558-beac-8887750652e3 "23 qUwb6xOVDGvpIsUULQrGyvcqcjQpP08IVtUHQacIVoUcxY6unyCAYUrpG1TUr"
2020-08-16T06:33:55.517460896Z  [2020-08-16T06:33:55Z INFO  dt_instance] Inserted data for source d0a71d84-b80f-4558-beac-8887750652e3.
2020-08-16T06:33:55.569618688Z  [2020-08-16T06:33:55Z INFO  dt_instance] d0a71d84-b80f-4558-beac-8887750652e3 "24 mRemCTEy0X6L97gHZGjjD49SBquPlbT8dkrIROUWbGYakJInGihQCOfLR020S"
2020-08-16T06:33:55.588693427Z  [2020-08-16T06:33:55Z INFO  dt_instance] Inserted data for source d0a71d84-b80f-4558-beac-8887750652e3.
2020-08-16T06:33:55.640733434Z  [2020-08-16T06:33:55Z INFO  dt_instance] d0a71d84-b80f-4558-beac-8887750652e3 "25 UdhOSzrsCxmBe1XCqLYxw1LI7UilXNiCWd8MGUUCJYPf5IiCtxvNP08y0NEun"
2020-08-16T06:33:55.658912793Z  [2020-08-16T06:33:55Z INFO  dt_instance] Inserted data for source d0a71d84-b80f-4558-beac-8887750652e3.
2020-08-16T06:33:55.710332387Z  [2020-08-16T06:33:55Z INFO  dt_instance] d0a71d84-b80f-4558-beac-8887750652e3 "26 N1vzrRs6BrQrAckJhxbjh4r8uNWqO2aKhI3hioOYV6eUrmjxCjpofMT3D3IJA"
2020-08-16T06:33:55.726458762Z  [2020-08-16T06:33:55Z INFO  dt_instance] Inserted data for source d0a71d84-b80f-4558-beac-8887750652e3.
2020-08-16T06:33:55.778681062Z  [2020-08-16T06:33:55Z INFO  dt_instance] d0a71d84-b80f-4558-beac-8887750652e3 "0 OSu3aVjgynB8tuy0rsVyx1g9A8RYy1sQ8nIhElpky8SasPjxa9z8VCbrhDu1KE"
2020-08-16T06:33:55.797186586Z  [2020-08-16T06:33:55Z INFO  dt_instance] Inserted data for source d0a71d84-b80f-4558-beac-8887750652e3.
2020-08-16T06:33:55.848236711Z  [2020-08-16T06:33:55Z INFO  dt_instance] d0a71d84-b80f-4558-beac-8887750652e3 "1 WDcZ1aeD0R99vd6aLVP2EDLjYfH2tvFS85ySNm0yenhiyHyrAn2JtA1I6qJhg0"
2020-08-16T06:33:55.867178165Z  [2020-08-16T06:33:55Z INFO  dt_instance] Inserted data for source d0a71d84-b80f-4558-beac-8887750652e3.
2020-08-16T06:33:55.919312492Z  [2020-08-16T06:33:55Z INFO  dt_instance] d0a71d84-b80f-4558-beac-8887750652e3 "2 R8xwh3czTHtl6gMnaVMuKOpn456k9CbuEaGt0nSFIyDMAmWijbbcNUmkFzGqM0"
2020-08-16T06:33:55.938909918Z  [2020-08-16T06:33:55Z INFO  dt_instance] Inserted data for source d0a71d84-b80f-4558-beac-8887750652e3.
2020-08-16T06:33:55.991073110Z  [2020-08-16T06:33:55Z INFO  dt_instance] d0a71d84-b80f-4558-beac-8887750652e3 "3 jNKghOHH71QEfAeU8WtLQmAvrhqf3GFkjoa3YtLa28jnXNkf7TEPQHVSVNxQDs"
2020-08-16T06:33:56.009514429Z  [2020-08-16T06:33:56Z INFO  dt_instance] Inserted data for source d0a71d84-b80f-4558-beac-8887750652e3.
2020-08-16T06:33:56.062802710Z  [2020-08-16T06:33:56Z INFO  dt_instance] d0a71d84-b80f-4558-beac-8887750652e3 "4 biY9tw0rb58RrPbPYQv6Miah2phF7eHkyAtV8Uhbii3qTS8RaKVkxuYCiEqu4J"
2020-08-16T06:33:56.081345807Z  [2020-08-16T06:33:56Z INFO  dt_instance] Inserted data for source d0a71d84-b80f-4558-beac-8887750652e3.
2020-08-16T06:33:56.140671962Z  [2020-08-16T06:33:56Z INFO  dt_instance] d0a71d84-b80f-4558-beac-8887750652e3 "5 HH83FjDDPBqcNi4O6OhNEwcHbBga5vN5nI7CSNi2veoT1jRSS0scKjTLinmAYG"
2020-08-16T06:33:56.156343501Z  [2020-08-16T06:33:56Z INFO  dt_instance] Inserted data for source d0a71d84-b80f-4558-beac-8887750652e3.
2020-08-16T06:33:56.208674966Z  [2020-08-16T06:33:56Z INFO  dt_instance] d0a71d84-b80f-4558-beac-8887750652e3 "6 idJJrVqCDGcOhmQF9JXB0XpMtAL4DspNoYiNRcdf31ZSvPDm0qYWo0T3T0X1pP"
2020-08-16T06:33:56.226743430Z  [2020-08-16T06:33:56Z INFO  dt_instance] Inserted data for source d0a71d84-b80f-4558-beac-8887750652e3.
2020-08-16T06:33:56.279084263Z  [2020-08-16T06:33:56Z INFO  dt_instance] d0a71d84-b80f-4558-beac-8887750652e3 "7 GY4zYuqn7aJqQVFZWeYcLY46KiYAYOG7c2Hd2FrFOwzbku55sIfxsiDeeTgUfr"
2020-08-16T06:33:56.299978890Z  [2020-08-16T06:33:56Z INFO  dt_instance] Inserted data for source d0a71d84-b80f-4558-beac-8887750652e3.
2020-08-16T06:33:56.352097702Z  [2020-08-16T06:33:56Z INFO  dt_instance] d0a71d84-b80f-4558-beac-8887750652e3 "27 bP1fKg5jZ2iPQomkU5JXzxOPwDUGvfVcGeTiH4UfUaZtEeF6EZneyycnAFF4k"
2020-08-16T06:33:56.371799090Z  [2020-08-16T06:33:56Z INFO  dt_instance] Inserted data for source d0a71d84-b80f-4558-beac-8887750652e3.
2020-08-16T06:33:56.424047696Z  [2020-08-16T06:33:56Z INFO  dt_instance] d0a71d84-b80f-4558-beac-8887750652e3 "28 qsT4f6yNGhhjaiIrenR5cp4rfn6pszNyPCWSZtJYsNlALiksBEQsA6IqoCLel"
2020-08-16T06:33:56.442036674Z  [2020-08-16T06:33:56Z INFO  dt_instance] Inserted data for source d0a71d84-b80f-4558-beac-8887750652e3.
2020-08-16T06:33:56.494358933Z  [2020-08-16T06:33:56Z INFO  dt_instance] d0a71d84-b80f-4558-beac-8887750652e3 "29 Eu66gOq4Bcabvttv2IP1cyAZopWlfvWWLozaHOdDp4u6BxFwXoEXMq8xAzZEe"
2020-08-16T06:33:56.510872016Z  [2020-08-16T06:33:56Z INFO  dt_instance] Inserted data for source d0a71d84-b80f-4558-beac-8887750652e3.
2020-08-16T06:33:56.563047470Z  [2020-08-16T06:33:56Z INFO  dt_instance] d0a71d84-b80f-4558-beac-8887750652e3 "30 HeyGQ0b3mLe4swWVFzu3zvkZJmt1IHj2JGVv9K0UqhDa1XXzwV4tpMq22dBoa"
2020-08-16T06:33:56.581331292Z  [2020-08-16T06:33:56Z INFO  dt_instance] Inserted data for source d0a71d84-b80f-4558-beac-8887750652e3.
2020-08-16T06:33:56.633474948Z  [2020-08-16T06:33:56Z INFO  dt_instance] d0a71d84-b80f-4558-beac-8887750652e3 "31 30QAQsZSPMfTLB9w8yk6O6Wz2lSJttG7h3s9Gv1pGv8fRr4KlcA0pWQ60Jt72"
2020-08-16T06:33:56.654426129Z  [2020-08-16T06:33:56Z INFO  dt_instance] Inserted data for source d0a71d84-b80f-4558-beac-8887750652e3.
2020-08-16T06:33:56.706718563Z  [2020-08-16T06:33:56Z INFO  dt_instance] d0a71d84-b80f-4558-beac-8887750652e3 "8 n1NSc4PEpGFDKtrtUjMiRBziFxlcqjmOefAX81zDBBRpSH8xJic9U8Y77rmzWc"
2020-08-16T06:33:56.727375537Z  [2020-08-16T06:33:56Z INFO  dt_instance] Inserted data for source d0a71d84-b80f-4558-beac-8887750652e3.
2020-08-16T06:33:56.779618834Z  [2020-08-16T06:33:56Z INFO  dt_instance] d0a71d84-b80f-4558-beac-8887750652e3 "9 DhOfl3mkyUVGQPmmMhtE7UoYXrP2Sx28Hq05YDLircCFvfgALTWC4zmDfGk5t3"
2020-08-16T06:33:56.799621506Z  [2020-08-16T06:33:56Z INFO  dt_instance] Inserted data for source d0a71d84-b80f-4558-beac-8887750652e3.
2020-08-16T06:33:56.857133924Z  [2020-08-16T06:33:56Z INFO  dt_instance] d0a71d84-b80f-4558-beac-8887750652e3 "10 0UbLd4UFkLhtVPn2W0tKPOGfoQcLBrNNJ8RASdKHz0AB266TQZtloYoTahZGJ"
2020-08-16T06:33:56.873922796Z  [2020-08-16T06:33:56Z INFO  dt_instance] Inserted data for source d0a71d84-b80f-4558-beac-8887750652e3.
2020-08-16T06:33:56.925263672Z  [2020-08-16T06:33:56Z INFO  dt_instance] d0a71d84-b80f-4558-beac-8887750652e3 "11 FJoe7hxH6wm1YG5uI3jzXBdXO9vIjI8bQ2GeMSmF4MiBt4LEJGXdmSHA7MFGX"
2020-08-16T06:33:56.943023887Z  [2020-08-16T06:33:56Z INFO  dt_instance] Inserted data for source d0a71d84-b80f-4558-beac-8887750652e3.
2020-08-16T06:33:56.995122592Z  [2020-08-16T06:33:56Z INFO  dt_instance] d0a71d84-b80f-4558-beac-8887750652e3 "12 WYf6y5CuDZrdaXNZ8j48arBU9g5KqWW7UnRrNac5jbwelsqgkiqkFSDBUiDJm"
2020-08-16T06:33:57.013491335Z  [2020-08-16T06:33:57Z INFO  dt_instance] Inserted data for source d0a71d84-b80f-4558-beac-8887750652e3.
2020-08-16T06:33:57.065474596Z  [2020-08-16T06:33:57Z INFO  dt_instance] d0a71d84-b80f-4558-beac-8887750652e3 "13 WqCUiHykG8vCwRePnLrLWrkba9tGQQxBdEXEfZ8NX6xYSfokVEnJfdL0q2LmB"
2020-08-16T06:33:57.084618856Z  [2020-08-16T06:33:57Z INFO  dt_instance] Inserted data for source d0a71d84-b80f-4558-beac-8887750652e3.
2020-08-16T06:33:57.136945186Z  [2020-08-16T06:33:57Z INFO  dt_instance] d0a71d84-b80f-4558-beac-8887750652e3 "14 8ZQJFq0NtosHOlWj5OBUfY5JRdubBeanBrTEskqdmNiYIzzio4JERK2j6OIkq"
2020-08-16T06:33:57.156823114Z  [2020-08-16T06:33:57Z INFO  dt_instance] Inserted data for source d0a71d84-b80f-4558-beac-8887750652e3.
2020-08-16T06:33:57.209042336Z  [2020-08-16T06:33:57Z INFO  dt_instance] d0a71d84-b80f-4558-beac-8887750652e3 "15 FAJz2LRT3sWwGrswSu7Q2z3roHwsChZ65aRsyuPH7MrQTrQI5nXpruX9fZkwp"
2020-08-16T06:33:57.228550341Z  [2020-08-16T06:33:57Z INFO  dt_instance] Inserted data for source d0a71d84-b80f-4558-beac-8887750652e3.
2020-08-16T06:33:57.280816396Z  [2020-08-16T06:33:57Z INFO  dt_instance] d0a71d84-b80f-4558-beac-8887750652e3 "16 Hc6oSFz2sUwf87PXNm68EomDF1cdL0mtQPc5YzGwgJALeWOvNVJuc4eMtAEEQ"
2020-08-16T06:33:57.301829498Z  [2020-08-16T06:33:57Z INFO  dt_instance] Inserted data for source d0a71d84-b80f-4558-beac-8887750652e3.
2020-08-16T06:33:57.354234150Z  [2020-08-16T06:33:57Z INFO  dt_instance] d0a71d84-b80f-4558-beac-8887750652e3 "17 0H170Xl354C5SW1J3tXt6F1ILg79eVm0vfxwYXSrz8AmxW8YHmBs4u9tQw6Wf"
2020-08-16T06:33:57.375334320Z  [2020-08-16T06:33:57Z INFO  dt_instance] Inserted data for source d0a71d84-b80f-4558-beac-8887750652e3.
2020-08-16T06:33:57.426996119Z  [2020-08-16T06:33:57Z INFO  dt_instance] d0a71d84-b80f-4558-beac-8887750652e3 "18 YUCQ9iv5FPxh7zqgMzbpouKG0QEm0iE6jSIb3fM4MSkcY7zaOrRX6WSoOc5ol"
2020-08-16T06:33:57.447624895Z  [2020-08-16T06:33:57Z INFO  dt_instance] Inserted data for source d0a71d84-b80f-4558-beac-8887750652e3.
2020-08-16T06:33:57.500027008Z  [2020-08-16T06:33:57Z INFO  dt_instance] d0a71d84-b80f-4558-beac-8887750652e3 "19 pNLJyyapDzAUp28yoEjbMXrghENhSQnrejteFSdJYgoI9NjPfOav73OgcbeP0"
2020-08-16T06:33:57.519754859Z  [2020-08-16T06:33:57Z INFO  dt_instance] Inserted data for source d0a71d84-b80f-4558-beac-8887750652e3.
2020-08-16T06:33:57.577572509Z  [2020-08-16T06:33:57Z INFO  dt_instance] d0a71d84-b80f-4558-beac-8887750652e3 "20 RqlzJeddoKmiUdkgX9GOuqjQCGsFUYQLjxHEpbl5iQnYXnvi9hyVhlzbQjeed"
2020-08-16T06:33:57.592299116Z  [2020-08-16T06:33:57Z INFO  dt_instance] Inserted data for source d0a71d84-b80f-4558-beac-8887750652e3.
2020-08-16T06:33:57.644004023Z  [2020-08-16T06:33:57Z INFO  dt_instance] d0a71d84-b80f-4558-beac-8887750652e3 "21 UkoXiejlbdUEBKgh2fcoxzuXM9hD0GLzFLGentYn5MeyCyU8Mnr1yqSA341pl"
2020-08-16T06:33:57.662656750Z  [2020-08-16T06:33:57Z INFO  dt_instance] Inserted data for source d0a71d84-b80f-4558-beac-8887750652e3.
2020-08-16T06:33:57.714200598Z  [2020-08-16T06:33:57Z INFO  dt_instance] d0a71d84-b80f-4558-beac-8887750652e3 "22 24f5Gtj8G8jW0jyVfzBcYAQJIrRITApG2lfZ3Y64WbcvGDmGPpaOF0dy4WiAv"
2020-08-16T06:33:57.732282749Z  [2020-08-16T06:33:57Z INFO  dt_instance] Inserted data for source d0a71d84-b80f-4558-beac-8887750652e3.
2020-08-16T06:33:57.783784041Z  [2020-08-16T06:33:57Z INFO  dt_instance] d0a71d84-b80f-4558-beac-8887750652e3 "32 SFG7BH2282SX0MO0JTH3SFEefEyNmc4blp5rx6rmANvgeY8SwbyShbAMDr42l"
2020-08-16T06:33:57.801620157Z  [2020-08-16T06:33:57Z INFO  dt_instance] Inserted data for source d0a71d84-b80f-4558-beac-8887750652e3.
2020-08-16T06:33:57.853671237Z  [2020-08-16T06:33:57Z INFO  dt_instance] d0a71d84-b80f-4558-beac-8887750652e3 "33 y2yJGq605RsKTVUv375FndbQ3BrCEZeMRvWQ8xa3fhQnjc6wgMlCyaGMrSLW6"
2020-08-16T06:33:57.872388041Z  [2020-08-16T06:33:57Z INFO  dt_instance] Inserted data for source d0a71d84-b80f-4558-beac-8887750652e3.
2020-08-16T06:33:57.924731399Z  [2020-08-16T06:33:57Z INFO  dt_instance] d0a71d84-b80f-4558-beac-8887750652e3 "34 VQiFwa8cgKRvjNCOvVdU87eeKfMkfaDbTAKAsQgHWEC08J7kxXZaLdMKZ7VZX"
2020-08-16T06:33:57.944571573Z  [2020-08-16T06:33:57Z INFO  dt_instance] Inserted data for source d0a71d84-b80f-4558-beac-8887750652e3.
2020-08-16T06:33:57.996879712Z  [2020-08-16T06:33:57Z INFO  dt_instance] d0a71d84-b80f-4558-beac-8887750652e3 "35 bIkxg4laNcaxr1oJ55O5SeFPddYY7pr9xG1vxsAJ6fp1n7pTzIwdOIKij30tI"
2020-08-16T06:33:58.016278355Z  [2020-08-16T06:33:58Z INFO  dt_instance] Inserted data for source d0a71d84-b80f-4558-beac-8887750652e3.
2020-08-16T06:33:58.067961459Z  [2020-08-16T06:33:58Z INFO  dt_instance] d0a71d84-b80f-4558-beac-8887750652e3 "36 nDiKsSGsgWYlUFbYghDFeOC7cvaIWIp2mkehJeXYozyygxOniI0cklRVU0WLH"
2020-08-16T06:33:58.088945875Z  [2020-08-16T06:33:58Z INFO  dt_instance] Inserted data for source d0a71d84-b80f-4558-beac-8887750652e3.
2020-08-16T06:33:58.140601321Z  [2020-08-16T06:33:58Z INFO  dt_instance] d0a71d84-b80f-4558-beac-8887750652e3 "37 62viI4MnAMz0xcYd855jEsGjSU3Uew3eLS3TiCRDfqXBOz2InIg2dyE7xNM3O"
2020-08-16T06:33:58.160633460Z  [2020-08-16T06:33:58Z INFO  dt_instance] Inserted data for source d0a71d84-b80f-4558-beac-8887750652e3.
2020-08-16T06:33:58.212934458Z  [2020-08-16T06:33:58Z INFO  dt_instance] d0a71d84-b80f-4558-beac-8887750652e3 "23 2tWJul7Y92OSVnoPo3TCDBqq9m9E9xRKhMPxNDBmzAmqbvUCJAiceKIsXRRMt"
2020-08-16T06:33:58.232846197Z  [2020-08-16T06:33:58Z INFO  dt_instance] Inserted data for source d0a71d84-b80f-4558-beac-8887750652e3.
2020-08-16T06:33:58.289559976Z  [2020-08-16T06:33:58Z INFO  dt_instance] d0a71d84-b80f-4558-beac-8887750652e3 "24 Cyugw10AmYXgDUoVJ23I8McCMCVSVdVhpbf2L2oTMaHxvCvGnIM1ALpyuJIrw"
2020-08-16T06:33:58.307940350Z  [2020-08-16T06:33:58Z INFO  dt_instance] Inserted data for source d0a71d84-b80f-4558-beac-8887750652e3.
2020-08-16T06:33:58.359515084Z  [2020-08-16T06:33:58Z INFO  dt_instance] d0a71d84-b80f-4558-beac-8887750652e3 "25 fKQAA0kQtLNfLq9S5HKUwCZJY0blfnD2wbK6mmavtwuDLrnspthnTz0Gom6Ga"
2020-08-16T06:33:58.379991326Z  [2020-08-16T06:33:58Z INFO  dt_instance] Inserted data for source d0a71d84-b80f-4558-beac-8887750652e3.
2020-08-16T06:33:58.431651689Z  [2020-08-16T06:33:58Z INFO  dt_instance] d0a71d84-b80f-4558-beac-8887750652e3 "26 QrYg3mXkCD7Tiq797IeKOhlykCpW18f9m7F5G1rrd0rQXrKMcCvCCNeZmhwDC"
2020-08-16T06:33:58.450803572Z  [2020-08-16T06:33:58Z INFO  dt_instance] Inserted data for source d0a71d84-b80f-4558-beac-8887750652e3.
2020-08-16T06:33:58.503020304Z  [2020-08-16T06:33:58Z INFO  dt_instance] d0a71d84-b80f-4558-beac-8887750652e3 "27 oFPhwdKVyiyh9eTQmgNHjS9wRG9nm4cy2voLFjV0zP5yYNdOwhLFUwIyq4ILC"
2020-08-16T06:33:58.523616409Z  [2020-08-16T06:33:58Z INFO  dt_instance] Inserted data for source d0a71d84-b80f-4558-beac-8887750652e3.
2020-08-16T06:33:58.575685945Z  [2020-08-16T06:33:58Z INFO  dt_instance] d0a71d84-b80f-4558-beac-8887750652e3 "28 HqN13PQfQZDTxZE74KGNZ2R5gvH6xhT59XVFBA5vkuJwL3NK42mIRuGVQJT8n"
2020-08-16T06:33:58.595921337Z  [2020-08-16T06:33:58Z INFO  dt_instance] Inserted data for source d0a71d84-b80f-4558-beac-8887750652e3.
2020-08-16T06:33:58.647592921Z  [2020-08-16T06:33:58Z INFO  dt_instance] d0a71d84-b80f-4558-beac-8887750652e3 "38 qSuMWPmunOVIK95r4omDn0uJFO5tMHLMHUAl4StITIIHVwFi2bYFRuF8vd74b"
2020-08-16T06:33:58.667962760Z  [2020-08-16T06:33:58Z INFO  dt_instance] Inserted data for source d0a71d84-b80f-4558-beac-8887750652e3.
2020-08-16T06:33:58.725431272Z  [2020-08-16T06:33:58Z INFO  dt_instance] d0a71d84-b80f-4558-beac-8887750652e3 "39 nnT9Af7lSI4vaRdFXf7ujtLwJDZ4JtsKElATs8pUS207cO4lfY3m07ork3tyk"
2020-08-16T06:33:58.742691535Z  [2020-08-16T06:33:58Z INFO  dt_instance] Inserted data for source d0a71d84-b80f-4558-beac-8887750652e3.
2020-08-16T06:33:58.793341054Z  [2020-08-16T06:33:58Z INFO  dt_instance] d0a71d84-b80f-4558-beac-8887750652e3 "40 moI5PT0qP5X7swQKoBcgk3spS0bm26PggDDNNxWY0o1Y0lQtusKoMxC5qA1FE"
2020-08-16T06:33:58.812450110Z  [2020-08-16T06:33:58Z INFO  dt_instance] Inserted data for source d0a71d84-b80f-4558-beac-8887750652e3.
2020-08-16T06:33:58.864433062Z  [2020-08-16T06:33:58Z INFO  dt_instance] d0a71d84-b80f-4558-beac-8887750652e3 "41 94OA1nlGrJv67I2f8xOg96M6LkM964WWeRn7YLKPVYqffIRT1Hqr2KytPL0oh"
2020-08-16T06:33:58.883825599Z  [2020-08-16T06:33:58Z INFO  dt_instance] Inserted data for source d0a71d84-b80f-4558-beac-8887750652e3.
2020-08-16T06:33:58.935962886Z  [2020-08-16T06:33:58Z INFO  dt_instance] d0a71d84-b80f-4558-beac-8887750652e3 "42 wxaSFe1wQD6WoZkAzF1wUTELBYohRw3n0CyPPHgYd20qebRsPk8VapJHGLKa2"
2020-08-16T06:33:58.953708182Z  [2020-08-16T06:33:58Z INFO  dt_instance] Inserted data for source d0a71d84-b80f-4558-beac-8887750652e3.
2020-08-16T06:33:59.006541829Z  [2020-08-16T06:33:59Z INFO  dt_instance] d0a71d84-b80f-4558-beac-8887750652e3 "43 RAXYvPxaXQjd4jirjwjKL8boxUQ4A8vIG0s57mEysY9czouRlrbL2kPg51L6H"
2020-08-16T06:33:59.024521161Z  [2020-08-16T06:33:59Z INFO  dt_instance] Inserted data for source d0a71d84-b80f-4558-beac-8887750652e3.
2020-08-16T06:33:59.076316155Z  [2020-08-16T06:33:59Z INFO  dt_instance] d0a71d84-b80f-4558-beac-8887750652e3 "44 uXVmYy2Z47lGHEqclDZjYJmaBkrejHCkEhTXB2tOkkJlmTc4VJt5AgMi2irqP"
2020-08-16T06:33:59.093555241Z  [2020-08-16T06:33:59Z INFO  dt_instance] Inserted data for source d0a71d84-b80f-4558-beac-8887750652e3.
2020-08-16T06:33:59.146696475Z  [2020-08-16T06:33:59Z INFO  dt_instance] d0a71d84-b80f-4558-beac-8887750652e3 "45 wdOO0wIAxWkXQl96JodBmuRKAIGGVIfLH9A00fpm96i8wu0Xml8gyijytaeo1"
2020-08-16T06:33:59.164562540Z  [2020-08-16T06:33:59Z INFO  dt_instance] Inserted data for source d0a71d84-b80f-4558-beac-8887750652e3.
2020-08-16T06:33:59.216831893Z  [2020-08-16T06:33:59Z INFO  dt_instance] d0a71d84-b80f-4558-beac-8887750652e3 "46 vroMj9Bj6BSgqddPvj3IXr3CbC4CcL08vjnaIvbzusW96FnBuihA1IdlmjY4R"
2020-08-16T06:33:59.233944339Z  [2020-08-16T06:33:59Z INFO  dt_instance] Inserted data for source d0a71d84-b80f-4558-beac-8887750652e3.
2020-08-16T06:33:59.285272257Z  [2020-08-16T06:33:59Z INFO  dt_instance] d0a71d84-b80f-4558-beac-8887750652e3 "47 JTTIjvnhnOuQyA2CdkvPwHjU53j4Sp55CWDyEJVkcGD3ibpCvmqfX9jUcIfZ5"
2020-08-16T06:33:59.306013078Z  [2020-08-16T06:33:59Z INFO  dt_instance] Inserted data for source d0a71d84-b80f-4558-beac-8887750652e3.
2020-08-16T06:33:59.358180914Z  [2020-08-16T06:33:59Z INFO  dt_instance] d0a71d84-b80f-4558-beac-8887750652e3 "48 N5kUW5TI1uKEDfebnIiNuENKrK8wk8vkLqbPqsUx9VgBHCSrbqhPAUrlgbvjL"
2020-08-16T06:33:59.374347395Z  [2020-08-16T06:33:59Z INFO  dt_instance] Inserted data for source d0a71d84-b80f-4558-beac-8887750652e3.
2020-08-16T06:33:59.427399388Z  [2020-08-16T06:33:59Z INFO  dt_instance] d0a71d84-b80f-4558-beac-8887750652e3 "49 jekXbb1AYNfsP7DzDcenjbXSc14ukffXu94g0a8e3do55Oa0VmVPUH8hiTNMh"
2020-08-16T06:33:59.447529377Z  [2020-08-16T06:33:59Z INFO  dt_instance] Inserted data for source d0a71d84-b80f-4558-beac-8887750652e3.
2020-08-16T06:33:59.499532281Z  [2020-08-16T06:33:59Z INFO  dt_instance] d0a71d84-b80f-4558-beac-8887750652e3 "29 kgBcJmXAbut1m5bAP3t6LmnZ1cLKQiF0gGt352594QgMmVviKLpoKOcqlIIX9"
2020-08-16T06:33:59.517491573Z  [2020-08-16T06:33:59Z INFO  dt_instance] Inserted data for source d0a71d84-b80f-4558-beac-8887750652e3.
2020-08-16T06:33:59.569997512Z  [2020-08-16T06:33:59Z INFO  dt_instance] d0a71d84-b80f-4558-beac-8887750652e3 "30 loRR6oxu1aL6mvYfZRklBgu4l9Voi9OZ0CLUYCUwhPcTABgntOr8v98IdkX24"
2020-08-16T06:33:59.589384659Z  [2020-08-16T06:33:59Z INFO  dt_instance] Inserted data for source d0a71d84-b80f-4558-beac-8887750652e3.
2020-08-16T06:33:59.641277243Z  [2020-08-16T06:33:59Z INFO  dt_instance] d0a71d84-b80f-4558-beac-8887750652e3 "31 RS5GzXKuIkX2d3QAeJTMu2vHdODzojXjVznk0Fgt0FiXIsRBPCDOpKkPZphim"
2020-08-16T06:33:59.667486538Z  [2020-08-16T06:33:59Z INFO  dt_instance] Inserted data for source d0a71d84-b80f-4558-beac-8887750652e3.
2020-08-16T06:33:59.719705472Z  [2020-08-16T06:33:59Z INFO  dt_instance] d0a71d84-b80f-4558-beac-8887750652e3 "32 F5y6Upnq8THdvKbmEERwKJXHrysc5O3gbJGuayNEsQYnEjgurUEfJThwbujZC"
2020-08-16T06:33:59.737489477Z  [2020-08-16T06:33:59Z INFO  dt_instance] Inserted data for source d0a71d84-b80f-4558-beac-8887750652e3.
2020-08-16T06:33:59.789625118Z  [2020-08-16T06:33:59Z INFO  dt_instance] d0a71d84-b80f-4558-beac-8887750652e3 "50 4dCSqcDQA72tyQtahoQEghXbC2ufH34JV0IUMSi3pVBUA4Pl2xgACzlyPljGw"
2020-08-16T06:33:59.806251328Z  [2020-08-16T06:33:59Z INFO  dt_instance] Inserted data for source d0a71d84-b80f-4558-beac-8887750652e3.
2020-08-16T06:33:59.857235112Z  [2020-08-16T06:33:59Z INFO  dt_instance] d0a71d84-b80f-4558-beac-8887750652e3 "51 0brNUSc4of5dCQ5SSe0eksJMQxrAluFa7H1gtI63LUNKEtbiSfXK2QVHYIhNG"
2020-08-16T06:33:59.878072902Z  [2020-08-16T06:33:59Z INFO  dt_instance] Inserted data for source d0a71d84-b80f-4558-beac-8887750652e3.
2020-08-16T06:33:59.930228770Z  [2020-08-16T06:33:59Z INFO  dt_instance] d0a71d84-b80f-4558-beac-8887750652e3 "52 xUTb3ZzDRcjNNQmX8nYL6y8o7rD0DLHgF4klhnFVFPuuTjKXaTqokGpMm3SVA"
2020-08-16T06:33:59.950617104Z  [2020-08-16T06:33:59Z INFO  dt_instance] Inserted data for source d0a71d84-b80f-4558-beac-8887750652e3.
2020-08-16T06:34:00.002660728Z  [2020-08-16T06:34:00Z INFO  dt_instance] d0a71d84-b80f-4558-beac-8887750652e3 "53 DJTOIkUJJs6THdmxIVCFKU6RObxj4PCl6EOsMSd9YtoUbrrpVEwCpBjGVYBjK"
2020-08-16T06:34:00.021164914Z  [2020-08-16T06:34:00Z INFO  dt_instance] Inserted data for source d0a71d84-b80f-4558-beac-8887750652e3.
2020-08-16T06:34:00.072045562Z  [2020-08-16T06:34:00Z INFO  dt_instance] d0a71d84-b80f-4558-beac-8887750652e3 "54 AK1v6V3TJgfyqaWLHij6kIf2VRWhp2cA72dd1BXW52t8cVsnYkScM9XnORpYm"
2020-08-16T06:34:00.083919581Z  [2020-08-16T06:34:00Z INFO  dt_instance] Inserted data for source d0a71d84-b80f-4558-beac-8887750652e3.
2020-08-16T06:34:00.136231811Z  [2020-08-16T06:34:00Z INFO  dt_instance] d0a71d84-b80f-4558-beac-8887750652e3 "55 aRz2ogyfORSh1fCbdr30aGDHDPBe31QgGHAZUn39hi3zqEwrmAvH3t40EiW8o"
2020-08-16T06:34:00.157007309Z  [2020-08-16T06:34:00Z INFO  dt_instance] Inserted data for source d0a71d84-b80f-4558-beac-8887750652e3.
2020-08-16T06:34:00.208894667Z  [2020-08-16T06:34:00Z INFO  dt_instance] d0a71d84-b80f-4558-beac-8887750652e3 "33 8a973uJ0HXfZv2QpcDeZwobZpCNU4e1vPbYQPLSETbSWb8c1zCT2YdjRYF400"
2020-08-16T06:34:00.225814200Z  [2020-08-16T06:34:00Z INFO  dt_instance] Inserted data for source d0a71d84-b80f-4558-beac-8887750652e3.
2020-08-16T06:34:00.278039403Z  [2020-08-16T06:34:00Z INFO  dt_instance] d0a71d84-b80f-4558-beac-8887750652e3 "34 G3EfXtxQ9mb2OSbTBpiJRqtprJhpczFOFX32BhcshuRKScvwRN7sziQlkNWQI"
2020-08-16T06:34:00.297321877Z  [2020-08-16T06:34:00Z INFO  dt_instance] Inserted data for source d0a71d84-b80f-4558-beac-8887750652e3.
2020-08-16T06:34:00.349671809Z  [2020-08-16T06:34:00Z INFO  dt_instance] d0a71d84-b80f-4558-beac-8887750652e3 "35 sfTHXIhWUOwduqZkVamQckfw2Bl0SNr9Y2n0z7cvqXsMswFxzjfRh3uqONbx3"
2020-08-16T06:34:00.369343475Z  [2020-08-16T06:34:00Z INFO  dt_instance] Inserted data for source d0a71d84-b80f-4558-beac-8887750652e3.
2020-08-16T06:34:00.422992709Z  [2020-08-16T06:34:00Z INFO  dt_instance] d0a71d84-b80f-4558-beac-8887750652e3 "36 5jiNVA4bUcVNMD6z58FJ44ieQFtRSDXoXfkVuU71gjzEzDUGoTI6fqIGK24B4"
2020-08-16T06:34:00.440202336Z  [2020-08-16T06:34:00Z INFO  dt_instance] Inserted data for source d0a71d84-b80f-4558-beac-8887750652e3.
2020-08-16T06:34:00.492572785Z  [2020-08-16T06:34:00Z INFO  dt_instance] d0a71d84-b80f-4558-beac-8887750652e3 "37 ztX60mKfBiMF5KdR91VFiN1T01LmjyK16rTLoXgPWEZKehyLjow57HpcuCKHW"
2020-08-16T06:34:00.510311900Z  [2020-08-16T06:34:00Z INFO  dt_instance] Inserted data for source d0a71d84-b80f-4558-beac-8887750652e3.
2020-08-16T06:34:00.562704552Z  [2020-08-16T06:34:00Z INFO  dt_instance] d0a71d84-b80f-4558-beac-8887750652e3 "38 uk1GxhI5n2S8I3gx0Yy1n6XxEQBBIBbltgQiQq3DajRP5IHXRbjFIuyaHjLQs"
2020-08-16T06:34:00.580570159Z  [2020-08-16T06:34:00Z INFO  dt_instance] Inserted data for source d0a71d84-b80f-4558-beac-8887750652e3.
2020-08-16T06:34:00.632999562Z  [2020-08-16T06:34:00Z INFO  dt_instance] d0a71d84-b80f-4558-beac-8887750652e3 "39 a62ZyHThTk2Ou0hcC3XdqM8VFyZYUFLtzXgcld9HKEYr2Cs9r9aZvGCfhynR7"
2020-08-16T06:34:00.649925718Z  [2020-08-16T06:34:00Z INFO  dt_instance] Inserted data for source d0a71d84-b80f-4558-beac-8887750652e3.
2020-08-16T06:34:00.701257339Z  [2020-08-16T06:34:00Z INFO  dt_instance] d0a71d84-b80f-4558-beac-8887750652e3 "40 GKYFA9hEhcBjcp9eyF8okhh8Inmdf745Ga7azt2PIojbVw5WbHu8WCskzXoiI"
2020-08-16T06:34:00.720071072Z  [2020-08-16T06:34:00Z INFO  dt_instance] Inserted data for source d0a71d84-b80f-4558-beac-8887750652e3.
2020-08-16T06:34:00.772356097Z  [2020-08-16T06:34:00Z INFO  dt_instance] d0a71d84-b80f-4558-beac-8887750652e3 "56 YgLvtXwXQGmUI0o9D5rkXWsx3b9A7JtBKCiTICR6a2dR2dmypYpYtD9a5ZeNB"
2020-08-16T06:34:00.792604044Z  [2020-08-16T06:34:00Z INFO  dt_instance] Inserted data for source d0a71d84-b80f-4558-beac-8887750652e3.
2020-08-16T06:34:00.849383962Z  [2020-08-16T06:34:00Z INFO  dt_instance] d0a71d84-b80f-4558-beac-8887750652e3 "57 QkRCqi6W2lGJRtHgB5KQiTtVsUQ31mpS2cQ7gudUDLsLCmwDI2C0foW1HjZ3G"
2020-08-16T06:34:00.865927746Z  [2020-08-16T06:34:00Z INFO  dt_instance] Inserted data for source d0a71d84-b80f-4558-beac-8887750652e3.
2020-08-16T06:34:00.918207278Z  [2020-08-16T06:34:00Z INFO  dt_instance] d0a71d84-b80f-4558-beac-8887750652e3 "58 4DiwGsdxCmSSAmt0ob9W1AxGDmpYFUkdMHGsoXq0OgBvjJDrTibfSZgeBxHtW"
2020-08-16T06:34:00.934941371Z  [2020-08-16T06:34:00Z INFO  dt_instance] Inserted data for source d0a71d84-b80f-4558-beac-8887750652e3.
2020-08-16T06:34:00.987039993Z  [2020-08-16T06:34:00Z INFO  dt_instance] d0a71d84-b80f-4558-beac-8887750652e3 "59 LmbkcXCgxaUgZg4jZOlKK790CHGxyxPV3PP9fS5C1fDmlRpFMP8czK59lQmUW"
2020-08-16T06:34:01.005296944Z  [2020-08-16T06:34:01Z INFO  dt_instance] Inserted data for source d0a71d84-b80f-4558-beac-8887750652e3.
2020-08-16T06:34:01.057740946Z  [2020-08-16T06:34:01Z INFO  dt_instance] d0a71d84-b80f-4558-beac-8887750652e3 "60 AsEnSdHZVkGU4xRvxkXcNAypxxQyV3bISWlqv1MFiniLU0i280tq1zRDqpzis"
2020-08-16T06:34:01.077203601Z  [2020-08-16T06:34:01Z INFO  dt_instance] Inserted data for source d0a71d84-b80f-4558-beac-8887750652e3.
2020-08-16T06:34:01.128882996Z  [2020-08-16T06:34:01Z INFO  dt_instance] d0a71d84-b80f-4558-beac-8887750652e3 "41 d7mFVtAiFHImxTenIIuMtZuCCbIYzfOQXNblUQ1BfRS9nASZerAciSx87ns8F"
2020-08-16T06:34:01.149120465Z  [2020-08-16T06:34:01Z INFO  dt_instance] Inserted data for source d0a71d84-b80f-4558-beac-8887750652e3.
2020-08-16T06:34:01.201414360Z  [2020-08-16T06:34:01Z INFO  dt_instance] d0a71d84-b80f-4558-beac-8887750652e3 "42 MCgcswQpTwk9BlNUvcdBPwcwBZXAC4kc7QqK8BHwW0k0PR1uFFzL4rXLxNduw"
2020-08-16T06:34:01.220772371Z  [2020-08-16T06:34:01Z INFO  dt_instance] Inserted data for source d0a71d84-b80f-4558-beac-8887750652e3.
2020-08-16T06:34:01.272455558Z  [2020-08-16T06:34:01Z INFO  dt_instance] d0a71d84-b80f-4558-beac-8887750652e3 "43 LKTPcujbCpvSKS616M8knXiBKWSq8TaK7e5qMxOggk3mLEY7HTQqfxkVA7HnZ"
2020-08-16T06:34:01.292638304Z  [2020-08-16T06:34:01Z INFO  dt_instance] Inserted data for source d0a71d84-b80f-4558-beac-8887750652e3.
2020-08-16T06:34:01.344864738Z  [2020-08-16T06:34:01Z INFO  dt_instance] d0a71d84-b80f-4558-beac-8887750652e3 "44 Ah3sl1Gr8Yoo0aW834h5tTc3J1cf3TMvBeCj6MGNk8OdvPBDRGJuCwHxPGDC6"
2020-08-16T06:34:01.362290300Z  [2020-08-16T06:34:01Z INFO  dt_instance] Inserted data for source d0a71d84-b80f-4558-beac-8887750652e3.
2020-08-16T06:34:01.413904416Z  [2020-08-16T06:34:01Z INFO  dt_instance] d0a71d84-b80f-4558-beac-8887750652e3 "45 TOr1XXYBhqQkjWcMOvUdOTNGZv6kGyV7IRSmjdHroAEYHiTD30H7x1TyMKU3u"
2020-08-16T06:34:01.432377037Z  [2020-08-16T06:34:01Z INFO  dt_instance] Inserted data for source d0a71d84-b80f-4558-beac-8887750652e3.
2020-08-16T06:34:01.483251732Z  [2020-08-16T06:34:01Z INFO  dt_instance] d0a71d84-b80f-4558-beac-8887750652e3 "46 lEZqDdiewzctlXwGAu9adcS7YYZa5lDpOYPR0JzfRDRidIBqfdEFSFBKMybrr"
2020-08-16T06:34:01.500534429Z  [2020-08-16T06:34:01Z INFO  dt_instance] Inserted data for source d0a71d84-b80f-4558-beac-8887750652e3.
2020-08-16T06:34:01.556543931Z  [2020-08-16T06:34:01Z INFO  dt_instance] d0a71d84-b80f-4558-beac-8887750652e3 "47 IGdnUOEQcvU4uDAPmHGY2yVSeVUu3piYNcYeMyEuz7XUPPrKfcF8dIaxxywB5"
2020-08-16T06:34:01.568426832Z  [2020-08-16T06:34:01Z INFO  dt_instance] Inserted data for source d0a71d84-b80f-4558-beac-8887750652e3.
2020-08-16T06:34:01.620565884Z  [2020-08-16T06:34:01Z INFO  dt_instance] d0a71d84-b80f-4558-beac-8887750652e3 "48 hlRsyedZP1YDncAf71gcjdz5744xotuZNNDZpU9U5FTaaJXVj2pAijkbRNFrv"
2020-08-16T06:34:01.637889065Z  [2020-08-16T06:34:01Z INFO  dt_instance] Inserted data for source d0a71d84-b80f-4558-beac-8887750652e3.
2020-08-16T06:34:01.690208384Z  [2020-08-16T06:34:01Z INFO  dt_instance] d0a71d84-b80f-4558-beac-8887750652e3 "61 3qb8JllniYpmFrxHZ80nno6K1xY7tEKcDEFf8b4FApe2GLrygudsojlA7WyhK"
2020-08-16T06:34:01.709187123Z  [2020-08-16T06:34:01Z INFO  dt_instance] Inserted data for source d0a71d84-b80f-4558-beac-8887750652e3.
2020-08-16T06:34:01.761923359Z  [2020-08-16T06:34:01Z INFO  dt_instance] d0a71d84-b80f-4558-beac-8887750652e3 "62 EEzb1VTHhToulCxVM0YKjGdPQnndgySRfz4JIt8uPGL0Kln4IcN4fJZmPk2uG"
2020-08-16T06:34:01.779108485Z  [2020-08-16T06:34:01Z INFO  dt_instance] Inserted data for source d0a71d84-b80f-4558-beac-8887750652e3.
2020-08-16T06:34:01.831942035Z  [2020-08-16T06:34:01Z INFO  dt_instance] d0a71d84-b80f-4558-beac-8887750652e3 "63 uDrKhfNDvTfh39EmrD0J9SgTo4NxVncueGIdRuHdUeJtI265lKsXWqnNIg85B"
2020-08-16T06:34:01.848302123Z  [2020-08-16T06:34:01Z INFO  dt_instance] Inserted data for source d0a71d84-b80f-4558-beac-8887750652e3.
2020-08-16T06:34:01.900736110Z  [2020-08-16T06:34:01Z INFO  dt_instance] d0a71d84-b80f-4558-beac-8887750652e3 "64 pJ0GSmmIsVK2dBtzLIKkdYR77St3YeSdK6phVfrl3abd1uIv3KoYySrOxA6W0"
2020-08-16T06:34:01.917892762Z  [2020-08-16T06:34:01Z INFO  dt_instance] Inserted data for source d0a71d84-b80f-4558-beac-8887750652e3.
2020-08-16T06:34:01.969284167Z  [2020-08-16T06:34:01Z INFO  dt_instance] d0a71d84-b80f-4558-beac-8887750652e3 "65 CEKB1zV0IUjawRG8xPdHIv2YiJC6md6CzMR7ttD6ITemYgCYGnmebaeP4NWqr"
2020-08-16T06:34:01.987696452Z  [2020-08-16T06:34:01Z INFO  dt_instance] Inserted data for source d0a71d84-b80f-4558-beac-8887750652e3.
2020-08-16T06:34:02.038360172Z  [2020-08-16T06:34:02Z INFO  dt_instance] d0a71d84-b80f-4558-beac-8887750652e3 "66 4y2MXuhmCMbrR6jMJjZH3XCkTCQ0ap54CXgbYp9CjvxY3Gt3VC8M1GxTh7xBG"
2020-08-16T06:34:02.056116295Z  [2020-08-16T06:34:02Z INFO  dt_instance] Inserted data for source d0a71d84-b80f-4558-beac-8887750652e3.
2020-08-16T06:34:02.107886242Z  [2020-08-16T06:34:02Z INFO  dt_instance] d0a71d84-b80f-4558-beac-8887750652e3 "67 pVn9N4zaq3U9rDnM7YrcqyVWDRHwFV48UMNAtXie6SrYl6O4S9FWNknjSPRrN"
2020-08-16T06:34:02.126394578Z  [2020-08-16T06:34:02Z INFO  dt_instance] Inserted data for source d0a71d84-b80f-4558-beac-8887750652e3.
2020-08-16T06:34:02.178544026Z  [2020-08-16T06:34:02Z INFO  dt_instance] d0a71d84-b80f-4558-beac-8887750652e3 "49 AER34M9wcJLOeZESFxVe53RL4YbY7sTfhwDxzWbhPOxXN2HMre8jTqueLmxhe"
2020-08-16T06:34:02.197154550Z  [2020-08-16T06:34:02Z INFO  dt_instance] Inserted data for source d0a71d84-b80f-4558-beac-8887750652e3.
2020-08-16T06:34:02.254079340Z  [2020-08-16T06:34:02Z INFO  dt_instance] d0a71d84-b80f-4558-beac-8887750652e3 "50 LwYUVKKmKV3Azd5Dvj4DI5eQkUCKdHsUV7Vlo9GLMHmfZ3LcpbCJuxyGdwAQ7"
2020-08-16T06:34:02.270459062Z  [2020-08-16T06:34:02Z INFO  dt_instance] Inserted data for source d0a71d84-b80f-4558-beac-8887750652e3.
2020-08-16T06:34:02.322634888Z  [2020-08-16T06:34:02Z INFO  dt_instance] d0a71d84-b80f-4558-beac-8887750652e3 "51 6v6oE9b8yw4hZlC2HEEb0qX6yfJcEcezE94bwkT34f4AsFBWVX2FhiYqIJfGK"
2020-08-16T06:34:02.339103920Z  [2020-08-16T06:34:02Z INFO  dt_instance] Inserted data for source d0a71d84-b80f-4558-beac-8887750652e3.
2020-08-16T06:34:02.391257984Z  [2020-08-16T06:34:02Z INFO  dt_instance] d0a71d84-b80f-4558-beac-8887750652e3 "52 xkePdP8axySivjmfDuCBmldTaR0bbAIhaFuy0nQ9MTxwcF9iIOpeTQ6cmDMoS"
2020-08-16T06:34:02.409524473Z  [2020-08-16T06:34:02Z INFO  dt_instance] Inserted data for source d0a71d84-b80f-4558-beac-8887750652e3.
2020-08-16T06:34:02.462662086Z  [2020-08-16T06:34:02Z INFO  dt_instance] d0a71d84-b80f-4558-beac-8887750652e3 "68 5E8JxNgygscmbnP6B0bSvyuMzekTL9H5yc7TrUtVb32HfTLVdPIMJEm295UL3"
2020-08-16T06:34:02.483181139Z  [2020-08-16T06:34:02Z INFO  dt_instance] Inserted data for source d0a71d84-b80f-4558-beac-8887750652e3.
2020-08-16T06:34:02.535466648Z  [2020-08-16T06:34:02Z INFO  dt_instance] d0a71d84-b80f-4558-beac-8887750652e3 "69 hqqZfMlUjhEAay1sVTNWQCfn5PUM7KPKCEkd0v7XgpsSWMVHOSWjWMORC0XOf"
2020-08-16T06:34:02.555774629Z  [2020-08-16T06:34:02Z INFO  dt_instance] Inserted data for source d0a71d84-b80f-4558-beac-8887750652e3.
2020-08-16T06:34:02.608072910Z  [2020-08-16T06:34:02Z INFO  dt_instance] d0a71d84-b80f-4558-beac-8887750652e3 "70 vJqBKH4yNUnREu20TPgm71iEVyHKW8jnONuLHTeFJc0tOrwyzTWY9hbji04IL"
2020-08-16T06:34:02.628331375Z  [2020-08-16T06:34:02Z INFO  dt_instance] Inserted data for source d0a71d84-b80f-4558-beac-8887750652e3.
2020-08-16T06:34:02.685573133Z  [2020-08-16T06:34:02Z INFO  dt_instance] d0a71d84-b80f-4558-beac-8887750652e3 "71 Ow7DviBwdRVNz15W1SOpv2D3Tt4ktVUwceS550SzyxyqLHWUesmJicuFto0Fr"
2020-08-16T06:34:02.700078759Z  [2020-08-16T06:34:02Z INFO  dt_instance] Inserted data for source d0a71d84-b80f-4558-beac-8887750652e3.
2020-08-16T06:34:02.751943252Z  [2020-08-16T06:34:02Z INFO  dt_instance] d0a71d84-b80f-4558-beac-8887750652e3 "72 pFrIbvjpKVPGeI21O9xCEXJTJvgSK34Y0TOudRbScJ7c7LLowovUawJ96WrU7"
2020-08-16T06:34:02.769634229Z  [2020-08-16T06:34:02Z INFO  dt_instance] Inserted data for source d0a71d84-b80f-4558-beac-8887750652e3.
2020-08-16T06:34:02.822052277Z  [2020-08-16T06:34:02Z INFO  dt_instance] d0a71d84-b80f-4558-beac-8887750652e3 "73 6UupbsJcXAadUZPXgt9dBr7lgoDNrh7YkLnBBDqK4VrbnFSVDhF6LGPIcVquI"
2020-08-16T06:34:02.839650269Z  [2020-08-16T06:34:02Z INFO  dt_instance] Inserted data for source d0a71d84-b80f-4558-beac-8887750652e3.
2020-08-16T06:34:02.891959006Z  [2020-08-16T06:34:02Z INFO  dt_instance] d0a71d84-b80f-4558-beac-8887750652e3 "53 TbvtVcgoiCuAStMP6lc0Ik0pMd8ZHteL5ZXkSBTYjMvWhFqhIWBSW5GTLyIe1"
2020-08-16T06:34:02.909999193Z  [2020-08-16T06:34:02Z INFO  dt_instance] Inserted data for source d0a71d84-b80f-4558-beac-8887750652e3.
2020-08-16T06:34:02.962228929Z  [2020-08-16T06:34:02Z INFO  dt_instance] d0a71d84-b80f-4558-beac-8887750652e3 "54 OKGXCM8TAHTzSPEdKXh48Qj1uhdq3rUUO2ARV323ZGljg3NQyUcGmvtgou3To"
2020-08-16T06:34:02.978863291Z  [2020-08-16T06:34:02Z INFO  dt_instance] Inserted data for source d0a71d84-b80f-4558-beac-8887750652e3.
2020-08-16T06:34:03.030789227Z  [2020-08-16T06:34:03Z INFO  dt_instance] d0a71d84-b80f-4558-beac-8887750652e3 "55 G2l6q2Lp1IK9u2uC0OlqatyUZtQ70nFSKwFXWQ9998kJUHU4h8XrCkpnONu45"
2020-08-16T06:34:03.060069511Z  [2020-08-16T06:34:03Z INFO  dt_instance] Inserted data for source d0a71d84-b80f-4558-beac-8887750652e3.
2020-08-16T06:34:03.107526978Z  [2020-08-16T06:34:03Z INFO  dt_instance] d0a71d84-b80f-4558-beac-8887750652e3 "56 ivFuPR8AtxdhLJ0btNeQGVPi3LvHnOPr60hV8TqcUVpvlrtdxWCNWC7tjp0wM"
2020-08-16T06:34:03.125016797Z  [2020-08-16T06:34:03Z INFO  dt_instance] Inserted data for source d0a71d84-b80f-4558-beac-8887750652e3.
2020-08-16T06:34:03.176696682Z  [2020-08-16T06:34:03Z INFO  dt_instance] d0a71d84-b80f-4558-beac-8887750652e3 "57 KOaoOh6osiY2enC1jiTQd5saNdK1aKSsW8UbCSoBHgLpUMb9Hz34LA3EJEVx2"
2020-08-16T06:34:03.194517161Z  [2020-08-16T06:34:03Z INFO  dt_instance] Inserted data for source d0a71d84-b80f-4558-beac-8887750652e3.
2020-08-16T06:34:03.246802592Z  [2020-08-16T06:34:03Z INFO  dt_instance] d0a71d84-b80f-4558-beac-8887750652e3 "58 c7O3HWvZGh6zBd2XYUjjNV0MsIGUSMtbTTURmXDf3ccrJ0GETQ4Y8O13EdQET"
2020-08-16T06:34:03.267864236Z  [2020-08-16T06:34:03Z INFO  dt_instance] Inserted data for source d0a71d84-b80f-4558-beac-8887750652e3.
2020-08-16T06:34:03.319549299Z  [2020-08-16T06:34:03Z INFO  dt_instance] d0a71d84-b80f-4558-beac-8887750652e3 "59 bdnVIoeZt18ZKyq7c9kjainPCpzbvn8GrYaP0KKYet3DBskZiN1zlaca4Oh6S"
2020-08-16T06:34:03.340158260Z  [2020-08-16T06:34:03Z INFO  dt_instance] Inserted data for source d0a71d84-b80f-4558-beac-8887750652e3.
2020-08-16T06:34:03.397901185Z  [2020-08-16T06:34:03Z INFO  dt_instance] d0a71d84-b80f-4558-beac-8887750652e3 "60 xD58i9TJQ3HRrchj1cpTyFwOg4rGQ7NGVErRSi1dc4UxCaAJ3OuvClT6d8NnM"
2020-08-16T06:34:03.415307504Z  [2020-08-16T06:34:03Z INFO  dt_instance] Inserted data for source d0a71d84-b80f-4558-beac-8887750652e3.
2020-08-16T06:34:03.467041400Z  [2020-08-16T06:34:03Z INFO  dt_instance] d0a71d84-b80f-4558-beac-8887750652e3 "61 CdM91264HxpT9RaMTWrbataFMI7uw08CZYwN1rbSaHs9nQ55lClSIsGjQy5Os"
2020-08-16T06:34:03.485990718Z  [2020-08-16T06:34:03Z INFO  dt_instance] Inserted data for source d0a71d84-b80f-4558-beac-8887750652e3.
2020-08-16T06:34:03.537498146Z  [2020-08-16T06:34:03Z INFO  dt_instance] d0a71d84-b80f-4558-beac-8887750652e3 "74 oegmMalEMGPbM73iyRlyWizdYhVkrLw5EXnX3UvS7cObetsd3XEez6RSRRi3z"
2020-08-16T06:34:03.558159307Z  [2020-08-16T06:34:03Z INFO  dt_instance] Inserted data for source d0a71d84-b80f-4558-beac-8887750652e3.
2020-08-16T06:34:03.609796138Z  [2020-08-16T06:34:03Z INFO  dt_instance] d0a71d84-b80f-4558-beac-8887750652e3 "75 tfTcwwHnPHKhmvplGR8zRSbcVL5Etme4mjZJgmaWfTM8SLQtLjmhezwjLvOYX"
2020-08-16T06:34:03.631040552Z  [2020-08-16T06:34:03Z INFO  dt_instance] Inserted data for source d0a71d84-b80f-4558-beac-8887750652e3.
2020-08-16T06:34:03.682699414Z  [2020-08-16T06:34:03Z INFO  dt_instance] d0a71d84-b80f-4558-beac-8887750652e3 "76 bMwvZJgb6NioAcewiYhSdkmm1YrYEKYGBFRKjx92BD0LugoPQ0XVb1N32iHT9"
2020-08-16T06:34:03.703462720Z  [2020-08-16T06:34:03Z INFO  dt_instance] Inserted data for source d0a71d84-b80f-4558-beac-8887750652e3.
2020-08-16T06:34:03.755843221Z  [2020-08-16T06:34:03Z INFO  dt_instance] d0a71d84-b80f-4558-beac-8887750652e3 "77 nFscTIpNgwVbQxwJ2uAthb9XRNHqskJzX67JhSv36GmKJADgM4vS3Jp0zDOyj"
2020-08-16T06:34:03.775740032Z  [2020-08-16T06:34:03Z INFO  dt_instance] Inserted data for source d0a71d84-b80f-4558-beac-8887750652e3.
2020-08-16T06:34:03.827498659Z  [2020-08-16T06:34:03Z INFO  dt_instance] d0a71d84-b80f-4558-beac-8887750652e3 "78 OqCpgtqnNnQHrJk6nTSgiMQH0TepifIlqG9qPRPLk5rMnMJUBAx41ujg6XxkH"
2020-08-16T06:34:03.848685681Z  [2020-08-16T06:34:03Z INFO  dt_instance] Inserted data for source d0a71d84-b80f-4558-beac-8887750652e3.
2020-08-16T06:34:03.901010842Z  [2020-08-16T06:34:03Z INFO  dt_instance] d0a71d84-b80f-4558-beac-8887750652e3 "62 tGOPn12GAuxCYUxK9j8mbZ1VqmKrELTzSKJOnaNLZtkK9awtBwCXGpO06TMPo"
2020-08-16T06:34:03.920596690Z  [2020-08-16T06:34:03Z INFO  dt_instance] Inserted data for source d0a71d84-b80f-4558-beac-8887750652e3.
2020-08-16T06:34:03.972921304Z  [2020-08-16T06:34:03Z INFO  dt_instance] d0a71d84-b80f-4558-beac-8887750652e3 "63 DGVqNVWhkp5bsmaBSwu0McPwZAj3gicgKMkymFytQB0sQ0veAwN0LCjFviACT"
2020-08-16T06:34:03.992460731Z  [2020-08-16T06:34:03Z INFO  dt_instance] Inserted data for source d0a71d84-b80f-4558-beac-8887750652e3.
2020-08-16T06:34:04.044963432Z  [2020-08-16T06:34:04Z INFO  dt_instance] d0a71d84-b80f-4558-beac-8887750652e3 "64 JYLCJTMSCeo6L6ll4363AmCpg51QnTfozleBJjwS1kpT5ACuAEixgJX6yLgHL"
2020-08-16T06:34:04.065205605Z  [2020-08-16T06:34:04Z INFO  dt_instance] Inserted data for source d0a71d84-b80f-4558-beac-8887750652e3.
2020-08-16T06:34:04.122269665Z  [2020-08-16T06:34:04Z INFO  dt_instance] d0a71d84-b80f-4558-beac-8887750652e3 "65 mtP0AXJcLGyq0Zrf0upkJrsL8tBXjCw23rJ9sWU2tECnHHaDrWgfpnldXv2an"
2020-08-16T06:34:04.138940751Z  [2020-08-16T06:34:04Z INFO  dt_instance] Inserted data for source d0a71d84-b80f-4558-beac-8887750652e3.
2020-08-16T06:34:04.190986435Z  [2020-08-16T06:34:04Z INFO  dt_instance] d0a71d84-b80f-4558-beac-8887750652e3 "79 29zlEzzgOk5KmZQFv1Edjsurm5cRgMiLqk00zoIB9rMcVNzZWVzVtcLEbxPy9"
2020-08-16T06:34:04.209414394Z  [2020-08-16T06:34:04Z INFO  dt_instance] Inserted data for source d0a71d84-b80f-4558-beac-8887750652e3.
2020-08-16T06:34:04.262726025Z  [2020-08-16T06:34:04Z INFO  dt_instance] d0a71d84-b80f-4558-beac-8887750652e3 "80 FAUdqe7RBEn1P6vaiqqI5HnqZKVrKPma6stFaeA9krFRDQ6YPZKhZC33FbW1M"
2020-08-16T06:34:04.281343934Z  [2020-08-16T06:34:04Z INFO  dt_instance] Inserted data for source d0a71d84-b80f-4558-beac-8887750652e3.
2020-08-16T06:34:04.333639440Z  [2020-08-16T06:34:04Z INFO  dt_instance] d0a71d84-b80f-4558-beac-8887750652e3 "81 QVXtxas2B93WfMMnmhag9sHWzaiXKsV89shlw59ophB784UXsunIZ7lprmnaF"
2020-08-16T06:34:04.352279062Z  [2020-08-16T06:34:04Z INFO  dt_instance] Inserted data for source d0a71d84-b80f-4558-beac-8887750652e3.
2020-08-16T06:34:04.404716514Z  [2020-08-16T06:34:04Z INFO  dt_instance] d0a71d84-b80f-4558-beac-8887750652e3 "82 ZhPdOXRlxZcSI7kNBxBWeNs4qu85DWNBiUoKvbvHDjiBsAnbSMYdWYYCow1Ab"
2020-08-16T06:34:04.424521510Z  [2020-08-16T06:34:04Z INFO  dt_instance] Inserted data for source d0a71d84-b80f-4558-beac-8887750652e3.
2020-08-16T06:34:04.476813049Z  [2020-08-16T06:34:04Z INFO  dt_instance] d0a71d84-b80f-4558-beac-8887750652e3 "83 TNZLeihPfs4Djjm2Ux5m4wkC3EsuCFzyRQTDL9gajSg99fwM3hXGlS4yCoOwT"
2020-08-16T06:34:04.495277623Z  [2020-08-16T06:34:04Z INFO  dt_instance] Inserted data for source d0a71d84-b80f-4558-beac-8887750652e3.
2020-08-16T06:34:04.547332289Z  [2020-08-16T06:34:04Z INFO  dt_instance] d0a71d84-b80f-4558-beac-8887750652e3 "66 fvuU9OB3RbtMwBtpLTKRIsbjsE9tkWUAhxCOCPvqluFD6VDhfgCHRCTOWh32k"
2020-08-16T06:34:04.564821404Z  [2020-08-16T06:34:04Z INFO  dt_instance] Inserted data for source d0a71d84-b80f-4558-beac-8887750652e3.
2020-08-16T06:34:04.616228837Z  [2020-08-16T06:34:04Z INFO  dt_instance] d0a71d84-b80f-4558-beac-8887750652e3 "67 vtl5d6yFPN0LGf9nHz78QBxq5DRac3TixXBc0aT5YZjTDtRONehvgEZzJEsVG"
2020-08-16T06:34:04.633615931Z  [2020-08-16T06:34:04Z INFO  dt_instance] Inserted data for source d0a71d84-b80f-4558-beac-8887750652e3.
2020-08-16T06:34:04.686592792Z  [2020-08-16T06:34:04Z INFO  dt_instance] d0a71d84-b80f-4558-beac-8887750652e3 "68 X3d8zb7AH4kdeUwDk2shJJK6S11fJKH6RhiAJ43bvhZtZuT7eFHUwLpqgBpdz"
2020-08-16T06:34:04.706203813Z  [2020-08-16T06:34:04Z INFO  dt_instance] Inserted data for source d0a71d84-b80f-4558-beac-8887750652e3.
2020-08-16T06:34:04.758186132Z  [2020-08-16T06:34:04Z INFO  dt_instance] d0a71d84-b80f-4558-beac-8887750652e3 "69 tvnibeIrv4RzM7ZLoSnHMKVlXzMdqVAJGxC3X6tXgwiixgK0oi2vHgW9ep375"
2020-08-16T06:34:04.776751928Z  [2020-08-16T06:34:04Z INFO  dt_instance] Inserted data for source d0a71d84-b80f-4558-beac-8887750652e3.
2020-08-16T06:34:04.829347395Z  [2020-08-16T06:34:04Z INFO  dt_instance] d0a71d84-b80f-4558-beac-8887750652e3 "70 GANdJpYTARpXsghLUEvsu6SHmkPRfzPvWNdRzL7FI2mYwYoNDH0gI4XFfyrPk"
2020-08-16T06:34:04.851730460Z  [2020-08-16T06:34:04Z INFO  dt_instance] Inserted data for source d0a71d84-b80f-4558-beac-8887750652e3.
2020-08-16T06:34:04.903821449Z  [2020-08-16T06:34:04Z INFO  dt_instance] d0a71d84-b80f-4558-beac-8887750652e3 "84 LZ2JvCcdFLMDc7WQOYwWQ0OA1egdSr510oeUDHqgNwqD0O00ZkexgL7WZpwtJ"
2020-08-16T06:34:04.921478231Z  [2020-08-16T06:34:04Z INFO  dt_instance] Inserted data for source d0a71d84-b80f-4558-beac-8887750652e3.
2020-08-16T06:34:04.973486420Z  [2020-08-16T06:34:04Z INFO  dt_instance] d0a71d84-b80f-4558-beac-8887750652e3 "85 tPTHVc9a6ZnIr27JQUhrgBUzY1ZaHsag7yKQv65kxshkKppsxzgNt4HbR3Gih"
2020-08-16T06:34:04.992509400Z  [2020-08-16T06:34:04Z INFO  dt_instance] Inserted data for source d0a71d84-b80f-4558-beac-8887750652e3.
2020-08-16T06:34:05.044546614Z  [2020-08-16T06:34:05Z INFO  dt_instance] d0a71d84-b80f-4558-beac-8887750652e3 "86 gb3nCIm7EhNpDjU76sMK3nF5yalrIgrPNMMju0cvqXmGDbledFu5GpNd0DM7C"
2020-08-16T06:34:05.061897618Z  [2020-08-16T06:34:05Z INFO  dt_instance] Inserted data for source d0a71d84-b80f-4558-beac-8887750652e3.
2020-08-16T06:34:05.115258908Z  [2020-08-16T06:34:05Z INFO  dt_instance] d0a71d84-b80f-4558-beac-8887750652e3 "87 nMo3MiL4eEQmFc9I6AOypPWZ0hKXWvlf4veEeBH4WE71z284tNXlVaDcLCKxe"
2020-08-16T06:34:05.128753140Z  [2020-08-16T06:34:05Z INFO  dt_instance] Inserted data for source d0a71d84-b80f-4558-beac-8887750652e3.
2020-08-16T06:34:05.180211055Z  [2020-08-16T06:34:05Z INFO  dt_instance] d0a71d84-b80f-4558-beac-8887750652e3 "71 pYsl0AlBhCrIiH1QpjF0NBEWgzXMpukvKz99LrlvWVZhISvE7bGyCzWWmxUzS"
2020-08-16T06:34:05.197214733Z  [2020-08-16T06:34:05Z INFO  dt_instance] Inserted data for source d0a71d84-b80f-4558-beac-8887750652e3.
2020-08-16T06:34:05.248254787Z  [2020-08-16T06:34:05Z INFO  dt_instance] d0a71d84-b80f-4558-beac-8887750652e3 "72 WXjAEUxrSoH8xGUCO9TbwFLKEDWySjpaCgURcwnzhuCUv7cdgGsUyc7fdxHIj"
2020-08-16T06:34:05.268661777Z  [2020-08-16T06:34:05Z INFO  dt_instance] Inserted data for source d0a71d84-b80f-4558-beac-8887750652e3.
2020-08-16T06:34:05.320691838Z  [2020-08-16T06:34:05Z INFO  dt_instance] d0a71d84-b80f-4558-beac-8887750652e3 "73 8LeXQMrZoQCf2aPAzu32CtJsKZDTZLRLj23Eiv5laRyqtZPl2RZqTU4jjnhzT"
2020-08-16T06:34:05.339912001Z  [2020-08-16T06:34:05Z INFO  dt_instance] Inserted data for source d0a71d84-b80f-4558-beac-8887750652e3.
2020-08-16T06:34:05.391879249Z  [2020-08-16T06:34:05Z INFO  dt_instance] d0a71d84-b80f-4558-beac-8887750652e3 "74 dfTrQ25UoZqT2J9lHLd60c07XOasBUlClUYQIgGRf7ZCwbr7iapW8DVBpupx4"
2020-08-16T06:34:05.409113934Z  [2020-08-16T06:34:05Z INFO  dt_instance] Inserted data for source d0a71d84-b80f-4558-beac-8887750652e3.
2020-08-16T06:34:05.461363439Z  [2020-08-16T06:34:05Z INFO  dt_instance] d0a71d84-b80f-4558-beac-8887750652e3 "75 eyGnQOjceCduFb7d64f8J9G5BdlGcJhXGcJaWYLbUGem1ueBNGzDnRd3towuW"
2020-08-16T06:34:05.472595769Z  [2020-08-16T06:34:05Z INFO  dt_instance] Inserted data for source d0a71d84-b80f-4558-beac-8887750652e3.
2020-08-16T06:34:05.524832053Z  [2020-08-16T06:34:05Z INFO  dt_instance] d0a71d84-b80f-4558-beac-8887750652e3 "88 jIhIc9t0biZ1vpMXWjZUfnZlzjJ8IJWxU4FZjbrBPICzwRW5J5nTBo3JW5tIA"
2020-08-16T06:34:05.547145285Z  [2020-08-16T06:34:05Z INFO  dt_instance] Inserted data for source d0a71d84-b80f-4558-beac-8887750652e3.
2020-08-16T06:34:05.599600046Z  [2020-08-16T06:34:05Z INFO  dt_instance] d0a71d84-b80f-4558-beac-8887750652e3 "89 KA9BwU6eQIBbKrKdvNAdAICglMRWwwUTLS43U7NHPgaT1T7qvIin44PjOlIFV"
2020-08-16T06:34:05.619714637Z  [2020-08-16T06:34:05Z INFO  dt_instance] Inserted data for source d0a71d84-b80f-4558-beac-8887750652e3.
2020-08-16T06:34:05.672476012Z  [2020-08-16T06:34:05Z INFO  dt_instance] d0a71d84-b80f-4558-beac-8887750652e3 "90 KiEhBLRwrepMuBExTQgAQObnXi8Esm0Tpq3B1fyT3UkYMAa2RE1hsCJTp2HNX"
2020-08-16T06:34:05.689542026Z  [2020-08-16T06:34:05Z INFO  dt_instance] Inserted data for source d0a71d84-b80f-4558-beac-8887750652e3.
2020-08-16T06:34:05.742759410Z  [2020-08-16T06:34:05Z INFO  dt_instance] d0a71d84-b80f-4558-beac-8887750652e3 "91 6if8rF6YJfI6rYbGyr6yp8jpWSelCeTILUpX4xodoYsxDctxU2SZQMBVJn4gD"
2020-08-16T06:34:05.761327827Z  [2020-08-16T06:34:05Z INFO  dt_instance] Inserted data for source d0a71d84-b80f-4558-beac-8887750652e3.
2020-08-16T06:34:05.814991431Z  [2020-08-16T06:34:05Z INFO  dt_instance] d0a71d84-b80f-4558-beac-8887750652e3 "92 jHuBHzYfOEfU5HzJ5N01jkBaJkP2qts7x3J9c3G4KAf4VsswIpHc86MiwYyXQ"
2020-08-16T06:34:05.835029650Z  [2020-08-16T06:34:05Z INFO  dt_instance] Inserted data for source d0a71d84-b80f-4558-beac-8887750652e3.
2020-08-16T06:34:05.887091213Z  [2020-08-16T06:34:05Z INFO  dt_instance] d0a71d84-b80f-4558-beac-8887750652e3 "93 3Cgzi2Yqood1uHhzLYytaa6uGj7eDkiHxo9jd0j7pF2FQy8FWrdmCWGFBwDh3"
2020-08-16T06:34:05.907169073Z  [2020-08-16T06:34:05Z INFO  dt_instance] Inserted data for source d0a71d84-b80f-4558-beac-8887750652e3.
2020-08-16T06:34:05.959424358Z  [2020-08-16T06:34:05Z INFO  dt_instance] d0a71d84-b80f-4558-beac-8887750652e3 "76 OXV4nqG0x8wwgOmjnkgjAgVn2Cv91yx2aTLkMqwOAxWTJzYqALqgnHOTHXmZY"
2020-08-16T06:34:05.979279290Z  [2020-08-16T06:34:05Z INFO  dt_instance] Inserted data for source d0a71d84-b80f-4558-beac-8887750652e3.
2020-08-16T06:34:06.031485018Z  [2020-08-16T06:34:06Z INFO  dt_instance] d0a71d84-b80f-4558-beac-8887750652e3 "77 74sXZIkbAyN9XzG6J4Ni70VyMcXQk26QMRYXCin6L65XNecHDXmn6yY797rwK"
2020-08-16T06:34:06.051247472Z  [2020-08-16T06:34:06Z INFO  dt_instance] Inserted data for source d0a71d84-b80f-4558-beac-8887750652e3.
2020-08-16T06:34:06.102783115Z  [2020-08-16T06:34:06Z INFO  dt_instance] d0a71d84-b80f-4558-beac-8887750652e3 "78 3oTlayS6qgYzF7XBiQEFEsiWLatJpZ6Bgm1Rff2TRpVgpHCceRbFuMOMw7sDJ"
2020-08-16T06:34:06.121737313Z  [2020-08-16T06:34:06Z INFO  dt_instance] Inserted data for source d0a71d84-b80f-4558-beac-8887750652e3.
2020-08-16T06:34:06.173388813Z  [2020-08-16T06:34:06Z INFO  dt_instance] d0a71d84-b80f-4558-beac-8887750652e3 "79 AlCNi2wstnh5Jzu7J5E3TlR0lbiv4reQSIVXS72tOk4NTFYhzL6JwNcX7v58D"
2020-08-16T06:34:06.191759719Z  [2020-08-16T06:34:06Z INFO  dt_instance] Inserted data for source d0a71d84-b80f-4558-beac-8887750652e3.
2020-08-16T06:34:06.249397257Z  [2020-08-16T06:34:06Z INFO  dt_instance] d0a71d84-b80f-4558-beac-8887750652e3 "80 RTEe3Xy38BlMpWmKqISK1u9AhoQbRD6lKztcXqCdCEwk9Vgfe5kCypWndCpWx"
2020-08-16T06:34:06.264416116Z  [2020-08-16T06:34:06Z INFO  dt_instance] Inserted data for source d0a71d84-b80f-4558-beac-8887750652e3.
2020-08-16T06:34:06.316098188Z  [2020-08-16T06:34:06Z INFO  dt_instance] d0a71d84-b80f-4558-beac-8887750652e3 "94 AsSTzLaLAhDff1g6IYNk0aZpT7umw8SGSKkPiCGgwDVWy065dRDztEz3MP6iq"
2020-08-16T06:34:06.336388692Z  [2020-08-16T06:34:06Z INFO  dt_instance] Inserted data for source d0a71d84-b80f-4558-beac-8887750652e3.
2020-08-16T06:34:06.388057871Z  [2020-08-16T06:34:06Z INFO  dt_instance] d0a71d84-b80f-4558-beac-8887750652e3 "95 VPfQ7KEUZSy4J0Sn4os8IC60czcA7o5waZBXzSqZK1K12jCDZivNEs02Tvl8O"
2020-08-16T06:34:06.408230014Z  [2020-08-16T06:34:06Z INFO  dt_instance] Inserted data for source d0a71d84-b80f-4558-beac-8887750652e3.
2020-08-16T06:34:06.459866625Z  [2020-08-16T06:34:06Z INFO  dt_instance] d0a71d84-b80f-4558-beac-8887750652e3 "96 NBdge6aDB54WNkulJpcgxGhnXNLhxRjVE6DpoxfZcsxinaE2o0gRKOHPKgzuS"
2020-08-16T06:34:06.477906039Z  [2020-08-16T06:34:06Z INFO  dt_instance] Inserted data for source d0a71d84-b80f-4558-beac-8887750652e3.
2020-08-16T06:34:06.529596483Z  [2020-08-16T06:34:06Z INFO  dt_instance] d0a71d84-b80f-4558-beac-8887750652e3 "97 n2gawv8P3fhDLVVUlA2fRzeCoaWBcuJ97VIVC944Dyc6xcUTUxehJLxSqqVwb"
2020-08-16T06:34:06.546645603Z  [2020-08-16T06:34:06Z INFO  dt_instance] Inserted data for source d0a71d84-b80f-4558-beac-8887750652e3.
2020-08-16T06:34:06.597371369Z  [2020-08-16T06:34:06Z INFO  dt_instance] d0a71d84-b80f-4558-beac-8887750652e3 "98 PLvT2pOhL2R66grkUHKWGlu0IQRf2xnQKw5z0L8EISXu2rX0p0qlENXB8tfNG"
2020-08-16T06:34:06.617647101Z  [2020-08-16T06:34:06Z INFO  dt_instance] Inserted data for source d0a71d84-b80f-4558-beac-8887750652e3.
2020-08-16T06:34:06.673433811Z  [2020-08-16T06:34:06Z INFO  dt_instance] d0a71d84-b80f-4558-beac-8887750652e3 "81 4146rbJZvx5cvsPSEJNtkhkJjs8atmU0lGUo9L4kAQhOPe9QRFB006vLwvuz1"
2020-08-16T06:34:06.691056649Z  [2020-08-16T06:34:06Z INFO  dt_instance] Inserted data for source d0a71d84-b80f-4558-beac-8887750652e3.
2020-08-16T06:34:06.742594930Z  [2020-08-16T06:34:06Z INFO  dt_instance] d0a71d84-b80f-4558-beac-8887750652e3 "82 mlo9MbXOiv6vIDEO82Sb4nnGq2mz5mOE8NQSD3sQ5Fx25pBbqCzKWvSiHDoeZ"
2020-08-16T06:34:06.763739619Z  [2020-08-16T06:34:06Z INFO  dt_instance] Inserted data for source d0a71d84-b80f-4558-beac-8887750652e3.
2020-08-16T06:34:06.815316219Z  [2020-08-16T06:34:06Z INFO  dt_instance] d0a71d84-b80f-4558-beac-8887750652e3 "83 5FQAg09VXIm8TxrcDl6hFRmDxOlBb61o1ka8B2kB9nhN0v0bUpP4ulrnr3idQ"
2020-08-16T06:34:06.834876590Z  [2020-08-16T06:34:06Z INFO  dt_instance] Inserted data for source d0a71d84-b80f-4558-beac-8887750652e3.
2020-08-16T06:34:06.886208740Z  [2020-08-16T06:34:06Z INFO  dt_instance] d0a71d84-b80f-4558-beac-8887750652e3 "84 u0brEpa8xpP6YLLDQrt2BP97IyAaMUxTgN0Mh4Sahr1gPDHJsTP1r5RQpczfZ"
2020-08-16T06:34:06.904051762Z  [2020-08-16T06:34:06Z INFO  dt_instance] Inserted data for source d0a71d84-b80f-4558-beac-8887750652e3.
2020-08-16T06:34:06.955337374Z  [2020-08-16T06:34:06Z INFO  dt_instance] d0a71d84-b80f-4558-beac-8887750652e3 "85 7TiRR1veQVmVTF7ANlIZOK2UJrASHg3UPGc7v3df6v8d1urTCAkr74dTVmkFV"
2020-08-16T06:34:06.973051662Z  [2020-08-16T06:34:06Z INFO  dt_instance] Inserted data for source d0a71d84-b80f-4558-beac-8887750652e3.
2020-08-16T06:34:07.025530496Z  [2020-08-16T06:34:07Z INFO  dt_instance] d0a71d84-b80f-4558-beac-8887750652e3 "99 r8EhOHuh8SAgXRX1mdi76aLnnij7QQixanBKACSX8cSr5DzaE0cY6LSRNdnQu"
2020-08-16T06:34:07.042165383Z  [2020-08-16T06:34:07Z INFO  dt_instance] Inserted data for source d0a71d84-b80f-4558-beac-8887750652e3.
2020-08-16T06:34:07.147114677Z  [2020-08-16T06:34:07Z INFO  dt_instance] d0a71d84-b80f-4558-beac-8887750652e3 "86 n3C96IJCoBkMRMXqTn4wZYGBT1owoJRktefsNp7ctSVSnekxMpY3ErTn1RS0V"
2020-08-16T06:34:07.165438510Z  [2020-08-16T06:34:07Z INFO  dt_instance] Inserted data for source d0a71d84-b80f-4558-beac-8887750652e3.
2020-08-16T06:34:07.218968516Z  [2020-08-16T06:34:07Z INFO  dt_instance] d0a71d84-b80f-4558-beac-8887750652e3 "87 VtluRzP7fFqvjAodRjLod48Sz11HRa6uXsS6vytb9bNB4A6cRPMw9QaRe09aS"
2020-08-16T06:34:07.237231027Z  [2020-08-16T06:34:07Z INFO  dt_instance] Inserted data for source d0a71d84-b80f-4558-beac-8887750652e3.
2020-08-16T06:34:07.289462148Z  [2020-08-16T06:34:07Z INFO  dt_instance] d0a71d84-b80f-4558-beac-8887750652e3 "88 Ptkp0zDzZwMAtJUSlceGWgkx7C927CRx2SpTcd86HRJwcYiagOEwfwizFgiGv"
2020-08-16T06:34:07.308718622Z  [2020-08-16T06:34:07Z INFO  dt_instance] Inserted data for source d0a71d84-b80f-4558-beac-8887750652e3.
2020-08-16T06:34:07.361009665Z  [2020-08-16T06:34:07Z INFO  dt_instance] d0a71d84-b80f-4558-beac-8887750652e3 "89 JMnSgoRbSyQS4L0j81vfpDJ748ESJme1vflsmlPH68E6YWopa75zEg67aqbnp"
2020-08-16T06:34:07.378338304Z  [2020-08-16T06:34:07Z INFO  dt_instance] Inserted data for source d0a71d84-b80f-4558-beac-8887750652e3.
2020-08-16T06:34:07.434192062Z  [2020-08-16T06:34:07Z INFO  dt_instance] d0a71d84-b80f-4558-beac-8887750652e3 "90 WMGejiZ2uJoxGcJhwDHM6G1KsRAn2aRWMZ8mrvWJJc0B2pntHDM6cN3bQBxHj"
2020-08-16T06:34:07.448411365Z  [2020-08-16T06:34:07Z INFO  dt_instance] Inserted data for source d0a71d84-b80f-4558-beac-8887750652e3.
2020-08-16T06:34:07.500904326Z  [2020-08-16T06:34:07Z INFO  dt_instance] d0a71d84-b80f-4558-beac-8887750652e3 "91 49CMYDjGj2qWP6Tjhe02tjiu4MNCQuAFZTHMmMykfcWJH9aJSJ1wb0RWS3EVG"
2020-08-16T06:34:07.520805603Z  [2020-08-16T06:34:07Z INFO  dt_instance] Inserted data for source d0a71d84-b80f-4558-beac-8887750652e3.
2020-08-16T06:34:07.572804008Z  [2020-08-16T06:34:07Z INFO  dt_instance] d0a71d84-b80f-4558-beac-8887750652e3 "92 zMM42cw006nQCgt0tHiIqY58a9s283xomeNjbI2w478yQUR67iwU0Xc6GASxP"
2020-08-16T06:34:07.590549268Z  [2020-08-16T06:34:07Z INFO  dt_instance] Inserted data for source d0a71d84-b80f-4558-beac-8887750652e3.
2020-08-16T06:34:07.642788436Z  [2020-08-16T06:34:07Z INFO  dt_instance] d0a71d84-b80f-4558-beac-8887750652e3 "93 4lp6ruWFFwp7z5IN1wvJseFllMWVnVxc8TyxH6KdmUEBugmaPaWmL2wFOiXsS"
2020-08-16T06:34:07.660308919Z  [2020-08-16T06:34:07Z INFO  dt_instance] Inserted data for source d0a71d84-b80f-4558-beac-8887750652e3.
2020-08-16T06:34:07.712409779Z  [2020-08-16T06:34:07Z INFO  dt_instance] d0a71d84-b80f-4558-beac-8887750652e3 "94 9lXJmaMnTuk66MxCoQuCCeRLDWOfdfPs0A5rYCPjG5ygx2XTxnKECcvSIj3gm"
2020-08-16T06:34:07.729973249Z  [2020-08-16T06:34:07Z INFO  dt_instance] Inserted data for source d0a71d84-b80f-4558-beac-8887750652e3.
2020-08-16T06:34:07.781311761Z  [2020-08-16T06:34:07Z INFO  dt_instance] d0a71d84-b80f-4558-beac-8887750652e3 "95 DPIqErPf1cGxj2qTvG8z1C5IlDysUBYUA6bIqk53sq90DvuReRi1dpWcGV9jZ"
2020-08-16T06:34:07.801929224Z  [2020-08-16T06:34:07Z INFO  dt_instance] Inserted data for source d0a71d84-b80f-4558-beac-8887750652e3.
2020-08-16T06:34:07.853350489Z  [2020-08-16T06:34:07Z INFO  dt_instance] d0a71d84-b80f-4558-beac-8887750652e3 "96 mcCHvV3wIDoNjPcJNCJqZILlmMHYD8nR7A0E1kLoavnyXcUzzVchd2OeWIRwh"
2020-08-16T06:34:07.874573374Z  [2020-08-16T06:34:07Z INFO  dt_instance] Inserted data for source d0a71d84-b80f-4558-beac-8887750652e3.
2020-08-16T06:34:07.925258591Z  [2020-08-16T06:34:07Z INFO  dt_instance] d0a71d84-b80f-4558-beac-8887750652e3 "97 bbxyHgDVFObiTXVCFE6JCxHqkVq7Bk9EDxZlhVShHl40xlquw4K8uRAG4MrJa"
2020-08-16T06:34:07.945661517Z  [2020-08-16T06:34:07Z INFO  dt_instance] Inserted data for source d0a71d84-b80f-4558-beac-8887750652e3.
2020-08-16T06:34:07.998478696Z  [2020-08-16T06:34:07Z INFO  dt_instance] d0a71d84-b80f-4558-beac-8887750652e3 "98 p13n39XRn9B6uP5PYbYK4RRvzybUe6JTDTmm2JEJ3AE9L1ySWfEpIVuuPGg5m"
2020-08-16T06:34:08.019625087Z  [2020-08-16T06:34:08Z INFO  dt_instance] Inserted data for source d0a71d84-b80f-4558-beac-8887750652e3.
2020-08-16T06:34:08.071347977Z  [2020-08-16T06:34:08Z INFO  dt_instance] d0a71d84-b80f-4558-beac-8887750652e3 "99 J2b5DFdnhVCVEYpzA6ZGnH1iKIXLdNqz7c3cN3o5ozerBZPdHjgiOP5TAt6GO"
2020-08-16T06:34:08.091717486Z  [2020-08-16T06:34:08Z INFO  dt_instance] Inserted data for source d0a71d84-b80f-4558-beac-8887750652e3.
2020-08-16T06:34:08.142252616Z  [2020-08-16T06:34:08Z ERROR dt_instance] Unhandled incoming.
2020-08-16T06:34:37.146397668Z  [2020-08-16T06:34:37Z ERROR dt_instance] Unhandled incoming.
2020-08-16T06:35:07.148143119Z  [2020-08-16T06:35:07Z ERROR dt_instance] Unhandled incoming.
2020-08-16T06:35:37.150161573Z  [2020-08-16T06:35:37Z ERROR dt_instance] Unhandled incoming.
2020-08-16T06:36:07.149505188Z  [2020-08-16T06:36:07Z ERROR dt_instance] Unhandled incoming.
