2020-08-16T06:44:12.548263495Z 0 7Kt4y88HXvSOcCP9Ku9cWN2ZqLvpugWN7Tqe7X9gPVrmPjVZR2S4RJIKyFHKKw
2020-08-16T06:44:12.559475729Z 1 V8QT3hJXXOMb0tWNnp0s5u4f3BwbDpcYUJBfEB9Gmjknfi09hfB7F48m4A4R1y
2020-08-16T06:44:12.571822412Z 2 7ECTx5vpjN0m9ZYKb3nYeW3wRJI3jbox42IHhuiTRiipR07wyixpGt0vH5lSBF
2020-08-16T06:44:12.583132999Z 3 dRldJpk4fQBmr0rfTsNYOAttXXw50sVrVa5XGEGSjlzZ2V3z8UlowcZl9oGKcK
2020-08-16T06:44:12.594374281Z 4 hrsCus1GY9Ocg720FvBcbmqIkQfP4EpFmQG6weXfP21vgXtJfaWeVw2y0xrHB3
2020-08-16T06:44:12.605516944Z 5 zTO4BIRaM0poZPvSfMNhWkSymE41ormntDVO13f6diW2K44FuNYiVtrBcQvm8K
2020-08-16T06:44:12.616953742Z 6 8wln9AdVUL7c2zxF7jDWu5f2kEUEatpDDV8FEgfuirYm0tTVHsvisKbZBJtqk8
2020-08-16T06:44:12.628114636Z 7 vKWOoSTEUyeghvBD7TYhnhpoyzmx7QoqhilLJ3utqX2n7HxGrIYFZ9Q8ym6R5y
2020-08-16T06:44:12.639261723Z 8 WO1UHGufw2h3lJy0YXexET4Syt8yJAlEfAvSrvaPQXq6biyZK4wmXawmHT2SWy
2020-08-16T06:44:12.650489313Z 9 ybzIAasgcMRok9qoqVqQUudHd57duE8UnBmi7N8ee1RV0ieVhGfMkQrlYWJkG0
2020-08-16T06:44:12.661697746Z 10 fNFFKGHsnZx4nLatCM62K17G65BdeTL12Y610tbCMscmF8KIUo80JB8c8eof8
2020-08-16T06:44:12.672868293Z 11 Scf44L4bhsevLSx2FoXuplVWGiRDOGQX6l3JcRFQs4liZTb0RiTBOXaWQ6jVD
2020-08-16T06:44:12.684127693Z 12 Xxv0AxHnPq40ZEwZnKR6lV7iojnN9j9JLxnv9MnBJmy3pbTd6Qm3I2IoWaAAM
2020-08-16T06:44:12.695537605Z 13 mDABWjWhqap6GghcNtr4oeeCwfCbJt1wqejAiBJgwafjPuMTCISSaF8yPNLz0
2020-08-16T06:44:12.706523878Z 14 l4wf1a710AL7X7EV6SaJZPdRiVdBNeNGarfdUNjy5R2qOFgNdL5mBLFeS2Rpq
2020-08-16T06:44:12.718118193Z 15 SsTWcrH2idnnU6j1psrC8sLoaMbQ0hPSKoELV4EhN775uVmKyGVXuHvFQgXr0
2020-08-16T06:44:12.730416280Z 16 JpHNQiIRF4qLYskQAH0sY5G3WW7wsk0WtHOXpLX5q8a7hE2OCETCnGDhxZM2K
2020-08-16T06:44:12.741230628Z 17 GYpk6TFGVOvQu9HmxEFCFqVUQfxB5zD2fV3bvXyKhew9b3bhyUhHrdfKaNoX8
2020-08-16T06:44:12.752595536Z 18 tBs47faA6WnRM0YET3DY6VGwfDHbr6Wg3YelYQVhh6clOMkyteuSd0BP7Zw2i
2020-08-16T06:44:12.762683767Z 19 Qz01nFkZk53z5fJYSXNDrixhBEuYACmLmlxcchbhHmn0tXUvd0urQBk40Lzd7
2020-08-16T06:44:12.773979012Z 20 vduQR8gRKS53sxolUGUgOd6pDCjl7O2WIxe7QWV4wwjYTMUmaY8PR5vWlRxl5
2020-08-16T06:44:12.785439403Z 21 76QlXKwU0kGWPr970d3zqgIMKa0GwGEmp3myGGWp01D6EmLeQSG8fM5fpm1sD
2020-08-16T06:44:12.796757073Z 22 GJ8a7bgfWVJWIfA6Ky6LpTDotFDMkQyalfyAe7LnE8nTX8555k6rDe2I8NaBU
2020-08-16T06:44:12.807432946Z 23 PELl0FWqlXpSmwUqoCOqorCyyOS6TZugTxb4VIH9VTkvQnTDPzPRZnAYlQHhx
2020-08-16T06:44:12.819694196Z 24 1jLyL8LVEXGLdN93PPuNDXyRpUhHJ2sfduzddr2OMIJ24Lu5LLOqs6MiEtid4
2020-08-16T06:44:12.831129046Z 25 rR7jilr7U4TXXMQnuc6gIksFuQTssLYrRfsxSugN6M0uDcCUJktZazlVtht6S
2020-08-16T06:44:12.843255772Z 26 gemTdsFQ6bUfZsonc9jmvi90ADPZyvwXN2SYM57ie4OaBJOReQmGk2JqXPpi7
2020-08-16T06:44:12.852771172Z 27 PJUpSbTC3GuTiRHi14Qsn9fW2xBtMNiI5LWX3EJeajhXfKdEAUMakqZit5CRY
2020-08-16T06:44:12.864411974Z 28 eEiK8vaYpkMimk5GgQjmFMzTU63okiYrWomxQOLPJvOfy4ytTIHnDKlw14iH0
2020-08-16T06:44:12.875729947Z 29 kZPQ7qLiEfJ6udbfnKmLWSmC0VKdA5g0aVtg3UZTQJsgvJW18VVevcIYqz8aV
2020-08-16T06:44:12.887173095Z 30 oQiTmJzEHCwsfqhfCrhyPwGT4nBwQLkBFYW15cKSn6Z08oJ4yLRcKpI4MTXLC
2020-08-16T06:44:12.898615509Z 31 vo7tphdnvIvVcHO8B8By4fia9dhmcOoNBA45I3vQ8BeM4c57w8iY2u7OvTRID
2020-08-16T06:44:12.911605048Z 32 wwU5VS4xcKgEHp6NDUuczWFSkUrWfk75kZLqwqPDiTMRSaC0HFm5jxVJf7u1W
2020-08-16T06:44:12.921085185Z 33 5nxjUl0mrfD11upo2FbFc46pvOps2xVFIeHVNVSrvZ79uiP5MMwQ6dq6hVTuA
2020-08-16T06:44:12.931840553Z 34 Ec0OHawl2y49DoJV0h5aBbJZHq9CWXccmsieL1sMZbpGMIkuCydmX7pKabtjt
2020-08-16T06:44:12.943907645Z 35 mbz5VXEVo2XpKQnCpWX3qtRxvCcQd6pugSquRmX0sR5gHkNFon2lHJrm6M4gq
2020-08-16T06:44:12.953807927Z 36 LGeG6QzWjTJfyYT8i2eNmEWYyov7BRAiIo4udNv4DDmtfEHRC8kZNQTBBF7NX
2020-08-16T06:44:12.964755726Z 37 zHtXrOTL0rXaRilbkrnVXGPp9IM0f0JeEuBNkAvyvKnRjay5ErKyHSOTJzUCm
2020-08-16T06:44:12.976295129Z 38 DJ1nUCtku025e3yye4VpTmrW7CIRbVhmL4rIpUYK3HvuMmIin6fqenlBg7rDY
2020-08-16T06:44:12.986927965Z 39 jIha8OBAZCNFg4yd4gbYDdcYNjQI5osyJSnnokvp0mY4mf8eVfHKyQLLhATGx
2020-08-16T06:44:12.998611013Z 40 f0FiZXEuo64wRi4REqVp4UMJnKnDWZTRfMaK029nRhB4zgYcxsppzo7GavILO
2020-08-16T06:44:13.010179821Z 41 XDayWAsW2QmltEPyLUCfmuzzLnHAiyyXHY2Bckcd3f5CLhAgdZXazSQ88QI3N
2020-08-16T06:44:13.021658587Z 42 nxBT2Za8cuKT0supCGeY2kgUeX0OwMNuFQQRAU0FYEsPbCda2mk1lMRdK9uzg
2020-08-16T06:44:13.033070744Z 43 XVnUbvicw259yA7LkrM6ouUMxJBYD8YqO08pjw9o4VBshOKhzReGNobs3U3bE
2020-08-16T06:44:13.044725954Z 44 KTHA3lC3jrrZEFliIE8o2aNjilxzvJXf5Lsm3YpOqoxWpotfFFPWAhaizbMZ2
2020-08-16T06:44:13.056806499Z 45 gxlPrrR8u0yjKsMNRkFbTgBW8R4bCE7gNCeEI7SOtx62LUOG604TtS1fb6FBc
2020-08-16T06:44:13.067016640Z 46 gkFTUqHfvGXVsy1dPRHtagCrSUTxDnzB1jwYMfNh8GX7IMiRJx89ZmHGO7sJT
2020-08-16T06:44:13.077960802Z 47 J8EBK48NSCzduHlyDR6h0uux4NiRZxxOfaOg7YyHjeBLH8A2v7bJNZmAAkyuZ
2020-08-16T06:44:13.089482535Z 48 TtRfoqGNVpI9Ko0bnytBEblaa2CyIqVk58lDAmPrTCcVLazuCugROAFPJ39qK
2020-08-16T06:44:13.101125660Z 49 kLuqhJclrTT51sRk6QRzGLHfFbO6OexnyaCHHC4pg370QshzI2Aad1eS99szz
2020-08-16T06:44:13.112471718Z 50 AXajTnBBgd6WMcCmaxfMKACCN7wOpDLNFeAQjayGv6d06lTorJguKS8mu9j2K
2020-08-16T06:44:13.124487597Z 51 qLmokvSL6cRMhduIL6x9HSgZ1tjuJ6gklFcGce6bz41YBdUYqBDOFNnanfk9h
2020-08-16T06:44:13.136625270Z 52 dyoVRiiIh8Dp9pe3LwW0x9STlB5pfZBtE68bdk96ek1Na1jyiKrLheU8z7lLB
2020-08-16T06:44:13.148105874Z 53 LjRYk3L1gYvl9VZE36xznerAQ2HJorQw3jGXxJIRrPDMmZ4cA6yYeoY1eaGcm
2020-08-16T06:44:13.159430076Z 54 l2IeKFmk6MqQkROI9KSaJ3ZtZ2Lpj329NIcZLQFjz0jRAAX85OFYeVUEKyPqT
2020-08-16T06:44:13.170793812Z 55 ixG4U1EYR3YMNgTyJk1el3J8nYAB1F9rULTeTgqmZ0aTtOgndeT69VuCU8ahz
2020-08-16T06:44:13.181829863Z 56 zXDywgewTlKJMtH0qUfYj9ahNd3cMl81hVKp2CkKKBIpAGdJLiZhuFxhJzMsG
2020-08-16T06:44:13.192914676Z 57 j7Y4xcY37FlTkvYCnGq6E6kCddyCJpbYt7OTbw6VfTtr9spREfET91wTPgtVH
2020-08-16T06:44:13.204357874Z 58 h3lpgVcFiogUVCmgDUPgzg6jnH7IcvSoBkpNYzH8bgcqS3slowQZPJck61Uib
2020-08-16T06:44:13.214937725Z 59 h9aX6AsljWsLfjHyhe40HFrTq0R5OXYyx8sxpVR261A0kdg5iMjFiBlC8Ng6J
2020-08-16T06:44:13.226270088Z 60 cCJybgRQD0S5GSEay8ceOSR86OfWjpBwZzKF6aUsXnadUeX7R46o4NuGPROXK
2020-08-16T06:44:13.236974672Z 61 xRr9LPeK8x5yrHWD64rgcfoVmzKroeDsp4W4zq1lrD3IdiA1ICLj6xSRwoqbY
2020-08-16T06:44:13.248641707Z 62 AOHt4VufyJgwz13Y21aZHbQCoS1bkKiuMjD2xkz6kHIcIjKpeleL3cv1wH8bh
2020-08-16T06:44:13.260245113Z 63 LW3SMNVfM1rkbWG682OXXq4EW916BnSomGnM2Dh0e1OrlGGeSCuK5BiSa9sLZ
2020-08-16T06:44:13.271948781Z 64 lHmXPAKOalD4QaTUOXGL3dTGaHUGQMI20PQpQnGBGiOYuKkMf2yWE2X7WIiA6
2020-08-16T06:44:13.283850244Z 65 E4zs1DQqmd4zGkzYOSPF07ZfDLUeHOiRAlrokQyMWwLxDzbQb42HBgVte8sjU
2020-08-16T06:44:13.294223422Z 66 7UWH65N7vz3uq9DxMJs8usRJWTiks7splgwPb1qWo9599v2AdtLbDklTfmScN
2020-08-16T06:44:13.305449333Z 67 8bVIzBqBvMgsn4PNwu8EaearNY29iSj05eeBOZlWO6YihMJAWoGM0XOgDIBt6
2020-08-16T06:44:13.316519576Z 68 tpXx77SJFgtjfKNrEGkeM3gBeU4ugrcKNIkOevUcWwGQwnHbWTUyHEib6n5sa
2020-08-16T06:44:13.328105038Z 69 Dj8CcuzXagckdwWdiUngQQvrj7dJ2I25DMaDUMzwFt3wf58svp7snktYJPODo
2020-08-16T06:44:13.339371745Z 70 SdAWiN790IsM3vYae3GhKalCgs94nOW1M1ZjLNEelD1WJsdoyBPeS3ujle431
2020-08-16T06:44:13.349856601Z 71 mM5v21DgUWSZSiwCRdY2gJZyszkuP4mPUh8oydaJki2ox6756X7heTidAtUbx
2020-08-16T06:44:13.361696414Z 72 SfLh68vsoezjtkV2n5FensIE5GyHVyNSvhGpZnQTpuzZg5DT4yzSS6SVbUqFm
2020-08-16T06:44:13.372173828Z 73 aj4ksrClshf4TFigI87w85ctUNEdSqgDh7agzw70iBcLY2dksTh0CWY8p2UOs
2020-08-16T06:44:13.383725223Z 74 Q7tL19TAl4WNjUODkrIU6uSQw4aoiEYVN2Dul0WNcEElSui0iBj1jsWodKTpU
2020-08-16T06:44:13.395118226Z 75 ceenxaN6J7qVhb2AXAt9ZEwdnqVTPUiwLEYLdO0vaCYGIdPyeQPDmwFA948IC
2020-08-16T06:44:13.406818670Z 76 sQyyhPbRejBnHyDyj3TYewWRvKfjiRN9Ow6Xgf4daKIBmCKpmICqdqH1RbigG
2020-08-16T06:44:13.417482020Z 77 295DROV6nwAi4ZnVgXQt6GlbN0vq9KLMEgbl2CvnyJW527nRscYEW93bcaRj9
2020-08-16T06:44:13.429172451Z 78 Bl3qkjQGmqeLaluMEJABLK44Cu2IaIoRRDcqu0fcJApnmf90wKfUZe0Bv3ytT
2020-08-16T06:44:13.440397659Z 79 cdagBurpPmsGkvgoqXD2Kpzs6UoeeBZTsRKXop5XTkU3ujK1C5pbsz41vvQvk
2020-08-16T06:44:13.450822455Z 80 WvpLAlibGq9OFrlQhbQ5e6qLsPXpe896710ysRuRqo9u054GFchJGTozFxOnP
2020-08-16T06:44:13.462362382Z 81 bvs0sHy9SAMy3Ojevv8noHzKjbBqyz0VIhJe1epKvgjpx2x7fXIH2MDy7FNb6
2020-08-16T06:44:13.473503727Z 82 rzJMeFvhtnlZJjWZINrgi2h3QdYzxDLYcCS1gitetZp0qf3LWqVGfZASwi4k6
2020-08-16T06:44:13.483799363Z 83 L37TV7j8UOMGwNRYvds8nGpesOi2WnHELxFGU9URGkjn8l4J4eXfzAKg30Nfb
2020-08-16T06:44:13.496641297Z 84 4EfL93mesvvnibBnhw3KcazjvSAmXSIVx38zFWUl0jO44C0aXd9Dm3ZW0SIQ1
2020-08-16T06:44:13.507809642Z 85 bqbTh8mQD1idrQsddi91YXPFZXz09ckfVltuAzAKPxOzduAYVL9Y4OFJsVS4m
2020-08-16T06:44:13.519181605Z 86 G0L7mWJYOAqubzvvjow439MXTsmmG46azxELca8yLdA3l77HVlHwdTy713N4f
2020-08-16T06:44:13.530704845Z 87 Z4RteIuoOZ4Z2COvUbu8qZHG12OvWqEjNWqebDhoSnygkGI57gilTbJY09VA8
2020-08-16T06:44:13.542468493Z 88 9oVzmRY3PSA51SImP2QHKirEvsyCfgG6fdmDyx7ldX2fFxwQ3jwKb48KBNlwq
2020-08-16T06:44:13.552803489Z 89 iutha4AvPpNkUm0SQDzoWDspPj0EM4bP7VyUkdBefbHBq2UTmqOz8efNqintg
2020-08-16T06:44:13.567611110Z 90 D2nIbDeaCjr8xoEK7yNeOLB1qotht3XRNlI3E1NbsI8Rl94AfHQr6S5UM9qWx
2020-08-16T06:44:13.575209539Z 91 4jYXHc49eP9dnuH8pL9tQqJNgIIgRH4ihm59WqkZG3nfZX4k0Taz7ucL1OmGi
2020-08-16T06:44:13.586852646Z 92 fpgBhvX9dRY3TC3obdhsyGFHp1vthqwg86WyVfNwxYYzbZ2lZwEUbiwoqnlOW
2020-08-16T06:44:13.598915613Z 93 UZWe2VLS0TuNpcbwUFKeO80bVWNROzDebrkW2b7uTgePcqjh1Nz2dw5UDGjTX
2020-08-16T06:44:13.609752747Z 94 yjtvflArVhVlbSP3FK1k93PUNQVpF526hKUum21ihcfIlRL5U5bBCIID3wXgu
2020-08-16T06:44:13.621842290Z 95 MgZsVo0bkmgpwLHdOhCXoE3IDiELqNXAxAF0bE2glnPBD5sISXF5ypMPsQW5v
2020-08-16T06:44:13.632885780Z 96 mYlMSdZE75Xu9kOSgGISnjNjKnZUGvi3am71j2HcOD4zXHt6AUNPKGGVT7LaS
2020-08-16T06:44:13.644585418Z 97 AfFRcU8CE9e7YLjPkQYqG3HHuOvjurLNKlTb5UzTpU56KNcGGuBEka1VeA5Bo
2020-08-16T06:44:13.654850458Z 98 NyJuevtEIUibMoIbTOTw45JzUdqLAu62TMDMziJjhbAcXtM2lcXfxwd10phXC
2020-08-16T06:44:13.666577590Z 99 UP9Zdh104o9P6b3iQBC49ROsDpK9BD9bzN3L6ianQT2ajjJsqFpnuDfPGRfoM
2020-08-16T06:44:10.522724463Z 0 Sx5L615pNED5RCwIKcATNQ050GXp5XBEoNUvy8Lc0Dxm0ENbOB8ET6at8JdCLZ
2020-08-16T06:44:10.533357205Z 1 HEdVsH1uC3EhwDCIJrxQS06Ptp9ckViMz12f0qoSz9FKeIvPb1fLi5Q4l1iF0e
2020-08-16T06:44:10.562561415Z 2 83HcY9SjTUFxZilaETSjNw6Do5VBTJepZ09ZXE89zsTe2EXXhT3RZS4DOLasQO
2020-08-16T06:44:10.562585257Z 3 zb1dnJk7zjwq0YSWGDOwrBr3KC2rTG9Ezct9HQuTfVRPRMdfNTVbDhCqxuqeyi
2020-08-16T06:44:10.568182759Z 4 9GuhbDxJR320sHvRo4xHelNBMjfG4N9yUL5VmB01tzNfS1JGnrrGzQIseXpvXL
2020-08-16T06:44:10.579369763Z 5 DHlt5ZB7skgJE6PBLXTHLlMHlVmFjAFcthRrGRlSDfkauMRmm8xgEyk3xMvct5
2020-08-16T06:44:10.590673633Z 6 tc86K7ektEsmL6KuwWOlhzIeRVdUqezqwKNqZdqNWy6bHFTBIXHuoYIPNYMDbb
2020-08-16T06:44:10.601903985Z 7 6niF5Ybm8MjUfbIGbDDjHuc4Fm54fVC28TbCIJinvMqU30qL9xW2xN2ujzQqXh
2020-08-16T06:44:10.619591524Z 8 mdcjLzyy2cPl9A97CvfvKhmXMTQYy8WDswzfgc8K4ZsY8Jpm0cC7Sgb6R2qk3r
2020-08-16T06:44:10.626624328Z 9 7YWMDxR1aivS25KWAwcchgruKublmAcTjSs1Aw77hR0DacCjk9JbPXEx4EamvS
2020-08-16T06:44:10.638459848Z 10 o5TMTp7YmZSEAJSsiBEAvb2tqZYJU9KGW2yLhNZ0HKoTShcWJ0k8WeYLssbT5
2020-08-16T06:44:10.649114717Z 11 sSSOwTeIdLj2qrz6ggCjm2P8P5DUU3vSx5ovqc9cMYLuj3QzmGnM8H6XzTmtC
2020-08-16T06:44:10.661574334Z 12 gbpevxtBtlrTRvsErBXijVKf7VloCN50DWDDFGIu8H4LSNXQGzYWRbMlXv08W
2020-08-16T06:44:10.691642560Z 13 YDSGf9L6xLzZ4vVcfokchJqXibPdLq94DCbQX1p6rrr9mj2K9TIBedc3eHpXu
2020-08-16T06:44:10.695910172Z 14 27fFPIG5oSebt227eWN2ssXUxk6u2LcppUBOUk9yYXRSuYAn4R2tWRuWB8R8k
2020-08-16T06:44:10.698691330Z 15 ZJaOjPY2MuP7T4zyTHKmwiuh8W5o4707xdO8qPGQMRvtTbkd2K0vVI8XnK8B6
2020-08-16T06:44:10.709339580Z 16 kEUV7yhvUULHKN8OUEAksCOHZQnbP2L4XOJMdD4v7r03wHKrgJE5vDiMorEle
2020-08-16T06:44:10.717723466Z 17 1IXVEhB1FOY83epC7Ov9XugDP9kqKVrFL1CW6JKwstWx8XO91Bs3jRG7jrdRY
2020-08-16T06:44:10.731932943Z 18 DbmMfI6vgkeW0DsgMa13402MK1A41ZfEwL7itbH0DGNBd11cnE5g1vuLxomrz
2020-08-16T06:44:10.752737451Z 19 tYzCNc5EX85wHEskep5Lbq30OYl7VuHaFoHRB1UtV9b77oXYUZ1FYULS6RAtE
2020-08-16T06:44:10.763556275Z 20 hAAVdtzCgjYdfnONsniGL0bVsTjlCyH2u0YGMmH8xnRmhUEUXgeZSEPQqhJ23
2020-08-16T06:44:10.771015280Z 21 cJ3FTLmPZEQ1cPO9DuRmcq1gFn5rVXVg5WN1daJKa214RIVoByPdNz4oLsTTU
2020-08-16T06:44:10.782200100Z 22 no0J5jt2IEGndyzlEQJlrgh3jFuxbvrIJoeLqGwGJruesX5nhS0uRTGLedx9j
2020-08-16T06:44:10.795947726Z 23 qXKsJ3wYjOjx19z3TdT7rtArrJtNnnKP6OOA7OBGpdUjQfi1cktKZCUt37wbm
2020-08-16T06:44:10.805659541Z 24 RnAjsjLMLAslUsNRwu7HOy8gX4CLWnMTGcIYvOMV7KrBCA7zUZIpQ47QmoAo4
2020-08-16T06:44:10.818123641Z 25 WSl2xytAbrTYi1cS5EoYp4xvLd505PAHW5sLlpFWzGegrd0RaMwZaq4oyNIUl
2020-08-16T06:44:10.831973095Z 26 nykhOQKuEt4mYb8OIT5bmCQ9puWCko0lOtPAcvLUT9bMPsWfs04GiNnVBy1Ob
2020-08-16T06:44:10.844840128Z 27 oVtLUMYXelW66966imTM4vEYmWxAoKV9Qw4AuuWXNDyAAAaSQwEgDtQX4C1jn
2020-08-16T06:44:10.853277932Z 28 WO4oPhp1FPXfqnOon7IjvFrPiUs6Z3sYsigBGOQ8PLkrqOpRMTbsfcuPm6DtM
2020-08-16T06:44:10.864455940Z 29 lM9XaPlsqxHHixLiiYOCD6H0ptFA2ZzXAJaUwrKMUbRd6wHCRk5pzIavFoPUJ
2020-08-16T06:44:10.875337613Z 30 s8Vi7oMPs70kqAsaHT3IwPsXoxjojNBBIPEwKRTHHLQH76JbViulzIabv0Y9u
2020-08-16T06:44:10.886812896Z 31 lW7wAarG5VQpbqig20n1dU2OAVzsJbcT8fu1l7oPILusnWdDpSnmoD8lxAReY
2020-08-16T06:44:10.897269899Z 32 R0aSUH6k3edqDzXf9n4QNmMBuda1jXxNFn2T4HQa2tWw7Lnr27qfS5Ykz6tKe
2020-08-16T06:44:10.908787088Z 33 q6XZaNk94DNdrTlhUE3iG77WPQbJYhuJr0CZr1QoR94ohL5GplYguMlzaEOK0
2020-08-16T06:44:10.919662212Z 34 qWFmJdqrlZnIfU1YY10SkkLL9OwfCywYqsYItSCh2U0dsoPPYuxInMMJwHx2W
2020-08-16T06:44:10.930507862Z 35 EzxmOoiCCraQ02orvIdpEGpyMoshhWODGIEhY4reHBekh3dgUHnnjQJkxnvpd
2020-08-16T06:44:10.941864955Z 36 3hPR3YzzbTUAJaC6gPX9gfi6euYud7iatdzZzcV9Tcr0XsqVrUVysYKNfPyth
2020-08-16T06:44:10.952213213Z 37 6V06NNxnALte1j9EsIy5IyMp8IFUlpMaVNlBtdN8472zhIfl8kuqFS6qh4C4C
2020-08-16T06:44:10.963589449Z 38 NnG38iFcN0YMFc0Ptz6ET6gp635L9O8cf9ZgVwLeK2pImAYUJ6tYcBwGdLP42
2020-08-16T06:44:10.983581665Z 39 egBS2tNjzs6xrpegfVXHVMLMPXAuFpYhjsv4O0FQQR03kLput4c0j4BfrpoOu
2020-08-16T06:44:10.987114584Z 40 LxZj7YTdPcWbI3cZJYHoIDrA5QykcrMhGuqseMiEUfA8EoM8uaEHfI3mkvfje
2020-08-16T06:44:10.999514148Z 41 oTLDmJIxH0Q33N3EnbrrzGCiWNtaSKlDFTjxNsk1EFt3nuC4XIEPUl3sFvWEe
2020-08-16T06:44:11.009855033Z 42 OlScTrXxHghYndi61kXEYlsrtjKhOWtIcHPlCTLjMFp0FbBT26UTW2ptNlJpE
2020-08-16T06:44:11.021082078Z 43 LKhyZz0D5caczLuHY1hrn3ajM6F8iqdUFJbr5g7PQ0KjUf31dHw0y0nFY4aP0
2020-08-16T06:44:11.033733263Z 44 dKMahFotTcxaWUhN4xkDvBB9QLnYAG3Y3VOw6aT2T92ygXjt3ylKo3Owy4hfY
2020-08-16T06:44:11.044936536Z 45 1Zhp9bJLJ5SyFRWSxIL2fWsn6JSSYM6OesRaYPHR71OipSuDLGihjdwtM1yRa
2020-08-16T06:44:11.053515952Z 46 h4nQodXwhPHnIiOtvTxQu6oMlWIUrntK76dgqYRzktTurPuRZCvgoAyfkTCH0
2020-08-16T06:44:11.065428899Z 47 34TK8UXkRdSMxTRJXvD6jEXV31cE1GAYcdTTkGhWNaojTrZoLdpdyPsX0dIeC
2020-08-16T06:44:11.079532779Z 48 ANPVjnq54hwR4LObTPr09Tjc8MK8oDDHKGJQOoJTG2OUndq20U3bhXdLv288c
2020-08-16T06:44:11.092815819Z 49 7fnEE721hPlADRmM78whh3elEjdPUwz8ebAr9GxxpuBjLDlg1IzoxQfWJMzYz
2020-08-16T06:44:11.099216518Z 50 DoJudLliFmY8dy6HHz0ASbMewS2QvO7uiJVOu2K0tKMwmY9umaH1lSS9jL41y
2020-08-16T06:44:11.116194221Z 51 idwbwbxaoxkzPSG8CSajN7wPyHLkt6cliawwmLruPUzCQHeBUMFDi8PcfLARI
2020-08-16T06:44:11.124097403Z 52 ePWDoctNY23ZVDhfzfwpcub2n2x9fj09vJk7kKvNtGXEycSi7u9DGllv8vcFI
2020-08-16T06:44:11.142927457Z 53 DZ3F5yelWSuJAZmMLvjaUmYXgRrA7XqTlf5ZoRXTFKjvhwGte56okZhkNDNK0
2020-08-16T06:44:11.155095734Z 54 aRB8e6nZlvxeNcomAj8q9k9PdL28a0YIp3sDAXGHZCTktVsG7YqVruuid2oYt
2020-08-16T06:44:11.161120826Z 55 1qKmoojq0Z537WM5ICeRWeKOVscZuUC12nlKiruNAp53aeI1VZ9Xpr9SvAPHK
2020-08-16T06:44:11.168575172Z 56 82HPl3Z7J1IMvaJl28AakNMCXnsXEieItW1hcWHPCAZcsEqMLJKKVuPe76SwA
2020-08-16T06:44:11.177818056Z 57 eAygGfuQOB8NnAg5oqRd5SfMUKXBwXIPpugM99cQAVFaqSv7PrvSspMoD3FN1
2020-08-16T06:44:11.190262451Z 58 Ajd2FM4xtKowglSAyETTeso86pqMPn82LJ7eJkYFyydVbuPPasYIQefWZGIi3
2020-08-16T06:44:11.208937509Z 59 JClq53oTyjdCmssGT1AAYxIgxEIL1DkdQgNPOpElHOcj4Ou9Jj5jHj1YxzcSL
2020-08-16T06:44:11.215516254Z 60 vfhsLltkXgbOA2FVKmopCU0qWrA52oSWpaduwkH2kIFI2Cd5YCQashYKDBahg
2020-08-16T06:44:11.223602472Z 61 W65rpQiBvwwvVcJxZaDPixqnmW9lUKqMkmGRMBWj6Eo7W1hTWYWVD6t5kxyXL
2020-08-16T06:44:11.240696946Z 62 scbzlbEQFHHLec2npKYUTC4KVrKXt5UqEhF3qVLBaWmU6oELQSXRAoHukK1Mn
2020-08-16T06:44:11.256370487Z 63 QzOL2P4EPPI1wblLlv7raCpmbxZxBiYr2LHc6G6GbOQM27bsM8KY2yyezxxLu
2020-08-16T06:44:11.257173380Z 64 250H3YEhtNlalqH19XVEXKfyjyR6WTsc7c2FrmlYBK9I8DcRLMHj8ZEVl1yjh
2020-08-16T06:44:11.268716707Z 65 BRDG8NPUjpu9mcWJjFU1fMv6KUPfz0U3KIHsCjK4PqUQcvASotisVUGDffmyJ
2020-08-16T06:44:11.280178976Z 66 cgNPRvsvYlerCsLvxwOPPtCo6swiFSNvwXzLglp1wf9LF4BUsMbn349GK9D89
2020-08-16T06:44:11.291795195Z 67 RAJt2PYewu4VNZln5vdo7HCvdiNOO7Q4yo8HvA2gfrq9SXJG6vh2nuc178AFF
2020-08-16T06:44:11.303263406Z 68 II9lj5yZF9TNG7He5NVgUVhD6jLlTij8Rsgg65zmPK0KvqoNyRJAWlQT7lesi
2020-08-16T06:44:11.315870701Z 69 EigjZbUjTZhvQp4nRkcyomwDD0BHl9QbiRNnc7ZJdCtIpoEqy6Ci0CAfhDeIg
2020-08-16T06:44:11.327089425Z 70 mVBwb2j4wwZQAONpPxoAmO64l1CkBqnootYE5G7aAQqN9v4Yy2kl6sqtV1Buq
2020-08-16T06:44:11.339173528Z 71 TI547xaLTJLPpgNJgZqY7ALG7nMIzkP8rARRhaljl5s7W0yYZ9DrhyhQgm31x
2020-08-16T06:44:11.349462028Z 72 poys3BxXU9OwwSVxxafYakMTzoDbodZzgbUuBPZA5Xn7kKhalxCquSJTDLVPS
2020-08-16T06:44:11.361136405Z 73 KvjoUkfZiwnaidvKnWiiyrbuOYc8vyO93SjeExzXUo0Exfp8CO0dE7ebdYCie
2020-08-16T06:44:11.372557512Z 74 6LCcfGMkNOX3jOkq64h7g06KXqRgZJya0mS5DbOKZiwdGDUXXsb0LwxWRjZPS
2020-08-16T06:44:11.383913973Z 75 8DUcsFDJAxWrAy7HlOvj2YMcIIXtwJylg2wzDdZ8d9bHx7edIzQwr6ukvAEUd
2020-08-16T06:44:11.394278324Z 76 51SFmehXZ7ncPB3FxuHGb4RevmDXoSbQg2WLNcP7ngbhGklKtEu6qwEGJsVxQ
2020-08-16T06:44:11.405360964Z 77 Qqut7WbobhKAeosVa6LEurLUtnLuXfP782jaVsPaj2O38HFZgJODzfdAjVd82
2020-08-16T06:44:11.416541941Z 78 Fkw6sRRNOJcFuGZ0ZdANLFpjrnjcWLcftUtlpKDP04Kr8oN8MMwamUtSvqRdJ
2020-08-16T06:44:11.428054037Z 79 NOHwhLY0xQQlPtxEgwzucmaZCMdVz6TNCAG7e1bObJFpR93t5wQ8xWo6Nt8nE
2020-08-16T06:44:11.439501118Z 80 iFi23RVH1PYtrBQnQ3ZjcHoUM2yUfFi5OaUSSfhUGmiAr9BNJxLlP5DUsAn8p
2020-08-16T06:44:11.450867686Z 81 13UJ6XzqW1QGeOy6CDjnqGXFZu17mPLiLwPBYszOK0rqdDpsHO8amkG0iQX9B
2020-08-16T06:44:11.463582420Z 82 UU7NinqwAIB8xRywybUNqDOOAtQWIzQy70AFxC6xqg6JkGeLh4RxOeNgk14GM
2020-08-16T06:44:11.472803035Z 83 24rVnGHuBD3Xlpj4kmIB2cZJz899Mclij53mKQyFRU3A8LWHYCuKN0OU3KJJq
2020-08-16T06:44:11.484052540Z 84 nqs1lq4QuJvh2oVGs71GxcWjWZ89aeqSajgV1wtjr9RZHYRoXlVIKj8yNFE3I
2020-08-16T06:44:11.495586222Z 85 ML0czegAyt3UuP8cY45XSRMrMPFhrMPTv6qPCIPSTPqotwXKOWpD2UJPFdist
2020-08-16T06:44:11.506981430Z 86 9b4dguEGIo1ie0h0kwe6TsTAYvqm9to935i3kSv2fW2aOorzk3eQKwSXICXgz
2020-08-16T06:44:11.517361549Z 87 3TokT9ZKvrK5nlJ7m5G0k0RKBtNvMe3VgtysbpIFWbOc5yyXx4GmBwrKheWLL
2020-08-16T06:44:11.528685969Z 88 0tRs1KGpEm6V5xxSTm6cY6saJxTyWdpMZ3uDcDkzi3eDrlREHJ3CTXBw91nVX
2020-08-16T06:44:11.540101793Z 89 6nKPSGx27O02U4PMflFqdvTr1h5JCSU2cacDtkuAepD3q5Bo5vXAo7aumm4zF
2020-08-16T06:44:11.552496913Z 90 NRnf2dglDNZ4DPYRUrxYA2Tgi71Zwg1LMt91N5Pwob5mcleEBJKFfJldUevUN
2020-08-16T06:44:11.564937490Z 91 EkD5zHkJdVrrBkt0MDrjUDSDAcMUnkSQJHvdpMnXNmVSYfxVDVZyc4mzacEm5
2020-08-16T06:44:11.574283794Z 92 vb4EjcMCXzuIjBsYZkfqnpHNQ3Mbz6VV9z9gZEogCJlvyBhqWhW9FoM7hADT4
2020-08-16T06:44:11.588067058Z 93 L8nYRTuP2UqxvOKtaxV5XtyofNZ8wVrcJb0LHlMd0ROM4Cn3QjdKZScYRXRhe
2020-08-16T06:44:11.597756789Z 94 DL5lZYkL5KoO7uT99ERvWrY7V8znHsBR9kiZ2TWDMs4Bgml4KVYQpIAzcm8jt
2020-08-16T06:44:11.610184778Z 95 a0Ny2QbabRnVz29IheM2whgfzOYmsiqa50CfjU2UGVsQS894hlKZCVXbNrJOi
2020-08-16T06:44:11.620523930Z 96 f1KKrtp4fQhENLIAqKR6Dgyf2WKPZbdHwY9Yd4Pzhs6SmXcyKTgmS36TXYaDc
2020-08-16T06:44:11.631864005Z 97 fKt0Bf1x9I3qJ3733MqHzv3SOTErJXh3ttoMIvIAcVlqsgzpcJh829HNDnOOT
2020-08-16T06:44:11.645260393Z 98 PnBQTKpXpP8lZoLT2SiyCCPgwiWflvY5VbAlMHJTaXzMoOQDFjRYn6Z1KIvf0
2020-08-16T06:44:11.653906284Z 99 n8FlIEghLK9F42bYN0tREvh39tg8n7tJcpXlqY5kld3OJKxMQt6WvjkdDqbVP
2020-08-16T06:44:09.933388020Z 0 QaHoY0sY6Y10d58eZ6WoFoHey2NvlehqzWdySz3Gulc8RNyxKprcj17gICbUJF
2020-08-16T06:44:09.938806962Z 1 n7fzrGXBJ6kKcFoG8ollTxUTc3pM9br9CiB324XKOpo4o91i7rX31YtVIjSSTX
2020-08-16T06:44:09.949934872Z 2 eQKq1RhnCHuW4rfW41Yfh5bM3NRLuNoaOXhV9woQLznoZcFDNzRJKzPxKTFhpB
2020-08-16T06:44:09.961069121Z 3 0pW6aBXevYN0dAab18ZGjJjS4adZJZpj0x0zjIFquyE0WMyGwFEQFJP5QCx0dA
2020-08-16T06:44:09.972277945Z 4 frqckRQ2ARwZTQxCEKT8M2fJxXFjK62Jj2WN38A7GUjCHkwL89ctNicvfU7uhd
2020-08-16T06:44:09.983573357Z 5 lKud0TZhjR2qh4rfMN8ZDHLCpmB1WixC1XqgJ8EGFzHNazPNI7yHNS12tnmwKC
2020-08-16T06:44:09.994827052Z 6 HzaWFeChXXHFHku1H3Q4kyQ69N3r7yAATjic3kYeAOVw7QrpdksdzY2TLygaSb
2020-08-16T06:44:10.005776164Z 7 QCHCqQZCtmkCrRkLhwTalFj9OVlTEYN2QwAKEMrFE9y5tjBhZwEGwX1sCRrN9m
2020-08-16T06:44:10.016905078Z 8 1P5zQUCmKRxlJqo08iXhRkimiFEWkhYXlUY2ZGoKKYBuyzLVPZNCcvbR6WPXT1
2020-08-16T06:44:10.028039738Z 9 0rhuILYRFWwVOTus3k6VTrXfjEK23flGhFyQSUjvNT9JlebXsAL0dfXScXuA1E
2020-08-16T06:44:10.039187266Z 10 ZvIjXjvYqcTpCvnstp2qe5nxsoCF8AGCj9N0Yb8waH8eGk2G69VB9Kwydk0UP
2020-08-16T06:44:10.050325614Z 11 JCJmjEqe05HyttdwpsAvY8eJyJi4K3pOODQAAcux3MBIwo7ld1puyWqbxlPGs
2020-08-16T06:44:10.062592551Z 12 P7r8JHxiL9zOKI4IOLSn1Q73RXpx5rTFhAwJxAPfUIJO1EdmpFreRtnZHTMrg
2020-08-16T06:44:10.074107095Z 13 NJ8LeIpQXP57WF1NoAGTfDBoEnTfndfawQxgpJJ0R5wetSivPzKwBBNKMNSYn
2020-08-16T06:44:10.085544352Z 14 i6UvGoYRGDT0sREIzGa9cIG5xBMxzHHH0Lw5VbYI8lz9QGOUJ7IPQauDlDXMG
2020-08-16T06:44:10.104446777Z 15 SUFTBedmKUrtywW1X4VUFEB7dxoYHAmf1sPNoJPcn3jqKE0hBLqyZVmaGTO50
2020-08-16T06:44:10.108644538Z 16 fuD1LpmemESXUZE8DS8n0oegfrOeD1SCvqAAndg38qxpOR9mFRGks3vBmsHMf
2020-08-16T06:44:10.118859535Z 17 C8z7IgMKW6djywNRCtlz5VGZwlTROCHe119ZASx3HrOvEAzhfR9HM53hwYImV
2020-08-16T06:44:10.129393033Z 18 QjGrYBhYg5Ugep9LmSGi97m5659A0vlrjlRR0ksFkICRQSWq3JcQr4M9O5ZKs
2020-08-16T06:44:10.140912670Z 19 WaiNbVHHVjUPlkgo7OvpTpLmIe8p2PPcVZTx18hMcygAOProzNGbHJ0lBrsOJ
2020-08-16T06:44:10.152212907Z 20 P9LNSUFBPZyRat6ByX5RoOJVLKzZX6rChPNriiJUQZ9Kw5xILH4wY3UuZTRAd
2020-08-16T06:44:10.163530628Z 21 K1FSFL4YKQtDAC6DSpc12i6qRm1UtI9f3oogBLLHR7nrfanrQSsdKRGhadFYf
2020-08-16T06:44:10.174167361Z 22 OsWNeDdAZhHMXTKVsCkxEiCRkoZQt7w4aXmOKYXlSkRPWfdUL9fc57qXBLgQl
2020-08-16T06:44:10.186374228Z 23 AtCKjRWLlpd5ZQpEpmatAAZauHKtIXXDTZl86kE0h9Z9gOR59Q7trIUh4Vcxf
2020-08-16T06:44:10.197845075Z 24 nk2OP1bBXrAlp8w3i5PTrRRdEdUcJ1D368kS6gqguOGJaPr9rrxovqKfkxTu0
2020-08-16T06:44:10.209143556Z 25 vcLdjh7ubZ1eH39bby7IhTRPyuqTJN6UdVxY4frY3Bql3MpYsmCcnXMDGJlNa
2020-08-16T06:44:10.220555902Z 26 JZylaDhYqeUyQGoarV1GmsFz5LwhfyytXeSruGyh8QPQXlX72aE6vFBF2Ex0Y
2020-08-16T06:44:10.232163795Z 27 wElB75UDtvFP5aHdAl4uMAEg7DseKklJlV8kf71nkBEHsAHUpAdYPakHbnhlQ
2020-08-16T06:44:10.255723051Z 28 ZjvQjVInmDoRl2ZurOJ9nA8GWhK4p4OLMQ1AngP872IbXYqu6pY6971uLxLVN
2020-08-16T06:44:10.255757345Z 29 IUvdL34glZ6QVkQIO9EDxU6sPalnWTXsdTgo3Grt3w7a40g5KDfgr4C83aNcB
2020-08-16T06:44:10.269844754Z 30 7VDGOm8zAQOAx78LnXSy1zVnoo2FI5RPHOpugJzjXBY980mjRxyC8DjcX3xhM
2020-08-16T06:44:10.277917193Z 31 6Q39Af9ICi1BZ9JBgvaPoTJv6aZ28qBinmPVj255OK36X51W4zCn6tJtfd4n1
2020-08-16T06:44:10.288737686Z 32 Hx4J6eWBd51sQoFqZECe4bePnrsuEzV3yfCwvtu9FjGFVGkePcMnJ4qE8ERRA
2020-08-16T06:44:10.302443808Z 33 AS6udTjAP002qeMNlcN4EfzSBHaBCST3UlJjabiiC4UQWQmghMiDVqHkEBKkc
2020-08-16T06:44:10.329220501Z 34 xx9PtCN5bJao5H0x6QEQTRpO5oMkpXmTHrWPgNO4YQ3v8PnzeWwdZljF5dHpr
2020-08-16T06:44:10.339648344Z 35 O3knFDWJZ8dTTGiKA0PLi84O2wPDzgzWQ5iY02LzfNs55MkdQGv9gHTlVbnUT
2020-08-16T06:44:10.353186174Z 36 eXsXi1zDU0bWu3qz56hE5xYmhagWhczHvTAoOIkTDstUPITw24TorM7eJ6dB3
2020-08-16T06:44:10.364654656Z 37 OJROVX9u51fUPPDTETTYgCpvq5qm8pI5CJhNG4ZIKspzOfcOUkrEswZ7ACUmJ
2020-08-16T06:44:10.377088730Z 38 JcMFqeETuc9P6hOgBF6jDcp4AK8k8N86MecnDgUlmQcHlO2Kd7nFO3FoWHhAB
2020-08-16T06:44:10.387554619Z 39 bY3q4Fpo4Z2YkrFxBr3ribc4X2SHPUTLXNeYFGI35tqv3JnD5kDduTDmIzNlu
2020-08-16T06:44:10.405252858Z 40 lVurfo4MFa3BZxZpc2P57AzT5rFm3qGez5yO0PnL2JjhQorahCv61PvaqLINA
2020-08-16T06:44:10.413175551Z 41 Y8kSZMO5gRkqs2Uceg43jiqU5s7tsxQtDIajgxs0IDCXcL40lOobZYrdbYw1w
2020-08-16T06:44:10.423586379Z 42 JbnVaw0b8xY8M0YYoUIc5mSHTMONKNDKBZI80J3AuYavPrwLMYN2DeZu7g409
2020-08-16T06:44:10.435676158Z 43 rNqeNkOaSu3XF7J870tNqxE1PZ5nIPMSB45JX0I6nHoOi3VGE8nQEGPoKrHU3
2020-08-16T06:44:10.445201359Z 44 SGuVOIaWZ8sjxpNupwHAm2MdF0NeJqHjMOlos7KBoZRjpihGbL9B5YJpKYUCn
2020-08-16T06:44:10.469895923Z 45 3OBckitBwy1reuvLA84wXpeoTkydGXV92hjLuVUOFr88z3GcrTqxgNiUaCnUY
2020-08-16T06:44:10.470336707Z 46 dW6nTffgHeUPEKXfwwH4IYbJvKRKoRVUkX9VheL0AbkM4uJ5tH58Wr9DcsSja
2020-08-16T06:44:10.482561871Z 47 0BT4j1cVR5OaQyl9AWOcB0bNSeb1GrKytk7FOo24OLF8343lFaId7kTL2oIuw
2020-08-16T06:44:10.492266357Z 48 yF0RBamD0HhGGm8D0fLKvK2QhB4usWYn4YXAs20vjhdS7vmew0ThatEKscllh
2020-08-16T06:44:10.503740419Z 49 DXfCe8cAzFNPsAlcUdiI1Xr9PktzY4fQRgzLnhIhbaQFQChfxMPMPSjtL99UB
2020-08-16T06:44:10.515226115Z 50 XEIIYHB1xMCJiMCmpgX16xbM8pPPrqRzkmqMaiNFI8RPNCK2vrkoAPa73yh4s
2020-08-16T06:44:10.527191896Z 51 IJ885kKggHucjDJFcCXeltgGaWzE4yT16BWGQIWoiMPnmxpJhLk4wWl3CYL0F
2020-08-16T06:44:10.561992206Z 52 AfCBiCoCtXhodPnDq4Awxke9d5k3OH1pHMZQtXxeUb3N5cAkkg4sNYQFc7TZO
2020-08-16T06:44:10.562031448Z 53 BukAmnxI3uS2fRY4ZyaoJf2qy72MLj67IPNZ2anl07J0AX5JC6ze775NgH9YL
2020-08-16T06:44:10.567439528Z 54 w9IyYfPiTPWNriVjijtuJIk789ag026mzpk8Z16WObE7aVwt50yDWhiZXfl3f
2020-08-16T06:44:10.578931173Z 55 prPE7Oxf8DsVy3QwBfpNnRCIYGKbbWUHGAQ18bBRVmK7m8iayfOCx1WCcJfCn
2020-08-16T06:44:10.590580182Z 56 DxP46Oq6nQKRBTxhXHo2q56oZkhcWDVZF02k7caUqWCrBNDQR8iPgVWwb1fJJ
2020-08-16T06:44:10.601780178Z 57 BRtMGtnqeenv0t1kiQBPEB5C46YozTs7aI2ilHWWZ0meImmSapbKWJ1w5O9J0
2020-08-16T06:44:10.619692540Z 58 yopMMg6rvY71qOpj2suIWAkPFLClT5IcZHDoG6PJ80AIGBjBevr77cjraituS
2020-08-16T06:44:10.627006638Z 59 UHO2FYTrmu2NGXmC2To4vC78sNASmX1mVm8xsc3axCnoNBMyjZ1r8wzTnATNd
2020-08-16T06:44:10.638558116Z 60 m92clPsyBtyR2yrSGgZosLNVujXPceRjIP1WVcUYblPeB5yhgNb2ebo5Wm7Xv
2020-08-16T06:44:10.650280808Z 61 WRJAeAc7Y2Kbv9PXIZae6DcRI4xspAmblXP24KuzxPLXOOvRV3VrJXoruhq85
2020-08-16T06:44:10.663607786Z 62 DA8dO33UnV3n9y8Vd3NxiCuY3IGqaoxu6CVDAFnTkBhjBtdiWQrWvTkcLiYh0
2020-08-16T06:44:10.691578699Z 63 EnCZwxmnRaJgNVlLWcTokkolffAlqsggwzUZecF0ESaeDDEy6K22EMf9RC801
2020-08-16T06:44:10.695977666Z 64 ur2FNqzHyDG5R7OP7RPTrAq2GBAv57Iiv2Zgw5qWwWkx1jVjg3LpkUyvOJg3w
2020-08-16T06:44:10.698646228Z 65 0mDbvYyYhZD4XNFj015ZNdZi8DADI9CBLW8DIw9Bnm6KRNqWb8mkzxQmfVJ33
2020-08-16T06:44:10.709467559Z 66 i9kYwXeslEPtq6ghNsN0TntatMJVj95LVCdaqvL1gYeSgg1jg94lEos2tfZfe
2020-08-16T06:44:10.717617722Z 67 DOqpeCM6RDoj8bDzd2S1IxiA9dLXVCZtDiMJdGIardDFGKFsfSWFDRzRLC5Wa
2020-08-16T06:44:10.739846139Z 68 ucocKgHHvHkjAEE5frIwAxpkCJrjzTVCx3qSu9pPD6UUakwDgiOZIZ1oTm8T2
2020-08-16T06:44:10.741073424Z 69 0JxFT9oFu3GqaJgeZ1EQlcm9a8RrDrYIHaqnCwUNaFSIwiAFtgKOYMBd4Z1M0
2020-08-16T06:44:10.763820035Z 70 SMre2SSkwAfhqgJoBKx1IBSEDSZrlj1Hh7AQUZ9W2EcFPUb1khlDDoUJuGngB
2020-08-16T06:44:10.766270661Z 71 ITvUCBFkFwXOGv3NEbHEwDx6MJ9WNM24yf1H56k2wAqGWQezFxQplUxvxYOZN
2020-08-16T06:44:10.777871904Z 72 t5LSsEU26JW00ad9kzCqKciGGfNl9nyr5sfsN49ASzQin7AGFvY1BUK9i3nb6
2020-08-16T06:44:10.789045116Z 73 inscmOANDB4qiP4SOmLOfNuK084RDVKdoHb6dr5Cws2I0JKRJ1d45dIekY6OX
2020-08-16T06:44:10.800352730Z 74 yezuZHSbjTUWBLFnxAQjVFaZ5TDzfTc0APQcjgUpA0jbm2wetBvUoSPzsbaKP
2020-08-16T06:44:10.811787638Z 75 gUYRlZPl5eKx4sffkvloxm9ZFC4ZSZQFJ2rG8x7im0zJFoGOmMzdl7EvG07dH
2020-08-16T06:44:10.829774017Z 76 OCNKDFDaLsYq6BLPN9qek27NYiuHKqBS0KOv1TsPVhR18WNUXHXGbazPvTVd2
2020-08-16T06:44:10.834407561Z 77 NX6Tvl2az0fORZ5CZ2HFi1Fp4PqnE8rTuUnFeXejL9S43UpbZvIS5AKbaqiUd
2020-08-16T06:44:10.845737634Z 78 tmgLvVBqQ4tnsMHZXRhhtqz0w5UPrLgAvcnbOmKs6qzowHOmrDGNQc4F0wWxb
2020-08-16T06:44:10.857195798Z 79 jlgLjB181AzvCiYxJCBlyp8RRinK3tYHBFiIvTPsaZu1W2pKe5fSswmTMmeXG
2020-08-16T06:44:10.869107031Z 80 uUNUnvMofUmx2kG4eXziHbYDHRXOnXgW7aChn5anI6UrGSEnhrjfNeNf8YSIO
2020-08-16T06:44:10.880702866Z 81 SUV1KQsCBWhJGjjwttVjRI0VXV8c8fdIQmHA8VAwx3YM4Qm2LJcoKmgSQfktx
2020-08-16T06:44:10.892204678Z 82 0qJilO98C4kVAbsAe3937CoXo0XQkIxe91rN5K1YQ9NHCKyYZrbvysNOJ8ShS
2020-08-16T06:44:10.903712195Z 83 QpCOYasE1KUYx7IvSrA5PGT2hl22ed6N6wKZjNDbBT4WJ9FMAHMsAmsDX50xn
2020-08-16T06:44:10.915028507Z 84 HdUPj1em8ioMqi1nEBpsLoQkRgOhb0TQmpklNLTaWyJATQiDQUpJRaCVgg0xZ
2020-08-16T06:44:10.925251647Z 85 VkUrFfktcuzopjcZHXvkMI0MLdZ4R2CLHajX8OpBc6OkZWsvQBLZC3ADCRMoK
2020-08-16T06:44:10.936669630Z 86 B8KlzxH7cdCj5VIIlivPSA0i5L9wuxyxNFvM9jpNMlto4mJSEaI3l723WsHTu
2020-08-16T06:44:10.948048957Z 87 72B8ZNnEy8S3FmsS31daBZ3ZjUCP8wUBoBnoElVHzu51ztgjpDuLKZ3rJXw7v
2020-08-16T06:44:10.959591692Z 88 TvhbLXSVOdqwoJIfmyhihM3rsvkiXLpqFpxYGdE5P53zEaa7dPKaMDqryUka7
2020-08-16T06:44:10.983644880Z 89 BkP85CB2vJ46wF5LLFRvYU3EPmzELsQ6N6nfjfHvA6VtjmbiAp9kfeY797zQL
2020-08-16T06:44:10.983677519Z 90 zyw7xZhWVWCLYcPRU7OHMbl0CMQ05rjTSvL4QFDeIGQVOH6xPRhNWJVFoTRzM
2020-08-16T06:44:10.993934882Z 91 kgI1WF9zLHiVhT8SxoYvL5RVjPBxqmtXYVDOQerpoZ2RfRfWReFp5FtsrNtVT
2020-08-16T06:44:11.008618688Z 92 iBHufSAXW2RGPZJ1sjSLNGTNmhwfk94DCKETvXEW2lgYoj835UsrR1DJEaX8t
2020-08-16T06:44:11.016908231Z 93 JPWCbmlaihpqyob5FM3lqu2VHSZRlO8py3IPd09mjxwKXUJPErgeo3c9wNNu3
2020-08-16T06:44:11.028835898Z 94 j2cvjldiPVVIHpr1spD7oiK7VJkHcq5y2PQO3tKqi6LVte16Sxt4Jd9fXAsRY
2020-08-16T06:44:11.038948991Z 95 eXy4avq9SY4EurFE9mNIeVgAK5Nsmz7iXODgnzplLWPpUNPuTFvMxyF9lgzxl
2020-08-16T06:44:11.050819102Z 96 QxqMZRCtRwlutpPSLrmwK0ybDmHD16KpfpcD3jq6AKLdwWfFv7XLNV0mWCpP3
2020-08-16T06:44:11.062438537Z 97 jNULPH8bJ0Z7cZ7Kogu2QEMbfeRKbkMFMbFPYdclHM7Hd6s6WFM1fP6Bpnlv8
2020-08-16T06:44:11.075533218Z 98 3QB1xEGPNZN5XMCILfBm6moLJkP9pBLXsrEZgYrm83FQL0w55WL3mhcOkeEqA
2020-08-16T06:44:11.087466782Z 99 knsxNYc0Q0sWlSS0EzD7gZJbVG0QJWJpd2CRa7GOlwERojAIm2jTFaR5tbTuq
2020-08-16T06:44:12.061968145Z 0 Jd4DoR4xohdbjnjKykVSjfNVzQyrpjfOrDLOko1ZC8Wx11WawQ67qPuE6OLa9X
2020-08-16T06:44:12.068417711Z 1 BSfkSQSTTiwQWzLy3tr7iuOA1236wczOHYCe2idd8O5BBBQ8zUwDlEzaxdeks6
2020-08-16T06:44:12.079602258Z 2 cpe7Wx1qdeqqMuyNbg1cGQorNJEB1HodxrXKDgNkGnXYsb5yLDY4GaKmmTzN2j
2020-08-16T06:44:12.090792791Z 3 jx8vnjucE1Rurfq1ECXX6eOVZ4vJPqCl9cxvRHVOXLs3dnBbVCFKk2I63A4ukY
2020-08-16T06:44:12.102272581Z 4 0stBSk8gJtVBkPyICeHbf6W8ZdmOPQEec1tVddrBdb7XrYqCdLXS7IV1HVToXa
2020-08-16T06:44:12.112185354Z 5 43RKaNRp4pt1ePx0pPjv0Oxei3BPXo2I99KuafJw7r0upuMxevvu9E6fd568Nm
2020-08-16T06:44:12.123134570Z 6 ElNcpcLq38ggmOhA1ZrUX5WvX9hXKA7YWpoHO84X3ezo57JohDRlFdM4ZvkPHC
2020-08-16T06:44:12.135625290Z 7 EFqLxpfkaKMWy3vtJ0V2B3RyFtIhMLaZ352LJrf5VRsEXHscMtkjCdOYLhks5x
2020-08-16T06:44:12.145503133Z 8 RnbBcHQ6Z1j7lyocAIZi0FCReTCiHtmbBfSYiQg38ckJOARxz8H1oXxmYUFA5H
2020-08-16T06:44:12.156665927Z 9 6Py7yIpY0e0d1pGhYjfGhJ02IhnUd3Pe8Iybnh7cyHCN9U8OdffQOxEYdACR0m
2020-08-16T06:44:12.168015434Z 10 t9wLDIrcNpfpss68GN30vIE2EDIKL7gfBPGYKtQA3uX3Jzp6p6wPPgrX2KF4S
2020-08-16T06:44:12.179537905Z 11 NzngvNRPlHw59s3UEhh539O8UOMK64Jsg827VIUWdZ4ccOfLfDwKhScqZITfJ
2020-08-16T06:44:12.190272018Z 12 lCc4i2201VCHrsBmtZmu1KNGeAYg7kg9qbTwDASzIsH6374OIRhnWCNVuosVt
2020-08-16T06:44:12.202774765Z 13 ztjbIs8RyNCT5Ykx4w0vfBSmME0l22oEYg4wq0kfjCpfbBmYArUrOV5ojmkqV
2020-08-16T06:44:12.213057183Z 14 Xfg0d5YegHA7LFuNl1U8aEw1m1DhQTfslfp0w68Y21p99qjEuFrTW9Irtx07o
2020-08-16T06:44:12.232816940Z 15 rFUVXdZjO0s3UQkmi2dUhRMxA7gHbOY6tINFYYCpqAXCbtynAFlQZOtMWQqzf
2020-08-16T06:44:12.235958516Z 16 kYpRjpTOqKyVFeB1zg3CJ30Lb86re4AmEBYpqJrfaB2Tpz6W9EfDqZb1MC1oy
2020-08-16T06:44:12.247422739Z 17 WtCF1chr0bSrKi81Oypvb5UpxzfCR2HQxgjb4G695o6CY1fpEnd66SjCAl7vw
2020-08-16T06:44:12.258640160Z 18 jYXbZUBjCJDWkrWE8oPnIO9zySgYYdwQJRYTCgDd3ktnEr2Q6LUTgPW3q91vd
2020-08-16T06:44:12.270258736Z 19 nMVqSbNZtJzDag1ywkWYKZLEuHTQgLGHB1OwykBZsHDWJU0l5nQq3OYyblPiV
2020-08-16T06:44:12.281756880Z 20 boloJa1WqLPOHfCTMFFg2XM5OUuvxVh9zzxI9HTgUhc60mtY5qPk1IbPHtqzX
2020-08-16T06:44:12.292293388Z 21 ngdw3ACDP5SPY5FWHQh6qPCs1v1ZDeIiXmIQRC5DDB7jjhrLCakXzxsQ3rF0S
2020-08-16T06:44:12.320341994Z 22 SnXqeMpeHS0ca68ZlgX7X8Eed272zLkrgrgJY8CirouGIQ3BXRxhjLsIp2zOQ
2020-08-16T06:44:12.320382164Z 23 rDeBW7mpnoI2omNXAWduKVRgI9scsQR3aA2sdPwLDgz5rubNSlTIiNZNQD31Q
2020-08-16T06:44:12.325937170Z 24 nP95XsVk4DlMrz254QwrHsYEQBCzWrlJmsbYS1XnzjRiiFbkDM43gizpgrpm7
2020-08-16T06:44:12.337208226Z 25 IXbiq2flLDXTqjQyLgASHOYQzjxtRpzQxNKKz2DPFvvNKyEMm32MJl92pHNyW
2020-08-16T06:44:12.348708436Z 26 rXZ2WuZCLK7MeOB7O6pfqWTDuIuISLCuKDQ9e0tlkVG8qhVZRJjJwdiYUMFri
2020-08-16T06:44:12.359233690Z 27 3boM8VYFxR3c3rSy88nncGt5YnoACA1HMxyiDQNZaUIKDfntqLffLQhGAGOtN
2020-08-16T06:44:12.370641538Z 28 hKjNSsNZQwAhpHuFM6LW9G7BeqMU1pqZxnFdDj1lJle3mFC3qUv9zntAwERtK
2020-08-16T06:44:12.381450168Z 29 VduDT1CNi5dXxh3rh3iRY3oFhJlnxO4wT5DyjucuUnlkUJIBNAK5LitdacTsz
2020-08-16T06:44:12.393221752Z 30 FRqvKsFLkI3gCWKTSHPj8OvSKvshINchTaf03TmCarD9JQm2CBbdOjHSzxhA9
2020-08-16T06:44:12.405009567Z 31 v7vOR2KSJPfcfn2WM8hwXJyuQZpyuK24xGYBe2SsJfhib6EQokwwsl16GrBtp
2020-08-16T06:44:12.415515430Z 32 Hne9cXYNfzJqPhlCWt3QfMdU5sDaiXoNU8GhVGZhWk7yXMbsY6xj4Zzf78V9G
2020-08-16T06:44:12.427172163Z 33 TJntNuR5fr9RWgqKSqjA2tk20wVDv39Iwa18nZr96JinPvIsimVPHPaeeFdYY
2020-08-16T06:44:12.437458766Z 34 AX8Cnh7x15T9KSrPHmKJwwIOFDYRtH0hT5KTzh2DCHywSX9SafO9Em5ThouK2
2020-08-16T06:44:12.450296898Z 35 JgljYGYDIwiCMXnk9lxS3yGAvofu1hAApXEPlzRVAlFhboDrkLM6y5zZWowU7
2020-08-16T06:44:12.461397716Z 36 fdRWtKtV8qtqXFYRvDcQLzTMVf5At3XD6yHcaDjW8pYI1yjVAVQzh5Lpj8eoV
2020-08-16T06:44:12.472123023Z 37 kHbwbROn0zqC5aGC9zHCzxtYMVFCVyHH4wbRK6M9ZIwkLB8FJ7rOSAzlyCIhh
2020-08-16T06:44:12.483640632Z 38 MmSuV2zpK93NpAG1Xylz2Qp2PnbIHKYvReJIMLDbFLDFgYFjhOqLysAQp3Nvd
2020-08-16T06:44:12.495270425Z 39 DyEfHRP7vqb2YcFS28r8DNKdGrqklEYPfjIe7nJkQrEVJnyi8u7d2UlNc4c87
2020-08-16T06:44:12.506811707Z 40 Hf6AjRh9jkTVtE0s1limRsvcYanobcs5lbLeQYkF5I7LeW4Tn5c6t8VbA89Yb
2020-08-16T06:44:12.517792013Z 41 fh03DfSUcg3N23jfBO32Sg3gKgnE0PmeU1NG3xKGbCZhCXa1AhlPQXYN0AE6W
2020-08-16T06:44:12.530678569Z 42 1BurCY9pecwYNlavFzOPWYm6ubWk28a8QGEVuShKTglC9pkjX1wdRF0d1p5sZ
2020-08-16T06:44:12.544015975Z 43 6TqTMCMfDLXodzGuGnDFy4zh8ucCTdxDBa4YNcgTnqg8i7XZsIW3pTs055Dfd
2020-08-16T06:44:12.554960096Z 44 905GNiwE53jE2R1yPtE1zXMPUVsnDf9hXQ5QVepCpvH4fwLxIoj3TeMxj3utM
2020-08-16T06:44:12.566403602Z 45 Cvz1OL1kqq19OQqGrDs6W9l86H3KTdyspDEvRzEq7mmv9kypKic9hF7oM5u78
2020-08-16T06:44:12.577180119Z 46 OPn9VaEi9hMRsHxuvsTspKF0xKpS21gxFUYY8y0yNGX9UdIJNhHlIEFf9LLGg
2020-08-16T06:44:12.588663486Z 47 9uIWXHWymO2quuR5sM05FPzyunaOkV9JF0zjuZx2WgDM09Td0dq9uAlYT7PeQ
2020-08-16T06:44:12.599104352Z 48 rtOAh4CRKwikJBtXaZqCC9p7nQQBe5Gs1TIhtU8wsFKrsvCAKdyihyouCNFUY
2020-08-16T06:44:12.612386355Z 49 VXgDdcgg8eFhGp9qlPsnI6rSLiKGc1dZu6Yih1EuU7OYzLhEwYLgE4aERGuKW
2020-08-16T06:44:12.622514162Z 50 FRAB7rKpqzNTlXfXHlSCluJlQfNrYAMTxzDY1Z9PSNbjULhmClqPLZHrzciJP
2020-08-16T06:44:12.633011568Z 51 FsmabLAK7PkqRNF5FDw4f12aFGu3prHutyfZA27klM7nFU6m0WjBx06ON0Pf9
2020-08-16T06:44:12.643922157Z 52 hePvg8PdiK36plfu0BEVmCsGYvJjtJEPx3FlqDQ0WO4Yw612rug3CUSsfzZlF
2020-08-16T06:44:12.655868425Z 53 A5RTGOjVwv1wjavSivDOSbQf6lx5oJGbkHUPrwmSJWjYzYVXrnPNl1ZCs1QvA
2020-08-16T06:44:12.667254666Z 54 0P5vXkXEHFoZ4gGUxFJImw1dYIZfpKrzyfhL8fESCQeYZDhvnbjG4aZ8djGeD
2020-08-16T06:44:12.678698816Z 55 E1yIgeBO97CPj7W61eDbcO6Kg5MAsp6ohy7IEds2QA1LJku3cIuhDFJqRvasZ
2020-08-16T06:44:12.689045573Z 56 MCEvXU67VADUF3jwjT6c0eswBdIvmqwk6txYCEtMvI6WxkV7toBOCV3PKMzar
2020-08-16T06:44:12.700570981Z 57 HfUyWOmdONVdy3xMWZTY2w1LBMp8yXvM5YYLqXuXZyi2wXHMacfUaOg3em9Oh
2020-08-16T06:44:12.711808166Z 58 DYLYZBgsSho3xDFRkMlt79Pt1Tqu17jWnzURNOTb4JhcSFTTZ7IPjqjDUMqXC
2020-08-16T06:44:12.722209816Z 59 LjUbiaXp9ElFV1E7JL382FrDD0ANn0LkBpNQtoU0jQMaReKjZj4piR0LTgzNE
2020-08-16T06:44:12.733691117Z 60 r1LDXvAnqojxuwkTQrdul016pMJdCmghFx7pITbctxW60u2B8xYyxpiyjzDhk
2020-08-16T06:44:12.744048762Z 61 cgEjeqeee48UP9VQUTHH7KADHeGJ2tvWBMvg8Xqkae6U1SKSKLUd0tej5rd1P
2020-08-16T06:44:12.755503446Z 62 HK4E1Nxw1crG8skax9fGESQ5pWYPeFyZ2P2oZCaHw8f97gE3sMWMe50iw6krk
2020-08-16T06:44:12.767020391Z 63 Lwp71DLjX5ecPW45N3VfhlsfMRuaJxhjtJzW4pTNkT0KGT9KOTej5sJWvrjyY
2020-08-16T06:44:12.778419854Z 64 MXLUt96Huy3IiJadpf7Rpp4OYA5EPchpr2FzUlMWBLB20sroE0HSunvcF8aSY
2020-08-16T06:44:12.789966004Z 65 M4v3uaUiEBuskRccZFbow8Gpr2GQS2elZZTqKSZFi8ag3xk9k8rkZkDEwav3t
2020-08-16T06:44:12.801615717Z 66 DD6XksIfrqNGia295QD5zXCAZV2DiXtJVHyXgJXEt3PerS6RFPS08XxAtLcxE
2020-08-16T06:44:12.812795537Z 67 2NV8kiVvbO184Hnz1KEZAJJpsPyVeTYj2TNLqBjohiHpHlYnKfZ8zNF40435S
2020-08-16T06:44:12.823311593Z 68 CSyzxZIYppkCoDdAMCWiAlv0OmRWuX0orZWhBCfzo30H61pUOZsCVhRkwEOXj
2020-08-16T06:44:12.834813347Z 69 fzcDCISIYrW8X5ReNFX2qcRb0Yb1UcgGylD4AkEEKESsNHs2rvJDOKiVEs7kH
2020-08-16T06:44:12.845461167Z 70 2YjTqoAYXsApKdZobbldrmwszJssQo8evncCjDE9eo5dx8P0gOSjbJ37lxUWf
2020-08-16T06:44:12.857007139Z 71 jJY3gGw5eVqxg2oconAVIW0XmOmrC5xZVmnjrEk9NIK2GbRsrczGiMh6geaoD
2020-08-16T06:44:12.868609470Z 72 axgDXKJE4kM1p2DAlEtC08MDJ8xeqGLTEIj0Hs5Oiq6GsrbLvDkfebwAKeUxa
2020-08-16T06:44:12.880062823Z 73 2VJroNvntfZj6l8LgsJlhOMmFXV10cys9z2FOWsjgBeo6WLNJyLPszfMGUaTK
2020-08-16T06:44:12.891746249Z 74 JSIXHtrUXSD1aeiUOLQ6hZ09zy4BLaS1OlliS8ESfLgOJX5DgHVVy6IXPhb0i
2020-08-16T06:44:12.903064620Z 75 d4ouL1SEbsLzcijl0Lfp8t65ox35u8REiQzrNNkEShMJDbEBEzEBozz4tOy5B
2020-08-16T06:44:12.913405459Z 76 8OegpcImRWuMZTAPqFH4AjXih25jnnTYrXWd2j0ATc0oKNhjrXODwq03DfkE2
2020-08-16T06:44:12.925069530Z 77 VgcQNQyTqPwOpxSRvZtFqsANAq7s2Lsvh3Hilm49tld03ecBSqWdVhzgaL04m
2020-08-16T06:44:12.936774472Z 78 kVWlEaRZNmuomgwuInkbnhujDz3kRtLOZ70HfDhQuMTdcnMbdJCtZmelptDL0
2020-08-16T06:44:12.947384673Z 79 Ym9kVjyFop00WNEdInJtD2N1ohX1c5JoiuDAQgUXZy91B6Wigz2Lq6vbnsPOS
2020-08-16T06:44:12.959546268Z 80 XvuOz8es06C7Zg9UYTXemSMB7BIXEDpbnTArXE3kZ2hEBAjOGJufaPKocsMLh
2020-08-16T06:44:12.970900383Z 81 Xo4mimzfn1AVBzwPy3MnvU7mlPmGUBQcXAzbpp3IWBvmriC4Osw8T3MPOW5Eh
2020-08-16T06:44:12.982505787Z 82 hR47IEkbQP1aFntPlZFo2gcPwJSf2hLoEJVeBdRTgitx9WggNcTRkK4Gkx0oe
2020-08-16T06:44:12.993366271Z 83 U3jvmd27zIkhjofnFqfYvAISSCwMueM9Zzk2MX0UBg4HxLGfFoBjhkKtBW0uu
2020-08-16T06:44:13.004511268Z 84 8xVkBxZo9A0yCwjwvPDTFTukLAkvqjijPW4C4OdUbBlrAXEaINtSApyx6elVI
2020-08-16T06:44:13.016112025Z 85 QJmAsjOYXE1ibisLuRsWF57lPB3bNelmaSEuxcfdMYHBRFfOC4GlsuIa4Sf28
2020-08-16T06:44:13.027574392Z 86 oZYS5ZmqTE1LoR4Q9JvENtZClMG7vkiAQou0rD55GR8PWVvElnBeEqwkI0U8i
2020-08-16T06:44:13.039067080Z 87 HdJBpdtmlnG0GiXbJ9y6Q8WTe3PX1vFa4EY0TZmTmsTB8wq7rokNbHdgeVDP9
2020-08-16T06:44:13.051187517Z 88 9SvuTw4WnNq9oit81QANJqALzPrT5sWYk9RNmQeIyVZGHntwT0lDslPyi8js3
2020-08-16T06:44:13.062708023Z 89 QLNomChxwDdSLUb8gnKlqQ5bcp2I0OiLLELQOKHo56Owx6dlIw5XlmnU3EBVB
2020-08-16T06:44:13.073441544Z 90 hYV1uYGTSo0gVNoPs0g8Rhv9BGsc1ZaakN7U7m3rInoz1JqR1w9vT5Lt05ioe
2020-08-16T06:44:13.085244128Z 91 jlj7OwBiVI4YV0dobGekGxM1lBRrFHgF147lriyAr6J5BU5DHhuGbFkAuOm2T
2020-08-16T06:44:13.096799645Z 92 pNJ8RpkeP9j74tbOXhqhPhBnyTAAtzfjUTgn5dZvZRmW2zbFcTlxSGPd39tTS
2020-08-16T06:44:13.107204854Z 93 3FDHMjPbTvZ1f6PWfuPsFZCuJH41jzppd0NX55ecHykYcPtCZT15CR1c11ib2
2020-08-16T06:44:13.118650825Z 94 TkoRId2xnoantn5FbsVwVA6j3UFbWcjmS4EnoON6xBRosjycIgzsahH0bhc7d
2020-08-16T06:44:13.129963659Z 95 0uQsEiq2XGCc0vGB6fSEG9z1YESdRcgPnMd8LO6OOo4AJ6dvoWGujqIZGeLUq
2020-08-16T06:44:13.141550167Z 96 pbkdOyIxUIhEsMAKjzpJ0mWPKYYqjiSX8xt7V6q0YbUJSyM9xLqyzgcCsyIoO
2020-08-16T06:44:13.153151179Z 97 9b8sAo9EHjIAm86MKZ5H3doHFH7IupGxko1UkhKOlW2XmfJ7nwVxmmaXweZVP
2020-08-16T06:44:13.164676178Z 98 WNQVI4vKtHcDvWNYN0rTTzPsIWKrzBwzz8KoRzJKc4c5RgLDVgxAP1Ec4tZsg
2020-08-16T06:44:13.175651759Z 99 F83u8AP7KoO24cWgQKHiU1UqmO84Lnx316gRKAy9C454F9hclm4vPURPRZg2J
2020-08-16T06:44:12.610144793Z 0 0S0CEIlycJNeYL4KcCAN57Ccm3LTLUOG7gaT4UVxd9IbvuGbreKnxwjkgjOk57
2020-08-16T06:44:12.619297818Z 1 IDpMMhLbRksaXlN0mOBowvO7BfVuGQR8HcltIFrLwrv8nHTOsCYUCa8BmocmR2
2020-08-16T06:44:12.629485168Z 2 L50npZsQvjHHPigbAVbHlTPVrnpWLJvNQQcBM3p0PMyreZRlRNR1VC88NhgoqL
2020-08-16T06:44:12.640618847Z 3 gzuJAwxlXXyWPp3CYEsmh3tnuCcoZXskT8WYBlK7EjsHmCq4Oj2pP3WgwFvx1j
2020-08-16T06:44:12.651905933Z 4 3hm6SpuTNo8MXtJEMgVrflz8laeV4JZsx4V88PLkpOGG26PYIDRz2Ubk7PWHm5
2020-08-16T06:44:12.663493976Z 5 zuLjugrSaZ9t1AkZvTTs0Onj0nkNNmUVDqmfVNyQqYuz4cLJxR5OMezqUrulj9
2020-08-16T06:44:12.674731188Z 6 d481aJUPtEAdX6xur05mjNZSDsFO3t9CUUc7xxigw7yfRaR7rWiAFfGhOwODlq
2020-08-16T06:44:12.685871098Z 7 ThKDWvKlDJIdLqixShv8wFkQn0vAKXxrX7B14LzgRUgK3Mm8xKdI49YESAyVUo
2020-08-16T06:44:12.697020381Z 8 FuPg4io7fwlpxWmu8zHzPRBG9RfceJ4jQnXycX0YNh7IBMp7FMU6v0uB3nbzvJ
2020-08-16T06:44:12.708163267Z 9 joXzQ3zLsi8Qm1HDD1xBRV5xlpkPtBVlXBjNykW1cHkcVaakxMgpfdqQe4m8pd
2020-08-16T06:44:12.719377071Z 10 JoRifjyNDyOI8V4G5hgSrP3JZiRAECkd7TZ0eNLKjfyHWpmQ2WKOyPlahAFMO
2020-08-16T06:44:12.730324497Z 11 kC0N2bpYhgcW0KK3rsDl0txyyHLotdxgLBwLz9QGWMgUpPCALvndXrXGptadO
2020-08-16T06:44:12.741145411Z 12 Yrnqud83Eha9pqYE7LJZoJcuzWqEFw4YlehNXPRLydZ0RHE9uIksk1jVWG4Pk
2020-08-16T06:44:12.752511280Z 13 REEOMVIve3aQOICcQierrOaqJvnXvcvRLWOTAnO4P16862oQbBSx2HyAdlfvr
2020-08-16T06:44:12.763895743Z 14 Q7jH2Gtgez07ek2QlS4ZUIVLwSwk5nCk6xjAZ5LnVEEB5WCMPhTMGeU5a6rHc
2020-08-16T06:44:12.775123049Z 15 OFjtkjLSZ8hHD0W25AxH4TbFcBtAGObWDV1ppZiT2sMTAwYiIQHf6F8abzIL1
2020-08-16T06:44:12.786555715Z 16 oudmlJkLMDXM755q2GBLvaEWlK5XKAkLes3e42AXgVz7FnqqyPm5OtuRcPnm0
2020-08-16T06:44:12.798071792Z 17 SjD6ftdZGpq0SpFzT4K5VtywHG3fjoPeJFcQxqX178X18zbP46EPhMqql4EtG
2020-08-16T06:44:12.809373451Z 18 dVLjIO6qPIeHhdn2brMByH56SgYoPURajnKfv0Ckb3PKWlclFrgOqO34gYQfi
2020-08-16T06:44:12.819786071Z 19 AwSPqGVcND08D0wWpCfD4D8LyF0dSDRrg2hizmRYHZcWh8tVm4xnnhMYkMpSt
2020-08-16T06:44:12.831295164Z 20 wdsk37DYT3IFnRiEnvOnwcO817dpgcZbQj96mpMOLoQZdU4MMpQFhi9smT8ku
2020-08-16T06:44:12.843551399Z 21 XctbKPgIhfqSKVYGi5mdgKE5e7oJm2ZuEBdKuCXzGruNCdnm5CNtrEHXbxoCa
2020-08-16T06:44:12.854468919Z 22 onht2UyuJvnWiLurQUa3olME0t9or3DiF3O4qGCRZukrTM8bvw27VZfeCLrWj
2020-08-16T06:44:12.866268162Z 23 xUTHr2ZAjXkxtz9tsTKjxNRHXhlfajZYiv9Dn5vd093neAdrCXq3hrti2rliA
2020-08-16T06:44:12.876744593Z 24 MlXKDczBQ5EzcHpNXz2iV50ZOahQtTVz8qYAlrpMb6En1qMziPkUBYYscmj3D
2020-08-16T06:44:12.888456805Z 25 rIE8nFgJFq8O6BLP47JaOCxcvmurzAOB4o67DTJqYVtAbmXMwkUFqGcunxtzN
2020-08-16T06:44:12.899410229Z 26 u4iJArtQUlPugjI6CaPZkhKCftL8n6MpynK9u248cRiGa902u69EdG1GGpqJu
2020-08-16T06:44:12.911429984Z 27 szWYJlFYWBleoE98I8Q8RveB9JQ2FW64oCGF3KwcUDA4amVIVPcU6eoXUCGQX
2020-08-16T06:44:12.922531101Z 28 fO4GFQrUi8lg4G6d1PTGikcVfMAFVBLXn8UQaoyUdOT75ypNIxPMTHtzPqBPd
2020-08-16T06:44:12.933655539Z 29 TiJCkcTYzYGbdNuZ9wFebVmBW18TTZtyIYZ3hOpzvF4ROLvFaHgBRwU0TeMpU
2020-08-16T06:44:12.944089520Z 30 Q6wp2UuDzc14haxWlE1ufObBby3CYZ5BA4s50FQuxmTssRPYPp6itCKKAej8W
2020-08-16T06:44:12.955434036Z 31 mBUHgNnTxVOluWGgH8MYEW72auWqNA0B9VR4ZDHoZY9jM1Q8XGqXmDf3eDEtZ
2020-08-16T06:44:12.965559002Z 32 qirOE9MC9LFc54Hn48QKFKtp917rYwXhwk8O6ejifuZJjDkALxFWOJUwc6uDx
2020-08-16T06:44:12.977628446Z 33 s6c8GJlYxB6p8mSXcV1LbWT7POLMSpbcFxO8PTPk9WJv9iAb8ilxTtGJNUTAW
2020-08-16T06:44:12.989304761Z 34 3faD4ZvkX2hPmxyvguuXB2AYS4mtaeTD6mukKB7pIalZWf3Ef6Qw63qHbE0ly
2020-08-16T06:44:13.000009850Z 35 maaHDme6WblxVEJjLnRJzZPaqtPpQmUnkaPHjzubTiYWmkMBl82Rs0VaGaHB2
2020-08-16T06:44:13.011663241Z 36 u4LzqzGSKKUD0rtdjGVjNJi3FicwzamvbrfK3tPRtKNlqQgD7Y8gCact6luPG
2020-08-16T06:44:13.022987450Z 37 1RtO18kJHD7lIgiv2PFc5KySRVyyEOXamybywJ2vwpK7f25ArfrfDXe0BAT1z
2020-08-16T06:44:13.034642338Z 38 8ukNUck54NCKQNrrI3jeBmKJQOKVY0Z485CqBztvO3ImJWbqF8Wj9FluOziGP
2020-08-16T06:44:13.047010556Z 39 63Qg8rYupspPlWHIiZSia5PKF2uQbjmAOH7Ljyk4agXHK4HuMLK1Y0e4TOfsW
2020-08-16T06:44:13.058875333Z 40 DZAnryVEvepcGZUEjGIiylNM91Rfr9s9G6LzPnMTMfZ2xcyCcRjtdG5XSuBdI
2020-08-16T06:44:13.070410433Z 41 MxtakNE0o3CjPXENhWy5lixNualOxEkNFS3PUI5LDnKbThpy1XJ1f6Ct15L56
2020-08-16T06:44:13.081016629Z 42 jTfDdn4vg2tqPTdDyaaCHMv6QtAyutlQanE5YVU1NWtJBRIcFdF56V4SNSv5W
2020-08-16T06:44:13.092454131Z 43 KPbMpDqP0m9m0yTubnHEXLm374TmDih5zidbAJI82mpenBaEUXyUFFYOAweIT
2020-08-16T06:44:13.103668594Z 44 vXJpVpbGMJ4TpEkgC3EO2dT68tsfGSsJxdxJCHGDP7jPQ3Zl1D1RR7Po1DxqC
2020-08-16T06:44:13.115176802Z 45 a2yi6469mVkgyBuaUCIKQh9KTUBJlq4NNbIrNidMSxUA2oHj50MLHptvxbwat
2020-08-16T06:44:13.125958245Z 46 qr3BTKmwRAq9U8kuJeALs5Tqj3Ks2IdrSRWRrEujBiU7hnS2HxWKI7Cn8V7i1
2020-08-16T06:44:13.137148655Z 47 PyrkHTTmA450dZAyrz8l3Bhqff6iEizXQvc3zRbhPYHZzfmazGC3YPosHfqrF
2020-08-16T06:44:13.148207155Z 48 eQojLVaqefNwSYX6Tyx3JM7ttBJ0N8rOibPAXvXLQwrx32JZUohC1WTauKGax
2020-08-16T06:44:13.158887563Z 49 H49mFOceDwNbT2oIECR5hPrxnD14HuiAIoqY5t02UUfzXXHbBihDaCMefj9h1
2020-08-16T06:44:13.170270036Z 50 0S8p8xOmXqISbkqOPL7aOVbOdQ6X8h9T4d7pyezBRDZ1JPmhuohLvULN6W5kc
2020-08-16T06:44:13.180841477Z 51 4co7P4xSoXO4oK8OTFyIkZkyt5I1elqGeoP42S8ycJeJMEp4MTqhbZeRxXZx9
2020-08-16T06:44:13.192131393Z 52 7JxuggsrDblg9YKWO7tvFRHm2FiKUtqtLi0cs63yK1eAlbYfpgKr1A53WMhvZ
2020-08-16T06:44:13.203259593Z 53 prXMnL5GCptjEDQiYxOdmAQgFW39EeOt9zAfchRhuV2IYdVPSXQ5Aec4wu50G
2020-08-16T06:44:13.213761807Z 54 IN8hPkFcI4EqFItsqTBiB7VfvIRZn64sBy0US9ZzZIZ6tqyBSNINzKuppOVyf
2020-08-16T06:44:13.225290617Z 55 3ZckJ4ajFSnORbJEl5JoDB6lYtwmO7h8ewFDFtf949mtfRFTcNtctzEyvee2N
2020-08-16T06:44:13.236882566Z 56 eWU8efWAwMAICchAaXMSV8aFvfHRbgJAS4XqA2I4DXr7jAGtY07keOrNyyJ9j
2020-08-16T06:44:13.248715321Z 57 2d34OjUeV6mUbeft1mWSgrZLQf7TufAJQ4nKJ7MjYGUfBz3PXixY1b23kKgbI
2020-08-16T06:44:13.260327477Z 58 3R9clPbfoDcxROIVAllmOJSr1DWQqo6qdKd7e9RLaPeU9xJhnT3EqGIZ5UNCb
2020-08-16T06:44:13.271772101Z 59 wNefKWJMP4eK1jBkZM4YLO2XxrIVgRBfyjcmtWX2TXX48Ub4T7bb0tsvNlTjD
2020-08-16T06:44:13.283551616Z 60 mSuiw8FBJ9mDqQdFEWcCpMaCLvCWGFeU0H4vChOgKOzfvNxBTefiJmJhQvfXY
2020-08-16T06:44:13.294386593Z 61 fu3MNz3cGdqwXJaDKq2wiX2mAvuhyLSkHqM8CF876qxUF15u4rkJKWaRF3Zcp
2020-08-16T06:44:13.305185953Z 62 ppsZG8dvQZYzwn9bx92tcrs2dwgV6ppB00GkFF2GluZQrjO2SpMPdfFhCysXR
2020-08-16T06:44:13.316427060Z 63 yvhX4KKxYOy5gDlIdSeMY91IiuJAWb4I8cdP7tQiXxxlKYRsDoFZQTOzqxEx8
2020-08-16T06:44:13.327920160Z 64 STyiako78h7kxT4NhNxwTgKwtQFK77A9ZKykTnVpN3wSoYOiSlKeAVQn0Gr42
2020-08-16T06:44:13.338437892Z 65 IIz8a8hI8rtVUNLnqvK3f5BgCZr1KbgMGS2Jl5765pL5wh93SJ0Bnov7OeXKF
2020-08-16T06:44:13.349118214Z 66 Mhfw1mVd9TsbAvY0p9YCV0G3pHsHsGccdzhFzQaUqOucOOVbdX7Lk0TDDXKrR
2020-08-16T06:44:13.361940084Z 67 bKfwB5olrI00u8ejKD8B0Ir5mR5yCbOtsA7gkRnFAALopzFWoH7y5eQHfvGIH
2020-08-16T06:44:13.372288846Z 68 SxbKxJ1T3Zd8rJEuTUqy9mDlUlB7PuZcAdLEd9IXfCS5nY9WwJXU6AP0s9sWz
2020-08-16T06:44:13.383822231Z 69 FXzSyeP0pZ4JttgS7aZwED950uxhHXfoXDheMoWJt1JslM8eQf3ej9xmVb9ax
2020-08-16T06:44:13.395318336Z 70 H2gcj2QAItZWJecJLt3PqDglyGU7DNurQuGooW9gUDlZ7k2ugNoUWrm9sTEA9
2020-08-16T06:44:13.406629390Z 71 L0bnj5a951N9qnJOmo2rSluMHoG493S2a2cAgtEWWfVtPpiqwlWAoMy4Gyejv
2020-08-16T06:44:13.417576626Z 72 cgDKa1bJ1wUwIoeNs5VinKodvaKaqOtMB8BkJ67AKCbgPnK4BctIRvcok91RW
2020-08-16T06:44:13.429056484Z 73 qfrYlewBllSUoJ1MsDbjpQQWC3vFVfHOnZYXVVzmwbMKWaps9XMEINIalLpn0
2020-08-16T06:44:13.439153270Z 74 YfpNxolyCPePz8FzQWWI1UC0EPsYt2Fp5mAH4qCRxORAPJiju9r4yfcSCi4tz
2020-08-16T06:44:13.449751953Z 75 bE9rPppqhS1pvOoNknB9Lz7hpkGuD5G5wfCaI7FMyuVAPiupq6Ty3c8cgSiFv
2020-08-16T06:44:13.460983619Z 76 jYnoFA99Ku7tnZFtdSXiqDWcL9nTAgGpcRtHe9ddLFIO03GfPNBxveVhuKc53
2020-08-16T06:44:13.473244358Z 77 gGj7HzpcK8q5Kg6lwODxCdcPOIp1TLb5xxSraSPq4xppudoVVXyRHgnCQ9s0q
2020-08-16T06:44:13.485420480Z 78 OHTlbJBc9hCKRaSSK4Ms57Ta3IJzGLeqCtFZ0Bc3Fv15EZcLV7fxR9M3hSB7d
2020-08-16T06:44:13.496855467Z 79 NhEkyKcZUK5Mhc4cAYPuwd0b9cezbtteKd94lpHJhZmYrxYK4wPmOygKjbzJK
2020-08-16T06:44:13.508569728Z 80 BmgMkxfV7rN7oDkRTDybEpaQv1TLrncSiW1M2HTvElPs0Ok82TrwHqQke0ErL
2020-08-16T06:44:13.519266579Z 81 tRc9ZlfZXBiTJjCaqP6MtyGrSNRqxQYCh3cVTm4FIFOOmh4OY20oAygkUCkMo
2020-08-16T06:44:13.530823151Z 82 FcuukbCHewlJsCUCGwje4iCbm9Bx2gxRP2Bm5KQYDUhF0sz9zPJ9juyH3nLLi
2020-08-16T06:44:13.541024154Z 83 Tfd6D9hEvPluoEr3DxoZITESIBuEIneMUbFjAYcyzvEsILgAbLuKSEYjUlXdO
2020-08-16T06:44:13.552037349Z 84 cbRUK0xCvoOnjH8coiEEqGcxXMdRfchUCg2klVqZjP4J73tCjK3YM2vSouXnR
2020-08-16T06:44:13.568103217Z 85 CdahEP2RZaxaHqcSOh5YRzvc6HwLW5DVmelcIZbIifXjuuL7sgMYTXTgdrMRh
2020-08-16T06:44:13.575125254Z 86 scPh34FaGMfw0vsNOV2OHaT6EzvRvCk9hFynAB76OCJ7KXpeV3eurdScj9nF8
2020-08-16T06:44:13.587005334Z 87 ilB52b6DfiYjYVrrACMyWkCGnDFICUb0eRjP4nxRgjcC1WySoTV6QL8mp6I8Q
2020-08-16T06:44:13.599116255Z 88 Ul3FUgsAfzwhnVWqQfejuBBUc1winvax2EohkdJz5ZyIZKzpIWBNhUCuT9psI
2020-08-16T06:44:13.610405600Z 89 Sqfelg15UWTanTsDj1haVURSLtSWHzYlQGSHmTzQQQhJBuJBB1eoROwzRAXwH
2020-08-16T06:44:13.621583263Z 90 Wy84ileSitKIJd6uo1gqqOY7nRQfudJZykrigr9gf90I8CEhnOZkxziMywe2e
2020-08-16T06:44:13.632694556Z 91 bcdzzpXoWxTpS8MmZASOwCz7FLJBbhEH4t6rsdxGSBHTl6szOO0TuGiSxV0AV
2020-08-16T06:44:13.644290277Z 92 e8PQhFcL1LG92mBZuYzNh0befYBJyXC9iYN3OzhgFUYrVctYIQhkcnvN6IIo4
2020-08-16T06:44:13.655473388Z 93 aeCwTxhCkkd5lrgSjZYfzuj07znH7AiF5l4uM53eua24sVFzRNcb03j6t8ocQ
2020-08-16T06:44:13.667921174Z 94 d44KybFbMIh2dL2Xdew9S0KfwGWpMP3umX0yTJiSHQd1t0hC6bvsxBMv4sgR3
2020-08-16T06:44:13.679636249Z 95 HAUxAMWbmNuxIRINeNW1YFIpf6jR0F1ovnFAcUYy4hifPthAnI2361PVbSRlW
2020-08-16T06:44:13.691264536Z 96 rxQigkq5WHOCFby1zLmlAOBS3OAjihVR9avl8x9LWyrqVL6X6mT6Ocwk8Cof6
2020-08-16T06:44:13.703085727Z 97 X7cdJ7lnkzUitJoK7QMuuM5ntLxhtlhZiS6afUvf3KHBtRaQW7uLVGtW507d9
2020-08-16T06:44:13.713093450Z 98 x5PJWoQt1JkZgEfpY50fnWbiIvYKQzPwbZdZeUJf26jRtoJ38PeUPZL7jDI2P
2020-08-16T06:44:13.724544759Z 99 1Cly5WrLkpZw3x9mGQDgdhKxF9LYYvhm7M0cp6pAW9fZjdu99QLwngm4wuK96
