2020-08-16T06:44:12.061900863Z  [2020-08-16T06:44:12Z INFO  dt_client_bytes] Starting client. Host at mqtt-broker:1883
2020-08-16T06:44:12.061952521Z  [2020-08-16T06:44:12Z INFO  dt_client_bytes] Thread of topic 38162cb0-e585-43d7-b55d-5c240b2bfb7c/3142192f-6bae-4f12-a6f3-5464dc37e790/d0a71d84-b80f-4558-beac-8887750652e3
2020-08-16T06:44:12.061968145Z  [2020-08-16T06:44:12Z INFO  dt_client_bytes] 0::38162cb0-e585-43d7-b55d-5c240b2bfb7c/3142192f-6bae-4f12-a6f3-5464dc37e790/d0a71d84-b80f-4558-beac-8887750652e3 "0 Jd4DoR4xohdbjnjKykVSjfNVzQyrpjfOrDLOko1ZC8Wx11WawQ67qPuE6OLa9X"
2020-08-16T06:44:12.068417711Z  [2020-08-16T06:44:12Z INFO  dt_client_bytes] 1::38162cb0-e585-43d7-b55d-5c240b2bfb7c/3142192f-6bae-4f12-a6f3-5464dc37e790/d0a71d84-b80f-4558-beac-8887750652e3 "1 BSfkSQSTTiwQWzLy3tr7iuOA1236wczOHYCe2idd8O5BBBQ8zUwDlEzaxdeks6"
2020-08-16T06:44:12.079602258Z  [2020-08-16T06:44:12Z INFO  dt_client_bytes] 2::38162cb0-e585-43d7-b55d-5c240b2bfb7c/3142192f-6bae-4f12-a6f3-5464dc37e790/d0a71d84-b80f-4558-beac-8887750652e3 "2 cpe7Wx1qdeqqMuyNbg1cGQorNJEB1HodxrXKDgNkGnXYsb5yLDY4GaKmmTzN2j"
2020-08-16T06:44:12.090792791Z  [2020-08-16T06:44:12Z INFO  dt_client_bytes] 3::38162cb0-e585-43d7-b55d-5c240b2bfb7c/3142192f-6bae-4f12-a6f3-5464dc37e790/d0a71d84-b80f-4558-beac-8887750652e3 "3 jx8vnjucE1Rurfq1ECXX6eOVZ4vJPqCl9cxvRHVOXLs3dnBbVCFKk2I63A4ukY"
2020-08-16T06:44:12.102272581Z  [2020-08-16T06:44:12Z INFO  dt_client_bytes] 4::38162cb0-e585-43d7-b55d-5c240b2bfb7c/3142192f-6bae-4f12-a6f3-5464dc37e790/d0a71d84-b80f-4558-beac-8887750652e3 "4 0stBSk8gJtVBkPyICeHbf6W8ZdmOPQEec1tVddrBdb7XrYqCdLXS7IV1HVToXa"
2020-08-16T06:44:12.112185354Z  [2020-08-16T06:44:12Z INFO  dt_client_bytes] 5::38162cb0-e585-43d7-b55d-5c240b2bfb7c/3142192f-6bae-4f12-a6f3-5464dc37e790/d0a71d84-b80f-4558-beac-8887750652e3 "5 43RKaNRp4pt1ePx0pPjv0Oxei3BPXo2I99KuafJw7r0upuMxevvu9E6fd568Nm"
2020-08-16T06:44:12.123134570Z  [2020-08-16T06:44:12Z INFO  dt_client_bytes] 6::38162cb0-e585-43d7-b55d-5c240b2bfb7c/3142192f-6bae-4f12-a6f3-5464dc37e790/d0a71d84-b80f-4558-beac-8887750652e3 "6 ElNcpcLq38ggmOhA1ZrUX5WvX9hXKA7YWpoHO84X3ezo57JohDRlFdM4ZvkPHC"
2020-08-16T06:44:12.135625290Z  [2020-08-16T06:44:12Z INFO  dt_client_bytes] 7::38162cb0-e585-43d7-b55d-5c240b2bfb7c/3142192f-6bae-4f12-a6f3-5464dc37e790/d0a71d84-b80f-4558-beac-8887750652e3 "7 EFqLxpfkaKMWy3vtJ0V2B3RyFtIhMLaZ352LJrf5VRsEXHscMtkjCdOYLhks5x"
2020-08-16T06:44:12.145503133Z  [2020-08-16T06:44:12Z INFO  dt_client_bytes] 8::38162cb0-e585-43d7-b55d-5c240b2bfb7c/3142192f-6bae-4f12-a6f3-5464dc37e790/d0a71d84-b80f-4558-beac-8887750652e3 "8 RnbBcHQ6Z1j7lyocAIZi0FCReTCiHtmbBfSYiQg38ckJOARxz8H1oXxmYUFA5H"
2020-08-16T06:44:12.156665927Z  [2020-08-16T06:44:12Z INFO  dt_client_bytes] 9::38162cb0-e585-43d7-b55d-5c240b2bfb7c/3142192f-6bae-4f12-a6f3-5464dc37e790/d0a71d84-b80f-4558-beac-8887750652e3 "9 6Py7yIpY0e0d1pGhYjfGhJ02IhnUd3Pe8Iybnh7cyHCN9U8OdffQOxEYdACR0m"
2020-08-16T06:44:12.168015434Z  [2020-08-16T06:44:12Z INFO  dt_client_bytes] 10::38162cb0-e585-43d7-b55d-5c240b2bfb7c/3142192f-6bae-4f12-a6f3-5464dc37e790/d0a71d84-b80f-4558-beac-8887750652e3 "10 t9wLDIrcNpfpss68GN30vIE2EDIKL7gfBPGYKtQA3uX3Jzp6p6wPPgrX2KF4S"
2020-08-16T06:44:12.176977396Z  [2020-08-16T06:44:12Z INFO  dt_client_bytes] Publish 1
2020-08-16T06:44:12.178201077Z  [2020-08-16T06:44:12Z INFO  dt_client_bytes] Publish 2
2020-08-16T06:44:12.179503256Z  [2020-08-16T06:44:12Z INFO  dt_client_bytes] Publish 3
2020-08-16T06:44:12.179537905Z  [2020-08-16T06:44:12Z INFO  dt_client_bytes] 11::38162cb0-e585-43d7-b55d-5c240b2bfb7c/3142192f-6bae-4f12-a6f3-5464dc37e790/d0a71d84-b80f-4558-beac-8887750652e3 "11 NzngvNRPlHw59s3UEhh539O8UOMK64Jsg827VIUWdZ4ccOfLfDwKhScqZITfJ"
2020-08-16T06:44:12.180660501Z  [2020-08-16T06:44:12Z INFO  dt_client_bytes] Publish 4
2020-08-16T06:44:12.181899600Z  [2020-08-16T06:44:12Z INFO  dt_client_bytes] Publish 5
2020-08-16T06:44:12.183097839Z  [2020-08-16T06:44:12Z INFO  dt_client_bytes] Publish 6
2020-08-16T06:44:12.184249455Z  [2020-08-16T06:44:12Z INFO  dt_client_bytes] Publish 7
2020-08-16T06:44:12.185443888Z  [2020-08-16T06:44:12Z INFO  dt_client_bytes] Publish 8
2020-08-16T06:44:12.186690968Z  [2020-08-16T06:44:12Z INFO  dt_client_bytes] Publish 9
2020-08-16T06:44:12.187879558Z  [2020-08-16T06:44:12Z INFO  dt_client_bytes] Publish 10
2020-08-16T06:44:12.189059518Z  [2020-08-16T06:44:12Z INFO  dt_client_bytes] Publish 11
2020-08-16T06:44:12.190255313Z  [2020-08-16T06:44:12Z INFO  dt_client_bytes] Publish 12
2020-08-16T06:44:12.190272018Z  [2020-08-16T06:44:12Z INFO  dt_client_bytes] 12::38162cb0-e585-43d7-b55d-5c240b2bfb7c/3142192f-6bae-4f12-a6f3-5464dc37e790/d0a71d84-b80f-4558-beac-8887750652e3 "12 lCc4i2201VCHrsBmtZmu1KNGeAYg7kg9qbTwDASzIsH6374OIRhnWCNVuosVt"
2020-08-16T06:44:12.191637594Z  [2020-08-16T06:44:12Z INFO  dt_client_bytes] Publish 13
2020-08-16T06:44:12.202774765Z  [2020-08-16T06:44:12Z INFO  dt_client_bytes] 13::38162cb0-e585-43d7-b55d-5c240b2bfb7c/3142192f-6bae-4f12-a6f3-5464dc37e790/d0a71d84-b80f-4558-beac-8887750652e3 "13 ztjbIs8RyNCT5Ykx4w0vfBSmME0l22oEYg4wq0kfjCpfbBmYArUrOV5ojmkqV"
2020-08-16T06:44:12.202832071Z  [2020-08-16T06:44:12Z INFO  dt_client_bytes] Publish 14
2020-08-16T06:44:12.213057183Z  [2020-08-16T06:44:12Z INFO  dt_client_bytes] 14::38162cb0-e585-43d7-b55d-5c240b2bfb7c/3142192f-6bae-4f12-a6f3-5464dc37e790/d0a71d84-b80f-4558-beac-8887750652e3 "14 Xfg0d5YegHA7LFuNl1U8aEw1m1DhQTfslfp0w68Y21p99qjEuFrTW9Irtx07o"
2020-08-16T06:44:12.213113301Z  [2020-08-16T06:44:12Z INFO  dt_client_bytes] Publish 15
2020-08-16T06:44:12.232816940Z  [2020-08-16T06:44:12Z INFO  dt_client_bytes] 15::38162cb0-e585-43d7-b55d-5c240b2bfb7c/3142192f-6bae-4f12-a6f3-5464dc37e790/d0a71d84-b80f-4558-beac-8887750652e3 "15 rFUVXdZjO0s3UQkmi2dUhRMxA7gHbOY6tINFYYCpqAXCbtynAFlQZOtMWQqzf"
2020-08-16T06:44:12.232846098Z  [2020-08-16T06:44:12Z INFO  dt_client_bytes] Publish 16
2020-08-16T06:44:12.235958516Z  [2020-08-16T06:44:12Z INFO  dt_client_bytes] 16::38162cb0-e585-43d7-b55d-5c240b2bfb7c/3142192f-6bae-4f12-a6f3-5464dc37e790/d0a71d84-b80f-4558-beac-8887750652e3 "16 kYpRjpTOqKyVFeB1zg3CJ30Lb86re4AmEBYpqJrfaB2Tpz6W9EfDqZb1MC1oy"
2020-08-16T06:44:12.235995788Z  [2020-08-16T06:44:12Z INFO  dt_client_bytes] Publish 17
2020-08-16T06:44:12.247422739Z  [2020-08-16T06:44:12Z INFO  dt_client_bytes] 17::38162cb0-e585-43d7-b55d-5c240b2bfb7c/3142192f-6bae-4f12-a6f3-5464dc37e790/d0a71d84-b80f-4558-beac-8887750652e3 "17 WtCF1chr0bSrKi81Oypvb5UpxzfCR2HQxgjb4G695o6CY1fpEnd66SjCAl7vw"
2020-08-16T06:44:12.247557423Z  [2020-08-16T06:44:12Z INFO  dt_client_bytes] Publish 18
2020-08-16T06:44:12.255927524Z  [2020-08-16T06:44:12Z INFO  dt_client_bytes] PubAck { pkid: 1 }
2020-08-16T06:44:12.258640160Z  [2020-08-16T06:44:12Z INFO  dt_client_bytes] 18::38162cb0-e585-43d7-b55d-5c240b2bfb7c/3142192f-6bae-4f12-a6f3-5464dc37e790/d0a71d84-b80f-4558-beac-8887750652e3 "18 jYXbZUBjCJDWkrWE8oPnIO9zySgYYdwQJRYTCgDd3ktnEr2Q6LUTgPW3q91vd"
2020-08-16T06:44:12.258731123Z  [2020-08-16T06:44:12Z INFO  dt_client_bytes] Publish 19
2020-08-16T06:44:12.270258736Z  [2020-08-16T06:44:12Z INFO  dt_client_bytes] 19::38162cb0-e585-43d7-b55d-5c240b2bfb7c/3142192f-6bae-4f12-a6f3-5464dc37e790/d0a71d84-b80f-4558-beac-8887750652e3 "19 nMVqSbNZtJzDag1ywkWYKZLEuHTQgLGHB1OwykBZsHDWJU0l5nQq3OYyblPiV"
2020-08-16T06:44:12.270340664Z  [2020-08-16T06:44:12Z INFO  dt_client_bytes] Publish 20
2020-08-16T06:44:12.281756880Z  [2020-08-16T06:44:12Z INFO  dt_client_bytes] 20::38162cb0-e585-43d7-b55d-5c240b2bfb7c/3142192f-6bae-4f12-a6f3-5464dc37e790/d0a71d84-b80f-4558-beac-8887750652e3 "20 boloJa1WqLPOHfCTMFFg2XM5OUuvxVh9zzxI9HTgUhc60mtY5qPk1IbPHtqzX"
2020-08-16T06:44:12.281816212Z  [2020-08-16T06:44:12Z INFO  dt_client_bytes] Publish 21
2020-08-16T06:44:12.292293388Z  [2020-08-16T06:44:12Z INFO  dt_client_bytes] 21::38162cb0-e585-43d7-b55d-5c240b2bfb7c/3142192f-6bae-4f12-a6f3-5464dc37e790/d0a71d84-b80f-4558-beac-8887750652e3 "21 ngdw3ACDP5SPY5FWHQh6qPCs1v1ZDeIiXmIQRC5DDB7jjhrLCakXzxsQ3rF0S"
2020-08-16T06:44:12.292324100Z  [2020-08-16T06:44:12Z INFO  dt_client_bytes] Publish 22
2020-08-16T06:44:12.320341994Z  [2020-08-16T06:44:12Z INFO  dt_client_bytes] 22::38162cb0-e585-43d7-b55d-5c240b2bfb7c/3142192f-6bae-4f12-a6f3-5464dc37e790/d0a71d84-b80f-4558-beac-8887750652e3 "22 SnXqeMpeHS0ca68ZlgX7X8Eed272zLkrgrgJY8CirouGIQ3BXRxhjLsIp2zOQ"
2020-08-16T06:44:12.320370013Z  [2020-08-16T06:44:12Z INFO  dt_client_bytes] Publish 23
2020-08-16T06:44:12.320382164Z  [2020-08-16T06:44:12Z INFO  dt_client_bytes] 23::38162cb0-e585-43d7-b55d-5c240b2bfb7c/3142192f-6bae-4f12-a6f3-5464dc37e790/d0a71d84-b80f-4558-beac-8887750652e3 "23 rDeBW7mpnoI2omNXAWduKVRgI9scsQR3aA2sdPwLDgz5rubNSlTIiNZNQD31Q"
2020-08-16T06:44:12.320420906Z  [2020-08-16T06:44:12Z INFO  dt_client_bytes] Publish 24
2020-08-16T06:44:12.325901718Z  [2020-08-16T06:44:12Z INFO  dt_client_bytes] PubAck { pkid: 2 }
2020-08-16T06:44:12.325937170Z  [2020-08-16T06:44:12Z INFO  dt_client_bytes] 24::38162cb0-e585-43d7-b55d-5c240b2bfb7c/3142192f-6bae-4f12-a6f3-5464dc37e790/d0a71d84-b80f-4558-beac-8887750652e3 "24 nP95XsVk4DlMrz254QwrHsYEQBCzWrlJmsbYS1XnzjRiiFbkDM43gizpgrpm7"
2020-08-16T06:44:12.327057207Z  [2020-08-16T06:44:12Z INFO  dt_client_bytes] PubAck { pkid: 3 }
2020-08-16T06:44:12.328226728Z  [2020-08-16T06:44:12Z INFO  dt_client_bytes] PubAck { pkid: 4 }
2020-08-16T06:44:12.329390556Z  [2020-08-16T06:44:12Z INFO  dt_client_bytes] PubAck { pkid: 5 }
2020-08-16T06:44:12.330529505Z  [2020-08-16T06:44:12Z INFO  dt_client_bytes] Publish 25
2020-08-16T06:44:12.331731476Z  [2020-08-16T06:44:12Z INFO  dt_client_bytes] PubAck { pkid: 6 }
2020-08-16T06:44:12.333107214Z  [2020-08-16T06:44:12Z INFO  dt_client_bytes] PubAck { pkid: 7 }
2020-08-16T06:44:12.334380676Z  [2020-08-16T06:44:12Z INFO  dt_client_bytes] PubAck { pkid: 8 }
2020-08-16T06:44:12.335719677Z  [2020-08-16T06:44:12Z INFO  dt_client_bytes] PubAck { pkid: 9 }
2020-08-16T06:44:12.337093283Z  [2020-08-16T06:44:12Z INFO  dt_client_bytes] PubAck { pkid: 10 }
2020-08-16T06:44:12.337186879Z  [2020-08-16T06:44:12Z INFO  dt_client_bytes] PubAck { pkid: 11 }
2020-08-16T06:44:12.337208226Z  [2020-08-16T06:44:12Z INFO  dt_client_bytes] 25::38162cb0-e585-43d7-b55d-5c240b2bfb7c/3142192f-6bae-4f12-a6f3-5464dc37e790/d0a71d84-b80f-4558-beac-8887750652e3 "25 IXbiq2flLDXTqjQyLgASHOYQzjxtRpzQxNKKz2DPFvvNKyEMm32MJl92pHNyW"
2020-08-16T06:44:12.338462252Z  [2020-08-16T06:44:12Z INFO  dt_client_bytes] Publish 26
2020-08-16T06:44:12.339787429Z  [2020-08-16T06:44:12Z INFO  dt_client_bytes] PubAck { pkid: 12 }
2020-08-16T06:44:12.341034830Z  [2020-08-16T06:44:12Z INFO  dt_client_bytes] PubAck { pkid: 13 }
2020-08-16T06:44:12.342244662Z  [2020-08-16T06:44:12Z INFO  dt_client_bytes] PubAck { pkid: 14 }
2020-08-16T06:44:12.343553612Z  [2020-08-16T06:44:12Z INFO  dt_client_bytes] PubAck { pkid: 15 }
2020-08-16T06:44:12.344755614Z  [2020-08-16T06:44:12Z INFO  dt_client_bytes] PubAck { pkid: 16 }
2020-08-16T06:44:12.348708436Z  [2020-08-16T06:44:12Z INFO  dt_client_bytes] 26::38162cb0-e585-43d7-b55d-5c240b2bfb7c/3142192f-6bae-4f12-a6f3-5464dc37e790/d0a71d84-b80f-4558-beac-8887750652e3 "26 rXZ2WuZCLK7MeOB7O6pfqWTDuIuISLCuKDQ9e0tlkVG8qhVZRJjJwdiYUMFri"
2020-08-16T06:44:12.348778418Z  [2020-08-16T06:44:12Z INFO  dt_client_bytes] Publish 27
2020-08-16T06:44:12.359233690Z  [2020-08-16T06:44:12Z INFO  dt_client_bytes] 27::38162cb0-e585-43d7-b55d-5c240b2bfb7c/3142192f-6bae-4f12-a6f3-5464dc37e790/d0a71d84-b80f-4558-beac-8887750652e3 "27 3boM8VYFxR3c3rSy88nncGt5YnoACA1HMxyiDQNZaUIKDfntqLffLQhGAGOtN"
2020-08-16T06:44:12.359282678Z  [2020-08-16T06:44:12Z INFO  dt_client_bytes] Publish 28
2020-08-16T06:44:12.370641538Z  [2020-08-16T06:44:12Z INFO  dt_client_bytes] 28::38162cb0-e585-43d7-b55d-5c240b2bfb7c/3142192f-6bae-4f12-a6f3-5464dc37e790/d0a71d84-b80f-4558-beac-8887750652e3 "28 hKjNSsNZQwAhpHuFM6LW9G7BeqMU1pqZxnFdDj1lJle3mFC3qUv9zntAwERtK"
2020-08-16T06:44:12.370664850Z  [2020-08-16T06:44:12Z INFO  dt_client_bytes] Publish 29
2020-08-16T06:44:12.381450168Z  [2020-08-16T06:44:12Z INFO  dt_client_bytes] 29::38162cb0-e585-43d7-b55d-5c240b2bfb7c/3142192f-6bae-4f12-a6f3-5464dc37e790/d0a71d84-b80f-4558-beac-8887750652e3 "29 VduDT1CNi5dXxh3rh3iRY3oFhJlnxO4wT5DyjucuUnlkUJIBNAK5LitdacTsz"
2020-08-16T06:44:12.381524182Z  [2020-08-16T06:44:12Z INFO  dt_client_bytes] Publish 30
2020-08-16T06:44:12.388200893Z  [2020-08-16T06:44:12Z INFO  dt_client_bytes] PubAck { pkid: 17 }
2020-08-16T06:44:12.389450446Z  [2020-08-16T06:44:12Z INFO  dt_client_bytes] PubAck { pkid: 18 }
2020-08-16T06:44:12.393221752Z  [2020-08-16T06:44:12Z INFO  dt_client_bytes] 30::38162cb0-e585-43d7-b55d-5c240b2bfb7c/3142192f-6bae-4f12-a6f3-5464dc37e790/d0a71d84-b80f-4558-beac-8887750652e3 "30 FRqvKsFLkI3gCWKTSHPj8OvSKvshINchTaf03TmCarD9JQm2CBbdOjHSzxhA9"
2020-08-16T06:44:12.393291954Z  [2020-08-16T06:44:12Z INFO  dt_client_bytes] Publish 31
2020-08-16T06:44:12.405009567Z  [2020-08-16T06:44:12Z INFO  dt_client_bytes] 31::38162cb0-e585-43d7-b55d-5c240b2bfb7c/3142192f-6bae-4f12-a6f3-5464dc37e790/d0a71d84-b80f-4558-beac-8887750652e3 "31 v7vOR2KSJPfcfn2WM8hwXJyuQZpyuK24xGYBe2SsJfhib6EQokwwsl16GrBtp"
2020-08-16T06:44:12.405099251Z  [2020-08-16T06:44:12Z INFO  dt_client_bytes] Publish 32
2020-08-16T06:44:12.415515430Z  [2020-08-16T06:44:12Z INFO  dt_client_bytes] 32::38162cb0-e585-43d7-b55d-5c240b2bfb7c/3142192f-6bae-4f12-a6f3-5464dc37e790/d0a71d84-b80f-4558-beac-8887750652e3 "32 Hne9cXYNfzJqPhlCWt3QfMdU5sDaiXoNU8GhVGZhWk7yXMbsY6xj4Zzf78V9G"
2020-08-16T06:44:12.415607044Z  [2020-08-16T06:44:12Z INFO  dt_client_bytes] Publish 33
2020-08-16T06:44:12.427172163Z  [2020-08-16T06:44:12Z INFO  dt_client_bytes] 33::38162cb0-e585-43d7-b55d-5c240b2bfb7c/3142192f-6bae-4f12-a6f3-5464dc37e790/d0a71d84-b80f-4558-beac-8887750652e3 "33 TJntNuR5fr9RWgqKSqjA2tk20wVDv39Iwa18nZr96JinPvIsimVPHPaeeFdYY"
2020-08-16T06:44:12.427216633Z  [2020-08-16T06:44:12Z INFO  dt_client_bytes] Publish 34
2020-08-16T06:44:12.437458766Z  [2020-08-16T06:44:12Z INFO  dt_client_bytes] 34::38162cb0-e585-43d7-b55d-5c240b2bfb7c/3142192f-6bae-4f12-a6f3-5464dc37e790/d0a71d84-b80f-4558-beac-8887750652e3 "34 AX8Cnh7x15T9KSrPHmKJwwIOFDYRtH0hT5KTzh2DCHywSX9SafO9Em5ThouK2"
2020-08-16T06:44:12.437515258Z  [2020-08-16T06:44:12Z INFO  dt_client_bytes] Publish 35
2020-08-16T06:44:12.450296898Z  [2020-08-16T06:44:12Z INFO  dt_client_bytes] 35::38162cb0-e585-43d7-b55d-5c240b2bfb7c/3142192f-6bae-4f12-a6f3-5464dc37e790/d0a71d84-b80f-4558-beac-8887750652e3 "35 JgljYGYDIwiCMXnk9lxS3yGAvofu1hAApXEPlzRVAlFhboDrkLM6y5zZWowU7"
2020-08-16T06:44:12.450829567Z  [2020-08-16T06:44:12Z INFO  dt_client_bytes] Publish 36
2020-08-16T06:44:12.461397716Z  [2020-08-16T06:44:12Z INFO  dt_client_bytes] 36::38162cb0-e585-43d7-b55d-5c240b2bfb7c/3142192f-6bae-4f12-a6f3-5464dc37e790/d0a71d84-b80f-4558-beac-8887750652e3 "36 fdRWtKtV8qtqXFYRvDcQLzTMVf5At3XD6yHcaDjW8pYI1yjVAVQzh5Lpj8eoV"
2020-08-16T06:44:12.461626494Z  [2020-08-16T06:44:12Z INFO  dt_client_bytes] Publish 37
2020-08-16T06:44:12.472123023Z  [2020-08-16T06:44:12Z INFO  dt_client_bytes] 37::38162cb0-e585-43d7-b55d-5c240b2bfb7c/3142192f-6bae-4f12-a6f3-5464dc37e790/d0a71d84-b80f-4558-beac-8887750652e3 "37 kHbwbROn0zqC5aGC9zHCzxtYMVFCVyHH4wbRK6M9ZIwkLB8FJ7rOSAzlyCIhh"
2020-08-16T06:44:12.472446264Z  [2020-08-16T06:44:12Z INFO  dt_client_bytes] Publish 38
2020-08-16T06:44:12.483640632Z  [2020-08-16T06:44:12Z INFO  dt_client_bytes] 38::38162cb0-e585-43d7-b55d-5c240b2bfb7c/3142192f-6bae-4f12-a6f3-5464dc37e790/d0a71d84-b80f-4558-beac-8887750652e3 "38 MmSuV2zpK93NpAG1Xylz2Qp2PnbIHKYvReJIMLDbFLDFgYFjhOqLysAQp3Nvd"
2020-08-16T06:44:12.483666365Z  [2020-08-16T06:44:12Z INFO  dt_client_bytes] Publish 39
2020-08-16T06:44:12.495270425Z  [2020-08-16T06:44:12Z INFO  dt_client_bytes] 39::38162cb0-e585-43d7-b55d-5c240b2bfb7c/3142192f-6bae-4f12-a6f3-5464dc37e790/d0a71d84-b80f-4558-beac-8887750652e3 "39 DyEfHRP7vqb2YcFS28r8DNKdGrqklEYPfjIe7nJkQrEVJnyi8u7d2UlNc4c87"
2020-08-16T06:44:12.495297162Z  [2020-08-16T06:44:12Z INFO  dt_client_bytes] Publish 40
2020-08-16T06:44:12.506811707Z  [2020-08-16T06:44:12Z INFO  dt_client_bytes] 40::38162cb0-e585-43d7-b55d-5c240b2bfb7c/3142192f-6bae-4f12-a6f3-5464dc37e790/d0a71d84-b80f-4558-beac-8887750652e3 "40 Hf6AjRh9jkTVtE0s1limRsvcYanobcs5lbLeQYkF5I7LeW4Tn5c6t8VbA89Yb"
2020-08-16T06:44:12.506845096Z  [2020-08-16T06:44:12Z INFO  dt_client_bytes] Publish 41
2020-08-16T06:44:12.508965562Z  [2020-08-16T06:44:12Z INFO  dt_client_bytes] PubAck { pkid: 19 }
2020-08-16T06:44:12.514074907Z  [2020-08-16T06:44:12Z INFO  dt_client_bytes] PubAck { pkid: 20 }
2020-08-16T06:44:12.514867221Z  [2020-08-16T06:44:12Z INFO  dt_client_bytes] PubAck { pkid: 21 }
2020-08-16T06:44:12.516441416Z  [2020-08-16T06:44:12Z INFO  dt_client_bytes] PubAck { pkid: 22 }
2020-08-16T06:44:12.517769382Z  [2020-08-16T06:44:12Z INFO  dt_client_bytes] PubAck { pkid: 23 }
2020-08-16T06:44:12.517792013Z  [2020-08-16T06:44:12Z INFO  dt_client_bytes] 41::38162cb0-e585-43d7-b55d-5c240b2bfb7c/3142192f-6bae-4f12-a6f3-5464dc37e790/d0a71d84-b80f-4558-beac-8887750652e3 "41 fh03DfSUcg3N23jfBO32Sg3gKgnE0PmeU1NG3xKGbCZhCXa1AhlPQXYN0AE6W"
2020-08-16T06:44:12.519000620Z  [2020-08-16T06:44:12Z INFO  dt_client_bytes] PubAck { pkid: 24 }
2020-08-16T06:44:12.519042289Z  [2020-08-16T06:44:12Z INFO  dt_client_bytes] PubAck { pkid: 25 }
2020-08-16T06:44:12.520179848Z  [2020-08-16T06:44:12Z INFO  dt_client_bytes] PubAck { pkid: 26 }
2020-08-16T06:44:12.521446103Z  [2020-08-16T06:44:12Z INFO  dt_client_bytes] PubAck { pkid: 27 }
2020-08-16T06:44:12.522525698Z  [2020-08-16T06:44:12Z INFO  dt_client_bytes] PubAck { pkid: 28 }
2020-08-16T06:44:12.523978137Z  [2020-08-16T06:44:12Z INFO  dt_client_bytes] PubAck { pkid: 29 }
2020-08-16T06:44:12.526273592Z  [2020-08-16T06:44:12Z INFO  dt_client_bytes] PubAck { pkid: 30 }
2020-08-16T06:44:12.526403130Z  [2020-08-16T06:44:12Z INFO  dt_client_bytes] Publish 42
2020-08-16T06:44:12.530678569Z  [2020-08-16T06:44:12Z INFO  dt_client_bytes] 42::38162cb0-e585-43d7-b55d-5c240b2bfb7c/3142192f-6bae-4f12-a6f3-5464dc37e790/d0a71d84-b80f-4558-beac-8887750652e3 "42 1BurCY9pecwYNlavFzOPWYm6ubWk28a8QGEVuShKTglC9pkjX1wdRF0d1p5sZ"
2020-08-16T06:44:12.532918754Z  [2020-08-16T06:44:12Z INFO  dt_client_bytes] Publish 43
2020-08-16T06:44:12.544015975Z  [2020-08-16T06:44:12Z INFO  dt_client_bytes] 43::38162cb0-e585-43d7-b55d-5c240b2bfb7c/3142192f-6bae-4f12-a6f3-5464dc37e790/d0a71d84-b80f-4558-beac-8887750652e3 "43 6TqTMCMfDLXodzGuGnDFy4zh8ucCTdxDBa4YNcgTnqg8i7XZsIW3pTs055Dfd"
2020-08-16T06:44:12.544207649Z  [2020-08-16T06:44:12Z INFO  dt_client_bytes] Publish 44
2020-08-16T06:44:12.554960096Z  [2020-08-16T06:44:12Z INFO  dt_client_bytes] 44::38162cb0-e585-43d7-b55d-5c240b2bfb7c/3142192f-6bae-4f12-a6f3-5464dc37e790/d0a71d84-b80f-4558-beac-8887750652e3 "44 905GNiwE53jE2R1yPtE1zXMPUVsnDf9hXQ5QVepCpvH4fwLxIoj3TeMxj3utM"
2020-08-16T06:44:12.555145985Z  [2020-08-16T06:44:12Z INFO  dt_client_bytes] Publish 45
2020-08-16T06:44:12.555968380Z  [2020-08-16T06:44:12Z INFO  dt_client_bytes] PubAck { pkid: 31 }
2020-08-16T06:44:12.557283773Z  [2020-08-16T06:44:12Z INFO  dt_client_bytes] PubAck { pkid: 32 }
2020-08-16T06:44:12.558538395Z  [2020-08-16T06:44:12Z INFO  dt_client_bytes] PubAck { pkid: 33 }
2020-08-16T06:44:12.559775709Z  [2020-08-16T06:44:12Z INFO  dt_client_bytes] PubAck { pkid: 34 }
2020-08-16T06:44:12.561069192Z  [2020-08-16T06:44:12Z INFO  dt_client_bytes] PubAck { pkid: 35 }
2020-08-16T06:44:12.562334269Z  [2020-08-16T06:44:12Z INFO  dt_client_bytes] PubAck { pkid: 36 }
2020-08-16T06:44:12.563538352Z  [2020-08-16T06:44:12Z INFO  dt_client_bytes] PubAck { pkid: 37 }
2020-08-16T06:44:12.564808219Z  [2020-08-16T06:44:12Z INFO  dt_client_bytes] PubAck { pkid: 38 }
2020-08-16T06:44:12.566403602Z  [2020-08-16T06:44:12Z INFO  dt_client_bytes] 45::38162cb0-e585-43d7-b55d-5c240b2bfb7c/3142192f-6bae-4f12-a6f3-5464dc37e790/d0a71d84-b80f-4558-beac-8887750652e3 "45 Cvz1OL1kqq19OQqGrDs6W9l86H3KTdyspDEvRzEq7mmv9kypKic9hF7oM5u78"
2020-08-16T06:44:12.566592575Z  [2020-08-16T06:44:12Z INFO  dt_client_bytes] Publish 46
2020-08-16T06:44:12.577180119Z  [2020-08-16T06:44:12Z INFO  dt_client_bytes] 46::38162cb0-e585-43d7-b55d-5c240b2bfb7c/3142192f-6bae-4f12-a6f3-5464dc37e790/d0a71d84-b80f-4558-beac-8887750652e3 "46 OPn9VaEi9hMRsHxuvsTspKF0xKpS21gxFUYY8y0yNGX9UdIJNhHlIEFf9LLGg"
2020-08-16T06:44:12.577216906Z  [2020-08-16T06:44:12Z INFO  dt_client_bytes] Publish 47
2020-08-16T06:44:12.588663486Z  [2020-08-16T06:44:12Z INFO  dt_client_bytes] 47::38162cb0-e585-43d7-b55d-5c240b2bfb7c/3142192f-6bae-4f12-a6f3-5464dc37e790/d0a71d84-b80f-4558-beac-8887750652e3 "47 9uIWXHWymO2quuR5sM05FPzyunaOkV9JF0zjuZx2WgDM09Td0dq9uAlYT7PeQ"
2020-08-16T06:44:12.588688013Z  [2020-08-16T06:44:12Z INFO  dt_client_bytes] Publish 48
2020-08-16T06:44:12.599104352Z  [2020-08-16T06:44:12Z INFO  dt_client_bytes] 48::38162cb0-e585-43d7-b55d-5c240b2bfb7c/3142192f-6bae-4f12-a6f3-5464dc37e790/d0a71d84-b80f-4558-beac-8887750652e3 "48 rtOAh4CRKwikJBtXaZqCC9p7nQQBe5Gs1TIhtU8wsFKrsvCAKdyihyouCNFUY"
2020-08-16T06:44:12.599128579Z  [2020-08-16T06:44:12Z INFO  dt_client_bytes] Publish 49
2020-08-16T06:44:12.612386355Z  [2020-08-16T06:44:12Z INFO  dt_client_bytes] 49::38162cb0-e585-43d7-b55d-5c240b2bfb7c/3142192f-6bae-4f12-a6f3-5464dc37e790/d0a71d84-b80f-4558-beac-8887750652e3 "49 VXgDdcgg8eFhGp9qlPsnI6rSLiKGc1dZu6Yih1EuU7OYzLhEwYLgE4aERGuKW"
2020-08-16T06:44:12.612430869Z  [2020-08-16T06:44:12Z INFO  dt_client_bytes] Publish 50
2020-08-16T06:44:12.622514162Z  [2020-08-16T06:44:12Z INFO  dt_client_bytes] 50::38162cb0-e585-43d7-b55d-5c240b2bfb7c/3142192f-6bae-4f12-a6f3-5464dc37e790/d0a71d84-b80f-4558-beac-8887750652e3 "50 FRAB7rKpqzNTlXfXHlSCluJlQfNrYAMTxzDY1Z9PSNbjULhmClqPLZHrzciJP"
2020-08-16T06:44:12.622539727Z  [2020-08-16T06:44:12Z INFO  dt_client_bytes] Publish 51
2020-08-16T06:44:12.633011568Z  [2020-08-16T06:44:12Z INFO  dt_client_bytes] 51::38162cb0-e585-43d7-b55d-5c240b2bfb7c/3142192f-6bae-4f12-a6f3-5464dc37e790/d0a71d84-b80f-4558-beac-8887750652e3 "51 FsmabLAK7PkqRNF5FDw4f12aFGu3prHutyfZA27klM7nFU6m0WjBx06ON0Pf9"
2020-08-16T06:44:12.633030008Z  [2020-08-16T06:44:12Z INFO  dt_client_bytes] Publish 52
2020-08-16T06:44:12.643619192Z  [2020-08-16T06:44:12Z INFO  dt_client_bytes] PubAck { pkid: 39 }
2020-08-16T06:44:12.643893802Z  [2020-08-16T06:44:12Z INFO  dt_client_bytes] PubAck { pkid: 40 }
2020-08-16T06:44:12.643922157Z  [2020-08-16T06:44:12Z INFO  dt_client_bytes] 52::38162cb0-e585-43d7-b55d-5c240b2bfb7c/3142192f-6bae-4f12-a6f3-5464dc37e790/d0a71d84-b80f-4558-beac-8887750652e3 "52 hePvg8PdiK36plfu0BEVmCsGYvJjtJEPx3FlqDQ0WO4Yw612rug3CUSsfzZlF"
2020-08-16T06:44:12.645060805Z  [2020-08-16T06:44:12Z INFO  dt_client_bytes] PubAck { pkid: 41 }
2020-08-16T06:44:12.646295751Z  [2020-08-16T06:44:12Z INFO  dt_client_bytes] Publish 53
2020-08-16T06:44:12.655868425Z  [2020-08-16T06:44:12Z INFO  dt_client_bytes] 53::38162cb0-e585-43d7-b55d-5c240b2bfb7c/3142192f-6bae-4f12-a6f3-5464dc37e790/d0a71d84-b80f-4558-beac-8887750652e3 "53 A5RTGOjVwv1wjavSivDOSbQf6lx5oJGbkHUPrwmSJWjYzYVXrnPNl1ZCs1QvA"
2020-08-16T06:44:12.655922290Z  [2020-08-16T06:44:12Z INFO  dt_client_bytes] Publish 54
2020-08-16T06:44:12.667254666Z  [2020-08-16T06:44:12Z INFO  dt_client_bytes] 54::38162cb0-e585-43d7-b55d-5c240b2bfb7c/3142192f-6bae-4f12-a6f3-5464dc37e790/d0a71d84-b80f-4558-beac-8887750652e3 "54 0P5vXkXEHFoZ4gGUxFJImw1dYIZfpKrzyfhL8fESCQeYZDhvnbjG4aZ8djGeD"
2020-08-16T06:44:12.667313250Z  [2020-08-16T06:44:12Z INFO  dt_client_bytes] Publish 55
2020-08-16T06:44:12.678698816Z  [2020-08-16T06:44:12Z INFO  dt_client_bytes] 55::38162cb0-e585-43d7-b55d-5c240b2bfb7c/3142192f-6bae-4f12-a6f3-5464dc37e790/d0a71d84-b80f-4558-beac-8887750652e3 "55 E1yIgeBO97CPj7W61eDbcO6Kg5MAsp6ohy7IEds2QA1LJku3cIuhDFJqRvasZ"
2020-08-16T06:44:12.678760095Z  [2020-08-16T06:44:12Z INFO  dt_client_bytes] Publish 56
2020-08-16T06:44:12.689045573Z  [2020-08-16T06:44:12Z INFO  dt_client_bytes] 56::38162cb0-e585-43d7-b55d-5c240b2bfb7c/3142192f-6bae-4f12-a6f3-5464dc37e790/d0a71d84-b80f-4558-beac-8887750652e3 "56 MCEvXU67VADUF3jwjT6c0eswBdIvmqwk6txYCEtMvI6WxkV7toBOCV3PKMzar"
2020-08-16T06:44:12.689270467Z  [2020-08-16T06:44:12Z INFO  dt_client_bytes] Publish 57
2020-08-16T06:44:12.700549974Z  [2020-08-16T06:44:12Z INFO  dt_client_bytes] PubAck { pkid: 42 }
2020-08-16T06:44:12.700570981Z  [2020-08-16T06:44:12Z INFO  dt_client_bytes] 57::38162cb0-e585-43d7-b55d-5c240b2bfb7c/3142192f-6bae-4f12-a6f3-5464dc37e790/d0a71d84-b80f-4558-beac-8887750652e3 "57 HfUyWOmdONVdy3xMWZTY2w1LBMp8yXvM5YYLqXuXZyi2wXHMacfUaOg3em9Oh"
2020-08-16T06:44:12.701482444Z  [2020-08-16T06:44:12Z INFO  dt_client_bytes] Publish 58
2020-08-16T06:44:12.702645232Z  [2020-08-16T06:44:12Z INFO  dt_client_bytes] PubAck { pkid: 43 }
2020-08-16T06:44:12.703799914Z  [2020-08-16T06:44:12Z INFO  dt_client_bytes] PubAck { pkid: 44 }
2020-08-16T06:44:12.704964978Z  [2020-08-16T06:44:12Z INFO  dt_client_bytes] PubAck { pkid: 45 }
2020-08-16T06:44:12.706127294Z  [2020-08-16T06:44:12Z INFO  dt_client_bytes] PubAck { pkid: 46 }
2020-08-16T06:44:12.707262289Z  [2020-08-16T06:44:12Z INFO  dt_client_bytes] PubAck { pkid: 47 }
2020-08-16T06:44:12.711808166Z  [2020-08-16T06:44:12Z INFO  dt_client_bytes] 58::38162cb0-e585-43d7-b55d-5c240b2bfb7c/3142192f-6bae-4f12-a6f3-5464dc37e790/d0a71d84-b80f-4558-beac-8887750652e3 "58 DYLYZBgsSho3xDFRkMlt79Pt1Tqu17jWnzURNOTb4JhcSFTTZ7IPjqjDUMqXC"
2020-08-16T06:44:12.711863426Z  [2020-08-16T06:44:12Z INFO  dt_client_bytes] Publish 59
2020-08-16T06:44:12.722209816Z  [2020-08-16T06:44:12Z INFO  dt_client_bytes] 59::38162cb0-e585-43d7-b55d-5c240b2bfb7c/3142192f-6bae-4f12-a6f3-5464dc37e790/d0a71d84-b80f-4558-beac-8887750652e3 "59 LjUbiaXp9ElFV1E7JL382FrDD0ANn0LkBpNQtoU0jQMaReKjZj4piR0LTgzNE"
2020-08-16T06:44:12.722262781Z  [2020-08-16T06:44:12Z INFO  dt_client_bytes] Publish 60
2020-08-16T06:44:12.733691117Z  [2020-08-16T06:44:12Z INFO  dt_client_bytes] 60::38162cb0-e585-43d7-b55d-5c240b2bfb7c/3142192f-6bae-4f12-a6f3-5464dc37e790/d0a71d84-b80f-4558-beac-8887750652e3 "60 r1LDXvAnqojxuwkTQrdul016pMJdCmghFx7pITbctxW60u2B8xYyxpiyjzDhk"
2020-08-16T06:44:12.733745280Z  [2020-08-16T06:44:12Z INFO  dt_client_bytes] Publish 61
2020-08-16T06:44:12.744048762Z  [2020-08-16T06:44:12Z INFO  dt_client_bytes] 61::38162cb0-e585-43d7-b55d-5c240b2bfb7c/3142192f-6bae-4f12-a6f3-5464dc37e790/d0a71d84-b80f-4558-beac-8887750652e3 "61 cgEjeqeee48UP9VQUTHH7KADHeGJ2tvWBMvg8Xqkae6U1SKSKLUd0tej5rd1P"
2020-08-16T06:44:12.744114792Z  [2020-08-16T06:44:12Z INFO  dt_client_bytes] Publish 62
2020-08-16T06:44:12.755503446Z  [2020-08-16T06:44:12Z INFO  dt_client_bytes] 62::38162cb0-e585-43d7-b55d-5c240b2bfb7c/3142192f-6bae-4f12-a6f3-5464dc37e790/d0a71d84-b80f-4558-beac-8887750652e3 "62 HK4E1Nxw1crG8skax9fGESQ5pWYPeFyZ2P2oZCaHw8f97gE3sMWMe50iw6krk"
2020-08-16T06:44:12.755529800Z  [2020-08-16T06:44:12Z INFO  dt_client_bytes] Publish 63
2020-08-16T06:44:12.767020391Z  [2020-08-16T06:44:12Z INFO  dt_client_bytes] 63::38162cb0-e585-43d7-b55d-5c240b2bfb7c/3142192f-6bae-4f12-a6f3-5464dc37e790/d0a71d84-b80f-4558-beac-8887750652e3 "63 Lwp71DLjX5ecPW45N3VfhlsfMRuaJxhjtJzW4pTNkT0KGT9KOTej5sJWvrjyY"
2020-08-16T06:44:12.767073880Z  [2020-08-16T06:44:12Z INFO  dt_client_bytes] Publish 64
2020-08-16T06:44:12.773634075Z  [2020-08-16T06:44:12Z INFO  dt_client_bytes] PubAck { pkid: 48 }
2020-08-16T06:44:12.775209164Z  [2020-08-16T06:44:12Z INFO  dt_client_bytes] PubAck { pkid: 49 }
2020-08-16T06:44:12.775221877Z  [2020-08-16T06:44:12Z INFO  dt_client_bytes] PubAck { pkid: 50 }
2020-08-16T06:44:12.775955219Z  [2020-08-16T06:44:12Z INFO  dt_client_bytes] PubAck { pkid: 51 }
2020-08-16T06:44:12.777087742Z  [2020-08-16T06:44:12Z INFO  dt_client_bytes] PubAck { pkid: 52 }
2020-08-16T06:44:12.778419854Z  [2020-08-16T06:44:12Z INFO  dt_client_bytes] 64::38162cb0-e585-43d7-b55d-5c240b2bfb7c/3142192f-6bae-4f12-a6f3-5464dc37e790/d0a71d84-b80f-4558-beac-8887750652e3 "64 MXLUt96Huy3IiJadpf7Rpp4OYA5EPchpr2FzUlMWBLB20sroE0HSunvcF8aSY"
2020-08-16T06:44:12.778437107Z  [2020-08-16T06:44:12Z INFO  dt_client_bytes] Publish 65
2020-08-16T06:44:12.789966004Z  [2020-08-16T06:44:12Z INFO  dt_client_bytes] 65::38162cb0-e585-43d7-b55d-5c240b2bfb7c/3142192f-6bae-4f12-a6f3-5464dc37e790/d0a71d84-b80f-4558-beac-8887750652e3 "65 M4v3uaUiEBuskRccZFbow8Gpr2GQS2elZZTqKSZFi8ag3xk9k8rkZkDEwav3t"
2020-08-16T06:44:12.790033651Z  [2020-08-16T06:44:12Z INFO  dt_client_bytes] Publish 66
2020-08-16T06:44:12.801615717Z  [2020-08-16T06:44:12Z INFO  dt_client_bytes] 66::38162cb0-e585-43d7-b55d-5c240b2bfb7c/3142192f-6bae-4f12-a6f3-5464dc37e790/d0a71d84-b80f-4558-beac-8887750652e3 "66 DD6XksIfrqNGia295QD5zXCAZV2DiXtJVHyXgJXEt3PerS6RFPS08XxAtLcxE"
2020-08-16T06:44:12.801632350Z  [2020-08-16T06:44:12Z INFO  dt_client_bytes] Publish 67
2020-08-16T06:44:12.812795537Z  [2020-08-16T06:44:12Z INFO  dt_client_bytes] 67::38162cb0-e585-43d7-b55d-5c240b2bfb7c/3142192f-6bae-4f12-a6f3-5464dc37e790/d0a71d84-b80f-4558-beac-8887750652e3 "67 2NV8kiVvbO184Hnz1KEZAJJpsPyVeTYj2TNLqBjohiHpHlYnKfZ8zNF40435S"
2020-08-16T06:44:12.812848075Z  [2020-08-16T06:44:12Z INFO  dt_client_bytes] Publish 68
2020-08-16T06:44:12.823311593Z  [2020-08-16T06:44:12Z INFO  dt_client_bytes] 68::38162cb0-e585-43d7-b55d-5c240b2bfb7c/3142192f-6bae-4f12-a6f3-5464dc37e790/d0a71d84-b80f-4558-beac-8887750652e3 "68 CSyzxZIYppkCoDdAMCWiAlv0OmRWuX0orZWhBCfzo30H61pUOZsCVhRkwEOXj"
2020-08-16T06:44:12.823339879Z  [2020-08-16T06:44:12Z INFO  dt_client_bytes] Publish 69
2020-08-16T06:44:12.834813347Z  [2020-08-16T06:44:12Z INFO  dt_client_bytes] 69::38162cb0-e585-43d7-b55d-5c240b2bfb7c/3142192f-6bae-4f12-a6f3-5464dc37e790/d0a71d84-b80f-4558-beac-8887750652e3 "69 fzcDCISIYrW8X5ReNFX2qcRb0Yb1UcgGylD4AkEEKESsNHs2rvJDOKiVEs7kH"
2020-08-16T06:44:12.834895018Z  [2020-08-16T06:44:12Z INFO  dt_client_bytes] Publish 70
2020-08-16T06:44:12.838197914Z  [2020-08-16T06:44:12Z INFO  dt_client_bytes] PubAck { pkid: 53 }
2020-08-16T06:44:12.839223274Z  [2020-08-16T06:44:12Z INFO  dt_client_bytes] PubAck { pkid: 54 }
2020-08-16T06:44:12.840441968Z  [2020-08-16T06:44:12Z INFO  dt_client_bytes] PubAck { pkid: 55 }
2020-08-16T06:44:12.841730695Z  [2020-08-16T06:44:12Z INFO  dt_client_bytes] PubAck { pkid: 56 }
2020-08-16T06:44:12.843795671Z  [2020-08-16T06:44:12Z INFO  dt_client_bytes] PubAck { pkid: 57 }
2020-08-16T06:44:12.845461167Z  [2020-08-16T06:44:12Z INFO  dt_client_bytes] 70::38162cb0-e585-43d7-b55d-5c240b2bfb7c/3142192f-6bae-4f12-a6f3-5464dc37e790/d0a71d84-b80f-4558-beac-8887750652e3 "70 2YjTqoAYXsApKdZobbldrmwszJssQo8evncCjDE9eo5dx8P0gOSjbJ37lxUWf"
2020-08-16T06:44:12.845481188Z  [2020-08-16T06:44:12Z INFO  dt_client_bytes] Publish 71
2020-08-16T06:44:12.857007139Z  [2020-08-16T06:44:12Z INFO  dt_client_bytes] 71::38162cb0-e585-43d7-b55d-5c240b2bfb7c/3142192f-6bae-4f12-a6f3-5464dc37e790/d0a71d84-b80f-4558-beac-8887750652e3 "71 jJY3gGw5eVqxg2oconAVIW0XmOmrC5xZVmnjrEk9NIK2GbRsrczGiMh6geaoD"
2020-08-16T06:44:12.857065907Z  [2020-08-16T06:44:12Z INFO  dt_client_bytes] Publish 72
2020-08-16T06:44:12.868609470Z  [2020-08-16T06:44:12Z INFO  dt_client_bytes] 72::38162cb0-e585-43d7-b55d-5c240b2bfb7c/3142192f-6bae-4f12-a6f3-5464dc37e790/d0a71d84-b80f-4558-beac-8887750652e3 "72 axgDXKJE4kM1p2DAlEtC08MDJ8xeqGLTEIj0Hs5Oiq6GsrbLvDkfebwAKeUxa"
2020-08-16T06:44:12.868677958Z  [2020-08-16T06:44:12Z INFO  dt_client_bytes] Publish 73
2020-08-16T06:44:12.880062823Z  [2020-08-16T06:44:12Z INFO  dt_client_bytes] 73::38162cb0-e585-43d7-b55d-5c240b2bfb7c/3142192f-6bae-4f12-a6f3-5464dc37e790/d0a71d84-b80f-4558-beac-8887750652e3 "73 2VJroNvntfZj6l8LgsJlhOMmFXV10cys9z2FOWsjgBeo6WLNJyLPszfMGUaTK"
2020-08-16T06:44:12.880114080Z  [2020-08-16T06:44:12Z INFO  dt_client_bytes] Publish 74
2020-08-16T06:44:12.885478667Z  [2020-08-16T06:44:12Z INFO  dt_client_bytes] PubAck { pkid: 58 }
2020-08-16T06:44:12.886678464Z  [2020-08-16T06:44:12Z INFO  dt_client_bytes] PubAck { pkid: 59 }
2020-08-16T06:44:12.888338097Z  [2020-08-16T06:44:12Z INFO  dt_client_bytes] PubAck { pkid: 60 }
2020-08-16T06:44:12.888398445Z  [2020-08-16T06:44:12Z INFO  dt_client_bytes] PubAck { pkid: 61 }
2020-08-16T06:44:12.889146237Z  [2020-08-16T06:44:12Z INFO  dt_client_bytes] PubAck { pkid: 62 }
2020-08-16T06:44:12.890351400Z  [2020-08-16T06:44:12Z INFO  dt_client_bytes] PubAck { pkid: 63 }
2020-08-16T06:44:12.891684027Z  [2020-08-16T06:44:12Z INFO  dt_client_bytes] PubAck { pkid: 64 }
2020-08-16T06:44:12.891746249Z  [2020-08-16T06:44:12Z INFO  dt_client_bytes] 74::38162cb0-e585-43d7-b55d-5c240b2bfb7c/3142192f-6bae-4f12-a6f3-5464dc37e790/d0a71d84-b80f-4558-beac-8887750652e3 "74 JSIXHtrUXSD1aeiUOLQ6hZ09zy4BLaS1OlliS8ESfLgOJX5DgHVVy6IXPhb0i"
2020-08-16T06:44:12.892981083Z  [2020-08-16T06:44:12Z INFO  dt_client_bytes] Publish 75
2020-08-16T06:44:12.903064620Z  [2020-08-16T06:44:12Z INFO  dt_client_bytes] 75::38162cb0-e585-43d7-b55d-5c240b2bfb7c/3142192f-6bae-4f12-a6f3-5464dc37e790/d0a71d84-b80f-4558-beac-8887750652e3 "75 d4ouL1SEbsLzcijl0Lfp8t65ox35u8REiQzrNNkEShMJDbEBEzEBozz4tOy5B"
2020-08-16T06:44:12.903147810Z  [2020-08-16T06:44:12Z INFO  dt_client_bytes] Publish 76
2020-08-16T06:44:12.913405459Z  [2020-08-16T06:44:12Z INFO  dt_client_bytes] 76::38162cb0-e585-43d7-b55d-5c240b2bfb7c/3142192f-6bae-4f12-a6f3-5464dc37e790/d0a71d84-b80f-4558-beac-8887750652e3 "76 8OegpcImRWuMZTAPqFH4AjXih25jnnTYrXWd2j0ATc0oKNhjrXODwq03DfkE2"
2020-08-16T06:44:12.913438319Z  [2020-08-16T06:44:12Z INFO  dt_client_bytes] Publish 77
2020-08-16T06:44:12.925069530Z  [2020-08-16T06:44:12Z INFO  dt_client_bytes] 77::38162cb0-e585-43d7-b55d-5c240b2bfb7c/3142192f-6bae-4f12-a6f3-5464dc37e790/d0a71d84-b80f-4558-beac-8887750652e3 "77 VgcQNQyTqPwOpxSRvZtFqsANAq7s2Lsvh3Hilm49tld03ecBSqWdVhzgaL04m"
2020-08-16T06:44:12.925137011Z  [2020-08-16T06:44:12Z INFO  dt_client_bytes] Publish 78
2020-08-16T06:44:12.936774472Z  [2020-08-16T06:44:12Z INFO  dt_client_bytes] 78::38162cb0-e585-43d7-b55d-5c240b2bfb7c/3142192f-6bae-4f12-a6f3-5464dc37e790/d0a71d84-b80f-4558-beac-8887750652e3 "78 kVWlEaRZNmuomgwuInkbnhujDz3kRtLOZ70HfDhQuMTdcnMbdJCtZmelptDL0"
2020-08-16T06:44:12.936864696Z  [2020-08-16T06:44:12Z INFO  dt_client_bytes] Publish 79
2020-08-16T06:44:12.947384673Z  [2020-08-16T06:44:12Z INFO  dt_client_bytes] 79::38162cb0-e585-43d7-b55d-5c240b2bfb7c/3142192f-6bae-4f12-a6f3-5464dc37e790/d0a71d84-b80f-4558-beac-8887750652e3 "79 Ym9kVjyFop00WNEdInJtD2N1ohX1c5JoiuDAQgUXZy91B6Wigz2Lq6vbnsPOS"
2020-08-16T06:44:12.947492563Z  [2020-08-16T06:44:12Z INFO  dt_client_bytes] Publish 80
2020-08-16T06:44:12.950633166Z  [2020-08-16T06:44:12Z INFO  dt_client_bytes] PubAck { pkid: 65 }
2020-08-16T06:44:12.951781866Z  [2020-08-16T06:44:12Z INFO  dt_client_bytes] PubAck { pkid: 66 }
2020-08-16T06:44:12.952952554Z  [2020-08-16T06:44:12Z INFO  dt_client_bytes] PubAck { pkid: 67 }
2020-08-16T06:44:12.954084921Z  [2020-08-16T06:44:12Z INFO  dt_client_bytes] PubAck { pkid: 68 }
2020-08-16T06:44:12.955353912Z  [2020-08-16T06:44:12Z INFO  dt_client_bytes] PubAck { pkid: 69 }
2020-08-16T06:44:12.956459077Z  [2020-08-16T06:44:12Z INFO  dt_client_bytes] PubAck { pkid: 70 }
2020-08-16T06:44:12.959546268Z  [2020-08-16T06:44:12Z INFO  dt_client_bytes] 80::38162cb0-e585-43d7-b55d-5c240b2bfb7c/3142192f-6bae-4f12-a6f3-5464dc37e790/d0a71d84-b80f-4558-beac-8887750652e3 "80 XvuOz8es06C7Zg9UYTXemSMB7BIXEDpbnTArXE3kZ2hEBAjOGJufaPKocsMLh"
2020-08-16T06:44:12.959625390Z  [2020-08-16T06:44:12Z INFO  dt_client_bytes] Publish 81
2020-08-16T06:44:12.970900383Z  [2020-08-16T06:44:12Z INFO  dt_client_bytes] 81::38162cb0-e585-43d7-b55d-5c240b2bfb7c/3142192f-6bae-4f12-a6f3-5464dc37e790/d0a71d84-b80f-4558-beac-8887750652e3 "81 Xo4mimzfn1AVBzwPy3MnvU7mlPmGUBQcXAzbpp3IWBvmriC4Osw8T3MPOW5Eh"
2020-08-16T06:44:12.970949009Z  [2020-08-16T06:44:12Z INFO  dt_client_bytes] Publish 82
2020-08-16T06:44:12.982505787Z  [2020-08-16T06:44:12Z INFO  dt_client_bytes] 82::38162cb0-e585-43d7-b55d-5c240b2bfb7c/3142192f-6bae-4f12-a6f3-5464dc37e790/d0a71d84-b80f-4558-beac-8887750652e3 "82 hR47IEkbQP1aFntPlZFo2gcPwJSf2hLoEJVeBdRTgitx9WggNcTRkK4Gkx0oe"
2020-08-16T06:44:12.982576822Z  [2020-08-16T06:44:12Z INFO  dt_client_bytes] Publish 83
2020-08-16T06:44:12.992513462Z  [2020-08-16T06:44:12Z INFO  dt_client_bytes] PubAck { pkid: 71 }
2020-08-16T06:44:12.992596276Z  [2020-08-16T06:44:12Z INFO  dt_client_bytes] PubAck { pkid: 72 }
2020-08-16T06:44:12.993267980Z  [2020-08-16T06:44:12Z INFO  dt_client_bytes] PubAck { pkid: 73 }
2020-08-16T06:44:12.993366271Z  [2020-08-16T06:44:12Z INFO  dt_client_bytes] 83::38162cb0-e585-43d7-b55d-5c240b2bfb7c/3142192f-6bae-4f12-a6f3-5464dc37e790/d0a71d84-b80f-4558-beac-8887750652e3 "83 U3jvmd27zIkhjofnFqfYvAISSCwMueM9Zzk2MX0UBg4HxLGfFoBjhkKtBW0uu"
2020-08-16T06:44:12.994546722Z  [2020-08-16T06:44:12Z INFO  dt_client_bytes] PubAck { pkid: 74 }
2020-08-16T06:44:12.995865581Z  [2020-08-16T06:44:12Z INFO  dt_client_bytes] Publish 84
2020-08-16T06:44:13.004511268Z  [2020-08-16T06:44:13Z INFO  dt_client_bytes] 84::38162cb0-e585-43d7-b55d-5c240b2bfb7c/3142192f-6bae-4f12-a6f3-5464dc37e790/d0a71d84-b80f-4558-beac-8887750652e3 "84 8xVkBxZo9A0yCwjwvPDTFTukLAkvqjijPW4C4OdUbBlrAXEaINtSApyx6elVI"
2020-08-16T06:44:13.004580984Z  [2020-08-16T06:44:13Z INFO  dt_client_bytes] Publish 85
2020-08-16T06:44:13.016112025Z  [2020-08-16T06:44:13Z INFO  dt_client_bytes] 85::38162cb0-e585-43d7-b55d-5c240b2bfb7c/3142192f-6bae-4f12-a6f3-5464dc37e790/d0a71d84-b80f-4558-beac-8887750652e3 "85 QJmAsjOYXE1ibisLuRsWF57lPB3bNelmaSEuxcfdMYHBRFfOC4GlsuIa4Sf28"
2020-08-16T06:44:13.016184589Z  [2020-08-16T06:44:13Z INFO  dt_client_bytes] Publish 86
2020-08-16T06:44:13.027574392Z  [2020-08-16T06:44:13Z INFO  dt_client_bytes] 86::38162cb0-e585-43d7-b55d-5c240b2bfb7c/3142192f-6bae-4f12-a6f3-5464dc37e790/d0a71d84-b80f-4558-beac-8887750652e3 "86 oZYS5ZmqTE1LoR4Q9JvENtZClMG7vkiAQou0rD55GR8PWVvElnBeEqwkI0U8i"
2020-08-16T06:44:13.027612770Z  [2020-08-16T06:44:13Z INFO  dt_client_bytes] Publish 87
2020-08-16T06:44:13.039067080Z  [2020-08-16T06:44:13Z INFO  dt_client_bytes] 87::38162cb0-e585-43d7-b55d-5c240b2bfb7c/3142192f-6bae-4f12-a6f3-5464dc37e790/d0a71d84-b80f-4558-beac-8887750652e3 "87 HdJBpdtmlnG0GiXbJ9y6Q8WTe3PX1vFa4EY0TZmTmsTB8wq7rokNbHdgeVDP9"
2020-08-16T06:44:13.039102816Z  [2020-08-16T06:44:13Z INFO  dt_client_bytes] Publish 88
2020-08-16T06:44:13.049723168Z  [2020-08-16T06:44:13Z INFO  dt_client_bytes] PubAck { pkid: 75 }
2020-08-16T06:44:13.051105834Z  [2020-08-16T06:44:13Z INFO  dt_client_bytes] PubAck { pkid: 76 }
2020-08-16T06:44:13.051187517Z  [2020-08-16T06:44:13Z INFO  dt_client_bytes] 88::38162cb0-e585-43d7-b55d-5c240b2bfb7c/3142192f-6bae-4f12-a6f3-5464dc37e790/d0a71d84-b80f-4558-beac-8887750652e3 "88 9SvuTw4WnNq9oit81QANJqALzPrT5sWYk9RNmQeIyVZGHntwT0lDslPyi8js3"
2020-08-16T06:44:13.052307703Z  [2020-08-16T06:44:13Z INFO  dt_client_bytes] PubAck { pkid: 77 }
2020-08-16T06:44:13.053628285Z  [2020-08-16T06:44:13Z INFO  dt_client_bytes] PubAck { pkid: 78 }
2020-08-16T06:44:13.054817638Z  [2020-08-16T06:44:13Z INFO  dt_client_bytes] PubAck { pkid: 79 }
2020-08-16T06:44:13.056638299Z  [2020-08-16T06:44:13Z INFO  dt_client_bytes] PubAck { pkid: 80 }
2020-08-16T06:44:13.057739221Z  [2020-08-16T06:44:13Z INFO  dt_client_bytes] Publish 89
2020-08-16T06:44:13.062708023Z  [2020-08-16T06:44:13Z INFO  dt_client_bytes] 89::38162cb0-e585-43d7-b55d-5c240b2bfb7c/3142192f-6bae-4f12-a6f3-5464dc37e790/d0a71d84-b80f-4558-beac-8887750652e3 "89 QLNomChxwDdSLUb8gnKlqQ5bcp2I0OiLLELQOKHo56Owx6dlIw5XlmnU3EBVB"
2020-08-16T06:44:13.062800928Z  [2020-08-16T06:44:13Z INFO  dt_client_bytes] Publish 90
2020-08-16T06:44:13.073441544Z  [2020-08-16T06:44:13Z INFO  dt_client_bytes] 90::38162cb0-e585-43d7-b55d-5c240b2bfb7c/3142192f-6bae-4f12-a6f3-5464dc37e790/d0a71d84-b80f-4558-beac-8887750652e3 "90 hYV1uYGTSo0gVNoPs0g8Rhv9BGsc1ZaakN7U7m3rInoz1JqR1w9vT5Lt05ioe"
2020-08-16T06:44:13.073526620Z  [2020-08-16T06:44:13Z INFO  dt_client_bytes] Publish 91
2020-08-16T06:44:13.085244128Z  [2020-08-16T06:44:13Z INFO  dt_client_bytes] 91::38162cb0-e585-43d7-b55d-5c240b2bfb7c/3142192f-6bae-4f12-a6f3-5464dc37e790/d0a71d84-b80f-4558-beac-8887750652e3 "91 jlj7OwBiVI4YV0dobGekGxM1lBRrFHgF147lriyAr6J5BU5DHhuGbFkAuOm2T"
2020-08-16T06:44:13.085315334Z  [2020-08-16T06:44:13Z INFO  dt_client_bytes] Publish 92
2020-08-16T06:44:13.096799645Z  [2020-08-16T06:44:13Z INFO  dt_client_bytes] 92::38162cb0-e585-43d7-b55d-5c240b2bfb7c/3142192f-6bae-4f12-a6f3-5464dc37e790/d0a71d84-b80f-4558-beac-8887750652e3 "92 pNJ8RpkeP9j74tbOXhqhPhBnyTAAtzfjUTgn5dZvZRmW2zbFcTlxSGPd39tTS"
2020-08-16T06:44:13.096825648Z  [2020-08-16T06:44:13Z INFO  dt_client_bytes] Publish 93
2020-08-16T06:44:13.107204854Z  [2020-08-16T06:44:13Z INFO  dt_client_bytes] 93::38162cb0-e585-43d7-b55d-5c240b2bfb7c/3142192f-6bae-4f12-a6f3-5464dc37e790/d0a71d84-b80f-4558-beac-8887750652e3 "93 3FDHMjPbTvZ1f6PWfuPsFZCuJH41jzppd0NX55ecHykYcPtCZT15CR1c11ib2"
2020-08-16T06:44:13.107269725Z  [2020-08-16T06:44:13Z INFO  dt_client_bytes] Publish 94
2020-08-16T06:44:13.110548004Z  [2020-08-16T06:44:13Z INFO  dt_client_bytes] PubAck { pkid: 81 }
2020-08-16T06:44:13.111811814Z  [2020-08-16T06:44:13Z INFO  dt_client_bytes] PubAck { pkid: 82 }
2020-08-16T06:44:13.112990722Z  [2020-08-16T06:44:13Z INFO  dt_client_bytes] PubAck { pkid: 83 }
2020-08-16T06:44:13.118650825Z  [2020-08-16T06:44:13Z INFO  dt_client_bytes] 94::38162cb0-e585-43d7-b55d-5c240b2bfb7c/3142192f-6bae-4f12-a6f3-5464dc37e790/d0a71d84-b80f-4558-beac-8887750652e3 "94 TkoRId2xnoantn5FbsVwVA6j3UFbWcjmS4EnoON6xBRosjycIgzsahH0bhc7d"
2020-08-16T06:44:13.118679548Z  [2020-08-16T06:44:13Z INFO  dt_client_bytes] Publish 95
2020-08-16T06:44:13.129963659Z  [2020-08-16T06:44:13Z INFO  dt_client_bytes] 95::38162cb0-e585-43d7-b55d-5c240b2bfb7c/3142192f-6bae-4f12-a6f3-5464dc37e790/d0a71d84-b80f-4558-beac-8887750652e3 "95 0uQsEiq2XGCc0vGB6fSEG9z1YESdRcgPnMd8LO6OOo4AJ6dvoWGujqIZGeLUq"
2020-08-16T06:44:13.129982893Z  [2020-08-16T06:44:13Z INFO  dt_client_bytes] Publish 96
2020-08-16T06:44:13.141550167Z  [2020-08-16T06:44:13Z INFO  dt_client_bytes] 96::38162cb0-e585-43d7-b55d-5c240b2bfb7c/3142192f-6bae-4f12-a6f3-5464dc37e790/d0a71d84-b80f-4558-beac-8887750652e3 "96 pbkdOyIxUIhEsMAKjzpJ0mWPKYYqjiSX8xt7V6q0YbUJSyM9xLqyzgcCsyIoO"
2020-08-16T06:44:13.141616187Z  [2020-08-16T06:44:13Z INFO  dt_client_bytes] Publish 97
2020-08-16T06:44:13.153151179Z  [2020-08-16T06:44:13Z INFO  dt_client_bytes] 97::38162cb0-e585-43d7-b55d-5c240b2bfb7c/3142192f-6bae-4f12-a6f3-5464dc37e790/d0a71d84-b80f-4558-beac-8887750652e3 "97 9b8sAo9EHjIAm86MKZ5H3doHFH7IupGxko1UkhKOlW2XmfJ7nwVxmmaXweZVP"
2020-08-16T06:44:13.153173343Z  [2020-08-16T06:44:13Z INFO  dt_client_bytes] Publish 98
2020-08-16T06:44:13.162251536Z  [2020-08-16T06:44:13Z INFO  dt_client_bytes] PubAck { pkid: 84 }
2020-08-16T06:44:13.163421860Z  [2020-08-16T06:44:13Z INFO  dt_client_bytes] PubAck { pkid: 85 }
2020-08-16T06:44:13.164653418Z  [2020-08-16T06:44:13Z INFO  dt_client_bytes] PubAck { pkid: 86 }
2020-08-16T06:44:13.164676178Z  [2020-08-16T06:44:13Z INFO  dt_client_bytes] 98::38162cb0-e585-43d7-b55d-5c240b2bfb7c/3142192f-6bae-4f12-a6f3-5464dc37e790/d0a71d84-b80f-4558-beac-8887750652e3 "98 WNQVI4vKtHcDvWNYN0rTTzPsIWKrzBwzz8KoRzJKc4c5RgLDVgxAP1Ec4tZsg"
2020-08-16T06:44:13.165839281Z  [2020-08-16T06:44:13Z INFO  dt_client_bytes] PubAck { pkid: 87 }
2020-08-16T06:44:13.165860220Z  [2020-08-16T06:44:13Z INFO  dt_client_bytes] PubAck { pkid: 88 }
2020-08-16T06:44:13.166977714Z  [2020-08-16T06:44:13Z INFO  dt_client_bytes] Publish 99
2020-08-16T06:44:13.175651759Z  [2020-08-16T06:44:13Z INFO  dt_client_bytes] 99::38162cb0-e585-43d7-b55d-5c240b2bfb7c/3142192f-6bae-4f12-a6f3-5464dc37e790/d0a71d84-b80f-4558-beac-8887750652e3 "99 F83u8AP7KoO24cWgQKHiU1UqmO84Lnx316gRKAy9C454F9hclm4vPURPRZg2J"
2020-08-16T06:44:13.175675275Z  [2020-08-16T06:44:13Z INFO  dt_client_bytes] Publish 100
2020-08-16T06:44:13.175685413Z  [2020-08-16T06:44:13Z INFO  dt_client_bytes] NotificationCounter {
2020-08-16T06:44:13.175694627Z          Pub: 100,
2020-08-16T06:44:13.175727319Z          PubAck: 88,
2020-08-16T06:44:13.175739007Z          PubRec: 0,
2020-08-16T06:44:13.175747760Z          PubRel: 0,
2020-08-16T06:44:13.175756541Z          PubComp: 0,
2020-08-16T06:44:13.175765028Z      }
2020-08-16T06:44:13.185929884Z  [2020-08-16T06:44:13Z INFO  dt_client_bytes] Thread 38162cb0-e585-43d7-b55d-5c240b2bfb7c/3142192f-6bae-4f12-a6f3-5464dc37e790/d0a71d84-b80f-4558-beac-8887750652e3 done with 100 messages.
2020-08-16T06:44:13.212535099Z  [2020-08-16T06:44:13Z INFO  dt_client_bytes] PubAck { pkid: 89 }
2020-08-16T06:44:13.212555171Z  [2020-08-16T06:44:13Z INFO  dt_client_bytes] NotificationCounter {
2020-08-16T06:44:13.212565511Z          Pub: 100,
2020-08-16T06:44:13.212599999Z          PubAck: 89,
2020-08-16T06:44:13.212610041Z          PubRec: 0,
2020-08-16T06:44:13.212618773Z          PubRel: 0,
2020-08-16T06:44:13.212627302Z          PubComp: 0,
2020-08-16T06:44:13.212635870Z      }
2020-08-16T06:44:13.212644564Z  [2020-08-16T06:44:13Z INFO  dt_client_bytes] PubAck { pkid: 90 }
2020-08-16T06:44:13.212653368Z  [2020-08-16T06:44:13Z INFO  dt_client_bytes] NotificationCounter {
2020-08-16T06:44:13.212684177Z          Pub: 100,
2020-08-16T06:44:13.212693382Z          PubAck: 90,
2020-08-16T06:44:13.212702045Z          PubRec: 0,
2020-08-16T06:44:13.212710564Z          PubRel: 0,
2020-08-16T06:44:13.212719181Z          PubComp: 0,
2020-08-16T06:44:13.212727785Z      }
2020-08-16T06:44:13.212736188Z  [2020-08-16T06:44:13Z INFO  dt_client_bytes] PubAck { pkid: 91 }
2020-08-16T06:44:13.212775784Z  [2020-08-16T06:44:13Z INFO  dt_client_bytes] NotificationCounter {
2020-08-16T06:44:13.212786827Z          Pub: 100,
2020-08-16T06:44:13.212795820Z          PubAck: 91,
2020-08-16T06:44:13.212804454Z          PubRec: 0,
2020-08-16T06:44:13.212813035Z          PubRel: 0,
2020-08-16T06:44:13.212821469Z          PubComp: 0,
2020-08-16T06:44:13.212850390Z      }
2020-08-16T06:44:13.212860505Z  [2020-08-16T06:44:13Z INFO  dt_client_bytes] PubAck { pkid: 92 }
2020-08-16T06:44:13.212869253Z  [2020-08-16T06:44:13Z INFO  dt_client_bytes] NotificationCounter {
2020-08-16T06:44:13.212877870Z          Pub: 100,
2020-08-16T06:44:13.212886331Z          PubAck: 92,
2020-08-16T06:44:13.212894790Z          PubRec: 0,
2020-08-16T06:44:13.212903318Z          PubRel: 0,
2020-08-16T06:44:13.212930974Z          PubComp: 0,
2020-08-16T06:44:13.212942029Z      }
2020-08-16T06:44:13.213835482Z  [2020-08-16T06:44:13Z INFO  dt_client_bytes] PubAck { pkid: 93 }
2020-08-16T06:44:13.213849166Z  [2020-08-16T06:44:13Z INFO  dt_client_bytes] NotificationCounter {
2020-08-16T06:44:13.213858440Z          Pub: 100,
2020-08-16T06:44:13.213867272Z          PubAck: 93,
2020-08-16T06:44:13.213875703Z          PubRec: 0,
2020-08-16T06:44:13.213884097Z          PubRel: 0,
2020-08-16T06:44:13.213914100Z          PubComp: 0,
2020-08-16T06:44:13.213924851Z      }
2020-08-16T06:44:13.215012896Z  [2020-08-16T06:44:13Z INFO  dt_client_bytes] PubAck { pkid: 94 }
2020-08-16T06:44:13.215026491Z  [2020-08-16T06:44:13Z INFO  dt_client_bytes] NotificationCounter {
2020-08-16T06:44:13.215035826Z          Pub: 100,
2020-08-16T06:44:13.215044588Z          PubAck: 94,
2020-08-16T06:44:13.215053018Z          PubRec: 0,
2020-08-16T06:44:13.215061776Z          PubRel: 0,
2020-08-16T06:44:13.215091341Z          PubComp: 0,
2020-08-16T06:44:13.215101208Z      }
2020-08-16T06:44:13.279340860Z  [2020-08-16T06:44:13Z INFO  dt_client_bytes] PubAck { pkid: 95 }
2020-08-16T06:44:13.279424830Z  [2020-08-16T06:44:13Z INFO  dt_client_bytes] NotificationCounter {
2020-08-16T06:44:13.279539312Z          Pub: 100,
2020-08-16T06:44:13.279565516Z          PubAck: 95,
2020-08-16T06:44:13.279623883Z          PubRec: 0,
2020-08-16T06:44:13.279647204Z          PubRel: 0,
2020-08-16T06:44:13.279664524Z          PubComp: 0,
2020-08-16T06:44:13.279720148Z      }
2020-08-16T06:44:13.280549720Z  [2020-08-16T06:44:13Z INFO  dt_client_bytes] PubAck { pkid: 96 }
2020-08-16T06:44:13.280568687Z  [2020-08-16T06:44:13Z INFO  dt_client_bytes] NotificationCounter {
2020-08-16T06:44:13.280624446Z          Pub: 100,
2020-08-16T06:44:13.280635763Z          PubAck: 96,
2020-08-16T06:44:13.280659331Z          PubRec: 0,
2020-08-16T06:44:13.280676231Z          PubRel: 0,
2020-08-16T06:44:13.280733036Z          PubComp: 0,
2020-08-16T06:44:13.280756446Z      }
2020-08-16T06:44:13.281809050Z  [2020-08-16T06:44:13Z INFO  dt_client_bytes] PubAck { pkid: 97 }
2020-08-16T06:44:13.281875538Z  [2020-08-16T06:44:13Z INFO  dt_client_bytes] NotificationCounter {
2020-08-16T06:44:13.281895534Z          Pub: 100,
2020-08-16T06:44:13.281911566Z          PubAck: 97,
2020-08-16T06:44:13.281959785Z          PubRec: 0,
2020-08-16T06:44:13.281980338Z          PubRel: 0,
2020-08-16T06:44:13.281996903Z          PubComp: 0,
2020-08-16T06:44:13.282013058Z      }
2020-08-16T06:44:13.284069204Z  [2020-08-16T06:44:13Z INFO  dt_client_bytes] PubAck { pkid: 98 }
2020-08-16T06:44:13.284210181Z  [2020-08-16T06:44:13Z INFO  dt_client_bytes] NotificationCounter {
2020-08-16T06:44:13.284227729Z          Pub: 100,
2020-08-16T06:44:13.284280585Z          PubAck: 98,
2020-08-16T06:44:13.284299039Z          PubRec: 0,
2020-08-16T06:44:13.284314900Z          PubRel: 0,
2020-08-16T06:44:13.284331344Z          PubComp: 0,
2020-08-16T06:44:13.284388133Z      }
2020-08-16T06:44:13.392472756Z  [2020-08-16T06:44:13Z INFO  dt_client_bytes] PubAck { pkid: 99 }
2020-08-16T06:44:13.392546528Z  [2020-08-16T06:44:13Z INFO  dt_client_bytes] NotificationCounter {
2020-08-16T06:44:13.392564814Z          Pub: 100,
2020-08-16T06:44:13.392579355Z          PubAck: 99,
2020-08-16T06:44:13.392632196Z          PubRec: 0,
2020-08-16T06:44:13.392646932Z          PubRel: 0,
2020-08-16T06:44:13.392661068Z          PubComp: 0,
2020-08-16T06:44:13.392709814Z      }
2020-08-16T06:44:13.393784754Z  [2020-08-16T06:44:13Z INFO  dt_client_bytes] PubAck { pkid: 100 }
2020-08-16T06:44:13.393808699Z  [2020-08-16T06:44:13Z INFO  dt_client_bytes] NotificationCounter {
2020-08-16T06:44:13.393823640Z          Pub: 100,
2020-08-16T06:44:13.393837678Z          PubAck: 100,
2020-08-16T06:44:13.393888380Z          PubRec: 0,
2020-08-16T06:44:13.393903510Z          PubRel: 0,
2020-08-16T06:44:13.393917665Z          PubComp: 0,
2020-08-16T06:44:13.393931348Z      }
2020-08-16T06:44:42.058644175Z  [2020-08-16T06:44:42Z INFO  dt_client_bytes] NotificationCounter {
2020-08-16T06:44:42.058729818Z          Pub: 100,
2020-08-16T06:44:42.058751762Z          PubAck: 100,
2020-08-16T06:44:42.058768290Z          PubRec: 0,
2020-08-16T06:44:42.058814919Z          PubRel: 0,
2020-08-16T06:44:42.058832650Z          PubComp: 0,
2020-08-16T06:44:42.058848527Z      }
2020-08-16T06:44:42.118431911Z  [2020-08-16T06:44:42Z INFO  dt_client_bytes] NotificationCounter {
2020-08-16T06:44:42.118524168Z          Pub: 100,
2020-08-16T06:44:42.118544987Z          PubAck: 100,
2020-08-16T06:44:42.118597311Z          PubRec: 0,
2020-08-16T06:44:42.118615908Z          PubRel: 0,
2020-08-16T06:44:42.118632368Z          PubComp: 0,
2020-08-16T06:44:42.118682711Z      }
2020-08-16T06:45:12.060373332Z  [2020-08-16T06:45:12Z INFO  dt_client_bytes] NotificationCounter {
2020-08-16T06:45:12.060451677Z          Pub: 100,
2020-08-16T06:45:12.060473181Z          PubAck: 100,
2020-08-16T06:45:12.060491869Z          PubRec: 0,
2020-08-16T06:45:12.060510279Z          PubRel: 0,
2020-08-16T06:45:12.060528232Z          PubComp: 0,
2020-08-16T06:45:12.060547623Z      }
2020-08-16T06:45:12.120302016Z  [2020-08-16T06:45:12Z INFO  dt_client_bytes] NotificationCounter {
2020-08-16T06:45:12.120393391Z          Pub: 100,
2020-08-16T06:45:12.120416616Z          PubAck: 100,
2020-08-16T06:45:12.120474110Z          PubRec: 0,
2020-08-16T06:45:12.120498677Z          PubRel: 0,
2020-08-16T06:45:12.120517405Z          PubComp: 0,
2020-08-16T06:45:12.120576863Z      }
2020-08-16T06:45:42.062455755Z  [2020-08-16T06:45:42Z INFO  dt_client_bytes] NotificationCounter {
2020-08-16T06:45:42.062549693Z          Pub: 100,
2020-08-16T06:45:42.062571427Z          PubAck: 100,
2020-08-16T06:45:42.062588439Z          PubRec: 0,
2020-08-16T06:45:42.062605080Z          PubRel: 0,
2020-08-16T06:45:42.062621648Z          PubComp: 0,
2020-08-16T06:45:42.062638101Z      }
2020-08-16T06:45:42.138327031Z  [2020-08-16T06:45:42Z INFO  dt_client_bytes] NotificationCounter {
2020-08-16T06:45:42.138384772Z          Pub: 100,
2020-08-16T06:45:42.138401924Z          PubAck: 100,
2020-08-16T06:45:42.138416991Z          PubRec: 0,
2020-08-16T06:45:42.138431781Z          PubRel: 0,
2020-08-16T06:45:42.138446464Z          PubComp: 0,
2020-08-16T06:45:42.138461267Z      }
2020-08-16T06:46:12.063722245Z  [2020-08-16T06:46:12Z INFO  dt_client_bytes] NotificationCounter {
2020-08-16T06:46:12.063806370Z          Pub: 100,
2020-08-16T06:46:12.063826477Z          PubAck: 100,
2020-08-16T06:46:12.063844326Z          PubRec: 0,
2020-08-16T06:46:12.063862531Z          PubRel: 0,
2020-08-16T06:46:12.063879214Z          PubComp: 0,
2020-08-16T06:46:12.063957672Z      }
2020-08-16T06:46:12.123093869Z  [2020-08-16T06:46:12Z INFO  dt_client_bytes] NotificationCounter {
2020-08-16T06:46:12.123164847Z          Pub: 100,
2020-08-16T06:46:12.123184186Z          PubAck: 100,
2020-08-16T06:46:12.123199101Z          PubRec: 0,
2020-08-16T06:46:12.123213561Z          PubRel: 0,
2020-08-16T06:46:12.123227843Z          PubComp: 0,
2020-08-16T06:46:12.123242497Z      }
