2020-08-16T06:44:12.546485978Z  [2020-08-16T06:44:12Z INFO  dt_client_bytes] Starting client. Host at mqtt-broker:1883
2020-08-16T06:44:12.548084163Z  [2020-08-16T06:44:12Z INFO  dt_client_bytes] Thread of topic 38162cb0-e585-43d7-b55d-5c240b2bfb7c/3142192f-6bae-4f12-a6f3-5464dc37e790/d0a71d84-b80f-4558-beac-8887750652e3
2020-08-16T06:44:12.548263495Z  [2020-08-16T06:44:12Z INFO  dt_client_bytes] 0::38162cb0-e585-43d7-b55d-5c240b2bfb7c/3142192f-6bae-4f12-a6f3-5464dc37e790/d0a71d84-b80f-4558-beac-8887750652e3 "0 7Kt4y88HXvSOcCP9Ku9cWN2ZqLvpugWN7Tqe7X9gPVrmPjVZR2S4RJIKyFHKKw"
2020-08-16T06:44:12.559475729Z  [2020-08-16T06:44:12Z INFO  dt_client_bytes] 1::38162cb0-e585-43d7-b55d-5c240b2bfb7c/3142192f-6bae-4f12-a6f3-5464dc37e790/d0a71d84-b80f-4558-beac-8887750652e3 "1 V8QT3hJXXOMb0tWNnp0s5u4f3BwbDpcYUJBfEB9Gmjknfi09hfB7F48m4A4R1y"
2020-08-16T06:44:12.571822412Z  [2020-08-16T06:44:12Z INFO  dt_client_bytes] 2::38162cb0-e585-43d7-b55d-5c240b2bfb7c/3142192f-6bae-4f12-a6f3-5464dc37e790/d0a71d84-b80f-4558-beac-8887750652e3 "2 7ECTx5vpjN0m9ZYKb3nYeW3wRJI3jbox42IHhuiTRiipR07wyixpGt0vH5lSBF"
2020-08-16T06:44:12.583132999Z  [2020-08-16T06:44:12Z INFO  dt_client_bytes] 3::38162cb0-e585-43d7-b55d-5c240b2bfb7c/3142192f-6bae-4f12-a6f3-5464dc37e790/d0a71d84-b80f-4558-beac-8887750652e3 "3 dRldJpk4fQBmr0rfTsNYOAttXXw50sVrVa5XGEGSjlzZ2V3z8UlowcZl9oGKcK"
2020-08-16T06:44:12.594374281Z  [2020-08-16T06:44:12Z INFO  dt_client_bytes] 4::38162cb0-e585-43d7-b55d-5c240b2bfb7c/3142192f-6bae-4f12-a6f3-5464dc37e790/d0a71d84-b80f-4558-beac-8887750652e3 "4 hrsCus1GY9Ocg720FvBcbmqIkQfP4EpFmQG6weXfP21vgXtJfaWeVw2y0xrHB3"
2020-08-16T06:44:12.605516944Z  [2020-08-16T06:44:12Z INFO  dt_client_bytes] 5::38162cb0-e585-43d7-b55d-5c240b2bfb7c/3142192f-6bae-4f12-a6f3-5464dc37e790/d0a71d84-b80f-4558-beac-8887750652e3 "5 zTO4BIRaM0poZPvSfMNhWkSymE41ormntDVO13f6diW2K44FuNYiVtrBcQvm8K"
2020-08-16T06:44:12.616953742Z  [2020-08-16T06:44:12Z INFO  dt_client_bytes] 6::38162cb0-e585-43d7-b55d-5c240b2bfb7c/3142192f-6bae-4f12-a6f3-5464dc37e790/d0a71d84-b80f-4558-beac-8887750652e3 "6 8wln9AdVUL7c2zxF7jDWu5f2kEUEatpDDV8FEgfuirYm0tTVHsvisKbZBJtqk8"
2020-08-16T06:44:12.628114636Z  [2020-08-16T06:44:12Z INFO  dt_client_bytes] 7::38162cb0-e585-43d7-b55d-5c240b2bfb7c/3142192f-6bae-4f12-a6f3-5464dc37e790/d0a71d84-b80f-4558-beac-8887750652e3 "7 vKWOoSTEUyeghvBD7TYhnhpoyzmx7QoqhilLJ3utqX2n7HxGrIYFZ9Q8ym6R5y"
2020-08-16T06:44:12.639261723Z  [2020-08-16T06:44:12Z INFO  dt_client_bytes] 8::38162cb0-e585-43d7-b55d-5c240b2bfb7c/3142192f-6bae-4f12-a6f3-5464dc37e790/d0a71d84-b80f-4558-beac-8887750652e3 "8 WO1UHGufw2h3lJy0YXexET4Syt8yJAlEfAvSrvaPQXq6biyZK4wmXawmHT2SWy"
2020-08-16T06:44:12.650489313Z  [2020-08-16T06:44:12Z INFO  dt_client_bytes] 9::38162cb0-e585-43d7-b55d-5c240b2bfb7c/3142192f-6bae-4f12-a6f3-5464dc37e790/d0a71d84-b80f-4558-beac-8887750652e3 "9 ybzIAasgcMRok9qoqVqQUudHd57duE8UnBmi7N8ee1RV0ieVhGfMkQrlYWJkG0"
2020-08-16T06:44:12.661697746Z  [2020-08-16T06:44:12Z INFO  dt_client_bytes] 10::38162cb0-e585-43d7-b55d-5c240b2bfb7c/3142192f-6bae-4f12-a6f3-5464dc37e790/d0a71d84-b80f-4558-beac-8887750652e3 "10 fNFFKGHsnZx4nLatCM62K17G65BdeTL12Y610tbCMscmF8KIUo80JB8c8eof8"
2020-08-16T06:44:12.672868293Z  [2020-08-16T06:44:12Z INFO  dt_client_bytes] 11::38162cb0-e585-43d7-b55d-5c240b2bfb7c/3142192f-6bae-4f12-a6f3-5464dc37e790/d0a71d84-b80f-4558-beac-8887750652e3 "11 Scf44L4bhsevLSx2FoXuplVWGiRDOGQX6l3JcRFQs4liZTb0RiTBOXaWQ6jVD"
2020-08-16T06:44:12.684127693Z  [2020-08-16T06:44:12Z INFO  dt_client_bytes] 12::38162cb0-e585-43d7-b55d-5c240b2bfb7c/3142192f-6bae-4f12-a6f3-5464dc37e790/d0a71d84-b80f-4558-beac-8887750652e3 "12 Xxv0AxHnPq40ZEwZnKR6lV7iojnN9j9JLxnv9MnBJmy3pbTd6Qm3I2IoWaAAM"
2020-08-16T06:44:12.686973329Z  [2020-08-16T06:44:12Z INFO  dt_client_bytes] Publish 1
2020-08-16T06:44:12.688155017Z  [2020-08-16T06:44:12Z INFO  dt_client_bytes] Publish 2
2020-08-16T06:44:12.689312986Z  [2020-08-16T06:44:12Z INFO  dt_client_bytes] Publish 3
2020-08-16T06:44:12.689384120Z  [2020-08-16T06:44:12Z INFO  dt_client_bytes] Publish 4
2020-08-16T06:44:12.690465764Z  [2020-08-16T06:44:12Z INFO  dt_client_bytes] Publish 5
2020-08-16T06:44:12.691648909Z  [2020-08-16T06:44:12Z INFO  dt_client_bytes] Publish 6
2020-08-16T06:44:12.692875087Z  [2020-08-16T06:44:12Z INFO  dt_client_bytes] Publish 7
2020-08-16T06:44:12.694115672Z  [2020-08-16T06:44:12Z INFO  dt_client_bytes] Publish 8
2020-08-16T06:44:12.695451778Z  [2020-08-16T06:44:12Z INFO  dt_client_bytes] Publish 9
2020-08-16T06:44:12.695537605Z  [2020-08-16T06:44:12Z INFO  dt_client_bytes] 13::38162cb0-e585-43d7-b55d-5c240b2bfb7c/3142192f-6bae-4f12-a6f3-5464dc37e790/d0a71d84-b80f-4558-beac-8887750652e3 "13 mDABWjWhqap6GghcNtr4oeeCwfCbJt1wqejAiBJgwafjPuMTCISSaF8yPNLz0"
2020-08-16T06:44:12.695550240Z  [2020-08-16T06:44:12Z INFO  dt_client_bytes] Publish 10
2020-08-16T06:44:12.696636109Z  [2020-08-16T06:44:12Z INFO  dt_client_bytes] Publish 11
2020-08-16T06:44:12.699051797Z  [2020-08-16T06:44:12Z INFO  dt_client_bytes] Publish 12
2020-08-16T06:44:12.699070602Z  [2020-08-16T06:44:12Z INFO  dt_client_bytes] Publish 13
2020-08-16T06:44:12.700629965Z  [2020-08-16T06:44:12Z INFO  dt_client_bytes] Publish 14
2020-08-16T06:44:12.706523878Z  [2020-08-16T06:44:12Z INFO  dt_client_bytes] 14::38162cb0-e585-43d7-b55d-5c240b2bfb7c/3142192f-6bae-4f12-a6f3-5464dc37e790/d0a71d84-b80f-4558-beac-8887750652e3 "14 l4wf1a710AL7X7EV6SaJZPdRiVdBNeNGarfdUNjy5R2qOFgNdL5mBLFeS2Rpq"
2020-08-16T06:44:12.706575088Z  [2020-08-16T06:44:12Z INFO  dt_client_bytes] Publish 15
2020-08-16T06:44:12.718118193Z  [2020-08-16T06:44:12Z INFO  dt_client_bytes] 15::38162cb0-e585-43d7-b55d-5c240b2bfb7c/3142192f-6bae-4f12-a6f3-5464dc37e790/d0a71d84-b80f-4558-beac-8887750652e3 "15 SsTWcrH2idnnU6j1psrC8sLoaMbQ0hPSKoELV4EhN775uVmKyGVXuHvFQgXr0"
2020-08-16T06:44:12.718143219Z  [2020-08-16T06:44:12Z INFO  dt_client_bytes] Publish 16
2020-08-16T06:44:12.730416280Z  [2020-08-16T06:44:12Z INFO  dt_client_bytes] 16::38162cb0-e585-43d7-b55d-5c240b2bfb7c/3142192f-6bae-4f12-a6f3-5464dc37e790/d0a71d84-b80f-4558-beac-8887750652e3 "16 JpHNQiIRF4qLYskQAH0sY5G3WW7wsk0WtHOXpLX5q8a7hE2OCETCnGDhxZM2K"
2020-08-16T06:44:12.730430657Z  [2020-08-16T06:44:12Z INFO  dt_client_bytes] Publish 17
2020-08-16T06:44:12.736513712Z  [2020-08-16T06:44:12Z INFO  dt_client_bytes] PubAck { pkid: 1 }
2020-08-16T06:44:12.741230628Z  [2020-08-16T06:44:12Z INFO  dt_client_bytes] 17::38162cb0-e585-43d7-b55d-5c240b2bfb7c/3142192f-6bae-4f12-a6f3-5464dc37e790/d0a71d84-b80f-4558-beac-8887750652e3 "17 GYpk6TFGVOvQu9HmxEFCFqVUQfxB5zD2fV3bvXyKhew9b3bhyUhHrdfKaNoX8"
2020-08-16T06:44:12.741244993Z  [2020-08-16T06:44:12Z INFO  dt_client_bytes] Publish 18
2020-08-16T06:44:12.752595536Z  [2020-08-16T06:44:12Z INFO  dt_client_bytes] 18::38162cb0-e585-43d7-b55d-5c240b2bfb7c/3142192f-6bae-4f12-a6f3-5464dc37e790/d0a71d84-b80f-4558-beac-8887750652e3 "18 tBs47faA6WnRM0YET3DY6VGwfDHbr6Wg3YelYQVhh6clOMkyteuSd0BP7Zw2i"
2020-08-16T06:44:12.752643066Z  [2020-08-16T06:44:12Z INFO  dt_client_bytes] Publish 19
2020-08-16T06:44:12.762683767Z  [2020-08-16T06:44:12Z INFO  dt_client_bytes] 19::38162cb0-e585-43d7-b55d-5c240b2bfb7c/3142192f-6bae-4f12-a6f3-5464dc37e790/d0a71d84-b80f-4558-beac-8887750652e3 "19 Qz01nFkZk53z5fJYSXNDrixhBEuYACmLmlxcchbhHmn0tXUvd0urQBk40Lzd7"
2020-08-16T06:44:12.762737514Z  [2020-08-16T06:44:12Z INFO  dt_client_bytes] Publish 20
2020-08-16T06:44:12.773979012Z  [2020-08-16T06:44:12Z INFO  dt_client_bytes] 20::38162cb0-e585-43d7-b55d-5c240b2bfb7c/3142192f-6bae-4f12-a6f3-5464dc37e790/d0a71d84-b80f-4558-beac-8887750652e3 "20 vduQR8gRKS53sxolUGUgOd6pDCjl7O2WIxe7QWV4wwjYTMUmaY8PR5vWlRxl5"
2020-08-16T06:44:12.774027411Z  [2020-08-16T06:44:12Z INFO  dt_client_bytes] Publish 21
2020-08-16T06:44:12.785439403Z  [2020-08-16T06:44:12Z INFO  dt_client_bytes] 21::38162cb0-e585-43d7-b55d-5c240b2bfb7c/3142192f-6bae-4f12-a6f3-5464dc37e790/d0a71d84-b80f-4558-beac-8887750652e3 "21 76QlXKwU0kGWPr970d3zqgIMKa0GwGEmp3myGGWp01D6EmLeQSG8fM5fpm1sD"
2020-08-16T06:44:12.785502429Z  [2020-08-16T06:44:12Z INFO  dt_client_bytes] Publish 22
2020-08-16T06:44:12.790978437Z  [2020-08-16T06:44:12Z INFO  dt_client_bytes] PubAck { pkid: 2 }
2020-08-16T06:44:12.792037959Z  [2020-08-16T06:44:12Z INFO  dt_client_bytes] PubAck { pkid: 3 }
2020-08-16T06:44:12.793192552Z  [2020-08-16T06:44:12Z INFO  dt_client_bytes] PubAck { pkid: 4 }
2020-08-16T06:44:12.794377585Z  [2020-08-16T06:44:12Z INFO  dt_client_bytes] PubAck { pkid: 5 }
2020-08-16T06:44:12.795569881Z  [2020-08-16T06:44:12Z INFO  dt_client_bytes] PubAck { pkid: 6 }
2020-08-16T06:44:12.796708940Z  [2020-08-16T06:44:12Z INFO  dt_client_bytes] PubAck { pkid: 7 }
2020-08-16T06:44:12.796757073Z  [2020-08-16T06:44:12Z INFO  dt_client_bytes] 22::38162cb0-e585-43d7-b55d-5c240b2bfb7c/3142192f-6bae-4f12-a6f3-5464dc37e790/d0a71d84-b80f-4558-beac-8887750652e3 "22 GJ8a7bgfWVJWIfA6Ky6LpTDotFDMkQyalfyAe7LnE8nTX8555k6rDe2I8NaBU"
2020-08-16T06:44:12.798009088Z  [2020-08-16T06:44:12Z INFO  dt_client_bytes] PubAck { pkid: 8 }
2020-08-16T06:44:12.799031327Z  [2020-08-16T06:44:12Z INFO  dt_client_bytes] Publish 23
2020-08-16T06:44:12.800121222Z  [2020-08-16T06:44:12Z INFO  dt_client_bytes] PubAck { pkid: 9 }
2020-08-16T06:44:12.801533164Z  [2020-08-16T06:44:12Z INFO  dt_client_bytes] PubAck { pkid: 10 }
2020-08-16T06:44:12.802598619Z  [2020-08-16T06:44:12Z INFO  dt_client_bytes] PubAck { pkid: 11 }
2020-08-16T06:44:12.803777809Z  [2020-08-16T06:44:12Z INFO  dt_client_bytes] PubAck { pkid: 12 }
2020-08-16T06:44:12.804950317Z  [2020-08-16T06:44:12Z INFO  dt_client_bytes] PubAck { pkid: 13 }
2020-08-16T06:44:12.806177615Z  [2020-08-16T06:44:12Z INFO  dt_client_bytes] PubAck { pkid: 14 }
2020-08-16T06:44:12.807382888Z  [2020-08-16T06:44:12Z INFO  dt_client_bytes] PubAck { pkid: 15 }
2020-08-16T06:44:12.807432946Z  [2020-08-16T06:44:12Z INFO  dt_client_bytes] 23::38162cb0-e585-43d7-b55d-5c240b2bfb7c/3142192f-6bae-4f12-a6f3-5464dc37e790/d0a71d84-b80f-4558-beac-8887750652e3 "23 PELl0FWqlXpSmwUqoCOqorCyyOS6TZugTxb4VIH9VTkvQnTDPzPRZnAYlQHhx"
2020-08-16T06:44:12.808530181Z  [2020-08-16T06:44:12Z INFO  dt_client_bytes] PubAck { pkid: 16 }
2020-08-16T06:44:12.809618294Z  [2020-08-16T06:44:12Z INFO  dt_client_bytes] Publish 24
2020-08-16T06:44:12.819694196Z  [2020-08-16T06:44:12Z INFO  dt_client_bytes] 24::38162cb0-e585-43d7-b55d-5c240b2bfb7c/3142192f-6bae-4f12-a6f3-5464dc37e790/d0a71d84-b80f-4558-beac-8887750652e3 "24 1jLyL8LVEXGLdN93PPuNDXyRpUhHJ2sfduzddr2OMIJ24Lu5LLOqs6MiEtid4"
2020-08-16T06:44:12.819714935Z  [2020-08-16T06:44:12Z INFO  dt_client_bytes] Publish 25
2020-08-16T06:44:12.831129046Z  [2020-08-16T06:44:12Z INFO  dt_client_bytes] 25::38162cb0-e585-43d7-b55d-5c240b2bfb7c/3142192f-6bae-4f12-a6f3-5464dc37e790/d0a71d84-b80f-4558-beac-8887750652e3 "25 rR7jilr7U4TXXMQnuc6gIksFuQTssLYrRfsxSugN6M0uDcCUJktZazlVtht6S"
2020-08-16T06:44:12.831210902Z  [2020-08-16T06:44:12Z INFO  dt_client_bytes] Publish 26
2020-08-16T06:44:12.843255772Z  [2020-08-16T06:44:12Z INFO  dt_client_bytes] 26::38162cb0-e585-43d7-b55d-5c240b2bfb7c/3142192f-6bae-4f12-a6f3-5464dc37e790/d0a71d84-b80f-4558-beac-8887750652e3 "26 gemTdsFQ6bUfZsonc9jmvi90ADPZyvwXN2SYM57ie4OaBJOReQmGk2JqXPpi7"
2020-08-16T06:44:12.843392058Z  [2020-08-16T06:44:12Z INFO  dt_client_bytes] Publish 27
2020-08-16T06:44:12.852771172Z  [2020-08-16T06:44:12Z INFO  dt_client_bytes] 27::38162cb0-e585-43d7-b55d-5c240b2bfb7c/3142192f-6bae-4f12-a6f3-5464dc37e790/d0a71d84-b80f-4558-beac-8887750652e3 "27 PJUpSbTC3GuTiRHi14Qsn9fW2xBtMNiI5LWX3EJeajhXfKdEAUMakqZit5CRY"
2020-08-16T06:44:12.852790891Z  [2020-08-16T06:44:12Z INFO  dt_client_bytes] Publish 28
2020-08-16T06:44:12.864411974Z  [2020-08-16T06:44:12Z INFO  dt_client_bytes] 28::38162cb0-e585-43d7-b55d-5c240b2bfb7c/3142192f-6bae-4f12-a6f3-5464dc37e790/d0a71d84-b80f-4558-beac-8887750652e3 "28 eEiK8vaYpkMimk5GgQjmFMzTU63okiYrWomxQOLPJvOfy4ytTIHnDKlw14iH0"
2020-08-16T06:44:12.864471580Z  [2020-08-16T06:44:12Z INFO  dt_client_bytes] Publish 29
2020-08-16T06:44:12.870322521Z  [2020-08-16T06:44:12Z INFO  dt_client_bytes] PubAck { pkid: 17 }
2020-08-16T06:44:12.875729947Z  [2020-08-16T06:44:12Z INFO  dt_client_bytes] 29::38162cb0-e585-43d7-b55d-5c240b2bfb7c/3142192f-6bae-4f12-a6f3-5464dc37e790/d0a71d84-b80f-4558-beac-8887750652e3 "29 kZPQ7qLiEfJ6udbfnKmLWSmC0VKdA5g0aVtg3UZTQJsgvJW18VVevcIYqz8aV"
2020-08-16T06:44:12.875767600Z  [2020-08-16T06:44:12Z INFO  dt_client_bytes] Publish 30
2020-08-16T06:44:12.887173095Z  [2020-08-16T06:44:12Z INFO  dt_client_bytes] 30::38162cb0-e585-43d7-b55d-5c240b2bfb7c/3142192f-6bae-4f12-a6f3-5464dc37e790/d0a71d84-b80f-4558-beac-8887750652e3 "30 oQiTmJzEHCwsfqhfCrhyPwGT4nBwQLkBFYW15cKSn6Z08oJ4yLRcKpI4MTXLC"
2020-08-16T06:44:12.887234811Z  [2020-08-16T06:44:12Z INFO  dt_client_bytes] Publish 31
2020-08-16T06:44:12.898615509Z  [2020-08-16T06:44:12Z INFO  dt_client_bytes] 31::38162cb0-e585-43d7-b55d-5c240b2bfb7c/3142192f-6bae-4f12-a6f3-5464dc37e790/d0a71d84-b80f-4558-beac-8887750652e3 "31 vo7tphdnvIvVcHO8B8By4fia9dhmcOoNBA45I3vQ8BeM4c57w8iY2u7OvTRID"
2020-08-16T06:44:12.898657579Z  [2020-08-16T06:44:12Z INFO  dt_client_bytes] Publish 32
2020-08-16T06:44:12.911605048Z  [2020-08-16T06:44:12Z INFO  dt_client_bytes] 32::38162cb0-e585-43d7-b55d-5c240b2bfb7c/3142192f-6bae-4f12-a6f3-5464dc37e790/d0a71d84-b80f-4558-beac-8887750652e3 "32 wwU5VS4xcKgEHp6NDUuczWFSkUrWfk75kZLqwqPDiTMRSaC0HFm5jxVJf7u1W"
2020-08-16T06:44:12.911763593Z  [2020-08-16T06:44:12Z INFO  dt_client_bytes] Publish 33
2020-08-16T06:44:12.911787211Z  [2020-08-16T06:44:12Z INFO  dt_client_bytes] PubAck { pkid: 18 }
2020-08-16T06:44:12.912684937Z  [2020-08-16T06:44:12Z INFO  dt_client_bytes] PubAck { pkid: 19 }
2020-08-16T06:44:12.913878212Z  [2020-08-16T06:44:12Z INFO  dt_client_bytes] PubAck { pkid: 20 }
2020-08-16T06:44:12.915096244Z  [2020-08-16T06:44:12Z INFO  dt_client_bytes] PubAck { pkid: 21 }
2020-08-16T06:44:12.916421261Z  [2020-08-16T06:44:12Z INFO  dt_client_bytes] PubAck { pkid: 22 }
2020-08-16T06:44:12.921085185Z  [2020-08-16T06:44:12Z INFO  dt_client_bytes] 33::38162cb0-e585-43d7-b55d-5c240b2bfb7c/3142192f-6bae-4f12-a6f3-5464dc37e790/d0a71d84-b80f-4558-beac-8887750652e3 "33 5nxjUl0mrfD11upo2FbFc46pvOps2xVFIeHVNVSrvZ79uiP5MMwQ6dq6hVTuA"
2020-08-16T06:44:12.921152708Z  [2020-08-16T06:44:12Z INFO  dt_client_bytes] Publish 34
2020-08-16T06:44:12.931840553Z  [2020-08-16T06:44:12Z INFO  dt_client_bytes] 34::38162cb0-e585-43d7-b55d-5c240b2bfb7c/3142192f-6bae-4f12-a6f3-5464dc37e790/d0a71d84-b80f-4558-beac-8887750652e3 "34 Ec0OHawl2y49DoJV0h5aBbJZHq9CWXccmsieL1sMZbpGMIkuCydmX7pKabtjt"
2020-08-16T06:44:12.931912670Z  [2020-08-16T06:44:12Z INFO  dt_client_bytes] Publish 35
2020-08-16T06:44:12.943907645Z  [2020-08-16T06:44:12Z INFO  dt_client_bytes] 35::38162cb0-e585-43d7-b55d-5c240b2bfb7c/3142192f-6bae-4f12-a6f3-5464dc37e790/d0a71d84-b80f-4558-beac-8887750652e3 "35 mbz5VXEVo2XpKQnCpWX3qtRxvCcQd6pugSquRmX0sR5gHkNFon2lHJrm6M4gq"
2020-08-16T06:44:12.943986500Z  [2020-08-16T06:44:12Z INFO  dt_client_bytes] Publish 36
2020-08-16T06:44:12.953807927Z  [2020-08-16T06:44:12Z INFO  dt_client_bytes] 36::38162cb0-e585-43d7-b55d-5c240b2bfb7c/3142192f-6bae-4f12-a6f3-5464dc37e790/d0a71d84-b80f-4558-beac-8887750652e3 "36 LGeG6QzWjTJfyYT8i2eNmEWYyov7BRAiIo4udNv4DDmtfEHRC8kZNQTBBF7NX"
2020-08-16T06:44:12.953829667Z  [2020-08-16T06:44:12Z INFO  dt_client_bytes] Publish 37
2020-08-16T06:44:12.961262568Z  [2020-08-16T06:44:12Z INFO  dt_client_bytes] PubAck { pkid: 23 }
2020-08-16T06:44:12.962334347Z  [2020-08-16T06:44:12Z INFO  dt_client_bytes] PubAck { pkid: 24 }
2020-08-16T06:44:12.963519274Z  [2020-08-16T06:44:12Z INFO  dt_client_bytes] PubAck { pkid: 25 }
2020-08-16T06:44:12.964705863Z  [2020-08-16T06:44:12Z INFO  dt_client_bytes] PubAck { pkid: 26 }
2020-08-16T06:44:12.964755726Z  [2020-08-16T06:44:12Z INFO  dt_client_bytes] 37::38162cb0-e585-43d7-b55d-5c240b2bfb7c/3142192f-6bae-4f12-a6f3-5464dc37e790/d0a71d84-b80f-4558-beac-8887750652e3 "37 zHtXrOTL0rXaRilbkrnVXGPp9IM0f0JeEuBNkAvyvKnRjay5ErKyHSOTJzUCm"
2020-08-16T06:44:12.965865988Z  [2020-08-16T06:44:12Z INFO  dt_client_bytes] PubAck { pkid: 27 }
2020-08-16T06:44:12.967001779Z  [2020-08-16T06:44:12Z INFO  dt_client_bytes] Publish 38
2020-08-16T06:44:12.968187104Z  [2020-08-16T06:44:12Z INFO  dt_client_bytes] PubAck { pkid: 28 }
2020-08-16T06:44:12.969478317Z  [2020-08-16T06:44:12Z INFO  dt_client_bytes] PubAck { pkid: 29 }
2020-08-16T06:44:12.976295129Z  [2020-08-16T06:44:12Z INFO  dt_client_bytes] 38::38162cb0-e585-43d7-b55d-5c240b2bfb7c/3142192f-6bae-4f12-a6f3-5464dc37e790/d0a71d84-b80f-4558-beac-8887750652e3 "38 DJ1nUCtku025e3yye4VpTmrW7CIRbVhmL4rIpUYK3HvuMmIin6fqenlBg7rDY"
2020-08-16T06:44:12.976383727Z  [2020-08-16T06:44:12Z INFO  dt_client_bytes] Publish 39
2020-08-16T06:44:12.986927965Z  [2020-08-16T06:44:12Z INFO  dt_client_bytes] 39::38162cb0-e585-43d7-b55d-5c240b2bfb7c/3142192f-6bae-4f12-a6f3-5464dc37e790/d0a71d84-b80f-4558-beac-8887750652e3 "39 jIha8OBAZCNFg4yd4gbYDdcYNjQI5osyJSnnokvp0mY4mf8eVfHKyQLLhATGx"
2020-08-16T06:44:12.987012080Z  [2020-08-16T06:44:12Z INFO  dt_client_bytes] Publish 40
2020-08-16T06:44:12.998611013Z  [2020-08-16T06:44:12Z INFO  dt_client_bytes] 40::38162cb0-e585-43d7-b55d-5c240b2bfb7c/3142192f-6bae-4f12-a6f3-5464dc37e790/d0a71d84-b80f-4558-beac-8887750652e3 "40 f0FiZXEuo64wRi4REqVp4UMJnKnDWZTRfMaK029nRhB4zgYcxsppzo7GavILO"
2020-08-16T06:44:12.998679546Z  [2020-08-16T06:44:12Z INFO  dt_client_bytes] Publish 41
2020-08-16T06:44:13.010179821Z  [2020-08-16T06:44:13Z INFO  dt_client_bytes] 41::38162cb0-e585-43d7-b55d-5c240b2bfb7c/3142192f-6bae-4f12-a6f3-5464dc37e790/d0a71d84-b80f-4558-beac-8887750652e3 "41 XDayWAsW2QmltEPyLUCfmuzzLnHAiyyXHY2Bckcd3f5CLhAgdZXazSQ88QI3N"
2020-08-16T06:44:13.010250782Z  [2020-08-16T06:44:13Z INFO  dt_client_bytes] Publish 42
2020-08-16T06:44:13.021658587Z  [2020-08-16T06:44:13Z INFO  dt_client_bytes] 42::38162cb0-e585-43d7-b55d-5c240b2bfb7c/3142192f-6bae-4f12-a6f3-5464dc37e790/d0a71d84-b80f-4558-beac-8887750652e3 "42 nxBT2Za8cuKT0supCGeY2kgUeX0OwMNuFQQRAU0FYEsPbCda2mk1lMRdK9uzg"
2020-08-16T06:44:13.021682487Z  [2020-08-16T06:44:13Z INFO  dt_client_bytes] Publish 43
2020-08-16T06:44:13.024895901Z  [2020-08-16T06:44:13Z INFO  dt_client_bytes] PubAck { pkid: 30 }
2020-08-16T06:44:13.026055137Z  [2020-08-16T06:44:13Z INFO  dt_client_bytes] PubAck { pkid: 31 }
2020-08-16T06:44:13.027521344Z  [2020-08-16T06:44:13Z INFO  dt_client_bytes] PubAck { pkid: 32 }
2020-08-16T06:44:13.028356379Z  [2020-08-16T06:44:13Z INFO  dt_client_bytes] PubAck { pkid: 33 }
2020-08-16T06:44:13.033070744Z  [2020-08-16T06:44:13Z INFO  dt_client_bytes] 43::38162cb0-e585-43d7-b55d-5c240b2bfb7c/3142192f-6bae-4f12-a6f3-5464dc37e790/d0a71d84-b80f-4558-beac-8887750652e3 "43 XVnUbvicw259yA7LkrM6ouUMxJBYD8YqO08pjw9o4VBshOKhzReGNobs3U3bE"
2020-08-16T06:44:13.033297429Z  [2020-08-16T06:44:13Z INFO  dt_client_bytes] Publish 44
2020-08-16T06:44:13.044725954Z  [2020-08-16T06:44:13Z INFO  dt_client_bytes] 44::38162cb0-e585-43d7-b55d-5c240b2bfb7c/3142192f-6bae-4f12-a6f3-5464dc37e790/d0a71d84-b80f-4558-beac-8887750652e3 "44 KTHA3lC3jrrZEFliIE8o2aNjilxzvJXf5Lsm3YpOqoxWpotfFFPWAhaizbMZ2"
2020-08-16T06:44:13.044805173Z  [2020-08-16T06:44:13Z INFO  dt_client_bytes] Publish 45
2020-08-16T06:44:13.056806499Z  [2020-08-16T06:44:13Z INFO  dt_client_bytes] 45::38162cb0-e585-43d7-b55d-5c240b2bfb7c/3142192f-6bae-4f12-a6f3-5464dc37e790/d0a71d84-b80f-4558-beac-8887750652e3 "45 gxlPrrR8u0yjKsMNRkFbTgBW8R4bCE7gNCeEI7SOtx62LUOG604TtS1fb6FBc"
2020-08-16T06:44:13.056838192Z  [2020-08-16T06:44:13Z INFO  dt_client_bytes] Publish 46
2020-08-16T06:44:13.067016640Z  [2020-08-16T06:44:13Z INFO  dt_client_bytes] 46::38162cb0-e585-43d7-b55d-5c240b2bfb7c/3142192f-6bae-4f12-a6f3-5464dc37e790/d0a71d84-b80f-4558-beac-8887750652e3 "46 gkFTUqHfvGXVsy1dPRHtagCrSUTxDnzB1jwYMfNh8GX7IMiRJx89ZmHGO7sJT"
2020-08-16T06:44:13.067103439Z  [2020-08-16T06:44:13Z INFO  dt_client_bytes] Publish 47
2020-08-16T06:44:13.077877665Z  [2020-08-16T06:44:13Z INFO  dt_client_bytes] PubAck { pkid: 34 }
2020-08-16T06:44:13.077960802Z  [2020-08-16T06:44:13Z INFO  dt_client_bytes] 47::38162cb0-e585-43d7-b55d-5c240b2bfb7c/3142192f-6bae-4f12-a6f3-5464dc37e790/d0a71d84-b80f-4558-beac-8887750652e3 "47 J8EBK48NSCzduHlyDR6h0uux4NiRZxxOfaOg7YyHjeBLH8A2v7bJNZmAAkyuZ"
2020-08-16T06:44:13.079141101Z  [2020-08-16T06:44:13Z INFO  dt_client_bytes] PubAck { pkid: 35 }
2020-08-16T06:44:13.080354429Z  [2020-08-16T06:44:13Z INFO  dt_client_bytes] PubAck { pkid: 36 }
2020-08-16T06:44:13.081530485Z  [2020-08-16T06:44:13Z INFO  dt_client_bytes] PubAck { pkid: 37 }
2020-08-16T06:44:13.082767838Z  [2020-08-16T06:44:13Z INFO  dt_client_bytes] Publish 48
2020-08-16T06:44:13.089482535Z  [2020-08-16T06:44:13Z INFO  dt_client_bytes] 48::38162cb0-e585-43d7-b55d-5c240b2bfb7c/3142192f-6bae-4f12-a6f3-5464dc37e790/d0a71d84-b80f-4558-beac-8887750652e3 "48 TtRfoqGNVpI9Ko0bnytBEblaa2CyIqVk58lDAmPrTCcVLazuCugROAFPJ39qK"
2020-08-16T06:44:13.089547050Z  [2020-08-16T06:44:13Z INFO  dt_client_bytes] Publish 49
2020-08-16T06:44:13.101125660Z  [2020-08-16T06:44:13Z INFO  dt_client_bytes] 49::38162cb0-e585-43d7-b55d-5c240b2bfb7c/3142192f-6bae-4f12-a6f3-5464dc37e790/d0a71d84-b80f-4558-beac-8887750652e3 "49 kLuqhJclrTT51sRk6QRzGLHfFbO6OexnyaCHHC4pg370QshzI2Aad1eS99szz"
2020-08-16T06:44:13.101174460Z  [2020-08-16T06:44:13Z INFO  dt_client_bytes] Publish 50
2020-08-16T06:44:13.112471718Z  [2020-08-16T06:44:13Z INFO  dt_client_bytes] 50::38162cb0-e585-43d7-b55d-5c240b2bfb7c/3142192f-6bae-4f12-a6f3-5464dc37e790/d0a71d84-b80f-4558-beac-8887750652e3 "50 AXajTnBBgd6WMcCmaxfMKACCN7wOpDLNFeAQjayGv6d06lTorJguKS8mu9j2K"
2020-08-16T06:44:13.112536758Z  [2020-08-16T06:44:13Z INFO  dt_client_bytes] Publish 51
2020-08-16T06:44:13.120930251Z  [2020-08-16T06:44:13Z INFO  dt_client_bytes] PubAck { pkid: 38 }
2020-08-16T06:44:13.122070814Z  [2020-08-16T06:44:13Z INFO  dt_client_bytes] PubAck { pkid: 39 }
2020-08-16T06:44:13.123239683Z  [2020-08-16T06:44:13Z INFO  dt_client_bytes] PubAck { pkid: 40 }
2020-08-16T06:44:13.124468718Z  [2020-08-16T06:44:13Z INFO  dt_client_bytes] PubAck { pkid: 41 }
2020-08-16T06:44:13.124487597Z  [2020-08-16T06:44:13Z INFO  dt_client_bytes] 51::38162cb0-e585-43d7-b55d-5c240b2bfb7c/3142192f-6bae-4f12-a6f3-5464dc37e790/d0a71d84-b80f-4558-beac-8887750652e3 "51 qLmokvSL6cRMhduIL6x9HSgZ1tjuJ6gklFcGce6bz41YBdUYqBDOFNnanfk9h"
2020-08-16T06:44:13.125893979Z  [2020-08-16T06:44:13Z INFO  dt_client_bytes] PubAck { pkid: 42 }
2020-08-16T06:44:13.126807884Z  [2020-08-16T06:44:13Z INFO  dt_client_bytes] PubAck { pkid: 43 }
2020-08-16T06:44:13.127976232Z  [2020-08-16T06:44:13Z INFO  dt_client_bytes] Publish 52
2020-08-16T06:44:13.136625270Z  [2020-08-16T06:44:13Z INFO  dt_client_bytes] 52::38162cb0-e585-43d7-b55d-5c240b2bfb7c/3142192f-6bae-4f12-a6f3-5464dc37e790/d0a71d84-b80f-4558-beac-8887750652e3 "52 dyoVRiiIh8Dp9pe3LwW0x9STlB5pfZBtE68bdk96ek1Na1jyiKrLheU8z7lLB"
2020-08-16T06:44:13.136649101Z  [2020-08-16T06:44:13Z INFO  dt_client_bytes] Publish 53
2020-08-16T06:44:13.148105874Z  [2020-08-16T06:44:13Z INFO  dt_client_bytes] 53::38162cb0-e585-43d7-b55d-5c240b2bfb7c/3142192f-6bae-4f12-a6f3-5464dc37e790/d0a71d84-b80f-4558-beac-8887750652e3 "53 LjRYk3L1gYvl9VZE36xznerAQ2HJorQw3jGXxJIRrPDMmZ4cA6yYeoY1eaGcm"
2020-08-16T06:44:13.148129490Z  [2020-08-16T06:44:13Z INFO  dt_client_bytes] Publish 54
2020-08-16T06:44:13.159430076Z  [2020-08-16T06:44:13Z INFO  dt_client_bytes] 54::38162cb0-e585-43d7-b55d-5c240b2bfb7c/3142192f-6bae-4f12-a6f3-5464dc37e790/d0a71d84-b80f-4558-beac-8887750652e3 "54 l2IeKFmk6MqQkROI9KSaJ3ZtZ2Lpj329NIcZLQFjz0jRAAX85OFYeVUEKyPqT"
2020-08-16T06:44:13.159499284Z  [2020-08-16T06:44:13Z INFO  dt_client_bytes] Publish 55
2020-08-16T06:44:13.170793812Z  [2020-08-16T06:44:13Z INFO  dt_client_bytes] 55::38162cb0-e585-43d7-b55d-5c240b2bfb7c/3142192f-6bae-4f12-a6f3-5464dc37e790/d0a71d84-b80f-4558-beac-8887750652e3 "55 ixG4U1EYR3YMNgTyJk1el3J8nYAB1F9rULTeTgqmZ0aTtOgndeT69VuCU8ahz"
2020-08-16T06:44:13.170813499Z  [2020-08-16T06:44:13Z INFO  dt_client_bytes] Publish 56
2020-08-16T06:44:13.179474075Z  [2020-08-16T06:44:13Z INFO  dt_client_bytes] PubAck { pkid: 44 }
2020-08-16T06:44:13.180777869Z  [2020-08-16T06:44:13Z INFO  dt_client_bytes] PubAck { pkid: 45 }
2020-08-16T06:44:13.181783945Z  [2020-08-16T06:44:13Z INFO  dt_client_bytes] PubAck { pkid: 46 }
2020-08-16T06:44:13.181829863Z  [2020-08-16T06:44:13Z INFO  dt_client_bytes] 56::38162cb0-e585-43d7-b55d-5c240b2bfb7c/3142192f-6bae-4f12-a6f3-5464dc37e790/d0a71d84-b80f-4558-beac-8887750652e3 "56 zXDywgewTlKJMtH0qUfYj9ahNd3cMl81hVKp2CkKKBIpAGdJLiZhuFxhJzMsG"
2020-08-16T06:44:13.182922815Z  [2020-08-16T06:44:13Z INFO  dt_client_bytes] PubAck { pkid: 47 }
2020-08-16T06:44:13.184123790Z  [2020-08-16T06:44:13Z INFO  dt_client_bytes] Publish 57
2020-08-16T06:44:13.192914676Z  [2020-08-16T06:44:13Z INFO  dt_client_bytes] 57::38162cb0-e585-43d7-b55d-5c240b2bfb7c/3142192f-6bae-4f12-a6f3-5464dc37e790/d0a71d84-b80f-4558-beac-8887750652e3 "57 j7Y4xcY37FlTkvYCnGq6E6kCddyCJpbYt7OTbw6VfTtr9spREfET91wTPgtVH"
2020-08-16T06:44:13.192934770Z  [2020-08-16T06:44:13Z INFO  dt_client_bytes] Publish 58
2020-08-16T06:44:13.204357874Z  [2020-08-16T06:44:13Z INFO  dt_client_bytes] 58::38162cb0-e585-43d7-b55d-5c240b2bfb7c/3142192f-6bae-4f12-a6f3-5464dc37e790/d0a71d84-b80f-4558-beac-8887750652e3 "58 h3lpgVcFiogUVCmgDUPgzg6jnH7IcvSoBkpNYzH8bgcqS3slowQZPJck61Uib"
2020-08-16T06:44:13.204406777Z  [2020-08-16T06:44:13Z INFO  dt_client_bytes] Publish 59
2020-08-16T06:44:13.214937725Z  [2020-08-16T06:44:13Z INFO  dt_client_bytes] 59::38162cb0-e585-43d7-b55d-5c240b2bfb7c/3142192f-6bae-4f12-a6f3-5464dc37e790/d0a71d84-b80f-4558-beac-8887750652e3 "59 h9aX6AsljWsLfjHyhe40HFrTq0R5OXYyx8sxpVR261A0kdg5iMjFiBlC8Ng6J"
2020-08-16T06:44:13.214956498Z  [2020-08-16T06:44:13Z INFO  dt_client_bytes] Publish 60
2020-08-16T06:44:13.226270088Z  [2020-08-16T06:44:13Z INFO  dt_client_bytes] 60::38162cb0-e585-43d7-b55d-5c240b2bfb7c/3142192f-6bae-4f12-a6f3-5464dc37e790/d0a71d84-b80f-4558-beac-8887750652e3 "60 cCJybgRQD0S5GSEay8ceOSR86OfWjpBwZzKF6aUsXnadUeX7R46o4NuGPROXK"
2020-08-16T06:44:13.226331228Z  [2020-08-16T06:44:13Z INFO  dt_client_bytes] Publish 61
2020-08-16T06:44:13.236974672Z  [2020-08-16T06:44:13Z INFO  dt_client_bytes] 61::38162cb0-e585-43d7-b55d-5c240b2bfb7c/3142192f-6bae-4f12-a6f3-5464dc37e790/d0a71d84-b80f-4558-beac-8887750652e3 "61 xRr9LPeK8x5yrHWD64rgcfoVmzKroeDsp4W4zq1lrD3IdiA1ICLj6xSRwoqbY"
2020-08-16T06:44:13.237021115Z  [2020-08-16T06:44:13Z INFO  dt_client_bytes] Publish 62
2020-08-16T06:44:13.243758327Z  [2020-08-16T06:44:13Z INFO  dt_client_bytes] PubAck { pkid: 48 }
2020-08-16T06:44:13.244906559Z  [2020-08-16T06:44:13Z INFO  dt_client_bytes] PubAck { pkid: 49 }
2020-08-16T06:44:13.246082748Z  [2020-08-16T06:44:13Z INFO  dt_client_bytes] PubAck { pkid: 50 }
2020-08-16T06:44:13.247218787Z  [2020-08-16T06:44:13Z INFO  dt_client_bytes] PubAck { pkid: 51 }
2020-08-16T06:44:13.248641707Z  [2020-08-16T06:44:13Z INFO  dt_client_bytes] 62::38162cb0-e585-43d7-b55d-5c240b2bfb7c/3142192f-6bae-4f12-a6f3-5464dc37e790/d0a71d84-b80f-4558-beac-8887750652e3 "62 AOHt4VufyJgwz13Y21aZHbQCoS1bkKiuMjD2xkz6kHIcIjKpeleL3cv1wH8bh"
2020-08-16T06:44:13.248661097Z  [2020-08-16T06:44:13Z INFO  dt_client_bytes] Publish 63
2020-08-16T06:44:13.260245113Z  [2020-08-16T06:44:13Z INFO  dt_client_bytes] 63::38162cb0-e585-43d7-b55d-5c240b2bfb7c/3142192f-6bae-4f12-a6f3-5464dc37e790/d0a71d84-b80f-4558-beac-8887750652e3 "63 LW3SMNVfM1rkbWG682OXXq4EW916BnSomGnM2Dh0e1OrlGGeSCuK5BiSa9sLZ"
2020-08-16T06:44:13.260268776Z  [2020-08-16T06:44:13Z INFO  dt_client_bytes] Publish 64
2020-08-16T06:44:13.271948781Z  [2020-08-16T06:44:13Z INFO  dt_client_bytes] 64::38162cb0-e585-43d7-b55d-5c240b2bfb7c/3142192f-6bae-4f12-a6f3-5464dc37e790/d0a71d84-b80f-4558-beac-8887750652e3 "64 lHmXPAKOalD4QaTUOXGL3dTGaHUGQMI20PQpQnGBGiOYuKkMf2yWE2X7WIiA6"
2020-08-16T06:44:13.271975846Z  [2020-08-16T06:44:13Z INFO  dt_client_bytes] Publish 65
2020-08-16T06:44:13.283850244Z  [2020-08-16T06:44:13Z INFO  dt_client_bytes] 65::38162cb0-e585-43d7-b55d-5c240b2bfb7c/3142192f-6bae-4f12-a6f3-5464dc37e790/d0a71d84-b80f-4558-beac-8887750652e3 "65 E4zs1DQqmd4zGkzYOSPF07ZfDLUeHOiRAlrokQyMWwLxDzbQb42HBgVte8sjU"
2020-08-16T06:44:13.283879254Z  [2020-08-16T06:44:13Z INFO  dt_client_bytes] Publish 66
2020-08-16T06:44:13.294223422Z  [2020-08-16T06:44:13Z INFO  dt_client_bytes] 66::38162cb0-e585-43d7-b55d-5c240b2bfb7c/3142192f-6bae-4f12-a6f3-5464dc37e790/d0a71d84-b80f-4558-beac-8887750652e3 "66 7UWH65N7vz3uq9DxMJs8usRJWTiks7splgwPb1qWo9599v2AdtLbDklTfmScN"
2020-08-16T06:44:13.294260080Z  [2020-08-16T06:44:13Z INFO  dt_client_bytes] Publish 67
2020-08-16T06:44:13.305432207Z  [2020-08-16T06:44:13Z INFO  dt_client_bytes] PubAck { pkid: 52 }
2020-08-16T06:44:13.305449333Z  [2020-08-16T06:44:13Z INFO  dt_client_bytes] 67::38162cb0-e585-43d7-b55d-5c240b2bfb7c/3142192f-6bae-4f12-a6f3-5464dc37e790/d0a71d84-b80f-4558-beac-8887750652e3 "67 8bVIzBqBvMgsn4PNwu8EaearNY29iSj05eeBOZlWO6YihMJAWoGM0XOgDIBt6"
2020-08-16T06:44:13.305763982Z  [2020-08-16T06:44:13Z INFO  dt_client_bytes] PubAck { pkid: 53 }
2020-08-16T06:44:13.306909190Z  [2020-08-16T06:44:13Z INFO  dt_client_bytes] PubAck { pkid: 54 }
2020-08-16T06:44:13.308141337Z  [2020-08-16T06:44:13Z INFO  dt_client_bytes] Publish 68
2020-08-16T06:44:13.309373672Z  [2020-08-16T06:44:13Z INFO  dt_client_bytes] PubAck { pkid: 55 }
2020-08-16T06:44:13.309408281Z  [2020-08-16T06:44:13Z INFO  dt_client_bytes] PubAck { pkid: 56 }
2020-08-16T06:44:13.316519576Z  [2020-08-16T06:44:13Z INFO  dt_client_bytes] 68::38162cb0-e585-43d7-b55d-5c240b2bfb7c/3142192f-6bae-4f12-a6f3-5464dc37e790/d0a71d84-b80f-4558-beac-8887750652e3 "68 tpXx77SJFgtjfKNrEGkeM3gBeU4ugrcKNIkOevUcWwGQwnHbWTUyHEib6n5sa"
2020-08-16T06:44:13.316561121Z  [2020-08-16T06:44:13Z INFO  dt_client_bytes] Publish 69
2020-08-16T06:44:13.328105038Z  [2020-08-16T06:44:13Z INFO  dt_client_bytes] 69::38162cb0-e585-43d7-b55d-5c240b2bfb7c/3142192f-6bae-4f12-a6f3-5464dc37e790/d0a71d84-b80f-4558-beac-8887750652e3 "69 Dj8CcuzXagckdwWdiUngQQvrj7dJ2I25DMaDUMzwFt3wf58svp7snktYJPODo"
2020-08-16T06:44:13.328132464Z  [2020-08-16T06:44:13Z INFO  dt_client_bytes] Publish 70
2020-08-16T06:44:13.339371745Z  [2020-08-16T06:44:13Z INFO  dt_client_bytes] 70::38162cb0-e585-43d7-b55d-5c240b2bfb7c/3142192f-6bae-4f12-a6f3-5464dc37e790/d0a71d84-b80f-4558-beac-8887750652e3 "70 SdAWiN790IsM3vYae3GhKalCgs94nOW1M1ZjLNEelD1WJsdoyBPeS3ujle431"
2020-08-16T06:44:13.339407458Z  [2020-08-16T06:44:13Z INFO  dt_client_bytes] Publish 71
2020-08-16T06:44:13.349856601Z  [2020-08-16T06:44:13Z INFO  dt_client_bytes] 71::38162cb0-e585-43d7-b55d-5c240b2bfb7c/3142192f-6bae-4f12-a6f3-5464dc37e790/d0a71d84-b80f-4558-beac-8887750652e3 "71 mM5v21DgUWSZSiwCRdY2gJZyszkuP4mPUh8oydaJki2ox6756X7heTidAtUbx"
2020-08-16T06:44:13.350018434Z  [2020-08-16T06:44:13Z INFO  dt_client_bytes] Publish 72
2020-08-16T06:44:13.351182670Z  [2020-08-16T06:44:13Z INFO  dt_client_bytes] PubAck { pkid: 57 }
2020-08-16T06:44:13.352485688Z  [2020-08-16T06:44:13Z INFO  dt_client_bytes] PubAck { pkid: 58 }
2020-08-16T06:44:13.352568573Z  [2020-08-16T06:44:13Z INFO  dt_client_bytes] PubAck { pkid: 59 }
2020-08-16T06:44:13.353821104Z  [2020-08-16T06:44:13Z INFO  dt_client_bytes] PubAck { pkid: 60 }
2020-08-16T06:44:13.355088408Z  [2020-08-16T06:44:13Z INFO  dt_client_bytes] PubAck { pkid: 61 }
2020-08-16T06:44:13.356350339Z  [2020-08-16T06:44:13Z INFO  dt_client_bytes] PubAck { pkid: 62 }
2020-08-16T06:44:13.361696414Z  [2020-08-16T06:44:13Z INFO  dt_client_bytes] 72::38162cb0-e585-43d7-b55d-5c240b2bfb7c/3142192f-6bae-4f12-a6f3-5464dc37e790/d0a71d84-b80f-4558-beac-8887750652e3 "72 SfLh68vsoezjtkV2n5FensIE5GyHVyNSvhGpZnQTpuzZg5DT4yzSS6SVbUqFm"
2020-08-16T06:44:13.361786212Z  [2020-08-16T06:44:13Z INFO  dt_client_bytes] Publish 73
2020-08-16T06:44:13.372173828Z  [2020-08-16T06:44:13Z INFO  dt_client_bytes] 73::38162cb0-e585-43d7-b55d-5c240b2bfb7c/3142192f-6bae-4f12-a6f3-5464dc37e790/d0a71d84-b80f-4558-beac-8887750652e3 "73 aj4ksrClshf4TFigI87w85ctUNEdSqgDh7agzw70iBcLY2dksTh0CWY8p2UOs"
2020-08-16T06:44:13.372236401Z  [2020-08-16T06:44:13Z INFO  dt_client_bytes] Publish 74
2020-08-16T06:44:13.383725223Z  [2020-08-16T06:44:13Z INFO  dt_client_bytes] 74::38162cb0-e585-43d7-b55d-5c240b2bfb7c/3142192f-6bae-4f12-a6f3-5464dc37e790/d0a71d84-b80f-4558-beac-8887750652e3 "74 Q7tL19TAl4WNjUODkrIU6uSQw4aoiEYVN2Dul0WNcEElSui0iBj1jsWodKTpU"
2020-08-16T06:44:13.383749338Z  [2020-08-16T06:44:13Z INFO  dt_client_bytes] Publish 75
2020-08-16T06:44:13.395118226Z  [2020-08-16T06:44:13Z INFO  dt_client_bytes] 75::38162cb0-e585-43d7-b55d-5c240b2bfb7c/3142192f-6bae-4f12-a6f3-5464dc37e790/d0a71d84-b80f-4558-beac-8887750652e3 "75 ceenxaN6J7qVhb2AXAt9ZEwdnqVTPUiwLEYLdO0vaCYGIdPyeQPDmwFA948IC"
2020-08-16T06:44:13.395184294Z  [2020-08-16T06:44:13Z INFO  dt_client_bytes] Publish 76
2020-08-16T06:44:13.403690798Z  [2020-08-16T06:44:13Z INFO  dt_client_bytes] PubAck { pkid: 63 }
2020-08-16T06:44:13.404897805Z  [2020-08-16T06:44:13Z INFO  dt_client_bytes] PubAck { pkid: 64 }
2020-08-16T06:44:13.406796275Z  [2020-08-16T06:44:13Z INFO  dt_client_bytes] PubAck { pkid: 65 }
2020-08-16T06:44:13.406818670Z  [2020-08-16T06:44:13Z INFO  dt_client_bytes] 76::38162cb0-e585-43d7-b55d-5c240b2bfb7c/3142192f-6bae-4f12-a6f3-5464dc37e790/d0a71d84-b80f-4558-beac-8887750652e3 "76 sQyyhPbRejBnHyDyj3TYewWRvKfjiRN9Ow6Xgf4daKIBmCKpmICqdqH1RbigG"
2020-08-16T06:44:13.407270645Z  [2020-08-16T06:44:13Z INFO  dt_client_bytes] PubAck { pkid: 66 }
2020-08-16T06:44:13.408526614Z  [2020-08-16T06:44:13Z INFO  dt_client_bytes] PubAck { pkid: 67 }
2020-08-16T06:44:13.409793548Z  [2020-08-16T06:44:13Z INFO  dt_client_bytes] Publish 77
2020-08-16T06:44:13.417482020Z  [2020-08-16T06:44:13Z INFO  dt_client_bytes] 77::38162cb0-e585-43d7-b55d-5c240b2bfb7c/3142192f-6bae-4f12-a6f3-5464dc37e790/d0a71d84-b80f-4558-beac-8887750652e3 "77 295DROV6nwAi4ZnVgXQt6GlbN0vq9KLMEgbl2CvnyJW527nRscYEW93bcaRj9"
2020-08-16T06:44:13.417509679Z  [2020-08-16T06:44:13Z INFO  dt_client_bytes] Publish 78
2020-08-16T06:44:13.429172451Z  [2020-08-16T06:44:13Z INFO  dt_client_bytes] 78::38162cb0-e585-43d7-b55d-5c240b2bfb7c/3142192f-6bae-4f12-a6f3-5464dc37e790/d0a71d84-b80f-4558-beac-8887750652e3 "78 Bl3qkjQGmqeLaluMEJABLK44Cu2IaIoRRDcqu0fcJApnmf90wKfUZe0Bv3ytT"
2020-08-16T06:44:13.429223978Z  [2020-08-16T06:44:13Z INFO  dt_client_bytes] Publish 79
2020-08-16T06:44:13.440397659Z  [2020-08-16T06:44:13Z INFO  dt_client_bytes] 79::38162cb0-e585-43d7-b55d-5c240b2bfb7c/3142192f-6bae-4f12-a6f3-5464dc37e790/d0a71d84-b80f-4558-beac-8887750652e3 "79 cdagBurpPmsGkvgoqXD2Kpzs6UoeeBZTsRKXop5XTkU3ujK1C5pbsz41vvQvk"
2020-08-16T06:44:13.440456921Z  [2020-08-16T06:44:13Z INFO  dt_client_bytes] Publish 80
2020-08-16T06:44:13.450822455Z  [2020-08-16T06:44:13Z INFO  dt_client_bytes] 80::38162cb0-e585-43d7-b55d-5c240b2bfb7c/3142192f-6bae-4f12-a6f3-5464dc37e790/d0a71d84-b80f-4558-beac-8887750652e3 "80 WvpLAlibGq9OFrlQhbQ5e6qLsPXpe896710ysRuRqo9u054GFchJGTozFxOnP"
2020-08-16T06:44:13.450847376Z  [2020-08-16T06:44:13Z INFO  dt_client_bytes] Publish 81
2020-08-16T06:44:13.462362382Z  [2020-08-16T06:44:13Z INFO  dt_client_bytes] 81::38162cb0-e585-43d7-b55d-5c240b2bfb7c/3142192f-6bae-4f12-a6f3-5464dc37e790/d0a71d84-b80f-4558-beac-8887750652e3 "81 bvs0sHy9SAMy3Ojevv8noHzKjbBqyz0VIhJe1epKvgjpx2x7fXIH2MDy7FNb6"
2020-08-16T06:44:13.462388281Z  [2020-08-16T06:44:13Z INFO  dt_client_bytes] Publish 82
2020-08-16T06:44:13.473503727Z  [2020-08-16T06:44:13Z INFO  dt_client_bytes] 82::38162cb0-e585-43d7-b55d-5c240b2bfb7c/3142192f-6bae-4f12-a6f3-5464dc37e790/d0a71d84-b80f-4558-beac-8887750652e3 "82 rzJMeFvhtnlZJjWZINrgi2h3QdYzxDLYcCS1gitetZp0qf3LWqVGfZASwi4k6"
2020-08-16T06:44:13.473531507Z  [2020-08-16T06:44:13Z INFO  dt_client_bytes] Publish 83
2020-08-16T06:44:13.478481756Z  [2020-08-16T06:44:13Z INFO  dt_client_bytes] PubAck { pkid: 68 }
2020-08-16T06:44:13.479796008Z  [2020-08-16T06:44:13Z INFO  dt_client_bytes] PubAck { pkid: 69 }
2020-08-16T06:44:13.481069496Z  [2020-08-16T06:44:13Z INFO  dt_client_bytes] PubAck { pkid: 70 }
2020-08-16T06:44:13.482326844Z  [2020-08-16T06:44:13Z INFO  dt_client_bytes] PubAck { pkid: 71 }
2020-08-16T06:44:13.483715949Z  [2020-08-16T06:44:13Z INFO  dt_client_bytes] PubAck { pkid: 72 }
2020-08-16T06:44:13.483799363Z  [2020-08-16T06:44:13Z INFO  dt_client_bytes] 83::38162cb0-e585-43d7-b55d-5c240b2bfb7c/3142192f-6bae-4f12-a6f3-5464dc37e790/d0a71d84-b80f-4558-beac-8887750652e3 "83 L37TV7j8UOMGwNRYvds8nGpesOi2WnHELxFGU9URGkjn8l4J4eXfzAKg30Nfb"
2020-08-16T06:44:13.485059316Z  [2020-08-16T06:44:13Z INFO  dt_client_bytes] Publish 84
2020-08-16T06:44:13.496641297Z  [2020-08-16T06:44:13Z INFO  dt_client_bytes] 84::38162cb0-e585-43d7-b55d-5c240b2bfb7c/3142192f-6bae-4f12-a6f3-5464dc37e790/d0a71d84-b80f-4558-beac-8887750652e3 "84 4EfL93mesvvnibBnhw3KcazjvSAmXSIVx38zFWUl0jO44C0aXd9Dm3ZW0SIQ1"
2020-08-16T06:44:13.496735375Z  [2020-08-16T06:44:13Z INFO  dt_client_bytes] Publish 85
2020-08-16T06:44:13.507809642Z  [2020-08-16T06:44:13Z INFO  dt_client_bytes] 85::38162cb0-e585-43d7-b55d-5c240b2bfb7c/3142192f-6bae-4f12-a6f3-5464dc37e790/d0a71d84-b80f-4558-beac-8887750652e3 "85 bqbTh8mQD1idrQsddi91YXPFZXz09ckfVltuAzAKPxOzduAYVL9Y4OFJsVS4m"
2020-08-16T06:44:13.508452971Z  [2020-08-16T06:44:13Z INFO  dt_client_bytes] Publish 86
2020-08-16T06:44:13.519181605Z  [2020-08-16T06:44:13Z INFO  dt_client_bytes] 86::38162cb0-e585-43d7-b55d-5c240b2bfb7c/3142192f-6bae-4f12-a6f3-5464dc37e790/d0a71d84-b80f-4558-beac-8887750652e3 "86 G0L7mWJYOAqubzvvjow439MXTsmmG46azxELca8yLdA3l77HVlHwdTy713N4f"
2020-08-16T06:44:13.519206136Z  [2020-08-16T06:44:13Z INFO  dt_client_bytes] Publish 87
2020-08-16T06:44:13.530704845Z  [2020-08-16T06:44:13Z INFO  dt_client_bytes] 87::38162cb0-e585-43d7-b55d-5c240b2bfb7c/3142192f-6bae-4f12-a6f3-5464dc37e790/d0a71d84-b80f-4558-beac-8887750652e3 "87 Z4RteIuoOZ4Z2COvUbu8qZHG12OvWqEjNWqebDhoSnygkGI57gilTbJY09VA8"
2020-08-16T06:44:13.530741213Z  [2020-08-16T06:44:13Z INFO  dt_client_bytes] Publish 88
2020-08-16T06:44:13.542468493Z  [2020-08-16T06:44:13Z INFO  dt_client_bytes] 88::38162cb0-e585-43d7-b55d-5c240b2bfb7c/3142192f-6bae-4f12-a6f3-5464dc37e790/d0a71d84-b80f-4558-beac-8887750652e3 "88 9oVzmRY3PSA51SImP2QHKirEvsyCfgG6fdmDyx7ldX2fFxwQ3jwKb48KBNlwq"
2020-08-16T06:44:13.542526774Z  [2020-08-16T06:44:13Z INFO  dt_client_bytes] Publish 89
2020-08-16T06:44:13.552803489Z  [2020-08-16T06:44:13Z INFO  dt_client_bytes] 89::38162cb0-e585-43d7-b55d-5c240b2bfb7c/3142192f-6bae-4f12-a6f3-5464dc37e790/d0a71d84-b80f-4558-beac-8887750652e3 "89 iutha4AvPpNkUm0SQDzoWDspPj0EM4bP7VyUkdBefbHBq2UTmqOz8efNqintg"
2020-08-16T06:44:13.552951409Z  [2020-08-16T06:44:13Z INFO  dt_client_bytes] Publish 90
2020-08-16T06:44:13.567611110Z  [2020-08-16T06:44:13Z INFO  dt_client_bytes] 90::38162cb0-e585-43d7-b55d-5c240b2bfb7c/3142192f-6bae-4f12-a6f3-5464dc37e790/d0a71d84-b80f-4558-beac-8887750652e3 "90 D2nIbDeaCjr8xoEK7yNeOLB1qotht3XRNlI3E1NbsI8Rl94AfHQr6S5UM9qWx"
2020-08-16T06:44:13.568211216Z  [2020-08-16T06:44:13Z INFO  dt_client_bytes] Publish 91
2020-08-16T06:44:13.568231646Z  [2020-08-16T06:44:13Z INFO  dt_client_bytes] PubAck { pkid: 73 }
2020-08-16T06:44:13.568287640Z  [2020-08-16T06:44:13Z INFO  dt_client_bytes] PubAck { pkid: 74 }
2020-08-16T06:44:13.569252853Z  [2020-08-16T06:44:13Z INFO  dt_client_bytes] PubAck { pkid: 75 }
2020-08-16T06:44:13.569350288Z  [2020-08-16T06:44:13Z INFO  dt_client_bytes] PubAck { pkid: 76 }
2020-08-16T06:44:13.575209539Z  [2020-08-16T06:44:13Z INFO  dt_client_bytes] 91::38162cb0-e585-43d7-b55d-5c240b2bfb7c/3142192f-6bae-4f12-a6f3-5464dc37e790/d0a71d84-b80f-4558-beac-8887750652e3 "91 4jYXHc49eP9dnuH8pL9tQqJNgIIgRH4ihm59WqkZG3nfZX4k0Taz7ucL1OmGi"
2020-08-16T06:44:13.575225231Z  [2020-08-16T06:44:13Z INFO  dt_client_bytes] Publish 92
2020-08-16T06:44:13.586852646Z  [2020-08-16T06:44:13Z INFO  dt_client_bytes] 92::38162cb0-e585-43d7-b55d-5c240b2bfb7c/3142192f-6bae-4f12-a6f3-5464dc37e790/d0a71d84-b80f-4558-beac-8887750652e3 "92 fpgBhvX9dRY3TC3obdhsyGFHp1vthqwg86WyVfNwxYYzbZ2lZwEUbiwoqnlOW"
2020-08-16T06:44:13.586920930Z  [2020-08-16T06:44:13Z INFO  dt_client_bytes] Publish 93
2020-08-16T06:44:13.598915613Z  [2020-08-16T06:44:13Z INFO  dt_client_bytes] 93::38162cb0-e585-43d7-b55d-5c240b2bfb7c/3142192f-6bae-4f12-a6f3-5464dc37e790/d0a71d84-b80f-4558-beac-8887750652e3 "93 UZWe2VLS0TuNpcbwUFKeO80bVWNROzDebrkW2b7uTgePcqjh1Nz2dw5UDGjTX"
2020-08-16T06:44:13.599008577Z  [2020-08-16T06:44:13Z INFO  dt_client_bytes] Publish 94
2020-08-16T06:44:13.609752747Z  [2020-08-16T06:44:13Z INFO  dt_client_bytes] 94::38162cb0-e585-43d7-b55d-5c240b2bfb7c/3142192f-6bae-4f12-a6f3-5464dc37e790/d0a71d84-b80f-4558-beac-8887750652e3 "94 yjtvflArVhVlbSP3FK1k93PUNQVpF526hKUum21ihcfIlRL5U5bBCIID3wXgu"
2020-08-16T06:44:13.609832014Z  [2020-08-16T06:44:13Z INFO  dt_client_bytes] Publish 95
2020-08-16T06:44:13.621842290Z  [2020-08-16T06:44:13Z INFO  dt_client_bytes] 95::38162cb0-e585-43d7-b55d-5c240b2bfb7c/3142192f-6bae-4f12-a6f3-5464dc37e790/d0a71d84-b80f-4558-beac-8887750652e3 "95 MgZsVo0bkmgpwLHdOhCXoE3IDiELqNXAxAF0bE2glnPBD5sISXF5ypMPsQW5v"
2020-08-16T06:44:13.621871995Z  [2020-08-16T06:44:13Z INFO  dt_client_bytes] Publish 96
2020-08-16T06:44:13.632885780Z  [2020-08-16T06:44:13Z INFO  dt_client_bytes] 96::38162cb0-e585-43d7-b55d-5c240b2bfb7c/3142192f-6bae-4f12-a6f3-5464dc37e790/d0a71d84-b80f-4558-beac-8887750652e3 "96 mYlMSdZE75Xu9kOSgGISnjNjKnZUGvi3am71j2HcOD4zXHt6AUNPKGGVT7LaS"
2020-08-16T06:44:13.632953938Z  [2020-08-16T06:44:13Z INFO  dt_client_bytes] Publish 97
2020-08-16T06:44:13.641096212Z  [2020-08-16T06:44:13Z INFO  dt_client_bytes] PubAck { pkid: 77 }
2020-08-16T06:44:13.642348230Z  [2020-08-16T06:44:13Z INFO  dt_client_bytes] PubAck { pkid: 78 }
2020-08-16T06:44:13.644557739Z  [2020-08-16T06:44:13Z INFO  dt_client_bytes] PubAck { pkid: 79 }
2020-08-16T06:44:13.644585418Z  [2020-08-16T06:44:13Z INFO  dt_client_bytes] 97::38162cb0-e585-43d7-b55d-5c240b2bfb7c/3142192f-6bae-4f12-a6f3-5464dc37e790/d0a71d84-b80f-4558-beac-8887750652e3 "97 AfFRcU8CE9e7YLjPkQYqG3HHuOvjurLNKlTb5UzTpU56KNcGGuBEka1VeA5Bo"
2020-08-16T06:44:13.645110115Z  [2020-08-16T06:44:13Z INFO  dt_client_bytes] PubAck { pkid: 80 }
2020-08-16T06:44:13.646304702Z  [2020-08-16T06:44:13Z INFO  dt_client_bytes] PubAck { pkid: 81 }
2020-08-16T06:44:13.647708698Z  [2020-08-16T06:44:13Z INFO  dt_client_bytes] PubAck { pkid: 82 }
2020-08-16T06:44:13.648862461Z  [2020-08-16T06:44:13Z INFO  dt_client_bytes] PubAck { pkid: 83 }
2020-08-16T06:44:13.650138879Z  [2020-08-16T06:44:13Z INFO  dt_client_bytes] PubAck { pkid: 84 }
2020-08-16T06:44:13.651289211Z  [2020-08-16T06:44:13Z INFO  dt_client_bytes] PubAck { pkid: 85 }
2020-08-16T06:44:13.652523847Z  [2020-08-16T06:44:13Z INFO  dt_client_bytes] PubAck { pkid: 86 }
2020-08-16T06:44:13.653712757Z  [2020-08-16T06:44:13Z INFO  dt_client_bytes] PubAck { pkid: 87 }
2020-08-16T06:44:13.654832376Z  [2020-08-16T06:44:13Z INFO  dt_client_bytes] PubAck { pkid: 88 }
2020-08-16T06:44:13.654850458Z  [2020-08-16T06:44:13Z INFO  dt_client_bytes] 98::38162cb0-e585-43d7-b55d-5c240b2bfb7c/3142192f-6bae-4f12-a6f3-5464dc37e790/d0a71d84-b80f-4558-beac-8887750652e3 "98 NyJuevtEIUibMoIbTOTw45JzUdqLAu62TMDMziJjhbAcXtM2lcXfxwd10phXC"
2020-08-16T06:44:13.655993056Z  [2020-08-16T06:44:13Z INFO  dt_client_bytes] PubAck { pkid: 89 }
2020-08-16T06:44:13.657079927Z  [2020-08-16T06:44:13Z INFO  dt_client_bytes] PubAck { pkid: 90 }
2020-08-16T06:44:13.658317620Z  [2020-08-16T06:44:13Z INFO  dt_client_bytes] Publish 98
2020-08-16T06:44:13.658335077Z  [2020-08-16T06:44:13Z INFO  dt_client_bytes] Publish 99
2020-08-16T06:44:13.666577590Z  [2020-08-16T06:44:13Z INFO  dt_client_bytes] 99::38162cb0-e585-43d7-b55d-5c240b2bfb7c/3142192f-6bae-4f12-a6f3-5464dc37e790/d0a71d84-b80f-4558-beac-8887750652e3 "99 UP9Zdh104o9P6b3iQBC49ROsDpK9BD9bzN3L6ianQT2ajjJsqFpnuDfPGRfoM"
2020-08-16T06:44:13.666637632Z  [2020-08-16T06:44:13Z INFO  dt_client_bytes] Publish 100
2020-08-16T06:44:13.666652996Z  [2020-08-16T06:44:13Z INFO  dt_client_bytes] NotificationCounter {
2020-08-16T06:44:13.666665306Z          Pub: 100,
2020-08-16T06:44:13.666676833Z          PubAck: 90,
2020-08-16T06:44:13.666717793Z          PubRec: 0,
2020-08-16T06:44:13.666730085Z          PubRel: 0,
2020-08-16T06:44:13.666741751Z          PubComp: 0,
2020-08-16T06:44:13.666753480Z      }
2020-08-16T06:44:13.677938794Z  [2020-08-16T06:44:13Z INFO  dt_client_bytes] Thread 38162cb0-e585-43d7-b55d-5c240b2bfb7c/3142192f-6bae-4f12-a6f3-5464dc37e790/d0a71d84-b80f-4558-beac-8887750652e3 done with 100 messages.
2020-08-16T06:44:13.702553700Z  [2020-08-16T06:44:13Z INFO  dt_client_bytes] PubAck { pkid: 91 }
2020-08-16T06:44:13.702640318Z  [2020-08-16T06:44:13Z INFO  dt_client_bytes] NotificationCounter {
2020-08-16T06:44:13.702699248Z          Pub: 100,
2020-08-16T06:44:13.702722052Z          PubAck: 91,
2020-08-16T06:44:13.702739559Z          PubRec: 0,
2020-08-16T06:44:13.702794286Z          PubRel: 0,
2020-08-16T06:44:13.702817401Z          PubComp: 0,
2020-08-16T06:44:13.702836358Z      }
2020-08-16T06:44:13.764652417Z  [2020-08-16T06:44:13Z INFO  dt_client_bytes] PubAck { pkid: 92 }
2020-08-16T06:44:13.764739785Z  [2020-08-16T06:44:13Z INFO  dt_client_bytes] NotificationCounter {
2020-08-16T06:44:13.764802028Z          Pub: 100,
2020-08-16T06:44:13.764823509Z          PubAck: 92,
2020-08-16T06:44:13.764852588Z          PubRec: 0,
2020-08-16T06:44:13.764902676Z          PubRel: 0,
2020-08-16T06:44:13.764941715Z          PubComp: 0,
2020-08-16T06:44:13.765018849Z      }
2020-08-16T06:44:13.765863550Z  [2020-08-16T06:44:13Z INFO  dt_client_bytes] PubAck { pkid: 93 }
2020-08-16T06:44:13.765938934Z  [2020-08-16T06:44:13Z INFO  dt_client_bytes] NotificationCounter {
2020-08-16T06:44:13.765959951Z          Pub: 100,
2020-08-16T06:44:13.766018772Z          PubAck: 93,
2020-08-16T06:44:13.766041053Z          PubRec: 0,
2020-08-16T06:44:13.766058603Z          PubRel: 0,
2020-08-16T06:44:13.766113544Z          PubComp: 0,
2020-08-16T06:44:13.766136564Z      }
2020-08-16T06:44:13.767171169Z  [2020-08-16T06:44:13Z INFO  dt_client_bytes] PubAck { pkid: 94 }
2020-08-16T06:44:13.767256176Z  [2020-08-16T06:44:13Z INFO  dt_client_bytes] NotificationCounter {
2020-08-16T06:44:13.767317870Z          Pub: 100,
2020-08-16T06:44:13.767341093Z          PubAck: 94,
2020-08-16T06:44:13.767359541Z          PubRec: 0,
2020-08-16T06:44:13.767424026Z          PubRel: 0,
2020-08-16T06:44:13.767489533Z          PubComp: 0,
2020-08-16T06:44:13.767511656Z      }
2020-08-16T06:44:13.768506137Z  [2020-08-16T06:44:13Z INFO  dt_client_bytes] PubAck { pkid: 95 }
2020-08-16T06:44:13.768580461Z  [2020-08-16T06:44:13Z INFO  dt_client_bytes] NotificationCounter {
2020-08-16T06:44:13.768601445Z          Pub: 100,
2020-08-16T06:44:13.768656649Z          PubAck: 95,
2020-08-16T06:44:13.768679939Z          PubRec: 0,
2020-08-16T06:44:13.768697649Z          PubRel: 0,
2020-08-16T06:44:13.768752040Z          PubComp: 0,
2020-08-16T06:44:13.768775321Z      }
2020-08-16T06:44:13.768793351Z  [2020-08-16T06:44:13Z INFO  dt_client_bytes] PubAck { pkid: 96 }
2020-08-16T06:44:13.768849309Z  [2020-08-16T06:44:13Z INFO  dt_client_bytes] NotificationCounter {
2020-08-16T06:44:13.768873395Z          Pub: 100,
2020-08-16T06:44:13.768891739Z          PubAck: 96,
2020-08-16T06:44:13.768945596Z          PubRec: 0,
2020-08-16T06:44:13.768968523Z          PubRel: 0,
2020-08-16T06:44:13.768986460Z          PubComp: 0,
2020-08-16T06:44:13.769041645Z      }
2020-08-16T06:44:13.769785641Z  [2020-08-16T06:44:13Z INFO  dt_client_bytes] PubAck { pkid: 97 }
2020-08-16T06:44:13.769867141Z  [2020-08-16T06:44:13Z INFO  dt_client_bytes] NotificationCounter {
2020-08-16T06:44:13.769885773Z          Pub: 100,
2020-08-16T06:44:13.769900894Z          PubAck: 97,
2020-08-16T06:44:13.769948810Z          PubRec: 0,
2020-08-16T06:44:13.769966565Z          PubRel: 0,
2020-08-16T06:44:13.769981582Z          PubComp: 0,
2020-08-16T06:44:13.770000451Z      }
2020-08-16T06:44:13.878546799Z  [2020-08-16T06:44:13Z INFO  dt_client_bytes] PubAck { pkid: 98 }
2020-08-16T06:44:13.878650947Z  [2020-08-16T06:44:13Z INFO  dt_client_bytes] NotificationCounter {
2020-08-16T06:44:13.878674574Z          Pub: 100,
2020-08-16T06:44:13.878730668Z          PubAck: 98,
2020-08-16T06:44:13.878752532Z          PubRec: 0,
2020-08-16T06:44:13.878771323Z          PubRel: 0,
2020-08-16T06:44:13.878826123Z          PubComp: 0,
2020-08-16T06:44:13.878848496Z      }
2020-08-16T06:44:13.879862608Z  [2020-08-16T06:44:13Z INFO  dt_client_bytes] PubAck { pkid: 99 }
2020-08-16T06:44:13.879937605Z  [2020-08-16T06:44:13Z INFO  dt_client_bytes] NotificationCounter {
2020-08-16T06:44:13.879955757Z          Pub: 100,
2020-08-16T06:44:13.879970785Z          PubAck: 99,
2020-08-16T06:44:13.880032716Z          PubRec: 0,
2020-08-16T06:44:13.880055470Z          PubRel: 0,
2020-08-16T06:44:13.880073330Z          PubComp: 0,
2020-08-16T06:44:13.880128131Z      }
2020-08-16T06:44:13.881088200Z  [2020-08-16T06:44:13Z INFO  dt_client_bytes] PubAck { pkid: 100 }
2020-08-16T06:44:13.881158865Z  [2020-08-16T06:44:13Z INFO  dt_client_bytes] NotificationCounter {
2020-08-16T06:44:13.881179959Z          Pub: 100,
2020-08-16T06:44:13.881197389Z          PubAck: 100,
2020-08-16T06:44:13.881260093Z          PubRec: 0,
2020-08-16T06:44:13.881278290Z          PubRel: 0,
2020-08-16T06:44:13.881295750Z          PubComp: 0,
2020-08-16T06:44:13.881389995Z      }
2020-08-16T06:44:42.549719436Z  [2020-08-16T06:44:42Z INFO  dt_client_bytes] NotificationCounter {
2020-08-16T06:44:42.549817509Z          Pub: 100,
2020-08-16T06:44:42.549836987Z          PubAck: 100,
2020-08-16T06:44:42.549885840Z          PubRec: 0,
2020-08-16T06:44:42.549905861Z          PubRel: 0,
2020-08-16T06:44:42.549921061Z          PubComp: 0,
2020-08-16T06:44:42.549935551Z      }
2020-08-16T06:44:42.601768516Z  [2020-08-16T06:44:42Z INFO  dt_client_bytes] NotificationCounter {
2020-08-16T06:44:42.601802713Z          Pub: 100,
2020-08-16T06:44:42.601850976Z          PubAck: 100,
2020-08-16T06:44:42.601866292Z          PubRec: 0,
2020-08-16T06:44:42.601879025Z          PubRel: 0,
2020-08-16T06:44:42.601891637Z          PubComp: 0,
2020-08-16T06:44:42.601904337Z      }
2020-08-16T06:45:12.551755903Z  [2020-08-16T06:45:12Z INFO  dt_client_bytes] NotificationCounter {
2020-08-16T06:45:12.551937871Z          Pub: 100,
2020-08-16T06:45:12.551964498Z          PubAck: 100,
2020-08-16T06:45:12.552023580Z          PubRec: 0,
2020-08-16T06:45:12.552073427Z          PubRel: 0,
2020-08-16T06:45:12.552140136Z          PubComp: 0,
2020-08-16T06:45:12.552158340Z      }
2020-08-16T06:45:12.618087292Z  [2020-08-16T06:45:12Z INFO  dt_client_bytes] NotificationCounter {
2020-08-16T06:45:12.618179777Z          Pub: 100,
2020-08-16T06:45:12.618241342Z          PubAck: 100,
2020-08-16T06:45:12.618262179Z          PubRec: 0,
2020-08-16T06:45:12.618279566Z          PubRel: 0,
2020-08-16T06:45:12.618335457Z          PubComp: 0,
2020-08-16T06:45:12.618355718Z      }
2020-08-16T06:45:42.552187393Z  [2020-08-16T06:45:42Z INFO  dt_client_bytes] NotificationCounter {
2020-08-16T06:45:42.552265015Z          Pub: 100,
2020-08-16T06:45:42.552287918Z          PubAck: 100,
2020-08-16T06:45:42.552306609Z          PubRec: 0,
2020-08-16T06:45:42.552324902Z          PubRel: 0,
2020-08-16T06:45:42.552343166Z          PubComp: 0,
2020-08-16T06:45:42.552361193Z      }
2020-08-16T06:45:42.610687690Z  [2020-08-16T06:45:42Z INFO  dt_client_bytes] NotificationCounter {
2020-08-16T06:45:42.610757668Z          Pub: 100,
2020-08-16T06:45:42.610781266Z          PubAck: 100,
2020-08-16T06:45:42.610799956Z          PubRec: 0,
2020-08-16T06:45:42.610818226Z          PubRel: 0,
2020-08-16T06:45:42.610836147Z          PubComp: 0,
2020-08-16T06:45:42.610854140Z      }
2020-08-16T06:46:12.553780299Z  [2020-08-16T06:46:12Z INFO  dt_client_bytes] NotificationCounter {
2020-08-16T06:46:12.553842318Z          Pub: 100,
2020-08-16T06:46:12.553863702Z          PubAck: 100,
2020-08-16T06:46:12.553881998Z          PubRec: 0,
2020-08-16T06:46:12.553899976Z          PubRel: 0,
2020-08-16T06:46:12.553921499Z          PubComp: 0,
2020-08-16T06:46:12.553939717Z      }
2020-08-16T06:46:12.627543729Z  [2020-08-16T06:46:12Z INFO  dt_client_bytes] NotificationCounter {
2020-08-16T06:46:12.627636055Z          Pub: 100,
2020-08-16T06:46:12.627659815Z          PubAck: 100,
2020-08-16T06:46:12.627717873Z          PubRec: 0,
2020-08-16T06:46:12.627741214Z          PubRel: 0,
2020-08-16T06:46:12.627759780Z          PubComp: 0,
2020-08-16T06:46:12.627819995Z      }
