2020-08-16T06:44:09.933285348Z  [2020-08-16T06:44:09Z INFO  dt_client_bytes] Starting client. Host at mqtt-broker:1883
2020-08-16T06:44:09.933360615Z  [2020-08-16T06:44:09Z INFO  dt_client_bytes] Thread of topic 38162cb0-e585-43d7-b55d-5c240b2bfb7c/3142192f-6bae-4f12-a6f3-5464dc37e790/d0a71d84-b80f-4558-beac-8887750652e3
2020-08-16T06:44:09.933388020Z  [2020-08-16T06:44:09Z INFO  dt_client_bytes] 0::38162cb0-e585-43d7-b55d-5c240b2bfb7c/3142192f-6bae-4f12-a6f3-5464dc37e790/d0a71d84-b80f-4558-beac-8887750652e3 "0 QaHoY0sY6Y10d58eZ6WoFoHey2NvlehqzWdySz3Gulc8RNyxKprcj17gICbUJF"
2020-08-16T06:44:09.938806962Z  [2020-08-16T06:44:09Z INFO  dt_client_bytes] 1::38162cb0-e585-43d7-b55d-5c240b2bfb7c/3142192f-6bae-4f12-a6f3-5464dc37e790/d0a71d84-b80f-4558-beac-8887750652e3 "1 n7fzrGXBJ6kKcFoG8ollTxUTc3pM9br9CiB324XKOpo4o91i7rX31YtVIjSSTX"
2020-08-16T06:44:09.949934872Z  [2020-08-16T06:44:09Z INFO  dt_client_bytes] 2::38162cb0-e585-43d7-b55d-5c240b2bfb7c/3142192f-6bae-4f12-a6f3-5464dc37e790/d0a71d84-b80f-4558-beac-8887750652e3 "2 eQKq1RhnCHuW4rfW41Yfh5bM3NRLuNoaOXhV9woQLznoZcFDNzRJKzPxKTFhpB"
2020-08-16T06:44:09.961069121Z  [2020-08-16T06:44:09Z INFO  dt_client_bytes] 3::38162cb0-e585-43d7-b55d-5c240b2bfb7c/3142192f-6bae-4f12-a6f3-5464dc37e790/d0a71d84-b80f-4558-beac-8887750652e3 "3 0pW6aBXevYN0dAab18ZGjJjS4adZJZpj0x0zjIFquyE0WMyGwFEQFJP5QCx0dA"
2020-08-16T06:44:09.972277945Z  [2020-08-16T06:44:09Z INFO  dt_client_bytes] 4::38162cb0-e585-43d7-b55d-5c240b2bfb7c/3142192f-6bae-4f12-a6f3-5464dc37e790/d0a71d84-b80f-4558-beac-8887750652e3 "4 frqckRQ2ARwZTQxCEKT8M2fJxXFjK62Jj2WN38A7GUjCHkwL89ctNicvfU7uhd"
2020-08-16T06:44:09.983573357Z  [2020-08-16T06:44:09Z INFO  dt_client_bytes] 5::38162cb0-e585-43d7-b55d-5c240b2bfb7c/3142192f-6bae-4f12-a6f3-5464dc37e790/d0a71d84-b80f-4558-beac-8887750652e3 "5 lKud0TZhjR2qh4rfMN8ZDHLCpmB1WixC1XqgJ8EGFzHNazPNI7yHNS12tnmwKC"
2020-08-16T06:44:09.994827052Z  [2020-08-16T06:44:09Z INFO  dt_client_bytes] 6::38162cb0-e585-43d7-b55d-5c240b2bfb7c/3142192f-6bae-4f12-a6f3-5464dc37e790/d0a71d84-b80f-4558-beac-8887750652e3 "6 HzaWFeChXXHFHku1H3Q4kyQ69N3r7yAATjic3kYeAOVw7QrpdksdzY2TLygaSb"
2020-08-16T06:44:10.005776164Z  [2020-08-16T06:44:10Z INFO  dt_client_bytes] 7::38162cb0-e585-43d7-b55d-5c240b2bfb7c/3142192f-6bae-4f12-a6f3-5464dc37e790/d0a71d84-b80f-4558-beac-8887750652e3 "7 QCHCqQZCtmkCrRkLhwTalFj9OVlTEYN2QwAKEMrFE9y5tjBhZwEGwX1sCRrN9m"
2020-08-16T06:44:10.016905078Z  [2020-08-16T06:44:10Z INFO  dt_client_bytes] 8::38162cb0-e585-43d7-b55d-5c240b2bfb7c/3142192f-6bae-4f12-a6f3-5464dc37e790/d0a71d84-b80f-4558-beac-8887750652e3 "8 1P5zQUCmKRxlJqo08iXhRkimiFEWkhYXlUY2ZGoKKYBuyzLVPZNCcvbR6WPXT1"
2020-08-16T06:44:10.028039738Z  [2020-08-16T06:44:10Z INFO  dt_client_bytes] 9::38162cb0-e585-43d7-b55d-5c240b2bfb7c/3142192f-6bae-4f12-a6f3-5464dc37e790/d0a71d84-b80f-4558-beac-8887750652e3 "9 0rhuILYRFWwVOTus3k6VTrXfjEK23flGhFyQSUjvNT9JlebXsAL0dfXScXuA1E"
2020-08-16T06:44:10.039187266Z  [2020-08-16T06:44:10Z INFO  dt_client_bytes] 10::38162cb0-e585-43d7-b55d-5c240b2bfb7c/3142192f-6bae-4f12-a6f3-5464dc37e790/d0a71d84-b80f-4558-beac-8887750652e3 "10 ZvIjXjvYqcTpCvnstp2qe5nxsoCF8AGCj9N0Yb8waH8eGk2G69VB9Kwydk0UP"
2020-08-16T06:44:10.050325614Z  [2020-08-16T06:44:10Z INFO  dt_client_bytes] 11::38162cb0-e585-43d7-b55d-5c240b2bfb7c/3142192f-6bae-4f12-a6f3-5464dc37e790/d0a71d84-b80f-4558-beac-8887750652e3 "11 JCJmjEqe05HyttdwpsAvY8eJyJi4K3pOODQAAcux3MBIwo7ld1puyWqbxlPGs"
2020-08-16T06:44:10.057275214Z  [2020-08-16T06:44:10Z INFO  dt_client_bytes] Publish 1
2020-08-16T06:44:10.058437372Z  [2020-08-16T06:44:10Z INFO  dt_client_bytes] Publish 2
2020-08-16T06:44:10.059635262Z  [2020-08-16T06:44:10Z INFO  dt_client_bytes] Publish 3
2020-08-16T06:44:10.060852504Z  [2020-08-16T06:44:10Z INFO  dt_client_bytes] Publish 4
2020-08-16T06:44:10.062511346Z  [2020-08-16T06:44:10Z INFO  dt_client_bytes] Publish 5
2020-08-16T06:44:10.062592551Z  [2020-08-16T06:44:10Z INFO  dt_client_bytes] 12::38162cb0-e585-43d7-b55d-5c240b2bfb7c/3142192f-6bae-4f12-a6f3-5464dc37e790/d0a71d84-b80f-4558-beac-8887750652e3 "12 P7r8JHxiL9zOKI4IOLSn1Q73RXpx5rTFhAwJxAPfUIJO1EdmpFreRtnZHTMrg"
2020-08-16T06:44:10.062604656Z  [2020-08-16T06:44:10Z INFO  dt_client_bytes] Publish 6
2020-08-16T06:44:10.063186174Z  [2020-08-16T06:44:10Z INFO  dt_client_bytes] Publish 7
2020-08-16T06:44:10.064340658Z  [2020-08-16T06:44:10Z INFO  dt_client_bytes] Publish 8
2020-08-16T06:44:10.065620590Z  [2020-08-16T06:44:10Z INFO  dt_client_bytes] Publish 9
2020-08-16T06:44:10.066699271Z  [2020-08-16T06:44:10Z INFO  dt_client_bytes] Publish 10
2020-08-16T06:44:10.067851830Z  [2020-08-16T06:44:10Z INFO  dt_client_bytes] Publish 11
2020-08-16T06:44:10.069085367Z  [2020-08-16T06:44:10Z INFO  dt_client_bytes] Publish 12
2020-08-16T06:44:10.070163417Z  [2020-08-16T06:44:10Z INFO  dt_client_bytes] Publish 13
2020-08-16T06:44:10.074107095Z  [2020-08-16T06:44:10Z INFO  dt_client_bytes] 13::38162cb0-e585-43d7-b55d-5c240b2bfb7c/3142192f-6bae-4f12-a6f3-5464dc37e790/d0a71d84-b80f-4558-beac-8887750652e3 "13 NJ8LeIpQXP57WF1NoAGTfDBoEnTfndfawQxgpJJ0R5wetSivPzKwBBNKMNSYn"
2020-08-16T06:44:10.074128209Z  [2020-08-16T06:44:10Z INFO  dt_client_bytes] Publish 14
2020-08-16T06:44:10.085544352Z  [2020-08-16T06:44:10Z INFO  dt_client_bytes] 14::38162cb0-e585-43d7-b55d-5c240b2bfb7c/3142192f-6bae-4f12-a6f3-5464dc37e790/d0a71d84-b80f-4558-beac-8887750652e3 "14 i6UvGoYRGDT0sREIzGa9cIG5xBMxzHHH0Lw5VbYI8lz9QGOUJ7IPQauDlDXMG"
2020-08-16T06:44:10.085565867Z  [2020-08-16T06:44:10Z INFO  dt_client_bytes] Publish 15
2020-08-16T06:44:10.104446777Z  [2020-08-16T06:44:10Z INFO  dt_client_bytes] 15::38162cb0-e585-43d7-b55d-5c240b2bfb7c/3142192f-6bae-4f12-a6f3-5464dc37e790/d0a71d84-b80f-4558-beac-8887750652e3 "15 SUFTBedmKUrtywW1X4VUFEB7dxoYHAmf1sPNoJPcn3jqKE0hBLqyZVmaGTO50"
2020-08-16T06:44:10.104485117Z  [2020-08-16T06:44:10Z INFO  dt_client_bytes] Publish 16
2020-08-16T06:44:10.108644538Z  [2020-08-16T06:44:10Z INFO  dt_client_bytes] 16::38162cb0-e585-43d7-b55d-5c240b2bfb7c/3142192f-6bae-4f12-a6f3-5464dc37e790/d0a71d84-b80f-4558-beac-8887750652e3 "16 fuD1LpmemESXUZE8DS8n0oegfrOeD1SCvqAAndg38qxpOR9mFRGks3vBmsHMf"
2020-08-16T06:44:10.108668384Z  [2020-08-16T06:44:10Z INFO  dt_client_bytes] Publish 17
2020-08-16T06:44:10.117673643Z  [2020-08-16T06:44:10Z INFO  dt_client_bytes] PubAck { pkid: 1 }
2020-08-16T06:44:10.118859535Z  [2020-08-16T06:44:10Z INFO  dt_client_bytes] 17::38162cb0-e585-43d7-b55d-5c240b2bfb7c/3142192f-6bae-4f12-a6f3-5464dc37e790/d0a71d84-b80f-4558-beac-8887750652e3 "17 C8z7IgMKW6djywNRCtlz5VGZwlTROCHe119ZASx3HrOvEAzhfR9HM53hwYImV"
2020-08-16T06:44:10.118879724Z  [2020-08-16T06:44:10Z INFO  dt_client_bytes] Publish 18
2020-08-16T06:44:10.129393033Z  [2020-08-16T06:44:10Z INFO  dt_client_bytes] 18::38162cb0-e585-43d7-b55d-5c240b2bfb7c/3142192f-6bae-4f12-a6f3-5464dc37e790/d0a71d84-b80f-4558-beac-8887750652e3 "18 QjGrYBhYg5Ugep9LmSGi97m5659A0vlrjlRR0ksFkICRQSWq3JcQr4M9O5ZKs"
2020-08-16T06:44:10.129488299Z  [2020-08-16T06:44:10Z INFO  dt_client_bytes] Publish 19
2020-08-16T06:44:10.140912670Z  [2020-08-16T06:44:10Z INFO  dt_client_bytes] 19::38162cb0-e585-43d7-b55d-5c240b2bfb7c/3142192f-6bae-4f12-a6f3-5464dc37e790/d0a71d84-b80f-4558-beac-8887750652e3 "19 WaiNbVHHVjUPlkgo7OvpTpLmIe8p2PPcVZTx18hMcygAOProzNGbHJ0lBrsOJ"
2020-08-16T06:44:10.140950310Z  [2020-08-16T06:44:10Z INFO  dt_client_bytes] Publish 20
2020-08-16T06:44:10.152212907Z  [2020-08-16T06:44:10Z INFO  dt_client_bytes] 20::38162cb0-e585-43d7-b55d-5c240b2bfb7c/3142192f-6bae-4f12-a6f3-5464dc37e790/d0a71d84-b80f-4558-beac-8887750652e3 "20 P9LNSUFBPZyRat6ByX5RoOJVLKzZX6rChPNriiJUQZ9Kw5xILH4wY3UuZTRAd"
2020-08-16T06:44:10.152276809Z  [2020-08-16T06:44:10Z INFO  dt_client_bytes] Publish 21
2020-08-16T06:44:10.163530628Z  [2020-08-16T06:44:10Z INFO  dt_client_bytes] 21::38162cb0-e585-43d7-b55d-5c240b2bfb7c/3142192f-6bae-4f12-a6f3-5464dc37e790/d0a71d84-b80f-4558-beac-8887750652e3 "21 K1FSFL4YKQtDAC6DSpc12i6qRm1UtI9f3oogBLLHR7nrfanrQSsdKRGhadFYf"
2020-08-16T06:44:10.163551627Z  [2020-08-16T06:44:10Z INFO  dt_client_bytes] Publish 22
2020-08-16T06:44:10.170697810Z  [2020-08-16T06:44:10Z INFO  dt_client_bytes] PubAck { pkid: 2 }
2020-08-16T06:44:10.171805302Z  [2020-08-16T06:44:10Z INFO  dt_client_bytes] PubAck { pkid: 3 }
2020-08-16T06:44:10.172932989Z  [2020-08-16T06:44:10Z INFO  dt_client_bytes] PubAck { pkid: 4 }
2020-08-16T06:44:10.174122548Z  [2020-08-16T06:44:10Z INFO  dt_client_bytes] PubAck { pkid: 5 }
2020-08-16T06:44:10.174167361Z  [2020-08-16T06:44:10Z INFO  dt_client_bytes] 22::38162cb0-e585-43d7-b55d-5c240b2bfb7c/3142192f-6bae-4f12-a6f3-5464dc37e790/d0a71d84-b80f-4558-beac-8887750652e3 "22 OsWNeDdAZhHMXTKVsCkxEiCRkoZQt7w4aXmOKYXlSkRPWfdUL9fc57qXBLgQl"
2020-08-16T06:44:10.175245532Z  [2020-08-16T06:44:10Z INFO  dt_client_bytes] PubAck { pkid: 6 }
2020-08-16T06:44:10.176439429Z  [2020-08-16T06:44:10Z INFO  dt_client_bytes] Publish 23
2020-08-16T06:44:10.177576060Z  [2020-08-16T06:44:10Z INFO  dt_client_bytes] PubAck { pkid: 7 }
2020-08-16T06:44:10.178707275Z  [2020-08-16T06:44:10Z INFO  dt_client_bytes] PubAck { pkid: 8 }
2020-08-16T06:44:10.186374228Z  [2020-08-16T06:44:10Z INFO  dt_client_bytes] 23::38162cb0-e585-43d7-b55d-5c240b2bfb7c/3142192f-6bae-4f12-a6f3-5464dc37e790/d0a71d84-b80f-4558-beac-8887750652e3 "23 AtCKjRWLlpd5ZQpEpmatAAZauHKtIXXDTZl86kE0h9Z9gOR59Q7trIUh4Vcxf"
2020-08-16T06:44:10.186396935Z  [2020-08-16T06:44:10Z INFO  dt_client_bytes] Publish 24
2020-08-16T06:44:10.197845075Z  [2020-08-16T06:44:10Z INFO  dt_client_bytes] 24::38162cb0-e585-43d7-b55d-5c240b2bfb7c/3142192f-6bae-4f12-a6f3-5464dc37e790/d0a71d84-b80f-4558-beac-8887750652e3 "24 nk2OP1bBXrAlp8w3i5PTrRRdEdUcJ1D368kS6gqguOGJaPr9rrxovqKfkxTu0"
2020-08-16T06:44:10.197868610Z  [2020-08-16T06:44:10Z INFO  dt_client_bytes] Publish 25
2020-08-16T06:44:10.209143556Z  [2020-08-16T06:44:10Z INFO  dt_client_bytes] 25::38162cb0-e585-43d7-b55d-5c240b2bfb7c/3142192f-6bae-4f12-a6f3-5464dc37e790/d0a71d84-b80f-4558-beac-8887750652e3 "25 vcLdjh7ubZ1eH39bby7IhTRPyuqTJN6UdVxY4frY3Bql3MpYsmCcnXMDGJlNa"
2020-08-16T06:44:10.209193181Z  [2020-08-16T06:44:10Z INFO  dt_client_bytes] Publish 26
2020-08-16T06:44:10.220555902Z  [2020-08-16T06:44:10Z INFO  dt_client_bytes] 26::38162cb0-e585-43d7-b55d-5c240b2bfb7c/3142192f-6bae-4f12-a6f3-5464dc37e790/d0a71d84-b80f-4558-beac-8887750652e3 "26 JZylaDhYqeUyQGoarV1GmsFz5LwhfyytXeSruGyh8QPQXlX72aE6vFBF2Ex0Y"
2020-08-16T06:44:10.220604204Z  [2020-08-16T06:44:10Z INFO  dt_client_bytes] Publish 27
2020-08-16T06:44:10.232163795Z  [2020-08-16T06:44:10Z INFO  dt_client_bytes] 27::38162cb0-e585-43d7-b55d-5c240b2bfb7c/3142192f-6bae-4f12-a6f3-5464dc37e790/d0a71d84-b80f-4558-beac-8887750652e3 "27 wElB75UDtvFP5aHdAl4uMAEg7DseKklJlV8kf71nkBEHsAHUpAdYPakHbnhlQ"
2020-08-16T06:44:10.232200645Z  [2020-08-16T06:44:10Z INFO  dt_client_bytes] Publish 28
2020-08-16T06:44:10.255723051Z  [2020-08-16T06:44:10Z INFO  dt_client_bytes] 28::38162cb0-e585-43d7-b55d-5c240b2bfb7c/3142192f-6bae-4f12-a6f3-5464dc37e790/d0a71d84-b80f-4558-beac-8887750652e3 "28 ZjvQjVInmDoRl2ZurOJ9nA8GWhK4p4OLMQ1AngP872IbXYqu6pY6971uLxLVN"
2020-08-16T06:44:10.255747079Z  [2020-08-16T06:44:10Z INFO  dt_client_bytes] Publish 29
2020-08-16T06:44:10.255757345Z  [2020-08-16T06:44:10Z INFO  dt_client_bytes] 29::38162cb0-e585-43d7-b55d-5c240b2bfb7c/3142192f-6bae-4f12-a6f3-5464dc37e790/d0a71d84-b80f-4558-beac-8887750652e3 "29 IUvdL34glZ6QVkQIO9EDxU6sPalnWTXsdTgo3Grt3w7a40g5KDfgr4C83aNcB"
2020-08-16T06:44:10.255780033Z  [2020-08-16T06:44:10Z INFO  dt_client_bytes] Publish 30
2020-08-16T06:44:10.269844754Z  [2020-08-16T06:44:10Z INFO  dt_client_bytes] 30::38162cb0-e585-43d7-b55d-5c240b2bfb7c/3142192f-6bae-4f12-a6f3-5464dc37e790/d0a71d84-b80f-4558-beac-8887750652e3 "30 7VDGOm8zAQOAx78LnXSy1zVnoo2FI5RPHOpugJzjXBY980mjRxyC8DjcX3xhM"
2020-08-16T06:44:10.269882140Z  [2020-08-16T06:44:10Z INFO  dt_client_bytes] Publish 31
2020-08-16T06:44:10.270983185Z  [2020-08-16T06:44:10Z INFO  dt_client_bytes] PubAck { pkid: 9 }
2020-08-16T06:44:10.272105114Z  [2020-08-16T06:44:10Z INFO  dt_client_bytes] PubAck { pkid: 10 }
2020-08-16T06:44:10.273233162Z  [2020-08-16T06:44:10Z INFO  dt_client_bytes] PubAck { pkid: 11 }
2020-08-16T06:44:10.275228519Z  [2020-08-16T06:44:10Z INFO  dt_client_bytes] PubAck { pkid: 12 }
2020-08-16T06:44:10.275580848Z  [2020-08-16T06:44:10Z INFO  dt_client_bytes] PubAck { pkid: 13 }
2020-08-16T06:44:10.276718860Z  [2020-08-16T06:44:10Z INFO  dt_client_bytes] PubAck { pkid: 14 }
2020-08-16T06:44:10.277898988Z  [2020-08-16T06:44:10Z INFO  dt_client_bytes] PubAck { pkid: 15 }
2020-08-16T06:44:10.277917193Z  [2020-08-16T06:44:10Z INFO  dt_client_bytes] 31::38162cb0-e585-43d7-b55d-5c240b2bfb7c/3142192f-6bae-4f12-a6f3-5464dc37e790/d0a71d84-b80f-4558-beac-8887750652e3 "31 6Q39Af9ICi1BZ9JBgvaPoTJv6aZ28qBinmPVj255OK36X51W4zCn6tJtfd4n1"
2020-08-16T06:44:10.279023794Z  [2020-08-16T06:44:10Z INFO  dt_client_bytes] PubAck { pkid: 16 }
2020-08-16T06:44:10.280183615Z  [2020-08-16T06:44:10Z INFO  dt_client_bytes] PubAck { pkid: 17 }
2020-08-16T06:44:10.281367546Z  [2020-08-16T06:44:10Z INFO  dt_client_bytes] PubAck { pkid: 18 }
2020-08-16T06:44:10.282480970Z  [2020-08-16T06:44:10Z INFO  dt_client_bytes] PubAck { pkid: 19 }
2020-08-16T06:44:10.284328077Z  [2020-08-16T06:44:10Z INFO  dt_client_bytes] PubAck { pkid: 20 }
2020-08-16T06:44:10.284791404Z  [2020-08-16T06:44:10Z INFO  dt_client_bytes] Publish 32
2020-08-16T06:44:10.285968604Z  [2020-08-16T06:44:10Z INFO  dt_client_bytes] PubAck { pkid: 21 }
2020-08-16T06:44:10.285986005Z  [2020-08-16T06:44:10Z INFO  dt_client_bytes] PubAck { pkid: 22 }
2020-08-16T06:44:10.288737686Z  [2020-08-16T06:44:10Z INFO  dt_client_bytes] 32::38162cb0-e585-43d7-b55d-5c240b2bfb7c/3142192f-6bae-4f12-a6f3-5464dc37e790/d0a71d84-b80f-4558-beac-8887750652e3 "32 Hx4J6eWBd51sQoFqZECe4bePnrsuEzV3yfCwvtu9FjGFVGkePcMnJ4qE8ERRA"
2020-08-16T06:44:10.288758256Z  [2020-08-16T06:44:10Z INFO  dt_client_bytes] Publish 33
2020-08-16T06:44:10.302443808Z  [2020-08-16T06:44:10Z INFO  dt_client_bytes] 33::38162cb0-e585-43d7-b55d-5c240b2bfb7c/3142192f-6bae-4f12-a6f3-5464dc37e790/d0a71d84-b80f-4558-beac-8887750652e3 "33 AS6udTjAP002qeMNlcN4EfzSBHaBCST3UlJjabiiC4UQWQmghMiDVqHkEBKkc"
2020-08-16T06:44:10.302469081Z  [2020-08-16T06:44:10Z INFO  dt_client_bytes] Publish 34
2020-08-16T06:44:10.329220501Z  [2020-08-16T06:44:10Z INFO  dt_client_bytes] 34::38162cb0-e585-43d7-b55d-5c240b2bfb7c/3142192f-6bae-4f12-a6f3-5464dc37e790/d0a71d84-b80f-4558-beac-8887750652e3 "34 xx9PtCN5bJao5H0x6QEQTRpO5oMkpXmTHrWPgNO4YQ3v8PnzeWwdZljF5dHpr"
2020-08-16T06:44:10.329249560Z  [2020-08-16T06:44:10Z INFO  dt_client_bytes] Publish 35
2020-08-16T06:44:10.329260688Z  [2020-08-16T06:44:10Z INFO  dt_client_bytes] PubAck { pkid: 23 }
2020-08-16T06:44:10.331619295Z  [2020-08-16T06:44:10Z INFO  dt_client_bytes] PubAck { pkid: 24 }
2020-08-16T06:44:10.333905402Z  [2020-08-16T06:44:10Z INFO  dt_client_bytes] PubAck { pkid: 25 }
2020-08-16T06:44:10.333924295Z  [2020-08-16T06:44:10Z INFO  dt_client_bytes] PubAck { pkid: 26 }
2020-08-16T06:44:10.335513538Z  [2020-08-16T06:44:10Z INFO  dt_client_bytes] PubAck { pkid: 27 }
2020-08-16T06:44:10.339648344Z  [2020-08-16T06:44:10Z INFO  dt_client_bytes] 35::38162cb0-e585-43d7-b55d-5c240b2bfb7c/3142192f-6bae-4f12-a6f3-5464dc37e790/d0a71d84-b80f-4558-beac-8887750652e3 "35 O3knFDWJZ8dTTGiKA0PLi84O2wPDzgzWQ5iY02LzfNs55MkdQGv9gHTlVbnUT"
2020-08-16T06:44:10.339669393Z  [2020-08-16T06:44:10Z INFO  dt_client_bytes] Publish 36
2020-08-16T06:44:10.353186174Z  [2020-08-16T06:44:10Z INFO  dt_client_bytes] 36::38162cb0-e585-43d7-b55d-5c240b2bfb7c/3142192f-6bae-4f12-a6f3-5464dc37e790/d0a71d84-b80f-4558-beac-8887750652e3 "36 eXsXi1zDU0bWu3qz56hE5xYmhagWhczHvTAoOIkTDstUPITw24TorM7eJ6dB3"
2020-08-16T06:44:10.353214582Z  [2020-08-16T06:44:10Z INFO  dt_client_bytes] Publish 37
2020-08-16T06:44:10.364654656Z  [2020-08-16T06:44:10Z INFO  dt_client_bytes] 37::38162cb0-e585-43d7-b55d-5c240b2bfb7c/3142192f-6bae-4f12-a6f3-5464dc37e790/d0a71d84-b80f-4558-beac-8887750652e3 "37 OJROVX9u51fUPPDTETTYgCpvq5qm8pI5CJhNG4ZIKspzOfcOUkrEswZ7ACUmJ"
2020-08-16T06:44:10.364678381Z  [2020-08-16T06:44:10Z INFO  dt_client_bytes] Publish 38
2020-08-16T06:44:10.377088730Z  [2020-08-16T06:44:10Z INFO  dt_client_bytes] 38::38162cb0-e585-43d7-b55d-5c240b2bfb7c/3142192f-6bae-4f12-a6f3-5464dc37e790/d0a71d84-b80f-4558-beac-8887750652e3 "38 JcMFqeETuc9P6hOgBF6jDcp4AK8k8N86MecnDgUlmQcHlO2Kd7nFO3FoWHhAB"
2020-08-16T06:44:10.377111975Z  [2020-08-16T06:44:10Z INFO  dt_client_bytes] Publish 39
2020-08-16T06:44:10.387554619Z  [2020-08-16T06:44:10Z INFO  dt_client_bytes] 39::38162cb0-e585-43d7-b55d-5c240b2bfb7c/3142192f-6bae-4f12-a6f3-5464dc37e790/d0a71d84-b80f-4558-beac-8887750652e3 "39 bY3q4Fpo4Z2YkrFxBr3ribc4X2SHPUTLXNeYFGI35tqv3JnD5kDduTDmIzNlu"
2020-08-16T06:44:10.387575989Z  [2020-08-16T06:44:10Z INFO  dt_client_bytes] Publish 40
2020-08-16T06:44:10.405252858Z  [2020-08-16T06:44:10Z INFO  dt_client_bytes] 40::38162cb0-e585-43d7-b55d-5c240b2bfb7c/3142192f-6bae-4f12-a6f3-5464dc37e790/d0a71d84-b80f-4558-beac-8887750652e3 "40 lVurfo4MFa3BZxZpc2P57AzT5rFm3qGez5yO0PnL2JjhQorahCv61PvaqLINA"
2020-08-16T06:44:10.405276478Z  [2020-08-16T06:44:10Z INFO  dt_client_bytes] Publish 41
2020-08-16T06:44:10.405286838Z  [2020-08-16T06:44:10Z INFO  dt_client_bytes] PubAck { pkid: 28 }
2020-08-16T06:44:10.405295860Z  [2020-08-16T06:44:10Z INFO  dt_client_bytes] PubAck { pkid: 29 }
2020-08-16T06:44:10.405329472Z  [2020-08-16T06:44:10Z INFO  dt_client_bytes] PubAck { pkid: 30 }
2020-08-16T06:44:10.405340972Z  [2020-08-16T06:44:10Z INFO  dt_client_bytes] PubAck { pkid: 31 }
2020-08-16T06:44:10.405350337Z  [2020-08-16T06:44:10Z INFO  dt_client_bytes] PubAck { pkid: 32 }
2020-08-16T06:44:10.407712165Z  [2020-08-16T06:44:10Z INFO  dt_client_bytes] PubAck { pkid: 33 }
2020-08-16T06:44:10.407730273Z  [2020-08-16T06:44:10Z INFO  dt_client_bytes] PubAck { pkid: 34 }
2020-08-16T06:44:10.413175551Z  [2020-08-16T06:44:10Z INFO  dt_client_bytes] 41::38162cb0-e585-43d7-b55d-5c240b2bfb7c/3142192f-6bae-4f12-a6f3-5464dc37e790/d0a71d84-b80f-4558-beac-8887750652e3 "41 Y8kSZMO5gRkqs2Uceg43jiqU5s7tsxQtDIajgxs0IDCXcL40lOobZYrdbYw1w"
2020-08-16T06:44:10.413196990Z  [2020-08-16T06:44:10Z INFO  dt_client_bytes] Publish 42
2020-08-16T06:44:10.423586379Z  [2020-08-16T06:44:10Z INFO  dt_client_bytes] 42::38162cb0-e585-43d7-b55d-5c240b2bfb7c/3142192f-6bae-4f12-a6f3-5464dc37e790/d0a71d84-b80f-4558-beac-8887750652e3 "42 JbnVaw0b8xY8M0YYoUIc5mSHTMONKNDKBZI80J3AuYavPrwLMYN2DeZu7g409"
2020-08-16T06:44:10.423608233Z  [2020-08-16T06:44:10Z INFO  dt_client_bytes] Publish 43
2020-08-16T06:44:10.435676158Z  [2020-08-16T06:44:10Z INFO  dt_client_bytes] 43::38162cb0-e585-43d7-b55d-5c240b2bfb7c/3142192f-6bae-4f12-a6f3-5464dc37e790/d0a71d84-b80f-4558-beac-8887750652e3 "43 rNqeNkOaSu3XF7J870tNqxE1PZ5nIPMSB45JX0I6nHoOi3VGE8nQEGPoKrHU3"
2020-08-16T06:44:10.435697153Z  [2020-08-16T06:44:10Z INFO  dt_client_bytes] Publish 44
2020-08-16T06:44:10.445201359Z  [2020-08-16T06:44:10Z INFO  dt_client_bytes] 44::38162cb0-e585-43d7-b55d-5c240b2bfb7c/3142192f-6bae-4f12-a6f3-5464dc37e790/d0a71d84-b80f-4558-beac-8887750652e3 "44 SGuVOIaWZ8sjxpNupwHAm2MdF0NeJqHjMOlos7KBoZRjpihGbL9B5YJpKYUCn"
2020-08-16T06:44:10.445223677Z  [2020-08-16T06:44:10Z INFO  dt_client_bytes] Publish 45
2020-08-16T06:44:10.469895923Z  [2020-08-16T06:44:10Z INFO  dt_client_bytes] 45::38162cb0-e585-43d7-b55d-5c240b2bfb7c/3142192f-6bae-4f12-a6f3-5464dc37e790/d0a71d84-b80f-4558-beac-8887750652e3 "45 3OBckitBwy1reuvLA84wXpeoTkydGXV92hjLuVUOFr88z3GcrTqxgNiUaCnUY"
2020-08-16T06:44:10.470200718Z  [2020-08-16T06:44:10Z INFO  dt_client_bytes] Publish 46
2020-08-16T06:44:10.470336707Z  [2020-08-16T06:44:10Z INFO  dt_client_bytes] 46::38162cb0-e585-43d7-b55d-5c240b2bfb7c/3142192f-6bae-4f12-a6f3-5464dc37e790/d0a71d84-b80f-4558-beac-8887750652e3 "46 dW6nTffgHeUPEKXfwwH4IYbJvKRKoRVUkX9VheL0AbkM4uJ5tH58Wr9DcsSja"
2020-08-16T06:44:10.470368274Z  [2020-08-16T06:44:10Z INFO  dt_client_bytes] Publish 47
2020-08-16T06:44:10.477600131Z  [2020-08-16T06:44:10Z INFO  dt_client_bytes] PubAck { pkid: 35 }
2020-08-16T06:44:10.482561871Z  [2020-08-16T06:44:10Z INFO  dt_client_bytes] 47::38162cb0-e585-43d7-b55d-5c240b2bfb7c/3142192f-6bae-4f12-a6f3-5464dc37e790/d0a71d84-b80f-4558-beac-8887750652e3 "47 0BT4j1cVR5OaQyl9AWOcB0bNSeb1GrKytk7FOo24OLF8343lFaId7kTL2oIuw"
2020-08-16T06:44:10.482583921Z  [2020-08-16T06:44:10Z INFO  dt_client_bytes] Publish 48
2020-08-16T06:44:10.492266357Z  [2020-08-16T06:44:10Z INFO  dt_client_bytes] 48::38162cb0-e585-43d7-b55d-5c240b2bfb7c/3142192f-6bae-4f12-a6f3-5464dc37e790/d0a71d84-b80f-4558-beac-8887750652e3 "48 yF0RBamD0HhGGm8D0fLKvK2QhB4usWYn4YXAs20vjhdS7vmew0ThatEKscllh"
2020-08-16T06:44:10.492291332Z  [2020-08-16T06:44:10Z INFO  dt_client_bytes] Publish 49
2020-08-16T06:44:10.503740419Z  [2020-08-16T06:44:10Z INFO  dt_client_bytes] 49::38162cb0-e585-43d7-b55d-5c240b2bfb7c/3142192f-6bae-4f12-a6f3-5464dc37e790/d0a71d84-b80f-4558-beac-8887750652e3 "49 DXfCe8cAzFNPsAlcUdiI1Xr9PktzY4fQRgzLnhIhbaQFQChfxMPMPSjtL99UB"
2020-08-16T06:44:10.503766499Z  [2020-08-16T06:44:10Z INFO  dt_client_bytes] Publish 50
2020-08-16T06:44:10.515226115Z  [2020-08-16T06:44:10Z INFO  dt_client_bytes] 50::38162cb0-e585-43d7-b55d-5c240b2bfb7c/3142192f-6bae-4f12-a6f3-5464dc37e790/d0a71d84-b80f-4558-beac-8887750652e3 "50 XEIIYHB1xMCJiMCmpgX16xbM8pPPrqRzkmqMaiNFI8RPNCK2vrkoAPa73yh4s"
2020-08-16T06:44:10.515261060Z  [2020-08-16T06:44:10Z INFO  dt_client_bytes] Publish 51
2020-08-16T06:44:10.527191896Z  [2020-08-16T06:44:10Z INFO  dt_client_bytes] 51::38162cb0-e585-43d7-b55d-5c240b2bfb7c/3142192f-6bae-4f12-a6f3-5464dc37e790/d0a71d84-b80f-4558-beac-8887750652e3 "51 IJ885kKggHucjDJFcCXeltgGaWzE4yT16BWGQIWoiMPnmxpJhLk4wWl3CYL0F"
2020-08-16T06:44:10.527215089Z  [2020-08-16T06:44:10Z INFO  dt_client_bytes] Publish 52
2020-08-16T06:44:10.528851172Z  [2020-08-16T06:44:10Z INFO  dt_client_bytes] PubAck { pkid: 36 }
2020-08-16T06:44:10.529466840Z  [2020-08-16T06:44:10Z INFO  dt_client_bytes] PubAck { pkid: 37 }
2020-08-16T06:44:10.530586162Z  [2020-08-16T06:44:10Z INFO  dt_client_bytes] PubAck { pkid: 38 }
2020-08-16T06:44:10.531746926Z  [2020-08-16T06:44:10Z INFO  dt_client_bytes] PubAck { pkid: 39 }
2020-08-16T06:44:10.532893135Z  [2020-08-16T06:44:10Z INFO  dt_client_bytes] PubAck { pkid: 40 }
2020-08-16T06:44:10.534013371Z  [2020-08-16T06:44:10Z INFO  dt_client_bytes] PubAck { pkid: 41 }
2020-08-16T06:44:10.561992206Z  [2020-08-16T06:44:10Z INFO  dt_client_bytes] 52::38162cb0-e585-43d7-b55d-5c240b2bfb7c/3142192f-6bae-4f12-a6f3-5464dc37e790/d0a71d84-b80f-4558-beac-8887750652e3 "52 AfCBiCoCtXhodPnDq4Awxke9d5k3OH1pHMZQtXxeUb3N5cAkkg4sNYQFc7TZO"
2020-08-16T06:44:10.562020339Z  [2020-08-16T06:44:10Z INFO  dt_client_bytes] Publish 53
2020-08-16T06:44:10.562031448Z  [2020-08-16T06:44:10Z INFO  dt_client_bytes] 53::38162cb0-e585-43d7-b55d-5c240b2bfb7c/3142192f-6bae-4f12-a6f3-5464dc37e790/d0a71d84-b80f-4558-beac-8887750652e3 "53 BukAmnxI3uS2fRY4ZyaoJf2qy72MLj67IPNZ2anl07J0AX5JC6ze775NgH9YL"
2020-08-16T06:44:10.562055213Z  [2020-08-16T06:44:10Z INFO  dt_client_bytes] Publish 54
2020-08-16T06:44:10.567439528Z  [2020-08-16T06:44:10Z INFO  dt_client_bytes] 54::38162cb0-e585-43d7-b55d-5c240b2bfb7c/3142192f-6bae-4f12-a6f3-5464dc37e790/d0a71d84-b80f-4558-beac-8887750652e3 "54 w9IyYfPiTPWNriVjijtuJIk789ag026mzpk8Z16WObE7aVwt50yDWhiZXfl3f"
2020-08-16T06:44:10.567496379Z  [2020-08-16T06:44:10Z INFO  dt_client_bytes] Publish 55
2020-08-16T06:44:10.578931173Z  [2020-08-16T06:44:10Z INFO  dt_client_bytes] 55::38162cb0-e585-43d7-b55d-5c240b2bfb7c/3142192f-6bae-4f12-a6f3-5464dc37e790/d0a71d84-b80f-4558-beac-8887750652e3 "55 prPE7Oxf8DsVy3QwBfpNnRCIYGKbbWUHGAQ18bBRVmK7m8iayfOCx1WCcJfCn"
2020-08-16T06:44:10.578962817Z  [2020-08-16T06:44:10Z INFO  dt_client_bytes] Publish 56
2020-08-16T06:44:10.582640732Z  [2020-08-16T06:44:10Z INFO  dt_client_bytes] PubAck { pkid: 42 }
2020-08-16T06:44:10.582660625Z  [2020-08-16T06:44:10Z INFO  dt_client_bytes] PubAck { pkid: 43 }
2020-08-16T06:44:10.583803409Z  [2020-08-16T06:44:10Z INFO  dt_client_bytes] PubAck { pkid: 44 }
2020-08-16T06:44:10.585725887Z  [2020-08-16T06:44:10Z INFO  dt_client_bytes] PubAck { pkid: 45 }
2020-08-16T06:44:10.586049606Z  [2020-08-16T06:44:10Z INFO  dt_client_bytes] PubAck { pkid: 46 }
2020-08-16T06:44:10.588320120Z  [2020-08-16T06:44:10Z INFO  dt_client_bytes] PubAck { pkid: 47 }
2020-08-16T06:44:10.590580182Z  [2020-08-16T06:44:10Z INFO  dt_client_bytes] 56::38162cb0-e585-43d7-b55d-5c240b2bfb7c/3142192f-6bae-4f12-a6f3-5464dc37e790/d0a71d84-b80f-4558-beac-8887750652e3 "56 DxP46Oq6nQKRBTxhXHo2q56oZkhcWDVZF02k7caUqWCrBNDQR8iPgVWwb1fJJ"
2020-08-16T06:44:10.590599982Z  [2020-08-16T06:44:10Z INFO  dt_client_bytes] Publish 57
2020-08-16T06:44:10.601780178Z  [2020-08-16T06:44:10Z INFO  dt_client_bytes] 57::38162cb0-e585-43d7-b55d-5c240b2bfb7c/3142192f-6bae-4f12-a6f3-5464dc37e790/d0a71d84-b80f-4558-beac-8887750652e3 "57 BRtMGtnqeenv0t1kiQBPEB5C46YozTs7aI2ilHWWZ0meImmSapbKWJ1w5O9J0"
2020-08-16T06:44:10.601808323Z  [2020-08-16T06:44:10Z INFO  dt_client_bytes] Publish 58
2020-08-16T06:44:10.619692540Z  [2020-08-16T06:44:10Z INFO  dt_client_bytes] 58::38162cb0-e585-43d7-b55d-5c240b2bfb7c/3142192f-6bae-4f12-a6f3-5464dc37e790/d0a71d84-b80f-4558-beac-8887750652e3 "58 yopMMg6rvY71qOpj2suIWAkPFLClT5IcZHDoG6PJ80AIGBjBevr77cjraituS"
2020-08-16T06:44:10.619723282Z  [2020-08-16T06:44:10Z INFO  dt_client_bytes] Publish 59
2020-08-16T06:44:10.627006638Z  [2020-08-16T06:44:10Z INFO  dt_client_bytes] 59::38162cb0-e585-43d7-b55d-5c240b2bfb7c/3142192f-6bae-4f12-a6f3-5464dc37e790/d0a71d84-b80f-4558-beac-8887750652e3 "59 UHO2FYTrmu2NGXmC2To4vC78sNASmX1mVm8xsc3axCnoNBMyjZ1r8wzTnATNd"
2020-08-16T06:44:10.627026223Z  [2020-08-16T06:44:10Z INFO  dt_client_bytes] Publish 60
2020-08-16T06:44:10.638558116Z  [2020-08-16T06:44:10Z INFO  dt_client_bytes] 60::38162cb0-e585-43d7-b55d-5c240b2bfb7c/3142192f-6bae-4f12-a6f3-5464dc37e790/d0a71d84-b80f-4558-beac-8887750652e3 "60 m92clPsyBtyR2yrSGgZosLNVujXPceRjIP1WVcUYblPeB5yhgNb2ebo5Wm7Xv"
2020-08-16T06:44:10.638589447Z  [2020-08-16T06:44:10Z INFO  dt_client_bytes] Publish 61
2020-08-16T06:44:10.643163990Z  [2020-08-16T06:44:10Z INFO  dt_client_bytes] PubAck { pkid: 48 }
2020-08-16T06:44:10.645465141Z  [2020-08-16T06:44:10Z INFO  dt_client_bytes] PubAck { pkid: 49 }
2020-08-16T06:44:10.645499368Z  [2020-08-16T06:44:10Z INFO  dt_client_bytes] PubAck { pkid: 50 }
2020-08-16T06:44:10.647566681Z  [2020-08-16T06:44:10Z INFO  dt_client_bytes] PubAck { pkid: 51 }
2020-08-16T06:44:10.650280808Z  [2020-08-16T06:44:10Z INFO  dt_client_bytes] 61::38162cb0-e585-43d7-b55d-5c240b2bfb7c/3142192f-6bae-4f12-a6f3-5464dc37e790/d0a71d84-b80f-4558-beac-8887750652e3 "61 WRJAeAc7Y2Kbv9PXIZae6DcRI4xspAmblXP24KuzxPLXOOvRV3VrJXoruhq85"
2020-08-16T06:44:10.650319448Z  [2020-08-16T06:44:10Z INFO  dt_client_bytes] Publish 62
2020-08-16T06:44:10.663607786Z  [2020-08-16T06:44:10Z INFO  dt_client_bytes] 62::38162cb0-e585-43d7-b55d-5c240b2bfb7c/3142192f-6bae-4f12-a6f3-5464dc37e790/d0a71d84-b80f-4558-beac-8887750652e3 "62 DA8dO33UnV3n9y8Vd3NxiCuY3IGqaoxu6CVDAFnTkBhjBtdiWQrWvTkcLiYh0"
2020-08-16T06:44:10.663693389Z  [2020-08-16T06:44:10Z INFO  dt_client_bytes] Publish 63
2020-08-16T06:44:10.691578699Z  [2020-08-16T06:44:10Z INFO  dt_client_bytes] 63::38162cb0-e585-43d7-b55d-5c240b2bfb7c/3142192f-6bae-4f12-a6f3-5464dc37e790/d0a71d84-b80f-4558-beac-8887750652e3 "63 EnCZwxmnRaJgNVlLWcTokkolffAlqsggwzUZecF0ESaeDDEy6K22EMf9RC801"
2020-08-16T06:44:10.691612410Z  [2020-08-16T06:44:10Z INFO  dt_client_bytes] Publish 64
2020-08-16T06:44:10.695977666Z  [2020-08-16T06:44:10Z INFO  dt_client_bytes] 64::38162cb0-e585-43d7-b55d-5c240b2bfb7c/3142192f-6bae-4f12-a6f3-5464dc37e790/d0a71d84-b80f-4558-beac-8887750652e3 "64 ur2FNqzHyDG5R7OP7RPTrAq2GBAv57Iiv2Zgw5qWwWkx1jVjg3LpkUyvOJg3w"
2020-08-16T06:44:10.695990793Z  [2020-08-16T06:44:10Z INFO  dt_client_bytes] Publish 65
2020-08-16T06:44:10.695999895Z  [2020-08-16T06:44:10Z INFO  dt_client_bytes] PubAck { pkid: 52 }
2020-08-16T06:44:10.696008765Z  [2020-08-16T06:44:10Z INFO  dt_client_bytes] PubAck { pkid: 53 }
2020-08-16T06:44:10.696017387Z  [2020-08-16T06:44:10Z INFO  dt_client_bytes] PubAck { pkid: 54 }
2020-08-16T06:44:10.696026032Z  [2020-08-16T06:44:10Z INFO  dt_client_bytes] PubAck { pkid: 55 }
2020-08-16T06:44:10.696034599Z  [2020-08-16T06:44:10Z INFO  dt_client_bytes] PubAck { pkid: 56 }
2020-08-16T06:44:10.698646228Z  [2020-08-16T06:44:10Z INFO  dt_client_bytes] 65::38162cb0-e585-43d7-b55d-5c240b2bfb7c/3142192f-6bae-4f12-a6f3-5464dc37e790/d0a71d84-b80f-4558-beac-8887750652e3 "65 0mDbvYyYhZD4XNFj015ZNdZi8DADI9CBLW8DIw9Bnm6KRNqWb8mkzxQmfVJ33"
2020-08-16T06:44:10.698665026Z  [2020-08-16T06:44:10Z INFO  dt_client_bytes] Publish 66
2020-08-16T06:44:10.709467559Z  [2020-08-16T06:44:10Z INFO  dt_client_bytes] 66::38162cb0-e585-43d7-b55d-5c240b2bfb7c/3142192f-6bae-4f12-a6f3-5464dc37e790/d0a71d84-b80f-4558-beac-8887750652e3 "66 i9kYwXeslEPtq6ghNsN0TntatMJVj95LVCdaqvL1gYeSgg1jg94lEos2tfZfe"
2020-08-16T06:44:10.709497574Z  [2020-08-16T06:44:10Z INFO  dt_client_bytes] Publish 67
2020-08-16T06:44:10.717617722Z  [2020-08-16T06:44:10Z INFO  dt_client_bytes] 67::38162cb0-e585-43d7-b55d-5c240b2bfb7c/3142192f-6bae-4f12-a6f3-5464dc37e790/d0a71d84-b80f-4558-beac-8887750652e3 "67 DOqpeCM6RDoj8bDzd2S1IxiA9dLXVCZtDiMJdGIardDFGKFsfSWFDRzRLC5Wa"
2020-08-16T06:44:10.717652917Z  [2020-08-16T06:44:10Z INFO  dt_client_bytes] Publish 68
2020-08-16T06:44:10.739846139Z  [2020-08-16T06:44:10Z INFO  dt_client_bytes] 68::38162cb0-e585-43d7-b55d-5c240b2bfb7c/3142192f-6bae-4f12-a6f3-5464dc37e790/d0a71d84-b80f-4558-beac-8887750652e3 "68 ucocKgHHvHkjAEE5frIwAxpkCJrjzTVCx3qSu9pPD6UUakwDgiOZIZ1oTm8T2"
2020-08-16T06:44:10.739877169Z  [2020-08-16T06:44:10Z INFO  dt_client_bytes] Publish 69
2020-08-16T06:44:10.739887921Z  [2020-08-16T06:44:10Z INFO  dt_client_bytes] PubAck { pkid: 57 }
2020-08-16T06:44:10.739896801Z  [2020-08-16T06:44:10Z INFO  dt_client_bytes] PubAck { pkid: 58 }
2020-08-16T06:44:10.739981992Z  [2020-08-16T06:44:10Z INFO  dt_client_bytes] PubAck { pkid: 59 }
2020-08-16T06:44:10.741056256Z  [2020-08-16T06:44:10Z INFO  dt_client_bytes] PubAck { pkid: 60 }
2020-08-16T06:44:10.741073424Z  [2020-08-16T06:44:10Z INFO  dt_client_bytes] 69::38162cb0-e585-43d7-b55d-5c240b2bfb7c/3142192f-6bae-4f12-a6f3-5464dc37e790/d0a71d84-b80f-4558-beac-8887750652e3 "69 0JxFT9oFu3GqaJgeZ1EQlcm9a8RrDrYIHaqnCwUNaFSIwiAFtgKOYMBd4Z1M0"
2020-08-16T06:44:10.752602119Z  [2020-08-16T06:44:10Z INFO  dt_client_bytes] PubAck { pkid: 61 }
2020-08-16T06:44:10.752637260Z  [2020-08-16T06:44:10Z INFO  dt_client_bytes] Publish 70
2020-08-16T06:44:10.763820035Z  [2020-08-16T06:44:10Z INFO  dt_client_bytes] 70::38162cb0-e585-43d7-b55d-5c240b2bfb7c/3142192f-6bae-4f12-a6f3-5464dc37e790/d0a71d84-b80f-4558-beac-8887750652e3 "70 SMre2SSkwAfhqgJoBKx1IBSEDSZrlj1Hh7AQUZ9W2EcFPUb1khlDDoUJuGngB"
2020-08-16T06:44:10.763839718Z  [2020-08-16T06:44:10Z INFO  dt_client_bytes] Publish 71
2020-08-16T06:44:10.766270661Z  [2020-08-16T06:44:10Z INFO  dt_client_bytes] 71::38162cb0-e585-43d7-b55d-5c240b2bfb7c/3142192f-6bae-4f12-a6f3-5464dc37e790/d0a71d84-b80f-4558-beac-8887750652e3 "71 ITvUCBFkFwXOGv3NEbHEwDx6MJ9WNM24yf1H56k2wAqGWQezFxQplUxvxYOZN"
2020-08-16T06:44:10.766291294Z  [2020-08-16T06:44:10Z INFO  dt_client_bytes] Publish 72
2020-08-16T06:44:10.777871904Z  [2020-08-16T06:44:10Z INFO  dt_client_bytes] 72::38162cb0-e585-43d7-b55d-5c240b2bfb7c/3142192f-6bae-4f12-a6f3-5464dc37e790/d0a71d84-b80f-4558-beac-8887750652e3 "72 t5LSsEU26JW00ad9kzCqKciGGfNl9nyr5sfsN49ASzQin7AGFvY1BUK9i3nb6"
2020-08-16T06:44:10.777890692Z  [2020-08-16T06:44:10Z INFO  dt_client_bytes] Publish 73
2020-08-16T06:44:10.789045116Z  [2020-08-16T06:44:10Z INFO  dt_client_bytes] 73::38162cb0-e585-43d7-b55d-5c240b2bfb7c/3142192f-6bae-4f12-a6f3-5464dc37e790/d0a71d84-b80f-4558-beac-8887750652e3 "73 inscmOANDB4qiP4SOmLOfNuK084RDVKdoHb6dr5Cws2I0JKRJ1d45dIekY6OX"
2020-08-16T06:44:10.789066991Z  [2020-08-16T06:44:10Z INFO  dt_client_bytes] Publish 74
2020-08-16T06:44:10.797326053Z  [2020-08-16T06:44:10Z INFO  dt_client_bytes] PubAck { pkid: 62 }
2020-08-16T06:44:10.797835427Z  [2020-08-16T06:44:10Z INFO  dt_client_bytes] PubAck { pkid: 63 }
2020-08-16T06:44:10.799562637Z  [2020-08-16T06:44:10Z INFO  dt_client_bytes] PubAck { pkid: 64 }
2020-08-16T06:44:10.799582038Z  [2020-08-16T06:44:10Z INFO  dt_client_bytes] PubAck { pkid: 65 }
2020-08-16T06:44:10.800352730Z  [2020-08-16T06:44:10Z INFO  dt_client_bytes] 74::38162cb0-e585-43d7-b55d-5c240b2bfb7c/3142192f-6bae-4f12-a6f3-5464dc37e790/d0a71d84-b80f-4558-beac-8887750652e3 "74 yezuZHSbjTUWBLFnxAQjVFaZ5TDzfTc0APQcjgUpA0jbm2wetBvUoSPzsbaKP"
2020-08-16T06:44:10.800370424Z  [2020-08-16T06:44:10Z INFO  dt_client_bytes] Publish 75
2020-08-16T06:44:10.811787638Z  [2020-08-16T06:44:10Z INFO  dt_client_bytes] 75::38162cb0-e585-43d7-b55d-5c240b2bfb7c/3142192f-6bae-4f12-a6f3-5464dc37e790/d0a71d84-b80f-4558-beac-8887750652e3 "75 gUYRlZPl5eKx4sffkvloxm9ZFC4ZSZQFJ2rG8x7im0zJFoGOmMzdl7EvG07dH"
2020-08-16T06:44:10.811809161Z  [2020-08-16T06:44:10Z INFO  dt_client_bytes] Publish 76
2020-08-16T06:44:10.829774017Z  [2020-08-16T06:44:10Z INFO  dt_client_bytes] 76::38162cb0-e585-43d7-b55d-5c240b2bfb7c/3142192f-6bae-4f12-a6f3-5464dc37e790/d0a71d84-b80f-4558-beac-8887750652e3 "76 OCNKDFDaLsYq6BLPN9qek27NYiuHKqBS0KOv1TsPVhR18WNUXHXGbazPvTVd2"
2020-08-16T06:44:10.829797645Z  [2020-08-16T06:44:10Z INFO  dt_client_bytes] Publish 77
2020-08-16T06:44:10.834407561Z  [2020-08-16T06:44:10Z INFO  dt_client_bytes] 77::38162cb0-e585-43d7-b55d-5c240b2bfb7c/3142192f-6bae-4f12-a6f3-5464dc37e790/d0a71d84-b80f-4558-beac-8887750652e3 "77 NX6Tvl2az0fORZ5CZ2HFi1Fp4PqnE8rTuUnFeXejL9S43UpbZvIS5AKbaqiUd"
2020-08-16T06:44:10.834428268Z  [2020-08-16T06:44:10Z INFO  dt_client_bytes] Publish 78
2020-08-16T06:44:10.845737634Z  [2020-08-16T06:44:10Z INFO  dt_client_bytes] 78::38162cb0-e585-43d7-b55d-5c240b2bfb7c/3142192f-6bae-4f12-a6f3-5464dc37e790/d0a71d84-b80f-4558-beac-8887750652e3 "78 tmgLvVBqQ4tnsMHZXRhhtqz0w5UPrLgAvcnbOmKs6qzowHOmrDGNQc4F0wWxb"
2020-08-16T06:44:10.845757786Z  [2020-08-16T06:44:10Z INFO  dt_client_bytes] Publish 79
2020-08-16T06:44:10.854784538Z  [2020-08-16T06:44:10Z INFO  dt_client_bytes] PubAck { pkid: 66 }
2020-08-16T06:44:10.855938299Z  [2020-08-16T06:44:10Z INFO  dt_client_bytes] PubAck { pkid: 67 }
2020-08-16T06:44:10.857177070Z  [2020-08-16T06:44:10Z INFO  dt_client_bytes] PubAck { pkid: 68 }
2020-08-16T06:44:10.857195798Z  [2020-08-16T06:44:10Z INFO  dt_client_bytes] 79::38162cb0-e585-43d7-b55d-5c240b2bfb7c/3142192f-6bae-4f12-a6f3-5464dc37e790/d0a71d84-b80f-4558-beac-8887750652e3 "79 jlgLjB181AzvCiYxJCBlyp8RRinK3tYHBFiIvTPsaZu1W2pKe5fSswmTMmeXG"
2020-08-16T06:44:10.858295568Z  [2020-08-16T06:44:10Z INFO  dt_client_bytes] PubAck { pkid: 69 }
2020-08-16T06:44:10.859470765Z  [2020-08-16T06:44:10Z INFO  dt_client_bytes] Publish 80
2020-08-16T06:44:10.869107031Z  [2020-08-16T06:44:10Z INFO  dt_client_bytes] 80::38162cb0-e585-43d7-b55d-5c240b2bfb7c/3142192f-6bae-4f12-a6f3-5464dc37e790/d0a71d84-b80f-4558-beac-8887750652e3 "80 uUNUnvMofUmx2kG4eXziHbYDHRXOnXgW7aChn5anI6UrGSEnhrjfNeNf8YSIO"
2020-08-16T06:44:10.869125866Z  [2020-08-16T06:44:10Z INFO  dt_client_bytes] Publish 81
2020-08-16T06:44:10.880702866Z  [2020-08-16T06:44:10Z INFO  dt_client_bytes] 81::38162cb0-e585-43d7-b55d-5c240b2bfb7c/3142192f-6bae-4f12-a6f3-5464dc37e790/d0a71d84-b80f-4558-beac-8887750652e3 "81 SUV1KQsCBWhJGjjwttVjRI0VXV8c8fdIQmHA8VAwx3YM4Qm2LJcoKmgSQfktx"
2020-08-16T06:44:10.880732628Z  [2020-08-16T06:44:10Z INFO  dt_client_bytes] Publish 82
2020-08-16T06:44:10.892204678Z  [2020-08-16T06:44:10Z INFO  dt_client_bytes] 82::38162cb0-e585-43d7-b55d-5c240b2bfb7c/3142192f-6bae-4f12-a6f3-5464dc37e790/d0a71d84-b80f-4558-beac-8887750652e3 "82 0qJilO98C4kVAbsAe3937CoXo0XQkIxe91rN5K1YQ9NHCKyYZrbvysNOJ8ShS"
2020-08-16T06:44:10.892226732Z  [2020-08-16T06:44:10Z INFO  dt_client_bytes] Publish 83
2020-08-16T06:44:10.903712195Z  [2020-08-16T06:44:10Z INFO  dt_client_bytes] 83::38162cb0-e585-43d7-b55d-5c240b2bfb7c/3142192f-6bae-4f12-a6f3-5464dc37e790/d0a71d84-b80f-4558-beac-8887750652e3 "83 QpCOYasE1KUYx7IvSrA5PGT2hl22ed6N6wKZjNDbBT4WJ9FMAHMsAmsDX50xn"
2020-08-16T06:44:10.903782755Z  [2020-08-16T06:44:10Z INFO  dt_client_bytes] Publish 84
2020-08-16T06:44:10.910006864Z  [2020-08-16T06:44:10Z INFO  dt_client_bytes] PubAck { pkid: 70 }
2020-08-16T06:44:10.910025592Z  [2020-08-16T06:44:10Z INFO  dt_client_bytes] PubAck { pkid: 71 }
2020-08-16T06:44:10.911154193Z  [2020-08-16T06:44:10Z INFO  dt_client_bytes] PubAck { pkid: 72 }
2020-08-16T06:44:10.912308972Z  [2020-08-16T06:44:10Z INFO  dt_client_bytes] PubAck { pkid: 73 }
2020-08-16T06:44:10.913495468Z  [2020-08-16T06:44:10Z INFO  dt_client_bytes] PubAck { pkid: 74 }
2020-08-16T06:44:10.915028507Z  [2020-08-16T06:44:10Z INFO  dt_client_bytes] 84::38162cb0-e585-43d7-b55d-5c240b2bfb7c/3142192f-6bae-4f12-a6f3-5464dc37e790/d0a71d84-b80f-4558-beac-8887750652e3 "84 HdUPj1em8ioMqi1nEBpsLoQkRgOhb0TQmpklNLTaWyJATQiDQUpJRaCVgg0xZ"
2020-08-16T06:44:10.915047389Z  [2020-08-16T06:44:10Z INFO  dt_client_bytes] Publish 85
2020-08-16T06:44:10.925251647Z  [2020-08-16T06:44:10Z INFO  dt_client_bytes] 85::38162cb0-e585-43d7-b55d-5c240b2bfb7c/3142192f-6bae-4f12-a6f3-5464dc37e790/d0a71d84-b80f-4558-beac-8887750652e3 "85 VkUrFfktcuzopjcZHXvkMI0MLdZ4R2CLHajX8OpBc6OkZWsvQBLZC3ADCRMoK"
2020-08-16T06:44:10.925273920Z  [2020-08-16T06:44:10Z INFO  dt_client_bytes] Publish 86
2020-08-16T06:44:10.936669630Z  [2020-08-16T06:44:10Z INFO  dt_client_bytes] 86::38162cb0-e585-43d7-b55d-5c240b2bfb7c/3142192f-6bae-4f12-a6f3-5464dc37e790/d0a71d84-b80f-4558-beac-8887750652e3 "86 B8KlzxH7cdCj5VIIlivPSA0i5L9wuxyxNFvM9jpNMlto4mJSEaI3l723WsHTu"
2020-08-16T06:44:10.936692681Z  [2020-08-16T06:44:10Z INFO  dt_client_bytes] Publish 87
2020-08-16T06:44:10.948048957Z  [2020-08-16T06:44:10Z INFO  dt_client_bytes] 87::38162cb0-e585-43d7-b55d-5c240b2bfb7c/3142192f-6bae-4f12-a6f3-5464dc37e790/d0a71d84-b80f-4558-beac-8887750652e3 "87 72B8ZNnEy8S3FmsS31daBZ3ZjUCP8wUBoBnoElVHzu51ztgjpDuLKZ3rJXw7v"
2020-08-16T06:44:10.948071186Z  [2020-08-16T06:44:10Z INFO  dt_client_bytes] Publish 88
2020-08-16T06:44:10.959591692Z  [2020-08-16T06:44:10Z INFO  dt_client_bytes] 88::38162cb0-e585-43d7-b55d-5c240b2bfb7c/3142192f-6bae-4f12-a6f3-5464dc37e790/d0a71d84-b80f-4558-beac-8887750652e3 "88 TvhbLXSVOdqwoJIfmyhihM3rsvkiXLpqFpxYGdE5P53zEaa7dPKaMDqryUka7"
2020-08-16T06:44:10.959613965Z  [2020-08-16T06:44:10Z INFO  dt_client_bytes] Publish 89
2020-08-16T06:44:10.983644880Z  [2020-08-16T06:44:10Z INFO  dt_client_bytes] 89::38162cb0-e585-43d7-b55d-5c240b2bfb7c/3142192f-6bae-4f12-a6f3-5464dc37e790/d0a71d84-b80f-4558-beac-8887750652e3 "89 BkP85CB2vJ46wF5LLFRvYU3EPmzELsQ6N6nfjfHvA6VtjmbiAp9kfeY797zQL"
2020-08-16T06:44:10.983659132Z  [2020-08-16T06:44:10Z INFO  dt_client_bytes] Publish 90
2020-08-16T06:44:10.983668457Z  [2020-08-16T06:44:10Z INFO  dt_client_bytes] PubAck { pkid: 75 }
2020-08-16T06:44:10.983677519Z  [2020-08-16T06:44:10Z INFO  dt_client_bytes] 90::38162cb0-e585-43d7-b55d-5c240b2bfb7c/3142192f-6bae-4f12-a6f3-5464dc37e790/d0a71d84-b80f-4558-beac-8887750652e3 "90 zyw7xZhWVWCLYcPRU7OHMbl0CMQ05rjTSvL4QFDeIGQVOH6xPRhNWJVFoTRzM"
2020-08-16T06:44:10.983686907Z  [2020-08-16T06:44:10Z INFO  dt_client_bytes] PubAck { pkid: 76 }
2020-08-16T06:44:10.985846962Z  [2020-08-16T06:44:10Z INFO  dt_client_bytes] PubAck { pkid: 77 }
2020-08-16T06:44:10.985865699Z  [2020-08-16T06:44:10Z INFO  dt_client_bytes] PubAck { pkid: 78 }
2020-08-16T06:44:10.987167531Z  [2020-08-16T06:44:10Z INFO  dt_client_bytes] Publish 91
2020-08-16T06:44:10.988327159Z  [2020-08-16T06:44:10Z INFO  dt_client_bytes] PubAck { pkid: 79 }
2020-08-16T06:44:10.993934882Z  [2020-08-16T06:44:10Z INFO  dt_client_bytes] 91::38162cb0-e585-43d7-b55d-5c240b2bfb7c/3142192f-6bae-4f12-a6f3-5464dc37e790/d0a71d84-b80f-4558-beac-8887750652e3 "91 kgI1WF9zLHiVhT8SxoYvL5RVjPBxqmtXYVDOQerpoZ2RfRfWReFp5FtsrNtVT"
2020-08-16T06:44:10.993949065Z  [2020-08-16T06:44:10Z INFO  dt_client_bytes] Publish 92
2020-08-16T06:44:11.008618688Z  [2020-08-16T06:44:11Z INFO  dt_client_bytes] 92::38162cb0-e585-43d7-b55d-5c240b2bfb7c/3142192f-6bae-4f12-a6f3-5464dc37e790/d0a71d84-b80f-4558-beac-8887750652e3 "92 iBHufSAXW2RGPZJ1sjSLNGTNmhwfk94DCKETvXEW2lgYoj835UsrR1DJEaX8t"
2020-08-16T06:44:11.008648427Z  [2020-08-16T06:44:11Z INFO  dt_client_bytes] Publish 93
2020-08-16T06:44:11.016908231Z  [2020-08-16T06:44:11Z INFO  dt_client_bytes] 93::38162cb0-e585-43d7-b55d-5c240b2bfb7c/3142192f-6bae-4f12-a6f3-5464dc37e790/d0a71d84-b80f-4558-beac-8887750652e3 "93 JPWCbmlaihpqyob5FM3lqu2VHSZRlO8py3IPd09mjxwKXUJPErgeo3c9wNNu3"
2020-08-16T06:44:11.016922114Z  [2020-08-16T06:44:11Z INFO  dt_client_bytes] Publish 94
2020-08-16T06:44:11.028835898Z  [2020-08-16T06:44:11Z INFO  dt_client_bytes] 94::38162cb0-e585-43d7-b55d-5c240b2bfb7c/3142192f-6bae-4f12-a6f3-5464dc37e790/d0a71d84-b80f-4558-beac-8887750652e3 "94 j2cvjldiPVVIHpr1spD7oiK7VJkHcq5y2PQO3tKqi6LVte16Sxt4Jd9fXAsRY"
2020-08-16T06:44:11.028862030Z  [2020-08-16T06:44:11Z INFO  dt_client_bytes] Publish 95
2020-08-16T06:44:11.038948991Z  [2020-08-16T06:44:11Z INFO  dt_client_bytes] 95::38162cb0-e585-43d7-b55d-5c240b2bfb7c/3142192f-6bae-4f12-a6f3-5464dc37e790/d0a71d84-b80f-4558-beac-8887750652e3 "95 eXy4avq9SY4EurFE9mNIeVgAK5Nsmz7iXODgnzplLWPpUNPuTFvMxyF9lgzxl"
2020-08-16T06:44:11.038971539Z  [2020-08-16T06:44:11Z INFO  dt_client_bytes] Publish 96
2020-08-16T06:44:11.044895636Z  [2020-08-16T06:44:11Z INFO  dt_client_bytes] PubAck { pkid: 80 }
2020-08-16T06:44:11.048250172Z  [2020-08-16T06:44:11Z INFO  dt_client_bytes] PubAck { pkid: 81 }
2020-08-16T06:44:11.048270099Z  [2020-08-16T06:44:11Z INFO  dt_client_bytes] PubAck { pkid: 82 }
2020-08-16T06:44:11.048280214Z  [2020-08-16T06:44:11Z INFO  dt_client_bytes] PubAck { pkid: 83 }
2020-08-16T06:44:11.050800397Z  [2020-08-16T06:44:11Z INFO  dt_client_bytes] PubAck { pkid: 84 }
2020-08-16T06:44:11.050819102Z  [2020-08-16T06:44:11Z INFO  dt_client_bytes] 96::38162cb0-e585-43d7-b55d-5c240b2bfb7c/3142192f-6bae-4f12-a6f3-5464dc37e790/d0a71d84-b80f-4558-beac-8887750652e3 "96 QxqMZRCtRwlutpPSLrmwK0ybDmHD16KpfpcD3jq6AKLdwWfFv7XLNV0mWCpP3"
2020-08-16T06:44:11.050829954Z  [2020-08-16T06:44:11Z INFO  dt_client_bytes] Publish 97
2020-08-16T06:44:11.062438537Z  [2020-08-16T06:44:11Z INFO  dt_client_bytes] 97::38162cb0-e585-43d7-b55d-5c240b2bfb7c/3142192f-6bae-4f12-a6f3-5464dc37e790/d0a71d84-b80f-4558-beac-8887750652e3 "97 jNULPH8bJ0Z7cZ7Kogu2QEMbfeRKbkMFMbFPYdclHM7Hd6s6WFM1fP6Bpnlv8"
2020-08-16T06:44:11.062460865Z  [2020-08-16T06:44:11Z INFO  dt_client_bytes] Publish 98
2020-08-16T06:44:11.075533218Z  [2020-08-16T06:44:11Z INFO  dt_client_bytes] 98::38162cb0-e585-43d7-b55d-5c240b2bfb7c/3142192f-6bae-4f12-a6f3-5464dc37e790/d0a71d84-b80f-4558-beac-8887750652e3 "98 3QB1xEGPNZN5XMCILfBm6moLJkP9pBLXsrEZgYrm83FQL0w55WL3mhcOkeEqA"
2020-08-16T06:44:11.075554727Z  [2020-08-16T06:44:11Z INFO  dt_client_bytes] Publish 99
2020-08-16T06:44:11.087466782Z  [2020-08-16T06:44:11Z INFO  dt_client_bytes] 99::38162cb0-e585-43d7-b55d-5c240b2bfb7c/3142192f-6bae-4f12-a6f3-5464dc37e790/d0a71d84-b80f-4558-beac-8887750652e3 "99 knsxNYc0Q0sWlSS0EzD7gZJbVG0QJWJpd2CRa7GOlwERojAIm2jTFaR5tbTuq"
2020-08-16T06:44:11.087487727Z  [2020-08-16T06:44:11Z INFO  dt_client_bytes] Publish 100
2020-08-16T06:44:11.087497694Z  [2020-08-16T06:44:11Z INFO  dt_client_bytes] NotificationCounter {
2020-08-16T06:44:11.087506880Z          Pub: 100,
2020-08-16T06:44:11.087515482Z          PubAck: 84,
2020-08-16T06:44:11.087524022Z          PubRec: 0,
2020-08-16T06:44:11.087532448Z          PubRel: 0,
2020-08-16T06:44:11.087541125Z          PubComp: 0,
2020-08-16T06:44:11.087549884Z      }
2020-08-16T06:44:11.096850849Z  [2020-08-16T06:44:11Z INFO  dt_client_bytes] Thread 38162cb0-e585-43d7-b55d-5c240b2bfb7c/3142192f-6bae-4f12-a6f3-5464dc37e790/d0a71d84-b80f-4558-beac-8887750652e3 done with 100 messages.
2020-08-16T06:44:11.124164253Z  [2020-08-16T06:44:11Z INFO  dt_client_bytes] PubAck { pkid: 85 }
2020-08-16T06:44:11.124179665Z  [2020-08-16T06:44:11Z INFO  dt_client_bytes] NotificationCounter {
2020-08-16T06:44:11.124189849Z          Pub: 100,
2020-08-16T06:44:11.124199525Z          PubAck: 85,
2020-08-16T06:44:11.124209088Z          PubRec: 0,
2020-08-16T06:44:11.124218585Z          PubRel: 0,
2020-08-16T06:44:11.124227985Z          PubComp: 0,
2020-08-16T06:44:11.124237446Z      }
2020-08-16T06:44:11.124246865Z  [2020-08-16T06:44:11Z INFO  dt_client_bytes] PubAck { pkid: 86 }
2020-08-16T06:44:11.124256660Z  [2020-08-16T06:44:11Z INFO  dt_client_bytes] NotificationCounter {
2020-08-16T06:44:11.124266355Z          Pub: 100,
2020-08-16T06:44:11.124275827Z          PubAck: 86,
2020-08-16T06:44:11.124285447Z          PubRec: 0,
2020-08-16T06:44:11.124294850Z          PubRel: 0,
2020-08-16T06:44:11.124304351Z          PubComp: 0,
2020-08-16T06:44:11.124313785Z      }
2020-08-16T06:44:11.124323150Z  [2020-08-16T06:44:11Z INFO  dt_client_bytes] PubAck { pkid: 87 }
2020-08-16T06:44:11.124332708Z  [2020-08-16T06:44:11Z INFO  dt_client_bytes] NotificationCounter {
2020-08-16T06:44:11.124342328Z          Pub: 100,
2020-08-16T06:44:11.124351793Z          PubAck: 87,
2020-08-16T06:44:11.124361149Z          PubRec: 0,
2020-08-16T06:44:11.124370538Z          PubRel: 0,
2020-08-16T06:44:11.124379985Z          PubComp: 0,
2020-08-16T06:44:11.124402390Z      }
2020-08-16T06:44:11.124413245Z  [2020-08-16T06:44:11Z INFO  dt_client_bytes] PubAck { pkid: 88 }
2020-08-16T06:44:11.124423027Z  [2020-08-16T06:44:11Z INFO  dt_client_bytes] NotificationCounter {
2020-08-16T06:44:11.124432788Z          Pub: 100,
2020-08-16T06:44:11.124442338Z          PubAck: 88,
2020-08-16T06:44:11.124451763Z          PubRec: 0,
2020-08-16T06:44:11.124461057Z          PubRel: 0,
2020-08-16T06:44:11.124470241Z          PubComp: 0,
2020-08-16T06:44:11.124479508Z      }
2020-08-16T06:44:11.124488818Z  [2020-08-16T06:44:11Z INFO  dt_client_bytes] PubAck { pkid: 89 }
2020-08-16T06:44:11.124498442Z  [2020-08-16T06:44:11Z INFO  dt_client_bytes] NotificationCounter {
2020-08-16T06:44:11.124510698Z          Pub: 100,
2020-08-16T06:44:11.124520302Z          PubAck: 89,
2020-08-16T06:44:11.124529627Z          PubRec: 0,
2020-08-16T06:44:11.124538919Z          PubRel: 0,
2020-08-16T06:44:11.124548175Z          PubComp: 0,
2020-08-16T06:44:11.124557632Z      }
2020-08-16T06:44:11.124566832Z  [2020-08-16T06:44:11Z INFO  dt_client_bytes] PubAck { pkid: 90 }
2020-08-16T06:44:11.124576446Z  [2020-08-16T06:44:11Z INFO  dt_client_bytes] NotificationCounter {
2020-08-16T06:44:11.124585886Z          Pub: 100,
2020-08-16T06:44:11.124595286Z          PubAck: 90,
2020-08-16T06:44:11.124604597Z          PubRec: 0,
2020-08-16T06:44:11.124613959Z          PubRel: 0,
2020-08-16T06:44:11.124623479Z          PubComp: 0,
2020-08-16T06:44:11.124632994Z      }
2020-08-16T06:44:11.165553639Z  [2020-08-16T06:44:11Z INFO  dt_client_bytes] PubAck { pkid: 91 }
2020-08-16T06:44:11.165577576Z  [2020-08-16T06:44:11Z INFO  dt_client_bytes] NotificationCounter {
2020-08-16T06:44:11.165588659Z          Pub: 100,
2020-08-16T06:44:11.165598895Z          PubAck: 91,
2020-08-16T06:44:11.165608589Z          PubRec: 0,
2020-08-16T06:44:11.165617969Z          PubRel: 0,
2020-08-16T06:44:11.165627478Z          PubComp: 0,
2020-08-16T06:44:11.165637260Z      }
2020-08-16T06:44:11.165646853Z  [2020-08-16T06:44:11Z INFO  dt_client_bytes] PubAck { pkid: 92 }
2020-08-16T06:44:11.165656575Z  [2020-08-16T06:44:11Z INFO  dt_client_bytes] NotificationCounter {
2020-08-16T06:44:11.165666188Z          Pub: 100,
2020-08-16T06:44:11.165675545Z          PubAck: 92,
2020-08-16T06:44:11.165684905Z          PubRec: 0,
2020-08-16T06:44:11.165694480Z          PubRel: 0,
2020-08-16T06:44:11.165704073Z          PubComp: 0,
2020-08-16T06:44:11.165713368Z      }
2020-08-16T06:44:11.168248018Z  [2020-08-16T06:44:11Z INFO  dt_client_bytes] PubAck { pkid: 93 }
2020-08-16T06:44:11.168269313Z  [2020-08-16T06:44:11Z INFO  dt_client_bytes] NotificationCounter {
2020-08-16T06:44:11.168280796Z          Pub: 100,
2020-08-16T06:44:11.168290532Z          PubAck: 93,
2020-08-16T06:44:11.168300118Z          PubRec: 0,
2020-08-16T06:44:11.168309635Z          PubRel: 0,
2020-08-16T06:44:11.168319010Z          PubComp: 0,
2020-08-16T06:44:11.168339565Z      }
2020-08-16T06:44:11.168349372Z  [2020-08-16T06:44:11Z INFO  dt_client_bytes] PubAck { pkid: 94 }
2020-08-16T06:44:11.168359482Z  [2020-08-16T06:44:11Z INFO  dt_client_bytes] NotificationCounter {
2020-08-16T06:44:11.168369486Z          Pub: 100,
2020-08-16T06:44:11.168379278Z          PubAck: 94,
2020-08-16T06:44:11.168389055Z          PubRec: 0,
2020-08-16T06:44:11.168398753Z          PubRel: 0,
2020-08-16T06:44:11.168408487Z          PubComp: 0,
2020-08-16T06:44:11.168418375Z      }
2020-08-16T06:44:11.168428585Z  [2020-08-16T06:44:11Z INFO  dt_client_bytes] PubAck { pkid: 95 }
2020-08-16T06:44:11.168438759Z  [2020-08-16T06:44:11Z INFO  dt_client_bytes] NotificationCounter {
2020-08-16T06:44:11.168448748Z          Pub: 100,
2020-08-16T06:44:11.168458451Z          PubAck: 95,
2020-08-16T06:44:11.168468294Z          PubRec: 0,
2020-08-16T06:44:11.168478094Z          PubRel: 0,
2020-08-16T06:44:11.168487875Z          PubComp: 0,
2020-08-16T06:44:11.168497747Z      }
2020-08-16T06:44:11.171548319Z  [2020-08-16T06:44:11Z INFO  dt_client_bytes] PubAck { pkid: 96 }
2020-08-16T06:44:11.171569866Z  [2020-08-16T06:44:11Z INFO  dt_client_bytes] NotificationCounter {
2020-08-16T06:44:11.171581048Z          Pub: 100,
2020-08-16T06:44:11.171590825Z          PubAck: 96,
2020-08-16T06:44:11.171600813Z          PubRec: 0,
2020-08-16T06:44:11.171610338Z          PubRel: 0,
2020-08-16T06:44:11.171619801Z          PubComp: 0,
2020-08-16T06:44:11.171631456Z      }
2020-08-16T06:44:11.269772321Z  [2020-08-16T06:44:11Z INFO  dt_client_bytes] PubAck { pkid: 97 }
2020-08-16T06:44:11.269825197Z  [2020-08-16T06:44:11Z INFO  dt_client_bytes] NotificationCounter {
2020-08-16T06:44:11.269839587Z          Pub: 100,
2020-08-16T06:44:11.269849551Z          PubAck: 97,
2020-08-16T06:44:11.269859301Z          PubRec: 0,
2020-08-16T06:44:11.269868934Z          PubRel: 0,
2020-08-16T06:44:11.269878419Z          PubComp: 0,
2020-08-16T06:44:11.269900038Z      }
2020-08-16T06:44:11.270946334Z  [2020-08-16T06:44:11Z INFO  dt_client_bytes] PubAck { pkid: 98 }
2020-08-16T06:44:11.271024503Z  [2020-08-16T06:44:11Z INFO  dt_client_bytes] NotificationCounter {
2020-08-16T06:44:11.271037880Z          Pub: 100,
2020-08-16T06:44:11.271047542Z          PubAck: 98,
2020-08-16T06:44:11.271056913Z          PubRec: 0,
2020-08-16T06:44:11.271066353Z          PubRel: 0,
2020-08-16T06:44:11.271075693Z          PubComp: 0,
2020-08-16T06:44:11.271098493Z      }
2020-08-16T06:44:11.272074566Z  [2020-08-16T06:44:11Z INFO  dt_client_bytes] PubAck { pkid: 99 }
2020-08-16T06:44:11.272093772Z  [2020-08-16T06:44:11Z INFO  dt_client_bytes] NotificationCounter {
2020-08-16T06:44:11.272136707Z          Pub: 100,
2020-08-16T06:44:11.272148289Z          PubAck: 99,
2020-08-16T06:44:11.272157529Z          PubRec: 0,
2020-08-16T06:44:11.272166659Z          PubRel: 0,
2020-08-16T06:44:11.272186603Z          PubComp: 0,
2020-08-16T06:44:11.272196293Z      }
2020-08-16T06:44:11.273229385Z  [2020-08-16T06:44:11Z INFO  dt_client_bytes] PubAck { pkid: 100 }
2020-08-16T06:44:11.273246554Z  [2020-08-16T06:44:11Z INFO  dt_client_bytes] NotificationCounter {
2020-08-16T06:44:11.273288202Z          Pub: 100,
2020-08-16T06:44:11.273327365Z          PubAck: 100,
2020-08-16T06:44:11.273338548Z          PubRec: 0,
2020-08-16T06:44:11.273348604Z          PubRel: 0,
2020-08-16T06:44:11.273374813Z          PubComp: 0,
2020-08-16T06:44:11.273385588Z      }
2020-08-16T06:44:39.924966045Z  [2020-08-16T06:44:39Z INFO  dt_client_bytes] NotificationCounter {
2020-08-16T06:44:39.925064871Z          Pub: 100,
2020-08-16T06:44:39.925084960Z          PubAck: 100,
2020-08-16T06:44:39.925100472Z          PubRec: 0,
2020-08-16T06:44:39.925114965Z          PubRel: 0,
2020-08-16T06:44:39.925129628Z          PubComp: 0,
2020-08-16T06:44:39.925145445Z      }
2020-08-16T06:44:39.988371013Z  [2020-08-16T06:44:39Z INFO  dt_client_bytes] NotificationCounter {
2020-08-16T06:44:39.988409682Z          Pub: 100,
2020-08-16T06:44:39.988466783Z          PubAck: 100,
2020-08-16T06:44:39.988484067Z          PubRec: 0,
2020-08-16T06:44:39.988499359Z          PubRel: 0,
2020-08-16T06:44:39.988513971Z          PubComp: 0,
2020-08-16T06:44:39.988566647Z      }
2020-08-16T06:45:09.925993257Z  [2020-08-16T06:45:09Z INFO  dt_client_bytes] NotificationCounter {
2020-08-16T06:45:09.926076699Z          Pub: 100,
2020-08-16T06:45:09.926098433Z          PubAck: 100,
2020-08-16T06:45:09.926116994Z          PubRec: 0,
2020-08-16T06:45:09.926134681Z          PubRel: 0,
2020-08-16T06:45:09.926152718Z          PubComp: 0,
2020-08-16T06:45:09.926200229Z      }
2020-08-16T06:45:09.994882669Z  [2020-08-16T06:45:09Z INFO  dt_client_bytes] NotificationCounter {
2020-08-16T06:45:09.994951031Z          Pub: 100,
2020-08-16T06:45:09.994972771Z          PubAck: 100,
2020-08-16T06:45:09.994990215Z          PubRec: 0,
2020-08-16T06:45:09.995007122Z          PubRel: 0,
2020-08-16T06:45:09.995024003Z          PubComp: 0,
2020-08-16T06:45:09.995041193Z      }
2020-08-16T06:45:39.927301869Z  [2020-08-16T06:45:39Z INFO  dt_client_bytes] NotificationCounter {
2020-08-16T06:45:39.927667972Z          Pub: 100,
2020-08-16T06:45:39.927739636Z          PubAck: 100,
2020-08-16T06:45:39.927760211Z          PubRec: 0,
2020-08-16T06:45:39.927816072Z          PubRel: 0,
2020-08-16T06:45:39.927839062Z          PubComp: 0,
2020-08-16T06:45:39.927857907Z      }
2020-08-16T06:45:39.988995183Z  [2020-08-16T06:45:39Z INFO  dt_client_bytes] NotificationCounter {
2020-08-16T06:45:39.989088158Z          Pub: 100,
2020-08-16T06:45:39.989111626Z          PubAck: 100,
2020-08-16T06:45:39.989168971Z          PubRec: 0,
2020-08-16T06:45:39.989189941Z          PubRel: 0,
2020-08-16T06:45:39.989208212Z          PubComp: 0,
2020-08-16T06:45:39.989263663Z      }
2020-08-16T06:46:09.927822399Z  [2020-08-16T06:46:09Z INFO  dt_client_bytes] NotificationCounter {
2020-08-16T06:46:09.927896314Z          Pub: 100,
2020-08-16T06:46:09.927917461Z          PubAck: 100,
2020-08-16T06:46:09.927935871Z          PubRec: 0,
2020-08-16T06:46:09.927953605Z          PubRel: 0,
2020-08-16T06:46:09.927971416Z          PubComp: 0,
2020-08-16T06:46:09.927989339Z      }
2020-08-16T06:46:10.002188052Z  [2020-08-16T06:46:10Z INFO  dt_client_bytes] NotificationCounter {
2020-08-16T06:46:10.002235913Z          Pub: 100,
2020-08-16T06:46:10.002256587Z          PubAck: 100,
2020-08-16T06:46:10.002275271Z          PubRec: 0,
2020-08-16T06:46:10.002293071Z          PubRel: 0,
2020-08-16T06:46:10.002311255Z          PubComp: 0,
2020-08-16T06:46:10.002328838Z      }
