2020-08-16T06:44:10.522668109Z  [2020-08-16T06:44:10Z INFO  dt_client_bytes] Starting client. Host at mqtt-broker:1883
2020-08-16T06:44:10.522710794Z  [2020-08-16T06:44:10Z INFO  dt_client_bytes] Thread of topic 38162cb0-e585-43d7-b55d-5c240b2bfb7c/3142192f-6bae-4f12-a6f3-5464dc37e790/d0a71d84-b80f-4558-beac-8887750652e3
2020-08-16T06:44:10.522724463Z  [2020-08-16T06:44:10Z INFO  dt_client_bytes] 0::38162cb0-e585-43d7-b55d-5c240b2bfb7c/3142192f-6bae-4f12-a6f3-5464dc37e790/d0a71d84-b80f-4558-beac-8887750652e3 "0 Sx5L615pNED5RCwIKcATNQ050GXp5XBEoNUvy8Lc0Dxm0ENbOB8ET6at8JdCLZ"
2020-08-16T06:44:10.533357205Z  [2020-08-16T06:44:10Z INFO  dt_client_bytes] 1::38162cb0-e585-43d7-b55d-5c240b2bfb7c/3142192f-6bae-4f12-a6f3-5464dc37e790/d0a71d84-b80f-4558-beac-8887750652e3 "1 HEdVsH1uC3EhwDCIJrxQS06Ptp9ckViMz12f0qoSz9FKeIvPb1fLi5Q4l1iF0e"
2020-08-16T06:44:10.562561415Z  [2020-08-16T06:44:10Z INFO  dt_client_bytes] 2::38162cb0-e585-43d7-b55d-5c240b2bfb7c/3142192f-6bae-4f12-a6f3-5464dc37e790/d0a71d84-b80f-4558-beac-8887750652e3 "2 83HcY9SjTUFxZilaETSjNw6Do5VBTJepZ09ZXE89zsTe2EXXhT3RZS4DOLasQO"
2020-08-16T06:44:10.562585257Z  [2020-08-16T06:44:10Z INFO  dt_client_bytes] 3::38162cb0-e585-43d7-b55d-5c240b2bfb7c/3142192f-6bae-4f12-a6f3-5464dc37e790/d0a71d84-b80f-4558-beac-8887750652e3 "3 zb1dnJk7zjwq0YSWGDOwrBr3KC2rTG9Ezct9HQuTfVRPRMdfNTVbDhCqxuqeyi"
2020-08-16T06:44:10.568182759Z  [2020-08-16T06:44:10Z INFO  dt_client_bytes] 4::38162cb0-e585-43d7-b55d-5c240b2bfb7c/3142192f-6bae-4f12-a6f3-5464dc37e790/d0a71d84-b80f-4558-beac-8887750652e3 "4 9GuhbDxJR320sHvRo4xHelNBMjfG4N9yUL5VmB01tzNfS1JGnrrGzQIseXpvXL"
2020-08-16T06:44:10.579369763Z  [2020-08-16T06:44:10Z INFO  dt_client_bytes] 5::38162cb0-e585-43d7-b55d-5c240b2bfb7c/3142192f-6bae-4f12-a6f3-5464dc37e790/d0a71d84-b80f-4558-beac-8887750652e3 "5 DHlt5ZB7skgJE6PBLXTHLlMHlVmFjAFcthRrGRlSDfkauMRmm8xgEyk3xMvct5"
2020-08-16T06:44:10.590673633Z  [2020-08-16T06:44:10Z INFO  dt_client_bytes] 6::38162cb0-e585-43d7-b55d-5c240b2bfb7c/3142192f-6bae-4f12-a6f3-5464dc37e790/d0a71d84-b80f-4558-beac-8887750652e3 "6 tc86K7ektEsmL6KuwWOlhzIeRVdUqezqwKNqZdqNWy6bHFTBIXHuoYIPNYMDbb"
2020-08-16T06:44:10.601903985Z  [2020-08-16T06:44:10Z INFO  dt_client_bytes] 7::38162cb0-e585-43d7-b55d-5c240b2bfb7c/3142192f-6bae-4f12-a6f3-5464dc37e790/d0a71d84-b80f-4558-beac-8887750652e3 "7 6niF5Ybm8MjUfbIGbDDjHuc4Fm54fVC28TbCIJinvMqU30qL9xW2xN2ujzQqXh"
2020-08-16T06:44:10.619591524Z  [2020-08-16T06:44:10Z INFO  dt_client_bytes] 8::38162cb0-e585-43d7-b55d-5c240b2bfb7c/3142192f-6bae-4f12-a6f3-5464dc37e790/d0a71d84-b80f-4558-beac-8887750652e3 "8 mdcjLzyy2cPl9A97CvfvKhmXMTQYy8WDswzfgc8K4ZsY8Jpm0cC7Sgb6R2qk3r"
2020-08-16T06:44:10.626624328Z  [2020-08-16T06:44:10Z INFO  dt_client_bytes] 9::38162cb0-e585-43d7-b55d-5c240b2bfb7c/3142192f-6bae-4f12-a6f3-5464dc37e790/d0a71d84-b80f-4558-beac-8887750652e3 "9 7YWMDxR1aivS25KWAwcchgruKublmAcTjSs1Aw77hR0DacCjk9JbPXEx4EamvS"
2020-08-16T06:44:10.638459848Z  [2020-08-16T06:44:10Z INFO  dt_client_bytes] 10::38162cb0-e585-43d7-b55d-5c240b2bfb7c/3142192f-6bae-4f12-a6f3-5464dc37e790/d0a71d84-b80f-4558-beac-8887750652e3 "10 o5TMTp7YmZSEAJSsiBEAvb2tqZYJU9KGW2yLhNZ0HKoTShcWJ0k8WeYLssbT5"
2020-08-16T06:44:10.649114717Z  [2020-08-16T06:44:10Z INFO  dt_client_bytes] 11::38162cb0-e585-43d7-b55d-5c240b2bfb7c/3142192f-6bae-4f12-a6f3-5464dc37e790/d0a71d84-b80f-4558-beac-8887750652e3 "11 sSSOwTeIdLj2qrz6ggCjm2P8P5DUU3vSx5ovqc9cMYLuj3QzmGnM8H6XzTmtC"
2020-08-16T06:44:10.650067074Z  [2020-08-16T06:44:10Z INFO  dt_client_bytes] Publish 1
2020-08-16T06:44:10.651364578Z  [2020-08-16T06:44:10Z INFO  dt_client_bytes] Publish 2
2020-08-16T06:44:10.651382336Z  [2020-08-16T06:44:10Z INFO  dt_client_bytes] Publish 3
2020-08-16T06:44:10.652881466Z  [2020-08-16T06:44:10Z INFO  dt_client_bytes] Publish 4
2020-08-16T06:44:10.658320860Z  [2020-08-16T06:44:10Z INFO  dt_client_bytes] Publish 5
2020-08-16T06:44:10.658341618Z  [2020-08-16T06:44:10Z INFO  dt_client_bytes] Publish 6
2020-08-16T06:44:10.658352038Z  [2020-08-16T06:44:10Z INFO  dt_client_bytes] Publish 7
2020-08-16T06:44:10.658361378Z  [2020-08-16T06:44:10Z INFO  dt_client_bytes] Publish 8
2020-08-16T06:44:10.661543149Z  [2020-08-16T06:44:10Z INFO  dt_client_bytes] Publish 9
2020-08-16T06:44:10.661564321Z  [2020-08-16T06:44:10Z INFO  dt_client_bytes] Publish 10
2020-08-16T06:44:10.661574334Z  [2020-08-16T06:44:10Z INFO  dt_client_bytes] 12::38162cb0-e585-43d7-b55d-5c240b2bfb7c/3142192f-6bae-4f12-a6f3-5464dc37e790/d0a71d84-b80f-4558-beac-8887750652e3 "12 gbpevxtBtlrTRvsErBXijVKf7VloCN50DWDDFGIu8H4LSNXQGzYWRbMlXv08W"
2020-08-16T06:44:10.661584215Z  [2020-08-16T06:44:10Z INFO  dt_client_bytes] Publish 11
2020-08-16T06:44:10.663559636Z  [2020-08-16T06:44:10Z INFO  dt_client_bytes] Publish 12
2020-08-16T06:44:10.663578606Z  [2020-08-16T06:44:10Z INFO  dt_client_bytes] Publish 13
2020-08-16T06:44:10.691642560Z  [2020-08-16T06:44:10Z INFO  dt_client_bytes] 13::38162cb0-e585-43d7-b55d-5c240b2bfb7c/3142192f-6bae-4f12-a6f3-5464dc37e790/d0a71d84-b80f-4558-beac-8887750652e3 "13 YDSGf9L6xLzZ4vVcfokchJqXibPdLq94DCbQX1p6rrr9mj2K9TIBedc3eHpXu"
2020-08-16T06:44:10.691656841Z  [2020-08-16T06:44:10Z INFO  dt_client_bytes] Publish 14
2020-08-16T06:44:10.695910172Z  [2020-08-16T06:44:10Z INFO  dt_client_bytes] 14::38162cb0-e585-43d7-b55d-5c240b2bfb7c/3142192f-6bae-4f12-a6f3-5464dc37e790/d0a71d84-b80f-4558-beac-8887750652e3 "14 27fFPIG5oSebt227eWN2ssXUxk6u2LcppUBOUk9yYXRSuYAn4R2tWRuWB8R8k"
2020-08-16T06:44:10.695944327Z  [2020-08-16T06:44:10Z INFO  dt_client_bytes] Publish 15
2020-08-16T06:44:10.698691330Z  [2020-08-16T06:44:10Z INFO  dt_client_bytes] 15::38162cb0-e585-43d7-b55d-5c240b2bfb7c/3142192f-6bae-4f12-a6f3-5464dc37e790/d0a71d84-b80f-4558-beac-8887750652e3 "15 ZJaOjPY2MuP7T4zyTHKmwiuh8W5o4707xdO8qPGQMRvtTbkd2K0vVI8XnK8B6"
2020-08-16T06:44:10.698703941Z  [2020-08-16T06:44:10Z INFO  dt_client_bytes] Publish 16
2020-08-16T06:44:10.709339580Z  [2020-08-16T06:44:10Z INFO  dt_client_bytes] 16::38162cb0-e585-43d7-b55d-5c240b2bfb7c/3142192f-6bae-4f12-a6f3-5464dc37e790/d0a71d84-b80f-4558-beac-8887750652e3 "16 kEUV7yhvUULHKN8OUEAksCOHZQnbP2L4XOJMdD4v7r03wHKrgJE5vDiMorEle"
2020-08-16T06:44:10.709375262Z  [2020-08-16T06:44:10Z INFO  dt_client_bytes] Publish 17
2020-08-16T06:44:10.709385653Z  [2020-08-16T06:44:10Z INFO  dt_client_bytes] PubAck { pkid: 1 }
2020-08-16T06:44:10.717723466Z  [2020-08-16T06:44:10Z INFO  dt_client_bytes] 17::38162cb0-e585-43d7-b55d-5c240b2bfb7c/3142192f-6bae-4f12-a6f3-5464dc37e790/d0a71d84-b80f-4558-beac-8887750652e3 "17 1IXVEhB1FOY83epC7Ov9XugDP9kqKVrFL1CW6JKwstWx8XO91Bs3jRG7jrdRY"
2020-08-16T06:44:10.717739370Z  [2020-08-16T06:44:10Z INFO  dt_client_bytes] Publish 18
2020-08-16T06:44:10.731932943Z  [2020-08-16T06:44:10Z INFO  dt_client_bytes] 18::38162cb0-e585-43d7-b55d-5c240b2bfb7c/3142192f-6bae-4f12-a6f3-5464dc37e790/d0a71d84-b80f-4558-beac-8887750652e3 "18 DbmMfI6vgkeW0DsgMa13402MK1A41ZfEwL7itbH0DGNBd11cnE5g1vuLxomrz"
2020-08-16T06:44:10.731976842Z  [2020-08-16T06:44:10Z INFO  dt_client_bytes] Publish 19
2020-08-16T06:44:10.752737451Z  [2020-08-16T06:44:10Z INFO  dt_client_bytes] 19::38162cb0-e585-43d7-b55d-5c240b2bfb7c/3142192f-6bae-4f12-a6f3-5464dc37e790/d0a71d84-b80f-4558-beac-8887750652e3 "19 tYzCNc5EX85wHEskep5Lbq30OYl7VuHaFoHRB1UtV9b77oXYUZ1FYULS6RAtE"
2020-08-16T06:44:10.752755352Z  [2020-08-16T06:44:10Z INFO  dt_client_bytes] Publish 20
2020-08-16T06:44:10.763556275Z  [2020-08-16T06:44:10Z INFO  dt_client_bytes] 20::38162cb0-e585-43d7-b55d-5c240b2bfb7c/3142192f-6bae-4f12-a6f3-5464dc37e790/d0a71d84-b80f-4558-beac-8887750652e3 "20 hAAVdtzCgjYdfnONsniGL0bVsTjlCyH2u0YGMmH8xnRmhUEUXgeZSEPQqhJ23"
2020-08-16T06:44:10.763591351Z  [2020-08-16T06:44:10Z INFO  dt_client_bytes] Publish 21
2020-08-16T06:44:10.771015280Z  [2020-08-16T06:44:10Z INFO  dt_client_bytes] 21::38162cb0-e585-43d7-b55d-5c240b2bfb7c/3142192f-6bae-4f12-a6f3-5464dc37e790/d0a71d84-b80f-4558-beac-8887750652e3 "21 cJ3FTLmPZEQ1cPO9DuRmcq1gFn5rVXVg5WN1daJKa214RIVoByPdNz4oLsTTU"
2020-08-16T06:44:10.771038655Z  [2020-08-16T06:44:10Z INFO  dt_client_bytes] Publish 22
2020-08-16T06:44:10.777703383Z  [2020-08-16T06:44:10Z INFO  dt_client_bytes] PubAck { pkid: 2 }
2020-08-16T06:44:10.778748803Z  [2020-08-16T06:44:10Z INFO  dt_client_bytes] PubAck { pkid: 3 }
2020-08-16T06:44:10.779845550Z  [2020-08-16T06:44:10Z INFO  dt_client_bytes] PubAck { pkid: 4 }
2020-08-16T06:44:10.782171230Z  [2020-08-16T06:44:10Z INFO  dt_client_bytes] PubAck { pkid: 5 }
2020-08-16T06:44:10.782189706Z  [2020-08-16T06:44:10Z INFO  dt_client_bytes] PubAck { pkid: 6 }
2020-08-16T06:44:10.782200100Z  [2020-08-16T06:44:10Z INFO  dt_client_bytes] 22::38162cb0-e585-43d7-b55d-5c240b2bfb7c/3142192f-6bae-4f12-a6f3-5464dc37e790/d0a71d84-b80f-4558-beac-8887750652e3 "22 no0J5jt2IEGndyzlEQJlrgh3jFuxbvrIJoeLqGwGJruesX5nhS0uRTGLedx9j"
2020-08-16T06:44:10.783270511Z  [2020-08-16T06:44:10Z INFO  dt_client_bytes] Publish 23
2020-08-16T06:44:10.784508188Z  [2020-08-16T06:44:10Z INFO  dt_client_bytes] PubAck { pkid: 7 }
2020-08-16T06:44:10.785590264Z  [2020-08-16T06:44:10Z INFO  dt_client_bytes] PubAck { pkid: 8 }
2020-08-16T06:44:10.795947726Z  [2020-08-16T06:44:10Z INFO  dt_client_bytes] 23::38162cb0-e585-43d7-b55d-5c240b2bfb7c/3142192f-6bae-4f12-a6f3-5464dc37e790/d0a71d84-b80f-4558-beac-8887750652e3 "23 qXKsJ3wYjOjx19z3TdT7rtArrJtNnnKP6OOA7OBGpdUjQfi1cktKZCUt37wbm"
2020-08-16T06:44:10.795970106Z  [2020-08-16T06:44:10Z INFO  dt_client_bytes] Publish 24
2020-08-16T06:44:10.805659541Z  [2020-08-16T06:44:10Z INFO  dt_client_bytes] 24::38162cb0-e585-43d7-b55d-5c240b2bfb7c/3142192f-6bae-4f12-a6f3-5464dc37e790/d0a71d84-b80f-4558-beac-8887750652e3 "24 RnAjsjLMLAslUsNRwu7HOy8gX4CLWnMTGcIYvOMV7KrBCA7zUZIpQ47QmoAo4"
2020-08-16T06:44:10.805683195Z  [2020-08-16T06:44:10Z INFO  dt_client_bytes] Publish 25
2020-08-16T06:44:10.818123641Z  [2020-08-16T06:44:10Z INFO  dt_client_bytes] 25::38162cb0-e585-43d7-b55d-5c240b2bfb7c/3142192f-6bae-4f12-a6f3-5464dc37e790/d0a71d84-b80f-4558-beac-8887750652e3 "25 WSl2xytAbrTYi1cS5EoYp4xvLd505PAHW5sLlpFWzGegrd0RaMwZaq4oyNIUl"
2020-08-16T06:44:10.818159056Z  [2020-08-16T06:44:10Z INFO  dt_client_bytes] Publish 26
2020-08-16T06:44:10.831973095Z  [2020-08-16T06:44:10Z INFO  dt_client_bytes] 26::38162cb0-e585-43d7-b55d-5c240b2bfb7c/3142192f-6bae-4f12-a6f3-5464dc37e790/d0a71d84-b80f-4558-beac-8887750652e3 "26 nykhOQKuEt4mYb8OIT5bmCQ9puWCko0lOtPAcvLUT9bMPsWfs04GiNnVBy1Ob"
2020-08-16T06:44:10.831993963Z  [2020-08-16T06:44:10Z INFO  dt_client_bytes] Publish 27
2020-08-16T06:44:10.844840128Z  [2020-08-16T06:44:10Z INFO  dt_client_bytes] 27::38162cb0-e585-43d7-b55d-5c240b2bfb7c/3142192f-6bae-4f12-a6f3-5464dc37e790/d0a71d84-b80f-4558-beac-8887750652e3 "27 oVtLUMYXelW66966imTM4vEYmWxAoKV9Qw4AuuWXNDyAAAaSQwEgDtQX4C1jn"
2020-08-16T06:44:10.844863288Z  [2020-08-16T06:44:10Z INFO  dt_client_bytes] Publish 28
2020-08-16T06:44:10.853277932Z  [2020-08-16T06:44:10Z INFO  dt_client_bytes] 28::38162cb0-e585-43d7-b55d-5c240b2bfb7c/3142192f-6bae-4f12-a6f3-5464dc37e790/d0a71d84-b80f-4558-beac-8887750652e3 "28 WO4oPhp1FPXfqnOon7IjvFrPiUs6Z3sYsigBGOQ8PLkrqOpRMTbsfcuPm6DtM"
2020-08-16T06:44:10.853370609Z  [2020-08-16T06:44:10Z INFO  dt_client_bytes] Publish 29
2020-08-16T06:44:10.863253362Z  [2020-08-16T06:44:10Z INFO  dt_client_bytes] PubAck { pkid: 9 }
2020-08-16T06:44:10.864437698Z  [2020-08-16T06:44:10Z INFO  dt_client_bytes] PubAck { pkid: 10 }
2020-08-16T06:44:10.864455940Z  [2020-08-16T06:44:10Z INFO  dt_client_bytes] 29::38162cb0-e585-43d7-b55d-5c240b2bfb7c/3142192f-6bae-4f12-a6f3-5464dc37e790/d0a71d84-b80f-4558-beac-8887750652e3 "29 lM9XaPlsqxHHixLiiYOCD6H0ptFA2ZzXAJaUwrKMUbRd6wHCRk5pzIavFoPUJ"
2020-08-16T06:44:10.865579978Z  [2020-08-16T06:44:10Z INFO  dt_client_bytes] PubAck { pkid: 11 }
2020-08-16T06:44:10.866725564Z  [2020-08-16T06:44:10Z INFO  dt_client_bytes] PubAck { pkid: 12 }
2020-08-16T06:44:10.867887460Z  [2020-08-16T06:44:10Z INFO  dt_client_bytes] Publish 30
2020-08-16T06:44:10.869232661Z  [2020-08-16T06:44:10Z INFO  dt_client_bytes] PubAck { pkid: 13 }
2020-08-16T06:44:10.870360622Z  [2020-08-16T06:44:10Z INFO  dt_client_bytes] PubAck { pkid: 14 }
2020-08-16T06:44:10.871521687Z  [2020-08-16T06:44:10Z INFO  dt_client_bytes] PubAck { pkid: 15 }
2020-08-16T06:44:10.872620956Z  [2020-08-16T06:44:10Z INFO  dt_client_bytes] PubAck { pkid: 16 }
2020-08-16T06:44:10.873754127Z  [2020-08-16T06:44:10Z INFO  dt_client_bytes] PubAck { pkid: 17 }
2020-08-16T06:44:10.875337613Z  [2020-08-16T06:44:10Z INFO  dt_client_bytes] 30::38162cb0-e585-43d7-b55d-5c240b2bfb7c/3142192f-6bae-4f12-a6f3-5464dc37e790/d0a71d84-b80f-4558-beac-8887750652e3 "30 s8Vi7oMPs70kqAsaHT3IwPsXoxjojNBBIPEwKRTHHLQH76JbViulzIabv0Y9u"
2020-08-16T06:44:10.875355647Z  [2020-08-16T06:44:10Z INFO  dt_client_bytes] Publish 31
2020-08-16T06:44:10.886812896Z  [2020-08-16T06:44:10Z INFO  dt_client_bytes] 31::38162cb0-e585-43d7-b55d-5c240b2bfb7c/3142192f-6bae-4f12-a6f3-5464dc37e790/d0a71d84-b80f-4558-beac-8887750652e3 "31 lW7wAarG5VQpbqig20n1dU2OAVzsJbcT8fu1l7oPILusnWdDpSnmoD8lxAReY"
2020-08-16T06:44:10.886848619Z  [2020-08-16T06:44:10Z INFO  dt_client_bytes] Publish 32
2020-08-16T06:44:10.897269899Z  [2020-08-16T06:44:10Z INFO  dt_client_bytes] 32::38162cb0-e585-43d7-b55d-5c240b2bfb7c/3142192f-6bae-4f12-a6f3-5464dc37e790/d0a71d84-b80f-4558-beac-8887750652e3 "32 R0aSUH6k3edqDzXf9n4QNmMBuda1jXxNFn2T4HQa2tWw7Lnr27qfS5Ykz6tKe"
2020-08-16T06:44:10.897351582Z  [2020-08-16T06:44:10Z INFO  dt_client_bytes] Publish 33
2020-08-16T06:44:10.908787088Z  [2020-08-16T06:44:10Z INFO  dt_client_bytes] 33::38162cb0-e585-43d7-b55d-5c240b2bfb7c/3142192f-6bae-4f12-a6f3-5464dc37e790/d0a71d84-b80f-4558-beac-8887750652e3 "33 q6XZaNk94DNdrTlhUE3iG77WPQbJYhuJr0CZr1QoR94ohL5GplYguMlzaEOK0"
2020-08-16T06:44:10.908809546Z  [2020-08-16T06:44:10Z INFO  dt_client_bytes] Publish 34
2020-08-16T06:44:10.913812048Z  [2020-08-16T06:44:10Z INFO  dt_client_bytes] PubAck { pkid: 18 }
2020-08-16T06:44:10.915157495Z  [2020-08-16T06:44:10Z INFO  dt_client_bytes] PubAck { pkid: 19 }
2020-08-16T06:44:10.916180695Z  [2020-08-16T06:44:10Z INFO  dt_client_bytes] PubAck { pkid: 20 }
2020-08-16T06:44:10.917320475Z  [2020-08-16T06:44:10Z INFO  dt_client_bytes] PubAck { pkid: 21 }
2020-08-16T06:44:10.918448948Z  [2020-08-16T06:44:10Z INFO  dt_client_bytes] PubAck { pkid: 22 }
2020-08-16T06:44:10.919643673Z  [2020-08-16T06:44:10Z INFO  dt_client_bytes] PubAck { pkid: 23 }
2020-08-16T06:44:10.919662212Z  [2020-08-16T06:44:10Z INFO  dt_client_bytes] 34::38162cb0-e585-43d7-b55d-5c240b2bfb7c/3142192f-6bae-4f12-a6f3-5464dc37e790/d0a71d84-b80f-4558-beac-8887750652e3 "34 qWFmJdqrlZnIfU1YY10SkkLL9OwfCywYqsYItSCh2U0dsoPPYuxInMMJwHx2W"
2020-08-16T06:44:10.920793739Z  [2020-08-16T06:44:10Z INFO  dt_client_bytes] Publish 35
2020-08-16T06:44:10.930507862Z  [2020-08-16T06:44:10Z INFO  dt_client_bytes] 35::38162cb0-e585-43d7-b55d-5c240b2bfb7c/3142192f-6bae-4f12-a6f3-5464dc37e790/d0a71d84-b80f-4558-beac-8887750652e3 "35 EzxmOoiCCraQ02orvIdpEGpyMoshhWODGIEhY4reHBekh3dgUHnnjQJkxnvpd"
2020-08-16T06:44:10.930540980Z  [2020-08-16T06:44:10Z INFO  dt_client_bytes] Publish 36
2020-08-16T06:44:10.941864955Z  [2020-08-16T06:44:10Z INFO  dt_client_bytes] 36::38162cb0-e585-43d7-b55d-5c240b2bfb7c/3142192f-6bae-4f12-a6f3-5464dc37e790/d0a71d84-b80f-4558-beac-8887750652e3 "36 3hPR3YzzbTUAJaC6gPX9gfi6euYud7iatdzZzcV9Tcr0XsqVrUVysYKNfPyth"
2020-08-16T06:44:10.941890120Z  [2020-08-16T06:44:10Z INFO  dt_client_bytes] Publish 37
2020-08-16T06:44:10.952213213Z  [2020-08-16T06:44:10Z INFO  dt_client_bytes] 37::38162cb0-e585-43d7-b55d-5c240b2bfb7c/3142192f-6bae-4f12-a6f3-5464dc37e790/d0a71d84-b80f-4558-beac-8887750652e3 "37 6V06NNxnALte1j9EsIy5IyMp8IFUlpMaVNlBtdN8472zhIfl8kuqFS6qh4C4C"
2020-08-16T06:44:10.952234922Z  [2020-08-16T06:44:10Z INFO  dt_client_bytes] Publish 38
2020-08-16T06:44:10.963589449Z  [2020-08-16T06:44:10Z INFO  dt_client_bytes] 38::38162cb0-e585-43d7-b55d-5c240b2bfb7c/3142192f-6bae-4f12-a6f3-5464dc37e790/d0a71d84-b80f-4558-beac-8887750652e3 "38 NnG38iFcN0YMFc0Ptz6ET6gp635L9O8cf9ZgVwLeK2pImAYUJ6tYcBwGdLP42"
2020-08-16T06:44:10.963611942Z  [2020-08-16T06:44:10Z INFO  dt_client_bytes] Publish 39
2020-08-16T06:44:10.983581665Z  [2020-08-16T06:44:10Z INFO  dt_client_bytes] 39::38162cb0-e585-43d7-b55d-5c240b2bfb7c/3142192f-6bae-4f12-a6f3-5464dc37e790/d0a71d84-b80f-4558-beac-8887750652e3 "39 egBS2tNjzs6xrpegfVXHVMLMPXAuFpYhjsv4O0FQQR03kLput4c0j4BfrpoOu"
2020-08-16T06:44:10.983615317Z  [2020-08-16T06:44:10Z INFO  dt_client_bytes] Publish 40
2020-08-16T06:44:10.987114584Z  [2020-08-16T06:44:10Z INFO  dt_client_bytes] 40::38162cb0-e585-43d7-b55d-5c240b2bfb7c/3142192f-6bae-4f12-a6f3-5464dc37e790/d0a71d84-b80f-4558-beac-8887750652e3 "40 LxZj7YTdPcWbI3cZJYHoIDrA5QykcrMhGuqseMiEUfA8EoM8uaEHfI3mkvfje"
2020-08-16T06:44:10.987143037Z  [2020-08-16T06:44:10Z INFO  dt_client_bytes] Publish 41
2020-08-16T06:44:10.988292710Z  [2020-08-16T06:44:10Z INFO  dt_client_bytes] PubAck { pkid: 24 }
2020-08-16T06:44:10.990585239Z  [2020-08-16T06:44:10Z INFO  dt_client_bytes] PubAck { pkid: 25 }
2020-08-16T06:44:10.990604404Z  [2020-08-16T06:44:10Z INFO  dt_client_bytes] PubAck { pkid: 26 }
2020-08-16T06:44:10.992924770Z  [2020-08-16T06:44:10Z INFO  dt_client_bytes] PubAck { pkid: 27 }
2020-08-16T06:44:10.992959679Z  [2020-08-16T06:44:10Z INFO  dt_client_bytes] PubAck { pkid: 28 }
2020-08-16T06:44:10.993899143Z  [2020-08-16T06:44:10Z INFO  dt_client_bytes] PubAck { pkid: 29 }
2020-08-16T06:44:10.999514148Z  [2020-08-16T06:44:10Z INFO  dt_client_bytes] 41::38162cb0-e585-43d7-b55d-5c240b2bfb7c/3142192f-6bae-4f12-a6f3-5464dc37e790/d0a71d84-b80f-4558-beac-8887750652e3 "41 oTLDmJIxH0Q33N3EnbrrzGCiWNtaSKlDFTjxNsk1EFt3nuC4XIEPUl3sFvWEe"
2020-08-16T06:44:10.999538034Z  [2020-08-16T06:44:10Z INFO  dt_client_bytes] Publish 42
2020-08-16T06:44:11.009855033Z  [2020-08-16T06:44:11Z INFO  dt_client_bytes] 42::38162cb0-e585-43d7-b55d-5c240b2bfb7c/3142192f-6bae-4f12-a6f3-5464dc37e790/d0a71d84-b80f-4558-beac-8887750652e3 "42 OlScTrXxHghYndi61kXEYlsrtjKhOWtIcHPlCTLjMFp0FbBT26UTW2ptNlJpE"
2020-08-16T06:44:11.009874777Z  [2020-08-16T06:44:11Z INFO  dt_client_bytes] Publish 43
2020-08-16T06:44:11.016855877Z  [2020-08-16T06:44:11Z INFO  dt_client_bytes] PubAck { pkid: 30 }
2020-08-16T06:44:11.016879114Z  [2020-08-16T06:44:11Z INFO  dt_client_bytes] PubAck { pkid: 31 }
2020-08-16T06:44:11.021042071Z  [2020-08-16T06:44:11Z INFO  dt_client_bytes] PubAck { pkid: 32 }
2020-08-16T06:44:11.021062678Z  [2020-08-16T06:44:11Z INFO  dt_client_bytes] PubAck { pkid: 33 }
2020-08-16T06:44:11.021072845Z  [2020-08-16T06:44:11Z INFO  dt_client_bytes] PubAck { pkid: 34 }
2020-08-16T06:44:11.021082078Z  [2020-08-16T06:44:11Z INFO  dt_client_bytes] 43::38162cb0-e585-43d7-b55d-5c240b2bfb7c/3142192f-6bae-4f12-a6f3-5464dc37e790/d0a71d84-b80f-4558-beac-8887750652e3 "43 LKhyZz0D5caczLuHY1hrn3ajM6F8iqdUFJbr5g7PQ0KjUf31dHw0y0nFY4aP0"
2020-08-16T06:44:11.021091883Z  [2020-08-16T06:44:11Z INFO  dt_client_bytes] Publish 44
2020-08-16T06:44:11.033733263Z  [2020-08-16T06:44:11Z INFO  dt_client_bytes] 44::38162cb0-e585-43d7-b55d-5c240b2bfb7c/3142192f-6bae-4f12-a6f3-5464dc37e790/d0a71d84-b80f-4558-beac-8887750652e3 "44 dKMahFotTcxaWUhN4xkDvBB9QLnYAG3Y3VOw6aT2T92ygXjt3ylKo3Owy4hfY"
2020-08-16T06:44:11.033756373Z  [2020-08-16T06:44:11Z INFO  dt_client_bytes] Publish 45
2020-08-16T06:44:11.044936536Z  [2020-08-16T06:44:11Z INFO  dt_client_bytes] 45::38162cb0-e585-43d7-b55d-5c240b2bfb7c/3142192f-6bae-4f12-a6f3-5464dc37e790/d0a71d84-b80f-4558-beac-8887750652e3 "45 1Zhp9bJLJ5SyFRWSxIL2fWsn6JSSYM6OesRaYPHR71OipSuDLGihjdwtM1yRa"
2020-08-16T06:44:11.044951096Z  [2020-08-16T06:44:11Z INFO  dt_client_bytes] Publish 46
2020-08-16T06:44:11.053515952Z  [2020-08-16T06:44:11Z INFO  dt_client_bytes] 46::38162cb0-e585-43d7-b55d-5c240b2bfb7c/3142192f-6bae-4f12-a6f3-5464dc37e790/d0a71d84-b80f-4558-beac-8887750652e3 "46 h4nQodXwhPHnIiOtvTxQu6oMlWIUrntK76dgqYRzktTurPuRZCvgoAyfkTCH0"
2020-08-16T06:44:11.053551099Z  [2020-08-16T06:44:11Z INFO  dt_client_bytes] Publish 47
2020-08-16T06:44:11.065428899Z  [2020-08-16T06:44:11Z INFO  dt_client_bytes] 47::38162cb0-e585-43d7-b55d-5c240b2bfb7c/3142192f-6bae-4f12-a6f3-5464dc37e790/d0a71d84-b80f-4558-beac-8887750652e3 "47 34TK8UXkRdSMxTRJXvD6jEXV31cE1GAYcdTTkGhWNaojTrZoLdpdyPsX0dIeC"
2020-08-16T06:44:11.065449351Z  [2020-08-16T06:44:11Z INFO  dt_client_bytes] Publish 48
2020-08-16T06:44:11.079532779Z  [2020-08-16T06:44:11Z INFO  dt_client_bytes] 48::38162cb0-e585-43d7-b55d-5c240b2bfb7c/3142192f-6bae-4f12-a6f3-5464dc37e790/d0a71d84-b80f-4558-beac-8887750652e3 "48 ANPVjnq54hwR4LObTPr09Tjc8MK8oDDHKGJQOoJTG2OUndq20U3bhXdLv288c"
2020-08-16T06:44:11.079553416Z  [2020-08-16T06:44:11Z INFO  dt_client_bytes] Publish 49
2020-08-16T06:44:11.092815819Z  [2020-08-16T06:44:11Z INFO  dt_client_bytes] 49::38162cb0-e585-43d7-b55d-5c240b2bfb7c/3142192f-6bae-4f12-a6f3-5464dc37e790/d0a71d84-b80f-4558-beac-8887750652e3 "49 7fnEE721hPlADRmM78whh3elEjdPUwz8ebAr9GxxpuBjLDlg1IzoxQfWJMzYz"
2020-08-16T06:44:11.092835832Z  [2020-08-16T06:44:11Z INFO  dt_client_bytes] Publish 50
2020-08-16T06:44:11.099188054Z  [2020-08-16T06:44:11Z INFO  dt_client_bytes] PubAck { pkid: 35 }
2020-08-16T06:44:11.099206624Z  [2020-08-16T06:44:11Z INFO  dt_client_bytes] PubAck { pkid: 36 }
2020-08-16T06:44:11.099216518Z  [2020-08-16T06:44:11Z INFO  dt_client_bytes] 50::38162cb0-e585-43d7-b55d-5c240b2bfb7c/3142192f-6bae-4f12-a6f3-5464dc37e790/d0a71d84-b80f-4558-beac-8887750652e3 "50 DoJudLliFmY8dy6HHz0ASbMewS2QvO7uiJVOu2K0tKMwmY9umaH1lSS9jL41y"
2020-08-16T06:44:11.101468014Z  [2020-08-16T06:44:11Z INFO  dt_client_bytes] PubAck { pkid: 37 }
2020-08-16T06:44:11.101487930Z  [2020-08-16T06:44:11Z INFO  dt_client_bytes] PubAck { pkid: 38 }
2020-08-16T06:44:11.101498248Z  [2020-08-16T06:44:11Z INFO  dt_client_bytes] PubAck { pkid: 39 }
2020-08-16T06:44:11.103734628Z  [2020-08-16T06:44:11Z INFO  dt_client_bytes] PubAck { pkid: 40 }
2020-08-16T06:44:11.107094250Z  [2020-08-16T06:44:11Z INFO  dt_client_bytes] PubAck { pkid: 41 }
2020-08-16T06:44:11.107112695Z  [2020-08-16T06:44:11Z INFO  dt_client_bytes] Publish 51
2020-08-16T06:44:11.116194221Z  [2020-08-16T06:44:11Z INFO  dt_client_bytes] 51::38162cb0-e585-43d7-b55d-5c240b2bfb7c/3142192f-6bae-4f12-a6f3-5464dc37e790/d0a71d84-b80f-4558-beac-8887750652e3 "51 idwbwbxaoxkzPSG8CSajN7wPyHLkt6cliawwmLruPUzCQHeBUMFDi8PcfLARI"
2020-08-16T06:44:11.116222126Z  [2020-08-16T06:44:11Z INFO  dt_client_bytes] Publish 52
2020-08-16T06:44:11.124097403Z  [2020-08-16T06:44:11Z INFO  dt_client_bytes] 52::38162cb0-e585-43d7-b55d-5c240b2bfb7c/3142192f-6bae-4f12-a6f3-5464dc37e790/d0a71d84-b80f-4558-beac-8887750652e3 "52 ePWDoctNY23ZVDhfzfwpcub2n2x9fj09vJk7kKvNtGXEycSi7u9DGllv8vcFI"
2020-08-16T06:44:11.124122089Z  [2020-08-16T06:44:11Z INFO  dt_client_bytes] Publish 53
2020-08-16T06:44:11.142927457Z  [2020-08-16T06:44:11Z INFO  dt_client_bytes] 53::38162cb0-e585-43d7-b55d-5c240b2bfb7c/3142192f-6bae-4f12-a6f3-5464dc37e790/d0a71d84-b80f-4558-beac-8887750652e3 "53 DZ3F5yelWSuJAZmMLvjaUmYXgRrA7XqTlf5ZoRXTFKjvhwGte56okZhkNDNK0"
2020-08-16T06:44:11.142993485Z  [2020-08-16T06:44:11Z INFO  dt_client_bytes] Publish 54
2020-08-16T06:44:11.155095734Z  [2020-08-16T06:44:11Z INFO  dt_client_bytes] 54::38162cb0-e585-43d7-b55d-5c240b2bfb7c/3142192f-6bae-4f12-a6f3-5464dc37e790/d0a71d84-b80f-4558-beac-8887750652e3 "54 aRB8e6nZlvxeNcomAj8q9k9PdL28a0YIp3sDAXGHZCTktVsG7YqVruuid2oYt"
2020-08-16T06:44:11.155119483Z  [2020-08-16T06:44:11Z INFO  dt_client_bytes] Publish 55
2020-08-16T06:44:11.161120826Z  [2020-08-16T06:44:11Z INFO  dt_client_bytes] 55::38162cb0-e585-43d7-b55d-5c240b2bfb7c/3142192f-6bae-4f12-a6f3-5464dc37e790/d0a71d84-b80f-4558-beac-8887750652e3 "55 1qKmoojq0Z537WM5ICeRWeKOVscZuUC12nlKiruNAp53aeI1VZ9Xpr9SvAPHK"
2020-08-16T06:44:11.161143633Z  [2020-08-16T06:44:11Z INFO  dt_client_bytes] Publish 56
2020-08-16T06:44:11.168539137Z  [2020-08-16T06:44:11Z INFO  dt_client_bytes] PubAck { pkid: 42 }
2020-08-16T06:44:11.168553446Z  [2020-08-16T06:44:11Z INFO  dt_client_bytes] PubAck { pkid: 43 }
2020-08-16T06:44:11.168575172Z  [2020-08-16T06:44:11Z INFO  dt_client_bytes] 56::38162cb0-e585-43d7-b55d-5c240b2bfb7c/3142192f-6bae-4f12-a6f3-5464dc37e790/d0a71d84-b80f-4558-beac-8887750652e3 "56 82HPl3Z7J1IMvaJl28AakNMCXnsXEieItW1hcWHPCAZcsEqMLJKKVuPe76SwA"
2020-08-16T06:44:11.168586444Z  [2020-08-16T06:44:11Z INFO  dt_client_bytes] Publish 57
2020-08-16T06:44:11.177818056Z  [2020-08-16T06:44:11Z INFO  dt_client_bytes] 57::38162cb0-e585-43d7-b55d-5c240b2bfb7c/3142192f-6bae-4f12-a6f3-5464dc37e790/d0a71d84-b80f-4558-beac-8887750652e3 "57 eAygGfuQOB8NnAg5oqRd5SfMUKXBwXIPpugM99cQAVFaqSv7PrvSspMoD3FN1"
2020-08-16T06:44:11.177852039Z  [2020-08-16T06:44:11Z INFO  dt_client_bytes] Publish 58
2020-08-16T06:44:11.190262451Z  [2020-08-16T06:44:11Z INFO  dt_client_bytes] 58::38162cb0-e585-43d7-b55d-5c240b2bfb7c/3142192f-6bae-4f12-a6f3-5464dc37e790/d0a71d84-b80f-4558-beac-8887750652e3 "58 Ajd2FM4xtKowglSAyETTeso86pqMPn82LJ7eJkYFyydVbuPPasYIQefWZGIi3"
2020-08-16T06:44:11.190291308Z  [2020-08-16T06:44:11Z INFO  dt_client_bytes] Publish 59
2020-08-16T06:44:11.208937509Z  [2020-08-16T06:44:11Z INFO  dt_client_bytes] 59::38162cb0-e585-43d7-b55d-5c240b2bfb7c/3142192f-6bae-4f12-a6f3-5464dc37e790/d0a71d84-b80f-4558-beac-8887750652e3 "59 JClq53oTyjdCmssGT1AAYxIgxEIL1DkdQgNPOpElHOcj4Ou9Jj5jHj1YxzcSL"
2020-08-16T06:44:11.208966597Z  [2020-08-16T06:44:11Z INFO  dt_client_bytes] Publish 60
2020-08-16T06:44:11.215516254Z  [2020-08-16T06:44:11Z INFO  dt_client_bytes] 60::38162cb0-e585-43d7-b55d-5c240b2bfb7c/3142192f-6bae-4f12-a6f3-5464dc37e790/d0a71d84-b80f-4558-beac-8887750652e3 "60 vfhsLltkXgbOA2FVKmopCU0qWrA52oSWpaduwkH2kIFI2Cd5YCQashYKDBahg"
2020-08-16T06:44:11.215539173Z  [2020-08-16T06:44:11Z INFO  dt_client_bytes] Publish 61
2020-08-16T06:44:11.223602472Z  [2020-08-16T06:44:11Z INFO  dt_client_bytes] 61::38162cb0-e585-43d7-b55d-5c240b2bfb7c/3142192f-6bae-4f12-a6f3-5464dc37e790/d0a71d84-b80f-4558-beac-8887750652e3 "61 W65rpQiBvwwvVcJxZaDPixqnmW9lUKqMkmGRMBWj6Eo7W1hTWYWVD6t5kxyXL"
2020-08-16T06:44:11.223629847Z  [2020-08-16T06:44:11Z INFO  dt_client_bytes] Publish 62
2020-08-16T06:44:11.240696946Z  [2020-08-16T06:44:11Z INFO  dt_client_bytes] 62::38162cb0-e585-43d7-b55d-5c240b2bfb7c/3142192f-6bae-4f12-a6f3-5464dc37e790/d0a71d84-b80f-4558-beac-8887750652e3 "62 scbzlbEQFHHLec2npKYUTC4KVrKXt5UqEhF3qVLBaWmU6oELQSXRAoHukK1Mn"
2020-08-16T06:44:11.240769035Z  [2020-08-16T06:44:11Z INFO  dt_client_bytes] Publish 63
2020-08-16T06:44:11.240783112Z  [2020-08-16T06:44:11Z INFO  dt_client_bytes] PubAck { pkid: 44 }
2020-08-16T06:44:11.240793159Z  [2020-08-16T06:44:11Z INFO  dt_client_bytes] PubAck { pkid: 45 }
2020-08-16T06:44:11.242962551Z  [2020-08-16T06:44:11Z INFO  dt_client_bytes] PubAck { pkid: 46 }
2020-08-16T06:44:11.242981811Z  [2020-08-16T06:44:11Z INFO  dt_client_bytes] PubAck { pkid: 47 }
2020-08-16T06:44:11.245293527Z  [2020-08-16T06:44:11Z INFO  dt_client_bytes] PubAck { pkid: 48 }
2020-08-16T06:44:11.245327844Z  [2020-08-16T06:44:11Z INFO  dt_client_bytes] PubAck { pkid: 49 }
2020-08-16T06:44:11.256324290Z  [2020-08-16T06:44:11Z INFO  dt_client_bytes] PubAck { pkid: 50 }
2020-08-16T06:44:11.256370487Z  [2020-08-16T06:44:11Z INFO  dt_client_bytes] 63::38162cb0-e585-43d7-b55d-5c240b2bfb7c/3142192f-6bae-4f12-a6f3-5464dc37e790/d0a71d84-b80f-4558-beac-8887750652e3 "63 QzOL2P4EPPI1wblLlv7raCpmbxZxBiYr2LHc6G6GbOQM27bsM8KY2yyezxxLu"
2020-08-16T06:44:11.256384322Z  [2020-08-16T06:44:11Z INFO  dt_client_bytes] Publish 64
2020-08-16T06:44:11.257173380Z  [2020-08-16T06:44:11Z INFO  dt_client_bytes] 64::38162cb0-e585-43d7-b55d-5c240b2bfb7c/3142192f-6bae-4f12-a6f3-5464dc37e790/d0a71d84-b80f-4558-beac-8887750652e3 "64 250H3YEhtNlalqH19XVEXKfyjyR6WTsc7c2FrmlYBK9I8DcRLMHj8ZEVl1yjh"
2020-08-16T06:44:11.257227137Z  [2020-08-16T06:44:11Z INFO  dt_client_bytes] Publish 65
2020-08-16T06:44:11.268716707Z  [2020-08-16T06:44:11Z INFO  dt_client_bytes] 65::38162cb0-e585-43d7-b55d-5c240b2bfb7c/3142192f-6bae-4f12-a6f3-5464dc37e790/d0a71d84-b80f-4558-beac-8887750652e3 "65 BRDG8NPUjpu9mcWJjFU1fMv6KUPfz0U3KIHsCjK4PqUQcvASotisVUGDffmyJ"
2020-08-16T06:44:11.268757816Z  [2020-08-16T06:44:11Z INFO  dt_client_bytes] Publish 66
2020-08-16T06:44:11.280178976Z  [2020-08-16T06:44:11Z INFO  dt_client_bytes] 66::38162cb0-e585-43d7-b55d-5c240b2bfb7c/3142192f-6bae-4f12-a6f3-5464dc37e790/d0a71d84-b80f-4558-beac-8887750652e3 "66 cgNPRvsvYlerCsLvxwOPPtCo6swiFSNvwXzLglp1wf9LF4BUsMbn349GK9D89"
2020-08-16T06:44:11.280219318Z  [2020-08-16T06:44:11Z INFO  dt_client_bytes] Publish 67
2020-08-16T06:44:11.291795195Z  [2020-08-16T06:44:11Z INFO  dt_client_bytes] 67::38162cb0-e585-43d7-b55d-5c240b2bfb7c/3142192f-6bae-4f12-a6f3-5464dc37e790/d0a71d84-b80f-4558-beac-8887750652e3 "67 RAJt2PYewu4VNZln5vdo7HCvdiNOO7Q4yo8HvA2gfrq9SXJG6vh2nuc178AFF"
2020-08-16T06:44:11.291835767Z  [2020-08-16T06:44:11Z INFO  dt_client_bytes] Publish 68
2020-08-16T06:44:11.294869848Z  [2020-08-16T06:44:11Z INFO  dt_client_bytes] PubAck { pkid: 51 }
2020-08-16T06:44:11.296024742Z  [2020-08-16T06:44:11Z INFO  dt_client_bytes] PubAck { pkid: 52 }
2020-08-16T06:44:11.297167799Z  [2020-08-16T06:44:11Z INFO  dt_client_bytes] PubAck { pkid: 53 }
2020-08-16T06:44:11.298303162Z  [2020-08-16T06:44:11Z INFO  dt_client_bytes] PubAck { pkid: 54 }
2020-08-16T06:44:11.299471814Z  [2020-08-16T06:44:11Z INFO  dt_client_bytes] PubAck { pkid: 55 }
2020-08-16T06:44:11.300631679Z  [2020-08-16T06:44:11Z INFO  dt_client_bytes] PubAck { pkid: 56 }
2020-08-16T06:44:11.303263406Z  [2020-08-16T06:44:11Z INFO  dt_client_bytes] 68::38162cb0-e585-43d7-b55d-5c240b2bfb7c/3142192f-6bae-4f12-a6f3-5464dc37e790/d0a71d84-b80f-4558-beac-8887750652e3 "68 II9lj5yZF9TNG7He5NVgUVhD6jLlTij8Rsgg65zmPK0KvqoNyRJAWlQT7lesi"
2020-08-16T06:44:11.303334975Z  [2020-08-16T06:44:11Z INFO  dt_client_bytes] Publish 69
2020-08-16T06:44:11.315870701Z  [2020-08-16T06:44:11Z INFO  dt_client_bytes] 69::38162cb0-e585-43d7-b55d-5c240b2bfb7c/3142192f-6bae-4f12-a6f3-5464dc37e790/d0a71d84-b80f-4558-beac-8887750652e3 "69 EigjZbUjTZhvQp4nRkcyomwDD0BHl9QbiRNnc7ZJdCtIpoEqy6Ci0CAfhDeIg"
2020-08-16T06:44:11.315936879Z  [2020-08-16T06:44:11Z INFO  dt_client_bytes] Publish 70
2020-08-16T06:44:11.327089425Z  [2020-08-16T06:44:11Z INFO  dt_client_bytes] 70::38162cb0-e585-43d7-b55d-5c240b2bfb7c/3142192f-6bae-4f12-a6f3-5464dc37e790/d0a71d84-b80f-4558-beac-8887750652e3 "70 mVBwb2j4wwZQAONpPxoAmO64l1CkBqnootYE5G7aAQqN9v4Yy2kl6sqtV1Buq"
2020-08-16T06:44:11.327114324Z  [2020-08-16T06:44:11Z INFO  dt_client_bytes] Publish 71
2020-08-16T06:44:11.335722552Z  [2020-08-16T06:44:11Z INFO  dt_client_bytes] PubAck { pkid: 57 }
2020-08-16T06:44:11.336829192Z  [2020-08-16T06:44:11Z INFO  dt_client_bytes] PubAck { pkid: 58 }
2020-08-16T06:44:11.339154400Z  [2020-08-16T06:44:11Z INFO  dt_client_bytes] PubAck { pkid: 59 }
2020-08-16T06:44:11.339173528Z  [2020-08-16T06:44:11Z INFO  dt_client_bytes] 71::38162cb0-e585-43d7-b55d-5c240b2bfb7c/3142192f-6bae-4f12-a6f3-5464dc37e790/d0a71d84-b80f-4558-beac-8887750652e3 "71 TI547xaLTJLPpgNJgZqY7ALG7nMIzkP8rARRhaljl5s7W0yYZ9DrhyhQgm31x"
2020-08-16T06:44:11.339221385Z  [2020-08-16T06:44:11Z INFO  dt_client_bytes] PubAck { pkid: 60 }
2020-08-16T06:44:11.340350197Z  [2020-08-16T06:44:11Z INFO  dt_client_bytes] PubAck { pkid: 61 }
2020-08-16T06:44:11.342769314Z  [2020-08-16T06:44:11Z INFO  dt_client_bytes] PubAck { pkid: 62 }
2020-08-16T06:44:11.342788439Z  [2020-08-16T06:44:11Z INFO  dt_client_bytes] PubAck { pkid: 63 }
2020-08-16T06:44:11.344804252Z  [2020-08-16T06:44:11Z INFO  dt_client_bytes] Publish 72
2020-08-16T06:44:11.349462028Z  [2020-08-16T06:44:11Z INFO  dt_client_bytes] 72::38162cb0-e585-43d7-b55d-5c240b2bfb7c/3142192f-6bae-4f12-a6f3-5464dc37e790/d0a71d84-b80f-4558-beac-8887750652e3 "72 poys3BxXU9OwwSVxxafYakMTzoDbodZzgbUuBPZA5Xn7kKhalxCquSJTDLVPS"
2020-08-16T06:44:11.349530258Z  [2020-08-16T06:44:11Z INFO  dt_client_bytes] Publish 73
2020-08-16T06:44:11.361136405Z  [2020-08-16T06:44:11Z INFO  dt_client_bytes] 73::38162cb0-e585-43d7-b55d-5c240b2bfb7c/3142192f-6bae-4f12-a6f3-5464dc37e790/d0a71d84-b80f-4558-beac-8887750652e3 "73 KvjoUkfZiwnaidvKnWiiyrbuOYc8vyO93SjeExzXUo0Exfp8CO0dE7ebdYCie"
2020-08-16T06:44:11.361174320Z  [2020-08-16T06:44:11Z INFO  dt_client_bytes] Publish 74
2020-08-16T06:44:11.372557512Z  [2020-08-16T06:44:11Z INFO  dt_client_bytes] 74::38162cb0-e585-43d7-b55d-5c240b2bfb7c/3142192f-6bae-4f12-a6f3-5464dc37e790/d0a71d84-b80f-4558-beac-8887750652e3 "74 6LCcfGMkNOX3jOkq64h7g06KXqRgZJya0mS5DbOKZiwdGDUXXsb0LwxWRjZPS"
2020-08-16T06:44:11.372592544Z  [2020-08-16T06:44:11Z INFO  dt_client_bytes] Publish 75
2020-08-16T06:44:11.383913973Z  [2020-08-16T06:44:11Z INFO  dt_client_bytes] 75::38162cb0-e585-43d7-b55d-5c240b2bfb7c/3142192f-6bae-4f12-a6f3-5464dc37e790/d0a71d84-b80f-4558-beac-8887750652e3 "75 8DUcsFDJAxWrAy7HlOvj2YMcIIXtwJylg2wzDdZ8d9bHx7edIzQwr6ukvAEUd"
2020-08-16T06:44:11.384012190Z  [2020-08-16T06:44:11Z INFO  dt_client_bytes] Publish 76
2020-08-16T06:44:11.394278324Z  [2020-08-16T06:44:11Z INFO  dt_client_bytes] 76::38162cb0-e585-43d7-b55d-5c240b2bfb7c/3142192f-6bae-4f12-a6f3-5464dc37e790/d0a71d84-b80f-4558-beac-8887750652e3 "76 51SFmehXZ7ncPB3FxuHGb4RevmDXoSbQg2WLNcP7ngbhGklKtEu6qwEGJsVxQ"
2020-08-16T06:44:11.394337746Z  [2020-08-16T06:44:11Z INFO  dt_client_bytes] Publish 77
2020-08-16T06:44:11.404117155Z  [2020-08-16T06:44:11Z INFO  dt_client_bytes] PubAck { pkid: 64 }
2020-08-16T06:44:11.405295404Z  [2020-08-16T06:44:11Z INFO  dt_client_bytes] PubAck { pkid: 65 }
2020-08-16T06:44:11.405360964Z  [2020-08-16T06:44:11Z INFO  dt_client_bytes] 77::38162cb0-e585-43d7-b55d-5c240b2bfb7c/3142192f-6bae-4f12-a6f3-5464dc37e790/d0a71d84-b80f-4558-beac-8887750652e3 "77 Qqut7WbobhKAeosVa6LEurLUtnLuXfP782jaVsPaj2O38HFZgJODzfdAjVd82"
2020-08-16T06:44:11.406434693Z  [2020-08-16T06:44:11Z INFO  dt_client_bytes] PubAck { pkid: 66 }
2020-08-16T06:44:11.407625017Z  [2020-08-16T06:44:11Z INFO  dt_client_bytes] PubAck { pkid: 67 }
2020-08-16T06:44:11.408769758Z  [2020-08-16T06:44:11Z INFO  dt_client_bytes] PubAck { pkid: 68 }
2020-08-16T06:44:11.409970075Z  [2020-08-16T06:44:11Z INFO  dt_client_bytes] Publish 78
2020-08-16T06:44:11.416541941Z  [2020-08-16T06:44:11Z INFO  dt_client_bytes] 78::38162cb0-e585-43d7-b55d-5c240b2bfb7c/3142192f-6bae-4f12-a6f3-5464dc37e790/d0a71d84-b80f-4558-beac-8887750652e3 "78 Fkw6sRRNOJcFuGZ0ZdANLFpjrnjcWLcftUtlpKDP04Kr8oN8MMwamUtSvqRdJ"
2020-08-16T06:44:11.416597150Z  [2020-08-16T06:44:11Z INFO  dt_client_bytes] Publish 79
2020-08-16T06:44:11.428054037Z  [2020-08-16T06:44:11Z INFO  dt_client_bytes] 79::38162cb0-e585-43d7-b55d-5c240b2bfb7c/3142192f-6bae-4f12-a6f3-5464dc37e790/d0a71d84-b80f-4558-beac-8887750652e3 "79 NOHwhLY0xQQlPtxEgwzucmaZCMdVz6TNCAG7e1bObJFpR93t5wQ8xWo6Nt8nE"
2020-08-16T06:44:11.428114911Z  [2020-08-16T06:44:11Z INFO  dt_client_bytes] Publish 80
2020-08-16T06:44:11.439501118Z  [2020-08-16T06:44:11Z INFO  dt_client_bytes] 80::38162cb0-e585-43d7-b55d-5c240b2bfb7c/3142192f-6bae-4f12-a6f3-5464dc37e790/d0a71d84-b80f-4558-beac-8887750652e3 "80 iFi23RVH1PYtrBQnQ3ZjcHoUM2yUfFi5OaUSSfhUGmiAr9BNJxLlP5DUsAn8p"
2020-08-16T06:44:11.439550435Z  [2020-08-16T06:44:11Z INFO  dt_client_bytes] Publish 81
2020-08-16T06:44:11.450867686Z  [2020-08-16T06:44:11Z INFO  dt_client_bytes] 81::38162cb0-e585-43d7-b55d-5c240b2bfb7c/3142192f-6bae-4f12-a6f3-5464dc37e790/d0a71d84-b80f-4558-beac-8887750652e3 "81 13UJ6XzqW1QGeOy6CDjnqGXFZu17mPLiLwPBYszOK0rqdDpsHO8amkG0iQX9B"
2020-08-16T06:44:11.450926231Z  [2020-08-16T06:44:11Z INFO  dt_client_bytes] Publish 82
2020-08-16T06:44:11.463582420Z  [2020-08-16T06:44:11Z INFO  dt_client_bytes] 82::38162cb0-e585-43d7-b55d-5c240b2bfb7c/3142192f-6bae-4f12-a6f3-5464dc37e790/d0a71d84-b80f-4558-beac-8887750652e3 "82 UU7NinqwAIB8xRywybUNqDOOAtQWIzQy70AFxC6xqg6JkGeLh4RxOeNgk14GM"
2020-08-16T06:44:11.463644467Z  [2020-08-16T06:44:11Z INFO  dt_client_bytes] Publish 83
2020-08-16T06:44:11.472803035Z  [2020-08-16T06:44:11Z INFO  dt_client_bytes] 83::38162cb0-e585-43d7-b55d-5c240b2bfb7c/3142192f-6bae-4f12-a6f3-5464dc37e790/d0a71d84-b80f-4558-beac-8887750652e3 "83 24rVnGHuBD3Xlpj4kmIB2cZJz899Mclij53mKQyFRU3A8LWHYCuKN0OU3KJJq"
2020-08-16T06:44:11.472906100Z  [2020-08-16T06:44:11Z INFO  dt_client_bytes] Publish 84
2020-08-16T06:44:11.475231229Z  [2020-08-16T06:44:11Z INFO  dt_client_bytes] PubAck { pkid: 69 }
2020-08-16T06:44:11.475250626Z  [2020-08-16T06:44:11Z INFO  dt_client_bytes] PubAck { pkid: 70 }
2020-08-16T06:44:11.477481858Z  [2020-08-16T06:44:11Z INFO  dt_client_bytes] PubAck { pkid: 71 }
2020-08-16T06:44:11.484052540Z  [2020-08-16T06:44:11Z INFO  dt_client_bytes] 84::38162cb0-e585-43d7-b55d-5c240b2bfb7c/3142192f-6bae-4f12-a6f3-5464dc37e790/d0a71d84-b80f-4558-beac-8887750652e3 "84 nqs1lq4QuJvh2oVGs71GxcWjWZ89aeqSajgV1wtjr9RZHYRoXlVIKj8yNFE3I"
2020-08-16T06:44:11.484110093Z  [2020-08-16T06:44:11Z INFO  dt_client_bytes] Publish 85
2020-08-16T06:44:11.495586222Z  [2020-08-16T06:44:11Z INFO  dt_client_bytes] 85::38162cb0-e585-43d7-b55d-5c240b2bfb7c/3142192f-6bae-4f12-a6f3-5464dc37e790/d0a71d84-b80f-4558-beac-8887750652e3 "85 ML0czegAyt3UuP8cY45XSRMrMPFhrMPTv6qPCIPSTPqotwXKOWpD2UJPFdist"
2020-08-16T06:44:11.495620433Z  [2020-08-16T06:44:11Z INFO  dt_client_bytes] Publish 86
2020-08-16T06:44:11.506981430Z  [2020-08-16T06:44:11Z INFO  dt_client_bytes] 86::38162cb0-e585-43d7-b55d-5c240b2bfb7c/3142192f-6bae-4f12-a6f3-5464dc37e790/d0a71d84-b80f-4558-beac-8887750652e3 "86 9b4dguEGIo1ie0h0kwe6TsTAYvqm9to935i3kSv2fW2aOorzk3eQKwSXICXgz"
2020-08-16T06:44:11.507041802Z  [2020-08-16T06:44:11Z INFO  dt_client_bytes] Publish 87
2020-08-16T06:44:11.517361549Z  [2020-08-16T06:44:11Z INFO  dt_client_bytes] 87::38162cb0-e585-43d7-b55d-5c240b2bfb7c/3142192f-6bae-4f12-a6f3-5464dc37e790/d0a71d84-b80f-4558-beac-8887750652e3 "87 3TokT9ZKvrK5nlJ7m5G0k0RKBtNvMe3VgtysbpIFWbOc5yyXx4GmBwrKheWLL"
2020-08-16T06:44:11.517384847Z  [2020-08-16T06:44:11Z INFO  dt_client_bytes] Publish 88
2020-08-16T06:44:11.528685969Z  [2020-08-16T06:44:11Z INFO  dt_client_bytes] 88::38162cb0-e585-43d7-b55d-5c240b2bfb7c/3142192f-6bae-4f12-a6f3-5464dc37e790/d0a71d84-b80f-4558-beac-8887750652e3 "88 0tRs1KGpEm6V5xxSTm6cY6saJxTyWdpMZ3uDcDkzi3eDrlREHJ3CTXBw91nVX"
2020-08-16T06:44:11.528741221Z  [2020-08-16T06:44:11Z INFO  dt_client_bytes] Publish 89
2020-08-16T06:44:11.538864049Z  [2020-08-16T06:44:11Z INFO  dt_client_bytes] PubAck { pkid: 72 }
2020-08-16T06:44:11.540079309Z  [2020-08-16T06:44:11Z INFO  dt_client_bytes] PubAck { pkid: 73 }
2020-08-16T06:44:11.540101793Z  [2020-08-16T06:44:11Z INFO  dt_client_bytes] 89::38162cb0-e585-43d7-b55d-5c240b2bfb7c/3142192f-6bae-4f12-a6f3-5464dc37e790/d0a71d84-b80f-4558-beac-8887750652e3 "89 6nKPSGx27O02U4PMflFqdvTr1h5JCSU2cacDtkuAepD3q5Bo5vXAo7aumm4zF"
2020-08-16T06:44:11.541191766Z  [2020-08-16T06:44:11Z INFO  dt_client_bytes] PubAck { pkid: 74 }
2020-08-16T06:44:11.542384527Z  [2020-08-16T06:44:11Z INFO  dt_client_bytes] Publish 90
2020-08-16T06:44:11.543513167Z  [2020-08-16T06:44:11Z INFO  dt_client_bytes] PubAck { pkid: 75 }
2020-08-16T06:44:11.544632074Z  [2020-08-16T06:44:11Z INFO  dt_client_bytes] PubAck { pkid: 76 }
2020-08-16T06:44:11.545775082Z  [2020-08-16T06:44:11Z INFO  dt_client_bytes] PubAck { pkid: 77 }
2020-08-16T06:44:11.552496913Z  [2020-08-16T06:44:11Z INFO  dt_client_bytes] 90::38162cb0-e585-43d7-b55d-5c240b2bfb7c/3142192f-6bae-4f12-a6f3-5464dc37e790/d0a71d84-b80f-4558-beac-8887750652e3 "90 NRnf2dglDNZ4DPYRUrxYA2Tgi71Zwg1LMt91N5Pwob5mcleEBJKFfJldUevUN"
2020-08-16T06:44:11.552568764Z  [2020-08-16T06:44:11Z INFO  dt_client_bytes] Publish 91
2020-08-16T06:44:11.564937490Z  [2020-08-16T06:44:11Z INFO  dt_client_bytes] 91::38162cb0-e585-43d7-b55d-5c240b2bfb7c/3142192f-6bae-4f12-a6f3-5464dc37e790/d0a71d84-b80f-4558-beac-8887750652e3 "91 EkD5zHkJdVrrBkt0MDrjUDSDAcMUnkSQJHvdpMnXNmVSYfxVDVZyc4mzacEm5"
2020-08-16T06:44:11.564966489Z  [2020-08-16T06:44:11Z INFO  dt_client_bytes] Publish 92
2020-08-16T06:44:11.574283794Z  [2020-08-16T06:44:11Z INFO  dt_client_bytes] 92::38162cb0-e585-43d7-b55d-5c240b2bfb7c/3142192f-6bae-4f12-a6f3-5464dc37e790/d0a71d84-b80f-4558-beac-8887750652e3 "92 vb4EjcMCXzuIjBsYZkfqnpHNQ3Mbz6VV9z9gZEogCJlvyBhqWhW9FoM7hADT4"
2020-08-16T06:44:11.574307744Z  [2020-08-16T06:44:11Z INFO  dt_client_bytes] Publish 93
2020-08-16T06:44:11.588043512Z  [2020-08-16T06:44:11Z INFO  dt_client_bytes] Publish 94
2020-08-16T06:44:11.588067058Z  [2020-08-16T06:44:11Z INFO  dt_client_bytes] 93::38162cb0-e585-43d7-b55d-5c240b2bfb7c/3142192f-6bae-4f12-a6f3-5464dc37e790/d0a71d84-b80f-4558-beac-8887750652e3 "93 L8nYRTuP2UqxvOKtaxV5XtyofNZ8wVrcJb0LHlMd0ROM4Cn3QjdKZScYRXRhe"
2020-08-16T06:44:11.588095804Z  [2020-08-16T06:44:11Z INFO  dt_client_bytes] PubAck { pkid: 78 }
2020-08-16T06:44:11.590353123Z  [2020-08-16T06:44:11Z INFO  dt_client_bytes] PubAck { pkid: 79 }
2020-08-16T06:44:11.590373968Z  [2020-08-16T06:44:11Z INFO  dt_client_bytes] PubAck { pkid: 80 }
2020-08-16T06:44:11.593056127Z  [2020-08-16T06:44:11Z INFO  dt_client_bytes] PubAck { pkid: 81 }
2020-08-16T06:44:11.593077611Z  [2020-08-16T06:44:11Z INFO  dt_client_bytes] PubAck { pkid: 82 }
2020-08-16T06:44:11.594984506Z  [2020-08-16T06:44:11Z INFO  dt_client_bytes] PubAck { pkid: 83 }
2020-08-16T06:44:11.595005324Z  [2020-08-16T06:44:11Z INFO  dt_client_bytes] PubAck { pkid: 84 }
2020-08-16T06:44:11.597756789Z  [2020-08-16T06:44:11Z INFO  dt_client_bytes] 94::38162cb0-e585-43d7-b55d-5c240b2bfb7c/3142192f-6bae-4f12-a6f3-5464dc37e790/d0a71d84-b80f-4558-beac-8887750652e3 "94 DL5lZYkL5KoO7uT99ERvWrY7V8znHsBR9kiZ2TWDMs4Bgml4KVYQpIAzcm8jt"
2020-08-16T06:44:11.597779793Z  [2020-08-16T06:44:11Z INFO  dt_client_bytes] Publish 95
2020-08-16T06:44:11.610184778Z  [2020-08-16T06:44:11Z INFO  dt_client_bytes] 95::38162cb0-e585-43d7-b55d-5c240b2bfb7c/3142192f-6bae-4f12-a6f3-5464dc37e790/d0a71d84-b80f-4558-beac-8887750652e3 "95 a0Ny2QbabRnVz29IheM2whgfzOYmsiqa50CfjU2UGVsQS894hlKZCVXbNrJOi"
2020-08-16T06:44:11.610214862Z  [2020-08-16T06:44:11Z INFO  dt_client_bytes] Publish 96
2020-08-16T06:44:11.620523930Z  [2020-08-16T06:44:11Z INFO  dt_client_bytes] 96::38162cb0-e585-43d7-b55d-5c240b2bfb7c/3142192f-6bae-4f12-a6f3-5464dc37e790/d0a71d84-b80f-4558-beac-8887750652e3 "96 f1KKrtp4fQhENLIAqKR6Dgyf2WKPZbdHwY9Yd4Pzhs6SmXcyKTgmS36TXYaDc"
2020-08-16T06:44:11.620550642Z  [2020-08-16T06:44:11Z INFO  dt_client_bytes] Publish 97
2020-08-16T06:44:11.631864005Z  [2020-08-16T06:44:11Z INFO  dt_client_bytes] 97::38162cb0-e585-43d7-b55d-5c240b2bfb7c/3142192f-6bae-4f12-a6f3-5464dc37e790/d0a71d84-b80f-4558-beac-8887750652e3 "97 fKt0Bf1x9I3qJ3733MqHzv3SOTErJXh3ttoMIvIAcVlqsgzpcJh829HNDnOOT"
2020-08-16T06:44:11.631904674Z  [2020-08-16T06:44:11Z INFO  dt_client_bytes] Publish 98
2020-08-16T06:44:11.645260393Z  [2020-08-16T06:44:11Z INFO  dt_client_bytes] 98::38162cb0-e585-43d7-b55d-5c240b2bfb7c/3142192f-6bae-4f12-a6f3-5464dc37e790/d0a71d84-b80f-4558-beac-8887750652e3 "98 PnBQTKpXpP8lZoLT2SiyCCPgwiWflvY5VbAlMHJTaXzMoOQDFjRYn6Z1KIvf0"
2020-08-16T06:44:11.645283831Z  [2020-08-16T06:44:11Z INFO  dt_client_bytes] Publish 99
2020-08-16T06:44:11.653906284Z  [2020-08-16T06:44:11Z INFO  dt_client_bytes] 99::38162cb0-e585-43d7-b55d-5c240b2bfb7c/3142192f-6bae-4f12-a6f3-5464dc37e790/d0a71d84-b80f-4558-beac-8887750652e3 "99 n8FlIEghLK9F42bYN0tREvh39tg8n7tJcpXlqY5kld3OJKxMQt6WvjkdDqbVP"
2020-08-16T06:44:11.653931586Z  [2020-08-16T06:44:11Z INFO  dt_client_bytes] Publish 100
2020-08-16T06:44:11.653959534Z  [2020-08-16T06:44:11Z INFO  dt_client_bytes] NotificationCounter {
2020-08-16T06:44:11.653970511Z          Pub: 100,
2020-08-16T06:44:11.653980479Z          PubAck: 84,
2020-08-16T06:44:11.653990633Z          PubRec: 0,
2020-08-16T06:44:11.654000401Z          PubRel: 0,
2020-08-16T06:44:11.654010178Z          PubComp: 0,
2020-08-16T06:44:11.654020126Z      }
2020-08-16T06:44:11.660071989Z  [2020-08-16T06:44:11Z INFO  dt_client_bytes] PubAck { pkid: 85 }
2020-08-16T06:44:11.660094596Z  [2020-08-16T06:44:11Z INFO  dt_client_bytes] NotificationCounter {
2020-08-16T06:44:11.660119140Z          Pub: 100,
2020-08-16T06:44:11.660130144Z          PubAck: 85,
2020-08-16T06:44:11.660139672Z          PubRec: 0,
2020-08-16T06:44:11.660149042Z          PubRel: 0,
2020-08-16T06:44:11.660158499Z          PubComp: 0,
2020-08-16T06:44:11.660167878Z      }
2020-08-16T06:44:11.661212010Z  [2020-08-16T06:44:11Z INFO  dt_client_bytes] PubAck { pkid: 86 }
2020-08-16T06:44:11.661232764Z  [2020-08-16T06:44:11Z INFO  dt_client_bytes] NotificationCounter {
2020-08-16T06:44:11.661243410Z          Pub: 100,
2020-08-16T06:44:11.661253505Z          PubAck: 86,
2020-08-16T06:44:11.661263262Z          PubRec: 0,
2020-08-16T06:44:11.661287321Z          PubRel: 0,
2020-08-16T06:44:11.661300311Z          PubComp: 0,
2020-08-16T06:44:11.661321981Z      }
2020-08-16T06:44:11.662330841Z  [2020-08-16T06:44:11Z INFO  dt_client_bytes] PubAck { pkid: 87 }
2020-08-16T06:44:11.662380324Z  [2020-08-16T06:44:11Z INFO  dt_client_bytes] NotificationCounter {
2020-08-16T06:44:11.662391161Z          Pub: 100,
2020-08-16T06:44:11.662400886Z          PubAck: 87,
2020-08-16T06:44:11.662410749Z          PubRec: 0,
2020-08-16T06:44:11.662420434Z          PubRel: 0,
2020-08-16T06:44:11.662442985Z          PubComp: 0,
2020-08-16T06:44:11.662454365Z      }
2020-08-16T06:44:11.663605019Z  [2020-08-16T06:44:11Z INFO  dt_client_bytes] PubAck { pkid: 88 }
2020-08-16T06:44:11.663638197Z  [2020-08-16T06:44:11Z INFO  dt_client_bytes] NotificationCounter {
2020-08-16T06:44:11.663649787Z          Pub: 100,
2020-08-16T06:44:11.663659151Z          PubAck: 88,
2020-08-16T06:44:11.663681788Z          PubRec: 0,
2020-08-16T06:44:11.663692748Z          PubRel: 0,
2020-08-16T06:44:11.663702280Z          PubComp: 0,
2020-08-16T06:44:11.663711638Z      }
2020-08-16T06:44:11.664715563Z  [2020-08-16T06:44:11Z INFO  dt_client_bytes] PubAck { pkid: 89 }
2020-08-16T06:44:11.664735484Z  [2020-08-16T06:44:11Z INFO  dt_client_bytes] NotificationCounter {
2020-08-16T06:44:11.664746058Z          Pub: 100,
2020-08-16T06:44:11.664755818Z          PubAck: 89,
2020-08-16T06:44:11.664765531Z          PubRec: 0,
2020-08-16T06:44:11.664775425Z          PubRel: 0,
2020-08-16T06:44:11.664796878Z          PubComp: 0,
2020-08-16T06:44:11.664807675Z      }
2020-08-16T06:44:11.664817178Z  [2020-08-16T06:44:11Z INFO  dt_client_bytes] Thread 38162cb0-e585-43d7-b55d-5c240b2bfb7c/3142192f-6bae-4f12-a6f3-5464dc37e790/d0a71d84-b80f-4558-beac-8887750652e3 done with 100 messages.
2020-08-16T06:44:11.715100899Z  [2020-08-16T06:44:11Z INFO  dt_client_bytes] PubAck { pkid: 90 }
2020-08-16T06:44:11.715167218Z  [2020-08-16T06:44:11Z INFO  dt_client_bytes] NotificationCounter {
2020-08-16T06:44:11.715181929Z          Pub: 100,
2020-08-16T06:44:11.715193063Z          PubAck: 90,
2020-08-16T06:44:11.715203571Z          PubRec: 0,
2020-08-16T06:44:11.715224286Z          PubRel: 0,
2020-08-16T06:44:11.715234241Z          PubComp: 0,
2020-08-16T06:44:11.715244319Z      }
2020-08-16T06:44:11.716151676Z  [2020-08-16T06:44:11Z INFO  dt_client_bytes] PubAck { pkid: 91 }
2020-08-16T06:44:11.716172073Z  [2020-08-16T06:44:11Z INFO  dt_client_bytes] NotificationCounter {
2020-08-16T06:44:11.716196849Z          Pub: 100,
2020-08-16T06:44:11.716207486Z          PubAck: 91,
2020-08-16T06:44:11.716216749Z          PubRec: 0,
2020-08-16T06:44:11.716225941Z          PubRel: 0,
2020-08-16T06:44:11.716235298Z          PubComp: 0,
2020-08-16T06:44:11.716244544Z      }
2020-08-16T06:44:11.717282221Z  [2020-08-16T06:44:11Z INFO  dt_client_bytes] PubAck { pkid: 92 }
2020-08-16T06:44:11.717301770Z  [2020-08-16T06:44:11Z INFO  dt_client_bytes] NotificationCounter {
2020-08-16T06:44:11.717337376Z          Pub: 100,
2020-08-16T06:44:11.717350006Z          PubAck: 92,
2020-08-16T06:44:11.717359502Z          PubRec: 0,
2020-08-16T06:44:11.717368916Z          PubRel: 0,
2020-08-16T06:44:11.717378320Z          PubComp: 0,
2020-08-16T06:44:11.717387935Z      }
2020-08-16T06:44:11.718426068Z  [2020-08-16T06:44:11Z INFO  dt_client_bytes] PubAck { pkid: 93 }
2020-08-16T06:44:11.718445139Z  [2020-08-16T06:44:11Z INFO  dt_client_bytes] NotificationCounter {
2020-08-16T06:44:11.718468632Z          Pub: 100,
2020-08-16T06:44:11.718479800Z          PubAck: 93,
2020-08-16T06:44:11.718489267Z          PubRec: 0,
2020-08-16T06:44:11.718498553Z          PubRel: 0,
2020-08-16T06:44:11.718507940Z          PubComp: 0,
2020-08-16T06:44:11.718517636Z      }
2020-08-16T06:44:11.719685238Z  [2020-08-16T06:44:11Z INFO  dt_client_bytes] PubAck { pkid: 94 }
2020-08-16T06:44:11.719704741Z  [2020-08-16T06:44:11Z INFO  dt_client_bytes] NotificationCounter {
2020-08-16T06:44:11.719729855Z          Pub: 100,
2020-08-16T06:44:11.719740619Z          PubAck: 94,
2020-08-16T06:44:11.719749988Z          PubRec: 0,
2020-08-16T06:44:11.719759545Z          PubRel: 0,
2020-08-16T06:44:11.719769033Z          PubComp: 0,
2020-08-16T06:44:11.719778631Z      }
2020-08-16T06:44:11.802768953Z  [2020-08-16T06:44:11Z INFO  dt_client_bytes] PubAck { pkid: 95 }
2020-08-16T06:44:11.802818760Z  [2020-08-16T06:44:11Z INFO  dt_client_bytes] NotificationCounter {
2020-08-16T06:44:11.802831455Z          Pub: 100,
2020-08-16T06:44:11.802841381Z          PubAck: 95,
2020-08-16T06:44:11.802850940Z          PubRec: 0,
2020-08-16T06:44:11.802860525Z          PubRel: 0,
2020-08-16T06:44:11.802870050Z          PubComp: 0,
2020-08-16T06:44:11.802879512Z      }
2020-08-16T06:44:11.802888878Z  [2020-08-16T06:44:11Z INFO  dt_client_bytes] PubAck { pkid: 96 }
2020-08-16T06:44:11.802898505Z  [2020-08-16T06:44:11Z INFO  dt_client_bytes] NotificationCounter {
2020-08-16T06:44:11.802908212Z          Pub: 100,
2020-08-16T06:44:11.802917559Z          PubAck: 96,
2020-08-16T06:44:11.802926873Z          PubRec: 0,
2020-08-16T06:44:11.802936242Z          PubRel: 0,
2020-08-16T06:44:11.802945545Z          PubComp: 0,
2020-08-16T06:44:11.802954850Z      }
2020-08-16T06:44:11.806397458Z  [2020-08-16T06:44:11Z INFO  dt_client_bytes] PubAck { pkid: 97 }
2020-08-16T06:44:11.806419484Z  [2020-08-16T06:44:11Z INFO  dt_client_bytes] NotificationCounter {
2020-08-16T06:44:11.806444715Z          Pub: 100,
2020-08-16T06:44:11.806456235Z          PubAck: 97,
2020-08-16T06:44:11.806465831Z          PubRec: 0,
2020-08-16T06:44:11.806475421Z          PubRel: 0,
2020-08-16T06:44:11.806485034Z          PubComp: 0,
2020-08-16T06:44:11.806494339Z      }
2020-08-16T06:44:11.806503852Z  [2020-08-16T06:44:11Z INFO  dt_client_bytes] PubAck { pkid: 98 }
2020-08-16T06:44:11.806525814Z  [2020-08-16T06:44:11Z INFO  dt_client_bytes] NotificationCounter {
2020-08-16T06:44:11.806536449Z          Pub: 100,
2020-08-16T06:44:11.806545899Z          PubAck: 98,
2020-08-16T06:44:11.806555114Z          PubRec: 0,
2020-08-16T06:44:11.806564166Z          PubRel: 0,
2020-08-16T06:44:11.806573282Z          PubComp: 0,
2020-08-16T06:44:11.806582452Z      }
2020-08-16T06:44:11.806591655Z  [2020-08-16T06:44:11Z INFO  dt_client_bytes] PubAck { pkid: 99 }
2020-08-16T06:44:11.806601288Z  [2020-08-16T06:44:11Z INFO  dt_client_bytes] NotificationCounter {
2020-08-16T06:44:11.806610862Z          Pub: 100,
2020-08-16T06:44:11.806620710Z          PubAck: 99,
2020-08-16T06:44:11.806630140Z          PubRec: 0,
2020-08-16T06:44:11.806639512Z          PubRel: 0,
2020-08-16T06:44:11.806648554Z          PubComp: 0,
2020-08-16T06:44:11.806657700Z      }
2020-08-16T06:44:11.808548632Z  [2020-08-16T06:44:11Z INFO  dt_client_bytes] PubAck { pkid: 100 }
2020-08-16T06:44:11.808581046Z  [2020-08-16T06:44:11Z INFO  dt_client_bytes] NotificationCounter {
2020-08-16T06:44:11.808592459Z          Pub: 100,
2020-08-16T06:44:11.808602608Z          PubAck: 100,
2020-08-16T06:44:11.808627289Z          PubRec: 0,
2020-08-16T06:44:11.808638355Z          PubRel: 0,
2020-08-16T06:44:11.808648371Z          PubComp: 0,
2020-08-16T06:44:11.808658240Z      }
2020-08-16T06:44:40.524239122Z  [2020-08-16T06:44:40Z INFO  dt_client_bytes] NotificationCounter {
2020-08-16T06:44:40.524347919Z          Pub: 100,
2020-08-16T06:44:40.524371029Z          PubAck: 100,
2020-08-16T06:44:40.524434015Z          PubRec: 0,
2020-08-16T06:44:40.524452908Z          PubRel: 0,
2020-08-16T06:44:40.524470433Z          PubComp: 0,
2020-08-16T06:44:40.524530580Z      }
2020-08-16T06:44:40.584201288Z  [2020-08-16T06:44:40Z INFO  dt_client_bytes] NotificationCounter {
2020-08-16T06:44:40.584250537Z          Pub: 100,
2020-08-16T06:44:40.584261822Z          PubAck: 100,
2020-08-16T06:44:40.584270792Z          PubRec: 0,
2020-08-16T06:44:40.584279377Z          PubRel: 0,
2020-08-16T06:44:40.584287960Z          PubComp: 0,
2020-08-16T06:44:40.584296604Z      }
2020-08-16T06:45:10.525141784Z  [2020-08-16T06:45:10Z INFO  dt_client_bytes] NotificationCounter {
2020-08-16T06:45:10.525214562Z          Pub: 100,
2020-08-16T06:45:10.525236154Z          PubAck: 100,
2020-08-16T06:45:10.525254944Z          PubRec: 0,
2020-08-16T06:45:10.525272891Z          PubRel: 0,
2020-08-16T06:45:10.525290958Z          PubComp: 0,
2020-08-16T06:45:10.525335686Z      }
2020-08-16T06:45:10.608546689Z  [2020-08-16T06:45:10Z INFO  dt_client_bytes] NotificationCounter {
2020-08-16T06:45:10.608592773Z          Pub: 100,
2020-08-16T06:45:10.608612917Z          PubAck: 100,
2020-08-16T06:45:10.608630358Z          PubRec: 0,
2020-08-16T06:45:10.608647498Z          PubRel: 0,
2020-08-16T06:45:10.608664415Z          PubComp: 0,
2020-08-16T06:45:10.608681149Z      }
2020-08-16T06:45:40.526481920Z  [2020-08-16T06:45:40Z INFO  dt_client_bytes] NotificationCounter {
2020-08-16T06:45:40.526593239Z          Pub: 100,
2020-08-16T06:45:40.526663958Z          PubAck: 100,
2020-08-16T06:45:40.526684979Z          PubRec: 0,
2020-08-16T06:45:40.526741830Z          PubRel: 0,
2020-08-16T06:45:40.526766034Z          PubComp: 0,
2020-08-16T06:45:40.526785381Z      }
2020-08-16T06:45:40.583519867Z  [2020-08-16T06:45:40Z INFO  dt_client_bytes] NotificationCounter {
2020-08-16T06:45:40.583664404Z          Pub: 100,
2020-08-16T06:45:40.583690661Z          PubAck: 100,
2020-08-16T06:45:40.583751486Z          PubRec: 0,
2020-08-16T06:45:40.583773863Z          PubRel: 0,
2020-08-16T06:45:40.583793103Z          PubComp: 0,
2020-08-16T06:45:40.583850268Z      }
2020-08-16T06:46:10.528282197Z  [2020-08-16T06:46:10Z INFO  dt_client_bytes] NotificationCounter {
2020-08-16T06:46:10.528387353Z          Pub: 100,
2020-08-16T06:46:10.528408854Z          PubAck: 100,
2020-08-16T06:46:10.528427530Z          PubRec: 0,
2020-08-16T06:46:10.528445537Z          PubRel: 0,
2020-08-16T06:46:10.528463435Z          PubComp: 0,
2020-08-16T06:46:10.528481462Z      }
2020-08-16T06:46:10.616247300Z  [2020-08-16T06:46:10Z INFO  dt_client_bytes] NotificationCounter {
2020-08-16T06:46:10.616351955Z          Pub: 100,
2020-08-16T06:46:10.616377830Z          PubAck: 100,
2020-08-16T06:46:10.616396926Z          PubRec: 0,
2020-08-16T06:46:10.616415044Z          PubRel: 0,
2020-08-16T06:46:10.616433188Z          PubComp: 0,
2020-08-16T06:46:10.616451435Z      }
