2020-08-16T07:07:33.994435136Z,2020-08-16T07:07:34.150836514Z,0 qJCe17StauJc6r
2020-08-16T07:07:34.075053751Z,2020-08-16T07:07:34.242976899Z,1 4MgaLY1RI6PUMN
2020-08-16T07:07:34.157590842Z,2020-08-16T07:07:34.308677805Z,2 twjBvmJAAjQSQb
2020-08-16T07:07:34.237549966Z,2020-08-16T07:07:34.373967399Z,3 3gSff9C4udccN3
2020-08-16T07:07:34.318358022Z,2020-08-16T07:07:34.439922855Z,4 aHddg4F0IMuTVE
2020-08-16T07:07:34.399041879Z,2020-08-16T07:07:34.508592672Z,5 vlLskBGgp55CYh
2020-08-16T07:07:34.480468774Z,2020-08-16T07:07:34.579533221Z,6 u2AeYWV1g3NDw8
2020-08-16T07:07:34.561335224Z,2020-08-16T07:07:34.650974522Z,7 S4aCfe4KP7qjxu
2020-08-16T07:07:34.642323677Z,2020-08-16T07:07:34.723035009Z,8 lpHL6uyECtHSBz
2020-08-16T07:07:34.723891083Z,2020-08-16T07:07:34.792976343Z,9 2UlbBxP12SiikB
2020-08-16T07:07:34.806024549Z,2020-08-16T07:07:34.865660413Z,10 7wg1SJB6hUcHU
2020-08-16T07:07:34.887499830Z,2020-08-16T07:07:34.935008172Z,11 elkT332e20sZ0
2020-08-16T07:07:34.968301437Z,2020-08-16T07:07:35.006468004Z,12 sBLw4pTX2jEvU
2020-08-16T07:07:35.049147795Z,2020-08-16T07:07:35.083151614Z,13 jfOZu5I2I4SR1
2020-08-16T07:07:35.130224122Z,2020-08-16T07:07:35.157117734Z,14 A8v26h0w423pS
2020-08-16T07:07:35.212097138Z,2020-08-16T07:07:35.234349460Z,15 kzvLDxT8TjLXJ
2020-08-16T07:07:35.296202251Z,2020-08-16T07:07:35.327204759Z,16 9Mmt70rtdcb91
2020-08-16T07:07:35.375570331Z,2020-08-16T07:07:35.412249109Z,17 aDhoXMrJAa2P6
2020-08-16T07:07:35.456625586Z,2020-08-16T07:07:35.482156157Z,18 osGqFqAsI6cLo
2020-08-16T07:07:35.538060934Z,2020-08-16T07:07:35.578748675Z,19 vsR5ouqhqGsCn
2020-08-16T07:07:35.619700266Z,2020-08-16T07:07:35.666629612Z,20 XUtjsYZDhRCfN
2020-08-16T07:07:35.699749380Z,2020-08-16T07:07:35.740144772Z,21 5PuHhkTZi7RMT
2020-08-16T07:07:35.782013835Z,2020-08-16T07:07:35.812229254Z,22 c8UdElwxcIAOs
2020-08-16T07:07:35.864026511Z,2020-08-16T07:07:35.882629707Z,23 U5mfJGWgB7nAO
2020-08-16T07:07:35.945322910Z,2020-08-16T07:07:35.967745646Z,24 u2Fs5inOpjxFS
2020-08-16T07:07:36.026927434Z,2020-08-16T07:07:36.060450439Z,25 SjslE5B7zM1yw
2020-08-16T07:07:36.108335676Z,2020-08-16T07:07:36.132698259Z,26 dpLgVFYost8J5
2020-08-16T07:07:36.189222986Z,2020-08-16T07:07:36.210526797Z,27 Zpp4taymB1b3q
2020-08-16T07:07:36.270719048Z,2020-08-16T07:07:36.285338029Z,28 VrEg4I19TakBS
2020-08-16T07:07:36.351093782Z,2020-08-16T07:07:36.387317861Z,29 Yy9iAUnhDbZ6A
2020-08-16T07:07:36.432799939Z,2020-08-16T07:07:36.458058483Z,30 9QTobyEpvIWTY
2020-08-16T07:07:36.514915421Z,2020-08-16T07:07:36.534757601Z,31 XCwbwJbCLGeDL
2020-08-16T07:07:36.596065254Z,2020-08-16T07:07:36.619510308Z,32 0Ciy0Lf1SFDW9
2020-08-16T07:07:36.678160009Z,2020-08-16T07:07:36.708817503Z,33 IqmxkLQ6nyndo
2020-08-16T07:07:36.760186781Z,2020-08-16T07:07:36.779257303Z,34 Pwr6EzZGl1vyr
2020-08-16T07:07:36.841331786Z,2020-08-16T07:07:36.873271011Z,35 2K8CGlw5XW17u
2020-08-16T07:07:36.922488420Z,2020-08-16T07:07:36.950244180Z,36 mbSl5Ovg2joSI
2020-08-16T07:07:37.003236931Z,2020-08-16T07:07:37.027472677Z,37 18b1Fj5uqYGOZ
2020-08-16T07:07:37.084448951Z,2020-08-16T07:07:37.124765888Z,38 MDIsdtKZBklJ2
2020-08-16T07:07:37.165247647Z,2020-08-16T07:07:37.194763992Z,39 0UXNuJdYx174n
2020-08-16T07:07:37.246384006Z,2020-08-16T07:07:37.290966098Z,40 uCm2IuZ36MyEM
2020-08-16T07:07:37.327541732Z,2020-08-16T07:07:37.362019350Z,41 ljsSqJ1DFQcP6
2020-08-16T07:07:37.408945349Z,2020-08-16T07:07:37.433778014Z,42 PFpff3ajVETrg
2020-08-16T07:07:37.490633251Z,2020-08-16T07:07:37.534656125Z,43 dx6Rs18DWPW5O
2020-08-16T07:07:37.571004153Z,2020-08-16T07:07:37.610506015Z,44 5cA4Rl51h0xsu
2020-08-16T07:07:37.652436444Z,2020-08-16T07:07:37.685450913Z,45 xtebyLacMk03N
2020-08-16T07:07:37.733796590Z,2020-08-16T07:07:37.761242799Z,46 aZRERgoYI5duO
2020-08-16T07:07:37.814072992Z,2020-08-16T07:07:37.843452598Z,47 ZlzLEAuYY6Qxl
2020-08-16T07:07:37.895952196Z,2020-08-16T07:07:37.911993966Z,48 gebT5r0XxglCJ
2020-08-16T07:07:37.977270783Z,2020-08-16T07:07:37.992208134Z,49 DmcM5tUtDWp2s
2020-08-16T07:07:38.058918616Z,2020-08-16T07:07:38.096459003Z,50 9FiC5oMn6ausJ
2020-08-16T07:07:38.140304340Z,2020-08-16T07:07:38.166099777Z,51 K4cPe1ex7AgAS
2020-08-16T07:07:38.221292840Z,2020-08-16T07:07:38.247827984Z,52 vpi8KMRL9tmSD
2020-08-16T07:07:38.302346891Z,2020-08-16T07:07:38.343190855Z,53 crQtuw4DALK5u
2020-08-16T07:07:38.383877454Z,2020-08-16T07:07:38.420487729Z,54 pSWCIyQd0ZsiF
2020-08-16T07:07:38.465340465Z,2020-08-16T07:07:38.492598884Z,55 2q9S5ogY2B44U
2020-08-16T07:07:38.547116378Z,2020-08-16T07:07:38.573363604Z,56 NR0OfBuqNIatn
2020-08-16T07:07:38.629105383Z,2020-08-16T07:07:38.655392348Z,57 61nS9z0qSXmFz
2020-08-16T07:07:38.710756429Z,2020-08-16T07:07:38.744239412Z,58 tk3njRyO0Yr5q
2020-08-16T07:07:38.792373753Z,2020-08-16T07:07:38.817697414Z,59 0CKDQcMkYQa8l
2020-08-16T07:07:38.873996564Z,2020-08-16T07:07:38.894081051Z,60 jYmKSkAvVJRrk
2020-08-16T07:07:38.955009463Z,2020-08-16T07:07:38.974807305Z,61 zy1GVjbbOxoZd
2020-08-16T07:07:39.036562493Z,2020-08-16T07:07:39.067203138Z,62 Cx7M5fadz85gk
2020-08-16T07:07:39.117036907Z,2020-08-16T07:07:39.140453457Z,63 l76y4Jx57dxcn
2020-08-16T07:07:39.198709808Z,2020-08-16T07:07:39.220509803Z,64 xdJfDmnRysJDJ
2020-08-16T07:07:39.279206625Z,2020-08-16T07:07:39.299978406Z,65 le4d4PsUjeVJZ
2020-08-16T07:07:39.360558867Z,2020-08-16T07:07:39.374189547Z,66 T33ScXA5TlKf6
2020-08-16T07:07:39.441466216Z,2020-08-16T07:07:39.466199963Z,67 3fkzK39TF9m5C
2020-08-16T07:07:39.522720870Z,2020-08-16T07:07:39.557259670Z,68 zGDFs4SChNVwC
2020-08-16T07:07:39.603671739Z,2020-08-16T07:07:39.634633053Z,69 lCO1jPjwP2qyL
2020-08-16T07:07:39.684681641Z,2020-08-16T07:07:39.725759134Z,70 IWtodrhIYQjyM
2020-08-16T07:07:39.765654037Z,2020-08-16T07:07:39.795380009Z,71 RVuSf6WgsStwU
2020-08-16T07:07:39.846852040Z,2020-08-16T07:07:39.867053509Z,72 WglOXTHvyuNjc
2020-08-16T07:07:39.928953460Z,2020-08-16T07:07:39.948142835Z,73 3KwE47JJMDU8v
2020-08-16T07:07:40.010235304Z,2020-08-16T07:07:40.020604220Z,74 KEgxVJMiKEULP
2020-08-16T07:07:40.091325364Z,2020-08-16T07:07:40.111988974Z,75 3U0IEjx6siywr
2020-08-16T07:07:40.172262924Z,2020-08-16T07:07:40.274785791Z,76 qbmPTB8kZqtL9
2020-08-16T07:07:40.253241906Z,2020-08-16T07:07:40.346887839Z,77 ZUit8b9nnT1Hu
2020-08-16T07:07:40.334888901Z,2020-08-16T07:07:40.417762067Z,78 VSRQ6xaZ1vLgn
2020-08-16T07:07:40.416922454Z,2020-08-16T07:07:40.487605585Z,79 aLvbF96MQ5h8A
2020-08-16T07:07:40.498424044Z,2020-08-16T07:07:40.557836482Z,80 z9PyRFojIg1WZ
2020-08-16T07:07:40.580066632Z,2020-08-16T07:07:40.628274195Z,81 6zpDnBqp7X7VV
2020-08-16T07:07:40.661139360Z,2020-08-16T07:07:40.698182488Z,82 nqj6wPpnXXwIN
2020-08-16T07:07:40.742727993Z,2020-08-16T07:07:40.766400728Z,83 qTmesnzqzISFI
2020-08-16T07:07:40.823841795Z,2020-08-16T07:07:40.851022841Z,84 65l11vFx5jB2Q
2020-08-16T07:07:40.905661693Z,2020-08-16T07:07:40.928190464Z,85 RNdiBXWGdJR9m
2020-08-16T07:07:40.987160015Z,2020-08-16T07:07:41.000272756Z,86 rJc7XxOFy6yYZ
2020-08-16T07:07:41.068892057Z,2020-08-16T07:07:41.097180800Z,87 VIRgnwGj8Z6TN
2020-08-16T07:07:41.150828036Z,2020-08-16T07:07:41.175717704Z,88 r85TmaWQMomuw
2020-08-16T07:07:41.232163021Z,2020-08-16T07:07:41.266766066Z,89 H3wdlbzyGULKa
2020-08-16T07:07:41.313151461Z,2020-08-16T07:07:41.337270626Z,90 WzT4P7ZTDxOlc
2020-08-16T07:07:41.394308790Z,2020-08-16T07:07:41.431379196Z,91 T4cQnWeELpOZH
2020-08-16T07:07:41.476033468Z,2020-08-16T07:07:41.503106745Z,92 xrxWv600hd5D6
2020-08-16T07:07:41.557769530Z,2020-08-16T07:07:41.577387380Z,93 cB3satcczXMKw
2020-08-16T07:07:41.638208077Z,2020-08-16T07:07:41.658459467Z,94 BZgqBf54YEOoc
2020-08-16T07:07:41.719351454Z,2020-08-16T07:07:41.749819921Z,95 s3l3tMByoEU4S
2020-08-16T07:07:41.800225671Z,2020-08-16T07:07:41.827141398Z,96 ZWMWdZFQ9ReT4
2020-08-16T07:07:41.881314570Z,2020-08-16T07:07:41.926912802Z,97 oYg35w3VTdBAt
2020-08-16T07:07:41.961946142Z,2020-08-16T07:07:41.998877190Z,98 4w3ossJtDTTjl
2020-08-16T07:07:42.043043021Z,2020-08-16T07:07:42.074949998Z,99 omzrEGZqhZ4Ct
2020-08-16T07:07:42.124636895Z,2020-08-16T07:07:42.148944815Z,100 CAk6vELdGxNV
2020-08-16T07:07:42.205312695Z,2020-08-16T07:07:42.239835613Z,101 vifTu5t5RGTJ
2020-08-16T07:07:42.286525070Z,2020-08-16T07:07:42.308692532Z,102 m3ap99XITXMQ
2020-08-16T07:07:42.367120338Z,2020-08-16T07:07:42.378716166Z,103 p9IBY2QsrzUN
2020-08-16T07:07:42.449046902Z,2020-08-16T07:07:42.480084311Z,104 2y8df6bablx6
2020-08-16T07:07:42.530099149Z,2020-08-16T07:07:42.558905672Z,105 UqXdIpgfc50N
2020-08-16T07:07:42.612143174Z,2020-08-16T07:07:42.628630777Z,106 K3qFV58dbdsp
2020-08-16T07:07:42.693325174Z,2020-08-16T07:07:42.715157044Z,107 XQHeKGX1VUvb
2020-08-16T07:07:42.774301338Z,2020-08-16T07:07:42.810778159Z,108 7TqFeAkhfzx6
2020-08-16T07:07:42.855419844Z,2020-08-16T07:07:42.889467858Z,109 opKE6t5HzI0Q
2020-08-16T07:07:42.936825440Z,2020-08-16T07:07:42.960298230Z,110 hsA8GYlq5Lzq
2020-08-16T07:07:43.018158739Z,2020-08-16T07:07:43.030036846Z,111 71KbqJcWlhOl
2020-08-16T07:07:43.099525936Z,2020-08-16T07:07:43.120618416Z,112 8ON1TQaHej7H
2020-08-16T07:07:43.180303867Z,2020-08-16T07:07:43.191756580Z,113 xMlwllk4pfhK
2020-08-16T07:07:43.261978631Z,2020-08-16T07:07:43.287530474Z,114 KOlg5zMgpffQ
2020-08-16T07:07:43.343815787Z,2020-08-16T07:07:43.378846931Z,115 dXBCKRejQHeJ
2020-08-16T07:07:43.425693069Z,2020-08-16T07:07:43.445498477Z,116 J0RD7oQ9fhNh
2020-08-16T07:07:43.506227820Z,2020-08-16T07:07:43.530539276Z,117 FMD7ZlgROzPr
2020-08-16T07:07:43.587695260Z,2020-08-16T07:07:43.601123445Z,118 JxErLmeV3sj2
2020-08-16T07:07:43.668964449Z,2020-08-16T07:07:43.701708382Z,119 vyiKQrb75ILl
2020-08-16T07:07:43.750740000Z,2020-08-16T07:07:43.783660356Z,120 ub7gcEWRl5pn
2020-08-16T07:07:43.832195847Z,2020-08-16T07:07:43.853452639Z,121 zKY4B35Y1WTq
2020-08-16T07:07:43.913924104Z,2020-08-16T07:07:43.936135381Z,122 IcTQh4dMgleE
2020-08-16T07:07:43.995258569Z,2020-08-16T07:07:44.019997394Z,123 NWf42orsnlyQ
2020-08-16T07:07:44.076788282Z,2020-08-16T07:07:44.113330892Z,124 zc6zhyZf3qua
2020-08-16T07:07:44.158692307Z,2020-08-16T07:07:44.186340563Z,125 ZHSvUg53vnZF
2020-08-16T07:07:44.240120937Z,2020-08-16T07:07:44.264343923Z,126 5lfqYrOKdly0
2020-08-16T07:07:44.322002971Z,2020-08-16T07:07:44.343163555Z,127 rVUa0xaECvLy
2020-08-16T07:07:44.403892730Z,2020-08-16T07:07:44.429160074Z,128 wOn6y5ovSWyG
2020-08-16T07:07:44.485550058Z,2020-08-16T07:07:44.514246246Z,129 I6q847nu7qcs
2020-08-16T07:07:44.566757551Z,2020-08-16T07:07:44.587926410Z,130 r1Pfmc1Af5Ke
2020-08-16T07:07:44.648379626Z,2020-08-16T07:07:44.664696334Z,131 yX3Ie231qxNm
2020-08-16T07:07:44.729408653Z,2020-08-16T07:07:44.743426986Z,132 QGWVq7aIbykn
2020-08-16T07:07:44.810797701Z,2020-08-16T07:07:44.827671833Z,133 LXbdai2Cs1KT
2020-08-16T07:07:44.893023660Z,2020-08-16T07:07:44.938437620Z,134 Jnag7QvzJifv
2020-08-16T07:07:44.974257523Z,2020-08-16T07:07:45.009893849Z,135 UdlAiWd7ym5l
2020-08-16T07:07:45.055971080Z,2020-08-16T07:07:45.078974223Z,136 TzMyeI1Oij51
2020-08-16T07:07:45.137313246Z,2020-08-16T07:07:45.149810005Z,137 TvmGlCekrUdv
2020-08-16T07:07:45.218377353Z,2020-08-16T07:07:45.255770469Z,138 PNf2Sr4p92xu
2020-08-16T07:07:45.299566505Z,2020-08-16T07:07:45.326174741Z,139 jGeZAMbMeFym
2020-08-16T07:07:45.380267900Z,2020-08-16T07:07:45.397348151Z,140 2Fu8H8rEr1Xm
2020-08-16T07:07:45.461971372Z,2020-08-16T07:07:45.500585334Z,141 UsXVj1uhGwBw
2020-08-16T07:07:45.543489603Z,2020-08-16T07:07:45.571105046Z,142 rtacOt742dnL
2020-08-16T07:07:45.624925663Z,2020-08-16T07:07:45.647497678Z,143 Xi76qGSqC3IY
2020-08-16T07:07:45.706624187Z,2020-08-16T07:07:45.739697898Z,144 SHi0Z7Hdajt3
2020-08-16T07:07:45.787345892Z,2020-08-16T07:07:45.810533799Z,145 WBOAC2CFvSYf
2020-08-16T07:07:45.868244073Z,2020-08-16T07:07:45.890315397Z,146 CqsxcilIKIPG
2020-08-16T07:07:45.949705523Z,2020-08-16T07:07:45.993782061Z,147 sGLaYyUFJUiW
2020-08-16T07:07:46.030106858Z,2020-08-16T07:07:46.088626406Z,148 BgbWQUEY4s4q
2020-08-16T07:07:46.111973243Z,2020-08-16T07:07:46.158024891Z,149 KhmwA6g193UD
2020-08-16T07:07:46.194327013Z,2020-08-16T07:07:46.227625236Z,150 67LSS5fE4V2O
2020-08-16T07:07:46.275242329Z,2020-08-16T07:07:46.324847931Z,151 FWTHP5T34ZXd
2020-08-16T07:07:46.356011768Z,2020-08-16T07:07:46.466702909Z,152 O9i3vzfclx9p
2020-08-16T07:07:46.437800729Z,2020-08-16T07:07:46.534511847Z,153 vEMI2U6AYyjw
2020-08-16T07:07:46.518549916Z,2020-08-16T07:07:46.605200496Z,154 S3BgYf4e6Fpt
2020-08-16T07:07:46.599810228Z,2020-08-16T07:07:46.679273029Z,155 tOloL4u9vZgC
2020-08-16T07:07:46.680985368Z,2020-08-16T07:07:46.752631255Z,156 WEd4e0xck60e
2020-08-16T07:07:46.762401342Z,2020-08-16T07:07:46.825806756Z,157 0PzzHUtrKPom
2020-08-16T07:07:46.843520096Z,2020-08-16T07:07:46.898693789Z,158 pJzErzPJFTLa
2020-08-16T07:07:46.924941465Z,2020-08-16T07:07:46.971746394Z,159 072nbsNRjJkl
2020-08-16T07:07:47.006408051Z,2020-08-16T07:07:47.043203543Z,160 UhOOFtDl8pLh
2020-08-16T07:07:47.088022216Z,2020-08-16T07:07:47.113242823Z,161 U6Jgp4gA0VH6
2020-08-16T07:07:47.169532660Z,2020-08-16T07:07:47.198538046Z,162 uTu72IaguRzF
2020-08-16T07:07:47.250731324Z,2020-08-16T07:07:47.288596048Z,163 TQ92O9G1Sx48
2020-08-16T07:07:47.331998567Z,2020-08-16T07:07:47.360154305Z,164 i6Udj3br9Z8N
2020-08-16T07:07:47.413697841Z,2020-08-16T07:07:47.446348069Z,165 lVHJx0BQoNMh
2020-08-16T07:07:47.495047360Z,2020-08-16T07:07:47.532650911Z,166 fM10b5RSJWoQ
2020-08-16T07:07:47.576463921Z,2020-08-16T07:07:47.612814739Z,167 WP8M2KkGCU4x
2020-08-16T07:07:47.657881096Z,2020-08-16T07:07:47.684473316Z,168 ucna2P7hcAGS
2020-08-16T07:07:47.738268353Z,2020-08-16T07:07:47.776770394Z,169 PhIKDHVOwkJD
2020-08-16T07:07:47.819827861Z,2020-08-16T07:07:47.848812295Z,170 sn68w2JGdb82
2020-08-16T07:07:47.900929068Z,2020-08-16T07:07:47.921667397Z,171 9o6DKvmjjt6r
2020-08-16T07:07:47.983233304Z,2020-08-16T07:07:48.012864843Z,172 pOqMQuID5VAn
2020-08-16T07:07:48.064940050Z,2020-08-16T07:07:48.082243799Z,173 pshVVzk7vCGY
2020-08-16T07:07:48.146439227Z,2020-08-16T07:07:48.174580706Z,174 NCpuFTkAjMid
2020-08-16T07:07:48.227509129Z,2020-08-16T07:07:48.264083156Z,175 QcqkrNPoyh2x
2020-08-16T07:07:48.308228389Z,2020-08-16T07:07:48.337147689Z,176 C0bfnhKtYn6G
2020-08-16T07:07:48.389528924Z,2020-08-16T07:07:48.405584135Z,177 XCwADTCVlYZj
2020-08-16T07:07:48.470308721Z,2020-08-16T07:07:48.505719909Z,178 j2mvTGioyrMJ
2020-08-16T07:07:48.551541064Z,2020-08-16T07:07:48.592269152Z,179 eKmu5SuUVwsV
2020-08-16T07:07:48.632176207Z,2020-08-16T07:07:48.660783434Z,180 3THSjOP3zDJJ
2020-08-16T07:07:48.713237345Z,2020-08-16T07:07:48.736920456Z,181 0ZfQY6Hbw4aQ
2020-08-16T07:07:48.795033852Z,2020-08-16T07:07:48.824035578Z,182 Kj8Tt3GOKjtt
2020-08-16T07:07:48.876333207Z,2020-08-16T07:07:48.911763338Z,183 W9InkfshqYZj
2020-08-16T07:07:48.957726436Z,2020-08-16T07:07:48.997420472Z,184 Z1I87RhCWNIQ
2020-08-16T07:07:49.039024352Z,2020-08-16T07:07:49.067759412Z,185 4xBxIHFOcdGM
2020-08-16T07:07:49.120036784Z,2020-08-16T07:07:49.145740698Z,186 yuNxEg073omX
2020-08-16T07:07:49.201753953Z,2020-08-16T07:07:49.224990883Z,187 u65eLlVK8uQS
2020-08-16T07:07:49.282382644Z,2020-08-16T07:07:49.327246073Z,188 n2Eog93eQijc
2020-08-16T07:07:49.362892123Z,2020-08-16T07:07:49.409092256Z,189 iTlnXj8wfaFa
2020-08-16T07:07:49.444075197Z,2020-08-16T07:07:49.480465352Z,190 aZQr0eyCsezh
2020-08-16T07:07:49.526062782Z,2020-08-16T07:07:49.555179309Z,191 yKrwYA1Vs8pr
2020-08-16T07:07:49.607847904Z,2020-08-16T07:07:49.639906726Z,192 FI9s4DvIbE19
2020-08-16T07:07:49.689874759Z,2020-08-16T07:07:49.712607303Z,193 wg1vaSXCvesQ
2020-08-16T07:07:49.771164370Z,2020-08-16T07:07:49.789597270Z,194 ZmG8HMwADN8L
2020-08-16T07:07:49.852236259Z,2020-08-16T07:07:49.882931427Z,195 wLMFJHE6CGAW
2020-08-16T07:07:49.933943633Z,2020-08-16T07:07:49.967675187Z,196 kwJUMWIEJ1Er
2020-08-16T07:07:50.015479270Z,2020-08-16T07:07:50.035093849Z,197 KAh6Aq4x8tFj
2020-08-16T07:07:50.096852947Z,2020-08-16T07:07:50.127864792Z,198 RgMd1Gl8Vuk0
2020-08-16T07:07:50.177551431Z,2020-08-16T07:07:50.197348243Z,199 xMrgS3FH6utA
2020-08-16T07:07:50.259155061Z,2020-08-16T07:07:50.303586957Z,200 o4bLxV7Kjvrx
2020-08-16T07:07:50.339982805Z,2020-08-16T07:07:50.374416698Z,201 Dz0gc1x3p95K
2020-08-16T07:07:50.421842685Z,2020-08-16T07:07:50.454109863Z,202 S8bFrvGVNABK
2020-08-16T07:07:50.503821755Z,2020-08-16T07:07:50.527838904Z,203 M1zxansuZe1t
2020-08-16T07:07:50.585675711Z,2020-08-16T07:07:50.613738035Z,204 edPFuFJ9pm7W
2020-08-16T07:07:50.666867893Z,2020-08-16T07:07:50.686450091Z,205 hrryEK7G0NZD
2020-08-16T07:07:50.748108454Z,2020-08-16T07:07:50.758661714Z,206 7jZeS1W2HRzB
2020-08-16T07:07:50.829335922Z,2020-08-16T07:07:50.847565825Z,207 ham1ye9AKEYs
2020-08-16T07:07:50.910925415Z,2020-08-16T07:07:50.936818511Z,208 yqfFZuBCCZmM
2020-08-16T07:07:50.993034458Z,2020-08-16T07:07:51.017356798Z,209 mXWlzQMFnzH1
2020-08-16T07:07:51.074559601Z,2020-08-16T07:07:51.107330993Z,210 iW6qjY42Jmy8
2020-08-16T07:07:51.155912674Z,2020-08-16T07:07:51.178720020Z,211 UKiSD9mgxK6V
2020-08-16T07:07:51.237733716Z,2020-08-16T07:07:51.274071494Z,212 liA01EWT04oo
2020-08-16T07:07:51.318588466Z,2020-08-16T07:07:51.346680429Z,213 pToTtx21mBx1
2020-08-16T07:07:51.399571341Z,2020-08-16T07:07:51.419519650Z,214 CYbXTgKMbGxf
2020-08-16T07:07:51.480645917Z,2020-08-16T07:07:51.507382898Z,215 UV7hMIGlWgQ2
2020-08-16T07:07:51.561706485Z,2020-08-16T07:07:51.576719670Z,216 pk1nUgd96UsU
2020-08-16T07:07:51.642547906Z,2020-08-16T07:07:51.660229268Z,217 9uDpeSOUJn93
2020-08-16T07:07:51.722965434Z,2020-08-16T07:07:51.744503864Z,218 DqwA3tNz9fy2
2020-08-16T07:07:51.805008948Z,2020-08-16T07:07:51.830480692Z,219 kCdrkH4BAn2k
2020-08-16T07:07:51.886679602Z,2020-08-16T07:07:51.915940048Z,220 zkofBnB7sfy9
2020-08-16T07:07:51.967930855Z,2020-08-16T07:07:51.983227677Z,221 5SdpwepRa5qD
2020-08-16T07:07:52.049705472Z,2020-08-16T07:07:52.071369712Z,222 3ICLK88kEwQR
2020-08-16T07:07:52.130137488Z,2020-08-16T07:07:52.151900948Z,223 wWrK1a4ZXN7p
2020-08-16T07:07:52.211994694Z,2020-08-16T07:07:52.228173266Z,224 MfoLyWrqMit3
2020-08-16T07:07:52.293974640Z,2020-08-16T07:07:52.315610225Z,225 Hc4R8axYRU9O
2020-08-16T07:07:52.375027889Z,2020-08-16T07:07:52.428419525Z,226 i77KZwNMUsdY
2020-08-16T07:07:52.456826269Z,2020-08-16T07:07:52.498612157Z,227 6IWYqFKx9p8q
2020-08-16T07:07:52.538365003Z,2020-08-16T07:07:52.636066331Z,228 0wbJBlUIfyPO
2020-08-16T07:07:52.619096256Z,2020-08-16T07:07:52.705396983Z,229 bd5cfMOcJnhn
2020-08-16T07:07:52.700960097Z,2020-08-16T07:07:52.777462488Z,230 rxxzML4ZeV9G
2020-08-16T07:07:52.782338381Z,2020-08-16T07:07:52.849420369Z,231 RvEiNcPMrVJA
2020-08-16T07:07:52.863340386Z,2020-08-16T07:07:52.922657071Z,232 22YZCYJgk9YY
2020-08-16T07:07:52.944589801Z,2020-08-16T07:07:52.995298343Z,233 71BrjmcvK7AH
2020-08-16T07:07:53.025295926Z,2020-08-16T07:07:53.069381153Z,234 nZS9tXWGC80k
2020-08-16T07:07:53.106819338Z,2020-08-16T07:07:53.143898256Z,235 pkS3bbOfUakf
2020-08-16T07:07:53.188851685Z,2020-08-16T07:07:53.221767557Z,236 hkzSh4QEppWH
2020-08-16T07:07:53.270446404Z,2020-08-16T07:07:53.300419663Z,237 3Qc4GTukpG7O
2020-08-16T07:07:53.351968011Z,2020-08-16T07:07:53.373617474Z,238 p5OJqzVjLNAt
2020-08-16T07:07:53.433268612Z,2020-08-16T07:07:53.443395805Z,239 ta6V7DRR51OJ
2020-08-16T07:07:53.514562004Z,2020-08-16T07:07:53.559761891Z,240 qAEhhNCriZY1
2020-08-16T07:07:53.595394590Z,2020-08-16T07:07:53.629835114Z,241 WYAe2ABo7gUr
2020-08-16T07:07:53.676468063Z,2020-08-16T07:07:53.709214983Z,242 Cgfzh2hQGsxq
2020-08-16T07:07:53.757879606Z,2020-08-16T07:07:53.779693823Z,243 TwtmSPiurZd3
2020-08-16T07:07:53.839320809Z,2020-08-16T07:07:53.858706842Z,244 ijGuwfVwaQuf
2020-08-16T07:07:53.920975034Z,2020-08-16T07:07:53.940426856Z,245 vJOr82lYMcKV
2020-08-16T07:07:54.002729308Z,2020-08-16T07:07:54.047679371Z,246 v1OV3DSKFrT8
2020-08-16T07:07:54.084000026Z,2020-08-16T07:07:54.117167659Z,247 LA0shtAn0anN
2020-08-16T07:07:54.164170220Z,2020-08-16T07:07:54.197978831Z,248 b8clzOq84VV1
2020-08-16T07:07:54.246226931Z,2020-08-16T07:07:54.281533966Z,249 dQqa7bBVTqwP
2020-08-16T07:07:54.327187008Z,2020-08-16T07:07:54.352564900Z,250 VJgqE5N1Eahg
2020-08-16T07:07:54.408744581Z,2020-08-16T07:07:54.548800221Z,251 ATKWemcaxt79
2020-08-16T07:07:54.489488884Z,2020-08-16T07:07:54.620853205Z,252 cKzs2ueBRp6Y
2020-08-16T07:07:54.570792621Z,2020-08-16T07:07:54.692991740Z,253 0AhXpw7yN4yH
2020-08-16T07:07:54.651070239Z,2020-08-16T07:07:54.762355547Z,254 PphpMrl2FCpB
2020-08-16T07:07:54.732452288Z,2020-08-16T07:07:54.836389943Z,255 IwxoecFSUD1a
2020-08-16T07:07:54.813007776Z,2020-08-16T07:07:54.907479142Z,256 BZA38oOlyXMJ
2020-08-16T07:07:54.894758379Z,2020-08-16T07:07:54.981933102Z,257 HQHsyzHA6uPB
2020-08-16T07:07:54.976050123Z,2020-08-16T07:07:55.052539271Z,258 gQogB9QMb6fz
2020-08-16T07:07:55.057907857Z,2020-08-16T07:07:55.125002074Z,259 qunZ7AncV2RI
2020-08-16T07:07:55.139861266Z,2020-08-16T07:07:55.198171917Z,260 arNu8heksFxT
2020-08-16T07:07:55.220243434Z,2020-08-16T07:07:55.271119101Z,261 x9sPcHMjlNTz
2020-08-16T07:07:55.301710140Z,2020-08-16T07:07:55.343871455Z,262 fe5xanotE4o6
2020-08-16T07:07:55.382098649Z,2020-08-16T07:07:55.416182395Z,263 yJXbDUXt0Caw
2020-08-16T07:07:55.464179950Z,2020-08-16T07:07:55.488428327Z,264 pJ3fb8b6xYiV
2020-08-16T07:07:55.545503534Z,2020-08-16T07:07:55.592152301Z,265 4cH8bkYPh4JE
2020-08-16T07:07:55.625818447Z,2020-08-16T07:07:55.664442617Z,266 n7N9a2rUZKri
2020-08-16T07:07:55.707813685Z,2020-08-16T07:07:55.735132957Z,267 3DegjX7pWhCf
2020-08-16T07:07:55.788919467Z,2020-08-16T07:07:55.816036085Z,268 zdgsNoxSTZRJ
2020-08-16T07:07:55.870360727Z,2020-08-16T07:07:55.891835180Z,269 0GYP9gxyeI85
2020-08-16T07:07:55.952013827Z,2020-08-16T07:07:55.963478798Z,270 jiCZp2yjdk8I
2020-08-16T07:07:56.033638633Z,2020-08-16T07:07:56.074584957Z,271 ILUP0kOhWqJB
2020-08-16T07:07:56.114107987Z,2020-08-16T07:07:56.145647223Z,272 1NXgBB7HOwXk
2020-08-16T07:07:56.195649045Z,2020-08-16T07:07:56.214777979Z,273 LYbMINHfvuCp
2020-08-16T07:07:56.276475259Z,2020-08-16T07:07:56.285488082Z,274 GoRf6XZ7G1d7
2020-08-16T07:07:56.358203359Z,2020-08-16T07:07:56.391548598Z,275 XUp3B0enxISB
2020-08-16T07:07:56.439208379Z,2020-08-16T07:07:56.465668954Z,276 WppyhhERqhvL
2020-08-16T07:07:56.520798503Z,2020-08-16T07:07:56.547886887Z,277 s7NELeM5m87M
2020-08-16T07:07:56.601543452Z,2020-08-16T07:07:56.628737332Z,278 BScafzltIphS
2020-08-16T07:07:56.682979352Z,2020-08-16T07:07:56.726921293Z,279 NVkJz3a9aiYt
2020-08-16T07:07:56.764345553Z,2020-08-16T07:07:56.799235526Z,280 L7WI2VVx1KdI
2020-08-16T07:07:56.845765106Z,2020-08-16T07:07:56.871615051Z,281 IZtWAKp6ASSE
2020-08-16T07:07:56.926916511Z,2020-08-16T07:07:56.952930640Z,282 SNtupJSF60qU
2020-08-16T07:07:57.008798202Z,2020-08-16T07:07:57.033813012Z,283 cQWvtm9dsbxs
2020-08-16T07:07:57.089175316Z,2020-08-16T07:07:57.140912317Z,284 Chc70Wxjg0Xg
2020-08-16T07:07:57.169938222Z,2020-08-16T07:07:57.211644004Z,285 8y3U6qnwY7Ev
2020-08-16T07:07:57.251314908Z,2020-08-16T07:07:57.283579946Z,286 47Gqnc8LfGLt
2020-08-16T07:07:57.332951959Z,2020-08-16T07:07:57.354404866Z,287 LFuk2HLBGW16
2020-08-16T07:07:57.415072220Z,2020-08-16T07:07:57.442936668Z,288 5ms6fUQ9sGQT
2020-08-16T07:07:57.496254870Z,2020-08-16T07:07:57.524826505Z,289 GG72O0Lf3usn
2020-08-16T07:07:57.577724231Z,2020-08-16T07:07:57.598995785Z,290 6hzrntO5FPdu
2020-08-16T07:07:57.657951627Z,2020-08-16T07:07:57.682691018Z,291 Chievk4MLS3f
2020-08-16T07:07:57.739901599Z,2020-08-16T07:07:57.780730888Z,292 8fmKm9Qc3cJA
2020-08-16T07:07:57.821715757Z,2020-08-16T07:07:57.867775827Z,293 hHHDo4eMDRcG
2020-08-16T07:07:57.902415053Z,2020-08-16T07:07:57.937846113Z,294 RVyPSkmwfCrh
2020-08-16T07:07:57.983881109Z,2020-08-16T07:07:58.006463889Z,295 LzzQqIYI4Lga
2020-08-16T07:07:58.065512375Z,2020-08-16T07:07:58.105283790Z,296 jtC85Vjp4Eo5
2020-08-16T07:07:58.146576693Z,2020-08-16T07:07:58.174548449Z,297 f3KUSVE2CPQ7
2020-08-16T07:07:58.227328330Z,2020-08-16T07:07:58.255545317Z,298 hJNG4aMSQXYH
2020-08-16T07:07:58.308832636Z,2020-08-16T07:07:58.330922859Z,299 lKlx5fDTImxt
2020-08-16T07:07:58.390482626Z,2020-08-16T07:07:58.416981799Z,300 tUjHL7akDTxW
2020-08-16T07:07:58.471505797Z,2020-08-16T07:07:58.494527336Z,301 kKburJRnFPLy
2020-08-16T07:07:58.552810099Z,2020-08-16T07:07:58.569473204Z,302 QG7vHV947QaE
2020-08-16T07:07:58.634395304Z,2020-08-16T07:07:58.645878063Z,303 x4YdijkfXngV
2020-08-16T07:07:58.715471731Z,2020-08-16T07:07:58.834246669Z,304 agGoyJk7Kf18
2020-08-16T07:07:58.796747027Z,2020-08-16T07:07:58.902359166Z,305 AclkizI8h4ys
2020-08-16T07:07:58.877990341Z,2020-08-16T07:07:58.965500204Z,306 ObKMsarPthBo
2020-08-16T07:07:58.960179748Z,2020-08-16T07:07:59.029206763Z,307 hukTQ7n6LE32
2020-08-16T07:07:59.041704994Z,2020-08-16T07:07:59.096383521Z,308 jZl0kCSPqTp1
2020-08-16T07:07:59.122712667Z,2020-08-16T07:07:59.166450719Z,309 B8R6pvbwH8nK
2020-08-16T07:07:59.204843669Z,2020-08-16T07:07:59.236259931Z,310 ZB3Af2m7M9oI
2020-08-16T07:07:59.286927233Z,2020-08-16T07:07:59.309042091Z,311 QO5iC6lUlUsk
2020-08-16T07:07:59.368541139Z,2020-08-16T07:07:59.376945068Z,312 HA0E4wHiFGqJ
2020-08-16T07:07:59.449622860Z,2020-08-16T07:07:59.454656658Z,313 S4aiLVn4ZExv
2020-08-16T07:07:59.530486796Z,2020-08-16T07:07:59.559407158Z,314 fu3yp8ssfJPT
2020-08-16T07:07:59.611608080Z,2020-08-16T07:07:59.636655316Z,315 ZpCkF44U0MmD
2020-08-16T07:07:59.692208541Z,2020-08-16T07:07:59.715960127Z,316 XXpm1XiMfTr6
2020-08-16T07:07:59.774132843Z,2020-08-16T07:07:59.789504712Z,317 YNTSsRQ1eiyv
2020-08-16T07:07:59.855333400Z,2020-08-16T07:07:59.883921705Z,318 k1gLzJwZoKhT
2020-08-16T07:07:59.936900077Z,2020-08-16T07:07:59.963918159Z,319 NxHy2Ni7NsLY
2020-08-16T07:08:00.018569980Z,2020-08-16T07:08:00.034744438Z,320 WMvXBRyWu0sN
2020-08-16T07:08:00.099577135Z,2020-08-16T07:08:00.139815524Z,321 2jMKDYjGfCZ3
2020-08-16T07:08:00.180537713Z,2020-08-16T07:08:00.211224728Z,322 HzsSbGn6DTvK
2020-08-16T07:08:00.261583488Z,2020-08-16T07:08:00.280941739Z,323 VWgKFt4DBSpx
2020-08-16T07:08:00.342341817Z,2020-08-16T07:08:00.373137312Z,324 8zwX80e3CYmv
2020-08-16T07:08:00.424104612Z,2020-08-16T07:08:00.454651485Z,325 ZIA7RXj9Lxxa
2020-08-16T07:08:00.506119230Z,2020-08-16T07:08:00.524692987Z,326 HKcWyQ3OhggU
2020-08-16T07:08:00.587746837Z,2020-08-16T07:08:00.616375909Z,327 XLTCQwpaX6hc
2020-08-16T07:08:00.668779293Z,2020-08-16T07:08:00.699616446Z,328 HYqUofzWcfh9
2020-08-16T07:08:00.749624119Z,2020-08-16T07:08:00.770064961Z,329 vRj9IPYJiQ6V
2020-08-16T07:08:00.830686777Z,2020-08-16T07:08:00.849809935Z,330 16CsznF1XP3P
2020-08-16T07:08:00.911971315Z,2020-08-16T07:08:00.927602694Z,331 jwmEOKTmapUE
2020-08-16T07:08:00.994103093Z,2020-08-16T07:08:00.999458829Z,332 PXUqU6fXvRp6
2020-08-16T07:08:01.076297044Z,2020-08-16T07:08:01.094967224Z,333 6iF9RQ7lBFYN
2020-08-16T07:08:01.157821045Z,2020-08-16T07:08:01.180479080Z,334 XH2dHIW6j12Q
2020-08-16T07:08:01.238407898Z,2020-08-16T07:08:01.260133097Z,335 rggjX6SReAjr
2020-08-16T07:08:01.319335937Z,2020-08-16T07:08:01.346904414Z,336 k7euA6o5RAhs
2020-08-16T07:08:01.401005820Z,2020-08-16T07:08:01.420608684Z,337 Y9q1uoNzHOSG
2020-08-16T07:08:01.482227966Z,2020-08-16T07:08:01.522988489Z,338 KQr0G3US49AC
2020-08-16T07:08:01.563275845Z,2020-08-16T07:08:01.595616102Z,339 DO7ce0r4EvKK
2020-08-16T07:08:01.644420641Z,2020-08-16T07:08:01.671497373Z,340 gmmAIOmXffnw
2020-08-16T07:08:01.725244557Z,2020-08-16T07:08:01.753136756Z,341 xxE9RPLGIeDB
2020-08-16T07:08:01.806247939Z,2020-08-16T07:08:01.848422766Z,342 ONIculUoSWj3
2020-08-16T07:08:01.887786727Z,2020-08-16T07:08:01.932933599Z,343 j8tTkTpQGdj7
2020-08-16T07:08:01.968329231Z,2020-08-16T07:08:02.008480168Z,344 tSqW2TADCQgL
2020-08-16T07:08:02.049702348Z,2020-08-16T07:08:02.080235288Z,345 RLvielQ4nakx
2020-08-16T07:08:02.131005739Z,2020-08-16T07:08:02.149247117Z,346 P1hXULhRxA5z
2020-08-16T07:08:02.213242727Z,2020-08-16T07:08:02.229849820Z,347 EEEXIyUrMe6m
2020-08-16T07:08:02.294526051Z,2020-08-16T07:08:02.343191152Z,348 HIOiZRLP4IsP
2020-08-16T07:08:02.375530009Z,2020-08-16T07:08:02.414942380Z,349 OEmZkcsjT9LB
2020-08-16T07:08:02.457034351Z,2020-08-16T07:08:02.485936094Z,350 TIFYMOGwpSdo
2020-08-16T07:08:02.538981560Z,2020-08-16T07:08:02.573422577Z,351 0CT5wImWXdp3
2020-08-16T07:08:02.620171202Z,2020-08-16T07:08:02.655639343Z,352 QjWgDEbLS8Rx
2020-08-16T07:08:02.701927149Z,2020-08-16T07:08:02.726972972Z,353 PzIkx8RW309c
2020-08-16T07:08:02.783538234Z,2020-08-16T07:08:02.831834898Z,354 23sZZh9AX1Vj
2020-08-16T07:08:02.863798698Z,2020-08-16T07:08:02.903715963Z,355 RVRw24XeOz3P
2020-08-16T07:08:02.945698574Z,2020-08-16T07:08:02.980096146Z,356 c1AQP4s24NQd
2020-08-16T07:08:03.027753429Z,2020-08-16T07:08:03.057307671Z,357 bAzNyPkaPboi
2020-08-16T07:08:03.109008315Z,2020-08-16T07:08:03.149183330Z,358 TbhtKkkv8RMK
2020-08-16T07:08:03.190712890Z,2020-08-16T07:08:03.223523319Z,359 jBFJXXEN9chQ
2020-08-16T07:08:03.272852826Z,2020-08-16T07:08:03.302947802Z,360 731CmBN3wRj6
2020-08-16T07:08:03.354683941Z,2020-08-16T07:08:03.377022578Z,361 ALvs4do37H5z
2020-08-16T07:08:03.435720308Z,2020-08-16T07:08:03.450162652Z,362 5mawPsOMxVAm
2020-08-16T07:08:03.516144009Z,2020-08-16T07:08:03.559696252Z,363 QBNjeOvOE592
2020-08-16T07:08:03.597851595Z,2020-08-16T07:08:03.635032949Z,364 CdxW9g8aSRjn
2020-08-16T07:08:03.679635674Z,2020-08-16T07:08:03.706106008Z,365 l0MktThcopBK
2020-08-16T07:08:03.760728366Z,2020-08-16T07:08:03.777442278Z,366 Hh7EM90EbcVt
2020-08-16T07:08:03.841212922Z,2020-08-16T07:08:03.876274923Z,367 sGMTfCPOx3Yv
2020-08-16T07:08:03.922603769Z,2020-08-16T07:08:03.945880335Z,368 IvOyrMmYzGsm
2020-08-16T07:08:04.002995025Z,2020-08-16T07:08:04.089280262Z,369 CB6RTp7TMPkN
2020-08-16T07:08:04.084523538Z,2020-08-16T07:08:04.154101461Z,370 SjOW1cuOMa36
2020-08-16T07:08:04.165706380Z,2020-08-16T07:08:04.217846098Z,371 AptGEZYQ4qV5
2020-08-16T07:08:04.247021019Z,2020-08-16T07:08:04.290400185Z,372 YdU1xEzh2MTs
2020-08-16T07:08:04.328772108Z,2020-08-16T07:08:04.362529267Z,373 XSDvSnVk0Op1
2020-08-16T07:08:04.410677182Z,2020-08-16T07:08:04.435632222Z,374 dl8JWsT45sKF
2020-08-16T07:08:04.491886296Z,2020-08-16T07:08:04.520217737Z,375 WxmxLnsMqSfK
2020-08-16T07:08:04.573936965Z,2020-08-16T07:08:04.590940532Z,376 NRMVHuO071fW
2020-08-16T07:08:04.655390027Z,2020-08-16T07:08:04.693582712Z,377 kZAgAgaJK81M
2020-08-16T07:08:04.736932352Z,2020-08-16T07:08:04.761226884Z,378 Riz6LhcAOiPG
2020-08-16T07:08:04.818201928Z,2020-08-16T07:08:04.837384821Z,379 Y6DyPgEpbpoM
2020-08-16T07:08:04.899769251Z,2020-08-16T07:08:05.014658450Z,380 4coDd9xeFKF5
2020-08-16T07:08:04.980392703Z,2020-08-16T07:08:05.085960315Z,381 joQXebYEUkls
2020-08-16T07:08:05.061776373Z,2020-08-16T07:08:05.165074916Z,382 ArE7cFdirNZP
2020-08-16T07:08:05.143703072Z,2020-08-16T07:08:05.234832464Z,383 3spwOTOeOXtQ
2020-08-16T07:08:05.224242787Z,2020-08-16T07:08:05.307740902Z,384 WhBmFy5wjVdf
2020-08-16T07:08:05.305266425Z,2020-08-16T07:08:05.380331773Z,385 VgvDsQA1RnZg
2020-08-16T07:08:05.386503159Z,2020-08-16T07:08:05.447057070Z,386 96w0IDDbSkLC
2020-08-16T07:08:05.467437286Z,2020-08-16T07:08:05.516993413Z,387 YLKJdUQhwsIM
2020-08-16T07:08:05.548524997Z,2020-08-16T07:08:05.582556165Z,388 m5LNbOeApAqC
2020-08-16T07:08:05.629037104Z,2020-08-16T07:08:05.654439473Z,389 rDPBypWcGuIX
2020-08-16T07:08:05.710934585Z,2020-08-16T07:08:05.752603677Z,390 rI4QzzlHOilT
2020-08-16T07:08:05.792670904Z,2020-08-16T07:08:05.821401181Z,391 ZAr9L168QWG9
2020-08-16T07:08:05.873612727Z,2020-08-16T07:08:05.903493447Z,392 SamJ5rwigFs2
2020-08-16T07:08:05.954785616Z,2020-08-16T07:08:05.972555860Z,393 dIxMmh2vbt7J
2020-08-16T07:08:06.035928046Z,2020-08-16T07:08:06.073265395Z,394 CyWpt0NwOjxY
2020-08-16T07:08:06.117617995Z,2020-08-16T07:08:06.137153122Z,395 EimJVdMzAsl8
2020-08-16T07:08:06.198449969Z,2020-08-16T07:08:06.212832584Z,396 8LN3d74f7p5g
2020-08-16T07:08:06.280210581Z,2020-08-16T07:08:06.308921282Z,397 TrTJhrqapse3
2020-08-16T07:08:06.361902506Z,2020-08-16T07:08:06.398201997Z,398 HdDC5ugQzyqU
2020-08-16T07:08:06.443898504Z,2020-08-16T07:08:06.469872540Z,399 KvT8keFN4qCL
2020-08-16T07:08:06.526181386Z,2020-08-16T07:08:06.558727175Z,400 Ry2fGChKufr6
2020-08-16T07:08:06.607886463Z,2020-08-16T07:08:06.627650709Z,401 E3OP1becNWXz
2020-08-16T07:08:06.689951789Z,2020-08-16T07:08:06.721333132Z,402 aGbqBbGK6NBj
2020-08-16T07:08:06.772075786Z,2020-08-16T07:08:06.791517767Z,403 dIXMZ2eBRXDG
2020-08-16T07:08:06.853678480Z,2020-08-16T07:08:06.872440874Z,404 l7lbNUuNRM0G
2020-08-16T07:08:06.934273603Z,2020-08-16T07:08:06.955769163Z,405 iLG9ckRnnRor
2020-08-16T07:08:07.015209365Z,2020-08-16T07:08:07.047310991Z,406 DMBbhsXfzU9e
2020-08-16T07:08:07.096895346Z,2020-08-16T07:08:07.128597205Z,407 9IY2Vbz5RXbc
2020-08-16T07:08:07.177926669Z,2020-08-16T07:08:07.198256765Z,408 jGsD2bvq0E2L
2020-08-16T07:08:07.258924871Z,2020-08-16T07:08:07.287443154Z,409 cKXfozXUDWvY
2020-08-16T07:08:07.340383280Z,2020-08-16T07:08:07.368518838Z,410 nP0lMiqtoeSM
2020-08-16T07:08:07.421634779Z,2020-08-16T07:08:07.440051712Z,411 hUTLVuSpDoEx
2020-08-16T07:08:07.502007732Z,2020-08-16T07:08:07.532974633Z,412 hU8qasH7Nm1f
2020-08-16T07:08:07.583694839Z,2020-08-16T07:08:07.607415951Z,413 B2NgDq5xSurb
2020-08-16T07:08:07.665282615Z,2020-08-16T07:08:07.682198020Z,414 tCZPxyNHeUIy
2020-08-16T07:08:07.746175497Z,2020-08-16T07:08:07.756816147Z,415 3K75kq99WUbT
2020-08-16T07:08:07.827866280Z,2020-08-16T07:08:07.865426129Z,416 JQAi2qmjfUpj
2020-08-16T07:08:07.908391272Z,2020-08-16T07:08:07.935832414Z,417 VeUPT1B49PFZ
2020-08-16T07:08:07.989923758Z,2020-08-16T07:08:08.027419221Z,418 P7nyEGDiXspc
2020-08-16T07:08:08.071723494Z,2020-08-16T07:08:08.098837457Z,419 YW6lE36DCFhF
2020-08-16T07:08:08.152628226Z,2020-08-16T07:08:08.200446752Z,420 yog0AelJ5Kvp
2020-08-16T07:08:08.233139338Z,2020-08-16T07:08:08.271196680Z,421 lzzQkd3RINW4
2020-08-16T07:08:08.314232974Z,2020-08-16T07:08:08.343736923Z,422 IWmiVdAH0j2c
2020-08-16T07:08:08.395939451Z,2020-08-16T07:08:08.429863762Z,423 kawWjHyGgmHl
2020-08-16T07:08:08.476979007Z,2020-08-16T07:08:08.501043856Z,424 aG6ANQPiTH0M
2020-08-16T07:08:08.557975368Z,2020-08-16T07:08:08.575297690Z,425 RcJJOr0fizMz
2020-08-16T07:08:08.639380524Z,2020-08-16T07:08:08.670706826Z,426 ZlASU8rrTh1O
2020-08-16T07:08:08.720986251Z,2020-08-16T07:08:08.745041616Z,427 6S2PfbhvLrR9
2020-08-16T07:08:08.802899182Z,2020-08-16T07:08:08.824032488Z,428 utXkywKEcJrn
2020-08-16T07:08:08.884276190Z,2020-08-16T07:08:08.904058082Z,429 KXLj6FwKZ0xo
2020-08-16T07:08:08.965252574Z,2020-08-16T07:08:09.000909310Z,430 8b0RTJJNju1M
2020-08-16T07:08:09.047082406Z,2020-08-16T07:08:09.075810324Z,431 hsZYZLZhWAkF
2020-08-16T07:08:09.128163693Z,2020-08-16T07:08:09.142790735Z,432 7ZPQ3b24RCJI
2020-08-16T07:08:09.209422847Z,2020-08-16T07:08:09.244213727Z,433 Af8UDK1V0BS6
2020-08-16T07:08:09.290827390Z,2020-08-16T07:08:09.326187638Z,434 sn0PTqYf9kP1
2020-08-16T07:08:09.372645010Z,2020-08-16T07:08:09.395225030Z,435 5soKC4twuoeW
2020-08-16T07:08:09.453511059Z,2020-08-16T07:08:09.468740929Z,436 X9Dnel0ctdjA
2020-08-16T07:08:09.534291038Z,2020-08-16T07:08:09.547782123Z,437 q0FqfKgwR0nt
2020-08-16T07:08:09.615296913Z,2020-08-16T07:08:09.632351024Z,438 C4UoxvwO2EgN
2020-08-16T07:08:09.696812533Z,2020-08-16T07:08:09.725781890Z,439 kPRpxxDjyst8
2020-08-16T07:08:09.777843279Z,2020-08-16T07:08:09.831884480Z,440 EMrzQ6h7eUuH
2020-08-16T07:08:09.859470500Z,2020-08-16T07:08:09.903989855Z,441 3Am504VLCmLo
2020-08-16T07:08:09.940872699Z,2020-08-16T07:08:09.972428333Z,442 6TE2TnCcN9Ad
2020-08-16T07:08:10.022093603Z,2020-08-16T07:08:10.061307931Z,443 sSwSaGLzMRyJ
2020-08-16T07:08:10.103515271Z,2020-08-16T07:08:10.137485100Z,444 nDQSt7m0TnYf
2020-08-16T07:08:10.184690235Z,2020-08-16T07:08:10.209416002Z,445 rJph2LpMQ0z7
2020-08-16T07:08:10.265720996Z,2020-08-16T07:08:10.287202381Z,446 a8WTAqr8pmqB
2020-08-16T07:08:10.346055703Z,2020-08-16T07:08:10.392814900Z,447 HQKXxNxMhwi9
2020-08-16T07:08:10.428080845Z,2020-08-16T07:08:10.462814762Z,448 FWDUYY98nk6v
2020-08-16T07:08:10.509227853Z,2020-08-16T07:08:10.543440548Z,449 j9Xhb8ht0HxG
2020-08-16T07:08:10.590276303Z,2020-08-16T07:08:10.614018152Z,450 7rz2CpNqRjPK
2020-08-16T07:08:10.671125562Z,2020-08-16T07:08:10.715047073Z,451 TvyIzPAxSrDw
2020-08-16T07:08:10.752704613Z,2020-08-16T07:08:10.784230155Z,452 PBlzrr1pKsOH
2020-08-16T07:08:10.834593677Z,2020-08-16T07:08:10.853938468Z,453 7CpbIIt0Z05T
2020-08-16T07:08:10.915545086Z,2020-08-16T07:08:10.950510265Z,454 2KebsCR0OMCT
2020-08-16T07:08:10.996329940Z,2020-08-16T07:08:11.030176838Z,455 ErwXMegIk4kJ
2020-08-16T07:08:11.077728409Z,2020-08-16T07:08:11.188868183Z,456 MlBb67ecHS26
2020-08-16T07:08:11.159178144Z,2020-08-16T07:08:11.260011477Z,457 5s9NxIRuhh2y
2020-08-16T07:08:11.240037680Z,2020-08-16T07:08:11.324959079Z,458 1Id0wYaT1f50
2020-08-16T07:08:11.321756180Z,2020-08-16T07:08:11.388199448Z,459 eyidScGJfdHw
2020-08-16T07:08:11.402701406Z,2020-08-16T07:08:11.457890649Z,460 2zvWuBJBnxnE
2020-08-16T07:08:11.483298791Z,2020-08-16T07:08:11.525971209Z,461 oMl9oOsHaLfd
2020-08-16T07:08:11.565418152Z,2020-08-16T07:08:11.596982186Z,462 oMn3swjaMRWI
2020-08-16T07:08:11.646111876Z,2020-08-16T07:08:11.669947964Z,463 y4b1NjXxrxVP
2020-08-16T07:08:11.727908870Z,2020-08-16T07:08:11.784055442Z,464 FtmtHQYANfw0
2020-08-16T07:08:11.809782610Z,2020-08-16T07:08:11.856763529Z,465 gzRPgIF6QjD1
2020-08-16T07:08:11.891611530Z,2020-08-16T07:08:11.943610969Z,466 yNWYWb0ndQi4
2020-08-16T07:08:11.972482176Z,2020-08-16T07:08:12.016964540Z,467 NoPCbNyngPf3
2020-08-16T07:08:12.053116489Z,2020-08-16T07:08:12.095570823Z,468 mFk6SRzQSunQ
2020-08-16T07:08:12.134669653Z,2020-08-16T07:08:12.164190513Z,469 l3arU13b86PJ
2020-08-16T07:08:12.215898187Z,2020-08-16T07:08:12.239222016Z,470 oCXnewwEdVDS
2020-08-16T07:08:12.297256171Z,2020-08-16T07:08:12.311173110Z,471 ef2QiT5hZ0ed
2020-08-16T07:08:12.378782196Z,2020-08-16T07:08:12.402847453Z,472 mBJF18RWJtJE
2020-08-16T07:08:12.459144147Z,2020-08-16T07:08:12.490034244Z,473 Il8FTmYakhMe
2020-08-16T07:08:12.541114473Z,2020-08-16T07:08:12.580905187Z,474 dGf8liBR5f9I
2020-08-16T07:08:12.622670681Z,2020-08-16T07:08:12.651326693Z,475 bOiulsRb9iYR
2020-08-16T07:08:12.703989604Z,2020-08-16T07:08:12.746842307Z,476 y0GwnBwKuT9U
2020-08-16T07:08:12.785785037Z,2020-08-16T07:08:12.816926077Z,477 INeIe8ULV7r0
2020-08-16T07:08:12.867841453Z,2020-08-16T07:08:12.886769741Z,478 Eh9dHK8G04T1
2020-08-16T07:08:12.948839435Z,2020-08-16T07:08:12.977477457Z,479 kY3A1h6aERgW
2020-08-16T07:08:13.029594343Z,2020-08-16T07:08:13.047579011Z,480 CCKh5ixvUBcE
2020-08-16T07:08:13.111310899Z,2020-08-16T07:08:13.154641055Z,481 JaQXkPK7JIhr
2020-08-16T07:08:13.192291590Z,2020-08-16T07:08:13.225855685Z,482 cAmwV0ncfjao
2020-08-16T07:08:13.273272390Z,2020-08-16T07:08:13.311505264Z,483 6OV2y5mQUhRP
2020-08-16T07:08:13.354417045Z,2020-08-16T07:08:13.381697444Z,484 8frHvq1gVByd
2020-08-16T07:08:13.435271630Z,2020-08-16T07:08:13.454621865Z,485 6utqctrfxvrb
2020-08-16T07:08:13.516499415Z,2020-08-16T07:08:13.547572510Z,486 ynAQLzCaXjrU
2020-08-16T07:08:13.598195593Z,2020-08-16T07:08:13.620351995Z,487 3HAiKcBwL4Rt
2020-08-16T07:08:13.680013083Z,2020-08-16T07:08:13.706922338Z,488 ERYjWnYUAYYY
2020-08-16T07:08:13.761267670Z,2020-08-16T07:08:13.788675952Z,489 xHH6uZ1nm2Re
2020-08-16T07:08:13.842043988Z,2020-08-16T07:08:13.860336577Z,490 dwYs8W5PiHl9
2020-08-16T07:08:13.923481178Z,2020-08-16T07:08:13.947861853Z,491 Y4MflBThRJ0p
2020-08-16T07:08:14.004386536Z,2020-08-16T07:08:14.041258252Z,492 c8kqoDeQ0I0h
2020-08-16T07:08:14.085823057Z,2020-08-16T07:08:14.121295411Z,493 5efrW90Tmpgf
2020-08-16T07:08:14.167880936Z,2020-08-16T07:08:14.199640024Z,494 mWYEtHk0scXc
2020-08-16T07:08:14.249658063Z,2020-08-16T07:08:14.270964267Z,495 57KmOpHHJluK
2020-08-16T07:08:14.330789440Z,2020-08-16T07:08:14.373688616Z,496 Ffed596iwJPc
2020-08-16T07:08:14.411579645Z,2020-08-16T07:08:14.454187760Z,497 4DCzy6IZ5c1f
2020-08-16T07:08:14.492429792Z,2020-08-16T07:08:14.528609214Z,498 x5lh2eIKOcDo
2020-08-16T07:08:14.573740596Z,2020-08-16T07:08:14.604466994Z,499 hqL5mdC6bI9M
2020-08-16T07:08:14.654435293Z,2020-08-16T07:08:14.685748160Z,500 5YkkFHYPGbdv
2020-08-16T07:08:14.735485722Z,2020-08-16T07:08:14.769834772Z,501 9Sc1QRn8r7qS
2020-08-16T07:08:14.816397201Z,2020-08-16T07:08:14.839149900Z,502 lnfL0SG7Jjt8
2020-08-16T07:08:14.897696622Z,2020-08-16T07:08:14.934892485Z,503 X32479P2ieAD
2020-08-16T07:08:14.978708510Z,2020-08-16T07:08:15.005763409Z,504 OMVj5d878C3h
2020-08-16T07:08:15.059870047Z,2020-08-16T07:08:15.087958548Z,505 27nJWf3l0WRq
2020-08-16T07:08:15.140557418Z,2020-08-16T07:08:15.173965688Z,506 kpeJoRKdUP1g
2020-08-16T07:08:15.221728260Z,2020-08-16T07:08:15.245600047Z,507 78yU4orkTZsv
2020-08-16T07:08:15.302286618Z,2020-08-16T07:08:15.326583093Z,508 6klDdAfXTr8z
2020-08-16T07:08:15.383768372Z,2020-08-16T07:08:15.406337913Z,509 CB67vYUfJJHL
2020-08-16T07:08:15.464776396Z,2020-08-16T07:08:15.490580176Z,510 UTW62EBmOYHk
2020-08-16T07:08:15.546679796Z,2020-08-16T07:08:15.567123878Z,511 oDrNSqq1cEqh
2020-08-16T07:08:15.627074736Z,2020-08-16T07:08:15.650537244Z,512 0v7AzsuI6k1s
2020-08-16T07:08:15.708697788Z,2020-08-16T07:08:15.741008426Z,513 FyO12HWCOSQM
2020-08-16T07:08:15.790092632Z,2020-08-16T07:08:15.829843641Z,514 NaIdN9vVbvZ4
2020-08-16T07:08:15.871532972Z,2020-08-16T07:08:15.901947002Z,515 7X1ils6PiGm5
2020-08-16T07:08:15.953134860Z,2020-08-16T07:08:15.999642193Z,516 YEgxvmHDaUNh
2020-08-16T07:08:16.034342930Z,2020-08-16T07:08:16.071292339Z,517 beX7cxGebSEM
2020-08-16T07:08:16.115692835Z,2020-08-16T07:08:16.150981251Z,518 XowYY3tz81f2
2020-08-16T07:08:16.196980470Z,2020-08-16T07:08:16.242200343Z,519 6sPr7G8ptckx
2020-08-16T07:08:16.278651846Z,2020-08-16T07:08:16.313906550Z,520 rHBIYh5JNZLg
2020-08-16T07:08:16.359699959Z,2020-08-16T07:08:16.388483400Z,521 y19vtacn7umE
2020-08-16T07:08:16.440792475Z,2020-08-16T07:08:16.476194072Z,522 RMCvwgPHljwX
2020-08-16T07:08:16.522528133Z,2020-08-16T07:08:16.545792705Z,523 rNOxwojeM6kg
2020-08-16T07:08:16.603034052Z,2020-08-16T07:08:16.624890667Z,524 56FVBSrTcXYi
2020-08-16T07:08:16.684599639Z,2020-08-16T07:08:16.721593871Z,525 AYgWAMNsdTvg
2020-08-16T07:08:16.765787285Z,2020-08-16T07:08:16.804708400Z,526 FvRvhlyPkTAS
2020-08-16T07:08:16.847127530Z,2020-08-16T07:08:16.885555577Z,527 XluzyDu830V4
2020-08-16T07:08:16.928692797Z,2020-08-16T07:08:16.957119701Z,528 h0Tbb8wupRT7
2020-08-16T07:08:17.009361029Z,2020-08-16T07:08:17.055012758Z,529 QaHjYOtsfsiR
2020-08-16T07:08:17.090056827Z,2020-08-16T07:08:17.129543170Z,530 pVOgKOx7YIMW
2020-08-16T07:08:17.172251225Z,2020-08-16T07:08:17.199322515Z,531 lQXJ6G19Fo8T
2020-08-16T07:08:17.253239098Z,2020-08-16T07:08:17.359539965Z,532 GRXBhD58ptHC
2020-08-16T07:08:17.334530689Z,2020-08-16T07:08:17.430537393Z,533 t7oDZiU2WRCa
2020-08-16T07:08:17.415739867Z,2020-08-16T07:08:17.503778499Z,534 mVHg1P70tVCy
2020-08-16T07:08:17.496280439Z,2020-08-16T07:08:17.577765028Z,535 epb9MeXAHERl
2020-08-16T07:08:17.577454530Z,2020-08-16T07:08:17.652150534Z,536 9QOj76bTiSZH
2020-08-16T07:08:17.659164033Z,2020-08-16T07:08:17.722966723Z,537 VALxjL88iish
2020-08-16T07:08:17.740828753Z,2020-08-16T07:08:17.793631088Z,538 VFbRn7HhYQh6
2020-08-16T07:08:17.821212838Z,2020-08-16T07:08:17.864937009Z,539 PhqqYrkemNG1
2020-08-16T07:08:17.902893826Z,2020-08-16T07:08:17.936318042Z,540 gDiSdEyLsl8c
2020-08-16T07:08:17.984543137Z,2020-08-16T07:08:18.010552538Z,541 IXKPL5UGE6On
2020-08-16T07:08:18.065977773Z,2020-08-16T07:08:18.091429036Z,542 suaHkrAUe3y8
2020-08-16T07:08:18.147522944Z,2020-08-16T07:08:18.163176451Z,543 ZGmnusqqGms6
2020-08-16T07:08:18.228343100Z,2020-08-16T07:08:18.252374357Z,544 iF4jVwyuQzEk
2020-08-16T07:08:18.309214729Z,2020-08-16T07:08:18.342714591Z,545 Oi6owkVagu1S
2020-08-16T07:08:18.390179087Z,2020-08-16T07:08:18.424859493Z,546 isZJGfcMNN30
2020-08-16T07:08:18.471598759Z,2020-08-16T07:08:18.497739088Z,547 Bj8sWZ6x2Fg4
2020-08-16T07:08:18.552781330Z,2020-08-16T07:08:18.579108058Z,548 zlR2RuanVscb
2020-08-16T07:08:18.634055327Z,2020-08-16T07:08:18.653928324Z,549 a3szsYEFqltv
2020-08-16T07:08:18.715926214Z,2020-08-16T07:08:18.728874291Z,550 uxySF3eQg45h
2020-08-16T07:08:18.797516452Z,2020-08-16T07:08:18.830276141Z,551 E0BxWE3FQ8za
2020-08-16T07:08:18.877902857Z,2020-08-16T07:08:18.909084089Z,552 VlUduqhZ7jQT
2020-08-16T07:08:18.959570748Z,2020-08-16T07:08:18.993468695Z,553 zLZfemwd95pa
2020-08-16T07:08:19.040621202Z,2020-08-16T07:08:19.064077398Z,554 q6v3zR3TS7bk
2020-08-16T07:08:19.122704828Z,2020-08-16T07:08:19.142731147Z,555 nhGp9lhhLqMm
2020-08-16T07:08:19.203850615Z,2020-08-16T07:08:19.238218383Z,556 WITd70nhvdnF
2020-08-16T07:08:19.284427420Z,2020-08-16T07:08:19.315829496Z,557 Emrf7PmG7OAP
2020-08-16T07:08:19.365624202Z,2020-08-16T07:08:19.396672402Z,558 mAA1cEfs8rbO
2020-08-16T07:08:19.446375972Z,2020-08-16T07:08:19.465931580Z,559 Dj8oIaQYBCnx
2020-08-16T07:08:19.527520851Z,2020-08-16T07:08:19.557691155Z,560 s4W1ktFrtpBv
2020-08-16T07:08:19.608079210Z,2020-08-16T07:08:19.639902122Z,561 CVAySDfr43X9
2020-08-16T07:08:19.689769654Z,2020-08-16T07:08:19.720109426Z,562 9kyQ6cr73NPZ
2020-08-16T07:08:19.770772887Z,2020-08-16T07:08:19.820191781Z,563 bu00TVSjEepr
2020-08-16T07:08:19.851417867Z,2020-08-16T07:08:19.892820569Z,564 XN5ObCesICyC
2020-08-16T07:08:19.932381577Z,2020-08-16T07:08:19.984071639Z,565 YptfDV0k0UrD
2020-08-16T07:08:20.012963320Z,2020-08-16T07:08:20.054549799Z,566 XBPnMyOOJ7iw
2020-08-16T07:08:20.094643922Z,2020-08-16T07:08:20.125134333Z,567 U5Sc03GcQYtu
2020-08-16T07:08:20.176287380Z,2020-08-16T07:08:20.198827313Z,568 qNTUrM59XDih
2020-08-16T07:08:20.258198290Z,2020-08-16T07:08:20.292749507Z,569 6fTh3ZIYUbE0
2020-08-16T07:08:20.339047820Z,2020-08-16T07:08:20.364469063Z,570 jolVy6JjQ6QC
2020-08-16T07:08:20.420632097Z,2020-08-16T07:08:20.436458209Z,571 RJtUuqD7QCNn
2020-08-16T07:08:20.501125961Z,2020-08-16T07:08:20.538922489Z,572 Siwwc13J2aDh
2020-08-16T07:08:20.582488938Z,2020-08-16T07:08:20.621253927Z,573 xpgsalnJDW3u
2020-08-16T07:08:20.663852555Z,2020-08-16T07:08:20.693394786Z,574 U4KJNwyILNiy
2020-08-16T07:08:20.744330080Z,2020-08-16T07:08:20.764311059Z,575 kpfPpIGR1gpF
2020-08-16T07:08:20.826106934Z,2020-08-16T07:08:20.855910600Z,576 hny8UL6ypH4n
2020-08-16T07:08:20.906872348Z,2020-08-16T07:08:20.940791203Z,577 4FAS7DGTzrCg
2020-08-16T07:08:20.988525187Z,2020-08-16T07:08:21.013323836Z,578 AOA2BBvlJx0y
2020-08-16T07:08:21.069862561Z,2020-08-16T07:08:21.093487573Z,579 smFwRGPAObhu
2020-08-16T07:08:21.151076527Z,2020-08-16T07:08:21.189052590Z,580 Q2w9g6GrlUh8
2020-08-16T07:08:21.232135391Z,2020-08-16T07:08:21.258358471Z,581 eqsoh2YNjWrx
2020-08-16T07:08:21.313779487Z,2020-08-16T07:08:21.337805044Z,582 cyXxnxsQIOlx
2020-08-16T07:08:21.394352745Z,2020-08-16T07:08:21.432040796Z,583 CCkNeYx3YhG5
2020-08-16T07:08:21.475179430Z,2020-08-16T07:08:21.508809874Z,584 FtU1qehOwLNA
2020-08-16T07:08:21.556780369Z,2020-08-16T07:08:21.578892382Z,585 Jc1bBLylQIeY
2020-08-16T07:08:21.638192882Z,2020-08-16T07:08:21.662056026Z,586 tjNKOJC92BSn
2020-08-16T07:08:21.719059982Z,2020-08-16T07:08:21.743601224Z,587 V19UxorrhfaL
2020-08-16T07:08:21.800519043Z,2020-08-16T07:08:21.815616785Z,588 H05bM3cQ9SyR
2020-08-16T07:08:21.881681522Z,2020-08-16T07:08:21.920206410Z,589 mrmfMqxRPabT
2020-08-16T07:08:21.962886397Z,2020-08-16T07:08:21.992477886Z,590 dBU7GiG99ddG
2020-08-16T07:08:22.044291067Z,2020-08-16T07:08:22.071662280Z,591 IdvMq1VhwdHx
2020-08-16T07:08:22.126034165Z,2020-08-16T07:08:22.154311153Z,592 ceyWGPTeJ8cJ
2020-08-16T07:08:22.207428725Z,2020-08-16T07:08:22.225903903Z,593 SkC8XLbUh9RK
2020-08-16T07:08:22.288811259Z,2020-08-16T07:08:22.298201288Z,594 o13Uz5lHb0FN
2020-08-16T07:08:22.370152548Z,2020-08-16T07:08:22.418782302Z,595 gR4vWA8zWibm
2020-08-16T07:08:22.451706415Z,2020-08-16T07:08:22.488583524Z,596 qLzINZPsP7MW
2020-08-16T07:08:22.533786005Z,2020-08-16T07:08:22.580668833Z,597 AUrkZ1F8ZOUi
2020-08-16T07:08:22.615431407Z,2020-08-16T07:08:22.652057847Z,598 BZAfoeDOeObQ
2020-08-16T07:08:22.697347727Z,2020-08-16T07:08:22.732828113Z,599 ytI1R6T2Juv7
2020-08-16T07:08:22.778787831Z,2020-08-16T07:08:22.802917233Z,600 Z2xVtocOjnP2
2020-08-16T07:08:22.860846378Z,2020-08-16T07:08:22.879159847Z,601 sLxAyJ1vB6ik
2020-08-16T07:08:22.942389673Z,2020-08-16T07:08:22.962083767Z,602 8Am8qVSylFkE
2020-08-16T07:08:23.024130957Z,2020-08-16T07:08:23.045596600Z,603 9rMVE40RCH2O
2020-08-16T07:08:23.106066856Z,2020-08-16T07:08:23.137244873Z,604 fO9WY9SFWw2J
2020-08-16T07:08:23.187853682Z,2020-08-16T07:08:23.231660674Z,605 yLgAhWC258cg
2020-08-16T07:08:23.268736992Z,2020-08-16T07:08:23.303041272Z,606 j8j5QqK0FQjO
2020-08-16T07:08:23.349735107Z,2020-08-16T07:08:23.397943934Z,607 OaM3HdLY7kNq
2020-08-16T07:08:23.430349401Z,2020-08-16T07:08:23.536481463Z,608 puapA4ANV6iR
2020-08-16T07:08:23.511811536Z,2020-08-16T07:08:23.606872730Z,609 0cdTt82r8zjR
2020-08-16T07:08:23.592766682Z,2020-08-16T07:08:23.677250646Z,610 6qibgTkbGCmC
2020-08-16T07:08:23.673881637Z,2020-08-16T07:08:23.748363404Z,611 4Vy06SOjwUqF
2020-08-16T07:08:23.755723947Z,2020-08-16T07:08:23.819270850Z,612 SX2mhMGy0bT3
2020-08-16T07:08:23.837066786Z,2020-08-16T07:08:23.890042382Z,613 YIPtcEw0xsXk
2020-08-16T07:08:23.918068559Z,2020-08-16T07:08:23.961629585Z,614 dNaqjBD3w7wF
2020-08-16T07:08:23.999315705Z,2020-08-16T07:08:24.036445589Z,615 6KuxjeuaTQIT
2020-08-16T07:08:24.080884174Z,2020-08-16T07:08:24.115359370Z,616 iiBStx6hlglr
2020-08-16T07:08:24.162229448Z,2020-08-16T07:08:24.186701605Z,617 DgSZ7o3IQOTR
2020-08-16T07:08:24.244437849Z,2020-08-16T07:08:24.286088231Z,618 GHGyLsmXW079
2020-08-16T07:08:24.325108238Z,2020-08-16T07:08:24.366885770Z,619 sR6nVIu1aFIj
2020-08-16T07:08:24.406734986Z,2020-08-16T07:08:24.438048966Z,620 eCS1sRnY5T19
2020-08-16T07:08:24.487219335Z,2020-08-16T07:08:24.606679862Z,621 8f0YlKFPDLpb
2020-08-16T07:08:24.568678516Z,2020-08-16T07:08:24.679206072Z,622 EK2V0plX44he
2020-08-16T07:08:24.649726763Z,2020-08-16T07:08:24.752389887Z,623 lkMbDiwCwSb4
2020-08-16T07:08:24.731139864Z,2020-08-16T07:08:24.823659348Z,624 qHzYuhKk70zT
2020-08-16T07:08:24.812148053Z,2020-08-16T07:08:24.893666714Z,625 5q0w2ahh3wML
2020-08-16T07:08:24.893698048Z,2020-08-16T07:08:24.966250654Z,626 gheefeEb99LD
2020-08-16T07:08:24.974155833Z,2020-08-16T07:08:25.039260604Z,627 ksYZ6AvmNQXr
2020-08-16T07:08:25.055884138Z,2020-08-16T07:08:25.113547844Z,628 oPLFj3MDP0CU
2020-08-16T07:08:25.136202829Z,2020-08-16T07:08:25.183794548Z,629 cuThZJbOLaaL
2020-08-16T07:08:25.217651399Z,2020-08-16T07:08:25.253330849Z,630 DQRXshRorjZY
2020-08-16T07:08:25.299316079Z,2020-08-16T07:08:25.328958889Z,631 MQ6Z06PQnsOl
2020-08-16T07:08:25.380784507Z,2020-08-16T07:08:25.405302435Z,632 92wRZhk64foc
2020-08-16T07:08:25.463062203Z,2020-08-16T07:08:25.487723882Z,633 hyvLVPxdGjJg
2020-08-16T07:08:25.544710615Z,2020-08-16T07:08:25.580006749Z,634 PWXhHNAnfpL9
2020-08-16T07:08:25.625449115Z,2020-08-16T07:08:25.649458800Z,635 NIhg3cpeOBg5
2020-08-16T07:08:25.706303748Z,2020-08-16T07:08:25.721914312Z,636 NIErgFFPCoXW
2020-08-16T07:08:25.787975029Z,2020-08-16T07:08:25.794832989Z,637 scOnMmSpb0s1
2020-08-16T07:08:25.870276977Z,2020-08-16T07:08:25.884966127Z,638 102bcw4hv7PR
2020-08-16T07:08:25.952014662Z,2020-08-16T07:08:25.960982211Z,639 XU1UNw0ILRKt
2020-08-16T07:08:26.033542892Z,2020-08-16T07:08:26.070873574Z,640 kIYW7cNWBTmx
2020-08-16T07:08:26.114243689Z,2020-08-16T07:08:26.143020305Z,641 TjH0WDB7YAno
2020-08-16T07:08:26.195532525Z,2020-08-16T07:08:26.220042623Z,642 CXZHjOLSOJx2
2020-08-16T07:08:26.276178512Z,2020-08-16T07:08:26.322795556Z,643 rDmFQ1MABqzC
2020-08-16T07:08:26.358013155Z,2020-08-16T07:08:26.391107706Z,644 GEH8rH6dkLRT
2020-08-16T07:08:26.439765805Z,2020-08-16T07:08:26.463161282Z,645 2hGMhFAT5BSa
2020-08-16T07:08:26.520515062Z,2020-08-16T07:08:26.549968747Z,646 37b33PaipE3I
2020-08-16T07:08:26.602030697Z,2020-08-16T07:08:26.628761620Z,647 whLbssjAx27G
2020-08-16T07:08:26.684181611Z,2020-08-16T07:08:26.700382895Z,648 ViqBoylN8SbG
2020-08-16T07:08:26.765822441Z,2020-08-16T07:08:26.799808729Z,649 EMvCs84BB7YW
2020-08-16T07:08:26.847338490Z,2020-08-16T07:08:26.873376563Z,650 c7lN3AhYzDn5
2020-08-16T07:08:26.928585981Z,2020-08-16T07:08:26.954174156Z,651 BfpuemAvImWw
2020-08-16T07:08:27.009920774Z,2020-08-16T07:08:27.049669154Z,652 EYCvDgzlDNwu
2020-08-16T07:08:27.092007796Z,2020-08-16T07:08:27.122984795Z,653 qWggyI6gftgZ
2020-08-16T07:08:27.173334137Z,2020-08-16T07:08:27.198328105Z,654 ObowVUnnPVdk
2020-08-16T07:08:27.254441205Z,2020-08-16T07:08:27.280268543Z,655 DJj1zXLoqPF3
2020-08-16T07:08:27.335807831Z,2020-08-16T07:08:27.355529363Z,656 VgyKPngsOe4W
2020-08-16T07:08:27.417297155Z,2020-08-16T07:08:27.449092616Z,657 LJL7a4pVLCxr
2020-08-16T07:08:27.498665756Z,2020-08-16T07:08:27.529071405Z,658 E1Hmsy2agNxS
2020-08-16T07:08:27.579778605Z,2020-08-16T07:08:27.599168476Z,659 P5rNhnbYdhzO
2020-08-16T07:08:27.660281483Z,2020-08-16T07:08:27.674756906Z,660 f6mfMuaMc2m0
2020-08-16T07:08:27.741685825Z,2020-08-16T07:08:27.773120772Z,661 UHMnkgZPHZUA
2020-08-16T07:08:27.822196426Z,2020-08-16T07:08:27.857293444Z,662 9srVLDujFnPE
2020-08-16T07:08:27.903918608Z,2020-08-16T07:08:27.928070067Z,663 VrhGztwGpXjU
2020-08-16T07:08:27.985647906Z,2020-08-16T07:08:28.011942868Z,664 R8M9guAAO6V5
2020-08-16T07:08:28.066998585Z,2020-08-16T07:08:28.084256373Z,665 vc3r53qaX0l6
2020-08-16T07:08:28.149091220Z,2020-08-16T07:08:28.199534053Z,666 nNWEYJhBPGvq
2020-08-16T07:08:28.230637312Z,2020-08-16T07:08:28.270972719Z,667 XLqhYSpnSsuw
2020-08-16T07:08:28.313050816Z,2020-08-16T07:08:28.343209116Z,668 2fRa6SxTXlF6
2020-08-16T07:08:28.394735001Z,2020-08-16T07:08:28.417945431Z,669 6HbgqCCcoOWw
2020-08-16T07:08:28.475329821Z,2020-08-16T07:08:28.497935229Z,670 87EQaTAtf2Uf
2020-08-16T07:08:28.557023261Z,2020-08-16T07:08:28.583513487Z,671 WV3Tm8uOJtmr
2020-08-16T07:08:28.638857385Z,2020-08-16T07:08:28.679648369Z,672 K2iXqFXxksyk
2020-08-16T07:08:28.720162976Z,2020-08-16T07:08:28.749658544Z,673 y8WgP9KNnNgG
2020-08-16T07:08:28.801169125Z,2020-08-16T07:08:28.820411980Z,674 xpbN7EgmKsk4
2020-08-16T07:08:28.882812030Z,2020-08-16T07:08:28.919959592Z,675 Bx8iKgnc5ybj
2020-08-16T07:08:28.963779532Z,2020-08-16T07:08:28.990319205Z,676 WR3OJ8sn5g8B
2020-08-16T07:08:29.045351412Z,2020-08-16T07:08:29.073086391Z,677 wX9S86UMfPDQ
2020-08-16T07:08:29.126754495Z,2020-08-16T07:08:29.144015599Z,678 AwlEid5H1BHq
2020-08-16T07:08:29.207572293Z,2020-08-16T07:08:29.240676958Z,679 lHSIML9bsrHt
2020-08-16T07:08:29.288532450Z,2020-08-16T07:08:29.321352191Z,680 3BTbWAVpCied
2020-08-16T07:08:29.369715507Z,2020-08-16T07:08:29.389589163Z,681 4a2y0kuqe9C4
2020-08-16T07:08:29.451377466Z,2020-08-16T07:08:29.477103818Z,682 a3AecbuQfGZi
2020-08-16T07:08:29.532422389Z,2020-08-16T07:08:29.549149943Z,683 VePo2JZ0ko4d
2020-08-16T07:08:29.614018051Z,2020-08-16T07:08:29.735450442Z,684 dRojVai2yAhS
2020-08-16T07:08:29.695735879Z,2020-08-16T07:08:29.807241661Z,685 nPti5cy7rKZM
2020-08-16T07:08:29.777695611Z,2020-08-16T07:08:29.876440708Z,686 e35vWCKMxRct
2020-08-16T07:08:29.858907968Z,2020-08-16T07:08:29.947842649Z,687 FTN5ccdnMyW2
2020-08-16T07:08:29.941134685Z,2020-08-16T07:08:30.018220617Z,688 le7GOZzQ5X0R
2020-08-16T07:08:30.022853265Z,2020-08-16T07:08:30.088642703Z,689 Va5dLH7avQZ9
2020-08-16T07:08:30.105056894Z,2020-08-16T07:08:30.160007209Z,690 UUbRcLrSQAs5
2020-08-16T07:08:30.186636429Z,2020-08-16T07:08:30.229518076Z,691 URZ2XGGV4Wru
2020-08-16T07:08:30.268900263Z,2020-08-16T07:08:30.301131270Z,692 TKw2tut4dwL8
2020-08-16T07:08:30.351210242Z,2020-08-16T07:08:30.372140663Z,693 q2mRrV5kUFKM
2020-08-16T07:08:30.432828256Z,2020-08-16T07:08:30.473089261Z,694 iB6i0Rhuq8qh
2020-08-16T07:08:30.513250629Z,2020-08-16T07:08:30.543353027Z,695 pEASN8oxLGfQ
2020-08-16T07:08:30.594533970Z,2020-08-16T07:08:30.613307947Z,696 RttTVR1GzT6r
2020-08-16T07:08:30.675405762Z,2020-08-16T07:08:30.690830210Z,697 oXDduxUSPFzw
2020-08-16T07:08:30.757170833Z,2020-08-16T07:08:30.783598259Z,698 s1ONo88lR1EC
2020-08-16T07:08:30.839004667Z,2020-08-16T07:08:30.867561266Z,699 HLyllKMjIfVJ
2020-08-16T07:08:30.920268431Z,2020-08-16T07:08:30.948855112Z,700 uAaj8xsJcHxp
2020-08-16T07:08:31.001490963Z,2020-08-16T07:08:31.027097286Z,701 WGldbdsJo1UO
2020-08-16T07:08:31.082693699Z,2020-08-16T07:08:31.112587949Z,702 GF8WGe18Gebn
2020-08-16T07:08:31.163587221Z,2020-08-16T07:08:31.181553873Z,703 S4ojD1M6uc6x
2020-08-16T07:08:31.244939489Z,2020-08-16T07:08:31.285767536Z,704 H1jEa7EmnHfo
2020-08-16T07:08:31.326406209Z,2020-08-16T07:08:31.358325679Z,705 n2H8abxW9gaB
2020-08-16T07:08:31.407323756Z,2020-08-16T07:08:31.429753960Z,706 fZWcKL5QwwST
2020-08-16T07:08:31.489031272Z,2020-08-16T07:08:31.511273981Z,707 Q0ph73ujAySH
2020-08-16T07:08:31.570556569Z,2020-08-16T07:08:31.607762950Z,708 boUSEiirqCJn
2020-08-16T07:08:31.652077700Z,2020-08-16T07:08:31.674676911Z,709 b5j02MpbvrBz
2020-08-16T07:08:31.734064738Z,2020-08-16T07:08:31.760127297Z,710 n8OYF4dxfg4y
2020-08-16T07:08:31.815237381Z,2020-08-16T07:08:31.830204824Z,711 iKhvpR2w1UYm
2020-08-16T07:08:31.897060234Z,2020-08-16T07:08:31.911013049Z,712 JMhdJJy4mzD9
2020-08-16T07:08:31.978924533Z,2020-08-16T07:08:32.006714187Z,713 jvNfAS6dtjLE
2020-08-16T07:08:32.060464917Z,2020-08-16T07:08:32.103775260Z,714 fWiU3DP9ORRd
2020-08-16T07:08:32.141895331Z,2020-08-16T07:08:32.182195791Z,715 KgS4RWBXfzP2
2020-08-16T07:08:32.224037469Z,2020-08-16T07:08:32.255578606Z,716 aCMyz724My7f
2020-08-16T07:08:32.305606314Z,2020-08-16T07:08:32.328153021Z,717 uPCHAqk2JM1S
2020-08-16T07:08:32.387107284Z,2020-08-16T07:08:32.415322563Z,718 0wyECSHJkkul
2020-08-16T07:08:32.468606446Z,2020-08-16T07:08:32.495576826Z,719 KubdvMXZNKfp
2020-08-16T07:08:32.549345334Z,2020-08-16T07:08:32.564953589Z,720 GpNyu7g8aU4G
2020-08-16T07:08:32.630500740Z,2020-08-16T07:08:32.655598831Z,721 zizzkPAjEG8H
2020-08-16T07:08:32.711497292Z,2020-08-16T07:08:32.733529210Z,722 F5ZpdbRj5a7y
2020-08-16T07:08:32.792518253Z,2020-08-16T07:08:32.823773943Z,723 COny2DInHUK0
2020-08-16T07:08:32.873020092Z,2020-08-16T07:08:32.905648331Z,724 Ys6R98f1GjUZ
2020-08-16T07:08:32.954775258Z,2020-08-16T07:08:32.974727302Z,725 0l42ebA4q8Oq
2020-08-16T07:08:33.036942280Z,2020-08-16T07:08:33.063198490Z,726 rv01XLVl11Dg
2020-08-16T07:08:33.119054097Z,2020-08-16T07:08:33.156681858Z,727 etzsd8WQCcDN
2020-08-16T07:08:33.200833218Z,2020-08-16T07:08:33.236822368Z,728 EHSkAvfVTsLh
2020-08-16T07:08:33.282748737Z,2020-08-16T07:08:33.305571152Z,729 hDzKv6yAjvCo
2020-08-16T07:08:33.363588912Z,2020-08-16T07:08:33.374391517Z,730 Uk7W4YQ07LbY
2020-08-16T07:08:33.444243173Z,2020-08-16T07:08:33.486173045Z,731 OsMepfbHqazD
2020-08-16T07:08:33.525066464Z,2020-08-16T07:08:33.556706068Z,732 KsN0mK68tEqd
2020-08-16T07:08:33.606574123Z,2020-08-16T07:08:33.627705759Z,733 X45zyN3vfIh5
2020-08-16T07:08:33.688115821Z,2020-08-16T07:08:33.714960592Z,734 pL0ITEPi6t1B
2020-08-16T07:08:33.770108887Z,2020-08-16T07:08:33.783147448Z,735 h609Dv3Z3K39
2020-08-16T07:08:33.851610532Z,2020-08-16T07:08:33.865318230Z,736 RyVN9OxlXFxy
2020-08-16T07:08:33.932523733Z,2020-08-16T07:08:33.955916130Z,737 aE8uMEFjowgV
2020-08-16T07:08:34.013537465Z,2020-08-16T07:08:34.097614776Z,738 MPiWTJfCosKk
2020-08-16T07:08:34.094847118Z,2020-08-16T07:08:34.166516719Z,739 Dy2EDRIh0JNx
2020-08-16T07:08:34.176471012Z,2020-08-16T07:08:34.238228902Z,740 4x78KfSzuCpV
2020-08-16T07:08:34.257891049Z,2020-08-16T07:08:34.309229084Z,741 0kYWToGcmupl
2020-08-16T07:08:34.339029359Z,2020-08-16T07:08:34.383149482Z,742 wi0UvK5inweC
2020-08-16T07:08:34.420764742Z,2020-08-16T07:08:34.457407776Z,743 jc9OGjOOfmfP
2020-08-16T07:08:34.502817225Z,2020-08-16T07:08:34.533416467Z,744 8G2u0Mnxky8D
2020-08-16T07:08:34.585038232Z,2020-08-16T07:08:34.620089589Z,745 shhMmjL3wbi9
2020-08-16T07:08:34.666612415Z,2020-08-16T07:08:34.700818564Z,746 InRXE0DP71Ex
2020-08-16T07:08:34.747631939Z,2020-08-16T07:08:34.786323402Z,747 ycvUCtT2l3N4
2020-08-16T07:08:34.828424098Z,2020-08-16T07:08:34.868684025Z,748 W2lfcpljyfWm
2020-08-16T07:08:34.910132781Z,2020-08-16T07:08:34.954189062Z,749 MhImsxUmKqL6
2020-08-16T07:08:34.991303431Z,2020-08-16T07:08:35.024346296Z,750 vlWmVmk9waNl
2020-08-16T07:08:35.072971911Z,2020-08-16T07:08:35.095442549Z,751 nmoe4JcOiI7X
2020-08-16T07:08:35.154440082Z,2020-08-16T07:08:35.175280699Z,752 C7DjH1zU1igc
2020-08-16T07:08:35.236080961Z,2020-08-16T07:08:35.256412846Z,753 I8zOkuwhjtIj
2020-08-16T07:08:35.317685835Z,2020-08-16T07:08:35.347387889Z,754 C9U9xPqy0GTT
2020-08-16T07:08:35.398719508Z,2020-08-16T07:08:35.418243814Z,755 8GkCZwoqCJJM
2020-08-16T07:08:35.480494992Z,2020-08-16T07:08:35.512235312Z,756 uQ0ROZW511Dr
2020-08-16T07:08:35.561323716Z,2020-08-16T07:08:35.588123156Z,757 j8PHWgmVtsYW
2020-08-16T07:08:35.642168244Z,2020-08-16T07:08:35.669585744Z,758 648j6Obk6BPR
2020-08-16T07:08:35.723542207Z,2020-08-16T07:08:35.743278296Z,759 aw0YUUMwiKv0
2020-08-16T07:08:35.804731368Z,2020-08-16T07:08:35.904515764Z,760 feJLr8vr8s3s
2020-08-16T07:08:35.885266645Z,2020-08-16T07:08:35.974364537Z,761 wPQLU21afxMs
2020-08-16T07:08:35.966362768Z,2020-08-16T07:08:36.046059735Z,762 FkxnPgARgkXG
2020-08-16T07:08:36.047849203Z,2020-08-16T07:08:36.114836882Z,763 QJL9XxHBxDVX
2020-08-16T07:08:36.129323972Z,2020-08-16T07:08:36.188386828Z,764 jyqXpeqltK9M
2020-08-16T07:08:36.211175017Z,2020-08-16T07:08:36.261686089Z,765 aq62NNFDvfdg
2020-08-16T07:08:36.292747830Z,2020-08-16T07:08:36.334107625Z,766 IkTsrNh98hfC
2020-08-16T07:08:36.374676767Z,2020-08-16T07:08:36.405465810Z,767 F2IsrpQg4cwO
2020-08-16T07:08:36.455514489Z,2020-08-16T07:08:36.488157758Z,768 vGlK1txJBvPB
2020-08-16T07:08:36.535993686Z,2020-08-16T07:08:36.562505743Z,769 eFcifW18rrte
2020-08-16T07:08:36.618140544Z,2020-08-16T07:08:36.659426816Z,770 KbKehnkivUZO
2020-08-16T07:08:36.700022538Z,2020-08-16T07:08:36.733129058Z,771 3tArodAHYI2P
2020-08-16T07:08:36.781411472Z,2020-08-16T07:08:36.804252146Z,772 RbEmaRffVh3w
2020-08-16T07:08:36.862236174Z,2020-08-16T07:08:36.877882772Z,773 qrhrGHPWOXmr
2020-08-16T07:08:36.943712056Z,2020-08-16T07:08:36.975562685Z,774 VwnT1OVJVSFm
2020-08-16T07:08:37.025091389Z,2020-08-16T07:08:37.043965880Z,775 LyfczNUsxYPr
2020-08-16T07:08:37.106654851Z,2020-08-16T07:08:37.127932616Z,776 vURTgxsSFkV4
2020-08-16T07:08:37.187748906Z,2020-08-16T07:08:37.202288003Z,777 CRmu8IFsgJTi
2020-08-16T07:08:37.268448495Z,2020-08-16T07:08:37.292607278Z,778 e4L5I1GTsfUV
2020-08-16T07:08:37.349737998Z,2020-08-16T07:08:37.377850415Z,779 KaPnD22pTaK7
2020-08-16T07:08:37.430158425Z,2020-08-16T07:08:37.461757630Z,780 pjt74u3TWKdq
2020-08-16T07:08:37.511577051Z,2020-08-16T07:08:37.530161517Z,781 G2Xwu61qkU4Z
2020-08-16T07:08:37.593248602Z,2020-08-16T07:08:37.621530507Z,782 6IePfFK6enQp
2020-08-16T07:08:37.674574190Z,2020-08-16T07:08:37.693679396Z,783 FVV9WLEG86I7
2020-08-16T07:08:37.755517759Z,2020-08-16T07:08:37.782897957Z,784 TksiQh3OM6KB
2020-08-16T07:08:37.837015429Z,2020-08-16T07:08:37.874810848Z,785 IYqPLhy2LVdC
2020-08-16T07:08:37.918234737Z,2020-08-16T07:08:37.945918387Z,786 brWkC713F3Qm
2020-08-16T07:08:37.999894880Z,2020-08-16T07:08:38.024499543Z,787 8UTeegKFvSVT
2020-08-16T07:08:38.080820032Z,2020-08-16T07:08:38.100368322Z,788 n8HGo0LMV6JG
2020-08-16T07:08:38.162735141Z,2020-08-16T07:08:38.205964810Z,789 G51fU5HQqcYY
2020-08-16T07:08:38.242713787Z,2020-08-16T07:08:38.286730472Z,790 8xdQ6utKsPbe
2020-08-16T07:08:38.324714129Z,2020-08-16T07:08:38.363157570Z,791 0s5CBddQ9pnO
2020-08-16T07:08:38.406046481Z,2020-08-16T07:08:38.435586801Z,792 BkOqWc4Xjodf
2020-08-16T07:08:38.487829563Z,2020-08-16T07:08:38.527435513Z,793 CxEv5t60zro6
2020-08-16T07:08:38.568049765Z,2020-08-16T07:08:38.608512473Z,794 9YHu8j1BdoJV
2020-08-16T07:08:38.650094934Z,2020-08-16T07:08:38.679566751Z,795 G3tg2PSO5Pxm
2020-08-16T07:08:38.731227495Z,2020-08-16T07:08:38.754431297Z,796 NkGWB2yMVGXR
2020-08-16T07:08:38.812627996Z,2020-08-16T07:08:38.843126225Z,797 PIEEOi2af6vG
2020-08-16T07:08:38.893370894Z,2020-08-16T07:08:38.917065379Z,798 WH0uEdFRhvhf
2020-08-16T07:08:38.974267619Z,2020-08-16T07:08:39.002574903Z,799 t0siTELCV7U6
2020-08-16T07:08:39.055898687Z,2020-08-16T07:08:39.109671640Z,800 MhGu8hhhkSZy
2020-08-16T07:08:39.138016206Z,2020-08-16T07:08:39.185189272Z,801 uN6kG1VbnZWm
2020-08-16T07:08:39.218933740Z,2020-08-16T07:08:39.271372750Z,802 H1aJ5j8wPfDr
2020-08-16T07:08:39.300470627Z,2020-08-16T07:08:39.343864511Z,803 88f7iJyQbs3i
2020-08-16T07:08:39.381261793Z,2020-08-16T07:08:39.415193946Z,804 t06emsGy0xHj
2020-08-16T07:08:39.462793174Z,2020-08-16T07:08:39.498914255Z,805 bwVThVp7Gp3o
2020-08-16T07:08:39.544532987Z,2020-08-16T07:08:39.571637501Z,806 9WGUxza6JhkW
2020-08-16T07:08:39.624974069Z,2020-08-16T07:08:39.643723303Z,807 7tkQ8TPvKTMr
2020-08-16T07:08:39.706314970Z,2020-08-16T07:08:39.733497500Z,808 Q9oOMuBbeS2R
2020-08-16T07:08:39.787802581Z,2020-08-16T07:08:39.823083164Z,809 3EPObwEXNpGF
2020-08-16T07:08:39.869401386Z,2020-08-16T07:08:39.898880904Z,810 EXuPGdVFE6Sz
2020-08-16T07:08:39.950661837Z,2020-08-16T07:08:39.984113857Z,811 Rk6ByyZU1CdZ
2020-08-16T07:08:40.031472616Z,2020-08-16T07:08:40.055034867Z,812 bKR8rJvSdXET
2020-08-16T07:08:40.112665101Z,2020-08-16T07:08:40.128486093Z,813 xfrcFnsAEW5t
2020-08-16T07:08:40.194131008Z,2020-08-16T07:08:40.218057638Z,814 kz316LO8XeLG
2020-08-16T07:08:40.275822296Z,2020-08-16T07:08:40.308673469Z,815 o2vUHXic63ff
2020-08-16T07:08:40.357595807Z,2020-08-16T07:08:40.393426044Z,816 67guAoMDzpw3
2020-08-16T07:08:40.438056032Z,2020-08-16T07:08:40.464171234Z,817 lb8AFm1QxMfS
2020-08-16T07:08:40.519698967Z,2020-08-16T07:08:40.552500787Z,818 5jmoblnptr77
2020-08-16T07:08:40.600582887Z,2020-08-16T07:08:40.629690697Z,819 xO7Q0P38uTPO
2020-08-16T07:08:40.681987447Z,2020-08-16T07:08:40.711856892Z,820 XPpZpunFe3JD
2020-08-16T07:08:40.763891277Z,2020-08-16T07:08:40.813308931Z,821 iCw1pQxD2HUx
2020-08-16T07:08:40.845528364Z,2020-08-16T07:08:40.883697429Z,822 Dhn1TWVQKJrJ
2020-08-16T07:08:40.926631501Z,2020-08-16T07:08:40.954717097Z,823 jBDxRiM5kBsF
2020-08-16T07:08:41.007323838Z,2020-08-16T07:08:41.048692836Z,824 oy5PygsA4sGG
2020-08-16T07:08:41.088169078Z,2020-08-16T07:08:41.121007870Z,825 PZeJrWfR2tAI
2020-08-16T07:08:41.169691973Z,2020-08-16T07:08:41.192735117Z,826 BOK23vPCsDkW
2020-08-16T07:08:41.250503961Z,2020-08-16T07:08:41.270842546Z,827 7LVJg4rFRFRL
2020-08-16T07:08:41.331949259Z,2020-08-16T07:08:41.353033766Z,828 KSoFG1MFxhkO
2020-08-16T07:08:41.413998697Z,2020-08-16T07:08:41.425966779Z,829 Jcib6nYu7CFt
2020-08-16T07:08:41.495508786Z,2020-08-16T07:08:41.526036375Z,830 o85IXSFI6jiu
2020-08-16T07:08:41.576190065Z,2020-08-16T07:08:41.600142723Z,831 UfQ9MXKUhXf8
2020-08-16T07:08:41.657365672Z,2020-08-16T07:08:41.689054807Z,832 6oIswoftW740
2020-08-16T07:08:41.738321495Z,2020-08-16T07:08:41.758978226Z,833 AlmKGn7uK7Y3
2020-08-16T07:08:41.820075550Z,2020-08-16T07:08:41.837188498Z,834 v4o5VK24Y92X
2020-08-16T07:08:41.901864138Z,2020-08-16T07:08:41.922771350Z,835 LVWEtpP3CJDd
2020-08-16T07:08:41.984167067Z,2020-08-16T07:08:42.084123224Z,836 6HgfclpDF56c
2020-08-16T07:08:42.065645536Z,2020-08-16T07:08:42.152782705Z,837 0J9VFvg3YaDt
2020-08-16T07:08:42.146617955Z,2020-08-16T07:08:42.228697596Z,838 zaDHUTkbHFiS
2020-08-16T07:08:42.227282066Z,2020-08-16T07:08:42.299275648Z,839 FHSQSlDb5r2M
2020-08-16T07:08:42.308984741Z,2020-08-16T07:08:42.372249938Z,840 y2yvARQIlCh1
2020-08-16T07:08:42.390289252Z,2020-08-16T07:08:42.445517990Z,841 eGsEcCvG1Dqs
2020-08-16T07:08:42.471866980Z,2020-08-16T07:08:42.516555752Z,842 9gPXouXe6S05
2020-08-16T07:08:42.552579361Z,2020-08-16T07:08:42.588906308Z,843 JFvLlFLcHhMS
2020-08-16T07:08:42.633322872Z,2020-08-16T07:08:42.660611743Z,844 CgfOJuPiLn5J
2020-08-16T07:08:42.714989002Z,2020-08-16T07:08:42.750919337Z,845 R6xbbFoSbYb0
2020-08-16T07:08:42.797041743Z,2020-08-16T07:08:42.825186779Z,846 6QIRv73gN3pw
2020-08-16T07:08:42.879143007Z,2020-08-16T07:08:42.921916192Z,847 vjLRKLnVOBzS
2020-08-16T07:08:42.960999344Z,2020-08-16T07:08:42.992181006Z,848 SuDMLCCcOh6h
2020-08-16T07:08:43.043157920Z,2020-08-16T07:08:43.065747389Z,849 YQbCHb0IygF7
2020-08-16T07:08:43.125059430Z,2020-08-16T07:08:43.148569533Z,850 7HfLoGooMTK5
2020-08-16T07:08:43.206602165Z,2020-08-16T07:08:43.249088856Z,851 o5k0ll8Pnkhq
2020-08-16T07:08:43.287221886Z,2020-08-16T07:08:43.321081741Z,852 sjOxCltmNmNo
2020-08-16T07:08:43.368693212Z,2020-08-16T07:08:43.406630419Z,853 HJV9aTWHp0kh
2020-08-16T07:08:43.449357452Z,2020-08-16T07:08:43.477979135Z,854 MSH0kE6mq1to
2020-08-16T07:08:43.531114504Z,2020-08-16T07:08:43.555921860Z,855 Iqz8R1oVjY2m
2020-08-16T07:08:43.612464132Z,2020-08-16T07:08:43.645580679Z,856 foPi7SFaFEiZ
2020-08-16T07:08:43.693966703Z,2020-08-16T07:08:43.719010939Z,857 7lzDtdaTQIP9
2020-08-16T07:08:43.775263406Z,2020-08-16T07:08:43.807531407Z,858 Y9HsnkOhsVZJ
2020-08-16T07:08:43.856506784Z,2020-08-16T07:08:43.881953207Z,859 SzrsTVESctD5
2020-08-16T07:08:43.937921003Z,2020-08-16T07:08:43.973796886Z,860 bEFVLpc5ACQQ
2020-08-16T07:08:44.019566218Z,2020-08-16T07:08:44.044103532Z,861 RWHi9OKjZkQ5
2020-08-16T07:08:44.100836365Z,2020-08-16T07:08:44.137456122Z,862 nWLgna6xzQCj
2020-08-16T07:08:44.182531212Z,2020-08-16T07:08:44.208733703Z,863 byhtNompzmid
2020-08-16T07:08:44.263250125Z,2020-08-16T07:08:44.293368529Z,864 aDAkQizoUanv
2020-08-16T07:08:44.345077784Z,2020-08-16T07:08:44.380639408Z,865 QNqqikW8yKDV
2020-08-16T07:08:44.426825900Z,2020-08-16T07:08:44.453704602Z,866 9SGdPLepz3Fb
2020-08-16T07:08:44.507644558Z,2020-08-16T07:08:44.533163599Z,867 JOQuiRGAjian
2020-08-16T07:08:44.588479815Z,2020-08-16T07:08:44.628643498Z,868 arUCfTrBQKtC
2020-08-16T07:08:44.669292427Z,2020-08-16T07:08:44.702053049Z,869 eoUIC1xz2Qqf
2020-08-16T07:08:44.749817573Z,2020-08-16T07:08:44.768007193Z,870 BIHdSuX7A1Aj
2020-08-16T07:08:44.831231512Z,2020-08-16T07:08:44.869903951Z,871 Qa1rieNqtMlY
2020-08-16T07:08:44.912187580Z,2020-08-16T07:08:44.938388888Z,872 as3wtk0u7hny
2020-08-16T07:08:44.993023993Z,2020-08-16T07:08:45.043050931Z,873 0ro5XUnBFeE3
2020-08-16T07:08:45.074857477Z,2020-08-16T07:08:45.115128170Z,874 FYj5uTOS1Q8E
2020-08-16T07:08:45.157454758Z,2020-08-16T07:08:45.185985233Z,875 IKm35Rh1p30j
2020-08-16T07:08:45.238993399Z,2020-08-16T07:08:45.265300599Z,876 QiCuOT7Ov0df
2020-08-16T07:08:45.320732799Z,2020-08-16T07:08:45.352563729Z,877 nYMQpA97mOoh
2020-08-16T07:08:45.402482600Z,2020-08-16T07:08:45.446320453Z,878 E69BQOtMIIF1
2020-08-16T07:08:45.483530283Z,2020-08-16T07:08:45.516373453Z,879 v6PMZT44hIBJ
2020-08-16T07:08:45.564064022Z,2020-08-16T07:08:45.590649874Z,880 W8xcy7d9vzUS
2020-08-16T07:08:45.645792429Z,2020-08-16T07:08:45.690450772Z,881 iJTJQ7veZdWy
2020-08-16T07:08:45.726691440Z,2020-08-16T07:08:45.772072274Z,882 n9x4dEz1VlAY
2020-08-16T07:08:45.807526862Z,2020-08-16T07:08:45.841428721Z,883 w4BZ49S9owGR
2020-08-16T07:08:45.888202887Z,2020-08-16T07:08:45.924802958Z,884 ztfdXlUeZvuE
2020-08-16T07:08:45.970069292Z,2020-08-16T07:08:45.994619127Z,885 LvgGkT7PMhII
2020-08-16T07:08:46.051222874Z,2020-08-16T07:08:46.089685025Z,886 ebd2XIuqVaox
2020-08-16T07:08:46.132924449Z,2020-08-16T07:08:46.173091696Z,887 k3QcrdAzq0xu
2020-08-16T07:08:46.214841811Z,2020-08-16T07:08:46.247550792Z,888 BLccOLaWW2gM
2020-08-16T07:08:46.296299004Z,2020-08-16T07:08:46.322772327Z,889 YBEgJCDaXJzK
2020-08-16T07:08:46.378209159Z,2020-08-16T07:08:46.399430678Z,890 MwIFgZPflV7R
2020-08-16T07:08:46.459701195Z,2020-08-16T07:08:46.470314999Z,891 se5DeKjLNrHl
2020-08-16T07:08:46.541088569Z,2020-08-16T07:08:46.579393248Z,892 GOYZjJM1HihU
2020-08-16T07:08:46.622943094Z,2020-08-16T07:08:46.667541092Z,893 TLwrUUc79sCg
2020-08-16T07:08:46.704922325Z,2020-08-16T07:08:46.741393599Z,894 3vA7XPHNDTp9
2020-08-16T07:08:46.786820896Z,2020-08-16T07:08:46.813510295Z,895 R0a6Fjm764Yn
2020-08-16T07:08:46.868247414Z,2020-08-16T07:08:46.892422468Z,896 8OFrh1EBHb8p
2020-08-16T07:08:46.949496793Z,2020-08-16T07:08:46.975431932Z,897 yRUffwkfEQbs
2020-08-16T07:08:47.030461167Z,2020-08-16T07:08:47.053385655Z,898 yCZPsrMTF6Oe
2020-08-16T07:08:47.111724936Z,2020-08-16T07:08:47.136339043Z,899 pZ3OsXN7l48Y
2020-08-16T07:08:47.192390861Z,2020-08-16T07:08:47.206069410Z,900 HZyPIPC2FtQb
2020-08-16T07:08:47.273591517Z,2020-08-16T07:08:47.284115437Z,901 UZjm5fXJa92t
2020-08-16T07:08:47.354557755Z,2020-08-16T07:08:47.375999503Z,902 mobwrVjEJDHr
2020-08-16T07:08:47.436258918Z,2020-08-16T07:08:47.460131763Z,903 N3OLAjWgM1j7
2020-08-16T07:08:47.517855992Z,2020-08-16T07:08:47.532084049Z,904 77XnGSTpyDrD
2020-08-16T07:08:47.600179813Z,2020-08-16T07:08:47.636568096Z,905 RiIqQDCCxGC1
2020-08-16T07:08:47.681450763Z,2020-08-16T07:08:47.708914349Z,906 Bluh2QVkCRDV
2020-08-16T07:08:47.762404274Z,2020-08-16T07:08:47.785977711Z,907 yB2Xgz9D96Gv
2020-08-16T07:08:47.843958536Z,2020-08-16T07:08:47.866954749Z,908 24ShKI5u4KdC
2020-08-16T07:08:47.925991754Z,2020-08-16T07:08:47.952213080Z,909 khlUHPFES9gT
2020-08-16T07:08:48.007302721Z,2020-08-16T07:08:48.035535997Z,910 zuZCUmytfxOi
2020-08-16T07:08:48.088404356Z,2020-08-16T07:08:48.106545221Z,911 3r1srQDLDR84
2020-08-16T07:08:48.169613013Z,2020-08-16T07:08:48.275109593Z,912 51ewdoZvfTXc
2020-08-16T07:08:48.250405299Z,2020-08-16T07:08:48.348684999Z,913 myJYsvxzb9gK
2020-08-16T07:08:48.331230250Z,2020-08-16T07:08:48.420862026Z,914 er4MM9TTRuAn
2020-08-16T07:08:48.412870395Z,2020-08-16T07:08:48.491806779Z,915 tbO5BSIt0ADY
2020-08-16T07:08:48.494144859Z,2020-08-16T07:08:48.563336794Z,916 YuTdbXpR4Wr0
2020-08-16T07:08:48.575320328Z,2020-08-16T07:08:48.636817319Z,917 PxWYU20i1uOM
2020-08-16T07:08:48.657196291Z,2020-08-16T07:08:48.709870112Z,918 UnXK2ESW6GfR
2020-08-16T07:08:48.739220812Z,2020-08-16T07:08:48.783209458Z,919 vFUC6XThY0sh
2020-08-16T07:08:48.819970155Z,2020-08-16T07:08:48.855743456Z,920 COg49TqmfMzo
2020-08-16T07:08:48.901620029Z,2020-08-16T07:08:48.947790470Z,921 f1az4jbdQiUS
2020-08-16T07:08:48.981950973Z,2020-08-16T07:08:49.033598610Z,922 zFV0RbM4QI6c
2020-08-16T07:08:49.063657176Z,2020-08-16T07:08:49.104034260Z,923 SDB6ZcXolYUx
2020-08-16T07:08:49.144543314Z,2020-08-16T07:08:49.175228820Z,924 ZOXmso2GbgWC
2020-08-16T07:08:49.225392481Z,2020-08-16T07:08:49.252642344Z,925 YHo1jp2ERQ9C
2020-08-16T07:08:49.306490685Z,2020-08-16T07:08:49.328163442Z,926 rZ479RTFixaD
2020-08-16T07:08:49.387734041Z,2020-08-16T07:08:49.416704807Z,927 bAHaGCyX5COD
2020-08-16T07:08:49.468345650Z,2020-08-16T07:08:49.489251351Z,928 Ln2Ll8X8iPaM
2020-08-16T07:08:49.549670057Z,2020-08-16T07:08:49.576644697Z,929 6J9hMtKFZKbz
2020-08-16T07:08:49.630371560Z,2020-08-16T07:08:49.656167015Z,930 2mQ0CC1hIipE
2020-08-16T07:08:49.711726649Z,2020-08-16T07:08:49.725187567Z,931 DeOCPT9BTCYW
2020-08-16T07:08:49.793218619Z,2020-08-16T07:08:49.836810166Z,932 BRp8wR040e1V
2020-08-16T07:08:49.874524551Z,2020-08-16T07:08:49.909080561Z,933 lr5vGBWVfKk8
2020-08-16T07:08:49.955753267Z,2020-08-16T07:08:49.981358571Z,934 c7dd8hWGupe4
2020-08-16T07:08:50.036191120Z,2020-08-16T07:08:50.064084859Z,935 3ffBpDqR9Vg8
2020-08-16T07:08:50.118080705Z,2020-08-16T07:08:50.156331745Z,936 meijkD665Vvt
2020-08-16T07:08:50.199334311Z,2020-08-16T07:08:50.227770960Z,937 Tz2pxRL2hbiA
2020-08-16T07:08:50.280025899Z,2020-08-16T07:08:50.301471244Z,938 ifrdOH7Dbpxj
2020-08-16T07:08:50.361346727Z,2020-08-16T07:08:50.385859381Z,939 pERhtepgon5d
2020-08-16T07:08:50.442534613Z,2020-08-16T07:08:50.467780341Z,940 9iXcuBLk6VXY
2020-08-16T07:08:50.523406897Z,2020-08-16T07:08:50.543085961Z,941 ib0OYzItfdyA
2020-08-16T07:08:50.604821974Z,2020-08-16T07:08:50.618177443Z,942 DfZvAVOfsKwG
2020-08-16T07:08:50.685747110Z,2020-08-16T07:08:50.715493574Z,943 G4VuDVeHNfuA
2020-08-16T07:08:50.766469622Z,2020-08-16T07:08:50.786648624Z,944 0IzDryUWgK34
2020-08-16T07:08:50.847992340Z,2020-08-16T07:08:50.856472921Z,945 soOmuY5R523k
2020-08-16T07:08:50.929729314Z,2020-08-16T07:08:50.956287298Z,946 tuS9wMiHKHsY
2020-08-16T07:08:51.010410226Z,2020-08-16T07:08:51.027237158Z,947 28MkjPXxd7Vi
2020-08-16T07:08:51.091061500Z,2020-08-16T07:08:51.107700177Z,948 UT3f79dq2Wyk
2020-08-16T07:08:51.172145533Z,2020-08-16T07:08:51.198481632Z,949 qExizogTjudd
2020-08-16T07:08:51.253659014Z,2020-08-16T07:08:51.276163171Z,950 xid6sGsF8ODG
2020-08-16T07:08:51.334762603Z,2020-08-16T07:08:51.342905426Z,951 ahwSk58L2EM5
2020-08-16T07:08:51.415992402Z,2020-08-16T07:08:51.434751706Z,952 qzlRMCnaAV7N
2020-08-16T07:08:51.496207203Z,2020-08-16T07:08:51.520382873Z,953 MEkuxlGcKLMm
2020-08-16T07:08:51.577109848Z,2020-08-16T07:08:51.590200676Z,954 U5uZ1JLiVqjY
2020-08-16T07:08:51.658460668Z,2020-08-16T07:08:51.693650268Z,955 fJWyJOifqmfd
2020-08-16T07:08:51.739675082Z,2020-08-16T07:08:51.759801886Z,956 5Iv9IjEfme9f
2020-08-16T07:08:51.821148673Z,2020-08-16T07:08:51.828054255Z,957 cLKOWMLe2DNN
2020-08-16T07:08:51.902479055Z,2020-08-16T07:08:51.931101712Z,958 7k39DbUX0SNy
2020-08-16T07:08:51.983145533Z,2020-08-16T07:08:52.005528192Z,959 2d1lqtaXoTyM
2020-08-16T07:08:52.064591582Z,2020-08-16T07:08:52.102572775Z,960 33R16xkGvUi5
2020-08-16T07:08:52.145502156Z,2020-08-16T07:08:52.171170274Z,961 KAnAHX7IrDM6
2020-08-16T07:08:52.226358671Z,2020-08-16T07:08:52.263087695Z,962 ssw4bmwAXek4
2020-08-16T07:08:52.307530666Z,2020-08-16T07:08:52.346082590Z,963 jJu712z1JANF
2020-08-16T07:08:52.388810247Z,2020-08-16T07:08:52.417075001Z,964 L7SXX538YT21
2020-08-16T07:08:52.470699076Z,2020-08-16T07:08:52.504596822Z,965 W4fEDKlxvvn0
2020-08-16T07:08:52.551860667Z,2020-08-16T07:08:52.573173590Z,966 dhWHDDxAmAYE
2020-08-16T07:08:52.633533845Z,2020-08-16T07:08:52.646298475Z,967 sNDuPbBCxOXM
2020-08-16T07:08:52.714996598Z,2020-08-16T07:08:52.743011805Z,968 NZj1d5VbuaPB
2020-08-16T07:08:52.796102962Z,2020-08-16T07:08:52.841975232Z,969 yGFMODAwd4Wb
2020-08-16T07:08:52.877641040Z,2020-08-16T07:08:52.913399828Z,970 afdSfVfeNDCP
2020-08-16T07:08:52.959689801Z,2020-08-16T07:08:53.004455043Z,971 RuJ1Ek8trZ80
2020-08-16T07:08:53.040300636Z,2020-08-16T07:08:53.075117373Z,972 urulzQok1He0
2020-08-16T07:08:53.121218293Z,2020-08-16T07:08:53.145566402Z,973 SKCKAUEUnrdL
2020-08-16T07:08:53.202385291Z,2020-08-16T07:08:53.224039543Z,974 h0gfHFFtGXWM
2020-08-16T07:08:53.283245327Z,2020-08-16T07:08:53.329789892Z,975 kI0sPkbd5vhF
2020-08-16T07:08:53.363902169Z,2020-08-16T07:08:53.401262737Z,976 TFrdOoHh3eym
2020-08-16T07:08:53.445999522Z,2020-08-16T07:08:53.472637393Z,977 Pm1NiSMJp6qY
2020-08-16T07:08:53.528227387Z,2020-08-16T07:08:53.557217282Z,978 gKhPUYRAKGaa
2020-08-16T07:08:53.609590910Z,2020-08-16T07:08:53.627593329Z,979 PIpOTXEQkuAc
2020-08-16T07:08:53.691096215Z,2020-08-16T07:08:53.706722610Z,980 F8t5Dyn2xUme
2020-08-16T07:08:53.773322547Z,2020-08-16T07:08:53.787253261Z,981 RyRlc6s7E9R7
2020-08-16T07:08:53.854970836Z,2020-08-16T07:08:53.874945687Z,982 ham3M24tP8Wr
2020-08-16T07:08:53.936646293Z,2020-08-16T07:08:53.952435263Z,983 7DZC1UFA2jHv
2020-08-16T07:08:54.017429005Z,2020-08-16T07:08:54.047800072Z,984 iLvgFAQyrPJx
2020-08-16T07:08:54.099007101Z,2020-08-16T07:08:54.117360787Z,985 PnGhSrTAKVSq
2020-08-16T07:08:54.180382931Z,2020-08-16T07:08:54.204794028Z,986 HaSLAuL7ZkAe
2020-08-16T07:08:54.261877037Z,2020-08-16T07:08:54.277386347Z,987 QgAdCS4kjDW4
2020-08-16T07:08:54.343564643Z,2020-08-16T07:08:54.436332582Z,988 KmXGFNxdn1CS
2020-08-16T07:08:54.424607671Z,2020-08-16T07:08:54.506966317Z,989 auyqXsKAWalV
2020-08-16T07:08:54.505582812Z,2020-08-16T07:08:54.630994554Z,990 T07w3X7zqSkg
2020-08-16T07:08:54.586903897Z,2020-08-16T07:08:54.751401931Z,991 l36xe9MhnrXV
2020-08-16T07:08:54.668866581Z,2020-08-16T07:08:54.821717993Z,992 sZV1SnxN3WM2
2020-08-16T07:08:54.751150592Z,2020-08-16T07:08:54.891743335Z,993 Bwa5wqusHUtE
2020-08-16T07:08:54.832972160Z,2020-08-16T07:08:54.963501395Z,994 1sUeKnyRd4J8
2020-08-16T07:08:54.914591605Z,2020-08-16T07:08:55.033144260Z,995 bqNnQLvEuVHi
2020-08-16T07:08:54.994949321Z,2020-08-16T07:08:55.105404295Z,996 sispgrMry6nw
2020-08-16T07:08:55.076358152Z,2020-08-16T07:08:55.176458254Z,997 GnAeTyvTv1cR
2020-08-16T07:08:55.157908703Z,2020-08-16T07:08:55.246609388Z,998 Otk94S87G7pE
2020-08-16T07:08:55.239905420Z,2020-08-16T07:08:55.318877056Z,999 xGF9HjCvWffd
