2020-08-17T04:18:06.034162844Z  [2020-08-17T04:18:06Z INFO  dt_client_bytes] Starting client. Host at mqtt-broker:1883
2020-08-17T04:18:06.034206111Z  [2020-08-17T04:18:06Z INFO  dt_client_bytes] Thread of topic 38162cb0-e585-43d7-b55d-5c240b2bfb7c/3142192f-6bae-4f12-a6f3-5464dc37e790/d0a71d84-b80f-4558-beac-8887750652e3
2020-08-17T04:18:06.034220879Z  [2020-08-17T04:18:06Z INFO  dt_client_bytes] 0::38162cb0-e585-43d7-b55d-5c240b2bfb7c/3142192f-6bae-4f12-a6f3-5464dc37e790/d0a71d84-b80f-4558-beac-8887750652e3 "0 PYTwbw4FU8RE7UYQRro1bel5pADyWxLc5oNaHKn1IF2nsLcIu9c1FN8e5NMbyx"
2020-08-17T04:18:06.044841795Z  [2020-08-17T04:18:06Z INFO  dt_client_bytes] 1::38162cb0-e585-43d7-b55d-5c240b2bfb7c/3142192f-6bae-4f12-a6f3-5464dc37e790/d0a71d84-b80f-4558-beac-8887750652e3 "1 bAOjfZnT0mSFCsmZuNw4Ahmq9TjgA4WMkvLK3EO1p2KPezrEabfUYPr887BSnH"
2020-08-17T04:18:06.056106720Z  [2020-08-17T04:18:06Z INFO  dt_client_bytes] 2::38162cb0-e585-43d7-b55d-5c240b2bfb7c/3142192f-6bae-4f12-a6f3-5464dc37e790/d0a71d84-b80f-4558-beac-8887750652e3 "2 Xjg0cqvC1Znz3fiZbsgrGMyrMoBF43b2yTRAvgMiKlnGva67VKhsgMtemjUogQ"
2020-08-17T04:18:06.067376599Z  [2020-08-17T04:18:06Z INFO  dt_client_bytes] 3::38162cb0-e585-43d7-b55d-5c240b2bfb7c/3142192f-6bae-4f12-a6f3-5464dc37e790/d0a71d84-b80f-4558-beac-8887750652e3 "3 KYTNKRWcOl9e6wMfAp5UCR3eyHhGhShVhTpJ0zOvNh1yrySYyLXiRnyD7wq00l"
2020-08-17T04:18:06.078660438Z  [2020-08-17T04:18:06Z INFO  dt_client_bytes] 4::38162cb0-e585-43d7-b55d-5c240b2bfb7c/3142192f-6bae-4f12-a6f3-5464dc37e790/d0a71d84-b80f-4558-beac-8887750652e3 "4 DMeSkxSzFlkOd3iGxLGEeBUz1fhnPd7I2V2OO8sISrgATIWE57rOSoTicLXK1m"
2020-08-17T04:18:06.089928943Z  [2020-08-17T04:18:06Z INFO  dt_client_bytes] 5::38162cb0-e585-43d7-b55d-5c240b2bfb7c/3142192f-6bae-4f12-a6f3-5464dc37e790/d0a71d84-b80f-4558-beac-8887750652e3 "5 0CuyM0rXj0H8N3Rirjzhp9qVrc5Eaa9RZuIol1tutoQJMYXYDRphHP9WmbdCV2"
2020-08-17T04:18:06.102701578Z  [2020-08-17T04:18:06Z INFO  dt_client_bytes] 6::38162cb0-e585-43d7-b55d-5c240b2bfb7c/3142192f-6bae-4f12-a6f3-5464dc37e790/d0a71d84-b80f-4558-beac-8887750652e3 "6 Ef0lAmLGAaJoQbalVgK7rOXgu54S3R3fs6lquz0OWbZ3AqguP8ARqVZypDGxEt"
2020-08-17T04:18:06.112362224Z  [2020-08-17T04:18:06Z INFO  dt_client_bytes] 7::38162cb0-e585-43d7-b55d-5c240b2bfb7c/3142192f-6bae-4f12-a6f3-5464dc37e790/d0a71d84-b80f-4558-beac-8887750652e3 "7 LE0eNnx0CKnSr4xU0WitlGKE2yGG9M8cYCRFdyS966dbqYbYaOKDDEuA8GGb50"
2020-08-17T04:18:06.123613196Z  [2020-08-17T04:18:06Z INFO  dt_client_bytes] 8::38162cb0-e585-43d7-b55d-5c240b2bfb7c/3142192f-6bae-4f12-a6f3-5464dc37e790/d0a71d84-b80f-4558-beac-8887750652e3 "8 wGlyRKCDPXhwqlsdKfku7xVB1NxOhs5qQ9N8VWC8CPBttCXYeBCKbFG6zpn2vH"
2020-08-17T04:18:06.134072319Z  [2020-08-17T04:18:06Z INFO  dt_client_bytes] 9::38162cb0-e585-43d7-b55d-5c240b2bfb7c/3142192f-6bae-4f12-a6f3-5464dc37e790/d0a71d84-b80f-4558-beac-8887750652e3 "9 7C5Nu4x2ltzpXi4zMhukx1MNEApBWEAeWnrJ2iTa79nPwxboGeSs4fWzT9eyLF"
2020-08-17T04:18:06.145165933Z  [2020-08-17T04:18:06Z INFO  dt_client_bytes] 10::38162cb0-e585-43d7-b55d-5c240b2bfb7c/3142192f-6bae-4f12-a6f3-5464dc37e790/d0a71d84-b80f-4558-beac-8887750652e3 "10 eYqZQspRiiPplAT9hTa0JYjg2TGYzjUd910SgjacInFMTEr0HpPrW8Kj2Lkdw"
2020-08-17T04:18:06.156492070Z  [2020-08-17T04:18:06Z INFO  dt_client_bytes] 11::38162cb0-e585-43d7-b55d-5c240b2bfb7c/3142192f-6bae-4f12-a6f3-5464dc37e790/d0a71d84-b80f-4558-beac-8887750652e3 "11 0uZ07DpU8tGqixczOGBwW0ytND9rQHkomj9natNuCXJU5iMCxjXS7pojInBcL"
2020-08-17T04:18:06.170234363Z  [2020-08-17T04:18:06Z INFO  dt_client_bytes] 12::38162cb0-e585-43d7-b55d-5c240b2bfb7c/3142192f-6bae-4f12-a6f3-5464dc37e790/d0a71d84-b80f-4558-beac-8887750652e3 "12 tkE6b9UreqC3McZp4zq4WbNeNjra5qsd14zu2m0pCYCt6PaaqfwLnwohIKHEv"
2020-08-17T04:18:06.180774956Z  [2020-08-17T04:18:06Z INFO  dt_client_bytes] 13::38162cb0-e585-43d7-b55d-5c240b2bfb7c/3142192f-6bae-4f12-a6f3-5464dc37e790/d0a71d84-b80f-4558-beac-8887750652e3 "13 hVdbNeTkeNTvyx1pv4DUHoLEn9kt7EAWr96JRV1gmxZzaMi3MMMwVyqGlU4u7"
2020-08-17T04:18:06.192241745Z  [2020-08-17T04:18:06Z INFO  dt_client_bytes] 14::38162cb0-e585-43d7-b55d-5c240b2bfb7c/3142192f-6bae-4f12-a6f3-5464dc37e790/d0a71d84-b80f-4558-beac-8887750652e3 "14 H3sPH4f0u3TJB5aDuHUYJXuwKnEmDiuE3JAwT0pCzkFKj2QUmYRFNRun9izw5"
2020-08-17T04:18:06.203350399Z  [2020-08-17T04:18:06Z INFO  dt_client_bytes] 15::38162cb0-e585-43d7-b55d-5c240b2bfb7c/3142192f-6bae-4f12-a6f3-5464dc37e790/d0a71d84-b80f-4558-beac-8887750652e3 "15 G4rpNY6ujqRTNDsBAwAyXNlz2SqdtqbfQoLxu0Jn6pvyU0IsTWWv1D9nmG8bu"
2020-08-17T04:18:06.214360933Z  [2020-08-17T04:18:06Z INFO  dt_client_bytes] 16::38162cb0-e585-43d7-b55d-5c240b2bfb7c/3142192f-6bae-4f12-a6f3-5464dc37e790/d0a71d84-b80f-4558-beac-8887750652e3 "16 m2KsOacGJbSDx9bfskqvC70K1Z56FaLXvEaSspgcQ4xt3epE4zmqiFepAuxvy"
2020-08-17T04:18:06.223719961Z  [2020-08-17T04:18:06Z INFO  dt_client_bytes] Publish 1
2020-08-17T04:18:06.224534708Z  [2020-08-17T04:18:06Z INFO  dt_client_bytes] Publish 2
2020-08-17T04:18:06.225723430Z  [2020-08-17T04:18:06Z INFO  dt_client_bytes] Publish 3
2020-08-17T04:18:06.225748810Z  [2020-08-17T04:18:06Z INFO  dt_client_bytes] 17::38162cb0-e585-43d7-b55d-5c240b2bfb7c/3142192f-6bae-4f12-a6f3-5464dc37e790/d0a71d84-b80f-4558-beac-8887750652e3 "17 KmLwOyplFc71o2ja9ukeijaRLAJAdlBzKqjadpRHCJT79eJat8WVx0DUAXV0Y"
2020-08-17T04:18:06.227266757Z  [2020-08-17T04:18:06Z INFO  dt_client_bytes] Publish 4
2020-08-17T04:18:06.228585211Z  [2020-08-17T04:18:06Z INFO  dt_client_bytes] Publish 5
2020-08-17T04:18:06.229898057Z  [2020-08-17T04:18:06Z INFO  dt_client_bytes] Publish 6
2020-08-17T04:18:06.232537157Z  [2020-08-17T04:18:06Z INFO  dt_client_bytes] Publish 7
2020-08-17T04:18:06.232558770Z  [2020-08-17T04:18:06Z INFO  dt_client_bytes] Publish 8
2020-08-17T04:18:06.233919733Z  [2020-08-17T04:18:06Z INFO  dt_client_bytes] Publish 9
2020-08-17T04:18:06.235428786Z  [2020-08-17T04:18:06Z INFO  dt_client_bytes] Publish 10
2020-08-17T04:18:06.236775345Z  [2020-08-17T04:18:06Z INFO  dt_client_bytes] Publish 11
2020-08-17T04:18:06.236793991Z  [2020-08-17T04:18:06Z INFO  dt_client_bytes] Publish 12
2020-08-17T04:18:06.236806581Z  [2020-08-17T04:18:06Z INFO  dt_client_bytes] 18::38162cb0-e585-43d7-b55d-5c240b2bfb7c/3142192f-6bae-4f12-a6f3-5464dc37e790/d0a71d84-b80f-4558-beac-8887750652e3 "18 gMcNpFYhjHmRjZhhBb5kYoAdcs2BYaJxFQPdWnFEgKqUmcjFrinvLsJFjteSV"
2020-08-17T04:18:06.238168207Z  [2020-08-17T04:18:06Z INFO  dt_client_bytes] Publish 13
2020-08-17T04:18:06.239500613Z  [2020-08-17T04:18:06Z INFO  dt_client_bytes] Publish 14
2020-08-17T04:18:06.240765615Z  [2020-08-17T04:18:06Z INFO  dt_client_bytes] Publish 15
2020-08-17T04:18:06.242087289Z  [2020-08-17T04:18:06Z INFO  dt_client_bytes] Publish 16
2020-08-17T04:18:06.243897989Z  [2020-08-17T04:18:06Z INFO  dt_client_bytes] Publish 17
2020-08-17T04:18:06.244573042Z  [2020-08-17T04:18:06Z INFO  dt_client_bytes] Publish 18
2020-08-17T04:18:06.245697400Z  [2020-08-17T04:18:06Z INFO  dt_client_bytes] Publish 19
2020-08-17T04:18:06.250009864Z  [2020-08-17T04:18:06Z INFO  dt_client_bytes] 19::38162cb0-e585-43d7-b55d-5c240b2bfb7c/3142192f-6bae-4f12-a6f3-5464dc37e790/d0a71d84-b80f-4558-beac-8887750652e3 "19 TIo9T3G3te2Tf4PizYFAXbKIdmB6DpqvNskWGrqqkvQ3j7gQDVl4Sw7cnmNSb"
2020-08-17T04:18:06.250029802Z  [2020-08-17T04:18:06Z INFO  dt_client_bytes] Publish 20
2020-08-17T04:18:06.261651222Z  [2020-08-17T04:18:06Z INFO  dt_client_bytes] 20::38162cb0-e585-43d7-b55d-5c240b2bfb7c/3142192f-6bae-4f12-a6f3-5464dc37e790/d0a71d84-b80f-4558-beac-8887750652e3 "20 4NOXNUCjWLnwDsQzDdpMfI6uZII5zYvVXnhfR3218lWclp01qfw2O03SmvS7w"
2020-08-17T04:18:06.261671272Z  [2020-08-17T04:18:06Z INFO  dt_client_bytes] Publish 21
2020-08-17T04:18:06.273315296Z  [2020-08-17T04:18:06Z INFO  dt_client_bytes] 21::38162cb0-e585-43d7-b55d-5c240b2bfb7c/3142192f-6bae-4f12-a6f3-5464dc37e790/d0a71d84-b80f-4558-beac-8887750652e3 "21 XHn7iD00kb6wDgCgJkPt7TxNPSyAgSq7BzRHnCzIpSFLcbp84mLQFbJ8aO5Al"
2020-08-17T04:18:06.273363188Z  [2020-08-17T04:18:06Z INFO  dt_client_bytes] Publish 22
2020-08-17T04:18:06.283906525Z  [2020-08-17T04:18:06Z INFO  dt_client_bytes] 22::38162cb0-e585-43d7-b55d-5c240b2bfb7c/3142192f-6bae-4f12-a6f3-5464dc37e790/d0a71d84-b80f-4558-beac-8887750652e3 "22 3AKs5et9eDeTne49PWonWYLU04hFPzaKcZQ5GEJTJ1uXgoDbRDfftznEip6DN"
2020-08-17T04:18:06.283952344Z  [2020-08-17T04:18:06Z INFO  dt_client_bytes] Publish 23
2020-08-17T04:18:06.295214631Z  [2020-08-17T04:18:06Z INFO  dt_client_bytes] 23::38162cb0-e585-43d7-b55d-5c240b2bfb7c/3142192f-6bae-4f12-a6f3-5464dc37e790/d0a71d84-b80f-4558-beac-8887750652e3 "23 hIe5ddWFVqkbXApSbDqhKJs0ZKddEvmdF4rfr7kIzHMnPpGQpbMkCtro4Ganp"
2020-08-17T04:18:06.295250624Z  [2020-08-17T04:18:06Z INFO  dt_client_bytes] Publish 24
2020-08-17T04:18:06.307044162Z  [2020-08-17T04:18:06Z INFO  dt_client_bytes] 24::38162cb0-e585-43d7-b55d-5c240b2bfb7c/3142192f-6bae-4f12-a6f3-5464dc37e790/d0a71d84-b80f-4558-beac-8887750652e3 "24 A2fUKPLmAuo5cwojfnRh46Br8ydi9TY0xV9qdJFDCLWezcUnwe4YwgS5DZ2AP"
2020-08-17T04:18:06.307091100Z  [2020-08-17T04:18:06Z INFO  dt_client_bytes] Publish 25
2020-08-17T04:18:06.322022878Z  [2020-08-17T04:18:06Z INFO  dt_client_bytes] 25::38162cb0-e585-43d7-b55d-5c240b2bfb7c/3142192f-6bae-4f12-a6f3-5464dc37e790/d0a71d84-b80f-4558-beac-8887750652e3 "25 YWyJfv3DYe8WFzp04oe8RX0wI3wj4F72aqkZOgBx3g6OvCOoXPIMtR5Xs3iKK"
2020-08-17T04:18:06.322076517Z  [2020-08-17T04:18:06Z INFO  dt_client_bytes] Publish 26
2020-08-17T04:18:06.323169678Z  [2020-08-17T04:18:06Z INFO  dt_client_bytes] PubAck { pkid: 1 }
2020-08-17T04:18:06.333284824Z  [2020-08-17T04:18:06Z INFO  dt_client_bytes] 26::38162cb0-e585-43d7-b55d-5c240b2bfb7c/3142192f-6bae-4f12-a6f3-5464dc37e790/d0a71d84-b80f-4558-beac-8887750652e3 "26 w2lMoNG1qGRhrG55FRU353FuYmTULWblRNUCD42WOm3AlcCN5vt49ZvLiX2Ev"
2020-08-17T04:18:06.333303465Z  [2020-08-17T04:18:06Z INFO  dt_client_bytes] Publish 27
2020-08-17T04:18:06.344008064Z  [2020-08-17T04:18:06Z INFO  dt_client_bytes] 27::38162cb0-e585-43d7-b55d-5c240b2bfb7c/3142192f-6bae-4f12-a6f3-5464dc37e790/d0a71d84-b80f-4558-beac-8887750652e3 "27 oRlvVeqzFNyv2jQI1pBjxWRoZTsFBoSwshGvzxi9VpX73veAYeqR3P4zbHDZQ"
2020-08-17T04:18:06.344038610Z  [2020-08-17T04:18:06Z INFO  dt_client_bytes] Publish 28
2020-08-17T04:18:06.354919436Z  [2020-08-17T04:18:06Z INFO  dt_client_bytes] 28::38162cb0-e585-43d7-b55d-5c240b2bfb7c/3142192f-6bae-4f12-a6f3-5464dc37e790/d0a71d84-b80f-4558-beac-8887750652e3 "28 W1ujaU9LmlMsH3mXAUGZNLgm7LOJ0H1pgc8DoUlQLKnMfkSBcWZapWPRnyCia"
2020-08-17T04:18:06.354983876Z  [2020-08-17T04:18:06Z INFO  dt_client_bytes] Publish 29
2020-08-17T04:18:06.366278952Z  [2020-08-17T04:18:06Z INFO  dt_client_bytes] 29::38162cb0-e585-43d7-b55d-5c240b2bfb7c/3142192f-6bae-4f12-a6f3-5464dc37e790/d0a71d84-b80f-4558-beac-8887750652e3 "29 ioSWRT9l4BsUK13qvjvebB6EAnOnv5Qf1DhPtsnheWjpbPrXSms9KiEgq4UU4"
2020-08-17T04:18:06.366343294Z  [2020-08-17T04:18:06Z INFO  dt_client_bytes] Publish 30
2020-08-17T04:18:06.377774681Z  [2020-08-17T04:18:06Z INFO  dt_client_bytes] 30::38162cb0-e585-43d7-b55d-5c240b2bfb7c/3142192f-6bae-4f12-a6f3-5464dc37e790/d0a71d84-b80f-4558-beac-8887750652e3 "30 ChJYolPkenj7begL25YSJXbEA3S2zHHZ0ePt7F4IvWWAtFPbzxjp0qZVpx2PF"
2020-08-17T04:18:06.377794896Z  [2020-08-17T04:18:06Z INFO  dt_client_bytes] Publish 31
2020-08-17T04:18:06.388873821Z  [2020-08-17T04:18:06Z INFO  dt_client_bytes] 31::38162cb0-e585-43d7-b55d-5c240b2bfb7c/3142192f-6bae-4f12-a6f3-5464dc37e790/d0a71d84-b80f-4558-beac-8887750652e3 "31 4VXZG6EYlw7q1nT6bu54FlC3m3GBZwBqMtVPHYXn6r2Ixn4npmVC9lRc22RgY"
2020-08-17T04:18:06.388902762Z  [2020-08-17T04:18:06Z INFO  dt_client_bytes] Publish 32
2020-08-17T04:18:06.399516323Z  [2020-08-17T04:18:06Z INFO  dt_client_bytes] 32::38162cb0-e585-43d7-b55d-5c240b2bfb7c/3142192f-6bae-4f12-a6f3-5464dc37e790/d0a71d84-b80f-4558-beac-8887750652e3 "32 mxuUKx5Na0MnTQykcNO9DDlg4chZIvAl4KMLeFuhDgF9Lm2W4obzZzP6kLwVu"
2020-08-17T04:18:06.400052673Z  [2020-08-17T04:18:06Z INFO  dt_client_bytes] Publish 33
2020-08-17T04:18:06.410037431Z  [2020-08-17T04:18:06Z INFO  dt_client_bytes] 33::38162cb0-e585-43d7-b55d-5c240b2bfb7c/3142192f-6bae-4f12-a6f3-5464dc37e790/d0a71d84-b80f-4558-beac-8887750652e3 "33 Ubm9KAroQBN9ITmpra4bqXYf9RBsEiIXMvmI8aQnab6AcPCaiMBLFjF7TUQAL"
2020-08-17T04:18:06.410106980Z  [2020-08-17T04:18:06Z INFO  dt_client_bytes] Publish 34
2020-08-17T04:18:06.421842867Z  [2020-08-17T04:18:06Z INFO  dt_client_bytes] 34::38162cb0-e585-43d7-b55d-5c240b2bfb7c/3142192f-6bae-4f12-a6f3-5464dc37e790/d0a71d84-b80f-4558-beac-8887750652e3 "34 s6h1giMCtezHi8GwzyBiGt0U7cxoQDMZJsyzbmBSZ8HgQ1EzybIklYFYAz805"
2020-08-17T04:18:06.421912693Z  [2020-08-17T04:18:06Z INFO  dt_client_bytes] Publish 35
2020-08-17T04:18:06.432976403Z  [2020-08-17T04:18:06Z INFO  dt_client_bytes] PubAck { pkid: 2 }
2020-08-17T04:18:06.433053358Z  [2020-08-17T04:18:06Z INFO  dt_client_bytes] 35::38162cb0-e585-43d7-b55d-5c240b2bfb7c/3142192f-6bae-4f12-a6f3-5464dc37e790/d0a71d84-b80f-4558-beac-8887750652e3 "35 CefdEWW9euNQVv2PIQiMag2j5taNzJSdklnQI2qNWKPoeWPTBjeRGXsEzp6pR"
2020-08-17T04:18:06.434209835Z  [2020-08-17T04:18:06Z INFO  dt_client_bytes] PubAck { pkid: 3 }
2020-08-17T04:18:06.436922354Z  [2020-08-17T04:18:06Z INFO  dt_client_bytes] PubAck { pkid: 4 }
2020-08-17T04:18:06.437108724Z  [2020-08-17T04:18:06Z INFO  dt_client_bytes] PubAck { pkid: 5 }
2020-08-17T04:18:06.437388015Z  [2020-08-17T04:18:06Z INFO  dt_client_bytes] Publish 36
2020-08-17T04:18:06.438701005Z  [2020-08-17T04:18:06Z INFO  dt_client_bytes] PubAck { pkid: 6 }
2020-08-17T04:18:06.439881615Z  [2020-08-17T04:18:06Z INFO  dt_client_bytes] PubAck { pkid: 7 }
2020-08-17T04:18:06.441196782Z  [2020-08-17T04:18:06Z INFO  dt_client_bytes] PubAck { pkid: 8 }
2020-08-17T04:18:06.442441769Z  [2020-08-17T04:18:06Z INFO  dt_client_bytes] PubAck { pkid: 9 }
2020-08-17T04:18:06.443586670Z  [2020-08-17T04:18:06Z INFO  dt_client_bytes] PubAck { pkid: 10 }
2020-08-17T04:18:06.443610672Z  [2020-08-17T04:18:06Z INFO  dt_client_bytes] 36::38162cb0-e585-43d7-b55d-5c240b2bfb7c/3142192f-6bae-4f12-a6f3-5464dc37e790/d0a71d84-b80f-4558-beac-8887750652e3 "36 B2LvGeEp8ec3hbzQYgGUtYe6L3plaB2e02DK4yYeVoK6zMnh6a36PvBHglTdt"
2020-08-17T04:18:06.444920942Z  [2020-08-17T04:18:06Z INFO  dt_client_bytes] PubAck { pkid: 11 }
2020-08-17T04:18:06.446073400Z  [2020-08-17T04:18:06Z INFO  dt_client_bytes] PubAck { pkid: 12 }
2020-08-17T04:18:06.447774417Z  [2020-08-17T04:18:06Z INFO  dt_client_bytes] PubAck { pkid: 13 }
2020-08-17T04:18:06.448375840Z  [2020-08-17T04:18:06Z INFO  dt_client_bytes] PubAck { pkid: 14 }
2020-08-17T04:18:06.449587415Z  [2020-08-17T04:18:06Z INFO  dt_client_bytes] PubAck { pkid: 15 }
2020-08-17T04:18:06.450716014Z  [2020-08-17T04:18:06Z INFO  dt_client_bytes] PubAck { pkid: 16 }
2020-08-17T04:18:06.451896659Z  [2020-08-17T04:18:06Z INFO  dt_client_bytes] PubAck { pkid: 17 }
2020-08-17T04:18:06.453068083Z  [2020-08-17T04:18:06Z INFO  dt_client_bytes] PubAck { pkid: 18 }
2020-08-17T04:18:06.454253597Z  [2020-08-17T04:18:06Z INFO  dt_client_bytes] PubAck { pkid: 19 }
2020-08-17T04:18:06.455581676Z  [2020-08-17T04:18:06Z INFO  dt_client_bytes] PubAck { pkid: 20 }
2020-08-17T04:18:06.455603776Z  [2020-08-17T04:18:06Z INFO  dt_client_bytes] 37::38162cb0-e585-43d7-b55d-5c240b2bfb7c/3142192f-6bae-4f12-a6f3-5464dc37e790/d0a71d84-b80f-4558-beac-8887750652e3 "37 nSOaEaLf6jj8MDo3ofBzup6DI5Bgl5ekHpxx3VYQLk5FTkwTZQt80za3zZbCE"
2020-08-17T04:18:06.455615230Z  [2020-08-17T04:18:06Z INFO  dt_client_bytes] PubAck { pkid: 21 }
2020-08-17T04:18:06.456709668Z  [2020-08-17T04:18:06Z INFO  dt_client_bytes] PubAck { pkid: 22 }
2020-08-17T04:18:06.457877715Z  [2020-08-17T04:18:06Z INFO  dt_client_bytes] PubAck { pkid: 23 }
2020-08-17T04:18:06.459411307Z  [2020-08-17T04:18:06Z INFO  dt_client_bytes] Publish 37
2020-08-17T04:18:06.460163109Z  [2020-08-17T04:18:06Z INFO  dt_client_bytes] Publish 38
2020-08-17T04:18:06.461333137Z  [2020-08-17T04:18:06Z INFO  dt_client_bytes] PubAck { pkid: 24 }
2020-08-17T04:18:06.466777206Z  [2020-08-17T04:18:06Z INFO  dt_client_bytes] 38::38162cb0-e585-43d7-b55d-5c240b2bfb7c/3142192f-6bae-4f12-a6f3-5464dc37e790/d0a71d84-b80f-4558-beac-8887750652e3 "38 53OhWg8kneUcYaVPsY3X6vY6xrMvf61YsEVApeNrj7ck4gz9CYpWeQNHs3dyI"
2020-08-17T04:18:06.466794638Z  [2020-08-17T04:18:06Z INFO  dt_client_bytes] Publish 39
2020-08-17T04:18:06.478171929Z  [2020-08-17T04:18:06Z INFO  dt_client_bytes] 39::38162cb0-e585-43d7-b55d-5c240b2bfb7c/3142192f-6bae-4f12-a6f3-5464dc37e790/d0a71d84-b80f-4558-beac-8887750652e3 "39 V4dLjIuX80lre8s3JQYzbkJxUEv657f3EvNbX19CSzZkoHEKAinZvbaFtfIBw"
2020-08-17T04:18:06.478238119Z  [2020-08-17T04:18:06Z INFO  dt_client_bytes] Publish 40
2020-08-17T04:18:06.490072487Z  [2020-08-17T04:18:06Z INFO  dt_client_bytes] 40::38162cb0-e585-43d7-b55d-5c240b2bfb7c/3142192f-6bae-4f12-a6f3-5464dc37e790/d0a71d84-b80f-4558-beac-8887750652e3 "40 20mzekBsTIH6YvXQMng3o1KP4zev5qScq2ZctuKbA7Iqzz44QcjqJH30a7Bos"
2020-08-17T04:18:06.490150315Z  [2020-08-17T04:18:06Z INFO  dt_client_bytes] Publish 41
2020-08-17T04:18:06.501820926Z  [2020-08-17T04:18:06Z INFO  dt_client_bytes] 41::38162cb0-e585-43d7-b55d-5c240b2bfb7c/3142192f-6bae-4f12-a6f3-5464dc37e790/d0a71d84-b80f-4558-beac-8887750652e3 "41 qX4hdf5N1mBsLavWVttO6bjVqDCRqfdLEmzt2i6mZ9EIt2G2iURFKzAcE9oka"
2020-08-17T04:18:06.501920118Z  [2020-08-17T04:18:06Z INFO  dt_client_bytes] Publish 42
2020-08-17T04:18:06.513840427Z  [2020-08-17T04:18:06Z INFO  dt_client_bytes] 42::38162cb0-e585-43d7-b55d-5c240b2bfb7c/3142192f-6bae-4f12-a6f3-5464dc37e790/d0a71d84-b80f-4558-beac-8887750652e3 "42 Ql7AcJxb06ORlRCayIvZNiuXhNINSU4y16Eqyq0d8KoxG5UwONQLHN1OruJV2"
2020-08-17T04:18:06.513898612Z  [2020-08-17T04:18:06Z INFO  dt_client_bytes] Publish 43
2020-08-17T04:18:06.515355602Z  [2020-08-17T04:18:06Z INFO  dt_client_bytes] PubAck { pkid: 25 }
2020-08-17T04:18:06.515766002Z  [2020-08-17T04:18:06Z INFO  dt_client_bytes] PubAck { pkid: 26 }
2020-08-17T04:18:06.516953463Z  [2020-08-17T04:18:06Z INFO  dt_client_bytes] PubAck { pkid: 27 }
2020-08-17T04:18:06.518114491Z  [2020-08-17T04:18:06Z INFO  dt_client_bytes] PubAck { pkid: 28 }
2020-08-17T04:18:06.519334860Z  [2020-08-17T04:18:06Z INFO  dt_client_bytes] PubAck { pkid: 29 }
2020-08-17T04:18:06.520541132Z  [2020-08-17T04:18:06Z INFO  dt_client_bytes] PubAck { pkid: 30 }
2020-08-17T04:18:06.520565418Z  [2020-08-17T04:18:06Z INFO  dt_client_bytes] PubAck { pkid: 31 }
2020-08-17T04:18:06.521731876Z  [2020-08-17T04:18:06Z INFO  dt_client_bytes] PubAck { pkid: 32 }
2020-08-17T04:18:06.523032902Z  [2020-08-17T04:18:06Z INFO  dt_client_bytes] PubAck { pkid: 33 }
2020-08-17T04:18:06.525792865Z  [2020-08-17T04:18:06Z INFO  dt_client_bytes] 43::38162cb0-e585-43d7-b55d-5c240b2bfb7c/3142192f-6bae-4f12-a6f3-5464dc37e790/d0a71d84-b80f-4558-beac-8887750652e3 "43 UtwsTGOzJEboh7xhjJMvzy5qjBBOEiH9Fj7Fj8kf5gl3KSl7djUyA6xwaYybl"
2020-08-17T04:18:06.525857838Z  [2020-08-17T04:18:06Z INFO  dt_client_bytes] Publish 44
2020-08-17T04:18:06.537272523Z  [2020-08-17T04:18:06Z INFO  dt_client_bytes] 44::38162cb0-e585-43d7-b55d-5c240b2bfb7c/3142192f-6bae-4f12-a6f3-5464dc37e790/d0a71d84-b80f-4558-beac-8887750652e3 "44 1ZaGVfxBCiXAkwarbJl570e6Q5N3AFfXme5ceYpRdiuLWXN2jRHnfLympuPYQ"
2020-08-17T04:18:06.537307407Z  [2020-08-17T04:18:06Z INFO  dt_client_bytes] Publish 45
2020-08-17T04:18:06.548013671Z  [2020-08-17T04:18:06Z INFO  dt_client_bytes] 45::38162cb0-e585-43d7-b55d-5c240b2bfb7c/3142192f-6bae-4f12-a6f3-5464dc37e790/d0a71d84-b80f-4558-beac-8887750652e3 "45 ZHh5h9doZw7AnIZjy8w7d58uYy3DQGmJaQZjkrihGKxaEHfmHzNAosDoXiZKO"
2020-08-17T04:18:06.548093631Z  [2020-08-17T04:18:06Z INFO  dt_client_bytes] Publish 46
2020-08-17T04:18:06.560412277Z  [2020-08-17T04:18:06Z INFO  dt_client_bytes] 46::38162cb0-e585-43d7-b55d-5c240b2bfb7c/3142192f-6bae-4f12-a6f3-5464dc37e790/d0a71d84-b80f-4558-beac-8887750652e3 "46 GUcFVuxhLXkqOOIB9T5eqGZw3BiFDj14EXrdX8eyNv68rxRw3bDcCOSD3cn0b"
2020-08-17T04:18:06.561275376Z  [2020-08-17T04:18:06Z INFO  dt_client_bytes] Publish 47
2020-08-17T04:18:06.572000452Z  [2020-08-17T04:18:06Z INFO  dt_client_bytes] 47::38162cb0-e585-43d7-b55d-5c240b2bfb7c/3142192f-6bae-4f12-a6f3-5464dc37e790/d0a71d84-b80f-4558-beac-8887750652e3 "47 SMU1oZIa4EJ99FCBhw5tBXLOq2pOtVsrOOCCMsIXT31KcZCNj6AL4sybJdR0E"
2020-08-17T04:18:06.572023066Z  [2020-08-17T04:18:06Z INFO  dt_client_bytes] Publish 48
2020-08-17T04:18:06.583697169Z  [2020-08-17T04:18:06Z INFO  dt_client_bytes] 48::38162cb0-e585-43d7-b55d-5c240b2bfb7c/3142192f-6bae-4f12-a6f3-5464dc37e790/d0a71d84-b80f-4558-beac-8887750652e3 "48 ppjtxfpXFWdXS9odXDj2QC8A8xtwv8fiVits0wCsZTZCWI4k0eD3wao8a5ife"
2020-08-17T04:18:06.583735120Z  [2020-08-17T04:18:06Z INFO  dt_client_bytes] Publish 49
2020-08-17T04:18:06.595411961Z  [2020-08-17T04:18:06Z INFO  dt_client_bytes] 49::38162cb0-e585-43d7-b55d-5c240b2bfb7c/3142192f-6bae-4f12-a6f3-5464dc37e790/d0a71d84-b80f-4558-beac-8887750652e3 "49 P06Ih0aLni8kzqiqsXayz4I44PMUPGFeE29XiHHknhnQR1qUCt95iF2AxV8ei"
2020-08-17T04:18:06.595427504Z  [2020-08-17T04:18:06Z INFO  dt_client_bytes] Publish 50
2020-08-17T04:18:06.607269692Z  [2020-08-17T04:18:06Z INFO  dt_client_bytes] 50::38162cb0-e585-43d7-b55d-5c240b2bfb7c/3142192f-6bae-4f12-a6f3-5464dc37e790/d0a71d84-b80f-4558-beac-8887750652e3 "50 4ROkb6IlrzaAzeMWYTQuTy5MUl6hUOngUpTAKyBZERwruXrfz28PawADTPPhR"
2020-08-17T04:18:06.607303615Z  [2020-08-17T04:18:06Z INFO  dt_client_bytes] Publish 51
2020-08-17T04:18:06.618074855Z  [2020-08-17T04:18:06Z INFO  dt_client_bytes] PubAck { pkid: 34 }
2020-08-17T04:18:06.618419153Z  [2020-08-17T04:18:06Z INFO  dt_client_bytes] 51::38162cb0-e585-43d7-b55d-5c240b2bfb7c/3142192f-6bae-4f12-a6f3-5464dc37e790/d0a71d84-b80f-4558-beac-8887750652e3 "51 mRh3NC3sCQmNVyB7gYwjEIFl16lagJlMJC9f8xGVwichToL0aWKgNI9uWe6cA"
2020-08-17T04:18:06.619328328Z  [2020-08-17T04:18:06Z INFO  dt_client_bytes] PubAck { pkid: 35 }
2020-08-17T04:18:06.620467100Z  [2020-08-17T04:18:06Z INFO  dt_client_bytes] Publish 52
2020-08-17T04:18:06.629001313Z  [2020-08-17T04:18:06Z INFO  dt_client_bytes] 52::38162cb0-e585-43d7-b55d-5c240b2bfb7c/3142192f-6bae-4f12-a6f3-5464dc37e790/d0a71d84-b80f-4558-beac-8887750652e3 "52 4r6reAsW5h0gICjL0e32drIaCJB6GOWOgxCet95tYX8kJy1eh3cjhZq8DZd5G"
2020-08-17T04:18:06.629027074Z  [2020-08-17T04:18:06Z INFO  dt_client_bytes] Publish 53
2020-08-17T04:18:06.640362042Z  [2020-08-17T04:18:06Z INFO  dt_client_bytes] 53::38162cb0-e585-43d7-b55d-5c240b2bfb7c/3142192f-6bae-4f12-a6f3-5464dc37e790/d0a71d84-b80f-4558-beac-8887750652e3 "53 7gEn181VhJNrIG3KgEuqGKyLhphqxkcXxhR1GkK6RkdA8N2AZ0gccGYF30EBd"
2020-08-17T04:18:06.640386299Z  [2020-08-17T04:18:06Z INFO  dt_client_bytes] Publish 54
2020-08-17T04:18:06.650841345Z  [2020-08-17T04:18:06Z INFO  dt_client_bytes] 54::38162cb0-e585-43d7-b55d-5c240b2bfb7c/3142192f-6bae-4f12-a6f3-5464dc37e790/d0a71d84-b80f-4558-beac-8887750652e3 "54 rHxIS5Z06QrrJW6V4KvNbCZTte7wS3EC3kQTtHZJyM90iLqOnzb8HXnd7qVTM"
2020-08-17T04:18:06.650865068Z  [2020-08-17T04:18:06Z INFO  dt_client_bytes] Publish 55
2020-08-17T04:18:06.662574060Z  [2020-08-17T04:18:06Z INFO  dt_client_bytes] 55::38162cb0-e585-43d7-b55d-5c240b2bfb7c/3142192f-6bae-4f12-a6f3-5464dc37e790/d0a71d84-b80f-4558-beac-8887750652e3 "55 iA0MoQykusq77cP2AXxDvDOfJVl2GKDPmSd2k2a78tvaWUuIWc2DYON0OhWjB"
2020-08-17T04:18:06.662658428Z  [2020-08-17T04:18:06Z INFO  dt_client_bytes] Publish 56
2020-08-17T04:18:06.673075695Z  [2020-08-17T04:18:06Z INFO  dt_client_bytes] 56::38162cb0-e585-43d7-b55d-5c240b2bfb7c/3142192f-6bae-4f12-a6f3-5464dc37e790/d0a71d84-b80f-4558-beac-8887750652e3 "56 ABD83vgpKuE4uldbDD6UItHsdBFhW28iTw638DYIS1M2px1FWZrlNd1ath1B9"
2020-08-17T04:18:06.673137472Z  [2020-08-17T04:18:06Z INFO  dt_client_bytes] Publish 57
2020-08-17T04:18:06.684409736Z  [2020-08-17T04:18:06Z INFO  dt_client_bytes] 57::38162cb0-e585-43d7-b55d-5c240b2bfb7c/3142192f-6bae-4f12-a6f3-5464dc37e790/d0a71d84-b80f-4558-beac-8887750652e3 "57 krSht4XcPoaNceWUSEPsCyryiBp5nJiqlxKCHffXHpSUOd32t7JV8N7Zx18RH"
2020-08-17T04:18:06.684479496Z  [2020-08-17T04:18:06Z INFO  dt_client_bytes] Publish 58
2020-08-17T04:18:06.695092608Z  [2020-08-17T04:18:06Z INFO  dt_client_bytes] 58::38162cb0-e585-43d7-b55d-5c240b2bfb7c/3142192f-6bae-4f12-a6f3-5464dc37e790/d0a71d84-b80f-4558-beac-8887750652e3 "58 M7jx3gCWfLLOdEk43ge09XoxwAaA791t95iJLW2514c9T4q75R9Qt4rCGVwuy"
2020-08-17T04:18:06.695244458Z  [2020-08-17T04:18:06Z INFO  dt_client_bytes] Publish 59
2020-08-17T04:18:06.706581709Z  [2020-08-17T04:18:06Z INFO  dt_client_bytes] 59::38162cb0-e585-43d7-b55d-5c240b2bfb7c/3142192f-6bae-4f12-a6f3-5464dc37e790/d0a71d84-b80f-4558-beac-8887750652e3 "59 AEY4Na53eAJA3Sygw6S8Xj2AZJSplaTsg5iSoqXcXpeDHun43W0d9JXFpOe6r"
2020-08-17T04:18:06.706630169Z  [2020-08-17T04:18:06Z INFO  dt_client_bytes] Publish 60
2020-08-17T04:18:06.718280695Z  [2020-08-17T04:18:06Z INFO  dt_client_bytes] 60::38162cb0-e585-43d7-b55d-5c240b2bfb7c/3142192f-6bae-4f12-a6f3-5464dc37e790/d0a71d84-b80f-4558-beac-8887750652e3 "60 hsPsDY5CuRJG3yE23ORALQ5y9ofPhLLQHbSDh1RCyUG51Vv1D3lXZaLfqLvZ8"
2020-08-17T04:18:06.718447540Z  [2020-08-17T04:18:06Z INFO  dt_client_bytes] Publish 61
2020-08-17T04:18:06.719477033Z  [2020-08-17T04:18:06Z INFO  dt_client_bytes] PubAck { pkid: 36 }
2020-08-17T04:18:06.720649729Z  [2020-08-17T04:18:06Z INFO  dt_client_bytes] PubAck { pkid: 37 }
2020-08-17T04:18:06.721762812Z  [2020-08-17T04:18:06Z INFO  dt_client_bytes] PubAck { pkid: 38 }
2020-08-17T04:18:06.722885453Z  [2020-08-17T04:18:06Z INFO  dt_client_bytes] PubAck { pkid: 39 }
2020-08-17T04:18:06.723975501Z  [2020-08-17T04:18:06Z INFO  dt_client_bytes] PubAck { pkid: 40 }
2020-08-17T04:18:06.725210029Z  [2020-08-17T04:18:06Z INFO  dt_client_bytes] PubAck { pkid: 41 }
2020-08-17T04:18:06.726380567Z  [2020-08-17T04:18:06Z INFO  dt_client_bytes] PubAck { pkid: 42 }
2020-08-17T04:18:06.727659113Z  [2020-08-17T04:18:06Z INFO  dt_client_bytes] PubAck { pkid: 43 }
2020-08-17T04:18:06.728883109Z  [2020-08-17T04:18:06Z INFO  dt_client_bytes] PubAck { pkid: 44 }
2020-08-17T04:18:06.728906853Z  [2020-08-17T04:18:06Z INFO  dt_client_bytes] 61::38162cb0-e585-43d7-b55d-5c240b2bfb7c/3142192f-6bae-4f12-a6f3-5464dc37e790/d0a71d84-b80f-4558-beac-8887750652e3 "61 dZERxIuEYQ8tp4XZ1bHxOrqqjkvPNch2FKSQ4QS7n5bM23ZbQupuhpQGH6peQ"
2020-08-17T04:18:06.730107116Z  [2020-08-17T04:18:06Z INFO  dt_client_bytes] PubAck { pkid: 45 }
2020-08-17T04:18:06.731385187Z  [2020-08-17T04:18:06Z INFO  dt_client_bytes] PubAck { pkid: 46 }
2020-08-17T04:18:06.732845245Z  [2020-08-17T04:18:06Z INFO  dt_client_bytes] PubAck { pkid: 47 }
2020-08-17T04:18:06.733746101Z  [2020-08-17T04:18:06Z INFO  dt_client_bytes] PubAck { pkid: 48 }
2020-08-17T04:18:06.734905780Z  [2020-08-17T04:18:06Z INFO  dt_client_bytes] PubAck { pkid: 49 }
2020-08-17T04:18:06.736073706Z  [2020-08-17T04:18:06Z INFO  dt_client_bytes] PubAck { pkid: 50 }
2020-08-17T04:18:06.737291733Z  [2020-08-17T04:18:06Z INFO  dt_client_bytes] Publish 62
2020-08-17T04:18:06.741151824Z  [2020-08-17T04:18:06Z INFO  dt_client_bytes] 62::38162cb0-e585-43d7-b55d-5c240b2bfb7c/3142192f-6bae-4f12-a6f3-5464dc37e790/d0a71d84-b80f-4558-beac-8887750652e3 "62 zY6xh0efhDFAiQOiIljIJmsuDzdpZiV8IB8Ed65gkYNGozUP7FmOi7n28tgEy"
2020-08-17T04:18:06.741209658Z  [2020-08-17T04:18:06Z INFO  dt_client_bytes] Publish 63
2020-08-17T04:18:06.752807325Z  [2020-08-17T04:18:06Z INFO  dt_client_bytes] 63::38162cb0-e585-43d7-b55d-5c240b2bfb7c/3142192f-6bae-4f12-a6f3-5464dc37e790/d0a71d84-b80f-4558-beac-8887750652e3 "63 RzoDUOgCWoopUJhComFW2wGeclpfkmbQxJV2akfWtHlz69SFIhH5QbOJni0aT"
2020-08-17T04:18:06.752894559Z  [2020-08-17T04:18:06Z INFO  dt_client_bytes] Publish 64
2020-08-17T04:18:06.764547632Z  [2020-08-17T04:18:06Z INFO  dt_client_bytes] 64::38162cb0-e585-43d7-b55d-5c240b2bfb7c/3142192f-6bae-4f12-a6f3-5464dc37e790/d0a71d84-b80f-4558-beac-8887750652e3 "64 jSgs0840qWvHNPjEKu7QBdIRdUGTSwHLnyb5fJpbeYw75yGOYZF36BhvuZQ5r"
2020-08-17T04:18:06.764624609Z  [2020-08-17T04:18:06Z INFO  dt_client_bytes] Publish 65
2020-08-17T04:18:06.776370975Z  [2020-08-17T04:18:06Z INFO  dt_client_bytes] 65::38162cb0-e585-43d7-b55d-5c240b2bfb7c/3142192f-6bae-4f12-a6f3-5464dc37e790/d0a71d84-b80f-4558-beac-8887750652e3 "65 FcsI0wt2sicSPYWq7fFrksJqKyzdx1Zgw4tOG8uhUATaJmxTnLzcMoxyoFgr7"
2020-08-17T04:18:06.776404018Z  [2020-08-17T04:18:06Z INFO  dt_client_bytes] Publish 66
2020-08-17T04:18:06.787198768Z  [2020-08-17T04:18:06Z INFO  dt_client_bytes] 66::38162cb0-e585-43d7-b55d-5c240b2bfb7c/3142192f-6bae-4f12-a6f3-5464dc37e790/d0a71d84-b80f-4558-beac-8887750652e3 "66 mcV9hJNDWkeZVx7EL3d5uD8QDKqbYyi6ecKmFYVD9NQUbQbl4mSanneppt7Wh"
2020-08-17T04:18:06.787259438Z  [2020-08-17T04:18:06Z INFO  dt_client_bytes] Publish 67
2020-08-17T04:18:06.798150009Z  [2020-08-17T04:18:06Z INFO  dt_client_bytes] 67::38162cb0-e585-43d7-b55d-5c240b2bfb7c/3142192f-6bae-4f12-a6f3-5464dc37e790/d0a71d84-b80f-4558-beac-8887750652e3 "67 pkTo6UDXL109BeBPJHyQhLUYhZgKvk0YwyDoMruA8gbdeXvTvpgD6z1h3LzwU"
2020-08-17T04:18:06.798170097Z  [2020-08-17T04:18:06Z INFO  dt_client_bytes] Publish 68
2020-08-17T04:18:06.809937452Z  [2020-08-17T04:18:06Z INFO  dt_client_bytes] 68::38162cb0-e585-43d7-b55d-5c240b2bfb7c/3142192f-6bae-4f12-a6f3-5464dc37e790/d0a71d84-b80f-4558-beac-8887750652e3 "68 8V7I5ycxUoxUX8ZUOQrk33aRunZwNLotsuzTmh1jfm0KcMA8Xf7S343BuLmQE"
2020-08-17T04:18:06.810005080Z  [2020-08-17T04:18:06Z INFO  dt_client_bytes] Publish 69
2020-08-17T04:18:06.821769894Z  [2020-08-17T04:18:06Z INFO  dt_client_bytes] 69::38162cb0-e585-43d7-b55d-5c240b2bfb7c/3142192f-6bae-4f12-a6f3-5464dc37e790/d0a71d84-b80f-4558-beac-8887750652e3 "69 giwqpCkkqlxdumziUszPLHu53pGdloMc7lMPjHOGSzuraf70Ubvx2fmUpyll3"
2020-08-17T04:18:06.821857759Z  [2020-08-17T04:18:06Z INFO  dt_client_bytes] Publish 70
2020-08-17T04:18:06.821918726Z  [2020-08-17T04:18:06Z INFO  dt_client_bytes] PubAck { pkid: 51 }
2020-08-17T04:18:06.822966945Z  [2020-08-17T04:18:06Z INFO  dt_client_bytes] PubAck { pkid: 52 }
2020-08-17T04:18:06.824746340Z  [2020-08-17T04:18:06Z INFO  dt_client_bytes] PubAck { pkid: 53 }
2020-08-17T04:18:06.833056052Z  [2020-08-17T04:18:06Z INFO  dt_client_bytes] 70::38162cb0-e585-43d7-b55d-5c240b2bfb7c/3142192f-6bae-4f12-a6f3-5464dc37e790/d0a71d84-b80f-4558-beac-8887750652e3 "70 j7KTbBMf53p89RSut66wrsw0FDr4wNOIZTdk3HQMBw6il5rIJ5URiC5e2q21R"
2020-08-17T04:18:06.833143560Z  [2020-08-17T04:18:06Z INFO  dt_client_bytes] Publish 71
2020-08-17T04:18:06.844792073Z  [2020-08-17T04:18:06Z INFO  dt_client_bytes] 71::38162cb0-e585-43d7-b55d-5c240b2bfb7c/3142192f-6bae-4f12-a6f3-5464dc37e790/d0a71d84-b80f-4558-beac-8887750652e3 "71 9GdKkTV30k2iq8CQwq7mKYSfKw4sg6DYum9Meuu756AUFLXj7NwI8hpQzWMzR"
2020-08-17T04:18:06.844874877Z  [2020-08-17T04:18:06Z INFO  dt_client_bytes] Publish 72
2020-08-17T04:18:06.856494983Z  [2020-08-17T04:18:06Z INFO  dt_client_bytes] 72::38162cb0-e585-43d7-b55d-5c240b2bfb7c/3142192f-6bae-4f12-a6f3-5464dc37e790/d0a71d84-b80f-4558-beac-8887750652e3 "72 vic9EeeOjnqb0lrJy6TliJ3zVWyubxOl9NwPTbTMVmgrtLQag5OZQsA4nNaS4"
2020-08-17T04:18:06.856583931Z  [2020-08-17T04:18:06Z INFO  dt_client_bytes] Publish 73
2020-08-17T04:18:06.867130259Z  [2020-08-17T04:18:06Z INFO  dt_client_bytes] 73::38162cb0-e585-43d7-b55d-5c240b2bfb7c/3142192f-6bae-4f12-a6f3-5464dc37e790/d0a71d84-b80f-4558-beac-8887750652e3 "73 jMWsVhOqG7UOOcjuQkfR5Kvu3XU0SrRmYPrJJxieuXGsTsRYqr7f05uKbEzHd"
2020-08-17T04:18:06.867209739Z  [2020-08-17T04:18:06Z INFO  dt_client_bytes] Publish 74
2020-08-17T04:18:06.878817622Z  [2020-08-17T04:18:06Z INFO  dt_client_bytes] 74::38162cb0-e585-43d7-b55d-5c240b2bfb7c/3142192f-6bae-4f12-a6f3-5464dc37e790/d0a71d84-b80f-4558-beac-8887750652e3 "74 zwqsvBtgiNmQJRMODuEVnJZnLz7McmQeAEtqDdxoHivpe0O7Xl6f8x8ef4HPI"
2020-08-17T04:18:06.878897464Z  [2020-08-17T04:18:06Z INFO  dt_client_bytes] Publish 75
2020-08-17T04:18:06.890364422Z  [2020-08-17T04:18:06Z INFO  dt_client_bytes] 75::38162cb0-e585-43d7-b55d-5c240b2bfb7c/3142192f-6bae-4f12-a6f3-5464dc37e790/d0a71d84-b80f-4558-beac-8887750652e3 "75 9hYFOXr5jybIGuRfs1n4tuURUWDRGgz0xEwQoybOvmTFCj6ohpedSFXzTsNjL"
2020-08-17T04:18:06.890434625Z  [2020-08-17T04:18:06Z INFO  dt_client_bytes] Publish 76
2020-08-17T04:18:06.901936989Z  [2020-08-17T04:18:06Z INFO  dt_client_bytes] 76::38162cb0-e585-43d7-b55d-5c240b2bfb7c/3142192f-6bae-4f12-a6f3-5464dc37e790/d0a71d84-b80f-4558-beac-8887750652e3 "76 1uSURVnQWdci12KM7OgRFiNC4ya4q5e1UKHJDPrsX3CHsvm5yjXX1OOT1xzMn"
2020-08-17T04:18:06.901999084Z  [2020-08-17T04:18:06Z INFO  dt_client_bytes] Publish 77
2020-08-17T04:18:06.913547378Z  [2020-08-17T04:18:06Z INFO  dt_client_bytes] 77::38162cb0-e585-43d7-b55d-5c240b2bfb7c/3142192f-6bae-4f12-a6f3-5464dc37e790/d0a71d84-b80f-4558-beac-8887750652e3 "77 kpbXJazq1WtZbD1xyz2GVMW2DPArfHv60PDFD5nG7cokwQPMqYxv18JKWf7qB"
2020-08-17T04:18:06.913609244Z  [2020-08-17T04:18:06Z INFO  dt_client_bytes] Publish 78
2020-08-17T04:18:06.923939648Z  [2020-08-17T04:18:06Z INFO  dt_client_bytes] 78::38162cb0-e585-43d7-b55d-5c240b2bfb7c/3142192f-6bae-4f12-a6f3-5464dc37e790/d0a71d84-b80f-4558-beac-8887750652e3 "78 7QIVVs9nFTR59hhoByoPBu9FBgmrMjjGQPWueV27tUTE3Ee94u1r9s0cmhzaO"
2020-08-17T04:18:06.923990946Z  [2020-08-17T04:18:06Z INFO  dt_client_bytes] Publish 79
2020-08-17T04:18:06.935800312Z  [2020-08-17T04:18:06Z INFO  dt_client_bytes] Publish 80
2020-08-17T04:18:06.935848935Z  [2020-08-17T04:18:06Z INFO  dt_client_bytes] 79::38162cb0-e585-43d7-b55d-5c240b2bfb7c/3142192f-6bae-4f12-a6f3-5464dc37e790/d0a71d84-b80f-4558-beac-8887750652e3 "79 pfFd1f3t7GZ8isudvfK1jk57YeC9GDjilRuGKFzt7Kzk2xEVOMAM7EyYucPI2"
2020-08-17T04:18:06.937488769Z  [2020-08-17T04:18:06Z INFO  dt_client_bytes] PubAck { pkid: 54 }
2020-08-17T04:18:06.938253863Z  [2020-08-17T04:18:06Z INFO  dt_client_bytes] PubAck { pkid: 55 }
2020-08-17T04:18:06.939650953Z  [2020-08-17T04:18:06Z INFO  dt_client_bytes] PubAck { pkid: 56 }
2020-08-17T04:18:06.939717163Z  [2020-08-17T04:18:06Z INFO  dt_client_bytes] PubAck { pkid: 57 }
2020-08-17T04:18:06.940854097Z  [2020-08-17T04:18:06Z INFO  dt_client_bytes] PubAck { pkid: 58 }
2020-08-17T04:18:06.942088289Z  [2020-08-17T04:18:06Z INFO  dt_client_bytes] PubAck { pkid: 59 }
2020-08-17T04:18:06.943319113Z  [2020-08-17T04:18:06Z INFO  dt_client_bytes] PubAck { pkid: 60 }
2020-08-17T04:18:06.944600817Z  [2020-08-17T04:18:06Z INFO  dt_client_bytes] PubAck { pkid: 61 }
2020-08-17T04:18:06.944667435Z  [2020-08-17T04:18:06Z INFO  dt_client_bytes] PubAck { pkid: 62 }
2020-08-17T04:18:06.945832500Z  [2020-08-17T04:18:06Z INFO  dt_client_bytes] PubAck { pkid: 63 }
2020-08-17T04:18:06.947266560Z  [2020-08-17T04:18:06Z INFO  dt_client_bytes] PubAck { pkid: 64 }
2020-08-17T04:18:06.947338964Z  [2020-08-17T04:18:06Z INFO  dt_client_bytes] 80::38162cb0-e585-43d7-b55d-5c240b2bfb7c/3142192f-6bae-4f12-a6f3-5464dc37e790/d0a71d84-b80f-4558-beac-8887750652e3 "80 pzi5Zs4Wmt5vJ0HvJk0sqk3N07GzvnpxEbn4frvVM2wzEMttaPNISuqgl184N"
2020-08-17T04:18:06.948934257Z  [2020-08-17T04:18:06Z INFO  dt_client_bytes] PubAck { pkid: 65 }
2020-08-17T04:18:06.949668510Z  [2020-08-17T04:18:06Z INFO  dt_client_bytes] PubAck { pkid: 66 }
2020-08-17T04:18:06.950961743Z  [2020-08-17T04:18:06Z INFO  dt_client_bytes] PubAck { pkid: 67 }
2020-08-17T04:18:06.952232950Z  [2020-08-17T04:18:06Z INFO  dt_client_bytes] PubAck { pkid: 68 }
2020-08-17T04:18:06.953521076Z  [2020-08-17T04:18:06Z INFO  dt_client_bytes] Publish 81
2020-08-17T04:18:06.958826995Z  [2020-08-17T04:18:06Z INFO  dt_client_bytes] 81::38162cb0-e585-43d7-b55d-5c240b2bfb7c/3142192f-6bae-4f12-a6f3-5464dc37e790/d0a71d84-b80f-4558-beac-8887750652e3 "81 TPssgxfdAVf7KYWLB9b0p5oVAozm6p1YmeFjTScpBRRQaT2v90Y1lGRTsN0Zp"
2020-08-17T04:18:06.958910516Z  [2020-08-17T04:18:06Z INFO  dt_client_bytes] Publish 82
2020-08-17T04:18:06.971537529Z  [2020-08-17T04:18:06Z INFO  dt_client_bytes] 82::38162cb0-e585-43d7-b55d-5c240b2bfb7c/3142192f-6bae-4f12-a6f3-5464dc37e790/d0a71d84-b80f-4558-beac-8887750652e3 "82 aqnflEsdUiTA7Wpqw36l8J8qoReoOiMoeRrFLXfqj9gFyQDJBPjjyRTZ1s1gk"
2020-08-17T04:18:06.971613874Z  [2020-08-17T04:18:06Z INFO  dt_client_bytes] Publish 83
2020-08-17T04:18:06.981066127Z  [2020-08-17T04:18:06Z INFO  dt_client_bytes] 83::38162cb0-e585-43d7-b55d-5c240b2bfb7c/3142192f-6bae-4f12-a6f3-5464dc37e790/d0a71d84-b80f-4558-beac-8887750652e3 "83 XeEyO6DGeSZgsq3RHgU6rkjjEHKbvbqU0MPELA2TMer25sTSb1hUVoe5XEZYi"
2020-08-17T04:18:06.981144947Z  [2020-08-17T04:18:06Z INFO  dt_client_bytes] Publish 84
2020-08-17T04:18:06.992492327Z  [2020-08-17T04:18:06Z INFO  dt_client_bytes] 84::38162cb0-e585-43d7-b55d-5c240b2bfb7c/3142192f-6bae-4f12-a6f3-5464dc37e790/d0a71d84-b80f-4558-beac-8887750652e3 "84 UP290JNSI4Lg6whCOfjOoqbdg01SKbIGrenn2bAt2tvOyrOQXmHkOR1IBzDu3"
2020-08-17T04:18:06.992561946Z  [2020-08-17T04:18:06Z INFO  dt_client_bytes] Publish 85
2020-08-17T04:18:07.003265834Z  [2020-08-17T04:18:07Z INFO  dt_client_bytes] 85::38162cb0-e585-43d7-b55d-5c240b2bfb7c/3142192f-6bae-4f12-a6f3-5464dc37e790/d0a71d84-b80f-4558-beac-8887750652e3 "85 PyZg7pHs12JVA497gITVHI2Tdkfc5IbdwehXKFlIQhjUVXZJvFabB91XslEJR"
2020-08-17T04:18:07.003345755Z  [2020-08-17T04:18:07Z INFO  dt_client_bytes] Publish 86
2020-08-17T04:18:07.015046308Z  [2020-08-17T04:18:07Z INFO  dt_client_bytes] 86::38162cb0-e585-43d7-b55d-5c240b2bfb7c/3142192f-6bae-4f12-a6f3-5464dc37e790/d0a71d84-b80f-4558-beac-8887750652e3 "86 66mYBARghoBcAtHUsGe2SfgCmiVJQJGSnBfrEomIw98h5mzTBO8UW8JeqsCDK"
2020-08-17T04:18:07.015134516Z  [2020-08-17T04:18:07Z INFO  dt_client_bytes] Publish 87
2020-08-17T04:18:07.026520605Z  [2020-08-17T04:18:07Z INFO  dt_client_bytes] 87::38162cb0-e585-43d7-b55d-5c240b2bfb7c/3142192f-6bae-4f12-a6f3-5464dc37e790/d0a71d84-b80f-4558-beac-8887750652e3 "87 cy9Kkq6P6jgbFHFR7ELGnoZe2B3FsJH3X6cek2R0eJTMZzeDvzczLQ195IGbK"
2020-08-17T04:18:07.026624236Z  [2020-08-17T04:18:07Z INFO  dt_client_bytes] Publish 88
2020-08-17T04:18:07.032374823Z  [2020-08-17T04:18:07Z INFO  dt_client_bytes] PubAck { pkid: 69 }
2020-08-17T04:18:07.033687722Z  [2020-08-17T04:18:07Z INFO  dt_client_bytes] PubAck { pkid: 70 }
2020-08-17T04:18:07.033766141Z  [2020-08-17T04:18:07Z INFO  dt_client_bytes] PubAck { pkid: 71 }
2020-08-17T04:18:07.034973690Z  [2020-08-17T04:18:07Z INFO  dt_client_bytes] PubAck { pkid: 72 }
2020-08-17T04:18:07.036193843Z  [2020-08-17T04:18:07Z INFO  dt_client_bytes] PubAck { pkid: 73 }
2020-08-17T04:18:07.037589153Z  [2020-08-17T04:18:07Z INFO  dt_client_bytes] PubAck { pkid: 74 }
2020-08-17T04:18:07.037675702Z  [2020-08-17T04:18:07Z INFO  dt_client_bytes] 88::38162cb0-e585-43d7-b55d-5c240b2bfb7c/3142192f-6bae-4f12-a6f3-5464dc37e790/d0a71d84-b80f-4558-beac-8887750652e3 "88 6UEQkJfNe6eS3qWinzOptieDx9EVSLWrkt39PwRDTkLDKMGbkRhicOHzPLxqp"
2020-08-17T04:18:07.038874150Z  [2020-08-17T04:18:07Z INFO  dt_client_bytes] Publish 89
2020-08-17T04:18:07.040166550Z  [2020-08-17T04:18:07Z INFO  dt_client_bytes] PubAck { pkid: 75 }
2020-08-17T04:18:07.041441173Z  [2020-08-17T04:18:07Z INFO  dt_client_bytes] PubAck { pkid: 76 }
2020-08-17T04:18:07.042617301Z  [2020-08-17T04:18:07Z INFO  dt_client_bytes] PubAck { pkid: 77 }
2020-08-17T04:18:07.048639012Z  [2020-08-17T04:18:07Z INFO  dt_client_bytes] 89::38162cb0-e585-43d7-b55d-5c240b2bfb7c/3142192f-6bae-4f12-a6f3-5464dc37e790/d0a71d84-b80f-4558-beac-8887750652e3 "89 EgwdcIUPSpiG9u4OHUgmEKln2fDvRfhASl2EZVbZgGDlhX19NoQeUlndCoIQF"
2020-08-17T04:18:07.048705954Z  [2020-08-17T04:18:07Z INFO  dt_client_bytes] Publish 90
2020-08-17T04:18:07.060356268Z  [2020-08-17T04:18:07Z INFO  dt_client_bytes] 90::38162cb0-e585-43d7-b55d-5c240b2bfb7c/3142192f-6bae-4f12-a6f3-5464dc37e790/d0a71d84-b80f-4558-beac-8887750652e3 "90 er6bvVVp2wAPDbHUPqSkhSqA0LNZNwFqBK3ID9QcyeGPPH7g88lbt90PhPLz9"
2020-08-17T04:18:07.060400019Z  [2020-08-17T04:18:07Z INFO  dt_client_bytes] Publish 91
2020-08-17T04:18:07.071715454Z  [2020-08-17T04:18:07Z INFO  dt_client_bytes] 91::38162cb0-e585-43d7-b55d-5c240b2bfb7c/3142192f-6bae-4f12-a6f3-5464dc37e790/d0a71d84-b80f-4558-beac-8887750652e3 "91 5Aefa5E5DfVM71WZuVUwclQL7Co3rn8z5QwSSREWlhnRpXzrnlcuZq7RTjK6G"
2020-08-17T04:18:07.071768796Z  [2020-08-17T04:18:07Z INFO  dt_client_bytes] Publish 92
2020-08-17T04:18:07.083320526Z  [2020-08-17T04:18:07Z INFO  dt_client_bytes] 92::38162cb0-e585-43d7-b55d-5c240b2bfb7c/3142192f-6bae-4f12-a6f3-5464dc37e790/d0a71d84-b80f-4558-beac-8887750652e3 "92 dgIx5qc46MPtmzOWkIK7T4saFLUzSglkWxfCdF4YuCcNM2YU6UaBeasRXV1td"
2020-08-17T04:18:07.083400851Z  [2020-08-17T04:18:07Z INFO  dt_client_bytes] Publish 93
2020-08-17T04:18:07.095012456Z  [2020-08-17T04:18:07Z INFO  dt_client_bytes] 93::38162cb0-e585-43d7-b55d-5c240b2bfb7c/3142192f-6bae-4f12-a6f3-5464dc37e790/d0a71d84-b80f-4558-beac-8887750652e3 "93 6pr3pzAbPGdCvpghOvILzDenGVpEiStmQDfxraMfBh8sGRxLzWBX3JrxovyAe"
2020-08-17T04:18:07.095095781Z  [2020-08-17T04:18:07Z INFO  dt_client_bytes] Publish 94
2020-08-17T04:18:07.107764151Z  [2020-08-17T04:18:07Z INFO  dt_client_bytes] 94::38162cb0-e585-43d7-b55d-5c240b2bfb7c/3142192f-6bae-4f12-a6f3-5464dc37e790/d0a71d84-b80f-4558-beac-8887750652e3 "94 RPg0vPvIQteBvbt02i4IUpsULqFX0gIwYvc4zQsjLkF9VWwHcuraHoylmTNsl"
2020-08-17T04:18:07.108299520Z  [2020-08-17T04:18:07Z INFO  dt_client_bytes] Publish 95
2020-08-17T04:18:07.120786237Z  [2020-08-17T04:18:07Z INFO  dt_client_bytes] 95::38162cb0-e585-43d7-b55d-5c240b2bfb7c/3142192f-6bae-4f12-a6f3-5464dc37e790/d0a71d84-b80f-4558-beac-8887750652e3 "95 DHg6HnFFwiDSWKzA79gIAL9YRvwp6Jk5u5He00a338YguaWh0eBtYSDHyVpuz"
2020-08-17T04:18:07.120812848Z  [2020-08-17T04:18:07Z INFO  dt_client_bytes] Publish 96
2020-08-17T04:18:07.130489143Z  [2020-08-17T04:18:07Z INFO  dt_client_bytes] 96::38162cb0-e585-43d7-b55d-5c240b2bfb7c/3142192f-6bae-4f12-a6f3-5464dc37e790/d0a71d84-b80f-4558-beac-8887750652e3 "96 UfKc6eKdbnyJzuS14yI4PDjGTbdpHuxI6TS9xqL82XQUKYtVuNvv33TFcP5VL"
2020-08-17T04:18:07.130515061Z  [2020-08-17T04:18:07Z INFO  dt_client_bytes] Publish 97
2020-08-17T04:18:07.132229762Z  [2020-08-17T04:18:07Z INFO  dt_client_bytes] PubAck { pkid: 78 }
2020-08-17T04:18:07.133408733Z  [2020-08-17T04:18:07Z INFO  dt_client_bytes] PubAck { pkid: 79 }
2020-08-17T04:18:07.134597368Z  [2020-08-17T04:18:07Z INFO  dt_client_bytes] PubAck { pkid: 80 }
2020-08-17T04:18:07.135806026Z  [2020-08-17T04:18:07Z INFO  dt_client_bytes] PubAck { pkid: 81 }
2020-08-17T04:18:07.137047603Z  [2020-08-17T04:18:07Z INFO  dt_client_bytes] PubAck { pkid: 82 }
2020-08-17T04:18:07.138257864Z  [2020-08-17T04:18:07Z INFO  dt_client_bytes] PubAck { pkid: 83 }
2020-08-17T04:18:07.139599955Z  [2020-08-17T04:18:07Z INFO  dt_client_bytes] PubAck { pkid: 84 }
2020-08-17T04:18:07.139627329Z  [2020-08-17T04:18:07Z INFO  dt_client_bytes] 97::38162cb0-e585-43d7-b55d-5c240b2bfb7c/3142192f-6bae-4f12-a6f3-5464dc37e790/d0a71d84-b80f-4558-beac-8887750652e3 "97 5T1SCxr0NgRazPiEuosLdsCZXtmdAEz0TuftDRAl9zoVUqmju1MCkRsRSPb0m"
2020-08-17T04:18:07.139640629Z  [2020-08-17T04:18:07Z INFO  dt_client_bytes] PubAck { pkid: 85 }
2020-08-17T04:18:07.140796546Z  [2020-08-17T04:18:07Z INFO  dt_client_bytes] PubAck { pkid: 86 }
2020-08-17T04:18:07.141977421Z  [2020-08-17T04:18:07Z INFO  dt_client_bytes] Publish 98
2020-08-17T04:18:07.151793475Z  [2020-08-17T04:18:07Z INFO  dt_client_bytes] 98::38162cb0-e585-43d7-b55d-5c240b2bfb7c/3142192f-6bae-4f12-a6f3-5464dc37e790/d0a71d84-b80f-4558-beac-8887750652e3 "98 1z1VjsNg17T66ShZcwmYT5Tm7DWNv2mIWZMvfq6slmQAk8b4pATNuAKmmvPEH"
2020-08-17T04:18:07.151863548Z  [2020-08-17T04:18:07Z INFO  dt_client_bytes] Publish 99
2020-08-17T04:18:07.168632733Z  [2020-08-17T04:18:07Z INFO  dt_client_bytes] 99::38162cb0-e585-43d7-b55d-5c240b2bfb7c/3142192f-6bae-4f12-a6f3-5464dc37e790/d0a71d84-b80f-4558-beac-8887750652e3 "99 pUihTxyipC4Db6ynsuOMrn4vpr5u7TLCgEDGu6EP72hjtnpewU7vicm7qKvdn"
2020-08-17T04:18:07.168671782Z  [2020-08-17T04:18:07Z INFO  dt_client_bytes] Publish 100
2020-08-17T04:18:07.168727671Z  [2020-08-17T04:18:07Z INFO  dt_client_bytes] NotificationCounter {
2020-08-17T04:18:07.168749030Z          Pub: 100,
2020-08-17T04:18:07.168766003Z          PubAck: 86,
2020-08-17T04:18:07.168782351Z          PubRec: 0,
2020-08-17T04:18:07.168837589Z          PubRel: 0,
2020-08-17T04:18:07.168854369Z          PubComp: 0,
2020-08-17T04:18:07.168870460Z      }
2020-08-17T04:18:07.173784835Z  [2020-08-17T04:18:07Z INFO  dt_client_bytes] Thread 38162cb0-e585-43d7-b55d-5c240b2bfb7c/3142192f-6bae-4f12-a6f3-5464dc37e790/d0a71d84-b80f-4558-beac-8887750652e3 done with 100 messages.
2020-08-17T04:18:07.223398914Z  [2020-08-17T04:18:07Z INFO  dt_client_bytes] PubAck { pkid: 87 }
2020-08-17T04:18:07.223557863Z  [2020-08-17T04:18:07Z INFO  dt_client_bytes] NotificationCounter {
2020-08-17T04:18:07.223580347Z          Pub: 100,
2020-08-17T04:18:07.223596675Z          PubAck: 87,
2020-08-17T04:18:07.223653329Z          PubRec: 0,
2020-08-17T04:18:07.223671293Z          PubRel: 0,
2020-08-17T04:18:07.223687602Z          PubComp: 0,
2020-08-17T04:18:07.223738429Z      }
2020-08-17T04:18:07.224661338Z  [2020-08-17T04:18:07Z INFO  dt_client_bytes] PubAck { pkid: 88 }
2020-08-17T04:18:07.224727792Z  [2020-08-17T04:18:07Z INFO  dt_client_bytes] NotificationCounter {
2020-08-17T04:18:07.224747759Z          Pub: 100,
2020-08-17T04:18:07.224763895Z          PubAck: 88,
2020-08-17T04:18:07.224814883Z          PubRec: 0,
2020-08-17T04:18:07.224834817Z          PubRel: 0,
2020-08-17T04:18:07.224851028Z          PubComp: 0,
2020-08-17T04:18:07.224866821Z      }
2020-08-17T04:18:07.224922206Z  [2020-08-17T04:18:07Z INFO  dt_client_bytes] PubAck { pkid: 89 }
2020-08-17T04:18:07.224939842Z  [2020-08-17T04:18:07Z INFO  dt_client_bytes] NotificationCounter {
2020-08-17T04:18:07.224956349Z          Pub: 100,
2020-08-17T04:18:07.225008568Z          PubAck: 89,
2020-08-17T04:18:07.225048994Z          PubRec: 0,
2020-08-17T04:18:07.225103444Z          PubRel: 0,
2020-08-17T04:18:07.225121812Z          PubComp: 0,
2020-08-17T04:18:07.225137354Z      }
2020-08-17T04:18:07.225886777Z  [2020-08-17T04:18:07Z INFO  dt_client_bytes] PubAck { pkid: 90 }
2020-08-17T04:18:07.225952875Z  [2020-08-17T04:18:07Z INFO  dt_client_bytes] NotificationCounter {
2020-08-17T04:18:07.225972926Z          Pub: 100,
2020-08-17T04:18:07.225988661Z          PubAck: 90,
2020-08-17T04:18:07.226044238Z          PubRec: 0,
2020-08-17T04:18:07.226065260Z          PubRel: 0,
2020-08-17T04:18:07.226081652Z          PubComp: 0,
2020-08-17T04:18:07.226097861Z      }
2020-08-17T04:18:07.227135672Z  [2020-08-17T04:18:07Z INFO  dt_client_bytes] PubAck { pkid: 91 }
2020-08-17T04:18:07.227227267Z  [2020-08-17T04:18:07Z INFO  dt_client_bytes] NotificationCounter {
2020-08-17T04:18:07.227249296Z          Pub: 100,
2020-08-17T04:18:07.227265606Z          PubAck: 91,
2020-08-17T04:18:07.227318024Z          PubRec: 0,
2020-08-17T04:18:07.227336883Z          PubRel: 0,
2020-08-17T04:18:07.227352723Z          PubComp: 0,
2020-08-17T04:18:07.227368515Z      }
2020-08-17T04:18:07.228391467Z  [2020-08-17T04:18:07Z INFO  dt_client_bytes] PubAck { pkid: 92 }
2020-08-17T04:18:07.228460018Z  [2020-08-17T04:18:07Z INFO  dt_client_bytes] NotificationCounter {
2020-08-17T04:18:07.228479650Z          Pub: 100,
2020-08-17T04:18:07.228495779Z          PubAck: 92,
2020-08-17T04:18:07.228546167Z          PubRec: 0,
2020-08-17T04:18:07.228566332Z          PubRel: 0,
2020-08-17T04:18:07.228582523Z          PubComp: 0,
2020-08-17T04:18:07.228598259Z      }
2020-08-17T04:18:07.229635504Z  [2020-08-17T04:18:07Z INFO  dt_client_bytes] PubAck { pkid: 93 }
2020-08-17T04:18:07.229702010Z  [2020-08-17T04:18:07Z INFO  dt_client_bytes] NotificationCounter {
2020-08-17T04:18:07.229722408Z          Pub: 100,
2020-08-17T04:18:07.229738057Z          PubAck: 93,
2020-08-17T04:18:07.229788653Z          PubRec: 0,
2020-08-17T04:18:07.229810059Z          PubRel: 0,
2020-08-17T04:18:07.229826347Z          PubComp: 0,
2020-08-17T04:18:07.229841950Z      }
2020-08-17T04:18:07.230824689Z  [2020-08-17T04:18:07Z INFO  dt_client_bytes] PubAck { pkid: 94 }
2020-08-17T04:18:07.230884003Z  [2020-08-17T04:18:07Z INFO  dt_client_bytes] NotificationCounter {
2020-08-17T04:18:07.230904475Z          Pub: 100,
2020-08-17T04:18:07.230918452Z          PubAck: 94,
2020-08-17T04:18:07.230932495Z          PubRec: 0,
2020-08-17T04:18:07.230993835Z          PubRel: 0,
2020-08-17T04:18:07.231011468Z          PubComp: 0,
2020-08-17T04:18:07.231025050Z      }
2020-08-17T04:18:07.232065323Z  [2020-08-17T04:18:07Z INFO  dt_client_bytes] PubAck { pkid: 95 }
2020-08-17T04:18:07.232126328Z  [2020-08-17T04:18:07Z INFO  dt_client_bytes] NotificationCounter {
2020-08-17T04:18:07.232145638Z          Pub: 100,
2020-08-17T04:18:07.232159840Z          PubAck: 95,
2020-08-17T04:18:07.232173647Z          PubRec: 0,
2020-08-17T04:18:07.232234731Z          PubRel: 0,
2020-08-17T04:18:07.232255025Z          PubComp: 0,
2020-08-17T04:18:07.232269361Z      }
2020-08-17T04:18:07.325560955Z  [2020-08-17T04:18:07Z INFO  dt_client_bytes] PubAck { pkid: 96 }
2020-08-17T04:18:07.325611248Z  [2020-08-17T04:18:07Z INFO  dt_client_bytes] NotificationCounter {
2020-08-17T04:18:07.325623592Z          Pub: 100,
2020-08-17T04:18:07.325633046Z          PubAck: 96,
2020-08-17T04:18:07.325642137Z          PubRec: 0,
2020-08-17T04:18:07.325651107Z          PubRel: 0,
2020-08-17T04:18:07.325660127Z          PubComp: 0,
2020-08-17T04:18:07.325689845Z      }
2020-08-17T04:18:07.326738115Z  [2020-08-17T04:18:07Z INFO  dt_client_bytes] PubAck { pkid: 97 }
2020-08-17T04:18:07.326754698Z  [2020-08-17T04:18:07Z INFO  dt_client_bytes] NotificationCounter {
2020-08-17T04:18:07.326802081Z          Pub: 100,
2020-08-17T04:18:07.326819191Z          PubAck: 97,
2020-08-17T04:18:07.326832571Z          PubRec: 0,
2020-08-17T04:18:07.326845732Z          PubRel: 0,
2020-08-17T04:18:07.326859080Z          PubComp: 0,
2020-08-17T04:18:07.326904821Z      }
2020-08-17T04:18:07.471496899Z  [2020-08-17T04:18:07Z INFO  dt_client_bytes] PubAck { pkid: 98 }
2020-08-17T04:18:07.471586286Z  [2020-08-17T04:18:07Z INFO  dt_client_bytes] NotificationCounter {
2020-08-17T04:18:07.471612058Z          Pub: 100,
2020-08-17T04:18:07.471629231Z          PubAck: 98,
2020-08-17T04:18:07.471680616Z          PubRec: 0,
2020-08-17T04:18:07.471703167Z          PubRel: 0,
2020-08-17T04:18:07.471719817Z          PubComp: 0,
2020-08-17T04:18:07.471736237Z      }
2020-08-17T04:18:07.474854465Z  [2020-08-17T04:18:07Z INFO  dt_client_bytes] PubAck { pkid: 99 }
2020-08-17T04:18:07.474928139Z  [2020-08-17T04:18:07Z INFO  dt_client_bytes] NotificationCounter {
2020-08-17T04:18:07.474948051Z          Pub: 100,
2020-08-17T04:18:07.474998588Z          PubAck: 99,
2020-08-17T04:18:07.475022520Z          PubRec: 0,
2020-08-17T04:18:07.475039557Z          PubRel: 0,
2020-08-17T04:18:07.475055838Z          PubComp: 0,
2020-08-17T04:18:07.475136696Z      }
2020-08-17T04:18:07.475220358Z  [2020-08-17T04:18:07Z INFO  dt_client_bytes] PubAck { pkid: 100 }
2020-08-17T04:18:07.475257195Z  [2020-08-17T04:18:07Z INFO  dt_client_bytes] NotificationCounter {
2020-08-17T04:18:07.475272307Z          Pub: 100,
2020-08-17T04:18:07.475286453Z          PubAck: 100,
2020-08-17T04:18:07.475337640Z          PubRec: 0,
2020-08-17T04:18:07.475353664Z          PubRel: 0,
2020-08-17T04:18:07.475386499Z          PubComp: 0,
2020-08-17T04:18:07.475433484Z      }
2020-08-17T04:18:36.035790611Z  [2020-08-17T04:18:36Z INFO  dt_client_bytes] NotificationCounter {
2020-08-17T04:18:36.035842448Z          Pub: 100,
2020-08-17T04:18:36.035910158Z          PubAck: 100,
2020-08-17T04:18:36.035929291Z          PubRec: 0,
2020-08-17T04:18:36.035983141Z          PubRel: 0,
2020-08-17T04:18:36.036006425Z          PubComp: 0,
2020-08-17T04:18:36.036024205Z      }
2020-08-17T04:18:36.132746432Z  [2020-08-17T04:18:36Z INFO  dt_client_bytes] NotificationCounter {
2020-08-17T04:18:36.132836199Z          Pub: 100,
2020-08-17T04:18:36.132897096Z          PubAck: 100,
2020-08-17T04:18:36.132918200Z          PubRec: 0,
2020-08-17T04:18:36.132936257Z          PubRel: 0,
2020-08-17T04:18:36.132991234Z          PubComp: 0,
2020-08-17T04:18:36.133012924Z      }
