2020-08-17T04:18:05.327512217Z  [2020-08-17T04:18:05Z INFO  dt_client_bytes] Starting client. Host at mqtt-broker:1883
2020-08-17T04:18:05.327584811Z  [2020-08-17T04:18:05Z INFO  dt_client_bytes] Thread of topic 38162cb0-e585-43d7-b55d-5c240b2bfb7c/3142192f-6bae-4f12-a6f3-5464dc37e790/d0a71d84-b80f-4558-beac-8887750652e3
2020-08-17T04:18:05.327604503Z  [2020-08-17T04:18:05Z INFO  dt_client_bytes] 0::38162cb0-e585-43d7-b55d-5c240b2bfb7c/3142192f-6bae-4f12-a6f3-5464dc37e790/d0a71d84-b80f-4558-beac-8887750652e3 "0 Pmw3o0TrsYjtrjOjPH8wBU23cC1gbnwaVoed5YKNSbhsjrYV53Ced9nmJD60hp"
2020-08-17T04:18:05.335216166Z  [2020-08-17T04:18:05Z INFO  dt_client_bytes] 1::38162cb0-e585-43d7-b55d-5c240b2bfb7c/3142192f-6bae-4f12-a6f3-5464dc37e790/d0a71d84-b80f-4558-beac-8887750652e3 "1 cbCO2p44yRMNWZK9DUx6ocwIpO07KdvfrauY5ckA3GpLYEVOQwxXCiub8hffSV"
2020-08-17T04:18:05.346398725Z  [2020-08-17T04:18:05Z INFO  dt_client_bytes] 2::38162cb0-e585-43d7-b55d-5c240b2bfb7c/3142192f-6bae-4f12-a6f3-5464dc37e790/d0a71d84-b80f-4558-beac-8887750652e3 "2 MX0I4e6PdK9DOGMiNEGOg6g0am5HWJTop7JXnft519AEswgUjzoqWYQl9M8RhZ"
2020-08-17T04:18:05.359055823Z  [2020-08-17T04:18:05Z INFO  dt_client_bytes] 3::38162cb0-e585-43d7-b55d-5c240b2bfb7c/3142192f-6bae-4f12-a6f3-5464dc37e790/d0a71d84-b80f-4558-beac-8887750652e3 "3 2Wxjaa2tnfE1rUmokWubaicnsMgoe3ANhNCeAP75Xn8NYKshQvIJoQsFcRP8vq"
2020-08-17T04:18:05.368789906Z  [2020-08-17T04:18:05Z INFO  dt_client_bytes] 4::38162cb0-e585-43d7-b55d-5c240b2bfb7c/3142192f-6bae-4f12-a6f3-5464dc37e790/d0a71d84-b80f-4558-beac-8887750652e3 "4 3ml96DIWnnqDyOHnH6PrrjuFLNoRIouEmKADJvbQ8dfquycPRUZqFg3YoSKCWx"
2020-08-17T04:18:05.379925718Z  [2020-08-17T04:18:05Z INFO  dt_client_bytes] 5::38162cb0-e585-43d7-b55d-5c240b2bfb7c/3142192f-6bae-4f12-a6f3-5464dc37e790/d0a71d84-b80f-4558-beac-8887750652e3 "5 lKaAU2YQq8zUVSlXZaeEIeZn19CAOnPr8gDGZyBr7nj5uxMvnIKRaiWTxz2SHV"
2020-08-17T04:18:05.395705050Z  [2020-08-17T04:18:05Z INFO  dt_client_bytes] 6::38162cb0-e585-43d7-b55d-5c240b2bfb7c/3142192f-6bae-4f12-a6f3-5464dc37e790/d0a71d84-b80f-4558-beac-8887750652e3 "6 f3FxqcvULWQFv9prgJ4WHaHzQ6Y3r0NnbX7Axrxs7hEpOJdM1i58GCaNVKWgca"
2020-08-17T04:18:05.402368647Z  [2020-08-17T04:18:05Z INFO  dt_client_bytes] 7::38162cb0-e585-43d7-b55d-5c240b2bfb7c/3142192f-6bae-4f12-a6f3-5464dc37e790/d0a71d84-b80f-4558-beac-8887750652e3 "7 j8uSpoYPBEsPTGH4KPgkcQJVkA6wRnwjdGViy80hqVLXzNZrP41rt6cBLw7K0r"
2020-08-17T04:18:05.413540967Z  [2020-08-17T04:18:05Z INFO  dt_client_bytes] 8::38162cb0-e585-43d7-b55d-5c240b2bfb7c/3142192f-6bae-4f12-a6f3-5464dc37e790/d0a71d84-b80f-4558-beac-8887750652e3 "8 ZWnwXRMPyG9ZPEBL9OSfPRfxC3GKnkSy0BrtfnBS9P9i9kxM3LEqpQzcuBgcja"
2020-08-17T04:18:05.424717947Z  [2020-08-17T04:18:05Z INFO  dt_client_bytes] 9::38162cb0-e585-43d7-b55d-5c240b2bfb7c/3142192f-6bae-4f12-a6f3-5464dc37e790/d0a71d84-b80f-4558-beac-8887750652e3 "9 UHWLrYz8ly5nEfedKWma40uGkPlK0G2ctbM1CEtaqllhEUao4AxQgxiuPVydIL"
2020-08-17T04:18:05.435942319Z  [2020-08-17T04:18:05Z INFO  dt_client_bytes] 10::38162cb0-e585-43d7-b55d-5c240b2bfb7c/3142192f-6bae-4f12-a6f3-5464dc37e790/d0a71d84-b80f-4558-beac-8887750652e3 "10 7lcQyz3exf0k9y4452JRiqVTrx4LyPnLHzOfAI7qkJ1Ph1UwpVVeAU0NhkbKF"
2020-08-17T04:18:05.447019943Z  [2020-08-17T04:18:05Z INFO  dt_client_bytes] 11::38162cb0-e585-43d7-b55d-5c240b2bfb7c/3142192f-6bae-4f12-a6f3-5464dc37e790/d0a71d84-b80f-4558-beac-8887750652e3 "11 yhnMo7gSrLoRrFQE93BHYXrh2RrmKUtANFpTX7n4spvFVZS2qjLJSYHf8oim4"
2020-08-17T04:18:05.458383556Z  [2020-08-17T04:18:05Z INFO  dt_client_bytes] 12::38162cb0-e585-43d7-b55d-5c240b2bfb7c/3142192f-6bae-4f12-a6f3-5464dc37e790/d0a71d84-b80f-4558-beac-8887750652e3 "12 9NIzw0u3jDIbfO2P56x992Le8sKAsE7v05ecSogdx1PB1XdC3mDOJgAmyQ8jl"
2020-08-17T04:18:05.469450146Z  [2020-08-17T04:18:05Z INFO  dt_client_bytes] 13::38162cb0-e585-43d7-b55d-5c240b2bfb7c/3142192f-6bae-4f12-a6f3-5464dc37e790/d0a71d84-b80f-4558-beac-8887750652e3 "13 rAbssShtzuQLMxkzBrvOGzizD0ihWEVoOVq6A9jRwSdYUmJwIJWayD0tQDqgK"
2020-08-17T04:18:05.480708224Z  [2020-08-17T04:18:05Z INFO  dt_client_bytes] 14::38162cb0-e585-43d7-b55d-5c240b2bfb7c/3142192f-6bae-4f12-a6f3-5464dc37e790/d0a71d84-b80f-4558-beac-8887750652e3 "14 ZrcJptfTFxqZdmQXAoVqxMRVBCDdTg3kRhRDr8NMEmCoWSguZT8hSjDTDnHZw"
2020-08-17T04:18:05.491896018Z  [2020-08-17T04:18:05Z INFO  dt_client_bytes] 15::38162cb0-e585-43d7-b55d-5c240b2bfb7c/3142192f-6bae-4f12-a6f3-5464dc37e790/d0a71d84-b80f-4558-beac-8887750652e3 "15 Uh3jqFFJi7eOQVKdkR0sBJ94MXKZFe6Soa5GiKD9Nn51Rhz3fm5YjVmIXYqr6"
2020-08-17T04:18:05.502039692Z  [2020-08-17T04:18:05Z INFO  dt_client_bytes] 16::38162cb0-e585-43d7-b55d-5c240b2bfb7c/3142192f-6bae-4f12-a6f3-5464dc37e790/d0a71d84-b80f-4558-beac-8887750652e3 "16 kPU7f7pHnUujdUQzKsYhkMICEo4hviR4amSx8yhWtXZThWHWBsA7aHp1bNpKR"
2020-08-17T04:18:05.508504875Z  [2020-08-17T04:18:05Z INFO  dt_client_bytes] Publish 1
2020-08-17T04:18:05.509708970Z  [2020-08-17T04:18:05Z INFO  dt_client_bytes] Publish 2
2020-08-17T04:18:05.510851472Z  [2020-08-17T04:18:05Z INFO  dt_client_bytes] Publish 3
2020-08-17T04:18:05.512018570Z  [2020-08-17T04:18:05Z INFO  dt_client_bytes] Publish 4
2020-08-17T04:18:05.513201741Z  [2020-08-17T04:18:05Z INFO  dt_client_bytes] Publish 5
2020-08-17T04:18:05.513221699Z  [2020-08-17T04:18:05Z INFO  dt_client_bytes] 17::38162cb0-e585-43d7-b55d-5c240b2bfb7c/3142192f-6bae-4f12-a6f3-5464dc37e790/d0a71d84-b80f-4558-beac-8887750652e3 "17 UBy7dbRgaihl6AMBoJmKRHsnuL8eom1Drpcst883g9DX3nd2Eswtkjjpg5GI3"
2020-08-17T04:18:05.514353819Z  [2020-08-17T04:18:05Z INFO  dt_client_bytes] Publish 6
2020-08-17T04:18:05.515479630Z  [2020-08-17T04:18:05Z INFO  dt_client_bytes] Publish 7
2020-08-17T04:18:05.516575427Z  [2020-08-17T04:18:05Z INFO  dt_client_bytes] Publish 8
2020-08-17T04:18:05.517777084Z  [2020-08-17T04:18:05Z INFO  dt_client_bytes] Publish 9
2020-08-17T04:18:05.518863699Z  [2020-08-17T04:18:05Z INFO  dt_client_bytes] Publish 10
2020-08-17T04:18:05.520017711Z  [2020-08-17T04:18:05Z INFO  dt_client_bytes] Publish 11
2020-08-17T04:18:05.521173189Z  [2020-08-17T04:18:05Z INFO  dt_client_bytes] Publish 12
2020-08-17T04:18:05.522352649Z  [2020-08-17T04:18:05Z INFO  dt_client_bytes] Publish 13
2020-08-17T04:18:05.523532906Z  [2020-08-17T04:18:05Z INFO  dt_client_bytes] Publish 14
2020-08-17T04:18:05.524696328Z  [2020-08-17T04:18:05Z INFO  dt_client_bytes] Publish 15
2020-08-17T04:18:05.524715932Z  [2020-08-17T04:18:05Z INFO  dt_client_bytes] 18::38162cb0-e585-43d7-b55d-5c240b2bfb7c/3142192f-6bae-4f12-a6f3-5464dc37e790/d0a71d84-b80f-4558-beac-8887750652e3 "18 f3PjxKDN2ZByXotQdg02RRcQNZAek4GL0ZBouXXShcFjezh5OuFAAFJN0KeXi"
2020-08-17T04:18:05.525886408Z  [2020-08-17T04:18:05Z INFO  dt_client_bytes] Publish 16
2020-08-17T04:18:05.527113202Z  [2020-08-17T04:18:05Z INFO  dt_client_bytes] Publish 17
2020-08-17T04:18:05.528280762Z  [2020-08-17T04:18:05Z INFO  dt_client_bytes] Publish 18
2020-08-17T04:18:05.529439088Z  [2020-08-17T04:18:05Z INFO  dt_client_bytes] Publish 19
2020-08-17T04:18:05.537426565Z  [2020-08-17T04:18:05Z INFO  dt_client_bytes] 19::38162cb0-e585-43d7-b55d-5c240b2bfb7c/3142192f-6bae-4f12-a6f3-5464dc37e790/d0a71d84-b80f-4558-beac-8887750652e3 "19 JMmqiEVgDM5qHP9crhJF0GFLnWbzFbhKV6eSaGl3P66beRD6ZuloWFMvhkLL6"
2020-08-17T04:18:05.537488794Z  [2020-08-17T04:18:05Z INFO  dt_client_bytes] Publish 20
2020-08-17T04:18:05.548803505Z  [2020-08-17T04:18:05Z INFO  dt_client_bytes] 20::38162cb0-e585-43d7-b55d-5c240b2bfb7c/3142192f-6bae-4f12-a6f3-5464dc37e790/d0a71d84-b80f-4558-beac-8887750652e3 "20 4bvXaJm0uVhtMZEmWyZHdiRgVFtuUlyq5UMMoK23lh0tNEY4CdCbqdFL7hn7e"
2020-08-17T04:18:05.548833009Z  [2020-08-17T04:18:05Z INFO  dt_client_bytes] Publish 21
2020-08-17T04:18:05.559256971Z  [2020-08-17T04:18:05Z INFO  dt_client_bytes] 21::38162cb0-e585-43d7-b55d-5c240b2bfb7c/3142192f-6bae-4f12-a6f3-5464dc37e790/d0a71d84-b80f-4558-beac-8887750652e3 "21 rgKIjGFCPOXjtRYwbK7ZmPJxGTPZOfwf7R9M1oUsX1ofBWG5Cebq8kMfCXney"
2020-08-17T04:18:05.559287080Z  [2020-08-17T04:18:05Z INFO  dt_client_bytes] Publish 22
2020-08-17T04:18:05.570606269Z  [2020-08-17T04:18:05Z INFO  dt_client_bytes] 22::38162cb0-e585-43d7-b55d-5c240b2bfb7c/3142192f-6bae-4f12-a6f3-5464dc37e790/d0a71d84-b80f-4558-beac-8887750652e3 "22 rGpsKYLhwUGEIbCEi13decXA7wM3UiPjEeQFupJYJDco4zwyyEB70Lw3F5fuX"
2020-08-17T04:18:05.570631676Z  [2020-08-17T04:18:05Z INFO  dt_client_bytes] Publish 23
2020-08-17T04:18:05.582077710Z  [2020-08-17T04:18:05Z INFO  dt_client_bytes] 23::38162cb0-e585-43d7-b55d-5c240b2bfb7c/3142192f-6bae-4f12-a6f3-5464dc37e790/d0a71d84-b80f-4558-beac-8887750652e3 "23 UKr2nLnVsVWX9mSsfPCfr7Z6Y8OAWQvfax5mdv7xJWWKVK0KZqv1YJOt3eRlA"
2020-08-17T04:18:05.582102021Z  [2020-08-17T04:18:05Z INFO  dt_client_bytes] Publish 24
2020-08-17T04:18:05.588401151Z  [2020-08-17T04:18:05Z INFO  dt_client_bytes] PubAck { pkid: 1 }
2020-08-17T04:18:05.593781385Z  [2020-08-17T04:18:05Z INFO  dt_client_bytes] 24::38162cb0-e585-43d7-b55d-5c240b2bfb7c/3142192f-6bae-4f12-a6f3-5464dc37e790/d0a71d84-b80f-4558-beac-8887750652e3 "24 u7pqFEi65pzzP0KwWHs8DeBbbd9LULIscxzkOQHF14n8A4nHMVwTw9CijZ3oA"
2020-08-17T04:18:05.593805586Z  [2020-08-17T04:18:05Z INFO  dt_client_bytes] Publish 25
2020-08-17T04:18:05.604286831Z  [2020-08-17T04:18:05Z INFO  dt_client_bytes] 25::38162cb0-e585-43d7-b55d-5c240b2bfb7c/3142192f-6bae-4f12-a6f3-5464dc37e790/d0a71d84-b80f-4558-beac-8887750652e3 "25 dPxa1ULcCm86A2iQGwkvPCM1x7cpjewty18BOfKpqWU0q13O01SGgo2Rui6qa"
2020-08-17T04:18:05.604336886Z  [2020-08-17T04:18:05Z INFO  dt_client_bytes] Publish 26
2020-08-17T04:18:05.615665459Z  [2020-08-17T04:18:05Z INFO  dt_client_bytes] 26::38162cb0-e585-43d7-b55d-5c240b2bfb7c/3142192f-6bae-4f12-a6f3-5464dc37e790/d0a71d84-b80f-4558-beac-8887750652e3 "26 X58zu1aYbxnbbXjAVh0Or2z5LeUs8PnF9LLWb2TXLrZZPG2rSL3Cy8lf5WATS"
2020-08-17T04:18:05.615704622Z  [2020-08-17T04:18:05Z INFO  dt_client_bytes] Publish 27
2020-08-17T04:18:05.627049417Z  [2020-08-17T04:18:05Z INFO  dt_client_bytes] 27::38162cb0-e585-43d7-b55d-5c240b2bfb7c/3142192f-6bae-4f12-a6f3-5464dc37e790/d0a71d84-b80f-4558-beac-8887750652e3 "27 URkPgJ29oxjgbyMRjx2jPws8xn319ZDlJYcTpwPq11GqeeGuYJBLLGGsUPI2M"
2020-08-17T04:18:05.627073011Z  [2020-08-17T04:18:05Z INFO  dt_client_bytes] Publish 28
2020-08-17T04:18:05.638425623Z  [2020-08-17T04:18:05Z INFO  dt_client_bytes] 28::38162cb0-e585-43d7-b55d-5c240b2bfb7c/3142192f-6bae-4f12-a6f3-5464dc37e790/d0a71d84-b80f-4558-beac-8887750652e3 "28 Va7dumCsSD2I5WipDWVlBW3d6S3TS41DZlZZKMf71D6TShsWuSH41XTrzPPgh"
2020-08-17T04:18:05.638449411Z  [2020-08-17T04:18:05Z INFO  dt_client_bytes] Publish 29
2020-08-17T04:18:05.649982626Z  [2020-08-17T04:18:05Z INFO  dt_client_bytes] 29::38162cb0-e585-43d7-b55d-5c240b2bfb7c/3142192f-6bae-4f12-a6f3-5464dc37e790/d0a71d84-b80f-4558-beac-8887750652e3 "29 me4kXkSRJpZAF0VORoLmbEJRySsKLL2QazqxNGnUSSg55sZWJC77jT0PXRWCF"
2020-08-17T04:18:05.650007297Z  [2020-08-17T04:18:05Z INFO  dt_client_bytes] Publish 30
2020-08-17T04:18:05.661445342Z  [2020-08-17T04:18:05Z INFO  dt_client_bytes] 30::38162cb0-e585-43d7-b55d-5c240b2bfb7c/3142192f-6bae-4f12-a6f3-5464dc37e790/d0a71d84-b80f-4558-beac-8887750652e3 "30 KGrUtamRPAqCwwMxbkmMpI1T6pqoHtpSKGarNxTV9ahTs8OhaZYbUeTGWxQuu"
2020-08-17T04:18:05.661471911Z  [2020-08-17T04:18:05Z INFO  dt_client_bytes] Publish 31
2020-08-17T04:18:05.672945062Z  [2020-08-17T04:18:05Z INFO  dt_client_bytes] 31::38162cb0-e585-43d7-b55d-5c240b2bfb7c/3142192f-6bae-4f12-a6f3-5464dc37e790/d0a71d84-b80f-4558-beac-8887750652e3 "31 7Slc8GkM678BewZKPZAQkE1RodVxPtxPP7Bx8iXEzfnRcrP8CRY9XBTRfYuvZ"
2020-08-17T04:18:05.672995424Z  [2020-08-17T04:18:05Z INFO  dt_client_bytes] Publish 32
2020-08-17T04:18:05.679597687Z  [2020-08-17T04:18:05Z INFO  dt_client_bytes] PubAck { pkid: 2 }
2020-08-17T04:18:05.680521197Z  [2020-08-17T04:18:05Z INFO  dt_client_bytes] PubAck { pkid: 3 }
2020-08-17T04:18:05.681691945Z  [2020-08-17T04:18:05Z INFO  dt_client_bytes] PubAck { pkid: 4 }
2020-08-17T04:18:05.682794375Z  [2020-08-17T04:18:05Z INFO  dt_client_bytes] PubAck { pkid: 5 }
2020-08-17T04:18:05.688346622Z  [2020-08-17T04:18:05Z INFO  dt_client_bytes] PubAck { pkid: 6 }
2020-08-17T04:18:05.688368540Z  [2020-08-17T04:18:05Z INFO  dt_client_bytes] 32::38162cb0-e585-43d7-b55d-5c240b2bfb7c/3142192f-6bae-4f12-a6f3-5464dc37e790/d0a71d84-b80f-4558-beac-8887750652e3 "32 kgMlhifavOC5eqSm1G0CHrD36awep8DCYTb30BIHI7rGijc8rnDzCAtaKOxfU"
2020-08-17T04:18:05.688380603Z  [2020-08-17T04:18:05Z INFO  dt_client_bytes] PubAck { pkid: 7 }
2020-08-17T04:18:05.688390761Z  [2020-08-17T04:18:05Z INFO  dt_client_bytes] Publish 33
2020-08-17T04:18:05.688418099Z  [2020-08-17T04:18:05Z INFO  dt_client_bytes] PubAck { pkid: 8 }
2020-08-17T04:18:05.694028489Z  [2020-08-17T04:18:05Z INFO  dt_client_bytes] PubAck { pkid: 9 }
2020-08-17T04:18:05.694051947Z  [2020-08-17T04:18:05Z INFO  dt_client_bytes] PubAck { pkid: 10 }
2020-08-17T04:18:05.694063049Z  [2020-08-17T04:18:05Z INFO  dt_client_bytes] PubAck { pkid: 11 }
2020-08-17T04:18:05.694088435Z  [2020-08-17T04:18:05Z INFO  dt_client_bytes] PubAck { pkid: 12 }
2020-08-17T04:18:05.694101546Z  [2020-08-17T04:18:05Z INFO  dt_client_bytes] PubAck { pkid: 13 }
2020-08-17T04:18:05.696965707Z  [2020-08-17T04:18:05Z INFO  dt_client_bytes] PubAck { pkid: 14 }
2020-08-17T04:18:05.696997053Z  [2020-08-17T04:18:05Z INFO  dt_client_bytes] PubAck { pkid: 15 }
2020-08-17T04:18:05.697053193Z  [2020-08-17T04:18:05Z INFO  dt_client_bytes] 33::38162cb0-e585-43d7-b55d-5c240b2bfb7c/3142192f-6bae-4f12-a6f3-5464dc37e790/d0a71d84-b80f-4558-beac-8887750652e3 "33 pX0mSwttgR69wHqFTWZZ1b9GKBBQxS84KKOtM6r1yJ9UiBIuxo0TocxDAOPtS"
2020-08-17T04:18:05.697067515Z  [2020-08-17T04:18:05Z INFO  dt_client_bytes] PubAck { pkid: 16 }
2020-08-17T04:18:05.698654829Z  [2020-08-17T04:18:05Z INFO  dt_client_bytes] Publish 34
2020-08-17T04:18:05.707073846Z  [2020-08-17T04:18:05Z INFO  dt_client_bytes] 34::38162cb0-e585-43d7-b55d-5c240b2bfb7c/3142192f-6bae-4f12-a6f3-5464dc37e790/d0a71d84-b80f-4558-beac-8887750652e3 "34 LZyCmZP3S6Iqt4zd2oEpofaiO4foFJLkLwyatAYyvWCwmqWUNogyHYzheDedT"
2020-08-17T04:18:05.707139081Z  [2020-08-17T04:18:05Z INFO  dt_client_bytes] Publish 35
2020-08-17T04:18:05.718617462Z  [2020-08-17T04:18:05Z INFO  dt_client_bytes] 35::38162cb0-e585-43d7-b55d-5c240b2bfb7c/3142192f-6bae-4f12-a6f3-5464dc37e790/d0a71d84-b80f-4558-beac-8887750652e3 "35 b1t2fW2ibFZ2mUqBnEAC4y1nYYGzrsHpqiCV0htXeuLefawjDZKHOyMaDMibi"
2020-08-17T04:18:05.718669189Z  [2020-08-17T04:18:05Z INFO  dt_client_bytes] Publish 36
2020-08-17T04:18:05.730075024Z  [2020-08-17T04:18:05Z INFO  dt_client_bytes] 36::38162cb0-e585-43d7-b55d-5c240b2bfb7c/3142192f-6bae-4f12-a6f3-5464dc37e790/d0a71d84-b80f-4558-beac-8887750652e3 "36 WKceOPT1iR0fWolmIicK3UQ8PWXRFv1JiMKbBl7owZziGodreNW5Wcn7E4HpC"
2020-08-17T04:18:05.730116179Z  [2020-08-17T04:18:05Z INFO  dt_client_bytes] Publish 37
2020-08-17T04:18:05.741449989Z  [2020-08-17T04:18:05Z INFO  dt_client_bytes] 37::38162cb0-e585-43d7-b55d-5c240b2bfb7c/3142192f-6bae-4f12-a6f3-5464dc37e790/d0a71d84-b80f-4558-beac-8887750652e3 "37 OlPuzBbSm9KPuxsTkJanwgJxk143PnVXeqpe9dAWqee3XaTTBEzileQG4g1ju"
2020-08-17T04:18:05.741475286Z  [2020-08-17T04:18:05Z INFO  dt_client_bytes] Publish 38
2020-08-17T04:18:05.754457104Z  [2020-08-17T04:18:05Z INFO  dt_client_bytes] 38::38162cb0-e585-43d7-b55d-5c240b2bfb7c/3142192f-6bae-4f12-a6f3-5464dc37e790/d0a71d84-b80f-4558-beac-8887750652e3 "38 nzCliZ8OPcxvO4Vnk0k55Rnuaa5fMLaHtdaxjlnDW0wDB37Pl3u10YvArJvro"
2020-08-17T04:18:05.754480542Z  [2020-08-17T04:18:05Z INFO  dt_client_bytes] Publish 39
2020-08-17T04:18:05.758396866Z  [2020-08-17T04:18:05Z INFO  dt_client_bytes] PubAck { pkid: 17 }
2020-08-17T04:18:05.759898773Z  [2020-08-17T04:18:05Z INFO  dt_client_bytes] PubAck { pkid: 18 }
2020-08-17T04:18:05.762024335Z  [2020-08-17T04:18:05Z INFO  dt_client_bytes] PubAck { pkid: 19 }
2020-08-17T04:18:05.762047085Z  [2020-08-17T04:18:05Z INFO  dt_client_bytes] PubAck { pkid: 20 }
2020-08-17T04:18:05.769369028Z  [2020-08-17T04:18:05Z INFO  dt_client_bytes] PubAck { pkid: 21 }
2020-08-17T04:18:05.769389948Z  [2020-08-17T04:18:05Z INFO  dt_client_bytes] 39::38162cb0-e585-43d7-b55d-5c240b2bfb7c/3142192f-6bae-4f12-a6f3-5464dc37e790/d0a71d84-b80f-4558-beac-8887750652e3 "39 gQBRwhqYyq0EZPGgEeHjJRAX6fL9NpuNDxxXAaWgLODUTUAYNzeZRDK6T6xkQ"
2020-08-17T04:18:05.769401138Z  [2020-08-17T04:18:05Z INFO  dt_client_bytes] PubAck { pkid: 22 }
2020-08-17T04:18:05.769410362Z  [2020-08-17T04:18:05Z INFO  dt_client_bytes] PubAck { pkid: 23 }
2020-08-17T04:18:05.769433148Z  [2020-08-17T04:18:05Z INFO  dt_client_bytes] PubAck { pkid: 24 }
2020-08-17T04:18:05.769443437Z  [2020-08-17T04:18:05Z INFO  dt_client_bytes] Publish 40
2020-08-17T04:18:05.774601955Z  [2020-08-17T04:18:05Z INFO  dt_client_bytes] 40::38162cb0-e585-43d7-b55d-5c240b2bfb7c/3142192f-6bae-4f12-a6f3-5464dc37e790/d0a71d84-b80f-4558-beac-8887750652e3 "40 kDMQ54ZzHgM9CYHYlo1Vj6KRXcSfRUbKfYm3JkAz6KJEGO6lu0xPtWnS0IGOb"
2020-08-17T04:18:05.774623833Z  [2020-08-17T04:18:05Z INFO  dt_client_bytes] Publish 41
2020-08-17T04:18:05.790691269Z  [2020-08-17T04:18:05Z INFO  dt_client_bytes] 41::38162cb0-e585-43d7-b55d-5c240b2bfb7c/3142192f-6bae-4f12-a6f3-5464dc37e790/d0a71d84-b80f-4558-beac-8887750652e3 "41 JwZarFr0sAzc4UDIm71DAv8TFzi9cWO8paA1gAJus4KeYcuqcSNyLtqzPnZui"
2020-08-17T04:18:05.790719450Z  [2020-08-17T04:18:05Z INFO  dt_client_bytes] Publish 42
2020-08-17T04:18:05.801787217Z  [2020-08-17T04:18:05Z INFO  dt_client_bytes] 42::38162cb0-e585-43d7-b55d-5c240b2bfb7c/3142192f-6bae-4f12-a6f3-5464dc37e790/d0a71d84-b80f-4558-beac-8887750652e3 "42 rkpHxsBW2ElpF5C9jfYXeSGbR5yJH95g5cWzqHQWgAo9oygKIrWl1WW1KRxTv"
2020-08-17T04:18:05.802019698Z  [2020-08-17T04:18:05Z INFO  dt_client_bytes] Publish 43
2020-08-17T04:18:05.816953176Z  [2020-08-17T04:18:05Z INFO  dt_client_bytes] 43::38162cb0-e585-43d7-b55d-5c240b2bfb7c/3142192f-6bae-4f12-a6f3-5464dc37e790/d0a71d84-b80f-4558-beac-8887750652e3 "43 lEsEDnJTFgxkbdwq7AXHhhNuDjFBIzegQAD77tF6YMcFiFWy0fEBH5Fv8yIOY"
2020-08-17T04:18:05.816978775Z  [2020-08-17T04:18:05Z INFO  dt_client_bytes] Publish 44
2020-08-17T04:18:05.827046592Z  [2020-08-17T04:18:05Z INFO  dt_client_bytes] 44::38162cb0-e585-43d7-b55d-5c240b2bfb7c/3142192f-6bae-4f12-a6f3-5464dc37e790/d0a71d84-b80f-4558-beac-8887750652e3 "44 nt6EAt97GogN6U4mPZklIvQ5iPl46tCjYhwiI5WT2iNdBEL4KSbXfGYbaQrAI"
2020-08-17T04:18:05.827232778Z  [2020-08-17T04:18:05Z INFO  dt_client_bytes] Publish 45
2020-08-17T04:18:05.847228202Z  [2020-08-17T04:18:05Z INFO  dt_client_bytes] 45::38162cb0-e585-43d7-b55d-5c240b2bfb7c/3142192f-6bae-4f12-a6f3-5464dc37e790/d0a71d84-b80f-4558-beac-8887750652e3 "45 Lpvh3HFXPI1eGP3q31VMGDSq8qXosVgLmnFNxdvBslMA9SR83zL7u9rEd8vl1"
2020-08-17T04:18:05.847268268Z  [2020-08-17T04:18:05Z INFO  dt_client_bytes] Publish 46
2020-08-17T04:18:05.850001315Z  [2020-08-17T04:18:05Z INFO  dt_client_bytes] 46::38162cb0-e585-43d7-b55d-5c240b2bfb7c/3142192f-6bae-4f12-a6f3-5464dc37e790/d0a71d84-b80f-4558-beac-8887750652e3 "46 AhRy65wCDZ6yg06oJstahhTEcQtVJR6LkLC3qIVWaj6Rree1EV0WKJMrOZQ4Q"
2020-08-17T04:18:05.850023113Z  [2020-08-17T04:18:05Z INFO  dt_client_bytes] Publish 47
2020-08-17T04:18:05.851967637Z  [2020-08-17T04:18:05Z INFO  dt_client_bytes] PubAck { pkid: 25 }
2020-08-17T04:18:05.853137746Z  [2020-08-17T04:18:05Z INFO  dt_client_bytes] PubAck { pkid: 26 }
2020-08-17T04:18:05.854272844Z  [2020-08-17T04:18:05Z INFO  dt_client_bytes] PubAck { pkid: 27 }
2020-08-17T04:18:05.855418157Z  [2020-08-17T04:18:05Z INFO  dt_client_bytes] PubAck { pkid: 28 }
2020-08-17T04:18:05.856566823Z  [2020-08-17T04:18:05Z INFO  dt_client_bytes] PubAck { pkid: 29 }
2020-08-17T04:18:05.857712741Z  [2020-08-17T04:18:05Z INFO  dt_client_bytes] PubAck { pkid: 30 }
2020-08-17T04:18:05.858842041Z  [2020-08-17T04:18:05Z INFO  dt_client_bytes] PubAck { pkid: 31 }
2020-08-17T04:18:05.860016154Z  [2020-08-17T04:18:05Z INFO  dt_client_bytes] PubAck { pkid: 32 }
2020-08-17T04:18:05.861473923Z  [2020-08-17T04:18:05Z INFO  dt_client_bytes] 47::38162cb0-e585-43d7-b55d-5c240b2bfb7c/3142192f-6bae-4f12-a6f3-5464dc37e790/d0a71d84-b80f-4558-beac-8887750652e3 "47 kf5cECgzBagxGdJxEjYqUaK6VQJjHnTmdk2MhXYyRzoY8CuVOfWdXHbc4QEup"
2020-08-17T04:18:05.861493321Z  [2020-08-17T04:18:05Z INFO  dt_client_bytes] Publish 48
2020-08-17T04:18:05.881709150Z  [2020-08-17T04:18:05Z INFO  dt_client_bytes] 48::38162cb0-e585-43d7-b55d-5c240b2bfb7c/3142192f-6bae-4f12-a6f3-5464dc37e790/d0a71d84-b80f-4558-beac-8887750652e3 "48 kvL6NnbEPpsfT5ENiIgQC6thMXpSsWsdb3TvoLQeNMulACTttahEG4ZWwRwR9"
2020-08-17T04:18:05.881728248Z  [2020-08-17T04:18:05Z INFO  dt_client_bytes] Publish 49
2020-08-17T04:18:05.885457917Z  [2020-08-17T04:18:05Z INFO  dt_client_bytes] 49::38162cb0-e585-43d7-b55d-5c240b2bfb7c/3142192f-6bae-4f12-a6f3-5464dc37e790/d0a71d84-b80f-4558-beac-8887750652e3 "49 59ak84V4zt2bH3XjfG9MLCidT0FdBmFpphlZS96YGwF0mM845u0A3w0ACjfCH"
2020-08-17T04:18:05.885479853Z  [2020-08-17T04:18:05Z INFO  dt_client_bytes] Publish 50
2020-08-17T04:18:05.895948528Z  [2020-08-17T04:18:05Z INFO  dt_client_bytes] 50::38162cb0-e585-43d7-b55d-5c240b2bfb7c/3142192f-6bae-4f12-a6f3-5464dc37e790/d0a71d84-b80f-4558-beac-8887750652e3 "50 fS4jtng4a2K0sb7n5oSCG9WoJEdBJxuNAbDsRbZvTGSEUeo8Uf7i3BVXW4b4e"
2020-08-17T04:18:05.895973015Z  [2020-08-17T04:18:05Z INFO  dt_client_bytes] Publish 51
2020-08-17T04:18:05.907716250Z  [2020-08-17T04:18:05Z INFO  dt_client_bytes] 51::38162cb0-e585-43d7-b55d-5c240b2bfb7c/3142192f-6bae-4f12-a6f3-5464dc37e790/d0a71d84-b80f-4558-beac-8887750652e3 "51 eG5fqWcloCn1Dh0n6seiq4OsQopfHkeMhAooZxB0vX9ynkTvo06aZYmrxB4AD"
2020-08-17T04:18:05.907752748Z  [2020-08-17T04:18:05Z INFO  dt_client_bytes] Publish 52
2020-08-17T04:18:05.918334758Z  [2020-08-17T04:18:05Z INFO  dt_client_bytes] 52::38162cb0-e585-43d7-b55d-5c240b2bfb7c/3142192f-6bae-4f12-a6f3-5464dc37e790/d0a71d84-b80f-4558-beac-8887750652e3 "52 Tf2RdYBWuJu3vnPOUkXGEzeIoTsZQRdcpYlAn1RpNKoiqhyh72275FhCInFQG"
2020-08-17T04:18:05.918385786Z  [2020-08-17T04:18:05Z INFO  dt_client_bytes] Publish 53
2020-08-17T04:18:05.929874089Z  [2020-08-17T04:18:05Z INFO  dt_client_bytes] 53::38162cb0-e585-43d7-b55d-5c240b2bfb7c/3142192f-6bae-4f12-a6f3-5464dc37e790/d0a71d84-b80f-4558-beac-8887750652e3 "53 hC7boZqjN38Usncox23ZmByuVNe3g300rhBbqGeK12zpg61wKwftFhOt0gbIo"
2020-08-17T04:18:05.929930088Z  [2020-08-17T04:18:05Z INFO  dt_client_bytes] Publish 54
2020-08-17T04:18:05.940299180Z  [2020-08-17T04:18:05Z INFO  dt_client_bytes] 54::38162cb0-e585-43d7-b55d-5c240b2bfb7c/3142192f-6bae-4f12-a6f3-5464dc37e790/d0a71d84-b80f-4558-beac-8887750652e3 "54 T0U63Pld6Zfy2PTdgUYHQotcclRSYtQ9214vwsmDSwY8PCeVRP4kqllEseL3K"
2020-08-17T04:18:05.940326421Z  [2020-08-17T04:18:05Z INFO  dt_client_bytes] Publish 55
2020-08-17T04:18:05.953122739Z  [2020-08-17T04:18:05Z INFO  dt_client_bytes] 55::38162cb0-e585-43d7-b55d-5c240b2bfb7c/3142192f-6bae-4f12-a6f3-5464dc37e790/d0a71d84-b80f-4558-beac-8887750652e3 "55 sLxe0EPbZmkKla8GeGFZT5zBBIWala6yDbF5fh2GZDQqTuUVtKKEPBDVCrtLS"
2020-08-17T04:18:05.953148120Z  [2020-08-17T04:18:05Z INFO  dt_client_bytes] Publish 56
2020-08-17T04:18:05.960350783Z  [2020-08-17T04:18:05Z INFO  dt_client_bytes] PubAck { pkid: 33 }
2020-08-17T04:18:05.961636453Z  [2020-08-17T04:18:05Z INFO  dt_client_bytes] PubAck { pkid: 34 }
2020-08-17T04:18:05.961873415Z  [2020-08-17T04:18:05Z INFO  dt_client_bytes] 56::38162cb0-e585-43d7-b55d-5c240b2bfb7c/3142192f-6bae-4f12-a6f3-5464dc37e790/d0a71d84-b80f-4558-beac-8887750652e3 "56 zOiPjBgkKQ78M4TpQ062nxZ4UlvvX9LQjXVjhxAGmPG2Kac16EtGmtQaAEdLg"
2020-08-17T04:18:05.963129299Z  [2020-08-17T04:18:05Z INFO  dt_client_bytes] PubAck { pkid: 35 }
2020-08-17T04:18:05.964443043Z  [2020-08-17T04:18:05Z INFO  dt_client_bytes] PubAck { pkid: 36 }
2020-08-17T04:18:05.965722046Z  [2020-08-17T04:18:05Z INFO  dt_client_bytes] PubAck { pkid: 37 }
2020-08-17T04:18:05.966980388Z  [2020-08-17T04:18:05Z INFO  dt_client_bytes] Publish 57
2020-08-17T04:18:05.968230908Z  [2020-08-17T04:18:05Z INFO  dt_client_bytes] PubAck { pkid: 38 }
2020-08-17T04:18:05.969487194Z  [2020-08-17T04:18:05Z INFO  dt_client_bytes] PubAck { pkid: 39 }
2020-08-17T04:18:05.970718817Z  [2020-08-17T04:18:05Z INFO  dt_client_bytes] PubAck { pkid: 40 }
2020-08-17T04:18:05.971975862Z  [2020-08-17T04:18:05Z INFO  dt_client_bytes] PubAck { pkid: 41 }
2020-08-17T04:18:05.973821660Z  [2020-08-17T04:18:05Z INFO  dt_client_bytes] 57::38162cb0-e585-43d7-b55d-5c240b2bfb7c/3142192f-6bae-4f12-a6f3-5464dc37e790/d0a71d84-b80f-4558-beac-8887750652e3 "57 g49nTmlwAQzDkYy2tOVJCnRUvfiwu2DFTdcrBdB4hMjlkMuiPdD9ylERTCfGE"
2020-08-17T04:18:05.974055118Z  [2020-08-17T04:18:05Z INFO  dt_client_bytes] Publish 58
2020-08-17T04:18:05.985852188Z  [2020-08-17T04:18:05Z INFO  dt_client_bytes] 58::38162cb0-e585-43d7-b55d-5c240b2bfb7c/3142192f-6bae-4f12-a6f3-5464dc37e790/d0a71d84-b80f-4558-beac-8887750652e3 "58 2qINs3A8nxfLc2wDfCl0PTHGeAlcITPTHvktTbjtNn7NtJn7Be0MuL6Tnn40c"
2020-08-17T04:18:05.986042274Z  [2020-08-17T04:18:05Z INFO  dt_client_bytes] Publish 59
2020-08-17T04:18:05.997497340Z  [2020-08-17T04:18:05Z INFO  dt_client_bytes] 59::38162cb0-e585-43d7-b55d-5c240b2bfb7c/3142192f-6bae-4f12-a6f3-5464dc37e790/d0a71d84-b80f-4558-beac-8887750652e3 "59 rO8wClc3uQCSqL0Sa0PtZMJOk4ykrKbA52XQCvczOB4CKA1rwR9KvYh3Rott4"
2020-08-17T04:18:05.997701438Z  [2020-08-17T04:18:05Z INFO  dt_client_bytes] Publish 60
2020-08-17T04:18:06.009321496Z  [2020-08-17T04:18:06Z INFO  dt_client_bytes] 60::38162cb0-e585-43d7-b55d-5c240b2bfb7c/3142192f-6bae-4f12-a6f3-5464dc37e790/d0a71d84-b80f-4558-beac-8887750652e3 "60 oPyjqavpZNHMVb8vxwyeIRx6AKROJssnGFju8fmGT5pq4pmlHr0xCLovgAnX8"
2020-08-17T04:18:06.009361073Z  [2020-08-17T04:18:06Z INFO  dt_client_bytes] Publish 61
2020-08-17T04:18:06.019707754Z  [2020-08-17T04:18:06Z INFO  dt_client_bytes] 61::38162cb0-e585-43d7-b55d-5c240b2bfb7c/3142192f-6bae-4f12-a6f3-5464dc37e790/d0a71d84-b80f-4558-beac-8887750652e3 "61 Ga9EaJpdxJK5RCid278VlJcgXK7eEKgTBfZOvmCHaXMfc51xKnXjESkbjDh2r"
2020-08-17T04:18:06.019739354Z  [2020-08-17T04:18:06Z INFO  dt_client_bytes] Publish 62
2020-08-17T04:18:06.031800098Z  [2020-08-17T04:18:06Z INFO  dt_client_bytes] 62::38162cb0-e585-43d7-b55d-5c240b2bfb7c/3142192f-6bae-4f12-a6f3-5464dc37e790/d0a71d84-b80f-4558-beac-8887750652e3 "62 UtzBfmKzzmXgOjp90VLucENEMIGDyCugurwC30RHW9njpVXrNxwYmEtUDwlAv"
2020-08-17T04:18:06.031839425Z  [2020-08-17T04:18:06Z INFO  dt_client_bytes] Publish 63
2020-08-17T04:18:06.041575751Z  [2020-08-17T04:18:06Z INFO  dt_client_bytes] 63::38162cb0-e585-43d7-b55d-5c240b2bfb7c/3142192f-6bae-4f12-a6f3-5464dc37e790/d0a71d84-b80f-4558-beac-8887750652e3 "63 ZjBvys5L6anLLjKpLfZ6YMQUnn4tg7CakignODpJza1KcCCPwQOF8ArAyZeMd"
2020-08-17T04:18:06.041614399Z  [2020-08-17T04:18:06Z INFO  dt_client_bytes] Publish 64
2020-08-17T04:18:06.053091460Z  [2020-08-17T04:18:06Z INFO  dt_client_bytes] 64::38162cb0-e585-43d7-b55d-5c240b2bfb7c/3142192f-6bae-4f12-a6f3-5464dc37e790/d0a71d84-b80f-4558-beac-8887750652e3 "64 nfBCkEQM0qcH77zbRxieX3ReH9wZSYg4xYU21uTNQKUFdhQ6k7hbke2CMehTL"
2020-08-17T04:18:06.053129137Z  [2020-08-17T04:18:06Z INFO  dt_client_bytes] Publish 65
2020-08-17T04:18:06.064617140Z  [2020-08-17T04:18:06Z INFO  dt_client_bytes] 65::38162cb0-e585-43d7-b55d-5c240b2bfb7c/3142192f-6bae-4f12-a6f3-5464dc37e790/d0a71d84-b80f-4558-beac-8887750652e3 "65 l7njLlNMKHvDY495jO2op630OHSfmVdzsl4LQvph7Lvy79538uz7GtaXZ8EmI"
2020-08-17T04:18:06.064642714Z  [2020-08-17T04:18:06Z INFO  dt_client_bytes] Publish 66
2020-08-17T04:18:06.076273524Z  [2020-08-17T04:18:06Z INFO  dt_client_bytes] 66::38162cb0-e585-43d7-b55d-5c240b2bfb7c/3142192f-6bae-4f12-a6f3-5464dc37e790/d0a71d84-b80f-4558-beac-8887750652e3 "66 z4IhV7Wpk8onC1sH4iIJFy8TwNtspTlIbemYBusdFXWCwhan7d3fQBGXnx2F1"
2020-08-17T04:18:06.076341775Z  [2020-08-17T04:18:06Z INFO  dt_client_bytes] Publish 67
2020-08-17T04:18:06.082498949Z  [2020-08-17T04:18:06Z INFO  dt_client_bytes] PubAck { pkid: 42 }
2020-08-17T04:18:06.083708211Z  [2020-08-17T04:18:06Z INFO  dt_client_bytes] PubAck { pkid: 43 }
2020-08-17T04:18:06.084941350Z  [2020-08-17T04:18:06Z INFO  dt_client_bytes] PubAck { pkid: 44 }
2020-08-17T04:18:06.086214104Z  [2020-08-17T04:18:06Z INFO  dt_client_bytes] PubAck { pkid: 45 }
2020-08-17T04:18:06.087614260Z  [2020-08-17T04:18:06Z INFO  dt_client_bytes] PubAck { pkid: 46 }
2020-08-17T04:18:06.087679661Z  [2020-08-17T04:18:06Z INFO  dt_client_bytes] 67::38162cb0-e585-43d7-b55d-5c240b2bfb7c/3142192f-6bae-4f12-a6f3-5464dc37e790/d0a71d84-b80f-4558-beac-8887750652e3 "67 obno24UArjKUltL8bcQpE1G3gwYiBFnUAyriA8UvvMdUoqeIgDcy87Cj7Dwiv"
2020-08-17T04:18:06.088747232Z  [2020-08-17T04:18:06Z INFO  dt_client_bytes] Publish 68
2020-08-17T04:18:06.089867354Z  [2020-08-17T04:18:06Z INFO  dt_client_bytes] PubAck { pkid: 47 }
2020-08-17T04:18:06.091021366Z  [2020-08-17T04:18:06Z INFO  dt_client_bytes] PubAck { pkid: 48 }
2020-08-17T04:18:06.092143531Z  [2020-08-17T04:18:06Z INFO  dt_client_bytes] PubAck { pkid: 49 }
2020-08-17T04:18:06.093300006Z  [2020-08-17T04:18:06Z INFO  dt_client_bytes] PubAck { pkid: 50 }
2020-08-17T04:18:06.099300178Z  [2020-08-17T04:18:06Z INFO  dt_client_bytes] 68::38162cb0-e585-43d7-b55d-5c240b2bfb7c/3142192f-6bae-4f12-a6f3-5464dc37e790/d0a71d84-b80f-4558-beac-8887750652e3 "68 GE2Oxs1AtxuOUXyD70R4OTVQaBOyVRh4mAfP5r37vYo89lCnG6qiyKGUoTlX9"
2020-08-17T04:18:06.099328117Z  [2020-08-17T04:18:06Z INFO  dt_client_bytes] Publish 69
2020-08-17T04:18:06.110565444Z  [2020-08-17T04:18:06Z INFO  dt_client_bytes] 69::38162cb0-e585-43d7-b55d-5c240b2bfb7c/3142192f-6bae-4f12-a6f3-5464dc37e790/d0a71d84-b80f-4558-beac-8887750652e3 "69 WvgKRzwjBGS55CkUQektoe3epXhZAaImo5isYMW9S5ZHnJsQrQdGFAcVAx3oO"
2020-08-17T04:18:06.110619187Z  [2020-08-17T04:18:06Z INFO  dt_client_bytes] Publish 70
2020-08-17T04:18:06.122155563Z  [2020-08-17T04:18:06Z INFO  dt_client_bytes] 70::38162cb0-e585-43d7-b55d-5c240b2bfb7c/3142192f-6bae-4f12-a6f3-5464dc37e790/d0a71d84-b80f-4558-beac-8887750652e3 "70 rZQjcZKJHKPDRPCJGl2wf57Ab22SUDF9iICuUdZZ73kSSPv9bLLZqeSorYmFp"
2020-08-17T04:18:06.122203898Z  [2020-08-17T04:18:06Z INFO  dt_client_bytes] Publish 71
2020-08-17T04:18:06.133944852Z  [2020-08-17T04:18:06Z INFO  dt_client_bytes] 71::38162cb0-e585-43d7-b55d-5c240b2bfb7c/3142192f-6bae-4f12-a6f3-5464dc37e790/d0a71d84-b80f-4558-beac-8887750652e3 "71 BkfG6wm51JiglUq0WBWwAmvMWUFMwUpHb6hijmaFXOK6xFc8kGi744l8M36pz"
2020-08-17T04:18:06.134568227Z  [2020-08-17T04:18:06Z INFO  dt_client_bytes] Publish 72
2020-08-17T04:18:06.144350030Z  [2020-08-17T04:18:06Z INFO  dt_client_bytes] 72::38162cb0-e585-43d7-b55d-5c240b2bfb7c/3142192f-6bae-4f12-a6f3-5464dc37e790/d0a71d84-b80f-4558-beac-8887750652e3 "72 IuYZkr2g4057qGCDPqHXlr5J4poVQpzTqoLxAt5pfXqj09tNnn6L6bN1xZ0ko"
2020-08-17T04:18:06.144389716Z  [2020-08-17T04:18:06Z INFO  dt_client_bytes] Publish 73
2020-08-17T04:18:06.156046004Z  [2020-08-17T04:18:06Z INFO  dt_client_bytes] 73::38162cb0-e585-43d7-b55d-5c240b2bfb7c/3142192f-6bae-4f12-a6f3-5464dc37e790/d0a71d84-b80f-4558-beac-8887750652e3 "73 dhS2tPSM8byWXb7rijeFfdb858ADEv8cfe65DgwaaNCfqbWy4uiXUMnt4CVfL"
2020-08-17T04:18:06.156069839Z  [2020-08-17T04:18:06Z INFO  dt_client_bytes] Publish 74
2020-08-17T04:18:06.170086405Z  [2020-08-17T04:18:06Z INFO  dt_client_bytes] 74::38162cb0-e585-43d7-b55d-5c240b2bfb7c/3142192f-6bae-4f12-a6f3-5464dc37e790/d0a71d84-b80f-4558-beac-8887750652e3 "74 UnDzKmHCrOuekdz07Ryzxh6NGvUPaUvVMLuKu4aLbG6rDMtBXS6Umm1DWj4PK"
2020-08-17T04:18:06.170148490Z  [2020-08-17T04:18:06Z INFO  dt_client_bytes] Publish 75
2020-08-17T04:18:06.179333017Z  [2020-08-17T04:18:06Z INFO  dt_client_bytes] 75::38162cb0-e585-43d7-b55d-5c240b2bfb7c/3142192f-6bae-4f12-a6f3-5464dc37e790/d0a71d84-b80f-4558-beac-8887750652e3 "75 NzKEq6cys2GumtWDzHduR7AMokHtPC8HXQEfsTjMBcwnEqyOeOabqTKelfbS3"
2020-08-17T04:18:06.179358610Z  [2020-08-17T04:18:06Z INFO  dt_client_bytes] Publish 76
2020-08-17T04:18:06.190760267Z  [2020-08-17T04:18:06Z INFO  dt_client_bytes] 76::38162cb0-e585-43d7-b55d-5c240b2bfb7c/3142192f-6bae-4f12-a6f3-5464dc37e790/d0a71d84-b80f-4558-beac-8887750652e3 "76 pA6HJdUsSQTfVOfLAPPRIX0lc4Y1I9R0PMPKWmAyTsuCCSX7uN72jggLJ16qo"
2020-08-17T04:18:06.190789262Z  [2020-08-17T04:18:06Z INFO  dt_client_bytes] Publish 77
2020-08-17T04:18:06.201361662Z  [2020-08-17T04:18:06Z INFO  dt_client_bytes] 77::38162cb0-e585-43d7-b55d-5c240b2bfb7c/3142192f-6bae-4f12-a6f3-5464dc37e790/d0a71d84-b80f-4558-beac-8887750652e3 "77 mG6z4epeucIcsCGRzCpXdRKldCrxESFKHTxwEmOFczdnU6kiDc5g6Fcu4Nr7G"
2020-08-17T04:18:06.201396945Z  [2020-08-17T04:18:06Z INFO  dt_client_bytes] Publish 78
2020-08-17T04:18:06.212700895Z  [2020-08-17T04:18:06Z INFO  dt_client_bytes] 78::38162cb0-e585-43d7-b55d-5c240b2bfb7c/3142192f-6bae-4f12-a6f3-5464dc37e790/d0a71d84-b80f-4558-beac-8887750652e3 "78 HDG1z4ojpZe3fF6bZuBCg3Mprm4bJFd6v036cuOisRQPIOvuuf9NCOW4K7kdE"
2020-08-17T04:18:06.212755255Z  [2020-08-17T04:18:06Z INFO  dt_client_bytes] Publish 79
2020-08-17T04:18:06.223552471Z  [2020-08-17T04:18:06Z INFO  dt_client_bytes] 79::38162cb0-e585-43d7-b55d-5c240b2bfb7c/3142192f-6bae-4f12-a6f3-5464dc37e790/d0a71d84-b80f-4558-beac-8887750652e3 "79 fju4P18NzhccQSWuzhLBMbRhWwGXF4oU4xMLcy6jx07zcsTgr7llONzUgpAqk"
2020-08-17T04:18:06.223631894Z  [2020-08-17T04:18:06Z INFO  dt_client_bytes] Publish 80
2020-08-17T04:18:06.227174642Z  [2020-08-17T04:18:06Z INFO  dt_client_bytes] PubAck { pkid: 51 }
2020-08-17T04:18:06.228490536Z  [2020-08-17T04:18:06Z INFO  dt_client_bytes] PubAck { pkid: 52 }
2020-08-17T04:18:06.229810218Z  [2020-08-17T04:18:06Z INFO  dt_client_bytes] PubAck { pkid: 53 }
2020-08-17T04:18:06.231567502Z  [2020-08-17T04:18:06Z INFO  dt_client_bytes] PubAck { pkid: 54 }
2020-08-17T04:18:06.232734189Z  [2020-08-17T04:18:06Z INFO  dt_client_bytes] PubAck { pkid: 55 }
2020-08-17T04:18:06.233840347Z  [2020-08-17T04:18:06Z INFO  dt_client_bytes] PubAck { pkid: 56 }
2020-08-17T04:18:06.235326952Z  [2020-08-17T04:18:06Z INFO  dt_client_bytes] PubAck { pkid: 57 }
2020-08-17T04:18:06.235355688Z  [2020-08-17T04:18:06Z INFO  dt_client_bytes] 80::38162cb0-e585-43d7-b55d-5c240b2bfb7c/3142192f-6bae-4f12-a6f3-5464dc37e790/d0a71d84-b80f-4558-beac-8887750652e3 "80 UO1EAaC1UUQAWuZBkfjf37lSn96C9UKueb7C9UExC9xsmCPTvqNgf6pxvfRON"
2020-08-17T04:18:06.236690168Z  [2020-08-17T04:18:06Z INFO  dt_client_bytes] PubAck { pkid: 58 }
2020-08-17T04:18:06.238060093Z  [2020-08-17T04:18:06Z INFO  dt_client_bytes] PubAck { pkid: 59 }
2020-08-17T04:18:06.238118029Z  [2020-08-17T04:18:06Z INFO  dt_client_bytes] PubAck { pkid: 60 }
2020-08-17T04:18:06.239386569Z  [2020-08-17T04:18:06Z INFO  dt_client_bytes] PubAck { pkid: 61 }
2020-08-17T04:18:06.240679910Z  [2020-08-17T04:18:06Z INFO  dt_client_bytes] PubAck { pkid: 62 }
2020-08-17T04:18:06.242002399Z  [2020-08-17T04:18:06Z INFO  dt_client_bytes] PubAck { pkid: 63 }
2020-08-17T04:18:06.242025392Z  [2020-08-17T04:18:06Z INFO  dt_client_bytes] PubAck { pkid: 64 }
2020-08-17T04:18:06.243730495Z  [2020-08-17T04:18:06Z INFO  dt_client_bytes] Publish 81
2020-08-17T04:18:06.247129509Z  [2020-08-17T04:18:06Z INFO  dt_client_bytes] 81::38162cb0-e585-43d7-b55d-5c240b2bfb7c/3142192f-6bae-4f12-a6f3-5464dc37e790/d0a71d84-b80f-4558-beac-8887750652e3 "81 pY1SpO6zhSLqfjpIYvgw0DvuNMI1jnkbdODEF2ymvledXrdea4wHvXqL9OLOc"
2020-08-17T04:18:06.247164032Z  [2020-08-17T04:18:06Z INFO  dt_client_bytes] Publish 82
2020-08-17T04:18:06.258523864Z  [2020-08-17T04:18:06Z INFO  dt_client_bytes] 82::38162cb0-e585-43d7-b55d-5c240b2bfb7c/3142192f-6bae-4f12-a6f3-5464dc37e790/d0a71d84-b80f-4558-beac-8887750652e3 "82 S3kdebhUtmfwoOtLyGIMXR6j2me9h2a4XzhNDWOILe5e8ote6pFyAY8KePdOT"
2020-08-17T04:18:06.258571496Z  [2020-08-17T04:18:06Z INFO  dt_client_bytes] Publish 83
2020-08-17T04:18:06.269291048Z  [2020-08-17T04:18:06Z INFO  dt_client_bytes] 83::38162cb0-e585-43d7-b55d-5c240b2bfb7c/3142192f-6bae-4f12-a6f3-5464dc37e790/d0a71d84-b80f-4558-beac-8887750652e3 "83 ogt1kcLDs7QeZbqB5PLY17VwdZhSzBgRYXl1N7BogNFYD5ULuZOuZA1VAZVOa"
2020-08-17T04:18:06.269338226Z  [2020-08-17T04:18:06Z INFO  dt_client_bytes] Publish 84
2020-08-17T04:18:06.281147204Z  [2020-08-17T04:18:06Z INFO  dt_client_bytes] 84::38162cb0-e585-43d7-b55d-5c240b2bfb7c/3142192f-6bae-4f12-a6f3-5464dc37e790/d0a71d84-b80f-4558-beac-8887750652e3 "84 uwpVmmmqnljKduo4FhhgIlFY3COr2gnmjC0S4bfBMzY6lwKk0lPbrqiSanWLr"
2020-08-17T04:18:06.281207467Z  [2020-08-17T04:18:06Z INFO  dt_client_bytes] Publish 85
2020-08-17T04:18:06.293290137Z  [2020-08-17T04:18:06Z INFO  dt_client_bytes] 85::38162cb0-e585-43d7-b55d-5c240b2bfb7c/3142192f-6bae-4f12-a6f3-5464dc37e790/d0a71d84-b80f-4558-beac-8887750652e3 "85 GUW8MFnmD70hikbdYSNVyIDMk5Q5wl1D5ONDjZKnoDupLI0civv9u98uvjIJx"
2020-08-17T04:18:06.293368161Z  [2020-08-17T04:18:06Z INFO  dt_client_bytes] Publish 86
2020-08-17T04:18:06.306347192Z  [2020-08-17T04:18:06Z INFO  dt_client_bytes] 86::38162cb0-e585-43d7-b55d-5c240b2bfb7c/3142192f-6bae-4f12-a6f3-5464dc37e790/d0a71d84-b80f-4558-beac-8887750652e3 "86 0BfbdrDECoEd1MtCIZax1tnlCb6y4vELbOiikMSS5j0jIyOntfw5x9GTfRnpV"
2020-08-17T04:18:06.306421724Z  [2020-08-17T04:18:06Z INFO  dt_client_bytes] Publish 87
2020-08-17T04:18:06.321058860Z  [2020-08-17T04:18:06Z INFO  dt_client_bytes] 87::38162cb0-e585-43d7-b55d-5c240b2bfb7c/3142192f-6bae-4f12-a6f3-5464dc37e790/d0a71d84-b80f-4558-beac-8887750652e3 "87 7LqIbN7TvBRE2hl84ReloboHoe3gBa889upxCAM24gZ0iH4UI8teCGExJx8h8"
2020-08-17T04:18:06.321105759Z  [2020-08-17T04:18:06Z INFO  dt_client_bytes] Publish 88
2020-08-17T04:18:06.322628804Z  [2020-08-17T04:18:06Z INFO  dt_client_bytes] PubAck { pkid: 65 }
2020-08-17T04:18:06.322873313Z  [2020-08-17T04:18:06Z INFO  dt_client_bytes] PubAck { pkid: 66 }
2020-08-17T04:18:06.324243375Z  [2020-08-17T04:18:06Z INFO  dt_client_bytes] PubAck { pkid: 67 }
2020-08-17T04:18:06.325604439Z  [2020-08-17T04:18:06Z INFO  dt_client_bytes] PubAck { pkid: 68 }
2020-08-17T04:18:06.326860114Z  [2020-08-17T04:18:06Z INFO  dt_client_bytes] PubAck { pkid: 69 }
2020-08-17T04:18:06.328212280Z  [2020-08-17T04:18:06Z INFO  dt_client_bytes] PubAck { pkid: 70 }
2020-08-17T04:18:06.329566793Z  [2020-08-17T04:18:06Z INFO  dt_client_bytes] PubAck { pkid: 71 }
2020-08-17T04:18:06.330968074Z  [2020-08-17T04:18:06Z INFO  dt_client_bytes] PubAck { pkid: 72 }
2020-08-17T04:18:06.332572340Z  [2020-08-17T04:18:06Z INFO  dt_client_bytes] PubAck { pkid: 73 }
2020-08-17T04:18:06.332591456Z  [2020-08-17T04:18:06Z INFO  dt_client_bytes] 88::38162cb0-e585-43d7-b55d-5c240b2bfb7c/3142192f-6bae-4f12-a6f3-5464dc37e790/d0a71d84-b80f-4558-beac-8887750652e3 "88 E7U2HCIEHdwDx7ip8M8ehwBlZWmCyn8K5Iwq8ecxk3NZEv0QWgyuhNvk3WsZM"
2020-08-17T04:18:06.332926365Z  [2020-08-17T04:18:06Z INFO  dt_client_bytes] PubAck { pkid: 74 }
2020-08-17T04:18:06.334416944Z  [2020-08-17T04:18:06Z INFO  dt_client_bytes] Publish 89
2020-08-17T04:18:06.335792943Z  [2020-08-17T04:18:06Z INFO  dt_client_bytes] PubAck { pkid: 75 }
2020-08-17T04:18:06.336043115Z  [2020-08-17T04:18:06Z INFO  dt_client_bytes] PubAck { pkid: 76 }
2020-08-17T04:18:06.337466028Z  [2020-08-17T04:18:06Z INFO  dt_client_bytes] PubAck { pkid: 77 }
2020-08-17T04:18:06.344852386Z  [2020-08-17T04:18:06Z INFO  dt_client_bytes] 89::38162cb0-e585-43d7-b55d-5c240b2bfb7c/3142192f-6bae-4f12-a6f3-5464dc37e790/d0a71d84-b80f-4558-beac-8887750652e3 "89 MqdrXaQMBtC6WaT4TyzE2I6Y6ONNVnuYqM9sTShQ7mbr29m6pNdLprnk6waxo"
2020-08-17T04:18:06.344877904Z  [2020-08-17T04:18:06Z INFO  dt_client_bytes] Publish 90
2020-08-17T04:18:06.356784951Z  [2020-08-17T04:18:06Z INFO  dt_client_bytes] 90::38162cb0-e585-43d7-b55d-5c240b2bfb7c/3142192f-6bae-4f12-a6f3-5464dc37e790/d0a71d84-b80f-4558-beac-8887750652e3 "90 KfFBHCQV6GSa8CT57uUDOf0OCTPIGH4s9W9SpccxBrOfPOQ6xjrxUWaOMjpnM"
2020-08-17T04:18:06.356872450Z  [2020-08-17T04:18:06Z INFO  dt_client_bytes] Publish 91
2020-08-17T04:18:06.367799891Z  [2020-08-17T04:18:06Z INFO  dt_client_bytes] 91::38162cb0-e585-43d7-b55d-5c240b2bfb7c/3142192f-6bae-4f12-a6f3-5464dc37e790/d0a71d84-b80f-4558-beac-8887750652e3 "91 LkpfzaNKpl66f75UpmiRz2GbBbOGIV9W0lPUXgvFokP7imvf6S1GRoN5b0gkY"
2020-08-17T04:18:06.367820135Z  [2020-08-17T04:18:06Z INFO  dt_client_bytes] Publish 92
2020-08-17T04:18:06.379427602Z  [2020-08-17T04:18:06Z INFO  dt_client_bytes] 92::38162cb0-e585-43d7-b55d-5c240b2bfb7c/3142192f-6bae-4f12-a6f3-5464dc37e790/d0a71d84-b80f-4558-beac-8887750652e3 "92 nkL3ll9pvTGqCVoDvic9tpvHv25LQaCTUqlqKx1YRQdiASnrg02Kupq65lUXM"
2020-08-17T04:18:06.379489292Z  [2020-08-17T04:18:06Z INFO  dt_client_bytes] Publish 93
2020-08-17T04:18:06.390827724Z  [2020-08-17T04:18:06Z INFO  dt_client_bytes] 93::38162cb0-e585-43d7-b55d-5c240b2bfb7c/3142192f-6bae-4f12-a6f3-5464dc37e790/d0a71d84-b80f-4558-beac-8887750652e3 "93 IQToUTFsT1A70UaFJx4UWglRfPnTqPtYGrZapq6bamgZAAZJyyGgvRLyxYXNu"
2020-08-17T04:18:06.390892306Z  [2020-08-17T04:18:06Z INFO  dt_client_bytes] Publish 94
2020-08-17T04:18:06.401368268Z  [2020-08-17T04:18:06Z INFO  dt_client_bytes] 94::38162cb0-e585-43d7-b55d-5c240b2bfb7c/3142192f-6bae-4f12-a6f3-5464dc37e790/d0a71d84-b80f-4558-beac-8887750652e3 "94 S0bl7cjKb1jcvIpZFccbVQILg8sIviPSljAOwQOX4nKqAl9pFu0sc54pb5pME"
2020-08-17T04:18:06.401433661Z  [2020-08-17T04:18:06Z INFO  dt_client_bytes] Publish 95
2020-08-17T04:18:06.412645555Z  [2020-08-17T04:18:06Z INFO  dt_client_bytes] PubAck { pkid: 78 }
2020-08-17T04:18:06.412660257Z  [2020-08-17T04:18:06Z INFO  dt_client_bytes] 95::38162cb0-e585-43d7-b55d-5c240b2bfb7c/3142192f-6bae-4f12-a6f3-5464dc37e790/d0a71d84-b80f-4558-beac-8887750652e3 "95 yQxn2Y1OZjPKlCTr6bgpJzsn7KJl9feed9fq17YfclNtqdI0oqnClIzQvGYAZ"
2020-08-17T04:18:06.413681923Z  [2020-08-17T04:18:06Z INFO  dt_client_bytes] PubAck { pkid: 79 }
2020-08-17T04:18:06.415010682Z  [2020-08-17T04:18:06Z INFO  dt_client_bytes] PubAck { pkid: 80 }
2020-08-17T04:18:06.415080393Z  [2020-08-17T04:18:06Z INFO  dt_client_bytes] PubAck { pkid: 81 }
2020-08-17T04:18:06.416290534Z  [2020-08-17T04:18:06Z INFO  dt_client_bytes] PubAck { pkid: 82 }
2020-08-17T04:18:06.417569319Z  [2020-08-17T04:18:06Z INFO  dt_client_bytes] PubAck { pkid: 83 }
2020-08-17T04:18:06.418790691Z  [2020-08-17T04:18:06Z INFO  dt_client_bytes] Publish 96
2020-08-17T04:18:06.420060562Z  [2020-08-17T04:18:06Z INFO  dt_client_bytes] PubAck { pkid: 84 }
2020-08-17T04:18:06.425210627Z  [2020-08-17T04:18:06Z INFO  dt_client_bytes] 96::38162cb0-e585-43d7-b55d-5c240b2bfb7c/3142192f-6bae-4f12-a6f3-5464dc37e790/d0a71d84-b80f-4558-beac-8887750652e3 "96 0JIj6KV8vsMMi6nEuUukUI499OySv81ISb2Xd2305hFuEVm2PvEA6ZRK0DgnQ"
2020-08-17T04:18:06.425236688Z  [2020-08-17T04:18:06Z INFO  dt_client_bytes] Publish 97
2020-08-17T04:18:06.437682789Z  [2020-08-17T04:18:06Z INFO  dt_client_bytes] 97::38162cb0-e585-43d7-b55d-5c240b2bfb7c/3142192f-6bae-4f12-a6f3-5464dc37e790/d0a71d84-b80f-4558-beac-8887750652e3 "97 exy629yo103YonRCtMemXqBgN7MPWmIF0vzbno66JOIqSzvfs8bmsr2DXTxcQ"
2020-08-17T04:18:06.437749853Z  [2020-08-17T04:18:06Z INFO  dt_client_bytes] Publish 98
2020-08-17T04:18:06.447700531Z  [2020-08-17T04:18:06Z INFO  dt_client_bytes] 98::38162cb0-e585-43d7-b55d-5c240b2bfb7c/3142192f-6bae-4f12-a6f3-5464dc37e790/d0a71d84-b80f-4558-beac-8887750652e3 "98 xvoXExKc4dM1hrXILbvOMWJILRmVNsSolCFlfJLjTZXlFBfqaSvvWsqssM7Se"
2020-08-17T04:18:06.447718791Z  [2020-08-17T04:18:06Z INFO  dt_client_bytes] Publish 99
2020-08-17T04:18:06.459232882Z  [2020-08-17T04:18:06Z INFO  dt_client_bytes] 99::38162cb0-e585-43d7-b55d-5c240b2bfb7c/3142192f-6bae-4f12-a6f3-5464dc37e790/d0a71d84-b80f-4558-beac-8887750652e3 "99 yCcu77JLSrNuXZ83MmXx86Wkm3vZAgpJx6O8hbuR8AhSoGlSt4H7r2Wx1jnFR"
2020-08-17T04:18:06.459250884Z  [2020-08-17T04:18:06Z INFO  dt_client_bytes] Publish 100
2020-08-17T04:18:06.459260887Z  [2020-08-17T04:18:06Z INFO  dt_client_bytes] NotificationCounter {
2020-08-17T04:18:06.459270336Z          Pub: 100,
2020-08-17T04:18:06.459279283Z          PubAck: 84,
2020-08-17T04:18:06.459310585Z          PubRec: 0,
2020-08-17T04:18:06.459321245Z          PubRel: 0,
2020-08-17T04:18:06.459341077Z          PubComp: 0,
2020-08-17T04:18:06.459349425Z      }
2020-08-17T04:18:06.469128537Z  [2020-08-17T04:18:06Z INFO  dt_client_bytes] Thread 38162cb0-e585-43d7-b55d-5c240b2bfb7c/3142192f-6bae-4f12-a6f3-5464dc37e790/d0a71d84-b80f-4558-beac-8887750652e3 done with 100 messages.
2020-08-17T04:18:06.510919488Z  [2020-08-17T04:18:06Z INFO  dt_client_bytes] PubAck { pkid: 85 }
2020-08-17T04:18:06.510982791Z  [2020-08-17T04:18:06Z INFO  dt_client_bytes] NotificationCounter {
2020-08-17T04:18:06.511008551Z          Pub: 100,
2020-08-17T04:18:06.511024011Z          PubAck: 85,
2020-08-17T04:18:06.511074349Z          PubRec: 0,
2020-08-17T04:18:06.511095615Z          PubRel: 0,
2020-08-17T04:18:06.511110590Z          PubComp: 0,
2020-08-17T04:18:06.511125344Z      }
2020-08-17T04:18:06.512148780Z  [2020-08-17T04:18:06Z INFO  dt_client_bytes] PubAck { pkid: 86 }
2020-08-17T04:18:06.512227592Z  [2020-08-17T04:18:06Z INFO  dt_client_bytes] NotificationCounter {
2020-08-17T04:18:06.512246397Z          Pub: 100,
2020-08-17T04:18:06.512261492Z          PubAck: 86,
2020-08-17T04:18:06.512309562Z          PubRec: 0,
2020-08-17T04:18:06.512339146Z          PubRel: 0,
2020-08-17T04:18:06.512348672Z          PubComp: 0,
2020-08-17T04:18:06.512358247Z      }
2020-08-17T04:18:06.600516405Z  [2020-08-17T04:18:06Z INFO  dt_client_bytes] PubAck { pkid: 87 }
2020-08-17T04:18:06.600588699Z  [2020-08-17T04:18:06Z INFO  dt_client_bytes] NotificationCounter {
2020-08-17T04:18:06.600611284Z          Pub: 100,
2020-08-17T04:18:06.600626108Z          PubAck: 87,
2020-08-17T04:18:06.600640167Z          PubRec: 0,
2020-08-17T04:18:06.600684890Z          PubRel: 0,
2020-08-17T04:18:06.600701749Z          PubComp: 0,
2020-08-17T04:18:06.600732002Z      }
2020-08-17T04:18:06.601738510Z  [2020-08-17T04:18:06Z INFO  dt_client_bytes] PubAck { pkid: 88 }
2020-08-17T04:18:06.601772950Z  [2020-08-17T04:18:06Z INFO  dt_client_bytes] NotificationCounter {
2020-08-17T04:18:06.601830110Z          Pub: 100,
2020-08-17T04:18:06.601845809Z          PubAck: 88,
2020-08-17T04:18:06.601860276Z          PubRec: 0,
2020-08-17T04:18:06.601905143Z          PubRel: 0,
2020-08-17T04:18:06.601924632Z          PubComp: 0,
2020-08-17T04:18:06.601938863Z      }
2020-08-17T04:18:06.602884019Z  [2020-08-17T04:18:06Z INFO  dt_client_bytes] PubAck { pkid: 89 }
2020-08-17T04:18:06.602943566Z  [2020-08-17T04:18:06Z INFO  dt_client_bytes] NotificationCounter {
2020-08-17T04:18:06.602956316Z          Pub: 100,
2020-08-17T04:18:06.602965329Z          PubAck: 89,
2020-08-17T04:18:06.602973899Z          PubRec: 0,
2020-08-17T04:18:06.602982561Z          PubRel: 0,
2020-08-17T04:18:06.603002578Z          PubComp: 0,
2020-08-17T04:18:06.603011560Z      }
2020-08-17T04:18:06.603044555Z  [2020-08-17T04:18:06Z INFO  dt_client_bytes] PubAck { pkid: 90 }
2020-08-17T04:18:06.603055259Z  [2020-08-17T04:18:06Z INFO  dt_client_bytes] NotificationCounter {
2020-08-17T04:18:06.603064461Z          Pub: 100,
2020-08-17T04:18:06.603073232Z          PubAck: 90,
2020-08-17T04:18:06.603081941Z          PubRec: 0,
2020-08-17T04:18:06.603090739Z          PubRel: 0,
2020-08-17T04:18:06.603110248Z          PubComp: 0,
2020-08-17T04:18:06.603140586Z      }
2020-08-17T04:18:06.604167181Z  [2020-08-17T04:18:06Z INFO  dt_client_bytes] PubAck { pkid: 91 }
2020-08-17T04:18:06.604202509Z  [2020-08-17T04:18:06Z INFO  dt_client_bytes] NotificationCounter {
2020-08-17T04:18:06.604213179Z          Pub: 100,
2020-08-17T04:18:06.604222261Z          PubAck: 91,
2020-08-17T04:18:06.604231158Z          PubRec: 0,
2020-08-17T04:18:06.604273253Z          PubRel: 0,
2020-08-17T04:18:06.604285480Z          PubComp: 0,
2020-08-17T04:18:06.604294640Z      }
2020-08-17T04:18:06.605343482Z  [2020-08-17T04:18:06Z INFO  dt_client_bytes] PubAck { pkid: 92 }
2020-08-17T04:18:06.605412372Z  [2020-08-17T04:18:06Z INFO  dt_client_bytes] NotificationCounter {
2020-08-17T04:18:06.605424504Z          Pub: 100,
2020-08-17T04:18:06.605434016Z          PubAck: 92,
2020-08-17T04:18:06.605454410Z          PubRec: 0,
2020-08-17T04:18:06.605486874Z          PubRel: 0,
2020-08-17T04:18:06.605497747Z          PubComp: 0,
2020-08-17T04:18:06.605506796Z      }
2020-08-17T04:18:06.607342411Z  [2020-08-17T04:18:06Z INFO  dt_client_bytes] PubAck { pkid: 93 }
2020-08-17T04:18:06.607389169Z  [2020-08-17T04:18:06Z INFO  dt_client_bytes] NotificationCounter {
2020-08-17T04:18:06.607399613Z          Pub: 100,
2020-08-17T04:18:06.607408755Z          PubAck: 93,
2020-08-17T04:18:06.607428410Z          PubRec: 0,
2020-08-17T04:18:06.607437045Z          PubRel: 0,
2020-08-17T04:18:06.607445725Z          PubComp: 0,
2020-08-17T04:18:06.607619787Z      }
2020-08-17T04:18:06.607689043Z  [2020-08-17T04:18:06Z INFO  dt_client_bytes] PubAck { pkid: 94 }
2020-08-17T04:18:06.607705159Z  [2020-08-17T04:18:06Z INFO  dt_client_bytes] NotificationCounter {
2020-08-17T04:18:06.607714912Z          Pub: 100,
2020-08-17T04:18:06.607723978Z          PubAck: 94,
2020-08-17T04:18:06.607733144Z          PubRec: 0,
2020-08-17T04:18:06.607742115Z          PubRel: 0,
2020-08-17T04:18:06.607751067Z          PubComp: 0,
2020-08-17T04:18:06.607781403Z      }
2020-08-17T04:18:06.608900125Z  [2020-08-17T04:18:06Z INFO  dt_client_bytes] PubAck { pkid: 95 }
2020-08-17T04:18:06.608959652Z  [2020-08-17T04:18:06Z INFO  dt_client_bytes] NotificationCounter {
2020-08-17T04:18:06.608983582Z          Pub: 100,
2020-08-17T04:18:06.608993153Z          PubAck: 95,
2020-08-17T04:18:06.609002203Z          PubRec: 0,
2020-08-17T04:18:06.609011235Z          PubRel: 0,
2020-08-17T04:18:06.609042569Z          PubComp: 0,
2020-08-17T04:18:06.609053870Z      }
2020-08-17T04:18:06.609062990Z  [2020-08-17T04:18:06Z INFO  dt_client_bytes] PubAck { pkid: 96 }
2020-08-17T04:18:06.609072113Z  [2020-08-17T04:18:06Z INFO  dt_client_bytes] NotificationCounter {
2020-08-17T04:18:06.609081222Z          Pub: 100,
2020-08-17T04:18:06.609090070Z          PubAck: 96,
2020-08-17T04:18:06.609098833Z          PubRec: 0,
2020-08-17T04:18:06.609131266Z          PubRel: 0,
2020-08-17T04:18:06.609141569Z          PubComp: 0,
2020-08-17T04:18:06.609150788Z      }
2020-08-17T04:18:06.610099922Z  [2020-08-17T04:18:06Z INFO  dt_client_bytes] PubAck { pkid: 97 }
2020-08-17T04:18:06.610175778Z  [2020-08-17T04:18:06Z INFO  dt_client_bytes] NotificationCounter {
2020-08-17T04:18:06.610188944Z          Pub: 100,
2020-08-17T04:18:06.610197835Z          PubAck: 97,
2020-08-17T04:18:06.610206738Z          PubRec: 0,
2020-08-17T04:18:06.610215364Z          PubRel: 0,
2020-08-17T04:18:06.610224087Z          PubComp: 0,
2020-08-17T04:18:06.610258362Z      }
2020-08-17T04:18:06.611320261Z  [2020-08-17T04:18:06Z INFO  dt_client_bytes] PubAck { pkid: 98 }
2020-08-17T04:18:06.611384263Z  [2020-08-17T04:18:06Z INFO  dt_client_bytes] NotificationCounter {
2020-08-17T04:18:06.611397290Z          Pub: 100,
2020-08-17T04:18:06.611406427Z          PubAck: 98,
2020-08-17T04:18:06.611415282Z          PubRec: 0,
2020-08-17T04:18:06.611423984Z          PubRel: 0,
2020-08-17T04:18:06.611474087Z          PubComp: 0,
2020-08-17T04:18:06.611483740Z      }
2020-08-17T04:18:06.612521427Z  [2020-08-17T04:18:06Z INFO  dt_client_bytes] PubAck { pkid: 99 }
2020-08-17T04:18:06.612575473Z  [2020-08-17T04:18:06Z INFO  dt_client_bytes] NotificationCounter {
2020-08-17T04:18:06.612588304Z          Pub: 100,
2020-08-17T04:18:06.612597387Z          PubAck: 99,
2020-08-17T04:18:06.612606553Z          PubRec: 0,
2020-08-17T04:18:06.612615465Z          PubRel: 0,
2020-08-17T04:18:06.612624374Z          PubComp: 0,
2020-08-17T04:18:06.612655760Z      }
2020-08-17T04:18:06.613818853Z  [2020-08-17T04:18:06Z INFO  dt_client_bytes] PubAck { pkid: 100 }
2020-08-17T04:18:06.613848579Z  [2020-08-17T04:18:06Z INFO  dt_client_bytes] NotificationCounter {
2020-08-17T04:18:06.613862296Z          Pub: 100,
2020-08-17T04:18:06.613874266Z          PubAck: 100,
2020-08-17T04:18:06.613919014Z          PubRec: 0,
2020-08-17T04:18:06.613931332Z          PubRel: 0,
2020-08-17T04:18:06.613942830Z          PubComp: 0,
2020-08-17T04:18:06.613954604Z      }
2020-08-17T04:18:35.324508094Z  [2020-08-17T04:18:35Z INFO  dt_client_bytes] NotificationCounter {
2020-08-17T04:18:35.324585321Z          Pub: 100,
2020-08-17T04:18:35.324605937Z          PubAck: 100,
2020-08-17T04:18:35.324623491Z          PubRec: 0,
2020-08-17T04:18:35.324640928Z          PubRel: 0,
2020-08-17T04:18:35.324658211Z          PubComp: 0,
2020-08-17T04:18:35.324675769Z      }
2020-08-17T04:18:35.437164331Z  [2020-08-17T04:18:35Z INFO  dt_client_bytes] NotificationCounter {
2020-08-17T04:18:35.437212461Z          Pub: 100,
2020-08-17T04:18:35.437232298Z          PubAck: 100,
2020-08-17T04:18:35.437250285Z          PubRec: 0,
2020-08-17T04:18:35.437267512Z          PubRel: 0,
2020-08-17T04:18:35.437284342Z          PubComp: 0,
2020-08-17T04:18:35.437301285Z      }
