2020-08-17T04:18:05.881471653Z  [2020-08-17T04:18:05Z INFO  dt_client_bytes] Starting client. Host at mqtt-broker:1883
2020-08-17T04:18:05.881537553Z  [2020-08-17T04:18:05Z INFO  dt_client_bytes] Thread of topic 38162cb0-e585-43d7-b55d-5c240b2bfb7c/3142192f-6bae-4f12-a6f3-5464dc37e790/d0a71d84-b80f-4558-beac-8887750652e3
2020-08-17T04:18:05.881553106Z  [2020-08-17T04:18:05Z INFO  dt_client_bytes] 0::38162cb0-e585-43d7-b55d-5c240b2bfb7c/3142192f-6bae-4f12-a6f3-5464dc37e790/d0a71d84-b80f-4558-beac-8887750652e3 "0 ssyA7bhTM7Z8s7pQhTkw02wUKlin4zK3LFwsEdc0TIVXUia1myyzjq1cNWElgU"
2020-08-17T04:18:05.881563607Z  [2020-08-17T04:18:05Z INFO  dt_client_bytes] 1::38162cb0-e585-43d7-b55d-5c240b2bfb7c/3142192f-6bae-4f12-a6f3-5464dc37e790/d0a71d84-b80f-4558-beac-8887750652e3 "1 wBFfS6kz6BXUTulLbn04pCIKkJP2ggFZRzzMSIVKzrof4gXxcrWR6pJ8W1FFam"
2020-08-17T04:18:05.889789105Z  [2020-08-17T04:18:05Z INFO  dt_client_bytes] 2::38162cb0-e585-43d7-b55d-5c240b2bfb7c/3142192f-6bae-4f12-a6f3-5464dc37e790/d0a71d84-b80f-4558-beac-8887750652e3 "2 ezBb0kRtocFt19X3jPyc4DVuB6i1vP5o0yQDl5g6m8flx8w087LAM34Y1r82sU"
2020-08-17T04:18:05.901009072Z  [2020-08-17T04:18:05Z INFO  dt_client_bytes] 3::38162cb0-e585-43d7-b55d-5c240b2bfb7c/3142192f-6bae-4f12-a6f3-5464dc37e790/d0a71d84-b80f-4558-beac-8887750652e3 "3 o7gJmFO44o0uEQOPvf1CdQcYGiKDoymlwkeEkvnSigepXsxw5NhC9tRCD78vTr"
2020-08-17T04:18:05.912308228Z  [2020-08-17T04:18:05Z INFO  dt_client_bytes] 4::38162cb0-e585-43d7-b55d-5c240b2bfb7c/3142192f-6bae-4f12-a6f3-5464dc37e790/d0a71d84-b80f-4558-beac-8887750652e3 "4 JbnUlWf2ZpEFnCxvZj0ZU33Wc2khYMBWacdudsIEl6TxE8Z6gir5OAvhlHF2PB"
2020-08-17T04:18:05.923616699Z  [2020-08-17T04:18:05Z INFO  dt_client_bytes] 5::38162cb0-e585-43d7-b55d-5c240b2bfb7c/3142192f-6bae-4f12-a6f3-5464dc37e790/d0a71d84-b80f-4558-beac-8887750652e3 "5 DaYuH5XYipMURWxWUCiK2cQ0Eiw0tD1wkVwwu71yKXmawLntSwFOB7IPzAGPj4"
2020-08-17T04:18:05.933905334Z  [2020-08-17T04:18:05Z INFO  dt_client_bytes] 6::38162cb0-e585-43d7-b55d-5c240b2bfb7c/3142192f-6bae-4f12-a6f3-5464dc37e790/d0a71d84-b80f-4558-beac-8887750652e3 "6 Hhgugv6sphA8y3zRH5TPFYRfZBWXimPe6MdqTtzZ9p3hNbOsnzGbwTrHhntPR7"
2020-08-17T04:18:05.945047328Z  [2020-08-17T04:18:05Z INFO  dt_client_bytes] 7::38162cb0-e585-43d7-b55d-5c240b2bfb7c/3142192f-6bae-4f12-a6f3-5464dc37e790/d0a71d84-b80f-4558-beac-8887750652e3 "7 7RgXMtEhdaHcbqlNehCRqaf7cPhBMUjIZDOzzqi7aeaVSej9GQbzpPBMyxMwCb"
2020-08-17T04:18:05.957045313Z  [2020-08-17T04:18:05Z INFO  dt_client_bytes] 8::38162cb0-e585-43d7-b55d-5c240b2bfb7c/3142192f-6bae-4f12-a6f3-5464dc37e790/d0a71d84-b80f-4558-beac-8887750652e3 "8 Ce2hw1o0dqRy20g9fGucwKmUarKcN9RItcAm8WutKd0YwfqWyAHeWJlzf0HtH9"
2020-08-17T04:18:05.967829908Z  [2020-08-17T04:18:05Z INFO  dt_client_bytes] 9::38162cb0-e585-43d7-b55d-5c240b2bfb7c/3142192f-6bae-4f12-a6f3-5464dc37e790/d0a71d84-b80f-4558-beac-8887750652e3 "9 45vvmjVA7HhyPwmd5QlfQkCpro6M1cvxVwQeAUR28PQpEuvnOiM6PnR5ljV4UN"
2020-08-17T04:18:05.979185557Z  [2020-08-17T04:18:05Z INFO  dt_client_bytes] 10::38162cb0-e585-43d7-b55d-5c240b2bfb7c/3142192f-6bae-4f12-a6f3-5464dc37e790/d0a71d84-b80f-4558-beac-8887750652e3 "10 rcq05irOKSLxSnmdFBGYY1XaVWZvlDIQn13nOi3hTEcJd3t9vrw3deopXUNNs"
2020-08-17T04:18:05.989793429Z  [2020-08-17T04:18:05Z INFO  dt_client_bytes] 11::38162cb0-e585-43d7-b55d-5c240b2bfb7c/3142192f-6bae-4f12-a6f3-5464dc37e790/d0a71d84-b80f-4558-beac-8887750652e3 "11 yUkBZUeBXSWEaeBqlKzW7XvdqSxCN4s1cVR2MjJSXHTIy2CasW7iK9uk4WxWZ"
2020-08-17T04:18:06.003682540Z  [2020-08-17T04:18:06Z INFO  dt_client_bytes] 12::38162cb0-e585-43d7-b55d-5c240b2bfb7c/3142192f-6bae-4f12-a6f3-5464dc37e790/d0a71d84-b80f-4558-beac-8887750652e3 "12 0ptNgeeuzQnoJd1BHqtQ01UnIwTaeDOMgcrCoZHnWe8NRtXhjRgTdZTAMI9Md"
2020-08-17T04:18:06.012800230Z  [2020-08-17T04:18:06Z INFO  dt_client_bytes] 13::38162cb0-e585-43d7-b55d-5c240b2bfb7c/3142192f-6bae-4f12-a6f3-5464dc37e790/d0a71d84-b80f-4558-beac-8887750652e3 "13 ToKFSzbbp5bDyBr9JCyrxPXqSRQ5WwqdnjKHnfMOl9DHMr1KoIcYQgE8JoDrX"
2020-08-17T04:18:06.023647049Z  [2020-08-17T04:18:06Z INFO  dt_client_bytes] 14::38162cb0-e585-43d7-b55d-5c240b2bfb7c/3142192f-6bae-4f12-a6f3-5464dc37e790/d0a71d84-b80f-4558-beac-8887750652e3 "14 kVdokXqhBzkoOWtiropPKjp9BTobBy5nLaqnMVI0ZdgtrKjsz6vMgq24jkjxZ"
2020-08-17T04:18:06.036089494Z  [2020-08-17T04:18:06Z INFO  dt_client_bytes] 15::38162cb0-e585-43d7-b55d-5c240b2bfb7c/3142192f-6bae-4f12-a6f3-5464dc37e790/d0a71d84-b80f-4558-beac-8887750652e3 "15 TlbOkF1IYUB19ulyFCvkdNrcJSHvOEC3zSwFAAHhH7Eiv0yCov2HBjzea9oHM"
2020-08-17T04:18:06.047520425Z  [2020-08-17T04:18:06Z INFO  dt_client_bytes] 16::38162cb0-e585-43d7-b55d-5c240b2bfb7c/3142192f-6bae-4f12-a6f3-5464dc37e790/d0a71d84-b80f-4558-beac-8887750652e3 "16 6BBFkWXrXkuaYKqrcUIhlABSn7hGTTaGi5QK0S5rjDJPFyiJv4EUTI5ZuBke5"
2020-08-17T04:18:06.058709013Z  [2020-08-17T04:18:06Z INFO  dt_client_bytes] 17::38162cb0-e585-43d7-b55d-5c240b2bfb7c/3142192f-6bae-4f12-a6f3-5464dc37e790/d0a71d84-b80f-4558-beac-8887750652e3 "17 9IHhJum5000BYGTEaQnOlXe2Xe4toZI9dmX6ObrI39bcwhofHvXZtmkwADh6Y"
2020-08-17T04:18:06.070148521Z  [2020-08-17T04:18:06Z INFO  dt_client_bytes] 18::38162cb0-e585-43d7-b55d-5c240b2bfb7c/3142192f-6bae-4f12-a6f3-5464dc37e790/d0a71d84-b80f-4558-beac-8887750652e3 "18 mfn8xgCFf8cX2BchUPkJO4GoWqaOuSHxHJESQ5NtHcYD368tsvNDn8s8h1bYh"
2020-08-17T04:18:06.081389104Z  [2020-08-17T04:18:06Z INFO  dt_client_bytes] 19::38162cb0-e585-43d7-b55d-5c240b2bfb7c/3142192f-6bae-4f12-a6f3-5464dc37e790/d0a71d84-b80f-4558-beac-8887750652e3 "19 iTOj80Sd12Lfd0rY22dpaA5tLdxO2mVN4Ap7Vttd8NcJXX7u6uzsLKcgYjg7k"
2020-08-17T04:18:06.092765435Z  [2020-08-17T04:18:06Z INFO  dt_client_bytes] Publish 1
2020-08-17T04:18:06.092785200Z  [2020-08-17T04:18:06Z INFO  dt_client_bytes] 20::38162cb0-e585-43d7-b55d-5c240b2bfb7c/3142192f-6bae-4f12-a6f3-5464dc37e790/d0a71d84-b80f-4558-beac-8887750652e3 "20 CSoFwm5kaaXxNkZUKOX59Ihe92YghOQhkEhYZPzMcdb27Y0kp4WJac19354JA"
2020-08-17T04:18:06.093909453Z  [2020-08-17T04:18:06Z INFO  dt_client_bytes] Publish 2
2020-08-17T04:18:06.095106855Z  [2020-08-17T04:18:06Z INFO  dt_client_bytes] Publish 3
2020-08-17T04:18:06.096373951Z  [2020-08-17T04:18:06Z INFO  dt_client_bytes] Publish 4
2020-08-17T04:18:06.097841879Z  [2020-08-17T04:18:06Z INFO  dt_client_bytes] Publish 5
2020-08-17T04:18:06.097872139Z  [2020-08-17T04:18:06Z INFO  dt_client_bytes] Publish 6
2020-08-17T04:18:06.099396465Z  [2020-08-17T04:18:06Z INFO  dt_client_bytes] Publish 7
2020-08-17T04:18:06.100095786Z  [2020-08-17T04:18:06Z INFO  dt_client_bytes] Publish 8
2020-08-17T04:18:06.102095997Z  [2020-08-17T04:18:06Z INFO  dt_client_bytes] Publish 9
2020-08-17T04:18:06.102797526Z  [2020-08-17T04:18:06Z INFO  dt_client_bytes] Publish 10
2020-08-17T04:18:06.102811158Z  [2020-08-17T04:18:06Z INFO  dt_client_bytes] Publish 11
2020-08-17T04:18:06.103877366Z  [2020-08-17T04:18:06Z INFO  dt_client_bytes] Publish 12
2020-08-17T04:18:06.103896169Z  [2020-08-17T04:18:06Z INFO  dt_client_bytes] 21::38162cb0-e585-43d7-b55d-5c240b2bfb7c/3142192f-6bae-4f12-a6f3-5464dc37e790/d0a71d84-b80f-4558-beac-8887750652e3 "21 mYop2qhCAzeCSm4UWHk6SIB4Z3gsgFN1o5ppCjKE0s4P0LqBczfqdw121qsJM"
2020-08-17T04:18:06.105037040Z  [2020-08-17T04:18:06Z INFO  dt_client_bytes] Publish 13
2020-08-17T04:18:06.106225635Z  [2020-08-17T04:18:06Z INFO  dt_client_bytes] Publish 14
2020-08-17T04:18:06.107400740Z  [2020-08-17T04:18:06Z INFO  dt_client_bytes] Publish 15
2020-08-17T04:18:06.108597710Z  [2020-08-17T04:18:06Z INFO  dt_client_bytes] Publish 16
2020-08-17T04:18:06.109833249Z  [2020-08-17T04:18:06Z INFO  dt_client_bytes] Publish 17
2020-08-17T04:18:06.110973145Z  [2020-08-17T04:18:06Z INFO  dt_client_bytes] Publish 18
2020-08-17T04:18:06.112434729Z  [2020-08-17T04:18:06Z INFO  dt_client_bytes] Publish 19
2020-08-17T04:18:06.113362522Z  [2020-08-17T04:18:06Z INFO  dt_client_bytes] Publish 20
2020-08-17T04:18:06.114692616Z  [2020-08-17T04:18:06Z INFO  dt_client_bytes] Publish 21
2020-08-17T04:18:06.115977956Z  [2020-08-17T04:18:06Z INFO  dt_client_bytes] Publish 22
2020-08-17T04:18:06.116014074Z  [2020-08-17T04:18:06Z INFO  dt_client_bytes] 22::38162cb0-e585-43d7-b55d-5c240b2bfb7c/3142192f-6bae-4f12-a6f3-5464dc37e790/d0a71d84-b80f-4558-beac-8887750652e3 "22 qrH6bpHvwTMfsmnh2MuoxDs6hoS3Cj6bxKS8X1Rp6LtAGBKibTsn8mvMeJwI5"
2020-08-17T04:18:06.117242214Z  [2020-08-17T04:18:06Z INFO  dt_client_bytes] Publish 23
2020-08-17T04:18:06.129905554Z  [2020-08-17T04:18:06Z INFO  dt_client_bytes] 23::38162cb0-e585-43d7-b55d-5c240b2bfb7c/3142192f-6bae-4f12-a6f3-5464dc37e790/d0a71d84-b80f-4558-beac-8887750652e3 "23 HKFiiEl6KUsDwBIrM4rjSRtnMoffgJShVKRHouCYOxX8tpKZVx0pQxG9XAOhp"
2020-08-17T04:18:06.129945405Z  [2020-08-17T04:18:06Z INFO  dt_client_bytes] Publish 24
2020-08-17T04:18:06.142040963Z  [2020-08-17T04:18:06Z INFO  dt_client_bytes] 24::38162cb0-e585-43d7-b55d-5c240b2bfb7c/3142192f-6bae-4f12-a6f3-5464dc37e790/d0a71d84-b80f-4558-beac-8887750652e3 "24 CDS2BEk32ezZ06nLFrvIL4RHkI0zmEc1ndrYEkCsbcXHDJaqv8KlYmkn2YctB"
2020-08-17T04:18:06.142079634Z  [2020-08-17T04:18:06Z INFO  dt_client_bytes] Publish 25
2020-08-17T04:18:06.153743491Z  [2020-08-17T04:18:06Z INFO  dt_client_bytes] 25::38162cb0-e585-43d7-b55d-5c240b2bfb7c/3142192f-6bae-4f12-a6f3-5464dc37e790/d0a71d84-b80f-4558-beac-8887750652e3 "25 UoDkBgD9YqddXoRMucEMaFrFaXTAuzh4WchzmljwjoG5pUHPUGasNlCFfALtq"
2020-08-17T04:18:06.153778944Z  [2020-08-17T04:18:06Z INFO  dt_client_bytes] Publish 26
2020-08-17T04:18:06.165445494Z  [2020-08-17T04:18:06Z INFO  dt_client_bytes] 26::38162cb0-e585-43d7-b55d-5c240b2bfb7c/3142192f-6bae-4f12-a6f3-5464dc37e790/d0a71d84-b80f-4558-beac-8887750652e3 "26 Ks8JPJJvQ2NJdK5fppnLOb3HncoSsq8p4tU40SyvlTBWTSBkiQ4ZIhzYiCpMj"
2020-08-17T04:18:06.165469931Z  [2020-08-17T04:18:06Z INFO  dt_client_bytes] Publish 27
2020-08-17T04:18:06.176061995Z  [2020-08-17T04:18:06Z INFO  dt_client_bytes] 27::38162cb0-e585-43d7-b55d-5c240b2bfb7c/3142192f-6bae-4f12-a6f3-5464dc37e790/d0a71d84-b80f-4558-beac-8887750652e3 "27 I7wxS3q0ywBcQ2qsi3JgcMPkxAe1ukPuurL2uEmKrDBbM17jUGRRvnN5zjNVq"
2020-08-17T04:18:06.176095020Z  [2020-08-17T04:18:06Z INFO  dt_client_bytes] Publish 28
2020-08-17T04:18:06.187622860Z  [2020-08-17T04:18:06Z INFO  dt_client_bytes] 28::38162cb0-e585-43d7-b55d-5c240b2bfb7c/3142192f-6bae-4f12-a6f3-5464dc37e790/d0a71d84-b80f-4558-beac-8887750652e3 "28 KUscyPyN4e5YACisGqiNUy8LHGlCLQNxxDZMAGTc4Iv1wtEAyj2E8awDGCMBf"
2020-08-17T04:18:06.187703836Z  [2020-08-17T04:18:06Z INFO  dt_client_bytes] Publish 29
2020-08-17T04:18:06.198223109Z  [2020-08-17T04:18:06Z INFO  dt_client_bytes] 29::38162cb0-e585-43d7-b55d-5c240b2bfb7c/3142192f-6bae-4f12-a6f3-5464dc37e790/d0a71d84-b80f-4558-beac-8887750652e3 "29 j3sbvd3q3t41jYPOvvfkmFAczGEzNRoClKHEKoECwHr8AOUl9IyAq94INkh5I"
2020-08-17T04:18:06.198291710Z  [2020-08-17T04:18:06Z INFO  dt_client_bytes] Publish 30
2020-08-17T04:18:06.207384027Z  [2020-08-17T04:18:06Z INFO  dt_client_bytes] PubAck { pkid: 1 }
2020-08-17T04:18:06.209849884Z  [2020-08-17T04:18:06Z INFO  dt_client_bytes] 30::38162cb0-e585-43d7-b55d-5c240b2bfb7c/3142192f-6bae-4f12-a6f3-5464dc37e790/d0a71d84-b80f-4558-beac-8887750652e3 "30 7L3DFGZfAjBanwEcRYl42J7WVl2jO6fLV44WVKpH1lGEKTQXVbkMsIzAajM32"
2020-08-17T04:18:06.209870846Z  [2020-08-17T04:18:06Z INFO  dt_client_bytes] Publish 31
2020-08-17T04:18:06.221831251Z  [2020-08-17T04:18:06Z INFO  dt_client_bytes] 31::38162cb0-e585-43d7-b55d-5c240b2bfb7c/3142192f-6bae-4f12-a6f3-5464dc37e790/d0a71d84-b80f-4558-beac-8887750652e3 "31 qyfEz7SJ3Ndb8V8fc9FYOwuXVKDDphpmWvUdSNAysMBAmNy5SZ512FjS86uKP"
2020-08-17T04:18:06.221898461Z  [2020-08-17T04:18:06Z INFO  dt_client_bytes] Publish 32
2020-08-17T04:18:06.232638296Z  [2020-08-17T04:18:06Z INFO  dt_client_bytes] 32::38162cb0-e585-43d7-b55d-5c240b2bfb7c/3142192f-6bae-4f12-a6f3-5464dc37e790/d0a71d84-b80f-4558-beac-8887750652e3 "32 d9P1zo38xHoa5WL9Th5NjxezEEvg9uBNA26m29GRrmcCYyaaUjSKWYtBec7XB"
2020-08-17T04:18:06.232686129Z  [2020-08-17T04:18:06Z INFO  dt_client_bytes] Publish 33
2020-08-17T04:18:06.243822689Z  [2020-08-17T04:18:06Z INFO  dt_client_bytes] 33::38162cb0-e585-43d7-b55d-5c240b2bfb7c/3142192f-6bae-4f12-a6f3-5464dc37e790/d0a71d84-b80f-4558-beac-8887750652e3 "33 DNpGCcKiEoQfz0sr19YSLr9NLFPiqTYrPUrM9HondEHf5KZyr8cPl5Tfpza6f"
2020-08-17T04:18:06.243840891Z  [2020-08-17T04:18:06Z INFO  dt_client_bytes] Publish 34
2020-08-17T04:18:06.254061758Z  [2020-08-17T04:18:06Z INFO  dt_client_bytes] 34::38162cb0-e585-43d7-b55d-5c240b2bfb7c/3142192f-6bae-4f12-a6f3-5464dc37e790/d0a71d84-b80f-4558-beac-8887750652e3 "34 00tzoA12eLq6WvxHjV6qPMBMdbZBE32CR5MNJVgUQ18vW7mw5TiTY010QIpXM"
2020-08-17T04:18:06.254080920Z  [2020-08-17T04:18:06Z INFO  dt_client_bytes] Publish 35
2020-08-17T04:18:06.265775369Z  [2020-08-17T04:18:06Z INFO  dt_client_bytes] 35::38162cb0-e585-43d7-b55d-5c240b2bfb7c/3142192f-6bae-4f12-a6f3-5464dc37e790/d0a71d84-b80f-4558-beac-8887750652e3 "35 DYHHrmJLeLeoSi4OiZYrYrTgLEVoD8ILBtBRTegC80XELjXkZGKOi1DYYSwdv"
2020-08-17T04:18:06.265834630Z  [2020-08-17T04:18:06Z INFO  dt_client_bytes] Publish 36
2020-08-17T04:18:06.277571248Z  [2020-08-17T04:18:06Z INFO  dt_client_bytes] 36::38162cb0-e585-43d7-b55d-5c240b2bfb7c/3142192f-6bae-4f12-a6f3-5464dc37e790/d0a71d84-b80f-4558-beac-8887750652e3 "36 TSyF031FRrasGG0jqsLRkuZ0R6p82Fn7YplBlN7U74XjY0pw0ihUW14SFt2ZP"
2020-08-17T04:18:06.277632478Z  [2020-08-17T04:18:06Z INFO  dt_client_bytes] Publish 37
2020-08-17T04:18:06.288192252Z  [2020-08-17T04:18:06Z INFO  dt_client_bytes] 37::38162cb0-e585-43d7-b55d-5c240b2bfb7c/3142192f-6bae-4f12-a6f3-5464dc37e790/d0a71d84-b80f-4558-beac-8887750652e3 "37 o1DdWqECPz9iwLrzC8vF3h3sb0zSKapdoIWT5vinNLQ0AJdMdaVHa2O2XLKZ9"
2020-08-17T04:18:06.288251671Z  [2020-08-17T04:18:06Z INFO  dt_client_bytes] Publish 38
2020-08-17T04:18:06.299991696Z  [2020-08-17T04:18:06Z INFO  dt_client_bytes] 38::38162cb0-e585-43d7-b55d-5c240b2bfb7c/3142192f-6bae-4f12-a6f3-5464dc37e790/d0a71d84-b80f-4558-beac-8887750652e3 "38 JhkLoUYjbWAqY9IYmVzYknGHxSHYWvuP2GnKMsoCRZCTZIxtVC3ckv5EbdFiY"
2020-08-17T04:18:06.300069755Z  [2020-08-17T04:18:06Z INFO  dt_client_bytes] Publish 39
2020-08-17T04:18:06.321569109Z  [2020-08-17T04:18:06Z INFO  dt_client_bytes] 39::38162cb0-e585-43d7-b55d-5c240b2bfb7c/3142192f-6bae-4f12-a6f3-5464dc37e790/d0a71d84-b80f-4558-beac-8887750652e3 "39 npAmJIqFkocbmnKFJHIq0LzxodxGXQCav5E96inHTG75NqaC6ILRATaGqvDKm"
2020-08-17T04:18:06.321589982Z  [2020-08-17T04:18:06Z INFO  dt_client_bytes] Publish 40
2020-08-17T04:18:06.332182369Z  [2020-08-17T04:18:06Z INFO  dt_client_bytes] 40::38162cb0-e585-43d7-b55d-5c240b2bfb7c/3142192f-6bae-4f12-a6f3-5464dc37e790/d0a71d84-b80f-4558-beac-8887750652e3 "40 mHgbumdWGG7I1FaLdgFpCsjSgrN2tH9dj0Oax3jOQmZSa1ksSDq1wH69tXGfC"
2020-08-17T04:18:06.332243698Z  [2020-08-17T04:18:06Z INFO  dt_client_bytes] Publish 41
2020-08-17T04:18:06.343303871Z  [2020-08-17T04:18:06Z INFO  dt_client_bytes] 41::38162cb0-e585-43d7-b55d-5c240b2bfb7c/3142192f-6bae-4f12-a6f3-5464dc37e790/d0a71d84-b80f-4558-beac-8887750652e3 "41 ARdiHRUkRGMx7Vpy2k1TddSw4pczu35blpgqGcMoAfLnEfmkH064NcnCrFC7x"
2020-08-17T04:18:06.343328215Z  [2020-08-17T04:18:06Z INFO  dt_client_bytes] Publish 42
2020-08-17T04:18:06.349966866Z  [2020-08-17T04:18:06Z INFO  dt_client_bytes] PubAck { pkid: 2 }
2020-08-17T04:18:06.351554452Z  [2020-08-17T04:18:06Z INFO  dt_client_bytes] PubAck { pkid: 3 }
2020-08-17T04:18:06.351922592Z  [2020-08-17T04:18:06Z INFO  dt_client_bytes] PubAck { pkid: 4 }
2020-08-17T04:18:06.353464037Z  [2020-08-17T04:18:06Z INFO  dt_client_bytes] PubAck { pkid: 5 }
2020-08-17T04:18:06.353902463Z  [2020-08-17T04:18:06Z INFO  dt_client_bytes] PubAck { pkid: 6 }
2020-08-17T04:18:06.353962347Z  [2020-08-17T04:18:06Z INFO  dt_client_bytes] 42::38162cb0-e585-43d7-b55d-5c240b2bfb7c/3142192f-6bae-4f12-a6f3-5464dc37e790/d0a71d84-b80f-4558-beac-8887750652e3 "42 ShZfVRzxYGcbaKh193gR6pEWJePZZ7jghFz9IS3kltO25V9yB0qSCZX2lpVCd"
2020-08-17T04:18:06.355597610Z  [2020-08-17T04:18:06Z INFO  dt_client_bytes] PubAck { pkid: 7 }
2020-08-17T04:18:06.356052887Z  [2020-08-17T04:18:06Z INFO  dt_client_bytes] PubAck { pkid: 8 }
2020-08-17T04:18:06.358021593Z  [2020-08-17T04:18:06Z INFO  dt_client_bytes] PubAck { pkid: 9 }
2020-08-17T04:18:06.358137052Z  [2020-08-17T04:18:06Z INFO  dt_client_bytes] Publish 43
2020-08-17T04:18:06.359914722Z  [2020-08-17T04:18:06Z INFO  dt_client_bytes] PubAck { pkid: 10 }
2020-08-17T04:18:06.359957703Z  [2020-08-17T04:18:06Z INFO  dt_client_bytes] PubAck { pkid: 11 }
2020-08-17T04:18:06.361355867Z  [2020-08-17T04:18:06Z INFO  dt_client_bytes] PubAck { pkid: 12 }
2020-08-17T04:18:06.362612679Z  [2020-08-17T04:18:06Z INFO  dt_client_bytes] PubAck { pkid: 13 }
2020-08-17T04:18:06.363854293Z  [2020-08-17T04:18:06Z INFO  dt_client_bytes] PubAck { pkid: 14 }
2020-08-17T04:18:06.365174269Z  [2020-08-17T04:18:06Z INFO  dt_client_bytes] PubAck { pkid: 15 }
2020-08-17T04:18:06.365254320Z  [2020-08-17T04:18:06Z INFO  dt_client_bytes] 43::38162cb0-e585-43d7-b55d-5c240b2bfb7c/3142192f-6bae-4f12-a6f3-5464dc37e790/d0a71d84-b80f-4558-beac-8887750652e3 "43 ugUQvKg92JVKUA39WHCab8vfkzM44v2fhIfFx0gojoAr2oghK8wV5ODx751u3"
2020-08-17T04:18:06.366438552Z  [2020-08-17T04:18:06Z INFO  dt_client_bytes] Publish 44
2020-08-17T04:18:06.367718215Z  [2020-08-17T04:18:06Z INFO  dt_client_bytes] PubAck { pkid: 16 }
2020-08-17T04:18:06.368892885Z  [2020-08-17T04:18:06Z INFO  dt_client_bytes] PubAck { pkid: 17 }
2020-08-17T04:18:06.370106297Z  [2020-08-17T04:18:06Z INFO  dt_client_bytes] PubAck { pkid: 18 }
2020-08-17T04:18:06.371338692Z  [2020-08-17T04:18:06Z INFO  dt_client_bytes] PubAck { pkid: 19 }
2020-08-17T04:18:06.372555850Z  [2020-08-17T04:18:06Z INFO  dt_client_bytes] PubAck { pkid: 20 }
2020-08-17T04:18:06.373757962Z  [2020-08-17T04:18:06Z INFO  dt_client_bytes] PubAck { pkid: 21 }
2020-08-17T04:18:06.374997901Z  [2020-08-17T04:18:06Z INFO  dt_client_bytes] PubAck { pkid: 22 }
2020-08-17T04:18:06.376271231Z  [2020-08-17T04:18:06Z INFO  dt_client_bytes] PubAck { pkid: 23 }
2020-08-17T04:18:06.376327677Z  [2020-08-17T04:18:06Z INFO  dt_client_bytes] 44::38162cb0-e585-43d7-b55d-5c240b2bfb7c/3142192f-6bae-4f12-a6f3-5464dc37e790/d0a71d84-b80f-4558-beac-8887750652e3 "44 pCt4wCDhGul80jMqi1m7z0rxPrP3Ca3pzhBFS8qTOKSj6LKdi3W4gWInusLMZ"
2020-08-17T04:18:06.377692742Z  [2020-08-17T04:18:06Z INFO  dt_client_bytes] PubAck { pkid: 24 }
2020-08-17T04:18:06.379347628Z  [2020-08-17T04:18:06Z INFO  dt_client_bytes] PubAck { pkid: 25 }
2020-08-17T04:18:06.379998950Z  [2020-08-17T04:18:06Z INFO  dt_client_bytes] PubAck { pkid: 26 }
2020-08-17T04:18:06.381254667Z  [2020-08-17T04:18:06Z INFO  dt_client_bytes] PubAck { pkid: 27 }
2020-08-17T04:18:06.382445310Z  [2020-08-17T04:18:06Z INFO  dt_client_bytes] PubAck { pkid: 28 }
2020-08-17T04:18:06.383570307Z  [2020-08-17T04:18:06Z INFO  dt_client_bytes] PubAck { pkid: 29 }
2020-08-17T04:18:06.384700273Z  [2020-08-17T04:18:06Z INFO  dt_client_bytes] PubAck { pkid: 30 }
2020-08-17T04:18:06.385851676Z  [2020-08-17T04:18:06Z INFO  dt_client_bytes] Publish 45
2020-08-17T04:18:06.388642937Z  [2020-08-17T04:18:06Z INFO  dt_client_bytes] 45::38162cb0-e585-43d7-b55d-5c240b2bfb7c/3142192f-6bae-4f12-a6f3-5464dc37e790/d0a71d84-b80f-4558-beac-8887750652e3 "45 QCc7KPAmD4P3csvDEIS5oIleH42yPL60XpsfBEfxLQuxPPPBO1T8Er5Mh9iNH"
2020-08-17T04:18:06.388707653Z  [2020-08-17T04:18:06Z INFO  dt_client_bytes] Publish 46
2020-08-17T04:18:06.400154253Z  [2020-08-17T04:18:06Z INFO  dt_client_bytes] 46::38162cb0-e585-43d7-b55d-5c240b2bfb7c/3142192f-6bae-4f12-a6f3-5464dc37e790/d0a71d84-b80f-4558-beac-8887750652e3 "46 tGjZY90pLaiwCvJJMXIAHR60jz8rZNtWGzEWx4FNMoCIB81p9NwX5rfhJZKwP"
2020-08-17T04:18:06.400180085Z  [2020-08-17T04:18:06Z INFO  dt_client_bytes] Publish 47
2020-08-17T04:18:06.412459577Z  [2020-08-17T04:18:06Z INFO  dt_client_bytes] 47::38162cb0-e585-43d7-b55d-5c240b2bfb7c/3142192f-6bae-4f12-a6f3-5464dc37e790/d0a71d84-b80f-4558-beac-8887750652e3 "47 IDjogwU4AXYBYZZfrhl27ASiUfcJ7lo96ntWZz2TjT0MstqHfoyd1CEz2RZYU"
2020-08-17T04:18:06.412557946Z  [2020-08-17T04:18:06Z INFO  dt_client_bytes] Publish 48
2020-08-17T04:18:06.425043684Z  [2020-08-17T04:18:06Z INFO  dt_client_bytes] 48::38162cb0-e585-43d7-b55d-5c240b2bfb7c/3142192f-6bae-4f12-a6f3-5464dc37e790/d0a71d84-b80f-4558-beac-8887750652e3 "48 Gu7CRN2LLuK9BAuK1YvAAvFpq6ucGMCjsmAG7jHueKUpbesIAabtPRJ3ZRlU8"
2020-08-17T04:18:06.425113404Z  [2020-08-17T04:18:06Z INFO  dt_client_bytes] Publish 49
2020-08-17T04:18:06.437549436Z  [2020-08-17T04:18:06Z INFO  dt_client_bytes] 49::38162cb0-e585-43d7-b55d-5c240b2bfb7c/3142192f-6bae-4f12-a6f3-5464dc37e790/d0a71d84-b80f-4558-beac-8887750652e3 "49 xfxYYUYJq1obrSVLfKkkJ53WHRJL5eAbQGHkpTrOCmPtSDaM3vm0PgYcuQAGo"
2020-08-17T04:18:06.437579017Z  [2020-08-17T04:18:06Z INFO  dt_client_bytes] Publish 50
2020-08-17T04:18:06.447612338Z  [2020-08-17T04:18:06Z INFO  dt_client_bytes] 50::38162cb0-e585-43d7-b55d-5c240b2bfb7c/3142192f-6bae-4f12-a6f3-5464dc37e790/d0a71d84-b80f-4558-beac-8887750652e3 "50 8yYdgZMs7GZDHpzvqcRjyP9qmczZnPzdOiiLUvOVfbFuk9mojboWRWwnfni4i"
2020-08-17T04:18:06.447637192Z  [2020-08-17T04:18:06Z INFO  dt_client_bytes] Publish 51
2020-08-17T04:18:06.459109858Z  [2020-08-17T04:18:06Z INFO  dt_client_bytes] 51::38162cb0-e585-43d7-b55d-5c240b2bfb7c/3142192f-6bae-4f12-a6f3-5464dc37e790/d0a71d84-b80f-4558-beac-8887750652e3 "51 o62eagMXSqzfdbilpoMDAQHjEk8hK49QAI8bt7abmXpAWCvJQtICOtVzinwH5"
2020-08-17T04:18:06.459132527Z  [2020-08-17T04:18:06Z INFO  dt_client_bytes] Publish 52
2020-08-17T04:18:06.464127525Z  [2020-08-17T04:18:06Z INFO  dt_client_bytes] PubAck { pkid: 31 }
2020-08-17T04:18:06.465253984Z  [2020-08-17T04:18:06Z INFO  dt_client_bytes] PubAck { pkid: 32 }
2020-08-17T04:18:06.466711471Z  [2020-08-17T04:18:06Z INFO  dt_client_bytes] PubAck { pkid: 33 }
2020-08-17T04:18:06.467622531Z  [2020-08-17T04:18:06Z INFO  dt_client_bytes] PubAck { pkid: 34 }
2020-08-17T04:18:06.468749101Z  [2020-08-17T04:18:06Z INFO  dt_client_bytes] PubAck { pkid: 35 }
2020-08-17T04:18:06.468766789Z  [2020-08-17T04:18:06Z INFO  dt_client_bytes] 52::38162cb0-e585-43d7-b55d-5c240b2bfb7c/3142192f-6bae-4f12-a6f3-5464dc37e790/d0a71d84-b80f-4558-beac-8887750652e3 "52 GmXJrJlP9hc6zd9NSHuJbFvExQ2rcBg0jnnRLaK9xyFDyFvwFMe9qKhAJb0Q0"
2020-08-17T04:18:06.469931740Z  [2020-08-17T04:18:06Z INFO  dt_client_bytes] PubAck { pkid: 36 }
2020-08-17T04:18:06.471189978Z  [2020-08-17T04:18:06Z INFO  dt_client_bytes] Publish 53
2020-08-17T04:18:06.472326316Z  [2020-08-17T04:18:06Z INFO  dt_client_bytes] PubAck { pkid: 37 }
2020-08-17T04:18:06.481145779Z  [2020-08-17T04:18:06Z INFO  dt_client_bytes] 53::38162cb0-e585-43d7-b55d-5c240b2bfb7c/3142192f-6bae-4f12-a6f3-5464dc37e790/d0a71d84-b80f-4558-beac-8887750652e3 "53 TUT2uDgnCmtJWOfXm9bkpEpwQJu4ra9ynFtnzpwGdrrWLzadxg5vMEdDKQZUC"
2020-08-17T04:18:06.481212773Z  [2020-08-17T04:18:06Z INFO  dt_client_bytes] Publish 54
2020-08-17T04:18:06.492823358Z  [2020-08-17T04:18:06Z INFO  dt_client_bytes] 54::38162cb0-e585-43d7-b55d-5c240b2bfb7c/3142192f-6bae-4f12-a6f3-5464dc37e790/d0a71d84-b80f-4558-beac-8887750652e3 "54 XtpWXnc4DD5iWxTtUDdUoSQbClSgTybKogJXYH4EwKTCJLzcVi6cvcA8WJybj"
2020-08-17T04:18:06.492900349Z  [2020-08-17T04:18:06Z INFO  dt_client_bytes] Publish 55
2020-08-17T04:18:06.503425203Z  [2020-08-17T04:18:06Z INFO  dt_client_bytes] 55::38162cb0-e585-43d7-b55d-5c240b2bfb7c/3142192f-6bae-4f12-a6f3-5464dc37e790/d0a71d84-b80f-4558-beac-8887750652e3 "55 0nrYYR1ORTiWNOqyqhnD3JI6AbXqoPdpWBrfFkmerm8BiRD8FgUr7RxKRQIKk"
2020-08-17T04:18:06.503513524Z  [2020-08-17T04:18:06Z INFO  dt_client_bytes] Publish 56
2020-08-17T04:18:06.515245186Z  [2020-08-17T04:18:06Z INFO  dt_client_bytes] 56::38162cb0-e585-43d7-b55d-5c240b2bfb7c/3142192f-6bae-4f12-a6f3-5464dc37e790/d0a71d84-b80f-4558-beac-8887750652e3 "56 ojc9oFkUoTvNgs4mPD37GcdIuco0xXbFv4x1JnEyuqIP2ov6cuIbeXEtrtmuc"
2020-08-17T04:18:06.515283074Z  [2020-08-17T04:18:06Z INFO  dt_client_bytes] Publish 57
2020-08-17T04:18:06.526493227Z  [2020-08-17T04:18:06Z INFO  dt_client_bytes] 57::38162cb0-e585-43d7-b55d-5c240b2bfb7c/3142192f-6bae-4f12-a6f3-5464dc37e790/d0a71d84-b80f-4558-beac-8887750652e3 "57 rX14xSPSMJExTyJuBQYVqbucbZeqqLXFaiGzmYr5J8BncUDYxU6uCJ3XaTyKA"
2020-08-17T04:18:06.526551197Z  [2020-08-17T04:18:06Z INFO  dt_client_bytes] Publish 58
2020-08-17T04:18:06.538065981Z  [2020-08-17T04:18:06Z INFO  dt_client_bytes] 58::38162cb0-e585-43d7-b55d-5c240b2bfb7c/3142192f-6bae-4f12-a6f3-5464dc37e790/d0a71d84-b80f-4558-beac-8887750652e3 "58 dor8FDjegLsTjfi6vk7pt7kvRG5APcju3xGZMHvnpSVvHRPrQxL0UaSZ2hqvc"
2020-08-17T04:18:06.538216192Z  [2020-08-17T04:18:06Z INFO  dt_client_bytes] Publish 59
2020-08-17T04:18:06.549824966Z  [2020-08-17T04:18:06Z INFO  dt_client_bytes] 59::38162cb0-e585-43d7-b55d-5c240b2bfb7c/3142192f-6bae-4f12-a6f3-5464dc37e790/d0a71d84-b80f-4558-beac-8887750652e3 "59 h1rj0DQaRUDTXBFTJ9XXlohk11xWYcJ59jXwtyrNJQbMrLtxGQ57apyB7y12d"
2020-08-17T04:18:06.549904448Z  [2020-08-17T04:18:06Z INFO  dt_client_bytes] Publish 60
2020-08-17T04:18:06.560239727Z  [2020-08-17T04:18:06Z INFO  dt_client_bytes] 60::38162cb0-e585-43d7-b55d-5c240b2bfb7c/3142192f-6bae-4f12-a6f3-5464dc37e790/d0a71d84-b80f-4558-beac-8887750652e3 "60 OQAfoJ3OBfAlAu4HQo6zq0WL7OcOFizjGy87ei9fGRWhJzgj9EmI83AnZiN1N"
2020-08-17T04:18:06.560300464Z  [2020-08-17T04:18:06Z INFO  dt_client_bytes] Publish 61
2020-08-17T04:18:06.561152170Z  [2020-08-17T04:18:06Z INFO  dt_client_bytes] PubAck { pkid: 38 }
2020-08-17T04:18:06.562398461Z  [2020-08-17T04:18:06Z INFO  dt_client_bytes] PubAck { pkid: 39 }
2020-08-17T04:18:06.563877937Z  [2020-08-17T04:18:06Z INFO  dt_client_bytes] PubAck { pkid: 40 }
2020-08-17T04:18:06.563919458Z  [2020-08-17T04:18:06Z INFO  dt_client_bytes] PubAck { pkid: 41 }
2020-08-17T04:18:06.565100111Z  [2020-08-17T04:18:06Z INFO  dt_client_bytes] PubAck { pkid: 42 }
2020-08-17T04:18:06.566396437Z  [2020-08-17T04:18:06Z INFO  dt_client_bytes] PubAck { pkid: 43 }
2020-08-17T04:18:06.567709101Z  [2020-08-17T04:18:06Z INFO  dt_client_bytes] PubAck { pkid: 44 }
2020-08-17T04:18:06.568934820Z  [2020-08-17T04:18:06Z INFO  dt_client_bytes] PubAck { pkid: 45 }
2020-08-17T04:18:06.570237896Z  [2020-08-17T04:18:06Z INFO  dt_client_bytes] PubAck { pkid: 46 }
2020-08-17T04:18:06.571863129Z  [2020-08-17T04:18:06Z INFO  dt_client_bytes] PubAck { pkid: 47 }
2020-08-17T04:18:06.571895458Z  [2020-08-17T04:18:06Z INFO  dt_client_bytes] 61::38162cb0-e585-43d7-b55d-5c240b2bfb7c/3142192f-6bae-4f12-a6f3-5464dc37e790/d0a71d84-b80f-4558-beac-8887750652e3 "61 gzgsPO60VbgeYfpWhh6R5Rn6dpbDmUYtcXy8y25CToiwO6fXWgJP0UFyrh7e4"
2020-08-17T04:18:06.572802080Z  [2020-08-17T04:18:06Z INFO  dt_client_bytes] PubAck { pkid: 48 }
2020-08-17T04:18:06.573984472Z  [2020-08-17T04:18:06Z INFO  dt_client_bytes] PubAck { pkid: 49 }
2020-08-17T04:18:06.575253022Z  [2020-08-17T04:18:06Z INFO  dt_client_bytes] Publish 62
2020-08-17T04:18:06.583554561Z  [2020-08-17T04:18:06Z INFO  dt_client_bytes] 62::38162cb0-e585-43d7-b55d-5c240b2bfb7c/3142192f-6bae-4f12-a6f3-5464dc37e790/d0a71d84-b80f-4558-beac-8887750652e3 "62 bMlrAiUyF3fMNPpDArPK0cPFdV9FULElDwJ2PFIb0sF3e93ipsqd5Ie1xR5HI"
2020-08-17T04:18:06.583592001Z  [2020-08-17T04:18:06Z INFO  dt_client_bytes] Publish 63
2020-08-17T04:18:06.595319594Z  [2020-08-17T04:18:06Z INFO  dt_client_bytes] 63::38162cb0-e585-43d7-b55d-5c240b2bfb7c/3142192f-6bae-4f12-a6f3-5464dc37e790/d0a71d84-b80f-4558-beac-8887750652e3 "63 M1AsicPGd7I6T824CyaRy7nKoD750V4xmWBNl4n9Y7HPW4EB35pTIfDKS9bQN"
2020-08-17T04:18:06.595344411Z  [2020-08-17T04:18:06Z INFO  dt_client_bytes] Publish 64
2020-08-17T04:18:06.607129864Z  [2020-08-17T04:18:06Z INFO  dt_client_bytes] 64::38162cb0-e585-43d7-b55d-5c240b2bfb7c/3142192f-6bae-4f12-a6f3-5464dc37e790/d0a71d84-b80f-4558-beac-8887750652e3 "64 NMt1JjrV9bCUgmfyXHsDGWZ2h9dNXWYtSgpcG1Md2FXhI0q4Ew8gBGZD3IvlA"
2020-08-17T04:18:06.607187072Z  [2020-08-17T04:18:06Z INFO  dt_client_bytes] Publish 65
2020-08-17T04:18:06.618520149Z  [2020-08-17T04:18:06Z INFO  dt_client_bytes] 65::38162cb0-e585-43d7-b55d-5c240b2bfb7c/3142192f-6bae-4f12-a6f3-5464dc37e790/d0a71d84-b80f-4558-beac-8887750652e3 "65 vkOP9rGEpm5lbJsW1OEdB3wSEEcSEOq1dbrXKUhAtJ9aMKqoMzJh0g4VvUkc6"
2020-08-17T04:18:06.618536312Z  [2020-08-17T04:18:06Z INFO  dt_client_bytes] Publish 66
2020-08-17T04:18:06.629951329Z  [2020-08-17T04:18:06Z INFO  dt_client_bytes] 66::38162cb0-e585-43d7-b55d-5c240b2bfb7c/3142192f-6bae-4f12-a6f3-5464dc37e790/d0a71d84-b80f-4558-beac-8887750652e3 "66 IZAZl6jQ514vVxpoXWIUUPxlwMWrLgbOLfJYl3jSWwIdPIcsTqR3C3CIALTen"
2020-08-17T04:18:06.629971572Z  [2020-08-17T04:18:06Z INFO  dt_client_bytes] Publish 67
2020-08-17T04:18:06.641545381Z  [2020-08-17T04:18:06Z INFO  dt_client_bytes] 67::38162cb0-e585-43d7-b55d-5c240b2bfb7c/3142192f-6bae-4f12-a6f3-5464dc37e790/d0a71d84-b80f-4558-beac-8887750652e3 "67 woKsxQtQxQI57RRGMdoNHBRWQXKtRUawYbgZpvduR75lN0J990PiBol1rJbl7"
2020-08-17T04:18:06.641564891Z  [2020-08-17T04:18:06Z INFO  dt_client_bytes] Publish 68
2020-08-17T04:18:06.652109215Z  [2020-08-17T04:18:06Z INFO  dt_client_bytes] 68::38162cb0-e585-43d7-b55d-5c240b2bfb7c/3142192f-6bae-4f12-a6f3-5464dc37e790/d0a71d84-b80f-4558-beac-8887750652e3 "68 2hoJbH7L7w5F4fS9xnUYGPHgoJExyvpkkNtF7hsP8dJmqUGJpu9eKBRUG8LTQ"
2020-08-17T04:18:06.652139433Z  [2020-08-17T04:18:06Z INFO  dt_client_bytes] Publish 69
2020-08-17T04:18:06.663664024Z  [2020-08-17T04:18:06Z INFO  dt_client_bytes] 69::38162cb0-e585-43d7-b55d-5c240b2bfb7c/3142192f-6bae-4f12-a6f3-5464dc37e790/d0a71d84-b80f-4558-beac-8887750652e3 "69 M0WMCdJc6vUpN3D7T8fk0kLVl2BRqPMfMYQgc0GzjuYnpOoodv1nxjKeMa19g"
2020-08-17T04:18:06.663721651Z  [2020-08-17T04:18:06Z INFO  dt_client_bytes] Publish 70
2020-08-17T04:18:06.671271740Z  [2020-08-17T04:18:06Z INFO  dt_client_bytes] PubAck { pkid: 50 }
2020-08-17T04:18:06.672928035Z  [2020-08-17T04:18:06Z INFO  dt_client_bytes] PubAck { pkid: 51 }
2020-08-17T04:18:06.673684120Z  [2020-08-17T04:18:06Z INFO  dt_client_bytes] PubAck { pkid: 52 }
2020-08-17T04:18:06.675035719Z  [2020-08-17T04:18:06Z INFO  dt_client_bytes] PubAck { pkid: 53 }
2020-08-17T04:18:06.675122914Z  [2020-08-17T04:18:06Z INFO  dt_client_bytes] 70::38162cb0-e585-43d7-b55d-5c240b2bfb7c/3142192f-6bae-4f12-a6f3-5464dc37e790/d0a71d84-b80f-4558-beac-8887750652e3 "70 taVvA5gEJgbwqTEITskQCNFr4SpifxCLpVV8tqUFCWwdm9ORG548JyMkHiFpS"
2020-08-17T04:18:06.676257847Z  [2020-08-17T04:18:06Z INFO  dt_client_bytes] PubAck { pkid: 54 }
2020-08-17T04:18:06.677518383Z  [2020-08-17T04:18:06Z INFO  dt_client_bytes] PubAck { pkid: 55 }
2020-08-17T04:18:06.678861927Z  [2020-08-17T04:18:06Z INFO  dt_client_bytes] Publish 71
2020-08-17T04:18:06.678937227Z  [2020-08-17T04:18:06Z INFO  dt_client_bytes] PubAck { pkid: 56 }
2020-08-17T04:18:06.680055367Z  [2020-08-17T04:18:06Z INFO  dt_client_bytes] PubAck { pkid: 57 }
2020-08-17T04:18:06.681341986Z  [2020-08-17T04:18:06Z INFO  dt_client_bytes] PubAck { pkid: 58 }
2020-08-17T04:18:06.682604515Z  [2020-08-17T04:18:06Z INFO  dt_client_bytes] PubAck { pkid: 59 }
2020-08-17T04:18:06.686507602Z  [2020-08-17T04:18:06Z INFO  dt_client_bytes] 71::38162cb0-e585-43d7-b55d-5c240b2bfb7c/3142192f-6bae-4f12-a6f3-5464dc37e790/d0a71d84-b80f-4558-beac-8887750652e3 "71 egzQsL7l3hBpAGuDbVNinoiBRPP5mfLdDOM1sL3GmJCosWw0PcpNidmyH1qo5"
2020-08-17T04:18:06.686578149Z  [2020-08-17T04:18:06Z INFO  dt_client_bytes] Publish 72
2020-08-17T04:18:06.698240979Z  [2020-08-17T04:18:06Z INFO  dt_client_bytes] 72::38162cb0-e585-43d7-b55d-5c240b2bfb7c/3142192f-6bae-4f12-a6f3-5464dc37e790/d0a71d84-b80f-4558-beac-8887750652e3 "72 G55bMUl74EPLxcSwNMlxbNPZ2dBUHMk2q4IkXjQSYNqh8JEJ1LA9AVR5uvBVa"
2020-08-17T04:18:06.698263641Z  [2020-08-17T04:18:06Z INFO  dt_client_bytes] Publish 73
2020-08-17T04:18:06.710079798Z  [2020-08-17T04:18:06Z INFO  dt_client_bytes] 73::38162cb0-e585-43d7-b55d-5c240b2bfb7c/3142192f-6bae-4f12-a6f3-5464dc37e790/d0a71d84-b80f-4558-beac-8887750652e3 "73 wxMA1KTchHjpNQ7OK7fzEfI7VdVJsRD2D9QIQDzoC7tZRmRryi7dfo6mOomBF"
2020-08-17T04:18:06.710143096Z  [2020-08-17T04:18:06Z INFO  dt_client_bytes] Publish 74
2020-08-17T04:18:06.721671308Z  [2020-08-17T04:18:06Z INFO  dt_client_bytes] 74::38162cb0-e585-43d7-b55d-5c240b2bfb7c/3142192f-6bae-4f12-a6f3-5464dc37e790/d0a71d84-b80f-4558-beac-8887750652e3 "74 FGv3iT6yjiaHf5EWBgQkSbV73CSFjzlUHpm3DS2apF83JhJp4WR6JETqlvfGQ"
2020-08-17T04:18:06.721694468Z  [2020-08-17T04:18:06Z INFO  dt_client_bytes] Publish 75
2020-08-17T04:18:06.732943059Z  [2020-08-17T04:18:06Z INFO  dt_client_bytes] 75::38162cb0-e585-43d7-b55d-5c240b2bfb7c/3142192f-6bae-4f12-a6f3-5464dc37e790/d0a71d84-b80f-4558-beac-8887750652e3 "75 XPCRNlaWCbqG4KedRluALyOKKJLjWSaxeTF6edpwxLOCxo4NsV24NdN8TNqwV"
2020-08-17T04:18:06.732977080Z  [2020-08-17T04:18:06Z INFO  dt_client_bytes] Publish 76
2020-08-17T04:18:06.744349543Z  [2020-08-17T04:18:06Z INFO  dt_client_bytes] 76::38162cb0-e585-43d7-b55d-5c240b2bfb7c/3142192f-6bae-4f12-a6f3-5464dc37e790/d0a71d84-b80f-4558-beac-8887750652e3 "76 Ru8fp5c7NLdwP4OM18CiT9mRMyleSSyM5XmEp7EoyQ57iHHyT52R7zIH2Hk6L"
2020-08-17T04:18:06.744407393Z  [2020-08-17T04:18:06Z INFO  dt_client_bytes] Publish 77
2020-08-17T04:18:06.756163553Z  [2020-08-17T04:18:06Z INFO  dt_client_bytes] 77::38162cb0-e585-43d7-b55d-5c240b2bfb7c/3142192f-6bae-4f12-a6f3-5464dc37e790/d0a71d84-b80f-4558-beac-8887750652e3 "77 wYOcLi5ZQWExmDSieotfSDc1dgDc8AUVe6W9ILRBQ1ClhrLEvO5ShvKnV3tQh"
2020-08-17T04:18:06.756248649Z  [2020-08-17T04:18:06Z INFO  dt_client_bytes] Publish 78
2020-08-17T04:18:06.767991160Z  [2020-08-17T04:18:06Z INFO  dt_client_bytes] 78::38162cb0-e585-43d7-b55d-5c240b2bfb7c/3142192f-6bae-4f12-a6f3-5464dc37e790/d0a71d84-b80f-4558-beac-8887750652e3 "78 sD8zVsGj3DqB9xsWvSgQgCzFAaUSHtqLHhwOgljYtT0njKXRxSaIKswHblNLF"
2020-08-17T04:18:06.768074921Z  [2020-08-17T04:18:06Z INFO  dt_client_bytes] Publish 79
2020-08-17T04:18:06.776187939Z  [2020-08-17T04:18:06Z INFO  dt_client_bytes] PubAck { pkid: 60 }
2020-08-17T04:18:06.777299501Z  [2020-08-17T04:18:06Z INFO  dt_client_bytes] PubAck { pkid: 61 }
2020-08-17T04:18:06.778603768Z  [2020-08-17T04:18:06Z INFO  dt_client_bytes] PubAck { pkid: 62 }
2020-08-17T04:18:06.779971213Z  [2020-08-17T04:18:06Z INFO  dt_client_bytes] PubAck { pkid: 63 }
2020-08-17T04:18:06.780059108Z  [2020-08-17T04:18:06Z INFO  dt_client_bytes] 79::38162cb0-e585-43d7-b55d-5c240b2bfb7c/3142192f-6bae-4f12-a6f3-5464dc37e790/d0a71d84-b80f-4558-beac-8887750652e3 "79 fKNRCKdwyFNgZVDGdmHVwtUulVEFgD3Mx4rWwJNQ40rsgeGmfj2dWZADehYAi"
2020-08-17T04:18:06.781270434Z  [2020-08-17T04:18:06Z INFO  dt_client_bytes] Publish 80
2020-08-17T04:18:06.782564491Z  [2020-08-17T04:18:06Z INFO  dt_client_bytes] PubAck { pkid: 64 }
2020-08-17T04:18:06.783864191Z  [2020-08-17T04:18:06Z INFO  dt_client_bytes] PubAck { pkid: 65 }
2020-08-17T04:18:06.785135935Z  [2020-08-17T04:18:06Z INFO  dt_client_bytes] PubAck { pkid: 66 }
2020-08-17T04:18:06.786996625Z  [2020-08-17T04:18:06Z INFO  dt_client_bytes] PubAck { pkid: 67 }
2020-08-17T04:18:06.787905622Z  [2020-08-17T04:18:06Z INFO  dt_client_bytes] PubAck { pkid: 68 }
2020-08-17T04:18:06.792081885Z  [2020-08-17T04:18:06Z INFO  dt_client_bytes] 80::38162cb0-e585-43d7-b55d-5c240b2bfb7c/3142192f-6bae-4f12-a6f3-5464dc37e790/d0a71d84-b80f-4558-beac-8887750652e3 "80 M9DoijWE0LyUVW5HLVd2WU4q751rsUXejnTl9MswlmB0i5ndg5myL9ny4ZRq3"
2020-08-17T04:18:06.792123136Z  [2020-08-17T04:18:06Z INFO  dt_client_bytes] Publish 81
2020-08-17T04:18:06.802141142Z  [2020-08-17T04:18:06Z INFO  dt_client_bytes] 81::38162cb0-e585-43d7-b55d-5c240b2bfb7c/3142192f-6bae-4f12-a6f3-5464dc37e790/d0a71d84-b80f-4558-beac-8887750652e3 "81 J7nggIQ6xy42u6OwGu0PjbxMEZvYtfoDp8RgjxvmIPGCqiofUIXlXzAw1PMdW"
2020-08-17T04:18:06.802254455Z  [2020-08-17T04:18:06Z INFO  dt_client_bytes] Publish 82
2020-08-17T04:18:06.813863643Z  [2020-08-17T04:18:06Z INFO  dt_client_bytes] 82::38162cb0-e585-43d7-b55d-5c240b2bfb7c/3142192f-6bae-4f12-a6f3-5464dc37e790/d0a71d84-b80f-4558-beac-8887750652e3 "82 nX5zvdn5wJpX646IuUj4tjttlSDpxjnlJe372DP0ZVOYF9tLq7C6fxRY3DLts"
2020-08-17T04:18:06.813952491Z  [2020-08-17T04:18:06Z INFO  dt_client_bytes] Publish 83
2020-08-17T04:18:06.824488687Z  [2020-08-17T04:18:06Z INFO  dt_client_bytes] Publish 84
2020-08-17T04:18:06.824570588Z  [2020-08-17T04:18:06Z INFO  dt_client_bytes] 83::38162cb0-e585-43d7-b55d-5c240b2bfb7c/3142192f-6bae-4f12-a6f3-5464dc37e790/d0a71d84-b80f-4558-beac-8887750652e3 "83 P2j2bOFkkq3zfHSswWRCLDJbrND4XITYQuDkeuwWR7TCMuilOAc9EVlc7ur8g"
2020-08-17T04:18:06.835372584Z  [2020-08-17T04:18:06Z INFO  dt_client_bytes] 84::38162cb0-e585-43d7-b55d-5c240b2bfb7c/3142192f-6bae-4f12-a6f3-5464dc37e790/d0a71d84-b80f-4558-beac-8887750652e3 "84 d3RQ18i95WIYLUbBx73xNnjjsOF8Ahs1MytHxC36u2z4wakuxiDMvJN0DGyqW"
2020-08-17T04:18:06.835426275Z  [2020-08-17T04:18:06Z INFO  dt_client_bytes] Publish 85
2020-08-17T04:18:06.846989194Z  [2020-08-17T04:18:06Z INFO  dt_client_bytes] 85::38162cb0-e585-43d7-b55d-5c240b2bfb7c/3142192f-6bae-4f12-a6f3-5464dc37e790/d0a71d84-b80f-4558-beac-8887750652e3 "85 cS4fR9jIQtsOL8b32jxmj9memboPPHbbOvIKInl1J85lPR4QrYFAv6GqN8Mx2"
2020-08-17T04:18:06.847072204Z  [2020-08-17T04:18:06Z INFO  dt_client_bytes] Publish 86
2020-08-17T04:18:06.858434661Z  [2020-08-17T04:18:06Z INFO  dt_client_bytes] 86::38162cb0-e585-43d7-b55d-5c240b2bfb7c/3142192f-6bae-4f12-a6f3-5464dc37e790/d0a71d84-b80f-4558-beac-8887750652e3 "86 EwNvaabBEwMr1JsCkzuSZ6pFpPDjgbt6w2cLu20H4KeyaTERLHWLCNkCQyG4Y"
2020-08-17T04:18:06.858458211Z  [2020-08-17T04:18:06Z INFO  dt_client_bytes] Publish 87
2020-08-17T04:18:06.863229791Z  [2020-08-17T04:18:06Z INFO  dt_client_bytes] PubAck { pkid: 69 }
2020-08-17T04:18:06.864363248Z  [2020-08-17T04:18:06Z INFO  dt_client_bytes] PubAck { pkid: 70 }
2020-08-17T04:18:06.869930629Z  [2020-08-17T04:18:06Z INFO  dt_client_bytes] 87::38162cb0-e585-43d7-b55d-5c240b2bfb7c/3142192f-6bae-4f12-a6f3-5464dc37e790/d0a71d84-b80f-4558-beac-8887750652e3 "87 USlXt6wDu4zQI1yLYgGLfyeAlGqcZb52l3JwIuSouxEoqkCiNMqImHmzPwPHk"
2020-08-17T04:18:06.870007853Z  [2020-08-17T04:18:06Z INFO  dt_client_bytes] Publish 88
2020-08-17T04:18:06.881474274Z  [2020-08-17T04:18:06Z INFO  dt_client_bytes] 88::38162cb0-e585-43d7-b55d-5c240b2bfb7c/3142192f-6bae-4f12-a6f3-5464dc37e790/d0a71d84-b80f-4558-beac-8887750652e3 "88 C6XHOsCyv0pX5YrS0BjLwt8ydc69ItON4nNPYvTHS2mENfGjjqrW7yjJpcD6p"
2020-08-17T04:18:06.881541505Z  [2020-08-17T04:18:06Z INFO  dt_client_bytes] Publish 89
2020-08-17T04:18:06.893068724Z  [2020-08-17T04:18:06Z INFO  dt_client_bytes] 89::38162cb0-e585-43d7-b55d-5c240b2bfb7c/3142192f-6bae-4f12-a6f3-5464dc37e790/d0a71d84-b80f-4558-beac-8887750652e3 "89 IB0UVua2T41kNWfWQ4LlEjj4Pmcd9SiZ2cWoCUfV73jq7pMS5IosSnCslJKkj"
2020-08-17T04:18:06.893142273Z  [2020-08-17T04:18:06Z INFO  dt_client_bytes] Publish 90
2020-08-17T04:18:06.904748753Z  [2020-08-17T04:18:06Z INFO  dt_client_bytes] 90::38162cb0-e585-43d7-b55d-5c240b2bfb7c/3142192f-6bae-4f12-a6f3-5464dc37e790/d0a71d84-b80f-4558-beac-8887750652e3 "90 739wpCnhkzWIheIYPqbFhQUJeyppM3xyQbNmsVguO8wWxUASNEFoGbohi3gCp"
2020-08-17T04:18:06.904804279Z  [2020-08-17T04:18:06Z INFO  dt_client_bytes] Publish 91
2020-08-17T04:18:06.915117161Z  [2020-08-17T04:18:06Z INFO  dt_client_bytes] 91::38162cb0-e585-43d7-b55d-5c240b2bfb7c/3142192f-6bae-4f12-a6f3-5464dc37e790/d0a71d84-b80f-4558-beac-8887750652e3 "91 SXYa3UoyAasD9Fv8nrP38FTL3aA2YMmfXMRrt6nhj7ZENjddxXNkPVv9P9UzV"
2020-08-17T04:18:06.915186772Z  [2020-08-17T04:18:06Z INFO  dt_client_bytes] Publish 92
2020-08-17T04:18:06.926609377Z  [2020-08-17T04:18:06Z INFO  dt_client_bytes] 92::38162cb0-e585-43d7-b55d-5c240b2bfb7c/3142192f-6bae-4f12-a6f3-5464dc37e790/d0a71d84-b80f-4558-beac-8887750652e3 "92 enEKlewkENQU8bImlelOXo9v3zT09jizC6kwZKmJ5jC9ycyz5Lpmv5ei7wqii"
2020-08-17T04:18:06.926671481Z  [2020-08-17T04:18:06Z INFO  dt_client_bytes] Publish 93
2020-08-17T04:18:06.937397553Z  [2020-08-17T04:18:06Z INFO  dt_client_bytes] 93::38162cb0-e585-43d7-b55d-5c240b2bfb7c/3142192f-6bae-4f12-a6f3-5464dc37e790/d0a71d84-b80f-4558-beac-8887750652e3 "93 qsxU5dEFfA5j1NrAIzMUViizt9IqELekbLikdtnFyjGEcy7PhKZwYQaNFKbsk"
2020-08-17T04:18:06.937450514Z  [2020-08-17T04:18:06Z INFO  dt_client_bytes] Publish 94
2020-08-17T04:18:06.949036088Z  [2020-08-17T04:18:06Z INFO  dt_client_bytes] 94::38162cb0-e585-43d7-b55d-5c240b2bfb7c/3142192f-6bae-4f12-a6f3-5464dc37e790/d0a71d84-b80f-4558-beac-8887750652e3 "94 S27LzIbvVpm9Pgig9hx8JsDrmgePNC6z0iO3Hc31OXdDA6buNqu6rM9pycBnH"
2020-08-17T04:18:06.949066190Z  [2020-08-17T04:18:06Z INFO  dt_client_bytes] Publish 95
2020-08-17T04:18:06.960700640Z  [2020-08-17T04:18:06Z INFO  dt_client_bytes] 95::38162cb0-e585-43d7-b55d-5c240b2bfb7c/3142192f-6bae-4f12-a6f3-5464dc37e790/d0a71d84-b80f-4558-beac-8887750652e3 "95 2GZ1yfircljvjagM9pnu4F6hK4uqPbHOHUqezJ7zJ0ZpG9sP2EHRdTybp7HoV"
2020-08-17T04:18:06.960784974Z  [2020-08-17T04:18:06Z INFO  dt_client_bytes] Publish 96
2020-08-17T04:18:06.971135262Z  [2020-08-17T04:18:06Z INFO  dt_client_bytes] PubAck { pkid: 71 }
2020-08-17T04:18:06.971268746Z  [2020-08-17T04:18:06Z INFO  dt_client_bytes] 96::38162cb0-e585-43d7-b55d-5c240b2bfb7c/3142192f-6bae-4f12-a6f3-5464dc37e790/d0a71d84-b80f-4558-beac-8887750652e3 "96 NqXddSKhFpOWfncVZICNk4oufmH0lf3Nk8Qdk9jUElTeNiHgwhVsLFZhBfZ2V"
2020-08-17T04:18:06.972272095Z  [2020-08-17T04:18:06Z INFO  dt_client_bytes] PubAck { pkid: 72 }
2020-08-17T04:18:06.973581105Z  [2020-08-17T04:18:06Z INFO  dt_client_bytes] PubAck { pkid: 73 }
2020-08-17T04:18:06.974916196Z  [2020-08-17T04:18:06Z INFO  dt_client_bytes] PubAck { pkid: 74 }
2020-08-17T04:18:06.975001734Z  [2020-08-17T04:18:06Z INFO  dt_client_bytes] PubAck { pkid: 75 }
2020-08-17T04:18:06.976229623Z  [2020-08-17T04:18:06Z INFO  dt_client_bytes] Publish 97
2020-08-17T04:18:06.977510923Z  [2020-08-17T04:18:06Z INFO  dt_client_bytes] PubAck { pkid: 76 }
2020-08-17T04:18:06.978881242Z  [2020-08-17T04:18:06Z INFO  dt_client_bytes] PubAck { pkid: 77 }
2020-08-17T04:18:06.978966719Z  [2020-08-17T04:18:06Z INFO  dt_client_bytes] PubAck { pkid: 78 }
2020-08-17T04:18:06.979987043Z  [2020-08-17T04:18:06Z INFO  dt_client_bytes] PubAck { pkid: 79 }
2020-08-17T04:18:06.981220210Z  [2020-08-17T04:18:06Z INFO  dt_client_bytes] PubAck { pkid: 80 }
2020-08-17T04:18:06.982359323Z  [2020-08-17T04:18:06Z INFO  dt_client_bytes] PubAck { pkid: 81 }
2020-08-17T04:18:06.982414890Z  [2020-08-17T04:18:06Z INFO  dt_client_bytes] 97::38162cb0-e585-43d7-b55d-5c240b2bfb7c/3142192f-6bae-4f12-a6f3-5464dc37e790/d0a71d84-b80f-4558-beac-8887750652e3 "97 YL24izwwkYAudsSp8M1hDg6naSwjF99l5HTjdgIFKS1cFtYgbuWcTpu6l7ETN"
2020-08-17T04:18:06.983583308Z  [2020-08-17T04:18:06Z INFO  dt_client_bytes] PubAck { pkid: 82 }
2020-08-17T04:18:06.984756694Z  [2020-08-17T04:18:06Z INFO  dt_client_bytes] PubAck { pkid: 83 }
2020-08-17T04:18:06.985965539Z  [2020-08-17T04:18:06Z INFO  dt_client_bytes] PubAck { pkid: 84 }
2020-08-17T04:18:06.987210501Z  [2020-08-17T04:18:06Z INFO  dt_client_bytes] PubAck { pkid: 85 }
2020-08-17T04:18:06.988379994Z  [2020-08-17T04:18:06Z INFO  dt_client_bytes] PubAck { pkid: 86 }
2020-08-17T04:18:06.989609388Z  [2020-08-17T04:18:06Z INFO  dt_client_bytes] Publish 98
2020-08-17T04:18:06.993695906Z  [2020-08-17T04:18:06Z INFO  dt_client_bytes] 98::38162cb0-e585-43d7-b55d-5c240b2bfb7c/3142192f-6bae-4f12-a6f3-5464dc37e790/d0a71d84-b80f-4558-beac-8887750652e3 "98 ozCiihqfoavkZ6Cg1P6ouN5IviPr0NjB7x3kFXdEvRZ15rF5i28PGGRQkUMpY"
2020-08-17T04:18:06.993757521Z  [2020-08-17T04:18:06Z INFO  dt_client_bytes] Publish 99
2020-08-17T04:18:07.004459391Z  [2020-08-17T04:18:07Z INFO  dt_client_bytes] 99::38162cb0-e585-43d7-b55d-5c240b2bfb7c/3142192f-6bae-4f12-a6f3-5464dc37e790/d0a71d84-b80f-4558-beac-8887750652e3 "99 VodWrsEbqgNZRcF0SxN4peySbnq2Yr3GPdD9at0s9H5EZX24gy51ujPsiZoMM"
2020-08-17T04:18:07.004530274Z  [2020-08-17T04:18:07Z INFO  dt_client_bytes] Publish 100
2020-08-17T04:18:07.004550395Z  [2020-08-17T04:18:07Z INFO  dt_client_bytes] NotificationCounter {
2020-08-17T04:18:07.004567296Z          Pub: 100,
2020-08-17T04:18:07.004625448Z          PubAck: 86,
2020-08-17T04:18:07.004642758Z          PubRec: 0,
2020-08-17T04:18:07.004658563Z          PubRel: 0,
2020-08-17T04:18:07.004709663Z          PubComp: 0,
2020-08-17T04:18:07.004728745Z      }
2020-08-17T04:18:07.015769942Z  [2020-08-17T04:18:07Z INFO  dt_client_bytes] Thread 38162cb0-e585-43d7-b55d-5c240b2bfb7c/3142192f-6bae-4f12-a6f3-5464dc37e790/d0a71d84-b80f-4558-beac-8887750652e3 done with 100 messages.
2020-08-17T04:18:07.052472126Z  [2020-08-17T04:18:07Z INFO  dt_client_bytes] PubAck { pkid: 87 }
2020-08-17T04:18:07.052495450Z  [2020-08-17T04:18:07Z INFO  dt_client_bytes] NotificationCounter {
2020-08-17T04:18:07.052506265Z          Pub: 100,
2020-08-17T04:18:07.052515646Z          PubAck: 87,
2020-08-17T04:18:07.052547906Z          PubRec: 0,
2020-08-17T04:18:07.052558439Z          PubRel: 0,
2020-08-17T04:18:07.052567304Z          PubComp: 0,
2020-08-17T04:18:07.052576107Z      }
2020-08-17T04:18:07.053655617Z  [2020-08-17T04:18:07Z INFO  dt_client_bytes] PubAck { pkid: 88 }
2020-08-17T04:18:07.053711376Z  [2020-08-17T04:18:07Z INFO  dt_client_bytes] NotificationCounter {
2020-08-17T04:18:07.053724030Z          Pub: 100,
2020-08-17T04:18:07.053733662Z          PubAck: 88,
2020-08-17T04:18:07.053754011Z          PubRec: 0,
2020-08-17T04:18:07.053762961Z          PubRel: 0,
2020-08-17T04:18:07.053771910Z          PubComp: 0,
2020-08-17T04:18:07.053805351Z      }
2020-08-17T04:18:07.054927964Z  [2020-08-17T04:18:07Z INFO  dt_client_bytes] PubAck { pkid: 89 }
2020-08-17T04:18:07.054948827Z  [2020-08-17T04:18:07Z INFO  dt_client_bytes] NotificationCounter {
2020-08-17T04:18:07.054985202Z          Pub: 100,
2020-08-17T04:18:07.054994535Z          PubAck: 89,
2020-08-17T04:18:07.055013922Z          PubRec: 0,
2020-08-17T04:18:07.055034538Z          PubRel: 0,
2020-08-17T04:18:07.055043629Z          PubComp: 0,
2020-08-17T04:18:07.055074778Z      }
2020-08-17T04:18:07.056040260Z  [2020-08-17T04:18:07Z INFO  dt_client_bytes] PubAck { pkid: 90 }
2020-08-17T04:18:07.056074886Z  [2020-08-17T04:18:07Z INFO  dt_client_bytes] NotificationCounter {
2020-08-17T04:18:07.056085796Z          Pub: 100,
2020-08-17T04:18:07.056095196Z          PubAck: 90,
2020-08-17T04:18:07.056126239Z          PubRec: 0,
2020-08-17T04:18:07.056138570Z          PubRel: 0,
2020-08-17T04:18:07.056147879Z          PubComp: 0,
2020-08-17T04:18:07.056156834Z      }
2020-08-17T04:18:07.057217383Z  [2020-08-17T04:18:07Z INFO  dt_client_bytes] PubAck { pkid: 91 }
2020-08-17T04:18:07.057239672Z  [2020-08-17T04:18:07Z INFO  dt_client_bytes] NotificationCounter {
2020-08-17T04:18:07.057261251Z          Pub: 100,
2020-08-17T04:18:07.057271039Z          PubAck: 91,
2020-08-17T04:18:07.057305245Z          PubRec: 0,
2020-08-17T04:18:07.057316699Z          PubRel: 0,
2020-08-17T04:18:07.057338646Z          PubComp: 0,
2020-08-17T04:18:07.057347633Z      }
2020-08-17T04:18:07.058365985Z  [2020-08-17T04:18:07Z INFO  dt_client_bytes] PubAck { pkid: 92 }
2020-08-17T04:18:07.058383116Z  [2020-08-17T04:18:07Z INFO  dt_client_bytes] NotificationCounter {
2020-08-17T04:18:07.058392951Z          Pub: 100,
2020-08-17T04:18:07.058401980Z          PubAck: 92,
2020-08-17T04:18:07.058411068Z          PubRec: 0,
2020-08-17T04:18:07.058420172Z          PubRel: 0,
2020-08-17T04:18:07.058454304Z          PubComp: 0,
2020-08-17T04:18:07.058464477Z      }
2020-08-17T04:18:07.059636238Z  [2020-08-17T04:18:07Z INFO  dt_client_bytes] PubAck { pkid: 93 }
2020-08-17T04:18:07.059695875Z  [2020-08-17T04:18:07Z INFO  dt_client_bytes] NotificationCounter {
2020-08-17T04:18:07.059707990Z          Pub: 100,
2020-08-17T04:18:07.059717747Z          PubAck: 93,
2020-08-17T04:18:07.059726524Z          PubRec: 0,
2020-08-17T04:18:07.059735239Z          PubRel: 0,
2020-08-17T04:18:07.059743954Z          PubComp: 0,
2020-08-17T04:18:07.060190960Z      }
2020-08-17T04:18:07.060839071Z  [2020-08-17T04:18:07Z INFO  dt_client_bytes] PubAck { pkid: 94 }
2020-08-17T04:18:07.060899100Z  [2020-08-17T04:18:07Z INFO  dt_client_bytes] NotificationCounter {
2020-08-17T04:18:07.060915204Z          Pub: 100,
2020-08-17T04:18:07.060929896Z          PubAck: 94,
2020-08-17T04:18:07.060977983Z          PubRec: 0,
2020-08-17T04:18:07.061010312Z          PubRel: 0,
2020-08-17T04:18:07.061026539Z          PubComp: 0,
2020-08-17T04:18:07.061080443Z      }
2020-08-17T04:18:07.061096521Z  [2020-08-17T04:18:07Z INFO  dt_client_bytes] PubAck { pkid: 95 }
2020-08-17T04:18:07.061111874Z  [2020-08-17T04:18:07Z INFO  dt_client_bytes] NotificationCounter {
2020-08-17T04:18:07.061229777Z          Pub: 100,
2020-08-17T04:18:07.061254305Z          PubAck: 95,
2020-08-17T04:18:07.061269383Z          PubRec: 0,
2020-08-17T04:18:07.061284237Z          PubRel: 0,
2020-08-17T04:18:07.061365777Z          PubComp: 0,
2020-08-17T04:18:07.061381562Z      }
2020-08-17T04:18:07.141537504Z  [2020-08-17T04:18:07Z INFO  dt_client_bytes] PubAck { pkid: 96 }
2020-08-17T04:18:07.141565580Z  [2020-08-17T04:18:07Z INFO  dt_client_bytes] NotificationCounter {
2020-08-17T04:18:07.141608493Z          Pub: 100,
2020-08-17T04:18:07.141619577Z          PubAck: 96,
2020-08-17T04:18:07.141630415Z          PubRec: 0,
2020-08-17T04:18:07.141640877Z          PubRel: 0,
2020-08-17T04:18:07.141651456Z          PubComp: 0,
2020-08-17T04:18:07.141928116Z      }
2020-08-17T04:18:07.281577850Z  [2020-08-17T04:18:07Z INFO  dt_client_bytes] PubAck { pkid: 97 }
2020-08-17T04:18:07.281659813Z  [2020-08-17T04:18:07Z INFO  dt_client_bytes] NotificationCounter {
2020-08-17T04:18:07.281677753Z          Pub: 100,
2020-08-17T04:18:07.281727567Z          PubAck: 97,
2020-08-17T04:18:07.281744810Z          PubRec: 0,
2020-08-17T04:18:07.281759665Z          PubRel: 0,
2020-08-17T04:18:07.281774313Z          PubComp: 0,
2020-08-17T04:18:07.281824758Z      }
2020-08-17T04:18:07.282832221Z  [2020-08-17T04:18:07Z INFO  dt_client_bytes] PubAck { pkid: 98 }
2020-08-17T04:18:07.282895213Z  [2020-08-17T04:18:07Z INFO  dt_client_bytes] NotificationCounter {
2020-08-17T04:18:07.282915398Z          Pub: 100,
2020-08-17T04:18:07.282930066Z          PubAck: 98,
2020-08-17T04:18:07.282944673Z          PubRec: 0,
2020-08-17T04:18:07.282998089Z          PubRel: 0,
2020-08-17T04:18:07.283013337Z          PubComp: 0,
2020-08-17T04:18:07.283028070Z      }
2020-08-17T04:18:07.283075199Z  [2020-08-17T04:18:07Z INFO  dt_client_bytes] PubAck { pkid: 99 }
2020-08-17T04:18:07.283095056Z  [2020-08-17T04:18:07Z INFO  dt_client_bytes] NotificationCounter {
2020-08-17T04:18:07.283110329Z          Pub: 100,
2020-08-17T04:18:07.283124947Z          PubAck: 99,
2020-08-17T04:18:07.283190889Z          PubRec: 0,
2020-08-17T04:18:07.283210969Z          PubRel: 0,
2020-08-17T04:18:07.283225533Z          PubComp: 0,
2020-08-17T04:18:07.283301006Z      }
2020-08-17T04:18:07.284041333Z  [2020-08-17T04:18:07Z INFO  dt_client_bytes] PubAck { pkid: 100 }
2020-08-17T04:18:07.284104213Z  [2020-08-17T04:18:07Z INFO  dt_client_bytes] NotificationCounter {
2020-08-17T04:18:07.284123866Z          Pub: 100,
2020-08-17T04:18:07.284138807Z          PubAck: 100,
2020-08-17T04:18:07.284153244Z          PubRec: 0,
2020-08-17T04:18:07.284202640Z          PubRel: 0,
2020-08-17T04:18:07.284219121Z          PubComp: 0,
2020-08-17T04:18:07.284233744Z      }
2020-08-17T04:18:35.869838231Z  [2020-08-17T04:18:35Z INFO  dt_client_bytes] NotificationCounter {
2020-08-17T04:18:35.869951209Z          Pub: 100,
2020-08-17T04:18:35.869974676Z          PubAck: 100,
2020-08-17T04:18:35.870030513Z          PubRec: 0,
2020-08-17T04:18:35.870053600Z          PubRel: 0,
2020-08-17T04:18:35.870071650Z          PubComp: 0,
2020-08-17T04:18:35.870128930Z      }
2020-08-17T04:18:35.952142977Z  [2020-08-17T04:18:35Z INFO  dt_client_bytes] NotificationCounter {
2020-08-17T04:18:35.952235754Z          Pub: 100,
2020-08-17T04:18:35.952297978Z          PubAck: 100,
2020-08-17T04:18:35.952318864Z          PubRec: 0,
2020-08-17T04:18:35.952336231Z          PubRel: 0,
2020-08-17T04:18:35.952391941Z          PubComp: 0,
2020-08-17T04:18:35.952414238Z      }
