2020-08-16T02:58:52.870623921Z 0 V7SJtF9jyMOgjhj1N3MNihPZOgMh6lSklxqHcPmgmdTEbEbL8nvChUgU4CB0it
2020-08-16T02:58:52.911224248Z 1 1NNOhNnnAD6TmjDbqfEllbJSxh7xOBS11406cSgxGdxfykopsAEhnzQpnlnT5P
2020-08-16T02:58:52.953063498Z 2 Cpix2aK61aqEddhtOqM9KJdrDcjStDQYa6AZ1psgwjLSNXJJ7EmuSCUHaeA44b
2020-08-16T02:58:52.994072139Z 3 sGmNOPfWVMYPDIIHIX1rHoo4SKOJzzQkiCN7J8d2h2HDCqG4CGIQO9YAAy2MDe
2020-08-16T02:58:53.035177482Z 4 sbuKIqMBpcfazilPCulEsGZXMP31TImtM05QXu3wLWgQSsHOmikDbAeMoSbG1a
2020-08-16T02:58:53.076814886Z 5 yiWev9r5yXRglz2ZZe6gajnMzUtkkyFY5QnrD1QNECAwoyR6fWzZVedfa06CbC
2020-08-16T02:58:53.117437057Z 6 powSc3WjrXF3Lc8xiaS0GfDuRsseOeRhJU7nicIkAfoZd6ma6SMzopyItuK0zj
2020-08-16T02:58:53.158415628Z 7 6TDgF117ICKJDcsiIgc7i2kTkjbruxE4TCh11LCHqtb7qY39nCRoe4yKFtRBTX
2020-08-16T02:58:53.199504174Z 8 oUFowUdXmArND18vx1pJaJ92E9uNVOqsWAnGidFDuKDyLxtDteZcTLj54trGAx
2020-08-16T02:58:53.240559598Z 9 b1cMheA3E1fenyASKE4VHJfILtGTyvwbgSXHR7l6uvwwMJvQ28poFBTSwcWECX
2020-08-16T02:58:53.282348518Z 10 QXV9VG9EOrF81fSpUrcvGbN5gvzGLYa8CixYE8IXQpWYyfn0z4wms9x74FOy6
2020-08-16T02:58:53.323385518Z 11 yKmTEXtaYwSdE53pwL2Y7wDsKC6pzasRGKRGuBSN956LmXR5H8nnGsUkm7JzW
2020-08-16T02:58:53.364889979Z 12 GbXpFaW9Qz2pPNc0SLiEJvB6ejhiTnYxoTv1JmiZCIdqjJ1AK5lzcKmoWCIN2
2020-08-16T02:58:53.405994483Z 13 OpBmWAEBywKGAJTcY2kYkNeN4EemIGkSFA6iyG6YIZ5yx4yrX83YKhbIl3D7t
2020-08-16T02:58:53.446529382Z 14 ydrpXqNrjNUAbdlLZ3bxqutI8sQdv2yZAQFKnz2iNtaiENhroD3ImniGVrCXf
2020-08-16T02:58:53.488223905Z 15 pC14WhXG7kcORU16qjxiTqGe4bOlgd36XffGp1SnNdLLsclWwR4AevytLUVoj
2020-08-16T02:58:53.529968964Z 16 cGy08WwHgM3JMgy2bTK9I5IKLVH4CBSym789ATOgfceL8hEAOBgwknpromMKu
2020-08-16T02:58:53.571809178Z 17 rsK2G9IwzG4HL2JONaUwhRg0xf4ZyG3E2WtxsBKjezG90ucFh4xUSvq3blXeh
2020-08-16T02:58:53.612763513Z 18 554Yb6ZbIlJTJGCqF008til0iCqcVkbXkXIz84EQCY4rpwDyb9vXi0ZBL50OL
2020-08-16T02:58:53.653543377Z 19 e3WEFNH05w94ivixrg53KWhRyHfJrrR36clgoxMDw2B6mJz3I0NZM7p4uoqqC
2020-08-16T02:58:53.695247656Z 20 R528HRhmS29EPfTb1qdUbkhDlr73sGR3wu6mFVHdRNV3pogyKt41sksyhQURd
2020-08-16T02:58:53.736302045Z 21 K88PMAIgfSijKZX2ZmI5cT5uy8trbKIdWH0wSKAFoeHusjPwZkr89hxJtoU26
2020-08-16T02:58:53.777740481Z 22 zCaICekyuNQhqiw6ycjk0K2uMBDhcEWc3e1odQIBtxsvHyW7xJCVjD9e1WtnO
2020-08-16T02:58:53.818351902Z 23 yt7M1j6MqI8eiFqHRh5RYPHnHr5xic3AcMaKRS7DRiH99tBBbQ4ZuZszTmLht
2020-08-16T02:58:53.860523911Z 24 A4uPPuMxBwdJfwaYpgTGBQaV3mUK5SCsWbq6HB8iJvKeWQPP8RQwy4uXHZEdd
2020-08-16T02:58:53.901586055Z 25 ArMuPHQNTFG4plAEQQT8eXEhDJYClyDZEij7Eum9x4R3L6OuSp3foZJSCm8sF
2020-08-16T02:58:53.942654692Z 26 mn5TjD17a9Pq1ybVpo7aUolEe1ejjSabKE7yJlnsQcjnQGaLDza4da6y2ozek
2020-08-16T02:58:53.983993474Z 27 GfY7Hj2kcQjRjwXrx9wRagHoRq9X2fOw99GG6ELEt4Rt3oWtVIHoUhlghHlh8
2020-08-16T02:58:54.024415320Z 28 sxjnwMduN0sCJsC81GGj5tIJYqTIUCrGjfZbe1oYbeNCSInKp1xwT6kuXIkH1
2020-08-16T02:58:54.066171266Z 29 qcJTWgv2hDjjV4suPskXFvoSMRN6kmbhOtcrH2nZIYGif75bWbrnIHqimo9AY
2020-08-16T02:58:54.107556182Z 30 iXCGf6LKP8Dcj1otRhmcXgZIHinPT4do5UELGIMqVcbuNT98SHwI9GJW7zT4t
2020-08-16T02:58:54.149179264Z 31 78BCQ1PJF1yyfAn4xDaEMxagRDK52OlmgBjskR39yaLiqhLASTPQUInCZSHxK
2020-08-16T02:58:54.190769196Z 32 HyAZA9ddTyeSzzQK6n6iaCpTrdpLYqPWldBNxHFDWPKKUDz5qtnwFlAQSF3ed
2020-08-16T02:58:54.231722482Z 33 CvDiQWmEZEGofqzppgrSGbwWSrvbaOWDr4mwGOmeQOUpfYpYutc2DAb17JTG3
2020-08-16T02:58:54.273433850Z 34 mpkkiFWnm3Kw3XaTbqmkBZ3urYMas83aYhfAh7SlPhc24Z3BMx9lzaxZ0pyE2
2020-08-16T02:58:54.315275513Z 35 sQ0VolkkiQ5uiRtk8TN4ylcN3BcU9RyYuiewwDogLqxD4DZYXXKVdwMrOriVv
2020-08-16T02:58:54.356676168Z 36 GR7AxwuUnZ65qq5dZTsFNA3oKH09mVdu3L6CLiB6foE1gAT6fy6LtsJbRh1ja
2020-08-16T02:58:54.397861977Z 37 g7qdohU4j6K2Db9qTGRi2653vGLt0IJ4t2HPVSoqztkIUX7mTivheyPqpp097
2020-08-16T02:58:54.438327191Z 38 YUk9iOr9S9B8ET99dBOcBuSRY5YszAfGvTSt2EdQG9f6P99PLxjwlBs9TSMFH
2020-08-16T02:58:54.480218946Z 39 3UoSUj7ggji7miOtQsFz1a2QBNoEFI9Yy6bvI7iFcD93ee2UE19QgMUiNZitb
2020-08-16T02:58:54.521427566Z 40 95K78pxBuv1eLlCReWNXEJZpyfX8TZfQOlCjFryJOXoWxHfocr2NF00pCW1ct
2020-08-16T02:58:54.563241403Z 41 XW0oVdqohOXbJxaIK4Tk0AmVXVkanRWWfxCgIYkkS7GxmKWOR9aHSuaYJTzrv
2020-08-16T02:58:54.605328861Z 42 iaI4oR3EnVfn77GFkiSA1ynQvc1uGMj5gfIALYYJBHEwDrCeZ9375DrqBzNZH
2020-08-16T02:58:54.646658178Z 43 DAuzFZxEjsnHr3ka7RNlUcF23bgfni9LIgtM1KBO60A4k5NMDAwYsu4q30L0C
2020-08-16T02:58:54.687657362Z 44 OZCo8C2QdsVP29lk1JjfCjFVF6OwQaHE2NNVSayga4MIEmKlRnS3Iia72zToC
2020-08-16T02:58:54.728475837Z 45 lgb9FddyQyMSEcChWpzMmswgeh3dHwhSczedLUFP2ttH3g4Y2sWQIoHLOdET6
2020-08-16T02:58:54.769981857Z 46 hRFeQZRF9IzZN70oCghvFfH4gsv6Wo4cxLMDdLrhpo5BXITdtBkWNc37vaNRT
2020-08-16T02:58:54.810591689Z 47 2Aj0ZBc5kUBhq9s2dECRMuwIu0DkvNizgZ8nbHNglP6lzndIKb2iNZAz1JeOz
2020-08-16T02:58:54.851366220Z 48 GSqKc8QWulmIGP9Ufpz9Df3ck26S49lyYRe4CE5SJolvtJeSD7nLKA27GMWBR
2020-08-16T02:58:54.892647680Z 49 FB4UyY953SOuUfPgiFBtNkRoeTvR3HhNH9YFtpdf5frkzdFcNn2ZPri6jOAc8
2020-08-16T02:58:54.934226579Z 50 ZNxGBGZ1DGOy2Ufauy1DZFbbSbkfn9q4MzyQiPDSjSFs7Aofr1y6PfoxDLYKm
2020-08-16T02:58:54.975999953Z 51 7qjrO9z0XrHCDHgueUshUEJIHoZbBjZUpVL9oc26z010mapMxMcftQlh5bvdE
2020-08-16T02:58:55.017468624Z 52 sBg9muO9ucommFsgAu6ZX4grEC0F4I4p1qukhqKNBw07EURDKoSzyZECWKlai
2020-08-16T02:58:55.058857648Z 53 AUiuYy0ziHHBVcKKZFNRhHY8Sv4QROxE6jibHa91V94SoenlkEJ5FVLAqn4rP
2020-08-16T02:58:55.099564346Z 54 96faoUbbtfuMqT8JCmAD3DuP9egLtTv90hkfqYOgKwEtOsqponkq9lt6DE3f4
2020-08-16T02:58:55.141268817Z 55 ilMbRKmaEqbfnPdOMmE5PzkjoyU7VUzAZNPktdLKjYRcEkFSAcB102UnKNV3I
2020-08-16T02:58:55.183174042Z 56 8olPzOlJXaYFO9o0SBMulSwXuwEXYSazzkg7E5t9qADXTiwAOpPKrs6EKO7G2
2020-08-16T02:58:55.224674754Z 57 82otVypQjjygdpA9E9K625OcE4OWBwpZlwY4yPHKs6bgCOm6r7IMU3L8DRGoe
2020-08-16T02:58:55.265636853Z 58 llNig931WrKgk5ln27XPkV9iJ0LlPam8NhgmKNML4koKCPPL7iYtXtAUExfq6
2020-08-16T02:58:55.306942805Z 59 PuyudSNvJuZuskBCbvQxz60VcdR1uDKinx1Z9QjaJTX9g9JS9zLorbYBqb6g6
2020-08-16T02:58:55.347729685Z 60 5kMIDqlVf6ulDOKfuskzJfymduQYgWlZ03t5FAaOHWxLLkufFlXQBIF7vb7Il
2020-08-16T02:58:55.389820465Z 61 KLbH5waEs542EgTfOITTlzdWif8WVLxI4xBQ9s9QrWuJ8c9b4rZz5WijboPRQ
2020-08-16T02:58:55.431011604Z 62 FhJxsU84EJBM3HfQoP8SiPKZDpww6rTK65zLc7nkTHo7nbV4sP4gumfMUab2U
2020-08-16T02:58:55.473291771Z 63 BxtmmUBtvyjTA4nMekHWuxvVuGy7AbiYdHX3qZW88jSQf08VpFDtYLeCiHn2T
2020-08-16T02:58:55.514968819Z 64 ni1KJ5fQsffeSnc6T9kCp08WvbxF268gHGRB0XLYLSHOV3V6otCx6YEuopWTY
2020-08-16T02:58:55.556711019Z 65 acwh90miuqTmk40jZX84CAL6NP7zqWh2kKLsS2lPa2ecbcFq9aMNFcNQ1b4Ij
2020-08-16T02:58:55.597573007Z 66 DbiNytpilWFLD7vEHqs09oz9uI8415LsCkzhQjyfmxzAh0HbbhntSqeyX7gxQ
2020-08-16T02:58:55.638632805Z 67 vqympJHISJsIM6ttfyWIKLA7RZS0kgAtixBGOzZlVaQNUyWhbUKXimaT6Xnga
2020-08-16T02:58:55.680452831Z 68 JC1gPMtNzmWop2azMSgVtWlfn0gW9BTSUvcr4rniJMqJU5b33fvdT678uSqmC
2020-08-16T02:58:55.721557719Z 69 iKZDUBsAaJyZxZvJ0ptCQROrWEqgw9UBLdq5QyL1xw4z4BxW5Mke22too5ABQ
2020-08-16T02:58:55.762961214Z 70 4VDAumOcdphuCbCbC3tDYVhAz8vHUGQ6lcjtW4jTUCLTA0U6KVqZuZM1B2Sqo
2020-08-16T02:58:55.803550679Z 71 7oIsMSYskf0k8BfoV5IOX1uzQaOFkXfNTdaokYRT5WMoqqOIqEkuIHMMiXaBP
2020-08-16T02:58:55.845160565Z 72 xK1Ec0uwVHJYNXVB8YCJBnOrjk414q5tR7fmgsQyqOc3u1pkyY5bKApLuy6Yt
2020-08-16T02:58:55.887296323Z 73 8bXNQ8sqecFM92d3BqDRf7EgrYN9AJfjiwYzRwDn0LXOP4RHEkvITkac1r2ZJ
2020-08-16T02:58:55.929019993Z 74 6ZkQaWb2nE4h1ADEqeUCYcvpq9k1izMIZFblna9QssSKbexfm4jyly4RQ5Mkm
2020-08-16T02:58:55.970011256Z 75 ejqzZZJU3MGMa8wNOtVoI51xo2Gr3tSJNgUjE6urO78u900QQPgWSSDkhURuO
2020-08-16T02:58:56.010635659Z 76 FZI7M8sdBDBI9DfrOaM1yr6JdxXVC9ZFf496gJz1ViYFtXUwVuZMWPgKoab0e
2020-08-16T02:58:56.051783115Z 77 qYF6Rcmo1AieXsCk4rTCpmaWsdK3zKOUQnpXT7wDj9obkRuMPgND059oNro70
2020-08-16T02:58:56.093493149Z 78 Xr2yzPwYHSOzUNRLoNTfFCK7aibzuWgkDY2CAnUsRkT5LDutEfeZWTR0qdtEl
2020-08-16T02:58:56.135549105Z 79 BmRJCXNMVN0AvNzCXxmOVAlxlWm2mm91Djx42lpmHpouU4DCHfvrDJyWDxWBj
2020-08-16T02:58:56.177127597Z 80 gK7yItFql7CpyaJ7OVxEiSRj0zmjr2RIRjQIPK7ao2xugQ5sp9qMetLGwMz6u
2020-08-16T02:58:56.217674549Z 81 KZFglyqQNXsedET7JrA5PNX77aiiDHyZhCjYrNpxBPlN731TnXXjR1dZbNPm6
2020-08-16T02:58:56.259278185Z 82 fPKBdTQl6cWw6EjbQ6Z9IoYw1aw04vmNDJM1z5lRoUfUrXh7Y0qkS7aFnIcr3
2020-08-16T02:58:56.300942846Z 83 gR0Clh9jFCgiUOFOJjjNVQcSvmKUgXxx8khrXFdhJM2aBAAUfHgml8fPyJ9tR
2020-08-16T02:58:56.342852673Z 84 xJ9Cpp6QtvArymV4hJqLWerVQTnPSEUx3UTH20UaqxcUdwUDVEIoG5RGhrpTK
2020-08-16T02:58:56.384523301Z 85 HmJnwJGa0IIxcUSE6V759S4dWBPolBacwcuthj3Wr9VLGgUoXKD9exNbWUjmJ
2020-08-16T02:58:56.426182681Z 86 RiTKOubabaMXYAjOLWblldSnE56Ymos2zNTFCZm7jW5nJQNOpRHuEzyynrsWa
2020-08-16T02:58:56.468167748Z 87 oONNKsu8Q1JzEvgZq1H4FSif6Wx5PKaGG4huEtoyP4h3NqcYqBs5iFlwT7qGF
2020-08-16T02:58:56.510064765Z 88 XARp8wQweVyoDvkql7u5PaDwJjge7lDO04ge2kfFPNQWNmCWoep3n2NcFPWMV
2020-08-16T02:58:56.552096959Z 89 dHO1CFvROyG1iCYZ6FEwWPOjcnCfdQZ595KVKFf79rOmwvI150Njea5R0Nksc
2020-08-16T02:58:56.594006344Z 90 cF4QiV1FQ0cUTOrKyAPcr1Fo7m0GfJoCgQWh1BqicSufqK13XGSCoqHENMpdI
2020-08-16T02:58:56.635596171Z 91 xKj67GVHEDz8VlqvzVWanydJkfzPsIRd8qPhuV5SFhTe8gZkYij5Xo05eweKV
2020-08-16T02:58:56.677030611Z 92 sCkd0abF6sTiWzuluqZIf2Pazu8OmY5Vfva6rBABaeNTyPttuVTgkSEjambrN
2020-08-16T02:58:56.718875109Z 93 nT3OWa6obQaidMHVlXk1WkAPy4ba3D2e2ejJj60rDJwHSAZmuZCllKQrVoCLo
2020-08-16T02:58:56.760569792Z 94 3r0LqmAtPDhDEcqslNfukonPlOAMUuUx2Ca5fjREkXrF29zLNXdtynqHqEMjT
2020-08-16T02:58:56.802465619Z 95 JzW9ZR5Ut4Noz3AqfTRAoSOPqpxQNxERZMunToLa5oLDSBWzlceUajHJrYmvn
2020-08-16T02:58:56.844286476Z 96 A0m9c5qcmH6uBdS5eWtFmEYa9e22nLrvYkR6XF9hNYuKzDeB2N11e9Do15dz0
2020-08-16T02:58:56.885789777Z 97 Auy6XegRRfPlkXezGMSeBGqfNXVhrtTptvD1fvNKXrUEj0r4URYyG5elhMJLX
2020-08-16T02:58:56.927591050Z 98 JbOHkce20OYKxg7xww0ZdIWajgPaDglHf3EzvyQAYMoByDI2Q5kMpzAsO1tpk
2020-08-16T02:58:56.968556843Z 99 sW58nNRlgA4TQM6mUEXrOAr0LLzRi8yu3b2T0njBzcwMKRQectL0BTkgxY5Up
2020-08-16T02:58:57.009848749Z 100 YyJUvNchsC7gH2sL75gLShLsoGVdWJKoYhrK5vQqgJ5S1hQSpa6C84hAXYBN
2020-08-16T02:58:57.050534685Z 101 4a8oPT9MTER77MiQr51rgniaPR09JVQRTEDuAZZKBErp7WR4HEc55MGbtevC
2020-08-16T02:58:57.091685187Z 102 3m7MHiYFVjCKYhIxTeYSf6M5eRFxaYe2rKhDmCqWE40BYjvSIgM12Ccc7HvH
2020-08-16T02:58:57.132420533Z 103 QR3BRN9lyl8CaooN8KZIXatHHWmvnV20b7GP4QzYjiHtgeJOuQzpzdILyvez
2020-08-16T02:58:57.174015522Z 104 ndGsfKizOObTtCXCjEv5Y3n6kVs8iMhmGPpQyJEjV9O1usUiPrR1MBWkJ9NU
2020-08-16T02:58:57.215143388Z 105 kz5vpM41PkaNwPj3fYT20KSRgY7j6E4FDUtJbTD8EoIjjDzzBDQKLg92aVJT
2020-08-16T02:58:57.257019595Z 106 UbZInW9jA7SBJHXEefZzmglj8JCA9gdfnJaVtH4Vx57OlVsxPZ2dsoGc0kKp
2020-08-16T02:58:57.297963521Z 107 QydlFcb4PbA7krk02mgAELPLEqmJDghDv9GEI5LZunvzZNLYaQGLJrIZ1HmO
2020-08-16T02:58:57.338825517Z 108 USUEJK0bRJfvp04809qhY8O0gKh5qytHXKLRhF7nj8A3if3oPvaj5soDev05
2020-08-16T02:58:57.379862940Z 109 HegwdkTIQ0u9yUlDc8XaGFPilk0zm3uktBIdT6lX2QuEUXeehXnDlHzbDCfr
2020-08-16T02:58:57.420552938Z 110 sQILIJrVc6Oga3Q7rvs5VJ4wCMgj2ItRT4U06lK1bljm9y6nxD2ddjPNR4t8
2020-08-16T02:58:57.461603716Z 111 lf00V0otQSwYLIsLItkDxpYnyK48mxjOD8sN42svc1Ycc8FxxOmHGPhzaLUV
2020-08-16T02:58:57.502503521Z 112 QLo26W3xAHs4ewBhWMqWScTQeLoVOuWsWMYx2XgD3DEMhD6ZUORT30Q8Ue59
2020-08-16T02:58:57.543419328Z 113 vY1H1AUealcNicq2JyTmMiD7LTxBjK82XYcvW0VXmduuS0xsfOdq8yFRfad5
2020-08-16T02:58:57.584562116Z 114 iE8n92kGRRmKwPhzvaCmthDYgwqBcWSt0clqtGg2LpG1oYleo4DVRKTCayHM
2020-08-16T02:58:57.625687839Z 115 rorLlN1EbiU6AKFQChIaqF2AW6092HXC9H93PD1yoOJzr3HVT4lnsC6hGJ6X
2020-08-16T02:58:57.666360354Z 116 p655NKxhGPbqjsKufrTAAug9FacqzOCIyEWY97x8uChqSSc44GpRcNjWUXc4
2020-08-16T02:58:57.707485039Z 117 ZzrQVjnCyelNuzGf9LuXRq4qHqeBaRUpFpitPctfIJfMyKQ7ngmQtC8Sgkzt
2020-08-16T02:58:57.748856623Z 118 v7PBhBRyABDygNxn1IVLU7l42DVIioWoGf5uLW1eQxrPIK2C7BKXNfvBpp8R
2020-08-16T02:58:57.789439735Z 119 LxhNyD0SN4GSYGtYCDZDipOucshHcO8RiIwDutmlO3vfJ1OSBxOhJkJurGk5
2020-08-16T02:58:57.830665093Z 120 6jx9UYhJyU6DpY0F2AOgztPEBFUVTdkm4fomP2KdJB2S6DGSyPzX4RbzS3q1
2020-08-16T02:58:57.871557000Z 121 WndAcvkc2O2fkk0lhm0LVkdfO2NtXJPiEJ84qnvl8x2MFa1sIOVjCgiHp6sh
2020-08-16T02:58:57.912365258Z 122 eg3NwT5PwpsfOSFMarsTOBiy1GRiwpaCEcxRajmBrY9wTnqtkGI3jCuGBv05
2020-08-16T02:58:57.954203045Z 123 ZwBX3ShMhNJVDDcHkHm4n3rB696zGOpyMz9eGwiCcsxuuSe2XXflN65w8wq6
2020-08-16T02:58:57.995840727Z 124 AKDYdkCwRM4ZVOJ4f84GCgnTuiwtBRmAf6hUEkij8SKzXXt9jerXFDZcc68Z
2020-08-16T02:58:58.037527340Z 125 THC4MRfoDZs2BCq3JyvON2GtKSo2DzN4xvCB4Nj87Nxzb37LzhWvCcxPzpJo
2020-08-16T02:58:58.078587385Z 126 WFs9VPDDGbLcxVuaCo0OxL5elsP6n5xlrRqkNqVOWiOmM0QSkw94NaHZpabS
2020-08-16T02:58:58.119905622Z 127 1S9zkGmeW5ApJrOhhJK7KdXNEbUGOMuwg75uIrXDDnY8YNLxmum9tR2fX5QK
2020-08-16T02:58:58.161921690Z 128 t9PaOzj5zYpoGbj8xvYMXRqHNrlZyHEooZqxyMfV3cQ5H2efZqLWxO9RfQ3o
2020-08-16T02:58:58.202849180Z 129 Avz7YHQ60FgW3ajuQNOtaOEAd5Xh1TLBbPHWPzQo3TBWpRI1qIGROXBgZHyD
2020-08-16T02:58:58.244280370Z 130 mkqcl1jhs7sHQzOAyb70yf05w6ee4ZDagnlv0fAQnabn3pyq4h9LgxhMY6hZ
2020-08-16T02:58:58.286115411Z 131 RqluZMCCGnJnhX2pqx78RyPE9vGKFJhRdHl0FvIbrnykCQ4ZCgg9WpYEoLKQ
2020-08-16T02:58:58.327967235Z 132 DV0DfMzffOvaickIP9acFlwj3TAFRRb0BAIxHCaOxH9i0j4RLoj5JAcpiYeD
2020-08-16T02:58:58.369384625Z 133 Na5694i7Yl1czMlez7GKVs6N9XPUPF1aTOV5Yq5pkiL9ZSISRGzIYu8BUE5n
2020-08-16T02:58:58.410228393Z 134 HyI8jynYn0txbnVqwvKFlbgUIza57jxWd9Qc9SUt9LvcdnDIErp16zU5TIct
2020-08-16T02:58:58.452257385Z 135 g7QTdKymkPvzCrTgq8bylSPhAhFfflh6rwxTtpEqsMBCEV84UoGong51C9sJ
2020-08-16T02:58:58.493852732Z 136 FZXfKfKRu4mFHnVZ4HCVuGctqaeWVyA9KwH5NbJQC2j4mKWhe8CEPOkxIiqP
2020-08-16T02:58:58.535268702Z 137 vfjqRoHC8yn7DOW6WAuENQJPGwzyYZTRYNB427nZ2maA1aiI2auhRasAoucF
2020-08-16T02:58:58.577061911Z 138 CtWPxkgEETa0bURa7DQ0nRA0yg0Qg7xSJf5c7Ma3MDrA2jspHGGWT17Q5uTa
2020-08-16T02:58:58.618541660Z 139 dtiYXqHA0K7PnQVwj8k2q1hodHWjWxsBGFMI1ZEm8eGTQX3cATXKu44iWZ7B
2020-08-16T02:58:58.659355471Z 140 kGFc8X6l6VlaUFk0XVlPgzUsvO5LTe5ud5ik7QWmyLYNaiek3izd5AoRm6Lk
2020-08-16T02:58:58.701194838Z 141 EIDi121apw337BWMvmXARBWiVEhHhCz2oN96ELNr3yQohSuY1GuvWZ9yDTef
2020-08-16T02:58:58.742655556Z 142 K8pMs1y2VGnaVWBLQo4vhzV5trl778sEv0qsGz8QuJQCworI37CyJlDDMlos
2020-08-16T02:58:58.783843287Z 143 xFfrbEPrpCeAzk0NPH4rKC04pJRdIE5rV2XgP51wkRZIX1jdLLVg4esEeJbg
2020-08-16T02:58:58.824412393Z 144 nAKctdo8ZffhVDVDIwsXEbV8AgNpKzgDIhKz9aGuV3P6eJktxBbO1nxQe9uc
2020-08-16T02:58:58.865934400Z 145 MXgftzQgOqS5VE90XfH5Cds7ye3KeiSD9iJcP49Hsf3q5HPoJs4VSxUCttrL
2020-08-16T02:58:58.906756143Z 146 dtrjYBxSVL7k3C0gBKkbILkSD2qOW5CPmirn5dfo4dVlhxWGDQ8RT8yXpwSv
2020-08-16T02:58:58.947567410Z 147 HZZBFoJA4pTSHKzdrzSCmWTUfaROtOh95rHWtT81zHvlbqXfYu59bxLP43at
2020-08-16T02:58:58.989484829Z 148 ktDqwwErkNrQ1wXETGofzwjES5ouEk3toUsc40W79MYep4dXKqk3atBCZWax
2020-08-16T02:58:59.031070474Z 149 i4cCXiOveIra6GMOnJVDwkn96VAS7kXxGrwxDDx1ng4eRUfc3173AEdDwJUC
2020-08-16T02:58:59.072471800Z 150 Hl471NGe80OPo5EceQZnyf80SC8YRxvfIneASE28zNshLqPgX6wWewT1WSm0
2020-08-16T02:58:59.114210228Z 151 I3foWYVldCyNupXkUEZgH8nIjfhKv8JOvN5ks3vGrjHnoBklgYeiNwOB097G
2020-08-16T02:58:59.155546370Z 152 UGAxuwGVjEGN77B9s9cplsgl7wxJVCQghhPcx2dKjmp6RNrrWBJ4VUBayJWn
2020-08-16T02:58:59.197406637Z 153 Ku13Tm1cbHs0h0nXC5B8IGa69aZERtJq946dm9TB8Hbfxp9dCasYs04LSWPy
2020-08-16T02:58:59.239068645Z 154 X9IWlq9NLuXuI2oUmyCQS8IwB2lbCEqt2SBSE3tPwMH9VOdyqH0vy590jiJT
2020-08-16T02:58:59.281270502Z 155 NCuTYBTTHlBPJ5foWUonqgE3Z6BOtM2Y3qbrELhTKWamhX1CcF6MQHJuTlCl
2020-08-16T02:58:59.322688177Z 156 FbO4Nk44DaooF5fSlMT8L2iBqBHlUAKNWIscEQEdbO9cYshrtBKzi9sPHZ9p
2020-08-16T02:58:59.363680013Z 157 bWFD8xDEJUtraXZER7GBxVL6BHmCE8SNmDZ6iSIfv6r71NYdZ4Olhu7p1SWk
2020-08-16T02:58:59.404872978Z 158 2NHfunABhuW5mXoa95dwmWmaQGgCM0BIoNQEXdJyjMR5K3rCUIo2nT7Oubid
2020-08-16T02:58:59.445571019Z 159 uGOorXDfYZIt6gpq4tNOzJUJpRywAWBNuoxRT7S2zG5RnnuCEVkgF4gmUxoO
2020-08-16T02:58:59.486999647Z 160 3HmbPLEj9FKpZWo2WUQxJkMz5w01hfXzYY1YlmMTUvcR5ztaHW5HYqC9PZKE
2020-08-16T02:58:59.527941580Z 161 WpPxz7DSExvPAqrCuDt37BW6bCnwHN4qWwMgPqklbaqOdopKyJx5TLv1lHrX
2020-08-16T02:58:59.569541173Z 162 euKrEeszZyt7ipxnXlYNdO2VXAHsvJUzLpJeNa7TTUaV89SRKSyYrXFlQtjY
2020-08-16T02:58:59.610746348Z 163 ykiOwr1oJ6vwotpgXTx6d1SdgMTablTnuLz6LxtvM0Rckp3Cmy2A5aywdcJ0
2020-08-16T02:58:59.652180539Z 164 28WnSF8BbqYIEXob9yFg8wBN3R3SZTVmJ6HqrpZH9iOnYBjrNTMQ1j6dKyF5
2020-08-16T02:58:59.694244462Z 165 YmU9fEZaNTFK61nMMWTJmK2fiD0sVQLGPCHHO9xJZqVjnCY4cQvlguEQQFGY
2020-08-16T02:58:59.735905974Z 166 2YxUKZxOrnQKYsMizCwBisw32HqsV7vrXvNnx2dPKYKHCXuxY1vpeJguNZzm
2020-08-16T02:58:59.778006291Z 167 FDmxDT8mEbbrFkBI4EOQUgP1cRp3e8MsXDAuBItohzVBICozu3ZF2ah5wrJR
2020-08-16T02:58:59.818990884Z 168 h6gfZ069x2NznPxQLBgj9VJBcUZnoaDozTG73HHk02vL18c2wu8iNexvY6q7
2020-08-16T02:58:59.859735999Z 169 AHpgkHkwhrTBMDE1azXjPCAlj6NlvkqhIiB1Rqypp17O5eIcvaQGXscQFenm
2020-08-16T02:58:59.900545873Z 170 YCkiln8zOBv9UzfU1AtQF3agCe43M5dIYKbLsEsKgDQlJZqqI78y4KG2JG4M
2020-08-16T02:58:59.941532538Z 171 0A0ik20bVFZ2Mxa12M84vyZTlVkraSvcpmuilhvIuFYTjqt9XsgWGBZf4yI7
2020-08-16T02:58:59.982665567Z 172 FawD2vylCd1LPAQyjYHsuiJvRp0g9uvKpY6ZGsxb07JebXnX9cQoSCOMcn6H
2020-08-16T02:59:00.024098856Z 173 Q9jEaNqjyHAgvPW9hluevrb3ev0iVG8ZTtUsc8DIPHLBg5R07XL89uHecTZE
2020-08-16T02:59:00.066217689Z 174 3YRbKmGJk1MsA4ACfRrm2dwO8DT8VMBxmlPWR8lbcb7z36PwF5NXSxb8g5Ui
2020-08-16T02:59:00.108181786Z 175 9bZdet2kOTTARjtBtAsefRghhmJPMpXMMK43hP7jt4huTS3AJvyQjGfBNWD3
2020-08-16T02:59:00.149911260Z 176 iC5gFv3asT55GJYh5c3RVsWGaSq4aCTO9fzlJ26iCQcFTvrFlUD0N7a3PcSN
2020-08-16T02:59:00.191256535Z 177 u6zlCJvmaBISH69eN35pRppW8m3pnsnYutgidL48P3uRhfqU9MbdwJ1B92qg
2020-08-16T02:59:00.231859932Z 178 NhzeHIAmq57x05ZYN2SP6mdZviCFsm2N9QYE5mySiTLJLQGPPfdSrf942v5F
2020-08-16T02:59:00.273084254Z 179 Iip2mtZCpibrM4A1gpebAXUDAew0A3PD4cccONw96iNaHet8H7mUasttgqL7
2020-08-16T02:59:00.313952110Z 180 pTFcLZFFdyxzP4gRGs5A4LvIIz6niYSxmxU0hpOuqHk6ZzBnuKzwArY3GiQt
2020-08-16T02:59:00.355120836Z 181 ggighHdM90v6dB5b2YCPmXFAylAGK2I7CJtDv3FE7yJ5vBT1vY8OyryjiT31
2020-08-16T02:59:00.396261804Z 182 G1ZB8VoLcMXBcXhI8b8jbNOloWxCb8KWBXEYe5UoDqo49RlDB6g8jdVkMnKZ
2020-08-16T02:59:00.438573610Z 183 uEgfQzUNSrVLf6Wv3q4vkxcbxfqFroQuM5XS8E35nTsoKoWvcBiqy7m7ggre
2020-08-16T02:59:00.480348386Z 184 cZo0K8akIONrOYQykqYRjetBjop4LLhmy6EtgK0u5APO7XW2LaUPInAlEwu3
2020-08-16T02:59:00.522059954Z 185 hS4Wxv9SGELb9pG37ntv5LPPVT1o2YkSYgOp8RyVlJ5034xJaXXWSmpOy5Km
2020-08-16T02:59:00.563831478Z 186 FoPutNPbYzHZuGPcgYuXIpi2XKaiQDUhHOnSdDy8ekvy0VekXaWiaMI9SZKA
2020-08-16T02:59:00.604345654Z 187 mXrAjZyjCSac5bemyC3j9hRYwfCrI7fzT5dBL5PE3BFXeyjj7ET47excKaTf
2020-08-16T02:59:00.646142081Z 188 vxCHP7nwqwOuHfIEl0ROV8rimOb9iGjAntkk2umAHDfymUq9EPGfaVB1a8KH
2020-08-16T02:59:00.687531650Z 189 eaMEvQZMtugAUHTn5EmJ95akVxOmeDlGgi5iKw4qKcdBgMihWQJRNmGAKQVy
2020-08-16T02:59:00.729377030Z 190 efNLIHihpcFHjFkXmJCErTEra9nGtUjs9CnOO040utTfQiKXRl6AtTbwFKVj
2020-08-16T02:59:00.770860836Z 191 uZolSAcoCE21yAfviPBSbOEV25iNdJqe2LQAqtIcyItD3xMLQQJTzzvzYWsV
2020-08-16T02:59:00.811973515Z 192 wsXNMr7P8kNOmgfuSuJwdOZ1OHfDdM8L3QmqiSLyMnYEYiyufKxQdyE5FLLo
2020-08-16T02:59:00.853010101Z 193 r6OiOsVZOsi6vppY8WhmxKfRyDYljiHqu0oxbnkJtQ0L361yAI1ursEgIz9F
2020-08-16T02:59:00.893963973Z 194 5lwBxYMt6FWf3PfVWVkVkPJV0UxIhVmLqjDJRxmsaq2Wt8vBhLwztnx6pGxE
2020-08-16T02:59:00.934533620Z 195 vspyppqiU9bB4Q4Y5pmmRSso9rE33QXM1KWLn803on1r6UhH9s9PRHhviUXW
2020-08-16T02:59:00.975331792Z 196 ATMsNVvZ8hLLeRrnLLBLLEo8btkezHtR6lMhLNk0YPVEWARYREHS1lUltrKF
2020-08-16T02:59:01.016693096Z 197 46WZtKrQiVmTyPgZsw2h24ivil25PxBT09Fz9pqPon5Xncg0Gvs2FiGZFThE
2020-08-16T02:59:01.057473438Z 198 H0ole6rvnVd4JnGIOQ4y3oTr22oa6rNTe016phxoEiqP8Rh92H2Lzlzxf2BC
2020-08-16T02:59:01.099123105Z 199 OBChqdxwGKNAx4lqfGWK8OND3Gwlof3UuiNLIYCvW7ivwLM5DBljgWbK3axm
2020-08-16T02:59:01.141311471Z 200 8PdiaCCrbIQqWoEVHvutw9w3ZKYqf1UHg9LseMg09ocxuXDtLA7m5zU5VSyk
2020-08-16T02:59:01.182953941Z 201 TDhRPpVPAaNPCLbu0HvTuDsCldLTDsJyS4MEFjmz3AJbI4yxGkfjhZnqEuEn
2020-08-16T02:59:01.223651323Z 202 jTcxzla502f8wOGZiWPDQ81IKDc3r9fMmkPoYrK1kEt7brqiZmPZdP3v5MH1
2020-08-16T02:59:01.265311956Z 203 xSu0bSHrU7hyw1Q5XmpSjEjMObyVemoFHJydA6z3zTO7oNQuVh5TXILN4Y58
2020-08-16T02:59:01.306788825Z 204 RmSJ7X2NEKIvFwXK6w9o0ACsp0O6bMeenMXKJgsP3Md7dCObVYd9vxY6xFaN
2020-08-16T02:59:01.348445887Z 205 rvkfVJ5sPcZI5JLlztEnhJ3DmuI2h1ajjBdgbb5ABb6nhDJ8L4tzOVERZb8B
2020-08-16T02:59:01.389470273Z 206 uv6Y7yxxMviporiNBAeoCKZRLA2xn37P81S2xdYbUzLLDqUadyOBsIIxQ692
2020-08-16T02:59:01.431197856Z 207 DyD0NyzPOA7B936Vl6Ogkr7nCiVtYm9CUcw0kvIiJobv3BgTHjAemkX3rnZu
2020-08-16T02:59:01.473426507Z 208 Y27ydia7Am11m4LyUmgOUEnZmBoqDvDf9Efxb9q74HTPpukxYDnMdiBo5di2
2020-08-16T02:59:01.514859852Z 209 g18lmzJLj6LXbIqXQF7JBWL602yBlGDTZDTvCc223YpzaB47GnrheDSWyF9t
2020-08-16T02:59:01.555702058Z 210 z3EEH4WJ90hJzgtW1l5lR5heoFU0is9VQUa93X2sJDhPObqkJdn2ijI7cttI
2020-08-16T02:59:01.596638210Z 211 3a7IwNzTkADyZgHZ6siVGyrBQMdNWxcFIYmYNZugMHdNLTzV1G3XY6Udwq67
2020-08-16T02:59:01.637544107Z 212 lmAbvP0IVeGQVLHH8JxZ5FSvLzLpbIIN4QSR11f96KBc2GC12acewdMTpeMz
2020-08-16T02:59:01.679592622Z 213 3A3XXT9fKe1AkYfRbqV896WwVDwUixJPgoNRSie4zM3h2d8vv64AzAwQsMqK
2020-08-16T02:59:01.721337739Z 214 TM0lSnAHlZo0nyxpHDwM6DHuZQfVjAXLXRaa7oeLqFJ9vUH89KTvHWN1fwPm
2020-08-16T02:59:01.763134101Z 215 7Hx3appmMiw7WWiFwAB7sqwCbqCEiFOmEXq1vkA3ncVuEqkpWfnWRGhKKtVs
2020-08-16T02:59:01.805059529Z 216 9gVwGCieXT1NHt9R3GySdmbD5DT1ffVM8yrBB8BOKbZrhVTNHAdcKlPILzrL
2020-08-16T02:59:01.845965233Z 217 NvjIh5z7k7XASOcbWbOsSwxDcQS1bNMLHu968WYsE9voS281GPecvoCk5Atz
2020-08-16T02:59:01.886322435Z 218 w6Un1Z8Y2DNGxyPXKof9GV7dfMcpQam4WtGQi7nhIVMt9G63ELK3L5hQsXDr
2020-08-16T02:59:01.928346713Z 219 O9h8pfTC5KoNCkYt5FPujXogZQRATFuKqE6BRqOQ1ycov1GWt2K0Xg9CLOxW
2020-08-16T02:59:01.969932394Z 220 nTT5aWlVT9qjhNfu0LL9dtop739OSTI1xoUzFASyCuFUrC8G8bTml5jO6pS4
2020-08-16T02:59:02.010642223Z 221 0zofupRHjOaZOPYJ9c6E2M5Mcp3ZChdq6IzLwjb7btXc9KlyjmBwGB9QvLQw
2020-08-16T02:59:02.051965880Z 222 QTQjgkBoFQxk7CHQmnBsvDXo8G5iLWFAOsFnB2zVyjycAI1B6XbHcz47EdMR
2020-08-16T02:59:02.092791777Z 223 Yp1hKWoADYGHS3EG5Qc8YpuCRsqlIDFzaALoGdheErShvGdw1Kwu2qQBgLjS
2020-08-16T02:59:02.133342336Z 224 Oj5GI6MkhMKaqwE4TxH1536gqSVjAePOf9CKe9TJQCY27fjHESzv5CEPRXnp
2020-08-16T02:59:02.174469356Z 225 bad9NHTnwaYdVrMS896vrTAF1olOFGZRht1L9X8oqY9kZLgDTnnUFDZNBvbl
2020-08-16T02:59:02.216156460Z 226 vrqdY1w9wqFdTy95FcIKrLhfSZyImViIWbiGJsKfgG3XrzaEXm4Uj548JQft
2020-08-16T02:59:02.257438648Z 227 FWzjBvrGeHN59wmR9Fg3QrbrnE3UIZ39wBaM5nEEGwNEssqlnXqHvug2H7U0
2020-08-16T02:59:02.299293314Z 228 Zz0hT39l0AZQApfUgECMrtq8CcUhRqt4Fa1yH3EpiCe22sKUTXHktJarjLsz
2020-08-16T02:59:02.341018351Z 229 hOezTMBT69sFGfkP00zc7Vg1S8QUbz2r2fCzMpNRuwGvqHlR5rPdYTTGomnU
2020-08-16T02:59:02.381672697Z 230 Jr3m1qOSYgxrilJfLwEHnwWxBCpNbCcuLhURsRur28E1o15BVty1NCuS961T
2020-08-16T02:59:02.422359771Z 231 rIJZfk0V6fk8OqhVRUjNjEvBje7O1cuzKs6JA8cT9FK8YeddFlRAalTUoaX7
2020-08-16T02:59:02.463953678Z 232 cXfdlRut5H8wBKtiHtuuULNaw0DQwHq90egEdt0jrhDDFDCvur0uopdFtjH5
2020-08-16T02:59:02.504970905Z 233 gTTQm7Fd6XVe9rlS1dF5JGZpthWx0auaYSGzglDzVTrluIq3CvcvwlOlHBlN
2020-08-16T02:59:02.545915205Z 234 oJRgqb45uZD2dv1ZFlUaOWSaysPGR9kjRK59HWKYJhWqOKYC9EFrg2c7LOjd
2020-08-16T02:59:02.587068049Z 235 95X2oDSpNF3goonBSqX70JcUy9rCBvqDuj0hKDhkayfueAqTlnTeAdjPLymD
2020-08-16T02:59:02.627706706Z 236 CuPGkwkWr71aptUDKgED3U14pfGgfQsXN03hg5FHMAlVbGXHs59lyBroIWU8
2020-08-16T02:59:02.668206436Z 237 e9cX4UgAJNWM2UlHSG65eeudzbnurCtY3GvoNbwNnNSqjNSyMngHvKlbxHU8
2020-08-16T02:59:02.710038795Z 238 zrjIkLJL4GqKdExRC3wTbpdtgm1Td8AuZpu1nyzZh1Xhy1MMkYMNDVa06IyU
2020-08-16T02:59:02.750337344Z 239 FwQKX1EfCdIKj65vg9hvEK1ToTZ6ROMSjlY6CH6367OusoXDCV4rbU8U5frX
2020-08-16T02:59:02.792203512Z 240 sEG4onYjZgbzuu7OTVK4EfIxL9CqxuHZ7EaVC5IRp4C4revubjexcm2GR0F1
2020-08-16T02:59:02.833342289Z 241 O6UJJsvZttbkHE8q4aFTUxnvF8fvRjgxurRKZgFZM0X5a3mclauPJw2Ii3ln
2020-08-16T02:59:02.875009690Z 242 sLMa6Hh3C255LSY97gsa1h4HX7dNncx2aAv2sR4hcAOxxIBJ7XcjCUSLF5QR
2020-08-16T02:59:02.915558059Z 243 9SBFp1SR7MEBpEqTVFVfOvqI1144z9A9714MfOodgSiBGDFeo940DJnELGZj
2020-08-16T02:59:02.957208103Z 244 2Z8bR8PyIsrmB805n0PhU7j6eN4siLSCO4kjBIcR8ud96gUrncvpAOYep3sx
2020-08-16T02:59:02.998912084Z 245 iQOnWie2JVYj3wxEIjgqImPq9pGX4xwiimxCOgl2EbzSFtdeko3v9IL5I30B
2020-08-16T02:59:03.039673514Z 246 5W5JhiuVO0pRUAzwKxYoWuL39W7pTqxky7XLC8WGhL43MbXSBKqemOzkoeUW
2020-08-16T02:59:03.081337826Z 247 zJO0GUCA6HKeGMU2lUW3kAERZxkxKYAw8HXyuQcaTtcYG5iXy6sduWmRBpVp
2020-08-16T02:59:03.123218974Z 248 YFvrkmDlrYeBTlbxrOtEmQ2luEakol15Z3vgp15nNQ9QUDfyQGWm2RrEji3N
2020-08-16T02:59:03.164512016Z 249 sFhiTXEvS8IPS8YxTPaqw8g8WDsshf0LSgq0tDN9LTfx0uOYyF7aPQmoMeP1
2020-08-16T02:59:03.205963085Z 250 nPDMOEenx5k08HW8PrRuwOI9HM1IaHo0DXM1CgJNELBHqpXRNxseLvLKDd9z
2020-08-16T02:59:03.246195097Z 251 76qRe956jLa03UIFussYRDgjqebmaz7MHhVZZUklvrx5VRW6y8tWfDWOL8XN
2020-08-16T02:59:03.288374936Z 252 uiufFfGI9iItc7TugneZOoqdHEDL5BsS6kuBGTMng3LQoptik4TfZ6tPSi79
2020-08-16T02:59:03.329669327Z 253 QQUdKr1D2YRRjut7MlXcNDuSHXwkiuxhiW0ZUaRuN3BHswtwuOot5MJkENKB
2020-08-16T02:59:03.370313477Z 254 5HTh6d4GJde3UfIpcbN3i8D80WeNtOKqMjkiRwzzgr2tdnCvt266qIIgYasK
2020-08-16T02:59:03.411562469Z 255 5IV15r29doW9DuoG3jfI2Jde76EBrRu7NpDwLQq6egopLW229VHAalXvGy6e
2020-08-16T02:59:03.453288887Z 256 tld3XOwIIZMFbidEvEuRcOuy7UJV3M7lbrhDtSEy4XInXrU9BhXIsUSmnpFJ
2020-08-16T02:59:03.494482556Z 257 8INDaWKGKV6W1v3nsgxOk31vTPpabnU2p2ZeV0rGRB0pTBrWPIdkXKymIxvB
2020-08-16T02:59:03.535704739Z 258 y8R93eisXbIyvVVsHprdq1S8Oj3zWPIMWsw4UiFHtCbOceAVVg0HmGePh5s8
2020-08-16T02:59:03.576493737Z 259 ZojBs5yxEuk9koEQL9RihKRgxQpIT2kOL1cd0LntJWxsYNKVk37A7CS5mc9f
2020-08-16T02:59:03.617835519Z 260 xPBwmKzwguGISl8AzN5AT4seKQrEYyy4llZDC7IJICLdd2UNkWL0o0DIgkEQ
2020-08-16T02:59:03.658314629Z 261 NC4nJQTloWN5rmHrLF66hmkLbrvlN4EfRcGP57wTZW00os6MXx2sxpdsx2Na
2020-08-16T02:59:03.699797177Z 262 imDZyJTMbvKKEXE0SySZniLzYKR4Hp8HBRLrDOUW8U6kNgEWmnXEOUbjJJi6
2020-08-16T02:59:03.740735659Z 263 HhZPQz52xZm3LwHVg8Gv4yXEoruRfY2V4Xt4RsCoPJHLlaJ3VOPesa5mBYVA
2020-08-16T02:59:03.781551493Z 264 TAf5TxqUjDvsMcKmrWoDdvuR7Qlz1q5l6jr8jHb1JtcrE6jO28BuaFgsQ2SG
2020-08-16T02:59:03.823240655Z 265 gg0bGBiH5BMC9YbFrdbKFvftfo5AHFomUz7Z4hKsbMDsAl2KyfeQhGMK4PHf
2020-08-16T02:59:03.864868949Z 266 A6ykIJecETVf8sFN2RTAesTgVKBZhchuTvLGfZhiedhA29LJ7Gidu6mWCWoy
2020-08-16T02:59:03.905617169Z 267 qK0pLl7VktU0NMov0ygeiXUfe5wSHcUw1a6OhG4SuRs8eMMKrXOBXDPv3JuH
2020-08-16T02:59:03.947425114Z 268 saaA7UKwUjoYDQWP3XwyryDA23uuPjp2ZXx8zT75A6PZfl5EVZC0NPLPog1L
2020-08-16T02:59:03.989135175Z 269 uNR2ebiEunFnHeRG8wzcZjGxogNuFlzNOJ2DVJGviOc2wC9NFDbkWcu2AaVC
2020-08-16T02:59:04.030530630Z 270 nWDNsCEWPi7a0ucRLWsR3JZjH74kmbQco7Ppgr4NFpBFNYnpWNh2ilOLKikQ
2020-08-16T02:59:04.071931645Z 271 7IDD87lmveRl7Al4nLkLo9jhr8zH3hCFV11mgNJzqAlwOIs1jeDNhSNCoOEs
2020-08-16T02:59:04.112607994Z 272 caKqi0LMsg2tGsEb9AxZGKuzAIuIjSwboXH6hxKtAV8qH91ibvKJ12XcrzKm
2020-08-16T02:59:04.153452853Z 273 dAcqa5I3Wvq5MSWYb9MdsU1ql0JGzFHL4iD5lvfmSpZKMV0Wj1cZWGfySLJw
2020-08-16T02:59:04.194710484Z 274 UWeKiK1C7XmCbo1BZdxHMeKTrlVpKAOlVZeSbdhhW4RvkyFHxOJs5W803ieA
2020-08-16T02:59:04.235693460Z 275 oa8zhrQCZrFBdDK9k1EaEZ01lrvWMmuSZjG5aADQmHMW976VNYO7fVuEip52
2020-08-16T02:59:04.277712490Z 276 iuk1CARCna21TUbrFsWjmteTWmnv0pj46DAac3VfdhPw5UiTpCcJd692VsXw
2020-08-16T02:59:04.319010313Z 277 lkhLwRhh2YKTM1bDX5K1JFU6tylQdLYDZXAozQtmczuOx96gGCa8pJSHn2w6
2020-08-16T02:59:04.359746749Z 278 wXPmpmik44Qv3FTSC213XIE86aXCHrCnXcnItbjdXND64KOwBJdCNwl4uwpz
2020-08-16T02:59:04.401363065Z 279 qLxhXyoZLrJ5uR7hZP8PG3jbMsLj8NsIbcZDIhTjV9b9uQj0JtzVJtXW31Bt
2020-08-16T02:59:04.442738508Z 280 G2EjgwnFm6RjiltkmSuO1uCGzDToYoEnApEGefppNmXT7K8JWWo17f6GKcv6
2020-08-16T02:59:04.483693852Z 281 pqR6MAFmvPEq2WGZRPCNXnlAaYwEqhgAQbwwIpTnMPM8BBqPd3TnvJxg1nVt
2020-08-16T02:59:04.525059195Z 282 sViNq62Q9gxMHuUdZC9LidLVpEsMtmy7ObUNvUrhK0XQ7wltl9qFAod2NO3C
2020-08-16T02:59:04.566513122Z 283 9kG1uyem64fafaqc1hxtjuZhLuV3Sb3UikkzdKmqCdDlcgwIFebYNuIDuNJz
2020-08-16T02:59:04.609179460Z 284 12477xSL668dywhG2D6NrU8vyS6n5sElHisxi7syFuJZSyxhcuFdwwEjlzGc
2020-08-16T02:59:04.649887933Z 285 js3VpAN8ulQkqnBD27CNRBgW86k8rk9YozBGv5752qw2j2FAodA3JJU5mNCD
2020-08-16T02:59:04.690555609Z 286 LKJbIn4h84kXUr1LabqsFumKatDDeo8gaxKXdXWZkh6ql6y5ZvceuZvNGsni
2020-08-16T02:59:04.732301064Z 287 OU7nhYkEDrtQGD3Xnn97DUlUECuMyEhaC3U3VFJEhCA18n8aXZFmwIB40mI9
2020-08-16T02:59:04.773793285Z 288 9J2ZZ0ujyHbecNoytPbmqzh8CXOqoyjkB7G39tC8J8nmT5pDdNwdyhV4m8FF
2020-08-16T02:59:04.814675607Z 289 9eTc1xMWyqho66TfMpbxUi4aQzCon5LYzsCDw7LvVp7FArR53OOvKUom0SjO
2020-08-16T02:59:04.855282550Z 290 ttDHJycDF2aYlz0c8mHCja0QMzDzOEOXwmnUKjIG08nPngnkpvYNwPaRjBSq
2020-08-16T02:59:04.896694751Z 291 VMPpcD2lGpkp13BXnNwQX5B53C8XdecfO2RW70FxmopE2DO18FtR6WhOLqfG
2020-08-16T02:59:04.937239243Z 292 8BZglqo5fmXz6kChOIu04onHTkxCdoWU7rl0DxWVMPbitUK4eOVVqs3DdGTn
2020-08-16T02:59:04.978828457Z 293 bCIi0fnRhJcj2HackHLvr7e52IyDzk6AoQId21Qyeu8KeUe419DK3naf2BNb
2020-08-16T02:59:05.019592148Z 294 7unsJ15FJa5IFOQDp6fZC02ErMvOJDSg0GNM8iG7O84t8OAHnSI2ZzaQ78DI
2020-08-16T02:59:05.061115940Z 295 bChsF5NgYaPG5Xphe6PtZ06ttIydHCLo2ZKDgNgAHKngMfa6rTVlR9U1R5Z1
2020-08-16T02:59:05.102960663Z 296 TtqRCfCB67KqdjFXamMKjZ2YWl2PiHexkPxihkfNAaEp9lNSE9NgOobnvO7n
2020-08-16T02:59:05.143591420Z 297 FLnLsmXoo7YaoBjM1L2cpFeuIVLGVVVTr5EpyR90ZbGsAnjm6FgMkf49H544
2020-08-16T02:59:05.184554180Z 298 msfJ0ddLki5zn90uscGrTtJJx1xL6Xf7pdYDYsoLm8Tbp4Nz8B5EO8bXw9Ks
2020-08-16T02:59:05.225756176Z 299 mCs8oNn8NQBvsrqXhdaDUIxIPMaLC4P1uFsxZ92Fs70F3Iy6cboiNef1o5os
2020-08-16T02:59:05.266333977Z 300 44mX9KBjN6JO2a26wMQLoNP8nsKeRqeqXodFOiWlegJZsGwQUlW5rMgBiPGy
2020-08-16T02:59:05.308041578Z 301 sEUjUqhmDbSQ0m4gUZBUXWEVxN6sImnr0Ufy5c8DX5nejnQW9fD072EQxpjK
2020-08-16T02:59:05.348583128Z 302 sf0E6IDHdUpesfuvcLqGIDOCExsDamH1CIvLEzlcRmvDHVLqFvQbpJaHdF1X
2020-08-16T02:59:05.389996373Z 303 43Q5aaDdRik6DG0aS6o6pS5EDIEW7J6cVLwXfpih7fycS640xLOyeqlg70Gi
2020-08-16T02:59:05.430666688Z 304 8wRx7uihy8zMKQRtQdiPQ00nUg8WBdA13zycviXxD7BchHzoCQcQjn5AdbAz
2020-08-16T02:59:05.471422774Z 305 4DMMfCtDnDOMwlfzwEQ0QpvY6DHsiCL9UVznlVvKlYv1kfuFRoerGSgr9LUG
2020-08-16T02:59:05.513176944Z 306 OLJuWOaxbZ7KGsDs29XB0v3D6BaRypYdZRY0LjvcxLgB3cuutedo7KBxA8Od
2020-08-16T02:59:05.555034397Z 307 TEPn2K1DCwAaAjaoOhtybMiij3ZZabUNgWv52Dm4AZv1bH2lazh1WENoQdPS
2020-08-16T02:59:05.596014270Z 308 eCgSKzIwAB8CbzGnGQGa6qY6TFsimVu27GNbafiwXNMlhDA12ojho6t0JW53
2020-08-16T02:59:05.636933678Z 309 rKwovmCg87nkNL2pPneGzxZqnzc9m9tsCwRCqBUa7rXQckxLRMmWeVyvYwm4
2020-08-16T02:59:05.677578155Z 310 rlVVHL4D34xiCouuwMVFgd1ig3pFZUQTHzWGETWjAWsSHgmU4lETVzYu8FR6
2020-08-16T02:59:05.719235492Z 311 gZPvmGbcizQnBzfQH28HBVu9t4jRU9hwV1WtopV52uF3KQsVomzeXJyMbWOh
2020-08-16T02:59:05.760741082Z 312 rwMDwK271mNWx5Ap6HrlBEfQNTInFWLXqY1cIZ9EnjKTmiLJ9r14BHScvfWa
2020-08-16T02:59:05.801753967Z 313 7p7xEeS66VdI8iR2GtaCb9RhTkEeJrPfdy5YZwbk3FcY01tYGyEq1ooTbJfW
2020-08-16T02:59:05.842133764Z 314 QWNcgYXg0gl2P8EkBgGxJ11rN1AaKAgGi9vuxrklFH6nRpzPojfRi8Sn5MHQ
2020-08-16T02:59:05.884209013Z 315 W4M8B2jc87ETvQH79I1J3a6qZgxouPprGd6bwbRTHyKnU3UEHxY0CxAtSjcP
2020-08-16T02:59:05.925992777Z 316 ZzvYckuzDQ6NCBYnELsAAF145Na7ESj0I1rtxxQywj8rIMSZuGzGCcICsodx
2020-08-16T02:59:05.967094814Z 317 JafijG8bu0w2DUQucjApbOjkC3n4zXoz83PjAFN7o5SnpEHZDJ7ccRd3p6kx
2020-08-16T02:59:06.008494418Z 318 9sEK3TKkeaIZI8wIYgNl1UbspPVsjj0xAxJVibhkfTmbY8O8Y5EPzijaKsF8
2020-08-16T02:59:06.049971215Z 319 n81qeKOvMA34RsMoF0wIPRgbUU6bJxiLam1WJVaZDKMNo86t9LOGr9r0bieO
2020-08-16T02:59:06.091955279Z 320 Qv7RTluKN7fQ6EhhYnn0S7cwFDtAjvJgHWFKfirPg6clLZpCb5Tav31Q5uRd
2020-08-16T02:59:06.133253367Z 321 jaC90BrnohOp9C64VizDTkws4TcMFsaWQNcPykKzOnpKOl08V9sQJArlLPnJ
2020-08-16T02:59:06.174274658Z 322 nV8DAZts7yTS6cf5DQlpElYJE5J3BK0ckcI8DlWhbu9LZWPCOMN6411UAQfN
2020-08-16T02:59:06.216336115Z 323 a7J2O27JUwkK8Ri7ToHYlr1f3BhmwMtNcU2v94baRXBvaWGAGCvnUSM4h9l5
2020-08-16T02:59:06.258369060Z 324 vsfMEBsZQca5MAY0QTcOy1opHd8SvhhuCD7rK0iKxving6cQvijN8xTiV8Pq
2020-08-16T02:59:06.299982459Z 325 NMvqbK3T2JP8zT0tKiGuXaVZAco0mYWrtpF3h8XYd3zI8NtutHxWiZguw3Oh
2020-08-16T02:59:06.340887245Z 326 eXaW29g9Fd0vVowxt83rbFcoTjcJfd4cRKl5RtNWMWjZGf485nV78TtUhrYM
2020-08-16T02:59:06.381857768Z 327 fZbZaS9IPpX7E5IrKZpMz5OONckrYt5WHmNbs5HquqlTMbru0kPH2igqLPoL
2020-08-16T02:59:06.422438316Z 328 pJt7amsOh9mA7F6AMmyM6yqLGDtncYTSuFbCxHyaACBLeo4f0WRFk0qHDjwC
2020-08-16T02:59:06.464331071Z 329 uV09Ya007NRKHpL9ZF4mLpST00ds1Y9qbsZhyuRD0qCIbcICiYOTyVXhb8Hz
2020-08-16T02:59:06.505664786Z 330 2FBKouCsU6ko83gtKyJ3WZChNvsXBmrLtgeCk1WIXL2CiACJlOx8SHjdBZJm
2020-08-16T02:59:06.547386310Z 331 3E3YI7yIkqzCoogpZhxRLmcact67ubjM7ooiTVvARCBQKsJXt3jJXJhdlESn
2020-08-16T02:59:06.588801969Z 332 4tBfGdjmlI3qkNqpMZ1MaJuy8epmYmQTiHVwAAGi0NQNQXk5kPPMuL4mLHWt
2020-08-16T02:59:06.629395295Z 333 oV235cPmO2B9hqwQvdpf8lKQhbkBmrVhNG3JdsuSN4c6WO6qf7LsE2HmEeWU
2020-08-16T02:59:06.671061414Z 334 hveQYbYyrGEOZIhRnVLX0h6w9EjW1FjS9jSSK73sIrBgVp1UHQ3TEnBvlf7o
2020-08-16T02:59:06.712425748Z 335 FbJalAjtSP4FCgyAIi33N7bCiOKsar81DjIZaZXr07dpE8Hp3CqxE5W28Akx
2020-08-16T02:59:06.754165461Z 336 mVwsWJ2Ubu1vaH6Z8u9PSK2HIodEEyuNbOYIDRRCJ7XRxh3d8x3BIDhIi66S
2020-08-16T02:59:06.796348062Z 337 MNUxtZbiUrFWdMOnyxKht1qpPURsTZP3UlETZrMvXOO9QyvcuiAAgbKHmvUT
2020-08-16T02:59:06.837891358Z 338 voWKufTOsZ7bzKq1Y8w1RGCIfzNjfucOioTXHWWb7IBJoWKJl4ljPC0Z59Jm
2020-08-16T02:59:06.879587290Z 339 K9JHEFbGA7CXdxUt8JrzPYxBwt0CNGkvxF0pZhK7FAhI2g0oG5D0Khx2QyYs
2020-08-16T02:59:06.921059887Z 340 KHrQ85r4rahF5160wTX05Xjv8KG4WN1uLzv4r7HbMIRV12EG6VffZYvrQGgM
2020-08-16T02:59:06.961787433Z 341 4XUQpISYRtIS92y3KwCNqwLT41iqq51O6FsH94yakGuKwpSAO0Bhiy7YAS1g
2020-08-16T02:59:07.002272175Z 342 IPQ1HpFw8XeK1B14CZweZfd3kbYHJiiyzVCxAyvmRKvzDLYrIuvufntddBQt
2020-08-16T02:59:07.044563036Z 343 2SDqrKPcD6NmpnGGmutMQApIWhM1UextoeLLX40fMvj7BzqbUjlvCIUPg1kF
2020-08-16T02:59:07.085567972Z 344 AuFTcvBSoJrSVVRCedTmNHc3ooNEr1zuj6TvLS8V3m0kPsbuRChthkiLgxgq
2020-08-16T02:59:07.126650776Z 345 n500r9ElovXdD1PlCEJXof0kttri67fMhI7BYkxD3LuUrT2omKdTbO3YeB5X
2020-08-16T02:59:07.168287371Z 346 HQUjTKXoYNDhkdp3WI9AnkzycWPMTByQbLhTngUaxa0xdOoR3OaxUrGQfbBq
2020-08-16T02:59:07.210226161Z 347 wjVyDGo0yr8AThfMcgYm4rnBbeRD6TPkcI2s6XVxcQ8B97685ajWHotrXNll
2020-08-16T02:59:07.252343398Z 348 oU5gkTrwUNbNMmFNiZXuaBZARA5CeDqRZaI1Ac2fbAGNmZ5X296fmmfZEuOS
2020-08-16T02:59:07.294172245Z 349 vWOnFcIf6nBqPRi83EbygPQZVqYwJjN1Zfn6gUEXEuHl84fEVe6gdYPjYUMq
2020-08-16T02:59:07.336094300Z 350 bcEj93i05zkLywqJ6NC60kbF5AiMVL1DrqmXjykj0kVvSCJIJSgnOgThjSqR
2020-08-16T02:59:07.378408057Z 351 Svi8A1XJoZ8uafEoLdwGCmK7tcKwkv8NPceRf7uNcUxywlYqPs7At7HMA9Cu
2020-08-16T02:59:07.419968512Z 352 CYLlaptCHK9OZfVLe3uerX1pcjkKpgCbnzrq4k9xJzzarGvnFxl9DKazrbwd
2020-08-16T02:59:07.460439989Z 353 UOaZBlMF3pAioPUYpwc5wW4FShdvTe0MIVU6cYzDETvOYXrJNGYiop2pudJu
2020-08-16T02:59:07.502269524Z 354 ua1Hybh90b8Qdyt4dNqEZesfKVliv6XaccnMX6v7FOuvfUGWzkCY5NiSN6uT
2020-08-16T02:59:07.543855635Z 355 buKlvvAhigbUkxvLbacGistdGmmst3e1b9gVtKf5MmG654w4D81Ck6cOXWHn
2020-08-16T02:59:07.584798608Z 356 KPoEkk1wqNGlmWRyXMvAFOqURZ7uN3raT1EUmma5cyFkVWcaFV0deenf48ej
2020-08-16T02:59:07.625658883Z 357 CXS709Yztojp6Wd9UIhvua71NbDBJhBN3wWK5Fwb2Jve8NXnyCksTcgbDpgE
2020-08-16T02:59:07.666733794Z 358 xJfaFIrnyMOPH4gmPxoDgmi1Pc7NBYuJweYbquGKe2XFDMNx6Yr74fj1KfWY
2020-08-16T02:59:07.707135368Z 359 P0Iq5cQ4VLsErSfDatiyT2m0b36F0vxpnxqG2YaRXJyGrBs2WVNcCVquVoQM
2020-08-16T02:59:07.748834894Z 360 nzpfIz6W2OZAMuqbK8vOiabNxWL81CLG2arcKPUas6BHxTYkobu3oQykxiwW
2020-08-16T02:59:07.789773525Z 361 nP7CXVzFm3KI8x5ZowZpqzv7idUZglxWoQf2nNTv6gx7kBcl26zdsDmD5oTb
2020-08-16T02:59:07.830486221Z 362 1KVogrpCPV3Pw3kqwXeIlOLdaZPE5CZDmolu1Wp1xa0TJSmDwW83ie66L6cJ
2020-08-16T02:59:07.871294242Z 363 VVhaFvg3euWQG5QtaCrScHNcgEvBsxTGuBtvXInHPL1NSiiEAWLBeW0rymCV
2020-08-16T02:59:07.912993753Z 364 AvuaaumcQeeutsEjOW0dYjFawuKC46yr5XvNdXIn9ZALYOrxvOdOF5x75vcC
2020-08-16T02:59:07.954762226Z 365 J37kU5i23ZjuN3zm2a5IM9TiTKvSemnJcL6mp1M7WwqSAVX63TmF71aP034U
2020-08-16T02:59:07.995633279Z 366 ChE0RwWDITeQA8nY6YXsVLC62L0T40WHJltA3sBAHM7RtzQpi0KAyM37fcmx
2020-08-16T02:59:08.036412228Z 367 1FMNhIADWNL7kDsdHPuYUlYDXri9UsF7Czj3n7AKqTi3mjlOJKDEYAGUV2jm
2020-08-16T02:59:08.077815062Z 368 RulwQo3sxetYd1Bq43Q51VSUVDJ69q1RB7xgWza429afD86DvV1NGkAEtT0j
2020-08-16T02:59:08.118460168Z 369 XsC4FRoVsJU7ThjpQPTO2eroXNKQvtRk8M58LxAukgCLtbFYzxQUWBD2uXuY
2020-08-16T02:59:08.159745262Z 370 CRFkBHTpmxgZBYwnIDN9TMqwz3Zui5T4g5hr1CLWTX2rJWoUXRXymqJXpB0C
2020-08-16T02:59:08.200992935Z 371 WAGvKnSqQRi6NSxafjd1K1BxIqqV7oQXAhBD9IpMb1cksxysxowJiDeUE84H
2020-08-16T02:59:08.242202229Z 372 fc4g9OkQlPkvb3L8Bjqeu8sTY18HenODrKDOp4GRXNDqDdnl5fFBkkSFMdxi
2020-08-16T02:59:08.283927634Z 373 8tWagjSQTKgt350Qoe96KWAJSiRNKoJXMUiLpJ04jlfOu8LxUDZgeWRCG9d1
2020-08-16T02:59:08.325131619Z 374 YDNdK95VpOwvtRegI9U9QcIfMQF6IfIalB7bRPrKMiD0OsOGkH6bEip0LIWb
2020-08-16T02:59:08.366953487Z 375 hgNTINvuZgoFzzyqzHfxJ8ycqRjWeQNWnegzD8rNOTTLYTxb7Uw3oh02Tyly
2020-08-16T02:59:08.407670562Z 376 ubaykoaUlW7HYufNhkfCWYiz6ZLuGGhyJZXVeAVBZKDyFWpStwOaGUNBNNsH
2020-08-16T02:59:08.449352822Z 377 Z32D6s0RPG6ddskgYyhAZHrZxJZ988YYclSHg78OmXcDxyTRzgYX1vGpVAaW
2020-08-16T02:59:08.490867103Z 378 oYqCEpYBIHYsCWi6nKUg8gG0B3L3ErjW7lsnDgg0L05PsoRCjB8v9hhL52GE
2020-08-16T02:59:08.532126756Z 379 5X481cACCBcgGwNcxKvQ9ax6UGDJ2NqO9PHzHUlfKaTJDRlBkDDSSpPteWQ8
2020-08-16T02:59:08.573975172Z 380 9nq9YELW11A51QjokTfCocnadRnbAI6p7Nw325E0T0LdbnHv3GcWcEaC4ITV
2020-08-16T02:59:08.615173506Z 381 mYeOHRjwlDYa5SCVUgir8uMYBPPXuIT4HI5CNE8j2meXaApFqRpUTJeQVTl5
2020-08-16T02:59:08.656390310Z 382 9XlTgpvKhvBYpKiau464ZuVjtzQPOj34aBH3KHPUGijEb2GZy8JI7GewMMhM
2020-08-16T02:59:08.698250027Z 383 SovrpyXMfYor5H1pEsiu3K7B4RcMC7LhS21dhMzIOgqgRuVU9O89406HaVRJ
2020-08-16T02:59:08.739930843Z 384 4dEBIdgiMlCra4aP6cibBO0fuXTT8d21hLhzhqUxvt0pURfQ9pNDTZVuBr6W
2020-08-16T02:59:08.780822010Z 385 KnUXAZRVSMF5eRN9RJeTDhekZBQYarES5bBIBUruQO0Ggt96HrtCTxiFNwAf
2020-08-16T02:59:08.822052357Z 386 zx2XCbN8WNyDpQB9uAcRDQOlpn6nX6vdxDUVuAYM1F3K8gOKBERWIiq9KQeq
2020-08-16T02:59:08.863814962Z 387 DsFCu9PAa4VkuckV1z8SIrfNuseL1GLeyy0B1xLD8eUu87LMPxPxIDURYSLQ
2020-08-16T02:59:08.905265003Z 388 vDrliVxjfUjzYKWZ0vbzcPB1KIDsXJ8xM9Vl01hRfDZaPSQTAW2s29pNwf5p
2020-08-16T02:59:08.946602317Z 389 lDl8wha6YU5YwLAeTuPYFRTko8U5H4IFhgjLGKZl3OHuBD37lrSkOVIncKvV
2020-08-16T02:59:08.988414087Z 390 Q4aDmIIvXho09JR88LRcSRvbsHhTcN5Bo9Jh86cRLoJk43sjKhO8MoSy9mj9
2020-08-16T02:59:09.029798229Z 391 4BUZE09qaonc6BmbcoRZ5f0dcQckNsvmGkQbLssb9g8Uyyj7DJezg3Z9denJ
2020-08-16T02:59:09.071403499Z 392 ambXLncmGaLyhPugBGSXAxnSUTmE7Uwm24mdjQhG1iNoun8DfNb38dqELKLB
2020-08-16T02:59:09.112982617Z 393 D89J7FoBowclM85SHRv9ie3bRA9rMLiBu6eEzIumwm8GGxzkEPkqAQX8PAjv
2020-08-16T02:59:09.154481500Z 394 lzT5yep7EqQXil4c0QjXqv66IoAWBRjo9veVf3iNINLcdV9nl7V7JdLXQ16s
2020-08-16T02:59:09.196401385Z 395 IdHDqQl9Zsbigs5THNW6A4IZxsBKuHgd0YpirFRddcMJSW2EB7LSoG5ik56A
2020-08-16T02:59:09.237400630Z 396 mvrs9uKkXOs3C0wgUQrttbuAZHq5GQKNBHOlJXLQwCFWxUJEP0nAGMF8o2ov
2020-08-16T02:59:09.278557344Z 397 UwU3wA79BF6WelDy1fG5eLiewNRww9Vne8c1bSOv8hzRZF9eJ6dQWmv2PQpu
2020-08-16T02:59:09.319271732Z 398 mNWXisRFiUzc1HmvjrbwbyVOW2bmobzwc7KraTsYtcnmNNIviAu2HCq9NZLK
2020-08-16T02:59:09.360949068Z 399 ee2Llr8SHAcogyOynKRtzxjk6xJ07DWN1glCGCqZGHXiPg3zqY9QVoOoGkCC
2020-08-16T02:59:09.401528301Z 400 THz35UQbLyLwd2jq3TOWxKOwOfdJZx188dzqrcr03oPUTglbehK1JXLqVFOt
2020-08-16T02:59:09.442289248Z 401 nonq2E6MqCojNgO5fjaHpa5jG8yQZCxZ9w5ePI8uTgMDwnoqeCNgVQKUfi1P
2020-08-16T02:59:09.484228007Z 402 SmCjyWX1GRITDjmVc6Puh7pqX8a9BVhW24KfvNZHMB0hXEYKuDkWBFWlG39l
2020-08-16T02:59:09.525804407Z 403 jfHJawuNTIf8YRsLGIBZngIVQhr3CVm0Od3KKmjZLKymR2pxsNcKneS7Uwta
2020-08-16T02:59:09.567123952Z 404 NEGrb8a4T7wV0hBmwVqQJa842dmwebzDGSYfHRXcEDGwmlqmVBtZVmbSA83U
2020-08-16T02:59:09.608978958Z 405 6m0XA7G1MEDTEhwUXBWGAOSyzU4s5bterci6Aq7NBQg0OfvtpvxKd1OTqlre
2020-08-16T02:59:09.650634662Z 406 AJm0aEqqN1FGABMPIEKvKhMyDZf2fXQ7FeMaBzc3cVvhzQfpidb75siKMRcy
2020-08-16T02:59:09.691839833Z 407 NErzLbdU33Kss2QtqfHhKb4XZphk5i7gnnrSwHZtlGjpFQZk6WwQ0RzuyYe5
2020-08-16T02:59:09.732744901Z 408 fT9XTlq5ygSAKFGU8MStH8I5fUX3y2xQBBK3ix2tisD6rBie6aYfZ7JjlLHb
2020-08-16T02:59:09.774557269Z 409 kQuYJVqfkl17qD2s7OxR8Oj3T6lX5wOeZiZpeuuLL4G6fn6joI2n4bvi1e8K
2020-08-16T02:59:09.815377529Z 410 lKpazj7H7aYAY91EcLSfoDI0yplw0xFMUrqAvrhPA6wK9tjsZsilmMACEKoB
2020-08-16T02:59:09.857266685Z 411 uwGaWsT5I17IfLLFi3hrqsCt40KsAWq8lD1lqN2DDcAgjlg1D5OJPjsemrzC
2020-08-16T02:59:09.899316392Z 412 unP8fTtzkE300PqM7QIeqldhMHDlq3kQebHpaK6SWTr9cJ9TQCcBSc4d07bS
2020-08-16T02:59:09.941067346Z 413 toM2GBN1WqKgOGdPBj8brnTRaLluykYayHEvNHF9CEarUN3xt0IFipCIFtv3
2020-08-16T02:59:09.981590144Z 414 m10f4ghCqEzEACNEDZ4cNk5v6mQCBm20cGkopsyRWFV4hqV9BeJzxlCsZcgR
2020-08-16T02:59:10.023084746Z 415 9oaEdvs7a80zzK9linulvynKpqaebkeoPFzsEFgzpCd6HuQLLNw3TBSTyM1F
2020-08-16T02:59:10.064970839Z 416 Df3FuGJE2f0u3DuzNqWWUs2XvgTIA30CJWv7vJyI1ZkPrbzRebGRNg9xNmnQ
2020-08-16T02:59:10.105963205Z 417 lPyT77YsQyF0e9jj5BS1S2VL9gBMKVUj1hfAuSKNIoJLDZ6wo6koLjkYLMx7
2020-08-16T02:59:10.146883699Z 418 xq2QRtiPGIrMtnRLd49oKgjgWw8faBHBLcb2WYCqrpvMogx2Av0BG0DVezH5
2020-08-16T02:59:10.187679492Z 419 D4WYWsxTVjyrlk0F8IVyjUqOCoVojPiktGGMkRqnPW4Z0sJlYSLF8I3RUJ2Y
2020-08-16T02:59:10.229336814Z 420 v1SwKdzkBaRZiBsUUiwOg5Ffuqd1GeLsk2r75vwvIMmzvUPFcFwVqh7DHVYY
2020-08-16T02:59:10.271291375Z 421 YoYPyoGrKMYp2V6r0rJ6vy5ekP9vBMIA0n6ovaspyrOvxSeuej5TD9ZN2HaX
2020-08-16T02:59:10.313038016Z 422 kXENy3Vl1NoQLTAcEQYf8RViniI5XcC0Rxvh5v3m1KbdRudWAIq8V4rXhH5u
2020-08-16T02:59:10.354900831Z 423 xBwYwqyjWwPHC47IqTTT2Nz1q6eXYaGellJYBmrgwmrBqaAUiAeAF78RjiFF
2020-08-16T02:59:10.395678434Z 424 oNkMjvLdiBxMMvAzrsvHHGTl9gRQvTDGk8vsojoO591bYdwmLu7Sh2Rj9JAy
2020-08-16T02:59:10.436727671Z 425 oe1FwhbonVEtytHlXuW3rWoNJMEMHADNaKkQYvKQQ5iZ9yXKqvXy0TrjJb3p
2020-08-16T02:59:10.478247303Z 426 NUNR81NgNL70vF3kXUmqjgv9dlPq77B2JOtIATwlglnN5dC3LTCmAmPvfzy1
2020-08-16T02:59:10.520007580Z 427 eF1LsXup42sj1tz74qNSYYCPSp2HhCGGlV3KCIMQeuSJkXrsRPBAulJiplX0
2020-08-16T02:59:10.561393652Z 428 guOfD3wpoiLrdnSZzcxH2Jqvf8EfIY19RTO6GfR6KbrfTKOvrpvsce2WVJUX
2020-08-16T02:59:10.602742514Z 429 J2Pa70S89QckmPcJ84j365j0uRZHfdOWFyKcsIBWRSVBioFCal0FsWtrdKVY
2020-08-16T02:59:10.643728303Z 430 TcXSXtwONZc3F9rRkIGWHsD3hMMgmdbXHVewXSJgN5KDNMcoCoXdK5JFwWYK
2020-08-16T02:59:10.684528291Z 431 db7KmeTRnzx1gUhuWrICaur5xpu9dM2Vx9C92IUiS2Z0qe6nMtrZEZcAqZis
2020-08-16T02:59:10.726249837Z 432 aEAfIrmOLos203Aej9zbtCENAqrQGz95PwmDDfu9Vak9LpSnfQ1nx74x88SG
2020-08-16T02:59:10.768127919Z 433 qffjwIMIo0j0MjBxd24Nr4ejfUkYqp1XGwBUqxFOpRG6ObYp9GA4rRXcnUvd
2020-08-16T02:59:10.809592849Z 434 cYzoVkDUpnEDfNKx4Pxire0PATbSPg2ZbOxoIR6k9A5FjIdl20ZroNjca7HL
2020-08-16T02:59:10.850603975Z 435 P8d0oaDTtDRtJfo6hP87clGwUTjew3H7hSw8NtzlM3z9wpMqkrv4M6DCXxtH
2020-08-16T02:59:10.891936916Z 436 to4yl9lfQbxGGh3ma0Hb8Bf0siTND20RRGtqDewaJEI2hUYgO7Z4mOk3lkDR
2020-08-16T02:59:10.932769127Z 437 sMCKCre7LwWDKID3ErPzjznDhqkGz6uwNBg5mEL6gcRtuJvJY1XX3QotFlM8
2020-08-16T02:59:10.973760811Z 438 5ieVxPmnPGwZ9woOXZLhLY62QJR1iOj4A2J1Cq2LUZVacCS6YGNWB0LOuUcl
2020-08-16T02:59:11.014480046Z 439 9Kt66rY9KJUtXaZkHO4BtXnwWyHesVYylvn1QioNtj0iznfuanffmNa8TupG
2020-08-16T02:59:11.056078620Z 440 AEhOyjwlaLGLJWQZavyMUkvHqL7euSdd9KsXYs6ZlcoBqyVlHbSdz7PLy6Pv
2020-08-16T02:59:11.098037751Z 441 RfaUDwUTqjcU3BjQKNrV9Qps0yGv2JAi61jyz2hY3ujntLUebjdPnDezXA0t
2020-08-16T02:59:11.138999567Z 442 7WcXR3MWJdnqor4ieqrjLsKWeJNWKoaIgyttCCf4OsSOwFWYdpzRFFEH7jwG
2020-08-16T02:59:11.179712583Z 443 7JmigPH6nUlbobYlYkguktFDwA6fyDEBJ967OgTrE7TTsVgYvHnDGMhyHB3r
2020-08-16T02:59:11.221054994Z 444 GtbhnwXhfVqz5q8Wzj60cMJzL3ZgCLPQyi0yxvrZOmpZNThkjYi0P8sA2KyG
2020-08-16T02:59:11.262427109Z 445 F75FdGQgYDhGVvFvvV6D0A6hngH1BO1QIIwFCcWhYAOekE2rcM8nzOED2ZLI
2020-08-16T02:59:11.303759515Z 446 oKxbqPvn9wwf7aNLwQ4DUgRHmPoVq1so2165W7qVP9ZJDcYzseTHF1jvl3nJ
2020-08-16T02:59:11.344424490Z 447 RpzEINqc4DkeEfkqNXL8KlYPwdRUx9cvXluQB3f13mxxU7wICdHH8BaLgoqx
2020-08-16T02:59:11.385736264Z 448 BOWsDzb3Cs3oKnS5wcsSXYDxkOMQ7ZI6SYM15seBAM8tXlsNj6oz1eGf5hhc
2020-08-16T02:59:11.427156107Z 449 856hSJMqeU93WEpDzXs1rnjO8WedNGYK94PzXfsUw3p5v3wFTrYCd45FUzyH
2020-08-16T02:59:11.469456523Z 450 cw6EjE1VKMlLFQc7jUzbhHutm6Iu3fPqNlnO0ut7EzhbyITTf3MN5rNRrz7e
2020-08-16T02:59:11.511506056Z 451 LTriQ5GFd2nyja6NYRjJcKrKAyByyBYWoy8ZrdpzefB3Q4Y4Mnfw9MwLniJb
2020-08-16T02:59:11.553335450Z 452 cpIGwZcFRdmS6WJ2O5FtPIrp4i4oldzJ2WpblWCZ6H57OEBbRlrMiTV8Zm1w
2020-08-16T02:59:11.594833422Z 453 6elZM3cLgEKVRcDRtScv2OKhX5ZlezKI773roiPMs0D8OZytRhIQDh4HjQ1Y
2020-08-16T02:59:11.636052914Z 454 i0vlgV4W0kpNBFaxx2qNuNy8bZ5D687DHEzUwyLVKrBIXRYe8AeyUKImEYKY
2020-08-16T02:59:11.676770860Z 455 usfhpDd9SC2J92Q53u1g8htG37s6PE4V9Gn350P5nCUeIC8D9CF6ZwerWnnG
2020-08-16T02:59:11.717700111Z 456 8nb1b22zWwQuGMTj8KijRJbuVKSYvKDS3R0MGOlP8MrZ7wTeTML3ZdzY31sK
2020-08-16T02:59:11.758541719Z 457 9KMyU87gY2tVL1YZgYYwBde2sr0Lh1J6OFfR3xfcQ13Hn1QQ3aVeZIUnQCKg
2020-08-16T02:59:11.800112976Z 458 XPpRa9h9CPgDsqjq1nBXfYLIIGSlr7P8OVikUOKO3KtvY2f1oVZ5nwSdUf17
2020-08-16T02:59:11.842037439Z 459 D5WedVUVjyklcxb3v7hjLBsFr4AspSGb8qfVeTMaAivFnFSfSTOUp423692X
2020-08-16T02:59:11.883629182Z 460 S8miLq0Ur46mGZzYStOJtJhS2JnzUywQf82jHsLbZwVyY9EjFbeomlTuUzK3
2020-08-16T02:59:11.924567672Z 461 hV8pFOCsWz4PVVWYCu0S1guBJygLKPSqQMuesOjv4DmfNdByO8xIonRuOlMp
2020-08-16T02:59:11.965852669Z 462 BtQ72CngZQ9yStOIGon8NDLM88yjb4nVLfTiSrfDU6lXn22UzgdxNT82rMlI
2020-08-16T02:59:12.006562126Z 463 Iny4APIimLRikw0HubGmeGAtAFpcRddUD5vyaygVZmLwtG7jcomvebvbkUlJ
2020-08-16T02:59:12.048217102Z 464 jcqm9JherAzqlIvD5phDBoihQzjnU6JAqpPq8nVTNjwBAV6AEtYMacGfbdSj
2020-08-16T02:59:12.090216248Z 465 ftC9XjREIj9KHQ57aB9JYfbv7jK8C5ENajWmotiB4FTtG7raw2dirluCWYD6
2020-08-16T02:59:12.132232729Z 466 EsTX17E2qBn8bMHqkLTJHVreK6FJfwWcWt4cXcnnDxrcc2nH7CelvCyIPxcf
2020-08-16T02:59:12.174320821Z 467 BmU10y4U1Ejjv0pH6w0yezMOlaBUYQ46y2Lvt56MnlJzODYF6s7mJmzuajIQ
2020-08-16T02:59:12.216066695Z 468 y5bIiliO73lVh1jNEdoMccp9tVr4GN7fbY86rnk1KTTZxXn7tODsc89IqIPP
2020-08-16T02:59:12.257391145Z 469 WkAg7TVbjcGYT8umSO8Zxup1uWIMU3mR870fdceDomNiOZeKLWxXyac0P2Ag
2020-08-16T02:59:12.299236720Z 470 zqHOnrgb117cmVjby4kdKCEKZdZsRYM0uJhGc8qzp08fd6T8GCneHIKlip6H
2020-08-16T02:59:12.341244095Z 471 1BerJNp4dOOkIlej1JO30pkx8tlMP6uHZwItkU8Q7GEZr4AG4WNbj8h85j6l
2020-08-16T02:59:12.383135188Z 472 leSllmg8VNd2Vf05aDtGV6T2asirgSu1Azf58tHJ0dpVoSukH0TKma9kbBJM
2020-08-16T02:59:12.425223615Z 473 SY6Gat1bkrHAOMTMkmc6B28TgPjKB5EgwiUx5ji4bwxKBbuXNOTjaji3NoLb
2020-08-16T02:59:12.466921189Z 474 c8MqY5KSqxAGgSJjjrjNXuHRuDprPuAnnV256xqaSXVlr38II67msiepRjH1
2020-08-16T02:59:12.507872455Z 475 VNuaTBIIjXj115caRU1FgetnMdArGit6NeM7SfSeXyzVtNvjTAWJcTweMUWG
2020-08-16T02:59:12.548913823Z 476 ZRL2AXtFVaT7Pqmc84MhGxvU5SOEBxse4fMibBX34DDpmz3RkZ29iUMIaxqe
2020-08-16T02:59:12.589723039Z 477 ZgprAFJNZ3WV1ISx65LLOeKf7c3AfUI64bfCwcNGB65iUSwUw8dTOaMgjR4B
2020-08-16T02:59:12.631606795Z 478 oQ5U7EOOVbkcETLV2kHTsHGyoGF2vzuF7kYN8TtWwgg6TZHL9vF1XyA577QC
2020-08-16T02:59:12.673163268Z 479 Acwtz8bljRTtv2qzoXGb6EojcbmqRgIHmUiC0UpINEyHauTuJypFBYDPjXWV
2020-08-16T02:59:12.714276876Z 480 AzzRCskbzEIbWznVd2vrCDxB7EcglZ09BNKJUXFcmgdPTDw9yt8BVQ52ERwq
2020-08-16T02:59:12.756013816Z 481 knK11GL2CYlpHmqYuqAXhAqLwshjLcj8JyuxbrG3MWymMCuwmFGFk0q7L7ak
2020-08-16T02:59:12.797647190Z 482 EPklLzwqtR4ToWBlVbizyMbVHA8SWeQxh6UFxNhryxkpGZNQv3pLV7FpvgpW
2020-08-16T02:59:12.839337983Z 483 EMYrPN55yfadv2PFyI91GHpKdH92m3xv39IsRBQrsXo0yf5LG2pUx7ZEPa6G
2020-08-16T02:59:12.881281714Z 484 mL2vSTOBAF1H8bBxttndLPufvlzzlBskRxoay49kJKO3GWdmHFfFISHEykjM
2020-08-16T02:59:12.922583267Z 485 1C8Z6q156PSYQHd81JQzkuGpmxlB6Vx7hHCdPeiCTAL5EhWZQDRL5vDlJR0T
2020-08-16T02:59:12.964559600Z 486 WmzlKW8FUA0llvu20CW2fQdLJA0AxOPhiqIusuhyOi5rzHntRZsFTlStB3F1
2020-08-16T02:59:13.005300308Z 487 3V0N8bxCbkRZ6AzMYZMXs1vQa3xjpUshsb53bEpGAj3vJh60KwHqmwoWV10A
2020-08-16T02:59:13.046933158Z 488 eNt1rogyAqVvQE3W3zCkQItoFCyOkKIt5kwTFEXod3GO5tbe58joXtp4yz4b
2020-08-16T02:59:13.088024032Z 489 iU0poyzqHBgRdwh7CCmAXK4epnG35dflFY7fe6H9GgYDvDriLD5S76yifNc2
2020-08-16T02:59:13.130010783Z 490 iJLq8sANIl71Qe2cT6ulO3WasELR83k1ZYm1SWj2oJWAoP1xfHs6kzoioDGX
2020-08-16T02:59:13.171510750Z 491 zfzs0pRWtCit3iZirWWQdYodK0tH5r3OnjPpojPzYUK2ETxc0ZVA1xce2jt3
2020-08-16T02:59:13.213024719Z 492 0zrZpPKN8K56GXnIAtzCs3cVWMzU2YCkVgoV0i9z4zoR5QmhhOVL0mNJLGy0
2020-08-16T02:59:13.254929821Z 493 2p3XEYr7fDrJK3IcVNJvnmemMQiJIBvfrpzpsnPwWDwpi7LFUbjKQEIgq0k4
2020-08-16T02:59:13.295633261Z 494 6XSq4OfxsEfUUejrL2qcWRr3CwZaSYG1LBLKZe4RORACqDmA8qmJ3sOWq4aA
2020-08-16T02:59:13.337233642Z 495 jReHlAxrppq0hyYMUieNpSvFJCRTVu6uoioKJ7H0B88sWWTatj9NgJ9zCHia
2020-08-16T02:59:13.379044059Z 496 qd9OixOxlrXAYtbn6RXEcmuUM0yhj3tkJdzuvuYDT9yD58f90TjCNyEUYTXs
2020-08-16T02:59:13.420556912Z 497 Qnk2HcD2Flf8dxzS0eUzpsbJHJpqroBn0Grc9WA6V2wsakrMEVw5CDxIiVAR
2020-08-16T02:59:13.462226884Z 498 z4wPZe3dlXEpW3hJCQZ0lhdirLGYdOzepCiNgTJNeVgAKPYyt2eKJjZLxguW
2020-08-16T02:59:13.503826034Z 499 sVshDX5uusI7juje9U90NIF2PGr2eYz2Syi0lrhgYxPubjnsWvvOrECeA26Q
2020-08-16T02:59:13.544757661Z 500 uadOYqNvWNuw3Idn6nSksKnF4liPwSXniUD5WR9bdCgDLUthx8pcGmQRWxiy
2020-08-16T02:59:13.586089799Z 501 0E2rCTZqSHMqxBj6tvdhOUncgWPXtgs50h8AGBZGgWA7Yy41hiFNGIHccshJ
2020-08-16T02:59:13.628536408Z 502 LaUavNbUnknXuqSixdU3a6WWydlTepi3anUySLtrDqVR9lUHZ0J6lU5nx3t8
2020-08-16T02:59:13.670268396Z 503 Yqo8vZoAJysFkchiwWkkxwsdBvLt5c4Ofbi95tuT6k93MW3ll3Z0ZRfPFCiM
2020-08-16T02:59:13.711988521Z 504 jWR8EY1qohtv6cLgXGbKeEz6SjNwK6NeNmPaJCbsDswDloy8XHsU4qXvh5KA
2020-08-16T02:59:13.752651177Z 505 kN9ow6TA9vz5uDtAj4tqUeC9RNR43cIicpH6q9DBnfVEcCMLymLnbeLXPU4e
2020-08-16T02:59:13.794013820Z 506 Qw7nRh6Xq1NEngLMncTBq8qgJ2twp0yBJ0hwfTzW8ZcofZc19vuHDz9IUlhS
2020-08-16T02:59:13.834603206Z 507 SNWXxscCtLr3ahwGnzh3nyuQDWw9wIE4cYsNUauRC1KTzMtj6sxFSoZvH2DW
2020-08-16T02:59:13.875234781Z 508 Dtvlm7xDW0OrgBRSFRBzp46Y0ZneilZPscChVMvsrkFVDm57QbmBMikj9K6H
2020-08-16T02:59:13.916705752Z 509 UZlxeLgSPcZXWyYmATYTsHOFU6llQnOsFNwqFuToTuWWXcekfZysXgalHjBN
2020-08-16T02:59:13.958405998Z 510 TsHNCtKN68SLkmqhCB4kwLm6SJZkuRBTtoe8Ov49WTkk9rx46rZ8ECvOxQse
2020-08-16T02:59:14.000375304Z 511 0y3OOAPWzklAe9T8KX3lgC2O6HBywUCy70w7P0XG95zxVZgUiAvvMGUBc3x4
2020-08-16T02:59:14.041885936Z 512 uaJwoHz1ScS4wnCznWXoMgbcc8GaaR2CqDW2HqFi23lo0GW4dh4q8bZpGq4c
2020-08-16T02:59:14.083293352Z 513 s9S5X8v6l5H2TZmoSZVzAoKc1hzfbArUoTxllkH8cUKMVvZvKUp4HSnxRcNE
2020-08-16T02:59:14.124597751Z 514 tljcKJP3df2eoSbCMomyZ3wUuNLoIHU8bMAoOeNrPlSPkD63jiN7aPTBnYqz
2020-08-16T02:59:14.166091291Z 515 xDJ5oDoJI25WO5KyLPFcJZdAvSTJZ4Npdlu2KT6gs4X5guyjNxWWjkQf3Hf9
2020-08-16T02:59:14.208261932Z 516 RgvAv50mgIpXk2ld6Y7fjEbofad0SH4mVOjgUSWjk6tuKkCJHcHDGUYSDncF
2020-08-16T02:59:14.250231824Z 517 hdjBSGOR3fPPXRwAvxUzeJNZZfMCRPm3AbLB0VHGt9Zk6ArTfkVBQdWG8lzE
2020-08-16T02:59:14.292297319Z 518 uX4eQhuENrhNZo6CGFGV0NzK31SgaQa83AQVjpoNS1e2GyLUknXVoB4OhxeL
2020-08-16T02:59:14.334092157Z 519 5uJdyERC1QMP5wyyKh0s9Sw8xj3earbSeDiepnxUaep0W4UJ4AUwgvM6Dpbq
2020-08-16T02:59:14.376207958Z 520 ZOK9phpUyDhkXCL7Fvql6ew6IZ1AiZ7djwvhmF4o2sC157f4kIOyy1hlYkMu
2020-08-16T02:59:14.417919974Z 521 V6xJMj4AJvrlpxdoH3rXSV5uQOetgKP9uWblYLG2dI7MGceWrFQwKA0EJAeY
2020-08-16T02:59:14.458808354Z 522 2Q1BS5yUjX3H514keYijOqjTFLGCfZTCHy9uHawMp9cVQd29GsiZfbwaFZsD
2020-08-16T02:59:14.500460377Z 523 mfcuy51yiMILXfnLTOxkiV244j0NlZUIPEuxQ8coNfdi9ZjbNYz9mKM4kBud
2020-08-16T02:59:14.542338410Z 524 PEFSDNcNRq1IIGUD6NRlNQHDgZVbrBfv1rbpHgAk6pRGwJ10gwhjx69uutZx
2020-08-16T02:59:14.584535459Z 525 wy5eTh6CdWO1HECqp4D1sGLQw3ycD4PI5DbZ39VfAwiEpW15NXCmjpu4RYLo
2020-08-16T02:59:14.626432930Z 526 9FLWo6BMwJgGMtWqXVK6NSTxmIwBkLfXj2V3CeYBVQnvFpkUy6hZLgoB4pqY
2020-08-16T02:59:14.668133827Z 527 cEXygjT0Jga5SB5TBJOgcRuR85Ca8L3iOeL1smvKfqRsDCoP6KrpX7UHifdX
2020-08-16T02:59:14.709972539Z 528 21C4vfBgWlsfh9R4toBUaFGrgTMp95uZ2zkcJhQ3VUvWFCF6LYlLBucdwtvK
2020-08-16T02:59:14.750589639Z 529 7Xuk0rpjSuDe4D07Iw3wBYYuLmHgrJl5EVI8A3r7lS9fHf1DIOYGl26G2pkE
2020-08-16T02:59:14.791478507Z 530 l2PApXEK0LeKmz6HcParRdauOoyNhVfrKqJ0PEnzso6Hq0XsND37Bsm7U8jZ
2020-08-16T02:59:14.832586484Z 531 uyCjtKG1px0vLEcmFV3yOugXulAJckBSc9KGilo9d6kw58Sl3LJlK7l4miP7
2020-08-16T02:59:14.874052437Z 532 37j5dNhJnrgBU4WBs9PlRQ2CgCsU1mA2zZUbnRitOlIzzeGwvpCaRHymwVig
2020-08-16T02:59:14.915983814Z 533 5eRxwrnKH08iEfvCTWAy7fvZRJ1gDlPQpDS3A7JxNUAq4BYGyv3KqJsMLVWr
2020-08-16T02:59:14.956509474Z 534 kOUTocqA5RHK9uOrnQO4uOJH5kZ19oRWbGGB8ZYstCLHAGC5yE04D3aCfdca
2020-08-16T02:59:14.998352441Z 535 YdXOpurDohGdPtO2GbWJS0bW6DjxdPTGJ9fti8b5xyMg6YA4c2WXZBK1v3lq
2020-08-16T02:59:15.040031120Z 536 CkMi5lzpoGYvDhB2A0lVZjv8Z9oyLRbl8YkdSs1LHWGUD9svSfsokq0tZjmk
2020-08-16T02:59:15.082210421Z 537 uiUrfDIa1oWzZjtTmH1e0cux28BMCWDEnPUO9l9EwvkMiQKCqscPuGobvU30
2020-08-16T02:59:15.123474861Z 538 v46Rd2tkhwgNFhTJfVNHHc3cHkhe0od4lwmU4ksaSGJ7Zx5NiAHBBUpRm2nq
2020-08-16T02:59:15.165103688Z 539 ouVUQY4FYcpgUlAnbcroIEnXpTKK7Pz8lmK1xj7wECx3mKzCmcSzl707KU5W
2020-08-16T02:59:15.206192397Z 540 UCGXoWgVXaBlGtrx0Gdq2AWLH7ETyxTOeybTSED04bTyj2r5nxfDNbSfJNcy
2020-08-16T02:59:15.248134182Z 541 HKUKIn2deLnWQPaRNYTwO26toCwrUoBs6ywjtLMgBo2pZuY3MyV7Wu7CuOBA
2020-08-16T02:59:15.290054261Z 542 DBzn2AGT5aavqzU5pvEclgtRKI2tqI17pfskMcGsnHfip1dyMjXEpRO6ToCA
2020-08-16T02:59:15.330874797Z 543 DoyUXKMouf5qdlEzBF4gChbGlr0zMA4VGTaRjEDt3CL2HjtrVOqB0yNnOn86
2020-08-16T02:59:15.371404877Z 544 iT63kVIQo1HucoLmrnwl2PihJ053kUJLRq9dqEuURUsAs3noaHZYdcThy93I
2020-08-16T02:59:15.413089569Z 545 hW5r34ZMANTngfddAfYo7B4kpMW8In2HGoDYLOUoi3Bjz34bE1zazv7SpnEY
2020-08-16T02:59:15.454735029Z 546 fXiGhT2gT8mtJWUt6xoF9ed2kSLFWII9gh3temg9jrhzla6aTsofNp8lDYqt
2020-08-16T02:59:15.495876003Z 547 9QKyEU1bHrv1pVQfDoS8zxaX5nTgyPdUBbxyWlXY7mTGN4zp3kQdaqfKDRrZ
2020-08-16T02:59:15.537091383Z 548 WuklTckIZPRZqEtB03siKAKSmknY1H4oUVN2Z1STLozdps9w5ia2KimF5Q4u
2020-08-16T02:59:15.578949480Z 549 uLWFzGNPfsQhMHzXCxEwS0CMkU5L1mhSe2yaHSk7pECLjikgJO4UM0Vg71CX
2020-08-16T02:59:15.619806441Z 550 8fNrU11yyUYXe0YpLBuKrfVXOyWnxDVNK43IkruMBtq2ckny6wt3z71BxLUj
2020-08-16T02:59:15.660749320Z 551 upNkFEHjhj1ikcPCPb2vJ04lzO5rtijwsnyo0JSlMoD9Zl43H5wxHOcAd8wN
2020-08-16T02:59:15.701483426Z 552 8GkkfQ6rTZlYpBa9A4gMM8jc97dXCvAOHKxyOiWgHqvqIyKBfrdsXm63iE9m
2020-08-16T02:59:15.742591388Z 553 5nf2AifGo5NdPZp1sUrH4zxOerPDBZRAMd0wpdaEfIVJynTbpiVESo450Rc9
2020-08-16T02:59:15.783400355Z 554 GuUMx3cLwFoapFPg4nYcOlRnAw5EeMm94mXUbYlXV1mmMZhlPrKFNqNODJ0M
2020-08-16T02:59:15.825073039Z 555 IVWRGsuP0e2N0vZOOf4kovYVcqRpLaCycxIqfEEtxswj62eoOzF4FpwsN4Hb
2020-08-16T02:59:15.866907837Z 556 k9kGZq57KJljztPDZkeYgKpXlzyQthcasTlU8Oo7LviR5ytsKhKP2Ps35fqI
2020-08-16T02:59:15.908252548Z 557 xOXM93jBXrousWp9FEw8wEygChiH4OHtTxaATUcPAd2ufku7p7gwEdpfcHUm
2020-08-16T02:59:15.950021908Z 558 OjBkIxHqFqmJaR8MvkMjWGr38Ie4upMfGbADS3wUIgv1RbtSKDTyPqPIss3u
2020-08-16T02:59:15.992451752Z 559 MgLDaMUqwXSaYgAKAwIJQ5UWM1Ibz62qGHDLSwvBVENe0Jxt7JkYR4tcLMk7
2020-08-16T02:59:16.033895412Z 560 bD48LLcZt0SlmV35B3NRINBHKqb4S2GOofRScNNWCO5N0WjzKFdjBOJJh590
2020-08-16T02:59:16.074884501Z 561 IE6wQCb5P3BxXHY4fvSOm2CK9fmgLKnta0MZsJI3pLyTYJYpif7uFo9U6T8B
2020-08-16T02:59:16.115708107Z 562 B2UKtCx7kAu6LA28cLdXi42yey0aQwVfTiKeMQsPGxAtTEXP6SIoPaeAih2y
2020-08-16T02:59:16.157510917Z 563 jpWobxcbdodVx74Eh8LMbP0kDPPwxe8pWqClzbDrX6wfWIUoXxO1BrmOpHmL
2020-08-16T02:59:16.198716331Z 564 7ebMbEPn0ZXOeTu8TpT4n1BCHYqMqmdTTjZ9qzRDnk1eC80ZoC0Rtsk599m6
2020-08-16T02:59:16.239242035Z 565 8xZPpAXVADyjc8ZKUbc9aFCqylBS4qxq106KmKOYDGnzDNUVg2pT9vPhkSTU
2020-08-16T02:59:16.281101797Z 566 ABLDJUadHMwspUJrrU3tzH81t0ZMevTLAJMQJnT7Xae8BUK96C4YGrqn6xmU
2020-08-16T02:59:16.321991779Z 567 AuDJxPeCQZmN5uWNuRQn1k79QfQf8XPL2wLNMCHInlJ4AnltrXhpchyxIxIz
2020-08-16T02:59:16.364057122Z 568 6REkITCzj1nRVM8vAL6Z5aTJMAFR3WmPPx9WVkymoZchkpPaC2pzb40zNdve
2020-08-16T02:59:16.404455984Z 569 alnZslrMxFN6o8xtQs5xV3OBKs7GoN9xW36o60b9LK3IW2geqrRRcXqz5gLK
2020-08-16T02:59:16.445787194Z 570 Qiq9Qd0VOhUvZ3qA7fG9n88Hx6Op3VFJzQnUG0Z8nIPBY3CV6wJWt9Np0I0Z
2020-08-16T02:59:16.486445814Z 571 qpn9BXm1ZUhFlxLid01gYN6MZGeFlN1cxUkxGodQOLofemNiVExAoQPZfhDx
2020-08-16T02:59:16.527764412Z 572 YjSevZOFBzUsPmwCzX3CpebuSuWErivWt9pdMzjZ6kt4Z2ckOPuGw9yfG2j5
2020-08-16T02:59:16.569065615Z 573 19S4azF7CgpMzyAXx0YxB3dFjd5bquGvfKDkEqR4CUTKNKuplBETHGA4TSYT
2020-08-16T02:59:16.610104097Z 574 jedAh36Stq9F7VJvB7kHa0p6Sm8T5502lKag2LSGuZ1aqgi7z6umVqijLCVi
2020-08-16T02:59:16.652025313Z 575 zDJ38VhohuK0TO6p1UQIGTjYGZSAF0Bgl8w3Sp5QMs68RmPS2GuFGF8NlanW
2020-08-16T02:59:16.694195328Z 576 zqSlHMhimCUIrTiVVqW9ukckI2jVEmmu6YVlXXkZwgXXbatYAhPDNbxSjkhs
2020-08-16T02:59:16.736411074Z 577 T8X4g6XEEy2JtqyLi5jhuhK3pTF900cbefCv5nw495hAlKum7hjDs0JC4tXs
2020-08-16T02:59:16.777576515Z 578 9Ix4eIb6aglaoaN48w9f3bpHApflSUQnlZdqzn3shXiYYnu2e0oIJjWeqSDy
2020-08-16T02:59:16.818402161Z 579 nfZSIt6yvpUi6fFrOCWeU0ykLPQ6DEO3L8wpcps086SG4L2UW8Y5VRFybdQe
2020-08-16T02:59:16.859568302Z 580 Tf9QTrUcKKQBbgM0TdZVBDBPFo9oQUnUW64Gny58cJLiXUnz7Ge35GThRqRV
2020-08-16T02:59:16.900637116Z 581 0ahH3FNdywFpqutRr9JeVd01A056BCUjhy9ulNprbpNuKQVFQec2u7kaTGt6
2020-08-16T02:59:16.942417744Z 582 yCxj2xcpshAR038QX6eeXpfWQIYSJNBAI2FYILEf5pmW9fUGaUbAduy2dtox
2020-08-16T02:59:16.984328696Z 583 TuczXs4h2CV6Cja2sfpYU4uUTVNsV6lWf4WJDwDpO6RxbyfFYR5ZA4PaMOiT
2020-08-16T02:59:17.026130067Z 584 2QYWRekGFJzlGE2Qx6nPtEBYmaGspbMIbcr91is1UPHzINPmo3MJ0IudRjuj
2020-08-16T02:59:17.067558662Z 585 pyoWJ1H5tu3WmGgiO5Mv6JlYhTd6oYnutKo9ipfoufZbIc3gQiGmU9Lgxxny
2020-08-16T02:59:17.108599691Z 586 724eKdwFfWkPCiU9yUjd5Bt7rZ3B9PZLniGn6muT9uTLoCWGgWC0eK9y5aBs
2020-08-16T02:59:17.149515046Z 587 NyQVealhHqRnQXpb1m37boGJwY25OACd4NTBk8TTjnJPx1WI3xk6VSzJnvi7
2020-08-16T02:59:17.190455693Z 588 E8MWAnCPI1Mdnt4HkScP97QbSjsQgQLM9eLjQ8ByNi6EJXn4roAUaTwmkiaS
2020-08-16T02:59:17.232216165Z 589 rLPVHMC1LezhoW0RkUSPSFaBC2SMxE0mzT2j03Hp6McMTIRnkO0bNsBfhXfU
2020-08-16T02:59:17.274022766Z 590 Gfy58kImW35jr6WOtBtL87tpIVRhCbS7ZftSRG2n8m6Lk7s3znOTzkXj3DXf
2020-08-16T02:59:17.315309413Z 591 81ShzKzFOOsu1FbwDGIX7Dsc4QIHL4VGO2ARXpgDTETNCo4PZAolP39Haw8s
2020-08-16T02:59:17.357283565Z 592 buOOhP5vhGjqTihjyqi4qxOC7sAMtg8Nhiw6QBW2umjEOOLv5ELFHqVr03go
2020-08-16T02:59:17.399313633Z 593 pYySny1tmbLPJVPs1JY1B3ad8YCiINAGxWPq6VqJXjJhdHM2m0u1TM87F9JE
2020-08-16T02:59:17.441557375Z 594 7kSP9HkQWksmm8ILtVnKYDZvpb4oAEzYF5BrWRZN7NK4IQAFK8YzicXuTQn2
2020-08-16T02:59:17.482558133Z 595 oLjkZD5OQ1cdxVxM4ypJEsm9RflBSI6o4IJKJCb29h3EHlpgJ8ft7S4OYnKc
2020-08-16T02:59:17.524102687Z 596 49BGNcGhcANanCTuQ5Xkd8jXHRyP43c3U8l8uDTSVRN42ee3sObvP9pX8aDZ
2020-08-16T02:59:17.566159280Z 597 M2I6u6Hz7Cmj7blE7kej9uZNVXX5R8afBLxemfRD2EdHwXIcvt03yVvuczBm
2020-08-16T02:59:17.607812905Z 598 YfWlv56UGYlQeCbZ5HllIanQLIYwFmatGOpwfelwBGVfCWCNbK4slNZBfF1l
2020-08-16T02:59:17.648751458Z 599 QrV1eCuc1KiVxmTnG2cNgMOLlvy0dPJEaalsu601ASzM0R7QFYWOB5NtL3y7
2020-08-16T02:59:17.690074185Z 600 QFWOezqEAzj4VWPWr1pOLaHAr3PmkxIYZSSvdrKKriA6VP2u9be8kdAt8Z4E
2020-08-16T02:59:17.731977740Z 601 B9h7mbLefoz1cuYztqA6GDi7OLARL6bG0HxrG7JEdYODujS60Byh5EzG4G90
2020-08-16T02:59:17.773294488Z 602 j9Vn9gcsv4DlSYCgsXqlWIMd89kfLz1C4JxAyDSKUA1yjJcMfYeI7vo0xdVs
2020-08-16T02:59:17.814741743Z 603 UF9T7j6Vb1aKTb02QD9JXzqnfnP8PGOlyPG3JVXhOKmlBMrcpIR64VCCMjFu
2020-08-16T02:59:17.855331280Z 604 maoluWwnAZrAVu93oXaCy1rb889ATiNMBOgSQNpnbN2kHOQXcnETWrbUNwvn
2020-08-16T02:59:17.896959762Z 605 2bCr61Ta2h2jiOdWJ2HZ5TOwcfYCD2WsQhqq3nuhmCZJAy9YBg0oMVTq1pT0
2020-08-16T02:59:17.938462783Z 606 0UQzdYCkYYTlKgqHVXGgqqCHeosBtkR4IVquJ18x6mHpjBLMQhFV76Jf98jI
2020-08-16T02:59:17.979480471Z 607 yvAmEftM9ultdDHkMvphw2s0lZYVy6OomVx9tf6ntD8IiqSGj2e7a8P8RtYV
2020-08-16T02:59:18.020812117Z 608 7HpJ8uBg4XAK4WzV2kcwdgHpWCH0tkTM2Q4J9Ekmv0JiWdn12V0SUpDZDTGc
2020-08-16T02:59:18.061250355Z 609 6pJvGeTxi62MZ64ZgdISUABUVXw23v5obdMt8QlZ252AOlfTmWYaHM2uYNeK
2020-08-16T02:59:18.102924564Z 610 6vzQyvQgTYDGpAzFV95jBVB9bPFk5M4HN2w7cR9X6cnn9F2XM7EOBUbTPnKh
2020-08-16T02:59:18.143285680Z 611 7V7PH7yj4ot2jN7ZCzSzja52x9C7YvNYN9nuSU5gKLnOqcvpyJmuzTLWALXy
2020-08-16T02:59:18.184451034Z 612 vfwroAp1jN56kGGETXVOTZ7KpoomLfCWDBZWAjP3K4m9UYQwAXMThz4tkPf6
2020-08-16T02:59:18.225636746Z 613 gdz8B43NTGBsXDT7Orv0n39Xoxn8HyI4ivaYvkxfGhhIUB5bFOaA2uCrC4uk
2020-08-16T02:59:18.267052798Z 614 b99WA50yz8LkxhDMWxVrKEGdXk1vDl1mZ7k2oaOc2pLOHiD72VgvGbE5xupa
2020-08-16T02:59:18.309018257Z 615 ZJJvzgdQ0oNOrO4CAFQbbbPIqU4O4rPbbSwuQN1JSMsSuOY4iGhkyEIwxBxK
2020-08-16T02:59:18.350941261Z 616 NBFMQJr8BhLOzr2L4dngYXpO2pz75ctGACMeYV66qtpAv4Nf71Wx7AWmDMSw
2020-08-16T02:59:18.392613425Z 617 v4KFbBY32vlCx6OQ7OKxlCd39VaIdeMqOfqdkq2y8PcmpdqJYhUQLDwj5yeC
2020-08-16T02:59:18.433596037Z 618 2wx81qH6HmgUqDqykz6hujb1rNlpUuaXwj41GwfpB38CUPXr78gV1YnGnehh
2020-08-16T02:59:18.474878922Z 619 3yJHNSckmANXgA8BdYrhX9apzvNbNcqUJSm551r2rnnc9MlsE9AM4fdIpOio
2020-08-16T02:59:18.515421167Z 620 IxktIpnsgpkSf66LzMlD9YHkcBtHhiKdvM1apw5PtLJve5z0xc64dUcNbv94
2020-08-16T02:59:18.557222301Z 621 r7hnNxMCaBRgzkwzFA9VHmnekx5r8wczK6iT6remN9tf33HMAfF2s8kIfLoq
2020-08-16T02:59:18.598878927Z 622 1xYbzaN3PMCJlESelHR69utzGwJSJ1EnI4ASGqNMDuq3PDKq3eLwkJGqbbNm
2020-08-16T02:59:18.639897114Z 623 PS5g6mhR8EcLf37fma8wyp4EGfmi6TbCmHbdYAQNFBZP41FJKwhgqorkkPvC
2020-08-16T02:59:18.681940042Z 624 M9S0SpolpjazTfbq2wBoBInFNbFyxNp96vg3eqmygx57AcJMYllHQ72glfaC
2020-08-16T02:59:18.723361327Z 625 QH7A0kUTpAgfFjWLrATyGVZyT1qbmL94KxGTOoc6jSu23aGGzVqE3lOXeg1Z
2020-08-16T02:59:18.765502506Z 626 sVelHKvs2JGWhNfuKdIOgIlGK1Hq23DkiO1VEBSMz77sE8TD6V6uFVK4dTc8
2020-08-16T02:59:18.807508083Z 627 UO17pjEl3NZOA74g2CKflqpRF538S5bgdiZRHCKJHTqQMsyAw25XEVS4iEA7
2020-08-16T02:59:18.848899164Z 628 0BIoNx4SOFpGkh530Dmng3nvY7Y3v1vTobFwJ7Hl3pD8WhJfGRMK6pHVNxTR
2020-08-16T02:59:18.890452148Z 629 YCaPw83DyoGuGCI0lwtsusl3spcxoKcWUpYXgi1XOZyYghnBYpIG6f9dWxWx
2020-08-16T02:59:18.931954596Z 630 QstD1HEqhzbVUoW25g4eB71oN4xWI4nG2k29swnT6c8UgOKYCyz8fJZUa2WJ
2020-08-16T02:59:18.974043646Z 631 GUvyKowfZHEHHtZFN56hhm5j3IH8Uf70Jv9u1rr7ocamRj9aUQfJU3tMhmGA
2020-08-16T02:59:19.014690956Z 632 Y3XxAbzgHge6sfopO0dLXPYP88ENR2OUhUZtYTJ09Gox2b9LXEArtYrqSBC1
2020-08-16T02:59:19.056371468Z 633 hshMsLfPdrSzQaCF9JnXMicwt6cd5m8MXEdazUrWNgwr1D9GizvBOVcdavN8
2020-08-16T02:59:19.098431460Z 634 PPzqQzIbmcTSaDJJ7WaXnJXtrqw7zNxM7JJGFV6rBEJGSNrGokCqSUzuIXpC
2020-08-16T02:59:19.139953642Z 635 P5TCpCaAvQJRwxN0xzjmivXktZ53ljvnE28QiYnvZkwIAoZGhET8XAMBBcdM
2020-08-16T02:59:19.181771145Z 636 yLSJtPWRYomuAGqxdCZlrxekHjels0BqqULD8uqwBPqVRwM6UTJCdqfls36C
2020-08-16T02:59:19.222416733Z 637 nl8FyaevDUwWZntZ5J9oqQqH2459fZ4D9Pq8LJZg1OjgXTjaQbCctmoYgQ1g
2020-08-16T02:59:19.264303653Z 638 qhGlowaOF5PsSz4LwViQlgWGpZuTfhh1TzMirWMXY4bNuer5KPPXtiG0iKQu
2020-08-16T02:59:19.305422624Z 639 A47duat0JzgXUMw5BGnXyEd6uVN0fhgqSyenV7zwp2SnfKwaAwstlxXAchjq
2020-08-16T02:59:19.347234771Z 640 3UItkcVIkxrUGYmzI81RNXddUyzI6BYmHmDZ8qMvwvrqi8qKmICRtwCzgbQt
2020-08-16T02:59:19.389232849Z 641 ymbmt5QT3WXJbXQv3BsTtZ8i1qod7SPhu1qw2clOOfsKOKdRFXto0fPuLi3e
2020-08-16T02:59:19.430917658Z 642 4jFSzY5uh1ijY5bz2rfFFFqVjckqtJqvkIBAr19JfDGZNQOClMQNQszCKfz8
2020-08-16T02:59:19.473160223Z 643 5hB1U3JSLVnmVo1eBQNtYfqpSg6M1IHpg5ZVwjZembjMpUBnuSgALWdz6w8d
2020-08-16T02:59:19.515168226Z 644 DFUMLxFHaC16pN291HKjSezO004qksJ7Xo3wHxSinuW8t0p5st2YvhCCzWCz
2020-08-16T02:59:19.557391524Z 645 VSdE0bxQpyQv7pJnlAsJSUluBCfmhSV5MUEXAA7ZQQvhAFo9Gk6M0xAErvO6
2020-08-16T02:59:19.598978510Z 646 2MxzVrrYsUcIYjJXVrXGOaLWKpjsl9z4mTRRom2aMJrGwb7fiHDVr343vkRn
2020-08-16T02:59:19.639702621Z 647 VivPMi5erKobvjRA0nhZIb7GgfxMPwyuGUsthIKKc3wErlONmD2Dj1Wo5uk4
2020-08-16T02:59:19.680452524Z 648 2spwVrvfKJRt9ClggSJKYZyWCwWWBYj8KkzzdicUKZeR8FVDzKWg64uJJ7tZ
2020-08-16T02:59:19.722167972Z 649 BswBUc0FwnObfUHWM0f4SKHQWDf4tYwJlpEMB2huhxoeune7lZ9O8Lb18BIL
2020-08-16T02:59:19.762804474Z 650 3c7BJmUlXMGBissPDPT9t0BRdhbv8bsIffLsDpBrA2JFmuQDc6cQ5M7O7t9L
2020-08-16T02:59:19.803551481Z 651 yaY7s6dUhoMETk18sgfvzkCUF3KJtAgzKcHcCUqnTijUZMz0av8ByAKRArNE
2020-08-16T02:59:19.845452729Z 652 eS1CzlkIEt1FvbMJFdYrfArhaBYpJQRmLWK2hNxapoh6Ld1WOfUDaNEAUGTw
2020-08-16T02:59:19.886821301Z 653 OsnGSkynXJZx0INFVUD4xZkB01VS0IaqomX3ZXqwJjPAjJfdOwTPxDPCzy3o
2020-08-16T02:59:19.927173968Z 654 ZhXanKa40BkXAzrf6TzhsWh8ILvQoaMF8iF1TGDcD9gi2swgAjw2iiO2oxiP
2020-08-16T02:59:19.969138193Z 655 ytuKaqsEA0FnBYSiny5lVoRnxgU1RbB1KVr31qlGVRtpFH5n0bnMJMAvpn7Q
2020-08-16T02:59:20.010802209Z 656 c5DirMCyVtTE6kVcNMpczc4dbzeUpB97DWKAK2GMAVnLz56nKJWplrPnwNiW
2020-08-16T02:59:20.051544303Z 657 Izn7HNUFnhUXILRC6hxwFfHt7B1nQNbsh6lPEjBmSZlbfGkYtd3weXvbPS4A
2020-08-16T02:59:20.093120564Z 658 EwjJTpbQ0JfJ49pI8IRldUmOjogNXIZFzq7kcpws2Wbp6Q7YTc6EYI25c1jw
2020-08-16T02:59:20.134807799Z 659 X4qiRq8B7N0HtZeyKteMK28kOgNO5gGedjRbJ5crLKIdSGpcKZ9kkwcaHxUA
2020-08-16T02:59:20.176257145Z 660 GOU5FC4972RmRG2vRAOTlgtyznPqiYufpH2bjPFTDgms5zhgit1B38vP2Wp6
2020-08-16T02:59:20.218221611Z 661 FoLtJRnCkDJfmL1H40rE2OmqjJZPStkP9S6TlnqwnfnDmEwL2rYxlfRrreQB
2020-08-16T02:59:20.259973966Z 662 WtV9k7wuYVP2TKkJaWf51DgTL0tFJX8pGpifh3RdasFp3aePVdPh7QTAkdGT
2020-08-16T02:59:20.300712719Z 663 67zgRk1faB8eax2NCAiCSXPNPORNhbOe9RrZNwgnekGSdY2uanXbDdLXGNyv
2020-08-16T02:59:20.341786538Z 664 NM19GyJ1iSKps9XOg7KaexxQUo9DsGxyG0ZZDDHLxhD08LZdyoOIHvvqMsko
2020-08-16T02:59:20.382389611Z 665 RPkw9Ayd6FR3u92PJUGBNepOOCK9k0h50t1u4DgnKmfVay0svgEzSclfcvMT
2020-08-16T02:59:20.423479500Z 666 0djR5KL0Z6D7CqnCY4EP3jdNQichNrtFeEdmwepAhwxqyLdtN1L1L30WI73Y
2020-08-16T02:59:20.465172907Z 667 meVJtXjdFywn6QRM7nOJGbwAGIBKhnrd3JCzSlaXxAeVnfKztkiluJTinzhx
2020-08-16T02:59:20.506864451Z 668 Jyqwf4vSTmWMBJYjqwEFudnVz0F77FjeREeyLAERatCJutFXHx32oOvuwnqm
2020-08-16T02:59:20.548407413Z 669 psFb7pHqXsigdmemFTzAWzUItqIa5wMA5jTzvWUUFQ5lsWplA7sYaJCztgEK
2020-08-16T02:59:20.590407522Z 670 KK7vYm4dPpzos3bjHjBWOQacNLPewtegA9rExp4CVCa3bToXj2DF0Pdtk3SO
2020-08-16T02:59:20.632236942Z 671 YwDm8qkvVwbLL7dtVmZrZgdXLjFVY6Spu9WBzOG80LgkCahCHbGMW1c6pOsE
2020-08-16T02:59:20.673095195Z 672 85KWfr8pTRcPnwMdOpdGedBhZEV87tGBKsXCDhV5Bb7QG14rgAiF2fwXb93d
2020-08-16T02:59:20.713925221Z 673 HYd04BFbpuAgtNwYJVLuHXBph85ONrgSmOsBrn1XSqU7iKnvCNKLVsDLf6Yi
2020-08-16T02:59:20.755672814Z 674 0xBXVRrWFYITcFjQUA12QMdHHYnbFLjsitS7qfjaBVhtVjgHpRqv104xQOSP
2020-08-16T02:59:20.797577137Z 675 Wu304amH7kEEovjq9DP5JSUcCb0jPqw2NO72yq5cwwVUnFhU9xIBfTSVCyo5
2020-08-16T02:59:20.839253646Z 676 8n75h2YWOVTcJMJWWrplnmZR4aOhLm8ERrMMJuhv4xedVMhIOoy0Q9HwBfCc
2020-08-16T02:59:20.880523016Z 677 1AgD9TsO4bnPVo4NNj1Xr8Xwjworhw9UQS6PCatheeycjIQjt3YNa0Ja4clR
2020-08-16T02:59:20.922413292Z 678 NNBy70p4otNhMDOZrPOXb9ap0EDYy6vxgR9mvRwhxBj4m97BEzTpyMLJxoQa
2020-08-16T02:59:20.963732065Z 679 lQDn4ttFDH1FifOORb4k84jEOXGhAsY44M5z9oolo4FL1qIuyK0gMbealVHh
2020-08-16T02:59:21.004350013Z 680 mtNjUHQZNhcNYIlENxwIk4bd2JSVFCNNzOXaC2TC01W4tBOgGSIdFnz9q26o
2020-08-16T02:59:21.045585074Z 681 lZbnTtJCYrYC11hcKnhM6FDgC6KAfL0rDQwB6ooAuUPNTU42cTpdeaiFDKK5
2020-08-16T02:59:21.086950039Z 682 abGPkgEHcV2pHFPmpkJEXyxa8vYpSs0myoVlhvmAGNKrIaI11MwpxBiSDryv
2020-08-16T02:59:21.127894672Z 683 FMQ6hkyQaBlNmu1reBQLBlkg0SuPYdYua5yk4Jm5tMQmhOfPDKHivyDDxfyO
2020-08-16T02:59:21.168716132Z 684 rH6RQtyuvOxhpDjOUO55mjhJeeLJv9d8pig2XQXLPbVpitrCFdalcSXf4B8s
2020-08-16T02:59:21.209655977Z 685 TOIzBEOifFAAlDeug6f3TSyxoP5265zkiw0jFkvUnbK1Htgr88Yd89WFRWAY
2020-08-16T02:59:21.250652968Z 686 QzDfmGXjAdAWoOcwtMqRsafc2nwP8N3UZfyn7n79z0baU8vgdSYyMvDFc4tK
2020-08-16T02:59:21.292031983Z 687 EdtqLiwwroxptMa3i2CWfctyYgaNqwtYi4XuLVuI43nfaQstHxPZ08LLQYaD
2020-08-16T02:59:21.333842738Z 688 Cs0SWYXhNFQ3XkKa1aKP9kdnByz1MPahZu0BJrvsEGc9ABdn3rCf0JeA7tm6
2020-08-16T02:59:21.374846517Z 689 uEVwjtV5u46v3regxPstCbp1yQuanFGqz1j77HKScxctPo2J2skSEn8oD9D9
2020-08-16T02:59:21.415878584Z 690 8IAtPlexQgAz6YkuBoEIIoCqI4i5UxyPuqBJaqY8b4hJ9n2T2COGlUTpNL4v
2020-08-16T02:59:21.456461478Z 691 9WGcWwwGK6xKyKtvGjZ1k7vCcFby2VT2DTtBXDq5fJ0OkAowNvv4tU3tiUTY
2020-08-16T02:59:21.498178623Z 692 SiXZd1miZilCm9P6cj1BhCr0GSAssCgoZyPsvcZ4zHoNVQGGNHcLcftsUjSA
2020-08-16T02:59:21.539551730Z 693 C1fAYECxandIo7pm0oC4YkdPxT2y02aJokQ1FTdcRnXg9GEXOHVISAuWoZWP
2020-08-16T02:59:21.581001329Z 694 pI7ssZeEjKqphW22Q35R9URymzUH6tYPw2XS4GqTbGgX1VVUP9ejZ6un9dmA
2020-08-16T02:59:21.621699307Z 695 ztddz3lPwmNy1l72qrYlx4tQW1QVyWK9H8M6W1LxqqderfW7cLAIue9mJ61B
2020-08-16T02:59:21.663231624Z 696 EklM29irzXlcbN97F1AtYZNvaDJVMVnhPAnMt83p6JH59Fos4NZm14wU4gIG
2020-08-16T02:59:21.705198893Z 697 ceLdBpvoG1G2Z71hFCJNLIvHlLbevxW1EC1sTSK8AlwyzwEQPvpArdnrA7go
2020-08-16T02:59:21.747424473Z 698 n1SZjRHULT1tICr7uGZycjcgefvltIYHn21K7Xu0AbXwz4No6OQ8KaaabRXv
2020-08-16T02:59:21.789365190Z 699 0HgZMS0vm60sCeWjIdDyxYmttTQtIsec6is9KHv3ve46qLKG83L6UaDeSaQy
2020-08-16T02:59:21.830574544Z 700 OmGDxNgvSiGVjmFUoHzac4lWtiIOszC4elwQif2NXqbNK7IImIt6xMxYwhIi
2020-08-16T02:59:21.872202224Z 701 vPjGOL3cDAGpPali1MGGBMBUYvA6s7dhGjmxKG2kFoo7kEsjyCc5lVWrX1yP
2020-08-16T02:59:21.913599909Z 702 MCjxw6pDyhh2N4z00eCCvNxOCacRt6pNd3lYB9kJLy3YQX1YR6ncTlr5kfhN
2020-08-16T02:59:21.954495625Z 703 zJ7YxKIZ5UF1J3MFov1RwRWsp3r31mEZxIJAJRqBxkGA0zOsdAz4WiEYstYA
2020-08-16T02:59:21.996099820Z 704 idESNo36p6Iq2PuSqTDPTJFjOcDzj1Q3505BHXgQHU5ANWWYEbuE4Uj1SJgR
2020-08-16T02:59:22.038268676Z 705 P6GQuqfbEuAmChqFqxsXGU3vxaM9mFg89bH0EwYFApZEChlFNfC5IrltzxqF
2020-08-16T02:59:22.080159148Z 706 CerPYsVS8xkNed1TTNLMMdBZvpyBedhRmqG9mRkiD29Ff4rG8fFbC6QhyPoO
2020-08-16T02:59:22.121877224Z 707 9yX0fwfRMPn3ej3OUxs5ZrHyZrWsZAuFsoqSRV1aEv4jKFjhHyPet9QJxMmr
2020-08-16T02:59:22.162364466Z 708 vDNsRW5WooTAFCf17laAVCvqAb1ETXiQou2EhzSYZetk0dcEhsJHvHoZfTNw
2020-08-16T02:59:22.203598944Z 709 dClPDPzfs8UEziB0KZMmN2Fes3LI5DCn2vuapeoCE5hbcNRkXRw5d77VJhcj
2020-08-16T02:59:22.244689091Z 710 SwJei3bugay7F613ar5QDCgXzFm4Ibr8wZGRugDkmlJSlirJRMuBit9f652Q
2020-08-16T02:59:22.285644284Z 711 vV3JlLqamHX9JN8Tm4tAqBW3YolKtJn1Bye9iUJITJDOxbc73kLmW5I5JKO6
2020-08-16T02:59:22.326466342Z 712 cZ6w6Pe9fjLEeuKiV25jLPbZqhwrgNoxh6W5i5Cb2GJBNeOgisENKyA8wpD3
2020-08-16T02:59:22.368462728Z 713 KhqEpCsYfXTbC5X0JIOxe7ktUKJqnOdukqdJAsjlHbxpU8pBdgL4pRoBf7dJ
2020-08-16T02:59:22.409426942Z 714 7eHMfCqCvCt7VW1LgZdRsOPMZOZpXB4T0LcHRKGTYlFy0RQg08xELLSvkUaK
2020-08-16T02:59:22.450472203Z 715 vPuByzjZgHFz5Msd6fTfDt7rFKfz6MoWvlrbZ98yWatEASv1sv2Jrc3hVds2
2020-08-16T02:59:22.491504117Z 716 KcCz0RY25KW3quAcaORgFveZGxp9W2RdKQk2Tt6RkW198YjEYORBN6PvWO62
2020-08-16T02:59:22.533421725Z 717 chJkpL62g1So4BWBFV1bQPPReJlPe1tBkHcRsOQD3QoCOsNI39NAhwDdKpui
2020-08-16T02:59:22.574587359Z 718 MrmE0Ikdcq6ZeBtBPPcXm7KkummWrtx0fr7Lm623HQcCeKquuh1MUlSk2AQF
2020-08-16T02:59:22.616124557Z 719 06j8Xnhj64PwfRFx0O8oqbH7pFZzb75kPyQcTuHnKTu3B7Tm8wMQ615wrK91
2020-08-16T02:59:22.658268596Z 720 6Cb9wysES7cjkYoqxZBr6W0fPmFQwT9OpVo9pXWDDeSiiUQNlB6wWFIPKbxJ
2020-08-16T02:59:22.699670268Z 721 ARxbdmiCic9xHmPaUgY3hw2lvETQ0HSHNGbTVfcOKRRSd67H5QWmXHb07qed
2020-08-16T02:59:22.740836346Z 722 gOngrOhd0k5dhDmPL4rfZd33Ef85zflwyK3RAOsukWla5fPFLemx13ZS58xa
2020-08-16T02:59:22.782471177Z 723 hiEk6Im60h8w3DgMsUlJneP7OmqT0IISonzuGG09zGMG0mQxDhlbdLkJn4TU
2020-08-16T02:59:22.824371780Z 724 AwUAHn5M8c9AdPHwX4devoEeth6vVPyDBWttygNdqdRFLZhsbfsJx02fjeIy
2020-08-16T02:59:22.866163364Z 725 bKF0UDdsWLouhtMUYnr1TFpC6utsbxItzOXQzwtk9M2xfWdvjDLh0ypnxUv4
2020-08-16T02:59:22.907589951Z 726 aEVoAuTmuUIXCOZsGmMGPVf9bYhHoTvxtiYUUPmVMldfwkguHF6ma8QWobgj
2020-08-16T02:59:22.948531946Z 727 TZPM0Dmmn5EbRqSHoruYFeRlMV3y4x10ECgBe6nXVkoNKj86SG0d9dpcV3YM
2020-08-16T02:59:22.990412139Z 728 3ybyfP3CDkD7DqNur77FOwRJWgub5TGrpqQTf38fp87T9dS0wlj8Ofdp2Nln
2020-08-16T02:59:23.031374814Z 729 44CXL47ogzft3FNdeH7cCSZnvyqDHNi53eos426rHgBsBjwJKm7mA3VvMjmP
2020-08-16T02:59:23.073359551Z 730 sprnzgSFlUyvVQrVbtNMb5zWHrwcInvcngJqoqocp3IMgzkZGxnUCDLtaioo
2020-08-16T02:59:23.115400766Z 731 TshfiB1WZN8VauLmviW9L6UE0o8TkICnSagZT7kSeUfmBJzDUxVSLTRI43tv
2020-08-16T02:59:23.157529111Z 732 MdArHg3OSL7guxhGYZxbnTmQBTBYbRSzl39pkeGaU0c3vvZftQImzZlHvyh6
2020-08-16T02:59:23.199586368Z 733 vZCXONoqpn1MOkb6aGpZH2ol2FBgswWLVF3GCsBqK4Ust2kcZ9xyJqa5X55O
2020-08-16T02:59:23.241224887Z 734 WFvnrG7wizLSthM9nNbcKepB68owqLd83jMCjrPJctiyKoJln262GX9gkpgY
2020-08-16T02:59:23.283115230Z 735 ha9QxBMirtHCS7pVccCxYbrvJYtIbg7oNR0LjZg0vpyiJVOZryRR3WpB0BuD
2020-08-16T02:59:23.324461170Z 736 6TlRlexJKCFZNBx0n8NDJvmvHOLPRp9hDSkexWWl4GodD00tX2vqbobyjlrl
2020-08-16T02:59:23.366144330Z 737 Ye2gEJsO4FK9piUNJMym1INeAqhfAZwACcABFt2YP0DkmeWfhN9HwVFiWd9D
2020-08-16T02:59:23.407947161Z 738 yyTqPPVeiNixaxojoIlXyM7vHIYQhr23LrD7VornBLnuFfGFAiYrkpL8d2TF
2020-08-16T02:59:23.448743097Z 739 3332Si20Ny5TayJHecdeuKBo1Nd3FFMjIuqYzltDQhLXYToYVhASsIQiMKaV
2020-08-16T02:59:23.490614751Z 740 wr0BIrDu51AU2XFoTsP8ZUQ9JXFBGTluqoxe5tg3IocolGjcJZkMPJk3fa8r
2020-08-16T02:59:23.531794896Z 741 SuqdyJYiye1iLrBOF2SbKOYDjx4QlKVMeXM9N1aROCR3IT7srh1EM7SiAyFh
2020-08-16T02:59:23.573427992Z 742 CMiay64cUr5j2CNXByaTsIRIigTiXZGHTHuy82A0FmgAgr09z14gPz5Qi41t
2020-08-16T02:59:23.615340443Z 743 Uwm6bk85tYuqESTJvk0Suu6srl6uDNcyWTZmVBbeVpnk9SIjGIuBxiVYttxH
2020-08-16T02:59:23.657276374Z 744 zCiO6LYyDwOHE4E7lEpksUUzIneKMfSzNbqz68NL9vUe08oFxu7wSoWLVZN9
2020-08-16T02:59:23.699226120Z 745 tx1YbhwoxlqhrLGhH88Y5MKzyttfq1giiinxErbr3M48Dd16u9YrUAYeORMW
2020-08-16T02:59:23.741471292Z 746 6lx1tbx0wnW2ZzX0XTTPirlZKPLEmaB465zYRKEJu8SA6jNUxiL5xh0xy0n0
2020-08-16T02:59:23.782907396Z 747 Hrz6CBZtJaiis6PvQMDkgb12fjWoDz6Iz5lIpzCvLkz4oMAoX8EmpPVDBUk5
2020-08-16T02:59:23.823420323Z 748 7QfCqkAlWjCjGhanSDf6nsqmtBQhljw82tdPjK5NxwepuQib29MLxd7vpnER
2020-08-16T02:59:23.864624458Z 749 p0fmZMhef7Ko2cl8UGCH3iNS90LZ1iv3HazOLJ5LRdc6ALJDytTInTbHgc7v
2020-08-16T02:59:23.905594683Z 750 QOXKpWzdcQ9Xis0V5N6IyzGo82bKhRroQ0GpxAkOK88HsMeYIY4K5AVSjY5F
2020-08-16T02:59:23.946645746Z 751 0EEMIOM0hpEkA4r6qHUq7Tum3bD1VlDRbVz6oFL1uKoGQK71YNyJpLZbyqpy
2020-08-16T02:59:23.987799425Z 752 y0Np2wdTH4E2WNI6Bk6R3VTlt7Ketc9E0d2DIgHEYPcA6MHvG4hZLze7ZlKH
2020-08-16T02:59:24.028360899Z 753 W2xGelAhdSWJH17gnELKKJdpgM9sYBihB5KZFdIS2ZD551JBSggwZ43Lum1m
2020-08-16T02:59:24.070267059Z 754 J7MGPbDZ1luqdnwh9WHO5E484UWNyVAweGdj3GsjkaghqoYKXMkCI0mO7mG0
2020-08-16T02:59:24.112239711Z 755 QphcVo7w1LZw12o4AcJkhTSWhLyGoivM5jxJw8IlepC4wKI19s2h7krCMQa1
2020-08-16T02:59:24.154197299Z 756 w3Neq5FSPHNVriftP5Ui5bnXg5KEYPWPYpKr269mfxMykjrCeuuYQBTUGzQI
2020-08-16T02:59:24.195495394Z 757 7x8hTXXzVsSEWW12aeZJ1OSBh4C0oUV5mhzOlLpQovLgxxePeAvzEsi7cQAm
2020-08-16T02:59:24.236421229Z 758 LkyzF7YtzNqdcQvR7wKywzg4bmNLWYIe4uHhHULX4Q4tWCqYE4T7m9RWQmm4
2020-08-16T02:59:24.278425752Z 759 Bjun5Y907MVzOL82WZSlCMdfutGp1hfv2VkbBWkK5NuREI9KjX9InNYj6uac
2020-08-16T02:59:24.320067799Z 760 FWw7QWhQKoH88UUBwwpcXXVFvbIQk6cGp6CqaNnjZ7yEUlC4gUFKmvMssjhD
2020-08-16T02:59:24.361733903Z 761 nfaOWcv5kcfVRJhuQ8mjjYK4OAyl7NUdp8v6ibEdd5AF5Uo4TeSsezF8FTpj
2020-08-16T02:59:24.403445145Z 762 ygZbD2TIXbDDIpEJE1dnzhaRWJaPQEbzObTeV1IsTv32Ou5WHKt3t7vbDOP9
2020-08-16T02:59:24.444736468Z 763 epWGRGGPJs5svL9U6K1pW5EEcnc53RCItRbzQoazbxMv89irJiHYgMmxlpbY
2020-08-16T02:59:24.485488756Z 764 gsSHMPrNYl79EuZuV8LE2on9kkh32jTs1K24IsdcmquU6P4nxh42M1IM5wPe
2020-08-16T02:59:24.526618525Z 765 HGIqIUu4neMn45XEB99OTDZYq8JIrtkF1JS2coMNyAdM3JnXKaIhDVQKNHP1
2020-08-16T02:59:24.567647889Z 766 AlwzeLOXZd8m1nmdXKQK51jdSkpzuaZtFuNzg0CZgG5z8xlLgMUhVrdHRUnO
2020-08-16T02:59:24.609172458Z 767 d38MjeUVM1xZh94Ky9dufecUAtlbvcYcp3dioegxOYwjyB8mx8UB2dWnV7go
2020-08-16T02:59:24.650810614Z 768 ExBfHojYqiAdTicd0WP81xVWGV4ed2D9Mji3akBwgsHrjivbCZk8fGtI60vJ
2020-08-16T02:59:24.692142845Z 769 co7eZHeIC4Wc6piLsXrVojMkAuKf5l91pJGZ4mnHjIFjZPgAroNqx9RNpqGn
2020-08-16T02:59:24.733938560Z 770 65cglvi8lrGMucl8mkTQc5Y7OlUdXOdpYqvJpMVHXwkJZvP0eq3mpUegKbC9
2020-08-16T02:59:24.775022534Z 771 KHotcNGaFkmtc4oV7PcDIGE99nc9TvLpbI8smJ8CakW1KTVFwdw5bHfNAnja
2020-08-16T02:59:24.816030952Z 772 mwCd7tFRe1MowwOT0HNtBBFSmx7UCmWM7wYoKOir5X0KWhe12MoRk89gT8T5
2020-08-16T02:59:24.858345680Z 773 JxmIJ7qRvogXCWkrhjXtlqpAM0p0pAnorV18wPfuLPqFnK9p7SsdoKFINRBb
2020-08-16T02:59:24.900211906Z 774 Xu4gfk3hl0x6FtfOa02M1HujOBqSXLtGTLMQQr85DGMGfnNRU05hE9vLJw0K
2020-08-16T02:59:24.942217145Z 775 R0skX3M6JPsizP08PnUxD35GOE5cyFefKZJSThR7KQFktvnXKdgAa98Fpm3k
2020-08-16T02:59:24.983810792Z 776 hDef33T0xhNMFI6Gd93bmjp9JOPYFAUKlrfbeogVlf7XxGo8PPxoeHocL1TO
2020-08-16T02:59:25.024753849Z 777 P1QtsIs58HTuMdN0tvkdOoBzEDOcCAgKoFax6xAurSXr4RPyKboY1zg01Idu
2020-08-16T02:59:25.065613925Z 778 txVLUxnAS0cX4xAqADBcuBmnvI8WExboYbmokRYOW9lqGsm1pwaksVRGqnsi
2020-08-16T02:59:25.106381528Z 779 MmKlBmFE7FYr22FldEayQlpURvvsCdCtPRRRylcgYX2mgWCeAaWSUHC2JALH
2020-08-16T02:59:25.147884979Z 780 CoVbJ8EHUPaMvh1Qj5JeFCmWSuC5Kpg84TqBvIjEOcvdu5W7y6D5qH0ZSCWU
2020-08-16T02:59:25.189269747Z 781 e87qBSin1JCcoX9MBg0N8ojmUlw2HWqzKma6tDtNZpYTT9voI930BC8EzdjK
2020-08-16T02:59:25.230842706Z 782 n5nATpGbktiWOH7FgiWSVEIiaLAaHBftAS4pqI94JtFUzS3q7TdgLYcD8mlc
2020-08-16T02:59:25.271739460Z 783 HIWNk629cmnoQlvyHk4ySgpQLbpKhN6Uqjw00PTYg8kbgaMmOowL9Aq5MyrV
2020-08-16T02:59:25.312925834Z 784 UFCOEOFeseVZNFSu4r9HOlXO4twa2a58XhQVQfvc6va9yVFUW6zrDJQxEnbL
2020-08-16T02:59:25.354049287Z 785 hBj4lkMNv61EpZ5ogjVjTJ4qggbcUArB3lFaUAd8XrefEPUU8Rdzx3GpcdrQ
2020-08-16T02:59:25.395320621Z 786 qLtEgVXT3SPzNTUBcvwlv6ZUxJ8JPwPtjCyuBbfqKwHXuAzLlGz1Ch6SqJwr
2020-08-16T02:59:25.437527442Z 787 ScutWTtFSvzURoyzvjiyCoxTYZd5eESvzId0b6JyuSTPhsa8XQPwG9ZWMODG
2020-08-16T02:59:25.479242563Z 788 LLtawEdlLFbYd0zAAWI5Q65Iq9ck5GtTnjZBREifBnLE7UOEExcIHh2ODjHV
2020-08-16T02:59:25.520592533Z 789 wqyLBQTa912vZuL6EvqLie3mNdZz82upoZD3PCgwzovWKJoYt1zEuMf0197t
2020-08-16T02:59:25.562347466Z 790 0mO9xLSNYS2WZ5iDBM2ygxPwCYHLq8HdDBduiO4YotukSG3rZ2xAqkGINGO4
2020-08-16T02:59:25.604251981Z 791 RkXyvXEzRx8RwcXGm11KjwAWBVHb236VFJDP8ev6tB0SiGUVubkVXYUY5cvQ
2020-08-16T02:59:25.646653430Z 792 7l4MKM1JlDA8YAELex7ntHiQ5DawLaFrXdSn5ZtoveL18tCLsRXQfFgJ2KKE
2020-08-16T02:59:25.687564697Z 793 YHWbbgqOKwMKkhzRQZHjYuouP73RY6ejYptYwFWlkxBOKOXekmbuEOFAk1Iz
2020-08-16T02:59:25.729256771Z 794 XG0oLYw69rXlNTunWZOW3vCcswCWa03sdVxC5c33ERNirr6yyYauO20GTEQC
2020-08-16T02:59:25.771195496Z 795 JfiWVS9mjh4MyKRA4AoHJAWq93dE8wdWjgCKOgqK2LYf3X8wYX1xp5nl03Dg
2020-08-16T02:59:25.813348024Z 796 1JifHsion2KXnQGHYGvgJC6ygEYz5z3cKunoeOHJ9iLO5C99N052hhA5oDUQ
2020-08-16T02:59:25.855287890Z 797 nWGvUgFx81xtMLRLP80xx49kYY0IeaKGQnHdi1K9hSizVaoKOx95KqLTPNlX
2020-08-16T02:59:25.896795687Z 798 0MGDGeRhwJ2tmuzN54JaQZ50DXsoCdPNFBmFCdKjAoH4jxKqCBo4GD2AyVKw
2020-08-16T02:59:25.938176425Z 799 nTZpa6mVTbd10At72DsJFvpsbO1kcCTqoBtquXD3mkGZZjU5dVGzzuxQlEoV
2020-08-16T02:59:25.980118286Z 800 MpvuXSFnEXMFt1KUES7ooqhnXQKCKFZi51vO3tIjz6zfPaPAAcApbiS6yyNc
2020-08-16T02:59:26.021709917Z 801 TH13idforutZt07jczjyCwRI34KMZnraFQQDSKDhjCCz8KcLvXwvES9rwqSf
2020-08-16T02:59:26.063212447Z 802 ENbHfTdIMifgxeymQw4fsSAEpK1XTnkroItmnXF6Yc9RIG9U7Q8zVfo7qk10
2020-08-16T02:59:26.104616689Z 803 SPAYuyOOUjNeqpqmQl2D5Q7xxPY97VmciCw6RJkz7SKCf31FtI7k2TVWu1O0
2020-08-16T02:59:26.145632434Z 804 txQRcjYlOJua17PsbVAaFa0MYE7UwA5Hd6H6xWaphU1LlBOPeILrLbmrN6Ow
2020-08-16T02:59:26.187030629Z 805 LPD3BIrVzA3PHwRpCvnfrv4HxftsZnsre10wKtRksAd2UfOs0KbklMbMj7AF
2020-08-16T02:59:26.229394559Z 806 eNZk9w2a5OwYxQFjH5Iqrf6oENiP1PGcTjfSbdmQjvpOLLe2vqB2kFkCjj3t
2020-08-16T02:59:26.270637792Z 807 lswabAsL7nQwpC955qVtsIowpZwOgQ3qqPMWbulGbsrJrqfx26dspYDr1mbp
2020-08-16T02:59:26.311921970Z 808 8A0mGmhh2bqJNY8SKVTsANtWyI61cuCnanipkEezEfDDFIvn4w2rk8z5hW17
2020-08-16T02:59:26.352888919Z 809 b7rO5FkU7ifNgDAwBvh9bld1OuyV8bbKPKL3tGT63C1toMjEXiDGPbpTZmxS
2020-08-16T02:59:26.394316466Z 810 c9H3zGLGj5aQpsUD9rD84HRTHavQzgU1WjeoKgizDoJIquE0UCunRBrs6lQM
2020-08-16T02:59:26.435637169Z 811 Wh3LqdSzl0esAXbW3EsS5qEf5xqrkarcYbBh0A2yg65UMWx2szWS33h8mRI0
2020-08-16T02:59:26.476548020Z 812 bWFd9GYTWmxABYYtMAT0m2WbitpPPLfHNxhxs0bqNLlDm7t92s1tfrExyBMO
2020-08-16T02:59:26.518111983Z 813 pWUgeC1RXxFmYnd9Uxlr9HKGLVCMhyR5XV77wZyaNQGhI6r8yPS08mEeCHqJ
2020-08-16T02:59:26.560035589Z 814 e5mSFZOxK3wxFqej1nZhBGIc7eislOb1slSvj8T0Ucv2BFhUlZvAKuTz7Qk7
2020-08-16T02:59:26.600891925Z 815 EffmxUTSPUh2eXLjKT0Akw8bZHNjJjyadoqLfBYRb9xERBseeBfoltUFUttv
2020-08-16T02:59:26.642398920Z 816 CcDX3eEAd87tca5owg9K8VETN3VqHdz4zs4uy6ejyFeB4phdO1BWglR15ZcN
2020-08-16T02:59:26.683596915Z 817 X2ntr0TuOl8TUz5guTPj5Zh0tGLoZ6ok3sWzThQfQRvnKf0Cs4xWmr2XPNQZ
2020-08-16T02:59:26.725317670Z 818 mRG3M6X8tvUg11BaNQkfa1zKzQC35ogkmjFQoN6nQMkbEFJlzWwrhkFrXwUV
2020-08-16T02:59:26.766988206Z 819 OZM0csznlxkg2sRsTZGlkCuZbx4B9vqoocH6tNd4PlVrJf8n1rXIxmPNFU8I
2020-08-16T02:59:26.808095540Z 820 nm6wm39ozzjs0cm0Z8stFzLp1T721AQxpvK6AyqcA3bI1qaocZCPM2Gqfz5Q
2020-08-16T02:59:26.850147676Z 821 frQTU75JvLtRHdpLuMq9Q7jxW1KgHVDesot8LbyapEQoMlPHNaRoTTLCKb1H
2020-08-16T02:59:26.890943516Z 822 UTlCZFHu5OkXZIseTRnGY1aVDy2P3Pw2AHoCNLfRX2uWppYtn47A3qZnZACE
2020-08-16T02:59:26.932128428Z 823 z6XfUcrywSMJJvQUOY6oI8cTWqQuElsIenY83xI0unu6HqYBAEDzJ02D2clW
2020-08-16T02:59:26.973847497Z 824 BoJwqM5kv0h4C5D7mdW5si0EdSL6wAwJ4Va4CtGnoyjtcBzGt1hN6Z5tPGDR
2020-08-16T02:59:27.014802069Z 825 DZve6rh0gbQk36hWhTOJb6kmqLUIJQTT9jEGyvnRgAxNpwKb0pYGebeRphXi
2020-08-16T02:59:27.056188931Z 826 iKBefrMq1Sc9yyLCA3iafGM6RiG0GNAuXKHzCkLsan4mRnThsMZt8iVdjFPP
2020-08-16T02:59:27.097987036Z 827 J3s30AiOJbHY7vkM2gRLqQ2Gs2so9MBhiLTOThPC9N8AYGY9ej0eYwLpjVdL
2020-08-16T02:59:27.139511136Z 828 xoduuH7563JvPevuTFenaZZ04e6PoJv0p9QyZywp8XyNqnOlEinLDj3pTb2y
2020-08-16T02:59:27.180521198Z 829 bEtnuEgEx1um3tpQ96no1aM9rgqjBXjkDKCfr3PpLEGu6cRaO7yRFYthuIyu
2020-08-16T02:59:27.221680605Z 830 QPCLkqjrGR0gUmCjXVJs6z3aUmXWz85O2X3y3hvTb6W65k7xQeSebUzAhxex
2020-08-16T02:59:27.263001086Z 831 R9LGlIeLFdnkhquGNoAN8YUvMJ2ji66Uyc0gbF3RA5zbxJzcEOxCJe19T8XR
2020-08-16T02:59:27.304161963Z 832 B3FJbrPtdwPu0dPAu4FBdwCku9JjpCddhjToExjrTbBwh3CHaW6aMnA9KpgZ
2020-08-16T02:59:27.345848935Z 833 9VcfRzJ0gcg312y8GcKTZcomPERgMmwYjjZBTyMVa3h19HajNpK33K868gia
2020-08-16T02:59:27.386845742Z 834 tRbPt2ghHdGyWKtE8PJPhleZoJZUwrZGj3P4MpxVKdnn6o4QcZUBUjABR53u
2020-08-16T02:59:27.428269828Z 835 dLMUSSjsdNEnuCOMpjQGCJ5mMZtvQzfCykLPSpdZ7bl29qT06QC8KLTUjC0O
2020-08-16T02:59:27.470210795Z 836 uEwnNM0DkMB6sk80DfzDBCy0FGyNjdyaEy1v7RfHMzsLekqDXqYFfMBPF0SC
2020-08-16T02:59:27.511351676Z 837 lpkDPGbxgM4OWe7m7lbNVybPgXPuGZFMYLa3JhmxDApfMfAozQB5hF3pLQXm
2020-08-16T02:59:27.552879423Z 838 YGA6q7KHoXIO3CwLEAr7iRkm8UKnRjvHSr4Zn0ySvad54NrzgrBxGhLSCIp1
2020-08-16T02:59:27.593813287Z 839 JkWgglzdIZZZpBjBdoEShGwWDL1ofs9kLHyFsRWi53FS95dfwU2q16Y3r8r0
2020-08-16T02:59:27.634754261Z 840 20TJnbBlcjKxOllz7nS316a9k7m2et9TWrk1eAWxgTnXUWmBJFhZnGyYCSRf
2020-08-16T02:59:27.676234709Z 841 LzTHVXqV0fXwSC7bXUiYmrbXXGuPMPXh7TAQKEvSpr7MBt6Rzn8om45xvA6L
2020-08-16T02:59:27.718192719Z 842 InTJKIXhvDbHdY5fRY8AYSRezXsDis6tEqFlgOlRMmjduxrw1AHj2bhPYfuO
2020-08-16T02:59:27.759695896Z 843 GYq34gjtv9yfKSouSYHt3OOHhKo0MBfS3XrUYOm4fKMqUMdZBQkgscvCfqsL
2020-08-16T02:59:27.800398180Z 844 S6yEjzaexaKpFXzlG0BxhCsZNMykpCxAHDZ2j8mJXqgOIhwdqFIC7nsj0wzr
2020-08-16T02:59:27.842438559Z 845 OTV0nPU9yjFgJ8rguR6uqr4APuUdk5okyEW5ti0Rbde0fJh6SPDm0txOsYsb
2020-08-16T02:59:27.884470713Z 846 OMNJuGSxSCBqh8vvH9HldTquxQUKMH9XEdj9pqnp2pNxc8QXxnNXO36Opxqm
2020-08-16T02:59:27.925746896Z 847 YP4nuQBgFyzy9ztidCATjXtD4W16x2j7VGl3paQKjbolBv9w1L5mu5IzRVkD
2020-08-16T02:59:27.967317618Z 848 taG8PJ6hT97nPMDi4wvaHRLUd6ZornBWcpKLjGk1m9yG7VBNkqDRprKJfhxH
2020-08-16T02:59:28.009229032Z 849 sytSSHgvoIysBAX3jiLI9gB3NbWF38OaBGMgv9WRpemkQAswgcYxp8j3BR3G
2020-08-16T02:59:28.051183391Z 850 wZA4lCAryDsOtCki2B078hy0hBGMbPH9g9ZtPxV7PoHFv0U676Bs16q2uQrl
2020-08-16T02:59:28.092898032Z 851 8bVTH13WMoECnfZpPga2NdVlmSuy7haMfScDUafaIUWkS9VIeKYeUDlDP9Fs
2020-08-16T02:59:28.133791037Z 852 KV2KV97PCsKJm2RKH1onLltJHnJnyMcrKfhUhHOxE38kpVdyK6BzfE0nd55v
2020-08-16T02:59:28.174586524Z 853 abIswHJ8HaZLDRmyVQ8bqPqix8FjepARisgmiDi8NCjEv9lKDXpGnSWY6N6Q
2020-08-16T02:59:28.216061657Z 854 Iofg2LY5b6jw8jg5kdfcOhQD6b3vXKGfCSEhCBC6C8r7ttOMNXSFo9xwFjo0
2020-08-16T02:59:28.257282437Z 855 0DojltvIxm2HmswhMP2WAuMoOZe2vK958Mg60M0SAdLuWVr6eT7IM9OgqZ6S
2020-08-16T02:59:28.299166186Z 856 88QbfKNDTp6knazGTsJ7C4RlKxz7527EHhdcUA4Xh0TGFZDqCxaN1Xkt9WFB
2020-08-16T02:59:28.341242044Z 857 tRcHxclD6kqtzYil02cv4mceGMFbBKu3g746LrFREsXtBH7GvDPTGt24bezu
2020-08-16T02:59:28.382549507Z 858 tSltPOKPSS4SrKQKmgZBmljVjq71lEGpMns74nzMI2CHFBwoJk5qE1QtrddD
2020-08-16T02:59:28.423596992Z 859 2K2htkfIAJlaW1wnLJiLnI9tew5QdERc4sxMs6VaV729cLk6LwvnuoCkkPIP
2020-08-16T02:59:28.465145074Z 860 z3lApORVA8AHZk6iwrgLAQcdcdnE7BntgJRz7tmLQ2Vjgl0ko3uptx5JqSLg
2020-08-16T02:59:28.506893819Z 861 vJq6VVRTTalBaOsHMGe5XZZtZgYrLQYYWjmcjFLS7IgZf0SmuhSVI4Cixy1X
2020-08-16T02:59:28.547640486Z 862 F71VzbAnfXJXNXkLFPUtNDhMCQ90O76ao0mxNjdhoXY7kIfqUnjCOjrEpMWh
2020-08-16T02:59:28.588693495Z 863 2lxTWU1HjbI1qCCxlvb20SPvJBt0jf8dSlD1Z9HDw33TntvZyNdfMtLRnWog
2020-08-16T02:59:28.630158136Z 864 Aqn3Qj67yfvkW9UJcPXLsB8WXF5xQcXHLQDew69pMR2Tl6dlbEWk8CcHy1Pd
2020-08-16T02:59:28.671716891Z 865 7NvVnsZweSrAv33Y1O5qvjOSSM7XNYcI1CHkqCm5MbBzbmEUK2cQIKg5pAxz
2020-08-16T02:59:28.712772244Z 866 OBdf8mcP1cfaNQ6nPBiiJESmEklnuXVesLGtsh2JfJFWMvZlXnfDBWsfouea
2020-08-16T02:59:28.753313187Z 867 9rOIJVFt9zDEsISEeu3iMYZIkeAiqwaSzSLhY6ncR716Pwsu8Y8HAmToE9F9
2020-08-16T02:59:28.795013784Z 868 iymxsLB5GuhMvwocqksWAVQZXtRR9SVkHctIgUso3ONMcXr1OOPm44TbLyb5
2020-08-16T02:59:28.835346094Z 869 eeFNmoKtfYLXrowlIlMZoTI8yZP5AzRgnmm9LhBT8taBtVLMS9tJfAm6o3Xu
2020-08-16T02:59:28.877589104Z 870 NfEYQBze6SLeXrh87RS1jAuUAY3Wlau0OCNgjmPidvj5wcMXilX9D3xT0St5
2020-08-16T02:59:28.919050854Z 871 C7aUzyvWuPn4ohYb3QR6alyGGp9pgydyQBocp9DEboSCbRBpIVdgkzVuUK8K
2020-08-16T02:59:28.959774005Z 872 xe6uq4relUj9qoJJvFz4wO63N8rzWhgR8XpdXPfOPi3erIilOmGcJ2zP9GuY
2020-08-16T02:59:29.001219255Z 873 SLb2qHefmKnGTDooyhuvV6WwlSR2HHCFtqdk51uUS9ajxt4lbLCjXLBJ54zk
2020-08-16T02:59:29.042906277Z 874 K9644uQ1bPZe26PLkwkvOrJfz4q26FBUFGXyqPujz84aRJOXPRuvcHiMa9m5
2020-08-16T02:59:29.084140469Z 875 RR0iv5Uul0A6EKJoPRjhluHat1h222hVTUEEtsNgg1tHA1sQLpNqEYmnoDyC
2020-08-16T02:59:29.125611163Z 876 dZ6hzxiz7TKptnoOV4RgDonn7vXrNTrQSOh6Rv4kiS29yf1hYqazM9qjxikO
2020-08-16T02:59:29.166663292Z 877 ZbrGbbgnghh5C6yLXxplmvFgY9hBC2IFkd9SvE2LGMkehgW9Tz9MIY0CMTFD
2020-08-16T02:59:29.207569246Z 878 WVjUM24XM08o3GZ2MFpDDbii2mmnFx9eaCyYlmxYf2XOTlbt9kEkKTkYX7HD
2020-08-16T02:59:29.249118053Z 879 YyIgQjZeC9IBOTAdXOv2Zlpjd7ORUGBneVPYDYCoqur0N9PEs2Zb2EVuQHBC
2020-08-16T02:59:29.290271469Z 880 iEhndBXH2CLV1Sd3RAIEXpZ48Sk3Ydw28x6HEHcKhMKPG9v3JvP3KR2dV0RD
2020-08-16T02:59:29.332362513Z 881 rV4OY7wimiH6dGMssLkXXF4jYCh5BPpgzQ0RXxoNhEkF5JJwxoAz9XA66xji
2020-08-16T02:59:29.374379666Z 882 lWMjwi6vd3VheinVC7z4XVlUAzKqqtpCveO4k6gv5NUXrWdbH49a566JTITx
2020-08-16T02:59:29.416348168Z 883 C9FHHA7bFYL4LVSYw1DhRjqQvEuatB4hg7OR5xWipJDwUbZiKr0MFBYgrwNq
2020-08-16T02:59:29.457657970Z 884 3xRrbUI6qCvAN23eKIsd7HtGo7uy1JZ8P8I56ag4RJkd3DZMqBveuUoRL7j6
2020-08-16T02:59:29.498788858Z 885 qQTpW6Jh8kM3cwD1shQi3Zq8J2rrR60b8rT4jnYRYFlifCbpHeLY86Ji50Gj
2020-08-16T02:59:29.539192626Z 886 oRdUDpOmkAUViEJbzcPuEYpeX7Fj9hEtVaUZwGm3QWdxiZrKd3L8RL63AKAA
2020-08-16T02:59:29.580778825Z 887 osRRdX4LrOh5nd0ADRlQV9oOf5KTdmks4q3RE6ywZV3EQ9w3WarIi3D50PBF
2020-08-16T02:59:29.621507292Z 888 wAPLXWcjwIbKu5u9JL7ZKkXxdaMhA0prYQQNUiJ2QV3SgTRUpc6KTiQIuriS
2020-08-16T02:59:29.663233278Z 889 vwKIQykTjmFs47xYx2MfhD1dAFovFqCtZOBn1ryS18Mowh0uA1NmxvoBCj2B
2020-08-16T02:59:29.704538272Z 890 0jOx7O7AhEG496lJdj0uSPe9A4mLzpn5qJ1otDwi1msU6o5rOTIiXOFZg90l
2020-08-16T02:59:29.745338432Z 891 A46jV4ZLz42Am6qvYWSueN8kYqdT2Dnb7JNgR4rDjAObHibv61ZEc6BQ0bN4
2020-08-16T02:59:29.786430933Z 892 ksUqqPCa6JZRyy2VVn1wGrAPIYznlXHmFlXHwL0ppwnoeN99i0vFcVuwRwLE
2020-08-16T02:59:29.828023141Z 893 S2h3dz6UL0gedzX3tUOzSe6HQLeWH02COJg6qCqqzOeyrfYoMcQi7QBXbsW9
2020-08-16T02:59:29.869960132Z 894 JKGvFKnRdC3IzfznNnM38Gk1LmLIFl7ddkx5YiVGfuGiOx5q8RfgWZStIUIF
2020-08-16T02:59:29.910716662Z 895 rACG8KYuKwT6w8MymiO3TwErN8aniFAJMijSOlWYLH590wTTR84m56ZA29oW
2020-08-16T02:59:29.951508880Z 896 ksLwcvNVR3PexBN8gjRKIi27JpkJWg9U45PtCJRWiF9qcAZZQaJ4VRwJF2sm
2020-08-16T02:59:29.992356827Z 897 e7qih6AKs6rQTrZkyP6ypXW81dFRg7j69oNopuxfrBsoUg6luftww3M7FyK4
2020-08-16T02:59:30.034295431Z 898 fcXAzkAVVIRybgazjRGKgz0ncOlYTMkcUyiJ8KLbilPN38bU9m89GlzaBnvD
2020-08-16T02:59:30.076205538Z 899 omiAwjVx4ZZVe3Idgj9wJDcvGLt3pRl8aXTMfVn7qGjLQspx6Me84eKft9h9
2020-08-16T02:59:30.117507424Z 900 M3ZdtoreWEZqCRvlAyJO37qCiX1X7gUKZM1dxi9MoPNOJ5ykuS3ovb5Sd2wN
2020-08-16T02:59:30.158422401Z 901 BKnFi1GMzEjJYbZugRGFMv1EQSYT0X7RVNyJ9MVYFsTUgBEKMXE5jzpSs2yd
2020-08-16T02:59:30.200212177Z 902 j9ONbmr2UqSn1PAlDrKH7eCI1xb35FB6dL77iHB8io1wPonPCh2L36xjbqCJ
2020-08-16T02:59:30.241713440Z 903 Cz3oRYubfadHz9hw2msImDl6oHLAvO4t09JEAGWrxfpYJSUJ7cd1bLnHjxZ4
2020-08-16T02:59:30.283217982Z 904 rkDCSaoDpvZtu8SfQjFjCHdUrVvLtNwu1xRcfR0aifmKPWKCw82kHgle68Oi
2020-08-16T02:59:30.324866694Z 905 LeSrSNiapNaWXfacgzobXJgVMLCIXJpDOGwNYCI3EFxKI2cuoEZa50t0tRhL
2020-08-16T02:59:30.366121407Z 906 t6X98yfCYW8DY1qabTq2pbAhPBJmU5NxWdBfBOkmAO5Ju5ulkWbmAZTwmoYG
2020-08-16T02:59:30.408219033Z 907 QnfijdLRnSMl6Iymm6b69YOjp67jPQAXB61ij03am6NCZsMwWBDCzqLKchAz
2020-08-16T02:59:30.449867470Z 908 j9fx4cWhfpotPPgs45DRPORRmL5PmNTF3bvD2t1umhSE3OSjRcfNl3oag2PT
2020-08-16T02:59:30.490680797Z 909 UHDFbmrMMyGi5bY0yZs9SHk7lJVh5gwrggOKOJSbgvfmZKwolxKwipk5JZxM
2020-08-16T02:59:30.531286450Z 910 wDQROLq83Q73MWMZLLlFlkIcDSbKU8zpVE677s0iUezuWA1pQYgQByBMm2ki
2020-08-16T02:59:30.573112166Z 911 4S9XqwDte3NjMFygz0ZeKGcLGRmIF06zq77bVQ63G9hGIhcZDeMdxEeH7GrC
2020-08-16T02:59:30.614401413Z 912 Sd0Xgr4EGfA6wr3xPLW2MTYa58Zw0MVkCtFVDJK76FIus34h4eSLNX9hgyWz
2020-08-16T02:59:30.658923377Z 913 hXd8bzBMROUrmB1qoEThUmlF99b3VRQlXDv0vGT1haZGwxy0EcXxncdg7yzi
2020-08-16T02:59:30.697168074Z 914 IokkCjte4gOIoa4oEett2UzNr8SsrvM9TMKZygaibdH2JZV5ErRWfIrIdfJY
2020-08-16T02:59:30.738545681Z 915 bL4bmAJrcB8j471hLNk1IxzTf7CSnDeCXzLdCuE9pz3JZXjDen0RYRFjxrOR
2020-08-16T02:59:30.779520881Z 916 bGQCy0ss507BHHU8HFnEglZo11g42qeW7Ec5gqzftGde9A7lzZ469Xo5DrEW
2020-08-16T02:59:30.821072422Z 917 QIf090NnjjFebOZf0bDYX3AeUEfF0JCOrCKmPlTDuESnVsYekMI5ZD5ugNHw
2020-08-16T02:59:30.863502721Z 918 VYOPobtTWyRt1AOL5HpZGOivNClkdU1wHINgHYvLe34qglo15UUcDFpYc7ED
2020-08-16T02:59:30.905319871Z 919 NKEu4Q0XMPmuIdSAswmlOIHZzkx2Qn3BMolDfS3P6xKYjqLKelh2yo8dM1lt
2020-08-16T02:59:30.946700979Z 920 wgtQJeGygmZT0TRPtokQIyKMzrSlrKMXLSgI2ST7U0IKU9dmGxhtsgSW2G51
2020-08-16T02:59:30.987510005Z 921 q41GPZlp0Bo5vzP1Lscd8NFJBmolqxA7demH0dVwbzSeUwDeX3RkDh1YXgEp
2020-08-16T02:59:31.029031415Z 922 CeiCEoxQW4jUJzA1mh4jgYNOhTKYXRWIB6nytBEw4SZ8Cdy2XLdXsqJgPHKg
2020-08-16T02:59:31.070975199Z 923 A1OaahnKD8ClDcfhQ0DVOH0Xe4TOgPGfPm0oaUWCpwSvsrhcslPNdsZRNDjU
2020-08-16T02:59:31.111946325Z 924 VdIGjdYv7S7b1uBcdG5a58bPiMc13bIFJpwgtWrDd4QQ4DgPawsSmPYhBh91
2020-08-16T02:59:31.152512858Z 925 wn1KLJUI8IohrOvmj1Xs12KGedr5rHLhzgcXNgozXPmOz7rEEqZyja97AcjV
2020-08-16T02:59:31.194149041Z 926 RT1dPHvZm19tYvCHkPmb8aPreU5X6AbSUOtTYJhQlFkFaLzFGMbSbqsbXuhc
2020-08-16T02:59:31.235493644Z 927 SAtnz9HBVPuhsbvoAncmhGROYdyj4bhIMFpy4n7u9teRJTtgp8eAWHhtOCfW
2020-08-16T02:59:31.276278027Z 928 4cTiXES2sCcAXu3DxyotkwCdfwHYpIPTULRUbaErMP5PErMXYRvI6Zcmymir
2020-08-16T02:59:31.317722524Z 929 GklKvAGwesqCI9y6DiRhziIl5Hm4KIikYH6v6UdZtHvAaQ7t9WAgu4jURWyX
2020-08-16T02:59:31.358797154Z 930 tFYGmg3ULwlEr0c3uEL075gF777A68JM8nd7Eeq1rVyIRjEX3IRIJXGX11NC
2020-08-16T02:59:31.400230973Z 931 6NY9zVZgOlRWlOQHxxUkvL5tOaBKs83nlu0q5tkobSBB9uIWYNuOoj4FW7Fp
2020-08-16T02:59:31.441468589Z 932 hUCtSrNJT1SAUS07ARGz5JJjxcPRAe87OpNgFOFhY37amN6ltgVVkknDYxTm
2020-08-16T02:59:31.483052501Z 933 2ca5ejYJ6B2V5wAiBhGnHRDTdFpC9cKxZqrluZ3HemoVSYlDmjp63bnBmGHN
2020-08-16T02:59:31.523769968Z 934 b8fDe0FzMsDn6gE41iISzurEencporPtE7qUOWpfe7gasYzCrPp8AZi5Sqjj
2020-08-16T02:59:31.564796053Z 935 L9uCZix6RtNqvt8xNqehuA8iF9fn8bkIxlZ7SU331KOgp5AkusViFiAyZ58X
2020-08-16T02:59:31.606023966Z 936 vmCoQxaUq5Y5imQpmIoJFOj6V9TziAG1SddhFL8hwD28SRquyUK2iGyTA62J
2020-08-16T02:59:31.646190210Z 937 ZzFLjeYnjAXZ2FiknDfTX6QzWqF1DMEfwAtP28is19PX8NzVrJPT7CqVW2jd
2020-08-16T02:59:31.688336357Z 938 kyg2rr92FZk3CyXkoEINUXymq1u5Fvvolzaa1CwOPL1QZeDhAA2SiH90gSuh
2020-08-16T02:59:31.729659954Z 939 z8cWvMFjgKynvF0ywXhusmVA3ErNHGYjBDiBKrLCHXlkA5h1QbDQoQUiYhpX
2020-08-16T02:59:31.771129832Z 940 JaTnMCDfILrLxTWvrTagwTA7PjEHbdrQWhRz3eFnd2qbukMUGByl2l7HWsAN
2020-08-16T02:59:31.812819208Z 941 zPwVLj0O1lTpHuWzinTybwMrsQ4zD9DIUuQSTzm5fS0JNrYXpyRqfDIeeAn8
2020-08-16T02:59:31.853769291Z 942 LGLHzyWMYEhgV7C0oAzgGPx2cAc2tTZBhbFsk8tgUms8bN29SmZqfoLFc3of
2020-08-16T02:59:31.895319614Z 943 nA6tqRewLWCQKBvNOo4kjVoimW3QaOavUxP9ZExCQoCeQbAaq061qBTok3zj
2020-08-16T02:59:31.937187916Z 944 1gsv9kqQupTn7aKOYdPh2vPs8Mg0dipC5jVUjEi86TkQa3FMldKnPAYxq7xG
2020-08-16T02:59:31.978899418Z 945 TLkyWHquFnKyDkfvC9VrR9vLwrpb7BHgPzgA1hEz2nAXiCBi645mJ3ddyn9W
2020-08-16T02:59:32.020248815Z 946 JklkD2G4GFNdc7MUBzXjCmEbUg7ud1uFaUhuZeYiffjecIlRVX4bon01PTWV
2020-08-16T02:59:32.062276561Z 947 tyqph2E89fZwG9ngJzScB3pMmHkuc9NUy0XS2EVOS2lMYtNAunTSKlPNGSo3
2020-08-16T02:59:32.104328775Z 948 KZWYiQNmOwl0NXLqvrWfX4EjwAyeMdimHZyj49O3eY0xVKUNy3VnJZMNjTzj
2020-08-16T02:59:32.145837542Z 949 3cAUADLYWFOtYY5ztDF5yZ6mWNtrUlsJZxyMKo6WCKeCeiEStAvRmVgd13oz
2020-08-16T02:59:32.186746875Z 950 dZPOcvQbw653G1UHcRvaapJKt9YqDQX18EIRT1hhVUIAyj4fL80S2L9SXGA9
2020-08-16T02:59:32.227414239Z 951 qoaM8GuD5kUsVRBZJZLwLJ1vtd1kJCH0IBJWlEoRG6QuFHpivZhbzQ8NAOsw
2020-08-16T02:59:32.268366937Z 952 NGfBOLvlxYE9kOANN7YgBETsqWKdIc4VeAa0C90U5kR1cVZcdSkuVxSu5kbA
2020-08-16T02:59:32.309669900Z 953 KIRF4cFlm8O2mLOQoPjW1MKoMjRgJT5PpL7F181d4Jd5n0pv3Zn721mpuorv
2020-08-16T02:59:32.350602620Z 954 JTbyfGhHCLjoso7u18WI37ibrOrawSUkaQIwbd4Ebkf6ucKCllmdRTr2shtG
2020-08-16T02:59:32.392258443Z 955 zt2EKZL8hxejkdGg8baPWvxozQX6gmCrJwUy7OacIHm2mmytNXk4I31OElba
2020-08-16T02:59:32.434252627Z 956 YCUlXeHy6Tx3gr1zj1WK9jow2TgUTZ3XnEU0o6hnslYbbFzmBhrt2tdFtgrR
2020-08-16T02:59:32.476464907Z 957 hI8a7wu1eBYtIlbJweMzYHjccuXRcBp1kjLBbXVUYslxHYJyOUc8JsadV5oO
2020-08-16T02:59:32.518337627Z 958 h3bZ02hUCOu0pPvCaF5dy2ni3BA45XzNqKX55JsbumYibygsgs6F6y4RWauX
2020-08-16T02:59:32.559916518Z 959 UPkip1EC3CVOiFUQpDXiO82DaVgo7UDxSzfORHAamQ13ZTpiQFOe4S9yp40z
2020-08-16T02:59:32.600819101Z 960 vef3b3TI9qYELHL9HfIiQYzZXwZ0eIZb5IKYxnqtkoBxLA3xRoYgH4u5HqBc
2020-08-16T02:59:32.641930044Z 961 FLqIaKCZucJKrk7L4Job8g76Fv2JBu48svBCzq3SVO5YbQenPbPGu5bi95WU
2020-08-16T02:59:32.684375990Z 962 AqMT6XovKIRASWzCzfsQnIMJRP5DS9J43CKnqO2akAsspJoYL69w6ZIWo5mN
2020-08-16T02:59:32.726160982Z 963 oJAd6AH6P7EG4MlS8jfjShsbb4IfhQtyaerSQI9BnOqtPu5qQ5aZnnjNbdZ3
2020-08-16T02:59:32.767980448Z 964 hlYPqGp1Upr6GJVAKFO7LaGBWFfyScn0LW7euaBAXZRc5qBmTrr2Qo7MwDbE
2020-08-16T02:59:32.809030095Z 965 UxNjsd6wXlX1d9Zwa0DulWdwgIFfJheZb3cgZDVTa6KwQE4fSAVCo0X1Ke89
2020-08-16T02:59:32.849685097Z 966 byxpIBlib8ZU8SfQL9mLLk6KuqZiQnYw7UYMQXKS2tMBPKlPSeuzmWRAA2Z3
2020-08-16T02:59:32.890545735Z 967 1Fs5LVestvMbSqhGfeUS5td0EGDOdLCBl9kI1pkJm38Oiw2oaHUopU2sv9MR
2020-08-16T02:59:32.931537454Z 968 B6QW7gqsDqSHj4CVR5ooRsfKpxH0smLgQCRhxx8TXp6gdM08JGI1TJZmOd8x
2020-08-16T02:59:32.973099706Z 969 jtmhw1ZMz3X8ZoBy1ZtGSKcWU0poGQUSLHWDnyooFbOZi4mQTyokGTgR75l0
2020-08-16T02:59:33.014185604Z 970 ZfKut7F4ZPJttIa99cHKGDUj8UhiHvPnzNRxGuxvczCJp1JwRWNoz0PCW49Q
2020-08-16T02:59:33.056056941Z 971 bun8tkR6EXd2cY4lT2uQNzJDl0upPaNMWmvICJcaN0LX9tXg0R3aLHoDVYHU
2020-08-16T02:59:33.097458253Z 972 hljLBNLijnqqsoSkuAobqOrhV8cdHOxEjDJJIzvWv8G9kpQsJZ8xh2IoCwkl
2020-08-16T02:59:33.139093326Z 973 qOvXvI0rUjz9p1PRGW3CFOv2U3cE9EtTNp6ROXVH3WKXrJEMrQLQzZJJmSnN
2020-08-16T02:59:33.181073257Z 974 Q5nRBgPRMnzm0u5ENDzSwyDmxgVUHVJX2wcVAZ1RF5yztjvQ3KoNpqNqmkKt
2020-08-16T02:59:33.223076971Z 975 0oRhwV1dP0m1ids6ZORUI6U6HdXtRH3i9aIDRxQeSKzvEDYnU25m7iovPW1Y
2020-08-16T02:59:33.265549020Z 976 Sb2aRtIoSYwAy1p5K2r0g05y8Nj7wY8iYc5KWjpuNzfxxSw7IqhDQxByt4Ml
2020-08-16T02:59:33.307354919Z 977 wEdtjeA65QniXhnm4EAuRKqRqGaz7gS5skQPLg5mOlae8gZ2xolTdoAvMnd2
2020-08-16T02:59:33.348738313Z 978 k5Nz9PJQVfsnmkvA4NRBq9SqakFfAJO9YOpLGVYVNO8jsXAwOsjcZUWuKAc2
2020-08-16T02:59:33.390566048Z 979 7yGIZh0aPSYi2rWXYZ2HZnRG0Qh1mkpog3wefwOWz7CgZsvJTRBXlVwIaXjZ
2020-08-16T02:59:33.431668542Z 980 ecAevmzsIBcdKDCLO2qyQKGTHg8ZWYeYt7vjKmpvIL44MDKBmjR6yaLxMBrJ
2020-08-16T02:59:33.472555136Z 981 ATWg7F5Z4xPhsJaoiIFXovYdqzfFFTchyf8XazhdL60c0czKhcCgh7WsPhQA
2020-08-16T02:59:33.513771024Z 982 BM9DrvEZqBzcDImOLADVrsu5s9ZwkNrYVpHmplhqZpJhqWZhp1SxPhLrjAVZ
2020-08-16T02:59:33.554536867Z 983 SjYiD4RF6teVUXnNvF0XYb8JE1lBqpUr0xSitegnANZkYsPpkF3Z3HaaXEqH
2020-08-16T02:59:33.595972048Z 984 BhHuF6N4v9dPMMNa8Ngj50QY9AJWwygjdFPe23NaGP8OUv6EwMAMhRwxGQdO
2020-08-16T02:59:33.636459179Z 985 2rF1JHUPC9J95gOT4K4cD650tW4UN5veMahQ1CF0u7POCkAr4WQmvHMcaeqw
2020-08-16T02:59:33.677449143Z 986 irZ9qJPyQM03LXz1G9AtuypGBZQ5JCt1Z9aQ07ISlSLRzlU028Uw8Txc34GT
2020-08-16T02:59:33.718377896Z 987 WcOW2yk3IT82LSHaSmbSF2A73XaQdwATOFrL8tZ7z6ovVKrsx8pmi0nAoChF
2020-08-16T02:59:33.760115549Z 988 5SBb3b70A1KYskGKt7YCnvtZWTX7Cdf1q56szieVepEGxlEzMxGhydPvSEFh
2020-08-16T02:59:33.801793987Z 989 rM8k5SA9SQL60QS2mP7AEIgmIgNnuxQgzAsSimtJc621dyuT1vof1mQwrZtC
2020-08-16T02:59:33.843101164Z 990 Ip7giChs2XU5m0MA3e0qRgD7RXdlOu3ix1dYPJYMUEDsd0EsHHSiiyoSBYOn
2020-08-16T02:59:33.883753978Z 991 r2oxphqq4SQnaiOoXeCzAGP05Mv9RSrqz3PTPFICmqanJXP2tCOgfHnFtLEJ
2020-08-16T02:59:33.925129041Z 992 8as4LSH3MjA2kSYiBc25ouKL039tW1usnC2Cg4xAYn81GvYSn1Z2BsBdvpNQ
2020-08-16T02:59:33.967067950Z 993 fWdYTCaHkaeVsaoHNbIZUpQUzMdA9MWhdXlgpTcIJGrsXpnly3zKRlIgqYNZ
2020-08-16T02:59:34.008336183Z 994 QP38lDwdgxK8utIxG16oIQBvqqbIuxw73sYEqDkXYt56rqbId3UfP182dWmw
2020-08-16T02:59:34.049983981Z 995 H6NAWaY2RfAreN0ifxTdeYG2R8nNvjULbA5kXH4KV0PgyxovJaREr8DiCOcK
2020-08-16T02:59:34.090621746Z 996 39pkoWKAGEa8BQyKZcEUyNEz11DBupuvqw1xH6HqOAOBb3gmQ9iyodSXcgpo
2020-08-16T02:59:34.131688281Z 997 9RlVct3jzcWYkKnEM2NGTIyfM1hVx03aPw6fMXmTspwMBxb6RZGRWLLujC3Q
2020-08-16T02:59:34.173506146Z 998 74q96k6enQwunpIscKuj7vZma6ePXePI5E96AQcKIiMvDfJAMktcmyxGtK5o
2020-08-16T02:59:34.214316757Z 999 Gpntahcv8MiD8JBXpBnz3I50hALlrKIaNExdNC2c8Ufw3xNY2XR4EubXomju
