2020-08-16T05:56:40.362270126Z 0 F6YULsUNL6yX8NlPGu3JivI8KrhlDpWb9UsOGVgCvPLaiDodvapM1tw6wzoROs
2020-08-16T05:56:40.372647393Z 1 AWTQ3AIgrs7dgADGQvS0L7Koj7Luk3SqpXMCqTFOSlY7gwZ90y6vtTYwh8iBi2
2020-08-16T05:56:40.383894922Z 2 YCbPzUxN1A0W0lBkcbo4Wl9vWWCVES1Ts2uVQqevw7EB10cLOvXn5Lj1H2o4ts
2020-08-16T05:56:40.395030195Z 3 FYTZNkunbnKUcBExILWsOXbhxR7WI6CgUPYuIqNiZNTtsSqvKowUo0hEKoyA8k
2020-08-16T05:56:40.406309518Z 4 kNO0n2NeWoEcVBYqXhAvSySmUVcOC31c7SRI6w37NDALBSrMXi77XjNSmoRcR8
2020-08-16T05:56:40.417595566Z 5 VWOCkwkcPqLXJuGdGWf9Ox0hie28hRFqsRUOiZuhGyeQfVq3kgaP7F8JrElQ0j
2020-08-16T05:56:40.428839511Z 6 QqmphUrIpNFSCNwbtdsS93u6asYs8vhslmKrW6igiBvNebGQ3c2ui3y1bjGHdD
2020-08-16T05:56:40.440056229Z 7 AMkYopKCT86TNGHTiPYifAArqHwGskLfGJ06IKelvhCbWtj7DWfmTVwqHrhLtK
2020-08-16T05:56:40.451213159Z 8 jqm0B46QXW9rdELXhVxxDCxjQdGVkQPlUUcVw9qqb4Q6fsKeY1SG00gep2NgMZ
2020-08-16T05:56:40.462317310Z 9 ucGbBdKajtitIPsHG400tQ0F3d3JzsKIHJnSTSuigVHnX8M2mbep7sN1evtucn
2020-08-16T05:56:40.473395828Z 10 ApuLr9JqBxTv5vJtA7LOxKmZSEzAwRXce8W0XUCcRd0mqi0uu8SA6ycUhrU32
2020-08-16T05:56:40.484523684Z 11 z45wDh2cLp3MajNSMsQKRq49tNPxj6I14QrIaFy8MxGqL8snbyVYgeHkwOr0V
2020-08-16T05:56:40.495734899Z 12 lkNTTj9FLIUyue0LYBkWfNq964IIJUJbSWbtgQi2j43VLE87RC5MsuHRIRRoc
2020-08-16T05:56:40.507154657Z 13 NuiM0NQ05oqBueJtVZxOFm9cQXHyonUQiasIvpIZtOI1WsHY8N961uLMed3YL
2020-08-16T05:56:40.518233267Z 14 FhVL3YLdqXQWq8vfFLIuz29doWgLfIqzXo2MI5W5WfEGYwIEFL291egX03HBw
2020-08-16T05:56:40.529694143Z 15 gfd2zi2Mg3HdBxo28I3uGuUlsJUk4LtAtbj4rP2mriacwwfCGna4nwdYdYnY9
2020-08-16T05:56:40.541132123Z 16 Vm8xuhn20taoVpETLCM1fBr73za9vj6WBrmZNbHy5tRAzB6LjCM92gB9Lc8HE
2020-08-16T05:56:40.552487955Z 17 WedCyMOHpZr5iTQt5MMgNm9GUPy2TjMhTfw4pWzDBlxb6ZzesXXSmJpVuGjEW
2020-08-16T05:56:40.563184546Z 18 CREw9vpcTgtVTlQ7gbkgczwifCOSXhkDxe2mFJEiGp3l9bMDtZqWMSEAV0AU7
2020-08-16T05:56:40.574745918Z 19 dgQD63UFmgK8bUz3ghfUdMZ33BZfBVZO9mJ3qI7IVRPy4xd5HJbvvqkfn9CF1
2020-08-16T05:56:40.586448829Z 20 m7FJ14zYs8EhfrCSXhix4LEtZspio8ER6iMGfUmFebnQDGzg2ShMVRLu8dceb
2020-08-16T05:56:40.597150287Z 21 ldLUFOHxwYHEHOFwJaVoGjK6gjtX9EHGPAh46j8APb5V56pdFOg2XYY1QugaQ
2020-08-16T05:56:40.608770722Z 22 bp94UHLQ3dozSklusi2HhT8IIcNFyOPNzk0HHGiphO9aQxihlEIn7MFKLhilT
2020-08-16T05:56:40.619978282Z 23 dDLbQoPQyA9Y4WyqvzXVu9OeLmL52GGeYcptm9swvbxf248jmpD8K82aRlF4k
2020-08-16T05:56:40.632216522Z 24 varcem9gRG4wUuaVgPHEeXDFBIwGiaU07W852aMBPCVvqyy4urgprJDjeEg8D
2020-08-16T05:56:40.643809313Z 25 H6gcgTdKDLOGpTDe1Ut4hbOnbBjMw16anMUTG7Hiz7MOZjE0Z7qN7K8kxM8MH
2020-08-16T05:56:40.655368497Z 26 OLQcGAy0Ln8Wi9OpiUfSdqdJ1f63peihvecUtSL1MjvsckeWv6FUMndAEEHDF
2020-08-16T05:56:40.666833217Z 27 ragLA3Y9G8BdCuEtY1BTQyPY3UcDtcxwVLPE08VPJm5zT5jiCQhvzc8yLpjXu
2020-08-16T05:56:40.677615925Z 28 d3ChlfqL5LJiI5CE0g2LnwzszWbvHIqIFhMuMAavqi4IVWa0be4hQjL1hK8iH
2020-08-16T05:56:40.689678004Z 29 SXaD7yZfoZbXsyblJM0oJ5sNcfXTTSvdZCsXZTDMLTG4O7ZktkxoMaL9RHSuo
2020-08-16T05:56:40.701092630Z 30 xfeuiSaAwf7RQ5xtRu3b6m1mLOKt7V0NsYCfKvXlvnbCOYzRH8QFQwBbBC5JE
2020-08-16T05:56:40.712537253Z 31 mFRfyP7F5wDQbOnu1CnBYLy1Epu4UYIHXmO21z8y8kWGZYmEFsO5LDbkZHKYh
2020-08-16T05:56:40.722852260Z 32 ZHYd7HumHOZIcFJy20CpU8VcZxWuLTMOK9vMKQfMOLnNBZATbfPxH3wVzyBQe
2020-08-16T05:56:40.734065825Z 33 gEfeaD9YUhY88PFOpmDaaxOgNuOH0Eina90PCpbnYPtMwCFDxBSDY5UR1PBS2
2020-08-16T05:56:40.745623800Z 34 IyYCHtfLn8wegffYelUnwWqsiijzEmpmORiog93BzojtXmUtTzEM5q6Z1q9C9
2020-08-16T05:56:40.756217205Z 35 q5smu1jt9tjIpMnub7DAA9etBqkdI5QBw7ohBwuaHQQ4saAxbyRuMdV1MqYNx
2020-08-16T05:56:40.767667036Z 36 fYusqVnV7hWE9FpdgvSAxHVp3OKbvoUQxZcJmiK3cNzZ21DLtCFUdtIWdBGmS
2020-08-16T05:56:40.779170715Z 37 6xLo2BLk1zkIu5FrH5AJwQLnf3Mb0n24rLAvFz0iyDy6k06vAF3mxQAgYUo8R
2020-08-16T05:56:40.790725948Z 38 PwPn1MuSxTv64NkIAKKWQPobMQPqjG9a2vigFAdMABaNZQQjdEL0Ni6FDjdGF
2020-08-16T05:56:40.802391555Z 39 XqFWvxPc8VH4E2qpLUfeH88NcCfE6WYhDL3C3nUaaFG9MCnReFTaEkXoNRSAM
2020-08-16T05:56:40.813283737Z 40 pXta9nm3sIQC0pJqPQGd0PEcuHp5WmNKTodjgbl3Jn2H2eAuuiQDsZvlrYqBB
2020-08-16T05:56:40.824733855Z 41 2BjXwbW7Z3T4JhLpN843ny9aj1SPkQgv0IEo1yG3RmCMOHWGunPkNtmP41tOU
2020-08-16T05:56:40.836153361Z 42 G9lshnHDsllie3Y432BUPYNYixdgG6PyQw9UKKTtoiRCd0RGAi8X5W9q3rNzL
2020-08-16T05:56:40.847158385Z 43 AFCFXgWtaKFB1LU9tEAje0mI6wVl6P8BkqkT0By3tAfhGvHk0nrZAQzotxd1w
2020-08-16T05:56:40.858550489Z 44 Dqq5hTrRen1OSN4tfQ8fuPZQp9rMfyobfokSD4ZfmSXdCmJqf618tzWKInD8S
2020-08-16T05:56:40.869387380Z 45 HxDQFvLjXc3KEKUpTr6JHYP5DWyOLREvi6nawFHxgPZtrwZyS0edQPeE4EdI2
2020-08-16T05:56:40.880331595Z 46 cxjTbjC8be6QjedRJm8efJ4NcN0M4bHyNkAuWyDktOIoiSqn0bFUS5kCUo42H
2020-08-16T05:56:40.892195448Z 47 yzDe4kCVCXXNrtwUaqZiRWBG77spvZAB0ue2MMkCxjVZ1tC13ShOdsgzJPGeH
2020-08-16T05:56:40.903780720Z 48 zzh2miQPDKie6iUQgj57AyYH4B4IstFhPgyOliF596l7CfgXt0EUIP0D0f7IU
2020-08-16T05:56:40.915263712Z 49 sV0AAxrCJIxupOclkFbMtNavBhRaZM3B4umD4ImaCA7QcfS7PMiC1272oqiTP
2020-08-16T05:56:40.926895469Z 50 CRtqRNlnHKhdxhmdhveUfFNCSI8eXWcgvYYhBNcgThkux6CfqthdA0wrLCoVW
2020-08-16T05:56:40.938574043Z 51 4RdeaCsvufLUpdutNW7DdTsGC8qzGPKIZAWTecjlr9Tj13XgvmYhsriOQaAPS
2020-08-16T05:56:40.949375892Z 52 qMzdSy0CCh4vmhxh3v4qLZXRnV64H58u1ujFqQcvZPti8DiLBtjHafyyUh2rD
2020-08-16T05:56:40.961080206Z 53 Tf5cEKRaBHJYttNYqQ9TnvaiHBDZv5JqCPdHYLX0H0S1nOqxLrI3q88UCsidQ
2020-08-16T05:56:40.972796151Z 54 LdSb0uees9iS4ged2CUk5bdVvDUECoJpdfUWYRtFnHr3Ap4xv1sA6j5XpQKiF
2020-08-16T05:56:40.983711427Z 55 J3DX5H6my5aPAqwotATUd8YYmBPGduVI5wtn20xUG8WF48fBim4OBlb86rV5n
2020-08-16T05:56:40.997310649Z 56 v73TPj5JGbSrXM0mi3topZo8b6PTM08qOgIX9GemVVQ6NPIMcIoh9nmym05CX
2020-08-16T05:56:41.011786517Z 57 rOcadGM7uXtBsuDvqLxIVls5XPt6YMZXfdErWDy2YcmfYnGbMFv8zcpCxrAcr
2020-08-16T05:56:41.018537232Z 58 C6Kyq9rdpWgBr1ic3FxMz1ErzUiVOuPvrYX8G5wk5dvmOy1z6t6SZeqmYlTnl
2020-08-16T05:56:41.030177826Z 59 FEDVrgRe9AX6QwRcSa5378hnW0YPfCqpZELxRrNIa6On37IVg3oaX9LWlScVT
2020-08-16T05:56:41.041905156Z 60 sT9aKInQ6R4CqfaldqrRD9MJLSle2QUU8nsBx9gzBiCgcBaGpdIlRxwBiJOBC
2020-08-16T05:56:41.052906229Z 61 1euXvj9tHuyJv2yTtqdhEwD5W30xUlt2dAqKmXAsrQfB3yXW2FW8ES3qFK0yy
2020-08-16T05:56:41.064669153Z 62 w7hmS87ZFDgOAcOIw32agB73rbnsLuUO8NcpQ9WQ0u5q6462PfHfvWh59HFfQ
2020-08-16T05:56:41.076356667Z 63 PBZhcNp347btpVmUeuw5AL7I3TjOq9hNWj68v6A8EtAjgYyA6xWZvpza7v4Sj
2020-08-16T05:56:41.088058858Z 64 x7zOW1B8zxGYWKblJFinlWlZ6SnCpRzWBkHMXcIm1x3AYZ0nB5qHDRk1TtX0M
2020-08-16T05:56:41.099836081Z 65 WGY8ahd6r7pWnlCkGrB9YdCxx1rTdx8aLNesCV36OWjO8U1rG4zzxlP6jXNyq
2020-08-16T05:56:41.110958844Z 66 9u9u4QPNNqEvSxBz8nbQWJy47lEWFZfn9VQV3SaAsqXKP0kWeAnfkJPeTtF7H
2020-08-16T05:56:41.122361355Z 67 A0cRiCKwpcAPrJrKhiwXyV2t1sGqBu097SMETAsx5HyFyDGXjMUVmFjcqbORq
2020-08-16T05:56:41.133103817Z 68 aE27z1EAnihcyQDtlLskG9aDC0RoMr0hZ1OQbCS1IEVixuxBA0KFxtJfaYuoh
2020-08-16T05:56:41.144846106Z 69 mbsFctZrWFdOZOUbm47VtAtJvPVY8SSDUJQC2VPPfPIx2D2pptL45eWrVbaHD
2020-08-16T05:56:41.156533167Z 70 KfxF8ppRaZW9gQa3JBLeKPJtZYDotng8cjY2oNgCfyVJNEDtF7OVoiGi8Dfn0
2020-08-16T05:56:41.167201132Z 71 zvNDvrrIviOwLKZSRRFclJXxgXlqIv7H0sTlpPp6NZCEVQZssUDss2zcQ0ig0
2020-08-16T05:56:41.178843870Z 72 gaY17HmKfQq3HLGBmQAXVnWaGXA9zEJHs1X5nhDcowqLyElZUeabCOBx9VMjh
2020-08-16T05:56:41.189756962Z 73 u2pvVru5nZXOo0benrGeVH1TRwEFht9AOWgBcqSY39J7JfCHqhpXqgaEmC1Lu
2020-08-16T05:56:41.201387543Z 74 FffskPlEtqrlkrwtjxy3m0bbmlIa8epnwbdPA3HXlPPVoTMXn57VFpbJkF5Tr
2020-08-16T05:56:41.211949011Z 75 UmNQACLeiawUxserwrSYjRupaw6Iwmcx7YGYqxW0LIeD5xUpr6jYCKWuJoz2q
2020-08-16T05:56:41.223682719Z 76 owthQIatdQ8kky2tyJI8CaKeQGez35yv2TkYWa7tQlIXx64Vsx4ynRFGbckj7
2020-08-16T05:56:41.234704403Z 77 WxDtJ6Bv9onMH63v1VxolGzmQKi4gt6kjunJLCFHaBSlqejBIBVEHWm2da8KQ
2020-08-16T05:56:41.246389816Z 78 tcxFRsyFuuYdeZpGl2XdRDS4C18fMUsiBIoTI3CmEJJW3ujCXfo9TTtZPFL3B
2020-08-16T05:56:41.258107588Z 79 rkCgUhx3b83hGEuzl4kr4v8Pf3pzbNgJEt3ikBTy14X8YZ5YVgz58bdNEOt6x
2020-08-16T05:56:41.269655006Z 80 jloBXwORR1sjbGYO2D5ShK4VEEixuNyY3WzRTo9eLnKpEW1lc1Zbye8UApN2j
2020-08-16T05:56:41.281268400Z 81 14Lg5yUesdIKHRoOiv44ngdzi5IlCbbUjge8OyS69ON1gDgXnEPOC9OP4VTtk
2020-08-16T05:56:41.292853393Z 82 YaHHV0LVW1iuRWK62czj1yr4rGRYXVoLmwBTeQXS6YqnoQH819ztmNOAqGEAC
2020-08-16T05:56:41.304345815Z 83 TjTiaKk5EUXwcl2yt7wOzNe1pgDl9ItQmKmbiudhYKpSWnfwplytxtX5q2F1K
2020-08-16T05:56:41.316193151Z 84 78Oee7OpvMGYoil2rqPX1BIS3ZRAJ8yEU50bKbnQgKYdhbh23kFkvRwLwz3BV
2020-08-16T05:56:41.328197453Z 85 5Y64TpW7rzB5dZ3JBsr0LiYKoK5Blf9IovdmKGh9geCqK50bRQI82cYadCb4q
2020-08-16T05:56:41.339593954Z 86 CY43MsQS9Mwh9bYdpOUPs2ONDFKS8f2T94NVb4SHo7psfspvyJm79ZYi4LDFY
2020-08-16T05:56:41.351154469Z 87 NgSKAH06Qp6GkKgJ0Fsi97sTZa7tiES5S7rGKdQMAQbCs083Hr7kip02Je8F5
2020-08-16T05:56:41.362770937Z 88 lbXlhj2URlFYZ1wVnVTCVIDG9TTipKzLreNdIIZl3rhXvIhA32IW77rzpf8qk
2020-08-16T05:56:41.374415475Z 89 QN06vqTyNbLHpYxD8q0WMh71vSmjZKDvru3jIuaWVC61ZidUN8NFFjrCCiUwX
2020-08-16T05:56:41.385144411Z 90 kCNwaMHVgme2GaNkIO5habbWn1xUl6Tg8ZRPm5eT007kem83el4S8t8BIPnRK
2020-08-16T05:56:41.396867863Z 91 vW4W9JzTUsabyU6HkZNtNSrsR3KmIAf2G4gpEpT5XtS45kTBf78Pf1z7svhj6
2020-08-16T05:56:41.408316881Z 92 tw6l00DiRRxxoyVs4niNlvn0krzSl7fHgvWQXgzJ3fxjIR91CmeB9FbBRBW4E
2020-08-16T05:56:41.419985762Z 93 JzQJALLrgyKR7QUPz5gpEOA54EvnWGxUXilKdnn0FfhzeODvdAMMg8Kt8DPZ8
2020-08-16T05:56:41.431802166Z 94 VjV4s66LjyX348XUUxaakeM9monaAPLUj6MxZ9fmsLErsyfLGGckHI7JuE1mK
2020-08-16T05:56:41.443905121Z 95 i4PRryrVZI5TEB3C1uFafbhj4rN5eI6tVXnl9sU20STLZAwSvqVqL2pX6amv0
2020-08-16T05:56:41.455842829Z 96 msXetUy2i3pgLL3EEDHqN29liVyw7XK9tDY3WkHp9CCuc3dQn57gYrj8ZtWJi
2020-08-16T05:56:41.467122377Z 97 TTh7r3mLWQlPOPi98D1C8tcRZmT0FKOaJMzdf0P8RMVM2xsh9XsAROm4aeniD
2020-08-16T05:56:41.477975039Z 98 Lj6H74t8qpqMimBIOITUFlTIhnDh2vZuMbIDag63hUEun0vBJovL5CTHpEmqK
2020-08-16T05:56:41.489839539Z 99 fAcA3a6RnSeRP12oaRVWURurtqR0kdRV7vHXC7OzuTQd6ffOcGMaz2gIGBC38
2020-08-16T05:56:41.501464405Z 100 r77PO5VgfoIdbCtTmej9L1QVJvS3JhGHrKURqg8pXg7ihxkbgM5w80QIPYBM
2020-08-16T05:56:41.512116446Z 101 wR6n2r9vkdhSjhluVv6Ny0VDTeU6D7Um8PMlgi4dP9EuKj7PoPUcLbSuBPEU
2020-08-16T05:56:41.524048151Z 102 iqIzVUqxOqbPsdp6uuclx01svl7O1KiiyDAaGPZJIDihIKRkk5F6ydDvvFSt
2020-08-16T05:56:41.535499189Z 103 EugJ01f3brPEDH68oCjk0W9Y9Zymr5OHsyUoUMImcFE6gyiJ5L6qiv7h0KrC
2020-08-16T05:56:41.546012305Z 104 ISGj5i5qWap5hch8NYbcwUZpYmeNLk8wV4XagfM3zsOsSCKeJl9Mi7nRpZHS
2020-08-16T05:56:41.557475910Z 105 0HZS42JQKNxNCQr2e6ZRq18Xs2Hq1NR6fJysMafG8Pye9koP3sTiIsomCNDe
2020-08-16T05:56:41.567932195Z 106 VOV2IlLAsOnnupHfaDo8C33TfV1cqXJ1rDL7AO75ia9wN8WZHvOtcaRGANkD
2020-08-16T05:56:41.579645633Z 107 adq89pTXVqxosLpb8q2bRABorz5OH7tlWBTurl1DHFWmOsVV2kMU5gm28GEM
2020-08-16T05:56:41.591190669Z 108 r72BpdGYCwG4TmCyYJAGAMF1tQI2xDcEgaGeWa2Sj9HzXbJj6QFC0hqn3QNR
2020-08-16T05:56:41.602705062Z 109 XcFPOtU4jx01FTs2IEmki7wfUXuvamxfHiRnPalhV4JuoowwIdAaLMPiIhnm
2020-08-16T05:56:41.615113062Z 110 TVNbJlqzUWNPpLD1j8pBYCNvmtLaVygS0dNF2LkGYVjKgcDdsAIoDchXdWhv
2020-08-16T05:56:41.626445943Z 111 jEhXZRrSc0wfPkIueo0GLZ8TlCX1VpOhM5XskxvKya4XUS5P9pq711oYGgEo
2020-08-16T05:56:41.637001905Z 112 Zjm9VOLfZ9UP3l64oTC4Dr16Wt9S9bXblbEGH1EOsR2g8ConJzAfDF3D7AT9
2020-08-16T05:56:41.648682307Z 113 6QY8YwE0Y8XJqC3Qmc9WnovNQc4dHkOWCEaXxR4nOrUZwHM83dCC7PToQZ7d
2020-08-16T05:56:41.660136793Z 114 BNo52zdZjl3mhJpmoplDlmssMLXaFvUkhl8c1JTv78o7LWXjJyPtNSYE7uiX
2020-08-16T05:56:41.671827736Z 115 F63PJphv21LZyaLk6adpJ5sbiOMBytw3cU1bYtNov23irWXLxJHFpiQ6c5HH
2020-08-16T05:56:41.683263665Z 116 ipPsq0OAyo4eOVodp9g9mPHJcktE7tbXHVweQApOCDUj9U1BnSHk6IPX6sIx
2020-08-16T05:56:41.694827755Z 117 TnyT0Au3qV0x7NaevVhxjvjoFgGsihsaqHVaCYIfJMo2jFjotsumbsO9ernV
2020-08-16T05:56:41.706462587Z 118 WonvPE5AClQkrK7uSjoMy6zk3Q1MjMnhOdJdW862tUzol4sAtOVDI6Eey2QS
2020-08-16T05:56:41.717216757Z 119 DWalRAdJSK6krr3YZVlIXqyJKt2zS39TwnKwNPhzLHakEBu0hGWkqDOkm9Mi
2020-08-16T05:56:41.728487118Z 120 SKvmbZUuZztuCA6hQEekV9mWquu8bYDjbPzbjhDWfmDUuQSCRUl2hPzJdC1b
2020-08-16T05:56:41.739755871Z 121 eZY7kTz2WjxUnJBhtdYacVjnZWPjcPjHaAI0jIEmLhfnnWyJaZ8OgD2wfUWj
2020-08-16T05:56:41.750116751Z 122 gcfsoP2mFawna91ehE3cpJyjg52rVCLaWcDPBKZkxOt9s9cgGbJnkwLHqM6s
2020-08-16T05:56:41.761671789Z 123 ZrhEJdqWwwEKl2ATIHqb291Y8pqkDxPxGRkOE4SBjCzqYbrU7fiHpDJNPoTj
2020-08-16T05:56:41.773495462Z 124 RuO9PvLBE45jIB5jx5G36UBQku6qzweXrmWO96hcWD2qAKkXjNCrMwIi1mKL
2020-08-16T05:56:41.784205232Z 125 sJbyd6k12lmn6Tbynm3IRZYkzxutv1HQwNwOBOmu4vXkS1cObTwbq7Ye866f
2020-08-16T05:56:41.795727679Z 126 TDJahJQ6W4wyWFvk7D1V8tDMyTFvpkItJbOGteL7suJslAgigt3Zy5hbkoJT
2020-08-16T05:56:41.807178691Z 127 Kv5J1F3SrOoaDRqQsfu5X3NIDlw0po0BeRT8oxY3pdNlfCASXF6t4CowgSsD
2020-08-16T05:56:41.818576639Z 128 1nCFGghHJYNnBEBuKynB0Z12aFFd4AY45m6ApemXg0tuqqkOvQQQcExiu8GP
2020-08-16T05:56:41.830211401Z 129 PjpvTp8Idpbm58KV3ioyEghCc9TqOLQXphKYrr9JxlwQklKV53VaV97TFlFj
2020-08-16T05:56:41.841876003Z 130 Da5PhtumIjZVmEjAEkVo2sXHFQUJYreKIBOAWYREIF0MVP1QoBzhFJWnYFtG
2020-08-16T05:56:41.853918770Z 131 9BRTl2WCdEoSHHpX5iiJfPUiBiKV5nas529FH7J5jcuNe7ExjLHzbXwwZYQt
2020-08-16T05:56:41.864124510Z 132 Hh11PmHjJ3rjPwlIkr2ZD1oDSO5XsB4ehbbXAfACde5MZ2YPVSPPNxVE0uek
2020-08-16T05:56:41.875562903Z 133 kn7w7eBCWvNKorDniLVWy08z6aUA4ZB7xCBV52PFLVT2bVsOntiVBpUNYG2Q
2020-08-16T05:56:41.886047226Z 134 r6yS21XgtpBDjUz8I9Bo3OVxL0nogcSODMBUGzhVEEM9yK52J0pbyHYMiX4y
2020-08-16T05:56:41.897471295Z 135 w1aLGFrAwfLUNtusIVzMXkC7T1QUQaCUhx9QMpid75C5rr9KYvyOGpHXAhA8
2020-08-16T05:56:41.908143185Z 136 t8WoMH4FGqSwHNeYgKsI0vSdChnv8kf7tSMfIHYF6Jd5BptCyzyKTAdGKk6r
2020-08-16T05:56:41.919559502Z 137 dAaxR4A5FjOipOXuQkJ1kutAz8aoXtJmrJhbhSAl6UyQgp94BXgbHk0ofgPY
2020-08-16T05:56:41.930198147Z 138 e1ivTln49E9FevcnINiG1WmBRraZKKJvMfp7h7zZLAXXYv0aKuvQbTpP1B2q
2020-08-16T05:56:41.942042483Z 139 ixQWYqQ8I8mPYX4rS0xnaU5XpmQSDwQZ6fSaYStw3Ht5H2D9qqtabdIml0Cw
2020-08-16T05:56:41.953845369Z 140 13eBSkGODBSvicBmKGZWmmwrUnF5alBw2mwnJuc0F0pjpFKKI3kKKTlNQ1fj
2020-08-16T05:56:41.965440815Z 141 Vcm9A4L230rTkVXRgLeU3QIMq2KOFwVhPJU04LlO2mxusRP1OOdp8y9TLeFD
2020-08-16T05:56:41.976611757Z 142 2z8YIGtyeIFd8Yt8Fo9I8qcIwapPsw8RLhrP4ci5fA15RnrvyKqrPX71ftEk
2020-08-16T05:56:41.987287465Z 143 IneAtvQU7au7s7PA53N2XIm2wHqD5WDstYbeVbMnRCPLrhwAEPa9kCc00Bmd
2020-08-16T05:56:41.998995223Z 144 uui7CPrEjjJwnp095ZzBkTukS7ewbsWYwG4cgCxLzZi5cWI2JVwouBJJiV7v
2020-08-16T05:56:42.010697925Z 145 wFJ758zIOu8vXPIRL4b4HEvaWTbhNEJxix0iy7VCCJErqqXo5gAAcCUpw8Jt
2020-08-16T05:56:42.021458323Z 146 qYGlFBggTbz6kVjDdSS3KMWlZcbUy9oZc400BqRF6UEbqF7voB96LNtztI7y
2020-08-16T05:56:42.032040028Z 147 mGFn8h4SsrYHwdYBsxbYOJAkdjQhHfDSCieEWgTK1KjfpwfwfeD0mARWVtDa
2020-08-16T05:56:42.043313926Z 148 lBrimHUIFYTH9nua8RzXa7G0OQKNB5H5pZshdYtuE5wzqVXPId9vj2jgJuV3
2020-08-16T05:56:42.054987909Z 149 jrtX0uYbwy3agxLCNGdxLlpK3m9G4wkfklZnu9eBzhTtpxXiupJZPpDXyXF4
2020-08-16T05:56:42.066529247Z 150 3XqAh9A9Tdf93arVDGAjfpC2w7eAI5IuhTZBXOdtTGzDWwvp4flJnGBNtOro
2020-08-16T05:56:42.077258152Z 151 0ezxWvkIMu8WUuntLu8mAniXaaCwcM8Lxf9pl40jPPWiUDZQ4hHb7CZyGDoo
2020-08-16T05:56:42.089011889Z 152 Gbz0KZFP9D0hY7gQ26wuIcdA0FZjmwrx6vHhDsCxs5G4LmrgYjOhKjUva2iz
2020-08-16T05:56:42.100586535Z 153 MWWQWtitKDuX24LDc23uOWcOU4NzCq4HwkvbUtJgFmDEk4clPsWlM77TaZeq
2020-08-16T05:56:42.110805728Z 154 6iwRBvgUhxzA1LqpkQSUsPtVrHFPXUpSy83D94y7q0Us9b6JKeBhD1ewX87d
2020-08-16T05:56:42.122376835Z 155 7QBW2HJHisLuculKS5qCZUddxf7eviuUlHUB0sqWdZxnNx0hjo5d7NSq27kc
2020-08-16T05:56:42.133258589Z 156 kWlfihBwcurJzWgWEhKgaoJyz1soB0xBDhx1UucTXucFAzK3J60IImNlZuif
2020-08-16T05:56:42.144315710Z 157 FssfmA3RXiSiE0SGBVvQFCcyQ7xU2ToB4zEQV97CPlOQQpER1uLmIuE3NSgc
2020-08-16T05:56:42.155045292Z 158 aO2vBQdbWmFUFkCJUaRhWJoJaaW8B5bjfKFI3n29ZlrQOBGLew4sp20UlEYb
2020-08-16T05:56:42.166662914Z 159 64tuCdluQfquNYsG3cTDQEv6fStgM4jaeNqTEkuVhudgcfAxcPICjaFen86S
2020-08-16T05:56:42.176808239Z 160 YzYUjkSSdGXsAzwoE5j7Dy4I8hjtmI0bL33VKYdvy8mt0JyP5zDz7jFP3pQd
2020-08-16T05:56:42.188374499Z 161 bDL8Jh7hiEzd2dfTMGeuIGvZumfqZYwBqlQqIIgHi3XmQESvCw1ejZcELX0M
2020-08-16T05:56:42.199835869Z 162 ernQ4cigDrfgLRKrW2R9b5xW8Z8Prl3RjQZcqCRa3vzpECfdw2OL70d1pYlN
2020-08-16T05:56:42.211599692Z 163 aT6qM7awJdGimYoLaacWPkzgKvO2xKqpe0L89WoMs9UNaP3E9iV4TzH9uvgo
2020-08-16T05:56:42.222482631Z 164 c6X42H13EUpchqyLLVqHbBk4zQ3yK52rBhCoqLePLaFhzdyt1wZXvtyPGOk4
2020-08-16T05:56:42.233291266Z 165 kveafoz6c8YqDGJvFskYTmdDBsPbuSygZmpBuA84FKWjhfuP4Ku1Yd461Oux
2020-08-16T05:56:42.244633672Z 166 4seIQpvoueSkcZ99Qk2JfiemmqZzGoH8U8OAGWZvm9VRg8R7Ebvs1hTMQpXr
2020-08-16T05:56:42.254957795Z 167 pmhP16y0jctyDivNJIwJ4lRFKy0m5NGb4tH4arX6f4WcvuYKolxUBPlL6Pnd
2020-08-16T05:56:42.266465443Z 168 ifTsjvG26XFBpOWDCx6oPLEc3jgJHE6HjooZQgPVwcw8ild6pyHJWYINYbiI
2020-08-16T05:56:42.277213166Z 169 uzaE6nEhVUz0yyM2ysvxEu9b0frlVK0kGBZNp8SGHGJMSEdDcX11Cbi6MiiJ
2020-08-16T05:56:42.288852109Z 170 LvAieocUc6NGAAtHfYBKIz1e27Dxq61lspE6Q091yIZ18Jj8SFTwIraNJcbL
2020-08-16T05:56:42.301327790Z 171 IJQ95qmGDEsQatcz8407iwFTdalssZv9jZRkwMnF5fg0ia7VUNyZ7gl3ZUYW
2020-08-16T05:56:42.313027884Z 172 O3J0MYnsOVRrYzJHM6pGVLdVNzRqJxC7c0JfXxt29mK1g3us1JJ8UnFwfPMF
2020-08-16T05:56:42.324449955Z 173 zreV8VKLXIRiVWOs5duqvpsLbU5egDnyOwkzRTmpegB1TU4TqP2sZPj9i9yP
2020-08-16T05:56:42.335018688Z 174 e0scxs3aYf2Cvdk3Iwc53U8JqCEmGuyU5U4Ma5poB8fA3IcnZrT8ERTMw8HQ
2020-08-16T05:56:42.346639506Z 175 x4wZirSWVmszj5sGQOKEkZB0yEuxdI2xcy9i6ujTH2joIV2vtFyYXpAiyots
2020-08-16T05:56:42.358081942Z 176 mVjtJHu4nvlCiSbnKIRDIxKLUTt5XWiX912waZojYtzpBQdl9RQYOGSfiiJI
2020-08-16T05:56:42.369793287Z 177 vY45R7DgVGgTtCkdb6oWjOGHpKqiNOOmr92CL5VcaP4vm7HkXZvvk3Ae6gYr
2020-08-16T05:56:42.381428180Z 178 Z2XEDiwFiMoBGIgbt4KiD8842c2ZnrHKPdHNPMHmMlCAYc72AaNYZgPaUJgT
2020-08-16T05:56:42.392941270Z 179 PUYPN52L9msmOa4f4Bd1quuSLGibx1Uo65KBNIF0s78OWOeGt981Poq09iiF
2020-08-16T05:56:42.404578912Z 180 3GAcq2A8BddHdkSHI65F6QcRqfzpBV4DtQsneahhkpVlAjnLLNXmZJ5dM1aT
2020-08-16T05:56:42.415567508Z 181 jqGN5EjlGhpaQtbsLrOK2pH9DzxDHXc0FJd3cBXdo2y2ubsnlRqGtCIT1qW3
2020-08-16T05:56:42.426129362Z 182 txUeBrbKhIn3aEKFtd49P2tQTPSJLClaw6d2g6xrkA3m3PwiDvt2EDpiZD7L
2020-08-16T05:56:42.437829965Z 183 VBefGSw85DkEJPRTOUUbZEJfM8WYGdJLOgvIlXCSVz34XeJoJ3gYzJeEtUl8
2020-08-16T05:56:42.449624866Z 184 RDIuUKqU5OgzB9sQZx0d5GsPaklLyW3MPuPTMWljjoht7ZGEaBodtXscCYYY
2020-08-16T05:56:42.460655347Z 185 rNOxPVcVMQ9VtRpvYhRJN3h0El3W0OG6fLl3WY8rdkLIqY9IDnuK1GMPne6E
2020-08-16T05:56:42.472060006Z 186 vvxNtZfn13SM5dKyZjhEMRRqlP9FxNhOVWmLLjk5LVjwhi4IR8MQPBIPlGjF
2020-08-16T05:56:42.483852012Z 187 PjOpC4y7CWBeFdkLL8vZAmxAVhdXAcbYehhcugxb44vJVvtpFyCXJZ1LiDva
2020-08-16T05:56:42.495727730Z 188 hqPDS6HW4TILwg35DslQ1acXkUNwEWIA3T3hfuy4B5J1CylK4ptCKvYgUr3p
2020-08-16T05:56:42.506097600Z 189 OLevULfUs07MkgWosEERcW15OzPlgZQC55MTxshuAMHOKwxvvfF3rETFVcSD
2020-08-16T05:56:42.517868648Z 190 PUBX0wG8Skhbl9lMvMmcJzohTIBc8vfrydnIZofzW2ZD825fjFTPIICXdl3b
2020-08-16T05:56:42.529619701Z 191 c3FGB1mmPmSMIy2fj5KNlxuTaPH4On7rhcx6nxWWBcV7rNGHLZuBkNE8lJmA
2020-08-16T05:56:42.540024803Z 192 ujmik3KizwHv13H9cabarplnAq4Rzk053BRfzeYDpaqw2G0eZ2ccVMcHseuh
2020-08-16T05:56:42.551655477Z 193 WwpEbst7GxpUOs7ggPU16JxygaVfwOdeprS0zzwVGjvWI8jfD3hWg25ECuPw
2020-08-16T05:56:42.562049211Z 194 4gvDZLtlt4NEVAjDoIFlDKBrCPRwexwGTVDE9va8lgwg9dN5GMjUl4MhS9PP
2020-08-16T05:56:42.573730072Z 195 hfVu1vo7ZFw0Tai4ixed1ezPRRD8Cz7SuVhpNwOuAsT7KF9Sf4dwTV3xfwid
2020-08-16T05:56:42.586239968Z 196 gDWgkCir9fJw8oWA5fZKwFjYbmv9gWfIjvfzAfPDy79XhAoCLXkAu77wiqOk
2020-08-16T05:56:42.597985882Z 197 u6HiQIAhfRwfp4rF8ST80l589ry9rOTILvFOrlrL0sHrmInjOLwCNulIaV4p
2020-08-16T05:56:42.609804936Z 198 ZoS6efAjmQTFzrCHrcOma5MohH0YynkRE4qukalVMAddOgMExziF6hQzQmPY
2020-08-16T05:56:42.621377601Z 199 jXHHi3eXq7WvTla0ZYNb3bXHkLoqQ8CAXY5BFOCp5Y5rjwPZax801hwW86uM
2020-08-16T05:56:42.632193862Z 200 G31DS4rDgYWnsTGiJfJL9bJ1WW5JG5uzvpeEnEiybUbowWDxWKzviZEfLHnp
2020-08-16T05:56:42.642920988Z 201 oOV0J1ZKmSYWQSI5UCdY5wwrIcJefApgWMheiTUcGJupm9BLYrITwbUQjXyN
2020-08-16T05:56:42.654232841Z 202 BjWAeqbze6dfExnW466Zd96hLHhqD0wRPEUJYGee64jDNDAvEiNgPWqP6ORn
2020-08-16T05:56:42.665998714Z 203 XfgsA4jvVsxgVwL7iItmVJgeRJPsCLanzyKOl7r2ndMHPy0pRiVUWxcO8UUo
2020-08-16T05:56:42.677720676Z 204 QiKXGoLSMBjJLZCTPRwal1arKrgU2C0hxO4J2uwbUpMpeN5cXefnv2epazch
2020-08-16T05:56:42.688268527Z 205 6Jnrr0nD2QcJUCAlkz0OCO79IncolubcpTw3xQQcOPaggKoTP9NFMbD7qDXs
2020-08-16T05:56:42.699246715Z 206 52YYSd96WB1vhz5sQ8hqHjtIab7klBsbrcMdOH51QifTvhquc6CTYohg2xS3
2020-08-16T05:56:42.710747633Z 207 dotjrilk9Ik5B3sKRGwlWjUp1b4V9ufSr7QplM6VsQRA0hy3IXU8XpgprBaX
2020-08-16T05:56:42.722462300Z 208 wXdaCLJQqaM2Y6JjhLar3L6fkMPpU4QYUL538R20HsPnfTWGr8EtQd6gig4R
2020-08-16T05:56:42.733402703Z 209 eKc1NpJg8SeuzvIqGwYBeNf5kD9AaHg4m0VEo23V2Ti08BB0HsvN9V3Bl309
2020-08-16T05:56:42.743867373Z 210 SQkPLjrdAyUEts1oW6wcW5lwmuFXboTUyrmYB3BRiczj1SfjnTI9oKMhPaPI
2020-08-16T05:56:42.755932998Z 211 pm1w9N4mUojEwWqd0RVwSKdpLpNcou7cIEItolL3ViayAyhiS6oF1TYjRI8l
2020-08-16T05:56:42.767662602Z 212 RHtTgLo4CZ7IUJlEQOSIbQqJSa87jNzMTqjILXQWABXuz8ZBpbq80fqM1lcL
2020-08-16T05:56:42.777953999Z 213 YXYsql8XQf5gujd5BZg5pOWcgFfhJvDU3iKhUTXtISxN7u7GuakWAw2mY8sa
2020-08-16T05:56:42.789631409Z 214 ea3cqKo5knRrw6cx3EuiGj9WfCTB2WipiQRnkCNVkAIO4sgLWPor0MPY3rnu
2020-08-16T05:56:42.800579109Z 215 1TvlvK1ISBu9VFLelLqf9ztfkwOJtX7iUxc0Pqsey8gE0RMsKXX9JJTCFxY5
2020-08-16T05:56:42.811309808Z 216 CbRB8Tb70wO8dm3UNiVU0XRg9j019XwlUSU1K6B4jUqFxqXH3pbXp3JsSFLG
2020-08-16T05:56:42.823014914Z 217 JUy7Vqye2c97c5NYeOdzpny3bJkOAq7ltQLNqscqqYgimTaBViTuy0T2hhKl
2020-08-16T05:56:42.834575507Z 218 fC0GQZZd9KGsOi42RSLUeTV8GhAw2Wt7I0zIqi14E8VaQWAVV7IQ50RnODq0
2020-08-16T05:56:42.845312362Z 219 Qg6HnxcKqyq1JFkXfxKUFOEWXh25Ah1x067AJ89XqVNu5E6QzpuFdEKPCpaH
2020-08-16T05:56:42.856911578Z 220 ogIkv2oHHeoTOJXYCS8JzCg3aAZVMWsF4xQOOGNCX9k8t5hHiP0FKVxw93C3
2020-08-16T05:56:42.868680427Z 221 BY2NLpVD0uog7Q9qu4l1MxOStaY2VwntoLNrq9VfBcSBgta1zWGlR7RcIJGB
2020-08-16T05:56:42.879371585Z 222 yNPoxAEQaTaM7EIjJg9glL2x37BGczjipkklBZAuPQDue3q8fcjpjMAXJefq
2020-08-16T05:56:42.891064071Z 223 dJV06lIbnlBFcUklw33WDibnSzcJTryhJbnb8YZLyNkFFlqgXJxnWYzeuSNG
2020-08-16T05:56:42.902626524Z 224 lXok4rldFfqH2a7pMjUueIy6ZFTkCmLCqN4wURKJnYKfvE5nFvdNvRLoJd9l
2020-08-16T05:56:42.913245356Z 225 dbqfWkBANe3WNss22Bxgoo4uvRPl1yPSdvWXqbR3QK5Lenctwt5BlH7YEc2h
2020-08-16T05:56:42.924215587Z 226 EKmRnwyfnivSefhXnplWKyEDsveXNh9ZoapzcHgSnVaqdrmEfbca1CgCyWHN
2020-08-16T05:56:42.935998383Z 227 tYEZZRlRNuWDghVc7jTFPbJcUoHoN386dMTGcqtkLIhtaPbn5CYvnl2c70Vc
2020-08-16T05:56:42.947937235Z 228 R3N3QNgIxtfi1NUwg6EUsJxbTBmePvqU1OElbvivv00kkSjLLk2qpoHC4cKX
2020-08-16T05:56:42.959401788Z 229 QV8uFddhZFDffdxi9yhX18ZjQh9jATLC1L3fDHlc2ik0bWPEFW3pkdcpAMKh
2020-08-16T05:56:42.969845626Z 230 8KAny8bUN8cWiu9KQ3tuhgIXti7RpOnRyEGlvDmybKFb0PryX0ZMGy9p051o
2020-08-16T05:56:42.981796285Z 231 NxqvBsMu0CztgkKP6GpKI0yMOy9tx7dcPUt3WGhHF2EiR6glgwns0Asp53xS
2020-08-16T05:56:42.993535024Z 232 JZZA6lf5FLytXCJbEO8VWYfwHQwz2id0gBXPkXmC0UZHM1vBwRhKV02LNuQx
2020-08-16T05:56:43.004199628Z 233 JcxJgiRwGg6eOGiNE3U9PcdJDiQdN5Hy2coftV0Sgy0vjXbocTgI8vkhHqsd
2020-08-16T05:56:43.015965226Z 234 EXTRzlx5UI8qmHwP3jM1ZtcYQN4AmxrnzaVhblUIQSC7fUPgXm92BCsz95ca
2020-08-16T05:56:43.027738285Z 235 bjtlWzqCToc1txaMcRXKhlWFgop8P5z99ixVVxqR4F7kw00wUE6Coa87DxP6
2020-08-16T05:56:43.038359007Z 236 BNwyRfDIlbyRIMyQp4d9i7qSYEVeHJbHqGdojGQD5Rb1owitMqAqD053uy24
2020-08-16T05:56:43.049373701Z 237 HUnuKVdI2ehEbFk7z9ge5MO4Cq0H3d8hDXJv87FyFYp9wzNwbipcR7Er6kQw
2020-08-16T05:56:43.061092257Z 238 svtLAPcJKyR7JJXi3MRanUFj16oHykBwb6DiaeL3CgPQPd5oTZRuGDYOwjex
2020-08-16T05:56:43.072835762Z 239 hj8cpPlovMRnBEMqOHslJ1WwtgoKMeY6oqc34YCb1pMFkM37UD5y4iU62NBd
2020-08-16T05:56:43.084651952Z 240 Xapnct4B5LlpHiNxai5rD6onBN1cOgwZ5N6mY2njBco9Kic0viaDkSGSxZAR
2020-08-16T05:56:43.095329723Z 241 tdPo46zqTfAgFrTnedhRHEdpuU7XI3iSWcP7gQV61mnlnyOhOEr0AqHM6dOF
2020-08-16T05:56:43.106872282Z 242 KNBV58mjsTJeSITutmtdEP8V9EoC5xfQkEB9EbpxOl70p6ANuXg4BzDTYCdg
2020-08-16T05:56:43.118267236Z 243 gh67NfCMgDHj1CrcJqxmbfjMaKE8lYjgbz2DAxPHwiu0jtpCML02lJwRIUbB
2020-08-16T05:56:43.129895396Z 244 F9L7byQjUP8AI62nJ8Oj85KktBaC0D6aZAT1BJ6BUf4VsjLczfih3DKB68A2
2020-08-16T05:56:43.141551788Z 245 fUWlQ7nrE8wILST753MeDjL7Zn15u9HEjlcYE2Fu13RrMbfTlT6J9OX7OC9A
2020-08-16T05:56:43.152280668Z 246 QirtSYTIKnNfmM0AsxTGu8TsVwg3nzuThCZm4ynedvqhNZRrHomSe4JvLzV3
2020-08-16T05:56:43.164087241Z 247 rt5zaFTlnZlAyoxBtEh1JiEVKlW5Qlwl3n1QblThAOcZhpa5e0g0Keg4UjQW
2020-08-16T05:56:43.175773202Z 248 C4Yzg1HnQ4NUK5gpnW2oYZX7oX3C9nXgPmgRh1q94cAqWfbvDxd6n2GNt6ki
2020-08-16T05:56:43.187740927Z 249 M23980vJt8g1hrw6TP40BEaYsGRo2H2KYwhWU6Ryzi3tfpiiBDCoEuG6sBXm
2020-08-16T05:56:43.199351156Z 250 KznEyNB5xJu4jobzoPSKWL6ZvOCKbgo4CACzVq9bIaCFbbwFU14r8110a1Q9
2020-08-16T05:56:43.211029519Z 251 jR6E4WnT5qBh0KBgZ7TmG87Law481Bi6E6iLrZYA0HUlrhnGArHTgL9Jr7rB
2020-08-16T05:56:43.222799477Z 252 NMxuPOfkz7MDlcuXUpEePp9wYX8MOvhWUVOugdsOjyvCyH5iFY1nb0NAlVcx
2020-08-16T05:56:43.234504329Z 253 vWfmjGTlvkyp9Ss9wzfqkgWQANSXNW02bGbWnRJDJp3NoNBWspYGA95rKpjg
2020-08-16T05:56:43.245519333Z 254 olfLbLabp0wjsj5rpSdFGl3ig2ucp5Qx4YTQgpNbQMXiIUELC6a773NdxSFW
2020-08-16T05:56:43.256122502Z 255 b97XVl1816ICJGftIc9kJQ7mDRoZc9FjDaTmCGrbsCaRqMWA5jESlWlfnqtL
2020-08-16T05:56:43.267858616Z 256 KljxO4CBGv3u4aJJuidUgbbtYYPpZJG3J9kOSYjYUQxnSc43wvc5SH6vyoh9
2020-08-16T05:56:43.279571234Z 257 rlI28NiQdF2nsQ5XJRlfDT5nMF4flnVzLKtgLiZYWaPwbwa09thcgKT9cod4
2020-08-16T05:56:43.290234624Z 258 pwCSTCuC3r4Vpke2jYlcrPM9gwRHWjhN0fYmDNPrqmwiDL5Ix7gESwdh9hDb
2020-08-16T05:56:43.301974370Z 259 HXjpoT3YGIguW89N24iXmNOkWw3ZQnPIbie35bOEO6ufTnL7Si0gw90ZX4fr
2020-08-16T05:56:43.313485922Z 260 wm62bSiieL9bVQWCKcAMJmYybzJHQwkGe00iYy5Dtfjv5ojv26KhEEe7oxUs
2020-08-16T05:56:43.324689237Z 261 BV9AvjDBw0MOVw2D5sz2kcK1qpzibQtuRMiJp9hBk06Zy2BUeEMs67VYroZW
2020-08-16T05:56:43.336399035Z 262 EkHZvN9saxlqPV6BhtrTpWemJsSdgXaklrQcWW82Fz1DSrSzhNDmLkoeEPIJ
2020-08-16T05:56:43.347028893Z 263 GjFtMieR2hAsjdKsQGDrwn3TeQRWWTWuVmEvHfOOtlG2aNPuTS5SruzliUoV
2020-08-16T05:56:43.358755582Z 264 MFPOHpFBJlUSKS0VSrEjXWRiy7izvzap2Mwx4NkjRuvotqLtW3lRuyfkGg9P
2020-08-16T05:56:43.370474665Z 265 7bfQ8CgRqmnVjZnJSl0802EazlQ2AaArzVk7PLCbZyFeCuctMjRnAhuoGjlt
2020-08-16T05:56:43.381094419Z 266 0HrK6G5uML3EfycxNClPfn0Repo2b0xgfxFmGUNxUuqBEP1DlusBMYBH1OR7
2020-08-16T05:56:43.392657933Z 267 XqPsj2VKlKETS5ehmYkCgjHRtjc3rgNW6IDhX7MaT1u1YyTDZ4KRAo7iEfnf
2020-08-16T05:56:43.404178229Z 268 swhrDswCh5KIIWEUirMljow2ePcZQUrfcwOHuAFTZWIsF94sd3h5XxH4uhDg
2020-08-16T05:56:43.415875703Z 269 g5YfiA46sKNru4TJTXtKkuWF6x8bxHoW2ogwHMRCtfm7QdgbPGJlywmVH6uC
2020-08-16T05:56:43.427640004Z 270 upFky3gA83MLkcfvYwU0U8PyMeVmafuZklKe5QFMpBNjtPMmNCbkukRvI8bb
2020-08-16T05:56:43.438498554Z 271 f9sZy4jUXH5z0q2RIyGgMYleBfsFtvtYjOqiPf3zQcxdwS105SQ5XBmkKHtM
2020-08-16T05:56:43.449281507Z 272 O9kYnMH5y8uh84l9RZexvURgkLjojaM0LLZvwrLj3bvmKizZT4sAuhzee5Sb
2020-08-16T05:56:43.460734141Z 273 UHYWSSgomYVtlhnfSwHt99jIrNHhE35IgVptZLkhlbEM1jFKHCQO5rWZI8QV
2020-08-16T05:56:43.472381558Z 274 poPWxBKr2IIQ768s3iZr2208VSeQ2kXg7eDRPgniDecEpORzTwqUY5AtFCK0
2020-08-16T05:56:43.483994624Z 275 CUIf4nk186SoFnB8n1YXA1wiSUiulTdrcYUmNfVzb3mF17x1WtYcUfweCwRB
2020-08-16T05:56:43.495723394Z 276 1pyohoFchBWPJzOU1m2LmT4pLNqFMqnf88fPVlK3AVX0cb1HHBm55ireU0iO
2020-08-16T05:56:43.506665590Z 277 C2EGKYV3RZEXOhYE9C1IFMSEh4ILtrGHDMW4glWOlbrUmPGJWJn2u5lveSW9
2020-08-16T05:56:43.517134983Z 278 bO1uKap6HYwUddJn9bdUipuZQnpdo92Iu1nzvgLERTpG9EhVbkmWKfj6GaLL
2020-08-16T05:56:43.528289090Z 279 GlU0Yw3sTvkQRb6jTjMXIlRcJgfj2FlCLsWI92Uit9tL5uoo9cOzuO1Au3ig
2020-08-16T05:56:43.539106033Z 280 UFd5AfEgHAdm199slg6ydI2PuDDfp7JNbZkEE9Be2qZKNtGJ7U38Zekrk6x7
2020-08-16T05:56:43.550650188Z 281 PKgbeENZPiN3mNLpEbC1rpXi6ci8V7Bn5LZQVDfghD3pIFZ4c8VbTECIFwxb
2020-08-16T05:56:43.562331207Z 282 EdsvCvlJsTxfdE39fzsyCSaxlk8oEIhtF0wkv4v2EJ981lWVsKoETCAteIOS
2020-08-16T05:56:43.574135887Z 283 OjJJbs2ubJVtQBIiqwGR4RdaHZCzc6PDpqoB3K77UYpRH5YIUV2xzOXDMjYz
2020-08-16T05:56:43.585964559Z 284 7qeyMpHoFO4HpWaKM0kPvoRK53Qnz6kcOfigQzzgVCqwOJJ8gy6Jl771loc1
2020-08-16T05:56:43.597391623Z 285 ORSL9QjZKjSJZ8aY0ReS4yKBSCShN2DRxxz7Z7pfHd2TSpUuRZCq1qBipElY
2020-08-16T05:56:43.608467522Z 286 UJZ5tHrxPqitk84DrzR2JuaByM8acXHEgRllm8bA8PQYKvixJmUvmfppSwsC
2020-08-16T05:56:43.619101241Z 287 KsMMEncuzLjhflrfDXh9wU0VPomxQlw3BWIKgz1jJj8L2ojkcgABfcOPnGX9
2020-08-16T05:56:43.630848865Z 288 EPiCtzp2rmysT4dzYhA0GCmqlDbIl0aEHvZ8B7y8FmhtKDfnmnQxe3XTt2xm
2020-08-16T05:56:43.642057438Z 289 DpiQGjHhhffNJDMyfFdNf14jsK1zRlJqa9RUz6Wr41wUDhVtZUUMWWX2eaiT
2020-08-16T05:56:43.654310970Z 290 E2VksjsbECft8sekANeKTL857W8EDjJZ1AuJlKMgDZ4yksdw3qGn99NFu5yH
2020-08-16T05:56:43.666028552Z 291 ROZCZNcuuyNDAlrY7BOHyHp6nwwik6ivB1ck430igZ5yP616RvAZIiTVvkUM
2020-08-16T05:56:43.677439321Z 292 cSsGNzZyJMrSJdIjQNbcNey1QOaAcuhXowS71oumMclQNXkTaErDT1ZKRgeK
2020-08-16T05:56:43.688050027Z 293 rwV7ch5FzSfU4WK5YalhjpTisMcOzVjS0tBSVeId09yIGEE1xjaTBWr4LxvF
2020-08-16T05:56:43.699902912Z 294 zakQi0JABoVQoC4R7gcuwyk9gP0Ba7mCRovQH5qB4pb0iOopJSF7tkY7HAnJ
2020-08-16T05:56:43.711668185Z 295 Sv4SR08mJSc0jysvG0knfyCpZTyoNbxScUtfYCaamJLFQpxSqVHFkWZMRfmW
2020-08-16T05:56:43.722949427Z 296 BjGVCFQcChvexKCSOU3bTLydPCm5pRqcAZsbd1Z9na4Et3qM65zzL3o32tQX
2020-08-16T05:56:43.735286389Z 297 l2QrYn04U7znA9pfRx9TN7MCbNp6dftHPEgFIo6HqLjFA9jex1Q2YgruBrLQ
2020-08-16T05:56:43.747014918Z 298 y0DguzTQlqDw7MSl77h194NqYZ8z9CCnd9WQsnIRndOHYOYbb1Q4ZBNaz9UZ
2020-08-16T05:56:43.758701427Z 299 Uk8NqgwYGO7N0XMQb6IqfM3TJ0AjhmRdU0VU8N2E6KTNXSDesvKbdIHAolgn
2020-08-16T05:56:43.769455786Z 300 uFgaFCDwFixinFmkYuw3cKi1a62L93VVsDPcpTEP69otQykpuusEFSHOhMNJ
2020-08-16T05:56:43.780594263Z 301 kzQKAxUu6cfUgMITBS6oAn8J3dvR5xR97wGe63zLZm4tN9Sr1YXdYxq5nuWH
2020-08-16T05:56:43.791291521Z 302 NHMg69b0mkuGOAMjJCBAwZTv9dreg2UFH98PZEWKXj8FrABKVrvuw43pmtyS
2020-08-16T05:56:43.802970020Z 303 0jFiPJupsPWwYgMv4jQEJV64Tuv6f5Rdls4bESfW9jZHoujiHR6HDHe8xs16
2020-08-16T05:56:43.814658039Z 304 K7ClLTtvInUzoRGPd2aiSmJopfQQuzrM18UkebYWMbRMsjOye5PANmhO4BjK
2020-08-16T05:56:43.824974725Z 305 W80YPNgbqVD5VWExiuTv8YsVIpQ3JVgI0aRSULQdNtmocNSj0BchNf8SV5mU
2020-08-16T05:56:43.836773642Z 306 Hqi8P6s4yrg04C1dnxZUXMHD381bwtgh6Hn3RzQ5D7J7BN7FhttcicGdJJmB
2020-08-16T05:56:43.847823028Z 307 c62qSCyjJDapVbeQxuSxbeZ9pmow10uZvkER5XPberZWC4RGwXHNQrUaMQbv
2020-08-16T05:56:43.858448754Z 308 i8UdqrKueClH3qwmZfkKJEYhSsh22uVOHOvMl1EbpmYOrnXOSh0Dm0mzXCfE
2020-08-16T05:56:43.870113281Z 309 U9ImG2PLNBox4ZRHpi92Kcc6FDVUOKBfc1JoryQLVJHwIXQZFkOqGsNN2cEw
2020-08-16T05:56:43.881826065Z 310 wv4I70AX5GmAbZxoTeCvLb6dXOQV4LD0PKD7z8jxnNDWF0M3VOCp3F4w5Qe9
2020-08-16T05:56:43.893236984Z 311 78CXF5rmk3WOg7rMOf7ZfxUH9xSdVIRsrOsAlBkJ5Qm61xCQ3mQIJhLye6Ly
2020-08-16T05:56:43.904174943Z 312 Suor332oEtMpL29LZrKHUhxe1vfYS2wH467F69I4TJJbMeK42p9A1NPlF3I2
2020-08-16T05:56:43.915889632Z 313 sxcryWlt60wwlXUQ6fptQ5l0oWFADnnPaxqlQbLZ8Py7NkquyKqGHJbGyRGL
2020-08-16T05:56:43.927769264Z 314 jYHkBEdc3IabQPshH3OFlBW13Ss5iM1TQOFGhJx6pTJAKswnrj1BbNbTH5UL
2020-08-16T05:56:43.938169591Z 315 5Q0iaMZlSDxHlpc6xAqWCGyHGo33iE693ChLK59Wy3LAzMqBWyaIKmrPYLPu
2020-08-16T05:56:43.949906454Z 316 CUIdMDgPAf6RHDRASmDiNiPSmmsIo64PvD17aQIYgcaVsstGg2gsyIba3GAi
2020-08-16T05:56:43.961329117Z 317 vMdQkusycitJg9AkE3UihZ8DInpwT4Ng0QlcqO0gMCLFzfUVlgDAvD9loUus
2020-08-16T05:56:43.972886460Z 318 b2IsppdrlLdFRmCM9NjmeNmnDDIyeSsZJdOD3OjbvWOK7xGLa2gScp4V6YeH
2020-08-16T05:56:43.984483408Z 319 HG04eHCv1UDdXc0vbWj9CdXsP3KMn4KqiyIGym2ATyjRuDCDYdGkChG9vCvO
2020-08-16T05:56:43.995103075Z 320 5UDWG22prE0ygS0y4JjJqy2bE2V6w9B7iPlE78NVGxwsFAoNqxBIitPNTJ7y
2020-08-16T05:56:44.006464355Z 321 iEXO2yFDg5A7umHgfzA0cUfYbJdHX3V41fDP5fnkx3jAna7UiEZCypmIzQLr
2020-08-16T05:56:44.017806755Z 322 YlBRf9ErbofuWk9qqZM1ayrJDJmxIzwUKwlzKa8jzD9hxd7tjNY8Rt1iMhxo
2020-08-16T05:56:44.028196282Z 323 uyDnJXtN9pUQYDBFafF9cshZ9mqMG52oGhb5ms2C3pRGe4FTrRlvo1XFbXD3
2020-08-16T05:56:44.039813746Z 324 URosacE9HNTQRRWoWys3yUeKACWtHdyYSQgH1BTsMGMiHyKzYxHKPUBiwn96
2020-08-16T05:56:44.050750665Z 325 q6N1eezteVUx4AfprT7OeCgzAFYyvJGrybHKChWJyMXazu7UnkyYiDpFI3lZ
2020-08-16T05:56:44.062737905Z 326 ruKay1PfwIIa4tA6rLtigo68NaGlop50NtEt80WyDpNutwJziLLhjikZ4IMS
2020-08-16T05:56:44.074432379Z 327 elsxTHC839SA4gvXsdBNYJNNSGkVjSqohObYmde5CWrrl2N6zxM5SuipyjXX
2020-08-16T05:56:44.086107758Z 328 HjXIJrUMLXtCvIPi2cN1QT7WhMOrS0fmsMuuqC8q0KCHWypmg6TyGZDTPlRo
2020-08-16T05:56:44.097570068Z 329 Ct5pOgMJrvlsYAo7qLd3drmLA2sAC5tydEQ0bCErY0P5Fus8woCAtIVvQoHX
2020-08-16T05:56:44.107946163Z 330 1KNQUoNJpQZU1MlrDASKCWclXKdv69j9zPUEJBKVHlI4hj6DRIWEUhaVi9oZ
2020-08-16T05:56:44.119176357Z 331 xW5SDEYYX3lixo0JVI28zC2RC1pbHaHFJMZwn2P6pRdiqoycAcgooPdWW8Cy
2020-08-16T05:56:44.130841362Z 332 xGjQ6TSFm40O0nBtKZC4EuD6NCbguS1QjsnTWD1cww4DcWFokcZGZLUL8tq3
2020-08-16T05:56:44.142799342Z 333 F6sPJChv9YZLv08ThQhfGdEpxztY1YqF5iRn1DmcolZFMZKizaRwXBCAGXQF
2020-08-16T05:56:44.153410795Z 334 gmAPUVI6Ox2iiv9PbrjSfBeeDpcWGPd7u64xywx9SVGKbTv7Ghay139YRsqm
2020-08-16T05:56:44.164487285Z 335 i6D3IksSC5uv6vcNhHonaMEWrGQFKWEgVk6p9KHxixdATv4ScMsoJitCaUEu
2020-08-16T05:56:44.174893799Z 336 A7APcDTRUysf4cuQKQvUTOYRVjqtyOqryucksC3gU2W7XWzL0bHhJwwLTwAT
2020-08-16T05:56:44.186437782Z 337 LD5gw0Dfz6PtUQg00YxTBy7BsskoC7gKDjqsfk5y2t6CjtfL48ymtLi2m6Md
2020-08-16T05:56:44.197060723Z 338 MwiW2LPgUGgp65wHNY4rIKUHRPKzsjk0UQHEwbOZHgA95NMQ2Z5QJNQ3SwVo
2020-08-16T05:56:44.207969025Z 339 A0VcdcU30F7SZkQFSA2pRIoSh38TLE5RumMczPMTP3fi6eVtk5wpxvk04akz
2020-08-16T05:56:44.220039344Z 340 evbWHjnLzKcDIBB7O6jCNEIP9U23pSfW6Y1EEpL3N6fZd1W8NsFrKoKohloW
2020-08-16T05:56:44.231726355Z 341 RvQQoOW0N7jeI3ishvJWhUlrHqtLohf9JwsioPBF2MXOlDodG1U5t1ZKIQgc
2020-08-16T05:56:44.242347638Z 342 OfYNksaWaWVHevcNlrEo7pvgx6w2al3mLfceNQF9WHOFCqOXEY7mx8DrpgRQ
2020-08-16T05:56:44.253991701Z 343 ODbHmOX8q1h5WtOioKIike3idN98N4CjszhcpufUVZGcHuGRoXsayEcL5m9D
2020-08-16T05:56:44.265648417Z 344 NkwgtTkaQaupR6KprhGNOkSESwBp0huiu5lxJ9xOs7Z22FZ3o0bAOoQsJJgo
2020-08-16T05:56:44.277170757Z 345 Z1vSTeImEiqwa1w4Ct6HouaVWeO5ZOChJengdY27kwtUPVAH3TA7a4O9XSXR
2020-08-16T05:56:44.288931127Z 346 VCBaKSVxpjelAvmkzjxtIiU1oiw7PTd3vJAci5hmWojMsEx4kNICZW1jyyzc
2020-08-16T05:56:44.300684107Z 347 NmjeKmZP7GtKnr1f9TKOLUlU75eHOWYYYGoGLqMeJQKULqyAeGihlhcZsBX1
2020-08-16T05:56:44.310841685Z 348 SEN4Oa2ffReEfjjAJdZH8ZvRcTdrJMTbnH4nnDqh7dl7GV7dhITLigoDzxx9
2020-08-16T05:56:44.322655113Z 349 SSky8qWQBjYFGMfTRwvgo0FDqnSDTPEUVdqIi7mskaGiO6g3uI9mFN5xuPdT
2020-08-16T05:56:44.334535365Z 350 4Fu4CMzdAQEwQRLONBboUXCUw7EK6NIrEUtMX7pwrqlxb2XecflNvA0C3VMQ
2020-08-16T05:56:44.345385599Z 351 QuqJpmyhUCwUqgYibMhoXLaGmwKFRaNpIqeya93bdsnbW4vdrzdbYg1BUl8Z
2020-08-16T05:56:44.357093819Z 352 Cn4IecnJ5Of6uPqJ5xrbOULJvbZiE3kizrR7HvDcFlUda0x20DCryzyavNun
2020-08-16T05:56:44.368801477Z 353 CfThLNwFOHrOFw9Mm9E8iKoBLl1GH7SDL8x0dPEy9MPstbJlyqLPnfs9xVOI
2020-08-16T05:56:44.379920899Z 354 ZFkirck8oHZ0xm0zCmLKf5rcAAYSlYy3JWzw962Av1Bo4NyH55HwrmcIs9eu
2020-08-16T05:56:44.392364484Z 355 RXa8CiPCBHdSXEsakGDbzXEew94XA7Mj1O5q4aszp7OwcPwAwjSABEs0FIAV
2020-08-16T05:56:44.404098494Z 356 nxhiNe9mgMxFWnfIKAxXawaTK1uRV361ea3q6WpaTtnsEeOafWwHtmEmI83r
2020-08-16T05:56:44.415821089Z 357 i9J39yS4xDb9GLvV8EY6Bga8TVNpOUZDKzDuAAagAhCf4p1Snz1JIvOpUKfV
2020-08-16T05:56:44.426664898Z 358 USrolMxd3GEXNdIXW8AhCPZT8pu6txe7EkzRVRMbUsaOiwEN6tJLJPqarK38
2020-08-16T05:56:44.437108606Z 359 VRPGCgI3YmdmrkmTM89RnaT69GpYU7pnbLlcvOvSU8viG80ZRXTVuLWr7gX1
2020-08-16T05:56:44.448764049Z 360 uROgc1O15f185JPSGAbRnO60UVWfd6TRkyeQ7ctetF6HCjUKs0KJPAXqOPCK
2020-08-16T05:56:44.460071646Z 361 olRGzCFX65WbB9q7u2PA5oLS24r3xZCFGg8p71IbWVN5xDah80JE8MQm8kdg
2020-08-16T05:56:44.471555714Z 362 Kq9gUyvQVtjCFXTYFX2uFwKhM7HlIrbAD0Acx6SO0K0jHuyRbyI3CEHFeN2a
2020-08-16T05:56:44.481927839Z 363 IhCj8xcVVhXs9CQbsi1QKpUMIvskwfhrQoCh45cbLUl0HMdIroEmhUs4Tdqu
2020-08-16T05:56:44.493677169Z 364 vk5acCp0FGgNocplYCf53AqybB1Wzty2gNDl9WXQHfHrCtYfs385eRcbhM2W
2020-08-16T05:56:44.504190729Z 365 DDXSJYhNntKB5KvaER9KgBPc8lrcffwBPTX4vVzTJQsWV5g0MWUubqNxeGzY
2020-08-16T05:56:44.515973758Z 366 WUkyvhz7bC6erAljloEKlDCvkosLpnk0MXb7hWdip5yndZbxctDp2WP7u2Lp
2020-08-16T05:56:44.527837418Z 367 svdCXgp2uCJSvnXkC09ZutVWWDrch8rjajo3mmbovNksp4Dlz90irDXToIJ6
2020-08-16T05:56:44.540025686Z 368 EHxwyEoXgV3DvjDcCrCd8NxGGdk0BIQep3JeTRmUaVLPu4i4W7zLl1XAoN1N
2020-08-16T05:56:44.551789457Z 369 tU6OXsXzY4SiUUouCnWbwwuRV7J5No2NknTKzBm7mwizSlgdq9K0FsT3p5Ql
2020-08-16T05:56:44.562457821Z 370 sH3tBrehktxfZpisQmEDnYknbdIfRTW89XsXeKOfuRMDARtqx59MjlEfKkHN
2020-08-16T05:56:44.573174886Z 371 kNr8G1EaTj5mGddWyB88uBy3FsmPQ6BERUlqLofyofGVRd2HDuySXy8mL2lT
2020-08-16T05:56:44.584963703Z 372 0YBYZDDb2InpTfneSLC8lLxEIGEi3j2j9mlpXP4XZemk26IeHxQhf7Isq1lm
2020-08-16T05:56:44.596617160Z 373 GohRcyr9wISsPSY31mSmiCaGfyOf53PMTga7w61vj9AqbzMcC4FIN6116rov
2020-08-16T05:56:44.607079582Z 374 Nwy37EISQnSbq5Zhbmb2teZOnyf5AwfrY46MYmq6DPSK3WHwAQsSXu8Nx1yq
2020-08-16T05:56:44.618245186Z 375 iOl8J8wmEDWpgcDLKQpGgJ025vl4lm0OTVkeNOQ5BS50H9kHFTd2rYYsyFtT
2020-08-16T05:56:44.629974110Z 376 hEIxwep216p5gNDATsRsbGrGsBbX5IL9M6HTCGLAxOhob2znBDF32KfbgTTa
2020-08-16T05:56:44.641700849Z 377 7rY8DUgWVhwGObZ8U8QAv7HLJ6ksYQbUXpkG0QCFyasTaVq7QgXI2exgReLT
2020-08-16T05:56:44.652669335Z 378 X4mSD4e5Y8gBHklwV4iFuVXUGfM82SILaX4vMaf195wSgZDNpDyCXTrsL2QK
2020-08-16T05:56:44.663974566Z 379 WrlfotetLgNJFGTIHYvlyzHisBAfnFPh2f7Sh1ukPpDLYf0jhvPbZRuDEgz8
2020-08-16T05:56:44.675755360Z 380 MxlFZeRgR1PHv5uaa379SUsROifLkaRE4wwedJIcsCVIFbb6EOcw2A08VUSo
2020-08-16T05:56:44.687346229Z 381 XoY8p1wFj2rx6Vky5JTRpHUTnaJrxKHzdjtHwHiEWKJqlW4YKaY0zj1x5DNE
2020-08-16T05:56:44.698979967Z 382 ZFqmjszUQY9h3vNmLHGIFaWOOEnWlGoKYYTQ66xROgWJ0XVEUKGUZsiNR5ff
2020-08-16T05:56:44.710691300Z 383 J5VpxxFIaRrz2Dr1t1osUSIy3qMvCVwaQt6nFOX96lJnNNYlUiT2hFYl9w2j
2020-08-16T05:56:44.722642943Z 384 UwhCvbTsMJXyMsqiH3ZImayw5A8zgEVDXTcn2bplJ0nVLQwl5jO5IObwB7fK
2020-08-16T05:56:44.733102698Z 385 GaV4k8ob5gRfVb17zpDmdd460yTMoog4v47qFCvCv6d4SotmokdTpJmvfoUu
2020-08-16T05:56:44.744532801Z 386 2DN3cnTvrFlkCa4ctS6KZIVp5QNhbP60pLbosSsgPwZv2dUEYB6PIu9QB4pD
2020-08-16T05:56:44.754935125Z 387 4LN5ydElx4WhKzBvlfTsBYxCm7hoo6ZTKKdo9SHZGOOf0aol36kU0mzkHdNx
2020-08-16T05:56:44.765833168Z 388 QV6BlyyPE79zBQ5Kr61ySIuGpENGqAIkvad4tRJlb2DYLuaTtzh5KrzexVDV
2020-08-16T05:56:44.778428567Z 389 6UuhpvGkt51u2y39agaMvzvlc2SuuTVHpxw8RAcroJcQPFHEbf37vWNj0e5F
2020-08-16T05:56:44.789172855Z 390 tpW3kVuAxrTJSsyJ8L9eKbYfHGHjrNe0ddKoMgcLz89ENnbkwrMHsqzJGq2c
2020-08-16T05:56:44.800895258Z 391 BE5CTxh6Es5gDd8UhTCPhkh2JKrZcKCUKyohzQrY6w6CuamtQKMfaKSNgM3e
2020-08-16T05:56:44.812596534Z 392 Ygtj86Og7AsPvkD3JxOlRGpqIKzSUURWxM4YXl4N7NsSBetML1CL0emSGJ3Q
2020-08-16T05:56:44.823011167Z 393 QdfV5xuCZ8BrOLloV81ZBy91v2pcaw0JuMLy1hJyYmYOrcjVEZGj3lpHUlfd
2020-08-16T05:56:44.834591953Z 394 A99HwxOPhcWZYvOvVYKZu4XFyviEgPYDQBjoJWK5EKGeh8vlxCQxcQoc1Bw3
2020-08-16T05:56:44.845331100Z 395 7a3r5yZvusLtJoMzxP1AfqQdj1ShRAcDg2W2ALuCZNFjqishnJ6AKSlSdOFk
2020-08-16T05:56:44.857032944Z 396 u4UavFbOKC0sNsJKmu5UnN7dhT6xbNwYz4usX3S2m4VsFewS2oubKLpuwnxh
2020-08-16T05:56:44.868820830Z 397 TMVoZXYdt7HVK2UhU1KwlbScSb12nddvQzvZB0GrAgA7xaqDsqj6ML69l25m
2020-08-16T05:56:44.879638067Z 398 QA8HizcDubrUllHkrJADzwquUEwCem5rXoyuy2YeyoUAtEnfZHJiZLJZmuhv
2020-08-16T05:56:44.890405675Z 399 e9dvkFrButqUp8COph63JEEYlTMtlgWBtejsk7k2TaBgnlDuwHMQxA5ugSFZ
2020-08-16T05:56:44.900963302Z 400 5B6916IKJPI9FrlmR4wffitVbm5pTffdSSSqWOV0sHvllFdkvk1DhirL3FQD
2020-08-16T05:56:44.912842237Z 401 VvdY2hecsz21vuYlQQGGCfrRevkH1yxatjPfGb6QiYhZAmUTHYs457fKPUJp
2020-08-16T05:56:44.924649930Z 402 wFchblmxzgIKF5d2GmsrMygOBTnqRhWF5dsUf2u5nynZDUthNRVcHNTkTz1r
2020-08-16T05:56:44.935160264Z 403 4pQPKLdrQe3NAfi4aF6YRutXID8o4hnCa13wlWt7xIVcQJiqqvl8MCdXheMT
2020-08-16T05:56:44.946827350Z 404 MAlweG1lLdJ8bJZQuIxLHRUE6lxvdudl8dQdpUAgbIFC6GLyH6ir6zaiAx0K
2020-08-16T05:56:44.958801348Z 405 w4iAgAhbPmIPooNZsjtcLBtYZbSqOMIkvMAXmYQSjAiMyJLnBCUy1VyB69JV
2020-08-16T05:56:44.970265056Z 406 YYvyIcQ9L2vJHXr53sHOlilpJdb7DU1jRxFzDw9Hpp5eycgQSbS74OV2Pb2k
2020-08-16T05:56:44.981959832Z 407 8EGZs14ZPAFFDeyrrVuPV9FR4TXvuHpi7CmrrfZCvxekp2xThcBLdAVnhonu
2020-08-16T05:56:44.993678959Z 408 7343GA4VLM504WiYAfH5axOv1nH0bMu80xPYurc1hpT2wVUijhPjFFlZIFbm
2020-08-16T05:56:45.004527386Z 409 E8juK9Nd3TpJcoTDCXLBgdzdNxQZGP56Q9At9ZCYTKYdHkfLu6ee87TUuZrd
2020-08-16T05:56:45.015187238Z 410 vXPYr8ac2QVv8IOYc4smI6ybI1VYmqVValDfldsqbWypYLw8oIRMu17VW190
2020-08-16T05:56:45.026406099Z 411 Kx6yfbrO4tSfcJmTkusGj1GY2VBLiKgfFTaDWeCkiRi8k1PjGS5AoByQv4uI
2020-08-16T05:56:45.037148423Z 412 MhBsjonz3ZtQYRN5VJhTd3jEe7iSuIiK8Oj0EBNnqEax33lwV80LDmwgggVU
2020-08-16T05:56:45.048859782Z 413 IAqG5jrd2pL7VCUjqDGsajG2XMxs0EIxRQAZVJTkOnDRfqJUoxzTDHqbqUjt
2020-08-16T05:56:45.060666592Z 414 XeB5LBXAmG8n2Qqw7eTGnNnwsjOB95v9HEOwVayaOVJeiiIwnGKFfW1Rvj33
2020-08-16T05:56:45.071137082Z 415 u4WtsnC8Og8HZPjeO0zBJMI28Ba077uFkDQYrOO2pPfQk4QapJhHxHt4tcdO
2020-08-16T05:56:45.082786271Z 416 L2wWmMjUQYXJlvrepnXzNEpwfnd7VPcyYmqzDK92I52eU220Ejb1vZpCAWpK
2020-08-16T05:56:45.093971717Z 417 kR3DkPkq2hq41K36O2BYD17C8RHaoIdSegHqANYd2h2JnrwdjscJYg4dsrd0
2020-08-16T05:56:45.105517876Z 418 s1Be8nVHTGRg1lzeqGaLzMpeIaHUtFd2cBoEhd8fRcWEOe6cWrpmKCHyzFtG
2020-08-16T05:56:45.116121166Z 419 xAJt3ca3DLBUcF8XKyMwomtusOAcVjqJCm9Le7GudJwUjAEkcEU5Gip7bVHJ
2020-08-16T05:56:45.127725659Z 420 JpojMiwqppldVmgoYlPt7cfddFvBM5AqMOI9H41YXJxyyVizZ6Sh9jZtApjR
2020-08-16T05:56:45.139366169Z 421 fyfiSXVVkUmMfkT9paDYud86t3CGT5skfkZ0KB2PJPdoMckjhEbdnDGCkDd6
2020-08-16T05:56:45.150103875Z 422 DvCXUdeATS6MebxYyzM91I8Xl7dI4I9GUOsNghxzFcxoPTDBCpVS3uBCqvlo
2020-08-16T05:56:45.161789750Z 423 JzqnjzU9lY2d3ZipGlOj58lpzDYrbCfey5ZfvlKd5AvJdl9nFJWoVFwTe8AT
2020-08-16T05:56:45.172952530Z 424 OAyIU6Fzzv9y7okT7ktojQ1Fe9X7IdBKTyhCuLveoiT26wrzyOPoOeirJ4g7
2020-08-16T05:56:45.185292339Z 425 7seXWLY6wjPhzM2UE4kMP3TI94RsA7SBnjko6DUHSIOmujTRZ1Vdk5Nx4KNv
2020-08-16T05:56:45.196964555Z 426 TPgRix1bGKlXnctDtbVfvHV7h0Vs9sz5JN3xP63nr5JeHFHr42MxLOFzreXQ
2020-08-16T05:56:45.208720417Z 427 Bdlm5N8yVsWBAvfdS83jMJw6iJbdFPuaBmj6lIlpln60nv9Lh1cgz7mS1cVm
2020-08-16T05:56:45.220328418Z 428 VS6LmKLFDe0BbMUQkEIqXGDrONrX5SpBlzgHbcX5P0npkTzueJ7wtQIYbQRp
2020-08-16T05:56:45.232424995Z 429 lGPI1zR059ez4diU2XXbq865xHxWzRdEDy3q9bn8CRms6ect9sFy7UfVlWWR
2020-08-16T05:56:45.242830356Z 430 74rgsmtEkXHck1IbcSfXlBil2jyL11k5wUUcXJQ74tpILUjjm8cNfwEVrJXp
2020-08-16T05:56:45.254252731Z 431 l3YK6IeAV3i9GBkiiX7nGRBttaRUAsPb53uXDCjrTaCt9pBajErNjJMyKMFN
2020-08-16T05:56:45.265710808Z 432 KqoAFMdvUjTdSCYGAbb9NM86xDuuYrJxWi018stm82tkpsU2d7s1IRgl6AdJ
2020-08-16T05:56:45.277281869Z 433 4pxdV6EDMkNiN2pSfDdZDXhzPkr7fUuWQPBxCqguNhp3RoJhJbL2xEmmS5Gk
2020-08-16T05:56:45.288178748Z 434 uWpFgXyiAJ2L3fkRbMHSBBVluYBS9UF5EA2aPKivnGyJdFITPZsAZlcHakMU
2020-08-16T05:56:45.300012445Z 435 OImjYHa9exMw1Ok2IVvgxMge0kdhHZQkOOpzvqMTZN7Y9hq0om8meIwhWFBC
2020-08-16T05:56:45.311430217Z 436 PdUuo6u4piG3ZlnksKYy0LKCnFunKGpfwqtuawTrD0TmnMzjZu3ZHojRaGdU
2020-08-16T05:56:45.321930094Z 437 fYVhKo1e56ZNRgk8XMkMBcmok6yX47zJdH6KKNld5iD5lQUSCu9CU3EJ0c3w
2020-08-16T05:56:45.333522266Z 438 hHvtN8igP2h7Tt1mB0dLyWfdzDiJXqA4AJvnZEx2PWpCJm4OLANwJPpBOj7b
2020-08-16T05:56:45.344238039Z 439 0izJFzzxvqDMbpPQoPiuwBpKQO81EZ3Dr07VHRvXiGqF7N3eCR1bic3UinUQ
2020-08-16T05:56:45.355611197Z 440 PPjoR7269c15OUKKcKh1IzFVYG85WGsUkM3pJ80UvO64YHNmLMBrETeKKt6V
2020-08-16T05:56:45.366197053Z 441 RWGZIoKJvdjX5AwW5gyX1gblugNPDX6OcMY73dWjjhf85AbaBSaJfIMnvElH
2020-08-16T05:56:45.377590446Z 442 moc3Kgh6E8LPS2UhEtGZtQcFSwUEOVYijWg0TlLPVptv5qcFeVKdtOlgHccb
2020-08-16T05:56:45.389216026Z 443 rNaSmpR6b9U1Xjwaj2EoQZWH9GyldVW9J5rnpkquNg0voLTAYYGZyP4jZRiI
2020-08-16T05:56:45.400902211Z 444 HnDvYpV9WZmh6JnyDSKh0577YkseyEcAfGr1pBOoEVwJSNt80JW7lzkXEMeu
2020-08-16T05:56:45.412389200Z 445 fSVcAIuT5rtSsysPomOKH7icchaCN7ya4Z2M6sMJZRbnbk1NhYGSb6yQlU6D
2020-08-16T05:56:45.423405935Z 446 IPDIZ0lhQdOz29obc4G0YbGsiQy6PXxXo9241DB3BhVed6R8klZkSFdjGjT9
2020-08-16T05:56:45.434656772Z 447 HeOi7DxDlFTJAXhmDy4uArHZ4pq1NTUeeBJ9nIjujwAWnqMy2egTzxGosPWo
2020-08-16T05:56:45.445076782Z 448 Ct41F8UdzsREWPrNtSOfVQFdbaVuZ7kxxqKXhhjfWg4IwvECWzf1bhP7kuFq
2020-08-16T05:56:45.456487788Z 449 QBnooNyEroKgzL0xuN2TsCZxMbLFhU7Gpu15jJNeqO7RuP93C2sjzkCjSH1H
2020-08-16T05:56:45.467080758Z 450 2sltkbScdpfWtYpVgOSu0g7iPmY6jNf3btaSN8TfxJMPG9GRXxYUx5ArfefK
2020-08-16T05:56:45.478758027Z 451 a4Hanqo4PQNOookdZtOa6doBQ0hIsxuTRVSb8EtPcStZTPTVkVtQvAETMewF
2020-08-16T05:56:45.490995891Z 452 jpMj8yGvxBL8dAJ5xb41FGvU8w5PjDrP1V7T60jyWSUANayeh7ZfEZdRJdDA
2020-08-16T05:56:45.502280707Z 453 21VPJURhuvOYcZqzUmQxsFmvd7XpxDrt3K7HJlETZITECHWjs5MdCGSKbMjd
2020-08-16T05:56:45.513900074Z 454 WTDicDt8l34mGdGpYytm0rGgJDSJoI2bSQiuNmF7okh2B6e25pqLm9TyrMlf
2020-08-16T05:56:45.525337990Z 455 IqOWxsvxK8g2o88PuKtkozroB5INTBHzJlU3jPDHaONzPBJb2LwsU1pHP2JC
2020-08-16T05:56:45.536961058Z 456 tSLkl2BU9QAAiM4aQYZ6FiHFScwmSxhdsYa7AqYcuck03GEMyS3u6PBoNCkj
2020-08-16T05:56:45.548784348Z 457 NV0oKbeKhCAs0SM61l4gjRwJPj4CUy9wgxOVsSZTaB9fvuIdyil3G9id2JtO
2020-08-16T05:56:45.560403042Z 458 APcTOZOaJkno2opPoD1CR2t0TUz4BDD5dhJhoZmiej9uIOP0b36PmW5SUEV9
2020-08-16T05:56:45.571671079Z 459 e61kB5pmSiuYi5n1Ss5X5k1mKXCZKXRKCLLJP9z2Ah37q6mF9TQsAYlfdtIo
2020-08-16T05:56:45.582294726Z 460 18Oms2b5lVwAXrCD2ySkQxBiiEEnlfmb9GLEh1L7rQcFqzwUNJIpiepVAYZ9
2020-08-16T05:56:45.593851427Z 461 hAJVBJg6XvPcQoJs4QdkFyu7qoh39ZDdoG0KLTNm0KaxNOjAkNYxt79mnIcM
2020-08-16T05:56:45.605482855Z 462 UmaDmUiupfA6eY9wLa9wF5MhD6T8JTKlT56QnOnE21ZGQhQGOcLXujOoPUrp
2020-08-16T05:56:45.616338456Z 463 TlVI80BBnTNGuW08I8XKlNX0pG7dFbMlnwtk3LDiCjbelgKLKv1O5Pg1WljZ
2020-08-16T05:56:45.628176571Z 464 zGlpaFnKmZ0XSqoC6WLOn61M7xJJY8cLmZoD99Tk6aLCACVdhLSWsTqDTW1p
2020-08-16T05:56:45.639479536Z 465 a4aUHIT27RLC3Aj1PkRTCy5VyicCoTi6MVcyTZL9NfbLKGxya3pqNo5GuwZl
2020-08-16T05:56:45.650129916Z 466 p1y51xv3t6T9GiOXkztj3izV4f5F5FFmM0eng2esxeASnlOzYVsGpmb2559c
2020-08-16T05:56:45.661667348Z 467 Wi1ycUynucavy6RaJbVtSataGubPehvW6zGbb9PzOPwRprefnFilNHXPe51e
2020-08-16T05:56:45.673075573Z 468 V0lIj4LBwkhbX0MdOt8v1FNuEAM3ZaOlOB5lsyWKHlWNHgy0UA1P7ofGEYSM
2020-08-16T05:56:45.684674574Z 469 ZvazrHZIdjzZdBQXCuOMPbrY2SVmIiO30b85c8kHZcUnRqcfNvQwE5aZ1Znu
2020-08-16T05:56:45.696338571Z 470 4d4fRhJlsvCom3Fppwwcc94tXVqxw6jqc19oH8sOAhojWXKc1skSAT4VuK2E
2020-08-16T05:56:45.707638449Z 471 iw2A8freIF4YmCWesRJifsANoGNNSKk9pEQRkEL7V0Fc167U9Bg7dvaVzsol
2020-08-16T05:56:45.718776933Z 472 BlAlAdPyDjBj22l7Rn7F0U9kLdwpt5hdBYYuPawqpAVJZViGesWLOEJhbX2I
2020-08-16T05:56:45.730230544Z 473 qYUpj80PxfAkTg05yJynHHpOxV6RIa2VciUG9pw7Qes4jkdFmBfs5rHlVea6
2020-08-16T05:56:45.741940880Z 474 IXZr5LeEstddgoKKwa1z2WfwSwZo2JlXHkIXxL38KD3kWi9jmQ7wU6YMWtMd
2020-08-16T05:56:45.753840443Z 475 rXLpvn0JRkLnXZ9r8TYTqa7lRwVbUrvaytgMPXMnsiF9iYPaMaB9DaQSERKw
2020-08-16T05:56:45.766104518Z 476 vGtDgpfH25RvKhkVsPVLEBD8CoNRDq7el3MBDetLZaTbZlRC3vOCqpXBobgE
2020-08-16T05:56:45.778261048Z 477 z7uealafLedUoGOAJzMmms4z1SU0EeeybtnRx3CI1X1JSiTyd82puh2pXVUi
2020-08-16T05:56:45.789478190Z 478 xO0VRLAg1WchJC79Q3Yba0eRGVpeDKJneBDkbaYWNl6uNTcmNPf88sVDEZ1F
2020-08-16T05:56:45.799986643Z 479 ccG56V6oUA5rCxqLEsyvI30r4bYJFAv7IXdzccNuagwz9UpOuAMHf1Ew8luc
2020-08-16T05:56:45.811644164Z 480 LNugEw0CFt81GDaKNVU8Z1yK8xHbTW9sFSmttsNbTu2rBflO3B4cvHR4bkOZ
2020-08-16T05:56:45.821971131Z 481 HHMZppDN8SlYlu0Ch4sx7LqpMEba1QRXoKJ3qGiuGgMCYF8RAoO1GlhBHw2u
2020-08-16T05:56:45.833407080Z 482 be9kHlLIbiBWeRpQXO6Sw4KHOwTuCLfWEwS1DZA43h3pZuds4esH8V1z3JIz
2020-08-16T05:56:45.844214439Z 483 yx0Z3p4DWJQsARakgIk1UlIvrewNMQZNlKQSe3ya2ispa3W9Rsvh0CwDs08u
2020-08-16T05:56:45.855957172Z 484 fbnYASzyw4F01CXulpYMvKsukrwIBkgEpvmnhaWkIxGRs75foY1ttvJLWni0
2020-08-16T05:56:45.867982176Z 485 F0V0spjx3N8JVYseiANy22eaInbQSr7oM8KAA826uU0tB3M1DBDF8IxycOZ8
2020-08-16T05:56:45.879419082Z 486 FCWYa8ydGQYv39XfBRsIW6UwNmT1RQ4b6AntYfqSFxeAnlyI6VnobNZiZNfx
2020-08-16T05:56:45.889968766Z 487 RsrcsQ2cw8cmTD65RxuJEcrX6iC5AvktsVnggKnh5NRATzSTW6nPj8DGLW8V
2020-08-16T05:56:45.901876266Z 488 5mFi5Ic8WMEUfolN8TXk1tA5FIcCv2AdQ6QBQ4iCv1solC9eu4ImtD4T6CrE
2020-08-16T05:56:45.913651925Z 489 7XQdVvRWHAl1wYUVUfV6ecHk8UH3N4QmUAE9CuIX8rCGOzZZR8qa5igJH84Y
2020-08-16T05:56:45.924178770Z 490 MsVtNmyDmg0QQodUIF1OPkMqS7fxYuW6bZhDxowOPrfkBiP67GHXzllRJTF9
2020-08-16T05:56:45.936146218Z 491 JQ5LfXZQc6SEyuTpe7k4Ednc7ZLyjKQCPixsP7xNz847NbiJqeIRvkhZg0Dg
2020-08-16T05:56:45.947848065Z 492 K76jsJir320IWZwCXxqjbHDAUQlFW0Sve45cC8yx7MCaj5dlM6UBKqfKMQHt
2020-08-16T05:56:45.959295345Z 493 42EC4yTHyxpNMXPPG89y6HIIKYj7P9NOqzAlUuZF35CniYopKO2A57umUhYZ
2020-08-16T05:56:45.970626524Z 494 E5GQJ5KOMeni7kwLLYwFUe0IownPyt50RnZwIu70Q06ZOQjW0RhzVg1kZWFJ
2020-08-16T05:56:45.981739234Z 495 JLRZfzKriBVk5BVHYG5mPO8psBcmluEAdPt6xuUgCShDH9e68DdLzFd6kcBz
2020-08-16T05:56:45.993472143Z 496 vpo69KsX1RPFM2WGAnTcaAL7mg0kNtDyIltrCxnzcXOgBle47YBO8asybFcg
2020-08-16T05:56:46.004284373Z 497 zg0I78idaTsDsfMoeE49TC3W9RhBOjdEW5N1uSOU6j2jbTKygYqcjTTLiERV
2020-08-16T05:56:46.016020416Z 498 PCjnXW2BShWO7xEPvijOB6hhk6PoXa5j5jYUMCKioRSnWsbOPjDgMXshA3et
2020-08-16T05:56:46.027756187Z 499 CIKHM1ZQrTAgIAKzC2PhS1jhi00MZ9sspxtiN62wkLjn65Ro3kzqla8QrHSg
2020-08-16T05:56:46.039282885Z 500 Yb8Rm5ELUg9U19kHDxSwJGNuUdQEdFYk9jEKiWhnB6XHIh6SFwI4fI265pKC
2020-08-16T05:56:46.050791774Z 501 T3HPNYMhGznOgboy7m4Z5WUClyDrEDjqeYxOKqZVy0RU02FKTbYVkmc83dpB
2020-08-16T05:56:46.062671641Z 502 E7xouTvzpG6PzNrQiOj5DTDlqArW8OfakR32qU16cNO8cbiV0JIdwjPaXVlN
2020-08-16T05:56:46.073210733Z 503 am46bWrqhEDOyPFWdAG3Xz7ep2scUkNSGdNGIYbPIeArjzDmKoQj2BG2W5Uw
2020-08-16T05:56:46.084727835Z 504 V1vVKRybPATk2YSXKkl9XwCwDkDItV15dXWiggokhS1kXKIYoN4CcvwjhHZd
2020-08-16T05:56:46.096402271Z 505 Sl0lVWQUhXUKtHrLVpmIIeN04J41Ui1EF87VHq4jPUESoXoISDS0GAJm4MfB
2020-08-16T05:56:46.106808830Z 506 oGeFMRr353zX05Ifiy7322ilR50y0e0rgX9rNDCxDwCel1Qi74hY4nzGi80H
2020-08-16T05:56:46.118902586Z 507 37de1v1nG5gsfWL0OGHoT5EEIYCUJ2sC5tRoABRpfmhvjLW6KpMLiUKuaGcz
2020-08-16T05:56:46.130656764Z 508 QfAYBAypwz6mOtILZc8zspL5Q7woom5Ox1HzJLDvnlHt2msqcB2EDE9wrePw
2020-08-16T05:56:46.141336131Z 509 IldyqrG4BnNfua0S2DI2X6bO11QmoJEiLCGaKo0ulZKDnCPwMkHVV09wbihK
2020-08-16T05:56:46.153480072Z 510 8J9m2eyWstYQa9XmPxu0Lmnh8Qt3vcSdzTUmFCQYTjxIcngCx9vmohzBAZQU
2020-08-16T05:56:46.165014050Z 511 sytGaU5XnacdDMYZnmdwOH5dziKDRfCeO37Ooj1s9QUHrtqqjMnrYttrn8bs
2020-08-16T05:56:46.176467198Z 512 P5tOupfDV6uGScDLkuiEXDiPB1UpIcNnI1Ynu7oHNZE3Jb8F1uXNPLF4MSKB
2020-08-16T05:56:46.187295728Z 513 iLbIclz8loZiJ4rlpRitoipGrmaXA066ltbOISAlIHtVs0ZC7irGhhzMhhVs
2020-08-16T05:56:46.199002253Z 514 UNfEx9lXSqTcB8uXhEGlmaOnUeE2NAJq3gxZcDHBLXC177rPwnDD30J7Fipf
2020-08-16T05:56:46.210370088Z 515 u2SnvyhU2AdNuod5NcmGE40hv3YJz4nClhE8E1IYQ23YKDpwlTDXmr2AHnlL
2020-08-16T05:56:46.222105693Z 516 ooZ4xpMUEVg5ZPKGV7atXuI8xkucGlz3nkdxMGZYgZ6fKSW1t0heIej75aa6
2020-08-16T05:56:46.233817527Z 517 S028JdQTaaOeYM1DGf3ccvhqJCWQ5Q8M7LKinuYGwIhiaYkoQQ6rQggQLg08
2020-08-16T05:56:46.245218144Z 518 pRa19FcqMsfdDZ0Jqm5jkhx6b3EqqPsiNxEzY8zXitYcxp4NsXzkaiTb4hoP
2020-08-16T05:56:46.256890247Z 519 eL5Wrwjzdl08ywGOzSBfPc0KKNoOZQ8ifkutIXWzu4Ii4JnkofLIp6cWFWHs
2020-08-16T05:56:46.268258287Z 520 767c4RimRYJS24OtS9yooqKWh7yjIQfHI8nt09Fal6mJjB24ODkE7JvnGGeA
2020-08-16T05:56:46.279981697Z 521 4qHwL3YObHloVnRi8RFI1wZUdGDaTL2ESc7oaaxoQ4BGstClcWtzNs9fFk93
2020-08-16T05:56:46.291848677Z 522 4DR56MUuhQ4asZU3iecuWrlJqhaHJybkipTB7Bo7McEFaqFWpflT90BgUll7
2020-08-16T05:56:46.302345954Z 523 QRVXrBBjTItjuC58a0ZSWwv3rCJxhRpcvG2dBBMT9gjJrxbha6iiW36pMG2B
2020-08-16T05:56:46.313775861Z 524 5jv6u4gbW2J0nhffE4kr0w1NgBoExChqLotIOZvyWoNoEbB8bCgjO0PX7J8h
2020-08-16T05:56:46.325922044Z 525 vczugaFQ5esQ2GrYdLWdA1jqPe4g8RtqUD9Z7sJIN0w3taoaKCvvW82abF5g
2020-08-16T05:56:46.337567484Z 526 Ns8k3GbsP29n7sW7ugoWPtztrdetacyG2YdLCbdNxWvvttfZtyk26KkwZhCD
2020-08-16T05:56:46.348232896Z 527 s8l2DoYJzhPVt1lSz0lJCqZkqLqeFqfJLVv46xilEe6YpTjkixIpNeMD3Z9C
2020-08-16T05:56:46.359993454Z 528 DqNBDFr7Mevo6e4UosdYWEeHha4ANVCAskjzkaZZV24hdanwZPGziQecV0Ui
2020-08-16T05:56:46.371527112Z 529 P17b8SPc0QMaUN09UBAbJuXgjwZaJEmgQ0ky4bPaFLgYMWQj5Y5BwIfwEKUm
2020-08-16T05:56:46.381601004Z 530 Uz1Ei6wpPr2a17NLoXHmyxY5pW2VnRVt9Ojk4Zk7UqIBYQrwBPvMN16IfDPs
2020-08-16T05:56:46.393835110Z 531 aUYeENgUtdcZcE4MwkrwhIm9xR3KrJmtVIt9ozL6kq5zI7TUvQ59Y6nk6jFH
2020-08-16T05:56:46.405478508Z 532 no4HOKrr62vSP21RwdvlRfPczkd8MBFQGKMJ85Zn7jpHHNz6JPIvAu9kvlpS
2020-08-16T05:56:46.416087833Z 533 AkkPjh9b5AzhVn0ioKkY4rUXQfeqsLXVWlv4ClscwgONdFLgtnLTKiuUybjD
2020-08-16T05:56:46.427808876Z 534 ChaMuJKg7rzig8Fm1n8AvewdLrygnF8iHXlUrsqp5JlBGz4pR5JdBmbJhJBh
2020-08-16T05:56:46.439077580Z 535 SpeiS45X5yZ4dKAJli8JxfnK3fDmFIOb9itFgMpVCiSCZHby8gs7awZoAs0q
2020-08-16T05:56:46.450171298Z 536 i4iNtM9ywO8i5q2LNWDefxzB93E4Sw1s9mWDASRJuR5k8rWokhsU5skJPo1s
2020-08-16T05:56:46.461833124Z 537 zAq1OOfByAhPoUpDYxmBCYLxgoLcPR4PNUpQziLRxNX9hu9mEWf1pb24b5Fy
2020-08-16T05:56:46.473433205Z 538 O1vMLgeanWSHr43mDSvmwF6fIMxwpqVsWTMqslmIEIWp75zMrp3rN5VOfTZ4
2020-08-16T05:56:46.483997257Z 539 AqCJkgwN6GYDTfRCNPUb56amlr40Zf7vEhMjU615iSNFlDeMkTrNtzwFSKWc
2020-08-16T05:56:46.495665829Z 540 GYPFHb7IGaInwyHOhl51cg8s5QCMLckeNBKEsKD1Tbwlhy0VmHqg7xWeVbp3
2020-08-16T05:56:46.507061376Z 541 BTkK6EudqY8pJdSV0QCeT0xelCseDHHFnydMUioUXfcE2DGYbYWgxsIGTUQG
2020-08-16T05:56:46.518433124Z 542 x9ilb9wgUx81o9m0NE2khgya6Q1LSAhpe8Z9zhz6D90YDSNGJAWBnHgJY4H4
2020-08-16T05:56:46.528974782Z 543 nRa606U9hLBjA95igSMN1esO0d0IexYrUGM6HYRJST6rAWjY6Z0KVB6oIg6K
2020-08-16T05:56:46.540631116Z 544 xn0YYPOmcrxrqZ4k06ZNq5ajEmvKCUvIFfOB4HYthECXABCWhYb43RZGJQ2v
2020-08-16T05:56:46.551089337Z 545 Xu8Ddd9QFK7BZG4TIQSSgCZBVnrhoXHeM98cxIahFXBhceJ0js5YycCtZtXJ
2020-08-16T05:56:46.562560289Z 546 eP4LKhTWOiZZx3WU0rPbbA04vnw6UWh2fbzfbBioS4S4bNEgcFSjdZepMTAQ
2020-08-16T05:56:46.573742625Z 547 bg9fjidGaHg6ZHzf4PwDWvQy486iIokOlpUrfSLowKpS944xkxLGXj3Id5oL
2020-08-16T05:56:46.585169834Z 548 0XcHI00OZUU1OIOiH3vEXe3vnlTPzn9DUXYrwAjE8bAq3T60VBIxdpCjuVlg
2020-08-16T05:56:46.596603881Z 549 41VeEtKYVwicMgntjiyBbxO2X2bNTP5J6wKYpO7owFXNcLbZInePu6fkxmlQ
2020-08-16T05:56:46.608236499Z 550 LXes2VcakHDC5Jggmb18Ui0Yxo2XN9fitHkGMf0wJKKtEaw0vrr1QdOq9K2p
2020-08-16T05:56:46.619236416Z 551 OtLEOdhFxATvrMrmhpFVnF0XrHitDt3F87ihWzA46bGc6J4OW1DEWR4xaiaG
2020-08-16T05:56:46.630679767Z 552 gYCihIJlSSFFmAfA1ZbrIShxi5zHBdkFtiXTbqgEv6NDZapNxeuKV6W1dg0O
2020-08-16T05:56:46.642268431Z 553 boyiHc95yeOSTuD5hkI0lQdSwFz889I0MO4zUczSLsZ2mDvCOGepYWnhST8W
2020-08-16T05:56:46.653719163Z 554 pYLwvjTr1gpAQmTaL7kd0gFrWEbS4bxKYfO24WLjdWp2KZ2H9K6hOIyEOLYm
2020-08-16T05:56:46.665116741Z 555 OQOx6749SHtqFuThVD6kIIXosn32yrwmxuZeTU5C0CVsvVJbL467x5dj8cTC
2020-08-16T05:56:46.676648573Z 556 khhcTxSVKKoHbatd7y90pJjgU4whFT0OsTUoZjHfLzBVyreadeAPXW2L2rcB
2020-08-16T05:56:46.688158383Z 557 ymZI9W7mxOuTIkp8LmdBneACibSCRlIwgFpr8mi11XZoM9aSZpwRDrnSIojf
2020-08-16T05:56:46.699666601Z 558 GTLjjTmDsEjosuItzqaK1K90YmZEmcHhCqmYmNiOz4LLWiLdd99Z343VSBLl
2020-08-16T05:56:46.711071992Z 559 P8AjHWyHcu70myhBhjGNLa4MjvpF3SqNe7q7OmMOd9N2P8iGdKFwHpZKl7Te
2020-08-16T05:56:46.722467404Z 560 XQZbaXOKy8t0AQv9g7UuQigBZQ7rIQnbApifj1ST10TFHBHmIIyWONiTOAXC
2020-08-16T05:56:46.732939169Z 561 Yk23rmgUlmYHI4CSWMDHnBzwmlqWP3QUXBlsxy7RvDrLCrmsffd63DPBNY3l
2020-08-16T05:56:46.744402392Z 562 QL46GJaTEF6VWuSPe1pdcy9uHTOIgfe4WK22znhgt6SF2WCD7HrDSjfu2LUc
2020-08-16T05:56:46.755885713Z 563 GthUvOxr2Gsb30WwY4VyR3fKtkhXHQBcjzEQ9fhfZ4kkIAbpAUoI6sdIVL5s
2020-08-16T05:56:46.767621167Z 564 KrzOKlyDIJF0re3jh97w9M86GpTdT9FcZtSWCemCpYq8VaVnfvuM6ICBaw33
2020-08-16T05:56:46.778038291Z 565 kevcNV5XhzqEWsuZ3HH5lCcbmgYkKUXS2CDSISsQSvkDklh0iUQlef7a7mw6
2020-08-16T05:56:46.789738271Z 566 FUPmuD8FAH4b1MAps1BkFFsT0ScyZXRt3NPVaM4VulsruUU84JCso7jiJSsh
2020-08-16T05:56:46.801056168Z 567 9Wscn32x7KrU5IWnn84s5yn3ohA7M3r6hF0zBTgbsL4inn2uu10CFRTy0Ygb
2020-08-16T05:56:46.812718598Z 568 Sj4jClkgW8GufZGtzvFxVqNYd0JpcMuNOkkU87X63YlwPg4WDvQM0MOduvDz
2020-08-16T05:56:46.823248170Z 569 Hw8RILOLz25DCLDLMmsdojCBuH49ha4rsKiNeoJrPx1spFWAK3YLRY29Cwux
2020-08-16T05:56:46.834105591Z 570 MQz5QTA32wtdvbQWp1Ew2RzRxptaLdIdJrvFpDJchRV43BAsHjlRgAanwSn1
2020-08-16T05:56:46.845764394Z 571 uXueAXe5VgPzU602BNTMIpPvOWXLwwlcbgiteafHkLZDYKzFfYpfkMr94cvF
2020-08-16T05:56:46.857423248Z 572 A4pCMmG0vtuEFYFKzpDEGq7g7ukVsze5uCK6Gke2CcqHOhGUqMvxjdjwEaT1
2020-08-16T05:56:46.868282628Z 573 2rd2eQtOzTcwTXqi8hqnoy4wwuSxdy8btaRrp80OGZWebYXnvyelMbMZlJ8t
2020-08-16T05:56:46.879826883Z 574 x93fGkzESigBpE6K8eNDOoBfF2CCr2zfkLafrbt9MYbWXYhzIfEbiM5zDoG6
2020-08-16T05:56:46.891667632Z 575 itxOMLOm7cOgg80uyACXpoMotLNJUJfTFIny8ZCGCaUPkgC5ygOe5lDxolLW
2020-08-16T05:56:46.902295703Z 576 fEl3ULU0quF25xopv0WaE34XYmY5ha5AZNN1ygH1KgGg71YGrT2XHT80Aqe0
2020-08-16T05:56:46.913734637Z 577 Un4U6c3QN4QS3UxjxUY1iMdnZCB5OJw6XllN8Al4ht3pMeq9tj7Sk35b28Uo
2020-08-16T05:56:46.925378425Z 578 mf20nShzBdzua0yeB0uZPZxZNlad6MGe9mXCrKb2H9EBWtbSQzih9F2jK7nS
2020-08-16T05:56:46.936113721Z 579 t1aozJ7verLfxfXytZmvfuWFshzVlukwadb1itskI95tAcoHstH98ONkSnR4
2020-08-16T05:56:46.947785681Z 580 PEzOhfUGQRceWb7wfni6qmoy7k47dCfyYplhnrFYnt0agOHIiRByFcGnoDZK
2020-08-16T05:56:46.959501354Z 581 OsSHwXbKcOtyIwYrn7UotfLJCSKmNB7uq2qzcBYMUK3TUJSvVsVWhLM95eb4
2020-08-16T05:56:46.970139444Z 582 mgHOTxrV6h5yI9ERaQAu1qHSVwnPeabQE6ctc5sbM7w81ho5wkxPqMQfvJRU
2020-08-16T05:56:46.981757157Z 583 wwJr6toguyEWeMhueyIyt8gaUeswVItlSjTEQ5RcBL5r6DEmEyrxIiQKKEcJ
2020-08-16T05:56:46.993187744Z 584 0n0MrY2dOjuV4xLQWalonLFuep0Xkv4dsrVJj5xJFmelci0Vj4jNP2OnPfvZ
2020-08-16T05:56:47.004657208Z 585 4aFf7PyT5U1VDeAFUvyoHiRV3kdDLaGbiZZm0CjSNRdugdFRB0MxI8RuvB82
2020-08-16T05:56:47.016415947Z 586 4EgsTEKlsJtExZnx74W9MAz24ax1ZAUScZoMJlUhWLkHN3otAnu8Pl7JZJCC
2020-08-16T05:56:47.027879476Z 587 51QNJ1cVjukhITa7r6yEJFMnNcb0uN3vIQQWv2U2QaVPJX627jH6PwRaw6zr
2020-08-16T05:56:47.039360547Z 588 lgDPaCyMgijXZOFMEyAvSuvPvZypIcL6Dgt37oEpJ8j4TiPHKFLSMKhvlW2l
2020-08-16T05:56:47.050096770Z 589 3hmcbDlnA3igKyD78oJJNCGcUgs8iWwfEc83PfUKDlhYDlktYwIeDfyVz9zl
2020-08-16T05:56:47.061763727Z 590 mmlBcOTZbXhqpNCgD6UIQVVU5jAwMUbximVYmDMLBnm3vM9aeZrj7Pmrjezj
2020-08-16T05:56:47.072942011Z 591 qNQ6dkuCU4222eqataKCnRJgTKEiUGEjhzoSLk4b7BJtzQlaKUnxSnKZ9BKw
2020-08-16T05:56:47.084285230Z 592 EUxrCo3CKDnAm4WKqXfFzBTF4UaAYtQ7j10Wi4TiJjT8btLYrdN38tANPmSJ
2020-08-16T05:56:47.096054326Z 593 NuyGAlViOTYxIeLNnUIBlKTf0QMlLIf2dVrUJvQBNboYF8aDgpvs8pUD0QmC
2020-08-16T05:56:47.107878117Z 594 PMw5s543UBRIQNvv9Oqs3qB1v7hq6zkeaxq550JUKzv1eAkZYa4s1U47sS52
2020-08-16T05:56:47.119709907Z 595 7IXU8Kyjc26GEObWjbsB4L8ZNaaacaJ25Xvn1EDWUbw7MKKacROVsAWNwdRZ
2020-08-16T05:56:47.131067433Z 596 mKmwjacnKsSdZHRVMtzG0MjRNmeGSBIKtgOzdCjjCnU3CXz44yEtUBoEs2b9
2020-08-16T05:56:47.142589665Z 597 ZszS3HzDx7EKdJxJbpQZtm3cXNoRE3WmMLMTnLAasuCgjyYaweHJbIhTYpB3
2020-08-16T05:56:47.153229624Z 598 IXNoeuR4Zxv2oPsZA79tsdWo7V2vHL5GhJNCRbgUyz7rKhTqrCerQqZI3Z0a
2020-08-16T05:56:47.164922363Z 599 BMFxh1AM3B4nvvY6Rs37tz1TC7NNv8wmNJ3n6yMTZRYjS3FZIoT9ze2glGi5
2020-08-16T05:56:47.176587586Z 600 txBCVkKjLpNNc4sd2pjsWCDmuEfMM2fXkWDbX8tv0f73uSl0m94TuNmk1qYJ
2020-08-16T05:56:47.187300100Z 601 GLKH4E2dEj1VLSNFfnx5TtwxL0hILPCLTLQOTwhDrsO2l3kgHEIJ3qnlSKqm
2020-08-16T05:56:47.198876430Z 602 ntel6Mu4fpjRK0qAKwIxZ3Lcph7CE8QoEefKIC7wO672FUpeBe2YqaQomC7p
2020-08-16T05:56:47.210540462Z 603 T1GgR0aMEAT4QxbIuUcT5KWhPIffiUkuOQzNahTgEOK9enqwJpc0P7jSzeLq
2020-08-16T05:56:47.221355033Z 604 RWyhgviog7wSbM302hZ8UeIfegMsDBz5kQHphNK3csRdkIGOlLwy3eYpbLEF
2020-08-16T05:56:47.233072706Z 605 iKpuGXMpqZOiWnwqaKwSDaxPJMkFSRSOXDaUqzljPe4aAhJQS8NWeM92gC0u
2020-08-16T05:56:47.244758439Z 606 B8Pm88N8KQTcAZKS3CH7glBexN9ue3V4NBJEJY9XpLqxxGN7ObYli93u4TDj
2020-08-16T05:56:47.256491150Z 607 ZfBwTdQ8AWBfrQttYWN5bpqgkTfKFikq8cbJDLuJt5UiVDcgek2iYnl70TUM
2020-08-16T05:56:47.267200708Z 608 1aKKqpKSJIMKbqJ21Cnc6gpLMgSYfFz9g7mKFJM23DWifhtjGud2gku4iUoF
2020-08-16T05:56:47.279184032Z 609 oi8xQV96eSQXMr4j71JfNQ0nbVILELjNSNYkVI0twXuao5TLrq6XnBLqhdiN
2020-08-16T05:56:47.290623118Z 610 4oS5E6MW7kH53nbbuWCYUnNduEe0NA39YbVxHkzvy946bpADcP1UtSrytE0H
2020-08-16T05:56:47.302183851Z 611 IqGbt10LdPTcux8emhb6yHvJXPwFu3WLzae3czL6ljZDLqTEkts2ns51ZVLO
2020-08-16T05:56:47.313643466Z 612 w4mzz1g5yuo8ZMnnI5CUSy20eiwJjZrJmoi3ZtIB8cUmg9XTcGnZbyzp5AYN
2020-08-16T05:56:47.324310200Z 613 6oObNPhBvZe8kHm5tGzKPvsvHC2MDpNsyDDwas3FFD7otU9I0M28jtOGndLT
2020-08-16T05:56:47.336162880Z 614 dn9L7YSob6VrUnSwTZrdlCcoTXbCIuqh7EGt5SJM8VedFc9DqO1ug1x3peGA
2020-08-16T05:56:47.348115751Z 615 hDTdXWH3N7pF9dBFbABFd3FHm98aWmFHbQsaVqTqweEkuYVXpl9vkEmNYl00
2020-08-16T05:56:47.359911522Z 616 SM8AVSVNnnc7WIw0FksuGZME2UIt2vfekbHNiOZJfJ34Bg3uG9kl2NBqwt8m
2020-08-16T05:56:47.371636290Z 617 JfVBx0WHSnxa50lyGctq7dfEvGfSYJm4kFP3zX7UR1VFfOvZVnrpiSf57MDC
2020-08-16T05:56:47.382224770Z 618 eMQ9othbIv8RjQymUj5IIDSgCwmmDeuipDLGJAR9Z3NIAfDmTLAnrdlEKGiq
2020-08-16T05:56:47.393961303Z 619 4Yyg4QbRNznZDCjUZz1iRAJrcvxQodp08WTWGiIJvOj3HzEPAYZmyvDPAH25
2020-08-16T05:56:47.405913175Z 620 ZOPcNNWA3fsVC2BVEw3iPNOLp0dEDINzg1v1tq3FPAsg9qbz9rto072v9cd9
2020-08-16T05:56:47.417697328Z 621 dTug82sLKGH0WiUwkaNVxWWidAJyVDqrzEpyNlWVQdEVwPliky2rM4ewGyWR
2020-08-16T05:56:47.428077645Z 622 0T7Do8K0squTW6QAgcQmzzvMMLGTA43MLHkQFrwnRIykiquVIZhXikIUUbe7
2020-08-16T05:56:47.439695850Z 623 Jhuc2aEyfcQIFL9mZMMirNspjEKMEWaqNSC8tIH3lnQZa7ZCblhXSjErrNhr
2020-08-16T05:56:47.451371860Z 624 QR3VRKHg9FsLpGeX6nfoZrCNLAYXaG830RHPteB7wXRaZo5S9Bb33kgVqcuE
2020-08-16T05:56:47.463042055Z 625 kaztfs0W3bmpS5jOMxNguWaWMUu9rXr3STDdGpPneG4Q5wwpwGEuoCKvwwHS
2020-08-16T05:56:47.474858735Z 626 bQlWUpEvFDkenSAhKKyWbMPby7vFuxS4HdTFXiqVqB0CIL5kC02SbA3DqeDZ
2020-08-16T05:56:47.486569887Z 627 Lri242cl4WBymuxcICFe3Y2NoPUueCLkBDaRZEUREhPynXVZBy7faxqB4Fjv
2020-08-16T05:56:47.497122647Z 628 Pnf533BAmaMVOoLbq8QzvQBU2sDmLiS5UZrVnMe6xTZGxniChMaapSQUsTY7
2020-08-16T05:56:47.507895420Z 629 7dv2OEtmV1CPdiYMOgwUJqjGBMmHypE5CcVc8K9cauSYtKPUmheZXUQwpwuB
2020-08-16T05:56:47.519521044Z 630 UzsklWL67NFOzZhYxqEZaPPHQNtRccdPNnirs3BkhT6Cmw5rZLqvNibw7Rtn
2020-08-16T05:56:47.530199757Z 631 Ys4r7tcu12WBOkylc9Ur4CDl98dJYuYyi4esmfKZ5RZEgLTtu0tfAnV5DoI1
2020-08-16T05:56:47.541931838Z 632 kfbrKcDEGE8rlPdnne3BI9xsC7jpRZr1ON3WRa0RdA6iD5Ou1qMC6VTWMuSO
2020-08-16T05:56:47.553658057Z 633 k3ZxZnII3wIJSjg8UxfdZ6eWAXZzQPZ0YXSP6ewHuuQWfDxKABE95U2opUIB
2020-08-16T05:56:47.564216207Z 634 mJZ3u31au77te2FpJEMijNXn8FsWhVUUxRx5TI5fQEHZgFSjX5XLH6zWY76e
2020-08-16T05:56:47.574937600Z 635 QTtcQ7SFNmvkZgaIft7aBVI42eEm7MV3ug4uuBQjRKGlvB8p0SFOZncKfpJm
2020-08-16T05:56:47.586449975Z 636 hX95kK30ZudO6ESOnLevJmfarnthfMV2pg3MAu7QWMvlGHo2lctcuDk2wdvg
2020-08-16T05:56:47.597338991Z 637 QZa5rgTt3DbxOnJxvylG8CItfK1Drk8pWdaEUx4OaasSvqEzSq34wFMux9mP
2020-08-16T05:56:47.609051894Z 638 hGKdfQN1h4Jb2l8Rg0KNBXGXgWPgdSfZoO77Xc3mlOwENOFqvm8UJeUkSNju
2020-08-16T05:56:47.621011355Z 639 OJaFJrtZJSGoLCKWukxStwcSB1Rxkq1AOcC4iHXXAOqPitSUP4VUPN4VzKRD
2020-08-16T05:56:47.632465654Z 640 8mYLMMXRqDkBToy1CXU8H8feAbvNeyDWcQPiZfme75AU4fuHLFFVVObsB0zt
2020-08-16T05:56:47.643038274Z 641 xQCKhXDy0vYBCfrDPrpvRxDfp3vo8f1hOOI4ENF75G4SEndDtwFJyaQKjZhe
2020-08-16T05:56:47.654636382Z 642 LpZ9rKL7auhpZttc2rBgE8Zloc1aXdDEAx0menKjl4B7QcVZa23V0qJGnoHX
2020-08-16T05:56:47.665293171Z 643 BLSmHYvb1ISkFWZX4vs4T3UGU1858y1b9R5AgXk6kDnCzbR4CpmPcaGEo7BI
2020-08-16T05:56:47.676994878Z 644 mS2BzD28PHlVWKpYMvkjXdwpPgvelUi8FZA3xUTZgNX3yDjzVHyNCsSuGvC0
2020-08-16T05:56:47.689302120Z 645 FdZM6vBvLavNJvOvWKohnfHFa9bgExipCDh1bf8xXeCg7b7sPaHUbuvcRkwR
2020-08-16T05:56:47.701058547Z 646 ZBjnHpM67ZTAitohJBLxB9MFWgl7MVBBgV4pzpKoewXEu3FyQZ1kdgnZyyWP
2020-08-16T05:56:47.712518580Z 647 bOkn3ZCtyrbMC0EzIFDo4ETMzIG5q7cufiQIULpfhqRZgBPfQKeznIXAZ55e
2020-08-16T05:56:47.722905894Z 648 ajlszYHBcqxf5t6MuvyIpQSHKSHXC6ywkExPlfBCDhTWUHG9JaSH4g9Bsn0x
2020-08-16T05:56:47.734894894Z 649 tDW4oCtpo9BTwfGB0rK1c1SqGnL7nladIAdF38mDi9M6rz0ro0m4xzKfGXxr
2020-08-16T05:56:47.746297795Z 650 FgH9yTF5gsJeUispUcrn4PDCamyCdjcqx3Z3ReTxXm9RiZHFUq0YTJ17wlZE
2020-08-16T05:56:47.757756153Z 651 PKGXKpnxBQSQvMyenaQDSogZ1xaAmf2JmgcwjBgzebxIbHnYGCeH83cPaHp1
2020-08-16T05:56:47.769299787Z 652 XAGEvX2vODjRJs26kHYezABwLaWRt0s24fWyPmjEpZJjsPrTZ3FtKnfFwDd5
2020-08-16T05:56:47.780969356Z 653 OEVe61Y5JBCZlLAAWTbax4DaT0ghWVhUYZCaMsjKPuQqSAlLWPzJjl42RlVt
2020-08-16T05:56:47.792519153Z 654 xd1xb9CkrGaj6Ng6ij1ITX8RGpr8gVeq76pZyAIF3JXWEeussOJD8j7AECvd
2020-08-16T05:56:47.803770573Z 655 0XLnIoh397S4dNqlAwAYeGXXqhZ7cnBq8WOgayDQlg7hxTRsrjk3UBB2kDqd
2020-08-16T05:56:47.814486841Z 656 SM8M7L434ELEJbR3jKO0MtHYpuJIXz90aMJFl9le28DAQBrN7ujeMqaQcMKz
2020-08-16T05:56:47.826095150Z 657 r8Hh4ag1yJcJdcsVFK6wLGWiwjbWtqhuEgmcUVFmgqGJev43iJ9sZiFyEnA6
2020-08-16T05:56:47.837389504Z 658 yaS8ykhxtmN4eRKUIFnVjZlisrqltbqMyjbN1AKX7EfdmQPagMwAKAdkhTr5
2020-08-16T05:56:47.848771312Z 659 6NquIymHijDAPrl3sk4PmvpPtwn01fCN1DPnQc5EFoVKpZzJvaKdslqyjzWh
2020-08-16T05:56:47.860195914Z 660 anWelqXMXdSIW2Gs0EPzTu6g9fvDJaRrL0XKyvFSVfycUFCCNYwxlmbIn90V
2020-08-16T05:56:47.871821405Z 661 VB1RmaV3J7exR78lUATsmRKEFfrcFxvkIYbXntqAeR9vi7gWPnoDHV1oSBk1
2020-08-16T05:56:47.883409795Z 662 cmqL1rjlmlptMouO9Q3KtkmLNA1HiSDWJ1fUBX7G1G0FQH0QU72lwB2KwfaR
2020-08-16T05:56:47.894101178Z 663 RdboQ5hXUNTR3oOEYsqJIpwhWHbZMgjcHY4sXvpUhFOPR65o6eIHN72oahaZ
2020-08-16T05:56:47.905564432Z 664 F10tYRUEvUdMqbszlKJyde7utsB2V6D3OpzFKiJ9IyDeRwNu2mP4gB72ohsA
2020-08-16T05:56:47.916662093Z 665 GDuV3349o6m5rPSbAxr9DrDWcY3GYgE46C6NSuGerfbz8XKzMomVTVlUAzL9
2020-08-16T05:56:47.926827101Z 666 XvXLeRvSz2vqx58GNWmLX159KSpuMVK65sVPQAWJN0K0ma6ep0HSubclO33s
2020-08-16T05:56:47.938382248Z 667 qPTRufz5lMbHXsmFu0uVyavZvWsqq12P3rDVyHWtanfIveyuxkButXmSERPp
2020-08-16T05:56:47.949075520Z 668 gZMOs4DLXlq4QoqmBO5z4lJ4FixDyu9BkjlO0ugjrhij13o16SK0iYlYlNdV
2020-08-16T05:56:47.960841057Z 669 QGFbgBovLHH6PyPanslGTTa5qD6SvZGp3YU2cteUOmudmGGnxMlgTLrPs8s6
2020-08-16T05:56:47.972789630Z 670 JdjJjF7gbLt3MPAl9eA96N1AUqW78B60ZJzo52UVySmIdfDvw3GbZG6aR12O
2020-08-16T05:56:47.984717471Z 671 M8LJV14IqJwF5Mg4dffRKQDPOe8G340KQZ1UiutENB8hyrmovrJpiMDi5pL3
2020-08-16T05:56:47.995433170Z 672 Cijs3QoAcP6JZSdzyj4OqLtLFBzfuJYmew8ZhclMv6PVURpJCqFJH9Ngcr3c
2020-08-16T05:56:48.007003015Z 673 IiGkV7uYYQzGyaOUtYXIy8zRYh2bKkmcD4BLskWL7FyYm7Sp1GSeIAiwIDER
2020-08-16T05:56:48.018435096Z 674 G2Q1B32ISo8Tmqn7zd0fMUeK8V67sKohjXYHkF3TN0uJxWiREXpgUu8IRGqp
2020-08-16T05:56:48.029260055Z 675 eJQDt39zsgId5R3updbPhNOMzN2x1u1xXOiFSbUOO3Ur16odZSbM3XyqisWT
2020-08-16T05:56:48.041205413Z 676 z1Cd7zrcZ4d6sgSEK9B6iCX8IjjU7fI9AvTIdPm90WFGh2Vo7yfCu6AA8H6A
2020-08-16T05:56:48.052438655Z 677 qwEcve9BydiwvZokv3RhmydzriPQlxQCMX2LuSdT5gFYCzIhgBGueJr2ZNho
2020-08-16T05:56:48.063182325Z 678 JvbWzZ9Dwzq0bmrmuHwxTqa7tvgiTMlWacmtMUAq57sB3L6gqbW9SN5cHz5F
2020-08-16T05:56:48.074578319Z 679 71wmt03LyfVuqcLSTE1pWr73cMpiB12wygNSdkDWZVrzFxCKaKk2H0KsdCWw
2020-08-16T05:56:48.086255728Z 680 HACZhvbLOocjD1WwxVy15vHIwcVQhJdgxxMCHYrY9h1nxwB1fMSOAVQV9fK5
2020-08-16T05:56:48.097973588Z 681 n5t69jenBpLbnBLaOOxsFUIk4KJ0XGWfKlA134JORxdj0UNLZgmgVuQPUDV2
2020-08-16T05:56:48.110001786Z 682 04OAm9s0y2qrq8CvZpeGbIAL9JoH6H5ik4T5C14qsTJp4cyvew2vMkeSgzoT
2020-08-16T05:56:48.122345770Z 683 ubZCQUsMJTXReZQvzX5hWx2u4O7ICXIJFjIKNDRvVLUNEbE83d8NHlKKMZPv
2020-08-16T05:56:48.134174180Z 684 9WUegdwW1W4b5NQRwVoqwWcpNJLw0ELFYiTtz8MoB9WhpMnWEQgS9EMYmRcL
2020-08-16T05:56:48.145539801Z 685 Uba5LItzwuHcNCCPd0lKujG5sgO0WnfU6dJJ7bUh6xt6GYxS10Ac7PbuF6EH
2020-08-16T05:56:48.156070009Z 686 aWaMmfWSiisuZTi5119DIj6oPOrGM2xXsqeFtDqVYSujNoS6UiKkfwrUf0ns
2020-08-16T05:56:48.167774670Z 687 PvdCGIhRm7F2bxjjTe5HpeDciNI6wAV4fOe7p6XTot9n3MSKaQaSr3b9FiNK
2020-08-16T05:56:48.179682197Z 688 kIrPx9cRHL0djoMpQFeQ1dy1nV0Snhhv9Rd1wk7YtUVpCsqbTcWt57PjiSHC
2020-08-16T05:56:48.190230577Z 689 5KhwcdeXKxFJmoOAaOSkfeqgI3nzPWann6Et92t8nq6HXVsifOGa2jqfdweO
2020-08-16T05:56:48.201999988Z 690 vJB3onZQUH4yofBMqDH1myq1zmD1IjIaIYHU6g3ufvMXVJTKhI5Y3FmZtA0v
2020-08-16T05:56:48.213660213Z 691 807M21LLWwO0kO1daR5DdhkeJ3TNaar7KWTSkQJX1HDo1cpCwOfopaLuSGi6
2020-08-16T05:56:48.224724645Z 692 Z1m4zXzOlp4WczEXUtQKS9SYZPZTbbAJQ5O5rXiXxCfiXSmQx9myHdZDG3Ok
2020-08-16T05:56:48.235912387Z 693 tO4f73AsjMYCPbpwqpinFGr9qwqZnOUk5n4QuA4M2uOpz4BDfAgpmS7IpKmY
2020-08-16T05:56:48.247697567Z 694 92UG62X5kQ5CKMumncgpSheGfHaV3gibgOsjrStdk0Fi6oseUiDGQs8zcYB0
2020-08-16T05:56:48.258279483Z 695 54DOxe8IQV4NLW24WbuwQg0DuxSUF5aq40IVAqmhjRwzyptswIAE9OrAS4kf
2020-08-16T05:56:48.270002413Z 696 WuNBAVYphp3IRDQB6afhRE8l6zT1CkaiMAkGgRwNYqKyefEzs4DE72AMWtvb
2020-08-16T05:56:48.281322635Z 697 nsLvy0tilHN3hJmrnw6xfsIkN3UdNtIxkUecHroUvw4ObHZacfy65UGspowS
2020-08-16T05:56:48.292573168Z 698 dUV7ZdEJhosrlSPZf68QwxCMM5RWhPBj2vuH7rcqzORfrUEJMChwj5nUr83g
2020-08-16T05:56:48.304355933Z 699 yHK4s1tNtBc28sN8PCB72c6dT480EuUBsaNZFc4Eg2D4mNMVPVGLkGS8G7Ra
2020-08-16T05:56:48.315946473Z 700 Gvoox1yzxHbayj1FjbwXLEwPzMhzDsf4cND26kkqdLpg8d8d2eHXcueGzIgb
2020-08-16T05:56:48.327819135Z 701 SZrmeZH5IPYXQuIuuhCEbfxngfgvCO6y4uZzCw5zpECkL4QJFwI2WWQWkTIc
2020-08-16T05:56:48.338382400Z 702 EkqHxK4lpFY9Q51FFpDbpACaidoJaGDyuqZBjdYSc5qusS8wIZnmTsZr2MAw
2020-08-16T05:56:48.349507817Z 703 JdO2HfaYjjZ4HiuYGxWastW2UKNct4qtmVi9mEDi2PvgZILOM0m6227fhecI
2020-08-16T05:56:48.359916918Z 704 7Ew0ZEg29cwMe2NdetSUT99sm32y9T9arr7JC4gQDmrMzqgLSdtnBRuZUkLi
2020-08-16T05:56:48.371668584Z 705 DanQ07O6E0zi6zmZMmmMEdmfRHai259D0qzimeqS2xNvJCwYYpRHLcacV2Ib
2020-08-16T05:56:48.382228856Z 706 7wX2LpuKiaV1AZzy7tMBFeyDwp8Puaht3PBaYmaON0rnYWBoe3Z81oqz5yoz
2020-08-16T05:56:48.393910372Z 707 ebR6AxLtruxrOYMMVaUef4ZoXdjwX8TkmBV69BJEQDi48G9zy5RI6Y9uveUK
2020-08-16T05:56:48.405861663Z 708 O5ACEo6eLM58eZCsZ58jc2I2EX5M6NEzxeyGlmhAYdulYQvoufaj0bJfAdGW
2020-08-16T05:56:48.417584528Z 709 LDDvCWXjXrL7XgwEyXLm47zA8hpl4CiUD9i6mYWYhcaUlVAT6obNBPI5k7AW
2020-08-16T05:56:48.428208315Z 710 fxsmInQnU4mKtwNKMh3XUBLOUH2980TpONvGKHQtpWK4Wlce5DuafnqMyv8m
2020-08-16T05:56:48.439817396Z 711 mGVpV96eDPjjfGhWZ76mTQOaaqrP2eUA8zS4KjThCz6CYT63p1i1APqD6YiG
2020-08-16T05:56:48.451884242Z 712 9X4PdXH4pfCNPKonlo3s6vsURpPsKPrJ3IgrrfhyW361eueZ7zdBQWVW8Ecv
2020-08-16T05:56:48.464184268Z 713 cReQc4UZ3yEdftHeLrXV2seJhurCAdXYgu307f5bVpFHkCFIIGZv4NcyQGLo
2020-08-16T05:56:48.475941171Z 714 QAKxSRzhHufg12tnBdFEOjO8BOonF1KwPejpRg1y9tHc4YFOkZ2QBJS1Rqik
2020-08-16T05:56:48.487818409Z 715 mP3xP8omkUKRlW60gOGqpkqci5phsHUHL7VHRtat54Gdo2O7sAHOwbmetAU5
2020-08-16T05:56:48.498214427Z 716 xNvA6dwCTsXzGB07LqPDMw8lMNPKZn2kZN50h7DjD9sMwsp9TfjSZLSAKuVc
2020-08-16T05:56:48.509633088Z 717 Ddxxu9NhWdvkcStN48TVAxtF2HisTsHLNdMIScxLQbQm20wJg1V59AAyzndx
2020-08-16T05:56:48.521224163Z 718 aGXuaobQ2bYsuVqqn1nu27pdGeIIBPIXDNKuDP03ajHOAlGaaZZR7omprQ0c
2020-08-16T05:56:48.532286504Z 719 uIhWYdTc0UfHLCZvJrP6cwSIPdx9nfkN3rSE143oewtxoQVREuC75mDlYSCd
2020-08-16T05:56:48.544053288Z 720 jvzn0n5qUZCyPXK4Gn39C5JjyuUpHKITFEk3yECRWR2Edn4gaM40DmljKNJs
2020-08-16T05:56:48.556008565Z 721 kXzEvGKBTZpDN3oNtvHkLauoCXH7ZEzCfkNjhT5lOhLJgdTpbAOwYeV8LGnO
2020-08-16T05:56:48.567833246Z 722 4FQgX5cXz9T3SXjuSYmY3m7sHCFWs5QR0p7seIWEumGPDJMBWmZwyTJ0rc2a
2020-08-16T05:56:48.579643891Z 723 G8CBd5b3H1ffEJ2Hw0jouzQkLIWWJvMnsG1wkla3zSDcVkpFY8UALXhC81Cq
2020-08-16T05:56:48.590289942Z 724 GaSGx9SJFYwiZDF9oOdoood8DKIvEVsNB4snufasn79I8gvDPioxCjZgzyXo
2020-08-16T05:56:48.601872867Z 725 utzolovDtLpHe4v0gZqmcxT2Wif7CnahCrOxSSs9ix2YElJPT2LREbXOlISZ
2020-08-16T05:56:48.613664419Z 726 ZFoTliGMUx24llgwnB57riLW8gYGHtbrHpJJPeaqmDVr6VBbcagD1NWqutuB
2020-08-16T05:56:48.624225730Z 727 SCltGSAB9MjjWvBhZbm1tRkRMpP7IXJiF080LXa2UXBsb9gOZUCG5io2qyfN
2020-08-16T05:56:48.636197406Z 728 I1fgHCUB36sAQlZjJX4OuAcX0xRTET0saKUj3YWiBy0r57A3a1BRvwPLZJT7
2020-08-16T05:56:48.647907310Z 729 XOqpUwlMct9pZdiLMwhM95LkldW4cpNHd78LccbjPC7IXN3rVGK1aO7nFufL
2020-08-16T05:56:48.659354511Z 730 Cj7fLPdTZFfIexDbKO7ETAwsuCk93Z0OcCytPSNnMQTJQpfHLbdH1Pt3ZXTU
2020-08-16T05:56:48.670970259Z 731 Ej2V23k29b6NlSSltMssFZEstVXARLFNfUffAaiQeK3bdPhpDKQVFh9oIB1q
2020-08-16T05:56:48.682603197Z 732 LKaZ4SSCKcQMzA9BTxqTyL5bNfsnbzybFEIz3rANQ26EjlS17oCkATpeiLxI
2020-08-16T05:56:48.693072264Z 733 GSEYDelJmTUciGBZtZKcCZ8yVFgO4o2P072fG2Am2hKyyQX4JCK01K6bmWsU
2020-08-16T05:56:48.704174305Z 734 Xg6bb6SdYW6vfL7BXxyFKrL6uaOcx4tM4O291fGmCi8zPcn0aNgSbP49cfaE
2020-08-16T05:56:48.716037225Z 735 dWUzRbxyIunaP2lyPPEWN6FynH9ewlp7esRRs8XeuvzTMhihHXwZVDg0NJK9
2020-08-16T05:56:48.727427269Z 736 vuXdbQYdFVuqW3eUK0Xzo5BBddqqQjV0sJxYgkPwtpcNWoI2lBonB8KVM0e9
2020-08-16T05:56:48.738007007Z 737 fZjUB1xKeG2Goy4uyv7qLs1yPKH1EpGp73YUCpJGLR5GukA9XPEWtDQbaxS9
2020-08-16T05:56:48.749940409Z 738 wt4eVUwtmVMJ8Yfzi7fuJ6C1hcQG6779bhMVLLPFamRKvlHdIp4gM1sNnbv4
2020-08-16T05:56:48.761627350Z 739 BrcFFpCJHM1rDmQstuOGMTtr8rNdaD07dZIZYvBREVczVAejYaTfXsQcLONU
2020-08-16T05:56:48.772154896Z 740 PuLQGcrusoIlTCFTZlyilaOztR5LLEf7gxu0Q3ZVuh5PP55muZ0PGJ7uyYfN
2020-08-16T05:56:48.783132740Z 741 L3muzDx1wqHRZ1WC7KiU26or9D7A1yWB6EVxU3hv2lftXEVzq483beGckBw9
2020-08-16T05:56:48.794486419Z 742 IYlL2AMwKyI1vcDhRiOKLVNCJmhz4tCjHSeAQqkGeygtpF0elucESwVBmOSc
2020-08-16T05:56:48.805068343Z 743 co7LNtSMBxZgDJxu7MDEtMBKi94FIruFiozKlKzc1sfATrO1BknH31gbRzI3
2020-08-16T05:56:48.816940976Z 744 qdPt5RIqnNeBgWAcsdwgNlJTBSE3id88NdgzKtL7ntyx1mAcRHLcnkXCj8jW
2020-08-16T05:56:48.828743891Z 745 2bNQviovHpNjDdfSQ7XzL1Mne9Ox3e1tI5pVXr8ieB0qvh6hdQ8Pjt0wDhiL
2020-08-16T05:56:48.840444543Z 746 YsJ7NiElHW0AYDOMG4cre3QIqJPp6cFdIvDYEnMgYjjgw7A7IiCSkcoPDIUK
2020-08-16T05:56:48.851190291Z 747 Ouuq8n3dnvjbFqF70Ga2JKTUdinUkheMBjSkrJO9PodAyoaOVbLVci3HhH6Z
2020-08-16T05:56:48.862823857Z 748 77HfwptLipkdzysb6Yop6DDq61Hkf1YaoAaTTLu3Akr2gcJnqPq0n69phV7M
2020-08-16T05:56:48.874164306Z 749 t7xZ6xdD7v7Gv35KYgPxUAIdNwBDZHm8aeQjyk52iHMj0WwSjMLNkE95BRSE
2020-08-16T05:56:48.885362667Z 750 SlA8Iy9nRn058aukgB9m36KtLXxXckicoNYiVObhfp6naYnrQ40F8X8iHgWZ
2020-08-16T05:56:48.897152104Z 751 ZiRah5sAeKScZ2eGV3VPRKdcahfYPqY1o4PRrxbYHhLqvTg1kmz9MDfNkQ48
2020-08-16T05:56:48.908852765Z 752 1vLnh7hbLsxmkPEkDneAsi3BKsknzxmsIumKfN9VOuOfDsTm3SLOGzHDyxmk
2020-08-16T05:56:48.920604104Z 753 FihtcNdLUeLQjVGhjCIlBBq3uTCtmBJXtkF3vCJmqtHsF4LAx1z4E5OR8H3t
2020-08-16T05:56:48.931144520Z 754 EYbaEs0aQgFZ5cVrWcIV9reXxwJTRCtwvUKkVG4pTRMneaB6GBCf6leAvIJx
2020-08-16T05:56:48.942790710Z 755 voIoIyymyHneeqkaMVS7K7DqevaaqYvUgeuDQTR27PVhuO3gbC0d04H9viqT
2020-08-16T05:56:48.954349617Z 756 rso4z9wjm687vHzHBiaTGi1MndxO0KD379fYY8fuX2CyGjZ4uHynnN2lOWav
2020-08-16T05:56:48.965062793Z 757 NDCeGxnvbxqo2cDQqbyKdZGVfUGvUeRa1UyeoGYmA33N2R2yQaprLYXuhZd6
2020-08-16T05:56:48.976452908Z 758 E0yaansTRX6twiXLxZs51soVLhpBBKBqwUWriZtEXZnq81b5eXoHe0Df2kww
2020-08-16T05:56:48.987987658Z 759 iACDzNfJNnJjb2LvewFQ91mmDXtIqPiF8EnCk8ALrWWfXQd2JY9KNr2b8snX
2020-08-16T05:56:48.999786822Z 760 OU1fzh5nofA2PPzaK0Xs3vdymCREEQW14YYQdora2Kuudczw4vD2MG60ataM
2020-08-16T05:56:49.010244690Z 761 NWNc8WqrndTwcK3DIU3hQ62lkEG1rUWeaE4DIoNRbA6lIYHvNnpmhFGV30qY
2020-08-16T05:56:49.021768063Z 762 aiU5c0829vAT9KrAL1AGgQmaDz6tOIbDrQNzjX8pO7DREiaUSRlMwy4gjGFS
2020-08-16T05:56:49.033561273Z 763 3i8rW9PAS96LUfkJXg5hfM4BuAFAETkTF94l2K5BxQKi443t9xQFz5edS7Yy
2020-08-16T05:56:49.045120271Z 764 EWV21D6FnmnNBZG7JxGXJO936avZfAaqLLltjTIF4UD09nE7S1M5IYvKLwL8
2020-08-16T05:56:49.056539954Z 765 fxKszg63MmjzrjkPxJIbdsaMFqw4JVyNLqSlqhQtIX6POnJskvF1Lv2GSzKl
2020-08-16T05:56:49.067393937Z 766 l6YdfJNZFMF3txVLaxUuLMM9PiiM87seNUGqubqDog0p22vMHm1VZGjjC6vI
2020-08-16T05:56:49.078038943Z 767 mbl9w4SQEvpaIBLm0D7SEpg6vzW49CyvrrsVmUMf3oni84sqmTjkHn98h6FD
2020-08-16T05:56:49.089617270Z 768 NOA2dyyn0ukAKWuddBm5QyEjRMDm6KObpPzcQ3KKVUym1gjhNzTEvQ8dweHv
2020-08-16T05:56:49.101238785Z 769 yPjX3vLJWo9hgcNMwGtTUKS6xTOFGslj6qp3CSPWib5lGNdsfsYHIc8dsC9V
2020-08-16T05:56:49.112912084Z 770 OY2gqDvDzRiMVhkzGUPfkWDN0dgt0Efnvmez3OQVZjM7JLAiYVkbcXIVOKj0
2020-08-16T05:56:49.124587084Z 771 2DvBJ7vIhJELDtEf6OUEEoJxstUt3IX6WuXnEN4YeEq8navQxcGzn9ingPRA
2020-08-16T05:56:49.135649152Z 772 DooZ3GUWNFoyw9Zvn5a3rESPWDrb1oD5mpNcgTmuZ8wGNzY7vplkCHflV7sn
2020-08-16T05:56:49.146183724Z 773 dyfAaE2CRbdqH2Ki3AQE3WrdsnOqpPtTIw5FrwgV856a4FFmLjjw3xsQ6OtW
2020-08-16T05:56:49.157207163Z 774 aJbauqb8xplghmZNUCSa3r5h9nZhvsuZgkM3HYzuGsuex5H10AAmDtH6G6TG
2020-08-16T05:56:49.168815587Z 775 0JjIMojbNU6MBaXavIoTBY308gYu2InE2p9jlEHmG9CSsP5j6b1I9CfW05yg
2020-08-16T05:56:49.180659500Z 776 intjHtJgsaaWSVLr1nB7rURgn7mN2s8bPaCL1eCntUSV6NDinc9CfGGhsioO
2020-08-16T05:56:49.191278257Z 777 lylzypcLpfKz904e0HIwk3TyX7t9ZiNQWUQ8bDPR4M0KJ2SBMvGzTI81FNEv
2020-08-16T05:56:49.202172989Z 778 vGVPmyUBdgdz7MUdyCWHXZnibNSj3ZaF48ACJqvXG0aATwOHc5leCUf76DSz
2020-08-16T05:56:49.213428411Z 779 QGKuyMk4A4AIZCfDf305oHVEoOvv0Dkqr74U4dnD2SYpRO0Xkn6HDvGfwcvY
2020-08-16T05:56:49.224962424Z 780 FBuG16Ni7BDkBDK57ec80Q0jhefdBkKSL0bpxWVYXCSfr4R5LDFeKgDF8K0W
2020-08-16T05:56:49.236509940Z 781 wGM69cF3Wji02AAd6NDdJZEmLrYA6l6twWcOfED6zKpFCljS5V2HU8krRPZM
2020-08-16T05:56:49.247164014Z 782 6xkZHlnElSKfshpNZfag7XGaf456wsfmxa5FIcpBsU5uSdsDZ9ucLu5RBINj
2020-08-16T05:56:49.258848635Z 783 ZF7BfL4QUB9554bhwyphGf1TyXmJO6vxmS3Ioubog615jzjBgw9P7T6qcgCE
2020-08-16T05:56:49.270601645Z 784 Mwad6zX2QdHO5T7rjLxCKbtomhWyoo0ZHKbkyEFuRbEBagTJOPOQrOmPIEUF
2020-08-16T05:56:49.281353935Z 785 Q4YgmqSRTsmO9iUDhQbUPtS5WFTxn7rx9YxUCZ5OANzhbZOBlWmE3i41uGeY
2020-08-16T05:56:49.292955748Z 786 rwonCQxKv0akXRigYI9Wvr1GbhZfOBDvG8G1pJp0wPU6CxEaeB1F23Ly4XO8
2020-08-16T05:56:49.304368557Z 787 s6oWdRc3weerWGoFOBJfmHoxGqb7niTNsi9922wLiVJX9Ys8MkPfHMJO2SYP
2020-08-16T05:56:49.316130794Z 788 tDJHOE3tXtxGlwC56S8AfyhPs2N0GyM2YMLyyQYOZjy4bMQzkdOXL0R1SOEh
2020-08-16T05:56:49.328165498Z 789 2bOXuomV3m36vzQSZAaWOTVgVYYpywvNrOLgU1wDcUA25Vvtz2Wd681uvUFE
2020-08-16T05:56:49.339939185Z 790 Q7HRaTCndzfS2GHEu7c6p4CF9Pjtp6OAVaymJpHQfNKgDWuVJWBaqKfr2pg6
2020-08-16T05:56:49.351726192Z 791 1t4tslSXsLeqXBFSFCTA9uiXu0gjUnsLAQ5NHm9W4kM6S8YZm4r9moFclyWk
2020-08-16T05:56:49.361965947Z 792 2YAhdSDZgN3q1nuLSDEW222HJhgdnmY4fGCGYy4QWigkM4YKvbO6LAFhWkIV
2020-08-16T05:56:49.373276752Z 793 UTgiv0W7WBDofIcvHTcd5DNpNZjYKAv022k2xMCuLkbc91tS4deITKgZYfv4
2020-08-16T05:56:49.384876598Z 794 L3GgUqyGB4KhPgZHp8Dx3g3Y7s1T6js5583TJyja8BVxQQFpeJF5TtEfttpE
2020-08-16T05:56:49.396537142Z 795 ovmowKK9eYVdh7HZQlvvz0SUX2xmRoGAzXcfch95e2Zn9TR6JPlY0KibXWcz
2020-08-16T05:56:49.407136070Z 796 l62UU25047cOqjQ1LFNyBT92gqnKMDOgfsSgCA5b67xX4csR2iZd69jB5mZq
2020-08-16T05:56:49.418875608Z 797 vVy0ikrQJVObT7OokysjfUERMFK29J7c8S1jnM9sbE6Xq3jF1fSEnLtacvLO
2020-08-16T05:56:49.430436294Z 798 LaFgTTBmF0XkXpIijuBm94ws3Xr0FWjc8hCICL3ZLGPjuqovHZCQAwEjPpfp
2020-08-16T05:56:49.441168970Z 799 VMr5mBeu09zvBhmKIZIhB7DOrtzSTMVhLbDs30TmH0nj4aQn2FhaWqgGKTxB
2020-08-16T05:56:49.452966291Z 800 MyemqLyR2Se0lrjS4bimd940z2VhPNVVfd6jl9Khb1qxg0utRPPQBkghvbHV
2020-08-16T05:56:49.464672726Z 801 db9BIn7MULc077BIPi85ArbkGqzqVSH3razwkHS6jasHARWzujCxEfazJpaJ
2020-08-16T05:56:49.475392995Z 802 1RPfZSg7f1JK9q30Mh8K3E8s0DMCQ5C4w7GowjOEdhynq52d15cRun6sKbhJ
2020-08-16T05:56:49.487062189Z 803 VcYJDSWtfjd75lKCkV2tXKTFrSQfQ5fr5oJeCvATGV9RQTe70pdKE1TEHpte
2020-08-16T05:56:49.498990055Z 804 1BEFbnqYltwVNJ2eIFSQ8QmXYFykCzHmuBbEF6VUrk0mpLQzfedN1McNPDhG
2020-08-16T05:56:49.510913019Z 805 SzHe4pg0sVaiyBtJNGiAx4DXE1fHehAFsKWzKOmrSVuTK0OTH1XgYjQ35XMm
2020-08-16T05:56:49.522644911Z 806 HqvC3VNHB0zNaRS7mA4tAi19bL88VoC9kAOr8cYueMqbKU1801CBXwlD5JB1
2020-08-16T05:56:49.533606436Z 807 GQyX60FvOJYvwPsrMMoJWaxDcS5QyXh7HuRDjoja81Rg87zLTaAmeJoJBG9x
2020-08-16T05:56:49.544983449Z 808 Kl9TkOWRZowwhi383Q2Cyjy75UC3qoD3d0uwEWPlCl6xObjiR39Tw1xMkp5X
2020-08-16T05:56:49.556679399Z 809 c4hfWYqZJT5lQg0wlLpSgIGhE9UUbnHt5a6h2PrO0ErqNpenYuNDwvqDuVQh
2020-08-16T05:56:49.567375876Z 810 9Y2winHIGB4ccCavWqtju5eBTjRj2kGk9ONSlEpkTWIr4ZHO7zlmEJGbqXxX
2020-08-16T05:56:49.579036173Z 811 mYOKGVXBf4UvLxA4WU4cdPhJJD0mu6DuerFVbisaoW5iDq83jkhvGBLbtved
2020-08-16T05:56:49.590405699Z 812 5LFrQjlMGXahTOcB9RFgC2CrVQxfV7InQ0xDC95n6igHddgwIiug8oJWWP6K
2020-08-16T05:56:49.600967331Z 813 IWnztGraOR8AHQcLsYu65Y4uCHTkwCwfBWFQtP8uL0ProtDRhEkYDs0BPHbd
2020-08-16T05:56:49.612715482Z 814 kCu3QbUVu1CqiWKZeLbtQmangoQclRMB3sbaKqLuw3TDDPwu4ZimvOfrfEMZ
2020-08-16T05:56:49.624424402Z 815 slvglQQCAphRIekGzviUWKaLxMDVDTnIbmmoLCc15IDf3pzdRtncEKlOyTwD
2020-08-16T05:56:49.636164450Z 816 aG8kbjBf5ppE7nfT3vEpfiEHXhbNth75neC3KZCl84VcPswT54LV3BmLHGZs
2020-08-16T05:56:49.648052673Z 817 1uXnF2XPw9LsNQ9a14fB6uRfbNtM10sRJBZAPwxmBphWWcuhMKFUgVi1omZI
2020-08-16T05:56:49.658891638Z 818 6gNClyR0O9nZgeODNVkUhYe2An3M4XH56SYlsmJvNRBdkTh52LJUDSZI5jgn
2020-08-16T05:56:49.670421614Z 819 evBk8Cy6U3aRffJ4IVfNeeObkt9rfexr12UwIB1aW8NdMkEVpEyv6s23wGzC
2020-08-16T05:56:49.681067691Z 820 vH2SG3xjVRyikEY7py89Aglx9dZ5XjsPEpdCeD14mvBsCkOmfKdgIJ3NNAQV
2020-08-16T05:56:49.692807021Z 821 uuAwX8ILsIsomAuyOx2XrHjzfidA9AVNAZBDyV0AcOUbxoFQirsTS5z4iI4A
2020-08-16T05:56:49.704541887Z 822 sXztdC58NrUCgNUqevHtt6gg9Q7fLs3Uyggwd9oHVLS6d20q0hhGyNOaUZ7o
2020-08-16T05:56:49.715913072Z 823 YJbjR3R8gwy1JM58VUQ7NADtpij1EVrpXFUWi6of4DaEYAs2LiNVJwCuGArg
2020-08-16T05:56:49.727320533Z 824 E54HoN86ZnO9ZTTPvNPWNmAkBiAyDXDSnII2IjOhSiajoSgw2bnLe1ccsP5S
2020-08-16T05:56:49.738900669Z 825 dFLWfKarX5PBkscrCDn5Ra9w1ka4pTG7T928lLX5pZRRYqGoc82kwir0aw4t
2020-08-16T05:56:49.750278787Z 826 bxBNeH1UhEyOpu7g70m5pQWalMA0QCpdrOslteHtg61GaSXVSQ8NZOjHpmJ4
2020-08-16T05:56:49.761454644Z 827 2gyKIKwx42KoiawDWt3A1D9P2SvtIfsYg30gzlZeM32JvqICe72qCSwv9svM
2020-08-16T05:56:49.772377041Z 828 VsiML4kwlnQ3lKCR4BkhfJUmG5nQSScwnKCbq5aOeoxtUhLRC2IZPrHp4ZCC
2020-08-16T05:56:49.784138781Z 829 EduPylQzm5WHcc1hF26QdC9pUBYkOuDE3xR0hOOtsraJgOE6BlGYSxfz3nMZ
2020-08-16T05:56:49.795807871Z 830 qrKG3YGxAi9SXm31EY0DKr1p5eJIsoleE5abDxJrh3VeP6cWM05Xy0J5tjUz
2020-08-16T05:56:49.808017608Z 831 wt1o2BkkWZKDSKHZLf0gb3tp8gzuVpwhEZtO4KOJeWX0wW1Wj5XUlhZjYZPO
2020-08-16T05:56:49.820241833Z 832 jmOJKVItF3sAWywi6jl6U4rGCsLkuf0EZCd5yEQAdD4jVciQoNfPbnpjiJuR
2020-08-16T05:56:49.832004401Z 833 UfMknhqKzznfG6bzOAvXndq39C3mJexyI2QL52TsH3QIBR21oQ5uDyQWmkrC
2020-08-16T05:56:49.843985296Z 834 oTy8sCcbEHt5JlxmYWntDYZUHdrieJZ1UzcOxP0fmwrbarqSEYzaLs61r5lC
2020-08-16T05:56:49.855751990Z 835 8dBbS2FX2jKp7la7nwfUd5dDxZIvuRVWEiRn76CCGnNn4WJnB3lFkY9GQxlD
2020-08-16T05:56:49.866934925Z 836 B4TyElrKnxEVAK0LX7GH2jRXNKhaZv7h7OqISbkbqR6MSmiWLrdlqey9fdX8
2020-08-16T05:56:49.878486191Z 837 TpoxGWAOa3U2U6YdRY2C0AnU5mqM2u4Cm3f3WWFUBsqpYum2hmup5lajUz2x
2020-08-16T05:56:49.889213767Z 838 lodLHpdvi4CIR8Nq1MQZxSf6xtqbNf1Q8OAySIA7vh2YYaLH6NmPMdKTERnC
2020-08-16T05:56:49.901142118Z 839 jyi0lcksy5PuLP5FHBViXCABiI9fci1sv5IbiHNLUAFMFVv7N53erjwCVeS1
2020-08-16T05:56:49.912838432Z 840 s2yBkRjWX4lN6COB6dNtUxA5pv8fkyM3xOBdi3VrYWuHMMgK4sEpyVJuM5BQ
2020-08-16T05:56:49.923759493Z 841 Ei8v7VjHeAwOCedKnKAIz3Yc8ejgJLl2hMaWJe15axrRzxtHSsnLDv5odjZa
2020-08-16T05:56:49.934228232Z 842 8Ubzg7vTpd11iLAkpSdgypRZuwyUDGj1aOor5lAmUuMmkrlbgkQmoAFjPHpb
2020-08-16T05:56:49.945696418Z 843 BbOK57Ju2Tfqy9YOMCxBvmcfdkNRRb4750VXTzFW6yvhGyvpWDG3LBSgCZ4X
2020-08-16T05:56:49.957839079Z 844 vl0U8yd3ZtfI5emV0NAFr42AZp54XyixbrZaTKh2iCgAbWhR1i5qtvlJ5fMz
2020-08-16T05:56:49.969437453Z 845 iff6uH5G5ZZBidWoVqEpYokJaJTQoQVwAdEcbwye47xD3dTw2uJ35IQz9c3P
2020-08-16T05:56:49.981071570Z 846 M5hoZYlFpsGa1pQvPkJhJ88nJQ4FpvKC928r08u8SEpTii6MVQ6hWofCUX3s
2020-08-16T05:56:49.992738622Z 847 UC2D5ntDJpoN2ickn7JBqeIBX4wZEBAhNnRaDHVPBSTKl5pzhwBVDUa8xEEm
2020-08-16T05:56:50.004031718Z 848 q7pdznL1bSjrNiTOYvbnZ97H8DdX99OD7sP5kGGoCZm1qA1MKKCSOrcgdOXN
2020-08-16T05:56:50.015808690Z 849 IoDqUwpgMD6vWSZ975PTG61KbdO2tRcc0iL70PpseE61eisP88PjEIDoZ0vR
2020-08-16T05:56:50.027553889Z 850 DCAWn4Q5Eb7C3hN4VtawNgpKEVQ273nTxTWieQwx2fACuoIdJV9uEefih8Jc
2020-08-16T05:56:50.038298827Z 851 UlE6A6a103yVUtPwVFxsD15uoLTyz9Wu2IXqsbpfLMSgjODmo3HxcIO1FQl9
2020-08-16T05:56:50.049993769Z 852 Ng2Lc4sq9ask5UgSah8rgIipyDu3kkBpQAT9Ct6pjKXTJV4SAw97ZUFtzNSG
2020-08-16T05:56:50.061663730Z 853 d9nG8tV70sXsMOUUB0D5t2QE99dKeXx1lygbaXzMBSiImNvKdoUaVtq7Ia39
2020-08-16T05:56:50.072856226Z 854 npmurykBrnt571gowJG05TwhHiAARgfPK51ylmXNnmXtyZYlPi17YTs8lBma
2020-08-16T05:56:50.084559649Z 855 R5POrarsPKtNVcTmCFishQOVQdrJlIC8R5XEcZahnzDq7P09ByzbCPpdPZ7N
2020-08-16T05:56:50.095408440Z 856 iDYw8wky2OxbdftgCtGMeoYpx3OMSBWAzHaZ7Mlq45KVliqbfPXQ9h2wJYtt
2020-08-16T05:56:50.107112365Z 857 X8JQwxFcun7p4PGhA1EF9tN2uECidCvdDLts74FwDfvsQPLZbsmqFZb5rqOF
2020-08-16T05:56:50.118785185Z 858 jOFa5zFLO4F8UuVJ0xfh3cmsjvFwvECrOJdmdhxE4OZF34t4hejFS5nmjmuu
2020-08-16T05:56:50.130463195Z 859 xbr2br17NsxQwhOC87NSW1EKrqruNiHwjKmcYnrIaSw4x2vZb9QtskWHp7Wi
2020-08-16T05:56:50.140959512Z 860 8MGEssbmCssMTijOfoW2ZFz9Ug7f4GC6IGoOHDOP6W6OxPvrTWdIlypfyps4
2020-08-16T05:56:50.152606608Z 861 HUNeWqtKSiTevEmwr8Dpzbet7WI4tZ81MMpI7MKDAh8NkqTpFavwotCrbKh3
2020-08-16T05:56:50.163009796Z 862 Bwng6a5w6KU9KktkOOhLbWYDrCBuQ0SLtathGWekz8GmgfC2X4u4OEjlof2B
2020-08-16T05:56:50.174566720Z 863 01iyrhiITKQtIWlcfGhWIo9FA9hRfjxepU6O2F4QmlCOI6gwYfwLXg7t27Bw
2020-08-16T05:56:50.184855021Z 864 5uujmitZ0GVr42I511G6NnKb1y66kxA4G8e2ZBMNAW5fRKwtRJcRkz8weQiK
2020-08-16T05:56:50.196675713Z 865 BjPUkyXlh2dSrV02b8CnU0qQm7QIYzATqGro4KlDk1bQO7vWRMvFSpuqrRml
2020-08-16T05:56:50.206858083Z 866 19W9Nq6YbxNeRrAEyHTEObT2qTF3S9r0N2wXfHQGiex56WHr0JSe0edstHSn
2020-08-16T05:56:50.219504729Z 867 upD4JzPN1W3wp5bVuxbuOa7DsOr3V4imIeWRh2lcXBM9BdmPvmxbnjLV6mFD
2020-08-16T05:56:50.229871493Z 868 PkJ2jvsBtC0zMY9A4ZKgdiSCnOEJUczYKG6XFGDMH4jBog2ubwZVwkqULCQk
2020-08-16T05:56:50.241590405Z 869 1JiYBhTBZoEklGehgbqSL3Y2kR6D5LcKbDa56zANFQEXRgfo9VI2cKq3nnao
2020-08-16T05:56:50.252321984Z 870 Vyudglxa2duVnxXsiHOMwtqYjarvh5VveWYeohSQgyCd8bByyn0YZyI1QVMR
2020-08-16T05:56:50.263246578Z 871 mnszfFJhSOg6JebSnor8NnKqfUmfpOFdkHlWmqqIiY4rKbGgOEEMwpIThdoK
2020-08-16T05:56:50.275347378Z 872 4h8ZnKYle3mJhns70H0d34fpRWRDBa2q1r1vFwSQoxzezJWzbskskZnNezvm
2020-08-16T05:56:50.286262509Z 873 aWICrOmnw0mqqf1CrIKCjEljyYLxcDMuiqelkjuC1TRbELv49RUsKqUCS6YB
2020-08-16T05:56:50.297729508Z 874 NMUxXWzS903Sq5L5IHboBmHnIs4Yr1eUq38AzCh1GJNX9tF2i5W9CctNNcgX
2020-08-16T05:56:50.309358886Z 875 SkMhkuX1xKzftztC6cQzpRJ49MURGHPxkQMbfn1zC4zgwv5H4LKN0QzNkaXb
2020-08-16T05:56:50.320290857Z 876 EXxhuTBHwnPZzawK9GoTSXtTLDvy36s1kMKxcoawVq9ze2IHXWhsG0AqKIyd
2020-08-16T05:56:50.332153118Z 877 m9RsTPbfzNtDQ1CeVrYCB7TMCUEG9MpDdXHBZNXpUc1IgwTi2fK74oCWfhcS
2020-08-16T05:56:50.343826222Z 878 caMjqBAqR7itn9eiQZWYApKrlKLdXgksF0OQzHGnl1MyJgBd67WnP4HwIKIs
2020-08-16T05:56:50.354637946Z 879 C4CpQxIUx3WYKpVjynJVDihhCMETSNyiB3BQxynsoxLP4QGRXlaAXl0BxQDx
2020-08-16T05:56:50.365340649Z 880 TOXul57x9fO3T1eaEbJJPltiX95wYOvCy3SmhQkYMvTiwA8S1D5LyfJp2Nch
2020-08-16T05:56:50.376624618Z 881 XZwymzyElxTC2Kzl1HgfQ1789CEiHLJMFfBmE0uLOnDwvD8ID133zTvdATZo
2020-08-16T05:56:50.388217358Z 882 MPfCmF79jyBIhRq7GBrYipI4t0EHsC2Ht2FlJDQqrDPMs0CQJmEpbMF2Sf2B
2020-08-16T05:56:50.399937393Z 883 cjJoyfXQ6ohHb4FZvayGguZmcgWfJMxF5tDSeiW1jTVdqBaZoFnC2YZMOtxz
2020-08-16T05:56:50.411921697Z 884 NCG0AJtwEw2ToctvXQGAH6FOacmXz2g5d9Wiz6oMvbsB2ZIxJlDFyT1ofKFH
2020-08-16T05:56:50.423807041Z 885 0POAb0IoQ5PRqlxe3Q3eW9kfIapTduUkBUkb1HqSq6sZQ1slqVZoLOJrhqso
2020-08-16T05:56:50.435763984Z 886 br7yQJKhCUyDax8j1rVobmxeHhXf6O7LJ5Kp57wffTocu0KaRhRK0RCc4IyE
2020-08-16T05:56:50.447754075Z 887 vP1Jz7p01AZmwbA332BRJKATrBZH2xmmDakxM0NoBgm0DiVlSjhuQn3q4wzO
2020-08-16T05:56:50.458369338Z 888 UZnSrBAsBPvX3O5hLnc7phaSANlTVYRGeWrnUu96nfTceeNtkHr6LuRc9de2
2020-08-16T05:56:50.470107525Z 889 rvZdzdK38m62Qyyyse4lIVEKDGb1wfms73tXHiNRzWsEtqLssOxJym6IFXQm
2020-08-16T05:56:50.482025363Z 890 w5pY076TlKTatlIuWNtEDQOnKyemjeecdKHIdFmcXedFvweUhmG3EArC2VJz
2020-08-16T05:56:50.493741848Z 891 ryAhVK5ZcHVM6zqUwnltwKNMQInyxD4pAMsRIGzcWmaYDdtE5uUKvP3fz6Rt
2020-08-16T05:56:50.505533859Z 892 g4jwCN8ho2fb2CkxdpEyQI7ADNQ9CmmAwSf7PPgvFi9OSd2kfR2HWyqtVR1M
2020-08-16T05:56:50.517044862Z 893 ZYy454TNbGAPt5YMDkaFTmAXrWuDgrV67Pa6N42XzmgIoghpTuZaheyntYTX
2020-08-16T05:56:50.528598292Z 894 klOTEyf9ZLo5RXmJ6JjasBiyZ289ZWEhkhbtWVQHAuENzMIRyv0nOZAgdvf4
2020-08-16T05:56:50.539434624Z 895 HJqg8WSgRlyoHhpSfeYd2F8x9YMJ3G8O9Y18ezVMrm37EDL6QHKYceCMDXGd
2020-08-16T05:56:50.550194093Z 896 gG0AKXBJGb0l7QFQM6N6H5tpNgABz7aNaamLjb8rl5jlqwwZyk0R4aLKAIdo
2020-08-16T05:56:50.561875772Z 897 nwLg0h46rnRTwwzxL04NRYOxsguYuExZaqLdV3fDnY6l06NHlXk6t29sqWQD
2020-08-16T05:56:50.573611327Z 898 UQPd6JoZbAVYMs2vEhvNlyNVQWYtUlKgonWxJWiNmcQXfjfzdUR9gCEOGyib
2020-08-16T05:56:50.583933939Z 899 OZm23PDzcPGfIzIfMmT1msprvnZ9K4ahHnxKAm2JmNaiKpEECVi62J8vxz5x
2020-08-16T05:56:50.595303995Z 900 1RUmdHTbinLF7diVgM5HgUoTKsgKkQcyb6WEHwneE8ZX8MisABXoRwGK8TgG
2020-08-16T05:56:50.606188128Z 901 nJswICIiU1DkGU4Z068Ay259E99mADNUQ7KV748xe6CuPAtlbQt9Z9Sd1QBg
2020-08-16T05:56:50.618042166Z 902 WbBpbzsdUhXULtZvd5lxiYiaJDxtbjzUwLrwtUSE81OtioHGAgcZhWlkCcIs
2020-08-16T05:56:50.629722876Z 903 W7R012cMfeb7PDBeWmlysUIFAxbc68h8TB26p7kODGz1GyjwTXqAr7DEzx4u
2020-08-16T05:56:50.640460935Z 904 KuKyFmUXUiDqtJoB0kEWU4rk8SkaEr3ZtHBLej2xPxqAUTf8NV7Y0Sd1kwCl
2020-08-16T05:56:50.651202829Z 905 iCNmx8DYblIIku1UzYvMJEDAFE6n9Tiqu0LtZ5T8bQM7Fora8IKkGACc8RrB
2020-08-16T05:56:50.662706501Z 906 p1IAGhNQMwufgOizBbrbM7VXtttehkTvvnfPtJhTMVfpDAmDLqYcE2ZGX9AU
2020-08-16T05:56:50.674289491Z 907 UvJfg4g0Bw0xlTmeGES54s7GSRzf2GszXTfsyNv9Bnv0ZL15bY94PiOFOHRD
2020-08-16T05:56:50.685930985Z 908 bosRNbDT8oIyszV1oVKcCePsYVi23KvNdvCk0vcAoA2IRZLga043yJp97A3I
2020-08-16T05:56:50.697620392Z 909 RCi69WL0bU3g3L4QjNxnkl8ygrquiNKVDZVvFIcu4GwKi9rapl0PmsXhiS3P
2020-08-16T05:56:50.708446199Z 910 pQngdnAEYDMNfUhAqrcZjGlfTWf1ylGrhtR7Tzod2qMwbEILOVQYLZqOwZNL
2020-08-16T05:56:50.719234783Z 911 nvkRpHU2oaYceIDyYmehqhZ5Bd0jYp9GNs2RJxsiEBZPoTtthJPoyG6WJbQX
2020-08-16T05:56:50.730605171Z 912 gKwZQ6Vzw8Ta8AWSZ9941kdL5OellElbas5wYnIzQj1D2pFDjCYiGgZp3Ur7
2020-08-16T05:56:50.742250362Z 913 3ovTrXAeo66wNvkCgReHYyLgcnONxRCH0BMfxULRx6sDUg9PgHUsgRdgxxj2
2020-08-16T05:56:50.753906681Z 914 k3ZpqOMBni18FgAGWhNbItTU5pUkKKC3C5qeRzbg2ofSmdQmC2nGWRKGLVrD
2020-08-16T05:56:50.765664376Z 915 YFmKMAhLBLup6AKP3lNIg5JL9CbhFAyYhaQBNEF35jX5V14KB5ZabZrascKJ
2020-08-16T05:56:50.776393798Z 916 ri6EJ8cQtEN7cBSCOesixvstzS1YHferuyFU2s6gFOoC2T9TevY7Zvn9LnAL
2020-08-16T05:56:50.788088459Z 917 K8zOMg1qhYE1YgGUdIBeqSIXTCRVKvb4jhR7RPqyNY50BJGW62soYEU9TCvO
2020-08-16T05:56:50.800104057Z 918 WBF08jr2NmU0w4i5VcS2J7H1CrCTXIYv2Wjm3f7qVnzDDh4BtFjN7VtVaRjS
2020-08-16T05:56:50.811510401Z 919 Uq37eiDgQWkirbSBxdWX8toPjVpEpSMrUdi7D3K7i3buay30jSANlbdhPVBw
2020-08-16T05:56:50.822645156Z 920 b83W5wSfmYRsJx0Dxf0Y1VCmONqxXCY6wAFxNGE8J2HHH1dA4XZ2NMFBpkzZ
2020-08-16T05:56:50.834000106Z 921 meoFSxeWs3ybzy7pSx0k0bGihNM2XpPJCs7IqjdB4e13wxr8OwZkBsbUUEhN
2020-08-16T05:56:50.845708824Z 922 YjAAfgYSfhwzEiJP0zffbeIAGJP4EALHxkff5I97mvD6IfSJBsjgUqMSZIbi
2020-08-16T05:56:50.856421968Z 923 6YQRU7l7qJG4V5IgWN2QZ1dZqNvZnDXsLiIdkJZjrfWqakSovitjKPTZlIrj
2020-08-16T05:56:50.867168418Z 924 EQSh41o2dldVykRTHVN6aexCXCR3nxJeHkXUtoWg5Jz2NrQ8s2JD2Pdb9Snj
2020-08-16T05:56:50.877810944Z 925 3n2RUvUqiyMqJwHOtdjfKtR21bOy7Q3PximFyX0jhj6boxY8BRyKoVbTzxSC
2020-08-16T05:56:50.889497632Z 926 itmM27YoNXqSEFNDZOmEX1UFqQGd8PwqcJjrF1XezHCago31G0ouDdaCmzcD
2020-08-16T05:56:50.900156906Z 927 ObrMpX2vguac7jZUaj6fGNFkYbt567Ba2hCaK6d2EDOa4gYcqv1jW8kCX0Tf
2020-08-16T05:56:50.911904484Z 928 FxYTIBk1VlIfJYt45Tk4gJUVdC8QbDH7SrSnMIOHMWZjCI7W0P5PwH68Zus8
2020-08-16T05:56:50.923946028Z 929 NkwLBd45gnSNXqF2eDh5DffXoVAXETfOy0EAwYVFeXgHD8CbNenmf1elcc9K
2020-08-16T05:56:50.935577051Z 930 WyTawmTXGQ9PlFO0J54SNyyBYwuV3kibAORN4BxEYszdoJIN0AfW6f6CufnM
2020-08-16T05:56:50.946655537Z 931 P5XlPm8j0PCwN1aPM3DxYkn6RFGZu74vCoB91rOImC45fzX0F5VERC8HhnIu
2020-08-16T05:56:50.958086454Z 932 MQ7vzXedWkNs93lCC2zgHW3vA2xDGFXmYtmCADbD3TBlH4otr0TjRBzS3zv7
2020-08-16T05:56:50.969729904Z 933 BK215eT1amAPBzjVwch95uw0ygddMqv86NdTqQeiDfOwxNlyh54IlC0clXpy
2020-08-16T05:56:50.981407727Z 934 pTIFxflzBPJdxuaOPbQ3sqPlglSDoC5mHegdNY080XFntFim945ZBRuY4c30
2020-08-16T05:56:50.992511802Z 935 yAd27zzXpiRQPo62BZkF0Oyav4rmKAbaW8etCOkI81ei5zARF0gNdbtTf0qi
2020-08-16T05:56:51.004075852Z 936 xqmhj3cJFfVCaP1bqHClNEv9KFYSksjZnTlXqLp3NAfVI1wNclf71QqP7hAH
2020-08-16T05:56:51.015272564Z 937 9vFa36z5Mcu46tKJCB0hAzLm1lxJXyI65E0kiExcsSTNc5cmhEKrjkaEIaLQ
2020-08-16T05:56:51.026932066Z 938 FW0u7HXxEvGD6ZqUa90tGKnNXvA8u5hGEUDDMYXzOLcUFsi6vxXheT016LwP
2020-08-16T05:56:51.038533303Z 939 tVHU9eUw2khYF7Za0b9nRMj5xoKsX4SWB0DG86zVi2BQhyEKkQrEBnJ23l6l
2020-08-16T05:56:51.049334006Z 940 Fcin7PvF1Nlruvr8X7u7Q4qTaxjELacZ95Xl1w69CdTOQd3PoDM8bbBtc4J6
2020-08-16T05:56:51.061056206Z 941 yZoWXYE50XbaM6MhnO1h5hlB6wLpsb8tNcBDHEujb8LIdyuSOd1Fp78Khivc
2020-08-16T05:56:51.072922005Z 942 Ple0YPx2VPQ63VNZm2SADgLyjb5MveGO5zdVhEkCHeeOYXC7nehBJZi1SNLQ
2020-08-16T05:56:51.085025108Z 943 J1Vp2p6mVCKys8saXsUPMkOLFKDuI2p84no95Mr6N9iZs9AHVdpe3KkA636X
2020-08-16T05:56:51.096437398Z 944 Gg7pLPt8rv1PbzsXSjrGgTNE1WgQGyQOHdkiGzU8BqzmMThysfqoRi6S17zX
2020-08-16T05:56:51.106965857Z 945 ZwFuLDgWpfThARewmQgzjdd0n5IzssEISUpNJez09FZyhxojsWMEwHzFswnp
2020-08-16T05:56:51.118869659Z 946 Any00errxd9hY7WYsxGCofu1evDpBx5BktvHTCRYPzy2Oq0hhyEur5SSrTNx
2020-08-16T05:56:51.130558491Z 947 TXHH8xPHVYYzE4RbGhHGqGFloAuOuiXoWik4xIs0f3tufx48AkIsHrppWpkH
2020-08-16T05:56:51.142223560Z 948 iIb6b4Dgaow8eoXt8Ya6KHmhpIHvzQVo5335QyzubVAwcbX7Hv2VlI148bKU
2020-08-16T05:56:51.153976334Z 949 DV9yruU3jcLP4Ps9d1z41mllKJDKwpkRkUcwP8TYzO1oJsjZTonXk6K2m95o
2020-08-16T05:56:51.165294417Z 950 AZBZGtQAI1cgoMLGReRxtRQMBVWFxsGF5Ce6Mg9W5YnI93YfjbMdxeIk216C
2020-08-16T05:56:51.176843535Z 951 j1oNFR2poMJEMmaE5v67kV8UeDxaOAdxm2qnlsUDwjc911dDahN8pHd1cgit
2020-08-16T05:56:51.188519492Z 952 MDZqP178uKMeQ5K5JyBZkX6lZIl9MZJRrqaIm4rvIE2395fbxhAw3uqiQui8
2020-08-16T05:56:51.200108135Z 953 x6QwoG2PoPaxJDC6RNt98gbInruf5BnINu4wJNcTmlTpEwGGdU7j0TnG9QhK
2020-08-16T05:56:51.211901679Z 954 okr0Mk4iRwG9SoQcPLDMH0pbbpDP7ODmWhyPPBPdY8p2sxtPWlVm2xKuFzTb
2020-08-16T05:56:51.223517896Z 955 TUIntDgMCRAFAybxMYhpf9wIqEzZsNewXIdN7yld5OnTFUBjOxBgctEKXvl9
2020-08-16T05:56:51.234770340Z 956 VoJlmYdN6wJxx3YuhIEPI1ZDZ2mUrn41vlBUuAXqaehstUu5Mc9ZmIwyfrIt
2020-08-16T05:56:51.246757979Z 957 WtUsG5P4gRsGiQawIlGLgfwE6x3ATG62idCkeVNZcbSmHRU4jjpKArjXXLrf
2020-08-16T05:56:51.259343999Z 958 94YW9ehyjV5RFm7aWlCi3zIcvEGtKQoBYgKY9Tnvaxaxkh668pmcjTJgAKKh
2020-08-16T05:56:51.271041547Z 959 ZGLaxcFvuhXqKvBU5E7EDUxj0NZ8H01PQ1oBt9OY9GCvGT4FvkSRbhKCRIsm
2020-08-16T05:56:51.282702807Z 960 D0626PhyBAwprnjPjmkVWEEAZNfHvAACkkEp2zXZA997Gv59TVHZqy2Px7Ti
2020-08-16T05:56:51.293449112Z 961 e9UhA6Z1rt2SxIKFdBu3HrEfz2PNLB1ulkdM7C0lC1X95yZD3AeqmTgs8piD
2020-08-16T05:56:51.303909551Z 962 OBDv2HwH9ghwgLyflIRFG9j1SiZ2utBOCoHeQX8FbJ4v9gNXw8Q3p0QOtPtF
2020-08-16T05:56:51.315337117Z 963 K0i7O6CjLW7ncCJna4Z9wZukLN9mue84kcjOpRONKzeeO9qm7SPmydGuf1OS
2020-08-16T05:56:51.326982829Z 964 BsrDaRsoBOFz48q6LFsA59SUpG1mp2tIs4glQgV6aZiAxOiZyMIqHfCtIK2e
2020-08-16T05:56:51.338605207Z 965 Fshuv5Aa4akv5NLMJZ33Qcj7bykZzppeomF42QoA5kxaESnk4NOld4LOWsWm
2020-08-16T05:56:51.349913874Z 966 HCwsVTWokb13BfaVa6eJRh6am0K9NUsRPH5K3MDuukJK8tmnfQm8wvzVFZQr
2020-08-16T05:56:51.361661828Z 967 FvT3VxgBN2Q8yY2cYDj3a0umIyOyTBudAV1e9gGIynJEIDcVdYBewOHKXCEl
2020-08-16T05:56:51.372247651Z 968 DynwXgfOJX0lR7SqVECL0HBjWZNWTEPl6Y54ExwejwwqGgJ4xRYBxgtt8HJf
2020-08-16T05:56:51.383925566Z 969 Vlomde74qxAjgQkaXufxmoQzKQ8HktStmYeJK8DdF94dVhh8VfAJyCoZBdtJ
2020-08-16T05:56:51.395562628Z 970 NJFQVwkZRA9PBiS3GjBNTf8EArIbtQhaRIQOn2OFv0rQRPwti714qRrgdcOi
2020-08-16T05:56:51.406222359Z 971 AId2cYFnucxbx0kqJQW644Plq1Udjtjqk84u5GlthVUAo8VmohZj6QbeDHAl
2020-08-16T05:56:51.417247207Z 972 4SAuMIciyZzRWcz93xtY7iPPgMDsutpWzBYIdjGvmaoeWkhYFDJoxFhJVpM8
2020-08-16T05:56:51.428982778Z 973 d6i48g1NiFHOoNirS6ayipYLCHeEmFQcNt7Q5KVYtutiI95uWJ9kNYDcahWd
2020-08-16T05:56:51.440640982Z 974 iuSAYSEGZ0Dk6sXWSd5sduEV6FCiEXMVxvXn9u7qlBzvtChpNeWv7SYiUUt2
2020-08-16T05:56:51.452046733Z 975 SUBUdIgUT05wM24zNKTPqIBURdrIj66TT5b3qktqfUjiXt5Fu3bkuxT7NcWd
2020-08-16T05:56:51.463541260Z 976 HMd2VhrvnOh38qnxwirUIVy7u8MGRg7kcX8Ms6oCZQB3Ix6QmhdL0UzGxeBm
2020-08-16T05:56:51.474082648Z 977 rRO6MdlI3wYFQSI9cEG8e85ayG2raKpAH9NgVyPopVDlTSUWkgniiG1bjuHi
2020-08-16T05:56:51.485676060Z 978 eEZhRRjcF0aipF09gCgsdiTrrdI1L3mapx1l6hxcglnsOKwelxvHU9Wi2RVw
2020-08-16T05:56:51.496375820Z 979 2xF7U0ibOnLgiXUCfCnB6uhJYX8aIzcxkb0jXeAi1g2g5vsqsONGDUFgSxON
2020-08-16T05:56:51.507287996Z 980 szxmJFOK9aFui9gliz05PRrUpmvL3naroIoYGVUVFtjXVfmddVoBD8potQWT
2020-08-16T05:56:51.519004848Z 981 cP8SDfj3PRxfZcS1rftcXlhazCEZdAH7HpBUbbknjIwho6KxKABB59gnoRCB
2020-08-16T05:56:51.530616207Z 982 tTutq1GS1yWjgbCtUYfjC2GUlujz5bBkhttVQRtQqw0FrCUCevdwEfTnZNmz
2020-08-16T05:56:51.542029856Z 983 Qy0FG18w3e7u6KdMUnCHDsWRpAQEyqtxvwrbQqvh7BDMjstolJ0ra0n1pIUs
2020-08-16T05:56:51.553730378Z 984 yKpehi4apWyRTouDffuGxxLgXmofZqPxyfbAwGbkKuOb2Qm51HNP1q8yg9MY
2020-08-16T05:56:51.564698941Z 985 LrLIyyNwnTSP94YFgW9NvpWUvVUA10EWGwPZttoTvNydyQZicx1bgre8VpqE
2020-08-16T05:56:51.575093168Z 986 SjzIGhfpRpgFGjN3k9cXIqgVJuv3noOS5Fg9utXIju2ZH1Nurtcyc6Io1q9U
2020-08-16T05:56:51.586611576Z 987 xZcZkYnV16AyxSh159XoLsiRFKgzWPf7lgCmAL6kyiEZ7FDMudDmpivblJni
2020-08-16T05:56:51.597808095Z 988 W86kvKvda0rcv3iAZYji9PY0YeoK2eI1XObwBOrPJrhaAJYmlWwCDU3RBkHx
2020-08-16T05:56:51.609505840Z 989 B45f3uMIt5hF8pvE22OWt99BJcCn8N4LRjOtt4KnFf4MIxTZdIDYDZhN7n0E
2020-08-16T05:56:51.620209731Z 990 mqNm43ifgd0iTzJrHG0f7h93Aty4JZDzKerdZ7wV2aMeUeWPkLYFPAG9ezLn
2020-08-16T05:56:51.632089420Z 991 ZV4yDOchUvcyN12A8TMEaFsLELVLHyzq09ZgaoYPt1RJl061wneJ6DtL27BG
2020-08-16T05:56:51.643827483Z 992 e60UOwnHocuawLrzTn3mz4nIpCNiaLlSNUvqi2qE90F9ahxa9M2SlhELEojM
2020-08-16T05:56:51.654305780Z 993 w5XIPAj7G72WRzDsT29oV0kjZwEFCdK9wCaVv8MbpHFztBZDPQ1YvbIwBO4n
2020-08-16T05:56:51.665136875Z 994 mvgr5ZphoVoLrRVE0Oeul0l5T5GjjOFYvQUFHkk8G5z7HUsMsZt7Tx1y454h
2020-08-16T05:56:51.676706421Z 995 oCTkKReFKxdj5TNOKX2zQ7vJFVqw4Yyzrh25sg8ETYQjyZds2kdJuE2oPGMd
2020-08-16T05:56:51.688421424Z 996 WFNPXhK75nLPxj0eDRUoMbKsWSrth1iE7lM3bmHnueIXjvog1UdrrtwUSmnm
2020-08-16T05:56:51.699173694Z 997 tC5Heq49P2pqtpafsZxQ6D33OM84JQYhumILB9YFfnAL6tFOBy8n1DhyyOwP
2020-08-16T05:56:51.710838295Z 998 p4MyrwThamfrci5dEwbPbgCoqdd0hTEiZlxY2XiKlwBEEOc2YxdMt5KcDU4L
2020-08-16T05:56:51.722544392Z 999 1kprkcsoiVnGK3IGTeWWntUOeelZ4z0ey29VAgE2LQFcFDxtAeLaIOTpzDYN
