2020-08-16T07:26:41.974602753Z 0 jGMMpxGZqkNozcy7M38uxL6d1AdjUkIPOtjuiHbHTgWKeHDmqiT0gzUqwNzYu0
2020-08-16T07:26:42.055278692Z 1 eiBZVSiitNj2wklwrVVdEXsUEfdisAGo5DEhcN8UXpRjbF3jgIgILm5xfLId66
2020-08-16T07:26:42.136627539Z 2 x05fixEUlR0tkYlBlHxCcXzwhMBFFmIiFy14fuyzpcbmzQjIuyez3nFaueLkTo
2020-08-16T07:26:42.217899228Z 3 Km3d5obhIQ0LLshZmdNCoNBEM6nGmextfmGWqAnKZoLJB9wxQIr3TEDbBps3LL
2020-08-16T07:26:42.299240151Z 4 vbmLjaioTnD5jStFHFHXCLu9R1BpjavLovuq1WctgwMBhHRhDgB1uYMgKA5lGU
2020-08-16T07:26:42.380444326Z 5 LKIN7otzFRMzBj2oSXc069AmjwOnlCcqeH9gR6TsxAvQrcKvlTJ6u8Wg0EICq3
2020-08-16T07:26:42.461699981Z 6 SnzR9VLq0weaDHZ1X2s9HGQU9xy8TpIqGPvj6kHROSw9cSAiCrcKkVOjTotViK
2020-08-16T07:26:42.542753945Z 7 CeUchluJCVBuCBAGTTB9ACtcyiCCcISVHhlYbLUZPP4b4EzHmteWqizOLeRGx2
2020-08-16T07:26:42.623617762Z 8 DisganZElfzw7dewKCaAoUHnHMPghlJUDO99bfUX9bv43R63FY5hxF3maCKGdM
2020-08-16T07:26:42.705368114Z 9 BwzTE750oMoaYEeVHWmdtVqOBrKwOZYwUWvXSWKSPi5w0Wn9QTg8jqHwTaFCqT
2020-08-16T07:26:42.787316884Z 10 fX4SfgZaKhkn0pw0s8aU6mNADnpTMIaEs48dHPD3ZKr1IiMkQPaKW37gQnFvD
2020-08-16T07:26:42.869447151Z 11 UgJJlQg5nl8gUJ639iFXL3bucrtdBRq7OU8pj0Fbp4YzRudUsOet4lqBkJx8M
2020-08-16T07:26:42.950897113Z 12 fQ66b0mgaEi03QvYTVul5TSImxVOAwFAkjXMblJeTGwLIfs7Qz3WnUBpoFjeH
2020-08-16T07:26:43.032125577Z 13 CKx9O7W9Czpxqmtox43vrGMgbw01pBptlkiOGqPkBBYFnygYGO2a3ZF8c8xEY
2020-08-16T07:26:43.113053351Z 14 Xdt7edJOGisrAuW5L4bhOSzBuGaR3HZXxcxfkgSAqK8CrNguqm3Np9j7olWG5
2020-08-16T07:26:43.195226918Z 15 ispS0Q8LEJCUExOVf1OFJVjeot2HjGYTmBMiEjLtd6YA5ZZtWoYsuLsFF1iYr
2020-08-16T07:26:43.275350346Z 16 RBoI8sDaaVoCCyJKmHj7kDhLFnRJ6dc8VdCvbHnIFOh2EwPpQStWlCmpvdaf5
2020-08-16T07:26:43.357524710Z 17 MNdw2ryznQqt8RnURX1Ui0wNBQLmWtAmHffTqQ6pXYz5ztX1ykw0mSUW8iSWR
2020-08-16T07:26:43.439096641Z 18 WzGMEzBJiY2tb6cR1o0SZpHjZoki1m2KaNz4Gs3wIOZjyIUOrnSIn51helZ9c
2020-08-16T07:26:43.520823859Z 19 TuPR3jfGGo6pz5ZZ9zeLh7JjpfcbmT8YVrll9cCZgLM1UaEPVDDbOIDo5Pwnx
2020-08-16T07:26:43.602247551Z 20 sdpTqJgCA6MaBHHKRRsZpaou0CXEH8TCV3qDGiyq9ZvKmzej1hUKXbCG2dZOk
2020-08-16T07:26:43.683705785Z 21 mpaJE5MJVgXp2gOtjfkP6ip5k19oCkzVMH9MT1Oab0NmkAo3zKRhOfII7smE5
2020-08-16T07:26:43.765152182Z 22 1ZEii3I5p0E11UyO8EAPI2mHZouKGlGwQpcubMDO6wG29YTCODjiXln4roKRm
2020-08-16T07:26:43.847081157Z 23 SLh2eYXfVhv7QtZhjffkmPiv3y5nYaXK1QhSjyIzhar0tpBzjHLHzKbZ0X19k
2020-08-16T07:26:43.927360384Z 24 johpfRPwGs1Hj3aFPPEhgDCsrp3Y75IIuiRYJHUZMwT9mndsssvy03DGGLWP3
2020-08-16T07:26:44.008977776Z 25 F17b5XTbLvKIvVf6xv34a6wPn1G5bhTE0DBhm9SZdYOCN5HT50MgteMx733Lv
2020-08-16T07:26:44.089992966Z 26 TOD2R3SPxQJB4JhLvqXJ237ek53kiNiAhB7emUCsVIn1HDDms7DOx4ExI99BW
2020-08-16T07:26:44.170556683Z 27 eaqFeBUg6bgpge6IcQ9s1kw53tKS1YwBCEuTm5CQhQwqLUHe33MSoiaBRK6GH
2020-08-16T07:26:44.252354131Z 28 J7Zz4BDbvRRTSPFWNmjIAZtvqWLYfB69Ac0DR8PbT7RPgBUlTiK74zqkt7zpV
2020-08-16T07:26:44.333746788Z 29 Rn4xaTIqprn44tDgVGtRWJ8qJSJCz7aw8J11XgkEdnnh51TyCL9feoitRWVTt
2020-08-16T07:26:44.414805945Z 30 0SUOCrNUIZKeCzycgS2P3xXx2K71Yh2msNgZDfzpURtoIRlmruxWsLfUsPJqg
2020-08-16T07:26:44.496418283Z 31 EfN07CekylKxSaoJn4MG88HfdDHosjDdQUtjWfwWIULIyap8uSKvndPidvAlz
2020-08-16T07:26:44.578416590Z 32 QzrkGTTeSR85O608qLYHh14AocAjooUoblPCkljKVV5uO7yVHbHTmH5IvCvgT
2020-08-16T07:26:44.659527875Z 33 9f0ENUkYeALCxdoJrCUU1c9QIadOLOPKKMORWpNuAXSTMBWVTyw27092B1Jmx
2020-08-16T07:26:44.741130872Z 34 W7ahfKfA6oHXHWtBHK6tZbVUoMFmqlzguu3FsSZy6DgDA0xEMYZ0STdcjNh9p
2020-08-16T07:26:44.823174457Z 35 GcCDw6saJJvgsSbBqrktz179WMabvSSxqUwII2skwOBoK5WgZq7ICIgd4zWE6
2020-08-16T07:26:44.904657983Z 36 wVLPMsicQVlYXgRejXvBr1gtPbCyleI8G8jrjV4EkWUIvrvvzINQMcxE0Cd9j
2020-08-16T07:26:44.986166426Z 37 F7blId51Lxs0PlBKPJ8UKvr7zGl6pzmWat861nhUM6libY2yAhGmZ8Aj9QCpp
2020-08-16T07:26:45.068259113Z 38 Eh7bp5duSmJe5zn9olfXGcSxVa1lOo8PS2akdHSZj7EPXfE2JxaHLyHG6YX11
2020-08-16T07:26:45.150057404Z 39 fCsYNoX5vo0iCUCFGlg7U93Pu3Q3It0jArjPE82EgLZZQNuvnr5xRnaYx12Nr
2020-08-16T07:26:45.230886476Z 40 Bl8oVxjwbAg0mIFPk3Lh4DrBavJIofZBJNgnsgPhQYf9153gDqQ6cClLxeUD5
2020-08-16T07:26:45.312026458Z 41 Bjt9kHGA8HknIE2fWJ1UC5yRUkTaey4DvRhFCvxRriomOPsGNAIHrHbyqAQ1M
2020-08-16T07:26:45.393115372Z 42 wpXJBsXY026aotGlmYG7iZzmo7S34DEBIw9J1S5Wvd39b5aQwXkwbWplfrF8y
2020-08-16T07:26:45.474189448Z 43 28ERLl9icep7riQZyPBiCKMwQjl2Nuoed6xot4goxZgmQu6UPBm3imQL0XZlS
2020-08-16T07:26:45.556336282Z 44 qFhrFnzJEKjNfk56iM5xweRa1aalTQvpuqIkYQERRFsMHhV2UyumwtwU3CzNy
2020-08-16T07:26:45.637768119Z 45 scBWbZkiDnu7qYh1XmKThiOVzJmtRtzmMa17MT2UxURASCoRbmATgCIauKtTj
2020-08-16T07:26:45.718626944Z 46 zUCrt3CPRKIiqQMMkCQvWgPtij6hw85aoGSvBN91llqTAPuSf7opASdDoJKzM
2020-08-16T07:26:45.799951426Z 47 MR5D8UP0Snnur41qoQdweAAau3nNOsTLjDzde2O7hZwuxN4sk9NoTr3CD9PiA
2020-08-16T07:26:45.881256601Z 48 OgXsPgl1ZaT0lcztm3PbzwA88dVOnvNUcNgOc1YyvsSwoyhB8OgiJwtPrciZi
2020-08-16T07:26:45.962409522Z 49 aJMoZRtG2XNkUqXQ6GcX76ClLciU7lSOMscAUOAXu2Z0ulZOVv8ne6oTjZ371
2020-08-16T07:26:46.044094061Z 50 58ffZJAbM01HJZPEDiBkp2JBtxtoeXrPZEqmnoJZPJC8MHlap4tSsIMLlwNi1
2020-08-16T07:26:46.125546172Z 51 pEUt85yKqN19TwuwjcQ6HKhtVQ5iKFL6WPfE9mPNjK9SlLciPlSGvuF4eH7Gy
2020-08-16T07:26:46.206606362Z 52 RJ8BSOsAYrcWBfF8jH2uEx1D1nsBjn0dJtUfd8tyL5bmyuec4CIH00wKJsfpx
2020-08-16T07:26:46.287679196Z 53 JBMjKR6546ppDWt1i9b3BptX1g1PXNElX0JjLRPAeRvWb9vRajkvOoeccPmxK
2020-08-16T07:26:46.368490508Z 54 N0Byfn8gbxUzcttKMiE3la4PzNcpqCDWrIcZfioGjOuKlr7dqpDKPDm0EpUyd
2020-08-16T07:26:46.449652637Z 55 UeWe3Dh90lADJrkWYtNs9vCwVmb6AYMWa5znREtCqmXRhqXcB1Wc0RCBfjlCf
2020-08-16T07:26:46.531109054Z 56 NvdPqzFyr2pt3RTNQwydoOBRIwfB4Dt3yTAHnervGLbBtNhwOSzf0x4kI3IWw
2020-08-16T07:26:46.613003484Z 57 jTKrR42w1X2W7DnAi3Ab8NzsxinNHLOOdnhbtQyHJc31t93uCguozwOhHvosR
2020-08-16T07:26:46.693975386Z 58 kcX5pnJCdjtKcLacJphiq1aEeRs0t5yHqznrPPrAkKB3yIUsFMjlF38XcsgGB
2020-08-16T07:26:46.774988699Z 59 Uuuv5csAkOBe7kOHq4xsuJVfjXsa4Hj5cDzGQJRii1Wr7ZyG4ySKFwgjAHtC9
2020-08-16T07:26:46.856179557Z 60 JajnfHvsnk6n2zdbZYwHMIvCPzfxI0Xkr2RSAMhAMawTle1awZvRqSwQKJLEj
2020-08-16T07:26:46.936848095Z 61 T1R6GQDcHoY91YDiPnhwvdWYwHm5ZWohbsGiExWAL2kbvTZqnynPLJ6rJW4p6
2020-08-16T07:26:47.017911890Z 62 c8JZr14SU6S4Jcrxgrxcv3Ut8BuWAE4m3FqgjNfxB7jZpE0V5eo6m6LVow2vv
2020-08-16T07:26:47.098459014Z 63 QP19BJeFROF1Pa8AehMzLYbWIPmMEtWjjoQJ462wE6I0MrJBYUI72lxUk0dkk
2020-08-16T07:26:47.180221452Z 64 WBeCXqkW0HLaaMNJwp3ElcIbGXzaSphxTKVvBYukvV2YTD1J0D1oLVoNSU38Q
2020-08-16T07:26:47.262534142Z 65 PQmxLB4utrKfWaLCEQDBNptH2gdWDs9nQyxEZlZam4ksU5HXESHgZcNySQlZk
2020-08-16T07:26:47.343917985Z 66 oXd8lzHJV9pIg1Mv9HviID450EiSPO4ukRnSzDhfyLRx0cNSnvlC4cvcShI0P
2020-08-16T07:26:47.424487287Z 67 EsWqe39A9iNDuM8rA8cdIDqjzFuBxkyex3eUJzQvpz4zBd6DbLUxsD1SQApo8
2020-08-16T07:26:47.506132403Z 68 yiNYkBoKnmXkZWM8wj7aPmonaHjudV8QC0XqQS06RvuvEsPdhkyLn1J51nOZH
2020-08-16T07:26:47.587401445Z 69 4ljpRB4QoP8pw91oDweqUVWWgzOFc8JThpo61atluh9Cd4nbDoBagL6pRbliB
2020-08-16T07:26:47.668998468Z 70 Vlzb5pN9jNrtpvdDW4PLTF77x1UagMsHk1wanptwzrroPXbaovF0VoAqABiLn
2020-08-16T07:26:47.749399941Z 71 BOxxcYg0OV67Ulm4KjMDpgKPa0yh6lEnV502nkSO5zatXviHnfygYaMtux4SD
2020-08-16T07:26:47.830565326Z 72 GyabewZnf4Acjc94Up7Fw26t6desCm4NQroSoDsyktGCgnARb5kB4DAcfpMGT
2020-08-16T07:26:47.911976904Z 73 fuZBrst7cs365PYgpEA66B4KnOOoS7RIFQYeMXiQ8lUCMYDWb2RdeEstrjf1w
2020-08-16T07:26:47.992987537Z 74 jTkClu2JZHHkW504A4TI8Q1MbqLmBt0wECrFqwq0RSXNDtDoG9XWVuZdRX8C6
2020-08-16T07:26:48.073878860Z 75 cSZ4IzaBpTIys7FtzKJ195ylo10PVJvzxYx7SVKpWZub3J1XRN6PwTjXQC1BL
2020-08-16T07:26:48.154617415Z 76 8bzxkKGYVVxuwy6wEeOHntOAC74b1pO0A8d2fVJA3AeOVixzSeO8wnyH8NbCz
2020-08-16T07:26:48.235974018Z 77 V1UlwMOf2UqKdvS7mUnHiWUPkiEwuDxIF6iiNlnG4HnD9jJgw6taVpbJudUnC
2020-08-16T07:26:48.316317368Z 78 j4rjEOjpY53YAMiXE2JRvE61ii66yUVj6r6Q2hnYarKMKkPujJ0VzBr2EZNbC
2020-08-16T07:26:48.397605909Z 79 D4GUJ91c0NJRQYysQgN7ucnjjnbmJHyER5s21b4aMEUnnm1Aoj5hE8j2Lr97M
2020-08-16T07:26:48.478752713Z 80 fTsMbDFiWTNhEFIN4fHQN8MUGsRBUewwrc3Ju8XKHLLBNSqbALvuGt4pvCw9p
2020-08-16T07:26:48.560309927Z 81 87YhcqWLfVrPtTeppuzW4EiwEU4D5csSffIX4nBHHz1OrO9cqFK1WEgi2Dspj
2020-08-16T07:26:48.642240012Z 82 hwrgPD4kd1Bx60fUzLJ9n4CujXG8my4I0OtnO9gKwvRbpHzyc44vZuZiW91xs
2020-08-16T07:26:48.723582183Z 83 f2MF8TaZPNtw95pUDuEdvQdzKkBw9TVoobocD8ykaSDr87NbU48RYeQ1JA6pT
2020-08-16T07:26:48.805314312Z 84 NmLnFP6S9hLmiSVrOtis6dQQVzpTsy3sVQpBqTME9UijqVIYhwO6HGg14vWZx
2020-08-16T07:26:48.886234256Z 85 tk3D7KWH8eiXREAAZOPOOSgT3JGzIWL9kDDvNJAhmhXM24tuk3hI9SoksEZms
2020-08-16T07:26:48.968325391Z 86 IkltzV5qRzdecGzVMFOoCJs3a9YxrOhe9dEnd9jamZzAQxYQeDHLqCgsBSqf2
2020-08-16T07:26:49.050174327Z 87 y5sC65S4Rktp52tSyg4VNsgr6DV8BitbjVLnusvdCoP4yVKQUiYZDtMOwEJoM
2020-08-16T07:26:49.131381564Z 88 ZDQq4uaG5vrUj5F8dppqxGdwQsJAjaHMsbf2MJ1nksVcjEa6BmPXG966paqQk
2020-08-16T07:26:49.212494142Z 89 bw9GDXRpKwKrHOybxQPZ1ze3eKMEYinnda4YbgDZocTEl9mtqOgTU25M7iJCs
2020-08-16T07:26:49.294117066Z 90 19QwtKP6ChCjegr0KfPQYjU8kb83v4dr52NtvmBSSLNFrY4ABBrZqF6Ap5bje
2020-08-16T07:26:49.376505961Z 91 f8FB1KDNscMOVd40IDjPKRbfMIqqVtEtLs0W6ezPoIgBOSDW3u6QEAfBI6SdC
2020-08-16T07:26:49.458329206Z 92 bB5E7nGv8PgSjeHuK5Ua2tf57UXOJJGVmoeuNenUYdCf1uoAZeHTRCSAQoWeD
2020-08-16T07:26:49.539788363Z 93 Upe8G3H95ctQYcdBK9fdiCcqZStgpsGaHDlNkue0FxePKBgnMqrMkQ0roChwQ
2020-08-16T07:26:49.621161728Z 94 e54lb9lqL6N1eLP6qTkE5TP9BT9Y64oqaCCpWWnlt278UIQLh0w2CIOYn5ioD
2020-08-16T07:26:49.702735999Z 95 dYnlccfKjq8ewSWZAQrwpoVmATKfV0x9EWO6ol9GleMpvmuj0i9LaluHEY27M
2020-08-16T07:26:49.783903579Z 96 GYkQT7TGPoEYfN6nvAlekr2H1YYeevVJrrRdn8rGgpnT31Ful1TNF75MLHWzC
2020-08-16T07:26:49.864536536Z 97 NXWYd1MYuXEaIBBBcstDvnkP7Z09RcCUzFulH2tRb0qHBgAaeXIqA9vnQ4lQv
2020-08-16T07:26:49.946053136Z 98 Na99HXI6Kig7Nt4wTEWgaZiuLyuYmF2cx0mwlVTYPpQsOgiQivJAgrP8jEVXH
2020-08-16T07:26:50.027405022Z 99 EfgLDctr1bctQ4Av8nmyKhgdckLdZs8uOD5P8nJO57rc3O1WJ7Bi6FWAWncYd
2020-08-16T07:26:50.108984712Z 100 O8O2zqhoMsvM6DDHZHOo4iw3h8vsvhsqNY4e09hfdGLttXJpA7epaMDhSo9h
2020-08-16T07:26:50.189410361Z 101 HT2ud8gLoAp3pK3xsQKLBJlkDB8z2cQ6e5IvBi0wn7ChvrHA93uMIYnIHj6f
2020-08-16T07:26:50.270932239Z 102 JrYmtLmC5q4YzF4JTtrtQ7QyxHaORO33ACGFd0PkfuyjbMns0RqSk2SBrRUu
2020-08-16T07:26:50.352400550Z 103 ievIuhYo3vAucO0I8MHXVO8HaJ1ziKkeLia8EtzQvaky8B8iCj7t5txFf8Y7
2020-08-16T07:26:50.434477924Z 104 ME5sXy5ubRbqUQqKRYlWSMpNnpm3mPsdAef9Fg7XPDDd59urc7oDLrszdvJ1
2020-08-16T07:26:50.515580455Z 105 NBxd4DwrOiH2G5RaXrhemfT7erxEHyNwTx33jyPB1Efhp7wUjTC7IXM5Xwg8
2020-08-16T07:26:50.596944016Z 106 Edv6KbHArSgAswnLLTowZlXluUGzpciw9wqX4azZ9OfKtSVdnjhDQUS0fVKC
2020-08-16T07:26:50.677714740Z 107 Y4XsSwnsADZj5elKpOU2nRMY6fewasBlnQCpeMXFRX3Q5kITchvzc6vS42LQ
2020-08-16T07:26:50.758830793Z 108 m76CO9Nej39cu6Rr7fen1nbZX0VNVHrhbSHG5LtV1xoxzVOSTnsZoVz0nRw9
2020-08-16T07:26:50.840372716Z 109 YQRurqsC56XqJWYq9HdEPzEiA3GmvChUU2l3XkVh2IMgPAo1nEeUsli7zi6L
2020-08-16T07:26:50.921648811Z 110 6BHAERX4m0lBPTv75FcRonYlh3X40fhsSg3tuqsEFTt7xu32BmlWN0t5aeD5
2020-08-16T07:26:51.002473798Z 111 TpoPdG8J29EgthdpHkQSs13rOa3N4mBOmLFhb5hVoS4NLAgvNfZBdfSB7mB9
2020-08-16T07:26:51.084545198Z 112 TfUDRyzktwUnVP2UO1CtK2TMkN7FLe3lieLSGaDpRUkLZWBOjhGG55BaiERX
2020-08-16T07:26:51.166393861Z 113 uob8AbfgsAqe3t3WBiv7MQ8cr4Me3Hwux5R5lmLzd7kgIYKJTOQSMp6ahPbO
2020-08-16T07:26:51.248231497Z 114 CQScHxWJMqL84LI0U2ZBbHv2jBu3g4kvsDsRjWWCUbHe3kzF2G6aiio2TErs
2020-08-16T07:26:51.330261453Z 115 Xy7abGDRoUMYG5Y7iExPYMtIIqXwlmC2Ths8Ls4cjGMwbF2rtJ59D25CDNcu
2020-08-16T07:26:51.412101351Z 116 RJI63FGTpmv8mtbe5af5YWNBfVFaZSalEuBvYJbg2sjcjOXMHPzJY2iEF3Uf
2020-08-16T07:26:51.492733018Z 117 9MCy5vzY7F1eXTfeXX9aImw5lQbNW8oBc5Sa67zh3IYSZksxm64JD5KpUDwl
2020-08-16T07:26:51.574544367Z 118 XPfao23yheMt5G2UhIwEmN1HFgYUAZlIpsvgzEmqBxnLVGBu3I0Y6aOSqtqj
2020-08-16T07:26:51.655864401Z 119 yM4Bp67C7P2WvoWDzxsTJ5fLSu6V6CSKwaPzBVzh8la8Rhg3l2RxCX9lwBHR
2020-08-16T07:26:51.737141922Z 120 fyT5GfUzsiw5IWID2sRSoNrZZGMzJSO75Mtloyxzh9e0SzDtT0MAXlzdrYS0
2020-08-16T07:26:51.818872902Z 121 TumZMNUNX1yodFdsaToJYq991APiOJPSy2BXz0FVw6DOCDLveErDoD5X8XY9
2020-08-16T07:26:51.899715551Z 122 1JBnp55NAgTYKHSmIOXimmYhARrkttrSl1ByQfPBOJVLrfMCZiPrV774bIyQ
2020-08-16T07:26:51.980494590Z 123 mg8rEzdeA08TgcwR26R6uccxJ0QcbbpiK0VT8lut7zE74gEG5ZbbHqFji2A3
2020-08-16T07:26:52.061750047Z 124 GkMIil3cY6AHiOoGnrtRCun2TAX6so5vpbAaXn0E1Z9HZH3XjXEDzdiF85Kf
2020-08-16T07:26:52.142690004Z 125 MlzpbgfPdJJAxDoYagLEN77E9hIYC3RWkZuoZGvihoabx2WjCL0SrVSQuJpG
2020-08-16T07:26:52.224254230Z 126 JswKvTsjSHRNOvhD7uhFfwTOYcgsxAtelsrIsi4dLpG6UebWIQ13jMUNC0wv
2020-08-16T07:26:52.305635457Z 127 OKZAtwK3VS2BLCswjJBL2InRAGYGP1CGnEeoawHo1ZLwbBHFAPNlkAXvQ22Z
2020-08-16T07:26:52.387403812Z 128 zchHre6UkIoBtOGmBD5WUMSuxfIB0lW9cWFs4vRKdLOqcJhR6dfpPfFslgKf
2020-08-16T07:26:52.468778322Z 129 dnrMxktM5liBKduTGQggLd85bsCAfNpBvFwfqJX2iXsA3tpWFRoYDdinLqPg
2020-08-16T07:26:52.549182774Z 130 dOAFmYFTe5aNMO91VcphQ7Hbqgxfne1DfrAEX42gVD6pxfAS7LbUhq2LsOsD
2020-08-16T07:26:52.631039374Z 131 4oFUVMERjsqRVllcNx4q5ZU9oJFJOddWkJsQkmiDOXNSzXNJasBSCN3vP9EU
2020-08-16T07:26:52.712706573Z 132 YU24BxM0gkhhcMYeS7POigcASTudvhtBjNSziCrfv24p3pesSONQps10LVlW
2020-08-16T07:26:52.794043591Z 133 Gi3O4l2sFDxyBzkg6qZy0HEZ7E2ayKjdW7gCnaASBnKzXpR6aBVJqyaP9Aw8
2020-08-16T07:26:52.874548798Z 134 JaBqZKwOOQBqonYzztRJiM69olymPTHrMOjzDkh1LJeABLPKTf2MCefnrhJF
2020-08-16T07:26:52.955354538Z 135 SyNY1vhy6KN8W1W0dsRKmMgOA8UjhzmnfUDyoaM8ULnJ7RwDMsfsP8alvY6W
2020-08-16T07:26:53.037462870Z 136 YWCCCuG9kPRFMsASWb66Ve4G0zE3tgWdwfYag5gcEIcpaYNyqKeC0kjVlenB
2020-08-16T07:26:53.119564948Z 137 u5hp4JrkEPZtoupxjG5OksyY1gieCi8bWmmDAmOUzEgXYIT1QxAokZvCEDm5
2020-08-16T07:26:53.200534675Z 138 zLjtRIhHTVGU25ulS8v6KKcs1y98UPJvJ9gnVUUv0lrQDur8DzI9c8Qm8IqV
2020-08-16T07:26:53.281404451Z 139 T5KZkIUTXQYMb59NBngDNROgos1IGtNPgVtwPLgWpE8T7PpfVMPaqf2Nksu5
2020-08-16T07:26:53.363010024Z 140 UZI5eZUV81eWn9db1OvFMA1rNlLTSHUBiotcbTMKkd0LoQMPwehKieZ6mXIy
2020-08-16T07:26:53.444430853Z 141 uKHVUcTrJMsWBoVcF5Wkmm2UDUqRtHrbiDwxzpqE8DMEnaWFhhNLvQDM23bS
2020-08-16T07:26:53.525524742Z 142 8x92tH9ZLiD9DoLwADXAYa0VRdm1fYegdeSAa8vEqkqhyeYPcXmpNJ20rbE7
2020-08-16T07:26:53.607506884Z 143 ca9fyLDusWVGWWWrRVpVDMFK7MV1BMMQ6fcyYNOBwVtEsYWZ0W7e35jktIA1
2020-08-16T07:26:53.688811511Z 144 gTRI3nJwl80nNDy6hgUmyb3SCYGAH7kt2UazHBcmfPctggZJ1SKMZUuWfNDc
2020-08-16T07:26:53.770197268Z 145 5UEeHPbOt39TbC0P74aRB8dM09t5Zgd5a667UkAe2TAX0ama9aJ9fUmIQvIr
2020-08-16T07:26:53.851860550Z 146 kjamGVN3TwA61YtwBCzXpzm05qmaY0WfLrCWpbPwjUYSWxGYnbRUrxUr9Ef3
2020-08-16T07:26:53.932658704Z 147 Iaqb66JGXKqlTvUzApuC20xAj6cBnebLGx4uDvSf6UPDxDSyKpBg0QoPn2GE
2020-08-16T07:26:54.014249558Z 148 SSBKpkhU2i76ZGYJhL5WWJ3RcLEttBuN1cbuYkcMTEXJMF2MKzHEaCn6z34s
2020-08-16T07:26:54.096371598Z 149 TgeP5z2RAipuyB6CQHCWLXem6APhyjLd6sbYIaP17OqrTMZyYgUd3ctrosfU
2020-08-16T07:26:54.178100856Z 150 l8qswRE0PW2Bsz914VeznOq5O9K8YNXVTRICHSvRcr07nuDJGe7DJeJa8yVN
2020-08-16T07:26:54.258935850Z 151 fvWe4HGosmTxP9BcgKRBdR86P3JwamJIJXmKST1i6Gw9w8g6S9nYUQOzWWdz
2020-08-16T07:26:54.339616822Z 152 9V8ty0OxAQK2rsL1B49R8GSnH5ngYB1Trexdrhzv8ZQlaJ8rHOT8DP1YzRBJ
2020-08-16T07:26:54.420806594Z 153 cTLHLwfQ3loUhRZAtnZwEoOipbMjq5sgVTIGQvI8geHWK8ysZtgCHgfdZRjP
2020-08-16T07:26:54.502480867Z 154 X2qGJdoAnwGFefyHO8Rro7FS1G4rGKiNRtmQzhPtwo5VngAOoebEGtdHf9k7
2020-08-16T07:26:54.583843864Z 155 9IiS4SpGSxV3kIcd4qLTvMgxo5eC2dFXspuOr49yCJ0dWry6vPhScmlQn8KJ
2020-08-16T07:26:54.665117306Z 156 WGZuLrWkpEtYP8lJjdEyaDo0Lxf7weJvJpRr2y8pqR20HIvO46EFlrjgqX3A
2020-08-16T07:26:54.747187176Z 157 B9EaUk3P3roSHU14ZurYiuqAABylBuvzsgcCwF8KnDohkttfFyE0C0paQA9X
2020-08-16T07:26:54.828845414Z 158 2ZXKCEcp3A0pJI6rEhKMXaCOEQqQQs90yY8X3muSJglwBqwZ3vw68LYdwM4e
2020-08-16T07:26:54.910387391Z 159 GnddUwmwoTWSn1pvaM3TionpTkILZhkqWNmy1Eu7IcwSNUrrAygDcLj607bl
2020-08-16T07:26:54.991882983Z 160 wHHbqqsjTTBMUNsWzcjjXzN6faOe2YeiZ7CWd1IYM43PoNrg0ZevJQ2wDOva
2020-08-16T07:26:55.073183515Z 161 ikItfTV7GDNWip5aZbbEYjkDiVcmk1xSXuaBWjuvY8tqSsWeLPLuPZoBV4O5
2020-08-16T07:26:55.155261484Z 162 ZmpI90nIMdSd54z8yXZUlPRehKSfHobZwybGGeztrOnrr1ySyzLI9h6rn0f0
2020-08-16T07:26:55.236856250Z 163 HB6eEHlNhqk4uaRVXWZKvWO0eLF1ynOUesOnMsHapLQZQkh1ZMA2GlodXT68
2020-08-16T07:26:55.317427870Z 164 xuSXXSW7cffi3BZYw4SY8Yp9XFFq2XxIJc9KlL5PfcoWgZyV3Wjy8rklWC4W
2020-08-16T07:26:55.398407074Z 165 u9Lb4RchqTFVoUxlO3E03xgvEZkOVATmgvtodunOHRE6H5UNO3ez8p4V5F2o
2020-08-16T07:26:55.479146164Z 166 np9hWSq9lTPnhU1fgBO8pLqaNAcWElirOobOVoj9SDMAtVj7AAYrBX0QoV5v
2020-08-16T07:26:55.561037148Z 167 rU5oio7nX6NLxf4ljGqWVzw4tCUnSo22NaWBBUm3PAKNeYcfFHvIFEDRQQSP
2020-08-16T07:26:55.641391336Z 168 4AA7RjdnLJiV4JnbLxlwOJaSlOQWyjPbHgdt8qszVfzBI8tc4AmJFmnDFVeI
2020-08-16T07:26:55.723055718Z 169 xMAuGZrEqwC1pbkn8X2jO0Mia4TvAZBH28S32hv2bsrACjBe07fS4ZlWMV6Q
2020-08-16T07:26:55.804239707Z 170 pyIgfernm9IKty0MiaTEmKsxWuxirXVZoHgp8fxY4sOcQV90wAQKOr88tRgE
2020-08-16T07:26:55.885690889Z 171 2FZMDT4HfXAs9ZjsWxXrcu2M5UWWGiFIfjcSa0tsjLHF9vdBFVmHeBGXN2JF
2020-08-16T07:26:55.967436126Z 172 w8GwllJXtsct4nWvQUbV6gALcZSnfpfhvdiGFeqsyX9Np82tpLbMM92DhFLo
2020-08-16T07:26:56.048905132Z 173 YHkjW9CZACqccdlRpGqNF2i8YyLiFFVw5QBX1ODbiiDjan3C85q6j83Nl0LM
2020-08-16T07:26:56.129782528Z 174 FyFifUWy1Z23JRD5L5p6RpqPY4LZHg4xh5jrZtcFBETNbbh5Uh89N9bDddbk
2020-08-16T07:26:56.211419821Z 175 pPkQ72BjTBpYHUxCgBIXsS8vlAIZKCdxMJMPWKZhgv0bCpY0yCTMDOJUaruK
2020-08-16T07:26:56.292568670Z 176 1W9CVmsPBL9cL4PtV4AUNzipNOoDGQQvZdKWePetnEw1suy3xIpT5pJdBc7I
2020-08-16T07:26:56.374085729Z 177 iImEJqf8QKQ5OJRQq9ChD2q9GfWwYvPb3GscKl1QME7uITzdQPy6vDzz7wfG
2020-08-16T07:26:56.456497640Z 178 EkczieJ46CI3lKHSkYbi2oFvprYcKz7RTbSxybHIB4rDlqiaBB02qiccjofw
2020-08-16T07:26:56.538079919Z 179 5oox75QA65HNlIsGqERucRbaDtj3a0ITSI1kGtSPEb8gUU1jBS6MRX0L0gfL
2020-08-16T07:26:56.618677599Z 180 9TVZgQnWD6v5JQGql40hGZEsfM86tVd4mlj62JIcuMHRxvMmrjYZcODbX2iF
2020-08-16T07:26:56.699502687Z 181 TyREbvUjHxvS6TAmVOQWP9MEfExk21dstXsCTJwLGjnasaDFAmkCr5Cj0wq4
2020-08-16T07:26:56.780293488Z 182 KfPrc1GzYWp7AfcltKTHiTvMlNrJMtvEnszw72E2GlmTU4C7YxTWVUbEG4uN
2020-08-16T07:26:56.862035990Z 183 UMECBhjLBBCUdBxp4ldu0NPiEyiJXH3A81L1hEwSC8Al501EKZ9EsEO1QY4H
2020-08-16T07:26:56.943237789Z 184 26ZjAHL571Rk48wf17WDH1KsRHwAYayP0895sFplIFoOE5CaFizlqVncD0K6
2020-08-16T07:26:57.024647563Z 185 OwfNxtSXBkfP1a6PbCF2EtzWHKX1XYPrDfU1kHouWweS2nxePhoojt7dZxWP
2020-08-16T07:26:57.106220506Z 186 OHmpGC3IxTKqIg0LArBBxszKdWXnjvf80j7LZf2aFcya91M5ayNfW653OMB6
2020-08-16T07:26:57.188157584Z 187 fkTZX1Uke58qAkgeBcAMY7aNTkaqR9Z4AwCV78B1s7wAFSkt5bNG2GF0KjCL
2020-08-16T07:26:57.268798097Z 188 0A5HvuhYAKIIApbP8gfgVtS4OjLpqZpJkUpiYFcPkzye0AQT0IZXvxGWxFU3
2020-08-16T07:26:57.349934061Z 189 aqpXy1DEll5byjJBneJZvQu97hMlwHFSTYuzzG0ZHsW94jV311nkBbIi4D0x
2020-08-16T07:26:57.430703511Z 190 KaGS9984Nvg5UvqHzRmsTzDVCKkERtPudShCzfJAdvAB5BSgvWAwoSs6rtDC
2020-08-16T07:26:57.511988899Z 191 02GzzRsZ0UpEXxM9kMOs3xPEEtQTpXvSiI7ulcTZTdXsCTGA2RRTtlWc5jUZ
2020-08-16T07:26:57.592725568Z 192 7LIa0YEVxJ8vvCsj9FoaDJaM4rTHZtYSoO2FfjL7DgAAUVh5cqRykUwCjXot
2020-08-16T07:26:57.673682818Z 193 P0OZWJapFMECh6Wm9TSIeyfqMM5lqNNIx3cO7Vxq8fzNwW8VwtPlNZniz23A
2020-08-16T07:26:57.754995502Z 194 aVGFEEEsoyDYHR8Tyxvvdd383kjiq48SmV52zzKUelFKXjPXhSsZ3ZNC9uph
2020-08-16T07:26:57.836113983Z 195 Kce2hhpnJ4mVQ6SmrRALFCvkiOaPDznmXmJdkuY3xshnGqd9LQnCJeDc9ed6
2020-08-16T07:26:57.917485018Z 196 V6WW6cPC9RqiB42rRAQualF3RWFzbtyxxPLVgfGhiwzv3ypMLcJ5iaphbTzx
2020-08-16T07:26:57.999328138Z 197 wtVdgLPqrAxGTLRIayTNNxVKZ55zGQTlTsEOCvEdVbyTRYKlbHclxjUO6QJM
2020-08-16T07:26:58.081303591Z 198 nVEwimUHZVFOppon6WluHtmZeldodbhQJTqzq1Pf2uToKSchZB5lvunj22Ne
2020-08-16T07:26:58.163038776Z 199 2cWruW0xDV6usxHqkVfLkVOwT8iteUhz5bBzS4B59VxKUG67y822ZogEqSj5
2020-08-16T07:26:58.243931244Z 200 VvBYKcIuEgIuAQxLG51u58o7XSrc9UH6QYgt8AJnyXx07uVemoAtvbKHPjXi
2020-08-16T07:26:58.324559609Z 201 iMWSJSPXP9vgvZBxyfqO3x1hUx93wkgp6fNOuqmNlqXD7XgSEC6T1PxPAQDC
2020-08-16T07:26:58.405656008Z 202 oAt5wzxQrLz3uskc08BySETEkPJOBQPvTqvfmobkkOFJ5mINjg8JAl6wZjy0
2020-08-16T07:26:58.486958398Z 203 3uLpA7BXP6YS9aR6uHYIVDiOl0hLVfi01YxQyEjCA92yr2FmdUVXYyZbTgiE
2020-08-16T07:26:58.568190545Z 204 poIwBojoHbJgxJ6Mh6iEQd5KLB8AySj7xdMNYEAWELSB1ieYvG7EcpRr5Jbx
2020-08-16T07:26:58.649457023Z 205 SO0VbpFmGat8lcxjhoRN9uwK3ZqwonXkdEmCOr4K1VSOtMYVxGAyigJ67YJY
2020-08-16T07:26:58.730500513Z 206 J6l4nnXtvZaY777Q5N85dUM8PjbavxVT30S12xniRq2IQE30r0x3FSg4T0bR
2020-08-16T07:26:58.812457722Z 207 IsLbdkNexfVsx3OpKysHGjEjkrruJfBOtj8e0JSPEkI8rxPFYWVYP7lFelb2
2020-08-16T07:26:58.893353026Z 208 E3haGMuPJyWgMIzGyPxucnISavDOSGl3ard5C1yZgCKeCW7Je54lRJp826Es
2020-08-16T07:26:58.975076139Z 209 nsZfZ89CYFMcmLfT5qypDIwal4YYFYGotzo9oldqg7RwYulN4uvrqBMKdaRO
2020-08-16T07:26:59.056110380Z 210 HqfmcHsJCi9xRrEeqWVpAvj7VJRzgL8ahSvnZnhqv3YAGqa5hdyKnNYGoZNC
2020-08-16T07:26:59.138212817Z 211 K7MPUxvySKnDluektcgeW6gO9yOshQtA4WvWK3QeO9MRHMdAVH1985oPBRVy
2020-08-16T07:26:59.219079608Z 212 W0fqmtUlaK1lJkcv3KHMWHCTzgl099gAvyfu0eAC2rWdliJRsioMTFm4VMTB
2020-08-16T07:26:59.299972323Z 213 toMk85A1DVGrODCI1XvAquIE420WgSXwNK6vUqYoEvNpavbWNWCGBRd5bGXM
2020-08-16T07:26:59.380999311Z 214 AsJuyZ63OWNJgX8lvY7qrABc28XwlGqYUTmM1pE4Noj9Kyxom7hdpzBlyYIr
2020-08-16T07:26:59.461611259Z 215 dttJcICPlD7rTDIYJWbAD1bALkqrKPS1fCdhKaYpAgoeHfiT2b2XRZ5yJhHS
2020-08-16T07:26:59.542330896Z 216 FxnlOsADGH471LKrHZMOMIXFlzLFlIbi4iXyS5iBZHn6oHVRMSHRVtnxUt9m
2020-08-16T07:26:59.623513158Z 217 o7bdTiCP6iwb0X3iOG7jVngsg4G9K7HmnhUqJn5YJjZwiBKus0OJqNFjM2Yv
2020-08-16T07:26:59.704997252Z 218 vkvAruLL4rC6ulI2rs7DBysLaK2mTmZAcTD1lippKnNK8SgvGHCQsFxi0wOs
2020-08-16T07:26:59.786214249Z 219 cw1J98ziTSwqLwf6BpppnmTXxoH4LBIacKAeyplVRDqQa31ud4zWqUivOMKs
2020-08-16T07:26:59.867571623Z 220 FigGdsBW99ZMO1vrVuDfs0YSVkPgUDZXLKWkwKUISK97KLe3DLkErBLxuQpg
2020-08-16T07:26:59.949252992Z 221 cMcLnOB3x4SAU3W6oMMWv9xPAdLVam3njp2OXyrTF5ieSQtfSMqnOmxfMRok
2020-08-16T07:27:00.030378318Z 222 hX6h9sIe2FA5LgtrkkpRSh777U7NCIZYNfuCjO3VJ669fIQliaBW4ZAitzuH
2020-08-16T07:27:00.112299131Z 223 m8ADEyICu3PoD7sEt7zXeAJtYnPmOtFD4Bxl6YxcLupebWimWr1Lz469UKN6
2020-08-16T07:27:00.193934912Z 224 jWmdwvltX0R4typBmw3A8bBf2xNwVvT2XkjBoPeJE7yDs19rUaWNCoA88P0X
2020-08-16T07:27:00.275271819Z 225 evWuUCDSYKg6TmogNsOQLyOnBW88NdwA2BNrzUaSjNNvvy2GBT6GPowTW9A7
2020-08-16T07:27:00.356548982Z 226 cbQXOHc4QCY5ELqGijKQiSmWX5j0oti2Cx1R74fE8UiHcJNX0fvLnz07Vi4z
2020-08-16T07:27:00.438031804Z 227 U4ib58oHL2mVHqreW0KI0R4GErequI1qtMMw9ouhXdTCZSvzUbsVVzbI0Mjw
2020-08-16T07:27:00.518543094Z 228 HExS36Tse3tGyQamOppyQNB9ubDU7sLbGi8BAgUjhYQNj0H2GaU0B7CPFdUU
2020-08-16T07:27:00.599890120Z 229 kApGjJDoCAuXzYqzr7eXTW5lX9jHWSN6BBzwnENsz07FmDqp0Ak8KqCKpPTR
2020-08-16T07:27:00.681068086Z 230 Lf7fwoOQOD5fuwbdp2LNlitMUSKCkw46D6xgC2M8dmeKGWiLcrkcMfyGguPw
2020-08-16T07:27:00.762743831Z 231 QlxZYeqMnNxOnB3W6QPbQtxl1W5rTcJmDvGjjJlVDxmKoKGvvcgwpMdsX1Ue
2020-08-16T07:27:00.843901142Z 232 zXcWq0lMbGSqWezLn1NkrZo8vYLpKSwfkMi0X8ktMTHWgcdqgRWCFwt7vNIp
2020-08-16T07:27:00.924702661Z 233 sifav9JcHDltLqlfbHIxt4gLGtHbyFr6L6wgwkISwPWCg7QX7k2w7MIoM3rC
2020-08-16T07:27:01.005569435Z 234 QeYp509YhL4TOBYFyUU72CESAmO8qZXIvcTnkYvNpxUzWiBNh01oClETo4uc
2020-08-16T07:27:01.086223927Z 235 3oBH75cgGaNiMRjaBFwpn4y9K972C8WBE5VXLxO7b81uhs29myTEUHkLchz1
2020-08-16T07:27:01.167586079Z 236 qaKM65ikLAFA0mPNkQ3mCzLiftObfyqBHpWKwLqyQh2STFB65EoCzoLkjksT
2020-08-16T07:27:01.249590829Z 237 gVh3HW7NEOkpD0Z2tDu27cd20QexujaSC91Qqs1Hh10K7zITWI5KjP2Mr3w0
2020-08-16T07:27:01.331322237Z 238 iBhIJ0rHLVPOb9qrjnZZVqMJkMfJS4bwHgaOlsRRSAX3b8Ob8aFQx2UcaiHx
2020-08-16T07:27:01.413222694Z 239 QM9evbjfCL6hf7JoOqMrDRymhaW9MYQ5qHfGthUKdW3jUIfrviUbAHJTPsrD
2020-08-16T07:27:01.495350577Z 240 ybG28AaR34pGbHnTfhNT5Nn2RKC9V24r4XrSo6EIpNPjb6o4vSPdOiYzV9rN
2020-08-16T07:27:01.577053944Z 241 KaZYp5FH7mtTLSMfOJuIz6OnRpWPgOLpC8LalHDF2IrNDX8Wb35N1dgBuefG
2020-08-16T07:27:01.657492315Z 242 1IqHFBvqkIKZSwizRB2malgmTOwis1MYlT528JWGOsYuu7vlfvSgqRCxbma5
2020-08-16T07:27:01.738921965Z 243 zxkaNgh4MTgLA0zqffs1JjC86ThnOlgpt0bz4xems4YHnyaY1kGbxQ0jliDO
2020-08-16T07:27:01.819273856Z 244 dvXIOLoGBzoz0FVyNz4jQvpQ0aHWnY0cLj8Xep72YLRUwHZi1PVOSfihOVCK
2020-08-16T07:27:01.900884851Z 245 8f73afo7g2ugdCYLHFmVwEJcafgjSWbxgC6rixn2OEXmkuhB7CK7UWhnljMx
2020-08-16T07:27:01.982268298Z 246 u3yp7MXnYefchdEflOT9rEpZwlnGh21qmCWyJPcblYhfiiwAmXQ7cFZor98Z
2020-08-16T07:27:02.064025332Z 247 ZkVgCF1IRIC1RTDSB3T2ZWKh9iWs1ji1rynlPMSAqhjxVslSmqXDjr549S9w
2020-08-16T07:27:02.145016803Z 248 cYTU6Z4ZB8gI4FffS1owA4e98dCvpAx4OTX48pKygzS4nUBusf8bcmsdG0oP
2020-08-16T07:27:02.226153213Z 249 vfFIgOuq9Iavj7dGMJ4BB0foRcJyh2fQwui7kLOqabEdRPESH60ZaBBnNIxO
2020-08-16T07:27:02.307482213Z 250 iESf7iBr2BH0exjM3OqqPsJHwEQ8KCShipePsyFE3iKD6q6QLIynMdYkRaMg
2020-08-16T07:27:02.389404948Z 251 wrBff9raI5bypkUtwh39DrdzMUkRXxrzLyFPbjX8xS6CNKuta9iZo0XhYWrW
2020-08-16T07:27:02.470724472Z 252 3SicXsyNde4SLxVRh5g8ZkpDsgIiVqlHZHXEgQKqCRmCx2HnYX2K4r68X6wQ
2020-08-16T07:27:02.552011200Z 253 jAmK7ALVhVvOhYk8dxZzc6AZJG6mCalqo6E7Dz1DS46iNbTiNvu5dKzhC5bu
2020-08-16T07:27:02.632605670Z 254 qz0I9sGqGOCsQ4aSx02rSSrONT0kIwPA7Su6ZZVV3rC2JtEUEY4htkdnRisK
2020-08-16T07:27:02.713741119Z 255 VMg9T86Of0M9LoZeOWxHXLUG6UsAvH7sJMzvCSLnxBi8BYvRq38nEh0fmpVw
2020-08-16T07:27:02.794604599Z 256 HKH0eO4vyO08UnDnKOyauak4RebDASi0nbErKdZiGZVUq9ZCqxI0xaCVVRkC
2020-08-16T07:27:02.876324853Z 257 5HF11kFMDyGtoptE9dcOpe599WKLGC610JxtGrh996nwd2Ni6IsGplOpQ6A2
2020-08-16T07:27:02.958413833Z 258 7iJKwIZ6Yrq1c16LMfIuwkxTwfpuXL1vK7jccq5ZE4Og8655HoNixtYofoU1
2020-08-16T07:27:03.040230892Z 259 qV30oxxqC3weqiUYBCHSLXV2OJw0RVjelsMX8qYfCzqQGT3v4RTXZhPhKeni
2020-08-16T07:27:03.121504218Z 260 RskNhZWbutcCjW8hfa3Nx9uINiHejRIqubQu43J3mUuwDS30jpEkK5espiI9
2020-08-16T07:27:03.202930084Z 261 cSVf1EIv4bOhPGTs5Qa82Fv5mhPbfRIpP5Mg1IbfO2N7GwWQXSDttUNyvwWv
2020-08-16T07:27:03.283810143Z 262 R0XD9m9KeIr8KGi7bx9yZiaeS97hEzXSw3QccaSXjaPvntzTpl9iLvAmvEaW
2020-08-16T07:27:03.365153287Z 263 Qij6DgngFVdlf5GrM5RnL86NoQalY2lE6uMARrb82S3iPlqtfrTouLm5Cdim
2020-08-16T07:27:03.446303901Z 264 7UWkv1oOv1fEAT3IYL4PREXL9Y705HlU6LA9zNV0rDK0T0HxhTByWNRNQ3AS
2020-08-16T07:27:03.528137292Z 265 236uFyB3WuyI9MWZtMHEmwEezFQdgxCGdX9AEyE9pysIUaj3HnCPwLwQ5uuz
2020-08-16T07:27:03.610133569Z 266 cCSnndWh9Ta3Klk3GPmeRYwvbGoJXe19JfJY8aM5w2RfIfoIIlQDk5Sf7QB2
2020-08-16T07:27:03.692061131Z 267 XEM3N447KhndUGTaOqCUjo5GtN9TL1dCx1qFSaVDmpjhncQpTNMESWDS0BUU
2020-08-16T07:27:03.773693185Z 268 Td53H5jAacEGNkUAAcOBW1sxe9zgZF8JsqrkNEx56kxgcO8L20G41H74dlam
2020-08-16T07:27:03.855294887Z 269 XgXk2V5ey1ZvThz2oBtfXmiWIgRKMIbnfSPRC9A04cmF3GvVKihDsL7M24fg
2020-08-16T07:27:03.937099632Z 270 qNOHCmKso5z0uxZoUsiPZzvultnuyJ0NsrvygaAMRNhpIJFaCmMs3wnX8yjZ
2020-08-16T07:27:04.018154756Z 271 x4uYx8aintT7ksL13rREWbphAWqYOPUxM5hx1KN4UFOymRG63qru7W5YrhKL
2020-08-16T07:27:04.099324393Z 272 6DBxiJXdscri0OwO0icxaAAMAG0oisivJsVFkQF28iNgLjwICOp5QAIcNmHi
2020-08-16T07:27:04.181072473Z 273 1HxRRLEPNpvQzBzYQ9VbwVwm9GTQtAAUMgnP2GswLoolhsiVXp3CjsJDwuzA
2020-08-16T07:27:04.263000688Z 274 XKc0RAf4l6ygGZy33V9xQy4EF4DZ9U3p9JfNExCPwrFByo7LSdfXb17OkOl2
2020-08-16T07:27:04.344770725Z 275 VlS0wq4uvJUetTphkko0tJUDm4smCqCY5JMzn3fFHOBcMDaArQXo8ARAW8PW
2020-08-16T07:27:04.426056729Z 276 T2Hj9wjeyF2loDOLRuDPwhC6mXCXz3lcl64lnQo3cVw3L3jeVQ4VcPax7tRK
2020-08-16T07:27:04.506647029Z 277 eyAOUoDISYk8cnhfcmCghA8MxANjLLARHdUrX8xfcyI9HR8shS3BNANuZjUw
2020-08-16T07:27:04.588316363Z 278 xQ2nQCR5QBI15BLIaPvkX4ieCVCbq9xEhJUyPofYCQDNzhR7iSuhZXnLvHUZ
2020-08-16T07:27:04.669869851Z 279 HSpx2Tg3GViddHnPff8nFUoxnoDsVjKvAvYmis5cRoJcHjly6IHnNDIXkuBa
2020-08-16T07:27:04.750625490Z 280 rBWavxTLeuYpwirbsI4JkU7PH6ilKNrqsgOFCt7oxJYcPhbwognylhRaKCIE
2020-08-16T07:27:04.831583535Z 281 krT3gOpLZZSVDKTuyrtMjqYLOKQAs8HO6wrONQj17jjcuo8l0EGBvVrZQq6k
2020-08-16T07:27:04.913637960Z 282 UxG5C77Hof27wuqactPjPmJUJ5TBtfw9pDswcJMeWVHTK1OFA7XYqBDCPB7g
2020-08-16T07:27:04.995169579Z 283 aaA1OTdbqwHR3l6eiW80MCRzGfTKSfgnloO9ZIxp7lRGvEk5EIjVrYPixAR6
2020-08-16T07:27:05.077415657Z 284 hNG4csURJkWha3NrPZlaOsHsypcGByfivH9bVD6rWCorfGVTFk4qUwnBsShm
2020-08-16T07:27:05.159059136Z 285 p1z8P8OXEQs7sz137pl0S5du73MKQPjeYQX4l0Yq8N8tIt69oggwGMXoDlHN
2020-08-16T07:27:05.239752416Z 286 H3dbTBUGw9V03LuIU3TKwmOCWnCZhpDTuRsXW8sLqnu9KrPeuaHesnaCj3pU
2020-08-16T07:27:05.321309420Z 287 GJHMPFX2HhbvJshs4NkFv2ELKXlWdVrnOr2ie6mfuW30USuEyunaZCcxv5MR
2020-08-16T07:27:05.402753303Z 288 VfYUqxNjIU3XAqwhAXPRDZVRAnK3kf0nJsWHKD2kEFdB0Pnq36P5OsSdkXDY
2020-08-16T07:27:05.484148468Z 289 6iXChbDeBab5m5ZtIuRKqF1iv2QzG3aNFc4tem0oPmdngSGP3OBq73lBp8mF
2020-08-16T07:27:05.564955574Z 290 n50QDAufPfcgFi9NKHHTQZqmxp1Vk3jqvCCkueNiGevTGirwMfl5bJIE8EJr
2020-08-16T07:27:05.645511977Z 291 qbN6RStvjNUbI9JCW2BkHCfe2ateMRmlukm2S1PGPzeKrwYcTQH4sDi80BfH
2020-08-16T07:27:05.727297048Z 292 lJRbAKUMMjH4SLDZnL11VDNJweugIVbrlANBcRSavzSC7rRMiEesbmfSjPjv
2020-08-16T07:27:05.808951421Z 293 Bg5jSjwnDTiRDheuvL1hD40kNfNyIkbVyOm1jqT4lLJcwkNbKgkWiVyIzQFV
2020-08-16T07:27:05.890341555Z 294 kKjDHYd2hAk0ic5bVDNVWx0jeQFoTPS4Pdt0yiTP44bXbgHh6RUDEktooTQ5
2020-08-16T07:27:05.972144441Z 295 Y1I4HTbb09agmSbOJawkM9MXngRQFVsj6LRhP6XQxVzmUHBjnEzJQUxJGXS9
2020-08-16T07:27:06.052612776Z 296 kB0G9R1CnOoDIqrIXQkRew2zlCxt1acFpT56O6UuJuEq86aPpV5bs0QQWYdS
2020-08-16T07:27:06.134175363Z 297 8EK8kynjGxsKQwDbUOGjRuxgIcaj4BOCVgYfqll2ltoqxnp2KFh3ghaMZQWw
2020-08-16T07:27:06.215754711Z 298 z6GBNvxPWzLObQUjWgRlPhsWiRA1E3H0svGEwJa7QRIp0TGSycMf6ytXDut7
2020-08-16T07:27:06.296574307Z 299 5zA7u9LXZYxMyJINZtKdrDYvfiuscrMMN95osuwOcGcBxvDaRcBceZuKRMsh
2020-08-16T07:27:06.377691037Z 300 llnVoPbz3ezw78uNtF5hFvi3XruP503yq3wjV8lTUeRiF0Y8FAL6xEmHVK4Z
2020-08-16T07:27:06.458822669Z 301 bQbKpjV21MBnm7GWXKM9RNcJV0GokA8uC6hwiY4KcJqxw6PQAp6MjhYn4KaR
2020-08-16T07:27:06.539514487Z 302 qfAhm64FkeJegGrt1JfRngnl669HhIKC0YmYv4gZLnZ9W7bq55STZNu3ucPl
2020-08-16T07:27:06.620682107Z 303 dZedBqmo7Utcc7vdmHYbj8tjamnvFfhaWRxqymFwg6dWqMhDhJExv4zo7GHk
2020-08-16T07:27:06.702258522Z 304 j6yIFna4E8hD1TWQMi5Ss5Wre8RJmK7jqoYECXPcB8bsBRo0nczxehqgBIjW
2020-08-16T07:27:06.784332005Z 305 Q8p4EPs20FeMW778NSsuTibsSDxEYGRCK2s2yXXUpAKX4mU04mkhs3IXYld9
2020-08-16T07:27:06.865835814Z 306 8tGH1nY1kwrBMRysiYFkfLJbkP7DEP7o1DrBH7tRt6Iw7m017etbiC1Pbui3
2020-08-16T07:27:06.946971974Z 307 VquoB8jpy14TKc9ihdWXx1yeVOnQKmDrlhuKnYoKNjSOYS197MU3idcImiMo
2020-08-16T07:27:07.028401970Z 308 1qTmBgaZQDHc2mVp82L8C4uAbWkyTMUEW3lR6PURS86A34BOof5uvUL7MDGZ
2020-08-16T07:27:07.109399636Z 309 YL3Y9zAVku5WQrCGRMUF4Jmx8a0wxpNtwVLxfQlFwa13zcsIesuFnHtdWmsy
2020-08-16T07:27:07.191504913Z 310 XbfnW1Jfd0wpXxY55hE6i9I5P4nCcwEqddgDG0BztRn3CmxpxKy8XvAUL5qm
2020-08-16T07:27:07.273169350Z 311 QdFn3TzlXePdhRGaCqI2w61WtZ1yNNcq64R47ertB2grz9cfXt6ZCLaEEgX3
2020-08-16T07:27:07.354857607Z 312 p4ODdor4shSpms0h1O7qB5sJ0KSPPOZMXqGM632v57UXGhd0gAGqKcN4Qx5g
2020-08-16T07:27:07.435962532Z 313 NsbjmDiUeQJvyMpdMe5FhODvoeSpaFTwCiYzzpkjIQp0RF8zSdRdxikfxTWy
2020-08-16T07:27:07.516838727Z 314 wmVPdemcDDPgB8T3n7CGAC7HO86MP9BkRSM34SNSBoXzBo5t1n6ROhftuaCR
2020-08-16T07:27:07.598250317Z 315 l9YEbSOGY4NCevR8h2eV2ZsVuuPAGqj7NWZERRUlwmgDIuE9XZTZqPIdb91y
2020-08-16T07:27:07.680540593Z 316 C9fKNOftxDNoEPb3L6SbZAZdTP1FSSRfFXoKJ1NlHexlzZUJqzzNAZcIAB9L
2020-08-16T07:27:07.762077362Z 317 CIxCODTNGPI4jUleyCXj5YCFXjb7DVcQ1gUZ8DYhy3DsXArDakK7IKZEI9n3
2020-08-16T07:27:07.843568113Z 318 nu5kfcky39PYzZWyxgnki5vxOYCAWDeVhwsjiX3BQu1pNaoOAmwuEXy6KfYO
2020-08-16T07:27:07.925091810Z 319 VoRpXe2LBpv4ItajsnSfXEr018VSXOaH2vBo4Emyxnco3oDiThPMIDMhK9sl
2020-08-16T07:27:08.006202289Z 320 qnisjI8FG7UjiSUlG5tiwgGQvqpyWJNxdgZvq3HT6TTpXABnox9PWQJv7lDh
2020-08-16T07:27:08.088332532Z 321 7qBOSVlWiNbGu5WTPh1YM7xCGtFCkRw4lpdcYsRtw7MF7KQdqwJiFyRrcCXT
2020-08-16T07:27:08.170036121Z 322 1Ft3i9pgX042HsTBqIQoNZKEGK7XcM62pmBTYV6HDafFw5Vdz7bzAFh050Co
2020-08-16T07:27:08.250779359Z 323 w7oBdBeb4t4ZbTNBqfTV310XAa5KtUKMdiYvlZM2lrnERGgCI1D7xKDRqFYx
2020-08-16T07:27:08.332190619Z 324 bLCmL7VZwWvre3asQfn1qaRHPdkxvmHE7M5VhjqlbabgRXU5yKvpjRx9ww1y
2020-08-16T07:27:08.414335852Z 325 YekqI5l1dZansvOrL7U9ll129CNyUWI4OoJURapo0WyHPJlQXoCRGerVuQ22
2020-08-16T07:27:08.496371449Z 326 sB6C2mnz5xrEayWyFKRBORjhyYqYEtWlow6rAmhBP5JoD1pjrPk0Wx5zAL1p
2020-08-16T07:27:08.577494021Z 327 qO1YVlHVSaq59ARAxneR4OfkaLNbXIjtwXt6EZiPiWjojNpqbhiae1uFDUFJ
2020-08-16T07:27:08.658981407Z 328 ENPBIYHio4VmRnca0Ayv34YKr4YhJLsDQyv4NAiVoxAhf9ereonXBlmxMrU1
2020-08-16T07:27:08.739981412Z 329 JrYCX6FzGAnRrl1XpSIeYdwNS0ILVvt430aZuZkj894qYx3e1pbcRZJKCqYA
2020-08-16T07:27:08.820956122Z 330 9K6aRsRg9xp7jsnEnZeA2Lp1WdWYMQOsLUTN4iFboMFVVeYdIHYGEOE0UDwE
2020-08-16T07:27:08.901667552Z 331 1ghebH828E6NKPmwuzxjJv3yMnDDCg61EEpR6oylDIIFT396ACwwq5uNzPzO
2020-08-16T07:27:08.983194057Z 332 MQstXsN0bYBvB4G2kmJkKHLqITydmg9mn0fZ0Tgf6Bnn3yXYFS6KBpOB8Tf0
2020-08-16T07:27:09.064388163Z 333 Xuap4vSdJKgp5rxfdgh8fEvRSZRrxvTpyHziNxEPG0jbJlfTUfDWReMfqKn4
2020-08-16T07:27:09.145939579Z 334 Mv6ZPivQnFTwqQRxO2zDWOFBM6xndcUT3dYbmffNkNNCs8DUYY6BFeXmCFGW
2020-08-16T07:27:09.226487607Z 335 mBeggDM0LCRJF8ZUZX5DxDRCF7ETEaDvRHV1sSSBShvZTie1UnJ7TFQuAR6w
2020-08-16T07:27:09.307806868Z 336 3DzSAMcZMbCXp6GfUxabiIhmpxnXquACeFg98e09Ce20PJC8OcBYQmUPX52F
2020-08-16T07:27:09.389087284Z 337 kb9WUt2i7cqUoSUkmQmhemfql8YSqtv1UfU8N5273H1ZQORI9sPxrK3lWoVN
2020-08-16T07:27:09.469608947Z 338 x71xRyo7ogFAnUu230jG5t74hVy0hMQ2wlw7jhSdBslkxJdpOngcbdFUODXC
2020-08-16T07:27:09.551213497Z 339 jzTOwFmrkLEFaHPp76ekui201gbJ6QU9Mfyz9g7UNzkeRoRxrDELWysaehjc
2020-08-16T07:27:09.631651817Z 340 X9kWOtpUq54zw0xFeLUMXyQwp6pSNcMMVF4xevDTdRNEIzD3LxcRKYPOTJs5
2020-08-16T07:27:09.713525514Z 341 S2EPUoxt42Iq6ZziezDNLq5Ssz6SwGY893t7OHhcGL9x9qftLSVgxWH4GifW
2020-08-16T07:27:09.794414138Z 342 Ihp4tMPNP2J6Ax1oRnqV6L5A5i97xnQx2HOtO6g1szsskxbHabxyPxC9q78k
2020-08-16T07:27:09.875917072Z 343 Oy4yZQyUlhC7Vb9qTJdeTeyYjFpOp8wiRmBrh9HgwqdfUmGGRAHIpvtpifcA
2020-08-16T07:27:09.957109684Z 344 sI8W22QIL4VkYj7Fx9ANdKsfaUxhfw8YJO3swt8ioo0WvSSjf07HyAR3SsuO
2020-08-16T07:27:10.038682777Z 345 fDyohZdwMG4aimHofCBAS937BYGfnO9OP2YjFV48oyW6a3p2lz5tHB8LhySy
2020-08-16T07:27:10.119918873Z 346 8txG4ASwS2p1siHzmow8YCQXmfgsA4FCGhEqxlvOZaZ2a2sy8PLuxbbHeEvp
2020-08-16T07:27:10.201469409Z 347 1NE7Ih3ph72oPuYJH5o6ntgc0KwY9ZZcx6OQlycWrjMYupVcDbXUUvonjaGn
2020-08-16T07:27:10.282644732Z 348 PSsdaulZ67La7zXFvqwEciTPn7LLIjDFfjrWKmr04WzAZ2IYiSfV5w5Jl9tL
2020-08-16T07:27:10.364237497Z 349 EFtxGxhQVsqzXrOUExVQzH0G4PDsELiS1uKqnDZOnECci5U9ZZG4whtspCS0
2020-08-16T07:27:10.446017502Z 350 X5aETMkZOjMSB7UgScu9SKo8MqpcoDP2D2PxYBHzWUC8Y27Oxtd7hoPKx3DL
2020-08-16T07:27:10.526626055Z 351 hzbwNQXsJGrmaaZeXNVasllb2i8VN2P74OlohEbSM10Dupej6Bqxl6PvMwSn
2020-08-16T07:27:10.607990358Z 352 GZVKTUXsafoS4EeH5RFVihB3WXo3awOfof4QcdkKHZvfRNa6Ea7L3S5DVzob
2020-08-16T07:27:10.689518846Z 353 WBHSicfSE1GZ3Gl1bhUZKpcvKQlGuXtGiamXydHIBLAGB89nr42pUh3AFmx4
2020-08-16T07:27:10.770809421Z 354 gMIQVsPyn7LTc7Vidoj8tOZvZJXbMky2KnYOon3DWJ5ouGx5HffDnP3Xbh9a
2020-08-16T07:27:10.851927683Z 355 0FPLGR1ufJdvy7rGokWys324XWe0uwv9hDgi9KsBPkNXDTHtnXMNJCebxiBF
2020-08-16T07:27:10.933134615Z 356 raPbxTOpiWOYDr3W5mURuOYZPO80e8Bo87VAwau2gAtwp2mJsWZbJGaA3ue9
2020-08-16T07:27:11.014418144Z 357 t43ZJGVGRZDp945DTIzyRPUOj2TtogW9FHFqHhnXy07Y9QwdxOX77KvFMV5X
2020-08-16T07:27:11.096145987Z 358 TwO3wHuHJKcxgi7M62fhgVrfJSZBTupbycaBkj21ojqpHCdi0jE7XnAEYwHi
2020-08-16T07:27:11.177828278Z 359 bYEDjEaxpx45qgnBRHKfOrqJ5DsjkxLPz2at1gpQqEhCHyBhLCsgs42Ra2E8
2020-08-16T07:27:11.258489728Z 360 fL5sjM7DnuATeKEbxINfG4okNeEv2dlTCTWK6eT1BplJ36g348Fs1vj65bnj
2020-08-16T07:27:11.339628457Z 361 1h3gAHJ94z5flqxbKrEwmJaPxz56PHkg9gYpuZbF5tRr0LDUIy2yXUXQFAsA
2020-08-16T07:27:11.420886504Z 362 b9CnROISzRhJzlQcBDlET0ff3SoDQYOAfRzjSbBEAkKLrI7olEP6Oa9a9Pjs
2020-08-16T07:27:11.502266213Z 363 6IEAWcMz7HGfsomIe3aTPV4iKTkzQaepwOOq5Qf5dj42lmsZHG75BKYB89nM
2020-08-16T07:27:11.583819711Z 364 vj42B3jTfjjmTkMAXSF9PoldJRbDiucr0O4rBthezkmy8FGPwMcZg935XZJB
2020-08-16T07:27:11.664995408Z 365 oSAuR0U8I8nFAuihBNS6SnnklVRJx3W1XFr8Vy6KcpjGeTOnxaOQVdUzsehg
2020-08-16T07:27:11.746131499Z 366 sbaEWqOk3Ew7VN4P97IthnnK2wXuL2mBVgI0PQwTPPl7K07tjAjY4Lw9NJPg
2020-08-16T07:27:11.826517037Z 367 WaBlP3qGce7ugWTxLXQn5Mqxxyxl4JevVthUKUcIymSkG8DKYArfvRG6gg5L
2020-08-16T07:27:11.908284675Z 368 rrxsMJ2eqtJ0n1V2YeMAGd5jqX1xgnBwpVIAzbFPrwAd65MKihvPpOrCDJVR
2020-08-16T07:27:11.989307638Z 369 eaCt1PVIrNxNb6PoWkNQZDVYwlK63bI8tNIeTlRcAew4TjrwYUp26B37fAVj
2020-08-16T07:27:12.070746846Z 370 kPR0U0FISX8lAzNm99ikFZDGScsldfVyZkQHQZrWmhjLc6Z8t2P8ejk84akI
2020-08-16T07:27:12.151420551Z 371 H5gcJP39uyEk4VA5oeqOqbZ9S7aiat4IxrVm1K2Dco0PyOZUTrpPnKb6u5we
2020-08-16T07:27:12.233298182Z 372 0dvQdRduQIP2g7VcBMMOy1r4FqH9h4ZD9XcfSFLdP2CsjfkHt9UXAgvw3byP
2020-08-16T07:27:12.315173365Z 373 Ywp6z6R8mgeemrdbqkMt5mN1MsCiYgY8HAqcjoCtFnlRlSoZZ2B5g95COXl6
2020-08-16T07:27:12.397349000Z 374 wFMx0QDRmNPR3E4nKYZYvIeCzLFGZWsPHRFXUmBFEYyJq6IybZ60aLZ9Ggpz
2020-08-16T07:27:12.478552631Z 375 K5k6TRZzX4yD0vgHTMtWrQi5kn7lZaBfeBFClsgjY6rYWnJJFC55Vy59WbKo
2020-08-16T07:27:12.559435525Z 376 RJevXydx5SHJeabQs1KdiIqwOnNwlfDLSspxljeC3iYyBlbDwXdbW77IHpyJ
2020-08-16T07:27:12.640446285Z 377 tpcif946pwurepZHvlQw9FoVknSsV3ApznZn39P684M8lSHmWAytS81hpfIw
2020-08-16T07:27:12.722230111Z 378 L2H12M8IKA34ypT4TpWnlYefgd6Mpslt5PLM4jbQaB0KKxQQoJgsbD3Vsltd
2020-08-16T07:27:12.803945420Z 379 TSRbSj0BHTyfDG9MGnG0HQ8A5UWp6iyQ7sYfb3Tp3LvaZlTK8ItwNcSa4QOf
2020-08-16T07:27:12.884995776Z 380 MKeIh6Th9WFGZ2pqXcbyVJpcMbo64pTRGpvHVm5mxYjpmUGao6UfJY1n4PTV
2020-08-16T07:27:12.965783217Z 381 gSJ3olaWp2qK2sOxALTziUnLCRJ7AOgBP5nNmJUV2SsM5vJB1kSunE1qWP1m
2020-08-16T07:27:13.047299913Z 382 Zl0R5I8S3bSQpBeSzjIC58uPoixe6lGok3hnlIa6s947WkXz8gjpSThJW3RF
2020-08-16T07:27:13.128610968Z 383 vcfTgqliOS5XhmmUYtLbhkhcfORqslvf657LX825HMzPpmGj0hEW4vIuXoDk
2020-08-16T07:27:13.210133813Z 384 SZLyrINSU1TTKmUhqckMpI4wtl6EiO5WgVZZsx0vuWr4CYKAmEOioHRuIHAt
2020-08-16T07:27:13.292315048Z 385 j8jYz1pNh5tALNvpDw7rS2ka7AAR8f3PSQT7LQlGVtF0AYlpbMeJHpMiw2br
2020-08-16T07:27:13.374413859Z 386 FPpucoUiNZ3JvSvUvsNQ5AuykSRNF5KwcWslXRNm4uv5YYvjU8cPKfjgHzC1
2020-08-16T07:27:13.455762330Z 387 FrBn8PeGr6onLLxAGBHwaFZ3NuZSf8GIhs7C7bl80NqgfcT8sPAdBuDzMCQg
2020-08-16T07:27:13.536079584Z 388 M1IXC9rzWoTcGAQEYdFvKKZx4l5XPjArSNGMcsetgCfKKlb10iw9X6IX4N23
2020-08-16T07:27:13.617891016Z 389 Z7lTNwH5Sukw3kKJVyy16nltDqt1r5TOWIFIQoOt90hhRUcPBa7jdBr1gWfc
2020-08-16T07:27:13.698846669Z 390 9lfhHMR0iavf6BFEhNlHnXAu9xupeiCnhP0Og8yWrWOhWBzewCYDcTqcGgnZ
2020-08-16T07:27:13.780039267Z 391 XhgvAIU7drNNAy6gq01zUhPoi9o6oVD4zIGMKNqIiY7zA8JHuIhhJRwJ1tSn
2020-08-16T07:27:13.860813944Z 392 igrb3H3GMg5dKUh43A1CWxGHjAK3YjlCysmGU88eRrFYjsNYKSYaifPKyT4J
2020-08-16T07:27:13.942224218Z 393 ocrs9PtawZ1i5nDSVHxurTzcBh959XO5e3Si4rAZR3HsFYJ7gRaaEmU7svZ5
2020-08-16T07:27:14.023522083Z 394 ZRHkTwDms7EE7EcYjtwX9S5qS6mBetGUiUCvWum2c09eIUsCG14yraRJzjvx
2020-08-16T07:27:14.104569835Z 395 C1mIfEEIj1QvH0mpr63TbtzU0KICdLDMDLi8uMPVXEx5ueSeb6devSbJqKHk
2020-08-16T07:27:14.185936171Z 396 Y3Ud0zOotY5dsCDSGM7j0L7RonzQjaoHuI5lMM7PjtqvTrCNOGnZARqSVFHw
2020-08-16T07:27:14.267377659Z 397 EmWMeswKeV2Rv36uZCxBOmdjiJNTO0D8f0qePBJkDnKwm3uBYwxfUhXFhZkh
2020-08-16T07:27:14.348938085Z 398 3leyCSK9MUFyX08XUXGXafVtJR0nvu2GOeFlftASyWbsp3uPgzvQ7OlGxF32
2020-08-16T07:27:14.430019242Z 399 1WXQ9DF1FMJKN5sjJjtiR2BVwQWB3quKUuDxmXy2nggaZ7cXUK6HMT23FbEv
2020-08-16T07:27:14.510645744Z 400 hjXDeCKP6hrOI1hYzWqXtVgmeKyGCNXqBpeqhjVxII95z29x4OmeHx4480zS
2020-08-16T07:27:14.592642034Z 401 HyaoS0857D9YQq5UcYcKvF3GsAzCDVQfDqTnKRrvW9fDV4VBGnUEWR6qeQah
2020-08-16T07:27:14.673692668Z 402 tCnIXpNHULoP2c65saqakUkVDHxLaT6hBG6WtgKrG7t7gsJh3BAQ5IGclTvR
2020-08-16T07:27:14.755247776Z 403 rtLsSA1ItD79512NLn1RglpnNrMH9T0YRhdB5Q7QpKg9X0B6oENXaS1Tfy6D
2020-08-16T07:27:14.836327821Z 404 dDH5Z1xDcY9OzaPE4gGZP6e1uPs4ZNPzA9mJ6i2AvvE6bF4SWIP1z3F3BvBV
2020-08-16T07:27:14.917647059Z 405 6nnML79TBis1Zm59S4cshGU92IpdmTgwMaAwgIX4AuzhCOB5hptdPgm2qsNH
2020-08-16T07:27:14.998292880Z 406 dFP2Aog6qYxnWUVBSYTu1ohCKXUv4qRJTh7d0iW7B34lu6vqxHUdOdcm0qJA
2020-08-16T07:27:15.079805430Z 407 3ar8VhqKwCTI0lEAILLCBiiALYCAu3dY79NWwHWRIEy7sYsX5vl6bNuDXKsX
2020-08-16T07:27:15.160861054Z 408 rTChfsMnW1Gn8w1T85lmOhIQZBJELEi04WXvfdNui2qcJySp6DkYSiCIehwS
2020-08-16T07:27:15.242298266Z 409 MtKVSr9bLdKFaFsisia4tuFOS0FqYyGznI6gR63voG2QYLEmmZlBHbSuijSX
2020-08-16T07:27:15.323911070Z 410 7GNahIiE34lHfDlkSUnRVCk3gEwMavWhaIUmGymhLntzZjd1fObqKuzN4rKi
2020-08-16T07:27:15.404483644Z 411 DIbciIz9ndGFtZERGko2sIouJftAFUVPDDIde55tzx3mjhZwDUZAxZk8bxfb
2020-08-16T07:27:15.486286813Z 412 ksMMwQkGUkUy51XVIKu4iKKbeZ6qiphEcfNhyriOrTD4lg8KYGCGjg06LTvH
2020-08-16T07:27:15.567931613Z 413 l4AI0WmjfGrp8Rjnfe0KN4KtRxlb7KsTlIxFreABEpPt2PzgfSJ4j2gmMFtz
2020-08-16T07:27:15.648663900Z 414 UTeNOpTYdIoWQ5MyPTvUJadUAPugEjA2tTPvmH2rHU7q9d2P9i40OSqNGEoh
2020-08-16T07:27:15.730273325Z 415 zhEbg5K9xv7ljDqCcWhX8e5YQ8G9wW1JrqvFu9TAfFN039eQPsR8Z23JOSpE
2020-08-16T07:27:15.812207510Z 416 OrjAFSBOJ7Joi0AIYOltIfzfcN40GOWrTRbrNCecx6c4VAhKi52GELcIwgDr
2020-08-16T07:27:15.893431968Z 417 IcfUNiXOXe3lLF4ZdN7zRB9RccwLsO330D6aKMAvsmlX51rxfnZ3ZLjdADFR
2020-08-16T07:27:15.974449524Z 418 bqiQWOHs1Y7v4sISTV4dAmsKeaqA2JekhebnGFdmnzwwrw0gQ6RTkBYzSMDZ
2020-08-16T07:27:16.056096072Z 419 x2mgDAiFe6y3br6S5LSQgnDVaTC8sL2cDanQx73iYFpC0mj1VCl7VwNfTqZG
2020-08-16T07:27:16.137085777Z 420 On907LNOHp2X4Yd8yz5cqfkmv92HGjI0bi3mEHozpY2JDTa3r9EOcMRLw8Le
2020-08-16T07:27:16.219175898Z 421 3w5guyVsEoYILTxUP7dDnjTTjgkdnl7Z6mvErjU6qVCXRiM5wbsLXnIFXM4m
2020-08-16T07:27:16.300778934Z 422 PX0iwHBLwRIijg9r0wLDpgPU5K91TatQZesrB6rEydyKWyUAmPPnYcLzHZzh
2020-08-16T07:27:16.381457938Z 423 IEtPNQVQUppxQkPVPSf32hmRbqay6xdtEKm7ouHxZvL5rMzfMLeFlWis8pYs
2020-08-16T07:27:16.463194103Z 424 WbqiTZvYWMp95kzqGIu4vm0CCzOaeopXvJSic9TkobX7CDwlcE3DAgklom1j
2020-08-16T07:27:16.544737137Z 425 eYmluxMfvoWC2a7pBLk8YBnmcpLQUcQoyHvnY1PKqtAcXpKxXRntjgAEp1Iw
2020-08-16T07:27:16.625567172Z 426 k9iKr3CelujOZoRiDyScHHYDlDhhnXOjtSPVKjVB0Zy3hpaWvqmRitqqJMNV
2020-08-16T07:27:16.706947662Z 427 xZAPfQcuEhyTluwLN04FaOmyXsspq6oowCZ76QbJOYEVzBAZYXRl1rgPlCYV
2020-08-16T07:27:16.787930098Z 428 ovvVB85psvtf1kua7ShysasiaS6Ky6mcsHYUcH2IiYRkbCw3yCMgVqC0fJjP
2020-08-16T07:27:16.869155355Z 429 uxkm8GCWjmZVPLiDB9ZKPekB7lfKD0YY9MIN0f6tJjxP4HNPWE1Pe4Qv41yY
2020-08-16T07:27:16.950747292Z 430 0jdyQvDrU3uhKvRpgeBDqfW4x5wNxCEoCedG3mJkPxQUmZsTE02tgiVFC4wT
2020-08-16T07:27:17.032134599Z 431 qHLHYN38VCjtXOcSInHa3PbFVmcmJmc4IYzjxbVK8A9JLibkxfASzFSp6lGt
2020-08-16T07:27:17.113699877Z 432 N7vg88bOOIwlG1KP4w9gm6raQXtAf08tgyUq2J1GRnrOTGowZWTts7oud0CC
2020-08-16T07:27:17.194203303Z 433 3BXDAHiXpOtJmkjcSsI4pCsLsFyll15lBSx9ufxUS54ATaZyVL3sOibDxURV
2020-08-16T07:27:17.275604886Z 434 zO12thi8aF7YOATJmnx5Fgw6QcoORY1gMuYBBZWKd7u98CUe7YwGHlRE97fV
2020-08-16T07:27:17.356819386Z 435 J9viXxzwnSOYTe8ThU5pavxFDyBxG9aF1qe0VeXATH9qnwNUoRmI1Jlvp6xf
2020-08-16T07:27:17.438335586Z 436 Agfqv1LL9RUpEQysNuJvEtqt9FsSpV3HKNmHdXslQCyfjRXV7wKiQmD6ls1N
2020-08-16T07:27:17.520423861Z 437 xXdiDwHRy0F9Y3jtLwW1VEJgIM3B6G0Lub0gPrsDooYPcfECkjyRZy81AtCR
2020-08-16T07:27:17.601919538Z 438 U55YG8pAKNcTAZyf04w0WXjm4gE8pk9syo6MJHaQILXHmM54KkEdZ4OtW2BB
2020-08-16T07:27:17.682698215Z 439 sEXBLuiyuGPMKg75S7CLUrEFSdF9eRfF7fX3GHFNh8CUgoCrepFDNBcd74SS
2020-08-16T07:27:17.764000734Z 440 MwwIbiXJr10xOoE6i1gAQlikWNyjqjv95kMzXHIZhNlY32Y30QWn3JQ2Ewfy
2020-08-16T07:27:17.844992308Z 441 kmCjnw2EOfK8VsDgvReKWPw2y0Vx1sKnu7YMTR3Nelg6Ld9PDbgj1kp092NE
2020-08-16T07:27:17.925361088Z 442 PWWpobHVHC9lvavSgjGErgO2osDtpj8VYGTYH6SSZl73xXi5gL9eBYpL4UaA
2020-08-16T07:27:18.006482957Z 443 YmRFeLzZzLbM0ZPNHx9ZrMPZM1dlGgDvjdyg5tvpYSoP6kMmHLE3wakVe1Ep
2020-08-16T07:27:18.087803410Z 444 YUMmBqY1D8JdN7q0IB5r9WS0FL5pxqy9oaABcw1vJOROP3wjpcqJnTrnyb67
2020-08-16T07:27:18.168970632Z 445 PX3RhbeRI3mHXlrbomMd9J2T8U3KhMCq4eZpVg0XQkvo5pM7vEiitvDJt6Bw
2020-08-16T07:27:18.249722604Z 446 AQG0v9dHestjynFtMKBX0ZZ2F7ebb7pb3rsMaBHIBfwSl3Prh31CIAqFBPGU
2020-08-16T07:27:18.331639665Z 447 DDmoatmWOg61eIKHWRU8NaSR1Pe1UUrOZ4yRXrCVlov4ki79zln0Vq4YxZZ7
2020-08-16T07:27:18.413157873Z 448 xWXQnkUoLMdwam7ce8q5K1m2Obn4pvkosSItoyQaY4EkNsUVeFbZL7BvGSK0
2020-08-16T07:27:18.494637278Z 449 E8f1FzZwb1jMTWlOSPNNNiCWZM2TgOiAZmWlDaM9pH0upuPc5dqn3u5cqHsE
2020-08-16T07:27:18.575867651Z 450 W9hziKc7PDiYAT7RwQk9myAk4FiUUhXXoq4xHzdu6SA954Aj2aX7d3MlVi2t
2020-08-16T07:27:18.656651470Z 451 d0571ncXdxujzFHTArEnqyMH2yQGHElFHPaiyRzLNLYtyrrBlfMZqenow8hp
2020-08-16T07:27:18.738098276Z 452 EA9DGCD9dlkThTFUdKEfCKdN3DDBfInrCh2sCP8Gc2PKVMA1XnS7pZn8Pcwu
2020-08-16T07:27:18.819076107Z 453 BMjkwscc4uS15FeWZtCqyqMdWpG1VqyYFby3P4elH231PvtRLMdL3r8rVpol
2020-08-16T07:27:18.899490111Z 454 oGBa2dIE0z263S5ebhyLrdNCmYgPKzh2zi5tBk4ZLKmgow1LUzvUg0elqvRz
2020-08-16T07:27:18.980600205Z 455 S5eqsbElp8yDkVJeZT4Ke8ypZ3ra5lJcdrnDhJdUtKFQM8wEGcfOLDjiLb8P
2020-08-16T07:27:19.061725268Z 456 AWZ45cwzGjNsGcNBPt1soI1UniCgPXrDyIy8pFGRfwnuPwJqkseBvL0B6Rj2
2020-08-16T07:27:19.143213163Z 457 dNMNmBa21kkbyuMFoVFfu4rDFnMpHUJFhcKnRLJLxN5er4JBrB50qUHSZUYn
2020-08-16T07:27:19.225185365Z 458 WE874aJpVS05J8TjLLLY1DWIEJ7n5D3POY3UzMqfl43gBgAwEE5cniY5Relx
2020-08-16T07:27:19.307168796Z 459 0L2Mon7jsKh9jLz4j3Dlt4qvz61jglus6cCQ8WJuQIc3iQGuOCqqpVBo4v4t
2020-08-16T07:27:19.389499029Z 460 Vm2DTWyEnDiUTebjJENqOvzR3gyBubMQh9ZZwUzNtIPlcM0qCF18nOVxv8dg
2020-08-16T07:27:19.471576411Z 461 DH07TBMHIBr8GSOqfxYN7OcVvPrMG7EE9NZjbZ3f9jTdSSGFJV6w7YKdtp3M
2020-08-16T07:27:19.552668924Z 462 IhoQshNdwdQB5uRwtSmuno1pjf7myCbAWu6gSZQNYvfjDMaiJa5dg8TyzVHE
2020-08-16T07:27:19.634530544Z 463 mha0Y9Rj6GYuLONOdzsRCpXJy17HkWx8W3QqT3R5JCfU6fkFBJZ9Fwb2nHTQ
2020-08-16T07:27:19.716231818Z 464 uXZDvG8z1UQMuwgRlXR95JvxBOulp8E0JJcSYGLrEke8uoNCvxoFjgkVRIyW
2020-08-16T07:27:19.798533838Z 465 2Hvt9OKVNe1dQTjRX7rX5UZOYTjJWa2s8zv6cI1fOVzdfG8EK4OW0QJ6MCsF
2020-08-16T07:27:19.880080632Z 466 t0r29jb9DfGRBVbqU55JFF7BviDEmcKPCywU3ikGyZ18CGJxXRSEgyB8xFfO
2020-08-16T07:27:19.960626626Z 467 J3CN44H7xa4sYBtSyVCsuRFmwf1e1Uypts6EjSpUYUwIE1rq48WxZaL8cTyo
2020-08-16T07:27:20.042233882Z 468 4GfRS72B9zaW1hvLxSz5VKuX2wwhNEivsmvoKMwoaHsE7e4Eiso5YvPHMBZb
2020-08-16T07:27:20.123984812Z 469 Sj6aB6Hbxuv5CAsXICZJyIduxHYCpL4NVMoaKCNW6iSb61Rppe7lZYhcaJZr
2020-08-16T07:27:20.205308285Z 470 1rM5gQqAFYy1fnLlt746oHxInNg3sYrlT9BL2R2UGAwaKFkjTqmVfx9DmytZ
2020-08-16T07:27:20.287090358Z 471 487bH5H58Q6DvJ3K5TyCTqThYdB8UjDhl5kYGay07TRpYZNfLkPzGI8xw4WK
2020-08-16T07:27:20.367767156Z 472 gKjoGfBMVpq58zuQGPGT8Ftc7KpP5uMUg6OleZhHerDLLq06PwTtFCPfHneA
2020-08-16T07:27:20.449352499Z 473 gXv8aVJL9XKtmP6d49vvgwwcHYz36PHtORpWBlCoqjbYDgPZMItaVI93wCpp
2020-08-16T07:27:20.531053600Z 474 sH7BH73kKSZS2qsLEZmVEPk7OmAYvf6cCG5g72vpW9Dka07H3AAujrP30fZz
2020-08-16T07:27:20.611662973Z 475 GCYqpU6YIU33YtIa1FWT9xOFI0cHJvffxXf0tk90vfdWim8x8j37ZY7T9WYT
2020-08-16T07:27:20.692884505Z 476 4JYd3fkxfSczDoWL9zj5B56O9AeFVUuBhmR36LV4XIyB4lVfU7y4fWyclL21
2020-08-16T07:27:20.773453318Z 477 gxSdgc5L3NrLd3dyBYjSm4WMpA1mE2cqMIB2YMjK4iMc94VrwAPl9O1lZqnz
2020-08-16T07:27:20.854983652Z 478 CiBxFDaPEqjr3367LHCiFWJq6O8QqCXrM0MU3ZdZRgckJ4xhpu0sw3yL2FK5
2020-08-16T07:27:20.935567450Z 479 U9QIsl4pFbmXPaL8UROeItWESQB84cf2lrA7EbYPxbMkH6txJHK6s2LYUeL7
2020-08-16T07:27:21.016687457Z 480 GLJCe54td1cvTAgTOgD0fpNbBXAfXJfep3BAmO2tjZlRxa22klukHGjPeNFL
2020-08-16T07:27:21.097855029Z 481 F6uM2WWpMP97as5JTf34xjug5IjPuzE3ArJwzcaYBznEofcBC909pSOiu5T9
2020-08-16T07:27:21.178635230Z 482 Om2BhBlfg1ULmfmClliORuKxiQ4zLpJ32x9dmLg7UaYSOkJNO4akKwUIMMQ0
2020-08-16T07:27:21.260029096Z 483 OnM0GrJAgEeymvvAddqolSBTcSmb6YCYsDmcVyXQyTu5ayDv9woFKy2jiWGY
2020-08-16T07:27:21.341125704Z 484 rRGXPS6HXdIEFRfWtDjdQ9qA8rLvdzZIL9dPKm1d4NOpr2wdeC59gyHKFWMO
2020-08-16T07:27:21.421992065Z 485 MLFX58Lm5ufab4HaKBlBHLx2ZKDBQiYPOrkOxJAIoDt0uincGHclNB3tRvLi
2020-08-16T07:27:21.502754941Z 486 hpjQTO0QjbfJv7jpnAPFNppN2U1dpmputYlEbNaoudtNCCOwjgS97Qn11o5o
2020-08-16T07:27:21.584042870Z 487 ledDyABX2vtUeTOJLljqrwThyIhZTnPzfu2Npjo7F24hg2TrsgLTO8yAnUIu
2020-08-16T07:27:21.664694370Z 488 uwVD1Q0uZOHqwuweTYFeIxqdrduh6kIZtvoGgfX0tMP5UAPXLuQxV6W151gK
2020-08-16T07:27:21.745923505Z 489 QThlf0P32g1pvQTXCoN1P3ldUUAQXqV7XacJoAyRzErRPQ9SFHJFgxfhtdb6
2020-08-16T07:27:21.828231412Z 490 SAka0UUk7EeCqxzWKtMi0Zw6ZC04vWBCtcoICGhYmEX2Jnvz70wnmgZ9L1p4
2020-08-16T07:27:21.909567019Z 491 4gBUh0W6jGiMuYvg7Ii52shn0rn3UOI0gNB9OyC9FkYd8TrEbD2Z0qPQmfH6
2020-08-16T07:27:21.990668312Z 492 M2mKExzCcwaOXjRvibty3EQWPveoXcAPJpVeoC4dbOxz1DIIIfIRko6qUn0N
2020-08-16T07:27:22.071735395Z 493 eZE8MSxod4ypWlE1MhaOYFZdVX7cqIbS69jZ9HSq5QIo2MZzXgPW1zMo8uze
2020-08-16T07:27:22.153265465Z 494 9vVVvEQ0NUleyC3kcXOKSYOWVAsh1k1rSqOQT531kBJ8spMosKI1VDgN2aV4
2020-08-16T07:27:22.234398178Z 495 ntySSEN9oMmvf2LgtaFJTcmU7htLXvTynz1f7yjoxmT44swl88iuCDEG4DcT
2020-08-16T07:27:22.316344494Z 496 PkpY7okKjXEfbuSUnMP8Nfxul9jxqfbdxMEArKK9kO7LLqdUT26Hsx8dmtmt
2020-08-16T07:27:22.397818178Z 497 4xtV4YWllAOyP7uehRtzAzCciQ0xxlpDrF49Dn3x258mKs5Hx9cC641xgZI5
2020-08-16T07:27:22.478881487Z 498 6K3be11fm9kqhYrLqKOV2f30Nd8LjIp1K7uBwnM0zwVPcEfbRRHWjVQrWELQ
2020-08-16T07:27:22.560171800Z 499 fWSJXxka4MZ9zpkB0t59FPBDU0ABPFELmMzjxQaoimqt39kVZmqrDbUohiWs
2020-08-16T07:27:22.642306739Z 500 JvVilZjaNUjmE9VqS3QyBm4nhUJhJBZ4nOhIQLVpiJTPN6uS0cI19gv8szor
2020-08-16T07:27:22.723723797Z 501 zUgfVw6sHH1RuYrypQaRuNmBKMIynnbP6Jkp0ihxHYnRewGKZlqLvS4QrgEi
2020-08-16T07:27:22.805082529Z 502 bPu9AwBgaGKadjaf5KddkvwDy5ZbwYw871rJd3SymoIu2eaxMyTkJFfZt0XD
2020-08-16T07:27:22.885867994Z 503 4wl16Us2fYukFNtnofOFL0mC6TRdTjAzBGwKAyLlw8ZII2MkLxu5urzaR1e3
2020-08-16T07:27:22.966925104Z 504 eFZ7oivZ6eiv7o0IrNsCY1gkgR2M7QmsU5bQ1JJxSXhhXfvu5nv42HxyuX6s
2020-08-16T07:27:23.047976108Z 505 JfQphzjuWGuCdKbyhv2K8UFJmGdwFrq221ymTgbrpfVHIpRESHWevmNo2Pbz
2020-08-16T07:27:23.129001443Z 506 HzhidDLGs2FA74KdmEoBHRgt133ZHlhWtL2ypLBcFAOHWlm3G8EslgnFqPRq
2020-08-16T07:27:23.209617395Z 507 aC2LutgSWN9oiSayLmf2gcz0T3KXCtSLNHYoVa4KkGuMrzBjReFNKVDhxDF2
2020-08-16T07:27:23.290722569Z 508 ieUQ5HSQ2NNfaBv2mdjaQFL2KAIvBciv1Q9ejX9zJxkWU6tY5Eo7Lii7o0Vz
2020-08-16T07:27:23.372464614Z 509 tYSGNP92E0n5a5y2xQ0ApYNC4iiRgoMGmZOeZXI656nUBN3MexGtzJfiDhGb
2020-08-16T07:27:23.454373244Z 510 DuU43fe5w7wGAxYlRHLMxslyf3rWhtH67TxIF8pYwPt8hOxvcyZREVyVbs3t
2020-08-16T07:27:23.536160219Z 511 jvIzIN3pEF1aSKKobiZ89H5YAphfLm9XyK95OUs4mZOBDiAhDXrCtmiRZQrL
2020-08-16T07:27:23.617700964Z 512 7Q2Jq0jMwViIFEEoDiHxOzcCmJ2KvsuRNFQ3ZAbeXTElKafxiBQ6qy8YUjla
2020-08-16T07:27:23.698944656Z 513 9FEkOU0DQ2ucWdlOAioo1lNgIRyEc5tEg34KMhBQ8ccHFaYOPK0nuix4Y8Hy
2020-08-16T07:27:23.779985367Z 514 2jCRTE2g98enIg4tNbf916OFUASMdhoBxnjzcXWhyMSo2aVQ2mS6tyNJLQc0
2020-08-16T07:27:23.861294502Z 515 3radPqexC7e8Os1d8sCmOr9vzpyWKIPZpPhKioRH2J2sXxTV8lF7lcqm2WlL
2020-08-16T07:27:23.943545415Z 516 axbVFWbsWUpjN8MW4xrbISjiIChZN6WE9CyofLFZ5HJk2ppVQYSOkpVJvhju
2020-08-16T07:27:24.024961128Z 517 hFFNnWx3tmWdBdlDesZggUbwFySvRENinWUMY8u2FpKo0zJDSgYBHRtJIUF1
2020-08-16T07:27:24.106173806Z 518 joQ1AidXUDgr5swHPp6RVrTEbxysy12cKRY4kWsdfBqY07qsuRWn7ZoBy8EL
2020-08-16T07:27:24.187048758Z 519 t9mw0e19B2g51LasRvo2gSCvItTAAStCwN5zuztT9ACc9FE72B5DivC16xgK
2020-08-16T07:27:24.268162465Z 520 eGgqU95O1saV9pETSJjw3TeYnuVPhw4cLopNxI8QnVrGSgpbdi07PpUGxOHi
2020-08-16T07:27:24.350520399Z 521 90Zfww7ETdmdkd2Sq5tJdqyMPmaiyMYmbXffO4hlWd2vZdMnNbCKXAfezmPz
2020-08-16T07:27:24.432496690Z 522 ZvrJD0tVwWh6QK7iDMrvGV0yPRe6WZUWGVXOYkiV2Zzpp2fTjASd827LkrhJ
2020-08-16T07:27:24.514000808Z 523 pm1uDmNpgC7QoSqJbYLt9rdiGiJI3TjPiM7RaPLXTEsjPOZbJJSfjeuE1cf4
2020-08-16T07:27:24.594592791Z 524 sdsLaz3d2hShkZPSxcLqDSy5b9228V7K5hAK6Tbs8ZEDimyTZRwq8XZsQ5ah
2020-08-16T07:27:24.675569232Z 525 BPTESuGvNV1WuYjnXLiQRwO6gqbE9fAdC8a3KvCMXkcME5yDwhxCMpunylnW
2020-08-16T07:27:24.757270405Z 526 LbEo5iQLmslLJ7dYvm3IvsF3p7IsFd0PSb3FroKSQQzCiHJb7jbKYmlsOvHz
2020-08-16T07:27:24.839103612Z 527 6fUNLnAojKcla7cp9woqN8bMF3QPvW9MpVk0Et5VehGIoHyDwQej9oJhxqAx
2020-08-16T07:27:24.921421413Z 528 9ZYsTVqy62tA9Ye4em1X67E0JtDak69kAaGa2cV4oY1Wmy2fd9zUXzwpgFoj
2020-08-16T07:27:25.002816025Z 529 Ct8AM7atg8JsoNSB0DZICmr40lX4RG7pIl0CSIEMqUM4idZp1BD9l7dwdMbW
2020-08-16T07:27:25.084287400Z 530 RvCzONnhA2u5agYusBs2qQNxkB3VOSkt3wnFrXe9O3oaqvyK58TYpn0VPWTT
2020-08-16T07:27:25.166064326Z 531 hNvVkYcy24DjkJvNqT8uWkeFQWZqpa6wyjNjeI1byZgVD4bzqapvWOlAw3Um
2020-08-16T07:27:25.246749527Z 532 JvACq0lsbFEZqKHv6QxmFm9eOJZoxIVVvZx3rpq7DzuN2FOTPT1FQSaSw2yB
2020-08-16T07:27:25.328084821Z 533 75fBhqIlwa7zt4UDIZI7nilXankq7FRBtsQqFwHhGHV0n0Vf76e47TWvD9s3
2020-08-16T07:27:25.408724643Z 534 cx7OdgDrcHcYCN6Vvvt7BtiiWhBoULZd3Ux9pQEqiSepH8KprHruAdOlURkG
2020-08-16T07:27:25.490119916Z 535 H2mEFYoxJ54FLJGob0JyMq2jVsIlojkakTpG5Gjoitm4gDEgAPMeFydXGwlj
2020-08-16T07:27:25.571138600Z 536 wSPrjtn1TLdmfFdsOec4PKTbDQmJRibAoVYTgUAwaL3mzRsx7zlIvB5vG74z
2020-08-16T07:27:25.652208300Z 537 SKi5d0AIwr5XpX04uvwqQFGj0tNBXC4TXGxcczhCB2GGgJuYbKkOez3VK5pq
2020-08-16T07:27:25.734014938Z 538 JahwLXwm5Q3vKwx1coQqd6aQm10RTjmjyDNsnzCuVYV8f8EVuUgbQlmsVdKE
2020-08-16T07:27:25.815394340Z 539 umRsV6siKZzKUjKi9WY2Hw5KBMFKUXqa4t5tIB2dL4GaUCjjnkm0uYJ4PTFx
2020-08-16T07:27:25.897464675Z 540 MLjSkuRb6YyUhDvsDBRaGtUUG0dmbSfIRckg2wLrAbWKxW2ScsyT49Qd7yiA
2020-08-16T07:27:25.979266337Z 541 RzJMeZl9i0jI6Phlba4rivxRIeU5TquZE9pWPHKhElPlE3sWrWibVPeWnxSZ
2020-08-16T07:27:26.060774656Z 542 jK5DpZt1NQWauqTXaxPL6tDoiKbQjGkTaTtAS2H67F9UrAJClzP5TIpXr76J
2020-08-16T07:27:26.142136578Z 543 GDPtw4auXWK12YFR5gL3X7yi1wacVoSAdrEjZc7bk8yRxXvlIUd8LXs8PvMT
2020-08-16T07:27:26.223598634Z 544 PTJNNR7jnzOIuVqx9fkP5Mo443D9QHeZQijnbY1USTw4Y4cOonOzpwphhTUG
2020-08-16T07:27:26.304480351Z 545 8kyDb90oEPfV4QiESdWcV5CWmPG2RZuyNXelDZtBxLeryQiB41BcC9bCkO8A
2020-08-16T07:27:26.385928010Z 546 L0YlvzywA1SjMvzqpzaTVfJDZgKpFx3q53bqTK6TjFoo0euMUNDulE1sD0Vk
2020-08-16T07:27:26.466396826Z 547 Bhm9rtJzuPLocOfjnx9z6dYzqPrjv4s004OMZGrXDQC85kIQGnsUqkcKB6hD
2020-08-16T07:27:26.548224316Z 548 UrFllhKBCHTmzV3Th9wWz3cdkTYn2VZkwtp7MkTeEiytz3gXkOOmiLFwHAil
2020-08-16T07:27:26.630085179Z 549 fIwF19UHq2av514X73oxtnq4teGHTrCD9tRxFpMaOgPWoO73ZPz6Rzgg1rlZ
2020-08-16T07:27:26.711243972Z 550 oSUSthWRKSUAUkjYMbZcBtAiEeyJCqBiKd2Q37Q9KKdCvAbl5QoiZXN8ab7w
2020-08-16T07:27:26.792490964Z 551 d9AhaMEFZOEXLste7NpWZ6KqUFomaNDeLKOLyfvfaqwLsrXyMRINEnaQA7mB
2020-08-16T07:27:26.873564781Z 552 HH5cQJYbDBninJOsNabJ1G8o1fDChQ6bkTid0mjngb9zY7yEp1aOCrsiJ6nu
2020-08-16T07:27:26.954888857Z 553 w4AcaRgBTLeAEn54KeLH1x1BG5esmFHr6ZRkKO6UvwwZ2xaYxhsjmEMDGtxz
2020-08-16T07:27:27.035736113Z 554 RXEAhKF71ieVxBss3dIQZ817SvlsfKJhjk0h5gTdQgYuwE13wcpyvDXGNCY2
2020-08-16T07:27:27.116717896Z 555 d2drSQcqmeMZW3E8BOSEuM2SCgdmK5tjPij8pD6WCxKjzCsIqAx3ZSKjkuhh
2020-08-16T07:27:27.197814444Z 556 CZUKotmx6Z9BvPFC4GSnit0InWdrEFsLI9KcRs74yzRykwHSI9u8ZhOVQvSx
2020-08-16T07:27:27.279276612Z 557 SCuRPLnbOd4M5BpZjgQm2vaFF0CpksSHZW0A7DTdnkCF2svwYIB3ekEisYzB
2020-08-16T07:27:27.360459515Z 558 HrbPlNLrhPExLPSnA8YMJEIzlMfchxPcidhZyj79vXujSGtQSxt2kUR16Xeg
2020-08-16T07:27:27.442341636Z 559 8xF2nE6EjdaMkOcoT6RRKBLM2Dn1bibnpijMkekHIabBmxZZVqMjRqBEAzjV
2020-08-16T07:27:27.524448022Z 560 OMm6ob9gOHnMlP7tE3KBDuUb4JPJHCSHYB8reLTEtLyRpRE0BeLtzbNs5gIt
2020-08-16T07:27:27.605899628Z 561 wyzblYeu9CyBw4AtPa2ZxNWdrET7ta3NDE0tHGaIihFHmwtPVnwHLxFCQ82k
2020-08-16T07:27:27.687355586Z 562 Da0PXJqQFZvYijf4PITOC3jTiFfGPYbAe19PYGTUuIhgjfWrLd3iHjWEdY3p
2020-08-16T07:27:27.768782843Z 563 mCZQHGfIj28VpeJBzU2l2oBEmqqKmt0c7ZrK6gbc0oeMo2L53uVb6Pyw6MdF
2020-08-16T07:27:27.850062145Z 564 xo6Aec42jAZukyGo7Jt9ZRCe1pr7sbWRrbsOLry5c7Xc9ksWjLI8BIm9ZqkL
2020-08-16T07:27:27.930920426Z 565 YMbODWz68AxlofJl1ifGo0FaVlgXVnMTnLMuijKEdPlAIktNd48fX94jl8Ir
2020-08-16T07:27:28.011651127Z 566 iZ48xSNeVzVhvWRT9WgSaEP0TuKj7B5jYxLvK8MFK6fMB8f13RDrE3tB3psC
2020-08-16T07:27:28.093048104Z 567 Q79JrBCPZsr4FZGexUJb9Yy1Ml1rVcD8vUul9VjT4OFNGDCNqkau48rwl56y
2020-08-16T07:27:28.174430977Z 568 3lferZSGh0zK6u2wUaz5790szEtUyoYCMtrhPRFL9fkTtBd1sGOHzPd0F46L
2020-08-16T07:27:28.256469180Z 569 9lMO6SO5kBI72WLrzDeyCMJRAbiKihtkAmRUfWEAuA0R5yyvshXLp8XceFRl
2020-08-16T07:27:28.338044477Z 570 DmEjia6Um7l0hlZqjE0C6dy2lmLPodN5EpabrNSSs5jfBcMR9gpDnTzf934T
2020-08-16T07:27:28.419786893Z 571 2gNTDkyeI59oVzrBa3s0buFWvEzUqqKW0DJSn397shMBQGs5XVfyNufwZ2mB
2020-08-16T07:27:28.500407968Z 572 bk1YMhFiWvbk6L6kVJVSMdUV7UEmxFJqwsqz9gH2Va6F1VyVnOUBcGFeTg8P
2020-08-16T07:27:28.581546942Z 573 x3Q0KY22CAVFC9kNLepq6YOGucMkY9vpjDDW4nBJDIycbtbms087QmPeuOhm
2020-08-16T07:27:28.663434920Z 574 Dzj4YY9dzIrWx7417nZfNOtqZ6dSN7WrrgYaQV9jKIzA3gAwHVylmCixfp9C
2020-08-16T07:27:28.744423563Z 575 D5RY2hcV7ecDMyagPyxC36lmUh9l5K44fPnHpk6TZPAw8GuF4L1r8zKLxKLg
2020-08-16T07:27:28.826112763Z 576 qM9Oyl7PVKZJRTvfo3lEWGYKaHZCQLTe3WmQVs10KlRdmZJ4UGyz8ehjn3aj
2020-08-16T07:27:28.907880194Z 577 QrI6SU7KbnPhHePN8Wn4E30saqY2u7pXvgCib3BTtKXEMDmYHvt6Pi28wm2D
2020-08-16T07:27:28.988535233Z 578 QYkBrothX4j9Au7JARAYV39elU52RwaRlCYSl6c5WfSVbJIrztFJiJ0C4Pwz
2020-08-16T07:27:29.070277349Z 579 0dembgA8Ii18hq8PEdH0k3iyJJpR6ubKPm9RnhdJXcRpNMHMrwcR0jo02FzG
2020-08-16T07:27:29.151672502Z 580 qVRP43Rtd2P1XdFFlAELwO0ylav2E3ZUJO3QL63Ql2pbiL5QC5k7q1a7Kc1S
2020-08-16T07:27:29.232874782Z 581 VKVLWI75PdAr3fNEJfVyahkG9bZBrOzjCtXmGU43KoIGKwTxbeXFEU5HRfEv
2020-08-16T07:27:29.314324442Z 582 U4IVN3mm4JBqLsC5Cw5dwZ7ANz15RG2iwDEfLin3mGRvWebUYXgM84b1AXow
2020-08-16T07:27:29.396107802Z 583 vaPVfdLGoOnI2O14YC6OL2KMkrAijoAlGNv5FMbmXdiwXbjkiSXOZVKNDwJT
2020-08-16T07:27:29.478425804Z 584 GpebzTlh6kH8Kr5VdXPeshGm37mdcxi29iQriKjh6zJDhtEdA8gLuMb5zsTj
2020-08-16T07:27:29.559994191Z 585 runIPiGSwtg9IEO2wc7eD4470iM0oGADuldHY7v6E2xnK069mx6UYrRLrD7h
2020-08-16T07:27:29.641016937Z 586 BE1J0NlDqOOrqsPC7fGlI1tckDaEdFDZIw9ldALN5bz5d3vJACa0Lwbg8Sk7
2020-08-16T07:27:29.721701129Z 587 C5IVfdyaD5DU0fBiQvsW8yEWar4T8WWSrqxJ0V9986aZ3iByajwPFo5tPmkt
2020-08-16T07:27:29.802704175Z 588 ZS5kD5ZdfcbBWVdJGV1T4Q0B3IeU9W0HUNysuFf59CCqMSIZgLvr1qS2sCwk
2020-08-16T07:27:29.884274054Z 589 WTlZzYJTOhxftVFf5XTDYsAc0m4na4xEDjnTUnt4SszuJ1AFhbz49sh59qLm
2020-08-16T07:27:29.966461965Z 590 U7H6Yzcfa09ei0trBCXcsL53OkmQvKmFewLMrEgTiNMaXPcj1mrU6d51bsQS
2020-08-16T07:27:30.047805715Z 591 awFeySjkKpS4tg4AjXFYc9KmI8D3qWd0831BYmSjsXC5sUTjkH3Zhc2uh489
2020-08-16T07:27:30.128800163Z 592 1Cw5oMoRjHRWgN1GZI6BtWBseo2jvZ6KFFpcqw414yBz71Q3svTLk4d8SdWp
2020-08-16T07:27:30.209744466Z 593 MpkkkJ82vIL1PRYNRwjC5ieGTvT4suf0e4TJRIgV5JEaKbdb1TwYdd4Kmmjr
2020-08-16T07:27:30.291313845Z 594 djISBOTdGLK9nfbSOZGcbdBz6xihtUKgqcRia6bXv9xxnooMSoiAX0J1bUy6
2020-08-16T07:27:30.373273828Z 595 f6BBrZpRzXXEDDoZBhL2fUucieJ44jKQauB66TwLh8yfsy9zTcW0LGVI1sCb
2020-08-16T07:27:30.455597919Z 596 0M3wnyuM6xfBWYPQkJ0RE40jKvB1ZeCe2Tz8xgFelXEKnTdPXZvdZioPxTZG
2020-08-16T07:27:30.536448036Z 597 qzpEUVQk3ofMVPNiFTomOFaBoQmTZpT2Jh6Up6HZ30bcYAblEbdDQMGspnuI
2020-08-16T07:27:30.618242545Z 598 PBzsnU8mjsdGqTABZLxTIaqc5gdf2ROoNVM6LiOcCEcXIt8QJadYKlklZ1pE
2020-08-16T07:27:30.700286428Z 599 ldWyBtYxVMvRAvrham1AxAjcs0JZC0x8hnEdPx7U2NoTrdesf9EHa5K6OgFN
2020-08-16T07:27:30.781606139Z 600 nK6zYQ9khn9aS1FlCSzvPKEwDiGcilg1LwzC6AhjgWh0R4MtnpBwB9590m2p
2020-08-16T07:27:30.862494818Z 601 yOppvKgTlKJ3q6JgAngGQI9bHSfaUJS1XwnPy9VsFcnoUenUwZHFVS4XKOl2
2020-08-16T07:27:30.943409016Z 602 pVAWyfFNJbngi3dlbxsjgGIXDB3969RQbR9HFgUWnTfYK9bGtvpZ7BcLFJLK
2020-08-16T07:27:31.024512800Z 603 5P6gpteXhaawToGbqbxk4KFChVUVaGDwIt7qjU9eEuqKGswbOmDMc2PuDs3m
2020-08-16T07:27:31.105451920Z 604 Oiuco7dmRT0f1U0EHtLlkgD40LdwOZv7wEppXQAdrh6RwVUQgoptdzpNrvzN
2020-08-16T07:27:31.187602362Z 605 XnaxfGfrIXomugm9p1vw14kfFyyx9c016NePUDEIT1caAV0Kj2Y5B6Ob04QU
2020-08-16T07:27:31.268362179Z 606 FBFK6yIHhq5K57MVrBLM41aDMOcC1RNg8ReQKWTD3VmMkUAS2SeEkGF2JT9f
2020-08-16T07:27:31.349302511Z 607 7lOBCHcwMUMY0BTSlYUZjPBk3F7jz7mWJ9uJrQfGW6nzcuprj0htQrztfgIb
2020-08-16T07:27:31.430821779Z 608 cAnN9liyHHMLTQkkA9FoDvrzPRzqW4l2Znkakjszt85gIhBg4c2dBAgSkAzN
2020-08-16T07:27:31.511720606Z 609 wJuqzBHtwQcTBaejFHdBppVw1h8t5ZBQTH4w2afdapZDHHzD07E9nKdpT1ba
2020-08-16T07:27:31.593637279Z 610 V8xBN63Hw61rhovRYjkrv6RCXhYpVAJRAgdUHIiT90GiqAzaMGs2Ge7nPUHn
2020-08-16T07:27:31.673639680Z 611 CqU800JSfvlJe87ZKPAlDGWBDCnHE2QDWIQvuvynveqbhe0pDr0FOY5Tb54e
2020-08-16T07:27:31.755175750Z 612 n41hrRdin823yGAwoIaoZbuNqHAE7odliD4NVg9RBrWygZCuYyJ7pSTpxGSd
2020-08-16T07:27:31.836617563Z 613 PuqNvGLDN80nyEN5mhaoQkCPSvrZKlI9cOddXi5Tci0mo1PZzt0ZTXIMzsSh
2020-08-16T07:27:31.917499664Z 614 MQqdAtr78x8ixZyF9vUD4g5zUxaXh0b98YXwDx1IU77IdC3QqowcT0pJvC6R
2020-08-16T07:27:31.998962515Z 615 LMknYYDx3ZG5EfT6Dyhg2lUf7pT9uMhQLMIGChyXeKBmOMxXOUy8Jf0SVsi1
2020-08-16T07:27:32.080876629Z 616 UVO1niNDjRu0Y73QQrvrGahRJTgMI2Hyn3xzvKBXNps8BR8klHFRRyj9ZRbm
2020-08-16T07:27:32.161463113Z 617 20g40yFHcYf6nVuKgHkQF1eIa2GV6zRaX064EL28mSwrfX1ObTtWXHu9gub2
2020-08-16T07:27:32.243297020Z 618 2jquXbMfdK3g5lkqMZvlKaFcfsbWFQIXEP4Fh9RDnctcv0diDCLW4p4oMihM
2020-08-16T07:27:32.325090849Z 619 K4tV7jiCZNsZ0vdHE0D7yUK32GzTZOMaYqQB6i3uEQiYlPcqSHiw94wJ8z3J
2020-08-16T07:27:32.406437576Z 620 wC6vJQeQu4oiAm2DIDu0VYW1MzDWQXWzN8zrysBBDuCh1w2FjNCW5M0giWNW
2020-08-16T07:27:32.488056373Z 621 keTpFlWoScttrcwmeT0I1xuAKtdEE7tkC8fGJwSMvhkviEVFoIc6iPrFgBSC
2020-08-16T07:27:32.570122604Z 622 5xVfxhrKFL8CcspyzZnveOCoo7yKpIeGxfO4JcDq3l56OuVSSBk2auYnRF51
2020-08-16T07:27:32.651711518Z 623 aYrmzyst4YefU786Uwljpl9GxQ5eYHzHSdUcsNcqJAVdDrwr3l1Hmu0pB6BK
2020-08-16T07:27:32.732614108Z 624 OdoHA9l1nyGWRGE0hDyEGCR8kmqCqs9vVrNo6E6w09VJabM7WB8CiAIuwUQs
2020-08-16T07:27:32.813845132Z 625 HtZI3hCiAo9wbFmfJfS0pStvZbEkbJjMkjNaw13p94PRhXrsTHGHxSsxd9FK
2020-08-16T07:27:32.894815665Z 626 1wCk7msgfQo9nVG6Cg3ppIp8dw4wcuHXdRC1nyrco3gFdYjVuB7oo0utiLyg
2020-08-16T07:27:32.975847563Z 627 jZnexTfo4Nw8jf2HozHN5D5wVB8CBzplLV6yzp4AfRSC0zyl0LsOt9gQW0KF
2020-08-16T07:27:33.056791278Z 628 mNrCiDb1fgJ8p2E2pATeoe2Qc4Vva9iRlMUGDxSMe0BK3Y3CdB5w96WZFOHo
2020-08-16T07:27:33.138232839Z 629 B3bCuQPg2OvyERrBNC568VtfV9Rvz2IvlCrkqHgJRYEAHN6Osx2TlwkuiWiS
2020-08-16T07:27:33.219747788Z 630 yy5N3YFo5VPS4S9l890BPhIOffPhLHsdefifX4wYUFSaa8JcvXNXs9BJy8cS
2020-08-16T07:27:33.300551927Z 631 m8wjZTvXLR91uJJx5JCBP3Jf8xxw1ijqnpuGRhQOPtxrt5gOJPMkChFJ3aSW
2020-08-16T07:27:33.382079989Z 632 sYJh96lB4VVXFkowrN3RRl175ydEOf1i9Lvt32ZQXNtzWRCyPHSnq1YbLciS
2020-08-16T07:27:33.463605071Z 633 pO45YlBJNriatdnUTM9YWqmnBOAJ1yrtPSqpR2Azx4lj3d7YG5yKkA5yQqfX
2020-08-16T07:27:33.544999175Z 634 jXvddgEkkomrUEkwbfBNnqjPgWMMHzEwXLxaiaY1GMPm5ntxT3nZm7K3RPXi
2020-08-16T07:27:33.625194761Z 635 3EtN2pZ4VUzr1Dcdgol15VlNUMblZa5e18SpIlfaJfZIsnJ031rv77FHJzNO
2020-08-16T07:27:33.706449663Z 636 gOknV4vJr5HVtC3030Nu6Pr9t1FcLk05WyfcscIRtGdHDNpTmRtHRquK3w01
2020-08-16T07:27:33.787663544Z 637 WM3HXB9c0mlPS7rkb27z0qdnp5g8KO529B8GksiaUKaVuIuqcEkKlapvIQ8d
2020-08-16T07:27:33.868482818Z 638 FQZNyCWOPFLIFvCHkldsIEl0hdXETZoDPEr4jkdwS3AAaJIyf5EhN4ufe9e8
2020-08-16T07:27:33.950235856Z 639 5q7Tx44R1bJGbhWeDbVQcKm8yYljeeqdZArCucC0JTOjy3aVwu3ABBKYwa7S
2020-08-16T07:27:34.031574139Z 640 nM9o9zzeNpWmcz8oh8rp7VW9E10JUxhdEUvANIOAgkZU1mM75WUuTqdTOw0x
2020-08-16T07:27:34.112923360Z 641 ecL2FEi1RkPAZGOjOUqKgAVdm4tIRh0xZkgvSrONFJg8wMoHppsDU5HR97sb
2020-08-16T07:27:34.193580875Z 642 mlj5GsNm3MAiuJSfqKqtM9ZHglTg2b7maoeZEoZsEyOUeVElkqyZntcy0gVx
2020-08-16T07:27:34.274834415Z 643 FeWCIzWbIQT5A4QNeS5zlI56q5ulk3wqur5WFwRXrSZ3xCFnvBTIxfMpZHUD
2020-08-16T07:27:34.356144563Z 644 cdUZBpVfDZ04OvdhLGgRfNvp3plSDOFVba1THJy3tivpQxh15Uf2FRNi7QJU
2020-08-16T07:27:34.438000515Z 645 b35o4MlebGeIxsWVDDYRfP958H6sdGgNODMa4YD4TU1ODHne07itBFErXjU7
2020-08-16T07:27:34.519062807Z 646 3Wh3Nf11j75kEX8RFbYHbAq1ehuvz90giYUIqHkRPyeaaVsUJ2Q6PQuSLKzk
2020-08-16T07:27:34.599881368Z 647 djDxNB9dgAlT75Tz2SNiSF2V69XGdiotvku5nROQjG5i0Mlek7nWFk5vPX5U
2020-08-16T07:27:34.680650007Z 648 HgT8kdniYzSNHfaM3uOIE9NBgVs2p9jhL663M62pucFdGoY2TNyDZ25wk0e7
2020-08-16T07:27:34.762163277Z 649 z6JcY0MSegtiIyEWRKMJILyy36fVfJvqtXzPpgotGlbl7bOtUm6AT2ChUGUM
2020-08-16T07:27:34.843791594Z 650 wBWtnpXnPQKKOpfwvD2pqa85o3PgCVk4v5EFBfJxHi7wBLeFZdtfjOV8sQGB
2020-08-16T07:27:34.924770937Z 651 srMVy5xOgFOydjknsis2acJodRjOZ4gMC961uezOwU9aVXWfA5UNQqpJW8qR
2020-08-16T07:27:35.006493883Z 652 ag8ikfGCr16CkUtkH2SyuUkU8F2zQUP96tpGwkPxgrn68bdmOFUrMeZNKI6m
2020-08-16T07:27:35.087826359Z 653 IszHDC0MT6cyEksqnXRGsFhBMHkqzEguAEgFs44ovnk33VsseEoYRCjlxhm3
2020-08-16T07:27:35.168655314Z 654 dEhWFsd1jUMBpyAXdHGZpoc5i3drtoHLzNtmauOMWSPkn1lWWMNK2NUwDt4Y
2020-08-16T07:27:35.249509471Z 655 4biPhkuFkV5M1BLCLx2e9E2wXhh2bIUwEsffwrFMvz1x6smaig9zCCgHzPQg
2020-08-16T07:27:35.331313242Z 656 7BqXkSZaccAZopYDLE0bV2EZwKqSW6EOPn3PDAk7SLIrOTMCfbMAEB4uJ5t0
2020-08-16T07:27:35.413069745Z 657 3UnvPOYPAhCP1x75IoQuzU8hTprzNsHno6gQHUWffaGkunPv5DUwiFwjA4Cg
2020-08-16T07:27:35.494055592Z 658 t4CtjR9JS2F6fYvfN2g9T9H4EsvTypmPbl5IiiMqe1owJ6Hj8TthoqUFAKoO
2020-08-16T07:27:35.574617603Z 659 X83PkAZd9fvr3tmJvap6vIMDqppq5LEOcI5ouQwREtTG8EnwxdXqWOhL63Dv
2020-08-16T07:27:35.655930883Z 660 0NuEYrL5aiLwzXsbQcr1k2TkePRUiFZDpYYy2Vl9BSdP7o9cJC33fn3kCGeY
2020-08-16T07:27:35.736208629Z 661 bAUTtLLv1FOKgcsdfGbNMkHprzBGNmOFeM08EdyERkEVmWbW4JfLDgH5lNw7
2020-08-16T07:27:35.817838664Z 662 1uGAzSkZMuMEcWGtjB0anpicnUD7H9BvjQj3yyO5C0Gv0V75iWWfiydM2Jhf
2020-08-16T07:27:35.899156061Z 663 3t2WLuwL8M9usny7yHgjX9QfCeJGY79Px02Ibe2VRZGNHdVBqOsoMU3iFx1C
2020-08-16T07:27:35.980202581Z 664 VeWie59NZqFYLSYLG4o830jb8gs97O3TL2CsAZO0HDZv555qt7kSaZ2bWrdN
2020-08-16T07:27:36.062437409Z 665 wzFJajNoZ01yn5Bp90tXfSZ0euy5EiW8losr60Jias4rhSYXSC0gYnQ0Uvq7
2020-08-16T07:27:36.143827610Z 666 l8YGkz8EotoUbT1vOMO91cDnj3r9FUT7HB4Zu0liIkODEcvF0HophMOf4ve2
2020-08-16T07:27:36.224886738Z 667 IrprCcMM9qwXyVz5AqGcPZNBftaoMTTh2JiCZgeIymSNtcEFLTmPSh8ufIZu
2020-08-16T07:27:36.305609334Z 668 nl0cpsCSdQ5SLSNauGo7lgyWopQc4FiPI4etsDGgMohuBFybpLJRjWYKjpwL
2020-08-16T07:27:36.387469367Z 669 0GB4p7ZxkaK8C7rJxYB25qh3XlhoDMgjP3uONoSBGSHBSf05j9s4jBzl1mXE
2020-08-16T07:27:36.468934018Z 670 SRxjllfLH8az1c4sQ1h3WhO4ogLsBjLHVtGAzVQ2PsG4jOovSJDupXo0Fmoa
2020-08-16T07:27:36.549456387Z 671 A3trC4wb9bPtbdITLnkM1tvocA7RnAxfeHpx1rzdpTQCeQeK768YrZ3KfGAm
2020-08-16T07:27:36.630833986Z 672 UT6Wx7SwJfbKFBDcPTZ8ipohnxfKbEY7B5GV4Qcq1sjZOWBBxi5W8vJwwEO7
2020-08-16T07:27:36.712320207Z 673 K62AQFmwsJR4TI4YjIJw3MYtScNu0mRnKkq0HbC9bsGz1OW1ERUaE8EB6m59
2020-08-16T07:27:36.793482594Z 674 axxG2ySxsh4ZmbyzYNKHipe8jpWuuA0CMWmLBrRya75hmq818czK0guGaYxt
2020-08-16T07:27:36.874637873Z 675 bsxDJ6Dz83o7NGSZAfzW7AM1z6vCpC7ZNVgVe67332CTa42PogfwZQ3yj042
2020-08-16T07:27:36.955935738Z 676 hpNwX5FXQK8rBJclOQSOL1rAubpGvYVGrbfc34XuQeFimDRho4xCjP6VZ65J
2020-08-16T07:27:37.037024561Z 677 tXYyKcpx2UiRM50JvytaEIZnn0FeshA1jT1Wah7Xv9ajN7h3GbQEYWCJxsqA
2020-08-16T07:27:37.118030956Z 678 S655CKluEW470mO18oZsXkQU6Ecao0vOaqsBaVERBXTCkGnXyrJH1Zdb7fib
2020-08-16T07:27:37.199131009Z 679 v5MjZXApCufNhOdY21mWfMpu8H6yR1uOJBYkwPyvZOdckxdk0s0zXG9iwT2N
2020-08-16T07:27:37.281252968Z 680 1EFk1d3dFrZiHmHE2Rc9jIR9ssoZdh3e6OeIe2az5HnDP9xMgdKITa4E7g7S
2020-08-16T07:27:37.362740340Z 681 hIRKnh6yzPZnNntNBj9Nrx2LRpyA2MEV15Vc9M5P88et56bUE6OgeIxEU2OY
2020-08-16T07:27:37.443651454Z 682 F53um7MAUUVmVook1EzhS4NQSb3kQsKUClNFDhX5o0QYeE04m6Y216NgEEsf
2020-08-16T07:27:37.524530014Z 683 vxfr0VNLFjJMQTioOlFYJLzwFclJd2wQuEY0dQLRslymPuvSoTlr54BR8bBD
2020-08-16T07:27:37.606073744Z 684 fYJ4HLDd8b3Nfn5S0haq0HjkiKeixdASiKXPW7VmXa0TbzMqqMVAkgtEWMsD
2020-08-16T07:27:37.687655541Z 685 TkZEcG2xwo6do2zUc9NvZQOH8vRzLbAl6j7UbIrj5nBTpE3ANRrQwApL8EoK
2020-08-16T07:27:37.769238606Z 686 WLVpoQpnYFe7UBE9gy9uxc1rT8oBNOsN0XU9Zav2eGR8SDV0j27w7Hdt9uU5
2020-08-16T07:27:37.851226446Z 687 BDnBqOWAzN6YXogvM272ZSgRVQbbV1IRS8Q5MvBhc8Hm67nrYT8P8zXUPcOk
2020-08-16T07:27:37.932944034Z 688 WAyB8uE9IhOaImildGuTAeZs2xHFVhygj2XadFB4uDSMslOtJ7BIO69pBvqs
2020-08-16T07:27:38.014259518Z 689 SsjHiamxFPc3RPaATFOMOVtc9tA5FKCJLbDI5FOF7oHOe4d6ep2DHpYBZyCq
2020-08-16T07:27:38.096468771Z 690 JsHgUKLX5SNZEGNbPxgtRdZtrJGIVKsaitdrehM6qUqmTLUOiLgCx4AhDWgP
2020-08-16T07:27:38.178250292Z 691 51LgkJiaaxA9nQchqkISekGB5vSAwzvQGRVUSkteUEWgTJxwSmmHAJFZtoxy
2020-08-16T07:27:38.259655314Z 692 GbsN5sZPOIX8BLHfjKyCltYu9w5p4uLFxowNoUlhv6aGF4Ku0vjWxh96DavI
2020-08-16T07:27:38.341293655Z 693 xrWpdNEbsDEAnNTq17hVO7ltcaB1YGJONtK1Nc4snVQLTzSW7sBZq7OQFVjF
2020-08-16T07:27:38.423322855Z 694 hXXBG4a0YYNUPXaHVZGuVfdo2lccsCPbG6P8XsEFE6sy45NWlRlCd6v5PRjT
2020-08-16T07:27:38.504642637Z 695 WRX8rMVct8fZiQVD2lxCH7RNvmBkMEy1MtL1pRQCVVeuf1MJknQOKX5gloFC
2020-08-16T07:27:38.586117881Z 696 6Ifj0UUmBwbzZfwqI19hxsbRlKE2hjjx54ozFhDdljc9aBJxjhQFOYLqI4Mz
2020-08-16T07:27:38.667741775Z 697 gzKQ4k2uZ2VEplD7mG0JwfUAg1CxGVeWiN1cid71WsHTSrlkDAqMu38S2ZQD
2020-08-16T07:27:38.749331304Z 698 iO73tSQQ2pHGHyLzNdPVg5aBrtGC9Fgcq5pacuWwDjZp5OgFRmfBq8p1iibC
2020-08-16T07:27:38.830926666Z 699 FMTA6ul7VpNsQQAK3Zu9eyFk8mcPgZkHl7jx1dMnB5JBMa0izmg2Ut7ZtH0X
2020-08-16T07:27:38.911989108Z 700 IzlUc8A7rQgpqfVs8Ws9kgEKHMkmt0BRRyjafLMZdKAwM41IiSJ5wOSzmWaW
2020-08-16T07:27:38.993082927Z 701 LyfLvRZw4yOfpvFayW9e0wbFJx6LknQbhHvS5V2fSbm4aUavaG1M55GxSsdw
2020-08-16T07:27:39.074509309Z 702 MtGYs3ZOYuuiDwiXtBAZeTKDv611VxdxmGIScgKSHW6uCc0zmhAdIJrGmapC
2020-08-16T07:27:39.155509792Z 703 MWICptCzwFE4tfX9DlbwnGVFTr8lxorapTpQa6NXzX71SyDVPZXOwY5Eb3tP
2020-08-16T07:27:39.237498068Z 704 mLcideLquZXz19dbAy5tmDM46ceOxfNyU3hZqNzTODE5rVk250RCShYt6rYy
2020-08-16T07:27:39.319565673Z 705 dYngmmXNtna5PYId4hOL4aMTjfircYhkgoU7o3DChpfVfO3qX1tIFG3uUzSS
2020-08-16T07:27:39.401380523Z 706 VLS9ZDLUWtd84Xc2YWQfsKnXusICuz9lOUJEECjyh2stCybUYe1tJUbwTGSz
2020-08-16T07:27:39.482946073Z 707 rscAqs6YOqWCt9kgzA9mDFYGnlHhnF7SVfbOCCcS6gJSkbTKLIUEUTU2DBZx
2020-08-16T07:27:39.563479930Z 708 DN3QBZVPGBmwpRkkI9kl9v3ZYfcJYDI3TncfJmWFHWIkNzWz7q6iSr4Xzmsw
2020-08-16T07:27:39.644748440Z 709 A8DbBJQvrvpSFekgC9C4Wt1KZq44t7WJopDkc7StbUJA1S6IDA9RItgyy7xI
2020-08-16T07:27:39.725301155Z 710 F9AakOzlO6u2SdujbAJcUiG7BpqXrpeLyEnSp6hB3pAKKY3Nc2tyjMZtLIFm
2020-08-16T07:27:39.807295632Z 711 h1HBArmlgLxZzq3d0E3JOKxSinGXFKgnm4aUxi5FlHkjaVWbwEpLZasTGQxS
2020-08-16T07:27:39.889459598Z 712 57nRwNjHqEaIiosykhFRsR8nDPV9hC9vAEScsuiurylYpIP9UG3u1iLVCsb2
2020-08-16T07:27:39.971021315Z 713 xPGIb5c5BDTC70tefFo4h7UQaS2Y26eytHY1PLceKK9VODcSIV3FcfiQbv0S
2020-08-16T07:27:40.052341435Z 714 xqdaFoCJ8Auo1NjS8fEaw5N1yOH7tvPZRzmrhl7aZ95qONRllOyjGWYmw6qw
2020-08-16T07:27:40.134052516Z 715 PYKRLKliCXO6nKzdXcM3OwcUXDPXlbYS0Tr5YslQK7F0MsOCKr4aT1HBul92
2020-08-16T07:27:40.216222972Z 716 rAesnnwlZzXvdpn32JERnMIYwjUvgiaT8BKV7BB9kmIt61ivx2yNoCXpLZhL
2020-08-16T07:27:40.298319488Z 717 J60jmalTcYg70W8dCDQUHtcQekd1Hctjd7lMeuGQT2hLpqg2jc8l0SRqOxh3
2020-08-16T07:27:40.379791123Z 718 8UcAvQhDL3rDK7DoWaTUdXPql7hJ21UiXt2qLfmrb9P5OhLphjCnODZwPLsR
2020-08-16T07:27:40.460831802Z 719 Vil6rcnGowYRpK0R4g8rH5nTq4FaOE5NShFpbRAnxLVSIVggwRt6uIo9rcZZ
2020-08-16T07:27:40.542311195Z 720 nhxTviQ5lHF7PxgT4vc5OZmGigovaOlncHGsv97ocfKVNz7zid8kKzU8rbNP
2020-08-16T07:27:40.624029295Z 721 AnyKlj1p63DTgD3ghviJRLneOjDi8RL74OopifhIs2SlpAPbgajy6Hvr4IIm
2020-08-16T07:27:40.704925169Z 722 VYKnYAKidyLy2BYYXSt2FphEsmlRfwr1YpjDMTETLgMSQ8gtenrHRKWG1mx1
2020-08-16T07:27:40.786303488Z 723 vHVM8UZMjDmnrA9C2q3WgnJMcryGrEYP6eBcRobdWJLvm4hL6r8na3us9Mkb
2020-08-16T07:27:40.867629241Z 724 4sTiByTQU0HqrkZYvoLykzIUKDzDNaLFoo66R8BOsYaLbjl3YFKJgc3seBIp
2020-08-16T07:27:40.949097981Z 725 ovC6fZjZxK3IEGizqRygoJ6tMyXbvrru9bk9pN9EMrONPzyVkiRy3P5uZv0q
2020-08-16T07:27:41.030446777Z 726 BeTEaFUS33dgWBnrkGcJKvKbVSTJo2igbHCSC2eT794s4TfNfjlVc60oJo0Z
2020-08-16T07:27:41.112257179Z 727 hW73jCukqw0TNi42fyPZ2dlVIZmKgvUF4QLZjkwMexMitiAygPmXFX3kiGvQ
2020-08-16T07:27:41.193626137Z 728 1o9F9wK242Ftc0xO6trSryw8g94GWSNSnD4gQmGt9ferqcunVesQRaWzg7YK
2020-08-16T07:27:41.275333870Z 729 u08m3faCJ5FlSdtqz4mtQGGUUAmKDMH647xxrFKyhqQDifEESTHY60uqZVF0
2020-08-16T07:27:41.356755325Z 730 vNyvKtq4VhGGYCu1cQWpcv1b217Da7ut9gViKVKsv9M2cjIvtqrPTMqDQoWg
2020-08-16T07:27:41.437626326Z 731 030UTXGUDfDm6UJHOk85AXRWCFNhIZB42E9IJSC02DzvtgS8TWHP7NuSPAXu
2020-08-16T07:27:41.518507863Z 732 nyqB3yjBqmjvjkvFxg6yu6h5fzMTDpZcTufJD8bGO9TfFS7NOAFYBmT0mNxZ
2020-08-16T07:27:41.599506714Z 733 lpTWRqMGbg9c1vfs1Vt52YBokc4R3cXEKSDgPJWaklNG6PYkKenAJKVaPbtx
2020-08-16T07:27:41.680181623Z 734 dUEYVtbV1BwxA4qN4MwotBEMz8ZNpnnrcl3yoSnE8sTxSeyHWJyYqfSm3eAc
2020-08-16T07:27:41.761646280Z 735 6z8S1pm2X6u55Pue0vdQgo1AVNKsSpW1BtZvtvjy5FDTPvE6izI8inr1uUiM
2020-08-16T07:27:41.842273743Z 736 zCqM7pLA2QTEWQKHqqabou9morWtMF4m8Uz8xBBRSAVEoQJfWSE8XL1Bsvn6
2020-08-16T07:27:41.924065499Z 737 Aqb3JD5v8UeNIrp02P1fUs7mWX9OTRddo5Zu9GJdVmjWewn9UyzbCNVPM3mY
2020-08-16T07:27:42.004617841Z 738 Gypazkwwjrhm3apnSrGwswWNthTGd0YPiGNqOJyObBOGArjqzBuITrGlpAPg
2020-08-16T07:27:42.085823889Z 739 41lohrVQpSQYa0pvrh5bpAfseoW0MoWIRsDNw2Jhx1xYajiGjet5kedzAklf
2020-08-16T07:27:42.166552221Z 740 dhqwKtmxeMtTiWQQfryn9DfDkKjVKkCxEEhWhhrVt2Kw7hzeCWMLZjP6b5zi
2020-08-16T07:27:42.247698065Z 741 6ROPcTXR1LlqhgPFf6Xlb7VFNAIWk6CAcF07kkvAw1FeojvYuvJ3Xo8mr9t7
2020-08-16T07:27:42.329190159Z 742 fcYVfaot5FAfShlv3uyjeSF7wVXoWZhXBGxXe67dEs5xAbho9Kxjv09Hm44A
2020-08-16T07:27:42.411005091Z 743 de3MHNrHoghaiIdd5Pdtykb2uQk42l0JsH3JnkpRaTfx2LToSeNmQ3OBuOAQ
2020-08-16T07:27:42.492166522Z 744 PM7IwMb456ML64kYjOboPv3yfuGPE58lOWsbFYUq5A3tLDwNsF6gyBpPX0Tv
2020-08-16T07:27:42.572403181Z 745 z5OaoDsrvNFUtip0rcE0PaDYAhUqmkXnlPzlN5UebwBXZjqigIuV7Wyz5ljK
2020-08-16T07:27:42.654248294Z 746 YkBBx0EnOPxMVYZr3eawBXyvprqtadFTtt6MiSTdUwXyRcVFjDwTBF4o40Ck
2020-08-16T07:27:42.736003812Z 747 V9InKPbYiED72Jl6c4LThvIBu0NGdBPf9NzqdfHYxcYT3zamr8SBEoDvBTLX
2020-08-16T07:27:42.818131439Z 748 yMPb9WjMK1IkR3drOzRpXBakDTZDKAbo8G3XsVUFRooXQGJ4eiQEJs5lHWbh
2020-08-16T07:27:42.898328929Z 749 d0BJ7ikHV5e1YBqlmW6Cm9JLQLLv1MsBCpMbt5biUIgQHYmTsWi1ByX4yFPq
2020-08-16T07:27:42.979932398Z 750 fPppfXutfe5H964tDPuW4ud6SK7HAaUcfeNysArqLzbL1EHxE4CMGivJcehU
2020-08-16T07:27:43.060819352Z 751 ovEFzEDIMGNiuYgpqFcQkefKZGUMkIqTDaPpKHeJ4T9bY1IaIwEGcDwkwV8g
2020-08-16T07:27:43.141801763Z 752 hcbPGYMcdOuNXfoiDZM9OHm5qlBCpNnlmUKytuA3dyCTy3UdW3vykhOWfhql
2020-08-16T07:27:43.222979883Z 753 7ccfQHPWrzA3IgDrUe1pnMRMhA7AVd4JBBCJGtJJL2B4pEKxVScLUGwbzk7z
2020-08-16T07:27:43.303759120Z 754 0jYUKIqxDjUZxAFxxJ0dFmHrhZcCMXqrW9F60VeMdChqfhBxnyP4BZllZs9T
2020-08-16T07:27:43.384403755Z 755 z9quWfqtuLIq2BJkJ4X1AuKF4KiMnxXC3lLdXbqUaWEZiPvYhb69AwR7p8Yf
2020-08-16T07:27:43.466185090Z 756 5Rt1WGHVMdqfKhvZPMdLvUeAJvUqFvl3XyPmjUxFP5vXOlZjQ3x6B2EKfueq
2020-08-16T07:27:43.547725690Z 757 5h2R2o1NuIZhDmPOS9HpJpQB8fBTLSA63rGGE8Z0g5hp22VnTz9ZdZHBrnz3
2020-08-16T07:27:43.629381315Z 758 jZrjhS0b8V7e8hUHKIAN5sk0CwiyrM5XgEtQEe63yfXuDBt0be8LCAXjhWWP
2020-08-16T07:27:43.710606853Z 759 6IBu68s52ZalEum9c6mjXHFyCWF5t0Wde30Zilm7T60kPn6H8Mo1mCVGnJNQ
2020-08-16T07:27:43.791927233Z 760 SGe4DbGL6CBI0iGsrKyfWkWkaagCu36u1ng0armtNTPIfH2uhuFHe9GSuR8C
2020-08-16T07:27:43.873135871Z 761 zk6rwLKKseK00YnVse1kIYRhciarbplc5IVAQd9RVmqKATpvaU3wH43twmW2
2020-08-16T07:27:43.954380389Z 762 adWVlebgNWngO50UHPkTzU3qHdMxtsi18IQIJYrd89lAnDXUJSMWK7Lwv5lE
2020-08-16T07:27:44.036426108Z 763 IjzlJcjYBxW1UTDjc4AhJPBpyJLXfbY4z0JmHBggwP2VJD9uZx3qe9csxpDP
2020-08-16T07:27:44.118209323Z 764 kYyA6Lhb8gPwCwttxdUH5Zl6HprxUfdrHMIuRSBM8rms6UFiNQIOvHlAx9VP
2020-08-16T07:27:44.199989254Z 765 3j1CXeP16lSm1vS3ssZqqUQMIPmt3bJMeRQXihI1d47vCbon2nnbtvFmT4Qu
2020-08-16T07:27:44.282583993Z 766 3apCGzoFmJOMzfbbi9qJcFCUQNRND0n7DXbX6EfYfPcV0f0jSwifHegGA0dI
2020-08-16T07:27:44.363983673Z 767 qYyOlqEVo8rUOnbDqgNRou2mpwPfsY5aZOjt9C9aDQauUEHK97mBJLhLlOTL
2020-08-16T07:27:44.444954593Z 768 Cnx3QIaTgxpfXLlrGEE7PWgZnyrg5pHUYhRGGYlOKhyH2uqDuns84OntfiI9
2020-08-16T07:27:44.526091840Z 769 NoOoLpuqidQWqRl15ZaCMx6JFrdoHESGDCQSEPhOuPsMwVoaY0wXouJrUFNq
2020-08-16T07:27:44.607107991Z 770 i8QESBUsamzPbyc21IgjFK1KG7k51aap3rVF4PFTeBKMT4NAjGPiPVfjTjbO
2020-08-16T07:27:44.688975133Z 771 FlAIzFBPtNgs2gnbHAEV8cCdczqdOEWqTntc2HnseDBN07uhMPe7C7lRWiUT
2020-08-16T07:27:44.769680706Z 772 46buodW55cGTqqki8B56v3s6pV9sDK5fBOD3RpLfxOHhyLGMOukaa6KcoZJ7
2020-08-16T07:27:44.850835323Z 773 plIvLjMdJA1IKa7r2fGTBMvVM6RsqL5omB4G66wBt0VxwNxL8hl1DexkrDi0
2020-08-16T07:27:44.932421409Z 774 kijbm3CklcRIqiIJT45BG171TvHjVmmlRuM3qX8r6emCALhTtfRXiSapqtfx
2020-08-16T07:27:45.014343138Z 775 xqhOKocaIc7h4JrIDBTAgcZnInHYHtAyNtGmQASd5MZ2Qk78ulDgExYgosVu
2020-08-16T07:27:45.095718323Z 776 8CGlzMiXeZqzV8tuA9uy8nGlBe64RGuM5E0EQnQenbAXH4880PFqGQ4MXTQt
2020-08-16T07:27:45.176836116Z 777 PukQdbiTtwYieXqFBkjFYb1uFTK5OAf7x6ZLcwT9n7sZxVnajtnttiMPDdjH
2020-08-16T07:27:45.257761111Z 778 6iMAzuSPT8SJQ7B85iVjFYekC2l7OKCqQjKXWqpZlgQz9xi3H42k2ovENY6w
2020-08-16T07:27:45.338402255Z 779 NRfSC2GAqdDX60C4b2W5IfGJ32O9sFzHfWUu4atyIoeXENZzRnEFaniAk9tA
2020-08-16T07:27:45.420110290Z 780 rsRkdkd6AoRUpUeTsQ2t5cpZPqCZJoGf9CB62zfo1LCvwgVLvuYL9N1pUYxI
2020-08-16T07:27:45.501915499Z 781 8dvL42dn7TX24F9QlHuIaZgQBsL7TOX7p6ZeeKBY1I2wEDTgfaX2PiN4XcGP
2020-08-16T07:27:45.582532751Z 782 bcfr4R2HONWCNr1jKzpsWhEvvpmNcezDTqHzHlw2ZDlK0ReKnFwdxyQS267a
2020-08-16T07:27:45.663735719Z 783 eFY63ADk4dgPfgwXsPZirMKCUtuUjXkpJGZyoNM737ElF5JPGme1FhvfCN3r
2020-08-16T07:27:45.744974857Z 784 uXJ0YErViQhNqGcFXue1h2R55mEXXltFdv3UG7SDmQ1AFLeyBmkOBNREqfqa
2020-08-16T07:27:45.826475482Z 785 Ny6gx6lf0AGQmADR71Y5LN7lYjnAa49pBawPpy27POIMMeJgjrTGzNwZw8G7
2020-08-16T07:27:45.907702234Z 786 SUQogP3977S6c9wCJhXwPQ20DjvZEtNXUj5oe81f3CWvmlpxHRfmqNU8Nh0t
2020-08-16T07:27:45.988753817Z 787 6q0c6KvCdFbYJITtga0svKgy0DFinu0D57TFX1AajAN5sgBh3wwG2ECxMdin
2020-08-16T07:27:46.070078630Z 788 Ju6rBsv95RrOxiQJP5eeGWXdd0UWnXzgdLFrurQjAzK52yIdGN4e2iNQisjX
2020-08-16T07:27:46.150742944Z 789 yMjvgXb6eHLJETosCyImWKZBh5fJYYzwydKxpJZtMrxSE10eihyhspPDtYe4
2020-08-16T07:27:46.231778779Z 790 MCHbh5yXVs52vYfgrTU3D9PlN0R5eeIAuR9fP1w7vFecPXgsJpZK65AwMmCV
2020-08-16T07:27:46.312505618Z 791 DdGmMWihFtmvxrYWk90nGDJLFpyfu4xCk1uM5Gq076W6rQaVbLlaJU2zIoIQ
2020-08-16T07:27:46.393854784Z 792 GhHHXjD5SgD9SGKMOCOkI6xPISvlhySGmZsPTCvcEF4THQIZ5rjQtki8MJ3u
2020-08-16T07:27:46.475065415Z 793 WdAL3gUs9Fyyd9v1VE5RNwhf7wfjNO4syeRHlUA35WPyu0GKGfU2rpg5LVtz
2020-08-16T07:27:46.556020401Z 794 fvfrYa5OjR3jT7a3yOoiu59Im0qk8Xb5bdMAAbb28ZMmulyQLPaOBMo3KbtC
2020-08-16T07:27:46.636550138Z 795 52PsnvXKCU579xzrreNW4fOfbeXSmx5P5v8PwDq5zPtnIMY7jQeZO0F7jaNg
2020-08-16T07:27:46.718198243Z 796 7rwrxuMI92impjbzogMxqtyQQmt2BQG8MbUORGvIHDYvLKXy5UoYy87vVVVb
2020-08-16T07:27:46.800249392Z 797 hIz6OBm4vK027VEgvZteFp4ENJIyqMhrxmlHLR9h5pU0YQo9GwiY9hqXw2vp
2020-08-16T07:27:46.881852252Z 798 VF4X9LhqSv3aJasPLxnqkQNscvoyvj2iq6FRpXOEveM4JmLLND1MwMEQD5AN
2020-08-16T07:27:46.962907022Z 799 XywYxgNdrGFkDggfi1hgxy1gojSB3vOy4j5DsUQfC9UYLTTgRfeiTncPxxFH
2020-08-16T07:27:47.043847535Z 800 id9XrnqMehMoVeYpaSl4k0Sa8MRDAB1nPYwYaBGQp0RMb6BjcGLAelYxGp2L
2020-08-16T07:27:47.125261168Z 801 zsbCPomQ2MsYBkkgjl2MsVsmxSZzXRPFGZ3ItVcIpXxiBhlSkWFBZUlkiJAG
2020-08-16T07:27:47.206760276Z 802 EMAtmopuFMT89zGHDe3aoVLiuglegzaVLsnOaJe5UISL6Fc7dSo27JIMS4fY
2020-08-16T07:27:47.288162814Z 803 LnQZlC6phTTKL3MUwWJURII0MKuk9efuSnmEqP5i8ArRZou2vf3XP66zKQgh
2020-08-16T07:27:47.370071476Z 804 KhVEHmIoQDebIU4iCU9pHDRWRDNhjb1QYQ4lImHOLSAtyfBXfWvmGw8AkLLl
2020-08-16T07:27:47.451162376Z 805 RayfUE9QVxNsQnWYgpYdzMF4frIhDzSubooPkcu9joGlHvkpkFI3540YYeRc
2020-08-16T07:27:47.532567777Z 806 mi8tf1mZRG9GJIxr2sLvpQIBLTKP9Zy3OseMAuXxCSSfVBE2ig0dm22hiNpF
2020-08-16T07:27:47.614255258Z 807 wjq0r6NYebQTJaRP3Gr7CuciBidVd4tHl3mG6Kru1l0LKoYnnUuRwTfgPtob
2020-08-16T07:27:47.695975249Z 808 Lqnft98TD9QuGTLPETeIsiDkoHTKpqndljUPoSYmDS57uIpLQoTAjfvGGmS9
2020-08-16T07:27:47.776671141Z 809 5HJT1qJjwAmX0FTVaLFD6gLW8zvjkZ1m1FFPwP9oqR9p603CBj9hRYeJ9Meb
2020-08-16T07:27:47.858349461Z 810 kyeCXybykUclB0VkT6hLErc3mMRRRixnJDtV88XM0bo6ASaST0MrwBgV85OC
2020-08-16T07:27:47.940286568Z 811 nxFXv4dxvHzxkiHe3cN8ra1Wsb9HgWCo7FN8nD0h8TRb492uWqJ4yECrmyci
2020-08-16T07:27:48.021560084Z 812 lzZGKAFHoxLdnyoz3Z8IQK9NTmXCmLvmhugzojbtkkAW7hLgTaiSPkidcMga
2020-08-16T07:27:48.103321347Z 813 go4qt117zJtg6UJqk7LdUFIraoTKHFJ7V4R6NCOOtzLRLFYeu3bYVhj6NEuk
2020-08-16T07:27:48.184958675Z 814 ZOMgbXPokQlUowo68hAra6RxJ3vTEkSINahqsC30VdIXXCehfXiUAvIP2jTL
2020-08-16T07:27:48.265951517Z 815 vOO4ZXK7WkhuEu7Aq4RhkzJNYnKTaq61tHoxC83Yx7wv7mnl93cEm4ldQpWo
2020-08-16T07:27:48.346562753Z 816 qgZAz1oHAqPN1NCnHw9AyZDQyIa2ogp5hcdPxIMKALnIN76REELScx8xY4lL
2020-08-16T07:27:48.428306134Z 817 ibgPjDa79azuxeZqhQMVPFgmrmAq1HHNHn3ShROKSwoWakhGUUQfmvRFfASN
2020-08-16T07:27:48.509847964Z 818 JP8EU2kLV6o4btGzu4ho8IubRHaOErcQiuCLFs7QV34UO38vM0Gz4g0DXgcI
2020-08-16T07:27:48.590719715Z 819 4gvi7Elt4x2D27SLI4xRvXkT4TJkuIGa4HgvZnQitsZo6vkdSuRlstYJJJRu
2020-08-16T07:27:48.671971509Z 820 fYE6onQgoNxalexDxkAwvBam9YBHIB5WY6oygvuYYZMNj5ZWcmkia85dEiTp
2020-08-16T07:27:48.752698056Z 821 G7V4D3BTEcwtmb32roP4AhDETVS9Hnzv18g72aHFgsykWVVrf0C983z5zLKM
2020-08-16T07:27:48.834018476Z 822 ZqcDAkZELZYz2g9pYMzLcYq5qmBk3m9bh4QCyFZAvg2IepApAB6Isr7aQieG
2020-08-16T07:27:48.914794211Z 823 sDNIV6Yr16khcOIqEWALmgJdrnqX623rvgarHMjNU4bWSMGEVhaslosaYraI
2020-08-16T07:27:48.996122114Z 824 aU4IIv2K4UsCiddGvUonYWInm36Z6PBD49Vl5fxCVtPLYATqbIDhaXQRwq3b
2020-08-16T07:27:49.077076528Z 825 w6vC9NgziZ7fc1IyR5K4HefWfN6Wsl2NuE560tGetGWcdXthaZLZy4gif7SP
2020-08-16T07:27:49.158903310Z 826 CVoHLOjGtqoScSwd1edS7XFxWKGGHZcYw6XdQkH5PwW7YJYidUYnsGG5Vvuj
2020-08-16T07:27:49.240242839Z 827 h7q14NNfLvJlyWr63gLaNawGTnagSDIPiqWdvMFISh8FlYY1T8XUoQ7h9iQY
2020-08-16T07:27:49.322258599Z 828 GOX3QHKDIQ4UBAR0okCocxINcGfdNsKLJxsEdkfeRsKagzFmInw0BlFkotlP
2020-08-16T07:27:49.404482111Z 829 4XxHbx8dEml71aZ5Aq1cX1pRl5KClu1ypOU7YoisZ6wEixCP3nirRzHRyDpQ
2020-08-16T07:27:49.485824358Z 830 T6MpUwxz7jmxFUVEK4AYeeCx0KKigEciN8PjnEKKkQDUUM33GUGFIkcntxxg
2020-08-16T07:27:49.567323291Z 831 LqttusF45ITQZCiNhAXQlA3fQJs3Iox7bNTF6RfIeelZCYlrkoZdAh0xlQfg
2020-08-16T07:27:49.649517965Z 832 y1ezVklIVjlbCYUesslNpPXeDqpnii2TiwyDdvxnSnQgpD8sgRNJ41CqcqNL
2020-08-16T07:27:49.730513974Z 833 XRAHlME9B68610UkGVpjiE5esS9KLO4y88FdkXzxxUDvz78HjxuAifFm62r8
2020-08-16T07:27:49.811939390Z 834 SyqqEnMeMOduMYb18wiLNKkVnCCwLDVyhTUejab9SNnYYpzj5Wou45tX55GK
2020-08-16T07:27:49.893419242Z 835 IsL4BkgFBq3d0f89zt42ZCs26lVKlJtYUBGWBMBBWUhikOHD8GdU3IlLF5K4
2020-08-16T07:27:49.975224993Z 836 yvoXfG9PYZF3QhrHE1jZsnB17JLF9WgXLPhKCAIR0nxkxyJodpDo4Ra5N7bW
2020-08-16T07:27:50.056440334Z 837 ofIAZHAtripFdSVQkxk8LOlsVjLVNFNiJqRx83jV4UmXhejl7BnFA23dmYEH
2020-08-16T07:27:50.137695560Z 838 bPnAncp24aWoJchO6SZ975juQ9jDtZgjCojA6vzQasE5X4Nb0Z8nhWH0tbyV
2020-08-16T07:27:50.219161814Z 839 kNVy2yBNU8OdvEQHV0htfPsu4RdibO4LewTleWvJtDUKFc7JNtFJxK2XBygN
2020-08-16T07:27:50.300919394Z 840 fNYWBYqQ7eKe189iwq3DMsSHletQSjosyYrW24vc9D2sqz6PIZzKOT0bDU5O
2020-08-16T07:27:50.382072263Z 841 1MA5jutMhWJ5uZZhc2CWJu2tLBWKeUdM9MelicMdsa5B5OvqZUqTvf9nQeFM
2020-08-16T07:27:50.463005995Z 842 pffhAsbRORspQykxaHlkSTGg2BCo68UrneQBq76KoxGmYYLjDHBCe6zow1oK
2020-08-16T07:27:50.544223001Z 843 Cko4mqT7Iau3XNJ6gOkK4Bq8f8zYgxQhyjKHzwtXsMJ0ripQJnikXh8U5jql
2020-08-16T07:27:50.625815004Z 844 JWwJggF852s7oIAb3JDwFGgVeP2ZihTDT3EW7j4w74JcgicO533maBCfXMo4
2020-08-16T07:27:50.706533100Z 845 62X61YppiFACAxF3NcmXLa3kXV85qYNS0UmWEHOasjiPyrf9MdyPatEBQY72
2020-08-16T07:27:50.788323765Z 846 QF3F3fie1W2sBuoy8OaRGVrgcBkBYiHSynsGjBKW799Kfy17A90IIJN5BToo
2020-08-16T07:27:50.870179291Z 847 V3xA4PsPXuxsTKuQlb2EV0pyQftMmrlUiBVRrDGnBYRqDictF1KGZbLAtzgV
2020-08-16T07:27:50.952083669Z 848 GVlViwPkzBGLwN5allaZS1pP18A1pwFwfSA04SIBZChKBbivKZ9jBpfUEmF7
2020-08-16T07:27:51.032486432Z 849 dTNHBQZ8xAj773ejkM4LC4m3MYr1B3Bng9vE6fvrkUE7U2qxj992qlrUIi7r
2020-08-16T07:27:51.113507724Z 850 BB6oiFiDXRHZ52q9RpkLWP1C9mhSUTRz2GciKsq6vIFxl0zrtjdipmGl3uYo
2020-08-16T07:27:51.194974136Z 851 ZuvPUlQwBVO1Dd8MjEw2REFXPAGfabNgexKCLn49TrcXmkLbWu9gJaX8374n
2020-08-16T07:27:51.275724496Z 852 h0gIi57xUEB8v5vk1SERxV9j4Wbm1Ly1mInvRjBm8Jq7oe78PaTWIZq3fdte
2020-08-16T07:27:51.357066127Z 853 0gQnd8FppevWf4ZTot042ZehtaQOJqZ7ay9SF1rryqcZdKQeJE0pXvvVJ6tR
2020-08-16T07:27:51.437684557Z 854 Mg3wZnrIDlTd5ygjwHojRYZe1jLUKBCSJ3QBlWU5SqKoP66bPNcS69tvM0go
2020-08-16T07:27:51.519190755Z 855 sOnRND1bL47jkkiBR4gqSSb72eJHawVnsboU877z1lABuPkKaoV0rEm76Bfh
2020-08-16T07:27:51.600996815Z 856 mws48lIs5KaPq5cxkr1s1oIYBnsCBZNPoDuzYPQiBCrOeDHXq0FG2OLOzZ4Q
2020-08-16T07:27:51.681693220Z 857 ekqRYdww1Rrgm2dRcukHZgzgKPThO25Em162lHky5eV43pCmjl4CFNlrxE5H
2020-08-16T07:27:51.763548002Z 858 G49ujx2feJCHRTzSlKxiBJ1KeAptMp8Fn5fMpElai7kigz9AKPOpwzrGsE4P
2020-08-16T07:27:51.844147264Z 859 KuEjx6AUP6FDW8iGZLxxA9bzbrnnNXkK7fyjLDiZKM79BMURK61fULPj55b1
2020-08-16T07:27:51.925566325Z 860 lOkrxyec1KtPfjPnrfZydqlk0tYauRS7gK1PWUNNjTheSENRxPdr1jStssdv
2020-08-16T07:27:52.006601445Z 861 L3kcZOTcvolVC5sphYXRptlHpfuzpbKFZpSTFfLV3wEubG1Tv1Wm9NfzJ8dS
2020-08-16T07:27:52.088198653Z 862 fhoifz1jtpbTjXQU7wa9UOo0XQzDV6ryamDITCLyuFowcosv4WFi4LKnsrIs
2020-08-16T07:27:52.170020182Z 863 nGYB2n0BA7ZLW6ylU2VjLg5dM7g8xJ2nXVvAtp8oO85o9ThIG8RkQZ9Y11QN
2020-08-16T07:27:52.250425788Z 864 5exKcRdUyJpxWtkaiIbef4mSp5q08Aem6z8oAvEx78wJHbO8gd7GoFuhsuPe
2020-08-16T07:27:52.331764659Z 865 5lFSgBJxz4JOUerLD4TXqyOsEKWvk9tLZo8TMilWGfieQRWDwMQ0tHoW8aCP
2020-08-16T07:27:52.412874554Z 866 VrSeNxzIcfDqBGTdIZJVxedAxqJUiQ9oyCd6JalCdPLVJ9qJ4HYoquylXjEz
2020-08-16T07:27:52.494498719Z 867 gI9w67NHgsCP1AzvXvzwngn5iKCUlxYFNFY7JYc23wADcjWd0cW6zfiSPYYJ
2020-08-16T07:27:52.576276666Z 868 keGBhDx3aj7TXbsTTx1Pz8ItEHgAzElqgSYJ2AiucC2sGksJTCsaaLkJ6v8I
2020-08-16T07:27:52.658125899Z 869 MGW4qJzKl454lllI3abIsXx5j7Eg8eVevh037wHTLiwCFQpUNlN24TlWP3bb
2020-08-16T07:27:52.739688510Z 870 cf88UZnyspC9usnFkmxkQNPZUcW4Xlu4SN0Z0D7BPdNlekev2mcTyICuDdsk
2020-08-16T07:27:52.821004141Z 871 IqabI2mQM0k0Giqky8f2bTNjl9TxgsHY65IAsED2EezeRX5Qj6QudiwypXRm
2020-08-16T07:27:52.901465251Z 872 xRcekWkDhLT1wulOfAw7GvtkmUq1WjB89yV9NzhjYQtxh9M5FuDw6V2P4qLT
2020-08-16T07:27:52.982420460Z 873 Fi0WgclLBIeRwEiGb2WZkgxMOeahSiyIN0Saj0H0xnSyLsyj4lU1oul6TOfh
2020-08-16T07:27:53.064162806Z 874 qFl38z1j0lagvNs25EysKNzJX6athMulERb9Izhu4wTMm8fk3tsFTX6TdVOb
2020-08-16T07:27:53.145640154Z 875 3c7WOaugwMLroakBSLWjq3G1xk9nQqNtBefJd8QFzqzpj63hgiPFYtC9flAb
2020-08-16T07:27:53.226992241Z 876 A0siLgFiPIhU3Vx4XQ5mfBEqgz37YqKecNnYt2GLVl85Ny7gGA726IQQ4PM4
2020-08-16T07:27:53.307977369Z 877 T3H6QkBfyjjSsBNq86qhQrfot4B3Dy5A8nQBDxDt9IbfRZjvtx5dCM2ZBeDS
2020-08-16T07:27:53.388360764Z 878 zneSFNOEqQm0nZagxio4yaTY3rmpfxz0FdG4Kq02cvX8aFswk95U6sC7w4tx
2020-08-16T07:27:53.469689035Z 879 ayQvyoprkTrYziTuxZ9plZqa2ZS9gBZixC9GMK6iOwo0QMWfyeegXJ2w9yI2
2020-08-16T07:27:53.550306361Z 880 NerO2vcd5fU0FXrtyBGsKvIXeX3JrSNHQlgpT3ffTAc1Eu4Mw5cQLFKBGHFW
2020-08-16T07:27:53.632471016Z 881 NaxBhyOL5aWPE9vlPXOfQGmVsHEbQ98Qbic6tk97k8V1ckHbIg1Nnl3khKGz
2020-08-16T07:27:53.714463179Z 882 h9ZZF99gUXE8VhpA8I5GUXMI1pdwjWjsC8m3hwm5yYgLagTk2xGHToY9nSSg
2020-08-16T07:27:53.795924727Z 883 dvCglsA1jPVUrvcGqIacuJFIfUtxvcgRAVejJCbDeZrHVKnnRJoEjzaHsgPN
2020-08-16T07:27:53.877248856Z 884 EpGVyrhTvouKgJpO9ICoNdy4CZyatXKaIJcOlPHlxtZxD6pGdIGsKCU0B9lD
2020-08-16T07:27:53.959259274Z 885 0kPEYqauISDQ1xN6UCQythJPzviwsd34Gv5EwjxutSZoQQEczqrfVOWq813J
2020-08-16T07:27:54.040450452Z 886 OlYwZKHuMPlMGFz96jtjGxbhEcSS0MHc1rgro5ByomcM0x6qg70KPjwjgvTV
2020-08-16T07:27:54.121929261Z 887 a8lLdvKnspaa6vtQ2qdt8Oi1mHTxxT5BBKTIvtzrr8gTysnUJoFwgOQ6qW5u
2020-08-16T07:27:54.202770065Z 888 5N87fm9ZuRRDDGZWwijDLGdiUc9EqcEL7N6VRouYWsm8McFZyTuRdFYWjiQJ
2020-08-16T07:27:54.283811830Z 889 GT6Ohv7DLpw3oxlqkSXxL32Dp0VQjBAF8zYBOF7m5Si85zgA3XmmRV1Duj20
2020-08-16T07:27:54.365574361Z 890 aUPixWIsZ8uUpgbhJM7EwXE4zPpWdp4refqH1lQzHmKNpLIsNUlKKGT7icpq
2020-08-16T07:27:54.447039680Z 891 oKS196KuiLusaBcQPJhWvhh97W8EMxAi3VOk5Mu58mbncNYzRob6sy3vGr73
2020-08-16T07:27:54.528860756Z 892 WAP04HLBNUOYsOWeJzx842mzY8p0LXFqKkmUc3wcGsxN0Wce5A88URB2Z7Ov
2020-08-16T07:27:54.610142719Z 893 wsWXsvFja8LKX8ZEtmNZo0ZUqYuV7y3oZ7ip0dn4x555cwZpvjzm0fBx5EO6
2020-08-16T07:27:54.690826832Z 894 dA8tWCaRZyReEO76hXi2y4tephmxngHLnjNoglfTMPsjGRrz4fORnPLFho7L
2020-08-16T07:27:54.772325971Z 895 lUlW4blnyNZEZDtY70dhn6uZALGIFbNm2w5NB0IkV6qElSMxsQY3XIFtAGoX
2020-08-16T07:27:54.853648325Z 896 ZC1FrNZhhjooUgvGqSQ454xjq2Dk6iOoo7sbJgavH9DMqLb3vkp8MHlCkgnh
2020-08-16T07:27:54.934959267Z 897 ggLxDTRJhr87mc7IOzpgms4FOGDTfyYK9HhAuytm90uNXNTK9wM0BaeZliNH
2020-08-16T07:27:55.015723762Z 898 ww5wKaG4HlV4hts3Zt4ksVwlAWZRFrWoiESn4ZnoikK1stqxuCNcQAMAZ1RJ
2020-08-16T07:27:55.097400772Z 899 ymNGJW4EePseERL5Bm0jEIaLUlbkpwIBjJsbBcBiOiKIxNXQP6Uh7UsNUBxJ
2020-08-16T07:27:55.179364087Z 900 TfY5P6kHDZXGLDNs2jpHIIpm5aSfKe3NtPkE5MRJpi4LbMsNsNK3JzVWciax
2020-08-16T07:27:55.260768943Z 901 dcGFnRkWlRjejbIwxIKZKHpjetG5WF7vFrhLvjXKJmoIzVUEkFOmXGHSR44J
2020-08-16T07:27:55.341561665Z 902 3jpBmmC3b2Kig4rVZu92BUDIxl50W3jYxVeQkje5fEMPzQl6Gs1OXvMrxy2u
2020-08-16T07:27:55.422597974Z 903 KkMgcOpLlhUtziRX8Ub8X4B6jAXAdCpWaerKP8F5vbDYRVmzwqPg95riC84J
2020-08-16T07:27:55.503752876Z 904 7Lt34AFwmI6cVMtgWpV0SK7kwRygueO5f1yY3RcSM7PkmmdHKYk87kbGuvCm
2020-08-16T07:27:55.584926942Z 905 IpGQfgleESw1V83NFOi40o33P3NH1Ce22XIba1I7V4KkM9Z2YxL3uQuIKrgk
2020-08-16T07:27:55.666266290Z 906 PMEQ1h1YSNAgiZ2yCJAkjHIvPAWHxwn3ATaALSauPLniWBN3ec1LUYRrDtT8
2020-08-16T07:27:55.748046971Z 907 ZzS7McLLS2XChWH9DH5e6gRoT7m5CfuXY74E5E5tkaT9pDKVzvvxAWPyBzq1
2020-08-16T07:27:55.828985442Z 908 eTHxD9lGM0RwXAnwa7Qa3bKzMDQ8D3mJ17O6PfBksW1pGgk7MMTksWOdzdgA
2020-08-16T07:27:55.910066698Z 909 jfuUpfpNgysN2q3T5qlwFwo91RkfOxJyrhpjh1a3EvUCpj4MQINA3VeaxfSz
2020-08-16T07:27:55.991281516Z 910 aJkewkgFKY3UgMnGUucP24BndOnQ1iNeA8gz7eIAhO4cUQVVrAdd3BsB2RQ3
2020-08-16T07:27:56.073249904Z 911 y5FJ1D5UroXBv5YoTKivJAbzGKnebUIMCnz28h0b9YpLbt0sxbNU3prRi1hW
2020-08-16T07:27:56.154747777Z 912 wRwovSARB3wOufyv86gvkxU2wai4lbSLUBdNHqIU1oHWCFuc3luuygyIFouK
2020-08-16T07:27:56.235667974Z 913 qxOMrjTYnz9FwJG4eqoPvwMbV9ye2ikMTdvvx8kFiGLlu9SWoDV5qcICHEpG
2020-08-16T07:27:56.317117184Z 914 aCrdUsDMhzq7sOHy2InA7hzrgUUL4RCDfS4PvqKkVtioxkQQO13M13obZNMp
2020-08-16T07:27:56.397387175Z 915 PZ9fsLxkuOK8HdEvgjTljW0tJ8PQuBSqKrYj5bll9bxGrp0TlL76V60IlDHx
2020-08-16T07:27:56.479326510Z 916 VwWQXTudBzoUypsYKr2WyEF1B8XmsbHxdizUAoiWyt0zonP8xDU5aj0KNZxV
2020-08-16T07:27:56.560648143Z 917 KBM60Hz0kOiAVHaFZEcBASSIdPFADywavbKgLNKdk00fvTuFKJ4b1MSzAKiW
2020-08-16T07:27:56.642221610Z 918 TaUb7DcMInYwshIxha6YyN7D1Upz9oi1qlQHvjuFGqVxDHMJJFSNOXnyJlJ3
2020-08-16T07:27:56.723736640Z 919 DTd4OCdLs9MeeVAhMmja7C8wkzR3ImldgpJXtCuFPKhdjpIGhzRILsrK7Lau
2020-08-16T07:27:56.805039805Z 920 UmvKLZplwgIYzH2rQQOHUX28q6jIY0unS5cDWr5ZjqP3pA0oiQloT53Dd5nI
2020-08-16T07:27:56.886364670Z 921 Rgr1rHA8NOqgPBfOkKGp6DYYri3s3TzH3noikFh8M5LheYsBcbQ0LAW2QWNK
2020-08-16T07:27:56.967857269Z 922 xar7CCGblwi5281zOgQeRe9oiVbsIvcV0ui4sPIXEVhNKvqGEAimHlfvsvCB
2020-08-16T07:27:57.048966474Z 923 8Zk9RBUY9LPRVUmHFbHPuBUwbHUAvjNPD5QdzCbTeVi1aF35hVFAgahH1NAJ
2020-08-16T07:27:57.130339550Z 924 wcC15fkLpnnNJg3I6JoCyd1SENxxXfqq4lG7pN6MeA3KFJWuFW7lCpxijaxf
2020-08-16T07:27:57.211526939Z 925 fOEZtax8EYmMDJGDXEatRHTwpPOOfU4sOe7rfzdAWQryJIPV1ezfZdtFTJ5J
2020-08-16T07:27:57.292799014Z 926 rLCqLYdjz2U8w6Kywen4U0ce9SUPPfvLCQkxdTZF6pKCaOEU89cz6lzF0YQe
2020-08-16T07:27:57.373584471Z 927 exoMZS9m9fjeFCdZQeqBCzCex1KqycMcY1pYyVI0ukF0RThNeEqFYRKtM4CV
2020-08-16T07:27:57.454946655Z 928 pqvxIOo9bsliFnhbQ4SKjWljsEjkgPP6MMekEAkRobDOlS7umYMkFrtPXech
2020-08-16T07:27:57.535877137Z 929 0x760ca2bVNp4uMuLB8Dsv4KxsWAl2nanqfn0HAjXm7Jzu9ByZCN4GscgHRL
2020-08-16T07:27:57.616494819Z 930 am9MS3OmOUmOQddsgovQ3cvTNdk7MgRq9nfd9VydOe4cpQFxbBE6SaBgEcCQ
2020-08-16T07:27:57.698219484Z 931 kSk12uinmFwto2TV5NKLLBX6Ms8jQjDrSPMQ4qag9KbSdvHHEq6gFynDsYYe
2020-08-16T07:27:57.780068851Z 932 kdcxN0w9Qj7p2uhpEEEbZ24OIWlySSQhcXhRY4MzEzPkwKBBYtrmAv5iB7hj
2020-08-16T07:27:57.860846654Z 933 TKIbM3AupvQX8Ww73Jsk8004WUwJk8w2b1TIpFIZNGcixGwnUh23lowOvuAQ
2020-08-16T07:27:57.941475121Z 934 1uCFtDsiCXRLYfzuekc8MO1bgmbHMofY7fYY10xhOpRl2M7KMmyEE4WBiKsF
2020-08-16T07:27:58.023564701Z 935 7IPXTyteLJyTDGEdSsEGjkC646OwXohvA08T03gyVAYeTZB5odShWWPdjPJN
2020-08-16T07:27:58.104794973Z 936 Gmrj6uu4hCa4E4oeyhjh93sVSRdHfEMPOwwqmeKCSY5rMAKxqhfUFYQ5pwIO
2020-08-16T07:27:58.185455465Z 937 r1PhNyKjaeUxmOvLmHTheu5nNZFHmKwP0hALpDvPEItMGDzdXdDwSHKns47T
2020-08-16T07:27:58.266470808Z 938 Mu6VBg6XJBtfwsl7IRUOO0l8jiViuLS4B0GhZmBNd7sy1urdoXH9kexjjv9E
2020-08-16T07:27:58.348298012Z 939 2ACmfH2jPxUMjd9u47eSIeHnZINAf08ZEmipEquYDUpMpIaoyDFL0se1Upnv
2020-08-16T07:27:58.430162680Z 940 RMeJJ6LaiaYFlS0MstjvbGlKkVCNvOs7ogJZg1yKVlMfiOPucpVkkT1ytJYp
2020-08-16T07:27:58.512305305Z 941 q1SdU1YYaiAKH9BOa8G83jBCT3aUHJfc7NxqbYjnf9KOOdI9xlRY2rTvlwMY
2020-08-16T07:27:58.594512447Z 942 d61vzlFfUTo3KUJmdCf3YiRGYIV1CPyoz76lXb49GaWquBcQEIOPvz3OZJEs
2020-08-16T07:27:58.676130380Z 943 pPAqSaT7cx9O9rg7Yici50gpZhVMNeh62zjZ0C070EmTMQ9AbVaEeoRaYjv4
2020-08-16T07:27:58.756900708Z 944 V1lSu2beNPOoV050rWJzAkFshuWyfynSvJE00sUytzACMJhvFsBFHPXDwVGp
2020-08-16T07:27:58.838311942Z 945 ZhgnJR6t1VOH6siTjGW8K3f0uhgmyIb0nhSpEIcMoE6FnPPHSTKVDngDypJL
2020-08-16T07:27:58.920133843Z 946 NP8QWTmS8jXITEzHNS61WaWVCU72nbLdvFGX67af613HneNAlENvB1yyESkw
2020-08-16T07:27:59.002051128Z 947 X7I93KriVBy7gScNIpoDc3pGIjNltt6iO8vCKcwthyGFQj7gHVquol3x7Hc4
2020-08-16T07:27:59.083027096Z 948 X9oT4opGWD2x4Tau0CGgVxqPrm3S5viNcKgpUAybpe4NhasJ6fTT1zLwEnTT
2020-08-16T07:27:59.163749408Z 949 5tuaWkakqVeY2xC9MpwCu12aRAxUF2R0U3L3Ea5YHUgHQsjCqvb77s3JBk9w
2020-08-16T07:27:59.245304377Z 950 UYz9EScfDxfX9SxcEvV49B3gIfzAC7sgjOXPERJSdH2u8xqSeMyjeKbPaBy3
2020-08-16T07:27:59.327090178Z 951 VX4XuwMwehYXPPEJMRTBkpcWw6qk8fmrZe3pydYwVNSD4dKZC7ayafMop6sm
2020-08-16T07:27:59.409438201Z 952 UKYMZovBD7B07zmmU16vGf8N2bBGvLBdywvQvQugbD9JEsdXN9ME4dY5XnVr
2020-08-16T07:27:59.491050025Z 953 lyBgW5qSfDu4TB6Gh0pFExTclsqK2jRT2dKdvRqZ5tl2j572O2VQNc1Qj9Wl
2020-08-16T07:27:59.571715956Z 954 zFqmw8NgeqZJX6ysKz0UPZByUrht6Zap485O6lnw4yxkfsTuk42g54o3omEs
2020-08-16T07:27:59.652620265Z 955 FlGNevjrf7YaGFCM9bHdwvUvFQHbJ6pgZl4GKdUSkSLA26KusIivMf3WtVPt
2020-08-16T07:27:59.734117207Z 956 gBjP8geLjugYU2DHsFk2zdCBAM6zBZwbEXSM7c18f66IJxNXEaH26rcimCtQ
2020-08-16T07:27:59.814678059Z 957 SI7NRwMLJ7dm5HLGV1RXeuCEac1Ru9GJqtFP0BoFbhJoxnyDXuQKPNszItsh
2020-08-16T07:27:59.896294103Z 958 YXYjQk8eOP5IVsGplkf1h2f1X4VCq9Y3LQdxPnmPT8cmlxChyJ70u5u9bq8g
2020-08-16T07:27:59.977629722Z 959 Rzp5Yc3gnsFFYFHo6xlhtGJRwfhL8YmZSldOtrnphZw2S2MQbzWzNLK1hc4R
2020-08-16T07:28:00.058715664Z 960 ENP4IcrgDeiAAMkmLapqBmJRrWEB96HFQKtrmtjrYI2ZUAKZbD5vYsQbCFGX
2020-08-16T07:28:00.139616569Z 961 4LgDK6wUagcIk9WBjIosDHBzMDEpfAcHMKtG2bBFYnQuF8d45D3V9N7IgeUf
2020-08-16T07:28:00.220652093Z 962 hkaPb64wPdvWEqIQWn1yQA9XBT0mlFWZVdyLFQfB6KqsWjlEzCVSa45FqJRR
2020-08-16T07:28:00.301951159Z 963 f6MyKOo49mQYmnNSWcOKt3NdQ0Vmt47QgDpZAuSir7rfQpx9wt2Cx2Q5jFYr
2020-08-16T07:28:00.383894294Z 964 3rONV0je59lCmpHhTeo3QSXexcKVffBJm26AlS5dOa8AqCrZRg8wkeQzxQyE
2020-08-16T07:28:00.464954436Z 965 SYBkPIZI52OEVfD46UEqbNfg8LMgCggPBF04XSgndPW0q5Czd5bLL0008U5l
2020-08-16T07:28:00.545926792Z 966 5ebjZQGnQJuPQwykdkyyF2cGh5NfpCkPPE6d5jRMAutWm3vca52HVNfA2UXj
2020-08-16T07:28:00.627279409Z 967 EoNad7uXMjRi6J1P56U6HHN5cgTpxTpaPq5aFW3bEZNoEXqkxaNbG0vceQpx
2020-08-16T07:28:00.709035682Z 968 vUq1gH4XUAneODyURQCFnb5T76CTgSvmtZiBSXfVK8AEi4A419bt2QvNFwGc
2020-08-16T07:28:00.790917127Z 969 e7yCQOYKqKB9Kkk4Zetw4L3IPZbLM6ufxoGI0HXO61WxzCnn5gXsopONOWiy
2020-08-16T07:28:00.871613900Z 970 B4eDOzMdJ3gEHVYhuJcpSupQOSrZyPKToPBToIAliMlyyxStdZL4cFCx5Uhr
2020-08-16T07:28:00.952830810Z 971 lyz1QJ1v1s7WNF1DbUE1eDkmz3xd2PsBXvmpKXubzrcNSQVX8o7aIzrMRYka
2020-08-16T07:28:01.034084550Z 972 YONl1iLPWI1kl7jhozxTH2UTTdbXIiC8TNIhw8bi7M0zwBP4VDzGTqDQUFlk
2020-08-16T07:28:01.115756571Z 973 y00asfoPnzB1Aia4OZO8GUvrqFwvmI7jhYjkEOo0oDmtkzNYxk6R4dC5NBLQ
2020-08-16T07:28:01.196493480Z 974 FPVXRKpKXJl9a9M5eejSooeQn6ZllrYhl9SlYLXZ1qRSBkUKvyQUrPxSpYPu
2020-08-16T07:28:01.277465345Z 975 kFOf8ZOPbT4nVvtPIjPRH5CCmP8cxmlmSdysmE02P3nv4oDl0BZkq8V6gyVN
2020-08-16T07:28:01.359555140Z 976 FREQ8YYAGbwnAMymgNxTxIEHBJHJs6AMAozlwgf7xC9SfgrBovZyUbWf639k
2020-08-16T07:28:01.440743982Z 977 tIN3hvYuVyXsuXL5qy5OZ5LoRDqbPJUNKapsNfoNGCNAf5Lq5X3z11GKvYYK
2020-08-16T07:28:01.521571028Z 978 Mc5YfT3QIwVN0DLfi8xFHWwTn64yBYGOmbJFZWdvu4SzDOB9ugLTpfbJOnhw
2020-08-16T07:28:01.603144537Z 979 uI8fUT9BpsBKps4KBfxXPbGUlPvY8NvyYMeVWdXtBcfGh4k7J7NEckz6bxyb
2020-08-16T07:28:01.684000723Z 980 WnGbEJ0xfUbYT9N4oQjW4wqZwhzxK061oJZUD8glQCqaF5wMxkQW1ZUi2e3F
2020-08-16T07:28:01.765444913Z 981 vDse6TW7aQ5YPzxecjRGhn5kM6CXMoKu88TjiWJroKs2Hs2DB1Xle7FD6H4B
2020-08-16T07:28:01.846980146Z 982 Qql8pAlp8GS8KcLhmd3qpUtA85V8Oo5s0PpLxy0yL87NfpiR91rkSwKMDfyd
2020-08-16T07:28:01.927689433Z 983 Buoy7DHM5dFQDhyFgQgmP9Rt4J535L4TkpIyn0qghUS3NBzdITEEqYWHVQl8
2020-08-16T07:28:02.009322610Z 984 6aO3FO6Eecnlxx9AcXyVpdvX51BIJAnTzti8ZIJ44CBNd0UHAcOnnY5OtudQ
2020-08-16T07:28:02.090765050Z 985 wElLNzwhWugoUqSvs8yZky6C2OXYaD4tEYekvGEgHx7C5ClIiz0I7YLh06zO
2020-08-16T07:28:02.172187221Z 986 L2yHkdpy0tQbuX0VA27XEuIpk2qCnfjeq4kw3IhtG9EyKWnh2sf1Q16W2poA
2020-08-16T07:28:02.254184545Z 987 HXsqG8lpiqhZhzQPUQGTHgCD27wSQ8qAEarKZJtQUpxeqLoMlHm0HeMtI0o7
2020-08-16T07:28:02.335907029Z 988 fzCvUqivHoZvMFFvHMskncLfNkTLJPN7UiwIrqgBVtty5hfSjb7kzMS4595s
2020-08-16T07:28:02.416891387Z 989 9MURYi02HTmRUoSkcrfmTxFidJwH5TriqgGiJECAYyZuwvF5sOcLxdBS1GsZ
2020-08-16T07:28:02.497493454Z 990 OnDFZZ62ED5fRkjKrim1gBVOVRfEJP56GypzjUR9Cb3EzMOgHAbHKTnBVw7S
2020-08-16T07:28:02.578491741Z 991 rRwavMNh4soRxHSQOZsJMqzGGWjHRtvlniBds1uIK2GpLUXAKerSc6k23Lrc
2020-08-16T07:28:02.659583737Z 992 TyEv0ZUgBtFls09IBU4uC8RX11j8O3ti6VIahjwLora3rVII8fOGiltni8dm
2020-08-16T07:28:02.740948370Z 993 fEM7mM5ANCZBB3tekt5rxtj79rjzFI9jHiMhMjoT4TSDqMPqIJiWvyxhOefc
2020-08-16T07:28:02.821418875Z 994 Kmp7NeiEikdnlaLHFLqHv2ZQm0ZGACnZ2Tc8mzGRqNLssO1dYoMIrxtDInpV
2020-08-16T07:28:02.902543776Z 995 JYZrEaa2cmmOtZOeViZu1RqeKoal7J0Mf2s0FRSl1u11GjW0d2MDuIxFb94A
2020-08-16T07:28:02.984308699Z 996 C7RiJmiKyZ4eA7nEFqYq5CjTe5Jqbbfm0CEUNpeK0FKSt7UgszFwrbwq1Jhz
2020-08-16T07:28:03.066347163Z 997 A2BhDGgVlztyQXlvwWvz7Oz3akETbCk8oIsNvk0LtGjM1ajmEgoZWUiA8vbe
2020-08-16T07:28:03.147532393Z 998 hFx7L6dTRxYKbIzzCMdUBF55Fg3dtvPxXcT8lquXfljacCB7peqInp5l6Myq
2020-08-16T07:28:03.229291337Z 999 yXAETuzQvZPvOJLiep5IwgaA7pMycdmbOlNLviYI03qZeATRhRQi9ZFJX1rn
