2020-08-16T04:28:05.556138956Z 0 vFja6lbgmxbHK5zqPRZROBdP4HS7hB7RRljxFgzswOWssii0KvBm6uyQFEzHpI
2020-08-16T04:28:08.118884607Z 1 Bfj1N8oXdel3tFOFpH4U10AMs0uhLUvVU7pw7iRuOs0XwUjbNSnWTcleNCGfeh
2020-08-16T04:28:10.680052458Z 2 jqtXNFSegBjEZH178HOFV9h0KmIcdk0LQujYSQeFyweiAxt9XKsRfNKKK64x6G
2020-08-16T04:28:13.241482934Z 3 byHqiKZOKZ7Icm8uFxIYgZBZwjH2AOHcHjetuEC3grX1NMeor4kXON2aTupbgh
2020-08-16T04:28:15.803127583Z 4 qXPGKBufeANftiWnTUjENfRdhjVX49PelxmnBKuS0L0dq4ZbxIcVPBeZ5QnvRF
2020-08-16T04:28:18.364235978Z 5 6NLJuzNR9I2gHYribSgO0WmqVcoWly4apchdnx3CNT65XB3dpLWbj6zeqC3QWj
2020-08-16T04:28:20.925353989Z 6 fls0Rl63N3QePjoZXFolzyHV4EWaTugO5dLLBNjS9UwxZ1KY8QZ9htCB1RWs6C
2020-08-16T04:28:23.487652867Z 7 ZkBsUcsgWg7lbVZWYX5xzQn5CxatVCkCw8ou6wGOZvYz9QajG3RYQp0qFUbhPy
2020-08-16T04:28:26.049009133Z 8 o9wj1mZUIPObFpzutiCRjPurDBZayLoehTFgNx3Dx05GUTnbxUV9cJvX9hXKOo
2020-08-16T04:28:28.610316921Z 9 YFxxfE5wd2SbDnvG2N46bBh47yfVgZjd4EgcKUsO79HwWquQk16SypqxdJKylc
2020-08-16T04:28:31.171383379Z 10 02nPQIKjRNeoGXoDBrWbjDoyKaAgGJIKXJjMZpHr3vNx5t3Ks4flnxDDi9IOf
2020-08-16T04:28:33.733152241Z 11 jeBcIbnEFE7gBfINHAC6Dq5fIQBYoavoNbXfYVY5nyMk82Z3v1RYM7TCeZvex
2020-08-16T04:28:36.294479258Z 12 T8tWKWVhMvCDQVnlvHU9dB6zGE5P1yTfx749GHoEcXk8mbzLobgClX1TViRxO
2020-08-16T04:28:38.856867196Z 13 pyYhafCN7sXerUc3nXk67chtntADFqKcKJ0WHoh2EH9dVx4XXKxjM8hDGujTi
2020-08-16T04:28:41.417877152Z 14 wRk6xH2kg4FbJKIWDK9DeuwN1xwlU9IvMFoxKSyu7cSPtji0q7nHEK72gkDvb
2020-08-16T04:28:43.979349240Z 15 KhQb5bJLhL5c4tZXX4PzPInMMxxYPE9nxYZ6xpz3lyjUjqyrbToTztoxKQnp0
2020-08-16T04:28:46.540483300Z 16 Ies1rdotecmMPnvrZBLBE6XHqzLkYu7Y6gMwKx3nmHsqpO00tkUXS0sRkm6Rw
2020-08-16T04:28:49.102338852Z 17 Te60VJmTscWSNkQxSAg8UTlS0ttwd6kALEBCCSTT4IvHZGp314iyhh0FnqdrZ
2020-08-16T04:28:51.663357369Z 18 EKt1JlYbMQFMPAKgMRXt6yqeLGNG9a3ReDJeZn7NC2e4gC0coKsPW8W0ZyaQA
2020-08-16T04:28:54.225583070Z 19 zA4k31qO1494sGS9nDZ6IUomj8iHVbn0XTYkRwLjaXB3iX0QpjSRG8041k4qX
2020-08-16T04:28:56.787345401Z 20 dO9rgUI4dV55sSeLYRXlcwsQmsaQ4PbGIlNmDvU1KzWituFdSMnCMsdaxT5Jg
2020-08-16T04:28:59.348394519Z 21 Yfn99A2YNG5uwcaRhMdQb6HEAonIb6EgAqfWtUAtYJ5e6wOTPylrOYFr60AQQ
2020-08-16T04:29:01.909863791Z 22 ZGdfOtIiDImPIug7hv2E190f8OYD0Hs9u58TeMGebgCwML1caNnkW3YzX3Uwt
2020-08-16T04:29:04.471247456Z 23 OpSGkL8NMAjTJENggkW3KLsTdHVAPGGL8YghiJyZgRL0kFegF1UIWmDWBOtzB
2020-08-16T04:29:07.032471740Z 24 GNTEZDIou4C0K5T1aB036IcaFBjVPcrfY2aLh3T5rYwpMSJVagqDRzDegcZe4
2020-08-16T04:29:09.594786814Z 25 LiWxQMb9A9UaNg2jwncY6H4w19x23X3Dj3xaGA07VCrc89TwIKgcnzF0slNNU
2020-08-16T04:29:12.156549689Z 26 9A7MhxUysV8gwODNqZ09dVZBK7C9mr4NSkZxnsxxuS5upVG6Wfk5Mt1NoZ0IP
2020-08-16T04:29:14.718373268Z 27 8j0xcty5sfphcFvffDKl1rhW2J7ZgNQsKw8PU5slN6IzAAYYfQjyHUAeSTSMI
2020-08-16T04:29:17.279193656Z 28 bE2XDBqqRF1MSXRsxiVVKnFpgVlBkvoB3MPpbpTB8KwLIbjldtiulYmQyXfko
2020-08-16T04:29:19.840356536Z 29 LjNkPYGncR1ZdCZaZjhy8JQMQConGEuh9f28VirI3dV1TDQJTIjacc6YZoQ16
2020-08-16T04:29:22.401618092Z 30 xnKyLlInAtN4gFseUk7WQLoFSPIFrqUgHnEH7BnHYCHUKfo0IogXDYKM6VgDm
2020-08-16T04:29:24.963160128Z 31 7puDkJqp4jZ1EykfAjHVZHs4pKnkf1XDiKesFy0s740dSnqREpuFABTXhkPLX
2020-08-16T04:29:27.524030959Z 32 N6Kq2HJKukTZaGRMDJcw8R5Fr8wGENRU9hykhHSeOSDkiT00UJLDEoM5I76EV
2020-08-16T04:29:30.085697340Z 33 eCNLbBIjqOoclcDWnFYO8cpx2eosBGyl4UtzmTvvrIlp9Yd4JI5IUYCyqUQyY
2020-08-16T04:29:32.647270664Z 34 Uv7tXieb7hAhUau0q5v2SbCDRq4JKQzJP6aBE6LGunCpwqn26rwr58ApL0hgw
2020-08-16T04:29:35.208145880Z 35 AcEFmmhIrMyCkB2wbALxNemdSWGYTVuIToKuQxD1rVrdov2BmpUEvLFGNNkRg
2020-08-16T04:29:37.769460353Z 36 wCxAiIAQflY9d6M4AXUglHE4REmuWHw1cchHFPmxBJu1zUHFHw2kIZEqTafKY
2020-08-16T04:29:40.330853686Z 37 z7OEtHd9VXpKIFjYxvkWjeTvPfNlmmawE187lHFT8zTv5JSTt2MZteGzCQNrH
2020-08-16T04:29:42.892591690Z 38 vEhhvgpOfp9GC8fV7cCsO345SkyGkWrBCAcU5XuSIrJX1dv9itEqtFxdcKnrU
2020-08-16T04:29:45.454744430Z 39 gJnWG9OEqQlpARvH6MscYPbZVAB2nxXHUGGoUOSyNcYE43rcNWGEvvwYr3sMt
2020-08-16T04:29:48.015899157Z 40 jKuyP1GolH9pQbCQETfbX9H9UVuwRwZC5qN3SQx39kxbAqojEXsuxTMZk3FAk
2020-08-16T04:29:50.577475677Z 41 NZw1ZbhRX4cLRBga6CltM23cLeHkRjPUvKzXyZNaCj2LWFFwdYFecorSO2FFK
2020-08-16T04:29:53.138999918Z 42 ru2gVaZ3Y6vpdnDo8HQXhDkqE2uvVSF7f1CtI7EDmb6rrTIKUfzPNMFJkKWZF
2020-08-16T04:29:55.703127073Z 43 yOlcY6MLXglRjT7gLvUKcuFJxfbwCmmYH2IIJj2hNWV2l5VaYE7FdG7IUIjjH
2020-08-16T04:29:58.264473559Z 44 9SpHuTzgnOOOUZKXz8dN3hyCB3QUkIYiEI9f0JpLbAQbqcSRqH6gnSmAt92sO
2020-08-16T04:30:00.826613679Z 45 ilwkn0ah7ZTwudAftQBC1E7akZGcr1EpjhDSoxRUIrUG1iR4iTTl6qGf4vFvo
2020-08-16T04:30:03.388272935Z 46 YMEsIbKcvrQSuTFvh16FdicTHCvBUX6kdEbkcvfuaIYMYzRof7iRAAoztz5lx
2020-08-16T04:30:05.949280881Z 47 c1VevYR6PUSz12oR6LUppmCB3EaykyjlgoCslBfwWEv0WGblHut7nGSo0f1xl
2020-08-16T04:30:08.510627420Z 48 RUNrLq5B7VIDOi2vmXoTmPOdCBKRHWiXupWMEEjlCSl03132e8xrLVPp2wiyM
2020-08-16T04:30:11.072374519Z 49 anWGaRSWnkv8rrq7o8O4WZ1iPicykqQuOl5ILlRnqjBAIBLYGdRpfwW0qPrhg
2020-08-16T04:30:13.634561645Z 50 L7AADJc84pifRxKrd2XhHNoj0XAqbck6c8gz2QlAKItPYEX0NCdA1fno8RVxY
2020-08-16T04:30:16.196623777Z 51 6F4BE1JY0OafLY231An2sGq6tHv8lKfzEmxyfJe6hZYBB5g85VGhhP6Sj6Vgy
2020-08-16T04:30:18.758299537Z 52 FDl981dtLBkBPLGTqDweBr4PtcsyUKHG9Qx19lSNSWYtYndiiBqKCGQEtKYDE
2020-08-16T04:30:21.319160639Z 53 oT0f5Uk3dgMJ8qduoEWqIilKOfRl7w1vZ0IwOTg3wD4l6KlWyXWFIqu62WhK7
2020-08-16T04:30:23.880457823Z 54 WtX1XEY6u6WESDPgtZ5pk1g1iqgkC28Tb3v0EH7j5jRqTQWkzd8n5SWX9pbNq
2020-08-16T04:30:26.442702119Z 55 y5LAO7c4QDh0Ri8zySEPjHYtFTOfCq4glaJ6VLxrE16655oMeABiBuhIJaYvG
2020-08-16T04:30:29.004818674Z 56 rmg2G8DfUGFYwCqvLB7FAXAcuVAObHldnSGhDx1ZIrOfnKTqCgfcfkmjU4sH0
2020-08-16T04:30:31.566372941Z 57 CNo8alQqEzIKPYXKNHWwBc7lTi2qoaFH11SILeBbn4YtVZRNltjEqzSdqceuc
2020-08-16T04:30:34.127504712Z 58 c6iKgoNgUagQU2QtgbH88M3y7hJEQgi6pYoN1LH15TrXAGG5V81ogMB4r7lZW
2020-08-16T04:30:36.689254874Z 59 OHH7mLA7H5YhV5QuWpO8tTW8Y6OXKaOcRhcKbAiU7Ljs0NHc0AW0cmbILmK7m
2020-08-16T04:30:39.250794696Z 60 zdWdM9V8yxhpxH5C8rhvMJ8FtctzKrtIEoCepg4bSaIvVFSVloLat5fmtWcuG
2020-08-16T04:30:41.811846739Z 61 pV1ttXmFcnoyyURwVOhv5Sw4D0A1vtBO4W7HfYIxYfuhLjwfNVPWTZrXso0Vj
2020-08-16T04:30:44.373621790Z 62 3oBbozGR923zttp4XhRZkNxVAyopXQfaL7lZ5ZzGLCtbBuqKuyPbO8jhz5YTZ
2020-08-16T04:30:46.935155764Z 63 H8RfPERUbs0Ybvw8hJRLTQlucHgZnE59ie96xtKoJDGXhMOMoDBbeRT0QdrEP
2020-08-16T04:30:49.496556335Z 64 k9bO7VVY335D1iX3SNHylboY0UZRnsE9FfGCVtxIMEdUBHwcaDfJwUItvsElN
2020-08-16T04:30:52.058331050Z 65 XETZHna9rYHOxQFSBz2kWwIISFiCOi4sIHKXgyP6Fu1RttLJhRu0F3lgsiFG3
2020-08-16T04:30:54.620392315Z 66 51vyf0OgicdWrj8kiAblxQyoqkVmANwl62DzWFR8lLugk5Kthc9Icttzv5yHA
2020-08-16T04:30:57.181625907Z 67 D6jebsknoBGrofq8AB8ZphsC6hKPakOQZYmE7Qyngmgr8vnp11qpvzmgHjh8M
2020-08-16T04:30:59.743181642Z 68 VB9gCUetaJONDf2aJGu3dosEYp475YY1nEfddQymm0TVtHZ06CCc0uy5PzWGf
2020-08-16T04:31:02.304620766Z 69 hTYvcHtKvSGyiEVAXnPluTo6vVSceZE1oXmVp0dX0SVdv5I61QiUP6clc2nJF
2020-08-16T04:31:04.865849438Z 70 CNRCYKzcsorzlO5W50YMgN8BblY9UKfUaaJOGfTp2JDuJflwSqWP2Urabuzx8
2020-08-16T04:31:07.427933643Z 71 HzjEu8ZHLuYeWSYTo6cnZkQ36AY7j4BgT7LXLAsEwWHIgtD85h8xFB5Svv0K8
2020-08-16T04:31:09.989353863Z 72 PHHct1N0fhOOd2gQ7w7z752VVS58Rvduk7uTVi5zPqB5loyiNF2JjIAX8BUAF
2020-08-16T04:31:12.550366110Z 73 B7Xr8VKXnxW6m3Wmb3Im0W5t8gHsaXInlvjQQ0bRKXB3sW9HHPjqypkNgj2bk
2020-08-16T04:31:15.112034358Z 74 a1rdYpIZiRbXfup4DufE27DpAsmC2vkknadlGzqfiPKcsAGpQmmR35QRlvGvz
2020-08-16T04:31:17.673395345Z 75 KyiGR4KazblgLku83Ob246ESLwvWqX73qggvXusHrlRZAIf2ibMK303lllGhW
2020-08-16T04:31:20.234259357Z 76 kNuzGliqo6nIZBs3prqZsGerwBlkDzHIHrHwnZlzXppLHmIrFYuidWbKmw9u9
2020-08-16T04:31:22.795321752Z 77 zif5WvFy7glA28cVbmp3IPGg3e2Wzb2d4L2N5haqhUgLEVQAshxSRt0jTu0R9
2020-08-16T04:31:25.355993074Z 78 A3NyygTbjrSFNcIw9lgsFZmhUDKNhSp53VyZseyxhApjY6TP19AWSVuk5x8KT
2020-08-16T04:31:27.917763160Z 79 pg69tB0XLB32aUJ4pzxjVZVHqxOii7Ro42GwUHCEhdZSyIQ1heRYg6SgwXEVR
2020-08-16T04:31:30.479104889Z 80 fnbqzidlNGHmQrLueC8Tnq1Xl2zE1dnKcGZ3ZAhKS2MghRSlQrt8nnAZXdcro
2020-08-16T04:31:33.040359148Z 81 0oVwPjEuR42qpKXvK17R8cTDUqqMhEIxlsQtDQd4gYHdGusnx8iMkizOvWD1x
2020-08-16T04:31:35.600315510Z 82 nrgYJvkI2xgFiecTfTy1XGw5vza7yKvy3GuSn7pRyS0odgaMYXa526bP22HGX
2020-08-16T04:31:38.162790218Z 83 D29iI3d9xrKZpPuBbx2ZFB2G87YA6pdFJViqO9n25vWUXKspwJLyLM0ZubGbS
2020-08-16T04:31:40.726240000Z 84 MVR3VkX6imlzCKEsYmbl30dIs3R3nsHiuigtVsvmG3mtf1RhjYNw8KDAEtsrr
2020-08-16T04:31:43.287566488Z 85 c5ONGY2z25ScZjm7aKJ5IZ3J5dartlrYfuEKaWYRJRgXSt2ZIZj5w3EioMIhn
2020-08-16T04:31:45.849477658Z 86 sRFHoylsYJ9HRhFCiDIYcrH8UELh9vEo04xsXFrgi2RUym9btV8q5ETQzppaE
2020-08-16T04:31:48.411388096Z 87 V7z2apxxWnntsEMXUkzVyhfEcHJVisbXQpMgTiae3PtIvSs0e1PxPNnaV1Ih0
2020-08-16T04:31:50.972129763Z 88 Ehpsg5PosG2Kb0CoFfqsjxDPs936w3XGJctYSCkKYJ4cogRTAnhfUmFJk3bTF
2020-08-16T04:31:53.532953612Z 89 me6TeI8pB3boba50cy1SudeIftczRAULU576p0eUk14EUrSEtu75EgpV3crfa
2020-08-16T04:31:56.094569377Z 90 D0oHaR0wdupjyx0ONWtWtHcJNv5pWjVtQHVPPGUI3VWdcn9gijEn7KOJhUpqo
2020-08-16T04:31:58.656112342Z 91 5hZqIlVx2gKQ330wQqjVRn9QJK0hyKjhW2V6kKOFE6HKUU6tg6nyj66W7GR6f
2020-08-16T04:32:01.216951722Z 92 ynFHAeuNrjyTbQOJExcUrHLemzGl1KKHqz1XnNmdpSkK3nwYGWL0RKWLO5NcB
2020-08-16T04:32:03.778675880Z 93 GGSGUZKcYxKi2f8x4F94u5UdJzhKDvuiPFrXvzZjEFaH7BCdIupEPk2clYEa1
2020-08-16T04:32:06.340815082Z 94 oNxL7wjTdl9lMEM2y1PomdbjZ9fzqMz0Bp6DaafwnIB76uwemMBOU1bOywcSy
2020-08-16T04:32:08.902296122Z 95 KhsokZGVm2NmxRdlSffdAXYXu11u1nCtTK4kWyB6VChR57XjpwCwV1uqANH09
2020-08-16T04:32:11.463147148Z 96 wd0hahAaHKJY6yWhmBfgekaZhxd08elqdKirUjLXS98TjQsXlqFbIyUgprDLW
2020-08-16T04:32:14.024510737Z 97 ss2TrmLToG3pHWP6IMWBR6sTFd3CxKORMPuYR1db4AjTD4yhyKWXJLf9Z9sGN
2020-08-16T04:32:16.586045747Z 98 Vt3mBVLYjMugiNeruPtxeqwkJyLm8VHJoAxDMGCl1CiUWb7McyyycIx38aC8E
2020-08-16T04:32:19.147063419Z 99 WdldwkYRFcggrUNXMQwGDoKWpPQ373VNEsjt1am8dSNrioFC2lCA2jEutfJ4m
2020-08-16T04:32:21.708148512Z 100 VyTuvT57y4sBGJoxx6lwIGym1N3sGkdRKaTLycXib4hcALdLJX50QkpE0J4f
2020-08-16T04:32:24.269153446Z 101 4OlHwePPdIiNXqN0G6pfOvwKBPExuPnoSRlTPFe0fSEfT45p4MWt8Y5MCEy1
2020-08-16T04:32:26.830004996Z 102 nSXSVreXIQTucnLpCXClI7yFXIat8DsXdZmylCiZ9sWkeYwb699ImsQfhuKB
2020-08-16T04:32:29.391334764Z 103 kytxBWJF1yIwrVU4odFTgxuC3Tgh04hBNtRYFSL6LkFkONHpQ1pNS7xxxF9o
2020-08-16T04:32:31.952289714Z 104 sF4Z0c4cg92wcW6m1QGmL6Wk90fPU0GDfN1CuG98JgVCoyj2bSP36FewTY6z
2020-08-16T04:32:34.513737541Z 105 arLF6WdRhO37KdpnASENW4whdkijwOh2lDBQoG6hJJTh27yNZXLUZGAgVXtZ
2020-08-16T04:32:37.075291138Z 106 O5FVWRGsqyBqyHdhjK9S1sZZP53puwgcop4tt9iWpCE9OoGdmNJ0Bkk1GIa9
2020-08-16T04:32:39.635989072Z 107 Rjo8EMMpvnu9MvLwmF2vag6Aml5GnXhxrNZX5O5NNo6wjQS5pBulAuMLnuxe
2020-08-16T04:32:42.197275735Z 108 xbrMS4x9ZeWI0HoFYOq78jfAEKdawViYpWbrNFxs7sN7db7A1aOkbKhXA6At
2020-08-16T04:32:44.758806441Z 109 tyc2GP7X8Z5N5lpqhztXDEuvpWzrtzfmP3z4EPeRqHrUXU3ZPZzvKRpxfu4A
2020-08-16T04:32:47.320238120Z 110 CQxg1bM3cm3rxgDCIv5W3DrmEzNkqbxxvtcMJyQPRfv0SHmoDpcJlb5u7Mbh
2020-08-16T04:32:49.881307837Z 111 8qyVPiJxO8sWkEvm4lwYPkBsZRjbeRrf2ENB2mZ0d1dt84zlw6aJ0IOiS9fr
2020-08-16T04:32:52.441942046Z 112 uCq7rWa78YFaayLZ8YiIZZcjBKSU9Mv0IOCtPumN55HRwIMWwuvBUSfqIdvt
2020-08-16T04:32:55.003026542Z 113 AvG1TXwW02OVHpT3228q0qCDf5pucUJE4gVvIfRmEru2w8QuoAHuBhxifNlT
2020-08-16T04:32:57.564194524Z 114 38MJPE1gNPX2LrAKIHTEiLwMyRKMHDBjwgA6icsCfVq7ldVFRqY8cmDIyx5t
2020-08-16T04:33:00.125445089Z 115 UoobGGLQaCc3EgmhTVca7YRwdklq2qYx8iCQo32smXn7WhtJMBktPefBOeR7
2020-08-16T04:33:02.687722398Z 116 rCTG5OnqUuAOXCn4t1S1L2wue8o5HAQZqaj2Ud5xSB3v5JC5T9mbWnx24iyJ
2020-08-16T04:33:05.249153848Z 117 Hs04DzAnOesfpuPZd4TEzsU0FRw1GJ2aRVfPBBp3ZSQ0e5g8BrkItZKXMjtU
2020-08-16T04:33:07.810199778Z 118 Nyjuos2UvjYFWU9I2GShK7AeFDj34VzhPxyP0rcjxl4EPMJ4HhLjhTv4MCVl
2020-08-16T04:33:10.371376574Z 119 05L3ocQ0IvKo3WzzGkLMjxSZBofKsmgeiXLjqrbLSzzQ4R8TFFo5pYQeSjAz
2020-08-16T04:33:12.932359823Z 120 0yalS48SaWUT2mf2Qnd8hlWqu8PqHQvEcGZIEMkgOyk5moygUaq0Tggv7f18
2020-08-16T04:33:15.493007257Z 121 FSJJzDaGP9rrMtAlng3DKNt54sh82S2gStMFnJ1AfAFTcvnm6L3fy5UHxdh9
2020-08-16T04:33:18.054367623Z 122 EBhYVuWzqp1zIpAKl86OVVAcbLTH5HQdPpv5w037cnmv2wntKlDOrYAHlXFl
2020-08-16T04:33:20.615542359Z 123 bcJrmRov3gxV2aEkhhy4W4oKFsWycbCxzN3AJkNjfa3IYU56GINiQVdkJM2J
2020-08-16T04:33:23.176928806Z 124 G748izhkAfk1CMefqnvCikQvLCrlOIn3lJT2NZY3YHaBzP3eMJFjRjtmU5cG
2020-08-16T04:33:25.738322602Z 125 Ec7zPdJsm8G7V2HZloSjiIfNgpfVl7Y6FcJTzHjpRpMDxJg0DoIGqJdzfUyi
2020-08-16T04:33:28.298935865Z 126 Ib8iggYPMlELlT2AOBFt5en20Wh1e3ZUqGfGMRmY5z03kg1xlWt1E4RvhBgc
2020-08-16T04:33:30.860625542Z 127 TiXToBrUrtdq5CjNpELPgJidSP6W8yFJ6K95Ea68tGlHeF2mBPX27WT09f9V
2020-08-16T04:33:33.422464945Z 128 3h24nQRngVLpkRsYfmHU7xrGUgv4linRJ2MJBIALtspiXaHt1jKUkvug8VYz
2020-08-16T04:33:35.984716371Z 129 oEDB5JQ81KjOnOru8e6ykR9oYLGlolSku7mkR6BGBXy3OsPU7geTYHznjVej
2020-08-16T04:33:38.546709443Z 130 JyevQFNawUr1uqpgaSz9jXBH1kOjW1KRT31WmxJF7UP6jNNhnTilKW2rMd75
2020-08-16T04:33:41.110223344Z 131 8GWTPsDaJLHndiGU13VyeoS6FqZgVmT6Nw8NFCLp4xGCm5s3h06KQRMo9VvL
2020-08-16T04:33:43.671430328Z 132 ZPu800kAKZRRJKEzssgdREToV6jQ4u3FTtRlk43WFZHBIuMS6OD9e6qm0tzG
2020-08-16T04:33:46.233508088Z 133 NUtdQvuXCdeobBt5K6szlmMbGiMSAZFFmWk8cmPrMTIwyfYMab3Dc2GIgpq9
2020-08-16T04:33:48.795530345Z 134 jr9gGBV3PqAkAaKC7qpfHbVrS8rVRw4e5zhh1tNdPnH2vKtdUDTY5XlogIeg
2020-08-16T04:33:51.357481830Z 135 LvCDz7Pb4vfv546ESXiQ0AXP5HZeJlMnPp2iYSQH62DFgffmH8GOPsy4weB8
2020-08-16T04:33:53.919102068Z 136 hmyonWQ3jhLpArGQuJIkLkVOm6I7xLdgY0U1h1nCgVN63xD7Q3wxjfg1QCTA
2020-08-16T04:33:56.480629736Z 137 fJB5vfONb1Ivd7ePkh3PoBBSN32hDRit9EQIUKbUEEJ7RwML22aYHmV3JEQh
2020-08-16T04:33:59.041874160Z 138 dicP1YmC7LhSj5yVvCxbJgGDfKe3R55E0W4IJWHln7HjTjfq6BJgt4hGyouO
2020-08-16T04:34:01.603500788Z 139 Rx6SBw4gtNmzKpG7jKQVUI2Hma4Xt71k94gJzAdbQM9zEd5Jr2GpZY9oTxK5
2020-08-16T04:34:04.165198450Z 140 GTOoLZ1tf5PgxanA4fLWFYgzkhFFHvasfs511GL9WRtne7BYdEwoJIpgDysN
2020-08-16T04:34:06.726243924Z 141 tL95Nn1Pj7uURaFRZd54axWh7F198hZCc0cZXdHDnr3TYe32aamkcCkgH7Sm
2020-08-16T04:34:09.287012231Z 142 U6MpWWGswI8Kn3zTw0n0LyhEQb8vDH2jwrrvdNLgPTwJj944uLSp3gTnPUyT
2020-08-16T04:34:11.848137962Z 143 LrTzD07EQTnUxYYLUtoavCRAJDZGkJpAgHtlnVLA0NAcOZJ0qawaZHHykFGd
2020-08-16T04:34:14.409168822Z 144 pr5F04BsLQThiebEJN5hEmH8BXKjGGVnFTQMOCV8aDiIFeTuKZIKLikgUgfp
2020-08-16T04:34:16.970017171Z 145 jkPmJ9B0rG8HjcRkwyirkrlmhMM2zC9uEZeSWqsCzyYXxdFBudZfXsWNag5d
2020-08-16T04:34:19.531043445Z 146 IF52gghW6qatFBGyjRNAX8cQGw54HxpkJrBVAYTGHtu5XZSjet3AHYvtt048
2020-08-16T04:34:22.092932551Z 147 voZpIZbF7oHOFXEZ0ltFe5q6IUQB8XdvMBO9VraiqcMB44ZuEIs9pXkYpTvO
2020-08-16T04:34:24.654768155Z 148 sGS2WdrYlT2335e1YTTJI1F8ea1NUpV97VRKgdq5i8Hw1AgToCRXv2ML9Nlw
2020-08-16T04:34:27.216258810Z 149 yNs4LlMiNiLukHw86wcekvJJWYjW3YMa4lAnBl0k3g11gzVG5Gux7ao7ktJz
2020-08-16T04:34:29.776898313Z 150 rMT3FQH2oyZtLtX8sy95E9CPZ2pM1v2Z0wL7jJs2So37DRFc6cwT39vc75Fw
2020-08-16T04:34:32.338212326Z 151 xfVLM6eucjIKYtvRN3FbO8HcVnRIC4QQPr1O5QLsjMxjWZCQHAedl0Fr0qDj
2020-08-16T04:34:34.899328659Z 152 SpkuC73RiiOwOY3p7eANqAP1QI4zJeizmrzZeCs1eSuJiK1CfJG975f4o11W
2020-08-16T04:34:37.460020693Z 153 0SWDBvZTjat834NpeDWhU9kOEeRpSzYulSSGp3ycPrRnj2hu8U9VmX1Q9UGm
2020-08-16T04:34:40.021490069Z 154 YtR35EZ63x7zQhkg1nKSyjU2Hqolw1rlyyM4WC5l7JXuLfNS8Npjqh1NpJNs
2020-08-16T04:34:42.583110615Z 155 fSF59KctdPSmu1KKpaMLLFnTYo0dDFYULMHQR17y2OHK1zbEvv7SVEQpoHj1
2020-08-16T04:34:45.144424534Z 156 NeL1cwZlq7GvSkuQn7agNCrqEhsUxC6a622EYWxn4TjkpnZcJPH2Lcw7EPa4
2020-08-16T04:34:47.706807793Z 157 uneHEaljJtnoFk5UVtVnZIHSjDCsM6hsZQWztpgRbz1JEZrXn7WZIFmkGvuc
2020-08-16T04:34:50.268393877Z 158 ljKgfhLqSmmwZCWiFq7DfNpBxGArs54c2FVNsDKVEDAE6giCtSnwsoVfByIs
2020-08-16T04:34:52.829165658Z 159 n99SaSH3HtgNtm7NBXd7MUE16mAoY07WOtlxgz03hQr32RT4q2iExJVMHOwF
2020-08-16T04:34:55.390412626Z 160 Ov8v7y2G4VclDLxaV1dIiupJTlyNTf67mhP1VbSV6TWa38jcpa1OhKT1wMaz
2020-08-16T04:34:57.952581387Z 161 NxScFpQyTD4dUTn0bxz7tFRySngyWOEFIwNey584D3OBFyCFJyDo2MvjGrrP
2020-08-16T04:35:00.514387143Z 162 KRVc3ep6Ep8p91fIThgdpsnqd3FDf9aiuxDZTUzTTkYj9Po3S5aRxkzjEDOc
2020-08-16T04:35:03.076106104Z 163 NfrndQfqdvCkSTMPnli6FTvEPduIJPbZnhI3RfkAGa5XWTZ6HfaU0DrvOWQe
2020-08-16T04:35:05.637307348Z 164 kntGlthj9SWZ0hb0YCNeCkT8iSr1l6r0dmBCKgpEj4LnsjAXs6IZC5snuxtF
2020-08-16T04:35:08.197883661Z 165 WlA8lVkt5RGXzrlLW9AQleTnvsw4vf41CORxRXcCCS8GwYmPcUgRRMZSjumv
2020-08-16T04:35:10.759652533Z 166 RgGgsTihKtmkopa2V01dvMN1BAz9cWUtwtbxHNRrY6MSIQjRCk9hAxl23CWS
2020-08-16T04:35:13.321448501Z 167 vQXYonx4jATJ5orvZfp6T4mlR9ik6GCtYtU0F8Fo7oKLPFLY0D7Aumth6gWP
2020-08-16T04:35:15.883429035Z 168 rks2eav72O87VKhy2dFgq7lYGtRZMQEfkJ0nyplve5DxUUvJYXvkJ8QYvguQ
2020-08-16T04:35:18.444998934Z 169 yDfHui5cvcXKQ0Oimh63zOu2w8eUVyImSpkRhauTWTOKLgrLjJkhdCqdaW49
2020-08-16T04:35:21.005774855Z 170 lOjsqFrj0EikEhDoJk0sbwBSVICeq0XG0PS9yejACpYszdodDUs5vyBHefEC
2020-08-16T04:35:23.566995718Z 171 QbsbfRfn2LadpHj2ZC0mkIUlrURuCVUsTM0odj0lKfIqLoQJJLz6TaT9MLQF
2020-08-16T04:35:26.128063613Z 172 I9eLDlNrzpnHIN6gf8D59PkmHacUbHjcvQdYNhp9k8toFciT15BLsAWtCs8X
2020-08-16T04:35:28.689442056Z 173 jYCn8Mr3PmcwCLCLCVBAY5tNYPapZynltWZPIUt7do2sdJEPPD03stYkyEbo
2020-08-16T04:35:31.250800801Z 174 dWYQ6lcrgXSlJ4Y7x2Xa9DVoTvw66EGLD0vQ0G8YqVfjO6mfeIR9ygbKGvLw
2020-08-16T04:35:33.813728817Z 175 BmNmLUDLkVwV4WSqeK8j9W9C2ycPP31TbWT2Q6iNLM2JQakHhdbdXbdwAIc0
2020-08-16T04:35:36.376051738Z 176 ufMMOxF1rK1oBC4mAPKgddBz5OLU0iMaNh7ASjpQSRyinKWMVEKuzdBxsZKC
2020-08-16T04:35:38.937038307Z 177 AQfurlHf6n0busRAnybg5QCnhlisWIt4VVmXy9A2u2he7D6Zn484aim0O046
2020-08-16T04:35:41.498774264Z 178 tkQRBvoiF5wKArnt9tZ3IMQhJqt4xCxV5tvC7wQJp0JBWDOIT04Roae60cfq
2020-08-16T04:35:44.060466759Z 179 SE1OfuFdi2aG8TtMvLEsMoQqKfHwNNakgLSS1W7udnMvUgi3WsRiKIlnRcv9
2020-08-16T04:35:46.621969397Z 180 EMAQ1ODwadSsFxr2Eig9vlX3J5e60qWhQ9ZuzGdUsHSRlUQ9MqJb9cFn6hkB
2020-08-16T04:35:49.183012771Z 181 fjXHn67gOiOPt9pkpit6ocr03EuX5xQ1Nl7vZb4BDBQFjanWKwv62meVWuoq
2020-08-16T04:35:51.744347804Z 182 QhxWX4o1gYIgS3wBWj9ZYSBzXX5NrWY4cNTDDHvuTUhWrTuKKuXnmWwrh35k
2020-08-16T04:35:54.306201999Z 183 dReb61iZefCvAbTQmDiE6CTFEWzVcQNndNFyJO9mKIhChnkHj6rXJNHpDSff
2020-08-16T04:35:56.867142704Z 184 Jj97bw6gEAidhoCJGbcbRqJcQeQFSyH3jxaQaoPlAubeEkb2tQeje25BblhE
2020-08-16T04:35:59.428530599Z 185 XaLt2NdNGkA3RUmTql3kJ6w49UXXT0vxCYvf4ZOj7AFg2snlGS0seyfweRxf
2020-08-16T04:36:01.990153503Z 186 xGl9u4DjZtBs2CegofOq9MCgk2nXtZr3ytnAkcBoGSjJYfReZUYyAtplKAEt
2020-08-16T04:36:04.550919108Z 187 neE4202elTn01GvBje1Z7hAa21fxzt6CQClFDtLNCfcDsY3yxwMWxtwr4vlc
2020-08-16T04:36:07.112393067Z 188 rxmThnhQn6YbMojb9Y3BrH69muiu7HVZPgIaxUdugOrZA3FNqCAwt4q11qLK
2020-08-16T04:36:09.673231105Z 189 oXj8lmQ6tL19uivUAnYPA16qlxgatB3BzOTPYuB2BaQrc1gh3jMQWHyb4K1P
2020-08-16T04:36:12.234604061Z 190 TQnGpoAqcPFSSlnGHfq5YgMOCi9TvnmdMgXuxBxDwG6yNk0LVPUgaEweuXnh
2020-08-16T04:36:14.796672903Z 191 xXo0qwla2ui0luCmbf8RMRhI0qkvHL9Yp0wZ3sDIaN6ajSkxebG2xuzeTri9
2020-08-16T04:36:17.358305897Z 192 db9pPtRLuILzDVH0mKPHrqq2Zk9T3YBtgBhT2JJdPkSDkwh9ytcdr8cV4TpB
2020-08-16T04:36:19.919201037Z 193 N5Fgq95jH7nHeopL313D81Fm6uYhHKqjJZVUKiqIDXBQgsWOQuS5YrR55aYA
2020-08-16T04:36:22.480196726Z 194 sw8heLCpQbpyMw76bBBPT7WkVMOTCumzwcb02G5dFp9MxWVRsQufe8MANOlN
2020-08-16T04:36:25.041510725Z 195 6f7e4B7HKzIL11MK0rwmXLLrXSz3sJuIII85x49JZ8ST6a2pEaDoff01JjH7
2020-08-16T04:36:27.603316968Z 196 y110Dx7LvsOxhxrYoRx9JcDVFWSaXoO7kqSyNyOG4n1eK8MCM3KwDqd0OH1l
2020-08-16T04:36:30.164237276Z 197 Z3BDxBxrUtdiCGxLVynpWvwrVnkhJTNlZXokrUGkkyh7tyNU58FQR5udJrsv
2020-08-16T04:36:32.724876010Z 198 699fs194sODGudnEZ5LlqEPRnKGQZoDCYnB1NOpHIcfDJ6OGS8RLmxNHh6nS
2020-08-16T04:36:35.286612550Z 199 Kc86IX8Ab46cUqT55SePo97iwp2SaJ27B0FkxuJ0Vrqr0YX65zbONjgeWQ07
2020-08-16T04:36:37.848717080Z 200 ZDl67lsjkaDkACwWHUGsxiAhMC35NDwKjISeNJmju859uSv77cPKcOMALjpt
2020-08-16T04:36:40.410418919Z 201 hsQAswc2jBo6DqqTSlYXqMW8LE9iWqQ89KNXfuvW86kkYnnuHLsdaULIohet
2020-08-16T04:36:42.972038776Z 202 SNbk7Fb6sBmtjz3CM3WlunfeQFDH1EHaNGvX3bYykjyx75w7akUo5QNL6zds
2020-08-16T04:36:45.533088433Z 203 v5v16GYYStIVXA5JlusKasVbPDl7ip4El9VLkMgKncfH9YAt8d321xwvHHEF
2020-08-16T04:36:48.094243913Z 204 FZ4xrUoQpLL3TWdK4MkPtUISEpGS5Tw1vksqsozEE6knULoi2ncbxvazHuOu
2020-08-16T04:36:50.659164684Z 205 kjszvo84pnQtsUNvzqyPs8i3kSKAu5dvhUMXQOEA8ImEBr5NhTv2UEP6Y1ZS
2020-08-16T04:36:53.215952734Z 206 exZ8TcSw665WENXVQKl6B3WJL3n8PYpWIAM0Wy8CXuXYaID7yKrPoRdW4bVZ
2020-08-16T04:36:55.776734072Z 207 JLnEHXRkdqXuCHayGQuKt3ISMC52M8oH4OXyvV08Penj9SDtHenq2OWqsF95
2020-08-16T04:36:58.338450994Z 208 NAlBminIVuUE9yRjCejWpkHUczLPNNrl2WI4XN6j0Ay9zzrLRVeNYipli2UE
2020-08-16T04:37:00.900685814Z 209 HrsIZKOidB3KumvX3LYJ2VrAfQiJyAjLktYYHFCQDT5Ch0dMO1N7jmFlY3hs
2020-08-16T04:37:03.462202312Z 210 vOprZ1BqnAZ4WobPNbfHlIfdlKUICBHtXlFUPuIa0xT5aKdTffOayCmauvei
2020-08-16T04:37:06.023207092Z 211 f7UHNcj9WJuEFFOObPC5d3TnzGsxf60apF6x7lVF0xAWEK8UCzIy9P8MmzQA
2020-08-16T04:37:08.584665685Z 212 Pz4a2YtIw3V3JMpbOfds9S6MmQyxpV6T9Kn2vqwwZPQinD2lDJu6MF9xPXGU
2020-08-16T04:37:11.146799387Z 213 7Q1Z8TNNdN3CWybovRhcQjNLAu0T5ukBxvv12uFLBIGuvcxNRKoudtdR5ajE
2020-08-16T04:37:13.707927584Z 214 bfjeKzOEGGqHDeHQEfy5cSgK8z6WqbXExMPoSo0X5rs701K3yELwqRVgUECH
2020-08-16T04:37:16.269569493Z 215 rvRTH8rmZAV6DoTVpEqEu4spl6b15neeE5nPAvfTMwetxq6E98Bp9Dbxz8Qq
2020-08-16T04:37:18.831093476Z 216 RW3nMi4bQX84MC68AVizNe4AD6nOe31nQ2o7eHKOIuYQXR1vbugYE1LCnE8U
2020-08-16T04:37:21.392106077Z 217 tPLElaulqi2XR20rJf8uCslaUK6dnJLK0zoHBFnAbYV7aME21arUwS0Cq6De
2020-08-16T04:37:23.953097025Z 218 SyZtGlScLDttqwzCrQcHWaFZfiDR9x07xAoMVlK7FCoi2QaqdYlNryRFG2KM
2020-08-16T04:37:26.514462193Z 219 7jFqRNEh8BEyOOV9URJNCDoqtJl9ikpwVooNsVLohtNo00lCsS2w2pn159RV
2020-08-16T04:37:29.075872071Z 220 5w4nm7FWzRm1u72ZB6mcO24saqLX2Z3KGBoLItmGX68lIcVNXHB12MyAxjiB
2020-08-16T04:37:31.636843332Z 221 bBymmsRB1uzmGIl6IHIT7WD1wL5KvmsTxHzCfoPWj3IueZ0qtdp3hUgTPXC9
2020-08-16T04:37:34.199258210Z 222 nDFX2cFpU17BIO5ssiQQ1LkfXIaNSOJvIcSMXGl7ot2uP4g1CXI7y7P2wxbX
2020-08-16T04:37:36.760295814Z 223 Ru4CpVHTJINjXvu7uXHVznb3oZPHbgAKvEscNnp53hbRc6qodHrNtJQWSk7Z
2020-08-16T04:37:39.321105537Z 224 dd2zu3DKvRfoMTPrULDDDlH5FUTJ53K1CeNX8BaIHzmnG3pJiqWzOsBEAczv
2020-08-16T04:37:41.882376010Z 225 qwL6XxzCQgkFkZAeCduh4LGqQOwqrJ1k9moNXOof0TsxgDZHvzey0DH3C577
2020-08-16T04:37:44.444537690Z 226 cBn6NTKx26ZjB7tIXl5dapRPpJ6r4gpGFx9sWotP9eegR7iPR4EvNNOdtFA1
2020-08-16T04:37:47.005905245Z 227 UzMJW6P8k0tJxTADwuiGpPSB8LCl3PbZgfg8oQ1YmyQk4G178sjFaMMln0A5
2020-08-16T04:37:49.567137662Z 228 5ycjqjviHLKECJfdZ09Tmp59JFfL5RptXKeDEBwlmPJlNd86hA2IEuRlYiQj
2020-08-16T04:37:52.128592376Z 229 UZ6qfmf1wT5P8P7oX9eqNKQLAdT8SEnkO0zbwAotqJ8F0VHCjqNaQGNT34D5
2020-08-16T04:37:54.690336331Z 230 4N4zMT0Hs8zMpCAE5JDcGi2L8gsmy3SwhTChAhcHxAE23uCUgcdGlD73FoFM
2020-08-16T04:37:57.251004830Z 231 35Nv9f5Cp9LpMcg1DPc6ENEXA0Ur9cREYQrsP6moDJnbR5MVL5BbnT5SNDUo
2020-08-16T04:37:59.812246585Z 232 Yk2Hxz00cVjhkU22V2u4hKf5boJsJjoxwovW5X84VANDgk1g8M5EXGac3IA9
2020-08-16T04:38:02.372975386Z 233 i7il0R0FZ784VsNA99gNrRcWwltdinDbRsL6DvrHBTEwv35xjtUwIvadTuMW
2020-08-16T04:38:04.934664307Z 234 G4rh6BvVeR4TPQpriZt5zZT3UWsGjRsoMvN97R4lPzqP3LObZPzkVTuEkQ6a
2020-08-16T04:38:07.496247888Z 235 WPxAjuqbOxovOwZqqeVCDEVM9iQDb37QfKp9IqOXs5IDd9102VmSfa6fWzGg
2020-08-16T04:38:10.057285969Z 236 XrtYRlBaJ94bAhgYpGENMRrMQBYmVeSmn5PLtaQtnhFUVcFnA0GiW9ohkd5e
2020-08-16T04:38:12.618421722Z 237 j9nSKcuy1eDSD2aN1VNdFBPVhA9GnyrPizdWSqgxyiyAnArBlqp7bf7Kb7me
2020-08-16T04:38:15.180670109Z 238 DHP1x0BK6TO7FWrCQmvytVK51n6Q3IkiojV9Cks06gL7SCauN43Q2dbdLjqx
2020-08-16T04:38:17.742320355Z 239 FXVW1pjQvwE0QZSIGLeLlQ2UOYVl2qYhVDMBZZAwNE4x5iGPZVMgBNimZIXi
2020-08-16T04:38:20.303665098Z 240 WsocapJPSiS1lAGl3a3dFwlK3mv7pnYJ5UPaCMxNLWXYfuAW0vahZJSjqzPQ
2020-08-16T04:38:22.865047578Z 241 M2Ikt7z6iaoPKoL0aDTwyf5m8YY9M2DepbA1y78BhKQiLEh4Feem8EJIX7Dx
2020-08-16T04:38:25.426053186Z 242 j4620EaOE982GI8DxiivMvlXiZBDIfzO7msALVuNPGB7AMXRtZ2CWZiCqVZ2
2020-08-16T04:38:27.986815503Z 243 PlY14pm5xEzIro78yNrWQwg2EyKeYpEXoSBLA0nvIdDFuV2ZWrYVNruhGzD1
2020-08-16T04:38:30.547932759Z 244 i89i5dZixAVMmBCU1E6zMa1gyKssNW1iBwVa0O6wZvIooc8agixZP2nEuN7c
2020-08-16T04:38:33.109498057Z 245 FAGlNNkd8mAHc7PVlzCu1bMLIp8SQW5hVHUGUvIDRnaFuvJZufrMuxYKiRLZ
2020-08-16T04:38:35.670969389Z 246 aywOwXYjhXO6lp4P7ZcmEXr7xx6Crp46CtdAb1VsG4S2eBWlmfVy5y5oYej7
2020-08-16T04:38:38.232474402Z 247 wVJi77ilRkWMXLogE8b1CAKQxVgZjorRzUCNQosFvtVzZKpMDcns3AF7BG9C
2020-08-16T04:38:40.794896491Z 248 Dx0cRbRLJRLvtc4Uc2wv3QroDg3GGKyr12i0l1Pg4iK3Ix7ovmFzbbIr2FfK
2020-08-16T04:38:43.356581515Z 249 0lKowDdDC5tBEo0h0mNzBELfdi1eqxDDvpcjBDLRXn1KWzfcmWNRCyEk1aBs
2020-08-16T04:38:45.918352237Z 250 JDuElj5ze40A4xuXTvuj4VAfIC4rR2Vb9LefeBCtRH6OFFEKeuz0NakQV44C
2020-08-16T04:38:48.479342471Z 251 b4tkJsTQcGFbel3EPzbbXSot5xuJ1x4frKhXCvve0n0HUfj8Kb67vGIXED0x
2020-08-16T04:38:51.041110649Z 252 yUnaf3VE9oPMkJS7iIdBpTOMSEt2ybFzEUP87jQrO5GnkBcVo1eXYlC1cJe4
2020-08-16T04:38:53.601915449Z 253 hqzEZvoIoqjq2ij5GYqEo6H6CIK3X7RqJgpxGXo3YYxgUZlyk385RgA3WQW4
2020-08-16T04:38:56.163289347Z 254 FdURDA9onIQ15CdA3FzKYDaoA1oQ7pvX0HXdnTghGVDvxl00uV8a5YroPPQT
2020-08-16T04:38:58.724202835Z 255 yAfHwYXRRMJbQZmJOFlC4VehCMFLrL1kdNgKCDmy8KSeEYP2mlcVG63ZMEr9
2020-08-16T04:39:01.284996682Z 256 lMk1CoB1knA0xHytm1y1Y1UsTiTJQ9lLz6xwjdlUwwkJUnzy4aTsTxzsJzfs
2020-08-16T04:39:03.846013590Z 257 B3S0bI21xy8fvzvHeqAyIb6puLvyEs49rCG04YiTqKTNfE04dNehiNzLGgdf
2020-08-16T04:39:06.407324484Z 258 l8kyu2vjaRTOvzsccb4IqvL6yL1L0FGkTNxRjsSWHKQnJ9oEuqjrjcgRDQ2c
2020-08-16T04:39:08.968549502Z 259 WiIzc5KoKpOyfu8mnILyUQJ1sGJDSHZplAp5epf6KsScFkEmiYvW7dEgCcA4
2020-08-16T04:39:11.530140894Z 260 6MO3U5UELo7tf9wYttfmfnagjhvd4otrUV6ZVQY3nXzxPMJVtalE8AS3DgZ4
2020-08-16T04:39:14.091430514Z 261 v9i4rKTuArgw1pTYVOLKchER3x3qAEFLyi5YMfnMzFTg3MMhcZlgQXsn7pOu
2020-08-16T04:39:16.653687766Z 262 M6i1BaFoUTSbiEuZX0aYsWkWkyYTdIx6lc6LKhLeg6p2i663NQsnglyBlcaO
2020-08-16T04:39:19.215807983Z 263 5drD6bA3qx5c3XLFMxB9aIlwrddrmarH4gWIBYVHdo0endGzlh6BIWumnbPR
2020-08-16T04:39:21.777703935Z 264 tztu5Xe682E8wVaRvN0SAf9OVPcLP5uw8knuxd75O8JTddCj6lWQxOoIh4PF
2020-08-16T04:39:24.339555946Z 265 Xk0GJMi2SfFeO7daEFiEdrZSzqFCQa7ETXdvlnkmlHvZ57BSQkCKkmJ9R1mD
2020-08-16T04:39:26.901716756Z 266 yfjl2Ekujlmu0zxy9TdR9f9TYyKZcNSmhR0XDgItDx0ifFYCipaaU8aSoqDT
2020-08-16T04:39:29.463780549Z 267 11nxgtQ5h75kM8Lkzue9KSf7ioEr008TEdBaJmc5KmKK0pYrM1wzd1ct9LDB
2020-08-16T04:39:32.025662845Z 268 dbNNuk63lO8uijnaQhy88m7dyndp1XsPSX6BROZM7BtUgMka8CsMp46ZKMnk
2020-08-16T04:39:34.587281761Z 269 G1lBSaaREpRGWwL5EOjargoWyVsH99pp4z7fcZwJmRKIsFaejb7NSNd1LyLJ
2020-08-16T04:39:37.148058883Z 270 eOEBIzJSt9wgtIR18DIeg62ElrnXuLyaQqxWLER4tnlS2LixvoaSzi2QD7AS
2020-08-16T04:39:39.709539615Z 271 GRQnsWGFOu5lewd5xZd3s8QUZKm0T89JCIZNWI60sA8OMIpZqweqRMgfysSX
2020-08-16T04:39:42.271403944Z 272 60lVJOsWVBv6b3SkiwK52R0l9yWpas6fO3Oc0bM1DE6R2ujANCRpnR7gRNd1
2020-08-16T04:39:44.832847439Z 273 4bpr9HD6nLcfcvSa4XIEsDW1bnnAMIG7jzTZIrklTduZBZmiHodw2k2Ha9zj
2020-08-16T04:39:47.394329640Z 274 n1D9x3XmtVJSoIQo9bEgrwQA3q03mmP4XhCGuACA3YfDu3WlpQtBAQLsVcC0
2020-08-16T04:39:49.955313317Z 275 QXmvaI8uej0WT0OGxE2aDzMn8Ctixv3iZ9ONwQFpPwDAyFSTZ9hrGn6LPnsl
2020-08-16T04:39:52.516669014Z 276 csCk2kyljjDTu0njgrMxNhHCCVUOUXWSjX8benYjDVfcoGalZ9E7BJZMGCwi
2020-08-16T04:39:55.078300224Z 277 ZII2q0om8ceGqg5bASa7R3EkzOFKJTPGn8SK9E0Vs8fn2AwpXwlcY4YdPBkY
2020-08-16T04:39:57.639043438Z 278 VbC8Yv4VjZYw7rrDN8yhvzaFdg5DD8GVteKmCHmlPLIy3Dk8ggfA3Zh1iGuS
2020-08-16T04:40:00.200118634Z 279 TUHNtX1NMlGIbplxhyHK4QtdjgNugRAinyylzpVCgnzRuxI3tQYa0mGLmiJS
2020-08-16T04:40:02.761401281Z 280 Gzcb6bIKu45yC4H6xvFIywEKcnF2aStngTmwscjRql233fIs6h9xHcrLEoqm
2020-08-16T04:40:05.322298830Z 281 ysy5VUAD2lU4bK7rM7nUXXhhtj545XDwJdlSJaWjOxstnf3l9nlNl7cc7fjr
2020-08-16T04:40:07.883679660Z 282 Y8DbE4uGMX7abXpgXxtGBYaXpjHY2jhhfaskpzCnbjJJjY3oWH2Sb0EFE5jN
2020-08-16T04:40:10.445718423Z 283 77XLnpleAPyLt0URWxolGFEnDk5xUHWevRrBlEypA9WZWrsbraQCG0Hwd8tU
2020-08-16T04:40:13.007643637Z 284 J2wcW6ydjLSKSyFbb9Wrg5Kw9NUZWE7VrMFpTtRwLo96eNrFAUdFUAXNwXHF
2020-08-16T04:40:15.569283043Z 285 rN8P2S9JRsFoGhVgPBL8pgXSoiAiSHy9HXunWTKbwRh98dzR6hwpbPL1TrPp
2020-08-16T04:40:18.130452142Z 286 4kwOCmwAyp0MCIvOFD14fgFRGTTlZYC0nxhPZ88cSSY5IAfYyrrHDXFXALI3
2020-08-16T04:40:20.692140916Z 287 1e507F0TuKy7zbR8ok0xoLCjeulsgdcE6gGju6qmRi8lsacrL9Co8wQy8a49
2020-08-16T04:40:23.253853803Z 288 YNO80s4rkEKyWLb4b5w9yFjuZWwSa7O97ox21bv82BF8Snry1JS0N48Yu0M8
2020-08-16T04:40:25.815338632Z 289 jt6nP3RTeeCXZZWHl75d7Nlecrt8Fid7f7nudYLy3jXNyg7dv4h9QwFsGoZV
2020-08-16T04:40:28.376136421Z 290 41JvAdXNCw3hDk907rr7rnSnhFtg8Pf2TpK2TGO97asUu4McPOIrVrPJVlFz
2020-08-16T04:40:30.937415458Z 291 o3n68h1jq3yImcVbZNTbpd582nfGzbYBkTbsZDweamOAqCIR1hS2mVsZgZ0o
2020-08-16T04:40:33.499147595Z 292 on2izSc3tW60bEwV3Qz80CUNK3xkLVmFJWc5dZYG7RHW6zXB2pW9L75PXBdr
2020-08-16T04:40:36.060817715Z 293 on30XKw1GytFmkmSIa6iJUEHarESMyWfh9dph5vnfAB4wqPE6GnZVsGAGgFP
2020-08-16T04:40:38.622223081Z 294 UnyWRk5Kqlu5N6E09K0Os3HNTbhyUEct9QO30WpkwXd9zMjUfJDSR9K7dDt1
2020-08-16T04:40:41.182983428Z 295 qlIgJcPmW9w32QFnqOWceo37WO2Ge7sHlOYUIPaKOjEfxLDP7UpFznMSZ5TK
2020-08-16T04:40:43.744528068Z 296 OpbMAyYmMoDAdSGcJQoL8EMJsyWkN5zzxbyZEOmIbwYvw5mfta6zwPF11Vc4
2020-08-16T04:40:46.306796070Z 297 PjOFWq3x2wp1Rj4hu1JyhRsUSpNC22W2DwIGw6bBNdyZwEdp6J5zHyqInv9d
2020-08-16T04:40:48.868535265Z 298 wMMi5H6xszM5EZIUvRSFGTzOTXSdzrEjLwVw61cARUkZh4fWqeQStPYo3mjj
2020-08-16T04:40:51.429738979Z 299 ZklWtsMhpUGIy2hFWCoxDJ7C3T4w9PNV7nwHh0cy46dlEKiMvoA4LnZVapfx
2020-08-16T04:40:53.991529825Z 300 ybxDiyMYDUTaRIKJmaMdDv7Mk5e0wS6MASzhS3mJGHTrYdCrE8hhvE0JrZh0
2020-08-16T04:40:56.553371186Z 301 ul4ccqaRwEZ9audsewWIRLQt8HjgbnFHVaQ90sdF6J2Ct3RR1XMzFrgPzpTD
2020-08-16T04:40:59.114830892Z 302 zcOIn9xw0DBBoz4wiUWcZBFsCyE8eSlKczFQT1kbXOu8MfHstjmhH5vR5QIT
2020-08-16T04:41:01.676374641Z 303 w8Sw6C5j9CY3XPPkMZikWYPRzBHhDYRWz1W3MUaAR9Pu3j5BdeOe02JqZiRp
2020-08-16T04:41:04.238246787Z 304 qlXznBO32imuuFqsrISAF8pXCVoN9dKE2kCxecpIJCQG8mFcJX7nrop5ZFlv
2020-08-16T04:41:06.799929130Z 305 d497q2qUQelNCHxWF5PrU7IeUbKe4FiAIVlG5gEjnJXalrh1k73VDHRhgtd1
2020-08-16T04:41:09.361897164Z 306 wIe7PduPgFTywVatStz2bi7R3vclG8SBOJUKpmYzVOuMfVXvkMS6mtHvD3a1
2020-08-16T04:41:11.923386424Z 307 r49tWpVYnoMAV7s69JBMv94x90BlTWtyISD1Gnf0hzzEjvWfpSmXRfEwzi5M
2020-08-16T04:41:14.486976913Z 308 PoBqf8jF71nJ6rvKeDWz52Pjl6B2he2yeoG7DZ3x3cvn0JFo4hH1wZ2wDRqo
2020-08-16T04:41:17.048715812Z 309 r9GInhoQO8SuKJrwDXmomSuiXVyh5pvFww2TczlqJLkVFUiaTodEXLLZKBYu
2020-08-16T04:41:19.610708065Z 310 lSDHDDlbJibEOaAPo4mgjs5mgxVG6u08KoyEuqOdZ6BDKkTHl27SLlmgFHKv
2020-08-16T04:41:22.172444399Z 311 ZEOvqSXOb1vGVkD2kc4wijHany9N6GKIrXh32qWxnacLwnngqf8pwzNe5iOL
2020-08-16T04:41:24.734371587Z 312 ulwpVkQe6Mny1UB7I4JPNYPKSaBwhkZ5cj71RRpA1Eymi7VChmco2pzdEz3t
2020-08-16T04:41:27.294979748Z 313 XefA0nEX6Hmavhp4X18aoyN0QFPUupinxZP1EpPN0HfUMT7Jzn4ADDJraKbR
2020-08-16T04:41:29.856205159Z 314 KVMhHFtdt18v1QlaFldGVeCD7xl9yZWmVveS7grKF1gQLVJyUVBsEpsSACZG
2020-08-16T04:41:32.417595676Z 315 mQjcEMWPYGldIHPoX8Ko9WtwVw3WuyAwBIbaeAckNLyI5SLxTNJIZXWCuicc
2020-08-16T04:41:34.979718707Z 316 JbiAYVZ9d6AqQ2I8bBz0exlX8bL4wEyvzOlSkHmA9RsnvEilpJGzYHNFwNRH
2020-08-16T04:41:37.541758603Z 317 W5oARm5xJEBbmOeygESUm4HruimeAIr9gGISInq8SbnGaJJ2YdHlT3BTY5TC
2020-08-16T04:41:40.103498969Z 318 QNBkNFlRpPH2G8BLANHpdMcql74WJEkaaZ8h8eKpxIiuQM1b3CSmJBdweBf4
2020-08-16T04:41:42.665375932Z 319 ge7ag8nnUpJgntZwIxILOq1ovZGVQf4IIdCHguRWr0gZVeLld7XOyo1Ga2nL
2020-08-16T04:41:45.227708304Z 320 g5y06obnhJJxWZBrjHfVGYYw6ZqH7NvM42AbntYQRw9foadEUdLHaMZFIVWC
2020-08-16T04:41:47.789100780Z 321 EXGWdSNryAetwQLIRfgDCQG4fV6pKjxNxe5SgPy7FQ4tiCsIuG4h6tFVnkR5
2020-08-16T04:41:50.350115891Z 322 bMsxb0mT4sly5IeHXbm0ey3hcH1frPsZ8ssHFYtjlQiIpssJ3AM4Mhh0x5cG
2020-08-16T04:41:52.911938992Z 323 zpAYzfhUeHiPG4EqkQ3eBPjm8nOMv3ltynjEEldADpuVPlnRFPDK2L0ZDbLx
2020-08-16T04:41:55.473278218Z 324 ektMqr7BZZ3Ak4AXHnZ5wPBSaSpjcj4U6UVvTRNii5YA5c8cAihFw847yKBX
2020-08-16T04:41:58.034155445Z 325 iLHHcLWRj4UNMZg6t4T77LNAmxONesu4reDO8I3a2xKzYbp7hYxA9ND00uxw
2020-08-16T04:42:00.594828063Z 326 BuDD8O39I8BxLeiIgOTWMubJMbgglULFFpaCDLMlKj3Nv31lS6RhoS5IrohC
2020-08-16T04:42:03.156202679Z 327 eQeINfE3p9OGzyxtZOoS6ym8aRUsHMFQ3exwO9meTYeSbe5L163izsHYbVFK
2020-08-16T04:42:05.717700588Z 328 MUJq9D3XBn07vc49UrqIYX5571fLjwsRFHki2IKuk9f7s5hfUu4fBv6J57c1
2020-08-16T04:42:08.279174461Z 329 AaH4JWfvTKqaChOHzNrUZd5D9D5Ige4Xp1WTA5VGCVGQ3JHFpEj6bKeVnatY
2020-08-16T04:42:10.840659015Z 330 M4b2KPsuHwm2MS3VMQBysLkLTkEQ0DiL6SkKZsIr4xvt14bPdGM3BIdnHET5
2020-08-16T04:42:13.402061544Z 331 i6O7gltgnj7DKoB8AGFge0lcIZoCGyrdUEVp65vjYwSKyonORLOv9ANCYfBO
2020-08-16T04:42:15.963046218Z 332 g8x2ij8t6wWqV1Z0z4nbFX8avgDVUIxG1CVBFYzCPgkoUTSA2AZXe7djQZNn
2020-08-16T04:42:18.524216131Z 333 GXkC4kCaHaImElYrol1iRW5762aAEaVK7UATZMJLRcHcOth12UZNdtrjRMs4
2020-08-16T04:42:21.085366092Z 334 TK635iL8lt3hDQBhsqsZZ7cIa8UNVV7V8rIWnyj74Uv6PevBrKEOMqCha7sk
2020-08-16T04:42:23.647077660Z 335 jGh3SJ9CHMS6KhvtxyYP1G2lYGoEcr0Oux6QIRIkOFJuNtyePogrAnhU5Vtk
2020-08-16T04:42:26.208486423Z 336 xKm796x8r2tqoMoFCJu98rPo5PzldFAYergODct1BOMKmB53Jv3WO7fYqusb
2020-08-16T04:42:28.770489835Z 337 4nLSHXEKmuWKPtnbmK3Y0Z3RxqB3FQEcE7WUFplOjz4JG38JWal0sDohHzPT
2020-08-16T04:42:31.331555997Z 338 J90TbKydsZWrbnFLqq2PGQKGgUyc1aQi5xPlWko1xypB6Z3wfUabpmkKbBAz
2020-08-16T04:42:33.893019111Z 339 fUyxs1i4qITLgp3Won8fj5PhCG1zUKQCIwdgPI9vn7nz05zCHSeyZDF1OlBH
2020-08-16T04:42:36.454486023Z 340 PRGz29Nznyv8jktoo3yilNoxFW4YYdpWPYipQ9THP4aOWuriXROcRvrH3YbF
2020-08-16T04:42:39.016436068Z 341 Cz2zWwP9pnZEqKB4ZupvsTYv5M0igNlFqwqO0lzimGyB8e1U590IRUd8xE99
2020-08-16T04:42:41.577902315Z 342 HVxwDZBKkHghmab64Bcs4r6nBOWjC2oL30FQn39HeRkkupVsS3c2ttYqvkmR
2020-08-16T04:42:44.138939025Z 343 XIOhZazvodGGWmuro17eUEn8VipxHEWhLwZoDEZUvYchPhr61KODq9IPUAqy
2020-08-16T04:42:46.700755703Z 344 H2fca7pt2JysPcd0FSRTSHhsiN2RAHMpD2AcA5QkKNcoFJu9roBZT8xy9Xf7
2020-08-16T04:42:49.262003526Z 345 2LXCfQjEVxo4NHf8KurX9o2akXLderxUvRi41vPWZNtaEDNcE18WYdSxDLYo
2020-08-16T04:42:51.823196089Z 346 Wpdkon9F8T4BzGm7vMM4sQVl8kce3PWKvhZawQZBe2Ub0dhnkswGycTGpBgE
2020-08-16T04:42:54.383964208Z 347 NAhlbaMFD5TccnxIMj2n1l2ssxsffumrJ9IdZGLsXroqbgoA3CgkPayXW7eU
2020-08-16T04:42:56.945855171Z 348 C2I8PNRVVkSXfLrDEHaDaYIrXzUz2YsgiwOqmqNQWJRE6NrBKVzjGzSMiZuc
2020-08-16T04:42:59.507494959Z 349 uWlpibZfvL5ILfe08EbM3cda84Yi0ZkBLTEqFamvanCnwVvuT0LIncWLiM1T
2020-08-16T04:43:02.071104970Z 350 55lJqKe0ahldHkFwS2pSaH4uE3UWiy4fv714miCcxBn9c6yOG5u4TBJOOcI8
2020-08-16T04:43:04.632601781Z 351 5uUS1Jv2WYQIy3Rx4P881CNeTAv8EbpjXdXrg9pKMYJocsEooczhC2OR3oWf
2020-08-16T04:43:07.194320468Z 352 t9Q0QuEtbcL1AvD8Z0bs3BIjWuCjHZ5EeWIzsjPcGW2kGaL7ACjzrZ5s8klq
2020-08-16T04:43:09.755417828Z 353 VOmj0nG4eJbMbXVzIThyE5lJ6OaWJeQJryxDjNVC6M9cXecHz3H61Ooiszmp
2020-08-16T04:43:12.316244404Z 354 yjbaagOcnkYmEFqXnmTHsqMdwPrAqhFHuJ5UP0rZOQgepImTplE2dcgSu9DZ
2020-08-16T04:43:14.877442587Z 355 f0m1otZqbETx7Df01PjrjjgIJMLo9sktIzxoiyxGdmcRY6u0QZIjqJ9k9rGZ
2020-08-16T04:43:17.439588063Z 356 UauoN4vgxFmww2NNsL2HSvWUctNDqY0Y0BRC50eQtfXpkDUrsU3RQCcZabYO
2020-08-16T04:43:20.001595274Z 357 xw1lyOnHlsqTSNW3j5xtR8cl2lmAkaQdvDozQsMz7cG3jzyrf1JRL7ugiSFR
2020-08-16T04:43:22.563433710Z 358 qqzHNKvFfMGkzziluXn08AkSuFZ4IK02UkhQ4rmEgLcrKSz0KivruiXnHsNM
2020-08-16T04:43:25.125305593Z 359 QEry7Os9hIE0BXmcsCALChBQSWO56kEcw8ZRwjCf1u7H7LM4DR4eOj6BcBry
2020-08-16T04:43:27.687047002Z 360 OtLQk1w51zp61JrgC8Y4o4JiaBy8ZmGbd0UAKI6oHDPgM99UPrlLDUhmsR3E
2020-08-16T04:43:30.248077557Z 361 eBRjGOxocQZuseUMOOiwnBoyIMAFUBL3HEhXS0SeoyJJVanyUehpGe5Zf1g1
2020-08-16T04:43:32.809471133Z 362 gLTRjR8Ck3BqbuJAnacEeA1Mqr7bioXwmRM4e5WSTjQRxzGKZfSMRXtxwY81
2020-08-16T04:43:35.370825668Z 363 gdYCbVd8Gqe2ju9KWo6QMxt3KkuWs8BTSsHQv5HzLuS04mYquBI7OzNbXQuI
2020-08-16T04:43:37.932238002Z 364 TAyuBWp0IRftwLCJGDUzHctXoA4ZIFr1gwRlzYdNGYWfhQY89s7KW09HmTJA
2020-08-16T04:43:40.493322528Z 365 1p48bhDoeLUkiJHdUlvBo3DPx29BAymDny5Z5fqC0VhUE4V3VDU5mWsBEaaX
2020-08-16T04:43:43.053773232Z 366 hYv3PM0PoQEi49vQvnzUMf9HvKkg9gqqPUi5CDHQ17AyX6tHvPo26pqMzD4x
2020-08-16T04:43:45.615754565Z 367 QUa84jf7BBrBXGbvhr7Ph2NjGExZ1te07meIwU2VoEnXCC5FnbgYGUrfoAP4
2020-08-16T04:43:48.177460465Z 368 XN95u47P9WrwDsjUzQismNROvRtvY8OXp7h81o9LNsvNYnlclolkH2SDv0O9
2020-08-16T04:43:50.739025391Z 369 d8zF16mUTyCTbzpZRofDBB2H9u0fJB33MvURYBdorSk8f9CmD0Au9wrSaJNf
2020-08-16T04:43:53.300112347Z 370 BAgEo3ZrCK0Lw5T5ZeeXGFCIes997gxfqKvCLwtXCZftffOXcFScjgllz6sX
2020-08-16T04:43:55.861144396Z 371 ZeOS1rJn1SbcT3odYFzx6GyQUeH64edQdxB8yrdmjey8uv7Wo17134BHGX7v
2020-08-16T04:43:58.422518480Z 372 LPxq1i4clJafvqYf5MAzo5bnHaGA0qkUsJyfaDH7UfViZsI7kGiXPFEnjVnf
2020-08-16T04:44:00.984804624Z 373 TTVeD5xvMspX8KJvcpiaWt2cRCkCwOk1uOB8yzlHHuPbgSddaIYi1iOI5ICE
2020-08-16T04:44:03.546010089Z 374 WjReijtwnBWH0gWHGLhBtVBFOQJdCAwOue5j3Vqusn9c2cWp3MIyDRVI3CgV
2020-08-16T04:44:06.107520830Z 375 FQNUaSMioXFzFk1BbNTIBC8g5FygGcBPVlSCBrDbUzDqcyBDbxrPqKNUvVtS
2020-08-16T04:44:08.669522246Z 376 WCuWr9IJbn3ZCENHal2qVDy0LbDjCfDDZ0mUWhDp2Dehmtix3u8ZZTaonkis
2020-08-16T04:44:11.231423890Z 377 UpLnMwhZxTg9OOvkZolpSDC1j38E4gmzMnFaHknEcfPNz3kUpLPJKfydMfF8
2020-08-16T04:44:13.792812676Z 378 TMgZ1CAjbrcLf2Vn3nPQLtpy3P0Uic85HfV7C77G6UhdN8v8XoEJtWWc6MQP
2020-08-16T04:44:16.353931793Z 379 5NWAnTrNQGLxV7gNbKxf2fvi0xwYzSwOZxzs5j2DmiQvmrXxbUAMzguzgfGx
2020-08-16T04:44:18.915282664Z 380 G9jw0VSgVwdcH0BPA2M8IhaQf0zt96DVN0Y1Fa0RcuMeHIgrCxtkn62TDD1h
2020-08-16T04:44:21.476262031Z 381 BvCOLnAjGMjZLgEkpor7Sn9URQLDw58V05BXc2jIjgv25SGy1OXWxKykIubx
2020-08-16T04:44:24.037664942Z 382 NtzZzFzpYVHspvheKNNH1RYDoUqZZlTuLHCyglo9idmsmMZN50BYwwaiLzuF
2020-08-16T04:44:26.599569967Z 383 MuceksquJjLm1k7WktpVHCyu7h32qDAzz15yKO6u89bpFdqriIYl4VeO9UOK
2020-08-16T04:44:29.161150571Z 384 EFXLmdtXF3EMnMTl5lp0QnGSi9559eZMOciaqTtkR6ctw1RjjZlzCntbs0bY
2020-08-16T04:44:31.721964301Z 385 lLiRrBtInHVja7NU7zD3okNptWXeuYqttf1tsIKqB7ECKDzrs9g8FeFuIi1F
2020-08-16T04:44:34.286786762Z 386 seL6YB0a7K00n7toVLQz28HJc37aNYyXnJoZFo8sccCiNQp7BezIWmGGOrpN
2020-08-16T04:44:36.844184063Z 387 rkklUbZQKihnfZfyCOE6bfDAa8wuRPFYAZgpxf1vWXU5ScE4trOELZu72P9E
2020-08-16T04:44:39.405440851Z 388 LzknY817XlaDOmK2opXwbR8QZ7HWUop8fK4qlWxlaNJs2NxcaG5dZqihKUwa
2020-08-16T04:44:41.967233699Z 389 AwMn7PVmkXxgQC1VTrZUkAwsBy5yAr0Mc4PKpVnav5qzryqPll8ofKSxM52x
2020-08-16T04:44:44.528093889Z 390 WWNSGi1SBJrNBeC4AJbYo0GyeM3GfK8cUNV3cufxwBx2zu8AiBiCDfqVwHYB
2020-08-16T04:44:47.089472373Z 391 KUXgDk6JwMEvkX7pJAODksU1rtUSJOK5gZPkwMJfXeCGfDU65BN97KMKuq7j
2020-08-16T04:44:49.651575311Z 392 rf5LKIGPJz2m5Y6ZHssgwVDnLdadC0rJhHA48K2H7fXAvLMsk1b2BvfnyD16
2020-08-16T04:44:52.214880541Z 393 pUiyLuyTkRAtj9Ax91nBst79Yos9LU9cacNfJrRF9ctdqQcVtn9akPTmkJkV
2020-08-16T04:44:54.776199276Z 394 74FFkYVMw1KYq3v8DO8W2xl1jprXuTCFeAvgKcAMlPFEXAWU54dgLXhzHSgn
2020-08-16T04:44:57.337282338Z 395 XeX8DasrTWexWFSS6rh7OH6R0OzIxx8EkndliujXKWVXtZil00gmxzSvBrdu
2020-08-16T04:44:59.898657881Z 396 2Phu2PV56IKFe9e5QwnuOGYe2wjwcGEEKwv9N0kAzV0Y99ifH7W5dV1xxEgy
2020-08-16T04:45:02.460695188Z 397 fye2lBzYZFN58udpgdJhZfLFDwtS8K2MKAim5L49qrHqRvyQjBgrft1NM5sz
2020-08-16T04:45:05.021791418Z 398 1B1UCgN2HjWFBBmiaKsjk3SS1gI0T9yLjkDojAVjYah95QlHFTDTRpiAR6kd
2020-08-16T04:45:07.583063896Z 399 A3qwA3gF6MMgypwP1gBfEY4ceKeY3Q7dBnilypiWQPJ6Bp6ycwQXzlI3e5Aw
2020-08-16T04:45:10.144765197Z 400 Dil3F4ZkVVoO9AlhvBsQpxhTMRn1MWoCSNH7mlFPGD2Jpx9jFsM9fF2PuKUy
2020-08-16T04:45:12.705842401Z 401 m2hlYwCCDMWG6WH53t4iLLaCvYowqANzVF5WUL4tkS4OjOdmWhYsz52iOl61
2020-08-16T04:45:15.267662104Z 402 Hxjrq3mZHnOJq4logwvBQ6TgL66BcCcf6eTkvIgHvKqTLN1CVPqpbWeHttjX
2020-08-16T04:45:17.829055145Z 403 VaOdsxm8NEK9vjF6OHxJVSrnbSAklbe7gzTbJLnLayHguFasOP5sUkyUe47p
2020-08-16T04:45:20.390068496Z 404 NF5gwXeQZtMho5w0CsMDrP3rOYa3uZZ5ycNeTajHLQqgyaqFU1NMcb2gmfrD
2020-08-16T04:45:22.951565851Z 405 GIyC1JxWa1g51xrsuqXucUTYVkfLwBX3ZqY9eK2oGPcFLugpboPCz7mGSOnA
2020-08-16T04:45:25.513349538Z 406 8OmKuugYvVhgvnBjKXaGFDwTRyvX23DRrmpW7XxphXCcaoDHlGCbz3I5SdtM
2020-08-16T04:45:28.074763396Z 407 CuVu0iAfdfRNgxsQch9xZRZeuQjLYmgsrvleWMx1gSr5RYod4EBL8N6S7j8B
2020-08-16T04:45:30.636349756Z 408 IXdy3qeRQ9nQZgnodTEEwGj8z0k8Yj6rVPjK7n4qFYHmlE5y9wURrO0kfLSZ
2020-08-16T04:45:33.198540437Z 409 RBOAuAGrG1acQhq9hMdmbKDEo6WB3tLUED3LRv7p2amQqNkRhJLMD9fQcKE1
2020-08-16T04:45:35.760187958Z 410 VsjdbEjKN0Ps7YZz4TlihTdA75GNete0sh0F6CPUiLJv06xyUdQHQOIckYDX
2020-08-16T04:45:38.321048388Z 411 f1YFd3K4FtzcPRYU8eJ4IerzumEUu5gzwjrrVNQrmChKRQzVFr4a7LSI1B3V
2020-08-16T04:45:40.881923541Z 412 s7Yx4p7QUeobZY7ClCiqrBzQPoOuzZx2pOCR8xDeAwx4jJvkIjdTKByJX77j
2020-08-16T04:45:43.443509984Z 413 l6QqITxD51MjxdKgFkcIS6Lec5mwTDMlXFwW4FpLvgRYm0Ms9POpTWk2tQRC
2020-08-16T04:45:46.005350525Z 414 skyolp98JwAo3jmAJO0mTIf1zrDNo2zyF5R8IH8K4EC1psvWcNY7xZf46VlS
2020-08-16T04:45:48.566169651Z 415 gcx4pFIK8shiT2Rtme3SLhgO5PW7FQ183stSKvyeiT6qSX3BBCdZVqF3dQKl
2020-08-16T04:45:51.127187081Z 416 2wVhZouRBlEn9Wmsadr8Nf4nf8ZVTpLhNWCR9daKrjJlmcx8F1YzZCKfm3an
2020-08-16T04:45:53.688304316Z 417 FzNzFOYhGekGqG4IU30DrdN0lkq3rhe2ZpYrDX4robn9zYaooDvHNyDQF8yB
2020-08-16T04:45:56.249213259Z 418 v8wvbAJaQRHnyX2CAR466cvu3UY52fEk04pNwsBr17KGgV9OsflVRJyfgG84
2020-08-16T04:45:58.810385040Z 419 v5pHTkHIK8cVYcW4xX7yU9Bme7FTQiGj6wyo0cGRi5dAjSdQj5KggvHVy14i
2020-08-16T04:46:01.372483448Z 420 tMYrGRCxky0jt36grP7HI3s7ogmqTmhBQ5ZNUo5n6Xqjsru8085TJeOpyXZD
2020-08-16T04:46:03.934557655Z 421 J2nVD2sT6hyt5v1TtituVmNxQMQ0VSec2kbrbUOyiN4KLl2vqCNVVxvCQwg6
2020-08-16T04:46:06.496823500Z 422 Tyck2xc9Q2QkeqMUU3MCUOfwcm6OeXCvHO5xsjHvUX2lc72WVQr9Ou2dmXj5
2020-08-16T04:46:09.058686004Z 423 TyN4HY2QdwJZyJYRtPWurV6PtKKb7tLJm2iLewoBvSUELiTYDM0JqZdEpNV8
2020-08-16T04:46:11.620144150Z 424 4PdJ8ZnnBLLwGDWUPp0rY5jwNSP1iHXVzOJxtpEsYAsTOhnc1X28wxq1xYDI
2020-08-16T04:46:14.181474381Z 425 w8is7XE8Jo4feds6i2fCA7D8fzlEbiLGwHZnXLUBa1RMxePcTBr3hMDwLldl
2020-08-16T04:46:16.743871603Z 426 x8BNelQpMpmToYfT8ylIU5GlkDcQv5Gr8OMNAhznvn1hqS7fUoCGKmH9z3Ge
2020-08-16T04:46:19.305163124Z 427 Qq4hnYY0s9IDQPzom3hKIJjd6sZywMXpYsuejhxIGQ4wiCa7YRwIDqy2YwEN
2020-08-16T04:46:21.865802423Z 428 HgZTGfyGcgX37M2mcejOBd9tCEOectjS1hNwr2NEpP5Gn33aQisTlFYWOeDM
2020-08-16T04:46:24.427105054Z 429 IKB21ql1t3cgrzHv8KTQFUe2fTOS3FJo5DrIjXjpnehmzxRLYvKPzpnpntXD
2020-08-16T04:46:26.987853682Z 430 CLSbavuwZ1TW15gUO0KO3dFoSCIMzoCdeVzkCIuLVKcGG9OC5qxMME8rCnL5
2020-08-16T04:46:29.549311149Z 431 z2vG8NVE544lYJi24MJKzqOmOrVQCxyA8ETNSnLgXD95Cx9ELEQRNRL8eLqR
2020-08-16T04:46:32.109818411Z 432 fRnBb1AQhk0MNNLBah3th81fEPjDOPSM1XEFDzjvLJKyH04MWODHLp7pXwv6
2020-08-16T04:46:34.670944975Z 433 DjBpFgHxz3nz3v99nBjAiWfQzSHZeSVrRwAlD0OQLEER17dVi0rmM2OzDsEZ
2020-08-16T04:46:37.232567376Z 434 JXCvQ4LaNuVJEYyRRPCuO1rUagEAAhc8nkfDRV9plJRSoX5wTceYfyTy36Rq
2020-08-16T04:46:39.794674310Z 435 Q7s3nexH6mUkgNwfAqFFHQwIsiMtVsUH5ourGlsGoBy7RcKqBV7g5LxeUnxx
2020-08-16T04:46:42.358418602Z 436 J9nLsVkZRKSEq6hAhbLHm7Bhg90QERjVjaLAbXyfml5tgqP8vkW4YcOirTyS
2020-08-16T04:46:44.919659636Z 437 RSuDwhT1YG1iGu9ifCweoxxpEAqDn1fAmromyg93lXAZzgOvfy0nS22aTp4Y
2020-08-16T04:46:47.481645927Z 438 KSazTia0Wzl55MiXMgp6CJv0YZytHbuVWcppa6e41i18g9TB5jCC3eo08eR6
2020-08-16T04:46:50.043423421Z 439 p9mZtPnfZ1CbITUmsaVD5v5QRMfpRj2QU24vuxC5MVQFwRYOuOGwKSuPvmaL
2020-08-16T04:46:52.605628715Z 440 0zIAa0mFZkx7B47aCpgtWgqQGCZ4alJCVgfYkmd9LK4gsebWFdjxWBTm3J7p
2020-08-16T04:46:55.167308501Z 441 q4DB9rDa4vwY2lRLr5LAxkNFvM5oVk75S2EPSdKQQx5sU5MwvwsWVVvmfuUS
2020-08-16T04:46:57.727866393Z 442 yoEofPMOMHA0dKOttE7tjn6oXQBYVg4BsHkOThUblTfY7CoYy2XJ46RmH3ZU
2020-08-16T04:47:00.289296632Z 443 zVg1E2jpMa3Zx7SsplNN1ZLhXOaSoAQBM1X1JpMLuXTkJbRjf7KPiwrhMCKU
2020-08-16T04:47:02.850487900Z 444 Sz9lQwa1sQQJKtKBhFOiOQ0G1rta9t3CYm8ue0kB80tJ0TsDTIHF0P0jTTtw
2020-08-16T04:47:05.412532516Z 445 cRdeg7oUxIdg2ciZSj6BwFd4pA1Dbz77RkstOQEn1BOX3VPwUDgo36iYuFhp
2020-08-16T04:47:07.974362813Z 446 wrxeiKJ4BlR9EB7rLTzM9Pq53ne7rk0vm7oYI9ndvHqSioAJn1zC1UdMaW29
2020-08-16T04:47:10.535538935Z 447 YDFTmyW2kM0EsMZEBoLZTEkPQE1GQPct0rmmByRttwmHhN3v87qc0O64yXtR
2020-08-16T04:47:13.097348894Z 448 LnxqyQqzGtP5nS6vhcLjE3swxYh1GaL2o3Myxsli0Mi9lidQHUDJ9jLnwcXv
2020-08-16T04:47:15.658376069Z 449 nbkmm0ZttEjXLIHNFiL7gUCj1Z4WZFDaV3c3REymapnJhoRCbgRBtClXJO7W
2020-08-16T04:47:18.218950983Z 450 CkOPBXd2k2yH3mg23nIMhFifVfUEsoxEIoKkEssFXAjzdt96KyD8TBdb038h
2020-08-16T04:47:20.780415706Z 451 YlqtmmXLM4161IC4yANG1Z17MfvVFijUnt8iJUVT4xgYQ441i0jQZmZU6PwL
2020-08-16T04:47:23.341981315Z 452 Kb88srbVAxT4UsZ4lZyfTO0pCBZ5QOLjGoRjfWWsp9iN8i4ewCSjnlxkYcpu
2020-08-16T04:47:25.903132458Z 453 IJRvQSc0XWFIfmHRqCp5pAXpuXQnJrFuKTPwIyjw6Fjz40KNVaUsu9Vo0T6L
2020-08-16T04:47:28.464639223Z 454 4wNbZ9zyyX4KXYR2n2jUNgMCycWrPyCqxZxYQMosvfFQmbxnGu9e2rv5lYOv
2020-08-16T04:47:31.026195767Z 455 iIKUJQhugpmIRffQhGrEaMhS50suOwIB9vULS5JHeH6isprVqTrFSqpCv4UZ
2020-08-16T04:47:33.587306200Z 456 yHvlVagTnX9PS2oN2Wmw3X3CrlwG6PWucJd5tnuISe9zG5frUiiq8MIcdO4a
2020-08-16T04:47:36.148617330Z 457 U1HrPUiCqhtMoa7DdyVw4Ez2MpNamSO19T8K0BOkpgDHDrtTHEsJx7GhbA2t
2020-08-16T04:47:38.710154418Z 458 mYvpeKOj2in6qFwjJVYhoIsIr9TELbWOOVJSB31IXKfsvEQi5xvBaOKGGF80
2020-08-16T04:47:41.270995350Z 459 6SLMP7jHRVoaio1jagl8gccIiK7jUOLFodV27vKcNRImXv9B5yC0mJpWVe7p
2020-08-16T04:47:43.832433153Z 460 MuhBnSUjGPNNvRPE0U5DqOKJwJNpnCE4W4LNLVntrk3WwcELoGkrLhI9Xy4Q
2020-08-16T04:47:46.394328715Z 461 wfo5OLyY8KRMYUnFSJGHTADkNMYjsnGDGSqku6caggtMeO72do7k6k223utv
2020-08-16T04:47:48.955016428Z 462 BNyzndqMHfmDYBSEVR82amMtJrdRizsWHyVV1adDB06f7EdssMlBNAamDU4K
2020-08-16T04:47:51.516103236Z 463 g942b0g0bCTN80cykbwP2KRLsVujbtIWK4NigMFgN8en0cFJ2XGUTuOfDwqO
2020-08-16T04:47:54.077725446Z 464 nTMRiLOzOIVEKzwOIMTmZvT6pktISx98ur9t97rjvDszpbv72GIwGuVgCPjg
2020-08-16T04:47:56.639285295Z 465 z40sUZ1kmtUIZD2muolbxJbRn6Z02pEzp3np5CPYjbqNCwShXVZXYJKkGr2a
2020-08-16T04:47:59.200405425Z 466 iDAT7NaUOMrO133gFatEOtTdi4xiHXPl4OOkc0UjUiJq1wy1pTir1q8lBIVp
2020-08-16T04:48:01.762604545Z 467 2OJLO0EF1WhB8ajEy2jfWWK1n0VgpLm269oCztscrGZSnrbD2jPtXI5iSLPE
2020-08-16T04:48:04.324735119Z 468 BQrcVub0lu578v84y28dUwnTjyyFIxFNPVEmLrZDnyGUwkRhma4OmMLd1e7u
2020-08-16T04:48:06.886186201Z 469 AllFTVCJa8Ch4VAnIVxkidLXkOAHw2LcGLmPKGnGRqQmD4MtBh4XTIa65ssh
2020-08-16T04:48:09.447538434Z 470 Km5NewiEoSJTJPFVpXWUu7tV5Vr9a7a6RR6koAX4wn0soBWW76g1pRtffjvl
2020-08-16T04:48:12.009289269Z 471 lKVCOXvz8g63803TLkGCp1Cp7qLf4flIjVSA5FNcKXWrZz6YKE5f5VHaOG32
2020-08-16T04:48:14.569866823Z 472 kIF9alMAcChAUPapJOUM4oM5rEANa76ytVhaBxYR5HZ4rlrUYMXdV7Nq6PmR
2020-08-16T04:48:17.131040056Z 473 jElqGWzCJ5d1HrkJ9MpVtydcwOviIdA2RUHWN2EkbrS8EDLKfj92kSGcbzgQ
2020-08-16T04:48:19.692581946Z 474 FbJRjnScZPDlkXtIRwtSVNtz0vFRAJVlGvYdg9Kf1C476JbzBUuc5OKneY10
2020-08-16T04:48:22.253942739Z 475 4tc9VtIVWA0KpORJ1gYiz19sE3GvIrD6QdN93KgVKinYS5vbvSFZ4mkcKeva
2020-08-16T04:48:24.815024795Z 476 imaJca4fRZLMeASxxbnA9AOkPMQpXvL8qhNiaxcPhntI7HZC1biT2mSd2j7e
2020-08-16T04:48:27.376344541Z 477 Zvy8MiWhYt8jBVGzHNiJMajPdpYXJwsoFOKYTRpMGErORRNNi7n1cOO4ZM8U
2020-08-16T04:48:29.938482824Z 478 6MknEKTnOiA7RF41JtyZRbeRfteYnXS2TO4z1yNfhvmIhpNTNDzZcpRYwG3M
2020-08-16T04:48:32.502672477Z 479 XlvZdGd7DF7mqshdaTi4IB1LZCDShOeaYwAUiRhSNTelIweoB3Ju7FM7mRGY
2020-08-16T04:48:35.063827141Z 480 jr9WbJmEc22jkBb7X7mqhnnfU7ZjDnU5y0gnoF4TglWD9nh6jepBe8s1eQAw
2020-08-16T04:48:37.624903399Z 481 GwqDhuIte2nSLVRtyFTeopv1Es3mCj5S5qknRKD12zCTqBA5rAUrcwGEkPIg
2020-08-16T04:48:40.186292058Z 482 7s5jrARi4fyloQf0IpfXm37beL6d1UGqzlIYKaKGvNiQoGtqJSFEnyxG1fb4
2020-08-16T04:48:42.747189461Z 483 t3Fjxio0MoP2q5qF6bXdACYtHb2N1NzwjAcd6T3PKGw3sSC4zAcGNOXh5RvI
2020-08-16T04:48:45.308744900Z 484 SuYPazBlIjCWsk4itJv91kiNXhUWE9JdY6G0iHvSkgETffbVmBoStC9Op4u4
2020-08-16T04:48:47.869896029Z 485 t9oZPF9cPLvPV9RPFYSPTLlD6ZHhEfgTjEp95vd4b6MYvqHZgrk3rn1z0NQG
2020-08-16T04:48:50.431684090Z 486 lMUoOGVFMprURrn1y3VINyvVbmqPedSFFBnMm3yBthUnk7FtNheze5pxHDW1
2020-08-16T04:48:52.993034482Z 487 vcXzFyiHwHcaFCcf83xnzBxT7TSaL4jJ61N1jK8v522am2KZ4sFOxyQEWRL7
2020-08-16T04:48:55.553929223Z 488 JWp6OjCulaXCDSdHRCgsUUwG5elePnKXRkxjPpE2eaCSIb9T2kf08ukwbQiH
2020-08-16T04:48:58.115415442Z 489 IOkyPXcPACiOeBaZvwrFP5bxXu3lx0QaTHErz4R5GgQIkk1zUGZSYmNGEpG3
2020-08-16T04:49:00.676455192Z 490 KFsVyAjbtuEJtDxckuWyD3QtUnJTzByEoucpZilxGCCe7nV3HnRIQjrrQ4s6
2020-08-16T04:49:03.237987145Z 491 zdFCKWFGQNLAaQXchsk9hOTcVSw4f5eXanUO9D6n7AIaLDL7YFbStvb3B738
2020-08-16T04:49:05.798885707Z 492 m3EwNO4ePgfKjDDM9wzcAU5LCyZuoHV7mXO9HZOH5MP5DWgnO1aXMTQJtwpy
2020-08-16T04:49:08.359840607Z 493 NO3GcRZruv4nIh2KsyQ7mqsJpGO5Wqex5zfFtdvYk1E0DKMWq7THX91FaD7W
2020-08-16T04:49:10.921450434Z 494 irv16mE70yKB5uUuFc9bTLpjpQdU779LHv7z5D2NDeqVTRztjQzWrsmKGJlP
2020-08-16T04:49:13.483559578Z 495 LymxVV6h1KpJQSFlMztm9oZdQjeDDpzO9RPQI6rg17W4pwzkyjp0DuVi60EZ
2020-08-16T04:49:16.045476107Z 496 uzTDlrszXvEgX3E5uhb7wLHiKvJikxYMAwbcCvwqLjloB1ZLfhMdiEmOzR7V
2020-08-16T04:49:18.607418584Z 497 UN3t6Ifj0GRAK19x9uBfppW6ATIFe1RyAoxuke8drquZGeda31OwzoQ83iXm
2020-08-16T04:49:21.169206878Z 498 D2FMQG1hnut0ARLtLb1KJlgUHma2K0kFl3w7yUx6OsruEZgeQQzJcXTqxMEj
2020-08-16T04:49:23.730630841Z 499 Ub8AUCjwlvbPL2MS1flX4FQWvlJWAGlXigq558SAG58wz6wv6Er4aDh6QSzw
2020-08-16T04:49:26.292814956Z 500 mGP1M2ODUG08kNEsWq3UnMFFdfIK67kARm3MHrQ7Nc1SojUeKUizOkuhwaps
2020-08-16T04:49:28.854377861Z 501 ngaECbe1pRMSRCLKXvLOi7wrtCYypoYYdn0zw32BUbsv4kga1cumTw8VYpYg
2020-08-16T04:49:31.416002138Z 502 jnXVM7pXmI5dkozpO7WT2O0v9OwVS3UJiaycMYBVT6HC2RoJM1rf84EJsBeD
2020-08-16T04:49:33.977321791Z 503 53zKJ8DAgNuMI3mbjt5JL5xMtSaKp72iBkyelsDL3dQZlvp8BA5rQYRPXjCM
2020-08-16T04:49:36.537926670Z 504 0QRjuiwpoq8G2ALoVx9RlUD0JeFRb1xhagkhEue16FTk5l8IA86cYvMm2uu9
2020-08-16T04:49:39.099242425Z 505 i72aR0OreKc83KaUjuuTtsy9LqWCSvaT3wARO9hg3Dj13FfDQmPv9bpE7rqj
2020-08-16T04:49:41.660197297Z 506 D6M0oZz4bwp6d0lJPJUyqUYyDfGjoCfAO9juybe1WLTMVWzGAdoZajYWPiOB
2020-08-16T04:49:44.221175177Z 507 6oDfb1grpK7EF3vJ9i6KzjauqeVz3Zt7WG8lVvfkjmu1zSRSaR0VxCIEj1dT
2020-08-16T04:49:46.782343344Z 508 FfpRgmzfkaCZzP9YNvFWCE1Zd6yt6NGDD1peLHYE7DYcHt8FnEk33LTeGT5r
2020-08-16T04:49:49.344428468Z 509 k40MlbqPTZdxNzh8yQw9MzrI3vofjuKbPsNtH5tFLStHGK1ygFHsOvYS9DkG
2020-08-16T04:49:51.905915971Z 510 sdnRrZPohhE842QKno15AaOn9xGndvkiXCILydoOlWfyi2CQg9b1xyhW2IqB
2020-08-16T04:49:54.467525639Z 511 Z1DYCvjipkCrmv43b9KQlE7OEqWEWO4EHt4AekhP6PJOiit3PrLCIcmTDlr3
2020-08-16T04:49:57.029588003Z 512 KeRUXZ5OypQNoqx9xhoyjjSb2iOiwH2NaoejDEsAXT0e66kaRN8Y60SbV64h
2020-08-16T04:49:59.590821362Z 513 b0pAvWF0VRVo0Bc0x64GlLFUgunmrmk39X5Wq41KjhdqrZsdpX494V5qri95
2020-08-16T04:50:02.152024245Z 514 mC6CgYb4nMrC9z3VwoB21dzAgEAc0ufR6JvnfoTV8Nc3vy0xDw9xZgiYB7J5
2020-08-16T04:50:04.712976597Z 515 894yYHHC8IIDfUUlUSN47W49atCChLvviNHlekfg7KxkcFjQbyyi3ZETiaTe
2020-08-16T04:50:07.274195971Z 516 Yl84FERIskJRHbyZv3rGvx2Pdr0o70fISuWxJGaXxN2ex10FrJeUJZuhQFO7
2020-08-16T04:50:09.834685760Z 517 A9z9s3oM6m3WUn4RBjHrQdcSCZC2fwQfw8wIe7UxKoheu0aIt10mXrvHpGQr
2020-08-16T04:50:12.396742549Z 518 k3PNsZApL2oWVZMfpiFvnyjVL97CUSfLK7kw5rPxHhuxgcZf8Rwe90Fl7RW8
2020-08-16T04:50:14.958675522Z 519 2Y7K5EtFDRQktL5rvHKsmINoKIyHQNS2yHMwiH0cb9lugKnDKROpN46mG7v7
2020-08-16T04:50:17.520158929Z 520 9w1fol0lvif5LiENwh4gsGEzhTEsyf1rvvWsqekph1sDDK2Ip9qqx5TNjib3
2020-08-16T04:50:20.081531450Z 521 xJhlelAxgrQrfQaW7NA7y1sFicrfrxvag6aDUGTrwkvb3whPcquc8zm1b9yX
2020-08-16T04:50:22.642940554Z 522 f5UAeRYVdeAvykKAYrM0QF8k5W6BQGZNeoLG3tYNFBsbrRt4OcbLzCFdRibS
2020-08-16T04:50:25.204790409Z 523 XfKIBMS81Tj80U5Mp9HaY2FAkcb4ptJWhnmV4jk6SmaKoqRa7YHONO0zDC1K
2020-08-16T04:50:27.766398444Z 524 hWwwPwkc5dBoGuS6ZoSSAFOVflleXsGG9f9lkLM2CqlYBSBQmMX8VkSbgafo
2020-08-16T04:50:30.328593463Z 525 ZMQ5lRE81Gf4WLQK83ju5Z2Atk2aqGPNqwzotPfpJrp1O3wtu3g4I2CXNtAH
2020-08-16T04:50:32.890183918Z 526 nDZebWsh2T4eSquXS7BSjFexUwpHlzn0YTsCeZGsOcK7kREoMsG52B4j3u9V
2020-08-16T04:50:35.450820187Z 527 uRpRhglqIEX0jwDTPNob1len67i3lzfIqnzp7o4cEVSGY9vXVCrqe9e4wx1N
2020-08-16T04:50:38.012174727Z 528 bHibxWTIPdRyjwGr4g9yRVRp58epi3nOUjInyFVgSCzz3ToTUB3oe2DZANJE
2020-08-16T04:50:40.573212353Z 529 bUAfg8sltXIElch4kqpDuMyj6rK8EN0IaHA4xKMsLzsryT91Joxbfr9AbU81
2020-08-16T04:50:43.134605864Z 530 YchoMr7oe4g1dMKiqGuXmmboQ4LHdiwbTU4rjr9rsQCHRv662opF7IW1eVhM
2020-08-16T04:50:45.696404538Z 531 ppPrA9Os7EqxeI6NFUxskaC5xzmvgbk40lzb0JEEXUmlxbyR8jyupra1z6tJ
2020-08-16T04:50:48.258086637Z 532 i7bu07wBcB9BTe66k01w3xrMl4ooc5W3QAC5e1EwW16Nyr3u5zCKbCHDI9YV
2020-08-16T04:50:50.819236830Z 533 Y40eTxyBBH8Q3uzJyhhjLiyki1LAxQMvQe57aFZZhKqIED5Owty8uhlRLrNZ
2020-08-16T04:50:53.380768878Z 534 T4gNbChFGQWA9Ye8VcVGfdTkVCUvwVO1WUktfth0077vb8uLfqaDFlo3xLvM
2020-08-16T04:50:55.941942378Z 535 nwUrZCeuTFVJnlGwknJBfvdbkpwzhgriXuDoavBwl5Pb29py12SQdHl0LDy0
2020-08-16T04:50:58.503188465Z 536 DmkN517JjfYos6ztriATqfSSzzxsVWBVEALmJXNp0gKkQMNeryPNrEqa8BzR
2020-08-16T04:51:01.064449184Z 537 9mVOaLTmZUKVn1HUHNiDEoFLinpBM7yDPsJ83xdjz6nzQThcHFvc2xYPVCch
2020-08-16T04:51:03.626057561Z 538 o3k6tNeb3N8awORq2MXiFuDr304XiZKNc8qdHZQ0pZOumwzr3LcvYrN0vERQ
2020-08-16T04:51:06.187862921Z 539 nITbaciGsZECA9Knq6uRmmO9vEiPoDB7KOOKUbSLbodXDI2tC8klmBrUr7yu
2020-08-16T04:51:08.749442749Z 540 GAZYtwh5JKcWvBoFNOhcuL1G7gi1DxWcG0TkhNRlC7MiM3y5EX1uqZWlMy92
2020-08-16T04:51:11.311066810Z 541 h2VQ8J302FR17bBmoBesjGUxGfUxi7eRpIJJtzzdBoBXtrlhwD4HCkU0p5gq
2020-08-16T04:51:13.871912604Z 542 VegoyWKCTyT1VR7SQcSXMXF0untf46akz7M122iAstpQxJVHa4CnSm3XfXLt
2020-08-16T04:51:16.432879637Z 543 zfhIe9zX3ktTvg9nGwcfbzAnmTCTXcWIpTQqN3CHeKS2szdGIrtgh06CpWuX
2020-08-16T04:51:18.994633424Z 544 z1rGT8bG2uSE53bKvDKxa0BzerYUTK5kSPTji2jMxHARKg9m9auOLA8LCknF
2020-08-16T04:51:21.555944642Z 545 PxSoPylKrz61F7eoZg8vHuWPnJg0j1FHhVQ0ukxdPIfAuu0pF3N7cANGfLML
2020-08-16T04:51:24.117060244Z 546 5dJffSFt1zvxE86t42Cj3k3KD0TWhmkD5ppYiOdsPSKCyjqsVInQPZcZjBPJ
2020-08-16T04:51:26.677922746Z 547 nJqIVG0fbizJMIgelEHKbxzS1WF3GXPwwC4hZd9jqkD00K6qo2YwZTIcM7UC
2020-08-16T04:51:29.239769723Z 548 ovAFN3kIJS7ZnIPwTRWolGwkz1Bv5u8KkdDTUBxVY7Ew1EWZpsQfQa7k2V8d
2020-08-16T04:51:31.800821534Z 549 3sGwmaYOtgDpACLmUyhDZNkIxDXhpQbSr2u3rOO5aEJPyQjqCGCkPhACk9BH
2020-08-16T04:51:34.362522846Z 550 SdtmEcukqCSWiZbHuBMZ9FewDeGBGpFIKyFz0ihcbKshKJiSPBEjFbilhE4S
2020-08-16T04:51:36.924431030Z 551 gbvvBZoUZ1CMNVkJTkJFWGFzOSFcUaYMFm9CqzHpAFauhyS24O0DLtPa2V3Q
2020-08-16T04:51:39.485841915Z 552 VvAQ75rf36YWqwe1limbPZD6EO98Qc9EbYj6ki14cFnRzVHphadbc5sKXmcB
2020-08-16T04:51:42.047613625Z 553 6U8n0GrpVUOroAxGkdGo2SVp6vxODq2TV9Tv7ExGDq2SUHluCe8sldXB0n6q
2020-08-16T04:51:44.609215565Z 554 etu6VhOAUScQmbX1dhMP5seWjSfmwpk27PYeVvejRx3LjwwyYycqRCYDCQr9
2020-08-16T04:51:47.170412082Z 555 aECOTRoy9tWXAy5ZCYAswukBV74MZp3xQXYOC0lVP73M8jLaIyLusIPzdlRc
2020-08-16T04:51:49.731628624Z 556 ykMQ8Pjdhkski7QwVISH7Ca5IGAkW1c5kz4wF4mfbufsdEEJymJcYXh9YoXz
2020-08-16T04:51:52.293429774Z 557 ECnzFvoNtSVCN5P26SZb0MgoHxt2uWRGW3mKRVnZRueZZZqINfJvqHBhRi8k
2020-08-16T04:51:54.854799444Z 558 dv6XUw3Tdgt0yLitBEWv1qrqeQs219nWQ8fPvsaeNBlL3VvWtIfm4CqIwfuo
2020-08-16T04:51:57.416366012Z 559 QL4NXosAe7vkEnyV0AtPXbl0YDAowXd64H1CkRhPxNvxzi6iQ7VepAJicofu
2020-08-16T04:51:59.978087247Z 560 oFXPj7TeGIGnCFWd6rO2AZ2KY10ibqMh8e7ZvGrqSodFcUF7ExBjzA8XewZ1
2020-08-16T04:52:02.539389713Z 561 DwPw7oiiXfetVSzMg2dT0eXQ6p9fhA708UGdEZNUYcRDBLpjlAdAEPbFHNZz
2020-08-16T04:52:05.101190221Z 562 gtQPitYAyslNO6xDRh8dnVzpoKIN3vF6VqRlC5PUk7FEZUNlKsL5tVhEjNeT
2020-08-16T04:52:07.662649277Z 563 4xooXk4F5gXZOnxgUmVw8HTLn3Fj7V7eZFhkY9uW2fwkGxbzsONBZb8dBjKW
2020-08-16T04:52:10.224557182Z 564 3G7vC9raj9IUIhcvfFVoiIGPMbmlPRRGCsOyJYkLmuEFFQ345Sf2vgA7ORs3
2020-08-16T04:52:12.786283799Z 565 jA0ylgNzyTAEmAfnSHuQpZGyZ2qyXXGSkNhPMUUUVx6MMzkxZm11QeFiIlPH
2020-08-16T04:52:15.346963322Z 566 8JVvqg1QMxSjIejWYDfw5VKROmM86E1rYmv3K486IKml5cJqWySHIxLHEBaW
2020-08-16T04:52:17.910498320Z 567 JmyX0Ilvj3YwspK3U7YtQa8qWRMelo0EsvdEznZ0DiAK5v4n1WEUj83Mgx4y
2020-08-16T04:52:20.472170253Z 568 runQPX7ByTaNCkMtLD2kOdQBn1QpLi2KBugcZrFQj4wg1fQuX7ufzLQNa6dy
2020-08-16T04:52:23.033254848Z 569 SJOyUFYIJj0rUIfDiviKiMaZWTd5K3fVgQlZNE3Pb4S4WCEz402ijn6NT81v
2020-08-16T04:52:25.594666145Z 570 n9QeV3uVPWRX9utFUPSMYqhIAJQsuajj3Nb8XnvtEZcyuyYBINtn5r4kGnBo
2020-08-16T04:52:28.156010397Z 571 Cr1bEvNBGGdyi0MtjLyjflTdnG4Rw8tqqq6YBUuWmxyvEC26HJYEUpQ2UtBZ
2020-08-16T04:52:30.717363870Z 572 TNb7R7OFBYoDWB2ZgpQKYOhwtKifI5j2rn21HNXPWosuVWiW22HzuoUzhyYE
2020-08-16T04:52:33.279542258Z 573 rlCMQNrJepO5JNOh5sdSi3hJlbAw7WJi80E9cbqwdVJkRmBoH4nUbsyYNxiE
2020-08-16T04:52:35.841822793Z 574 36etfyJTLamM7eVJ2Fv2p3CPcE732DMRrnzUFAwXJR1brhPRCmbevKfUerZ5
2020-08-16T04:52:38.403701152Z 575 Jr1RCaf7HPuIiZz28blE0CpiEpED6USPP3eVFEU6dMr45WUSeAeEsrXvVHRb
2020-08-16T04:52:40.964925651Z 576 pmhtnClVQ3jn7GlZlB2VAVoiQeq0NBFUq6T9SM4y0CijPAxq9I4LNMhspbwq
2020-08-16T04:52:43.526418059Z 577 qdbN3Fj3U8pGf6McnUXi9xCPMmLJuRcLx5sctBlsBqoIGi1XcjD61a6fcxgt
2020-08-16T04:52:46.088035819Z 578 4jBwlrOjfbvoSEOkiUlrcyjfZAv8AQItFborYfX11mzkE4Ve68mh3Xa3amSo
2020-08-16T04:52:48.649588599Z 579 uoGWMUxaVAafS5l4NcmuUvTyQNBZA4U0hJGqyauDipo7cvx6LG9BPjTSI4Jk
2020-08-16T04:52:51.211076139Z 580 sO7Alw3Wd9PHdtCH4o8EEMWrBS32SVcyiGwNJO7OOA8NMfD0oYffOFZq1CeH
2020-08-16T04:52:53.772090219Z 581 LIQCQI2zIlnzT8F66ggTMSrr53HLzjWUQhdAph2ZNqWlgcp30dO51zMiB4nM
2020-08-16T04:52:56.332692930Z 582 sUh7vtVqX7BJLaCrAPchZDPZu6p2aWVVjXgvKOFhKLQb52AK0mliRaTtblG2
2020-08-16T04:52:58.894502595Z 583 FkQBROShr4bFn8nhMIAmqOv68iz5h48vVWKKWTEotOJpPnvOfV12H3Ixrxqm
2020-08-16T04:53:01.456468177Z 584 kIc3PlKKVatztFCO2d3Desd9UUXJAScYIa83i0Fm0yTASBkTmoIOKaFg2t0h
2020-08-16T04:53:04.018504783Z 585 tJ78st4OeghiecalxQxRCZoF66tFoIMPLacipE6zuPxr6rkymb8VSb1Pgxzi
2020-08-16T04:53:06.580231204Z 586 NIt5f6D0nKh9jEjwEV286ZyWLvkafIGGuyHFEHRKOeTvRAMxq6PEreqPPq5M
2020-08-16T04:53:09.140998949Z 587 vHmGFl7PZrRLUk9OFrlckQQleisbgathghf8UcNwV5cGU6eVj53eqed6dtyO
2020-08-16T04:53:11.702238279Z 588 s6DzCvNDf6rlIUwuf1rC9aCFOdxty3qdmpiNb07QbjEdWvyTMvzL7vEjSxJA
2020-08-16T04:53:14.263220876Z 589 rjHnmZUsI9zb4I0RlCmKY0zmMzw8yk6BRmzllFg4WW7HPxucu2n5ATrFwdxk
2020-08-16T04:53:16.823767707Z 590 N0IWAT8qZ77DHougxNBgYyqHRgePJPnVbuGGergR36bn9RLtx42fBXsPJuR8
2020-08-16T04:53:19.385279329Z 591 aRWfj7MNgUxI9zvBAckaq4L0gns9QurD94VaXrjhRs5tgMjRJMVxukOZEnP9
2020-08-16T04:53:21.946203153Z 592 zfz0mKM56WkgHKWTK05iaT4UwuT1lHcuI2kcr8DbTMl8Lsgn1m0JNqn1r7Qo
2020-08-16T04:53:24.507629491Z 593 ZJRWcaEHuxVOHuYNwDke91fMTLhIVQ1SICWsxFHOyQYSEbYzUaEkN9nfvXtN
2020-08-16T04:53:27.069654200Z 594 QCSub0W2t0zLOnoI6dzQ5U3VBgTRCfHR5mapZXlnB612B76H1cRVlEdocKWQ
2020-08-16T04:53:29.631256166Z 595 KJ5dBcM20bS6LKuidVD3gXbQLIiHLgNftNbOgTBQmKTyOvmmVRFVyhjOzam2
2020-08-16T04:53:32.191691181Z 596 XHoZ3Z2yTvpJnKuh6E9dKhRwJKLjfp7ENv6RLd9QwgCph3kthV5nT1lOFqQ3
2020-08-16T04:53:34.753806674Z 597 piBlEsYdm9mWhdQUjr3kfFVFct4MRjPIPvLoSNEW5q5oosAKVJ0Sqx5i6Bbc
2020-08-16T04:53:37.315407334Z 598 EZi0t2rJDGfwQ2vxV7GMnAGyaXW5cgsOWvAsn01zSjebNHfkw8EVgapfh6V0
2020-08-16T04:53:39.877487881Z 599 OyhJ1YbW1ky6GVne5YjtgVf2GTRf4qwelMmBV3EEiHFI8Nrze5N5yGKQgX5M
2020-08-16T04:53:42.439397479Z 600 3SbEtbWh8xhwgvb1mkNDZeMPXx09YBIMbTQa155rI1iH9vCWjKnGlN706Ba2
2020-08-16T04:53:45.001690069Z 601 TaY4WuXEwY80xe6spKSsk9fqptmfy3lW9jlrKKzBJIeP6OCp9Lh1j1HAHafG
2020-08-16T04:53:47.563854736Z 602 uMKzzvNqUKBod97C9WajyUvBK4s5itfT2aZxE2pFawSvBFpdeClwhFVXnY5S
2020-08-16T04:53:50.125415073Z 603 WrNPxf5GJ7lNGHHw77PiLQ7cxHLTjhxETOEE1NgIS6FANKzn4KfIL3w5i0HK
2020-08-16T04:53:52.686852238Z 604 JD8RpGPfqtO5mzXYonjBQWrknNFou6Owg7eSFjbyXfBTdxoARQ6OTXbWRGLN
2020-08-16T04:53:55.247908633Z 605 dYCEl9kXP39j6MymGtiMjQ7NmlavchvYxb16KrBrpXh4w5eEjZA4bkPOtnw2
2020-08-16T04:53:57.809324523Z 606 AC5QnahEgwg57VAhOJmA6w3SIuoCgTlL4iFxLZjvfjkoOyRXDlSRzVoiYa0G
2020-08-16T04:54:00.370345190Z 607 d6GN0Is7ahNCP6IG5hjZVdk9TUSgw8xlzIIo1M6l9kpfGYdz6CPAk6ZGcrXn
2020-08-16T04:54:02.931200136Z 608 hq7QbPr10Irfls3tshYLQpAfod1B43ftYWzv8O1mbbOZmGegWXnPGG0jxIWI
2020-08-16T04:54:05.494819401Z 609 2GRH8Upqe30vVZWPe6a8sRvw6epuX0U003Q3JoiVufm4WPt7Dhe86rPHU7bC
2020-08-16T04:54:08.056729217Z 610 rmJH4koZzbn4BbVKkfrPIbNpGNFFxViFaTmCR286ni66tciTMtQdp4spixdW
2020-08-16T04:54:10.618755292Z 611 wnH8JUwGBiw0bzfgZ2wy4uTkMVNpvXbZDWaMyjQNjixQearG8YEQXgkwH4uW
2020-08-16T04:54:13.180007631Z 612 qoqL38ivukWSQ3EsCKTwxcTN02C6p5cf2AFDAjuhgrSWWI5tZX58RL0CA4mF
2020-08-16T04:54:15.740967380Z 613 qULYjnRzYQbYwRUEvHMV2DTLgndUPDZIZabkxUMMQhfRyLGRt4YMdDFN6bho
2020-08-16T04:54:18.302324655Z 614 KMLCtl6CPyJT4rcVpxzwltedr7OxdrLE2Ya2yo37Ws3wvzPoHtfY6I9sN0j6
2020-08-16T04:54:20.863226979Z 615 gOPHUzH5FMPSckW1vZJg90UTe7MQ9O0bLINj0vbBcIW8rBLPJ6KRJOBqCVRr
2020-08-16T04:54:23.424191325Z 616 UhXaqg0G3TqYfOMTDZg1qILAbFpo4YcLfKGNvbsX07eFf1C4lt8xoCoqiW0J
2020-08-16T04:54:25.985061712Z 617 Sr1n7pyidv5T91cWiOeaBRMUDBamVvIXL6KHpEir7qHvmZI5v3PFIAYV8An2
2020-08-16T04:54:28.546862494Z 618 qT4NR8wcjFtOBX0J5iqeepY6VKp0CAzjyQD3RFaHVoOcmNIzElUqDOMa4N7E
2020-08-16T04:54:31.108087699Z 619 fwumUSUOVw3mu8g09qJFz7UP8cXibepmMCjfODsgQkiUcEbjmW9NybBKKIE0
2020-08-16T04:54:33.669161245Z 620 nVy0iPqxly58wDdrW7iggTMib8EEJX6LnF5UdepS2M8RV3hpBctOmHDvwud8
2020-08-16T04:54:36.230537357Z 621 Mnfl7uLBAdvY9DS0AjXqHi4Fb8PsMQTyLMmRIRBZudcHCFPmjE03YcXQhS4r
2020-08-16T04:54:38.792584535Z 622 p91CX3NXudzazDicz3tdhfyvOto2LheOx6kPeEFWKpozw63t0Oo80DpQ49OU
2020-08-16T04:54:41.352866881Z 623 ZrqPNuZNdV4Zum81W05sQoQtYvMM806TevQIfv9u4erKW5Z4yyz6ExmtJY6z
2020-08-16T04:54:43.914259568Z 624 UJf9nIcpDQFlX97eGH28C2Qt93ZCEf0z4Bn4BOD4vLiCkxizcA9z6Gd2FDX0
2020-08-16T04:54:46.475023488Z 625 TKVxdwIfwepqXp1DY9r1GMpXdTSXEUlYshBNtQMdRkSqVNbbQQp6IvfZul2F
2020-08-16T04:54:49.036340781Z 626 T2TtulcLNVS0qH1kVVjArcH13gRQ8rs9AwmJblxFJjzNKKGjzMdFvMT5g1Gz
2020-08-16T04:54:51.596937338Z 627 Rvhchpy3WQqU6UiqKrHctZBMz5gNp9GRlFKsbOasoR1TZbjyQ8AV4hi9132k
2020-08-16T04:54:54.158847785Z 628 0dRfFHhBeAkVufjW7U2g0JwMCdnim0XKyO8EtYn9skgES8TV3rX4tG5qVLKz
2020-08-16T04:54:56.719942588Z 629 d14nZc50f3BLBaRSMXG7xaz30BgX82aNpeov6PZoZxCA5Jxeu8VyyN3diAyJ
2020-08-16T04:54:59.281848637Z 630 WvnJjDLqKHBXorVHbjyHvmbtt91ABCXrfyB3gExJxttshoE0mksg15aFhZgI
2020-08-16T04:55:01.843294867Z 631 WrpAeEVg0lp7XX5que9Ia7jglXfRe1jndfM0HMrxtInC5yu307qt6J4jH9G5
2020-08-16T04:55:04.404575600Z 632 r0Qf7yc0oqdgCAyyRdNb4Z86o23Df2SwbhYLzm63Ls4zFZPe9CH2ZWlPToAg
2020-08-16T04:55:06.966104918Z 633 zOiL6R5nL1sBGseh8ijq63jB6pZ3I6VYtOpDbisZtLg72Rai5KzpaDpcw0oZ
2020-08-16T04:55:09.527119152Z 634 Q5RYXWrpjrRlZTSPP9wJMuNe90CxLsmTpmUbc22jQ8d5CkqO4aq15UOLaXYJ
2020-08-16T04:55:12.088715347Z 635 LOgACweD4FOEbKaRv9vkVzit1spEGJUSs0u7OAX6lM9uKmXFpjOfxc0lLKnK
2020-08-16T04:55:14.650353115Z 636 UamRrmyfe1p2vSQcIcZPC7pY6oSTwWwaOF4sFeDdCAeQ7lTw6R3vO3A5HQ5B
2020-08-16T04:55:17.212603539Z 637 Wi6tT4R4pF3tyGBj5uEiJyludymvc1TFYnlpuEuGHFDx9Yseto6fFP0m8ivG
2020-08-16T04:55:19.774610283Z 638 HkqQtqcfKhcad9v3bVRrCREi44ovAK4Sr6ziRyBvR7KAyLzQZMlduaHnUzVe
2020-08-16T04:55:22.336458051Z 639 ZrKl9kG7w8CZvHWAwu8FLGoRyKdFu2GCQJFUph4VStbPoFJ6qhRPle3SE1rI
2020-08-16T04:55:24.898468143Z 640 UktouicElgAG1Y231GKU3SW7l2QDoK599X1DLqTHGVY3ExUaCVAEnM6saDag
2020-08-16T04:55:27.460592635Z 641 29Ff0MT36eehh0PDkNwt3vUirhgqWcXsCac84HtNLe8kFKxGp4o2wIAXiofm
2020-08-16T04:55:30.022352983Z 642 jL6FHIRU5P9sCWEl6pmN8eLBSRGjn8st4bQkOpD4d5E8i4ubwf2wA80r1Hpc
2020-08-16T04:55:32.583265028Z 643 GmciY14H9bPP9oTK3DZA6rh0W0gYIBSyvLksQ3iVFlCtwh1W7VWKrdOP0m7u
2020-08-16T04:55:35.144242414Z 644 YrXQhC9lDZFS0LbxHAxzer0th7uapU1D3eB9ttMNWd2N1V3Fl8dLyraRDHqv
2020-08-16T04:55:37.705636831Z 645 7JMO0tkUiCjguZbxMjFeUImdHJiN5XNwZO2g2DIgFKlTEGwnR4UwUKKh6TkR
2020-08-16T04:55:40.267601237Z 646 UqV7SEy3hRJ0LTolpqAQfR0WVJhv3NgdewAwDpaH5n5Aaqn3KgTijgDKOsDZ
2020-08-16T04:55:42.829372656Z 647 UnAJPP97iMKJRDkByNMxE4GGca8Q57Ejdh8VA6fssPiB31h7bKGfaZGaB7lP
2020-08-16T04:55:45.390142120Z 648 V5T3cyElCTIdhnmhZxd7e9wUxZqV6W20LXlksaaBzMDZkm9zA34WXmM4b5im
2020-08-16T04:55:47.950839716Z 649 OUFfMTxXBw80LVSIivPbHKwFJvYShnpN6Abtc4VvJEYFx6dN64naJaM9pEIT
2020-08-16T04:55:50.512169727Z 650 M29gljTkihYnznD2vUTJr3kAcKTGLgCzJoJsNW7UcGU1j2nbrx3Zv9Iaqldy
2020-08-16T04:55:53.073365194Z 651 CWi91XuYx5eTbJQoppZUKpncoz48PxxclD7xh4OlpgcDqQYMGRU42d0TYngw
2020-08-16T04:55:55.635432132Z 652 npP8CIS47iLJDLK53o3PqLZfyL109TqIMf6PRDHFmB3IHOALzKPYTTqGBmPd
2020-08-16T04:55:58.197227061Z 653 RaUhV9HCIMgGFn2pmhn9SmnkvfAPIyjhq1rBSIR6jwqnMi4TjgYAPh3Y9SCb
2020-08-16T04:56:00.758479074Z 654 e76UsGNp9Tt4E4Qc2E9mcUXCoXdneWE8zWyngKUbtBIIJHqE57f4PazAt9hq
2020-08-16T04:56:03.319990524Z 655 YTyQCNH6Fu40TyiyJS2JZMLM3UcQxoZoK1fwWNiJkcFKWJEwdxYA1j4j2utq
2020-08-16T04:56:05.880861570Z 656 vaV6ZjA7mV2k98pMO2YyukQhTVRG1iovMCQ0AQBT7Jp7ix1FLmbZgb6W09Xz
2020-08-16T04:56:08.442153085Z 657 GmfH1nq6BtyGWBJRU9ZpDRghYPkKhpvvwwMg4bpbOcPjY0kzLIXVGYzxvpF3
2020-08-16T04:56:11.003583763Z 658 WlAkQUEEv76GuTJEF1M8Dl1ZM5GfuSzbe6jNbkIyE7pqE66BuTxEB9DVfrqq
2020-08-16T04:56:13.565278555Z 659 fJss2j1cYZr2XGwEYIf6Gk0sO0F0lzOXBiRzmGj75wJBaeQEfiJvy6Dm6VWy
2020-08-16T04:56:16.126361559Z 660 oSfSt0gFkiWSHF8PLu4PnWE8orlvoyx4x5HAZ4FrEaPOJcpvO8eD9MSKThtk
2020-08-16T04:56:18.688125842Z 661 iKJZcRtNQHQbTfbHMVHDES8I2yaRvde2RAMjs0VwxmKBrX04LKtu86TaIdnR
2020-08-16T04:56:21.249472393Z 662 nm7GoQ5NrdqkgLXRsbAr4X4NcgXMte0lYVo9qePay5HzAIu7RVrGo2uS97aD
2020-08-16T04:56:23.811150506Z 663 FIyS2qjYasaE4SOVopy6gMat6BMQ5WQKCOhgb2AzRHUkk7SSlOOnhxW0YSV4
2020-08-16T04:56:26.372579657Z 664 NUxxHHRKPgDDjcmTiZMuoUN6LtDK8cK7W5iGG0xuu3AqZS8FPtn3JtDmt0S8
2020-08-16T04:56:28.934417083Z 665 YiVsDX5bcTy7QW0cYEwHPQ3Qn0i27RnSqOsDKWL91pt98oiemVteqQcwF3cG
2020-08-16T04:56:31.496287266Z 666 lOeM0jQJhXFlwoa5m8yMrIilSYpsExRrXQAJgtgRXcyu8PQWRLMtjsQiu01h
2020-08-16T04:56:34.058451454Z 667 YQ3Md6Yhb18WrKMtCyMEy64JUBsispDxS63Z1hIr4TBjGyW86gZPograJnNe
2020-08-16T04:56:36.620460859Z 668 QqmjT6vDYoWvagfFrFYsggmViljJYAHvyQp9SDICum9dt1gEoVTEswmRNAWY
2020-08-16T04:56:39.182354763Z 669 3MAlrwuNLzHhQ5dOmQQOGiGv9YeEAZz3FcGZiTldtvs3vsKDRxdgYU8x6gQs
2020-08-16T04:56:41.744818312Z 670 4sN755fbVyyxaMLuT7nt2Q8LqIMyhanzcGWwfMlN8zZMQC6rciJcxWBsTrU5
2020-08-16T04:56:44.306279363Z 671 oOhlZ5vRJUc0Nnx1mNdXK9QvfsMJU8ke2x01sPIYUklwpPH0rGeFRueBfJ91
2020-08-16T04:56:46.867618840Z 672 cBsmXRUgo8S15YJSnGzz1vURlDjj6CWNs5RoVUIeg7DIvkXCAFCnp3pSQ94j
2020-08-16T04:56:49.428745659Z 673 kjUOwhl72avJ7xchx03JZGDoZDFqKKATkSmTHkhqAhCkMGbRIaY8HPwgwTt1
2020-08-16T04:56:51.990377297Z 674 nximo7hDRziYKf4tfFuvkilopo6oo53r6Don9hZxRDSOJQaNpudDSnEZ16zA
2020-08-16T04:56:54.552202986Z 675 ngKM7bnPf8IYjkRXcp0bVTgvqKobyL9ibcsTeyu6TZ0er1SA27Y1xOahW8ck
2020-08-16T04:56:57.113425303Z 676 0MemcjfPxs4GLXeBQBl876WVyC1Ty80bNMxLYFo5xqjqLtr1Cy2UFdgy1nXZ
2020-08-16T04:56:59.673850404Z 677 VTjWwnqGfToPQOGE3N0E4SpJckqtKUTAR4BrzzzN1LYyDcoeSlRWvbKLrkAw
2020-08-16T04:57:02.235733603Z 678 uuNW66Q6U4DQfT83QiMqK7Q9eSDDJ7vViasX8giXg7dBldGHKD3V60SgFzws
2020-08-16T04:57:04.796994583Z 679 XZRlD1hsHm7880d2C6de7nmrcvvbjfNTTzq19SEN5QzzTLIaiGWdM5WPQHfP
2020-08-16T04:57:07.358995928Z 680 fAaFmLa5hIKkfsD88maOsAVbaTFsL6pIxJxRnsLtNKGuYzDFxphFS3jVQFOO
2020-08-16T04:57:09.920363089Z 681 DHnUcyCyTpPmWCinUp5q2CLiAEhUJIFQ4Jar5k2gHaS0CwbfLtQa6lWRJSDK
2020-08-16T04:57:12.481244118Z 682 ngPTbtJEICx29XgWjNUYkq7VKZCK5mNHInpdQgi3hLtUCxmvezU6bBhnKWHD
2020-08-16T04:57:15.042945030Z 683 hYAqGoG0Y908IsRiVi3VhT3irm0LJpqKSM9RYVjg7awj0dNT5T5qqk7b9aYd
2020-08-16T04:57:17.604193029Z 684 dgNO168RWfxAeCloP8ab9vsWMpIS7RgUJkCH4wKjXulMt2ySbpga8vkVQ1TL
2020-08-16T04:57:20.165255734Z 685 9wGxWeCFpnTTVeg5NGoBbpUP5lJ5WLKx2R1GWkh3rCG5pYrCF6VursdlTKup
2020-08-16T04:57:22.726325771Z 686 1SHe38WNzuvbHvmDIUNfLESyIcQjcUClxRORTSQ0OrmJt1El0ohFQraxzxZr
2020-08-16T04:57:25.287506308Z 687 gy4J5EOMx9WLLuxy16W7O9oQIaKXGNzMjEcJLyJeAhVDuBKRGTsKRu5oRPrI
2020-08-16T04:57:27.849285699Z 688 WuCmpi1ZfJlwTWOwv95Zvn5rfSISFyolLSUK2WGfbfErMSckfbeWC0fPFePX
2020-08-16T04:57:30.409803974Z 689 mWi1ugp6a1eo31k0o0e5fkdG8bnoFCgBx58wKsqC1x5M6SDOA1WplnoMTe91
2020-08-16T04:57:32.971227897Z 690 iCxchKgaXVvVcwmE2twTK6DHxWYKXei089X8ADtacTdPlxEVxso2pQIRLpgl
2020-08-16T04:57:35.531998741Z 691 J7mmoWVrje3GIAKdCZCB3aOGY2uidd3XIugaSXWIL4jlI8vPznUUGvu45bX3
2020-08-16T04:57:38.093033877Z 692 0ugo4zA2XUXdyV7mUvXhuXiReyZxTZXjQFiqsoKXnMIo4L2cV4Q9j351GmY1
2020-08-16T04:57:40.654243530Z 693 qi7mNxEAoIRYBcitIDeSx8ZyP3DUPYyMB2BGDSWAi6dZjrs6eGz1SvrDAvAE
2020-08-16T04:57:43.214982364Z 694 Cig7CFD7GlWu53mjX242ZVlu8bUHg8ESXxOrbXaUbuvUzaUl6FgF01qi38Du
2020-08-16T04:57:45.776447614Z 695 pARLVuKspOYhAUg0lpQYcpO1AwAcWXdKN5i1kT8ARPgFmlSQ1Hp9n3WNmmbJ
2020-08-16T04:57:48.338024826Z 696 rLSG5o7mw71OTpvraeS6emRbOvg4CB7MkdO4VS6y34loIm1GLhZEgZkN8nPb
2020-08-16T04:57:50.899139728Z 697 lU4vi5naqQCnvKA9sQtHmmfMzfU6hWjfWU6axzwdnw1NT8NLTUOHsgI65SBi
2020-08-16T04:57:53.462233382Z 698 sHAWKH9h0BLv8uv8quP0Jsg067nFRSwej5CKijS2qRQdSvdZdkci7RPpW60Y
2020-08-16T04:57:56.023325037Z 699 rTXSuDxGhc2i46gSD1esr8bKLcDNZ7qHwtzjfP7P40h1wgLMvOT9DGxcSSbw
2020-08-16T04:57:58.584511654Z 700 abbgpigRsfC6XOeR3WGIzDX8NNsclxfvddjlso2cVpBUYwklDiJqw7XB4es2
2020-08-16T04:58:01.145849570Z 701 mvKdhDYtcarCLp7qkXRSxCDfpjjj5U9C0bQsCvpNw8NoBU4CvPlZiz3QfcN3
2020-08-16T04:58:03.707156835Z 702 bj9AvoOJYNheopdwpPE1qV1aKHhVlVaqhmyYbaKUsZ5TsPRfZHsWJTI4MZLz
2020-08-16T04:58:06.268277884Z 703 RhnkVNfrj5TeswcSWcXHGxRY5FAf124XbZ4IjU0b99uYWU9w1kmVHfk2ybTK
2020-08-16T04:58:08.828904038Z 704 0QA2phF2YzUrsCQn2ypJ8RxPArYTG3Aah1ra53QLxso386djFtJViD8EGqIF
2020-08-16T04:58:11.390806140Z 705 EaClIapk60ZzsI6bYUp8wyECcBlrGXC3QbK27c9DVfcPEikC7c4pYzRDAcss
2020-08-16T04:58:13.952660386Z 706 SPw2Yn7d2iDTADi8j9ItjoO3rcuTkqelyUpxUwu7cMgLUCGqpMgJcx2U7nys
2020-08-16T04:58:16.514008893Z 707 Eg3tcJ6unnrWtQAsjv5tsHauh6lLX0opdO4dxT3euT4LtaFX3Ep7LSD2yBhA
2020-08-16T04:58:19.074982079Z 708 g9suEFiDGJCr8SFDbUuljb9oy2ARQa6Cwvt4fFV4ZNDxsRhQxMmAAbM5VhM7
2020-08-16T04:58:21.635986330Z 709 jNdzNGaY6N00KTctzXnNMVxmjV0Qr0KmEYl2IGkg70oLcWZph8EfpnfQSasZ
2020-08-16T04:58:24.197699199Z 710 5olxFoY9pMkMj7Wb15Ggthzxmi9wLkZY2KyQp8plodQ3MyCDjQ4UZI9pWYUM
2020-08-16T04:58:26.758872663Z 711 4XbikSjIn44doLCLbUWccLw5C62HNiiPGtwTWyzNEFUqmoEdrmHuNsppWlzU
2020-08-16T04:58:29.320529885Z 712 MwqMFzKmT2jh53GKfHkbyeCdRR4lcWEUX8gXgfaKladea7VwxkOJILza0nji
2020-08-16T04:58:31.882790567Z 713 vMP97lePEe3prY2jsMoIp5n6XwJoYDQIcu8QVlFwbmIdL8UWKUVybRnjfNNe
2020-08-16T04:58:34.444703130Z 714 WT9ieI4m7eVO5jtlAnBWtM938RkEBfDiCDYSMVTNDmEFItYPovOEpCcdhv0P
2020-08-16T04:58:37.006137507Z 715 tFjsYYIpn4ZvGPS64067ZwQk4OaIz7TxlnEKaLdDKdpg99sy6s9YZFKdel62
2020-08-16T04:58:39.566785924Z 716 sHO1NjH8uR5hCRdOboRpa4UF9bedTA7KQmxHtDmeslHsnKDqYJiXRkEDcY5m
2020-08-16T04:58:42.128697848Z 717 AKxfqOO3aaL1eyWdX0abPqhoFpsUweUfXMGEh0E0ZwmnwsOOHluOK5xkDbsI
2020-08-16T04:58:44.690438137Z 718 AocVXENjerUaZgf1rseFqM8QbpmfYGiQWkb8WlgPBjSmQI70PMNQovIzlDrv
2020-08-16T04:58:47.251840284Z 719 tFsDnDrPa1VNw6PT53oEFDU3TBHghPEWzEdPxWXalkI7oZtwTLkTpmlC7WPf
2020-08-16T04:58:49.813524307Z 720 ROlp83zyi1qUtcFQlKjGHqfOiAL0ogmAGJEgNtU2IUGM9FXtGLOI7TMWETzH
2020-08-16T04:58:52.374939501Z 721 v5HHyCeBTuC8jdLRViR3T7qjLGWYjUXtekCudjwMqUMoagDms8UQOBMaRv7Y
2020-08-16T04:58:54.936358105Z 722 bd0iQtO0ypLHwcQWphbGjNsUJXEUfLX1H4cgKGqEl6EDMtaDONymypMYjxge
2020-08-16T04:58:57.498056057Z 723 4e7f17oyN2vv6MZTTKgaU755xHlGftBayOaCVbUoQmk7eTWPLHHbluV3hr4M
2020-08-16T04:59:00.059407897Z 724 M7UCPOsYuiWFhJYXTgM5MBAL2tSqSx863hvcu2z72i5HUpyLjti0JvyF9Dqu
2020-08-16T04:59:02.620598053Z 725 BXsGRfMvl285fGeG4Uv9117uXIeEoKT60RxUKXCckMl6K5TrNo5H3NJkHSe8
2020-08-16T04:59:05.181853159Z 726 TB5VhTezyjP1kUIUoSacMyt9oMC0uNR7srV1ZIWbvZOb6dHhxqOpSvNid7Tf
2020-08-16T04:59:07.743009681Z 727 XNeI7jzIqgSglymg9qqByjELJ0MpxKa6XW9dQKurf9aDIRTk3xafSBaBsRsU
2020-08-16T04:59:10.304321107Z 728 QrjRF1DgfhL4VszUX3fJYvePyReYEkScjmJjmmXkjFf2yx3cRACULtkCmZyf
2020-08-16T04:59:12.866141228Z 729 J59pjOcGvwWM2VfBzQe7a06p9c2CkCPlDfTnHAOMJrTUU2p5NTDJBn4vvRdh
2020-08-16T04:59:15.427965892Z 730 sJ2Z3mTuKdn1JJcnUWWM6SVaj801GvofPFomsbRCeoTADaerg6cNPqKb54qT
2020-08-16T04:59:17.989747741Z 731 36SeneSwcIebhJ57tRtn8D3oN7oATBkRAuj9dYsUMYcAUm9gwHwR7dWY1iGd
2020-08-16T04:59:20.551505988Z 732 v9hMFSKtZ19RrpJVnF2SJXMqo9kc5B9tkZLlGRL741rQe74Rdgh1WEECloKD
2020-08-16T04:59:23.112650802Z 733 WROZwGM8DomB0kZtasviKD4QFNgMXzxvmO2JEmUXVgqNSYCvbrZTdQBe2WJi
2020-08-16T04:59:25.674133424Z 734 d0wVcqx2OFASoTap3Gg5WrXwODO8mx9H0Nk77Lat4fPevrH6dLW9rTJzSWUm
2020-08-16T04:59:28.235382511Z 735 FPx9qHdTvl30nNPly9iZD3oldSWfzmu80guRYh4Lf4IIzv0VLwMPAHrAQaXo
2020-08-16T04:59:30.796376975Z 736 dICpyuuWStC3cFnc8Cvzj3bSTEfKN4Kmydb8P4oE1GVBketRkjHgmW2KoSyZ
2020-08-16T04:59:33.357932389Z 737 MDhq77Wtrienuv1thkxsmszyJt1B4J6gtvfvzEnf4XyAdqzrqdhh46idQzOr
2020-08-16T04:59:35.919278220Z 738 9oVShTSs4ChDjW6ct9UQ27MlJVAUCmjWJwgYao1YRRpyHQpmw4WxCG75j3xM
2020-08-16T04:59:38.479851588Z 739 1IXICKuT5gPFcxvTloO56Dw0t6TH4hm2NWUWafPUjGA4ieMWnikBSLMV2l1V
2020-08-16T04:59:41.041020509Z 740 8JcTV7ixCHGYiwxtbr4jEVFDSegKTRin12ABs1HRBPQDGP4CaAWFfSV5KIqY
2020-08-16T04:59:43.601974236Z 741 bI9R05UXVhnRmoban8GfDvNDxIJ77TRuHJMqDQIZtYSULunOpVUIHD4sCF4F
2020-08-16T04:59:46.162981427Z 742 xWeAomXqgvkC2eSnMJrHvRS2myxhXd2BFkvsEn7zUWH7mHlrKQJvZFavzxh2
2020-08-16T04:59:48.726160434Z 743 8xl00P3t9wk2XqghY7H2MdknsNWjMgeUzlV9s6VG4cW1baKHsoRArokYGF8x
2020-08-16T04:59:51.287225102Z 744 0YBK26U8VyNUOYM702Hn30WEbWCNvVEqhNyVlaMocSbjly1fvES2Kv2JHdX0
2020-08-16T04:59:53.849418420Z 745 DP6PrEVDyjO17EAc57mOEFrqsRuqRSPbGSfLT7uKfT2HRQ6Q1ABJOtfO8qzp
2020-08-16T04:59:56.411009935Z 746 CUn8yceHDsM0TD3PLJHStIqTHwupgrZZUNpSX1CvKZXH6qk8kZ4NbODbU07c
2020-08-16T04:59:58.972421587Z 747 CeaXwY503lZYfzkANyNxsjtjk6zVXQATaQM1HSHha5lUvVlvAfSjbiCJtMcc
2020-08-16T05:00:01.534715421Z 748 J5ppNq2VlRyNu8ZNqnjPClKFNgB70aMihb2O3AObiO4yXoNFKnecoEYv6WvI
2020-08-16T05:00:04.096122240Z 749 hE1V9sxLvqaiABngbsjwi3E3Bh2y9y1YansR9uVcP37mIbjirOceeL5kcjmY
2020-08-16T05:00:06.657304713Z 750 oymkMOSGhmFdAFa13LqenrB7N2I76zQaJjnecPNrTgRJk3Un96gxVaNeqjtq
2020-08-16T05:00:09.217935650Z 751 KOH2l8yp3mJyVIS7EyCpM5oSU7d9jNDjHQupsitCbLesCkSy9BuruawBoJnX
2020-08-16T05:00:11.778788556Z 752 voEZfMtfaV2Cj5hqyh07mUukL9Sans9yzFT3NxSBi0igREnQBoPN7d4yC0Eu
2020-08-16T05:00:14.340672255Z 753 zyAYjPjOF71GVEcsLMtt9uJQJl9TiL2rHsNQuywTDkpSTYnZjcnqBeuv10SX
2020-08-16T05:00:16.902365128Z 754 OoXLyrg8TfvLkrZ45ejaBeTpgd7Ds1bdeDdvTDzPz7RiiEYlHpBjZfsh9EQv
2020-08-16T05:00:19.464777366Z 755 578GeXfG0Rl1Ky1WJRNx7h1muf1u1m4fA7deHSImNe2p5X79IeuZnz49uevi
2020-08-16T05:00:22.025514339Z 756 lw0V18B8ooImy6xnoZpVJMEVUmTjM5K5iqJdma9UApGZV3uQXvBSvPQJe6C1
2020-08-16T05:00:24.587661952Z 757 FICkf14Rq591GkU7qVj4qvflryuLFioxR1RRQlB0zWzQ48kPOIlVjUmNy2uk
2020-08-16T05:00:27.149132311Z 758 zjhT0Gb8KKR6BJ0voDkrT02Vp9LE8GoHRzO7392pLtprLS1wZ5lHI0FI49yg
2020-08-16T05:00:29.709916150Z 759 2WpvfRmTpZGeXP4BTGiSZwen7VXCKevSQr6xa1XBonFBMl4vrr2TdnLtkOhI
2020-08-16T05:00:32.271492048Z 760 LSCbpvh200HnOsb6Yytxl9lUw66uBRoIPZJcq8RpsFEYoOF4dwn8XTBZayLU
2020-08-16T05:00:34.832855371Z 761 O1HskzLuk4mGsszCM3eEIPk085VWnnLA8uNaOIKNksQi9PALY1XWYMzTEvsY
2020-08-16T05:00:37.394652882Z 762 hcqskLzEyxMo9QfOhSmeWqt2Dr6DRe73te0h0E0ejIJ2YuNpsiApjjAFCyJo
2020-08-16T05:00:39.956070895Z 763 GrS0gxCXhQVkNMMMUqPlK2JvlxUxd7s5vKj7Jjvf5P4KtqtD2MuEMMMC2PnX
2020-08-16T05:00:42.517115527Z 764 LUJsmA9qhfedDjwAKsQIIAFLDfBXjAb4V5ptN2fxXeqJ549ztlTEKihB6wdU
2020-08-16T05:00:45.077885768Z 765 bK4KKtF3hvMS1edcBIz6PBbKf0TAbvY0gcZkwpPR5x8Lh2ds16HugI9WLvb8
2020-08-16T05:00:47.639530496Z 766 vWAtYgkMjGPyqk103lkI0kK6X3brwQbkIQjW9m4AVIzgwuS46wN6cTPk0Akp
2020-08-16T05:00:50.200927527Z 767 uFE6w3GzbTdOvVALLWs5Pr9cWIZjloeCOKxB771l2w2flBXwPEEjB5cJsxEb
2020-08-16T05:00:52.762566133Z 768 gmHNsaM22WeO20Wl3gxNVA877f70CYi7xMrbtuiaCnAEY2KlxBxsybVUNxlV
2020-08-16T05:00:55.324365346Z 769 UtLGcWfD2tkeibDdoVj6WO5Nzb0aK8aUof9DrRUelqz8ZuxvggZvj46QvYjB
2020-08-16T05:00:57.885001575Z 770 wUKjVQDr59iltCNnTTETGn675FnJS574a6PsUix1f8ElIFLaUCgYSMys5BCF
2020-08-16T05:01:00.445975931Z 771 xcD8v9jzhzXffu5fBwhEawQV27fz0qfFEpVzM8IQZj7AFLeMaZSpPeLQzcLl
2020-08-16T05:01:03.007197753Z 772 yMaZK1ROWFYbog5UlGsY5Eqw8VIQMCMxrUTKLrvFYn1RoQlw3UE92FEp1j69
2020-08-16T05:01:05.568044591Z 773 eFtmgpp7AbTkxaX96he8duEGa2GDAhTkq56GVrzbwfqyuevjVqnboI1qCdz1
2020-08-16T05:01:08.129368104Z 774 NU8udI5F8ChFCD4mDwiaBLSsmSlipKjiWcEfoSZoTCgHfkFPo2gTdOk0MMEZ
2020-08-16T05:01:10.691338730Z 775 O2jzGE6uMkVx3vpaKUX0rJhScz0BNwsA4GDgf87wVuxYMMxYlIbYDxaBoEPc
2020-08-16T05:01:13.253832216Z 776 lfSeXaUnOVRdAI9oMDHYmoz13dyve5F2NoMBskuMlxseCPO6oxFILb0C9cE0
2020-08-16T05:01:15.815394613Z 777 ferMzC6LBUvEq8BGKdJu278L6ClAVNGmYaJMy9qfRmheawOza2ZVTeW0JI25
2020-08-16T05:01:18.377132151Z 778 jomzgcRbaEA9elcG9czIc6lbaqiKva8G0p46w8valYKuxIlsikht3j6iFTab
2020-08-16T05:01:20.938687125Z 779 73yRW7BA8JO0Urqz3bgplzuZHMKe5Ekkg16oyinfC4Nv5kpGxDMZu0sEhp1c
2020-08-16T05:01:23.500031378Z 780 CtXwfpyiTre7t4tPNAIKBpnF3LxxPAZtT4sSOWb9FLOzEQpjYtUq3gndMzLN
2020-08-16T05:01:26.061540764Z 781 Eg4IwwOkdVBYkK6slCFEnPYmlwdr2mpc66KMjQsIPfx1vhrxOsnKxnRJJrob
2020-08-16T05:01:28.623310400Z 782 8cfL8b2wzlSsNG1f1ggfmhCMYrj8zEDGZYhhFTeQPcS4lJnsAS0uLa0Kg90v
2020-08-16T05:01:31.184024970Z 783 msXBgpVKctpGN4K0vkywwqUoWGFk2VZtIc1WnSWLVObK9148dqDgTkKIYPcb
2020-08-16T05:01:33.745605966Z 784 RJgImqBVOMOgxQgYuXuuIivkQdDZhbwsBy4RFehbE3TIyjGqJVP384U40Cyc
2020-08-16T05:01:36.307516419Z 785 aJRwXV2k3ZlwERHba0NozPsfdv6d1QwtOnFZxCNDgnwpQTCQZg5TiI2t2ZMJ
2020-08-16T05:01:38.870034256Z 786 HR6fBvGCMcoH1HPGOZ7TtH0czjWoBIrnndnNnOYcE5OQANIJfTYQfwlBskxS
2020-08-16T05:01:41.431053804Z 787 TMWlD3KO02Of2Dh2qaS43GGbhVYF6nCoi1EGviWk1PmSm68WxL1bU4IfnuEa
2020-08-16T05:01:43.991893920Z 788 dSwj8qrJT9tysbWjfWf2coteuYmE3vGVew2FZ2UEgHiicqOggWNb3tneAXV7
2020-08-16T05:01:46.553701096Z 789 gPEDsfECujqVobFQuXpOVfM2f99XzY0MwtCNaxxAVvExU2y6KX5Iykne2nBY
2020-08-16T05:01:49.114936721Z 790 SZ5n85cTHAAIWBXLBV9fvGMqmuWndPhtOjn4iGOpUwmsrwyEj602kGaw9eky
2020-08-16T05:01:51.676581049Z 791 8WbaJdnwq3Wako0cPUGeXRzRPE0uamM5HxTCZ591OZmortxR7UGooF81aRCa
2020-08-16T05:01:54.238507130Z 792 PtNeLsKu8FLUSqrWldFh9RvImKxurGhDkTaLSUMMAs9tcAFa2FPBAN8v0K70
2020-08-16T05:01:56.800539747Z 793 oYpSeQW53XKJgMnIYRNErcJ0ilEQILSuDW59xoGdSEPzqQSHKQlWgEHEVl6b
2020-08-16T05:01:59.362687938Z 794 gtXnAO9m1hAcliHaQ8FCLKdHhKz7UwvKdUSxaSXuYZC4jzOHPCMky1KzZYAm
2020-08-16T05:02:01.924217329Z 795 nWvOC3jHMwGdSOC3aUWC7afIf2na1yNLC1NGrn6hPmUvYyOveYRB2mLrV8iO
2020-08-16T05:02:04.484999633Z 796 ShlXe1K70zIx5BNe8kh9svNV1WTsxuQNfpzKCXAZj78VaCKJXRniLGIeSs5N
2020-08-16T05:02:07.046822491Z 797 NSfOHvQ1dyXRfR3XRCJW00wk1FAt7zN31gVMMhXmFUmAj1GJTPJmw05pV0gq
2020-08-16T05:02:09.608181818Z 798 O9BKkbWehX5QrE9xs2R2ICGFBcT6MZnVkkqM7Y3hjI0qe7NFvu09213AzzS7
2020-08-16T05:02:12.169347083Z 799 N2RZMFu5IaMXanARvERW4ogzLrVT3R7oDoLj3xAWQ3px0Udl0mrMrmk6tl5L
2020-08-16T05:02:14.730514855Z 800 C7vMmZx3HlA1niLQgKPX01xrHtixQK2L6oS1bJmz8HbBV7RImbfYEnAJVU0m
2020-08-16T05:02:17.292391860Z 801 zAADrnuTeTCxjuPGFMQqPK3FrV2vtwd6inaarMfWp1up3C2YVdrbKsByaqvZ
2020-08-16T05:02:19.854410875Z 802 cAGjbBvz7UhjdwEIjorN3Wi5iQb59CjfhumFtNjOAUSRrb1JoEkU6rjKuINr
2020-08-16T05:02:22.416524232Z 803 ivadmfa0lcd0MsrDoU1f8T1JFcPqa2XBJh0Ty2QGpq1qyLwSZO80kyffcNiS
2020-08-16T05:02:24.978358807Z 804 yZYBHDG9dOEpjRiIviLtWCR8BpcXRXV1GJCgcrtdBLAS6Tbgbv80mAgPUF26
2020-08-16T05:02:27.540045032Z 805 xVmw4n1Dopn7UZxzSDpSReIBxenqiCa05Zn2s4536MJp6pC7bW0FdvhVK7XM
2020-08-16T05:02:30.101174282Z 806 hKl8loUXjof86dVwP5WCpWXIUpPqt8SmXWvpCMxYdrbf28A57Mx3FUchgaQO
2020-08-16T05:02:32.662535536Z 807 Tj37zSMFyaYP2CiXtvSqBgs4DHKk5KhayrNR0jDtkCcWmwTtpCmt9hFBqr8C
2020-08-16T05:02:35.224732540Z 808 QrdslnLAMKRA3u935bvI6PcSm2E1V22F65FSc0709z4t3AYwK94IHn2vUske
2020-08-16T05:02:37.785869834Z 809 DKkgNwvAgYozw8i4swq8NcVmcrv8XOwyz4maNub7WR6BkFal6k7LOXGjnp97
2020-08-16T05:02:40.347716338Z 810 cno1FqIOwf5B26ZMcsXWWITpz1PLd7Uxf29sFHsSYqGro0ACYnjRERPRZH5Z
2020-08-16T05:02:42.909346523Z 811 AkNQaE3k9LeSaajN2jsC4rZELMiUpYZp7uJLsbEjU7giecSKnk6W7zq5T01j
2020-08-16T05:02:45.470832855Z 812 aoTNj2NKomD2EPzqja0QkFXNMDZdGRDtmcB31Ec2UCADXhpO1hrK6IE4g7MT
2020-08-16T05:02:48.032000255Z 813 B7oCm8F3eeMlxZm3WLzlpXc8n0ggVruClOcarBJwvF4JIFVw4hlhCJcPqmBB
2020-08-16T05:02:50.593744767Z 814 ZicjjvbT2BRfZje02ECccvGKAe9yPVy2LXjwNTBkGm3wJQ1brTVpUcECRjOJ
2020-08-16T05:02:53.155130594Z 815 tnfcXykCcmkcFkVHKQ8azYJWiyvVqvA3SDsRaE2HJp0x1Nz7hActCNd87cr4
2020-08-16T05:02:55.716831834Z 816 49Dfb949wCLd28Z2nCgm5i1PdPhaZ7iBl17LhFDcvF0UAWbqC8LnqJjgBmyV
2020-08-16T05:02:58.278044681Z 817 Qv1xtAqnDBK7qAYmPCjCbuuGiogWflEDh4VjiLsswuZBUus0nBJdiSDm4FCN
2020-08-16T05:03:00.839236056Z 818 6PxXNKfSNLdBQfl2CutL77gjpaHQWcRtQ3xSlMAoOqcEepXMqQIiui5KNpMI
2020-08-16T05:03:03.400684453Z 819 2JBRVWAagpDaBv0q4cPcQrWGTLR24B0yY6fojY3qhmNaVAT8XM8jFMvGyPIQ
2020-08-16T05:03:05.962269072Z 820 pf7m27LqudPH9SrmmEEQIisRjup6O83DOre2zzkE8KUNTbTWyXxyKnH3H1NI
2020-08-16T05:03:08.523171837Z 821 zQ8AMawwNbIHgXkHf5EJejJikhcqdR21q506XY5naH5FxuA0QbKiDlxaTMsk
2020-08-16T05:03:11.083576551Z 822 w0sUmNOVUPFPmJoAgoioz3hdzeO93QEKTwQ7NsFYzybhDkD3V4tZj4gwB7kP
2020-08-16T05:03:13.645237724Z 823 MZcCOgQsy7Kc3LuC49xKfRbFdfr6FRV3H5j2UYMQhQkboeYFQAtjhIhQbNPC
2020-08-16T05:03:16.206179869Z 824 f8t5oIipF3obsTY2h9y9TfqbVrBTIBgwISmTVGYmza7OgSKeMjFKPSoLdp74
2020-08-16T05:03:18.766645455Z 825 hvGYO8OIRdQmZtaPh6cf4F5wtW4svsFupigjjyEqDQr3ZI4qDrevQ3wKOkt9
2020-08-16T05:03:21.328404077Z 826 RMAKIfBDUhK0P10wuTUPMQJQz4tNJdh0oJMd5awDKYvFdooe8kcWVP2fY1uf
2020-08-16T05:03:23.890001474Z 827 jszl8SgFvx5QLmtWz5WVTYwnYPKmK28KA15CJPRlFyCIuzhtHknMQKZuAPbU
2020-08-16T05:03:26.451218361Z 828 CZEGLHwFPEUfHTqoPoqg0JkvOG5v2hmDACZEqsP4NWbNV1Lrwd1eEkjx6mYK
2020-08-16T05:03:29.014198488Z 829 ijQzFHMgUg7d3jokKjpJu4tUJUuIFZf2LFeP3GeYe1kRqIvFoVBPASRd1m2x
2020-08-16T05:03:31.575196344Z 830 v3EyVtortiRRHRf1dIQbSCiyPiG5eBkheezddrqPYwRH9FlAsFqkRRX6dewc
2020-08-16T05:03:34.136966904Z 831 iuz5yHrNt09wBt2iTpNnjWM57igWq3pi3du4FOsnmTwR4kIunZrgfQ9Fno7p
2020-08-16T05:03:36.698356792Z 832 g7Ax3LFnGiYF46hhObMKrKcQ6bJyTUCDmjeXdDkKuS5f2eOgcqpVRSH7Pagi
2020-08-16T05:03:39.260311286Z 833 ilAy8QfYLdcvCUVQRhbfYFV0UEmmpSrg5fzNLyvdglxfBY41Wao0CKDg8qXL
2020-08-16T05:03:41.821218773Z 834 aQCew2h8RhZzV0SBK4gZdxAqEfBiZfWScDjsiTltNBkDZjAqzlNXTjwke7mc
2020-08-16T05:03:44.382688442Z 835 MZRNGBt5fVwEir8xB9bCBFqQSDUv6Gu58HE7oHZh5l2MatrSWBDcLk0zDd2l
2020-08-16T05:03:46.944284940Z 836 DsaiSlH3RY9PY9krK6fiizWprpp8pQRHt8wr3p8Zeez3eC8I8uNdB2sGYpJr
2020-08-16T05:03:49.505830527Z 837 ZhmiRBlxQLDkuuW0H54LCb2Y4Dr1wgZSz2rdmLxjM0VZuTxoaE0EPDcv5vqW
2020-08-16T05:03:52.067027540Z 838 QhawoePxaXhFRuP540S7SFW0eX4NnybL33vzxvM3nGshmWy3Nbr0L3kkSJ1D
2020-08-16T05:03:54.627952073Z 839 qlieatN8fTisJWweMzFCLBF7Upqhfr4iWHSmqsthwIy6EYDUS12n4tpTKUOG
2020-08-16T05:03:57.189151374Z 840 sFUnfiyZDCoquGGYpgxt1K32b4fZUpPSLet9ptaeLlda3ujrNmlzfX09EKvT
2020-08-16T05:03:59.750383715Z 841 Uzj4xKTIM06POVNsNgIVMSPioQtfRSDugH9GGWOYGX7CLlT9FfMXx1pGwC9G
2020-08-16T05:04:02.312043313Z 842 yhpalnEVhRL0biK8vFXHuhm9Dd09jdXtep2x91l7thmYFtAlQREmOO98cm5n
2020-08-16T05:04:04.873608508Z 843 tiV6A527mPNwVfV2WZCz1v0r1wyggTNCS6R9RVgHDLoMEPrFEe6Mwrz0pqrx
2020-08-16T05:04:07.435771663Z 844 KWdbOhEmwTSDwffEJnto0PC4WKqYOkZqOaAC5L6GhJydQ7xF3KguV3gnyWt6
2020-08-16T05:04:09.997127487Z 845 nFEfpl1pX7OhktPaseD0kyz9dDdNUXXiep1l8jMfodLn5hewG2LMVdmPuxAn
2020-08-16T05:04:12.558237212Z 846 dDcjEkuGYm7nn8bcXDUzqiU4NWJuO7wLfUB9nhKJ9Kwe2wswkO1dirKf3Qns
2020-08-16T05:04:15.119727211Z 847 w2Jl00WeBSfBcERvQAqorRQeJdVjwPysg0ARXlNgZXZ4mdSGzegUMwTrQDN7
2020-08-16T05:04:17.681475878Z 848 EiTGjirbjXFxEABKTF4tEiT6EIOqHWDhiIYK3PpAeH8Rhic0r2B8GtyDT49K
2020-08-16T05:04:20.242892962Z 849 yJILFRE63xkaYdDIwnD1vH6wqSRZc94CILgyT3d7BkhfBKhA1tHjnfzP3cue
2020-08-16T05:04:22.804555646Z 850 IzjwJ54mtGwd84upul39HZj1K2zpvzfQVC1c2OfO0bQ4qCZAzGu2RBlurNcF
2020-08-16T05:04:25.366797373Z 851 RVifcQ58nk34rEYMLSBjbGODev8FlBoy1Kc0Ap7yfou1XPs85XHkNW0Hg1gL
2020-08-16T05:04:27.928684389Z 852 lIbsnWVCEmGTB0vlyOaUohddZO2Pi8kyoTSO3l9EDAH4u2TwvJs2mimSuJqN
2020-08-16T05:04:30.489924492Z 853 lyRxiQOfLOcPudGGTSZIIH4OzYOWvsLf5xpyjf9405p5l5ZJ5jcx4VQXZEmw
2020-08-16T05:04:33.051431909Z 854 9GMU5YopWxK5NqAFGWXAO47LzfYpbScycCwGQhmDzUVb17KwwTJuN45n0i5U
2020-08-16T05:04:35.612940162Z 855 7C2fF7xSzbE2zFv3ZNs213X4hI1lNY0Nkfr1d7J3rSyk9qeIvSmRhSvZViAZ
2020-08-16T05:04:38.174486405Z 856 2m4QzzYINLEHq8VIpGSAvjoCcwG971cjN4JTKqcYzatSg7szWsk14xz9wbaz
2020-08-16T05:04:40.735971980Z 857 XVsS8u0WD2nfa2oFm8HCjYreNZBCeCRP62C0z3jayWV8CRkIwVQVMojV4umf
2020-08-16T05:04:43.297730293Z 858 KPcQFbR3URi3I2fFP0vPjcm0rYwzijmsPk7cNwVqWDr8pIxhhbGXY8pcM8hV
2020-08-16T05:04:45.858954129Z 859 WS9pb6BPd8mlv0scYJpIdgu5gOPPt9yRQ9lAXCXraUdfEQuIkAupnsXY5Me4
2020-08-16T05:04:48.420014819Z 860 ZtoKB2PNPKgzU1Q7tD4XPCBYhAwAvcRDJKZpOGsB93KPHliOnmpzUKtads0r
2020-08-16T05:04:50.980981550Z 861 Iii5LpNwMBg604YLpDTb1wod75MzqvcPALe7BixrOBJbDeVrBPpuMdbROttp
2020-08-16T05:04:53.542615213Z 862 DrBcobLizcNaWb3KCBxP7tg99GQJI1TQ28kcRdVRNhtzOn7JSIhq89jzMj65
2020-08-16T05:04:56.104691848Z 863 HnsYPXbTXYQRd71CThgp98Y3RHucNcaYJdnWH5HSkxOchIHq6YdOCtXIMFR2
2020-08-16T05:04:58.666815542Z 864 xpF1COJiKIFlI1ix7Vln7ZxmvDtPK27iBUvWJVpTjEs8LE6P1sJPKmSL4KPq
2020-08-16T05:05:01.227858866Z 865 1Dmv0YwGA2yGGyXjuZKCACDmBkkyfI03F247nTRPbRi7gdvQTTO34ov6rKB8
2020-08-16T05:05:03.789068891Z 866 1SLbbbnv7kQKh8gcWXzMHhrCBEhzqZyRVvkW7LcyAFIJKB7u6R5Herx8QO8N
2020-08-16T05:05:06.350762613Z 867 wY3P9GO6LDKJD9Et574KLBswb8YhHSOQwBHAHu8gqOG5w92o5q19kJVIbtma
2020-08-16T05:05:08.912525113Z 868 01Eibb6LnO8lPTYk8JTJDzUcsTaEHW1Rz2E20UvQK5pyYUxC77Q0OaqsqkVw
2020-08-16T05:05:11.473955509Z 869 EC4B3QQEbHkLkst7JcRH5SHcn4GltoSTiMv7y2cBDOQYLMduzY27rc59JxT7
2020-08-16T05:05:14.035477534Z 870 K2rm96nabwLjUonZMDJHunBzvFNlGiPdDCQ60hhzOAujcUoFR94rAiZfqu1I
2020-08-16T05:05:16.598136972Z 871 ISVec8sDYVGaoNhFe4TXXc5aNDZ4a7gvDLJ4PgR7rWcqzl0SvVuDCs6jFNSz
2020-08-16T05:05:19.159884002Z 872 VCnwb84iEYheS7PDWgobh78WpKRA0BMjKIZFh7eSUdycr1N3WKsAULQ10UaK
2020-08-16T05:05:21.721017458Z 873 HQSIZEHlmry29Djq5zl23brFilWiymPmVefAUQPnSrQIiXmOl8CRMmPmPAKi
2020-08-16T05:05:24.282441741Z 874 al0ks5oYmtlL29k9G5qlqMZKok7nlA4hFQUw1ugshDGPSzxCWrx5Ahp3lAOM
2020-08-16T05:05:26.844131603Z 875 0qFR4Vh4A8wiAgxxNK4IFyTLqkID5r3W14W7pjJK1PhGh8fb7s6ctveECSTd
2020-08-16T05:05:29.404795631Z 876 fn4HiUCnnaeM8LWKDc9lTW2SZin1kJ38gce9g61H2wee1TKox1jziEi13yxG
2020-08-16T05:05:31.965869526Z 877 QrG4mQwMkfPe4h3QUnGA6DUuvotPEoo11DgO7MvQLjd5cAa9qNxeSzNBMMDr
2020-08-16T05:05:34.527425493Z 878 Urq4Xofkhaw0xT2vywuKhnIBozulVO5ezV7mfTPqn1rfViDe9YWoFxOP60j1
2020-08-16T05:05:37.088219060Z 879 HmgTnpT7JKuA38BS88KTyKFor4enKi7wvFAayKhbmwgQrEtYtBNqlRPTtkJ6
2020-08-16T05:05:39.648791114Z 880 tDtPL3phfe5XSttnrywnoDvgnGOuZxlpO8p4zqIC6Ad6nBs2wrNqG5Y3VIa2
2020-08-16T05:05:42.210366047Z 881 4MBGzDw1X9GzGrkBamMlrEDMeU1JauLZQmj9b02shTkcR7ppXALMF4S3SlL7
2020-08-16T05:05:44.772629568Z 882 vMiJiIOnlf4ijmAwGX8tMLmhqupltu1pC3LVkHa0ryWm9W5mcGRPHPti1J6X
2020-08-16T05:05:47.333925492Z 883 6mO45xQJZqU5xKZMVQmBx9Ac3s8xoW2a5N4v2ol72ddh603kL70prefRvy48
2020-08-16T05:05:49.895267173Z 884 GAodFezDFY23GvINHINMHlc4aCRZDVRADeIjP2U8g2fw6oXiwHbUYFIvOUiu
2020-08-16T05:05:52.456514193Z 885 FEuscrRWN9M1H3o8nEPHsNmeC0slHNTKI09p2eHlZWGa7QXNNUBoKn0u7ZUh
2020-08-16T05:05:55.018749830Z 886 vTIBXKqilnSt9XHZQd9Rw7jbIayTrLFcVOYu9bOsrPM4dRhPwVS1z2V0QMys
2020-08-16T05:05:57.580437212Z 887 BjmPc886ypEswrB93TUsRjpxEG4IbATOvcbmZ0uDW8dvO067r2ZP3ZlezvLf
2020-08-16T05:06:00.142720693Z 888 rid5hqacD2R4vRFFWprHqeXL5kDg58AjrHU7UNuGzw87yKBzoUfIHEbV1bxG
2020-08-16T05:06:02.704383623Z 889 Prh4Tc3y8h4FfKwpSkH0pdVAZCUDKKOwtumLcD3Zj5zDdrHrAq208UXeLEgB
2020-08-16T05:06:05.266558442Z 890 H4lvU828Kn5QGP1n8d2JJzor2aTYNE49O2636HTGJYORD4kLIX0UHhQlxNpX
2020-08-16T05:06:07.827992134Z 891 DcxpWoChrTAdkCbcj4OrR7TDCQXAVrU2ONh0lfT80WR5lmEqTBWkxug6sUhC
2020-08-16T05:06:10.389154055Z 892 avErlLGtY9JlH85hedcpft41wIfB010Lit8X0fybWQ0MS1ngGSIl3EOXERIw
2020-08-16T05:06:12.950653133Z 893 G80mAPyOjFAoSWvXKrYxFCUJmXmQmHC3S4RSgDyl0rSV8mnYu2C4Kw4JWqZK
2020-08-16T05:06:15.511825406Z 894 gpZfTqFiHR50uwx1uFQFK79pJHIpz366RP8EtCpDyTClD581hTJz7Vy3f64T
2020-08-16T05:06:18.073001793Z 895 IXHq8lEvv86M0iLfLrxVv2Nn1WqyWDwRa3cnzbxi8GhaRXNb7UvNFMtVxDzm
2020-08-16T05:06:20.634700612Z 896 xidi20yXvrB9hXuSbz9WbEJ8aRYzSmfiZwSqAJVJD83H38DqhAYQOoz7hePT
2020-08-16T05:06:23.196272247Z 897 K416HvzA1W3fy9HxV45f5pOc7ick9qB24OHF2qJrZFxiR1NECcMEsgilphAb
2020-08-16T05:06:25.757759897Z 898 rQ0GfHMqiRvRbHlagcMfec6kE0M0jILF9rhS5O4y5Gfq3SsCm0my6taAbJL7
2020-08-16T05:06:28.319087483Z 899 47D0px7SOZ567xdmtg08wyCQ2mW7A6Th8OD9goYFbV4cmxSexB22ud14fv3p
2020-08-16T05:06:30.880111839Z 900 YVrjuLMvyKZkUspchNrf1uCyo4t6hBgzrv6fkcZLOexxRlTyDeazsws4uBaT
2020-08-16T05:06:33.441485161Z 901 YMNbAIGmS5sARomOUFhrY7UmcM0nj1RHIBIUbPNRT03qnWiIlnmK7zirHZYj
2020-08-16T05:06:36.003333587Z 902 xZQdyI8VTm13BdLabNIU00akkGX8dYrjlzkgRvbFHSQWl6NGE9ugctmmksCz
2020-08-16T05:06:38.563912996Z 903 dvMuDGO2kgIyaSsxMGGRhGa54mevnyYj4yWkL4i2eygZSst5RSYPDmZb5CwD
2020-08-16T05:06:41.125143353Z 904 pWXCRpei92hCX3EANTpC8QeppCmZoRVkWzWXLnS7qcB3684n1u9FxcgXpc0g
2020-08-16T05:06:43.686400369Z 905 TGe49dHwR91dUEqoz5bJosk0hZdOdfOtSIueuL89ctI2edPDIAENfAP1ZSLg
2020-08-16T05:06:46.248144410Z 906 bEPASfeSfVzcJ3kT2kcWtsX0S1oESOH0APrSfGPogdJxmKxqUXNgMqg8zUs4
2020-08-16T05:06:48.808979045Z 907 l8Okbt1bpuEFJqplIgAIwZHf5hsd6eXT9p7PIiRMnio4akVsk02xykO3Dcsg
2020-08-16T05:06:51.369750259Z 908 7vR3882XnDF998BwHsUgDzSMn62XWkB2i2aXjaXjwMQ7w3hA4u63XhL0BsJR
2020-08-16T05:06:53.931363490Z 909 mIe1vFldbQ6DWgdsfzgusGqTj7cmWr7ierhi8i500CwiKjhWuiwWDdUTcYxF
2020-08-16T05:06:56.492053042Z 910 F6qKZmtZWQ6LPN0QoGo4OeiGeSMaqXrMcq0QGYrJvG8ODCyCRe5jSsNLZJKw
2020-08-16T05:06:59.053428919Z 911 13yVMOIhzoqq9uvd3nkJmUHYzsbQLrDDUQYIs9yW0c16LT4lHnk11P34QFDn
2020-08-16T05:07:01.614537196Z 912 TAFZXqTD1Q1F9dCq1acPQ13JgfQxTxZhW3ros9mWS4P6GY893WrvWrkOKzwe
2020-08-16T05:07:04.176836913Z 913 uyMEOIMVcn0RzOiMqrGkLn3muxv6MalD0OhzKYUqKNdOjn59WlIcp8eQ7Om1
2020-08-16T05:07:06.738506980Z 914 Hd2wCY2OeY3Ix4pI5Tje8O89Bl9grEimPb9OyAjrZloLMIQfskexiCsNV6xn
2020-08-16T05:07:09.300850665Z 915 dPkOsfqHAFPIqAU8h1qzM1XTVPQtk41j3jh68vqpRA5eeOz9auw3n3G7NWOw
2020-08-16T05:07:11.863271064Z 916 sCvtIa6P0uWujF22x86COtf0b9IgKKCvjOLw5XAEk5DZUOqy9x92b9D5GxL1
2020-08-16T05:07:14.424751002Z 917 N4XpYKWouILVzEQ9mPgjVCgkqlfY0Dbym5ux4yJg8DrKcw85FFaFU65JxXvD
2020-08-16T05:07:16.986111253Z 918 KLF3AVmgmIdCCLBlpFCHoHwRG55ZpzwxdrQIrmwror0P4b4MxL2Z67MdJMKx
2020-08-16T05:07:19.547466940Z 919 FJ7W218ENqJPkRBNSgskptmA6l6d21Aa4qy8sNsGg586KyHfZNsDJf5jvGQO
2020-08-16T05:07:22.109810120Z 920 bxnPzsfbAbkYPknAraYlu3kZ1xul5hzJOVPRCGNcTD6OjcYY0wwxQzYdYCol
2020-08-16T05:07:24.670811039Z 921 PnGdxmYWDi5bUwAduboCe2CenoQlweo1aV9HxljWdcSAQukKr1EMdjH8cKvx
2020-08-16T05:07:27.232645077Z 922 uZE33nG6HbjjEhFHAnRcc6L8qMpmn7BUF5vMO7SqnsBzaegR2JYGnirwlocK
2020-08-16T05:07:29.794179443Z 923 jt2Qk8N8NOrWpCn69ErIBCnUNW15X0ltBp7cYNDn9X54v6W0HR4AWTyE1tsq
2020-08-16T05:07:32.355287168Z 924 ncdZOTLbmuEEoTYsbrHzpSFU7VI26voGnMe6c8bhUbBAAnviYlD9n9rihGFz
2020-08-16T05:07:34.916585199Z 925 NEAGxpa6UF2PNEh6MdgHnSUmPr77MEAEHtyZBMEI06hV5rp8AQXq3gzKnDP6
2020-08-16T05:07:37.478446891Z 926 oehmoFRVtBomR7MPWSMYxgSeBN4vTYjfTAcqV8plQtw8RRDYajvOzXTZuSoX
2020-08-16T05:07:40.040932194Z 927 G04Cx9Vrt7BEoNecUNYS7tTjAzeuC8uHMGEVySBrSCOlaryCmPitSZOwELgL
2020-08-16T05:07:42.602231407Z 928 vmlsTu3a5ykXsJ1n7XJoF6FwbGRcchiKxFu0aLJofwdpa5fmoWVuO51oJLP3
2020-08-16T05:07:45.163251854Z 929 8NhQEDEdTRqiroZvYCtgpfKMvPuCJSfBjQ16ncdlpWzrRfL7ddeCjdwSXsL5
2020-08-16T05:07:47.723971783Z 930 8BK1wm0h0ZbhymmBTj0OMLagnSl0KCWsudKCt2i8iIxh991KoeG8Tr6LZl4n
2020-08-16T05:07:50.285631000Z 931 5vxNX2LFY9YbxMw3hkCQTXJPeODztGN5X5w8rXDV4bM9VkiUSACJFnIfPKeh
2020-08-16T05:07:52.847166458Z 932 xZXkZwLY39r55NEtqAYgIGz896AozWiXBShoCzhIWyhlMjl4uEjO6qK2rlsg
2020-08-16T05:07:55.408610077Z 933 GR72WWCSUdOh6CfE6JW66WSqdbXkXOJF8XELHKPltOTQlPCvPANz7hT3eaWs
2020-08-16T05:07:57.970535937Z 934 5SRFjfnMdgwFmUawmv8XB4v3B4kYAUjABMPyngPO2kEQnfzr5TKQaQYouYXF
2020-08-16T05:08:00.532385432Z 935 Eb8SuTWtBGmpNtGvJOQ0p46Nwccy7z3F5z8qHPSCZ6nudkAty16EyrfHLzIA
2020-08-16T05:08:03.094745320Z 936 9iUq3GKyAidXMvPMVNldpsEwfryAj8ylMzsOIf0dX9LmRyztBotgb3Dy7fPU
2020-08-16T05:08:05.656170859Z 937 yTw6fosXKhoxWGliq08UQZX0XJR5DJRK3GMlH50hqGGoJEAKhM9u4Yvl1Nqe
2020-08-16T05:08:08.217428383Z 938 C12L2mKXJqWou09era6EPqQ35ab6O6Xoe4w3N4XrnwDvVJ5Rh1Q6GRco5n4F
2020-08-16T05:08:10.779568448Z 939 IFjV19ci8xfKtvTJ9624Uj3LsiDnt0C0eK6wCRy9yBVLZ0Vkqr5YKltLEkzp
2020-08-16T05:08:13.341670189Z 940 0QrQeMZohZbkPedlBZaIplaCDszaKc092xIDcbyKSUCj4N1rW1qNc215kK03
2020-08-16T05:08:15.903570661Z 941 a12mIEQuddJd2N4Pa6ojRscsTD32yu07TXEl2h6tMWtnPAPMMyk7pzPCk3q9
2020-08-16T05:08:18.465048037Z 942 2iebZbFVgUBxlPkacCKl0jaoeeXlitqUvJchHP6Ph0wW1REm46pCuJdLd1yN
2020-08-16T05:08:21.026526050Z 943 6GcceMEYbml1ASUsdNZ0FgL4MQpSjdw91xB8JtlsnFUGzostW0IJmWaRDW28
2020-08-16T05:08:23.588150147Z 944 147rBDwgxjGAWGRM8H6MfKVGSVm274EZlG6LUxoELwV7ESnP7oxdHBHPED01
2020-08-16T05:08:26.149273021Z 945 YrFZdEGUVnc6T4RqWYGzyUbWVMd3p3f9W2jXUGPQAoyk1IYEw3Oxx0bqwgQu
2020-08-16T05:08:28.710098568Z 946 1UDCdnwVbJOOxNW9l5RPX530KI6FAaaknRocT96ZtC0GlwFvkJsdBBqyz2oN
2020-08-16T05:08:31.270851905Z 947 PO9ejRr3U4UPJKjCuppJc7Twlmhe55Di8Ict6QGEcTMnsLonYysr3uQSRMGY
2020-08-16T05:08:33.831956530Z 948 MFO6tp6XxxYLcEYMyCsv303HOmzbcboWjYvTLfSuNmVTMq7xtQfIv6UlqQuD
2020-08-16T05:08:36.393131965Z 949 8Px4xbMtFhKz6COUiqLgNyMyNY4ivIEksBbYP5Lu3TaCaBqAFIxhUSnCOvhN
2020-08-16T05:08:38.954325992Z 950 mx8m9HsF15pGnNAL1KwPJZz3ZBgm0siVK3m01qZrtRPCuVeMCb9INKbXdreb
2020-08-16T05:08:41.515281606Z 951 LJ47aOOELwLUOJjU7NZaQDemAkgpmKagzbRmNf9qm7g9GsXs4xiOtPEJCJla
2020-08-16T05:08:44.076719638Z 952 Oe3dGOgtHiqwaDz0sOM58viZdPPxBL7qkVdYdFr8WB8fqJurgoZa3XR87h9U
2020-08-16T05:08:46.638785292Z 953 itbzg1jcmhZWAo6Rr8wa609C0l3deftc9pCb2rl7OBDWEjEMnzTDLxoisyBQ
2020-08-16T05:08:49.200201797Z 954 qavP1pL5CJWo9kuDKSgoXx4LqrV9xYv7XBYc8yRmTO8yDYvvNz05w8NpawkQ
2020-08-16T05:08:51.761200026Z 955 Xuj9G4mCMPNAWwMXRzhgxskzS3txDTqSkyuKS3CllvCcjxIiduCb58gB38jV
2020-08-16T05:08:54.322070658Z 956 QkqbRGaJtSVSJNz7XYjiJXaPy4n5HEqevkgJJoKPkAAjoRp6TBw77RhG92Y0
2020-08-16T05:08:56.883176635Z 957 2i9zvaqcTni3WifulFCMNYo5FouPVHymJB4gDICNCpFrIwzhgqRbOpa3XbsN
2020-08-16T05:08:59.444813335Z 958 XWlQYnTQoNW7y4ZkbBJMnE87lfa6E2MrhdnjCmKO9h0YS2j8UlDkqItGWiCf
2020-08-16T05:09:02.007113568Z 959 QEGNUHrNWkL8mIwrv4ZL44S39BsWxQhzBgY93zP8UoGUf5FrAw4oAvjC3i2A
2020-08-16T05:09:04.568318834Z 960 SwnDuFxcpdLaMjSU89GyZzy11l3t2hC5pog9piZlFKZ8N6akFpbh3RaXrwAU
2020-08-16T05:09:07.129550426Z 961 IQVsG0vGaq7cdpkHhTXqZiLMsCXRyuGAhR0RLM2TxCQHY5fwAwm8XU8JAFqX
2020-08-16T05:09:09.691241566Z 962 ILv3AosXAH4eLtSHndsUjkNhn3kLeOTNRcTPMTzGmSkRfAqQCrpoeNZhVhJF
2020-08-16T05:09:12.252471867Z 963 Bbh11t3CrnEKo7akqXjQgjj0YS1lZWc7aMqgCwe2B8XgMiI9uaTpdju6ln6L
2020-08-16T05:09:14.814195040Z 964 hz2GF9ho1tbDLFrYbGfzYcOz3dOBgAe3y9RUCthshq0okSkZDanekMac9Toz
2020-08-16T05:09:17.375317489Z 965 nNv2k1PSh7Jrr5E6QYwtOtjozQkxeFcYXtg1GZL5eM63RSgCHlOXUvar7kNV
2020-08-16T05:09:19.936033899Z 966 BDxlsrEnon0Z1T7L9fWPIe0nNTyzt1p6l4gggWSZN8mXNAAjgMumwoBsMtfd
2020-08-16T05:09:22.497334977Z 967 Y9ohzJgnSdXEfVqp4FZ1B0wn7MUJEisgHhJ4eZEXMUeIKfY1UQSTiztZIvzX
2020-08-16T05:09:25.058498528Z 968 C4dYPSPDqlxiQ1zlupIQkeP35FSXSlpVg9LdNbhdoyAvTbSkKH33wykPKUdj
2020-08-16T05:09:27.618649032Z 969 VeOepILzaczKISw3dGsXieamqrk6YhioQrMxQ77d6724fGTxEJ9empKOq9ok
2020-08-16T05:09:30.179778779Z 970 4Cq9gW3jS1EqnptDoDX0pVvHhInVm2Gc4KgVR7eS8IYAqEOQnH0LLXkp7Vl2
2020-08-16T05:09:32.741618901Z 971 ZzmWoZU9RCfPnxirOZY3rfYyRuX9v1BSty2GO8IxfqOCBjfAwAHeXp6DStZp
2020-08-16T05:09:35.303294208Z 972 TVYg9rvq4gIIPPiFhe8sNw8cchRM8FP1QdggC6h9j7T4VyVnEh5uv44piMzo
2020-08-16T05:09:37.864779841Z 973 goODon13JuSyRhcqoairE5nnz1AuY3YzjmyPhOTKNkpSJstX0QmUf9qTBccL
2020-08-16T05:09:40.426544945Z 974 DGykUs1h0NYClsJ5obZuAqIv95lMXhBQmTihGkhcP1OE5A4hOIxRYDy35giX
2020-08-16T05:09:42.988150760Z 975 x2HQgw3sm5oD3VlYSZQwnPDyMfz23JsmwrDPOL0atpz76r4yuPAscdpIrt6H
2020-08-16T05:09:45.549391645Z 976 kGBQZ0rMr86cOUrQ1xQo8aB0WJanDa4HJ1Xb43rvuxN74Ow1Mi6ubwSwO97q
2020-08-16T05:09:48.109832837Z 977 PBartTM8oev189SeTOf7bzzGnn36CI48jVwrWKaHw4gHLrtiPxIjEOerPHMY
2020-08-16T05:09:50.671566076Z 978 bDdKo3w6N4FdRaJOmbDPbFv3cjgvgtNtzqjfoZdoZ0LLE6BiIHkjWMhnhtEP
2020-08-16T05:09:53.233065029Z 979 xIxRhOoz888xFJVxP5mqN2UqfcFF5AE2x9rawAua2hx4V4nsVhSdrdLQrw1b
2020-08-16T05:09:55.794331263Z 980 71xr7iSphpwWJzhdmOxiOMM3fshfhyIkJuKLz3nXSVbDLqci6NvfIK4rdFJk
2020-08-16T05:09:58.355150083Z 981 TcA9XQDcxWb46gr8sKCMyiHaDL3qfiBR97qCUU9b2BQE2zt70LkXxhhMpFzZ
2020-08-16T05:10:00.916383792Z 982 vZa0pmr542qIAkbXGNcAdwF6aPTXw5X2dLT21wVI5xYGDhcLrAfg8NApPr4m
2020-08-16T05:10:03.478150142Z 983 w8cVlYfXTBfF08627nWMQuzsM5WQgHmgjiKCS1xX336Bhj2GHZeTM5uGwOh0
2020-08-16T05:10:06.039386679Z 984 r6kow7Cer0B0fN5Dsmw6QvDxv3rYZ4kOeqUIPxfujPlBUcr6OBPsXFEYU08Q
2020-08-16T05:10:08.601625943Z 985 vyeUE8WDQT82n2czmBhYXHQY0Ih6MpSjY34GkWOS8MdhYIO5W2egHgtdjkTo
2020-08-16T05:10:11.163339883Z 986 cByPPEO2KnaQ6OmJdWHlhHP7qUJTCgQHCBgsHHoLiDh9hpxAhvu8ZYIBA9CD
2020-08-16T05:10:13.725115376Z 987 mVF0zodio5erXCr4zoFgSlyEiHFYXECdOIUryvrx37ThYwByLIV8Azu41Rns
2020-08-16T05:10:16.285744763Z 988 LIgSMdgDT4dZO4hT8IBALCGES2CbU7FzSSRS95XVFq7e7AnwvBXJv2N1Gvdw
2020-08-16T05:10:18.847823343Z 989 4viME80GvpWQhspBJGvOJUzmXZvrZXoVEFNkto4aS4rzYkizVqYyNQqxN97M
2020-08-16T05:10:21.408902209Z 990 vIpRFupAi12CKNbQrxDcITvqVU1rmo0SwoHMjHb3BpdNeGgHnBSKoi2XMoOS
2020-08-16T05:10:23.970370402Z 991 KGjlbCHTbENx1XzGdw1vq5IpWmsYHT3sR0xvA0u99qmuXIKmUVbbS5miZZot
2020-08-16T05:10:26.532356556Z 992 PHCPkdvqSOMcaVizSVZmXajwh37MziyuVpoTz1dEQ0Tw6LjDZhx2qG68XuwZ
2020-08-16T05:10:29.093233788Z 993 kyl3gzXk5znv0Lzqtm4UwOObsulYl4sKjMVQ9092MtiqXmAXcTax3cNaKm2R
2020-08-16T05:10:31.653985573Z 994 wj7xGKWglqvOOdgT4w5gVZoIkgjHuXpCUs6sFFGnrVY7gxCZ8VVKm6ShuOn7
2020-08-16T05:10:34.215590797Z 995 I8S6MVsRBiyAPifeNEQpddDxjXAiT85UA9bABLSRPOUMMIUKAKDx7jI9RoUw
2020-08-16T05:10:36.777146858Z 996 GuKGSPHVyxS6ygZCwcMQ4VN7C8p7PhJfTsiLkGQUPHyB6JpbHslE2RcgixQ5
2020-08-16T05:10:39.338367671Z 997 oAVVdO8y0yUxPD5ozpGTBwXJbuaMyIUPtwXuR63PbDlJsqVRVil29EFZvW7l
2020-08-16T05:10:41.900395937Z 998 Cu1IIALUSKYBTfiKl9mG8ZviuNRn0bYMM1UAyMqLkb9kfiDDObTxF4ZOnbGz
2020-08-16T05:10:44.462197785Z 999 d9Sb9gr9vIRB31X3tthwlGjRSYsMIbbMTqVaqTodo9uYiK3CEcrDJcjR6zy8
