2020-08-16T06:30:44.268324884Z 0 F0UWmSOAlS0Fug7HtKH8ul9LuQzSjevs8akMBtXwsLnsoQSslApb2qyWqHUZjL
2020-08-16T06:30:44.278805770Z 1 BXEOTYPJDiNdQ2lvS0WmCzKs6ARShduQRcDobjWpa5XqIOhJiTehuwKS9cCzZG
2020-08-16T06:30:44.290070491Z 2 RyZ4gj4XbfBnyi28HJp6s2Mmia96dmsmOzeBr0SIpA3R31l9LXPXBN6I9IfWa0
2020-08-16T06:30:44.301353207Z 3 Fv2JPNYQbxcD6ajn3jN5yhWWOzlkIVZ3neb6grS6F0z3h7zJFxigyrEnPTleRJ
2020-08-16T06:30:44.311676117Z 4 RsXy7KkwEmn0JWSAAAS11wTtrQFbovHEWgeIsunNi4YWG7MSfCND589QQvL9Jq
2020-08-16T06:30:44.322950446Z 5 fUDiNUjch8TZ31cV3kfM9UkQZWLrTEMYnYNKWn6d9O4FuQZmgTkKVCPwpRQrLc
2020-08-16T06:30:44.333776871Z 6 X4jo1FtiKvaTzPt6p8N06FtQSttpuqdmWbYpTbRR1yNRzBH6kG8PExgZvYZByU
2020-08-16T06:30:44.345055326Z 7 A7s2ltaJ3kdmI8ybvFYUEgt5AMS9X9MZsYBOzIj9t2aIdMyC0biQHyQ7VsQyyn
2020-08-16T06:30:44.356285081Z 8 0lHLaXvMjMskCvfoTQhnzRCyJSRT3XdN4ah5iLDdzWih9eX1OEbASKl4AHHPSX
2020-08-16T06:30:44.367452403Z 9 U65d76rOzSjo5IElYscOtu6iAqgYDBIx0KQsQuoacLGJQ7g8xQkdinYOBonOF3
2020-08-16T06:30:44.378678761Z 10 tC6Wk1erevlRl5LdrgDNGoyRDaTaR5Xs11X2kx4R7mXz0GSUGuMi9fYoXg2xi
2020-08-16T06:30:44.389790487Z 11 Mx520USsSKl7ULzCc48QTEvYtNpnAPWNubhWLCcOlMXFY8Tkq3JDOhOcuscwX
2020-08-16T06:30:44.401020256Z 12 ueezSiwjHMRKAKynonRuALV9gU3MhwVTXZcEKeOUNhhrXMSjqwID8Cn7O9U1X
2020-08-16T06:30:44.411491645Z 13 uhbshoiCl3GQkM998OkVY9OofJ08TvWf0onuAfWRLTjxb9BJqWakymBsDx5kb
2020-08-16T06:30:44.424439431Z 14 cgjpFMMrs53V9wJd5O5wJCJ1Rk5ltXq0IulH1Mj2CubN3cHYTnUzxjbu6MbEn
2020-08-16T06:30:44.435813648Z 15 iTKMWWZo4WCrUASLLrnXwIXwOfzVYkzSB62isgigNDnQYvbxjOJr2h6xWFcdX
2020-08-16T06:30:44.447235901Z 16 3fQfo8MskvVYEtK2thjLhtLq9ZSJfvnBFZxZ1TC86LteJruwiEleU0rQ6pK32
2020-08-16T06:30:44.457664314Z 17 14ijRLosBmUvs7nHjbdPlu8lQNgcJ81h6MosXGdaNLlfWbrGLL5UC12ujeCjs
2020-08-16T06:30:44.468977813Z 18 dk2cFAWN1dSkrnk5QimGxccuOYdC3LczftSMXAbY1guGqyVOBDxZlbkcbHC6z
2020-08-16T06:30:44.480513829Z 19 Iktl9vy5bbPAFSx1WNnvUVcveFtwiJXe3WoQrsbzseo0rfN6uy1VydRVeYjxK
2020-08-16T06:30:44.491159478Z 20 CUEUfVw1HdsMQHxZFmDYwl2Qyr7UaBKfEJ9qWntPDkiDe4xuH4ebD1oedAq46
2020-08-16T06:30:44.502923935Z 21 63H2ZwtIqUsz60LFlF34W5UpeYFQ0fMSAKmjmTNZykQAWoE8KtkbihlCJ1NvK
2020-08-16T06:30:44.514555214Z 22 c23pUt38lZREEcjAyz88hzGBF0cnjBa20nvytG3ywKtLtZY3NPPUtRlBoG7Jn
2020-08-16T06:30:44.526072213Z 23 6fYFKXGcs521eMk3mMXNInONoTtzK9UayrSERWeGGcWsjURvpsXz4jOJgC6eG
2020-08-16T06:30:44.537520098Z 24 Shctm1dHuJx9Z353Piv6om6FHdTYKmACsDvFh5IFVWMLmECUqtOTunRRER38G
2020-08-16T06:30:44.548028413Z 25 IXZnxYVSQkHfgqldmG92hEXCbfHzf787gSiehtITFpmoKZHAgO8gAUJhvFbBD
2020-08-16T06:30:44.559710769Z 26 gyYUGsUI9hETeUI0aZuCplfRRnyBJwf1eSugzcRfMARiVfusWLNQNvFoRYd7A
2020-08-16T06:30:44.571506927Z 27 lAovOdzmnY1og1693a2Da6olse5vt979UKgNfstBOD3Syr8AXoB3YgP0LlVgV
2020-08-16T06:30:44.582598205Z 28 mZiQUblUzFF1PZG9GYnnCCamzEbJu23XMq6nodEMwksHojoYOZmWsibR1j9v9
2020-08-16T06:30:44.593521266Z 29 TSAmZg6bUy3b3A4vHSAuOWVuT8cAUHMjf1BfQDmCVsNFS5D3bj9jHkMufQPv0
2020-08-16T06:30:44.603699974Z 30 3Nu2gzRQYpzhFNHn0di2aFSmWVmdIAHumFSARVDX2a1lOadsK4Vmk3OhXviFV
2020-08-16T06:30:44.614752312Z 31 huGdzEAZcxfwu5WIhWyrrcl8bcH6x3XdYpEVYB2sCJyReuDt3TdukqWp7H7y0
2020-08-16T06:30:44.626871509Z 32 Lm9IghKgY94NhIj8Qvxvs4TYnGehrcsWI5lcwqOdHzESs03e8WOuXHORAYuky
2020-08-16T06:30:44.638728842Z 33 fDnf3J9cOgCHfN6ITehAABW7WecFFr2PRVbFr2ZRE5jf5SwLVAGUZLwKE8MpJ
2020-08-16T06:30:44.650340843Z 34 I30oT3v2j9MIeMAknDETolEtoKRcvQh9AUdBmXMhBjZJtXYFYGyXF3ovPswAw
2020-08-16T06:30:44.660933571Z 35 CuyMas0FaHiD3WoKJ2tZ3WF3ukw1Be3cHRXAgmjdxegZWaZzaPoMxUTk48pBi
2020-08-16T06:30:44.672454626Z 36 61NujHdXOcgp99PqYEQ18KXt8ssXzbNAuCXG55vijM2g0EJiAOJ9QX1h9dyPD
2020-08-16T06:30:44.682826451Z 37 agrCKdy64PcxaGcOu04mfAb3zztmh3Gd6amKAklQHykDVH5GNkBUwV3Vbtmre
2020-08-16T06:30:44.693798268Z 38 YIRPvDDdPgAM5aWrrhv2xzsqjZb5bTbU2kmuAuItNRMbZxs3UEi7K7w7mhJgN
2020-08-16T06:30:44.705221070Z 39 nDuxGHIMQL4mMoI6FBhtgnfWvwRmUz1sId4MdVCypeDjhrcyXRBGrlbH9jMXA
2020-08-16T06:30:44.716708549Z 40 ncU0RJE952nS4RvzAungMRTHpfrSR7WWS282PSgq7ZftYgv7TH0B7iiTefuHK
2020-08-16T06:30:44.727992920Z 41 eO1nsFlBKs5JH8LbYmtuGbwzTsj88UJkkqzRTWrrLONK2aUlSmvHyt5tBl3n4
2020-08-16T06:30:44.739413678Z 42 N7XRS0deYEyiCpDwCOK3nAXMsx8cN9ewXggccgRYcu7JJJ5ZWqv6uKwLb4MH2
2020-08-16T06:30:44.749689235Z 43 UwUxQgNkLafoAvI2vi7xildNdIXXQhu7ynCi07tYb3N1gRvEkexhWs5Fjo5Ya
2020-08-16T06:30:44.761190904Z 44 hwK6nFbzhKixHBeV13MoziP06LAvo62TRdtHkKIP03IjKKnh2IobKUQLIAvbF
2020-08-16T06:30:44.773057106Z 45 4t4Gb6rUZar3VbTTK8EwBZRmAOQ5twqPT8BFCZ60z43DMS9zGns33M4P3IaXE
2020-08-16T06:30:44.784161743Z 46 GiuxjRqkC6DGNunaoxj6FKT6GPNucVDC9QPS1sQB4j6TNWsWXZkT2Wwt7Oow1
2020-08-16T06:30:44.795848378Z 47 T9b6wVbfcjXxrOuH4o9P98Auh0nCZAZLFeIr9oBvhudIiQQgmANBhmYge9GEE
2020-08-16T06:30:44.807514944Z 48 NzrAFsdedEwrJGu6c6ErmLrIfsehi2l6poCqZhbf5c5u0uZ8C5tVsek4DBaag
2020-08-16T06:30:44.817964351Z 49 1xYNFqrsEcec7C0y2uwYnKtS0RfFeY99gD3Wy2n1PM6t3pmlTdrCOZV2pSOP2
2020-08-16T06:30:44.829605822Z 50 96o7KDf4g87IysDu6cZNQ0cODV1GVWcHdIsIyBMsJVaW3Ue0RhNDqyo78RecH
2020-08-16T06:30:44.841407276Z 51 wvQjo4HW20eCtHSL7QiQnGHaS3AW1fdiKI5Ut5SAVJ2sGnJc3abBWrP3zasrH
2020-08-16T06:30:44.852602491Z 52 bMIMLf7PF3OaNxrybUjspilObJRfSWxk4fkGI6qTKoFLDGN9GMJAK9EO0YUay
2020-08-16T06:30:44.863295229Z 53 Tq4DGlQJBRyzndfPplu4OpcbnZMW8CO7Q3MHJxwa4yp4t7Bfv3Jd4z9ECsuCb
2020-08-16T06:30:44.874710878Z 54 Elkhqo6U675UJr911ZDjlFKjOAmrb9UpvBXXBMFgntWVSdW79VRBGuDWzbbiI
2020-08-16T06:30:44.886557185Z 55 2HJOEY1tPVvhymPEwQxTmErMSqWO0hf6NN4mOCbvLsPjLRuYR295hidNSke4d
2020-08-16T06:30:44.898944768Z 56 iaWy40QVIy1L5bOVEZ036X7zBGPlNFhlktsQJoN3zPNeS3qLnh2Kv5Prt4bcI
2020-08-16T06:30:44.910849902Z 57 Hg3cCwtnDwrdAf0TcXcgMupIZQPDgmAzVw0D43bwhqcnwAtYU8CCFCtDIpjjV
2020-08-16T06:30:44.922608280Z 58 QNQmABn7ClBjffki0x33KA0xQA6ZP2ROByfD6dp96NyDh5RX0aRLFCoHLsa4b
2020-08-16T06:30:44.933016325Z 59 0aJNC1ZJckrySuBMvppDQ30LL5E5gYHoTDsjieXV8uge5f5i3HOTfGGXiQskL
2020-08-16T06:30:44.944431996Z 60 Yg01q86HLo5WhqHKMDJear28QqkXNQ0DIq1KOdmHlHvvI8COaL7LK8SeGZRaS
2020-08-16T06:30:44.955747758Z 61 dhdBeo8Pk8CnFw87fyfGW7RwrhoUThK6OtCRcW82GSHL8Xg8NqWKNmkKU9TvZ
2020-08-16T06:30:44.967404229Z 62 5SrEWjhYvHf8lo28CoE0Pml5lCMLKvmoYHE8kfozlyLcMkYklGz1yIixAw4sT
2020-08-16T06:30:44.978469748Z 63 L5AKDqWXrb4UvNWVHgDzbMxDAsydEVIx1dGzXcq5ZAicEKRfrfMS0pt3PbGWb
2020-08-16T06:30:44.988886282Z 64 oTBs70Tt1VW6RrROAH9mWsb57lhPsfaZBoL0zUjLpMvHeHZI2FXNpaHu3lfWM
2020-08-16T06:30:45.000561345Z 65 cEfIeGGSq0MyzdNpOm0IXtg4j4UfoDkZebQGfz2o4R3QHgX0DpvPOn6FrPFwj
2020-08-16T06:30:45.011087565Z 66 gGp5IaxBzpoHnfhPXUJhxg65ZJxG7DfRcCWzq2VHiLUtn4emVt26u8kPQQPV4
2020-08-16T06:30:45.022189892Z 67 k1r6x2FKIXiHFTd8DsY8zm2FDJEzFXYJxikXxElfoYUpLC90SjZFHWSFkF0pA
2020-08-16T06:30:45.033845153Z 68 adR0YHDmg4cXDpxchAVvVkXySPepjg690ry1eYiJRGupyyKDyYb47DzUI2f57
2020-08-16T06:30:45.045718094Z 69 31TuTWiDCGtJ3v0Sia9GsFVLtcmQsPOiIqY1xa1GJ2yMOiSCUGWsDbMc6jlfu
2020-08-16T06:30:45.057478763Z 70 r1W7MbgULzZEZXb0aTaWoci42SFvdVVso8PZ5ylKoYul8WetYkjKmpXRfGapv
2020-08-16T06:30:45.068262261Z 71 dwcJwPN9SzjqlPSIG8Q8XAP9Z9AmxeeuKzG88x0r5ge2Iv3UrM8dICo056BuD
2020-08-16T06:30:45.079803347Z 72 twJGcmKaakGIdrHnMEICucbrzOREdmTeeUQoCqi4hEISdlj69Iuvs6oRQlEuk
2020-08-16T06:30:45.091761859Z 73 iWoA5Wd50unW190FXDiloy0UgcuBRucfqPSwB7oct4AGaHYwH2lWB4qibWwrk
2020-08-16T06:30:45.103423543Z 74 S0QuovDQlUf3jyF9NX9S9sDq7XKs36lGuTE3ERzGtXEAVHGAmIgTBjhNaxxnP
2020-08-16T06:30:45.114066288Z 75 VlbBx936VK5YLFdCk6PMlwhJRKA1Q5lGUUNnAK1ooV6MmW2hTQqJ40SDoQa9U
2020-08-16T06:30:45.125690255Z 76 UWfqBPP2WOOuVGpP81K5gxc3viphvqfh9otFZClc2hCzYnUM5cRV6reoR8LRI
2020-08-16T06:30:45.137353531Z 77 1oMdZMQORoFFxE2XraUachFUxEhsgCDZAWPruP69dkuSJZNt8vshozK1I7h1p
2020-08-16T06:30:45.148763841Z 78 qEb63CNdS0MgPidTd50oy1rxieEtbzGwkyLstqnnPTpgCgJwYxlaMcntGpHbB
2020-08-16T06:30:45.161067291Z 79 kSuJGnqVRi2cSB6szrK7eehgFh4BovnHcJDnWxGYf3klky4B1S8k0QoKJIzqr
2020-08-16T06:30:45.172969984Z 80 oYndjTisZ9786CeGFjatnZHaOagZXppfsfljX7TXnAxi6hwwKu771chrdH3E9
2020-08-16T06:30:45.184725174Z 81 DlBnvByyWbUGy7vBMlP06matwwepp7BZbTJpQXNhiRPSFQ5fhqeSvQt3vOjYx
2020-08-16T06:30:45.196518149Z 82 tzJeScDrGsgyIrZqKAoBYyMtWRvNDkg3b1E8HQarL8iWGxXg3DIRPiRIMmcjD
2020-08-16T06:30:45.215691047Z 83 7VgXbPGoGgpKvF83ThWogm2L5womxtyXGvTImLbTouyLoNbw3ZxNbavQs9ZX3
2020-08-16T06:30:45.219530883Z 84 LNGPSMVoYGExxxIontklKryuoL4x4k2nUDySWNlZmw1752Ta3Zk39sibkqR0j
2020-08-16T06:30:45.231109178Z 85 idinhgPb2K0YMwwoq2iqDHHDBNrh2O9ecIvEfLarTN8mrQId5QAL402QMCsTK
2020-08-16T06:30:45.242871168Z 86 onnayuBgnzk1ySP6vdFJexmmm4bfpMmZaHf0VIh0MWQ1gZiuqEj44LVwGmPD7
2020-08-16T06:30:45.254988208Z 87 Y4Q9mwOjMtj9gaVpHaguN9e0OXFzMDqVRNzW0eqfv7AmEwpWRGI8mmnZsDxnE
2020-08-16T06:30:45.266690381Z 88 mklHzMBr037sGiKQ4bBL4wIcEtfN0sJ8cmwL0xdmTouucXN7KNUWdSyRlh0tG
2020-08-16T06:30:45.277306628Z 89 eS59XV703coe7RlYYacU4vzhuPVEzpv5yQwNKRysuU01wukWIvj82WQm31aZc
2020-08-16T06:30:45.289047191Z 90 vNAa4TGEObyJczoynPiByWD30iSHbEJBHBfF20C1tHxMHn6mAAIAEzcGediGN
2020-08-16T06:30:45.300588408Z 91 p5U0TDSjcKltuBPLTjH4bVaWsT3I25U0Jl0lA0ko0lhJKosfy55KITK91Cknm
2020-08-16T06:30:45.311763082Z 92 CgpoSt5XZrLCBkhAKxohoRdZ13T2HDRFhRnJf3oxeas9vAGunAkhCXNloFzEF
2020-08-16T06:30:45.323982675Z 93 hfKmjrvvsw0k6vl3DrMIzEEdJsfwWLfg9IaTydgKx3cCLeP5QGLOGtETwE1A0
2020-08-16T06:30:45.335724495Z 94 XnvIY2oQcDSoZfFMACUmDuablE90S9Qmoil9fFE4eqZb524usQCPGUIU0YTNG
2020-08-16T06:30:45.347375086Z 95 UZMQ7FvCudPVvhPJ6OuG6KQJcRogDsp8azXbPug2pdpBysqdOAOqxEdbDKQlM
2020-08-16T06:30:45.358350973Z 96 KGzAmcMgFh3vnr27MeCTQrvMa5uepvdXj4M2E3dyjtq70aHppeE4scOIH4XMn
2020-08-16T06:30:45.368871406Z 97 Fd8B6ma9NayejTUa1O7FZWUgdzjQUVGobEfHNv2T7Ya5bR4Gw7TdUdUzcgQfV
2020-08-16T06:30:45.380212335Z 98 8z55ldncJQnJ3hLLafMs1UWtEwAMp9vBLttxluURgPbRjGqQyVpqOdvrv1EiR
2020-08-16T06:30:45.392216976Z 99 CymeRVTgzT0VdoxBgdz90bWtpc0Usrfw1nTOxH1TuDydZ93Eowi5f5pSKkIlp
