2020-08-16T06:30:27.231388186Z  1597559427: mosquitto version 1.6.10 starting
2020-08-16T06:30:27.231431320Z  1597559427: Config loaded from /mosquitto/config/mosquitto.conf.
2020-08-16T06:30:27.231444994Z  1597559427: Opening ipv4 listen socket on port 1883.
2020-08-16T06:30:27.231455193Z  1597559427: Opening ipv6 listen socket on port 1883.
2020-08-16T06:30:35.153174178Z  1597559435: New connection from 10.0.18.7 on port 1883.
2020-08-16T06:30:35.155424771Z  1597559435: New client connected from 10.0.18.7 as twin-38162cb0-e585-43d7-b55d-5c240b2bfb7c (p2, c1, k30).
2020-08-16T06:30:35.155448942Z  1597559435: No will message specified.
2020-08-16T06:30:35.155460253Z  1597559435: Sending CONNACK to twin-38162cb0-e585-43d7-b55d-5c240b2bfb7c (0, 0)
2020-08-16T06:30:35.206003719Z  1597559435: Received SUBSCRIBE from twin-38162cb0-e585-43d7-b55d-5c240b2bfb7c
2020-08-16T06:30:35.206070834Z  1597559435: 	38162cb0-e585-43d7-b55d-5c240b2bfb7c/+/+ (QoS 1)
2020-08-16T06:30:35.206093451Z  1597559435: twin-38162cb0-e585-43d7-b55d-5c240b2bfb7c 1 38162cb0-e585-43d7-b55d-5c240b2bfb7c/+/+
2020-08-16T06:30:35.206112468Z  1597559435: Sending SUBACK to twin-38162cb0-e585-43d7-b55d-5c240b2bfb7c
2020-08-16T06:30:44.378486295Z  1597559444: New connection from 10.0.18.79 on port 1883.
2020-08-16T06:30:44.378742713Z  1597559444: New client connected from 10.0.18.79 as kQThOr5sF8 (p2, c1, k30).
2020-08-16T06:30:44.378884901Z  1597559444: No will message specified.
2020-08-16T06:30:44.379024112Z  1597559444: Sending CONNACK to kQThOr5sF8 (0, 0)
2020-08-16T06:30:44.442786270Z  1597559444: Received PUBLISH from kQThOr5sF8 (d0, q1, r0, m1, '38162cb0-e585-43d7-b55d-5c240b2bfb7c/3142192f-6bae-4f12-a6f3-5464dc37e790/d0a71d84-b80f-4558-beac-8887750652e3', ... (64 bytes))
2020-08-16T06:30:44.442960520Z  1597559444: Sending PUBACK to kQThOr5sF8 (m1, rc0)
2020-08-16T06:30:44.443169909Z  1597559444: Sending PUBLISH to twin-38162cb0-e585-43d7-b55d-5c240b2bfb7c (d0, q1, r0, m1, '38162cb0-e585-43d7-b55d-5c240b2bfb7c/3142192f-6bae-4f12-a6f3-5464dc37e790/d0a71d84-b80f-4558-beac-8887750652e3', ... (64 bytes))
2020-08-16T06:30:44.444576768Z  1597559444: Received PUBACK from twin-38162cb0-e585-43d7-b55d-5c240b2bfb7c (Mid: 1, RC:0)
2020-08-16T06:30:44.450767162Z  1597559444: Received PUBLISH from kQThOr5sF8 (d0, q1, r0, m2, '38162cb0-e585-43d7-b55d-5c240b2bfb7c/3142192f-6bae-4f12-a6f3-5464dc37e790/d0a71d84-b80f-4558-beac-8887750652e3', ... (64 bytes))
2020-08-16T06:30:44.450953878Z  1597559444: Sending PUBACK to kQThOr5sF8 (m2, rc0)
2020-08-16T06:30:44.451164016Z  1597559444: Sending PUBLISH to twin-38162cb0-e585-43d7-b55d-5c240b2bfb7c (d0, q1, r0, m2, '38162cb0-e585-43d7-b55d-5c240b2bfb7c/3142192f-6bae-4f12-a6f3-5464dc37e790/d0a71d84-b80f-4558-beac-8887750652e3', ... (64 bytes))
2020-08-16T06:30:44.451433079Z  1597559444: Received PUBLISH from kQThOr5sF8 (d0, q1, r0, m3, '38162cb0-e585-43d7-b55d-5c240b2bfb7c/3142192f-6bae-4f12-a6f3-5464dc37e790/d0a71d84-b80f-4558-beac-8887750652e3', ... (64 bytes))
2020-08-16T06:30:44.451623679Z  1597559444: Sending PUBACK to kQThOr5sF8 (m3, rc0)
2020-08-16T06:30:44.451808178Z  1597559444: Sending PUBLISH to twin-38162cb0-e585-43d7-b55d-5c240b2bfb7c (d0, q1, r0, m3, '38162cb0-e585-43d7-b55d-5c240b2bfb7c/3142192f-6bae-4f12-a6f3-5464dc37e790/d0a71d84-b80f-4558-beac-8887750652e3', ... (64 bytes))
2020-08-16T06:30:44.452023195Z  1597559444: Received PUBLISH from kQThOr5sF8 (d0, q1, r0, m4, '38162cb0-e585-43d7-b55d-5c240b2bfb7c/3142192f-6bae-4f12-a6f3-5464dc37e790/d0a71d84-b80f-4558-beac-8887750652e3', ... (64 bytes))
2020-08-16T06:30:44.452166930Z  1597559444: Sending PUBACK to kQThOr5sF8 (m4, rc0)
2020-08-16T06:30:44.452315623Z  1597559444: Sending PUBLISH to twin-38162cb0-e585-43d7-b55d-5c240b2bfb7c (d0, q1, r0, m4, '38162cb0-e585-43d7-b55d-5c240b2bfb7c/3142192f-6bae-4f12-a6f3-5464dc37e790/d0a71d84-b80f-4558-beac-8887750652e3', ... (64 bytes))
2020-08-16T06:30:44.452483350Z  1597559444: Received PUBLISH from kQThOr5sF8 (d0, q1, r0, m5, '38162cb0-e585-43d7-b55d-5c240b2bfb7c/3142192f-6bae-4f12-a6f3-5464dc37e790/d0a71d84-b80f-4558-beac-8887750652e3', ... (64 bytes))
2020-08-16T06:30:44.452625030Z  1597559444: Sending PUBACK to kQThOr5sF8 (m5, rc0)
2020-08-16T06:30:44.452772924Z  1597559444: Sending PUBLISH to twin-38162cb0-e585-43d7-b55d-5c240b2bfb7c (d0, q1, r0, m5, '38162cb0-e585-43d7-b55d-5c240b2bfb7c/3142192f-6bae-4f12-a6f3-5464dc37e790/d0a71d84-b80f-4558-beac-8887750652e3', ... (64 bytes))
2020-08-16T06:30:44.452940677Z  1597559444: Received PUBLISH from kQThOr5sF8 (d0, q1, r0, m6, '38162cb0-e585-43d7-b55d-5c240b2bfb7c/3142192f-6bae-4f12-a6f3-5464dc37e790/d0a71d84-b80f-4558-beac-8887750652e3', ... (64 bytes))
2020-08-16T06:30:44.453082737Z  1597559444: Sending PUBACK to kQThOr5sF8 (m6, rc0)
2020-08-16T06:30:44.453229988Z  1597559444: Sending PUBLISH to twin-38162cb0-e585-43d7-b55d-5c240b2bfb7c (d0, q1, r0, m6, '38162cb0-e585-43d7-b55d-5c240b2bfb7c/3142192f-6bae-4f12-a6f3-5464dc37e790/d0a71d84-b80f-4558-beac-8887750652e3', ... (64 bytes))
2020-08-16T06:30:44.453412378Z  1597559444: Received PUBLISH from kQThOr5sF8 (d0, q1, r0, m7, '38162cb0-e585-43d7-b55d-5c240b2bfb7c/3142192f-6bae-4f12-a6f3-5464dc37e790/d0a71d84-b80f-4558-beac-8887750652e3', ... (64 bytes))
2020-08-16T06:30:44.453555922Z  1597559444: Sending PUBACK to kQThOr5sF8 (m7, rc0)
2020-08-16T06:30:44.453709829Z  1597559444: Sending PUBLISH to twin-38162cb0-e585-43d7-b55d-5c240b2bfb7c (d0, q1, r0, m7, '38162cb0-e585-43d7-b55d-5c240b2bfb7c/3142192f-6bae-4f12-a6f3-5464dc37e790/d0a71d84-b80f-4558-beac-8887750652e3', ... (64 bytes))
2020-08-16T06:30:44.453907291Z  1597559444: Received PUBLISH from kQThOr5sF8 (d0, q1, r0, m8, '38162cb0-e585-43d7-b55d-5c240b2bfb7c/3142192f-6bae-4f12-a6f3-5464dc37e790/d0a71d84-b80f-4558-beac-8887750652e3', ... (64 bytes))
2020-08-16T06:30:44.454207365Z  1597559444: Sending PUBACK to kQThOr5sF8 (m8, rc0)
2020-08-16T06:30:44.454224543Z  1597559444: Sending PUBLISH to twin-38162cb0-e585-43d7-b55d-5c240b2bfb7c (d0, q1, r0, m8, '38162cb0-e585-43d7-b55d-5c240b2bfb7c/3142192f-6bae-4f12-a6f3-5464dc37e790/d0a71d84-b80f-4558-beac-8887750652e3', ... (64 bytes))
2020-08-16T06:30:44.508734413Z  1597559444: Received PUBLISH from kQThOr5sF8 (d0, q1, r0, m9, '38162cb0-e585-43d7-b55d-5c240b2bfb7c/3142192f-6bae-4f12-a6f3-5464dc37e790/d0a71d84-b80f-4558-beac-8887750652e3', ... (64 bytes))
2020-08-16T06:30:44.509117360Z  1597559444: Sending PUBACK to kQThOr5sF8 (m9, rc0)
2020-08-16T06:30:44.509448549Z  1597559444: Sending PUBLISH to twin-38162cb0-e585-43d7-b55d-5c240b2bfb7c (d0, q1, r0, m9, '38162cb0-e585-43d7-b55d-5c240b2bfb7c/3142192f-6bae-4f12-a6f3-5464dc37e790/d0a71d84-b80f-4558-beac-8887750652e3', ... (64 bytes))
2020-08-16T06:30:44.509856252Z  1597559444: Received PUBLISH from kQThOr5sF8 (d0, q1, r0, m10, '38162cb0-e585-43d7-b55d-5c240b2bfb7c/3142192f-6bae-4f12-a6f3-5464dc37e790/d0a71d84-b80f-4558-beac-8887750652e3', ... (64 bytes))
2020-08-16T06:30:44.510289991Z  1597559444: Sending PUBACK to kQThOr5sF8 (m10, rc0)
2020-08-16T06:30:44.510376105Z  1597559444: Sending PUBLISH to twin-38162cb0-e585-43d7-b55d-5c240b2bfb7c (d0, q1, r0, m10, '38162cb0-e585-43d7-b55d-5c240b2bfb7c/3142192f-6bae-4f12-a6f3-5464dc37e790/d0a71d84-b80f-4558-beac-8887750652e3', ... (64 bytes))
2020-08-16T06:30:44.511874949Z  1597559444: Received PUBLISH from kQThOr5sF8 (d0, q1, r0, m11, '38162cb0-e585-43d7-b55d-5c240b2bfb7c/3142192f-6bae-4f12-a6f3-5464dc37e790/d0a71d84-b80f-4558-beac-8887750652e3', ... (64 bytes))
2020-08-16T06:30:44.511957321Z  1597559444: Sending PUBACK to kQThOr5sF8 (m11, rc0)
2020-08-16T06:30:44.511967266Z  1597559444: Sending PUBLISH to twin-38162cb0-e585-43d7-b55d-5c240b2bfb7c (d0, q1, r0, m11, '38162cb0-e585-43d7-b55d-5c240b2bfb7c/3142192f-6bae-4f12-a6f3-5464dc37e790/d0a71d84-b80f-4558-beac-8887750652e3', ... (64 bytes))
2020-08-16T06:30:44.511977063Z  1597559444: Received PUBLISH from kQThOr5sF8 (d0, q1, r0, m12, '38162cb0-e585-43d7-b55d-5c240b2bfb7c/3142192f-6bae-4f12-a6f3-5464dc37e790/d0a71d84-b80f-4558-beac-8887750652e3', ... (64 bytes))
2020-08-16T06:30:44.511986621Z  1597559444: Sending PUBACK to kQThOr5sF8 (m12, rc0)
2020-08-16T06:30:44.512027358Z  1597559444: Sending PUBLISH to twin-38162cb0-e585-43d7-b55d-5c240b2bfb7c (d0, q1, r0, m12, '38162cb0-e585-43d7-b55d-5c240b2bfb7c/3142192f-6bae-4f12-a6f3-5464dc37e790/d0a71d84-b80f-4558-beac-8887750652e3', ... (64 bytes))
2020-08-16T06:30:44.512051590Z  1597559444: Received PUBLISH from kQThOr5sF8 (d0, q1, r0, m13, '38162cb0-e585-43d7-b55d-5c240b2bfb7c/3142192f-6bae-4f12-a6f3-5464dc37e790/d0a71d84-b80f-4558-beac-8887750652e3', ... (64 bytes))
2020-08-16T06:30:44.512069660Z  1597559444: Sending PUBACK to kQThOr5sF8 (m13, rc0)
2020-08-16T06:30:44.512085697Z  1597559444: Sending PUBLISH to twin-38162cb0-e585-43d7-b55d-5c240b2bfb7c (d0, q1, r0, m13, '38162cb0-e585-43d7-b55d-5c240b2bfb7c/3142192f-6bae-4f12-a6f3-5464dc37e790/d0a71d84-b80f-4558-beac-8887750652e3', ... (64 bytes))
2020-08-16T06:30:44.512270047Z  1597559444: Received PUBLISH from kQThOr5sF8 (d0, q1, r0, m14, '38162cb0-e585-43d7-b55d-5c240b2bfb7c/3142192f-6bae-4f12-a6f3-5464dc37e790/d0a71d84-b80f-4558-beac-8887750652e3', ... (64 bytes))
2020-08-16T06:30:44.512288855Z  1597559444: Sending PUBACK to kQThOr5sF8 (m14, rc0)
2020-08-16T06:30:44.512348867Z  1597559444: Sending PUBLISH to twin-38162cb0-e585-43d7-b55d-5c240b2bfb7c (d0, q1, r0, m14, '38162cb0-e585-43d7-b55d-5c240b2bfb7c/3142192f-6bae-4f12-a6f3-5464dc37e790/d0a71d84-b80f-4558-beac-8887750652e3', ... (64 bytes))
2020-08-16T06:30:44.512369714Z  1597559444: Received PUBLISH from kQThOr5sF8 (d0, q1, r0, m15, '38162cb0-e585-43d7-b55d-5c240b2bfb7c/3142192f-6bae-4f12-a6f3-5464dc37e790/d0a71d84-b80f-4558-beac-8887750652e3', ... (64 bytes))
2020-08-16T06:30:44.512422073Z  1597559444: Sending PUBACK to kQThOr5sF8 (m15, rc0)
2020-08-16T06:30:44.512444980Z  1597559444: Sending PUBLISH to twin-38162cb0-e585-43d7-b55d-5c240b2bfb7c (d0, q1, r0, m15, '38162cb0-e585-43d7-b55d-5c240b2bfb7c/3142192f-6bae-4f12-a6f3-5464dc37e790/d0a71d84-b80f-4558-beac-8887750652e3', ... (64 bytes))
2020-08-16T06:30:44.512480577Z  1597559444: Received PUBLISH from kQThOr5sF8 (d0, q1, r0, m16, '38162cb0-e585-43d7-b55d-5c240b2bfb7c/3142192f-6bae-4f12-a6f3-5464dc37e790/d0a71d84-b80f-4558-beac-8887750652e3', ... (64 bytes))
2020-08-16T06:30:44.512542899Z  1597559444: Sending PUBACK to kQThOr5sF8 (m16, rc0)
2020-08-16T06:30:44.512559544Z  1597559444: Sending PUBLISH to twin-38162cb0-e585-43d7-b55d-5c240b2bfb7c (d0, q1, r0, m16, '38162cb0-e585-43d7-b55d-5c240b2bfb7c/3142192f-6bae-4f12-a6f3-5464dc37e790/d0a71d84-b80f-4558-beac-8887750652e3', ... (64 bytes))
2020-08-16T06:30:44.512941774Z  1597559444: Received PUBLISH from kQThOr5sF8 (d0, q1, r0, m17, '38162cb0-e585-43d7-b55d-5c240b2bfb7c/3142192f-6bae-4f12-a6f3-5464dc37e790/d0a71d84-b80f-4558-beac-8887750652e3', ... (64 bytes))
2020-08-16T06:30:44.513896777Z  1597559444: Sending PUBACK to kQThOr5sF8 (m17, rc0)
2020-08-16T06:30:44.513965003Z  1597559444: Sending PUBLISH to twin-38162cb0-e585-43d7-b55d-5c240b2bfb7c (d0, q1, r0, m17, '38162cb0-e585-43d7-b55d-5c240b2bfb7c/3142192f-6bae-4f12-a6f3-5464dc37e790/d0a71d84-b80f-4558-beac-8887750652e3', ... (64 bytes))
2020-08-16T06:30:44.513986720Z  1597559444: Received PUBLISH from kQThOr5sF8 (d0, q1, r0, m18, '38162cb0-e585-43d7-b55d-5c240b2bfb7c/3142192f-6bae-4f12-a6f3-5464dc37e790/d0a71d84-b80f-4558-beac-8887750652e3', ... (64 bytes))
2020-08-16T06:30:44.514057673Z  1597559444: Sending PUBACK to kQThOr5sF8 (m18, rc0)
2020-08-16T06:30:44.514080604Z  1597559444: Sending PUBLISH to twin-38162cb0-e585-43d7-b55d-5c240b2bfb7c (d0, q1, r0, m18, '38162cb0-e585-43d7-b55d-5c240b2bfb7c/3142192f-6bae-4f12-a6f3-5464dc37e790/d0a71d84-b80f-4558-beac-8887750652e3', ... (64 bytes))
2020-08-16T06:30:44.514098300Z  1597559444: Received PUBLISH from kQThOr5sF8 (d0, q1, r0, m19, '38162cb0-e585-43d7-b55d-5c240b2bfb7c/3142192f-6bae-4f12-a6f3-5464dc37e790/d0a71d84-b80f-4558-beac-8887750652e3', ... (64 bytes))
2020-08-16T06:30:44.514172795Z  1597559444: Sending PUBACK to kQThOr5sF8 (m19, rc0)
2020-08-16T06:30:44.514197395Z  1597559444: Sending PUBLISH to twin-38162cb0-e585-43d7-b55d-5c240b2bfb7c (d0, q1, r0, m19, '38162cb0-e585-43d7-b55d-5c240b2bfb7c/3142192f-6bae-4f12-a6f3-5464dc37e790/d0a71d84-b80f-4558-beac-8887750652e3', ... (64 bytes))
2020-08-16T06:30:44.517428188Z  1597559444: Received PUBACK from twin-38162cb0-e585-43d7-b55d-5c240b2bfb7c (Mid: 2, RC:0)
2020-08-16T06:30:44.517500091Z  1597559444: Received PUBACK from twin-38162cb0-e585-43d7-b55d-5c240b2bfb7c (Mid: 3, RC:0)
2020-08-16T06:30:44.517521019Z  1597559444: Received PUBACK from twin-38162cb0-e585-43d7-b55d-5c240b2bfb7c (Mid: 4, RC:0)
2020-08-16T06:30:44.517537902Z  1597559444: Received PUBACK from twin-38162cb0-e585-43d7-b55d-5c240b2bfb7c (Mid: 5, RC:0)
2020-08-16T06:30:44.517596263Z  1597559444: Received PUBACK from twin-38162cb0-e585-43d7-b55d-5c240b2bfb7c (Mid: 6, RC:0)
2020-08-16T06:30:44.517613332Z  1597559444: Received PUBACK from twin-38162cb0-e585-43d7-b55d-5c240b2bfb7c (Mid: 7, RC:0)
2020-08-16T06:30:44.517629868Z  1597559444: Received PUBACK from twin-38162cb0-e585-43d7-b55d-5c240b2bfb7c (Mid: 8, RC:0)
2020-08-16T06:30:44.517681608Z  1597559444: Received PUBACK from twin-38162cb0-e585-43d7-b55d-5c240b2bfb7c (Mid: 9, RC:0)
2020-08-16T06:30:44.517718496Z  1597559444: Received PUBACK from twin-38162cb0-e585-43d7-b55d-5c240b2bfb7c (Mid: 10, RC:0)
2020-08-16T06:30:44.517773943Z  1597559444: Received PUBACK from twin-38162cb0-e585-43d7-b55d-5c240b2bfb7c (Mid: 11, RC:0)
2020-08-16T06:30:44.558472116Z  1597559444: Received PUBLISH from kQThOr5sF8 (d0, q1, r0, m20, '38162cb0-e585-43d7-b55d-5c240b2bfb7c/3142192f-6bae-4f12-a6f3-5464dc37e790/d0a71d84-b80f-4558-beac-8887750652e3', ... (64 bytes))
2020-08-16T06:30:44.558678871Z  1597559444: Sending PUBACK to kQThOr5sF8 (m20, rc0)
2020-08-16T06:30:44.558943796Z  1597559444: Sending PUBLISH to twin-38162cb0-e585-43d7-b55d-5c240b2bfb7c (d0, q1, r0, m20, '38162cb0-e585-43d7-b55d-5c240b2bfb7c/3142192f-6bae-4f12-a6f3-5464dc37e790/d0a71d84-b80f-4558-beac-8887750652e3', ... (64 bytes))
2020-08-16T06:30:44.559237964Z  1597559444: Received PUBLISH from kQThOr5sF8 (d0, q1, r0, m21, '38162cb0-e585-43d7-b55d-5c240b2bfb7c/3142192f-6bae-4f12-a6f3-5464dc37e790/d0a71d84-b80f-4558-beac-8887750652e3', ... (64 bytes))
2020-08-16T06:30:44.559417298Z  1597559444: Sending PUBACK to kQThOr5sF8 (m21, rc0)
2020-08-16T06:30:44.559599823Z  1597559444: Sending PUBLISH to twin-38162cb0-e585-43d7-b55d-5c240b2bfb7c (d0, q1, r0, m21, '38162cb0-e585-43d7-b55d-5c240b2bfb7c/3142192f-6bae-4f12-a6f3-5464dc37e790/d0a71d84-b80f-4558-beac-8887750652e3', ... (64 bytes))
2020-08-16T06:30:44.559820383Z  1597559444: Received PUBLISH from kQThOr5sF8 (d0, q1, r0, m22, '38162cb0-e585-43d7-b55d-5c240b2bfb7c/3142192f-6bae-4f12-a6f3-5464dc37e790/d0a71d84-b80f-4558-beac-8887750652e3', ... (64 bytes))
2020-08-16T06:30:44.559989176Z  1597559444: Sending PUBACK to kQThOr5sF8 (m22, rc0)
2020-08-16T06:30:44.560152905Z  1597559444: Sending PUBLISH to twin-38162cb0-e585-43d7-b55d-5c240b2bfb7c (d0, q1, r0, m22, '38162cb0-e585-43d7-b55d-5c240b2bfb7c/3142192f-6bae-4f12-a6f3-5464dc37e790/d0a71d84-b80f-4558-beac-8887750652e3', ... (64 bytes))
2020-08-16T06:30:44.560385346Z  1597559444: Received PUBLISH from kQThOr5sF8 (d0, q1, r0, m23, '38162cb0-e585-43d7-b55d-5c240b2bfb7c/3142192f-6bae-4f12-a6f3-5464dc37e790/d0a71d84-b80f-4558-beac-8887750652e3', ... (64 bytes))
2020-08-16T06:30:44.560541514Z  1597559444: Sending PUBACK to kQThOr5sF8 (m23, rc0)
2020-08-16T06:30:44.560692239Z  1597559444: Sending PUBLISH to twin-38162cb0-e585-43d7-b55d-5c240b2bfb7c (d0, q1, r0, m23, '38162cb0-e585-43d7-b55d-5c240b2bfb7c/3142192f-6bae-4f12-a6f3-5464dc37e790/d0a71d84-b80f-4558-beac-8887750652e3', ... (64 bytes))
2020-08-16T06:30:44.560941311Z  1597559444: Received PUBLISH from kQThOr5sF8 (d0, q1, r0, m24, '38162cb0-e585-43d7-b55d-5c240b2bfb7c/3142192f-6bae-4f12-a6f3-5464dc37e790/d0a71d84-b80f-4558-beac-8887750652e3', ... (64 bytes))
2020-08-16T06:30:44.561097669Z  1597559444: Sending PUBACK to kQThOr5sF8 (m24, rc0)
2020-08-16T06:30:44.561248173Z  1597559444: Sending PUBLISH to twin-38162cb0-e585-43d7-b55d-5c240b2bfb7c (d0, q1, r0, m24, '38162cb0-e585-43d7-b55d-5c240b2bfb7c/3142192f-6bae-4f12-a6f3-5464dc37e790/d0a71d84-b80f-4558-beac-8887750652e3', ... (64 bytes))
2020-08-16T06:30:44.592778557Z  1597559444: Received PUBLISH from kQThOr5sF8 (d0, q1, r0, m25, '38162cb0-e585-43d7-b55d-5c240b2bfb7c/3142192f-6bae-4f12-a6f3-5464dc37e790/d0a71d84-b80f-4558-beac-8887750652e3', ... (64 bytes))
2020-08-16T06:30:44.592960016Z  1597559444: Sending PUBACK to kQThOr5sF8 (m25, rc0)
2020-08-16T06:30:44.593157191Z  1597559444: Sending PUBLISH to twin-38162cb0-e585-43d7-b55d-5c240b2bfb7c (d0, q1, r0, m25, '38162cb0-e585-43d7-b55d-5c240b2bfb7c/3142192f-6bae-4f12-a6f3-5464dc37e790/d0a71d84-b80f-4558-beac-8887750652e3', ... (64 bytes))
2020-08-16T06:30:44.593335618Z  1597559444: Received PUBLISH from kQThOr5sF8 (d0, q1, r0, m26, '38162cb0-e585-43d7-b55d-5c240b2bfb7c/3142192f-6bae-4f12-a6f3-5464dc37e790/d0a71d84-b80f-4558-beac-8887750652e3', ... (64 bytes))
2020-08-16T06:30:44.593522574Z  1597559444: Sending PUBACK to kQThOr5sF8 (m26, rc0)
2020-08-16T06:30:44.593676037Z  1597559444: Sending PUBLISH to twin-38162cb0-e585-43d7-b55d-5c240b2bfb7c (d0, q1, r0, m26, '38162cb0-e585-43d7-b55d-5c240b2bfb7c/3142192f-6bae-4f12-a6f3-5464dc37e790/d0a71d84-b80f-4558-beac-8887750652e3', ... (64 bytes))
2020-08-16T06:30:44.593891365Z  1597559444: Received PUBLISH from kQThOr5sF8 (d0, q1, r0, m27, '38162cb0-e585-43d7-b55d-5c240b2bfb7c/3142192f-6bae-4f12-a6f3-5464dc37e790/d0a71d84-b80f-4558-beac-8887750652e3', ... (64 bytes))
2020-08-16T06:30:44.594065159Z  1597559444: Sending PUBACK to kQThOr5sF8 (m27, rc0)
2020-08-16T06:30:44.594281365Z  1597559444: Sending PUBLISH to twin-38162cb0-e585-43d7-b55d-5c240b2bfb7c (d0, q1, r0, m27, '38162cb0-e585-43d7-b55d-5c240b2bfb7c/3142192f-6bae-4f12-a6f3-5464dc37e790/d0a71d84-b80f-4558-beac-8887750652e3', ... (64 bytes))
2020-08-16T06:30:44.657475732Z  1597559444: Received PUBLISH from kQThOr5sF8 (d0, q1, r0, m28, '38162cb0-e585-43d7-b55d-5c240b2bfb7c/3142192f-6bae-4f12-a6f3-5464dc37e790/d0a71d84-b80f-4558-beac-8887750652e3', ... (64 bytes))
2020-08-16T06:30:44.657498852Z  1597559444: Sending PUBACK to kQThOr5sF8 (m28, rc0)
2020-08-16T06:30:44.657509309Z  1597559444: Sending PUBLISH to twin-38162cb0-e585-43d7-b55d-5c240b2bfb7c (d0, q1, r0, m28, '38162cb0-e585-43d7-b55d-5c240b2bfb7c/3142192f-6bae-4f12-a6f3-5464dc37e790/d0a71d84-b80f-4558-beac-8887750652e3', ... (64 bytes))
2020-08-16T06:30:44.657519447Z  1597559444: Received PUBLISH from kQThOr5sF8 (d0, q1, r0, m29, '38162cb0-e585-43d7-b55d-5c240b2bfb7c/3142192f-6bae-4f12-a6f3-5464dc37e790/d0a71d84-b80f-4558-beac-8887750652e3', ... (64 bytes))
2020-08-16T06:30:44.657554780Z  1597559444: Sending PUBACK to kQThOr5sF8 (m29, rc0)
2020-08-16T06:30:44.657564577Z  1597559444: Sending PUBLISH to twin-38162cb0-e585-43d7-b55d-5c240b2bfb7c (d0, q1, r0, m29, '38162cb0-e585-43d7-b55d-5c240b2bfb7c/3142192f-6bae-4f12-a6f3-5464dc37e790/d0a71d84-b80f-4558-beac-8887750652e3', ... (64 bytes))
2020-08-16T06:30:44.657574257Z  1597559444: Received PUBLISH from kQThOr5sF8 (d0, q1, r0, m30, '38162cb0-e585-43d7-b55d-5c240b2bfb7c/3142192f-6bae-4f12-a6f3-5464dc37e790/d0a71d84-b80f-4558-beac-8887750652e3', ... (64 bytes))
2020-08-16T06:30:44.657583757Z  1597559444: Sending PUBACK to kQThOr5sF8 (m30, rc0)
2020-08-16T06:30:44.657592530Z  1597559444: Sending PUBLISH to twin-38162cb0-e585-43d7-b55d-5c240b2bfb7c (d0, q1, r0, m30, '38162cb0-e585-43d7-b55d-5c240b2bfb7c/3142192f-6bae-4f12-a6f3-5464dc37e790/d0a71d84-b80f-4558-beac-8887750652e3', ... (64 bytes))
2020-08-16T06:30:44.657601937Z  1597559444: Received PUBLISH from kQThOr5sF8 (d0, q1, r0, m31, '38162cb0-e585-43d7-b55d-5c240b2bfb7c/3142192f-6bae-4f12-a6f3-5464dc37e790/d0a71d84-b80f-4558-beac-8887750652e3', ... (64 bytes))
2020-08-16T06:30:44.657630674Z  1597559444: Sending PUBACK to kQThOr5sF8 (m31, rc0)
2020-08-16T06:30:44.657642177Z  1597559444: Sending PUBLISH to twin-38162cb0-e585-43d7-b55d-5c240b2bfb7c (d0, q1, r0, m31, '38162cb0-e585-43d7-b55d-5c240b2bfb7c/3142192f-6bae-4f12-a6f3-5464dc37e790/d0a71d84-b80f-4558-beac-8887750652e3', ... (64 bytes))
2020-08-16T06:30:44.699224792Z  1597559444: Received PUBLISH from kQThOr5sF8 (d0, q1, r0, m32, '38162cb0-e585-43d7-b55d-5c240b2bfb7c/3142192f-6bae-4f12-a6f3-5464dc37e790/d0a71d84-b80f-4558-beac-8887750652e3', ... (64 bytes))
2020-08-16T06:30:44.699256704Z  1597559444: Sending PUBACK to kQThOr5sF8 (m32, rc0)
2020-08-16T06:30:44.699366254Z  1597559444: Received PUBLISH from kQThOr5sF8 (d0, q1, r0, m33, '38162cb0-e585-43d7-b55d-5c240b2bfb7c/3142192f-6bae-4f12-a6f3-5464dc37e790/d0a71d84-b80f-4558-beac-8887750652e3', ... (64 bytes))
2020-08-16T06:30:44.699385879Z  1597559444: Sending PUBACK to kQThOr5sF8 (m33, rc0)
2020-08-16T06:30:44.699395044Z  1597559444: Received PUBLISH from kQThOr5sF8 (d0, q1, r0, m34, '38162cb0-e585-43d7-b55d-5c240b2bfb7c/3142192f-6bae-4f12-a6f3-5464dc37e790/d0a71d84-b80f-4558-beac-8887750652e3', ... (64 bytes))
2020-08-16T06:30:44.699404363Z  1597559444: Sending PUBACK to kQThOr5sF8 (m34, rc0)
2020-08-16T06:30:44.699413127Z  1597559444: Received PUBLISH from kQThOr5sF8 (d0, q1, r0, m35, '38162cb0-e585-43d7-b55d-5c240b2bfb7c/3142192f-6bae-4f12-a6f3-5464dc37e790/d0a71d84-b80f-4558-beac-8887750652e3', ... (64 bytes))
2020-08-16T06:30:44.699422369Z  1597559444: Sending PUBACK to kQThOr5sF8 (m35, rc0)
2020-08-16T06:30:44.699444260Z  1597559444: Received PUBLISH from kQThOr5sF8 (d0, q1, r0, m36, '38162cb0-e585-43d7-b55d-5c240b2bfb7c/3142192f-6bae-4f12-a6f3-5464dc37e790/d0a71d84-b80f-4558-beac-8887750652e3', ... (64 bytes))
2020-08-16T06:30:44.699456029Z  1597559444: Sending PUBACK to kQThOr5sF8 (m36, rc0)
2020-08-16T06:30:44.699464975Z  1597559444: Received PUBLISH from kQThOr5sF8 (d0, q1, r0, m37, '38162cb0-e585-43d7-b55d-5c240b2bfb7c/3142192f-6bae-4f12-a6f3-5464dc37e790/d0a71d84-b80f-4558-beac-8887750652e3', ... (64 bytes))
2020-08-16T06:30:44.699474460Z  1597559444: Sending PUBACK to kQThOr5sF8 (m37, rc0)
2020-08-16T06:30:44.739055069Z  1597559444: Received PUBLISH from kQThOr5sF8 (d0, q1, r0, m38, '38162cb0-e585-43d7-b55d-5c240b2bfb7c/3142192f-6bae-4f12-a6f3-5464dc37e790/d0a71d84-b80f-4558-beac-8887750652e3', ... (64 bytes))
2020-08-16T06:30:44.739078268Z  1597559444: Sending PUBACK to kQThOr5sF8 (m38, rc0)
2020-08-16T06:30:44.739102980Z  1597559444: Received PUBLISH from kQThOr5sF8 (d0, q1, r0, m39, '38162cb0-e585-43d7-b55d-5c240b2bfb7c/3142192f-6bae-4f12-a6f3-5464dc37e790/d0a71d84-b80f-4558-beac-8887750652e3', ... (64 bytes))
2020-08-16T06:30:44.739113775Z  1597559444: Sending PUBACK to kQThOr5sF8 (m39, rc0)
2020-08-16T06:30:44.739122598Z  1597559444: Received PUBLISH from kQThOr5sF8 (d0, q1, r0, m40, '38162cb0-e585-43d7-b55d-5c240b2bfb7c/3142192f-6bae-4f12-a6f3-5464dc37e790/d0a71d84-b80f-4558-beac-8887750652e3', ... (64 bytes))
2020-08-16T06:30:44.739132022Z  1597559444: Sending PUBACK to kQThOr5sF8 (m40, rc0)
2020-08-16T06:30:44.739140792Z  1597559444: Received PUBLISH from kQThOr5sF8 (d0, q1, r0, m41, '38162cb0-e585-43d7-b55d-5c240b2bfb7c/3142192f-6bae-4f12-a6f3-5464dc37e790/d0a71d84-b80f-4558-beac-8887750652e3', ... (64 bytes))
2020-08-16T06:30:44.739150704Z  1597559444: Sending PUBACK to kQThOr5sF8 (m41, rc0)
2020-08-16T06:30:44.813252310Z  1597559444: Received PUBLISH from kQThOr5sF8 (d0, q1, r0, m42, '38162cb0-e585-43d7-b55d-5c240b2bfb7c/3142192f-6bae-4f12-a6f3-5464dc37e790/d0a71d84-b80f-4558-beac-8887750652e3', ... (64 bytes))
2020-08-16T06:30:44.813494268Z  1597559444: Sending PUBACK to kQThOr5sF8 (m42, rc0)
2020-08-16T06:30:44.813751066Z  1597559444: Received PUBLISH from kQThOr5sF8 (d0, q1, r0, m43, '38162cb0-e585-43d7-b55d-5c240b2bfb7c/3142192f-6bae-4f12-a6f3-5464dc37e790/d0a71d84-b80f-4558-beac-8887750652e3', ... (64 bytes))
2020-08-16T06:30:44.813981724Z  1597559444: Sending PUBACK to kQThOr5sF8 (m43, rc0)
2020-08-16T06:30:44.814261723Z  1597559444: Received PUBLISH from kQThOr5sF8 (d0, q1, r0, m44, '38162cb0-e585-43d7-b55d-5c240b2bfb7c/3142192f-6bae-4f12-a6f3-5464dc37e790/d0a71d84-b80f-4558-beac-8887750652e3', ... (64 bytes))
2020-08-16T06:30:44.814460154Z  1597559444: Sending PUBACK to kQThOr5sF8 (m44, rc0)
2020-08-16T06:30:44.814698090Z  1597559444: Received PUBLISH from kQThOr5sF8 (d0, q1, r0, m45, '38162cb0-e585-43d7-b55d-5c240b2bfb7c/3142192f-6bae-4f12-a6f3-5464dc37e790/d0a71d84-b80f-4558-beac-8887750652e3', ... (64 bytes))
2020-08-16T06:30:44.814897559Z  1597559444: Sending PUBACK to kQThOr5sF8 (m45, rc0)
2020-08-16T06:30:44.871114320Z  1597559444: Received PUBLISH from kQThOr5sF8 (d0, q1, r0, m46, '38162cb0-e585-43d7-b55d-5c240b2bfb7c/3142192f-6bae-4f12-a6f3-5464dc37e790/d0a71d84-b80f-4558-beac-8887750652e3', ... (64 bytes))
2020-08-16T06:30:44.871311812Z  1597559444: Sending PUBACK to kQThOr5sF8 (m46, rc0)
2020-08-16T06:30:44.871496498Z  1597559444: Received PUBLISH from kQThOr5sF8 (d0, q1, r0, m47, '38162cb0-e585-43d7-b55d-5c240b2bfb7c/3142192f-6bae-4f12-a6f3-5464dc37e790/d0a71d84-b80f-4558-beac-8887750652e3', ... (64 bytes))
2020-08-16T06:30:44.871683916Z  1597559444: Sending PUBACK to kQThOr5sF8 (m47, rc0)
2020-08-16T06:30:44.871859655Z  1597559444: Received PUBLISH from kQThOr5sF8 (d0, q1, r0, m48, '38162cb0-e585-43d7-b55d-5c240b2bfb7c/3142192f-6bae-4f12-a6f3-5464dc37e790/d0a71d84-b80f-4558-beac-8887750652e3', ... (64 bytes))
2020-08-16T06:30:44.872073268Z  1597559444: Sending PUBACK to kQThOr5sF8 (m48, rc0)
2020-08-16T06:30:44.872269147Z  1597559444: Received PUBLISH from kQThOr5sF8 (d0, q1, r0, m49, '38162cb0-e585-43d7-b55d-5c240b2bfb7c/3142192f-6bae-4f12-a6f3-5464dc37e790/d0a71d84-b80f-4558-beac-8887750652e3', ... (64 bytes))
2020-08-16T06:30:44.872427315Z  1597559444: Sending PUBACK to kQThOr5sF8 (m49, rc0)
2020-08-16T06:30:44.872600464Z  1597559444: Received PUBLISH from kQThOr5sF8 (d0, q1, r0, m50, '38162cb0-e585-43d7-b55d-5c240b2bfb7c/3142192f-6bae-4f12-a6f3-5464dc37e790/d0a71d84-b80f-4558-beac-8887750652e3', ... (64 bytes))
2020-08-16T06:30:44.872783220Z  1597559444: Sending PUBACK to kQThOr5sF8 (m50, rc0)
2020-08-16T06:30:44.872970943Z  1597559444: Received PUBLISH from kQThOr5sF8 (d0, q1, r0, m51, '38162cb0-e585-43d7-b55d-5c240b2bfb7c/3142192f-6bae-4f12-a6f3-5464dc37e790/d0a71d84-b80f-4558-beac-8887750652e3', ... (64 bytes))
2020-08-16T06:30:44.873114937Z  1597559444: Sending PUBACK to kQThOr5sF8 (m51, rc0)
2020-08-16T06:30:44.873334410Z  1597559444: Received PUBLISH from kQThOr5sF8 (d0, q1, r0, m52, '38162cb0-e585-43d7-b55d-5c240b2bfb7c/3142192f-6bae-4f12-a6f3-5464dc37e790/d0a71d84-b80f-4558-beac-8887750652e3', ... (64 bytes))
2020-08-16T06:30:44.873491744Z  1597559444: Sending PUBACK to kQThOr5sF8 (m52, rc0)
2020-08-16T06:30:44.915933784Z  1597559444: Received PUBLISH from kQThOr5sF8 (d0, q1, r0, m53, '38162cb0-e585-43d7-b55d-5c240b2bfb7c/3142192f-6bae-4f12-a6f3-5464dc37e790/d0a71d84-b80f-4558-beac-8887750652e3', ... (64 bytes))
2020-08-16T06:30:44.916330657Z  1597559444: Sending PUBACK to kQThOr5sF8 (m53, rc0)
2020-08-16T06:30:44.916747656Z  1597559444: Received PUBLISH from kQThOr5sF8 (d0, q1, r0, m54, '38162cb0-e585-43d7-b55d-5c240b2bfb7c/3142192f-6bae-4f12-a6f3-5464dc37e790/d0a71d84-b80f-4558-beac-8887750652e3', ... (64 bytes))
2020-08-16T06:30:44.917087962Z  1597559444: Sending PUBACK to kQThOr5sF8 (m54, rc0)
2020-08-16T06:30:44.917490074Z  1597559444: Received PUBLISH from kQThOr5sF8 (d0, q1, r0, m55, '38162cb0-e585-43d7-b55d-5c240b2bfb7c/3142192f-6bae-4f12-a6f3-5464dc37e790/d0a71d84-b80f-4558-beac-8887750652e3', ... (64 bytes))
2020-08-16T06:30:44.917895135Z  1597559444: Sending PUBACK to kQThOr5sF8 (m55, rc0)
2020-08-16T06:30:44.977286768Z  1597559444: Received PUBLISH from kQThOr5sF8 (d0, q1, r0, m56, '38162cb0-e585-43d7-b55d-5c240b2bfb7c/3142192f-6bae-4f12-a6f3-5464dc37e790/d0a71d84-b80f-4558-beac-8887750652e3', ... (64 bytes))
2020-08-16T06:30:44.977642716Z  1597559444: Sending PUBACK to kQThOr5sF8 (m56, rc0)
2020-08-16T06:30:44.978088805Z  1597559444: Received PUBLISH from kQThOr5sF8 (d0, q1, r0, m57, '38162cb0-e585-43d7-b55d-5c240b2bfb7c/3142192f-6bae-4f12-a6f3-5464dc37e790/d0a71d84-b80f-4558-beac-8887750652e3', ... (64 bytes))
2020-08-16T06:30:44.978423356Z  1597559444: Sending PUBACK to kQThOr5sF8 (m57, rc0)
2020-08-16T06:30:44.978801153Z  1597559444: Received PUBLISH from kQThOr5sF8 (d0, q1, r0, m58, '38162cb0-e585-43d7-b55d-5c240b2bfb7c/3142192f-6bae-4f12-a6f3-5464dc37e790/d0a71d84-b80f-4558-beac-8887750652e3', ... (64 bytes))
2020-08-16T06:30:44.979111828Z  1597559444: Sending PUBACK to kQThOr5sF8 (m58, rc0)
2020-08-16T06:30:44.979478320Z  1597559444: Received PUBLISH from kQThOr5sF8 (d0, q1, r0, m59, '38162cb0-e585-43d7-b55d-5c240b2bfb7c/3142192f-6bae-4f12-a6f3-5464dc37e790/d0a71d84-b80f-4558-beac-8887750652e3', ... (64 bytes))
2020-08-16T06:30:44.979790738Z  1597559444: Sending PUBACK to kQThOr5sF8 (m59, rc0)
2020-08-16T06:30:44.980164693Z  1597559444: Received PUBLISH from kQThOr5sF8 (d0, q1, r0, m60, '38162cb0-e585-43d7-b55d-5c240b2bfb7c/3142192f-6bae-4f12-a6f3-5464dc37e790/d0a71d84-b80f-4558-beac-8887750652e3', ... (64 bytes))
2020-08-16T06:30:44.980707104Z  1597559444: Sending PUBACK to kQThOr5sF8 (m60, rc0)
2020-08-16T06:30:44.980771527Z  1597559444: Received PUBLISH from kQThOr5sF8 (d0, q1, r0, m61, '38162cb0-e585-43d7-b55d-5c240b2bfb7c/3142192f-6bae-4f12-a6f3-5464dc37e790/d0a71d84-b80f-4558-beac-8887750652e3', ... (64 bytes))
2020-08-16T06:30:44.980792073Z  1597559444: Sending PUBACK to kQThOr5sF8 (m61, rc0)
2020-08-16T06:30:45.064121691Z  1597559445: Received PUBLISH from kQThOr5sF8 (d0, q1, r0, m62, '38162cb0-e585-43d7-b55d-5c240b2bfb7c/3142192f-6bae-4f12-a6f3-5464dc37e790/d0a71d84-b80f-4558-beac-8887750652e3', ... (64 bytes))
2020-08-16T06:30:45.064522760Z  1597559445: Sending PUBACK to kQThOr5sF8 (m62, rc0)
2020-08-16T06:30:45.064995310Z  1597559445: Received PUBLISH from kQThOr5sF8 (d0, q1, r0, m63, '38162cb0-e585-43d7-b55d-5c240b2bfb7c/3142192f-6bae-4f12-a6f3-5464dc37e790/d0a71d84-b80f-4558-beac-8887750652e3', ... (64 bytes))
2020-08-16T06:30:45.065392493Z  1597559445: Sending PUBACK to kQThOr5sF8 (m63, rc0)
2020-08-16T06:30:45.065818722Z  1597559445: Received PUBLISH from kQThOr5sF8 (d0, q1, r0, m64, '38162cb0-e585-43d7-b55d-5c240b2bfb7c/3142192f-6bae-4f12-a6f3-5464dc37e790/d0a71d84-b80f-4558-beac-8887750652e3', ... (64 bytes))
2020-08-16T06:30:45.066290649Z  1597559445: Sending PUBACK to kQThOr5sF8 (m64, rc0)
2020-08-16T06:30:45.066723939Z  1597559445: Received PUBLISH from kQThOr5sF8 (d0, q1, r0, m65, '38162cb0-e585-43d7-b55d-5c240b2bfb7c/3142192f-6bae-4f12-a6f3-5464dc37e790/d0a71d84-b80f-4558-beac-8887750652e3', ... (64 bytes))
2020-08-16T06:30:45.067323031Z  1597559445: Sending PUBACK to kQThOr5sF8 (m65, rc0)
2020-08-16T06:30:45.067354131Z  1597559445: Received PUBLISH from kQThOr5sF8 (d0, q1, r0, m66, '38162cb0-e585-43d7-b55d-5c240b2bfb7c/3142192f-6bae-4f12-a6f3-5464dc37e790/d0a71d84-b80f-4558-beac-8887750652e3', ... (64 bytes))
2020-08-16T06:30:45.068163483Z  1597559445: Sending PUBACK to kQThOr5sF8 (m66, rc0)
2020-08-16T06:30:45.118712007Z  1597559445: Received PUBLISH from kQThOr5sF8 (d0, q1, r0, m67, '38162cb0-e585-43d7-b55d-5c240b2bfb7c/3142192f-6bae-4f12-a6f3-5464dc37e790/d0a71d84-b80f-4558-beac-8887750652e3', ... (64 bytes))
2020-08-16T06:30:45.118751366Z  1597559445: Sending PUBACK to kQThOr5sF8 (m67, rc0)
2020-08-16T06:30:45.118763674Z  1597559445: Received PUBLISH from kQThOr5sF8 (d0, q1, r0, m68, '38162cb0-e585-43d7-b55d-5c240b2bfb7c/3142192f-6bae-4f12-a6f3-5464dc37e790/d0a71d84-b80f-4558-beac-8887750652e3', ... (64 bytes))
2020-08-16T06:30:45.118773208Z  1597559445: Sending PUBACK to kQThOr5sF8 (m68, rc0)
2020-08-16T06:30:45.118781903Z  1597559445: Received PUBLISH from kQThOr5sF8 (d0, q1, r0, m69, '38162cb0-e585-43d7-b55d-5c240b2bfb7c/3142192f-6bae-4f12-a6f3-5464dc37e790/d0a71d84-b80f-4558-beac-8887750652e3', ... (64 bytes))
2020-08-16T06:30:45.118791083Z  1597559445: Sending PUBACK to kQThOr5sF8 (m69, rc0)
2020-08-16T06:30:45.118799721Z  1597559445: Received PUBLISH from kQThOr5sF8 (d0, q1, r0, m70, '38162cb0-e585-43d7-b55d-5c240b2bfb7c/3142192f-6bae-4f12-a6f3-5464dc37e790/d0a71d84-b80f-4558-beac-8887750652e3', ... (64 bytes))
2020-08-16T06:30:45.118808925Z  1597559445: Sending PUBACK to kQThOr5sF8 (m70, rc0)
2020-08-16T06:30:45.118817527Z  1597559445: Received PUBLISH from kQThOr5sF8 (d0, q1, r0, m71, '38162cb0-e585-43d7-b55d-5c240b2bfb7c/3142192f-6bae-4f12-a6f3-5464dc37e790/d0a71d84-b80f-4558-beac-8887750652e3', ... (64 bytes))
2020-08-16T06:30:45.118826568Z  1597559445: Sending PUBACK to kQThOr5sF8 (m71, rc0)
2020-08-16T06:30:45.118835177Z  1597559445: Received PUBLISH from kQThOr5sF8 (d0, q1, r0, m72, '38162cb0-e585-43d7-b55d-5c240b2bfb7c/3142192f-6bae-4f12-a6f3-5464dc37e790/d0a71d84-b80f-4558-beac-8887750652e3', ... (64 bytes))
2020-08-16T06:30:45.118844200Z  1597559445: Sending PUBACK to kQThOr5sF8 (m72, rc0)
2020-08-16T06:30:45.118852778Z  1597559445: Received PUBLISH from kQThOr5sF8 (d0, q1, r0, m73, '38162cb0-e585-43d7-b55d-5c240b2bfb7c/3142192f-6bae-4f12-a6f3-5464dc37e790/d0a71d84-b80f-4558-beac-8887750652e3', ... (64 bytes))
2020-08-16T06:30:45.118861741Z  1597559445: Sending PUBACK to kQThOr5sF8 (m73, rc0)
2020-08-16T06:30:45.177299582Z  1597559445: Received PUBLISH from kQThOr5sF8 (d0, q1, r0, m74, '38162cb0-e585-43d7-b55d-5c240b2bfb7c/3142192f-6bae-4f12-a6f3-5464dc37e790/d0a71d84-b80f-4558-beac-8887750652e3', ... (64 bytes))
2020-08-16T06:30:45.177709014Z  1597559445: Sending PUBACK to kQThOr5sF8 (m74, rc0)
2020-08-16T06:30:45.178257818Z  1597559445: Received PUBLISH from kQThOr5sF8 (d0, q1, r0, m75, '38162cb0-e585-43d7-b55d-5c240b2bfb7c/3142192f-6bae-4f12-a6f3-5464dc37e790/d0a71d84-b80f-4558-beac-8887750652e3', ... (64 bytes))
2020-08-16T06:30:45.178636104Z  1597559445: Sending PUBACK to kQThOr5sF8 (m75, rc0)
2020-08-16T06:30:45.179059784Z  1597559445: Received PUBLISH from kQThOr5sF8 (d0, q1, r0, m76, '38162cb0-e585-43d7-b55d-5c240b2bfb7c/3142192f-6bae-4f12-a6f3-5464dc37e790/d0a71d84-b80f-4558-beac-8887750652e3', ... (64 bytes))
2020-08-16T06:30:45.179416068Z  1597559445: Sending PUBACK to kQThOr5sF8 (m76, rc0)
2020-08-16T06:30:45.179860231Z  1597559445: Received PUBLISH from kQThOr5sF8 (d0, q1, r0, m77, '38162cb0-e585-43d7-b55d-5c240b2bfb7c/3142192f-6bae-4f12-a6f3-5464dc37e790/d0a71d84-b80f-4558-beac-8887750652e3', ... (64 bytes))
2020-08-16T06:30:45.180251931Z  1597559445: Sending PUBACK to kQThOr5sF8 (m77, rc0)
2020-08-16T06:30:45.180873626Z  1597559445: Received PUBLISH from kQThOr5sF8 (d0, q1, r0, m78, '38162cb0-e585-43d7-b55d-5c240b2bfb7c/3142192f-6bae-4f12-a6f3-5464dc37e790/d0a71d84-b80f-4558-beac-8887750652e3', ... (64 bytes))
2020-08-16T06:30:45.180949071Z  1597559445: Sending PUBACK to kQThOr5sF8 (m78, rc0)
2020-08-16T06:30:45.203835540Z  1597559445: Received PUBACK from twin-38162cb0-e585-43d7-b55d-5c240b2bfb7c (Mid: 12, RC:0)
2020-08-16T06:30:45.204231201Z  1597559445: Sending PUBLISH to twin-38162cb0-e585-43d7-b55d-5c240b2bfb7c (d0, q1, r0, m32, '38162cb0-e585-43d7-b55d-5c240b2bfb7c/3142192f-6bae-4f12-a6f3-5464dc37e790/d0a71d84-b80f-4558-beac-8887750652e3', ... (64 bytes))
2020-08-16T06:30:45.205103959Z  1597559445: Received PUBACK from twin-38162cb0-e585-43d7-b55d-5c240b2bfb7c (Mid: 13, RC:0)
2020-08-16T06:30:45.205176725Z  1597559445: Sending PUBLISH to twin-38162cb0-e585-43d7-b55d-5c240b2bfb7c (d0, q1, r0, m33, '38162cb0-e585-43d7-b55d-5c240b2bfb7c/3142192f-6bae-4f12-a6f3-5464dc37e790/d0a71d84-b80f-4558-beac-8887750652e3', ... (64 bytes))
2020-08-16T06:30:45.205197515Z  1597559445: Received PUBACK from twin-38162cb0-e585-43d7-b55d-5c240b2bfb7c (Mid: 14, RC:0)
2020-08-16T06:30:45.205249302Z  1597559445: Sending PUBLISH to twin-38162cb0-e585-43d7-b55d-5c240b2bfb7c (d0, q1, r0, m34, '38162cb0-e585-43d7-b55d-5c240b2bfb7c/3142192f-6bae-4f12-a6f3-5464dc37e790/d0a71d84-b80f-4558-beac-8887750652e3', ... (64 bytes))
2020-08-16T06:30:45.205273274Z  1597559445: Received PUBACK from twin-38162cb0-e585-43d7-b55d-5c240b2bfb7c (Mid: 15, RC:0)
2020-08-16T06:30:45.205290162Z  1597559445: Sending PUBLISH to twin-38162cb0-e585-43d7-b55d-5c240b2bfb7c (d0, q1, r0, m35, '38162cb0-e585-43d7-b55d-5c240b2bfb7c/3142192f-6bae-4f12-a6f3-5464dc37e790/d0a71d84-b80f-4558-beac-8887750652e3', ... (64 bytes))
2020-08-16T06:30:45.205341122Z  1597559445: Received PUBACK from twin-38162cb0-e585-43d7-b55d-5c240b2bfb7c (Mid: 16, RC:0)
2020-08-16T06:30:45.205366080Z  1597559445: Sending PUBLISH to twin-38162cb0-e585-43d7-b55d-5c240b2bfb7c (d0, q1, r0, m36, '38162cb0-e585-43d7-b55d-5c240b2bfb7c/3142192f-6bae-4f12-a6f3-5464dc37e790/d0a71d84-b80f-4558-beac-8887750652e3', ... (64 bytes))
2020-08-16T06:30:45.205444156Z  1597559445: Received PUBACK from twin-38162cb0-e585-43d7-b55d-5c240b2bfb7c (Mid: 17, RC:0)
2020-08-16T06:30:45.205468585Z  1597559445: Sending PUBLISH to twin-38162cb0-e585-43d7-b55d-5c240b2bfb7c (d0, q1, r0, m37, '38162cb0-e585-43d7-b55d-5c240b2bfb7c/3142192f-6bae-4f12-a6f3-5464dc37e790/d0a71d84-b80f-4558-beac-8887750652e3', ... (64 bytes))
2020-08-16T06:30:45.205486505Z  1597559445: Received PUBACK from twin-38162cb0-e585-43d7-b55d-5c240b2bfb7c (Mid: 18, RC:0)
2020-08-16T06:30:45.205537704Z  1597559445: Sending PUBLISH to twin-38162cb0-e585-43d7-b55d-5c240b2bfb7c (d0, q1, r0, m38, '38162cb0-e585-43d7-b55d-5c240b2bfb7c/3142192f-6bae-4f12-a6f3-5464dc37e790/d0a71d84-b80f-4558-beac-8887750652e3', ... (64 bytes))
2020-08-16T06:30:45.205564691Z  1597559445: Received PUBACK from twin-38162cb0-e585-43d7-b55d-5c240b2bfb7c (Mid: 19, RC:0)
2020-08-16T06:30:45.205584198Z  1597559445: Sending PUBLISH to twin-38162cb0-e585-43d7-b55d-5c240b2bfb7c (d0, q1, r0, m39, '38162cb0-e585-43d7-b55d-5c240b2bfb7c/3142192f-6bae-4f12-a6f3-5464dc37e790/d0a71d84-b80f-4558-beac-8887750652e3', ... (64 bytes))
2020-08-16T06:30:45.222368633Z  1597559445: Received PUBLISH from kQThOr5sF8 (d0, q1, r0, m79, '38162cb0-e585-43d7-b55d-5c240b2bfb7c/3142192f-6bae-4f12-a6f3-5464dc37e790/d0a71d84-b80f-4558-beac-8887750652e3', ... (64 bytes))
2020-08-16T06:30:45.222549772Z  1597559445: Sending PUBACK to kQThOr5sF8 (m79, rc0)
2020-08-16T06:30:45.222795579Z  1597559445: Received PUBLISH from kQThOr5sF8 (d0, q1, r0, m80, '38162cb0-e585-43d7-b55d-5c240b2bfb7c/3142192f-6bae-4f12-a6f3-5464dc37e790/d0a71d84-b80f-4558-beac-8887750652e3', ... (64 bytes))
2020-08-16T06:30:45.222968615Z  1597559445: Sending PUBACK to kQThOr5sF8 (m80, rc0)
2020-08-16T06:30:45.223246537Z  1597559445: Received PUBLISH from kQThOr5sF8 (d0, q1, r0, m81, '38162cb0-e585-43d7-b55d-5c240b2bfb7c/3142192f-6bae-4f12-a6f3-5464dc37e790/d0a71d84-b80f-4558-beac-8887750652e3', ... (64 bytes))
2020-08-16T06:30:45.223432527Z  1597559445: Sending PUBACK to kQThOr5sF8 (m81, rc0)
2020-08-16T06:30:45.223609900Z  1597559445: Received PUBLISH from kQThOr5sF8 (d0, q1, r0, m82, '38162cb0-e585-43d7-b55d-5c240b2bfb7c/3142192f-6bae-4f12-a6f3-5464dc37e790/d0a71d84-b80f-4558-beac-8887750652e3', ... (64 bytes))
2020-08-16T06:30:45.223807904Z  1597559445: Sending PUBACK to kQThOr5sF8 (m82, rc0)
2020-08-16T06:30:45.286680940Z  1597559445: Received PUBLISH from kQThOr5sF8 (d0, q1, r0, m83, '38162cb0-e585-43d7-b55d-5c240b2bfb7c/3142192f-6bae-4f12-a6f3-5464dc37e790/d0a71d84-b80f-4558-beac-8887750652e3', ... (64 bytes))
2020-08-16T06:30:45.286866718Z  1597559445: Sending PUBACK to kQThOr5sF8 (m83, rc0)
2020-08-16T06:30:45.287080124Z  1597559445: Received PUBLISH from kQThOr5sF8 (d0, q1, r0, m84, '38162cb0-e585-43d7-b55d-5c240b2bfb7c/3142192f-6bae-4f12-a6f3-5464dc37e790/d0a71d84-b80f-4558-beac-8887750652e3', ... (64 bytes))
2020-08-16T06:30:45.287252059Z  1597559445: Sending PUBACK to kQThOr5sF8 (m84, rc0)
2020-08-16T06:30:45.287452123Z  1597559445: Received PUBLISH from kQThOr5sF8 (d0, q1, r0, m85, '38162cb0-e585-43d7-b55d-5c240b2bfb7c/3142192f-6bae-4f12-a6f3-5464dc37e790/d0a71d84-b80f-4558-beac-8887750652e3', ... (64 bytes))
2020-08-16T06:30:45.287621536Z  1597559445: Sending PUBACK to kQThOr5sF8 (m85, rc0)
2020-08-16T06:30:45.287844675Z  1597559445: Received PUBLISH from kQThOr5sF8 (d0, q1, r0, m86, '38162cb0-e585-43d7-b55d-5c240b2bfb7c/3142192f-6bae-4f12-a6f3-5464dc37e790/d0a71d84-b80f-4558-beac-8887750652e3', ... (64 bytes))
2020-08-16T06:30:45.288006316Z  1597559445: Sending PUBACK to kQThOr5sF8 (m86, rc0)
2020-08-16T06:30:45.288233882Z  1597559445: Received PUBLISH from kQThOr5sF8 (d0, q1, r0, m87, '38162cb0-e585-43d7-b55d-5c240b2bfb7c/3142192f-6bae-4f12-a6f3-5464dc37e790/d0a71d84-b80f-4558-beac-8887750652e3', ... (64 bytes))
2020-08-16T06:30:45.288424776Z  1597559445: Sending PUBACK to kQThOr5sF8 (m87, rc0)
2020-08-16T06:30:45.351302653Z  1597559445: Received PUBLISH from kQThOr5sF8 (d0, q1, r0, m88, '38162cb0-e585-43d7-b55d-5c240b2bfb7c/3142192f-6bae-4f12-a6f3-5464dc37e790/d0a71d84-b80f-4558-beac-8887750652e3', ... (64 bytes))
2020-08-16T06:30:45.351698029Z  1597559445: Sending PUBACK to kQThOr5sF8 (m88, rc0)
2020-08-16T06:30:45.352145709Z  1597559445: Received PUBLISH from kQThOr5sF8 (d0, q1, r0, m89, '38162cb0-e585-43d7-b55d-5c240b2bfb7c/3142192f-6bae-4f12-a6f3-5464dc37e790/d0a71d84-b80f-4558-beac-8887750652e3', ... (64 bytes))
2020-08-16T06:30:45.352514881Z  1597559445: Sending PUBACK to kQThOr5sF8 (m89, rc0)
2020-08-16T06:30:45.352941944Z  1597559445: Received PUBLISH from kQThOr5sF8 (d0, q1, r0, m90, '38162cb0-e585-43d7-b55d-5c240b2bfb7c/3142192f-6bae-4f12-a6f3-5464dc37e790/d0a71d84-b80f-4558-beac-8887750652e3', ... (64 bytes))
2020-08-16T06:30:45.353303422Z  1597559445: Sending PUBACK to kQThOr5sF8 (m90, rc0)
2020-08-16T06:30:45.354237416Z  1597559445: Received PUBLISH from kQThOr5sF8 (d0, q1, r0, m91, '38162cb0-e585-43d7-b55d-5c240b2bfb7c/3142192f-6bae-4f12-a6f3-5464dc37e790/d0a71d84-b80f-4558-beac-8887750652e3', ... (64 bytes))
2020-08-16T06:30:45.354294856Z  1597559445: Sending PUBACK to kQThOr5sF8 (m91, rc0)
2020-08-16T06:30:45.354311355Z  1597559445: Received PUBLISH from kQThOr5sF8 (d0, q1, r0, m92, '38162cb0-e585-43d7-b55d-5c240b2bfb7c/3142192f-6bae-4f12-a6f3-5464dc37e790/d0a71d84-b80f-4558-beac-8887750652e3', ... (64 bytes))
2020-08-16T06:30:45.354325795Z  1597559445: Sending PUBACK to kQThOr5sF8 (m92, rc0)
2020-08-16T06:30:45.399430435Z  1597559445: Received PUBLISH from kQThOr5sF8 (d0, q1, r0, m93, '38162cb0-e585-43d7-b55d-5c240b2bfb7c/3142192f-6bae-4f12-a6f3-5464dc37e790/d0a71d84-b80f-4558-beac-8887750652e3', ... (64 bytes))
2020-08-16T06:30:45.399777841Z  1597559445: Sending PUBACK to kQThOr5sF8 (m93, rc0)
2020-08-16T06:30:45.400158483Z  1597559445: Received PUBLISH from kQThOr5sF8 (d0, q1, r0, m94, '38162cb0-e585-43d7-b55d-5c240b2bfb7c/3142192f-6bae-4f12-a6f3-5464dc37e790/d0a71d84-b80f-4558-beac-8887750652e3', ... (64 bytes))
2020-08-16T06:30:45.400469657Z  1597559445: Sending PUBACK to kQThOr5sF8 (m94, rc0)
2020-08-16T06:30:45.400832593Z  1597559445: Received PUBLISH from kQThOr5sF8 (d0, q1, r0, m95, '38162cb0-e585-43d7-b55d-5c240b2bfb7c/3142192f-6bae-4f12-a6f3-5464dc37e790/d0a71d84-b80f-4558-beac-8887750652e3', ... (64 bytes))
2020-08-16T06:30:45.401141538Z  1597559445: Sending PUBACK to kQThOr5sF8 (m95, rc0)
2020-08-16T06:30:45.401496217Z  1597559445: Received PUBLISH from kQThOr5sF8 (d0, q1, r0, m96, '38162cb0-e585-43d7-b55d-5c240b2bfb7c/3142192f-6bae-4f12-a6f3-5464dc37e790/d0a71d84-b80f-4558-beac-8887750652e3', ... (64 bytes))
2020-08-16T06:30:45.401829008Z  1597559445: Sending PUBACK to kQThOr5sF8 (m96, rc0)
2020-08-16T06:30:45.402237584Z  1597559445: Received PUBLISH from kQThOr5sF8 (d0, q1, r0, m97, '38162cb0-e585-43d7-b55d-5c240b2bfb7c/3142192f-6bae-4f12-a6f3-5464dc37e790/d0a71d84-b80f-4558-beac-8887750652e3', ... (64 bytes))
2020-08-16T06:30:45.402733580Z  1597559445: Sending PUBACK to kQThOr5sF8 (m97, rc0)
2020-08-16T06:30:45.402798709Z  1597559445: Received PUBLISH from kQThOr5sF8 (d0, q1, r0, m98, '38162cb0-e585-43d7-b55d-5c240b2bfb7c/3142192f-6bae-4f12-a6f3-5464dc37e790/d0a71d84-b80f-4558-beac-8887750652e3', ... (64 bytes))
2020-08-16T06:30:45.402820192Z  1597559445: Sending PUBACK to kQThOr5sF8 (m98, rc0)
2020-08-16T06:30:45.441780562Z  1597559445: Received PUBLISH from kQThOr5sF8 (d0, q1, r0, m99, '38162cb0-e585-43d7-b55d-5c240b2bfb7c/3142192f-6bae-4f12-a6f3-5464dc37e790/d0a71d84-b80f-4558-beac-8887750652e3', ... (64 bytes))
2020-08-16T06:30:45.442037728Z  1597559445: Sending PUBACK to kQThOr5sF8 (m99, rc0)
2020-08-16T06:30:45.442297626Z  1597559445: Received PUBLISH from kQThOr5sF8 (d0, q1, r0, m100, '38162cb0-e585-43d7-b55d-5c240b2bfb7c/3142192f-6bae-4f12-a6f3-5464dc37e790/d0a71d84-b80f-4558-beac-8887750652e3', ... (64 bytes))
2020-08-16T06:30:45.442481776Z  1597559445: Sending PUBACK to kQThOr5sF8 (m100, rc0)
2020-08-16T06:30:45.783818335Z  1597559445: Received PUBACK from twin-38162cb0-e585-43d7-b55d-5c240b2bfb7c (Mid: 20, RC:0)
2020-08-16T06:30:45.784226061Z  1597559445: Sending PUBLISH to twin-38162cb0-e585-43d7-b55d-5c240b2bfb7c (d0, q1, r0, m40, '38162cb0-e585-43d7-b55d-5c240b2bfb7c/3142192f-6bae-4f12-a6f3-5464dc37e790/d0a71d84-b80f-4558-beac-8887750652e3', ... (64 bytes))
2020-08-16T06:30:45.784795179Z  1597559445: Received PUBACK from twin-38162cb0-e585-43d7-b55d-5c240b2bfb7c (Mid: 21, RC:0)
2020-08-16T06:30:45.785163547Z  1597559445: Sending PUBLISH to twin-38162cb0-e585-43d7-b55d-5c240b2bfb7c (d0, q1, r0, m41, '38162cb0-e585-43d7-b55d-5c240b2bfb7c/3142192f-6bae-4f12-a6f3-5464dc37e790/d0a71d84-b80f-4558-beac-8887750652e3', ... (64 bytes))
2020-08-16T06:30:45.785708855Z  1597559445: Received PUBACK from twin-38162cb0-e585-43d7-b55d-5c240b2bfb7c (Mid: 22, RC:0)
2020-08-16T06:30:45.786186516Z  1597559445: Sending PUBLISH to twin-38162cb0-e585-43d7-b55d-5c240b2bfb7c (d0, q1, r0, m42, '38162cb0-e585-43d7-b55d-5c240b2bfb7c/3142192f-6bae-4f12-a6f3-5464dc37e790/d0a71d84-b80f-4558-beac-8887750652e3', ... (64 bytes))
2020-08-16T06:30:45.786736084Z  1597559445: Received PUBACK from twin-38162cb0-e585-43d7-b55d-5c240b2bfb7c (Mid: 23, RC:0)
2020-08-16T06:30:45.788281040Z  1597559445: Sending PUBLISH to twin-38162cb0-e585-43d7-b55d-5c240b2bfb7c (d0, q1, r0, m43, '38162cb0-e585-43d7-b55d-5c240b2bfb7c/3142192f-6bae-4f12-a6f3-5464dc37e790/d0a71d84-b80f-4558-beac-8887750652e3', ... (64 bytes))
2020-08-16T06:30:45.788375294Z  1597559445: Received PUBACK from twin-38162cb0-e585-43d7-b55d-5c240b2bfb7c (Mid: 24, RC:0)
2020-08-16T06:30:45.788394841Z  1597559445: Sending PUBLISH to twin-38162cb0-e585-43d7-b55d-5c240b2bfb7c (d0, q1, r0, m44, '38162cb0-e585-43d7-b55d-5c240b2bfb7c/3142192f-6bae-4f12-a6f3-5464dc37e790/d0a71d84-b80f-4558-beac-8887750652e3', ... (64 bytes))
2020-08-16T06:30:45.788458319Z  1597559445: Received PUBACK from twin-38162cb0-e585-43d7-b55d-5c240b2bfb7c (Mid: 25, RC:0)
2020-08-16T06:30:45.788542831Z  1597559445: Sending PUBLISH to twin-38162cb0-e585-43d7-b55d-5c240b2bfb7c (d0, q1, r0, m45, '38162cb0-e585-43d7-b55d-5c240b2bfb7c/3142192f-6bae-4f12-a6f3-5464dc37e790/d0a71d84-b80f-4558-beac-8887750652e3', ... (64 bytes))
2020-08-16T06:30:45.788568457Z  1597559445: Received PUBACK from twin-38162cb0-e585-43d7-b55d-5c240b2bfb7c (Mid: 26, RC:0)
2020-08-16T06:30:45.788586587Z  1597559445: Sending PUBLISH to twin-38162cb0-e585-43d7-b55d-5c240b2bfb7c (d0, q1, r0, m46, '38162cb0-e585-43d7-b55d-5c240b2bfb7c/3142192f-6bae-4f12-a6f3-5464dc37e790/d0a71d84-b80f-4558-beac-8887750652e3', ... (64 bytes))
2020-08-16T06:30:45.788642662Z  1597559445: Received PUBACK from twin-38162cb0-e585-43d7-b55d-5c240b2bfb7c (Mid: 27, RC:0)
2020-08-16T06:30:45.788663412Z  1597559445: Sending PUBLISH to twin-38162cb0-e585-43d7-b55d-5c240b2bfb7c (d0, q1, r0, m47, '38162cb0-e585-43d7-b55d-5c240b2bfb7c/3142192f-6bae-4f12-a6f3-5464dc37e790/d0a71d84-b80f-4558-beac-8887750652e3', ... (64 bytes))
2020-08-16T06:30:45.788682225Z  1597559445: Received PUBACK from twin-38162cb0-e585-43d7-b55d-5c240b2bfb7c (Mid: 28, RC:0)
2020-08-16T06:30:45.788736586Z  1597559445: Sending PUBLISH to twin-38162cb0-e585-43d7-b55d-5c240b2bfb7c (d0, q1, r0, m48, '38162cb0-e585-43d7-b55d-5c240b2bfb7c/3142192f-6bae-4f12-a6f3-5464dc37e790/d0a71d84-b80f-4558-beac-8887750652e3', ... (64 bytes))
2020-08-16T06:30:45.788758760Z  1597559445: Received PUBACK from twin-38162cb0-e585-43d7-b55d-5c240b2bfb7c (Mid: 29, RC:0)
2020-08-16T06:30:45.788779763Z  1597559445: Sending PUBLISH to twin-38162cb0-e585-43d7-b55d-5c240b2bfb7c (d0, q1, r0, m49, '38162cb0-e585-43d7-b55d-5c240b2bfb7c/3142192f-6bae-4f12-a6f3-5464dc37e790/d0a71d84-b80f-4558-beac-8887750652e3', ... (64 bytes))
2020-08-16T06:30:46.496078304Z  1597559446: Received PUBACK from twin-38162cb0-e585-43d7-b55d-5c240b2bfb7c (Mid: 30, RC:0)
2020-08-16T06:30:46.496519613Z  1597559446: Sending PUBLISH to twin-38162cb0-e585-43d7-b55d-5c240b2bfb7c (d0, q1, r0, m50, '38162cb0-e585-43d7-b55d-5c240b2bfb7c/3142192f-6bae-4f12-a6f3-5464dc37e790/d0a71d84-b80f-4558-beac-8887750652e3', ... (64 bytes))
2020-08-16T06:30:46.497132299Z  1597559446: Received PUBACK from twin-38162cb0-e585-43d7-b55d-5c240b2bfb7c (Mid: 31, RC:0)
2020-08-16T06:30:46.497534718Z  1597559446: Sending PUBLISH to twin-38162cb0-e585-43d7-b55d-5c240b2bfb7c (d0, q1, r0, m51, '38162cb0-e585-43d7-b55d-5c240b2bfb7c/3142192f-6bae-4f12-a6f3-5464dc37e790/d0a71d84-b80f-4558-beac-8887750652e3', ... (64 bytes))
2020-08-16T06:30:46.498209041Z  1597559446: Received PUBACK from twin-38162cb0-e585-43d7-b55d-5c240b2bfb7c (Mid: 32, RC:0)
2020-08-16T06:30:46.498502485Z  1597559446: Sending PUBLISH to twin-38162cb0-e585-43d7-b55d-5c240b2bfb7c (d0, q1, r0, m52, '38162cb0-e585-43d7-b55d-5c240b2bfb7c/3142192f-6bae-4f12-a6f3-5464dc37e790/d0a71d84-b80f-4558-beac-8887750652e3', ... (64 bytes))
2020-08-16T06:30:46.498982529Z  1597559446: Received PUBACK from twin-38162cb0-e585-43d7-b55d-5c240b2bfb7c (Mid: 33, RC:0)
2020-08-16T06:30:46.500317854Z  1597559446: Sending PUBLISH to twin-38162cb0-e585-43d7-b55d-5c240b2bfb7c (d0, q1, r0, m53, '38162cb0-e585-43d7-b55d-5c240b2bfb7c/3142192f-6bae-4f12-a6f3-5464dc37e790/d0a71d84-b80f-4558-beac-8887750652e3', ... (64 bytes))
2020-08-16T06:30:46.500382357Z  1597559446: Received PUBACK from twin-38162cb0-e585-43d7-b55d-5c240b2bfb7c (Mid: 34, RC:0)
2020-08-16T06:30:46.500426161Z  1597559446: Sending PUBLISH to twin-38162cb0-e585-43d7-b55d-5c240b2bfb7c (d0, q1, r0, m54, '38162cb0-e585-43d7-b55d-5c240b2bfb7c/3142192f-6bae-4f12-a6f3-5464dc37e790/d0a71d84-b80f-4558-beac-8887750652e3', ... (64 bytes))
2020-08-16T06:30:46.500485831Z  1597559446: Received PUBACK from twin-38162cb0-e585-43d7-b55d-5c240b2bfb7c (Mid: 35, RC:0)
2020-08-16T06:30:46.500502120Z  1597559446: Sending PUBLISH to twin-38162cb0-e585-43d7-b55d-5c240b2bfb7c (d0, q1, r0, m55, '38162cb0-e585-43d7-b55d-5c240b2bfb7c/3142192f-6bae-4f12-a6f3-5464dc37e790/d0a71d84-b80f-4558-beac-8887750652e3', ... (64 bytes))
2020-08-16T06:30:46.500518617Z  1597559446: Received PUBACK from twin-38162cb0-e585-43d7-b55d-5c240b2bfb7c (Mid: 36, RC:0)
2020-08-16T06:30:46.500566660Z  1597559446: Sending PUBLISH to twin-38162cb0-e585-43d7-b55d-5c240b2bfb7c (d0, q1, r0, m56, '38162cb0-e585-43d7-b55d-5c240b2bfb7c/3142192f-6bae-4f12-a6f3-5464dc37e790/d0a71d84-b80f-4558-beac-8887750652e3', ... (64 bytes))
2020-08-16T06:30:46.500585533Z  1597559446: Received PUBACK from twin-38162cb0-e585-43d7-b55d-5c240b2bfb7c (Mid: 37, RC:0)
2020-08-16T06:30:46.500600990Z  1597559446: Sending PUBLISH to twin-38162cb0-e585-43d7-b55d-5c240b2bfb7c (d0, q1, r0, m57, '38162cb0-e585-43d7-b55d-5c240b2bfb7c/3142192f-6bae-4f12-a6f3-5464dc37e790/d0a71d84-b80f-4558-beac-8887750652e3', ... (64 bytes))
2020-08-16T06:30:46.500648584Z  1597559446: Received PUBACK from twin-38162cb0-e585-43d7-b55d-5c240b2bfb7c (Mid: 38, RC:0)
2020-08-16T06:30:46.500671184Z  1597559446: Sending PUBLISH to twin-38162cb0-e585-43d7-b55d-5c240b2bfb7c (d0, q1, r0, m58, '38162cb0-e585-43d7-b55d-5c240b2bfb7c/3142192f-6bae-4f12-a6f3-5464dc37e790/d0a71d84-b80f-4558-beac-8887750652e3', ... (64 bytes))
2020-08-16T06:30:46.500688237Z  1597559446: Received PUBACK from twin-38162cb0-e585-43d7-b55d-5c240b2bfb7c (Mid: 39, RC:0)
2020-08-16T06:30:46.500706014Z  1597559446: Sending PUBLISH to twin-38162cb0-e585-43d7-b55d-5c240b2bfb7c (d0, q1, r0, m59, '38162cb0-e585-43d7-b55d-5c240b2bfb7c/3142192f-6bae-4f12-a6f3-5464dc37e790/d0a71d84-b80f-4558-beac-8887750652e3', ... (64 bytes))
2020-08-16T06:30:47.205813613Z  1597559447: Received PUBACK from twin-38162cb0-e585-43d7-b55d-5c240b2bfb7c (Mid: 40, RC:0)
2020-08-16T06:30:47.206339366Z  1597559447: Sending PUBLISH to twin-38162cb0-e585-43d7-b55d-5c240b2bfb7c (d0, q1, r0, m60, '38162cb0-e585-43d7-b55d-5c240b2bfb7c/3142192f-6bae-4f12-a6f3-5464dc37e790/d0a71d84-b80f-4558-beac-8887750652e3', ... (64 bytes))
2020-08-16T06:30:47.206893573Z  1597559447: Received PUBACK from twin-38162cb0-e585-43d7-b55d-5c240b2bfb7c (Mid: 41, RC:0)
2020-08-16T06:30:47.207260241Z  1597559447: Sending PUBLISH to twin-38162cb0-e585-43d7-b55d-5c240b2bfb7c (d0, q1, r0, m61, '38162cb0-e585-43d7-b55d-5c240b2bfb7c/3142192f-6bae-4f12-a6f3-5464dc37e790/d0a71d84-b80f-4558-beac-8887750652e3', ... (64 bytes))
2020-08-16T06:30:47.207801986Z  1597559447: Received PUBACK from twin-38162cb0-e585-43d7-b55d-5c240b2bfb7c (Mid: 42, RC:0)
2020-08-16T06:30:47.208165221Z  1597559447: Sending PUBLISH to twin-38162cb0-e585-43d7-b55d-5c240b2bfb7c (d0, q1, r0, m62, '38162cb0-e585-43d7-b55d-5c240b2bfb7c/3142192f-6bae-4f12-a6f3-5464dc37e790/d0a71d84-b80f-4558-beac-8887750652e3', ... (64 bytes))
2020-08-16T06:30:47.208710326Z  1597559447: Received PUBACK from twin-38162cb0-e585-43d7-b55d-5c240b2bfb7c (Mid: 43, RC:0)
2020-08-16T06:30:47.210417720Z  1597559447: Sending PUBLISH to twin-38162cb0-e585-43d7-b55d-5c240b2bfb7c (d0, q1, r0, m63, '38162cb0-e585-43d7-b55d-5c240b2bfb7c/3142192f-6bae-4f12-a6f3-5464dc37e790/d0a71d84-b80f-4558-beac-8887750652e3', ... (64 bytes))
2020-08-16T06:30:47.210496438Z  1597559447: Received PUBACK from twin-38162cb0-e585-43d7-b55d-5c240b2bfb7c (Mid: 44, RC:0)
2020-08-16T06:30:47.210516428Z  1597559447: Sending PUBLISH to twin-38162cb0-e585-43d7-b55d-5c240b2bfb7c (d0, q1, r0, m64, '38162cb0-e585-43d7-b55d-5c240b2bfb7c/3142192f-6bae-4f12-a6f3-5464dc37e790/d0a71d84-b80f-4558-beac-8887750652e3', ... (64 bytes))
2020-08-16T06:30:47.210579566Z  1597559447: Received PUBACK from twin-38162cb0-e585-43d7-b55d-5c240b2bfb7c (Mid: 45, RC:0)
2020-08-16T06:30:47.210599110Z  1597559447: Sending PUBLISH to twin-38162cb0-e585-43d7-b55d-5c240b2bfb7c (d0, q1, r0, m65, '38162cb0-e585-43d7-b55d-5c240b2bfb7c/3142192f-6bae-4f12-a6f3-5464dc37e790/d0a71d84-b80f-4558-beac-8887750652e3', ... (64 bytes))
2020-08-16T06:30:47.210618267Z  1597559447: Received PUBACK from twin-38162cb0-e585-43d7-b55d-5c240b2bfb7c (Mid: 46, RC:0)
2020-08-16T06:30:47.210679421Z  1597559447: Sending PUBLISH to twin-38162cb0-e585-43d7-b55d-5c240b2bfb7c (d0, q1, r0, m66, '38162cb0-e585-43d7-b55d-5c240b2bfb7c/3142192f-6bae-4f12-a6f3-5464dc37e790/d0a71d84-b80f-4558-beac-8887750652e3', ... (64 bytes))
2020-08-16T06:30:47.210699041Z  1597559447: Received PUBACK from twin-38162cb0-e585-43d7-b55d-5c240b2bfb7c (Mid: 47, RC:0)
2020-08-16T06:30:47.210754599Z  1597559447: Sending PUBLISH to twin-38162cb0-e585-43d7-b55d-5c240b2bfb7c (d0, q1, r0, m67, '38162cb0-e585-43d7-b55d-5c240b2bfb7c/3142192f-6bae-4f12-a6f3-5464dc37e790/d0a71d84-b80f-4558-beac-8887750652e3', ... (64 bytes))
2020-08-16T06:30:47.211812028Z  1597559447: Received PUBACK from twin-38162cb0-e585-43d7-b55d-5c240b2bfb7c (Mid: 48, RC:0)
2020-08-16T06:30:47.211887752Z  1597559447: Sending PUBLISH to twin-38162cb0-e585-43d7-b55d-5c240b2bfb7c (d0, q1, r0, m68, '38162cb0-e585-43d7-b55d-5c240b2bfb7c/3142192f-6bae-4f12-a6f3-5464dc37e790/d0a71d84-b80f-4558-beac-8887750652e3', ... (64 bytes))
2020-08-16T06:30:47.211908513Z  1597559447: Received PUBACK from twin-38162cb0-e585-43d7-b55d-5c240b2bfb7c (Mid: 49, RC:0)
2020-08-16T06:30:47.211965676Z  1597559447: Sending PUBLISH to twin-38162cb0-e585-43d7-b55d-5c240b2bfb7c (d0, q1, r0, m69, '38162cb0-e585-43d7-b55d-5c240b2bfb7c/3142192f-6bae-4f12-a6f3-5464dc37e790/d0a71d84-b80f-4558-beac-8887750652e3', ... (64 bytes))
2020-08-16T06:30:47.910500157Z  1597559447: Received PUBACK from twin-38162cb0-e585-43d7-b55d-5c240b2bfb7c (Mid: 50, RC:0)
2020-08-16T06:30:47.910943944Z  1597559447: Sending PUBLISH to twin-38162cb0-e585-43d7-b55d-5c240b2bfb7c (d0, q1, r0, m70, '38162cb0-e585-43d7-b55d-5c240b2bfb7c/3142192f-6bae-4f12-a6f3-5464dc37e790/d0a71d84-b80f-4558-beac-8887750652e3', ... (64 bytes))
2020-08-16T06:30:47.911546188Z  1597559447: Received PUBACK from twin-38162cb0-e585-43d7-b55d-5c240b2bfb7c (Mid: 51, RC:0)
2020-08-16T06:30:47.913230003Z  1597559447: Sending PUBLISH to twin-38162cb0-e585-43d7-b55d-5c240b2bfb7c (d0, q1, r0, m71, '38162cb0-e585-43d7-b55d-5c240b2bfb7c/3142192f-6bae-4f12-a6f3-5464dc37e790/d0a71d84-b80f-4558-beac-8887750652e3', ... (64 bytes))
2020-08-16T06:30:47.913732317Z  1597559447: Received PUBACK from twin-38162cb0-e585-43d7-b55d-5c240b2bfb7c (Mid: 52, RC:0)
2020-08-16T06:30:47.914179362Z  1597559447: Sending PUBLISH to twin-38162cb0-e585-43d7-b55d-5c240b2bfb7c (d0, q1, r0, m72, '38162cb0-e585-43d7-b55d-5c240b2bfb7c/3142192f-6bae-4f12-a6f3-5464dc37e790/d0a71d84-b80f-4558-beac-8887750652e3', ... (64 bytes))
2020-08-16T06:30:47.915245672Z  1597559447: Received PUBACK from twin-38162cb0-e585-43d7-b55d-5c240b2bfb7c (Mid: 53, RC:0)
2020-08-16T06:30:47.915323163Z  1597559447: Sending PUBLISH to twin-38162cb0-e585-43d7-b55d-5c240b2bfb7c (d0, q1, r0, m73, '38162cb0-e585-43d7-b55d-5c240b2bfb7c/3142192f-6bae-4f12-a6f3-5464dc37e790/d0a71d84-b80f-4558-beac-8887750652e3', ... (64 bytes))
2020-08-16T06:30:47.919010889Z  1597559447: Received PUBACK from twin-38162cb0-e585-43d7-b55d-5c240b2bfb7c (Mid: 54, RC:0)
2020-08-16T06:30:47.919064516Z  1597559447: Sending PUBLISH to twin-38162cb0-e585-43d7-b55d-5c240b2bfb7c (d0, q1, r0, m74, '38162cb0-e585-43d7-b55d-5c240b2bfb7c/3142192f-6bae-4f12-a6f3-5464dc37e790/d0a71d84-b80f-4558-beac-8887750652e3', ... (64 bytes))
2020-08-16T06:30:47.919082625Z  1597559447: Received PUBACK from twin-38162cb0-e585-43d7-b55d-5c240b2bfb7c (Mid: 55, RC:0)
2020-08-16T06:30:47.919094657Z  1597559447: Sending PUBLISH to twin-38162cb0-e585-43d7-b55d-5c240b2bfb7c (d0, q1, r0, m75, '38162cb0-e585-43d7-b55d-5c240b2bfb7c/3142192f-6bae-4f12-a6f3-5464dc37e790/d0a71d84-b80f-4558-beac-8887750652e3', ... (64 bytes))
2020-08-16T06:30:47.919106678Z  1597559447: Received PUBACK from twin-38162cb0-e585-43d7-b55d-5c240b2bfb7c (Mid: 56, RC:0)
2020-08-16T06:30:47.919117953Z  1597559447: Sending PUBLISH to twin-38162cb0-e585-43d7-b55d-5c240b2bfb7c (d0, q1, r0, m76, '38162cb0-e585-43d7-b55d-5c240b2bfb7c/3142192f-6bae-4f12-a6f3-5464dc37e790/d0a71d84-b80f-4558-beac-8887750652e3', ... (64 bytes))
2020-08-16T06:30:48.396244745Z  1597559448: Received PUBACK from twin-38162cb0-e585-43d7-b55d-5c240b2bfb7c (Mid: 57, RC:0)
2020-08-16T06:30:48.396540444Z  1597559448: Sending PUBLISH to twin-38162cb0-e585-43d7-b55d-5c240b2bfb7c (d0, q1, r0, m77, '38162cb0-e585-43d7-b55d-5c240b2bfb7c/3142192f-6bae-4f12-a6f3-5464dc37e790/d0a71d84-b80f-4558-beac-8887750652e3', ... (64 bytes))
2020-08-16T06:30:48.396977508Z  1597559448: Received PUBACK from twin-38162cb0-e585-43d7-b55d-5c240b2bfb7c (Mid: 58, RC:0)
2020-08-16T06:30:48.397289487Z  1597559448: Sending PUBLISH to twin-38162cb0-e585-43d7-b55d-5c240b2bfb7c (d0, q1, r0, m78, '38162cb0-e585-43d7-b55d-5c240b2bfb7c/3142192f-6bae-4f12-a6f3-5464dc37e790/d0a71d84-b80f-4558-beac-8887750652e3', ... (64 bytes))
2020-08-16T06:30:48.397767691Z  1597559448: Received PUBACK from twin-38162cb0-e585-43d7-b55d-5c240b2bfb7c (Mid: 59, RC:0)
2020-08-16T06:30:48.398852915Z  1597559448: Sending PUBLISH to twin-38162cb0-e585-43d7-b55d-5c240b2bfb7c (d0, q1, r0, m79, '38162cb0-e585-43d7-b55d-5c240b2bfb7c/3142192f-6bae-4f12-a6f3-5464dc37e790/d0a71d84-b80f-4558-beac-8887750652e3', ... (64 bytes))
2020-08-16T06:30:48.399346663Z  1597559448: Received PUBACK from twin-38162cb0-e585-43d7-b55d-5c240b2bfb7c (Mid: 60, RC:0)
2020-08-16T06:30:48.399664417Z  1597559448: Sending PUBLISH to twin-38162cb0-e585-43d7-b55d-5c240b2bfb7c (d0, q1, r0, m80, '38162cb0-e585-43d7-b55d-5c240b2bfb7c/3142192f-6bae-4f12-a6f3-5464dc37e790/d0a71d84-b80f-4558-beac-8887750652e3', ... (64 bytes))
2020-08-16T06:30:48.400045397Z  1597559448: Received PUBACK from twin-38162cb0-e585-43d7-b55d-5c240b2bfb7c (Mid: 61, RC:0)
2020-08-16T06:30:48.400528821Z  1597559448: Sending PUBLISH to twin-38162cb0-e585-43d7-b55d-5c240b2bfb7c (d0, q1, r0, m81, '38162cb0-e585-43d7-b55d-5c240b2bfb7c/3142192f-6bae-4f12-a6f3-5464dc37e790/d0a71d84-b80f-4558-beac-8887750652e3', ... (64 bytes))
2020-08-16T06:30:48.401988195Z  1597559448: Received PUBACK from twin-38162cb0-e585-43d7-b55d-5c240b2bfb7c (Mid: 62, RC:0)
2020-08-16T06:30:48.402045574Z  1597559448: Sending PUBLISH to twin-38162cb0-e585-43d7-b55d-5c240b2bfb7c (d0, q1, r0, m82, '38162cb0-e585-43d7-b55d-5c240b2bfb7c/3142192f-6bae-4f12-a6f3-5464dc37e790/d0a71d84-b80f-4558-beac-8887750652e3', ... (64 bytes))
2020-08-16T06:30:48.402065904Z  1597559448: Received PUBACK from twin-38162cb0-e585-43d7-b55d-5c240b2bfb7c (Mid: 63, RC:0)
2020-08-16T06:30:48.402079430Z  1597559448: Sending PUBLISH to twin-38162cb0-e585-43d7-b55d-5c240b2bfb7c (d0, q1, r0, m83, '38162cb0-e585-43d7-b55d-5c240b2bfb7c/3142192f-6bae-4f12-a6f3-5464dc37e790/d0a71d84-b80f-4558-beac-8887750652e3', ... (64 bytes))
2020-08-16T06:30:48.402168786Z  1597559448: Received PUBACK from twin-38162cb0-e585-43d7-b55d-5c240b2bfb7c (Mid: 64, RC:0)
2020-08-16T06:30:48.402183079Z  1597559448: Sending PUBLISH to twin-38162cb0-e585-43d7-b55d-5c240b2bfb7c (d0, q1, r0, m84, '38162cb0-e585-43d7-b55d-5c240b2bfb7c/3142192f-6bae-4f12-a6f3-5464dc37e790/d0a71d84-b80f-4558-beac-8887750652e3', ... (64 bytes))
2020-08-16T06:30:48.402193361Z  1597559448: Received PUBACK from twin-38162cb0-e585-43d7-b55d-5c240b2bfb7c (Mid: 65, RC:0)
2020-08-16T06:30:48.402202745Z  1597559448: Sending PUBLISH to twin-38162cb0-e585-43d7-b55d-5c240b2bfb7c (d0, q1, r0, m85, '38162cb0-e585-43d7-b55d-5c240b2bfb7c/3142192f-6bae-4f12-a6f3-5464dc37e790/d0a71d84-b80f-4558-beac-8887750652e3', ... (64 bytes))
2020-08-16T06:30:48.402212510Z  1597559448: Received PUBACK from twin-38162cb0-e585-43d7-b55d-5c240b2bfb7c (Mid: 66, RC:0)
2020-08-16T06:30:48.402221972Z  1597559448: Sending PUBLISH to twin-38162cb0-e585-43d7-b55d-5c240b2bfb7c (d0, q1, r0, m86, '38162cb0-e585-43d7-b55d-5c240b2bfb7c/3142192f-6bae-4f12-a6f3-5464dc37e790/d0a71d84-b80f-4558-beac-8887750652e3', ... (64 bytes))
2020-08-16T06:30:49.099494699Z  1597559449: Received PUBACK from twin-38162cb0-e585-43d7-b55d-5c240b2bfb7c (Mid: 67, RC:0)
2020-08-16T06:30:49.099941733Z  1597559449: Sending PUBLISH to twin-38162cb0-e585-43d7-b55d-5c240b2bfb7c (d0, q1, r0, m87, '38162cb0-e585-43d7-b55d-5c240b2bfb7c/3142192f-6bae-4f12-a6f3-5464dc37e790/d0a71d84-b80f-4558-beac-8887750652e3', ... (64 bytes))
2020-08-16T06:30:49.100521084Z  1597559449: Received PUBACK from twin-38162cb0-e585-43d7-b55d-5c240b2bfb7c (Mid: 68, RC:0)
2020-08-16T06:30:49.100897786Z  1597559449: Sending PUBLISH to twin-38162cb0-e585-43d7-b55d-5c240b2bfb7c (d0, q1, r0, m88, '38162cb0-e585-43d7-b55d-5c240b2bfb7c/3142192f-6bae-4f12-a6f3-5464dc37e790/d0a71d84-b80f-4558-beac-8887750652e3', ... (64 bytes))
2020-08-16T06:30:49.101449265Z  1597559449: Received PUBACK from twin-38162cb0-e585-43d7-b55d-5c240b2bfb7c (Mid: 69, RC:0)
2020-08-16T06:30:49.101818040Z  1597559449: Sending PUBLISH to twin-38162cb0-e585-43d7-b55d-5c240b2bfb7c (d0, q1, r0, m89, '38162cb0-e585-43d7-b55d-5c240b2bfb7c/3142192f-6bae-4f12-a6f3-5464dc37e790/d0a71d84-b80f-4558-beac-8887750652e3', ... (64 bytes))
2020-08-16T06:30:49.102433662Z  1597559449: Received PUBACK from twin-38162cb0-e585-43d7-b55d-5c240b2bfb7c (Mid: 70, RC:0)
2020-08-16T06:30:49.103996055Z  1597559449: Sending PUBLISH to twin-38162cb0-e585-43d7-b55d-5c240b2bfb7c (d0, q1, r0, m90, '38162cb0-e585-43d7-b55d-5c240b2bfb7c/3142192f-6bae-4f12-a6f3-5464dc37e790/d0a71d84-b80f-4558-beac-8887750652e3', ... (64 bytes))
2020-08-16T06:30:49.104099363Z  1597559449: Received PUBACK from twin-38162cb0-e585-43d7-b55d-5c240b2bfb7c (Mid: 71, RC:0)
2020-08-16T06:30:49.104163851Z  1597559449: Sending PUBLISH to twin-38162cb0-e585-43d7-b55d-5c240b2bfb7c (d0, q1, r0, m91, '38162cb0-e585-43d7-b55d-5c240b2bfb7c/3142192f-6bae-4f12-a6f3-5464dc37e790/d0a71d84-b80f-4558-beac-8887750652e3', ... (64 bytes))
2020-08-16T06:30:49.104183851Z  1597559449: Received PUBACK from twin-38162cb0-e585-43d7-b55d-5c240b2bfb7c (Mid: 72, RC:0)
2020-08-16T06:30:49.104275363Z  1597559449: Sending PUBLISH to twin-38162cb0-e585-43d7-b55d-5c240b2bfb7c (d0, q1, r0, m92, '38162cb0-e585-43d7-b55d-5c240b2bfb7c/3142192f-6bae-4f12-a6f3-5464dc37e790/d0a71d84-b80f-4558-beac-8887750652e3', ... (64 bytes))
2020-08-16T06:30:49.104305323Z  1597559449: Received PUBACK from twin-38162cb0-e585-43d7-b55d-5c240b2bfb7c (Mid: 73, RC:0)
2020-08-16T06:30:49.104377760Z  1597559449: Sending PUBLISH to twin-38162cb0-e585-43d7-b55d-5c240b2bfb7c (d0, q1, r0, m93, '38162cb0-e585-43d7-b55d-5c240b2bfb7c/3142192f-6bae-4f12-a6f3-5464dc37e790/d0a71d84-b80f-4558-beac-8887750652e3', ... (64 bytes))
2020-08-16T06:30:49.104402027Z  1597559449: Received PUBACK from twin-38162cb0-e585-43d7-b55d-5c240b2bfb7c (Mid: 74, RC:0)
2020-08-16T06:30:49.104420105Z  1597559449: Sending PUBLISH to twin-38162cb0-e585-43d7-b55d-5c240b2bfb7c (d0, q1, r0, m94, '38162cb0-e585-43d7-b55d-5c240b2bfb7c/3142192f-6bae-4f12-a6f3-5464dc37e790/d0a71d84-b80f-4558-beac-8887750652e3', ... (64 bytes))
2020-08-16T06:30:49.104478356Z  1597559449: Received PUBACK from twin-38162cb0-e585-43d7-b55d-5c240b2bfb7c (Mid: 75, RC:0)
2020-08-16T06:30:49.104499270Z  1597559449: Sending PUBLISH to twin-38162cb0-e585-43d7-b55d-5c240b2bfb7c (d0, q1, r0, m95, '38162cb0-e585-43d7-b55d-5c240b2bfb7c/3142192f-6bae-4f12-a6f3-5464dc37e790/d0a71d84-b80f-4558-beac-8887750652e3', ... (64 bytes))
2020-08-16T06:30:49.104518353Z  1597559449: Received PUBACK from twin-38162cb0-e585-43d7-b55d-5c240b2bfb7c (Mid: 76, RC:0)
2020-08-16T06:30:49.104576637Z  1597559449: Sending PUBLISH to twin-38162cb0-e585-43d7-b55d-5c240b2bfb7c (d0, q1, r0, m96, '38162cb0-e585-43d7-b55d-5c240b2bfb7c/3142192f-6bae-4f12-a6f3-5464dc37e790/d0a71d84-b80f-4558-beac-8887750652e3', ... (64 bytes))
2020-08-16T06:30:49.816015304Z  1597559449: Received PUBACK from twin-38162cb0-e585-43d7-b55d-5c240b2bfb7c (Mid: 77, RC:0)
2020-08-16T06:30:49.816430479Z  1597559449: Sending PUBLISH to twin-38162cb0-e585-43d7-b55d-5c240b2bfb7c (d0, q1, r0, m97, '38162cb0-e585-43d7-b55d-5c240b2bfb7c/3142192f-6bae-4f12-a6f3-5464dc37e790/d0a71d84-b80f-4558-beac-8887750652e3', ... (64 bytes))
2020-08-16T06:30:49.817003527Z  1597559449: Received PUBACK from twin-38162cb0-e585-43d7-b55d-5c240b2bfb7c (Mid: 78, RC:0)
2020-08-16T06:30:49.817377516Z  1597559449: Sending PUBLISH to twin-38162cb0-e585-43d7-b55d-5c240b2bfb7c (d0, q1, r0, m98, '38162cb0-e585-43d7-b55d-5c240b2bfb7c/3142192f-6bae-4f12-a6f3-5464dc37e790/d0a71d84-b80f-4558-beac-8887750652e3', ... (64 bytes))
2020-08-16T06:30:49.817927961Z  1597559449: Received PUBACK from twin-38162cb0-e585-43d7-b55d-5c240b2bfb7c (Mid: 79, RC:0)
2020-08-16T06:30:49.818375218Z  1597559449: Sending PUBLISH to twin-38162cb0-e585-43d7-b55d-5c240b2bfb7c (d0, q1, r0, m99, '38162cb0-e585-43d7-b55d-5c240b2bfb7c/3142192f-6bae-4f12-a6f3-5464dc37e790/d0a71d84-b80f-4558-beac-8887750652e3', ... (64 bytes))
2020-08-16T06:30:49.819001923Z  1597559449: Received PUBACK from twin-38162cb0-e585-43d7-b55d-5c240b2bfb7c (Mid: 80, RC:0)
2020-08-16T06:30:49.819778662Z  1597559449: Sending PUBLISH to twin-38162cb0-e585-43d7-b55d-5c240b2bfb7c (d0, q1, r0, m100, '38162cb0-e585-43d7-b55d-5c240b2bfb7c/3142192f-6bae-4f12-a6f3-5464dc37e790/d0a71d84-b80f-4558-beac-8887750652e3', ... (64 bytes))
2020-08-16T06:30:49.819857272Z  1597559449: Received PUBACK from twin-38162cb0-e585-43d7-b55d-5c240b2bfb7c (Mid: 81, RC:0)
2020-08-16T06:30:49.819877760Z  1597559449: Received PUBACK from twin-38162cb0-e585-43d7-b55d-5c240b2bfb7c (Mid: 82, RC:0)
2020-08-16T06:30:49.819934303Z  1597559449: Received PUBACK from twin-38162cb0-e585-43d7-b55d-5c240b2bfb7c (Mid: 83, RC:0)
2020-08-16T06:30:49.819956640Z  1597559449: Received PUBACK from twin-38162cb0-e585-43d7-b55d-5c240b2bfb7c (Mid: 84, RC:0)
2020-08-16T06:30:49.819974428Z  1597559449: Received PUBACK from twin-38162cb0-e585-43d7-b55d-5c240b2bfb7c (Mid: 85, RC:0)
2020-08-16T06:30:49.820025122Z  1597559449: Received PUBACK from twin-38162cb0-e585-43d7-b55d-5c240b2bfb7c (Mid: 86, RC:0)
2020-08-16T06:30:50.532338777Z  1597559450: Received PUBACK from twin-38162cb0-e585-43d7-b55d-5c240b2bfb7c (Mid: 87, RC:0)
2020-08-16T06:30:50.532768977Z  1597559450: Received PUBACK from twin-38162cb0-e585-43d7-b55d-5c240b2bfb7c (Mid: 88, RC:0)
2020-08-16T06:30:50.533171319Z  1597559450: Received PUBACK from twin-38162cb0-e585-43d7-b55d-5c240b2bfb7c (Mid: 89, RC:0)
2020-08-16T06:30:50.533560218Z  1597559450: Received PUBACK from twin-38162cb0-e585-43d7-b55d-5c240b2bfb7c (Mid: 90, RC:0)
2020-08-16T06:30:50.533951025Z  1597559450: Received PUBACK from twin-38162cb0-e585-43d7-b55d-5c240b2bfb7c (Mid: 91, RC:0)
2020-08-16T06:30:50.534398970Z  1597559450: Received PUBACK from twin-38162cb0-e585-43d7-b55d-5c240b2bfb7c (Mid: 92, RC:0)
2020-08-16T06:30:50.534785240Z  1597559450: Received PUBACK from twin-38162cb0-e585-43d7-b55d-5c240b2bfb7c (Mid: 93, RC:0)
2020-08-16T06:30:50.535184462Z  1597559450: Received PUBACK from twin-38162cb0-e585-43d7-b55d-5c240b2bfb7c (Mid: 94, RC:0)
2020-08-16T06:30:50.536537579Z  1597559450: Received PUBACK from twin-38162cb0-e585-43d7-b55d-5c240b2bfb7c (Mid: 95, RC:0)
2020-08-16T06:30:50.536566782Z  1597559450: Received PUBACK from twin-38162cb0-e585-43d7-b55d-5c240b2bfb7c (Mid: 96, RC:0)
2020-08-16T06:30:51.243581442Z  1597559451: Received PUBACK from twin-38162cb0-e585-43d7-b55d-5c240b2bfb7c (Mid: 97, RC:0)
2020-08-16T06:30:51.244011762Z  1597559451: Received PUBACK from twin-38162cb0-e585-43d7-b55d-5c240b2bfb7c (Mid: 98, RC:0)
2020-08-16T06:30:51.244408224Z  1597559451: Received PUBACK from twin-38162cb0-e585-43d7-b55d-5c240b2bfb7c (Mid: 99, RC:0)
2020-08-16T06:30:51.244802470Z  1597559451: Received PUBACK from twin-38162cb0-e585-43d7-b55d-5c240b2bfb7c (Mid: 100, RC:0)
2020-08-16T06:31:05.150222363Z  1597559465: Received PINGREQ from twin-38162cb0-e585-43d7-b55d-5c240b2bfb7c
2020-08-16T06:31:05.150302367Z  1597559465: Sending PINGRESP to twin-38162cb0-e585-43d7-b55d-5c240b2bfb7c
2020-08-16T06:31:14.307114008Z  1597559474: Received PINGREQ from kQThOr5sF8
2020-08-16T06:31:14.307512744Z  1597559474: Sending PINGRESP to kQThOr5sF8
2020-08-16T06:31:35.151381448Z  1597559495: Received PINGREQ from twin-38162cb0-e585-43d7-b55d-5c240b2bfb7c
2020-08-16T06:31:35.151721859Z  1597559495: Sending PINGRESP to twin-38162cb0-e585-43d7-b55d-5c240b2bfb7c
2020-08-16T06:31:44.318357652Z  1597559504: Received PINGREQ from kQThOr5sF8
2020-08-16T06:31:44.318646192Z  1597559504: Sending PINGRESP to kQThOr5sF8
2020-08-16T06:32:05.152199526Z  1597559525: Received PINGREQ from twin-38162cb0-e585-43d7-b55d-5c240b2bfb7c
2020-08-16T06:32:05.152290258Z  1597559525: Sending PINGRESP to twin-38162cb0-e585-43d7-b55d-5c240b2bfb7c
