2020-08-16T06:30:35.149259041Z  [2020-08-16T06:30:35Z INFO  dt_instance] Current Twin: 38162cb0-e585-43d7-b55d-5c240b2bfb7c
2020-08-16T06:30:35.149673927Z  [2020-08-16T06:30:35Z INFO  dt_instance] Connecting to broker at mqtt-broker:1883
2020-08-16T06:30:35.155583107Z  [2020-08-16T06:30:35Z INFO  dt_instance] Refreshing topics for twin 38162cb0-e585-43d7-b55d-5c240b2bfb7c - Listen to 38162cb0-e585-43d7-b55d-5c240b2bfb7c/+/+
2020-08-16T06:30:35.257431800Z  [2020-08-16T06:30:35Z INFO  dt_instance] SubAck { pkid: 1, return_codes: [Success(AtLeastOnce)] }
2020-08-16T06:30:44.443592652Z  [2020-08-16T06:30:44Z INFO  dt_instance] d0a71d84-b80f-4558-beac-8887750652e3 "0 F0UWmSOAlS0Fug7HtKH8ul9LuQzSjevs8akMBtXwsLnsoQSslApb2qyWqHUZjL"
2020-08-16T06:30:44.461498177Z  [2020-08-16T06:30:44Z INFO  dt_instance] Inserted data for source d0a71d84-b80f-4558-beac-8887750652e3.
2020-08-16T06:30:44.514691978Z  [2020-08-16T06:30:44Z INFO  dt_instance] d0a71d84-b80f-4558-beac-8887750652e3 "1 BXEOTYPJDiNdQ2lvS0WmCzKs6ARShduQRcDobjWpa5XqIOhJiTehuwKS9cCzZG"
2020-08-16T06:30:44.528763536Z  [2020-08-16T06:30:44Z INFO  dt_instance] Inserted data for source d0a71d84-b80f-4558-beac-8887750652e3.
2020-08-16T06:30:44.580766094Z  [2020-08-16T06:30:44Z INFO  dt_instance] d0a71d84-b80f-4558-beac-8887750652e3 "2 RyZ4gj4XbfBnyi28HJp6s2Mmia96dmsmOzeBr0SIpA3R31l9LXPXBN6I9IfWa0"
2020-08-16T06:30:44.599794761Z  [2020-08-16T06:30:44Z INFO  dt_instance] Inserted data for source d0a71d84-b80f-4558-beac-8887750652e3.
2020-08-16T06:30:44.652350172Z  [2020-08-16T06:30:44Z INFO  dt_instance] d0a71d84-b80f-4558-beac-8887750652e3 "3 Fv2JPNYQbxcD6ajn3jN5yhWWOzlkIVZ3neb6grS6F0z3h7zJFxigyrEnPTleRJ"
2020-08-16T06:30:44.666770547Z  [2020-08-16T06:30:44Z INFO  dt_instance] Inserted data for source d0a71d84-b80f-4558-beac-8887750652e3.
2020-08-16T06:30:44.718218672Z  [2020-08-16T06:30:44Z INFO  dt_instance] d0a71d84-b80f-4558-beac-8887750652e3 "4 RsXy7KkwEmn0JWSAAAS11wTtrQFbovHEWgeIsunNi4YWG7MSfCND589QQvL9Jq"
2020-08-16T06:30:44.732105222Z  [2020-08-16T06:30:44Z INFO  dt_instance] Inserted data for source d0a71d84-b80f-4558-beac-8887750652e3.
2020-08-16T06:30:44.783731780Z  [2020-08-16T06:30:44Z INFO  dt_instance] d0a71d84-b80f-4558-beac-8887750652e3 "5 fUDiNUjch8TZ31cV3kfM9UkQZWLrTEMYnYNKWn6d9O4FuQZmgTkKVCPwpRQrLc"
2020-08-16T06:30:44.798842603Z  [2020-08-16T06:30:44Z INFO  dt_instance] Inserted data for source d0a71d84-b80f-4558-beac-8887750652e3.
2020-08-16T06:30:44.851160267Z  [2020-08-16T06:30:44Z INFO  dt_instance] d0a71d84-b80f-4558-beac-8887750652e3 "6 X4jo1FtiKvaTzPt6p8N06FtQSttpuqdmWbYpTbRR1yNRzBH6kG8PExgZvYZByU"
2020-08-16T06:30:44.868932952Z  [2020-08-16T06:30:44Z INFO  dt_instance] Inserted data for source d0a71d84-b80f-4558-beac-8887750652e3.
2020-08-16T06:30:44.920912877Z  [2020-08-16T06:30:44Z INFO  dt_instance] d0a71d84-b80f-4558-beac-8887750652e3 "7 A7s2ltaJ3kdmI8ybvFYUEgt5AMS9X9MZsYBOzIj9t2aIdMyC0biQHyQ7VsQyyn"
2020-08-16T06:30:44.938223302Z  [2020-08-16T06:30:44Z INFO  dt_instance] Inserted data for source d0a71d84-b80f-4558-beac-8887750652e3.
2020-08-16T06:30:44.991270871Z  [2020-08-16T06:30:44Z INFO  dt_instance] d0a71d84-b80f-4558-beac-8887750652e3 "8 0lHLaXvMjMskCvfoTQhnzRCyJSRT3XdN4ah5iLDdzWih9eX1OEbASKl4AHHPSX"
2020-08-16T06:30:45.012003990Z  [2020-08-16T06:30:45Z INFO  dt_instance] Inserted data for source d0a71d84-b80f-4558-beac-8887750652e3.
2020-08-16T06:30:45.063320680Z  [2020-08-16T06:30:45Z INFO  dt_instance] d0a71d84-b80f-4558-beac-8887750652e3 "9 U65d76rOzSjo5IElYscOtu6iAqgYDBIx0KQsQuoacLGJQ7g8xQkdinYOBonOF3"
2020-08-16T06:30:45.083438999Z  [2020-08-16T06:30:45Z INFO  dt_instance] Inserted data for source d0a71d84-b80f-4558-beac-8887750652e3.
2020-08-16T06:30:45.136793487Z  [2020-08-16T06:30:45Z INFO  dt_instance] d0a71d84-b80f-4558-beac-8887750652e3 "10 tC6Wk1erevlRl5LdrgDNGoyRDaTaR5Xs11X2kx4R7mXz0GSUGuMi9fYoXg2xi"
2020-08-16T06:30:45.151883645Z  [2020-08-16T06:30:45Z INFO  dt_instance] Inserted data for source d0a71d84-b80f-4558-beac-8887750652e3.
2020-08-16T06:30:45.206704650Z  [2020-08-16T06:30:45Z INFO  dt_instance] d0a71d84-b80f-4558-beac-8887750652e3 "11 Mx520USsSKl7ULzCc48QTEvYtNpnAPWNubhWLCcOlMXFY8Tkq3JDOhOcuscwX"
2020-08-16T06:30:45.224563860Z  [2020-08-16T06:30:45Z INFO  dt_instance] Inserted data for source d0a71d84-b80f-4558-beac-8887750652e3.
2020-08-16T06:30:45.276965097Z  [2020-08-16T06:30:45Z INFO  dt_instance] d0a71d84-b80f-4558-beac-8887750652e3 "12 ueezSiwjHMRKAKynonRuALV9gU3MhwVTXZcEKeOUNhhrXMSjqwID8Cn7O9U1X"
2020-08-16T06:30:45.296928206Z  [2020-08-16T06:30:45Z INFO  dt_instance] Inserted data for source d0a71d84-b80f-4558-beac-8887750652e3.
2020-08-16T06:30:45.348281096Z  [2020-08-16T06:30:45Z INFO  dt_instance] d0a71d84-b80f-4558-beac-8887750652e3 "13 uhbshoiCl3GQkM998OkVY9OofJ08TvWf0onuAfWRLTjxb9BJqWakymBsDx5kb"
2020-08-16T06:30:45.369259115Z  [2020-08-16T06:30:45Z INFO  dt_instance] Inserted data for source d0a71d84-b80f-4558-beac-8887750652e3.
2020-08-16T06:30:45.421808872Z  [2020-08-16T06:30:45Z INFO  dt_instance] d0a71d84-b80f-4558-beac-8887750652e3 "14 cgjpFMMrs53V9wJd5O5wJCJ1Rk5ltXq0IulH1Mj2CubN3cHYTnUzxjbu6MbEn"
2020-08-16T06:30:45.442755972Z  [2020-08-16T06:30:45Z INFO  dt_instance] Inserted data for source d0a71d84-b80f-4558-beac-8887750652e3.
2020-08-16T06:30:45.494555429Z  [2020-08-16T06:30:45Z INFO  dt_instance] d0a71d84-b80f-4558-beac-8887750652e3 "15 iTKMWWZo4WCrUASLLrnXwIXwOfzVYkzSB62isgigNDnQYvbxjOJr2h6xWFcdX"
2020-08-16T06:30:45.515579368Z  [2020-08-16T06:30:45Z INFO  dt_instance] Inserted data for source d0a71d84-b80f-4558-beac-8887750652e3.
2020-08-16T06:30:45.567814778Z  [2020-08-16T06:30:45Z INFO  dt_instance] d0a71d84-b80f-4558-beac-8887750652e3 "16 3fQfo8MskvVYEtK2thjLhtLq9ZSJfvnBFZxZ1TC86LteJruwiEleU0rQ6pK32"
2020-08-16T06:30:45.587744612Z  [2020-08-16T06:30:45Z INFO  dt_instance] Inserted data for source d0a71d84-b80f-4558-beac-8887750652e3.
2020-08-16T06:30:45.639996199Z  [2020-08-16T06:30:45Z INFO  dt_instance] d0a71d84-b80f-4558-beac-8887750652e3 "17 14ijRLosBmUvs7nHjbdPlu8lQNgcJ81h6MosXGdaNLlfWbrGLL5UC12ujeCjs"
2020-08-16T06:30:45.659343099Z  [2020-08-16T06:30:45Z INFO  dt_instance] Inserted data for source d0a71d84-b80f-4558-beac-8887750652e3.
2020-08-16T06:30:45.711661257Z  [2020-08-16T06:30:45Z INFO  dt_instance] d0a71d84-b80f-4558-beac-8887750652e3 "18 dk2cFAWN1dSkrnk5QimGxccuOYdC3LczftSMXAbY1guGqyVOBDxZlbkcbHC6z"
2020-08-16T06:30:45.731243027Z  [2020-08-16T06:30:45Z INFO  dt_instance] Inserted data for source d0a71d84-b80f-4558-beac-8887750652e3.
2020-08-16T06:30:45.789148969Z  [2020-08-16T06:30:45Z INFO  dt_instance] d0a71d84-b80f-4558-beac-8887750652e3 "19 Iktl9vy5bbPAFSx1WNnvUVcveFtwiJXe3WoQrsbzseo0rfN6uy1VydRVeYjxK"
2020-08-16T06:30:45.804777856Z  [2020-08-16T06:30:45Z INFO  dt_instance] Inserted data for source d0a71d84-b80f-4558-beac-8887750652e3.
2020-08-16T06:30:45.856473984Z  [2020-08-16T06:30:45Z INFO  dt_instance] d0a71d84-b80f-4558-beac-8887750652e3 "20 CUEUfVw1HdsMQHxZFmDYwl2Qyr7UaBKfEJ9qWntPDkiDe4xuH4ebD1oedAq46"
2020-08-16T06:30:45.875727482Z  [2020-08-16T06:30:45Z INFO  dt_instance] Inserted data for source d0a71d84-b80f-4558-beac-8887750652e3.
2020-08-16T06:30:45.926467212Z  [2020-08-16T06:30:45Z INFO  dt_instance] d0a71d84-b80f-4558-beac-8887750652e3 "21 63H2ZwtIqUsz60LFlF34W5UpeYFQ0fMSAKmjmTNZykQAWoE8KtkbihlCJ1NvK"
2020-08-16T06:30:45.943657339Z  [2020-08-16T06:30:45Z INFO  dt_instance] Inserted data for source d0a71d84-b80f-4558-beac-8887750652e3.
2020-08-16T06:30:45.996016841Z  [2020-08-16T06:30:45Z INFO  dt_instance] d0a71d84-b80f-4558-beac-8887750652e3 "22 c23pUt38lZREEcjAyz88hzGBF0cnjBa20nvytG3ywKtLtZY3NPPUtRlBoG7Jn"
2020-08-16T06:30:46.014100285Z  [2020-08-16T06:30:46Z INFO  dt_instance] Inserted data for source d0a71d84-b80f-4558-beac-8887750652e3.
2020-08-16T06:30:46.065782862Z  [2020-08-16T06:30:46Z INFO  dt_instance] d0a71d84-b80f-4558-beac-8887750652e3 "23 6fYFKXGcs521eMk3mMXNInONoTtzK9UayrSERWeGGcWsjURvpsXz4jOJgC6eG"
2020-08-16T06:30:46.084887287Z  [2020-08-16T06:30:46Z INFO  dt_instance] Inserted data for source d0a71d84-b80f-4558-beac-8887750652e3.
2020-08-16T06:30:46.136527819Z  [2020-08-16T06:30:46Z INFO  dt_instance] d0a71d84-b80f-4558-beac-8887750652e3 "24 Shctm1dHuJx9Z353Piv6om6FHdTYKmACsDvFh5IFVWMLmECUqtOTunRRER38G"
2020-08-16T06:30:46.156513279Z  [2020-08-16T06:30:46Z INFO  dt_instance] Inserted data for source d0a71d84-b80f-4558-beac-8887750652e3.
2020-08-16T06:30:46.208027161Z  [2020-08-16T06:30:46Z INFO  dt_instance] d0a71d84-b80f-4558-beac-8887750652e3 "25 IXZnxYVSQkHfgqldmG92hEXCbfHzf787gSiehtITFpmoKZHAgO8gAUJhvFbBD"
2020-08-16T06:30:46.229310983Z  [2020-08-16T06:30:46Z INFO  dt_instance] Inserted data for source d0a71d84-b80f-4558-beac-8887750652e3.
2020-08-16T06:30:46.280837007Z  [2020-08-16T06:30:46Z INFO  dt_instance] d0a71d84-b80f-4558-beac-8887750652e3 "26 gyYUGsUI9hETeUI0aZuCplfRRnyBJwf1eSugzcRfMARiVfusWLNQNvFoRYd7A"
2020-08-16T06:30:46.299833835Z  [2020-08-16T06:30:46Z INFO  dt_instance] Inserted data for source d0a71d84-b80f-4558-beac-8887750652e3.
2020-08-16T06:30:46.351525339Z  [2020-08-16T06:30:46Z INFO  dt_instance] d0a71d84-b80f-4558-beac-8887750652e3 "27 lAovOdzmnY1og1693a2Da6olse5vt979UKgNfstBOD3Syr8AXoB3YgP0LlVgV"
2020-08-16T06:30:46.372081602Z  [2020-08-16T06:30:46Z INFO  dt_instance] Inserted data for source d0a71d84-b80f-4558-beac-8887750652e3.
2020-08-16T06:30:46.423402368Z  [2020-08-16T06:30:46Z INFO  dt_instance] d0a71d84-b80f-4558-beac-8887750652e3 "28 mZiQUblUzFF1PZG9GYnnCCamzEbJu23XMq6nodEMwksHojoYOZmWsibR1j9v9"
2020-08-16T06:30:46.443455875Z  [2020-08-16T06:30:46Z INFO  dt_instance] Inserted data for source d0a71d84-b80f-4558-beac-8887750652e3.
2020-08-16T06:30:46.501037644Z  [2020-08-16T06:30:46Z INFO  dt_instance] d0a71d84-b80f-4558-beac-8887750652e3 "29 TSAmZg6bUy3b3A4vHSAuOWVuT8cAUHMjf1BfQDmCVsNFS5D3bj9jHkMufQPv0"
2020-08-16T06:30:46.517040117Z  [2020-08-16T06:30:46Z INFO  dt_instance] Inserted data for source d0a71d84-b80f-4558-beac-8887750652e3.
2020-08-16T06:30:46.568405504Z  [2020-08-16T06:30:46Z INFO  dt_instance] d0a71d84-b80f-4558-beac-8887750652e3 "30 3Nu2gzRQYpzhFNHn0di2aFSmWVmdIAHumFSARVDX2a1lOadsK4Vmk3OhXviFV"
2020-08-16T06:30:46.587244288Z  [2020-08-16T06:30:46Z INFO  dt_instance] Inserted data for source d0a71d84-b80f-4558-beac-8887750652e3.
2020-08-16T06:30:46.639548771Z  [2020-08-16T06:30:46Z INFO  dt_instance] d0a71d84-b80f-4558-beac-8887750652e3 "31 huGdzEAZcxfwu5WIhWyrrcl8bcH6x3XdYpEVYB2sCJyReuDt3TdukqWp7H7y0"
2020-08-16T06:30:46.657971687Z  [2020-08-16T06:30:46Z INFO  dt_instance] Inserted data for source d0a71d84-b80f-4558-beac-8887750652e3.
2020-08-16T06:30:46.709423412Z  [2020-08-16T06:30:46Z INFO  dt_instance] d0a71d84-b80f-4558-beac-8887750652e3 "32 Lm9IghKgY94NhIj8Qvxvs4TYnGehrcsWI5lcwqOdHzESs03e8WOuXHORAYuky"
2020-08-16T06:30:46.728635404Z  [2020-08-16T06:30:46Z INFO  dt_instance] Inserted data for source d0a71d84-b80f-4558-beac-8887750652e3.
2020-08-16T06:30:46.780920605Z  [2020-08-16T06:30:46Z INFO  dt_instance] d0a71d84-b80f-4558-beac-8887750652e3 "33 fDnf3J9cOgCHfN6ITehAABW7WecFFr2PRVbFr2ZRE5jf5SwLVAGUZLwKE8MpJ"
2020-08-16T06:30:46.799835453Z  [2020-08-16T06:30:46Z INFO  dt_instance] Inserted data for source d0a71d84-b80f-4558-beac-8887750652e3.
2020-08-16T06:30:46.851970310Z  [2020-08-16T06:30:46Z INFO  dt_instance] d0a71d84-b80f-4558-beac-8887750652e3 "34 I30oT3v2j9MIeMAknDETolEtoKRcvQh9AUdBmXMhBjZJtXYFYGyXF3ovPswAw"
2020-08-16T06:30:46.870862014Z  [2020-08-16T06:30:46Z INFO  dt_instance] Inserted data for source d0a71d84-b80f-4558-beac-8887750652e3.
2020-08-16T06:30:46.922951158Z  [2020-08-16T06:30:46Z INFO  dt_instance] d0a71d84-b80f-4558-beac-8887750652e3 "35 CuyMas0FaHiD3WoKJ2tZ3WF3ukw1Be3cHRXAgmjdxegZWaZzaPoMxUTk48pBi"
2020-08-16T06:30:46.941342089Z  [2020-08-16T06:30:46Z INFO  dt_instance] Inserted data for source d0a71d84-b80f-4558-beac-8887750652e3.
2020-08-16T06:30:46.993814144Z  [2020-08-16T06:30:46Z INFO  dt_instance] d0a71d84-b80f-4558-beac-8887750652e3 "36 61NujHdXOcgp99PqYEQ18KXt8ssXzbNAuCXG55vijM2g0EJiAOJ9QX1h9dyPD"
2020-08-16T06:30:47.012642374Z  [2020-08-16T06:30:47Z INFO  dt_instance] Inserted data for source d0a71d84-b80f-4558-beac-8887750652e3.
2020-08-16T06:30:47.064755591Z  [2020-08-16T06:30:47Z INFO  dt_instance] d0a71d84-b80f-4558-beac-8887750652e3 "37 agrCKdy64PcxaGcOu04mfAb3zztmh3Gd6amKAklQHykDVH5GNkBUwV3Vbtmre"
2020-08-16T06:30:47.082834898Z  [2020-08-16T06:30:47Z INFO  dt_instance] Inserted data for source d0a71d84-b80f-4558-beac-8887750652e3.
2020-08-16T06:30:47.135088266Z  [2020-08-16T06:30:47Z INFO  dt_instance] d0a71d84-b80f-4558-beac-8887750652e3 "38 YIRPvDDdPgAM5aWrrhv2xzsqjZb5bTbU2kmuAuItNRMbZxs3UEi7K7w7mhJgN"
2020-08-16T06:30:47.153266151Z  [2020-08-16T06:30:47Z INFO  dt_instance] Inserted data for source d0a71d84-b80f-4558-beac-8887750652e3.
2020-08-16T06:30:47.212077181Z  [2020-08-16T06:30:47Z INFO  dt_instance] d0a71d84-b80f-4558-beac-8887750652e3 "39 nDuxGHIMQL4mMoI6FBhtgnfWvwRmUz1sId4MdVCypeDjhrcyXRBGrlbH9jMXA"
2020-08-16T06:30:47.224943111Z  [2020-08-16T06:30:47Z INFO  dt_instance] Inserted data for source d0a71d84-b80f-4558-beac-8887750652e3.
2020-08-16T06:30:47.277079769Z  [2020-08-16T06:30:47Z INFO  dt_instance] d0a71d84-b80f-4558-beac-8887750652e3 "40 ncU0RJE952nS4RvzAungMRTHpfrSR7WWS282PSgq7ZftYgv7TH0B7iiTefuHK"
2020-08-16T06:30:47.294615551Z  [2020-08-16T06:30:47Z INFO  dt_instance] Inserted data for source d0a71d84-b80f-4558-beac-8887750652e3.
2020-08-16T06:30:47.345284470Z  [2020-08-16T06:30:47Z INFO  dt_instance] d0a71d84-b80f-4558-beac-8887750652e3 "41 eO1nsFlBKs5JH8LbYmtuGbwzTsj88UJkkqzRTWrrLONK2aUlSmvHyt5tBl3n4"
2020-08-16T06:30:47.364855915Z  [2020-08-16T06:30:47Z INFO  dt_instance] Inserted data for source d0a71d84-b80f-4558-beac-8887750652e3.
2020-08-16T06:30:47.416476097Z  [2020-08-16T06:30:47Z INFO  dt_instance] d0a71d84-b80f-4558-beac-8887750652e3 "42 N7XRS0deYEyiCpDwCOK3nAXMsx8cN9ewXggccgRYcu7JJJ5ZWqv6uKwLb4MH2"
2020-08-16T06:30:47.436214305Z  [2020-08-16T06:30:47Z INFO  dt_instance] Inserted data for source d0a71d84-b80f-4558-beac-8887750652e3.
2020-08-16T06:30:47.488351458Z  [2020-08-16T06:30:47Z INFO  dt_instance] d0a71d84-b80f-4558-beac-8887750652e3 "43 UwUxQgNkLafoAvI2vi7xildNdIXXQhu7ynCi07tYb3N1gRvEkexhWs5Fjo5Ya"
2020-08-16T06:30:47.505635761Z  [2020-08-16T06:30:47Z INFO  dt_instance] Inserted data for source d0a71d84-b80f-4558-beac-8887750652e3.
2020-08-16T06:30:47.558455917Z  [2020-08-16T06:30:47Z INFO  dt_instance] d0a71d84-b80f-4558-beac-8887750652e3 "44 hwK6nFbzhKixHBeV13MoziP06LAvo62TRdtHkKIP03IjKKnh2IobKUQLIAvbF"
2020-08-16T06:30:47.579018142Z  [2020-08-16T06:30:47Z INFO  dt_instance] Inserted data for source d0a71d84-b80f-4558-beac-8887750652e3.
2020-08-16T06:30:47.630402975Z  [2020-08-16T06:30:47Z INFO  dt_instance] d0a71d84-b80f-4558-beac-8887750652e3 "45 4t4Gb6rUZar3VbTTK8EwBZRmAOQ5twqPT8BFCZ60z43DMS9zGns33M4P3IaXE"
2020-08-16T06:30:47.648491913Z  [2020-08-16T06:30:47Z INFO  dt_instance] Inserted data for source d0a71d84-b80f-4558-beac-8887750652e3.
2020-08-16T06:30:47.700923886Z  [2020-08-16T06:30:47Z INFO  dt_instance] d0a71d84-b80f-4558-beac-8887750652e3 "46 GiuxjRqkC6DGNunaoxj6FKT6GPNucVDC9QPS1sQB4j6TNWsWXZkT2Wwt7Oow1"
2020-08-16T06:30:47.717721789Z  [2020-08-16T06:30:47Z INFO  dt_instance] Inserted data for source d0a71d84-b80f-4558-beac-8887750652e3.
2020-08-16T06:30:47.769347746Z  [2020-08-16T06:30:47Z INFO  dt_instance] d0a71d84-b80f-4558-beac-8887750652e3 "47 T9b6wVbfcjXxrOuH4o9P98Auh0nCZAZLFeIr9oBvhudIiQQgmANBhmYge9GEE"
2020-08-16T06:30:47.788555520Z  [2020-08-16T06:30:47Z INFO  dt_instance] Inserted data for source d0a71d84-b80f-4558-beac-8887750652e3.
2020-08-16T06:30:47.840869046Z  [2020-08-16T06:30:47Z INFO  dt_instance] d0a71d84-b80f-4558-beac-8887750652e3 "48 NzrAFsdedEwrJGu6c6ErmLrIfsehi2l6poCqZhbf5c5u0uZ8C5tVsek4DBaag"
2020-08-16T06:30:47.858208557Z  [2020-08-16T06:30:47Z INFO  dt_instance] Inserted data for source d0a71d84-b80f-4558-beac-8887750652e3.
2020-08-16T06:30:47.911919807Z  [2020-08-16T06:30:47Z INFO  dt_instance] d0a71d84-b80f-4558-beac-8887750652e3 "49 1xYNFqrsEcec7C0y2uwYnKtS0RfFeY99gD3Wy2n1PM6t3pmlTdrCOZV2pSOP2"
2020-08-16T06:30:47.931952722Z  [2020-08-16T06:30:47Z INFO  dt_instance] Inserted data for source d0a71d84-b80f-4558-beac-8887750652e3.
2020-08-16T06:30:47.984011391Z  [2020-08-16T06:30:47Z INFO  dt_instance] d0a71d84-b80f-4558-beac-8887750652e3 "50 96o7KDf4g87IysDu6cZNQ0cODV1GVWcHdIsIyBMsJVaW3Ue0RhNDqyo78RecH"
2020-08-16T06:30:48.003229543Z  [2020-08-16T06:30:48Z INFO  dt_instance] Inserted data for source d0a71d84-b80f-4558-beac-8887750652e3.
2020-08-16T06:30:48.055211006Z  [2020-08-16T06:30:48Z INFO  dt_instance] d0a71d84-b80f-4558-beac-8887750652e3 "51 wvQjo4HW20eCtHSL7QiQnGHaS3AW1fdiKI5Ut5SAVJ2sGnJc3abBWrP3zasrH"
2020-08-16T06:30:48.073021982Z  [2020-08-16T06:30:48Z INFO  dt_instance] Inserted data for source d0a71d84-b80f-4558-beac-8887750652e3.
2020-08-16T06:30:48.124918020Z  [2020-08-16T06:30:48Z INFO  dt_instance] d0a71d84-b80f-4558-beac-8887750652e3 "52 bMIMLf7PF3OaNxrybUjspilObJRfSWxk4fkGI6qTKoFLDGN9GMJAK9EO0YUay"
2020-08-16T06:30:48.136796613Z  [2020-08-16T06:30:48Z INFO  dt_instance] Inserted data for source d0a71d84-b80f-4558-beac-8887750652e3.
2020-08-16T06:30:48.188711521Z  [2020-08-16T06:30:48Z INFO  dt_instance] d0a71d84-b80f-4558-beac-8887750652e3 "53 Tq4DGlQJBRyzndfPplu4OpcbnZMW8CO7Q3MHJxwa4yp4t7Bfv3Jd4z9ECsuCb"
2020-08-16T06:30:48.205266993Z  [2020-08-16T06:30:48Z INFO  dt_instance] Inserted data for source d0a71d84-b80f-4558-beac-8887750652e3.
2020-08-16T06:30:48.257132834Z  [2020-08-16T06:30:48Z INFO  dt_instance] d0a71d84-b80f-4558-beac-8887750652e3 "54 Elkhqo6U675UJr911ZDjlFKjOAmrb9UpvBXXBMFgntWVSdW79VRBGuDWzbbiI"
2020-08-16T06:30:48.274999919Z  [2020-08-16T06:30:48Z INFO  dt_instance] Inserted data for source d0a71d84-b80f-4558-beac-8887750652e3.
2020-08-16T06:30:48.327286230Z  [2020-08-16T06:30:48Z INFO  dt_instance] d0a71d84-b80f-4558-beac-8887750652e3 "55 2HJOEY1tPVvhymPEwQxTmErMSqWO0hf6NN4mOCbvLsPjLRuYR295hidNSke4d"
2020-08-16T06:30:48.343832179Z  [2020-08-16T06:30:48Z INFO  dt_instance] Inserted data for source d0a71d84-b80f-4558-beac-8887750652e3.
2020-08-16T06:30:48.395881230Z  [2020-08-16T06:30:48Z INFO  dt_instance] d0a71d84-b80f-4558-beac-8887750652e3 "56 iaWy40QVIy1L5bOVEZ036X7zBGPlNFhlktsQJoN3zPNeS3qLnh2Kv5Prt4bcI"
2020-08-16T06:30:48.415472012Z  [2020-08-16T06:30:48Z INFO  dt_instance] Inserted data for source d0a71d84-b80f-4558-beac-8887750652e3.
2020-08-16T06:30:48.467536161Z  [2020-08-16T06:30:48Z INFO  dt_instance] d0a71d84-b80f-4558-beac-8887750652e3 "57 Hg3cCwtnDwrdAf0TcXcgMupIZQPDgmAzVw0D43bwhqcnwAtYU8CCFCtDIpjjV"
2020-08-16T06:30:48.486163139Z  [2020-08-16T06:30:48Z INFO  dt_instance] Inserted data for source d0a71d84-b80f-4558-beac-8887750652e3.
2020-08-16T06:30:48.538393278Z  [2020-08-16T06:30:48Z INFO  dt_instance] d0a71d84-b80f-4558-beac-8887750652e3 "58 QNQmABn7ClBjffki0x33KA0xQA6ZP2ROByfD6dp96NyDh5RX0aRLFCoHLsa4b"
2020-08-16T06:30:48.553368502Z  [2020-08-16T06:30:48Z INFO  dt_instance] Inserted data for source d0a71d84-b80f-4558-beac-8887750652e3.
2020-08-16T06:30:48.605426707Z  [2020-08-16T06:30:48Z INFO  dt_instance] d0a71d84-b80f-4558-beac-8887750652e3 "59 0aJNC1ZJckrySuBMvppDQ30LL5E5gYHoTDsjieXV8uge5f5i3HOTfGGXiQskL"
2020-08-16T06:30:48.624648184Z  [2020-08-16T06:30:48Z INFO  dt_instance] Inserted data for source d0a71d84-b80f-4558-beac-8887750652e3.
2020-08-16T06:30:48.676739359Z  [2020-08-16T06:30:48Z INFO  dt_instance] d0a71d84-b80f-4558-beac-8887750652e3 "60 Yg01q86HLo5WhqHKMDJear28QqkXNQ0DIq1KOdmHlHvvI8COaL7LK8SeGZRaS"
2020-08-16T06:30:48.694373571Z  [2020-08-16T06:30:48Z INFO  dt_instance] Inserted data for source d0a71d84-b80f-4558-beac-8887750652e3.
2020-08-16T06:30:48.746514646Z  [2020-08-16T06:30:48Z INFO  dt_instance] d0a71d84-b80f-4558-beac-8887750652e3 "61 dhdBeo8Pk8CnFw87fyfGW7RwrhoUThK6OtCRcW82GSHL8Xg8NqWKNmkKU9TvZ"
2020-08-16T06:30:48.767184239Z  [2020-08-16T06:30:48Z INFO  dt_instance] Inserted data for source d0a71d84-b80f-4558-beac-8887750652e3.
2020-08-16T06:30:48.818830423Z  [2020-08-16T06:30:48Z INFO  dt_instance] d0a71d84-b80f-4558-beac-8887750652e3 "62 5SrEWjhYvHf8lo28CoE0Pml5lCMLKvmoYHE8kfozlyLcMkYklGz1yIixAw4sT"
2020-08-16T06:30:48.837071824Z  [2020-08-16T06:30:48Z INFO  dt_instance] Inserted data for source d0a71d84-b80f-4558-beac-8887750652e3.
2020-08-16T06:30:48.888738422Z  [2020-08-16T06:30:48Z INFO  dt_instance] d0a71d84-b80f-4558-beac-8887750652e3 "63 L5AKDqWXrb4UvNWVHgDzbMxDAsydEVIx1dGzXcq5ZAicEKRfrfMS0pt3PbGWb"
2020-08-16T06:30:48.906295285Z  [2020-08-16T06:30:48Z INFO  dt_instance] Inserted data for source d0a71d84-b80f-4558-beac-8887750652e3.
2020-08-16T06:30:48.957905264Z  [2020-08-16T06:30:48Z INFO  dt_instance] d0a71d84-b80f-4558-beac-8887750652e3 "64 oTBs70Tt1VW6RrROAH9mWsb57lhPsfaZBoL0zUjLpMvHeHZI2FXNpaHu3lfWM"
2020-08-16T06:30:48.978920894Z  [2020-08-16T06:30:48Z INFO  dt_instance] Inserted data for source d0a71d84-b80f-4558-beac-8887750652e3.
2020-08-16T06:30:49.030444331Z  [2020-08-16T06:30:49Z INFO  dt_instance] d0a71d84-b80f-4558-beac-8887750652e3 "65 cEfIeGGSq0MyzdNpOm0IXtg4j4UfoDkZebQGfz2o4R3QHgX0DpvPOn6FrPFwj"
2020-08-16T06:30:49.048762794Z  [2020-08-16T06:30:49Z INFO  dt_instance] Inserted data for source d0a71d84-b80f-4558-beac-8887750652e3.
2020-08-16T06:30:49.104916112Z  [2020-08-16T06:30:49Z INFO  dt_instance] d0a71d84-b80f-4558-beac-8887750652e3 "66 gGp5IaxBzpoHnfhPXUJhxg65ZJxG7DfRcCWzq2VHiLUtn4emVt26u8kPQQPV4"
2020-08-16T06:30:49.120621239Z  [2020-08-16T06:30:49Z INFO  dt_instance] Inserted data for source d0a71d84-b80f-4558-beac-8887750652e3.
2020-08-16T06:30:49.171295533Z  [2020-08-16T06:30:49Z INFO  dt_instance] d0a71d84-b80f-4558-beac-8887750652e3 "67 k1r6x2FKIXiHFTd8DsY8zm2FDJEzFXYJxikXxElfoYUpLC90SjZFHWSFkF0pA"
2020-08-16T06:30:49.189844915Z  [2020-08-16T06:30:49Z INFO  dt_instance] Inserted data for source d0a71d84-b80f-4558-beac-8887750652e3.
2020-08-16T06:30:49.242277474Z  [2020-08-16T06:30:49Z INFO  dt_instance] d0a71d84-b80f-4558-beac-8887750652e3 "68 adR0YHDmg4cXDpxchAVvVkXySPepjg690ry1eYiJRGupyyKDyYb47DzUI2f57"
2020-08-16T06:30:49.259773342Z  [2020-08-16T06:30:49Z INFO  dt_instance] Inserted data for source d0a71d84-b80f-4558-beac-8887750652e3.
2020-08-16T06:30:49.310482314Z  [2020-08-16T06:30:49Z INFO  dt_instance] d0a71d84-b80f-4558-beac-8887750652e3 "69 31TuTWiDCGtJ3v0Sia9GsFVLtcmQsPOiIqY1xa1GJ2yMOiSCUGWsDbMc6jlfu"
2020-08-16T06:30:49.331755323Z  [2020-08-16T06:30:49Z INFO  dt_instance] Inserted data for source d0a71d84-b80f-4558-beac-8887750652e3.
2020-08-16T06:30:49.382478590Z  [2020-08-16T06:30:49Z INFO  dt_instance] d0a71d84-b80f-4558-beac-8887750652e3 "70 r1W7MbgULzZEZXb0aTaWoci42SFvdVVso8PZ5ylKoYul8WetYkjKmpXRfGapv"
2020-08-16T06:30:49.403833796Z  [2020-08-16T06:30:49Z INFO  dt_instance] Inserted data for source d0a71d84-b80f-4558-beac-8887750652e3.
2020-08-16T06:30:49.455492547Z  [2020-08-16T06:30:49Z INFO  dt_instance] d0a71d84-b80f-4558-beac-8887750652e3 "71 dwcJwPN9SzjqlPSIG8Q8XAP9Z9AmxeeuKzG88x0r5ge2Iv3UrM8dICo056BuD"
2020-08-16T06:30:49.476708810Z  [2020-08-16T06:30:49Z INFO  dt_instance] Inserted data for source d0a71d84-b80f-4558-beac-8887750652e3.
2020-08-16T06:30:49.529015548Z  [2020-08-16T06:30:49Z INFO  dt_instance] d0a71d84-b80f-4558-beac-8887750652e3 "72 twJGcmKaakGIdrHnMEICucbrzOREdmTeeUQoCqi4hEISdlj69Iuvs6oRQlEuk"
2020-08-16T06:30:49.548375385Z  [2020-08-16T06:30:49Z INFO  dt_instance] Inserted data for source d0a71d84-b80f-4558-beac-8887750652e3.
2020-08-16T06:30:49.600527894Z  [2020-08-16T06:30:49Z INFO  dt_instance] d0a71d84-b80f-4558-beac-8887750652e3 "73 iWoA5Wd50unW190FXDiloy0UgcuBRucfqPSwB7oct4AGaHYwH2lWB4qibWwrk"
2020-08-16T06:30:49.620802007Z  [2020-08-16T06:30:49Z INFO  dt_instance] Inserted data for source d0a71d84-b80f-4558-beac-8887750652e3.
2020-08-16T06:30:49.672987425Z  [2020-08-16T06:30:49Z INFO  dt_instance] d0a71d84-b80f-4558-beac-8887750652e3 "74 S0QuovDQlUf3jyF9NX9S9sDq7XKs36lGuTE3ERzGtXEAVHGAmIgTBjhNaxxnP"
2020-08-16T06:30:49.693030905Z  [2020-08-16T06:30:49Z INFO  dt_instance] Inserted data for source d0a71d84-b80f-4558-beac-8887750652e3.
2020-08-16T06:30:49.745186748Z  [2020-08-16T06:30:49Z INFO  dt_instance] d0a71d84-b80f-4558-beac-8887750652e3 "75 VlbBx936VK5YLFdCk6PMlwhJRKA1Q5lGUUNnAK1ooV6MmW2hTQqJ40SDoQa9U"
2020-08-16T06:30:49.764060300Z  [2020-08-16T06:30:49Z INFO  dt_instance] Inserted data for source d0a71d84-b80f-4558-beac-8887750652e3.
2020-08-16T06:30:49.820866637Z  [2020-08-16T06:30:49Z INFO  dt_instance] d0a71d84-b80f-4558-beac-8887750652e3 "76 UWfqBPP2WOOuVGpP81K5gxc3viphvqfh9otFZClc2hCzYnUM5cRV6reoR8LRI"
2020-08-16T06:30:49.836018986Z  [2020-08-16T06:30:49Z INFO  dt_instance] Inserted data for source d0a71d84-b80f-4558-beac-8887750652e3.
2020-08-16T06:30:49.887341033Z  [2020-08-16T06:30:49Z INFO  dt_instance] d0a71d84-b80f-4558-beac-8887750652e3 "77 1oMdZMQORoFFxE2XraUachFUxEhsgCDZAWPruP69dkuSJZNt8vshozK1I7h1p"
2020-08-16T06:30:49.905723730Z  [2020-08-16T06:30:49Z INFO  dt_instance] Inserted data for source d0a71d84-b80f-4558-beac-8887750652e3.
2020-08-16T06:30:49.957370719Z  [2020-08-16T06:30:49Z INFO  dt_instance] d0a71d84-b80f-4558-beac-8887750652e3 "78 qEb63CNdS0MgPidTd50oy1rxieEtbzGwkyLstqnnPTpgCgJwYxlaMcntGpHbB"
2020-08-16T06:30:49.973382583Z  [2020-08-16T06:30:49Z INFO  dt_instance] Inserted data for source d0a71d84-b80f-4558-beac-8887750652e3.
2020-08-16T06:30:50.025667858Z  [2020-08-16T06:30:50Z INFO  dt_instance] d0a71d84-b80f-4558-beac-8887750652e3 "79 kSuJGnqVRi2cSB6szrK7eehgFh4BovnHcJDnWxGYf3klky4B1S8k0QoKJIzqr"
2020-08-16T06:30:50.045150297Z  [2020-08-16T06:30:50Z INFO  dt_instance] Inserted data for source d0a71d84-b80f-4558-beac-8887750652e3.
2020-08-16T06:30:50.096801692Z  [2020-08-16T06:30:50Z INFO  dt_instance] d0a71d84-b80f-4558-beac-8887750652e3 "80 oYndjTisZ9786CeGFjatnZHaOagZXppfsfljX7TXnAxi6hwwKu771chrdH3E9"
2020-08-16T06:30:50.118057473Z  [2020-08-16T06:30:50Z INFO  dt_instance] Inserted data for source d0a71d84-b80f-4558-beac-8887750652e3.
2020-08-16T06:30:50.169750098Z  [2020-08-16T06:30:50Z INFO  dt_instance] d0a71d84-b80f-4558-beac-8887750652e3 "81 DlBnvByyWbUGy7vBMlP06matwwepp7BZbTJpQXNhiRPSFQ5fhqeSvQt3vOjYx"
2020-08-16T06:30:50.191139342Z  [2020-08-16T06:30:50Z INFO  dt_instance] Inserted data for source d0a71d84-b80f-4558-beac-8887750652e3.
2020-08-16T06:30:50.242718247Z  [2020-08-16T06:30:50Z INFO  dt_instance] d0a71d84-b80f-4558-beac-8887750652e3 "82 tzJeScDrGsgyIrZqKAoBYyMtWRvNDkg3b1E8HQarL8iWGxXg3DIRPiRIMmcjD"
2020-08-16T06:30:50.264173218Z  [2020-08-16T06:30:50Z INFO  dt_instance] Inserted data for source d0a71d84-b80f-4558-beac-8887750652e3.
2020-08-16T06:30:50.315704498Z  [2020-08-16T06:30:50Z INFO  dt_instance] d0a71d84-b80f-4558-beac-8887750652e3 "83 7VgXbPGoGgpKvF83ThWogm2L5womxtyXGvTImLbTouyLoNbw3ZxNbavQs9ZX3"
2020-08-16T06:30:50.334388743Z  [2020-08-16T06:30:50Z INFO  dt_instance] Inserted data for source d0a71d84-b80f-4558-beac-8887750652e3.
2020-08-16T06:30:50.386189911Z  [2020-08-16T06:30:50Z INFO  dt_instance] d0a71d84-b80f-4558-beac-8887750652e3 "84 LNGPSMVoYGExxxIontklKryuoL4x4k2nUDySWNlZmw1752Ta3Zk39sibkqR0j"
2020-08-16T06:30:50.406718986Z  [2020-08-16T06:30:50Z INFO  dt_instance] Inserted data for source d0a71d84-b80f-4558-beac-8887750652e3.
2020-08-16T06:30:50.459043199Z  [2020-08-16T06:30:50Z INFO  dt_instance] d0a71d84-b80f-4558-beac-8887750652e3 "85 idinhgPb2K0YMwwoq2iqDHHDBNrh2O9ecIvEfLarTN8mrQId5QAL402QMCsTK"
2020-08-16T06:30:50.479777084Z  [2020-08-16T06:30:50Z INFO  dt_instance] Inserted data for source d0a71d84-b80f-4558-beac-8887750652e3.
2020-08-16T06:30:50.536370336Z  [2020-08-16T06:30:50Z INFO  dt_instance] d0a71d84-b80f-4558-beac-8887750652e3 "86 onnayuBgnzk1ySP6vdFJexmmm4bfpMmZaHf0VIh0MWQ1gZiuqEj44LVwGmPD7"
2020-08-16T06:30:50.551860846Z  [2020-08-16T06:30:50Z INFO  dt_instance] Inserted data for source d0a71d84-b80f-4558-beac-8887750652e3.
2020-08-16T06:30:50.603539911Z  [2020-08-16T06:30:50Z INFO  dt_instance] d0a71d84-b80f-4558-beac-8887750652e3 "87 Y4Q9mwOjMtj9gaVpHaguN9e0OXFzMDqVRNzW0eqfv7AmEwpWRGI8mmnZsDxnE"
2020-08-16T06:30:50.620807158Z  [2020-08-16T06:30:50Z INFO  dt_instance] Inserted data for source d0a71d84-b80f-4558-beac-8887750652e3.
2020-08-16T06:30:50.672974326Z  [2020-08-16T06:30:50Z INFO  dt_instance] d0a71d84-b80f-4558-beac-8887750652e3 "88 mklHzMBr037sGiKQ4bBL4wIcEtfN0sJ8cmwL0xdmTouucXN7KNUWdSyRlh0tG"
2020-08-16T06:30:50.688788849Z  [2020-08-16T06:30:50Z INFO  dt_instance] Inserted data for source d0a71d84-b80f-4558-beac-8887750652e3.
2020-08-16T06:30:50.741059892Z  [2020-08-16T06:30:50Z INFO  dt_instance] d0a71d84-b80f-4558-beac-8887750652e3 "89 eS59XV703coe7RlYYacU4vzhuPVEzpv5yQwNKRysuU01wukWIvj82WQm31aZc"
2020-08-16T06:30:50.760321998Z  [2020-08-16T06:30:50Z INFO  dt_instance] Inserted data for source d0a71d84-b80f-4558-beac-8887750652e3.
2020-08-16T06:30:50.812577206Z  [2020-08-16T06:30:50Z INFO  dt_instance] d0a71d84-b80f-4558-beac-8887750652e3 "90 vNAa4TGEObyJczoynPiByWD30iSHbEJBHBfF20C1tHxMHn6mAAIAEzcGediGN"
2020-08-16T06:30:50.832056883Z  [2020-08-16T06:30:50Z INFO  dt_instance] Inserted data for source d0a71d84-b80f-4558-beac-8887750652e3.
2020-08-16T06:30:50.884220317Z  [2020-08-16T06:30:50Z INFO  dt_instance] d0a71d84-b80f-4558-beac-8887750652e3 "91 p5U0TDSjcKltuBPLTjH4bVaWsT3I25U0Jl0lA0ko0lhJKosfy55KITK91Cknm"
2020-08-16T06:30:50.904331653Z  [2020-08-16T06:30:50Z INFO  dt_instance] Inserted data for source d0a71d84-b80f-4558-beac-8887750652e3.
2020-08-16T06:30:50.955839166Z  [2020-08-16T06:30:50Z INFO  dt_instance] d0a71d84-b80f-4558-beac-8887750652e3 "92 CgpoSt5XZrLCBkhAKxohoRdZ13T2HDRFhRnJf3oxeas9vAGunAkhCXNloFzEF"
2020-08-16T06:30:50.975398253Z  [2020-08-16T06:30:50Z INFO  dt_instance] Inserted data for source d0a71d84-b80f-4558-beac-8887750652e3.
2020-08-16T06:30:51.026976300Z  [2020-08-16T06:30:51Z INFO  dt_instance] d0a71d84-b80f-4558-beac-8887750652e3 "93 hfKmjrvvsw0k6vl3DrMIzEEdJsfwWLfg9IaTydgKx3cCLeP5QGLOGtETwE1A0"
2020-08-16T06:30:51.047747540Z  [2020-08-16T06:30:51Z INFO  dt_instance] Inserted data for source d0a71d84-b80f-4558-beac-8887750652e3.
2020-08-16T06:30:51.098600463Z  [2020-08-16T06:30:51Z INFO  dt_instance] d0a71d84-b80f-4558-beac-8887750652e3 "94 XnvIY2oQcDSoZfFMACUmDuablE90S9Qmoil9fFE4eqZb524usQCPGUIU0YTNG"
2020-08-16T06:30:51.119489838Z  [2020-08-16T06:30:51Z INFO  dt_instance] Inserted data for source d0a71d84-b80f-4558-beac-8887750652e3.
2020-08-16T06:30:51.171194365Z  [2020-08-16T06:30:51Z INFO  dt_instance] d0a71d84-b80f-4558-beac-8887750652e3 "95 UZMQ7FvCudPVvhPJ6OuG6KQJcRogDsp8azXbPug2pdpBysqdOAOqxEdbDKQlM"
2020-08-16T06:30:51.191601965Z  [2020-08-16T06:30:51Z INFO  dt_instance] Inserted data for source d0a71d84-b80f-4558-beac-8887750652e3.
2020-08-16T06:30:51.245221802Z  [2020-08-16T06:30:51Z INFO  dt_instance] d0a71d84-b80f-4558-beac-8887750652e3 "96 KGzAmcMgFh3vnr27MeCTQrvMa5uepvdXj4M2E3dyjtq70aHppeE4scOIH4XMn"
2020-08-16T06:30:51.265173581Z  [2020-08-16T06:30:51Z INFO  dt_instance] Inserted data for source d0a71d84-b80f-4558-beac-8887750652e3.
2020-08-16T06:30:51.316796463Z  [2020-08-16T06:30:51Z INFO  dt_instance] d0a71d84-b80f-4558-beac-8887750652e3 "97 Fd8B6ma9NayejTUa1O7FZWUgdzjQUVGobEfHNv2T7Ya5bR4Gw7TdUdUzcgQfV"
2020-08-16T06:30:51.336525468Z  [2020-08-16T06:30:51Z INFO  dt_instance] Inserted data for source d0a71d84-b80f-4558-beac-8887750652e3.
2020-08-16T06:30:51.388103842Z  [2020-08-16T06:30:51Z INFO  dt_instance] d0a71d84-b80f-4558-beac-8887750652e3 "98 8z55ldncJQnJ3hLLafMs1UWtEwAMp9vBLttxluURgPbRjGqQyVpqOdvrv1EiR"
2020-08-16T06:30:51.408163749Z  [2020-08-16T06:30:51Z INFO  dt_instance] Inserted data for source d0a71d84-b80f-4558-beac-8887750652e3.
2020-08-16T06:30:51.459654976Z  [2020-08-16T06:30:51Z INFO  dt_instance] d0a71d84-b80f-4558-beac-8887750652e3 "99 CymeRVTgzT0VdoxBgdz90bWtpc0Usrfw1nTOxH1TuDydZ93Eowi5f5pSKkIlp"
2020-08-16T06:30:51.479737669Z  [2020-08-16T06:30:51Z INFO  dt_instance] Inserted data for source d0a71d84-b80f-4558-beac-8887750652e3.
2020-08-16T06:31:05.200661777Z  [2020-08-16T06:31:05Z ERROR dt_instance] Unhandled incoming.
2020-08-16T06:31:35.202684516Z  [2020-08-16T06:31:35Z ERROR dt_instance] Unhandled incoming.
2020-08-16T06:32:05.202618563Z  [2020-08-16T06:32:05Z ERROR dt_instance] Unhandled incoming.
