2020-08-16T06:30:44.268263849Z  [2020-08-16T06:30:44Z INFO  dt_client_bytes] Starting client. Host at mqtt-broker:1883
2020-08-16T06:30:44.268311424Z  [2020-08-16T06:30:44Z INFO  dt_client_bytes] Thread of topic 38162cb0-e585-43d7-b55d-5c240b2bfb7c/3142192f-6bae-4f12-a6f3-5464dc37e790/d0a71d84-b80f-4558-beac-8887750652e3
2020-08-16T06:30:44.268324884Z  [2020-08-16T06:30:44Z INFO  dt_client_bytes] 0::38162cb0-e585-43d7-b55d-5c240b2bfb7c/3142192f-6bae-4f12-a6f3-5464dc37e790/d0a71d84-b80f-4558-beac-8887750652e3 "0 F0UWmSOAlS0Fug7HtKH8ul9LuQzSjevs8akMBtXwsLnsoQSslApb2qyWqHUZjL"
2020-08-16T06:30:44.278805770Z  [2020-08-16T06:30:44Z INFO  dt_client_bytes] 1::38162cb0-e585-43d7-b55d-5c240b2bfb7c/3142192f-6bae-4f12-a6f3-5464dc37e790/d0a71d84-b80f-4558-beac-8887750652e3 "1 BXEOTYPJDiNdQ2lvS0WmCzKs6ARShduQRcDobjWpa5XqIOhJiTehuwKS9cCzZG"
2020-08-16T06:30:44.290070491Z  [2020-08-16T06:30:44Z INFO  dt_client_bytes] 2::38162cb0-e585-43d7-b55d-5c240b2bfb7c/3142192f-6bae-4f12-a6f3-5464dc37e790/d0a71d84-b80f-4558-beac-8887750652e3 "2 RyZ4gj4XbfBnyi28HJp6s2Mmia96dmsmOzeBr0SIpA3R31l9LXPXBN6I9IfWa0"
2020-08-16T06:30:44.301353207Z  [2020-08-16T06:30:44Z INFO  dt_client_bytes] 3::38162cb0-e585-43d7-b55d-5c240b2bfb7c/3142192f-6bae-4f12-a6f3-5464dc37e790/d0a71d84-b80f-4558-beac-8887750652e3 "3 Fv2JPNYQbxcD6ajn3jN5yhWWOzlkIVZ3neb6grS6F0z3h7zJFxigyrEnPTleRJ"
2020-08-16T06:30:44.311676117Z  [2020-08-16T06:30:44Z INFO  dt_client_bytes] 4::38162cb0-e585-43d7-b55d-5c240b2bfb7c/3142192f-6bae-4f12-a6f3-5464dc37e790/d0a71d84-b80f-4558-beac-8887750652e3 "4 RsXy7KkwEmn0JWSAAAS11wTtrQFbovHEWgeIsunNi4YWG7MSfCND589QQvL9Jq"
2020-08-16T06:30:44.322950446Z  [2020-08-16T06:30:44Z INFO  dt_client_bytes] 5::38162cb0-e585-43d7-b55d-5c240b2bfb7c/3142192f-6bae-4f12-a6f3-5464dc37e790/d0a71d84-b80f-4558-beac-8887750652e3 "5 fUDiNUjch8TZ31cV3kfM9UkQZWLrTEMYnYNKWn6d9O4FuQZmgTkKVCPwpRQrLc"
2020-08-16T06:30:44.333776871Z  [2020-08-16T06:30:44Z INFO  dt_client_bytes] 6::38162cb0-e585-43d7-b55d-5c240b2bfb7c/3142192f-6bae-4f12-a6f3-5464dc37e790/d0a71d84-b80f-4558-beac-8887750652e3 "6 X4jo1FtiKvaTzPt6p8N06FtQSttpuqdmWbYpTbRR1yNRzBH6kG8PExgZvYZByU"
2020-08-16T06:30:44.345055326Z  [2020-08-16T06:30:44Z INFO  dt_client_bytes] 7::38162cb0-e585-43d7-b55d-5c240b2bfb7c/3142192f-6bae-4f12-a6f3-5464dc37e790/d0a71d84-b80f-4558-beac-8887750652e3 "7 A7s2ltaJ3kdmI8ybvFYUEgt5AMS9X9MZsYBOzIj9t2aIdMyC0biQHyQ7VsQyyn"
2020-08-16T06:30:44.356285081Z  [2020-08-16T06:30:44Z INFO  dt_client_bytes] 8::38162cb0-e585-43d7-b55d-5c240b2bfb7c/3142192f-6bae-4f12-a6f3-5464dc37e790/d0a71d84-b80f-4558-beac-8887750652e3 "8 0lHLaXvMjMskCvfoTQhnzRCyJSRT3XdN4ah5iLDdzWih9eX1OEbASKl4AHHPSX"
2020-08-16T06:30:44.367452403Z  [2020-08-16T06:30:44Z INFO  dt_client_bytes] 9::38162cb0-e585-43d7-b55d-5c240b2bfb7c/3142192f-6bae-4f12-a6f3-5464dc37e790/d0a71d84-b80f-4558-beac-8887750652e3 "9 U65d76rOzSjo5IElYscOtu6iAqgYDBIx0KQsQuoacLGJQ7g8xQkdinYOBonOF3"
2020-08-16T06:30:44.378678761Z  [2020-08-16T06:30:44Z INFO  dt_client_bytes] 10::38162cb0-e585-43d7-b55d-5c240b2bfb7c/3142192f-6bae-4f12-a6f3-5464dc37e790/d0a71d84-b80f-4558-beac-8887750652e3 "10 tC6Wk1erevlRl5LdrgDNGoyRDaTaR5Xs11X2kx4R7mXz0GSUGuMi9fYoXg2xi"
2020-08-16T06:30:44.389790487Z  [2020-08-16T06:30:44Z INFO  dt_client_bytes] 11::38162cb0-e585-43d7-b55d-5c240b2bfb7c/3142192f-6bae-4f12-a6f3-5464dc37e790/d0a71d84-b80f-4558-beac-8887750652e3 "11 Mx520USsSKl7ULzCc48QTEvYtNpnAPWNubhWLCcOlMXFY8Tkq3JDOhOcuscwX"
2020-08-16T06:30:44.401020256Z  [2020-08-16T06:30:44Z INFO  dt_client_bytes] 12::38162cb0-e585-43d7-b55d-5c240b2bfb7c/3142192f-6bae-4f12-a6f3-5464dc37e790/d0a71d84-b80f-4558-beac-8887750652e3 "12 ueezSiwjHMRKAKynonRuALV9gU3MhwVTXZcEKeOUNhhrXMSjqwID8Cn7O9U1X"
2020-08-16T06:30:44.406829678Z  [2020-08-16T06:30:44Z INFO  dt_client_bytes] Publish 1
2020-08-16T06:30:44.407996513Z  [2020-08-16T06:30:44Z INFO  dt_client_bytes] Publish 2
2020-08-16T06:30:44.409132822Z  [2020-08-16T06:30:44Z INFO  dt_client_bytes] Publish 3
2020-08-16T06:30:44.410282133Z  [2020-08-16T06:30:44Z INFO  dt_client_bytes] Publish 4
2020-08-16T06:30:44.411471963Z  [2020-08-16T06:30:44Z INFO  dt_client_bytes] Publish 5
2020-08-16T06:30:44.411491645Z  [2020-08-16T06:30:44Z INFO  dt_client_bytes] 13::38162cb0-e585-43d7-b55d-5c240b2bfb7c/3142192f-6bae-4f12-a6f3-5464dc37e790/d0a71d84-b80f-4558-beac-8887750652e3 "13 uhbshoiCl3GQkM998OkVY9OofJ08TvWf0onuAfWRLTjxb9BJqWakymBsDx5kb"
2020-08-16T06:30:44.412578187Z  [2020-08-16T06:30:44Z INFO  dt_client_bytes] Publish 6
2020-08-16T06:30:44.413717676Z  [2020-08-16T06:30:44Z INFO  dt_client_bytes] Publish 7
2020-08-16T06:30:44.414866897Z  [2020-08-16T06:30:44Z INFO  dt_client_bytes] Publish 8
2020-08-16T06:30:44.416062014Z  [2020-08-16T06:30:44Z INFO  dt_client_bytes] Publish 9
2020-08-16T06:30:44.417241473Z  [2020-08-16T06:30:44Z INFO  dt_client_bytes] Publish 10
2020-08-16T06:30:44.418382432Z  [2020-08-16T06:30:44Z INFO  dt_client_bytes] Publish 11
2020-08-16T06:30:44.419588800Z  [2020-08-16T06:30:44Z INFO  dt_client_bytes] Publish 12
2020-08-16T06:30:44.420749222Z  [2020-08-16T06:30:44Z INFO  dt_client_bytes] Publish 13
2020-08-16T06:30:44.421890991Z  [2020-08-16T06:30:44Z INFO  dt_client_bytes] Publish 14
2020-08-16T06:30:44.424439431Z  [2020-08-16T06:30:44Z INFO  dt_client_bytes] 14::38162cb0-e585-43d7-b55d-5c240b2bfb7c/3142192f-6bae-4f12-a6f3-5464dc37e790/d0a71d84-b80f-4558-beac-8887750652e3 "14 cgjpFMMrs53V9wJd5O5wJCJ1Rk5ltXq0IulH1Mj2CubN3cHYTnUzxjbu6MbEn"
2020-08-16T06:30:44.424458069Z  [2020-08-16T06:30:44Z INFO  dt_client_bytes] Publish 15
2020-08-16T06:30:44.435813648Z  [2020-08-16T06:30:44Z INFO  dt_client_bytes] 15::38162cb0-e585-43d7-b55d-5c240b2bfb7c/3142192f-6bae-4f12-a6f3-5464dc37e790/d0a71d84-b80f-4558-beac-8887750652e3 "15 iTKMWWZo4WCrUASLLrnXwIXwOfzVYkzSB62isgigNDnQYvbxjOJr2h6xWFcdX"
2020-08-16T06:30:44.435835456Z  [2020-08-16T06:30:44Z INFO  dt_client_bytes] Publish 16
2020-08-16T06:30:44.447235901Z  [2020-08-16T06:30:44Z INFO  dt_client_bytes] 16::38162cb0-e585-43d7-b55d-5c240b2bfb7c/3142192f-6bae-4f12-a6f3-5464dc37e790/d0a71d84-b80f-4558-beac-8887750652e3 "16 3fQfo8MskvVYEtK2thjLhtLq9ZSJfvnBFZxZ1TC86LteJruwiEleU0rQ6pK32"
2020-08-16T06:30:44.447291898Z  [2020-08-16T06:30:44Z INFO  dt_client_bytes] Publish 17
2020-08-16T06:30:44.457664314Z  [2020-08-16T06:30:44Z INFO  dt_client_bytes] 17::38162cb0-e585-43d7-b55d-5c240b2bfb7c/3142192f-6bae-4f12-a6f3-5464dc37e790/d0a71d84-b80f-4558-beac-8887750652e3 "17 14ijRLosBmUvs7nHjbdPlu8lQNgcJ81h6MosXGdaNLlfWbrGLL5UC12ujeCjs"
2020-08-16T06:30:44.457721404Z  [2020-08-16T06:30:44Z INFO  dt_client_bytes] Publish 18
2020-08-16T06:30:44.468977813Z  [2020-08-16T06:30:44Z INFO  dt_client_bytes] 18::38162cb0-e585-43d7-b55d-5c240b2bfb7c/3142192f-6bae-4f12-a6f3-5464dc37e790/d0a71d84-b80f-4558-beac-8887750652e3 "18 dk2cFAWN1dSkrnk5QimGxccuOYdC3LczftSMXAbY1guGqyVOBDxZlbkcbHC6z"
2020-08-16T06:30:44.469043121Z  [2020-08-16T06:30:44Z INFO  dt_client_bytes] Publish 19
2020-08-16T06:30:44.471898999Z  [2020-08-16T06:30:44Z INFO  dt_client_bytes] PubAck { pkid: 1 }
2020-08-16T06:30:44.480513829Z  [2020-08-16T06:30:44Z INFO  dt_client_bytes] 19::38162cb0-e585-43d7-b55d-5c240b2bfb7c/3142192f-6bae-4f12-a6f3-5464dc37e790/d0a71d84-b80f-4558-beac-8887750652e3 "19 Iktl9vy5bbPAFSx1WNnvUVcveFtwiJXe3WoQrsbzseo0rfN6uy1VydRVeYjxK"
2020-08-16T06:30:44.480568299Z  [2020-08-16T06:30:44Z INFO  dt_client_bytes] Publish 20
2020-08-16T06:30:44.491159478Z  [2020-08-16T06:30:44Z INFO  dt_client_bytes] 20::38162cb0-e585-43d7-b55d-5c240b2bfb7c/3142192f-6bae-4f12-a6f3-5464dc37e790/d0a71d84-b80f-4558-beac-8887750652e3 "20 CUEUfVw1HdsMQHxZFmDYwl2Qyr7UaBKfEJ9qWntPDkiDe4xuH4ebD1oedAq46"
2020-08-16T06:30:44.491203447Z  [2020-08-16T06:30:44Z INFO  dt_client_bytes] Publish 21
2020-08-16T06:30:44.502923935Z  [2020-08-16T06:30:44Z INFO  dt_client_bytes] 21::38162cb0-e585-43d7-b55d-5c240b2bfb7c/3142192f-6bae-4f12-a6f3-5464dc37e790/d0a71d84-b80f-4558-beac-8887750652e3 "21 63H2ZwtIqUsz60LFlF34W5UpeYFQ0fMSAKmjmTNZykQAWoE8KtkbihlCJ1NvK"
2020-08-16T06:30:44.502963425Z  [2020-08-16T06:30:44Z INFO  dt_client_bytes] Publish 22
2020-08-16T06:30:44.514555214Z  [2020-08-16T06:30:44Z INFO  dt_client_bytes] 22::38162cb0-e585-43d7-b55d-5c240b2bfb7c/3142192f-6bae-4f12-a6f3-5464dc37e790/d0a71d84-b80f-4558-beac-8887750652e3 "22 c23pUt38lZREEcjAyz88hzGBF0cnjBa20nvytG3ywKtLtZY3NPPUtRlBoG7Jn"
2020-08-16T06:30:44.514582280Z  [2020-08-16T06:30:44Z INFO  dt_client_bytes] Publish 23
2020-08-16T06:30:44.526072213Z  [2020-08-16T06:30:44Z INFO  dt_client_bytes] 23::38162cb0-e585-43d7-b55d-5c240b2bfb7c/3142192f-6bae-4f12-a6f3-5464dc37e790/d0a71d84-b80f-4558-beac-8887750652e3 "23 6fYFKXGcs521eMk3mMXNInONoTtzK9UayrSERWeGGcWsjURvpsXz4jOJgC6eG"
2020-08-16T06:30:44.526096778Z  [2020-08-16T06:30:44Z INFO  dt_client_bytes] Publish 24
2020-08-16T06:30:44.531406439Z  [2020-08-16T06:30:44Z INFO  dt_client_bytes] PubAck { pkid: 2 }
2020-08-16T06:30:44.531429526Z  [2020-08-16T06:30:44Z INFO  dt_client_bytes] PubAck { pkid: 3 }
2020-08-16T06:30:44.532547939Z  [2020-08-16T06:30:44Z INFO  dt_client_bytes] PubAck { pkid: 4 }
2020-08-16T06:30:44.533704295Z  [2020-08-16T06:30:44Z INFO  dt_client_bytes] PubAck { pkid: 5 }
2020-08-16T06:30:44.534849000Z  [2020-08-16T06:30:44Z INFO  dt_client_bytes] PubAck { pkid: 6 }
2020-08-16T06:30:44.536162857Z  [2020-08-16T06:30:44Z INFO  dt_client_bytes] PubAck { pkid: 7 }
2020-08-16T06:30:44.537490367Z  [2020-08-16T06:30:44Z INFO  dt_client_bytes] PubAck { pkid: 8 }
2020-08-16T06:30:44.537520098Z  [2020-08-16T06:30:44Z INFO  dt_client_bytes] 24::38162cb0-e585-43d7-b55d-5c240b2bfb7c/3142192f-6bae-4f12-a6f3-5464dc37e790/d0a71d84-b80f-4558-beac-8887750652e3 "24 Shctm1dHuJx9Z353Piv6om6FHdTYKmACsDvFh5IFVWMLmECUqtOTunRRER38G"
2020-08-16T06:30:44.537553433Z  [2020-08-16T06:30:44Z INFO  dt_client_bytes] PubAck { pkid: 9 }
2020-08-16T06:30:44.538728988Z  [2020-08-16T06:30:44Z INFO  dt_client_bytes] PubAck { pkid: 10 }
2020-08-16T06:30:44.539967764Z  [2020-08-16T06:30:44Z INFO  dt_client_bytes] PubAck { pkid: 11 }
2020-08-16T06:30:44.541189952Z  [2020-08-16T06:30:44Z INFO  dt_client_bytes] PubAck { pkid: 12 }
2020-08-16T06:30:44.542593063Z  [2020-08-16T06:30:44Z INFO  dt_client_bytes] PubAck { pkid: 13 }
2020-08-16T06:30:44.542626850Z  [2020-08-16T06:30:44Z INFO  dt_client_bytes] PubAck { pkid: 14 }
2020-08-16T06:30:44.543827926Z  [2020-08-16T06:30:44Z INFO  dt_client_bytes] Publish 25
2020-08-16T06:30:44.545070657Z  [2020-08-16T06:30:44Z INFO  dt_client_bytes] PubAck { pkid: 15 }
2020-08-16T06:30:44.546335902Z  [2020-08-16T06:30:44Z INFO  dt_client_bytes] PubAck { pkid: 16 }
2020-08-16T06:30:44.548028413Z  [2020-08-16T06:30:44Z INFO  dt_client_bytes] 25::38162cb0-e585-43d7-b55d-5c240b2bfb7c/3142192f-6bae-4f12-a6f3-5464dc37e790/d0a71d84-b80f-4558-beac-8887750652e3 "25 IXZnxYVSQkHfgqldmG92hEXCbfHzf787gSiehtITFpmoKZHAgO8gAUJhvFbBD"
2020-08-16T06:30:44.548097929Z  [2020-08-16T06:30:44Z INFO  dt_client_bytes] Publish 26
2020-08-16T06:30:44.559710769Z  [2020-08-16T06:30:44Z INFO  dt_client_bytes] 26::38162cb0-e585-43d7-b55d-5c240b2bfb7c/3142192f-6bae-4f12-a6f3-5464dc37e790/d0a71d84-b80f-4558-beac-8887750652e3 "26 gyYUGsUI9hETeUI0aZuCplfRRnyBJwf1eSugzcRfMARiVfusWLNQNvFoRYd7A"
2020-08-16T06:30:44.559778510Z  [2020-08-16T06:30:44Z INFO  dt_client_bytes] Publish 27
2020-08-16T06:30:44.568785485Z  [2020-08-16T06:30:44Z INFO  dt_client_bytes] PubAck { pkid: 17 }
2020-08-16T06:30:44.570099934Z  [2020-08-16T06:30:44Z INFO  dt_client_bytes] PubAck { pkid: 18 }
2020-08-16T06:30:44.571423097Z  [2020-08-16T06:30:44Z INFO  dt_client_bytes] PubAck { pkid: 19 }
2020-08-16T06:30:44.571506927Z  [2020-08-16T06:30:44Z INFO  dt_client_bytes] 27::38162cb0-e585-43d7-b55d-5c240b2bfb7c/3142192f-6bae-4f12-a6f3-5464dc37e790/d0a71d84-b80f-4558-beac-8887750652e3 "27 lAovOdzmnY1og1693a2Da6olse5vt979UKgNfstBOD3Syr8AXoB3YgP0LlVgV"
2020-08-16T06:30:44.572672088Z  [2020-08-16T06:30:44Z INFO  dt_client_bytes] Publish 28
2020-08-16T06:30:44.582598205Z  [2020-08-16T06:30:44Z INFO  dt_client_bytes] 28::38162cb0-e585-43d7-b55d-5c240b2bfb7c/3142192f-6bae-4f12-a6f3-5464dc37e790/d0a71d84-b80f-4558-beac-8887750652e3 "28 mZiQUblUzFF1PZG9GYnnCCamzEbJu23XMq6nodEMwksHojoYOZmWsibR1j9v9"
2020-08-16T06:30:44.582638680Z  [2020-08-16T06:30:44Z INFO  dt_client_bytes] Publish 29
2020-08-16T06:30:44.593521266Z  [2020-08-16T06:30:44Z INFO  dt_client_bytes] 29::38162cb0-e585-43d7-b55d-5c240b2bfb7c/3142192f-6bae-4f12-a6f3-5464dc37e790/d0a71d84-b80f-4558-beac-8887750652e3 "29 TSAmZg6bUy3b3A4vHSAuOWVuT8cAUHMjf1BfQDmCVsNFS5D3bj9jHkMufQPv0"
2020-08-16T06:30:44.593604654Z  [2020-08-16T06:30:44Z INFO  dt_client_bytes] Publish 30
2020-08-16T06:30:44.603699974Z  [2020-08-16T06:30:44Z INFO  dt_client_bytes] 30::38162cb0-e585-43d7-b55d-5c240b2bfb7c/3142192f-6bae-4f12-a6f3-5464dc37e790/d0a71d84-b80f-4558-beac-8887750652e3 "30 3Nu2gzRQYpzhFNHn0di2aFSmWVmdIAHumFSARVDX2a1lOadsK4Vmk3OhXviFV"
2020-08-16T06:30:44.603723446Z  [2020-08-16T06:30:44Z INFO  dt_client_bytes] Publish 31
2020-08-16T06:30:44.614683794Z  [2020-08-16T06:30:44Z INFO  dt_client_bytes] PubAck { pkid: 20 }
2020-08-16T06:30:44.614752312Z  [2020-08-16T06:30:44Z INFO  dt_client_bytes] 31::38162cb0-e585-43d7-b55d-5c240b2bfb7c/3142192f-6bae-4f12-a6f3-5464dc37e790/d0a71d84-b80f-4558-beac-8887750652e3 "31 huGdzEAZcxfwu5WIhWyrrcl8bcH6x3XdYpEVYB2sCJyReuDt3TdukqWp7H7y0"
2020-08-16T06:30:44.615832815Z  [2020-08-16T06:30:44Z INFO  dt_client_bytes] PubAck { pkid: 21 }
2020-08-16T06:30:44.617092304Z  [2020-08-16T06:30:44Z INFO  dt_client_bytes] PubAck { pkid: 22 }
2020-08-16T06:30:44.618338565Z  [2020-08-16T06:30:44Z INFO  dt_client_bytes] PubAck { pkid: 23 }
2020-08-16T06:30:44.619610584Z  [2020-08-16T06:30:44Z INFO  dt_client_bytes] PubAck { pkid: 24 }
2020-08-16T06:30:44.620964845Z  [2020-08-16T06:30:44Z INFO  dt_client_bytes] Publish 32
2020-08-16T06:30:44.626871509Z  [2020-08-16T06:30:44Z INFO  dt_client_bytes] 32::38162cb0-e585-43d7-b55d-5c240b2bfb7c/3142192f-6bae-4f12-a6f3-5464dc37e790/d0a71d84-b80f-4558-beac-8887750652e3 "32 Lm9IghKgY94NhIj8Qvxvs4TYnGehrcsWI5lcwqOdHzESs03e8WOuXHORAYuky"
2020-08-16T06:30:44.626939076Z  [2020-08-16T06:30:44Z INFO  dt_client_bytes] Publish 33
2020-08-16T06:30:44.638728842Z  [2020-08-16T06:30:44Z INFO  dt_client_bytes] 33::38162cb0-e585-43d7-b55d-5c240b2bfb7c/3142192f-6bae-4f12-a6f3-5464dc37e790/d0a71d84-b80f-4558-beac-8887750652e3 "33 fDnf3J9cOgCHfN6ITehAABW7WecFFr2PRVbFr2ZRE5jf5SwLVAGUZLwKE8MpJ"
2020-08-16T06:30:44.638829846Z  [2020-08-16T06:30:44Z INFO  dt_client_bytes] Publish 34
2020-08-16T06:30:44.650340843Z  [2020-08-16T06:30:44Z INFO  dt_client_bytes] 34::38162cb0-e585-43d7-b55d-5c240b2bfb7c/3142192f-6bae-4f12-a6f3-5464dc37e790/d0a71d84-b80f-4558-beac-8887750652e3 "34 I30oT3v2j9MIeMAknDETolEtoKRcvQh9AUdBmXMhBjZJtXYFYGyXF3ovPswAw"
2020-08-16T06:30:44.650409451Z  [2020-08-16T06:30:44Z INFO  dt_client_bytes] Publish 35
2020-08-16T06:30:44.660933571Z  [2020-08-16T06:30:44Z INFO  dt_client_bytes] 35::38162cb0-e585-43d7-b55d-5c240b2bfb7c/3142192f-6bae-4f12-a6f3-5464dc37e790/d0a71d84-b80f-4558-beac-8887750652e3 "35 CuyMas0FaHiD3WoKJ2tZ3WF3ukw1Be3cHRXAgmjdxegZWaZzaPoMxUTk48pBi"
2020-08-16T06:30:44.660993428Z  [2020-08-16T06:30:44Z INFO  dt_client_bytes] Publish 36
2020-08-16T06:30:44.672454626Z  [2020-08-16T06:30:44Z INFO  dt_client_bytes] 36::38162cb0-e585-43d7-b55d-5c240b2bfb7c/3142192f-6bae-4f12-a6f3-5464dc37e790/d0a71d84-b80f-4558-beac-8887750652e3 "36 61NujHdXOcgp99PqYEQ18KXt8ssXzbNAuCXG55vijM2g0EJiAOJ9QX1h9dyPD"
2020-08-16T06:30:44.672510533Z  [2020-08-16T06:30:44Z INFO  dt_client_bytes] Publish 37
2020-08-16T06:30:44.682777367Z  [2020-08-16T06:30:44Z INFO  dt_client_bytes] PubAck { pkid: 25 }
2020-08-16T06:30:44.682826451Z  [2020-08-16T06:30:44Z INFO  dt_client_bytes] 37::38162cb0-e585-43d7-b55d-5c240b2bfb7c/3142192f-6bae-4f12-a6f3-5464dc37e790/d0a71d84-b80f-4558-beac-8887750652e3 "37 agrCKdy64PcxaGcOu04mfAb3zztmh3Gd6amKAklQHykDVH5GNkBUwV3Vbtmre"
2020-08-16T06:30:44.683939355Z  [2020-08-16T06:30:44Z INFO  dt_client_bytes] PubAck { pkid: 26 }
2020-08-16T06:30:44.685120880Z  [2020-08-16T06:30:44Z INFO  dt_client_bytes] Publish 38
2020-08-16T06:30:44.686301556Z  [2020-08-16T06:30:44Z INFO  dt_client_bytes] PubAck { pkid: 27 }
2020-08-16T06:30:44.693798268Z  [2020-08-16T06:30:44Z INFO  dt_client_bytes] 38::38162cb0-e585-43d7-b55d-5c240b2bfb7c/3142192f-6bae-4f12-a6f3-5464dc37e790/d0a71d84-b80f-4558-beac-8887750652e3 "38 YIRPvDDdPgAM5aWrrhv2xzsqjZb5bTbU2kmuAuItNRMbZxs3UEi7K7w7mhJgN"
2020-08-16T06:30:44.693822659Z  [2020-08-16T06:30:44Z INFO  dt_client_bytes] Publish 39
2020-08-16T06:30:44.705221070Z  [2020-08-16T06:30:44Z INFO  dt_client_bytes] 39::38162cb0-e585-43d7-b55d-5c240b2bfb7c/3142192f-6bae-4f12-a6f3-5464dc37e790/d0a71d84-b80f-4558-beac-8887750652e3 "39 nDuxGHIMQL4mMoI6FBhtgnfWvwRmUz1sId4MdVCypeDjhrcyXRBGrlbH9jMXA"
2020-08-16T06:30:44.705245315Z  [2020-08-16T06:30:44Z INFO  dt_client_bytes] Publish 40
2020-08-16T06:30:44.716708549Z  [2020-08-16T06:30:44Z INFO  dt_client_bytes] 40::38162cb0-e585-43d7-b55d-5c240b2bfb7c/3142192f-6bae-4f12-a6f3-5464dc37e790/d0a71d84-b80f-4558-beac-8887750652e3 "40 ncU0RJE952nS4RvzAungMRTHpfrSR7WWS282PSgq7ZftYgv7TH0B7iiTefuHK"
2020-08-16T06:30:44.716733878Z  [2020-08-16T06:30:44Z INFO  dt_client_bytes] Publish 41
2020-08-16T06:30:44.719962360Z  [2020-08-16T06:30:44Z INFO  dt_client_bytes] PubAck { pkid: 28 }
2020-08-16T06:30:44.721121585Z  [2020-08-16T06:30:44Z INFO  dt_client_bytes] PubAck { pkid: 29 }
2020-08-16T06:30:44.722324876Z  [2020-08-16T06:30:44Z INFO  dt_client_bytes] PubAck { pkid: 30 }
2020-08-16T06:30:44.723482481Z  [2020-08-16T06:30:44Z INFO  dt_client_bytes] PubAck { pkid: 31 }
2020-08-16T06:30:44.727992920Z  [2020-08-16T06:30:44Z INFO  dt_client_bytes] 41::38162cb0-e585-43d7-b55d-5c240b2bfb7c/3142192f-6bae-4f12-a6f3-5464dc37e790/d0a71d84-b80f-4558-beac-8887750652e3 "41 eO1nsFlBKs5JH8LbYmtuGbwzTsj88UJkkqzRTWrrLONK2aUlSmvHyt5tBl3n4"
2020-08-16T06:30:44.728016260Z  [2020-08-16T06:30:44Z INFO  dt_client_bytes] Publish 42
2020-08-16T06:30:44.739413678Z  [2020-08-16T06:30:44Z INFO  dt_client_bytes] 42::38162cb0-e585-43d7-b55d-5c240b2bfb7c/3142192f-6bae-4f12-a6f3-5464dc37e790/d0a71d84-b80f-4558-beac-8887750652e3 "42 N7XRS0deYEyiCpDwCOK3nAXMsx8cN9ewXggccgRYcu7JJJ5ZWqv6uKwLb4MH2"
2020-08-16T06:30:44.739465952Z  [2020-08-16T06:30:44Z INFO  dt_client_bytes] Publish 43
2020-08-16T06:30:44.749689235Z  [2020-08-16T06:30:44Z INFO  dt_client_bytes] 43::38162cb0-e585-43d7-b55d-5c240b2bfb7c/3142192f-6bae-4f12-a6f3-5464dc37e790/d0a71d84-b80f-4558-beac-8887750652e3 "43 UwUxQgNkLafoAvI2vi7xildNdIXXQhu7ynCi07tYb3N1gRvEkexhWs5Fjo5Ya"
2020-08-16T06:30:44.749715117Z  [2020-08-16T06:30:44Z INFO  dt_client_bytes] Publish 44
2020-08-16T06:30:44.761190904Z  [2020-08-16T06:30:44Z INFO  dt_client_bytes] 44::38162cb0-e585-43d7-b55d-5c240b2bfb7c/3142192f-6bae-4f12-a6f3-5464dc37e790/d0a71d84-b80f-4558-beac-8887750652e3 "44 hwK6nFbzhKixHBeV13MoziP06LAvo62TRdtHkKIP03IjKKnh2IobKUQLIAvbF"
2020-08-16T06:30:44.761217639Z  [2020-08-16T06:30:44Z INFO  dt_client_bytes] Publish 45
2020-08-16T06:30:44.772989379Z  [2020-08-16T06:30:44Z INFO  dt_client_bytes] PubAck { pkid: 32 }
2020-08-16T06:30:44.773057106Z  [2020-08-16T06:30:44Z INFO  dt_client_bytes] 45::38162cb0-e585-43d7-b55d-5c240b2bfb7c/3142192f-6bae-4f12-a6f3-5464dc37e790/d0a71d84-b80f-4558-beac-8887750652e3 "45 4t4Gb6rUZar3VbTTK8EwBZRmAOQ5twqPT8BFCZ60z43DMS9zGns33M4P3IaXE"
2020-08-16T06:30:44.774213681Z  [2020-08-16T06:30:44Z INFO  dt_client_bytes] PubAck { pkid: 33 }
2020-08-16T06:30:44.775534344Z  [2020-08-16T06:30:44Z INFO  dt_client_bytes] PubAck { pkid: 34 }
2020-08-16T06:30:44.775599432Z  [2020-08-16T06:30:44Z INFO  dt_client_bytes] PubAck { pkid: 35 }
2020-08-16T06:30:44.776766199Z  [2020-08-16T06:30:44Z INFO  dt_client_bytes] PubAck { pkid: 36 }
2020-08-16T06:30:44.778012055Z  [2020-08-16T06:30:44Z INFO  dt_client_bytes] Publish 46
2020-08-16T06:30:44.779251022Z  [2020-08-16T06:30:44Z INFO  dt_client_bytes] PubAck { pkid: 37 }
2020-08-16T06:30:44.784161743Z  [2020-08-16T06:30:44Z INFO  dt_client_bytes] 46::38162cb0-e585-43d7-b55d-5c240b2bfb7c/3142192f-6bae-4f12-a6f3-5464dc37e790/d0a71d84-b80f-4558-beac-8887750652e3 "46 GiuxjRqkC6DGNunaoxj6FKT6GPNucVDC9QPS1sQB4j6TNWsWXZkT2Wwt7Oow1"
2020-08-16T06:30:44.784229345Z  [2020-08-16T06:30:44Z INFO  dt_client_bytes] Publish 47
2020-08-16T06:30:44.795848378Z  [2020-08-16T06:30:44Z INFO  dt_client_bytes] 47::38162cb0-e585-43d7-b55d-5c240b2bfb7c/3142192f-6bae-4f12-a6f3-5464dc37e790/d0a71d84-b80f-4558-beac-8887750652e3 "47 T9b6wVbfcjXxrOuH4o9P98Auh0nCZAZLFeIr9oBvhudIiQQgmANBhmYge9GEE"
2020-08-16T06:30:44.795926622Z  [2020-08-16T06:30:44Z INFO  dt_client_bytes] Publish 48
2020-08-16T06:30:44.807514944Z  [2020-08-16T06:30:44Z INFO  dt_client_bytes] 48::38162cb0-e585-43d7-b55d-5c240b2bfb7c/3142192f-6bae-4f12-a6f3-5464dc37e790/d0a71d84-b80f-4558-beac-8887750652e3 "48 NzrAFsdedEwrJGu6c6ErmLrIfsehi2l6poCqZhbf5c5u0uZ8C5tVsek4DBaag"
2020-08-16T06:30:44.807581958Z  [2020-08-16T06:30:44Z INFO  dt_client_bytes] Publish 49
2020-08-16T06:30:44.817964351Z  [2020-08-16T06:30:44Z INFO  dt_client_bytes] 49::38162cb0-e585-43d7-b55d-5c240b2bfb7c/3142192f-6bae-4f12-a6f3-5464dc37e790/d0a71d84-b80f-4558-beac-8887750652e3 "49 1xYNFqrsEcec7C0y2uwYnKtS0RfFeY99gD3Wy2n1PM6t3pmlTdrCOZV2pSOP2"
2020-08-16T06:30:44.818017571Z  [2020-08-16T06:30:44Z INFO  dt_client_bytes] Publish 50
2020-08-16T06:30:44.829605822Z  [2020-08-16T06:30:44Z INFO  dt_client_bytes] 50::38162cb0-e585-43d7-b55d-5c240b2bfb7c/3142192f-6bae-4f12-a6f3-5464dc37e790/d0a71d84-b80f-4558-beac-8887750652e3 "50 96o7KDf4g87IysDu6cZNQ0cODV1GVWcHdIsIyBMsJVaW3Ue0RhNDqyo78RecH"
2020-08-16T06:30:44.829683970Z  [2020-08-16T06:30:44Z INFO  dt_client_bytes] Publish 51
2020-08-16T06:30:44.841407276Z  [2020-08-16T06:30:44Z INFO  dt_client_bytes] 51::38162cb0-e585-43d7-b55d-5c240b2bfb7c/3142192f-6bae-4f12-a6f3-5464dc37e790/d0a71d84-b80f-4558-beac-8887750652e3 "51 wvQjo4HW20eCtHSL7QiQnGHaS3AW1fdiKI5Ut5SAVJ2sGnJc3abBWrP3zasrH"
2020-08-16T06:30:44.841495971Z  [2020-08-16T06:30:44Z INFO  dt_client_bytes] Publish 52
2020-08-16T06:30:44.846955688Z  [2020-08-16T06:30:44Z INFO  dt_client_bytes] PubAck { pkid: 38 }
2020-08-16T06:30:44.848244256Z  [2020-08-16T06:30:44Z INFO  dt_client_bytes] PubAck { pkid: 39 }
2020-08-16T06:30:44.849569278Z  [2020-08-16T06:30:44Z INFO  dt_client_bytes] PubAck { pkid: 40 }
2020-08-16T06:30:44.850878510Z  [2020-08-16T06:30:44Z INFO  dt_client_bytes] PubAck { pkid: 41 }
2020-08-16T06:30:44.852602491Z  [2020-08-16T06:30:44Z INFO  dt_client_bytes] 52::38162cb0-e585-43d7-b55d-5c240b2bfb7c/3142192f-6bae-4f12-a6f3-5464dc37e790/d0a71d84-b80f-4558-beac-8887750652e3 "52 bMIMLf7PF3OaNxrybUjspilObJRfSWxk4fkGI6qTKoFLDGN9GMJAK9EO0YUay"
2020-08-16T06:30:44.852690873Z  [2020-08-16T06:30:44Z INFO  dt_client_bytes] Publish 53
2020-08-16T06:30:44.863295229Z  [2020-08-16T06:30:44Z INFO  dt_client_bytes] 53::38162cb0-e585-43d7-b55d-5c240b2bfb7c/3142192f-6bae-4f12-a6f3-5464dc37e790/d0a71d84-b80f-4558-beac-8887750652e3 "53 Tq4DGlQJBRyzndfPplu4OpcbnZMW8CO7Q3MHJxwa4yp4t7Bfv3Jd4z9ECsuCb"
2020-08-16T06:30:44.863490209Z  [2020-08-16T06:30:44Z INFO  dt_client_bytes] Publish 54
2020-08-16T06:30:44.874710878Z  [2020-08-16T06:30:44Z INFO  dt_client_bytes] 54::38162cb0-e585-43d7-b55d-5c240b2bfb7c/3142192f-6bae-4f12-a6f3-5464dc37e790/d0a71d84-b80f-4558-beac-8887750652e3 "54 Elkhqo6U675UJr911ZDjlFKjOAmrb9UpvBXXBMFgntWVSdW79VRBGuDWzbbiI"
2020-08-16T06:30:44.874734241Z  [2020-08-16T06:30:44Z INFO  dt_client_bytes] Publish 55
2020-08-16T06:30:44.885252399Z  [2020-08-16T06:30:44Z INFO  dt_client_bytes] PubAck { pkid: 42 }
2020-08-16T06:30:44.886534978Z  [2020-08-16T06:30:44Z INFO  dt_client_bytes] PubAck { pkid: 43 }
2020-08-16T06:30:44.886557185Z  [2020-08-16T06:30:44Z INFO  dt_client_bytes] 55::38162cb0-e585-43d7-b55d-5c240b2bfb7c/3142192f-6bae-4f12-a6f3-5464dc37e790/d0a71d84-b80f-4558-beac-8887750652e3 "55 2HJOEY1tPVvhymPEwQxTmErMSqWO0hf6NN4mOCbvLsPjLRuYR295hidNSke4d"
2020-08-16T06:30:44.887759216Z  [2020-08-16T06:30:44Z INFO  dt_client_bytes] PubAck { pkid: 44 }
2020-08-16T06:30:44.888952313Z  [2020-08-16T06:30:44Z INFO  dt_client_bytes] PubAck { pkid: 45 }
2020-08-16T06:30:44.890236741Z  [2020-08-16T06:30:44Z INFO  dt_client_bytes] Publish 56
2020-08-16T06:30:44.898944768Z  [2020-08-16T06:30:44Z INFO  dt_client_bytes] 56::38162cb0-e585-43d7-b55d-5c240b2bfb7c/3142192f-6bae-4f12-a6f3-5464dc37e790/d0a71d84-b80f-4558-beac-8887750652e3 "56 iaWy40QVIy1L5bOVEZ036X7zBGPlNFhlktsQJoN3zPNeS3qLnh2Kv5Prt4bcI"
2020-08-16T06:30:44.899012906Z  [2020-08-16T06:30:44Z INFO  dt_client_bytes] Publish 57
2020-08-16T06:30:44.910849902Z  [2020-08-16T06:30:44Z INFO  dt_client_bytes] 57::38162cb0-e585-43d7-b55d-5c240b2bfb7c/3142192f-6bae-4f12-a6f3-5464dc37e790/d0a71d84-b80f-4558-beac-8887750652e3 "57 Hg3cCwtnDwrdAf0TcXcgMupIZQPDgmAzVw0D43bwhqcnwAtYU8CCFCtDIpjjV"
2020-08-16T06:30:44.910932679Z  [2020-08-16T06:30:44Z INFO  dt_client_bytes] Publish 58
2020-08-16T06:30:44.922608280Z  [2020-08-16T06:30:44Z INFO  dt_client_bytes] 58::38162cb0-e585-43d7-b55d-5c240b2bfb7c/3142192f-6bae-4f12-a6f3-5464dc37e790/d0a71d84-b80f-4558-beac-8887750652e3 "58 QNQmABn7ClBjffki0x33KA0xQA6ZP2ROByfD6dp96NyDh5RX0aRLFCoHLsa4b"
2020-08-16T06:30:44.922705149Z  [2020-08-16T06:30:44Z INFO  dt_client_bytes] Publish 59
2020-08-16T06:30:44.933016325Z  [2020-08-16T06:30:44Z INFO  dt_client_bytes] 59::38162cb0-e585-43d7-b55d-5c240b2bfb7c/3142192f-6bae-4f12-a6f3-5464dc37e790/d0a71d84-b80f-4558-beac-8887750652e3 "59 0aJNC1ZJckrySuBMvppDQ30LL5E5gYHoTDsjieXV8uge5f5i3HOTfGGXiQskL"
2020-08-16T06:30:44.933104266Z  [2020-08-16T06:30:44Z INFO  dt_client_bytes] Publish 60
2020-08-16T06:30:44.944431996Z  [2020-08-16T06:30:44Z INFO  dt_client_bytes] 60::38162cb0-e585-43d7-b55d-5c240b2bfb7c/3142192f-6bae-4f12-a6f3-5464dc37e790/d0a71d84-b80f-4558-beac-8887750652e3 "60 Yg01q86HLo5WhqHKMDJear28QqkXNQ0DIq1KOdmHlHvvI8COaL7LK8SeGZRaS"
2020-08-16T06:30:44.944455049Z  [2020-08-16T06:30:44Z INFO  dt_client_bytes] Publish 61
2020-08-16T06:30:44.946429444Z  [2020-08-16T06:30:44Z INFO  dt_client_bytes] PubAck { pkid: 46 }
2020-08-16T06:30:44.947726915Z  [2020-08-16T06:30:44Z INFO  dt_client_bytes] PubAck { pkid: 47 }
2020-08-16T06:30:44.948965904Z  [2020-08-16T06:30:44Z INFO  dt_client_bytes] PubAck { pkid: 48 }
2020-08-16T06:30:44.950266753Z  [2020-08-16T06:30:44Z INFO  dt_client_bytes] PubAck { pkid: 49 }
2020-08-16T06:30:44.951451274Z  [2020-08-16T06:30:44Z INFO  dt_client_bytes] PubAck { pkid: 50 }
2020-08-16T06:30:44.952774145Z  [2020-08-16T06:30:44Z INFO  dt_client_bytes] PubAck { pkid: 51 }
2020-08-16T06:30:44.954025432Z  [2020-08-16T06:30:44Z INFO  dt_client_bytes] PubAck { pkid: 52 }
2020-08-16T06:30:44.955747758Z  [2020-08-16T06:30:44Z INFO  dt_client_bytes] 61::38162cb0-e585-43d7-b55d-5c240b2bfb7c/3142192f-6bae-4f12-a6f3-5464dc37e790/d0a71d84-b80f-4558-beac-8887750652e3 "61 dhdBeo8Pk8CnFw87fyfGW7RwrhoUThK6OtCRcW82GSHL8Xg8NqWKNmkKU9TvZ"
2020-08-16T06:30:44.955815139Z  [2020-08-16T06:30:44Z INFO  dt_client_bytes] Publish 62
2020-08-16T06:30:44.967404229Z  [2020-08-16T06:30:44Z INFO  dt_client_bytes] 62::38162cb0-e585-43d7-b55d-5c240b2bfb7c/3142192f-6bae-4f12-a6f3-5464dc37e790/d0a71d84-b80f-4558-beac-8887750652e3 "62 5SrEWjhYvHf8lo28CoE0Pml5lCMLKvmoYHE8kfozlyLcMkYklGz1yIixAw4sT"
2020-08-16T06:30:44.967506198Z  [2020-08-16T06:30:44Z INFO  dt_client_bytes] Publish 63
2020-08-16T06:30:44.978469748Z  [2020-08-16T06:30:44Z INFO  dt_client_bytes] 63::38162cb0-e585-43d7-b55d-5c240b2bfb7c/3142192f-6bae-4f12-a6f3-5464dc37e790/d0a71d84-b80f-4558-beac-8887750652e3 "63 L5AKDqWXrb4UvNWVHgDzbMxDAsydEVIx1dGzXcq5ZAicEKRfrfMS0pt3PbGWb"
2020-08-16T06:30:44.978592613Z  [2020-08-16T06:30:44Z INFO  dt_client_bytes] Publish 64
2020-08-16T06:30:44.988886282Z  [2020-08-16T06:30:44Z INFO  dt_client_bytes] 64::38162cb0-e585-43d7-b55d-5c240b2bfb7c/3142192f-6bae-4f12-a6f3-5464dc37e790/d0a71d84-b80f-4558-beac-8887750652e3 "64 oTBs70Tt1VW6RrROAH9mWsb57lhPsfaZBoL0zUjLpMvHeHZI2FXNpaHu3lfWM"
2020-08-16T06:30:44.988965392Z  [2020-08-16T06:30:44Z INFO  dt_client_bytes] Publish 65
2020-08-16T06:30:45.000561345Z  [2020-08-16T06:30:45Z INFO  dt_client_bytes] 65::38162cb0-e585-43d7-b55d-5c240b2bfb7c/3142192f-6bae-4f12-a6f3-5464dc37e790/d0a71d84-b80f-4558-beac-8887750652e3 "65 cEfIeGGSq0MyzdNpOm0IXtg4j4UfoDkZebQGfz2o4R3QHgX0DpvPOn6FrPFwj"
2020-08-16T06:30:45.000638110Z  [2020-08-16T06:30:45Z INFO  dt_client_bytes] Publish 66
2020-08-16T06:30:45.011087565Z  [2020-08-16T06:30:45Z INFO  dt_client_bytes] 66::38162cb0-e585-43d7-b55d-5c240b2bfb7c/3142192f-6bae-4f12-a6f3-5464dc37e790/d0a71d84-b80f-4558-beac-8887750652e3 "66 gGp5IaxBzpoHnfhPXUJhxg65ZJxG7DfRcCWzq2VHiLUtn4emVt26u8kPQQPV4"
2020-08-16T06:30:45.011111541Z  [2020-08-16T06:30:45Z INFO  dt_client_bytes] Publish 67
2020-08-16T06:30:45.012276856Z  [2020-08-16T06:30:45Z INFO  dt_client_bytes] PubAck { pkid: 53 }
2020-08-16T06:30:45.013431504Z  [2020-08-16T06:30:45Z INFO  dt_client_bytes] PubAck { pkid: 54 }
2020-08-16T06:30:45.014637520Z  [2020-08-16T06:30:45Z INFO  dt_client_bytes] PubAck { pkid: 55 }
2020-08-16T06:30:45.022189892Z  [2020-08-16T06:30:45Z INFO  dt_client_bytes] 67::38162cb0-e585-43d7-b55d-5c240b2bfb7c/3142192f-6bae-4f12-a6f3-5464dc37e790/d0a71d84-b80f-4558-beac-8887750652e3 "67 k1r6x2FKIXiHFTd8DsY8zm2FDJEzFXYJxikXxElfoYUpLC90SjZFHWSFkF0pA"
2020-08-16T06:30:45.022254760Z  [2020-08-16T06:30:45Z INFO  dt_client_bytes] Publish 68
2020-08-16T06:30:45.033845153Z  [2020-08-16T06:30:45Z INFO  dt_client_bytes] 68::38162cb0-e585-43d7-b55d-5c240b2bfb7c/3142192f-6bae-4f12-a6f3-5464dc37e790/d0a71d84-b80f-4558-beac-8887750652e3 "68 adR0YHDmg4cXDpxchAVvVkXySPepjg690ry1eYiJRGupyyKDyYb47DzUI2f57"
2020-08-16T06:30:45.033944733Z  [2020-08-16T06:30:45Z INFO  dt_client_bytes] Publish 69
2020-08-16T06:30:45.045718094Z  [2020-08-16T06:30:45Z INFO  dt_client_bytes] 69::38162cb0-e585-43d7-b55d-5c240b2bfb7c/3142192f-6bae-4f12-a6f3-5464dc37e790/d0a71d84-b80f-4558-beac-8887750652e3 "69 31TuTWiDCGtJ3v0Sia9GsFVLtcmQsPOiIqY1xa1GJ2yMOiSCUGWsDbMc6jlfu"
2020-08-16T06:30:45.045789620Z  [2020-08-16T06:30:45Z INFO  dt_client_bytes] Publish 70
2020-08-16T06:30:45.057478763Z  [2020-08-16T06:30:45Z INFO  dt_client_bytes] 70::38162cb0-e585-43d7-b55d-5c240b2bfb7c/3142192f-6bae-4f12-a6f3-5464dc37e790/d0a71d84-b80f-4558-beac-8887750652e3 "70 r1W7MbgULzZEZXb0aTaWoci42SFvdVVso8PZ5ylKoYul8WetYkjKmpXRfGapv"
2020-08-16T06:30:45.057566917Z  [2020-08-16T06:30:45Z INFO  dt_client_bytes] Publish 71
2020-08-16T06:30:45.068262261Z  [2020-08-16T06:30:45Z INFO  dt_client_bytes] 71::38162cb0-e585-43d7-b55d-5c240b2bfb7c/3142192f-6bae-4f12-a6f3-5464dc37e790/d0a71d84-b80f-4558-beac-8887750652e3 "71 dwcJwPN9SzjqlPSIG8Q8XAP9Z9AmxeeuKzG88x0r5ge2Iv3UrM8dICo056BuD"
2020-08-16T06:30:45.068350992Z  [2020-08-16T06:30:45Z INFO  dt_client_bytes] Publish 72
2020-08-16T06:30:45.079803347Z  [2020-08-16T06:30:45Z INFO  dt_client_bytes] 72::38162cb0-e585-43d7-b55d-5c240b2bfb7c/3142192f-6bae-4f12-a6f3-5464dc37e790/d0a71d84-b80f-4558-beac-8887750652e3 "72 twJGcmKaakGIdrHnMEICucbrzOREdmTeeUQoCqi4hEISdlj69Iuvs6oRQlEuk"
2020-08-16T06:30:45.079860724Z  [2020-08-16T06:30:45Z INFO  dt_client_bytes] Publish 73
2020-08-16T06:30:45.087819695Z  [2020-08-16T06:30:45Z INFO  dt_client_bytes] PubAck { pkid: 56 }
2020-08-16T06:30:45.088998035Z  [2020-08-16T06:30:45Z INFO  dt_client_bytes] PubAck { pkid: 57 }
2020-08-16T06:30:45.090472567Z  [2020-08-16T06:30:45Z INFO  dt_client_bytes] PubAck { pkid: 58 }
2020-08-16T06:30:45.091696786Z  [2020-08-16T06:30:45Z INFO  dt_client_bytes] PubAck { pkid: 59 }
2020-08-16T06:30:45.091761859Z  [2020-08-16T06:30:45Z INFO  dt_client_bytes] 73::38162cb0-e585-43d7-b55d-5c240b2bfb7c/3142192f-6bae-4f12-a6f3-5464dc37e790/d0a71d84-b80f-4558-beac-8887750652e3 "73 iWoA5Wd50unW190FXDiloy0UgcuBRucfqPSwB7oct4AGaHYwH2lWB4qibWwrk"
2020-08-16T06:30:45.092963575Z  [2020-08-16T06:30:45Z INFO  dt_client_bytes] Publish 74
2020-08-16T06:30:45.094219090Z  [2020-08-16T06:30:45Z INFO  dt_client_bytes] PubAck { pkid: 60 }
2020-08-16T06:30:45.095494034Z  [2020-08-16T06:30:45Z INFO  dt_client_bytes] PubAck { pkid: 61 }
2020-08-16T06:30:45.103423543Z  [2020-08-16T06:30:45Z INFO  dt_client_bytes] 74::38162cb0-e585-43d7-b55d-5c240b2bfb7c/3142192f-6bae-4f12-a6f3-5464dc37e790/d0a71d84-b80f-4558-beac-8887750652e3 "74 S0QuovDQlUf3jyF9NX9S9sDq7XKs36lGuTE3ERzGtXEAVHGAmIgTBjhNaxxnP"
2020-08-16T06:30:45.103528756Z  [2020-08-16T06:30:45Z INFO  dt_client_bytes] Publish 75
2020-08-16T06:30:45.114066288Z  [2020-08-16T06:30:45Z INFO  dt_client_bytes] 75::38162cb0-e585-43d7-b55d-5c240b2bfb7c/3142192f-6bae-4f12-a6f3-5464dc37e790/d0a71d84-b80f-4558-beac-8887750652e3 "75 VlbBx936VK5YLFdCk6PMlwhJRKA1Q5lGUUNnAK1ooV6MmW2hTQqJ40SDoQa9U"
2020-08-16T06:30:45.114141063Z  [2020-08-16T06:30:45Z INFO  dt_client_bytes] Publish 76
2020-08-16T06:30:45.125690255Z  [2020-08-16T06:30:45Z INFO  dt_client_bytes] 76::38162cb0-e585-43d7-b55d-5c240b2bfb7c/3142192f-6bae-4f12-a6f3-5464dc37e790/d0a71d84-b80f-4558-beac-8887750652e3 "76 UWfqBPP2WOOuVGpP81K5gxc3viphvqfh9otFZClc2hCzYnUM5cRV6reoR8LRI"
2020-08-16T06:30:45.125795970Z  [2020-08-16T06:30:45Z INFO  dt_client_bytes] Publish 77
2020-08-16T06:30:45.137353531Z  [2020-08-16T06:30:45Z INFO  dt_client_bytes] 77::38162cb0-e585-43d7-b55d-5c240b2bfb7c/3142192f-6bae-4f12-a6f3-5464dc37e790/d0a71d84-b80f-4558-beac-8887750652e3 "77 1oMdZMQORoFFxE2XraUachFUxEhsgCDZAWPruP69dkuSJZNt8vshozK1I7h1p"
2020-08-16T06:30:45.137437314Z  [2020-08-16T06:30:45Z INFO  dt_client_bytes] Publish 78
2020-08-16T06:30:45.146123773Z  [2020-08-16T06:30:45Z INFO  dt_client_bytes] PubAck { pkid: 62 }
2020-08-16T06:30:45.147335932Z  [2020-08-16T06:30:45Z INFO  dt_client_bytes] PubAck { pkid: 63 }
2020-08-16T06:30:45.148693085Z  [2020-08-16T06:30:45Z INFO  dt_client_bytes] PubAck { pkid: 64 }
2020-08-16T06:30:45.148763841Z  [2020-08-16T06:30:45Z INFO  dt_client_bytes] 78::38162cb0-e585-43d7-b55d-5c240b2bfb7c/3142192f-6bae-4f12-a6f3-5464dc37e790/d0a71d84-b80f-4558-beac-8887750652e3 "78 qEb63CNdS0MgPidTd50oy1rxieEtbzGwkyLstqnnPTpgCgJwYxlaMcntGpHbB"
2020-08-16T06:30:45.149929836Z  [2020-08-16T06:30:45Z INFO  dt_client_bytes] PubAck { pkid: 65 }
2020-08-16T06:30:45.151007233Z  [2020-08-16T06:30:45Z INFO  dt_client_bytes] PubAck { pkid: 66 }
2020-08-16T06:30:45.152191217Z  [2020-08-16T06:30:45Z INFO  dt_client_bytes] Publish 79
2020-08-16T06:30:45.161067291Z  [2020-08-16T06:30:45Z INFO  dt_client_bytes] 79::38162cb0-e585-43d7-b55d-5c240b2bfb7c/3142192f-6bae-4f12-a6f3-5464dc37e790/d0a71d84-b80f-4558-beac-8887750652e3 "79 kSuJGnqVRi2cSB6szrK7eehgFh4BovnHcJDnWxGYf3klky4B1S8k0QoKJIzqr"
2020-08-16T06:30:45.161138863Z  [2020-08-16T06:30:45Z INFO  dt_client_bytes] Publish 80
2020-08-16T06:30:45.172969984Z  [2020-08-16T06:30:45Z INFO  dt_client_bytes] 80::38162cb0-e585-43d7-b55d-5c240b2bfb7c/3142192f-6bae-4f12-a6f3-5464dc37e790/d0a71d84-b80f-4558-beac-8887750652e3 "80 oYndjTisZ9786CeGFjatnZHaOagZXppfsfljX7TXnAxi6hwwKu771chrdH3E9"
2020-08-16T06:30:45.173053877Z  [2020-08-16T06:30:45Z INFO  dt_client_bytes] Publish 81
2020-08-16T06:30:45.184725174Z  [2020-08-16T06:30:45Z INFO  dt_client_bytes] 81::38162cb0-e585-43d7-b55d-5c240b2bfb7c/3142192f-6bae-4f12-a6f3-5464dc37e790/d0a71d84-b80f-4558-beac-8887750652e3 "81 DlBnvByyWbUGy7vBMlP06matwwepp7BZbTJpQXNhiRPSFQ5fhqeSvQt3vOjYx"
2020-08-16T06:30:45.184813508Z  [2020-08-16T06:30:45Z INFO  dt_client_bytes] Publish 82
2020-08-16T06:30:45.195075526Z  [2020-08-16T06:30:45Z INFO  dt_client_bytes] PubAck { pkid: 67 }
2020-08-16T06:30:45.196430625Z  [2020-08-16T06:30:45Z INFO  dt_client_bytes] PubAck { pkid: 68 }
2020-08-16T06:30:45.196518149Z  [2020-08-16T06:30:45Z INFO  dt_client_bytes] 82::38162cb0-e585-43d7-b55d-5c240b2bfb7c/3142192f-6bae-4f12-a6f3-5464dc37e790/d0a71d84-b80f-4558-beac-8887750652e3 "82 tzJeScDrGsgyIrZqKAoBYyMtWRvNDkg3b1E8HQarL8iWGxXg3DIRPiRIMmcjD"
2020-08-16T06:30:45.197702705Z  [2020-08-16T06:30:45Z INFO  dt_client_bytes] PubAck { pkid: 69 }
2020-08-16T06:30:45.198961995Z  [2020-08-16T06:30:45Z INFO  dt_client_bytes] PubAck { pkid: 70 }
2020-08-16T06:30:45.200282126Z  [2020-08-16T06:30:45Z INFO  dt_client_bytes] Publish 83
2020-08-16T06:30:45.201585908Z  [2020-08-16T06:30:45Z INFO  dt_client_bytes] PubAck { pkid: 71 }
2020-08-16T06:30:45.201666102Z  [2020-08-16T06:30:45Z INFO  dt_client_bytes] PubAck { pkid: 72 }
2020-08-16T06:30:45.202871934Z  [2020-08-16T06:30:45Z INFO  dt_client_bytes] PubAck { pkid: 73 }
2020-08-16T06:30:45.215691047Z  [2020-08-16T06:30:45Z INFO  dt_client_bytes] 83::38162cb0-e585-43d7-b55d-5c240b2bfb7c/3142192f-6bae-4f12-a6f3-5464dc37e790/d0a71d84-b80f-4558-beac-8887750652e3 "83 7VgXbPGoGgpKvF83ThWogm2L5womxtyXGvTImLbTouyLoNbw3ZxNbavQs9ZX3"
2020-08-16T06:30:45.215735868Z  [2020-08-16T06:30:45Z INFO  dt_client_bytes] Publish 84
2020-08-16T06:30:45.219530883Z  [2020-08-16T06:30:45Z INFO  dt_client_bytes] 84::38162cb0-e585-43d7-b55d-5c240b2bfb7c/3142192f-6bae-4f12-a6f3-5464dc37e790/d0a71d84-b80f-4558-beac-8887750652e3 "84 LNGPSMVoYGExxxIontklKryuoL4x4k2nUDySWNlZmw1752Ta3Zk39sibkqR0j"
2020-08-16T06:30:45.219559618Z  [2020-08-16T06:30:45Z INFO  dt_client_bytes] Publish 85
2020-08-16T06:30:45.231109178Z  [2020-08-16T06:30:45Z INFO  dt_client_bytes] 85::38162cb0-e585-43d7-b55d-5c240b2bfb7c/3142192f-6bae-4f12-a6f3-5464dc37e790/d0a71d84-b80f-4558-beac-8887750652e3 "85 idinhgPb2K0YMwwoq2iqDHHDBNrh2O9ecIvEfLarTN8mrQId5QAL402QMCsTK"
2020-08-16T06:30:45.231132970Z  [2020-08-16T06:30:45Z INFO  dt_client_bytes] Publish 86
2020-08-16T06:30:45.242871168Z  [2020-08-16T06:30:45Z INFO  dt_client_bytes] 86::38162cb0-e585-43d7-b55d-5c240b2bfb7c/3142192f-6bae-4f12-a6f3-5464dc37e790/d0a71d84-b80f-4558-beac-8887750652e3 "86 onnayuBgnzk1ySP6vdFJexmmm4bfpMmZaHf0VIh0MWQ1gZiuqEj44LVwGmPD7"
2020-08-16T06:30:45.242949084Z  [2020-08-16T06:30:45Z INFO  dt_client_bytes] Publish 87
2020-08-16T06:30:45.244285792Z  [2020-08-16T06:30:45Z INFO  dt_client_bytes] PubAck { pkid: 74 }
2020-08-16T06:30:45.245535535Z  [2020-08-16T06:30:45Z INFO  dt_client_bytes] PubAck { pkid: 75 }
2020-08-16T06:30:45.245600421Z  [2020-08-16T06:30:45Z INFO  dt_client_bytes] PubAck { pkid: 76 }
2020-08-16T06:30:45.246836300Z  [2020-08-16T06:30:45Z INFO  dt_client_bytes] PubAck { pkid: 77 }
2020-08-16T06:30:45.248144722Z  [2020-08-16T06:30:45Z INFO  dt_client_bytes] PubAck { pkid: 78 }
2020-08-16T06:30:45.254988208Z  [2020-08-16T06:30:45Z INFO  dt_client_bytes] 87::38162cb0-e585-43d7-b55d-5c240b2bfb7c/3142192f-6bae-4f12-a6f3-5464dc37e790/d0a71d84-b80f-4558-beac-8887750652e3 "87 Y4Q9mwOjMtj9gaVpHaguN9e0OXFzMDqVRNzW0eqfv7AmEwpWRGI8mmnZsDxnE"
2020-08-16T06:30:45.255074191Z  [2020-08-16T06:30:45Z INFO  dt_client_bytes] Publish 88
2020-08-16T06:30:45.266690381Z  [2020-08-16T06:30:45Z INFO  dt_client_bytes] 88::38162cb0-e585-43d7-b55d-5c240b2bfb7c/3142192f-6bae-4f12-a6f3-5464dc37e790/d0a71d84-b80f-4558-beac-8887750652e3 "88 mklHzMBr037sGiKQ4bBL4wIcEtfN0sJ8cmwL0xdmTouucXN7KNUWdSyRlh0tG"
2020-08-16T06:30:45.266740164Z  [2020-08-16T06:30:45Z INFO  dt_client_bytes] Publish 89
2020-08-16T06:30:45.277306628Z  [2020-08-16T06:30:45Z INFO  dt_client_bytes] 89::38162cb0-e585-43d7-b55d-5c240b2bfb7c/3142192f-6bae-4f12-a6f3-5464dc37e790/d0a71d84-b80f-4558-beac-8887750652e3 "89 eS59XV703coe7RlYYacU4vzhuPVEzpv5yQwNKRysuU01wukWIvj82WQm31aZc"
2020-08-16T06:30:45.277390842Z  [2020-08-16T06:30:45Z INFO  dt_client_bytes] Publish 90
2020-08-16T06:30:45.289047191Z  [2020-08-16T06:30:45Z INFO  dt_client_bytes] 90::38162cb0-e585-43d7-b55d-5c240b2bfb7c/3142192f-6bae-4f12-a6f3-5464dc37e790/d0a71d84-b80f-4558-beac-8887750652e3 "90 vNAa4TGEObyJczoynPiByWD30iSHbEJBHBfF20C1tHxMHn6mAAIAEzcGediGN"
2020-08-16T06:30:45.289207792Z  [2020-08-16T06:30:45Z INFO  dt_client_bytes] Publish 91
2020-08-16T06:30:45.300588408Z  [2020-08-16T06:30:45Z INFO  dt_client_bytes] 91::38162cb0-e585-43d7-b55d-5c240b2bfb7c/3142192f-6bae-4f12-a6f3-5464dc37e790/d0a71d84-b80f-4558-beac-8887750652e3 "91 p5U0TDSjcKltuBPLTjH4bVaWsT3I25U0Jl0lA0ko0lhJKosfy55KITK91Cknm"
2020-08-16T06:30:45.300611805Z  [2020-08-16T06:30:45Z INFO  dt_client_bytes] Publish 92
2020-08-16T06:30:45.307880829Z  [2020-08-16T06:30:45Z INFO  dt_client_bytes] PubAck { pkid: 79 }
2020-08-16T06:30:45.309153149Z  [2020-08-16T06:30:45Z INFO  dt_client_bytes] PubAck { pkid: 80 }
2020-08-16T06:30:45.310419078Z  [2020-08-16T06:30:45Z INFO  dt_client_bytes] PubAck { pkid: 81 }
2020-08-16T06:30:45.311694730Z  [2020-08-16T06:30:45Z INFO  dt_client_bytes] PubAck { pkid: 82 }
2020-08-16T06:30:45.311763082Z  [2020-08-16T06:30:45Z INFO  dt_client_bytes] 92::38162cb0-e585-43d7-b55d-5c240b2bfb7c/3142192f-6bae-4f12-a6f3-5464dc37e790/d0a71d84-b80f-4558-beac-8887750652e3 "92 CgpoSt5XZrLCBkhAKxohoRdZ13T2HDRFhRnJf3oxeas9vAGunAkhCXNloFzEF"
2020-08-16T06:30:45.313000742Z  [2020-08-16T06:30:45Z INFO  dt_client_bytes] Publish 93
2020-08-16T06:30:45.323982675Z  [2020-08-16T06:30:45Z INFO  dt_client_bytes] 93::38162cb0-e585-43d7-b55d-5c240b2bfb7c/3142192f-6bae-4f12-a6f3-5464dc37e790/d0a71d84-b80f-4558-beac-8887750652e3 "93 hfKmjrvvsw0k6vl3DrMIzEEdJsfwWLfg9IaTydgKx3cCLeP5QGLOGtETwE1A0"
2020-08-16T06:30:45.324070214Z  [2020-08-16T06:30:45Z INFO  dt_client_bytes] Publish 94
2020-08-16T06:30:45.335724495Z  [2020-08-16T06:30:45Z INFO  dt_client_bytes] 94::38162cb0-e585-43d7-b55d-5c240b2bfb7c/3142192f-6bae-4f12-a6f3-5464dc37e790/d0a71d84-b80f-4558-beac-8887750652e3 "94 XnvIY2oQcDSoZfFMACUmDuablE90S9Qmoil9fFE4eqZb524usQCPGUIU0YTNG"
2020-08-16T06:30:45.335812641Z  [2020-08-16T06:30:45Z INFO  dt_client_bytes] Publish 95
2020-08-16T06:30:45.347375086Z  [2020-08-16T06:30:45Z INFO  dt_client_bytes] 95::38162cb0-e585-43d7-b55d-5c240b2bfb7c/3142192f-6bae-4f12-a6f3-5464dc37e790/d0a71d84-b80f-4558-beac-8887750652e3 "95 UZMQ7FvCudPVvhPJ6OuG6KQJcRogDsp8azXbPug2pdpBysqdOAOqxEdbDKQlM"
2020-08-16T06:30:45.347503769Z  [2020-08-16T06:30:45Z INFO  dt_client_bytes] Publish 96
2020-08-16T06:30:45.358350973Z  [2020-08-16T06:30:45Z INFO  dt_client_bytes] 96::38162cb0-e585-43d7-b55d-5c240b2bfb7c/3142192f-6bae-4f12-a6f3-5464dc37e790/d0a71d84-b80f-4558-beac-8887750652e3 "96 KGzAmcMgFh3vnr27MeCTQrvMa5uepvdXj4M2E3dyjtq70aHppeE4scOIH4XMn"
2020-08-16T06:30:45.358443525Z  [2020-08-16T06:30:45Z INFO  dt_client_bytes] Publish 97
2020-08-16T06:30:45.368871406Z  [2020-08-16T06:30:45Z INFO  dt_client_bytes] 97::38162cb0-e585-43d7-b55d-5c240b2bfb7c/3142192f-6bae-4f12-a6f3-5464dc37e790/d0a71d84-b80f-4558-beac-8887750652e3 "97 Fd8B6ma9NayejTUa1O7FZWUgdzjQUVGobEfHNv2T7Ya5bR4Gw7TdUdUzcgQfV"
2020-08-16T06:30:45.368939588Z  [2020-08-16T06:30:45Z INFO  dt_client_bytes] Publish 98
2020-08-16T06:30:45.373638042Z  [2020-08-16T06:30:45Z INFO  dt_client_bytes] PubAck { pkid: 83 }
2020-08-16T06:30:45.374811639Z  [2020-08-16T06:30:45Z INFO  dt_client_bytes] PubAck { pkid: 84 }
2020-08-16T06:30:45.376121328Z  [2020-08-16T06:30:45Z INFO  dt_client_bytes] PubAck { pkid: 85 }
2020-08-16T06:30:45.377397921Z  [2020-08-16T06:30:45Z INFO  dt_client_bytes] PubAck { pkid: 86 }
2020-08-16T06:30:45.378620834Z  [2020-08-16T06:30:45Z INFO  dt_client_bytes] PubAck { pkid: 87 }
2020-08-16T06:30:45.380212335Z  [2020-08-16T06:30:45Z INFO  dt_client_bytes] 98::38162cb0-e585-43d7-b55d-5c240b2bfb7c/3142192f-6bae-4f12-a6f3-5464dc37e790/d0a71d84-b80f-4558-beac-8887750652e3 "98 8z55ldncJQnJ3hLLafMs1UWtEwAMp9vBLttxluURgPbRjGqQyVpqOdvrv1EiR"
2020-08-16T06:30:45.380290760Z  [2020-08-16T06:30:45Z INFO  dt_client_bytes] Publish 99
2020-08-16T06:30:45.392216976Z  [2020-08-16T06:30:45Z INFO  dt_client_bytes] 99::38162cb0-e585-43d7-b55d-5c240b2bfb7c/3142192f-6bae-4f12-a6f3-5464dc37e790/d0a71d84-b80f-4558-beac-8887750652e3 "99 CymeRVTgzT0VdoxBgdz90bWtpc0Usrfw1nTOxH1TuDydZ93Eowi5f5pSKkIlp"
2020-08-16T06:30:45.392298918Z  [2020-08-16T06:30:45Z INFO  dt_client_bytes] Publish 100
2020-08-16T06:30:45.392318059Z  [2020-08-16T06:30:45Z INFO  dt_client_bytes] NotificationCounter {
2020-08-16T06:30:45.392377816Z          Pub: 100,
2020-08-16T06:30:45.392394570Z          PubAck: 87,
2020-08-16T06:30:45.392411056Z          PubRec: 0,
2020-08-16T06:30:45.392462539Z          PubRel: 0,
2020-08-16T06:30:45.392480750Z          PubComp: 0,
2020-08-16T06:30:45.392496480Z      }
2020-08-16T06:30:45.403388283Z  [2020-08-16T06:30:45Z INFO  dt_client_bytes] Thread 38162cb0-e585-43d7-b55d-5c240b2bfb7c/3142192f-6bae-4f12-a6f3-5464dc37e790/d0a71d84-b80f-4558-beac-8887750652e3 done with 100 messages.
2020-08-16T06:30:45.415546127Z  [2020-08-16T06:30:45Z INFO  dt_client_bytes] PubAck { pkid: 88 }
2020-08-16T06:30:45.415575003Z  [2020-08-16T06:30:45Z INFO  dt_client_bytes] NotificationCounter {
2020-08-16T06:30:45.415620071Z          Pub: 100,
2020-08-16T06:30:45.415637597Z          PubAck: 88,
2020-08-16T06:30:45.415650262Z          PubRec: 0,
2020-08-16T06:30:45.415662443Z          PubRel: 0,
2020-08-16T06:30:45.415674363Z          PubComp: 0,
2020-08-16T06:30:45.415713201Z      }
2020-08-16T06:30:45.415727525Z  [2020-08-16T06:30:45Z INFO  dt_client_bytes] PubAck { pkid: 89 }
2020-08-16T06:30:45.415739895Z  [2020-08-16T06:30:45Z INFO  dt_client_bytes] NotificationCounter {
2020-08-16T06:30:45.415752201Z          Pub: 100,
2020-08-16T06:30:45.415765274Z          PubAck: 89,
2020-08-16T06:30:45.415804567Z          PubRec: 0,
2020-08-16T06:30:45.415818515Z          PubRel: 0,
2020-08-16T06:30:45.415830510Z          PubComp: 0,
2020-08-16T06:30:45.415842374Z      }
2020-08-16T06:30:45.416706003Z  [2020-08-16T06:30:45Z INFO  dt_client_bytes] PubAck { pkid: 90 }
2020-08-16T06:30:45.416758266Z  [2020-08-16T06:30:45Z INFO  dt_client_bytes] NotificationCounter {
2020-08-16T06:30:45.416787982Z          Pub: 100,
2020-08-16T06:30:45.416801416Z          PubAck: 90,
2020-08-16T06:30:45.416844365Z          PubRec: 0,
2020-08-16T06:30:45.416857740Z          PubRel: 0,
2020-08-16T06:30:45.416869832Z          PubComp: 0,
2020-08-16T06:30:45.416881813Z      }
2020-08-16T06:30:45.417946182Z  [2020-08-16T06:30:45Z INFO  dt_client_bytes] PubAck { pkid: 91 }
2020-08-16T06:30:45.418007543Z  [2020-08-16T06:30:45Z INFO  dt_client_bytes] NotificationCounter {
2020-08-16T06:30:45.418025480Z          Pub: 100,
2020-08-16T06:30:45.418038365Z          PubAck: 91,
2020-08-16T06:30:45.418050597Z          PubRec: 0,
2020-08-16T06:30:45.418062481Z          PubRel: 0,
2020-08-16T06:30:45.418107155Z          PubComp: 0,
2020-08-16T06:30:45.418120150Z      }
2020-08-16T06:30:45.419284382Z  [2020-08-16T06:30:45Z INFO  dt_client_bytes] PubAck { pkid: 92 }
2020-08-16T06:30:45.419378347Z  [2020-08-16T06:30:45Z INFO  dt_client_bytes] NotificationCounter {
2020-08-16T06:30:45.419400164Z          Pub: 100,
2020-08-16T06:30:45.419524150Z          PubAck: 92,
2020-08-16T06:30:45.419543170Z          PubRec: 0,
2020-08-16T06:30:45.419604767Z          PubRel: 0,
2020-08-16T06:30:45.419623041Z          PubComp: 0,
2020-08-16T06:30:45.419640631Z      }
2020-08-16T06:30:45.464433372Z  [2020-08-16T06:30:45Z INFO  dt_client_bytes] PubAck { pkid: 93 }
2020-08-16T06:30:45.464491188Z  [2020-08-16T06:30:45Z INFO  dt_client_bytes] NotificationCounter {
2020-08-16T06:30:45.464548826Z          Pub: 100,
2020-08-16T06:30:45.464564445Z          PubAck: 93,
2020-08-16T06:30:45.464579292Z          PubRec: 0,
2020-08-16T06:30:45.464627137Z          PubRel: 0,
2020-08-16T06:30:45.464644102Z          PubComp: 0,
2020-08-16T06:30:45.464658628Z      }
2020-08-16T06:30:45.465563163Z  [2020-08-16T06:30:45Z INFO  dt_client_bytes] PubAck { pkid: 94 }
2020-08-16T06:30:45.465593897Z  [2020-08-16T06:30:45Z INFO  dt_client_bytes] NotificationCounter {
2020-08-16T06:30:45.465628660Z          Pub: 100,
2020-08-16T06:30:45.465638127Z          PubAck: 94,
2020-08-16T06:30:45.465647244Z          PubRec: 0,
2020-08-16T06:30:45.465656187Z          PubRel: 0,
2020-08-16T06:30:45.465665033Z          PubComp: 0,
2020-08-16T06:30:45.465673948Z      }
2020-08-16T06:30:45.466857511Z  [2020-08-16T06:30:45Z INFO  dt_client_bytes] PubAck { pkid: 95 }
2020-08-16T06:30:45.466929023Z  [2020-08-16T06:30:45Z INFO  dt_client_bytes] NotificationCounter {
2020-08-16T06:30:45.466954138Z          Pub: 100,
2020-08-16T06:30:45.466969993Z          PubAck: 95,
2020-08-16T06:30:45.467049001Z          PubRec: 0,
2020-08-16T06:30:45.467067771Z          PubRel: 0,
2020-08-16T06:30:45.467082273Z          PubComp: 0,
2020-08-16T06:30:45.467129770Z      }
2020-08-16T06:30:45.468172615Z  [2020-08-16T06:30:45Z INFO  dt_client_bytes] PubAck { pkid: 96 }
2020-08-16T06:30:45.468247426Z  [2020-08-16T06:30:45Z INFO  dt_client_bytes] NotificationCounter {
2020-08-16T06:30:45.468266583Z          Pub: 100,
2020-08-16T06:30:45.468281461Z          PubAck: 96,
2020-08-16T06:30:45.468336205Z          PubRec: 0,
2020-08-16T06:30:45.468351937Z          PubRel: 0,
2020-08-16T06:30:45.468366425Z          PubComp: 0,
2020-08-16T06:30:45.468412832Z      }
2020-08-16T06:30:45.469570354Z  [2020-08-16T06:30:45Z INFO  dt_client_bytes] PubAck { pkid: 97 }
2020-08-16T06:30:45.469624538Z  [2020-08-16T06:30:45Z INFO  dt_client_bytes] NotificationCounter {
2020-08-16T06:30:45.469641180Z          Pub: 100,
2020-08-16T06:30:45.469653413Z          PubAck: 97,
2020-08-16T06:30:45.469664502Z          PubRec: 0,
2020-08-16T06:30:45.469675296Z          PubRel: 0,
2020-08-16T06:30:45.469710197Z          PubComp: 0,
2020-08-16T06:30:45.469724911Z      }
2020-08-16T06:30:45.469749882Z  [2020-08-16T06:30:45Z INFO  dt_client_bytes] PubAck { pkid: 98 }
2020-08-16T06:30:45.469765284Z  [2020-08-16T06:30:45Z INFO  dt_client_bytes] NotificationCounter {
2020-08-16T06:30:45.469780491Z          Pub: 100,
2020-08-16T06:30:45.469833082Z          PubAck: 98,
2020-08-16T06:30:45.469848294Z          PubRec: 0,
2020-08-16T06:30:45.469863312Z          PubRel: 0,
2020-08-16T06:30:45.469910402Z          PubComp: 0,
2020-08-16T06:30:45.469930602Z      }
2020-08-16T06:30:45.564651474Z  [2020-08-16T06:30:45Z INFO  dt_client_bytes] PubAck { pkid: 99 }
2020-08-16T06:30:45.564702787Z  [2020-08-16T06:30:45Z INFO  dt_client_bytes] NotificationCounter {
2020-08-16T06:30:45.564764140Z          Pub: 100,
2020-08-16T06:30:45.564788403Z          PubAck: 99,
2020-08-16T06:30:45.564805386Z          PubRec: 0,
2020-08-16T06:30:45.564866770Z          PubRel: 0,
2020-08-16T06:30:45.564885834Z          PubComp: 0,
2020-08-16T06:30:45.564903477Z      }
2020-08-16T06:30:45.565837556Z  [2020-08-16T06:30:45Z INFO  dt_client_bytes] PubAck { pkid: 100 }
2020-08-16T06:30:45.565913173Z  [2020-08-16T06:30:45Z INFO  dt_client_bytes] NotificationCounter {
2020-08-16T06:30:45.565933323Z          Pub: 100,
2020-08-16T06:30:45.565988749Z          PubAck: 100,
2020-08-16T06:30:45.566011506Z          PubRec: 0,
2020-08-16T06:30:45.566091363Z          PubRel: 0,
2020-08-16T06:30:45.566113949Z          PubComp: 0,
2020-08-16T06:30:45.566131119Z      }
2020-08-16T06:31:14.269501982Z  [2020-08-16T06:31:14Z INFO  dt_client_bytes] NotificationCounter {
2020-08-16T06:31:14.269597523Z          Pub: 100,
2020-08-16T06:31:14.269618397Z          PubAck: 100,
2020-08-16T06:31:14.269635574Z          PubRec: 0,
2020-08-16T06:31:14.269652594Z          PubRel: 0,
2020-08-16T06:31:14.269669484Z          PubComp: 0,
2020-08-16T06:31:14.269686441Z      }
2020-08-16T06:31:14.338094376Z  [2020-08-16T06:31:14Z INFO  dt_client_bytes] NotificationCounter {
2020-08-16T06:31:14.338184887Z          Pub: 100,
2020-08-16T06:31:14.338217853Z          PubAck: 100,
2020-08-16T06:31:14.338236307Z          PubRec: 0,
2020-08-16T06:31:14.338253280Z          PubRel: 0,
2020-08-16T06:31:14.338270390Z          PubComp: 0,
2020-08-16T06:31:14.338287164Z      }
2020-08-16T06:31:44.270376492Z  [2020-08-16T06:31:44Z INFO  dt_client_bytes] NotificationCounter {
2020-08-16T06:31:44.270478104Z          Pub: 100,
2020-08-16T06:31:44.270502696Z          PubAck: 100,
2020-08-16T06:31:44.270518816Z          PubRec: 0,
2020-08-16T06:31:44.270568242Z          PubRel: 0,
2020-08-16T06:31:44.270587072Z          PubComp: 0,
2020-08-16T06:31:44.270602555Z      }
2020-08-16T06:31:44.343298810Z  [2020-08-16T06:31:44Z INFO  dt_client_bytes] NotificationCounter {
2020-08-16T06:31:44.343387477Z          Pub: 100,
2020-08-16T06:31:44.344488761Z          PubAck: 100,
2020-08-16T06:31:44.344560915Z          PubRec: 0,
2020-08-16T06:31:44.344583432Z          PubRel: 0,
2020-08-16T06:31:44.344601785Z          PubComp: 0,
2020-08-16T06:31:44.344709314Z      }
